CLIENT_HANDSHAKE_TRAFFIC_SECRET 74bb21b500c93fb2fb9158a0c2af5e9771c8a4dabd07ad9926bf500115570674 2e936e28e243f2249ac6cc773a838493b57f7004184ecdb95d421b54c2588832
SERVER_HANDSHAKE_TRAFFIC_SECRET 74bb21b500c93fb2fb9158a0c2af5e9771c8a4dabd07ad9926bf500115570674 3fbbf0f4224f7242789e5f4e498c2d8cd45d140c813e93740417c6c1d2cce3d4
CLIENT_TRAFFIC_SECRET_0 74bb21b500c93fb2fb9158a0c2af5e9771c8a4dabd07ad9926bf500115570674 b687e940bad49417a96e530c9dbcc64036356e6cb131fb26b52bada0823cb4f4
SERVER_TRAFFIC_SECRET_0 74bb21b500c93fb2fb9158a0c2af5e9771c8a4dabd07ad9926bf500115570674 b08376e19dfe8a7e4e529fe2f11b084a4a27c4a64028162b68c11f1a1b7e76f5
EXPORTER_SECRET 74bb21b500c93fb2fb9158a0c2af5e9771c8a4dabd07ad9926bf500115570674 da29485879395dc4928d34f4987f5d77a7c986e3249e0bcb8fb8e659099d4fbd
CLIENT_HANDSHAKE_TRAFFIC_SECRET c68f62df3c99abe4365c22cf760e95cc3c91ee20746385a2a165d64b6b88e90b 3eb53699c83c626b0d7bb11a24a2d5b6e9d64ce478f738330992d7728b6773a1
SERVER_HANDSHAKE_TRAFFIC_SECRET c68f62df3c99abe4365c22cf760e95cc3c91ee20746385a2a165d64b6b88e90b 97fe6e568419b3fbe200f514a363d03e656842e9b64088ee5de8f5adff169396
CLIENT_TRAFFIC_SECRET_0 c68f62df3c99abe4365c22cf760e95cc3c91ee20746385a2a165d64b6b88e90b 3fa303d558978f60e3a7034fba57aedf8e6baf4f3f2d836ec34824bd5185497c
SERVER_TRAFFIC_SECRET_0 c68f62df3c99abe4365c22cf760e95cc3c91ee20746385a2a165d64b6b88e90b ec91dc385d04c7a16ec5925e5a2e862548e527dfe52daf05f1bfa97871ca4918
EXPORTER_SECRET c68f62df3c99abe4365c22cf760e95cc3c91ee20746385a2a165d64b6b88e90b 728041568ea284fba162117cbd907e5aab3159fb27fc49550ad4cbf45b7bce04
CLIENT_HANDSHAKE_TRAFFIC_SECRET 16b1c1a6831bf5500cac07ab0cd56c07d9ba49c425382c6c541ebdd0e9b78cf7 db24a0ed6cb534cc8905a43afe81610eb47dd411fccba285bf02c0e606f8a064
SERVER_HANDSHAKE_TRAFFIC_SECRET 16b1c1a6831bf5500cac07ab0cd56c07d9ba49c425382c6c541ebdd0e9b78cf7 9a074335aae7734bff88ce0584a6db26f720b5d2ecf98dc41b47711774f69ce6
CLIENT_TRAFFIC_SECRET_0 16b1c1a6831bf5500cac07ab0cd56c07d9ba49c425382c6c541ebdd0e9b78cf7 16d96010e46c22efdeb38af24ec291ab8bc9874884fbe9fecb7146365b1ef250
SERVER_TRAFFIC_SECRET_0 16b1c1a6831bf5500cac07ab0cd56c07d9ba49c425382c6c541ebdd0e9b78cf7 529919014b45c9aae6d98f985e173cd1211d6dd4b3c8a31484a58640f9e860d1
EXPORTER_SECRET 16b1c1a6831bf5500cac07ab0cd56c07d9ba49c425382c6c541ebdd0e9b78cf7 296665bcffc7f7ad80da3641ee1fdca9ff73dffd64f5eebc2b8d56e66db7cdcd
CLIENT_HANDSHAKE_TRAFFIC_SECRET 415c0c419513124280dce8a6b7381304cf7d49ffc43f2f89eb260a3c5b562ed3 7da4dce573ae432382ecfeed99664e64f85e05d288955bac48e53bc488d813837266753c119c9f07f8fd6df3cd3f9872
SERVER_HANDSHAKE_TRAFFIC_SECRET 415c0c419513124280dce8a6b7381304cf7d49ffc43f2f89eb260a3c5b562ed3 5e64fb4df85f2f3fcd006299dceca0e4ab80707ea105486a738dfd05f91b758363021bf0dc185076b4fdeb04ad7cfd49
CLIENT_TRAFFIC_SECRET_0 415c0c419513124280dce8a6b7381304cf7d49ffc43f2f89eb260a3c5b562ed3 410316718d05c95ab3cb7d331498b753ff774361ea5c7e284623d2e09a808dd926ccd9cb05e779ef1cd9fbd985479f07
SERVER_TRAFFIC_SECRET_0 415c0c419513124280dce8a6b7381304cf7d49ffc43f2f89eb260a3c5b562ed3 2902778f16d0af4e61dd32152f01f78d9e21298d3a6e9ea0faafd519823f1b44a71170cc07ede1725d90ac13a33bc766
EXPORTER_SECRET 415c0c419513124280dce8a6b7381304cf7d49ffc43f2f89eb260a3c5b562ed3 a2cd02fc3daee737a294a87ba203a6b82550093272db24f3e69e7d03ceb0b7a26f80e1f611994fb9a1c50ef76ab7d1bf
CLIENT_HANDSHAKE_TRAFFIC_SECRET 373686c124e07e0584bc839b243dc34619973a5dbc7df5a2d9717d1e70dc9829 ee231a0b589d7ae1f0b3ddf627895af61c53526b08cdad3bd52e7d90574ddcc4
SERVER_HANDSHAKE_TRAFFIC_SECRET 373686c124e07e0584bc839b243dc34619973a5dbc7df5a2d9717d1e70dc9829 3db866a0ee2689f0d39cdaf6b432755de8d1a8502e482cd7a957b5b764799396
CLIENT_TRAFFIC_SECRET_0 373686c124e07e0584bc839b243dc34619973a5dbc7df5a2d9717d1e70dc9829 78029ba3e1b6a68b45ab726987346bba0ae89f932324fd01993d9c05ebd4501c
SERVER_TRAFFIC_SECRET_0 373686c124e07e0584bc839b243dc34619973a5dbc7df5a2d9717d1e70dc9829 c3808ac79d3290daaa54d39b64c97fdcf8a2ef185a968d4545b5e7994ee51bad
EXPORTER_SECRET 373686c124e07e0584bc839b243dc34619973a5dbc7df5a2d9717d1e70dc9829 4b9cf7e32daa541457556d9bd1789e0d846574a39e55ce63dec546adf757fb95
CLIENT_HANDSHAKE_TRAFFIC_SECRET e4d72e56c14638c5f9e9a892689eb0db3f54e00f4ef5b07dff3d215595cbffd8 5d3d4d910ce627e70fa9722077230a24cdd00fed3b5f22a647ca7e883b45e3c6
SERVER_HANDSHAKE_TRAFFIC_SECRET e4d72e56c14638c5f9e9a892689eb0db3f54e00f4ef5b07dff3d215595cbffd8 d4cfb60a136691fcbac349d55bd2450c5be71ea3ee749381265ae2bdb238d5d1
CLIENT_TRAFFIC_SECRET_0 e4d72e56c14638c5f9e9a892689eb0db3f54e00f4ef5b07dff3d215595cbffd8 9e279aff6b6d9571add51fd113fee52493ddf98db64d77d136279282d1d05f7f
SERVER_TRAFFIC_SECRET_0 e4d72e56c14638c5f9e9a892689eb0db3f54e00f4ef5b07dff3d215595cbffd8 8633aa197c9e76ac55315e10bfba96ae17ce07fa2fb108453c9923522ddd0d64
EXPORTER_SECRET e4d72e56c14638c5f9e9a892689eb0db3f54e00f4ef5b07dff3d215595cbffd8 5a29f315c677d63fc1f6dd74d7e8f8f9dfe975ae46f42833157d5034024de6a3
CLIENT_HANDSHAKE_TRAFFIC_SECRET cfabc64e45db460f1db3bc00c0fb34c6ba8eb01f829b88227514cc38d2e2d92c d81e2f2444cf2cfd63209fe6ec9a6babd55f477fad6cca0be016aef57f95a1e8
SERVER_HANDSHAKE_TRAFFIC_SECRET cfabc64e45db460f1db3bc00c0fb34c6ba8eb01f829b88227514cc38d2e2d92c f7a660e2a41b2908ba2fa899d1548f5f443706d12f00cca251a71f1ec04b21ef
CLIENT_TRAFFIC_SECRET_0 cfabc64e45db460f1db3bc00c0fb34c6ba8eb01f829b88227514cc38d2e2d92c 81d73de396199fee29258ebe91867f482500bc7b6f889fa611e8bfe3f59dc439
SERVER_TRAFFIC_SECRET_0 cfabc64e45db460f1db3bc00c0fb34c6ba8eb01f829b88227514cc38d2e2d92c 69072ed81acfb5ce0b2a8577935936014db6cbf7cfb2c6a7e777097532fd84cf
EXPORTER_SECRET cfabc64e45db460f1db3bc00c0fb34c6ba8eb01f829b88227514cc38d2e2d92c a7adba42b6ddd827b0eb35477025d17e519f5c52914e57ae6064b7df0d169778
CLIENT_HANDSHAKE_TRAFFIC_SECRET 8c383ff6a9e46d90f509cddc10870ca39af44c801efef425b4d9cf044a2cc97d 00467ef1b8c842f5610c6c8293c95d5057b445854cd71dbbd70c3393224acb87
SERVER_HANDSHAKE_TRAFFIC_SECRET 8c383ff6a9e46d90f509cddc10870ca39af44c801efef425b4d9cf044a2cc97d c36010cd738874f4efde862ac316b86820d571f6bbcf63521cd1e124df12373c
CLIENT_TRAFFIC_SECRET_0 8c383ff6a9e46d90f509cddc10870ca39af44c801efef425b4d9cf044a2cc97d da68bd260e81952f79575405aa873c8b49588554f0dc3ae08784b8652a1b2b7c
SERVER_TRAFFIC_SECRET_0 8c383ff6a9e46d90f509cddc10870ca39af44c801efef425b4d9cf044a2cc97d 447f442cddb955c74dc1f7e6ddfc34ad1bbabf115ef18a6b11d1c4873290fb4d
EXPORTER_SECRET 8c383ff6a9e46d90f509cddc10870ca39af44c801efef425b4d9cf044a2cc97d 1ab20e753bfa3980c04ab06a7749792f022a1aad1421fc872a436df0286a9aa3
CLIENT_HANDSHAKE_TRAFFIC_SECRET ef572c328a015312c54cbd8c7913b8f60d718447652f86363a80eff8d48846be 2ca68040088d23ad24c9eee753f844ddc55a1f83a57ba21b8bfd05817f0756a9
SERVER_HANDSHAKE_TRAFFIC_SECRET ef572c328a015312c54cbd8c7913b8f60d718447652f86363a80eff8d48846be e6f1313a68b0544ebe53d5d40d3ad14aa1c2a1e7cc9216fa5c59d22bedf941f9
CLIENT_TRAFFIC_SECRET_0 ef572c328a015312c54cbd8c7913b8f60d718447652f86363a80eff8d48846be f1141ca9954ed647161e6a3db98ef6a52fdef97e95906b4425eb5072309c22cc
SERVER_TRAFFIC_SECRET_0 ef572c328a015312c54cbd8c7913b8f60d718447652f86363a80eff8d48846be bf1f2a64e991737995421c97448be9b8906cbc7f9d30d4d6212eb1a8ee885027
EXPORTER_SECRET ef572c328a015312c54cbd8c7913b8f60d718447652f86363a80eff8d48846be 4acae221a8a3127139d21609e07a8880af0f0c01207f86f1d65f4d38d95dcd80
CLIENT_HANDSHAKE_TRAFFIC_SECRET ac5e06e1ca9f780c9906fb8db9d712e7049ce20ac771a6905d6ce4c2ab627d74 78ff4c207bff2f30bd7eb0c84191157f9593b28405ef361408faff0e907e6025
SERVER_HANDSHAKE_TRAFFIC_SECRET ac5e06e1ca9f780c9906fb8db9d712e7049ce20ac771a6905d6ce4c2ab627d74 c1decccf1cd2315f5c6841e44afa19b302bb26d61fbeb58f5566d885117a9c46
CLIENT_TRAFFIC_SECRET_0 ac5e06e1ca9f780c9906fb8db9d712e7049ce20ac771a6905d6ce4c2ab627d74 1232d417b82fda8ed27ca071abc9ae1fb3b1a4ce1304d2bcbe5afbebf5c43184
SERVER_TRAFFIC_SECRET_0 ac5e06e1ca9f780c9906fb8db9d712e7049ce20ac771a6905d6ce4c2ab627d74 c8600aa88bf8da215b8e3491497f59db5fee76e8ddae42e71654419e567b8406
EXPORTER_SECRET ac5e06e1ca9f780c9906fb8db9d712e7049ce20ac771a6905d6ce4c2ab627d74 732063640845ff4b629b0ecdeda924ff4e65c7e9e81513087cb7572cd9b8c963
