CLIENT_HANDSHAKE_TRAFFIC_SECRET 796c0fe4ac8c9e2c03d0249ace2c46cb7cffe1217df9c3708ae8c718c6985603 da9241d39031447954c2cb91396ed08f8dfb849c4fffe225aa0fdd018ec149d4
SERVER_HANDSHAKE_TRAFFIC_SECRET 796c0fe4ac8c9e2c03d0249ace2c46cb7cffe1217df9c3708ae8c718c6985603 41018a372bdfd9a9f55c0a9c79492c4f9cd51812b298f11cd377c1c27e4732b9
CLIENT_TRAFFIC_SECRET_0 796c0fe4ac8c9e2c03d0249ace2c46cb7cffe1217df9c3708ae8c718c6985603 d50340ba87924b2961fcd3131f2ac31358197c71f0c06cc03d3021e054d42c82
SERVER_TRAFFIC_SECRET_0 796c0fe4ac8c9e2c03d0249ace2c46cb7cffe1217df9c3708ae8c718c6985603 700639ab392811f126c94175a6279b6f0650b32f9a831e47c55cb706a8877682
EXPORTER_SECRET 796c0fe4ac8c9e2c03d0249ace2c46cb7cffe1217df9c3708ae8c718c6985603 d37dea2ac6b8a098a517be3b7ed60f794a34759e21ed653a97db1ffbe46b6cb1
CLIENT_HANDSHAKE_TRAFFIC_SECRET ee59689e116e8469170b3cd61693f83ee21ff49f717eae424f4cd9d162fc579b 8d01469f5021fec89403f5b0d6432ccf9516e089718dd4e435cb66ff59374c2b
SERVER_HANDSHAKE_TRAFFIC_SECRET ee59689e116e8469170b3cd61693f83ee21ff49f717eae424f4cd9d162fc579b d4d746d59497c85322d4a5c6a1f949dfac28eedd6879d0e27cdc5bb78c8cbf82
CLIENT_TRAFFIC_SECRET_0 ee59689e116e8469170b3cd61693f83ee21ff49f717eae424f4cd9d162fc579b 599c2d17b0aa84f18a9c4a7c9f943ed545b728f3cc57f18299562830b6fe0c20
SERVER_TRAFFIC_SECRET_0 ee59689e116e8469170b3cd61693f83ee21ff49f717eae424f4cd9d162fc579b 1c9814b6cf31bb99a7499b131b91d456459ff638d6253b8849d3446400733842
EXPORTER_SECRET ee59689e116e8469170b3cd61693f83ee21ff49f717eae424f4cd9d162fc579b d9f82723e3d3694e31f7b36fb534729c541842429724668da995603657d6e743
CLIENT_HANDSHAKE_TRAFFIC_SECRET 708a0682e61d589cbf0ae751b87ade1df7368512344035ec584214a197114cda 393089fbf2b2afde60194c3c924fa07e6dc96059da7bf681f4dd2114347f8b23
SERVER_HANDSHAKE_TRAFFIC_SECRET 708a0682e61d589cbf0ae751b87ade1df7368512344035ec584214a197114cda a2ac02691ef8a8ae049f471ce465e4c751eec1e129b2b8cf513fa62687a32cb1
CLIENT_TRAFFIC_SECRET_0 708a0682e61d589cbf0ae751b87ade1df7368512344035ec584214a197114cda 65adb5fbd54b41c193f066040134af305490fa28ffe86d5ba223f1fa7a7600a1
SERVER_TRAFFIC_SECRET_0 708a0682e61d589cbf0ae751b87ade1df7368512344035ec584214a197114cda 1ef58022d091dff60f9608e746150beffdfe737a45c93f756b80de3f88480ee0
EXPORTER_SECRET 708a0682e61d589cbf0ae751b87ade1df7368512344035ec584214a197114cda aae09de862432351985b200f4a162bc2c727ba06f20db7accd873444aee84965
CLIENT_HANDSHAKE_TRAFFIC_SECRET 247e5d69be574cf8816059ce0cf9ccbae3866356cda2018c1a584b508cbacbee 24855391a433995ed6e6bb4a481f38e935238ae8769d1b21b12da9f8e26a4ca6
SERVER_HANDSHAKE_TRAFFIC_SECRET 247e5d69be574cf8816059ce0cf9ccbae3866356cda2018c1a584b508cbacbee 34e7e4111eb7c4b7be799271c89801a46c24e243c6ec8f4e2238c92f81278260
CLIENT_TRAFFIC_SECRET_0 247e5d69be574cf8816059ce0cf9ccbae3866356cda2018c1a584b508cbacbee 2bb996a07b2731c26f6f4d0dca2366a5107dbbccdbb1a89e66647ea6961a6d23
SERVER_TRAFFIC_SECRET_0 247e5d69be574cf8816059ce0cf9ccbae3866356cda2018c1a584b508cbacbee 1a097838d8aa710e5591caa924dc38a4eb91baba4adcc0bc288a30ea89b6b1b6
EXPORTER_SECRET 247e5d69be574cf8816059ce0cf9ccbae3866356cda2018c1a584b508cbacbee b2701557d973c3cb002b0b8152a8dd8e9e88790d34de7706c22da78f9452d55c
CLIENT_HANDSHAKE_TRAFFIC_SECRET 18569ba92109db8171356747e9c1dc1d839cc886b359e7a526a81ebfbacbe0e7 770820074c5d847aea5b97caf7e6c3202b726c26d0ff2a10958580af6910bc21
SERVER_HANDSHAKE_TRAFFIC_SECRET 18569ba92109db8171356747e9c1dc1d839cc886b359e7a526a81ebfbacbe0e7 8837399906d1cb060f81d148024bac2618c946a454de134e2872391602ac11e0
CLIENT_TRAFFIC_SECRET_0 18569ba92109db8171356747e9c1dc1d839cc886b359e7a526a81ebfbacbe0e7 4b4140e8e495446812e4d79da661d2d93b941f254fb684cfaceae34156df2d0c
SERVER_TRAFFIC_SECRET_0 18569ba92109db8171356747e9c1dc1d839cc886b359e7a526a81ebfbacbe0e7 a2221ff2b7419fc1a2d35071f663efe126d01cc5ae7d514c6cd95cb7cab28566
EXPORTER_SECRET 18569ba92109db8171356747e9c1dc1d839cc886b359e7a526a81ebfbacbe0e7 30aaa358346af46740ade872f65f095e6e0e2cf125f07a609fa7a72af4a196ae
CLIENT_RANDOM 8cbee333f88d6359a00618c3fe2b375064b78213d1943dde932e8a6fb0e2d052 843d0582e26319034ab41d928c33fdade46c8f8c562cbd81662d5562bcc8ec5c72636712861c4519d1d84273c3cee3ef
CLIENT_HANDSHAKE_TRAFFIC_SECRET e7f66167c351c6ee966365dd065d2b3a7fafc865bd3e8941a026cf187dae121a ae35e0983da8ba047d98a865575c9c8805b5349b760d2699c8aff83e93d805d8
SERVER_HANDSHAKE_TRAFFIC_SECRET e7f66167c351c6ee966365dd065d2b3a7fafc865bd3e8941a026cf187dae121a 9e9d4ba79fd3ae8a68b06e3bc9da99f1e4ffe87a3a5ddf3bffd102776ebd9c1d
CLIENT_TRAFFIC_SECRET_0 e7f66167c351c6ee966365dd065d2b3a7fafc865bd3e8941a026cf187dae121a 9b1793ec63551bcfd54eb86028eb117798159364c1d4e0ce353a07fb79609d39
SERVER_TRAFFIC_SECRET_0 e7f66167c351c6ee966365dd065d2b3a7fafc865bd3e8941a026cf187dae121a 86a3799ac3926635f1b92156edaffa683db671a388b9636e270f66b2ac610c9e
EXPORTER_SECRET e7f66167c351c6ee966365dd065d2b3a7fafc865bd3e8941a026cf187dae121a a4d20528ed67a26953d8667d71cd2e8b1f2b3a419cffa2c2ca80f5c6e49ff765
CLIENT_HANDSHAKE_TRAFFIC_SECRET c27189d89061d1f280ac281a269667f8759abc0c39cee4b1daeb97754d1e0a04 5e8e6144bfd7628e9278c43f9a0f730880abce47c648da4b16e0b9852834ae2e
SERVER_HANDSHAKE_TRAFFIC_SECRET c27189d89061d1f280ac281a269667f8759abc0c39cee4b1daeb97754d1e0a04 96fc33b3f26c3a10c52533385a6d8758a5ec446a32f47974b49fe42061b4f350
CLIENT_TRAFFIC_SECRET_0 c27189d89061d1f280ac281a269667f8759abc0c39cee4b1daeb97754d1e0a04 af9b3e3b79e142b39d3235a747472a72d73197481b2ef8a882826ddc41358db1
SERVER_TRAFFIC_SECRET_0 c27189d89061d1f280ac281a269667f8759abc0c39cee4b1daeb97754d1e0a04 4c8e8187e7b90ed862351cf7cf3dab871b6a80b76d8ec5e4f242177b34cb21c8
EXPORTER_SECRET c27189d89061d1f280ac281a269667f8759abc0c39cee4b1daeb97754d1e0a04 cbb128cfadc153807107136bee5185fe6b617b8cd4e517ab4183c43795990bad
CLIENT_RANDOM babdebe78132afece2b53204a1f75798c76f6553e87a955e63e54814427a887a 843d0582e26319034ab41d928c33fdade46c8f8c562cbd81662d5562bcc8ec5c72636712861c4519d1d84273c3cee3ef
