CLIENT_HANDSHAKE_TRAFFIC_SECRET 20519851dd1573a138d06512021165123cb6102d862fd43dd8fbd4d6cfa71dbb 017dea1936823ff35ab8497bc142fb6ab5ee4e9f75bb5d4a6b2a0965ed5e69d7
SERVER_HANDSHAKE_TRAFFIC_SECRET 20519851dd1573a138d06512021165123cb6102d862fd43dd8fbd4d6cfa71dbb b4d3dbe77f9ed7641e60f260d214b07de7fbe9f268ad37e32b46848a2c36202f
CLIENT_TRAFFIC_SECRET_0 20519851dd1573a138d06512021165123cb6102d862fd43dd8fbd4d6cfa71dbb 5819ab2a87d78c88395c1266faa7145cebce96e411795ba325478853b4d94d55
SERVER_TRAFFIC_SECRET_0 20519851dd1573a138d06512021165123cb6102d862fd43dd8fbd4d6cfa71dbb 539418765bf9d9a9b05ad0124fb0da904157ef4cd7ce3ff3a012e88d701ae775
EXPORTER_SECRET 20519851dd1573a138d06512021165123cb6102d862fd43dd8fbd4d6cfa71dbb 05d21e373248e6209a15f67630e4ced0ef2cd94909f77fd4ca896ddd410d37b9
CLIENT_HANDSHAKE_TRAFFIC_SECRET ffc2379eb76c67c0d87d5b654102404bb00130b5df88d330c1f05a9963d24e3e f74ac94cd0a30d4bc71d1ab2b295200470cfa7e295f5796f2e17ebc411a7875f
SERVER_HANDSHAKE_TRAFFIC_SECRET ffc2379eb76c67c0d87d5b654102404bb00130b5df88d330c1f05a9963d24e3e 2df7c9434a3cfa1cb36365fc7cd54a5a92917ba3ca25b7e45817161c5feb7f43
CLIENT_TRAFFIC_SECRET_0 ffc2379eb76c67c0d87d5b654102404bb00130b5df88d330c1f05a9963d24e3e f76fd05c5c6f27aec0dbe3316a60c29833520254b3db6dc84ba79e155bd75b0b
SERVER_TRAFFIC_SECRET_0 ffc2379eb76c67c0d87d5b654102404bb00130b5df88d330c1f05a9963d24e3e a547f81da9f9f2150e6302a166c1afd2713ea5e8b2f0e7256e6847b8b7cc08d0
EXPORTER_SECRET ffc2379eb76c67c0d87d5b654102404bb00130b5df88d330c1f05a9963d24e3e e0da0f4776f5ddeb0b8b92421bc7378c713f84ee583ea36de0f10cde610c1ed8
CLIENT_HANDSHAKE_TRAFFIC_SECRET a8b3607efd18ce09b3a6715271b609de1432c32a71d3a5cfcb6b8552bbf4ce26 5a4153cd731505842df30987d1a1e07d5016c32a89acf1ea3b07312d62fe1af1
SERVER_HANDSHAKE_TRAFFIC_SECRET a8b3607efd18ce09b3a6715271b609de1432c32a71d3a5cfcb6b8552bbf4ce26 b0da44f98176d3ca6949394cedfb0fd7f25693ee481eb98e4a3ab8b7857f653f
CLIENT_HANDSHAKE_TRAFFIC_SECRET 58a79fdcf3cf189ae1e4f56bf41c484da0992291ef3650fe47b4a3db39789afb 116ab8e90631c9bb3e60e8dae1b7f2590d0ca100911219e12d75a85d9ec97364
SERVER_HANDSHAKE_TRAFFIC_SECRET 58a79fdcf3cf189ae1e4f56bf41c484da0992291ef3650fe47b4a3db39789afb 0af8bd36d9eff6b2b01c3d7cc5378de4925942fe80826446da35996f0a52eeb1
CLIENT_TRAFFIC_SECRET_0 a8b3607efd18ce09b3a6715271b609de1432c32a71d3a5cfcb6b8552bbf4ce26 2f2fe425dd9e5f85f2eae19745aa68003b0063525676d3e16051002f208ab632
SERVER_TRAFFIC_SECRET_0 a8b3607efd18ce09b3a6715271b609de1432c32a71d3a5cfcb6b8552bbf4ce26 8aed732aac0b5e27cd25bfa672c36e150303b5df3407d0defb4c09ec137f1979
EXPORTER_SECRET a8b3607efd18ce09b3a6715271b609de1432c32a71d3a5cfcb6b8552bbf4ce26 eccdc675a965797a74ba314a632227c0627cc5fc0cfdd867aaf3682458e42f3b
CLIENT_TRAFFIC_SECRET_0 58a79fdcf3cf189ae1e4f56bf41c484da0992291ef3650fe47b4a3db39789afb 6937caff9551afdfa0c27dfc188d28a4c1460910225dad0ed7abaecbf9144529
SERVER_TRAFFIC_SECRET_0 58a79fdcf3cf189ae1e4f56bf41c484da0992291ef3650fe47b4a3db39789afb 702b04082daef5bf71c9c1e69056335d46752632ccc7374797a35db2b470ee1d
EXPORTER_SECRET 58a79fdcf3cf189ae1e4f56bf41c484da0992291ef3650fe47b4a3db39789afb 4bcdf4faf980eec4457dc4c25b745eec403e4ba574b4c8a6c62d439658fe66da
CLIENT_HANDSHAKE_TRAFFIC_SECRET 4627466ae7422c35ec5b315290c0cc5b8ce24801ed4b2bbb6a6ea26e3b817e1e 6fd7ce5b866189348a6cdd853a33786321c404fabca2c21a9b032ce710dab245
SERVER_HANDSHAKE_TRAFFIC_SECRET 4627466ae7422c35ec5b315290c0cc5b8ce24801ed4b2bbb6a6ea26e3b817e1e 489daff3c4f3859d847d2817a66bd63c6a6addf3da7fa7d1090d9f783244f25c
CLIENT_TRAFFIC_SECRET_0 4627466ae7422c35ec5b315290c0cc5b8ce24801ed4b2bbb6a6ea26e3b817e1e c1d84ed025310417fdab47116f49178237584c9319000dfa403a467d8a9ab186
SERVER_TRAFFIC_SECRET_0 4627466ae7422c35ec5b315290c0cc5b8ce24801ed4b2bbb6a6ea26e3b817e1e d2c6049f6af034521557d39c866a9c2889542b6deffd0b7e75426586b6003dd1
EXPORTER_SECRET 4627466ae7422c35ec5b315290c0cc5b8ce24801ed4b2bbb6a6ea26e3b817e1e 08491973a7dae3e50137b7209dfffad49abea7ec7808afc99e7e0b946b56651c
CLIENT_HANDSHAKE_TRAFFIC_SECRET 196cb7a56ee7a1e4d9499cb7e9d076c3da9ac6406f0994d6e7960a4539602a32 c798021b9ce67445d5865682460a582eaadb1540498c9a1afaea6fd48458aebb
SERVER_HANDSHAKE_TRAFFIC_SECRET 196cb7a56ee7a1e4d9499cb7e9d076c3da9ac6406f0994d6e7960a4539602a32 66aac490684427333e491f44c197392472c2542bb0c6b221666482496a8075cb
CLIENT_TRAFFIC_SECRET_0 196cb7a56ee7a1e4d9499cb7e9d076c3da9ac6406f0994d6e7960a4539602a32 5901161747538ebdef68a19d2509bcd06bddfa9661d66399a8159ee26fc8333a
SERVER_TRAFFIC_SECRET_0 196cb7a56ee7a1e4d9499cb7e9d076c3da9ac6406f0994d6e7960a4539602a32 759e9997003ccccb86fe291e0d9a579c69d70ce75493ae3a361537f44c55e819
EXPORTER_SECRET 196cb7a56ee7a1e4d9499cb7e9d076c3da9ac6406f0994d6e7960a4539602a32 5ba6be7047f7dc2e70a0383be6541e89824fa950dc6a3f762441199538c17f54
CLIENT_HANDSHAKE_TRAFFIC_SECRET 9e869c749cf9ef3b81712c0fb6ea0adf06ad167690af3326d90ab3eb23dd466b 3719cf48d44a8baeeac5fe68ecb17530c46fd611d9e752d6c1765a0197280fb2
SERVER_HANDSHAKE_TRAFFIC_SECRET 9e869c749cf9ef3b81712c0fb6ea0adf06ad167690af3326d90ab3eb23dd466b 80c93509db340d249736d674a80fcc46ed76bc6ee35f9dff254fdad4da7bb63c
CLIENT_TRAFFIC_SECRET_0 9e869c749cf9ef3b81712c0fb6ea0adf06ad167690af3326d90ab3eb23dd466b ea62052b1e1ddae64f915f4ed919bb6c2486eeff3ee6691b6e57c2c10f0ad35e
SERVER_TRAFFIC_SECRET_0 9e869c749cf9ef3b81712c0fb6ea0adf06ad167690af3326d90ab3eb23dd466b edf701edb89e12920fdac7649be33bfcbac27656ef97a27ba9ebbd05e5ad0a0b
EXPORTER_SECRET 9e869c749cf9ef3b81712c0fb6ea0adf06ad167690af3326d90ab3eb23dd466b f33da4d0016c741f2fe2119542fb99dba6f99dd717d65a00e1a964d549072aac
CLIENT_RANDOM b3bfb5bf389ce5b72cc0fd974cac7c15fb41738b92e38c5c7d5fbdf05e0c6f3e 3bb098730818c5c758112b2bdb2fea4d9f0832b04f8f551f894d9e3930cdd7bba80d842923c6f7046d4bf68d1caab96f
CLIENT_HANDSHAKE_TRAFFIC_SECRET 8048d6886296385b36061df0e1607b0dd18e66ca2dd951df1bd574c264628e6f f4c21de6ad2bd2d557697f582c9696a4f492d31e9a050fe11e280765baf65c09
SERVER_HANDSHAKE_TRAFFIC_SECRET 8048d6886296385b36061df0e1607b0dd18e66ca2dd951df1bd574c264628e6f f6641690cbc6b1a19a42d3ba377dae4635334f5d9692f6e8c1202f9f8c9cb1e2
CLIENT_TRAFFIC_SECRET_0 8048d6886296385b36061df0e1607b0dd18e66ca2dd951df1bd574c264628e6f 90ee1fb9d0d2655eafa43cb332bc454b7b9c0b4f87f9ed0fb6bd2c38a5a590df
SERVER_TRAFFIC_SECRET_0 8048d6886296385b36061df0e1607b0dd18e66ca2dd951df1bd574c264628e6f bd8016419f3044c1d95ceb94e7c2f40ed1812c2b2223652a48952e5c61fec2ac
EXPORTER_SECRET 8048d6886296385b36061df0e1607b0dd18e66ca2dd951df1bd574c264628e6f ee63ce35a751d1ec350f78831d3eb70b807a2b27b3f0eaba378f95098f4b58d0
CLIENT_HANDSHAKE_TRAFFIC_SECRET 8321735f8822e441aa95551ac33df0bfa334c004d5353bb3e319e7fb43a9d6c6 0eedfc79047784397e4ebb4cc658064d9df50ac794a4b27861c4e757f9b59cb9
SERVER_HANDSHAKE_TRAFFIC_SECRET 8321735f8822e441aa95551ac33df0bfa334c004d5353bb3e319e7fb43a9d6c6 a220ec37574342baa96e8738260749d562ecee8693254ec3472115fef883e9a4
CLIENT_TRAFFIC_SECRET_0 8321735f8822e441aa95551ac33df0bfa334c004d5353bb3e319e7fb43a9d6c6 30f8702b34094d9a759abc715102b546ca6b2c6c77f80c3a2bc5f3f3020e238b
SERVER_TRAFFIC_SECRET_0 8321735f8822e441aa95551ac33df0bfa334c004d5353bb3e319e7fb43a9d6c6 53a0b4e9f7d30b17f59c0ed7e5c2bf16113a20ea3661c2866ef64c57048442cd
EXPORTER_SECRET 8321735f8822e441aa95551ac33df0bfa334c004d5353bb3e319e7fb43a9d6c6 5b95d1711b92e45fcd3d3ef8ba9a36ed76fc20465ee1b4b8c3e6cc34256ffc42
