CLIENT_HANDSHAKE_TRAFFIC_SECRET f77ace6da94edc60343e773c959d876817af3a2e1337b42686990691eb174fd9 93db8a4ac918d7a9a4ed96e85976b8eac12b920aee61f4fb47e84745c8995b37343f8063564d9b87188a0d2e9e27c812
SERVER_HANDSHAKE_TRAFFIC_SECRET f77ace6da94edc60343e773c959d876817af3a2e1337b42686990691eb174fd9 bfbc27df0f1d57aeb036d7c14ef87feef0e0d8f80825e7c2cac7a33e42d55c352e00213265503851bc425476ae5e1d12
CLIENT_TRAFFIC_SECRET_0 f77ace6da94edc60343e773c959d876817af3a2e1337b42686990691eb174fd9 62b879eea91d9ef0d1e6ab35820b6e41fafd110a94d5108f1a312ca554825976125da320efaf76413d7a1fbbd1196f67
SERVER_TRAFFIC_SECRET_0 f77ace6da94edc60343e773c959d876817af3a2e1337b42686990691eb174fd9 596a511b6ceed448eb5bdc22b6586074d75faf89c9b7bb3716a35b2eb184981ad99daf7970ed36b72b013e106a6b6838
EXPORTER_SECRET f77ace6da94edc60343e773c959d876817af3a2e1337b42686990691eb174fd9 c250135dc8ed649d255f4064e24783d901fe5f8b70c5adb6176a0e1c1722b753466a623a08f74c03f55705bc82902db5
CLIENT_HANDSHAKE_TRAFFIC_SECRET 5810a85558fe3f71a975be204e779fab917b9ea87e7ecfd307b13dc660a1dc5b c66e23ac2909ac7c4b7b716fd36809a690c31191832ec8b5fab0d026531fac9253302d9091013f3751d3ba96abec7520
SERVER_HANDSHAKE_TRAFFIC_SECRET 5810a85558fe3f71a975be204e779fab917b9ea87e7ecfd307b13dc660a1dc5b be99e5f1cabb876e9eb89c619aa0de0823c6ecc1b1ca8bf3f425d3c8f9891bb31a6a5a0b825f67debe8b56c0f7dcf84e
CLIENT_TRAFFIC_SECRET_0 5810a85558fe3f71a975be204e779fab917b9ea87e7ecfd307b13dc660a1dc5b 9c76d12aa0ea73c032236f6403bec4051e617e2a18e2d05796a9ba1bbe0409d815d0d1e52446fb9e629ed5b269cd94ca
SERVER_TRAFFIC_SECRET_0 5810a85558fe3f71a975be204e779fab917b9ea87e7ecfd307b13dc660a1dc5b d7207dcbf8cbd52410f09feee2db590dea768d9cf89f70fbdd00423eeecce6d6be1b964632a4c5720ec7a84a2a80aafe
EXPORTER_SECRET 5810a85558fe3f71a975be204e779fab917b9ea87e7ecfd307b13dc660a1dc5b 2b72ec309a2f22bab5ac9ad5f41bb90f77fee8deaa4c477f0d7c22af0b32155763a8dd6739cbda456726a5814acd1c61
CLIENT_HANDSHAKE_TRAFFIC_SECRET 400ad769c4d0b7565028f1b69e511c43704ee15a800376e9b1a00c891ee6d114 3a847278dcbda98093f5149cb6ca820fdeb8256f02a94484fd91fb4084a65a7b8387958ce75f4033e0e1738cca1b6b0e
SERVER_HANDSHAKE_TRAFFIC_SECRET 400ad769c4d0b7565028f1b69e511c43704ee15a800376e9b1a00c891ee6d114 997ed0198f84feb461591801a9ce7fd783eacfc86cefad505da2740192974638deea4f5d6d953ecb18c8f3439e1b0be1
CLIENT_TRAFFIC_SECRET_0 400ad769c4d0b7565028f1b69e511c43704ee15a800376e9b1a00c891ee6d114 371f8dc15d81c57c499ba5e5ae3ca24daec973e6f7fd324f25180cc3a00b41b5f0a75451ea9fb4368ee959acc5b33d00
SERVER_TRAFFIC_SECRET_0 400ad769c4d0b7565028f1b69e511c43704ee15a800376e9b1a00c891ee6d114 94ec16e68cd19f2eeb63d28b25aba8f31cb89dc3353fa685f20b392cb42908b60303640fb2388d48d0862634cfc2d7f1
EXPORTER_SECRET 400ad769c4d0b7565028f1b69e511c43704ee15a800376e9b1a00c891ee6d114 b542b71583c67b8b6e71aedbd13b43db992659d89476fc57b951659835e268bb47e6989803fd8fdf482191eb94dbb64e
CLIENT_HANDSHAKE_TRAFFIC_SECRET 3f0699ece1aec80b3242fcbe9ef441a806ec16d845c5e1a435b1e1e73ea9a720 bb76dbf5833197cfa1a65f75792f5cfb12160538c581f088622a02ede8b20311b572cc55c164eb49be898d819e6103a8
SERVER_HANDSHAKE_TRAFFIC_SECRET 3f0699ece1aec80b3242fcbe9ef441a806ec16d845c5e1a435b1e1e73ea9a720 9a855982b1d3f82683640ad3542f2b2443f9bfef8304f65629f4966e262293b635fba46c8592535a8441d147d5d4792d
CLIENT_TRAFFIC_SECRET_0 3f0699ece1aec80b3242fcbe9ef441a806ec16d845c5e1a435b1e1e73ea9a720 b366d0b86d0e7f1c36e1d57c8eae4d3d0269dfe39bccd2e9f6d36af521e1e326bf03e455f978c68f22d97230a2ecc3f2
SERVER_TRAFFIC_SECRET_0 3f0699ece1aec80b3242fcbe9ef441a806ec16d845c5e1a435b1e1e73ea9a720 79da44a8c819c457c43ccbfd953e643e076919965436d57e4a700c32ad6b6850d7430392fc36370dbff92144ac914813
EXPORTER_SECRET 3f0699ece1aec80b3242fcbe9ef441a806ec16d845c5e1a435b1e1e73ea9a720 399aa038e64a3856973ed052556115b69fff60ea2b3427feea91b5bfa84c13a4b419fb3709c2bb1f40321cb5c90d0879
CLIENT_HANDSHAKE_TRAFFIC_SECRET 81eb2ceab13ed193aa39f6cf05089bb2f660e55406cb3b5f0eead4ce36825449 60c1e0430620a66a892924f1e23008c2f6772b244b855f3cd0c23d33b62522fac05078354749c9e56003e541b51d918b
SERVER_HANDSHAKE_TRAFFIC_SECRET 81eb2ceab13ed193aa39f6cf05089bb2f660e55406cb3b5f0eead4ce36825449 a3e5afca71ba2d9a650f3e2c6551d99092adb91b52f6d9b3fd9e7fadb4f0a2580561f50408ef49fd39f835f6abfb7056
CLIENT_TRAFFIC_SECRET_0 81eb2ceab13ed193aa39f6cf05089bb2f660e55406cb3b5f0eead4ce36825449 c37f9bb7f8a8ee96bdb3137e62748218584173194e25ffb6d2e606bbf84c7ec26d4f991c56a12a68de90cf5cb75b16a4
SERVER_TRAFFIC_SECRET_0 81eb2ceab13ed193aa39f6cf05089bb2f660e55406cb3b5f0eead4ce36825449 5e919348ebfd0dd17fae5e0eda20f360cb4c0dbfa88b3d186a3532b13ecce62cc7a171e88b752274c576e562a48d3d66
EXPORTER_SECRET 81eb2ceab13ed193aa39f6cf05089bb2f660e55406cb3b5f0eead4ce36825449 0b242dff18128fb2ef8e182d0485ca9ae0fde61d51a381e1810257da3772e44e4f77c62a5ce449eb37f2bdbb65a3297c
CLIENT_HANDSHAKE_TRAFFIC_SECRET 05f898d0d94b7247ec3f7c96dbfc25257d30d560fd30594158b751c880b773bc 040b609be2406c322c11c5e62939b001e97ae4be2909ebc4b81f865fa5551f1ad92677480b50723863b3dd829bb79ab2
SERVER_HANDSHAKE_TRAFFIC_SECRET 05f898d0d94b7247ec3f7c96dbfc25257d30d560fd30594158b751c880b773bc fd9ff093bc4093e7c2d42f314b6bf66a983dbf5dc1e95bb5c6cca1a3489e1dbf24b78f8d2c3769583b107eafcd82a191
CLIENT_TRAFFIC_SECRET_0 05f898d0d94b7247ec3f7c96dbfc25257d30d560fd30594158b751c880b773bc 8c0a246995e5757c0a46bc0a948244173082c3cfb56ecf6e4f0c69ce25441ea3c38c380984140822d30641fc5bb1198a
SERVER_TRAFFIC_SECRET_0 05f898d0d94b7247ec3f7c96dbfc25257d30d560fd30594158b751c880b773bc aadcd2452083b05aeeec6205663bb1cbe8fe85733301b5e6cd45888e26e5db3d412a7e5161aed94792d84ca7e4055488
EXPORTER_SECRET 05f898d0d94b7247ec3f7c96dbfc25257d30d560fd30594158b751c880b773bc 42d83b77fe7b8d157b82148c871a00370bdec9826f5b0d81802ad69509d4120fcf4822fc0e21c6cd21b3ae03ceac652e
CLIENT_HANDSHAKE_TRAFFIC_SECRET d0bd2af57687f84dffbb0d718ec425b5227d64c8ee8861dfe900cdb1bfe7cd7a 235541b5bd1f85b5a643fcf1a12540dc92b553447d7b69eddc06875acbc3031e66521a219b81bbdc7541600dc19600c5
SERVER_HANDSHAKE_TRAFFIC_SECRET d0bd2af57687f84dffbb0d718ec425b5227d64c8ee8861dfe900cdb1bfe7cd7a e79aa4c8b10147a125768b8eb8ced7a0d0cdf8d17407eceecc72c66336fb6dd19d95765dd99caf8562e5aeabd96e1592
CLIENT_TRAFFIC_SECRET_0 d0bd2af57687f84dffbb0d718ec425b5227d64c8ee8861dfe900cdb1bfe7cd7a 0a44dee0029af29eb3ee9f5d4fc60a5e8dd11b299619aebe7ebc8abea617ae0c3673b03a47b60bd88f6d069085233b95
SERVER_TRAFFIC_SECRET_0 d0bd2af57687f84dffbb0d718ec425b5227d64c8ee8861dfe900cdb1bfe7cd7a 1ca592e60f73c5bab45fb0a09ac5c43b50844aea25aa6889931f97b45ceed069f5c33eb6db260bf07702ccb9f5976359
EXPORTER_SECRET d0bd2af57687f84dffbb0d718ec425b5227d64c8ee8861dfe900cdb1bfe7cd7a 1b233cadd6c214bd4b88889b1ab0467e2379830e30b937c0c083c5702b20b5ba7438829ca3e09763dd985d3d34a7fd06
CLIENT_RANDOM b7f925110acc29f696f1052d0e1462371f9193f8e65ba53da7c22aedef421e56 e98741390984ce1ae5086049fd445722a77788d27419d363b2d4ca209b72eb36a4c38876226653d681787bce0b883e7a
CLIENT_HANDSHAKE_TRAFFIC_SECRET b306588c091eacc7da4136d661f0aa59ddf3f2596af2f6903f402ce4c2db9c7f db98ce063f00d8b2dc33f62a34cb5af5e56bac89d23fa79513e882dc8e3082f6
SERVER_HANDSHAKE_TRAFFIC_SECRET b306588c091eacc7da4136d661f0aa59ddf3f2596af2f6903f402ce4c2db9c7f b1c821b26109cdf08bad9ca5b54ade69c0df24a881f57cfdeb224c708c68e23e
CLIENT_TRAFFIC_SECRET_0 b306588c091eacc7da4136d661f0aa59ddf3f2596af2f6903f402ce4c2db9c7f 9b9eac36737663c464a2a625b27bb6c1a9aa98d7dca0f550f1adaed73cf2b609
SERVER_TRAFFIC_SECRET_0 b306588c091eacc7da4136d661f0aa59ddf3f2596af2f6903f402ce4c2db9c7f a08fb8bf60ca6af53940c6932f91e4fe99f791d6ac832dec999c274a895199fd
EXPORTER_SECRET b306588c091eacc7da4136d661f0aa59ddf3f2596af2f6903f402ce4c2db9c7f 4c87c52511f3d60fd9d4052be5e15e07cd733bfa865b08c830343961c0647caa
CLIENT_HANDSHAKE_TRAFFIC_SECRET 05fd6693db884c63968a0721fc0d9d77b262f9434d0a3e002113a1ff4c178405 fc7ec933e1df584e4eb812f31643adfb949b7c94b3391a943397af81b7541718
SERVER_HANDSHAKE_TRAFFIC_SECRET 05fd6693db884c63968a0721fc0d9d77b262f9434d0a3e002113a1ff4c178405 d526c7cafbfa58a6d727e993bd18898836b00511ffe7dc7f91cc4a793edd8cc6
CLIENT_TRAFFIC_SECRET_0 05fd6693db884c63968a0721fc0d9d77b262f9434d0a3e002113a1ff4c178405 de8132028969269bc17cdc61729c33137bd557a4cd6b08dc4b04451d4b770686
SERVER_TRAFFIC_SECRET_0 05fd6693db884c63968a0721fc0d9d77b262f9434d0a3e002113a1ff4c178405 1901ec25a3e19e5e3f37e33767b36438a19fe51057ead035c45b9b9ad321032b
EXPORTER_SECRET 05fd6693db884c63968a0721fc0d9d77b262f9434d0a3e002113a1ff4c178405 5b922cddfe7eabe1cf6115cc0ad3e1239f28c9bfee42bd020ad560a93eb1febf
CLIENT_HANDSHAKE_TRAFFIC_SECRET ae60ae6208a2c833c7588c7d1e0abda9a1e8b55fa794b16b2415e28d3685b222 5d262fe28b34440fe421bf9b236ff01548c78ee98e1409bae8681a9f3820add1
SERVER_HANDSHAKE_TRAFFIC_SECRET ae60ae6208a2c833c7588c7d1e0abda9a1e8b55fa794b16b2415e28d3685b222 4ea776f4dee16614343d05cea66a001f97223c44bdba1ce3c6fba6149f18f250
CLIENT_TRAFFIC_SECRET_0 ae60ae6208a2c833c7588c7d1e0abda9a1e8b55fa794b16b2415e28d3685b222 defaf2b313d3f6fc8154d843294aee598a672488422fdbff916130db526c6579
SERVER_TRAFFIC_SECRET_0 ae60ae6208a2c833c7588c7d1e0abda9a1e8b55fa794b16b2415e28d3685b222 d2e8358c29eb7cb7d1efa20b35b68814ff1156585d2639434d4963039a644ada
EXPORTER_SECRET ae60ae6208a2c833c7588c7d1e0abda9a1e8b55fa794b16b2415e28d3685b222 b63771da6d19b779cf2938df07c667c4a976d7744ab2dddf5f546f5abdfc7cee
CLIENT_HANDSHAKE_TRAFFIC_SECRET d6b3c3c995551d157d8302f5c86a486c6475807e008931127f50a3c451deb0f9 dafb8168af0944f4873fecdeb8b9df2810ada93c87d07c99a5b78137025c0b34
SERVER_HANDSHAKE_TRAFFIC_SECRET d6b3c3c995551d157d8302f5c86a486c6475807e008931127f50a3c451deb0f9 bde25aa37888bad203dc27871387d12d15444c29236c1e7339b7421ed97be01a
CLIENT_TRAFFIC_SECRET_0 d6b3c3c995551d157d8302f5c86a486c6475807e008931127f50a3c451deb0f9 bf683f47ba2999c18affe6fecf766536e013a4f425382ed97358107ac6eaca8f
SERVER_TRAFFIC_SECRET_0 d6b3c3c995551d157d8302f5c86a486c6475807e008931127f50a3c451deb0f9 69dc96dc0da3701b1fa5634611796ab876995b60671cd6bab75e3bb87d104171
EXPORTER_SECRET d6b3c3c995551d157d8302f5c86a486c6475807e008931127f50a3c451deb0f9 211f23511ebe7dfc315cc30a6c7f7f35e981d0d2f7c3f6c329685d0a3d0e6dd8
CLIENT_HANDSHAKE_TRAFFIC_SECRET 9655017fbd051b7f2cf8b66dbd73aed883c4f9d90a10c95c958532221ccddc4a 34e759a12ce529e250ec64d157c729bc4ed8d52f4172b4b45de454f21650fe37e85cdb9e397a581241a08f03d6921c2f
SERVER_HANDSHAKE_TRAFFIC_SECRET 9655017fbd051b7f2cf8b66dbd73aed883c4f9d90a10c95c958532221ccddc4a 103797abe8150ece006a7b074ffb9621f5b7d1611d8dcba2bf670734f75a98f8097a04db7247f64217a07555d9534166
CLIENT_TRAFFIC_SECRET_0 9655017fbd051b7f2cf8b66dbd73aed883c4f9d90a10c95c958532221ccddc4a 6fc77e1b09d959eee588915e1ea8a241b49ae7a57b90bb408b43107928565cad30e9fc113ed5c16e5fe736e5a7e7f8bd
SERVER_TRAFFIC_SECRET_0 9655017fbd051b7f2cf8b66dbd73aed883c4f9d90a10c95c958532221ccddc4a f1871281535213cd64fe3faf3f592167f7832f5c25e2255c890306f6f0b3042a88755d692a442737f3e79c87b19835f9
EXPORTER_SECRET 9655017fbd051b7f2cf8b66dbd73aed883c4f9d90a10c95c958532221ccddc4a 0008235ee6a4eb13b09cab5d2cb52e8c7458597cb0f4f755d86eb4d194c1d5399c3bd9666a5d3ee42b3278bdcf50fea9
CLIENT_RANDOM a9c260e8776c24dc62276dfcdddf79679b01e0931efaa3e1c8710701a32f6643 2732839881dcfa88b09c8844f3e6d5bb353e2e3cf4f7d017a1361359d6c9d913d424b375f02da6d8f57c9fffa80d2883
CLIENT_RANDOM af6e15d80a0a8fc86ccd1c673c0ae8ee8364a2a08a702c2ba1e3c990f73df4be e6c10fc77e304579db643323616258588128f62007c09ae80e730f8e52021caf578fc97865a521eb7119a36bb2952681
CLIENT_HANDSHAKE_TRAFFIC_SECRET ab021b0472e1c15b3ef402d580569ea896e14b64c9d83df28e05cde800212809 937353e9766e607b600ec6c921f88d1f635fc4f7c0e2b6a51183c376ada3c96d
SERVER_HANDSHAKE_TRAFFIC_SECRET ab021b0472e1c15b3ef402d580569ea896e14b64c9d83df28e05cde800212809 1c4a458551017b15da947d8efb513e98f9d6b37eb86c58e4554a41e868425f7c
CLIENT_TRAFFIC_SECRET_0 ab021b0472e1c15b3ef402d580569ea896e14b64c9d83df28e05cde800212809 e0576100ce04fafbc381e2d882e34400fcf57567cd82abbadf0812b50b1df219
SERVER_TRAFFIC_SECRET_0 ab021b0472e1c15b3ef402d580569ea896e14b64c9d83df28e05cde800212809 c8ba6c532212b794045b71a9bc5fe3b45a917f380dc54afda3ca7b5750414952
EXPORTER_SECRET ab021b0472e1c15b3ef402d580569ea896e14b64c9d83df28e05cde800212809 45f7131e5bd42d0eb336b051a2412b3a4cb252a7a093f8cf7065820ddeeadeb5
CLIENT_HANDSHAKE_TRAFFIC_SECRET 35dba9f3a6182536cc561401839075545b058d746feebd3f09eb7a8336390e87 39b06804a5d05916a2095336f1c79187fe2a242688ded54fc22a8bcdf7418e45
SERVER_HANDSHAKE_TRAFFIC_SECRET 35dba9f3a6182536cc561401839075545b058d746feebd3f09eb7a8336390e87 e5b208c8b968124f1453804f1edd05c02dfc61e50282ef2b779aa407a56b2f5c
CLIENT_RANDOM 30bf6964d79723e566839f796bff2027fc5d12cfcf81557763a6badf217ac857 d2adcfe2441b51c87a76598862012b9d45da324384411a8c2f90d1a7458c92f7729ff8dd24c9fec1c1e6d257530e86d3
CLIENT_TRAFFIC_SECRET_0 35dba9f3a6182536cc561401839075545b058d746feebd3f09eb7a8336390e87 b37d8750f2d4cc94c8265268a4c07eb7831d91c54486cb9f834a4a484a0e5701
SERVER_TRAFFIC_SECRET_0 35dba9f3a6182536cc561401839075545b058d746feebd3f09eb7a8336390e87 3e1bc7bb011c21a2b4e7fd36f7110274f25d70db8579fc0f52ce58ec07d3d00e
EXPORTER_SECRET 35dba9f3a6182536cc561401839075545b058d746feebd3f09eb7a8336390e87 4619d280c11774fa7ba460f96c9adfecc44c754cfe5ba18c4adb2441b48e1c93
CLIENT_HANDSHAKE_TRAFFIC_SECRET 2cd5653f324372b55c5044651f5c94e2f4fd815c7ae8f54a1b3d9e1e670d2932 84f8918f4d086d6386ec019bd1522be48fb21b14eb25957fcc6cc7800c0c1032
SERVER_HANDSHAKE_TRAFFIC_SECRET 2cd5653f324372b55c5044651f5c94e2f4fd815c7ae8f54a1b3d9e1e670d2932 173150d25d5610372174d09cdc51d56048d54809ffd90e648ad9b36518473f2e
CLIENT_TRAFFIC_SECRET_0 2cd5653f324372b55c5044651f5c94e2f4fd815c7ae8f54a1b3d9e1e670d2932 4026e7eb484bbbdb047aea99daa5d098e961f89fe6b37ab206626084b841c9f6
SERVER_TRAFFIC_SECRET_0 2cd5653f324372b55c5044651f5c94e2f4fd815c7ae8f54a1b3d9e1e670d2932 e26f596f18e16fb82b1bc4aa41ed81fbd53e767c9cd2a168f904302cdd766710
EXPORTER_SECRET 2cd5653f324372b55c5044651f5c94e2f4fd815c7ae8f54a1b3d9e1e670d2932 a48d3fb267b8bf84909c7c4ec2dbba6aa96cc9992a618bf95f8a8aec47f30552
CLIENT_RANDOM 4f34025ef317b9ad41c095ce46a35de9dd3d8d12a3ff38ac9a12be64ea27c459 bac6d36b86996be07401329d4007ebe22f5f5678a2d10dace1a0fb8f8e9c9bc39a005a501e3c62ec1422c0275f4d7195
CLIENT_HANDSHAKE_TRAFFIC_SECRET df61b04f5552ec4d0fffcb83e10160e14a4e21a987f64b9b411232b232d66e69 aa3395c86bc00710606256e7eddd8d510b2e46e1eea2d7cab80b79793c7f23ad
SERVER_HANDSHAKE_TRAFFIC_SECRET df61b04f5552ec4d0fffcb83e10160e14a4e21a987f64b9b411232b232d66e69 26556d4240b764f0cebc01891cb9188e803c3a31b4f040ddc0f8e6c50e456101
CLIENT_TRAFFIC_SECRET_0 df61b04f5552ec4d0fffcb83e10160e14a4e21a987f64b9b411232b232d66e69 10df36caca1cdbc50d263d624d280fcedf237810ae2b83330dc5cb176bd8bcc3
SERVER_TRAFFIC_SECRET_0 df61b04f5552ec4d0fffcb83e10160e14a4e21a987f64b9b411232b232d66e69 a966012fe5a90252c0ea803b9567ba529c8e32ed999a2e1c837fb1cb44d1125a
EXPORTER_SECRET df61b04f5552ec4d0fffcb83e10160e14a4e21a987f64b9b411232b232d66e69 e401d639bfff228f2d21183cd217ae7a59d9680e812f107baa71b47c4b02adc9
CLIENT_HANDSHAKE_TRAFFIC_SECRET 396c53ba2fc35954ede1eeb4a7e84365982f3f546ea6adb90b69b2bdb70ccd18 035d1f50664faa946ca68088df0f6af64a138d635a640eeba9ec1d55c6a84dd4
SERVER_HANDSHAKE_TRAFFIC_SECRET 396c53ba2fc35954ede1eeb4a7e84365982f3f546ea6adb90b69b2bdb70ccd18 af27e8f8c2e462e5a2cb1a56740d8ed783920a0c141ac303b34678bd010da417
CLIENT_TRAFFIC_SECRET_0 396c53ba2fc35954ede1eeb4a7e84365982f3f546ea6adb90b69b2bdb70ccd18 9601d2227767dc962230c65721340887b5eb839b46a10b1fa2c1c98ae74cc447
SERVER_TRAFFIC_SECRET_0 396c53ba2fc35954ede1eeb4a7e84365982f3f546ea6adb90b69b2bdb70ccd18 bde7b01c6f06b4a55a1bd44dac9538d4c392c1ed8d6b322ae05533933e49a307
EXPORTER_SECRET 396c53ba2fc35954ede1eeb4a7e84365982f3f546ea6adb90b69b2bdb70ccd18 06f5d4518c823968bfbc85d2b614b5e1cc657c7f6af28514ab6565b23f07faae
CLIENT_HANDSHAKE_TRAFFIC_SECRET ef30185956d216aaae6a2516a3cfd1cbff92553c945a2905d2e392bfcae3be51 ad09aec3561be18915c27b1d1a7c69cdfabb32a27a1463c5a117bc40ecc804c0
SERVER_HANDSHAKE_TRAFFIC_SECRET ef30185956d216aaae6a2516a3cfd1cbff92553c945a2905d2e392bfcae3be51 0ba86f4d0166238d55d5ecd7a2cff66ffeec4767520cc4e1831416b321e97951
CLIENT_TRAFFIC_SECRET_0 ef30185956d216aaae6a2516a3cfd1cbff92553c945a2905d2e392bfcae3be51 62db86e50f080eddea22966cd72de85899bd0b9823f9f888ae92771c89eef3e5
SERVER_TRAFFIC_SECRET_0 ef30185956d216aaae6a2516a3cfd1cbff92553c945a2905d2e392bfcae3be51 3468bcf82c0289ce8fd4c81edd3222707962ca17dbb88cf64537e17fb44f3ef8
EXPORTER_SECRET ef30185956d216aaae6a2516a3cfd1cbff92553c945a2905d2e392bfcae3be51 c43d6eca2b53f7fac0995ed36acf7eee7c85461226e19c598cb618cb26820019
CLIENT_HANDSHAKE_TRAFFIC_SECRET 9e3396cedcc80b1881cb6a5fc042990a01488f0b2bef56381be0ba3b7dc267d5 341ac7cb77e41f81b358d746568619b47fbcde99ebcdb95764cb80ef685734fe
SERVER_HANDSHAKE_TRAFFIC_SECRET 9e3396cedcc80b1881cb6a5fc042990a01488f0b2bef56381be0ba3b7dc267d5 7e7930ec8a2633eb9d2143fe41d0b49c81e5a3ca9cd2ec43bee00a80267a1ada
CLIENT_TRAFFIC_SECRET_0 9e3396cedcc80b1881cb6a5fc042990a01488f0b2bef56381be0ba3b7dc267d5 1d4c674dd3b019a240c36453de5b03a5d87651557d578150d8709f6acdcfc1c3
SERVER_TRAFFIC_SECRET_0 9e3396cedcc80b1881cb6a5fc042990a01488f0b2bef56381be0ba3b7dc267d5 f38a82776402acadb7073ab570f9ddeab3b7eb1ec68b2c0d922433f9a1f2a761
EXPORTER_SECRET 9e3396cedcc80b1881cb6a5fc042990a01488f0b2bef56381be0ba3b7dc267d5 4e52c1b34bce167ecb8ed74fae50751d9d4ae7bb444517f8a24c7b1149315e5c
CLIENT_HANDSHAKE_TRAFFIC_SECRET 8b494f961949a669e53352a6d1185a1404eed055ae88015edfffe3a201016f6e 8a340bc4cc92e6830233d28b0bfa6d521b4cb8faa2592f06b40bda1b262416ea
SERVER_HANDSHAKE_TRAFFIC_SECRET 8b494f961949a669e53352a6d1185a1404eed055ae88015edfffe3a201016f6e 2100b8923b57b037e936f16523e8e001b5614d4c4533657482ae2e86d476e5c1
CLIENT_TRAFFIC_SECRET_0 8b494f961949a669e53352a6d1185a1404eed055ae88015edfffe3a201016f6e 4b8b8a88b6a29d1933d8ed0f3c23376dba56a3e7fb6aeb1c9cd1a185b5601256
SERVER_TRAFFIC_SECRET_0 8b494f961949a669e53352a6d1185a1404eed055ae88015edfffe3a201016f6e 2661dceebd095037b387039b8ac1c21051459d0d70980b51bacfff045c686c8d
EXPORTER_SECRET 8b494f961949a669e53352a6d1185a1404eed055ae88015edfffe3a201016f6e 4944fc547a3816111d8e2969e2452f894f9682f466fff77d98a30616f44982f1
CLIENT_HANDSHAKE_TRAFFIC_SECRET 9b2781f38ddc9409b9e337859ae1ffff2a36f5fd3bde6853ef2a338cd36e85da 86bc35ec62333ad0bde1044d735927c42c4213359291d6e01589778687aef7e1
SERVER_HANDSHAKE_TRAFFIC_SECRET 9b2781f38ddc9409b9e337859ae1ffff2a36f5fd3bde6853ef2a338cd36e85da b51b35f92f129c3dccc8c32b7d07adf282ea336653be9255cc6956844813db71
CLIENT_TRAFFIC_SECRET_0 9b2781f38ddc9409b9e337859ae1ffff2a36f5fd3bde6853ef2a338cd36e85da f2c2f81c6f2c9c8262011830ab5565ab1403df2d49f33bcec7f94c870f3190b8
SERVER_TRAFFIC_SECRET_0 9b2781f38ddc9409b9e337859ae1ffff2a36f5fd3bde6853ef2a338cd36e85da fd8d05426bb502054e254669383d62cf09ed6d48c79af2c9f4029477c46d4aac
EXPORTER_SECRET 9b2781f38ddc9409b9e337859ae1ffff2a36f5fd3bde6853ef2a338cd36e85da 1fbadd2cc38b15058a64329fcc862d28bb904c4b6a33e09fbd7c0f7e12572870
CLIENT_HANDSHAKE_TRAFFIC_SECRET b5c4b81a0e95defb447352226e9c8c0605ce9af15a1d20b886b4806efa8d7572 0349557caef7df0b218de50319b5116a656898b68fff9ab88eeeba69c4c2553f
SERVER_HANDSHAKE_TRAFFIC_SECRET b5c4b81a0e95defb447352226e9c8c0605ce9af15a1d20b886b4806efa8d7572 b3604dcbe1f5b1b7c5f6281bed9010ed695754838c3814ef68a5abf5db8e5295
CLIENT_TRAFFIC_SECRET_0 b5c4b81a0e95defb447352226e9c8c0605ce9af15a1d20b886b4806efa8d7572 5dff6a8cf8d846949da6559731d2d1a8b6337fc688b6fbfaf64ca2165b3fd7a0
SERVER_TRAFFIC_SECRET_0 b5c4b81a0e95defb447352226e9c8c0605ce9af15a1d20b886b4806efa8d7572 d1eee26ba0ad70c3238befbddd0c7d1cd83eb0cd712ed01874180a9888245cda
EXPORTER_SECRET b5c4b81a0e95defb447352226e9c8c0605ce9af15a1d20b886b4806efa8d7572 d7f575f2f536221188479ba607c9709620da4253f0434df562aee062f5b6396a
CLIENT_HANDSHAKE_TRAFFIC_SECRET c979fedec1861821e5fe45686e48e2789d69dde2e4e188cdf562f88d4ee8f08d c944943182fb0eda005216306e9791528ab440806fd523c90c672c387bba545f
SERVER_HANDSHAKE_TRAFFIC_SECRET c979fedec1861821e5fe45686e48e2789d69dde2e4e188cdf562f88d4ee8f08d 6b84dcfbbc4d0c22701495288a67090cc4e5d922a45231edfbca96dfa260f821
CLIENT_TRAFFIC_SECRET_0 c979fedec1861821e5fe45686e48e2789d69dde2e4e188cdf562f88d4ee8f08d deebcf0cdb569920c6f1db6907cba0d9a670f1ce315c7a67065c16d8552c2383
SERVER_TRAFFIC_SECRET_0 c979fedec1861821e5fe45686e48e2789d69dde2e4e188cdf562f88d4ee8f08d cecf12900867e5de3d24f6e682d39c03b1f54673ef423356cb5df5868759f8e7
EXPORTER_SECRET c979fedec1861821e5fe45686e48e2789d69dde2e4e188cdf562f88d4ee8f08d 6ae4671fcb38c6be02702b4dcb89bea05b18a0ddc33cb0096dccd94d329733d0
CLIENT_HANDSHAKE_TRAFFIC_SECRET cfdac440c2e558a9421f6e4bd76363fda1513d02b0d80c8e1b2b72eda7536685 4055f8ce68b51625ea4e15e70db3cb64c19a23f2551b4cbfe549ba6b80de4647
SERVER_HANDSHAKE_TRAFFIC_SECRET cfdac440c2e558a9421f6e4bd76363fda1513d02b0d80c8e1b2b72eda7536685 3cfb25c8a55a730f605337338d4bf8f137d6c41e8127db011332c413cbda5c41
CLIENT_TRAFFIC_SECRET_0 cfdac440c2e558a9421f6e4bd76363fda1513d02b0d80c8e1b2b72eda7536685 a3b576f3867a349cd8b909fda9df7a77ed20e92df05a1d62ae3ebe29188f25d1
SERVER_TRAFFIC_SECRET_0 cfdac440c2e558a9421f6e4bd76363fda1513d02b0d80c8e1b2b72eda7536685 93582da4909edaccb0c37892f07bcd4f84d8a8496a91ca4146cfc1992b1f7dc4
EXPORTER_SECRET cfdac440c2e558a9421f6e4bd76363fda1513d02b0d80c8e1b2b72eda7536685 81a3476bc9a7f5a53c31920d38cbd3b1e79fbd673bceb945661351281f6c7b97
CLIENT_HANDSHAKE_TRAFFIC_SECRET 26185303e20a80ba455f224c78ca12b3428386b0388d3eb809efe1b1409f93a5 3de4350dc55b1a14ca9c421110c27ce361382ec2b97b3b683c6c55cea06e5527
SERVER_HANDSHAKE_TRAFFIC_SECRET 26185303e20a80ba455f224c78ca12b3428386b0388d3eb809efe1b1409f93a5 667388bd222e987869e6b85beee8269f625beeb5924dde7e57d536a8c257ddec
CLIENT_TRAFFIC_SECRET_0 26185303e20a80ba455f224c78ca12b3428386b0388d3eb809efe1b1409f93a5 7133395c80141b5fa6138a0e1ac6da4109c5181a2f5f9fdb53027355ac7b7db1
SERVER_TRAFFIC_SECRET_0 26185303e20a80ba455f224c78ca12b3428386b0388d3eb809efe1b1409f93a5 92efa50ccd3a3ed9fca562538e9e0f0ba25bac6eedca502b4820cc12f4ad8522
EXPORTER_SECRET 26185303e20a80ba455f224c78ca12b3428386b0388d3eb809efe1b1409f93a5 3bedb5c37cfbafab45a680f048ff82ebab0267177f3694dd9cf69c63841f4b67
CLIENT_RANDOM 609e53485f68aae476cea439e5ac3061b35fca21c798d7d62c17265aa82c924a a95061e2e18c8bb3faa2510eccf84d8495c858e5a8159c0c584b251a710987a090515e8d117886a08bff1eb8a966c73d
CLIENT_HANDSHAKE_TRAFFIC_SECRET 9c62ea51d58aef5b8cf46f9e016a7881aa6ed816be7a1aba36d759312ac66d7d e4af5a332dcb9b076fef9f20c44124a3ca0be456eef9eb7a951d9e707ed2e5e9
SERVER_HANDSHAKE_TRAFFIC_SECRET 9c62ea51d58aef5b8cf46f9e016a7881aa6ed816be7a1aba36d759312ac66d7d 6bed449749e9d7448b0dadeed131269dd6011c426cb61c16ec258eeba0f8bb50
CLIENT_TRAFFIC_SECRET_0 9c62ea51d58aef5b8cf46f9e016a7881aa6ed816be7a1aba36d759312ac66d7d e99d81d3b80ebb5fb65703c8c410b0e8024e86c85b7303fe840f93e1017fd490
SERVER_TRAFFIC_SECRET_0 9c62ea51d58aef5b8cf46f9e016a7881aa6ed816be7a1aba36d759312ac66d7d 94f1a1b75d804e3a4d5521ed024fdcfd70ce8ffd2b82421a251826203f8b2ac4
EXPORTER_SECRET 9c62ea51d58aef5b8cf46f9e016a7881aa6ed816be7a1aba36d759312ac66d7d 37dd753153ac0cc10e21cd707aaff1313d4ba83f8e4543e8127699b1844ea9aa
CLIENT_HANDSHAKE_TRAFFIC_SECRET 42e512e21e31133bb9768d2afcd2fc5955c5cf84aec66592757a236903152462 75fbb7645e4a9c6562d66194b4dc175887a930e94662772565e00c0fcfa9de09
SERVER_HANDSHAKE_TRAFFIC_SECRET 42e512e21e31133bb9768d2afcd2fc5955c5cf84aec66592757a236903152462 52b380ba04d24aeb0a8b1fb46b94ec9684f557216ee455f90f46577d1d6762e2
CLIENT_HANDSHAKE_TRAFFIC_SECRET e87dbbb52eb836b4b89c6a4c4048710608fc1942a6360f3503a3077fb2ab8481 205c59dbf65e5d07bd986054e3aabb28a4755fb12ab45b9048a7eb2561e2092c
SERVER_HANDSHAKE_TRAFFIC_SECRET e87dbbb52eb836b4b89c6a4c4048710608fc1942a6360f3503a3077fb2ab8481 aa9c15261e6ea8c934a76133839e06c7a23b15f6588b6dbde41bcf0c1336bd6a
CLIENT_TRAFFIC_SECRET_0 42e512e21e31133bb9768d2afcd2fc5955c5cf84aec66592757a236903152462 786220b13b2f4abb0cd6982a2fcf73b5c04cee42f5afbd4e14635ef58e5e3352
SERVER_TRAFFIC_SECRET_0 42e512e21e31133bb9768d2afcd2fc5955c5cf84aec66592757a236903152462 cecab0722733ad6e976759f86ea092a0e19ce44c0c06bf6402d3c66524bf7962
EXPORTER_SECRET 42e512e21e31133bb9768d2afcd2fc5955c5cf84aec66592757a236903152462 62b884276df4b44d5639de46a262060e7e84dbb4826649242d0df73b9cb586cc
CLIENT_TRAFFIC_SECRET_0 e87dbbb52eb836b4b89c6a4c4048710608fc1942a6360f3503a3077fb2ab8481 d4870d8ce7f69cfc03ef00c0538c8af317419b8504c192774952857690972bf5
SERVER_TRAFFIC_SECRET_0 e87dbbb52eb836b4b89c6a4c4048710608fc1942a6360f3503a3077fb2ab8481 037ed0910560d9cdac9a9251faee69a1f06ed37e9c16b2d2e777acdb139bf78d
EXPORTER_SECRET e87dbbb52eb836b4b89c6a4c4048710608fc1942a6360f3503a3077fb2ab8481 64b614a2530a446081b7401bb2a552ede67a3dd2bfbeac1b81e77b4583032185
CLIENT_HANDSHAKE_TRAFFIC_SECRET 10592fd24e0c922104abb86d6c7fb3aead9626dc3df38497b7ca459aaaef8185 7c27bae8b0d3866ef035d41a0974cca2ee63d9f1c597d6460ef50da2ae62922d
SERVER_HANDSHAKE_TRAFFIC_SECRET 10592fd24e0c922104abb86d6c7fb3aead9626dc3df38497b7ca459aaaef8185 1552defd47597d9ce9c5e220100e5f4f533b97fb535ed7761640e4544a01a507
CLIENT_TRAFFIC_SECRET_0 10592fd24e0c922104abb86d6c7fb3aead9626dc3df38497b7ca459aaaef8185 9b4ac2a328135206280a607228549dec711a36f89304ce7fda9c6a17355574c8
SERVER_TRAFFIC_SECRET_0 10592fd24e0c922104abb86d6c7fb3aead9626dc3df38497b7ca459aaaef8185 c4439273e49abe850d8f7d365a781cda2002c0f32cf9ff99c555eb6fb3e019b5
EXPORTER_SECRET 10592fd24e0c922104abb86d6c7fb3aead9626dc3df38497b7ca459aaaef8185 73920977961e918d0df250d83ec6982724a9ab54d582aa175bb3647b7ade594e
CLIENT_RANDOM 5e6b479e498602172dae6d3a0b75e371fc2ce5d3a17d7f0143accd8bd84f8643 14801a10906897c7e64c5a91e8f8abf283608e310ba2a8048e6f83eb7d4182089c47a289f988a81cbea285a701dbdc7e
CLIENT_RANDOM 94bdbed79545a6800250e2a7bec6b69cd8bf2a785d6a967a68d6121fdf06a6bf d930d3630e3afed20cfec486ccd3b37d3a976e3c2a555b48b16bb15af85905bb57870313a31adea8c34d0623129ea430
CLIENT_HANDSHAKE_TRAFFIC_SECRET 7485940768414b852b2ae565789dfc68caa6b5e7029c151bad23cf2124c4cd2d 385741762c32d1f6ef0934b715010381409bdc097b90ffc71fa5b1632a088aa2
SERVER_HANDSHAKE_TRAFFIC_SECRET 7485940768414b852b2ae565789dfc68caa6b5e7029c151bad23cf2124c4cd2d b71359646c1cbf9783161116c1ba3fac0b4aa0aa869a37ff680212f11a5ee1ce
CLIENT_TRAFFIC_SECRET_0 7485940768414b852b2ae565789dfc68caa6b5e7029c151bad23cf2124c4cd2d 7d0a1af194fbce6f34001b2a0c7c91be21f308c57937d988ed42c85d84710647
SERVER_TRAFFIC_SECRET_0 7485940768414b852b2ae565789dfc68caa6b5e7029c151bad23cf2124c4cd2d a32a6c370dfe18b722494e8fa48f66c5af965ff673fb2e26cb4bda6d20d2dd95
EXPORTER_SECRET 7485940768414b852b2ae565789dfc68caa6b5e7029c151bad23cf2124c4cd2d e14c5f4ecad50926ac59b4fcce8bd773d8de8e306cf234a7200fedc24b563d05
CLIENT_HANDSHAKE_TRAFFIC_SECRET ce90118d7a68b1083d3deee6b4346d5bad83dd142fc56117e1e9923c136fd891 d7f5887725b5cbf9e363c905e06097f587beb092b802c1dc2d0c17edd00abf385cb26822868a0e7c373c953b20b16425
SERVER_HANDSHAKE_TRAFFIC_SECRET ce90118d7a68b1083d3deee6b4346d5bad83dd142fc56117e1e9923c136fd891 6298268d863343b443c9822fa3df78055fb5aa8b9c6254ed3a0e4ea3b2fb03254ab2a1bd301bc506c372291d5b8607d7
CLIENT_RANDOM e7d27f00fd0cd16588a442e8ddc08c363035e7c3ec31d3e8ee634855549e1f3a 28bbe49221744a9ccdcf1f22e7509ef74333ba0ec487e6292e1d4b30337efafe64358cf271515299796184be0a79224d
CLIENT_TRAFFIC_SECRET_0 ce90118d7a68b1083d3deee6b4346d5bad83dd142fc56117e1e9923c136fd891 4d5b7edd846ef4cc2ab70a5387c4f475a24402544193f31ca1352d75dab31bdbcbd0921de910d2a127133917b7153708
SERVER_TRAFFIC_SECRET_0 ce90118d7a68b1083d3deee6b4346d5bad83dd142fc56117e1e9923c136fd891 f17ea0e673c9b9b7d1104668399820f3e3736043205f2f51beb956717bd842e7abb86b5956772b209b10860bdc82237c
EXPORTER_SECRET ce90118d7a68b1083d3deee6b4346d5bad83dd142fc56117e1e9923c136fd891 6e89c0d1e7dab8b9275cee74c9bc3677b9f916f3e892040ed237f04e0e5a40ffd5a62ebc7bcde6488b6ae3d4ca2ccd35
CLIENT_RANDOM 23e0580c52c22558233b22228632d212e2689224aaa0bb96c62405ca31f7a518 156e0ef83a90ec1f7e6e276cf4cdd7179713cc2ddc6641f9c34af7c3983035e14f8cdb45886d18d73ca2d8b065e991ab
