CLIENT_HANDSHAKE_TRAFFIC_SECRET 4893fed2f0c45ba6ba73ca4414b8e9cdc7608f8cd179e9aa989edc1b0a23a3dc 11fb5b7871564527ac1644ca3987d4951018156822f622fb21c06f24e486c800c7345814a979318603c96904965e2cb5
SERVER_HANDSHAKE_TRAFFIC_SECRET 4893fed2f0c45ba6ba73ca4414b8e9cdc7608f8cd179e9aa989edc1b0a23a3dc d7d86e99646bd873b0fe3859dae54badf54ae4bdbd5478dd871b2aabadaead86de8502b9c83111e28dcf98a1c81cf03c
CLIENT_TRAFFIC_SECRET_0 4893fed2f0c45ba6ba73ca4414b8e9cdc7608f8cd179e9aa989edc1b0a23a3dc 71bbd651ea5d585a8a51b1f03def7dbce769d9e35879cbcd811f307c87f098da727916bafb32793a46cd250e123e2d29
SERVER_TRAFFIC_SECRET_0 4893fed2f0c45ba6ba73ca4414b8e9cdc7608f8cd179e9aa989edc1b0a23a3dc 84838fc58363b9c9a9f64c3aa63b6111d789bbe1b7edfb3a8a5948be388eb773188358add671ef6e7cf10b8cd4305bf5
EXPORTER_SECRET 4893fed2f0c45ba6ba73ca4414b8e9cdc7608f8cd179e9aa989edc1b0a23a3dc c851b047fdf3bc7e204b7c3a69970cdfcaca1a001e2832ce39cdf5363ff377db261b4b0a1c6215a4968a62a23f2cedd0
CLIENT_HANDSHAKE_TRAFFIC_SECRET bbdf3d32ea55ff045d8452b08ded650fc32fd361e15dbccad454b4d3ab7cd81a a9871da1aa3c249c8eb9d50025ed69294b5e2fca1adfd1b31bc26e9a1ce72c563d085ba5e02927fed1396690e8b1fc9a
SERVER_HANDSHAKE_TRAFFIC_SECRET bbdf3d32ea55ff045d8452b08ded650fc32fd361e15dbccad454b4d3ab7cd81a 2b82c41ed38a32cac941cee2e45c1a92ce646300841ea62355fe4eee11f274ef2801720785c5cc0253ce0d1d6f3ca13a
CLIENT_TRAFFIC_SECRET_0 bbdf3d32ea55ff045d8452b08ded650fc32fd361e15dbccad454b4d3ab7cd81a 5b196ca2f4b13264f8cebb6711307a3d0f67555896a6110e84589b8677051cf926844e67f049117977d84b87732b0c57
SERVER_TRAFFIC_SECRET_0 bbdf3d32ea55ff045d8452b08ded650fc32fd361e15dbccad454b4d3ab7cd81a f2b25101c34f56a13ae81196f1f2bd7d208ca7f021c5d7c148e1e35b4c9387f5f49d0de184d7551d5f865dabed6ef981
EXPORTER_SECRET bbdf3d32ea55ff045d8452b08ded650fc32fd361e15dbccad454b4d3ab7cd81a c88a953495142f3ec7d2e7e44172f0514a5e4d6912d0eae7cca39fd1d57a27fd687f749e93b1893d87d10f1954be6769
CLIENT_HANDSHAKE_TRAFFIC_SECRET a5d598c86ccbc07451b4d128df5e36234d68d59d37d0d3625a24d59fe924e954 f80962688df5f44bc6b56b63cacbe24040d9afa7564bef78a07016947d625a362a57690b36fba293c900d08593ecab52
SERVER_HANDSHAKE_TRAFFIC_SECRET a5d598c86ccbc07451b4d128df5e36234d68d59d37d0d3625a24d59fe924e954 03a1d93a4374f6f2340a87ea6e1b0a29bb75f5699f8f1693fcb1ab6bd9655012cf39300ae25fa7345379be6b140886b5
CLIENT_TRAFFIC_SECRET_0 a5d598c86ccbc07451b4d128df5e36234d68d59d37d0d3625a24d59fe924e954 dd732b1e2f542936269f9570eb878a32a73fcc7bd1695e177097641af1efebd1a305f3791761827c1199b9911d832d01
SERVER_TRAFFIC_SECRET_0 a5d598c86ccbc07451b4d128df5e36234d68d59d37d0d3625a24d59fe924e954 79f203376824aeacf215d65c97569133b65d0e9137195c29efd847d733f1b12ae27848d3d126e89a76a0b9f53d566cd5
EXPORTER_SECRET a5d598c86ccbc07451b4d128df5e36234d68d59d37d0d3625a24d59fe924e954 a5b9b3df28a5bcb1400666b7ae10c87978ebaa1464d5be3bfc7c893991aec449e395c2c2a79ea49725a8b6a39eb8f62c
CLIENT_HANDSHAKE_TRAFFIC_SECRET 3320701af39e228523d6be86fe7b33b3ffc66b01351d1114ab05c32abedf7ba3 59b9301cb23a6b65fefa2d9a076871bb0676e951678310283ef5f77abcc8fe9ef618f121a127ff9ee24088fc465b6903
SERVER_HANDSHAKE_TRAFFIC_SECRET 3320701af39e228523d6be86fe7b33b3ffc66b01351d1114ab05c32abedf7ba3 aeda6e6b4eb6c9a113ca91d139ccb08c55d6d36ba277444787887672c67a45a3e32a3b92d0c7e550e5312d4f695d7063
CLIENT_TRAFFIC_SECRET_0 3320701af39e228523d6be86fe7b33b3ffc66b01351d1114ab05c32abedf7ba3 c0e2b7f9e7c906990649c25cf473db4ae38f2930ac86a838b19cb8ccee2b642d09126e8cf06f932d9d7f735925d1edcb
SERVER_TRAFFIC_SECRET_0 3320701af39e228523d6be86fe7b33b3ffc66b01351d1114ab05c32abedf7ba3 a9abcdb16563c6be5355c7035bfb89e5f65be1a1723d9ac7283d97f2f8b620ef6aea92750b98695f5d139b2722fca899
EXPORTER_SECRET 3320701af39e228523d6be86fe7b33b3ffc66b01351d1114ab05c32abedf7ba3 ad9c55c10b101a277041d7d13b1971a277eb13b3bc9bc527e5be9e36cc31edf858a4a12450b88e4bb17996e61ff18a26
CLIENT_HANDSHAKE_TRAFFIC_SECRET a61fd2bdcd7ca1e01e732feb564052874262107f9a9077ff5a2ef87049bac808 2847792d00f98448ebac6b16a8f8d4faad0dbb77b2e4b826f4be6dc23651f9e03c48b422bd0f6497b748a9440bc50e89
SERVER_HANDSHAKE_TRAFFIC_SECRET a61fd2bdcd7ca1e01e732feb564052874262107f9a9077ff5a2ef87049bac808 83f3074002141fbf2dd2864b5799faafc9659139045377364542c1ec4c31a979490b7a7064d86abc1ed589de05263936
CLIENT_TRAFFIC_SECRET_0 a61fd2bdcd7ca1e01e732feb564052874262107f9a9077ff5a2ef87049bac808 dc640c3b77b0b9f6aec3ff01eb179b3a20d2eb78e846224bb75fb7ddfde171362b6c7bd1f0af51fc3da65d5368ef9c83
SERVER_TRAFFIC_SECRET_0 a61fd2bdcd7ca1e01e732feb564052874262107f9a9077ff5a2ef87049bac808 b396a64ec223c169fcf55e71ef4dc8026be44021c432b377c6ee828a2ba2072760e14d4a9ee405e2d328c81715b171ac
EXPORTER_SECRET a61fd2bdcd7ca1e01e732feb564052874262107f9a9077ff5a2ef87049bac808 f9c94ca60e0df2486189f447b0963031e4b6fdf2cf62820fdea16603e707aa9db4f116a0610256bc4fb79bce4c3c59d3
CLIENT_HANDSHAKE_TRAFFIC_SECRET dd403a0089eaa2a917aec98ebedb36f86cfdd5ff42bd8bf4e57b456b11c192d2 dea6175331cf5f0aeebfde73343fbd899722f8314686617bb2adf3a185a1aba2929a1b5c43389d9a9f117f26d798fed6
SERVER_HANDSHAKE_TRAFFIC_SECRET dd403a0089eaa2a917aec98ebedb36f86cfdd5ff42bd8bf4e57b456b11c192d2 a1e9327d1882e4e41a65bdd943aae16b868e9191ea1817b038e853c71d169eed15f3708eeba8de6d45b34306f04ae9d5
CLIENT_TRAFFIC_SECRET_0 dd403a0089eaa2a917aec98ebedb36f86cfdd5ff42bd8bf4e57b456b11c192d2 571dfb371d4bd10f9651c3a8ef5e16c75ddb1087e87fca23f0e16e1fc8b8aa0f21d0d1af8803967e4bf0ea410a6a507b
SERVER_TRAFFIC_SECRET_0 dd403a0089eaa2a917aec98ebedb36f86cfdd5ff42bd8bf4e57b456b11c192d2 1c0e9961e32297e6dbf4f08cc341e67b20499fa2ef7948dc671b3904f0b518984498f29a00171625c4368c144e887e0f
EXPORTER_SECRET dd403a0089eaa2a917aec98ebedb36f86cfdd5ff42bd8bf4e57b456b11c192d2 35deaf3053c013cb9faeed0437f4dc88f28cafda43b514adc6cd62654c149f162997879a70f3c2451cefa0c4893eea9e
CLIENT_HANDSHAKE_TRAFFIC_SECRET 3bb8e60421fca2ed3d534999995d84293748cde8178e2f6aacaf005405b33ff5 fdf097c368fed5e0199d9e63dc90b28f4fad000d7bd7c7d982399c6397f5f8d0a51f95cff784c8c36a6ebe5c44c6b464
SERVER_HANDSHAKE_TRAFFIC_SECRET 3bb8e60421fca2ed3d534999995d84293748cde8178e2f6aacaf005405b33ff5 4449180800d07734a7c96ed97e38ade9bf2353b842c175221d6e3fa2b7eeaabb1f1bc908c5e4b3ec9be7e5bac53bd311
CLIENT_TRAFFIC_SECRET_0 3bb8e60421fca2ed3d534999995d84293748cde8178e2f6aacaf005405b33ff5 b1830717d545c4aa170c4c4cc54a6e7dbaf49e113f29c51b35c720425a5cd8bf2e009b633ae00d60e2616aa03a4604aa
SERVER_TRAFFIC_SECRET_0 3bb8e60421fca2ed3d534999995d84293748cde8178e2f6aacaf005405b33ff5 2545508ac43683439a65c943f19f4edae4808b9d9d7a43dd7b14f7ee56ee6dbc73dac641452bd2835750fb3e107600b6
EXPORTER_SECRET 3bb8e60421fca2ed3d534999995d84293748cde8178e2f6aacaf005405b33ff5 339abcaf76206ac67d0af59ea2f2cf711a7f1e6ae9c36ca5ce8bc10e95ec14862afe113fb7b720e3ed8148562534c46a
CLIENT_RANDOM 58cd4050bc354ee7177451efe34347251ec525f40260544dfdc7bd209e11e4c6 0930f8fd4fa9eac0dcd15b14d4287f3755e43423999e6f4c033c8f2f776a563e671d3a99f3de0f9176d868324a30c1cc
CLIENT_HANDSHAKE_TRAFFIC_SECRET c14e4a4aec91f3f08d77f87ffc6bc80db991bbabc78eb0b853b1e1281b6b2394 586c5deeddc7ac73de1f4a76221694715e84903686590b2d8d73de60167153ce
SERVER_HANDSHAKE_TRAFFIC_SECRET c14e4a4aec91f3f08d77f87ffc6bc80db991bbabc78eb0b853b1e1281b6b2394 44a5b0636216eb3356512743c62d1ecbd6b694d27c480ec7aa6639e28364ab28
CLIENT_TRAFFIC_SECRET_0 c14e4a4aec91f3f08d77f87ffc6bc80db991bbabc78eb0b853b1e1281b6b2394 e05fe44f65cbe500b14038ec602af63a6b338ad506d8cd1851311a3c8455492e
SERVER_TRAFFIC_SECRET_0 c14e4a4aec91f3f08d77f87ffc6bc80db991bbabc78eb0b853b1e1281b6b2394 b067ead8863077a24d920b399ff1017be2e059e6d54c000c6a85668c7c2eb96f
EXPORTER_SECRET c14e4a4aec91f3f08d77f87ffc6bc80db991bbabc78eb0b853b1e1281b6b2394 85202c11b5c2391d09396de23be7df5c81269cd81fb98ed82a47bc8b56e81f44
CLIENT_HANDSHAKE_TRAFFIC_SECRET eb3dc1bfc000c0135448d120c66f34fab6a406cd659288887ed88e55a72e6e7e 4c2bb8de9e48fa709e3752fffd5ef2d0f6fbb65e1af66e61a8cf41c0ea2c3b40
SERVER_HANDSHAKE_TRAFFIC_SECRET eb3dc1bfc000c0135448d120c66f34fab6a406cd659288887ed88e55a72e6e7e badae4b9077d0652f256701cae9db4a56e252f2473af76206023aa509cc8cce4
CLIENT_TRAFFIC_SECRET_0 eb3dc1bfc000c0135448d120c66f34fab6a406cd659288887ed88e55a72e6e7e 55f5dce08582f4b6cea32e663941fcfd7b933cc697eece08e1ccab68c89404c6
SERVER_TRAFFIC_SECRET_0 eb3dc1bfc000c0135448d120c66f34fab6a406cd659288887ed88e55a72e6e7e aa0d2250e14c43ac3e5e19ba5d4162ecd1f548426b5098bc8b8f51e0af561459
EXPORTER_SECRET eb3dc1bfc000c0135448d120c66f34fab6a406cd659288887ed88e55a72e6e7e 675219dfd1f5233d4736edd860299eea3f7eedf2d5e90f9ca3503ba8abc3e7d3
CLIENT_HANDSHAKE_TRAFFIC_SECRET 7f0afcfb75748c319f904d3054cadbdb3a540b0ec44fb3b78a1c9ae9dc6bb33d 2766ea1909274906d5fbf14776e7533dac709a07d3a048af5647b0024297c41ba620a193cebfcaebd4fb149a6ff8f7ea
SERVER_HANDSHAKE_TRAFFIC_SECRET 7f0afcfb75748c319f904d3054cadbdb3a540b0ec44fb3b78a1c9ae9dc6bb33d 2182a68a73d04afd872e03d7304ab517f3a03bc2ef8de1f4099733e5acfbf1b0f9c80d63a741c398b46f65ff61737d4d
CLIENT_HANDSHAKE_TRAFFIC_SECRET 738a39639bf948da951104f6d592aa88832367d8a9429357519f74c74fe5d134 0607d1fd22426a2900377ddf6062afecf69b31d66e2b30a07cc83332ebb45a89993578b5cee70128193a7ab08eddaf83
SERVER_HANDSHAKE_TRAFFIC_SECRET 738a39639bf948da951104f6d592aa88832367d8a9429357519f74c74fe5d134 ad470512f6be6f86a6ef9f7c91be6231c17d75d7ab73b48e150e9130645f1ca914e633a0cc13479cde80e8b645131296
CLIENT_TRAFFIC_SECRET_0 7f0afcfb75748c319f904d3054cadbdb3a540b0ec44fb3b78a1c9ae9dc6bb33d 57ed4a577229e021e2c28714330dfc24c563843beca1ce0f7bed4f3394a35eb057a7b0eeb601e706dfa9dbbfbe75e4ba
SERVER_TRAFFIC_SECRET_0 7f0afcfb75748c319f904d3054cadbdb3a540b0ec44fb3b78a1c9ae9dc6bb33d 4703c9838110f2dd2f8af094cfea2882e674df6fc7d9679925de2925aca6d9f373e4e47978e082bcd6fd2b6bee6db2af
EXPORTER_SECRET 7f0afcfb75748c319f904d3054cadbdb3a540b0ec44fb3b78a1c9ae9dc6bb33d 77f7d2fce2e57ad15deed269a27102bd21daff67a6680061f117c11b0fcbb63f68f012a4cd97c22564b72bc1eb97a20d
CLIENT_TRAFFIC_SECRET_0 738a39639bf948da951104f6d592aa88832367d8a9429357519f74c74fe5d134 57e24b84071067f4925e0ef5869c9bde90f91c2a48e629bf2e962678380f74e66811e945bf3df8a058cdccc29d25c54a
SERVER_TRAFFIC_SECRET_0 738a39639bf948da951104f6d592aa88832367d8a9429357519f74c74fe5d134 626fa704824c7f614e353aadcb1eb46150d93f87edbb0c9b397dc16535bf65ba279099fecaf9e133508a205fdb6f2fbc
EXPORTER_SECRET 738a39639bf948da951104f6d592aa88832367d8a9429357519f74c74fe5d134 d4504fad5ba3a7ba6ee229aefac1b6377afbdcd26526f64cc18274efebe27d7e7a509f85cd4655fd4ae1bbad295ef2a3
CLIENT_HANDSHAKE_TRAFFIC_SECRET f85180349c4230bc8b336a90a6b122018d363084c43cde7a0c347e1b507c670e fc17f0706bc19010a708060be72371a09fe6062e5ab8fe0f6649ff4acd96f453d0b58982ab917c511da34a992a2c0452
SERVER_HANDSHAKE_TRAFFIC_SECRET f85180349c4230bc8b336a90a6b122018d363084c43cde7a0c347e1b507c670e aeedda3331d332571d03e38500545348c2d7fa7b4f54c077a8c0df26a254bd91f3ff4449f46dd1ae16b8f5199023c212
CLIENT_TRAFFIC_SECRET_0 f85180349c4230bc8b336a90a6b122018d363084c43cde7a0c347e1b507c670e bad57ed46199f5265aafe878b1735f8cd7ec7f0bebaa18efca10a7d3ee0bb3b349eac2899d2d11ce6abc2d6beffc9317
SERVER_TRAFFIC_SECRET_0 f85180349c4230bc8b336a90a6b122018d363084c43cde7a0c347e1b507c670e 670a84b8190b18dc2d1d4345ee810d1aaca96c7b90dc4d6068794b7e29ce29230a65a973e8998524a9377082f7278066
EXPORTER_SECRET f85180349c4230bc8b336a90a6b122018d363084c43cde7a0c347e1b507c670e aeb3b863682ecca8998fd73660fc648de4714f598b70ee98786ecf8cbd3af2bcee8629210a99cd499ac9ba064ddc8b94
CLIENT_HANDSHAKE_TRAFFIC_SECRET dae88cf2e82ba09f2b7308ae6243ae3d8624a6c73d1513376a806d14765b0cbe 75861d41533dbf97ca6e6826504a1586fe3185ea300c69362c1d32167ba0c428
SERVER_HANDSHAKE_TRAFFIC_SECRET dae88cf2e82ba09f2b7308ae6243ae3d8624a6c73d1513376a806d14765b0cbe aa1da9ceb1308c0ae15b5c9b2c161b3e74909fcb63a89811e9366ceb0d2a411b
CLIENT_TRAFFIC_SECRET_0 dae88cf2e82ba09f2b7308ae6243ae3d8624a6c73d1513376a806d14765b0cbe 43115d1c12e289125d73bbaaf70bbab9452b324d6550d62d39b30ee4dfe7864b
SERVER_TRAFFIC_SECRET_0 dae88cf2e82ba09f2b7308ae6243ae3d8624a6c73d1513376a806d14765b0cbe 3126079a3708ba392d1f48395d59247862dce2e31c0a4300aa3ed8046cdaed05
EXPORTER_SECRET dae88cf2e82ba09f2b7308ae6243ae3d8624a6c73d1513376a806d14765b0cbe a9f43c1e77228be15662000c7b1db025a99e348b489d6f5d4bc2efdadda77393
CLIENT_HANDSHAKE_TRAFFIC_SECRET 68838fa18d384b0d1a8113e530a407812931714bb4c29d807cf741128c9d3cf2 858663e4d2661313adffd0de5ec62c9e205770c10334fa414fecdd9beaf8a357
SERVER_HANDSHAKE_TRAFFIC_SECRET 68838fa18d384b0d1a8113e530a407812931714bb4c29d807cf741128c9d3cf2 7e570c2c14771ef68c8916d49cb285e9ccbc7a71ff0889925de6c751cdbb30f3
CLIENT_TRAFFIC_SECRET_0 68838fa18d384b0d1a8113e530a407812931714bb4c29d807cf741128c9d3cf2 a57962e0e42e602ad829071697e0768f52a5f16c949f9cc9272d6e21ddee7faa
SERVER_TRAFFIC_SECRET_0 68838fa18d384b0d1a8113e530a407812931714bb4c29d807cf741128c9d3cf2 adfdd77854f293e8abddb71be648e23fc6b9f8883cb1989674136d3d5b236d40
EXPORTER_SECRET 68838fa18d384b0d1a8113e530a407812931714bb4c29d807cf741128c9d3cf2 143a8dfcdaf00fabc38a2fbb90f5c3b5bdb04c7c09aedc4e42c31efb5d081169
CLIENT_HANDSHAKE_TRAFFIC_SECRET cbcbd731793508ccbeef5b641f24b520a064122388e3586ec376f1b604d622bb bb736415477263c007846fd5b4604dff354901f1a3cbe10f3bbde38d9b1c068c
SERVER_HANDSHAKE_TRAFFIC_SECRET cbcbd731793508ccbeef5b641f24b520a064122388e3586ec376f1b604d622bb 1b9d1dbb8616659d490a7644bd8c012c27115ea0f29f60a06395eb893573107c
CLIENT_TRAFFIC_SECRET_0 cbcbd731793508ccbeef5b641f24b520a064122388e3586ec376f1b604d622bb 3622bfccf26ba0d5ed40273b4f48ea5c36613872696be1412c0ed33691367472
SERVER_TRAFFIC_SECRET_0 cbcbd731793508ccbeef5b641f24b520a064122388e3586ec376f1b604d622bb a8b1cf8f9ab1e1ece6f3ea654edbdabeb09fe2a3b04fe0d016c58e4d9cc53f6e
EXPORTER_SECRET cbcbd731793508ccbeef5b641f24b520a064122388e3586ec376f1b604d622bb 0eedff3568ad3be2070cd71c42c0e8f9e92ad3e6d5f2508b0f874e9cb0bc8b49
CLIENT_HANDSHAKE_TRAFFIC_SECRET 1164ec5b598c8c78c1ad0e113e34858afb8cd9c311019af8cb0ab84f3e3fe442 81bd1f0dee44e0c21031280095233c6b39dcaa323b8ea30cc689949db7ed94eb
SERVER_HANDSHAKE_TRAFFIC_SECRET 1164ec5b598c8c78c1ad0e113e34858afb8cd9c311019af8cb0ab84f3e3fe442 76a18561c89dd45886302d4e43051b7effaf134f2ea7cf61fd56f14c58f59cac
CLIENT_TRAFFIC_SECRET_0 1164ec5b598c8c78c1ad0e113e34858afb8cd9c311019af8cb0ab84f3e3fe442 5154b2e05fdb81d21a1b9f3fcce84e35ab8cabcfaa235c7717efbf6bd560f18e
SERVER_TRAFFIC_SECRET_0 1164ec5b598c8c78c1ad0e113e34858afb8cd9c311019af8cb0ab84f3e3fe442 174eb04ccaac975676eb6027a04285a6904f7ec5783b757b6db8cd013af597ee
EXPORTER_SECRET 1164ec5b598c8c78c1ad0e113e34858afb8cd9c311019af8cb0ab84f3e3fe442 6b0a78285625e0cc30d2d52e122d4b23b50a74d78988d659b356cc51d162684f
CLIENT_HANDSHAKE_TRAFFIC_SECRET 7458634f3daf89e150678e3337140156f3638af705ae0824bf2f568e25dce10e a702a1948a44452953768dfe2e8f98a5bf91ab287d3279f46f733e743f6c1523
SERVER_HANDSHAKE_TRAFFIC_SECRET 7458634f3daf89e150678e3337140156f3638af705ae0824bf2f568e25dce10e 1f5fe26758442817ee81e97861417d5115a914fe810905de94d293a12848a3e3
CLIENT_TRAFFIC_SECRET_0 7458634f3daf89e150678e3337140156f3638af705ae0824bf2f568e25dce10e 9c344698017d4062951b89f750b26fbc499290a73b82982f41dc8aa4369939e1
SERVER_TRAFFIC_SECRET_0 7458634f3daf89e150678e3337140156f3638af705ae0824bf2f568e25dce10e b2beff1858072f02a88dcaaa70cd6f1920718e16fb139ed8f5986576e53d1bef
EXPORTER_SECRET 7458634f3daf89e150678e3337140156f3638af705ae0824bf2f568e25dce10e e23d19d4e83bcdf4985f9e0ea19d9824bbad32be1193dcf95c7c27665d02a645
CLIENT_HANDSHAKE_TRAFFIC_SECRET 634dcfebfa2b6640d3cacee5c1111246290f5384cfcb6c414eccc41a922b9555 1772ca86eed9fc1432d502bdfebe7df38e92b698ffff480256b1eb2d50c12766
SERVER_HANDSHAKE_TRAFFIC_SECRET 634dcfebfa2b6640d3cacee5c1111246290f5384cfcb6c414eccc41a922b9555 0da989a77720ae8e337add1e168dd4029d075f3a4bca8e5cf4843e77b1f9363b
CLIENT_TRAFFIC_SECRET_0 634dcfebfa2b6640d3cacee5c1111246290f5384cfcb6c414eccc41a922b9555 967813d08453f40fc9e8e1a5dba63d015916cda2170092bd8865cfd1266e1ed4
SERVER_TRAFFIC_SECRET_0 634dcfebfa2b6640d3cacee5c1111246290f5384cfcb6c414eccc41a922b9555 733b8099b35e4ad0856c1044431633b2b675d8b528850ebc04f436bad3cd85ba
EXPORTER_SECRET 634dcfebfa2b6640d3cacee5c1111246290f5384cfcb6c414eccc41a922b9555 e9e5ca979ebcba75760e8d0e96c60a2e48b1f259c7fe2a40e5d35d177dababca
CLIENT_RANDOM 329b79fc66a635e20ee5d9ed70750a68ef0ca158001c6b630a557838a7eb5a36 a4dd11b67a4eda283ba2840979bf539e01b65beee6d814c87f5e07eac0072fb3a2385dfe05596dfb663265ebd7cfac6e
CLIENT_HANDSHAKE_TRAFFIC_SECRET 20ad25671e25ce3447ab0cbaf6f5c2153e0caac8d250ccc6b0f10c69586a874f f692b3bff8ea9d4b86241ebf068e7af35383799b469b3e0723ba85f4016fc70f
SERVER_HANDSHAKE_TRAFFIC_SECRET 20ad25671e25ce3447ab0cbaf6f5c2153e0caac8d250ccc6b0f10c69586a874f 8b0441e1ff7700e8f4b67f559d04d8024a1d5e066e3e4f636ac54b8ea0d7e352
CLIENT_TRAFFIC_SECRET_0 20ad25671e25ce3447ab0cbaf6f5c2153e0caac8d250ccc6b0f10c69586a874f 175cd48df108b64655df37ef31612fca19f5100f96a53c4041c66b1edcc2b19e
SERVER_TRAFFIC_SECRET_0 20ad25671e25ce3447ab0cbaf6f5c2153e0caac8d250ccc6b0f10c69586a874f 7f7726142c80b8f35a72ad35c15ba9eb88c84d13c5f4607b4b1eaeb52fe77536
EXPORTER_SECRET 20ad25671e25ce3447ab0cbaf6f5c2153e0caac8d250ccc6b0f10c69586a874f ae68f5986e7d6823df29aac54f9f7b601d886697c34626a15fb7cf8745b66d39
CLIENT_HANDSHAKE_TRAFFIC_SECRET a0caadbfc4cc4254dabbbc4269fc437f8064d616dc83bb6980c478289f04de35 139834f65a288b475ea5392fe0089a6ffd09376a55392de8f508e95f4afa58cb
SERVER_HANDSHAKE_TRAFFIC_SECRET a0caadbfc4cc4254dabbbc4269fc437f8064d616dc83bb6980c478289f04de35 97431bcf614f787174fa988c4a4db0f7b2f78b0f750a19866395fd61ba6864a2
CLIENT_TRAFFIC_SECRET_0 a0caadbfc4cc4254dabbbc4269fc437f8064d616dc83bb6980c478289f04de35 5342d78eeb2b28fc8fbd9b5f2222a6f16967f4bea767b72acf6f35744d8d6299
SERVER_TRAFFIC_SECRET_0 a0caadbfc4cc4254dabbbc4269fc437f8064d616dc83bb6980c478289f04de35 3e4f7c9491a28a0131e27e6e9ad00a561e79b2b75d62508c5575fc38a4d02a2e
EXPORTER_SECRET a0caadbfc4cc4254dabbbc4269fc437f8064d616dc83bb6980c478289f04de35 fda3458e1fe7f7bd60e2dbcb99193ccc6b81f117ae99cd1ab7eb18b791e6c8c0
CLIENT_RANDOM cfad0c13820806f5025e4f40a13db3f5bd1f11c4a4567f5cf8a29d0770db837e 6282526ed64b71e276d1e99b268f682259c6af5a32a3d1d02fd8472d8f51722f22ae3ee282287c82501ca9d1a53c5545
CLIENT_HANDSHAKE_TRAFFIC_SECRET c1e71b92a43f0f2236b39e8f50c2537d7c817a50eed4a2294d9cf02780043184 ed4331b2fd37f5086d74faa54fe9fe13825235643b584a387bb07e7b61a7ac7e
SERVER_HANDSHAKE_TRAFFIC_SECRET c1e71b92a43f0f2236b39e8f50c2537d7c817a50eed4a2294d9cf02780043184 9b7e5e5e60a56a21357df27ba9acc7fb1a1377e1bfbc89bc0b69b1163f33a1cc
CLIENT_TRAFFIC_SECRET_0 c1e71b92a43f0f2236b39e8f50c2537d7c817a50eed4a2294d9cf02780043184 14b9aa9f67a1ec53cd3c5b020d073d4f0020f328156cc3cd123e078a7ebfbf2d
SERVER_TRAFFIC_SECRET_0 c1e71b92a43f0f2236b39e8f50c2537d7c817a50eed4a2294d9cf02780043184 0a857e13fc1c7587061ad05ef910f2d6ee201d87ebc5efe081e96e006b963fb0
EXPORTER_SECRET c1e71b92a43f0f2236b39e8f50c2537d7c817a50eed4a2294d9cf02780043184 9cc9a975398da042b2e8b1653388b267cd1219e1ed6d11112dad0532ce427c47
CLIENT_HANDSHAKE_TRAFFIC_SECRET 0b4a15af6719529ac0a2dc7c35f76182744caaf906fedec63942ae129ea501a3 561bb3903e66338e4774deec3aeb35e6409dc7f80a7a16cb4660ff8b36e76047
SERVER_HANDSHAKE_TRAFFIC_SECRET 0b4a15af6719529ac0a2dc7c35f76182744caaf906fedec63942ae129ea501a3 8e0d0f38c43e0a38b906975e7b7a9d3785f8617c1d34e6faa1ff0204e172d5ac
CLIENT_TRAFFIC_SECRET_0 0b4a15af6719529ac0a2dc7c35f76182744caaf906fedec63942ae129ea501a3 f894c42e16b1f253a197d0080fed455bab55a777e70667e25052609d50158c52
SERVER_TRAFFIC_SECRET_0 0b4a15af6719529ac0a2dc7c35f76182744caaf906fedec63942ae129ea501a3 046fcd3a78eb28c93a1c2a396bf102d2b246ba14b3fee7a0996f01a60326433a
EXPORTER_SECRET 0b4a15af6719529ac0a2dc7c35f76182744caaf906fedec63942ae129ea501a3 69741965eec40f0ee077a0ee7df065096cf40a5d777e9cfd92f4bdb987280a43
CLIENT_HANDSHAKE_TRAFFIC_SECRET 51bd101e9a80e811f2bd11d2f5eb2dc6e1a39b0dddb8b89e1c27f546dfa722f6 42cf1ec363d8e45cdebac7a2ad8d2cdb892b455c5042f8a2ddc197855c3ab8f3
SERVER_HANDSHAKE_TRAFFIC_SECRET 51bd101e9a80e811f2bd11d2f5eb2dc6e1a39b0dddb8b89e1c27f546dfa722f6 e5d1316958dc4e6846502a86ed25db5421fd92487d5362360a0807dfe1dd13f3
CLIENT_TRAFFIC_SECRET_0 51bd101e9a80e811f2bd11d2f5eb2dc6e1a39b0dddb8b89e1c27f546dfa722f6 aa0ef6cd4274d4fe05faea4baf4d1a351aa0b6673129614fdbabf717b78b166c
SERVER_TRAFFIC_SECRET_0 51bd101e9a80e811f2bd11d2f5eb2dc6e1a39b0dddb8b89e1c27f546dfa722f6 0f851862108b4753db56054449edfe174b2b42fa3ae2b7b8b0e3bcb8e73606b9
EXPORTER_SECRET 51bd101e9a80e811f2bd11d2f5eb2dc6e1a39b0dddb8b89e1c27f546dfa722f6 04e8276f13d95b3e3021f273404aac3f573da5e6b3c8b9836e6809f01cdb0003
CLIENT_RANDOM e03b61586efefbeb2a3607e75cce922f43680b89b238e5f4c9457fb62cbedd87 02304d31c72223fb4d29600985656e50b74da8476562beb4a44f06c8aa11a0cc5bb7ba47ac73041a40c942c9be18b73e
CLIENT_HANDSHAKE_TRAFFIC_SECRET efd18e607389508d495239f0dd74638b5218d00578c82ffe21ffcbef5154d12e b19942ef6b5ae955bccb3a545478bee22dc3559f00a146b61a277ebe05cc0dd9
SERVER_HANDSHAKE_TRAFFIC_SECRET efd18e607389508d495239f0dd74638b5218d00578c82ffe21ffcbef5154d12e 174f9a776f9a5b44f181030b6e95111291cf77adbcdd08f973871a3159af8393
CLIENT_TRAFFIC_SECRET_0 efd18e607389508d495239f0dd74638b5218d00578c82ffe21ffcbef5154d12e d4297c0d6957d8cd5742dfb63459b5208c804607866e8452ca806a9a0a215ff1
SERVER_TRAFFIC_SECRET_0 efd18e607389508d495239f0dd74638b5218d00578c82ffe21ffcbef5154d12e bb2b0bd94006c415008e6a2bb8dcd86112c1007d9448889594882796bbc8596c
EXPORTER_SECRET efd18e607389508d495239f0dd74638b5218d00578c82ffe21ffcbef5154d12e 566fbb3dfb3d7c4ed7e7bf9f011a8024546839a129b4cfd24de8cbddc3027c9e
CLIENT_HANDSHAKE_TRAFFIC_SECRET ba155dc7a8ef79b9ba56d240817ee1bbed9850601cfe885e49ed4ff6262ae24c 9ee23e56bb735ce625c6d9c4499b594cc82a5dfa6679cef4a689445acdd3a43a
SERVER_HANDSHAKE_TRAFFIC_SECRET ba155dc7a8ef79b9ba56d240817ee1bbed9850601cfe885e49ed4ff6262ae24c 772a491872dd900e77077129e8b99a2649a59802b1498a10c5e8f1c21de61eba
CLIENT_TRAFFIC_SECRET_0 ba155dc7a8ef79b9ba56d240817ee1bbed9850601cfe885e49ed4ff6262ae24c dec430d400232c43b2880bc6c87dd5cd1e12cd551f6d18071a0598c779c05bf5
SERVER_TRAFFIC_SECRET_0 ba155dc7a8ef79b9ba56d240817ee1bbed9850601cfe885e49ed4ff6262ae24c fabc2f6bf1a923376ee622da66745df1af4991681437d649f6c76a6491472a12
EXPORTER_SECRET ba155dc7a8ef79b9ba56d240817ee1bbed9850601cfe885e49ed4ff6262ae24c b254e29cdb81d0c50c5a1b1cf57379d39e03cf2bae86e37d99f17c64f5401beb
CLIENT_RANDOM 5ea8792798b60ae8a43e761b87dab9c5930a796977c96dc34879366f7a559f58 21e7caa53c605950f17aecc4eb28d5ec30d5b86e871c5a24c4c6bebeae97c6b8f6d3cd7a8b6624c6b4c5ad4df94beb71
CLIENT_RANDOM 407b5ffe70a01340ee442763d1cb09ccb346aaa06c4f5e26b6de077dc5fa1f1d 52d3ca5034d1064d82f9a42cc3acef5daf0336e3cb3a064b81601714f24bc9a1c69aa11353236c8eae397a21c51191f8
CLIENT_HANDSHAKE_TRAFFIC_SECRET 1db880f3928e970f21b9e86ec3e2823a3453475bbdc306d9f8ae6f88de093b8d d8b1ef0524e5fbef0e9d92c15cb62b92b4cef223fbf64a2806f9a9915eb3ea86
SERVER_HANDSHAKE_TRAFFIC_SECRET 1db880f3928e970f21b9e86ec3e2823a3453475bbdc306d9f8ae6f88de093b8d 75bdf97c74a01edbffbfd1ee6bc6b29faeffbafacf6cde7677020b2b6213e1fc
CLIENT_TRAFFIC_SECRET_0 1db880f3928e970f21b9e86ec3e2823a3453475bbdc306d9f8ae6f88de093b8d 0a3126674ec45c83956e4aaeaf0ec1fd96535ba54aef6ab3163b68308bcdf3be
SERVER_TRAFFIC_SECRET_0 1db880f3928e970f21b9e86ec3e2823a3453475bbdc306d9f8ae6f88de093b8d 8a8acc8c3cda00d6135b907f92d18f7544aa4272150217971b897e8e14a1f1ed
EXPORTER_SECRET 1db880f3928e970f21b9e86ec3e2823a3453475bbdc306d9f8ae6f88de093b8d b9d7c4f680c0f1b82e12b5e1d39b9b1b7c94ebec5ee314721b620ed343f9ca7e
CLIENT_RANDOM 51c29771b1866a3824aa2b333ad15c9f3d418bb987f699d3550b108c39d87a3f e2d52e5894ebd8c71134edc0915f4eef0f64c4c007a56e40ccaaface182767cc57f99b8caf03fe4a6ff99afcb82087e5
CLIENT_HANDSHAKE_TRAFFIC_SECRET 120a238b7f22b2e357c6b25a310555c806d4c2c62db5a9423f60d414d0871812 c8c09ccb1312a0f39c4152a0d672c4748c9ff5e3f7e6a9dadaf4a80e73930429
SERVER_HANDSHAKE_TRAFFIC_SECRET 120a238b7f22b2e357c6b25a310555c806d4c2c62db5a9423f60d414d0871812 aad0884952ce671842bbf313049656c14a70b57a74bdf4bf353520b84cc72582
CLIENT_TRAFFIC_SECRET_0 120a238b7f22b2e357c6b25a310555c806d4c2c62db5a9423f60d414d0871812 a207cf8991574b9cf80d3ab0dcbe727c0728667c4cc5230edfe89af6f371befd
SERVER_TRAFFIC_SECRET_0 120a238b7f22b2e357c6b25a310555c806d4c2c62db5a9423f60d414d0871812 29aaf8221fa626f505574e6509d0516b08f21df95c4c2c3a01c5452b1dbd9c81
EXPORTER_SECRET 120a238b7f22b2e357c6b25a310555c806d4c2c62db5a9423f60d414d0871812 6e94d66e6168c2eea63996b34e56f48c8773ce7aba70c9a1b3eeaf68b89cfcfd
