CLIENT_HANDSHAKE_TRAFFIC_SECRET 1300f037da5167e8c8e0106a0e22302b8c450f1da10d9ba8a59c3d8039d4dba2 7a08cf0a6d044ec7b9695a8a5c3824f572a9b0c25100c57595e8385709c7ffcc
SERVER_HANDSHAKE_TRAFFIC_SECRET 1300f037da5167e8c8e0106a0e22302b8c450f1da10d9ba8a59c3d8039d4dba2 9bd3d0c4ae07795ad256d3eb0dcfc25619ca8d678f5543360205f14b40e101b6
CLIENT_TRAFFIC_SECRET_0 1300f037da5167e8c8e0106a0e22302b8c450f1da10d9ba8a59c3d8039d4dba2 00b87b4f6fc5610803369040ea24be5bba80350e853e0a094e8a152eba79f57f
SERVER_TRAFFIC_SECRET_0 1300f037da5167e8c8e0106a0e22302b8c450f1da10d9ba8a59c3d8039d4dba2 2234ae81bd1b735532944d42f7638f7802dfdf9b3053d048042e12eddd5f9f70
EXPORTER_SECRET 1300f037da5167e8c8e0106a0e22302b8c450f1da10d9ba8a59c3d8039d4dba2 1ffdd7a4358741cbe8175d995710b0c3e4c1bd8cb38a8c71d319abcf04d59ebe
CLIENT_HANDSHAKE_TRAFFIC_SECRET 2fe5db6e2964ee2c388aaee75a4599207be111328eb38013100c54c6b798696c d6d71181df7416e6ebd14fc15918c9128b2ae6cc84a1b2a8ab463fd4c87270fd
SERVER_HANDSHAKE_TRAFFIC_SECRET 2fe5db6e2964ee2c388aaee75a4599207be111328eb38013100c54c6b798696c 71ffd360dbe2102e87b32d2ae9ca970a8db9dcef104fe6a78b2f54fbf21b5d3d
CLIENT_TRAFFIC_SECRET_0 2fe5db6e2964ee2c388aaee75a4599207be111328eb38013100c54c6b798696c 59d86fc43ba8d1abc3dfed0a6f6e7d7145f0e6dbfb45a9c54d4ed01d40a052ea
SERVER_TRAFFIC_SECRET_0 2fe5db6e2964ee2c388aaee75a4599207be111328eb38013100c54c6b798696c 3bac40726e7aa22af56f696307d3cab9e11768f6b47fc51535825c1e0d3890f6
EXPORTER_SECRET 2fe5db6e2964ee2c388aaee75a4599207be111328eb38013100c54c6b798696c e3c7c0802f5d5a875b2204a2f89776f76db299ef24839fc74be663cb9f29b44e
CLIENT_HANDSHAKE_TRAFFIC_SECRET ddf6b911bc9c09f5bbe6c7092eb27cbb2239329c82124122be770e19064bcf88 de33e5e2e7f4486f1e904f534a0c68213c33c16067ed841b6d5ff223a799f601
SERVER_HANDSHAKE_TRAFFIC_SECRET ddf6b911bc9c09f5bbe6c7092eb27cbb2239329c82124122be770e19064bcf88 909646cd048704b89e15f8faf8c201d0dd3355cebf54b6f0d172d64bd761fefc
CLIENT_HANDSHAKE_TRAFFIC_SECRET 380e89c56cf72ce25fc03dbd732f43e7d16a778bb763c4c10bf6cd211ff21a7d df3150178b4fb0b12816db8c47806d8741c2dcdb9a6f0a091ac46ad8b99e71df
SERVER_HANDSHAKE_TRAFFIC_SECRET 380e89c56cf72ce25fc03dbd732f43e7d16a778bb763c4c10bf6cd211ff21a7d 1c8b161572d203fe14df013537474689298b05a7c258fb4638a8ebe8cb8001e2
CLIENT_TRAFFIC_SECRET_0 ddf6b911bc9c09f5bbe6c7092eb27cbb2239329c82124122be770e19064bcf88 621e573bc2b727230c08d58d4892b4807d8427322841d4e32d0e2ebedd16084b
SERVER_TRAFFIC_SECRET_0 ddf6b911bc9c09f5bbe6c7092eb27cbb2239329c82124122be770e19064bcf88 285fffaf774a9ed93cc8ed402a5e00b93f49414753fb6e3e4d0fffe55dae46cf
EXPORTER_SECRET ddf6b911bc9c09f5bbe6c7092eb27cbb2239329c82124122be770e19064bcf88 6d0a8e0476175f33d160ae1ceb1c131184db579e3f2ec76770a6cc614f80dfb4
CLIENT_TRAFFIC_SECRET_0 380e89c56cf72ce25fc03dbd732f43e7d16a778bb763c4c10bf6cd211ff21a7d 5bce5718173727c3dde87756cdca25074984767b62ce04fd1943625e4bde3630
SERVER_TRAFFIC_SECRET_0 380e89c56cf72ce25fc03dbd732f43e7d16a778bb763c4c10bf6cd211ff21a7d c3ba19c7432abd63d1f9414d74937b4e6d28b8f39daab61b9fd79ceee60f6646
EXPORTER_SECRET 380e89c56cf72ce25fc03dbd732f43e7d16a778bb763c4c10bf6cd211ff21a7d 004dc9e87feba598b36fb1b9b48f7ef42c5d2c2e53a7bd9cbfc3f1dc64c08292
CLIENT_HANDSHAKE_TRAFFIC_SECRET 45dd6e99c58a34a7efcbb0eb116e0dfa50032862cec4e485e6196436b70d6cf9 74fc032e5b171d88eec1e1dd63290c3fd5f9a41b944af56de6491e3d2afbc78d
SERVER_HANDSHAKE_TRAFFIC_SECRET 45dd6e99c58a34a7efcbb0eb116e0dfa50032862cec4e485e6196436b70d6cf9 e0a97a67513eeb18c3c3673a2af6477c34c99323adf11ab22752b161db4dc12b
CLIENT_TRAFFIC_SECRET_0 45dd6e99c58a34a7efcbb0eb116e0dfa50032862cec4e485e6196436b70d6cf9 dcbf383ab1861c01887d35d97d2df7d2fb8b322a48d16a54909c8b3b9ca63b40
SERVER_TRAFFIC_SECRET_0 45dd6e99c58a34a7efcbb0eb116e0dfa50032862cec4e485e6196436b70d6cf9 34491c5c7a418c3f303413458126d8872cfceecf01d50fa729471452332a10c4
EXPORTER_SECRET 45dd6e99c58a34a7efcbb0eb116e0dfa50032862cec4e485e6196436b70d6cf9 af457787b81e77b1ebcf042bb80f445cc2b287f9bb93c9ee0d8441c961da6031
CLIENT_HANDSHAKE_TRAFFIC_SECRET a70132b64872a9f64ecdfe6a5e2a1b7febb3cda0a2293dd1dd98b2cf8c5e505d 64f115255a67cbfd31e285faeaa8ac630015eacd486c0c5f03d6060220bb9de4
SERVER_HANDSHAKE_TRAFFIC_SECRET a70132b64872a9f64ecdfe6a5e2a1b7febb3cda0a2293dd1dd98b2cf8c5e505d 8160223aa52c959fb02c01a441c6f8545eee8a89fd9703e9928f0b3ee7752c56
CLIENT_TRAFFIC_SECRET_0 a70132b64872a9f64ecdfe6a5e2a1b7febb3cda0a2293dd1dd98b2cf8c5e505d 5a72f81399f6ed8252f79969c64fd04ff3fcc02362d4ca0e9c1e57c293216464
SERVER_TRAFFIC_SECRET_0 a70132b64872a9f64ecdfe6a5e2a1b7febb3cda0a2293dd1dd98b2cf8c5e505d 96ec66f25a722f0b4ddd18d65455a9c13b3f42489ecda3738f34c92451556783
EXPORTER_SECRET a70132b64872a9f64ecdfe6a5e2a1b7febb3cda0a2293dd1dd98b2cf8c5e505d a5c4601ff751981bc8bda7b3c59756eadbe24c56d36cce1dee7d5436409663e4
CLIENT_HANDSHAKE_TRAFFIC_SECRET 280332047ab9babd4ba340e8893960342978c924026897483fabf0e6d667e1d2 3793d52fd920ab13dff82a337047c2cd95dfe193c74f087f7ad06241276e5603
SERVER_HANDSHAKE_TRAFFIC_SECRET 280332047ab9babd4ba340e8893960342978c924026897483fabf0e6d667e1d2 098ac72188e20ead0abc0c3d6bb512860f2f5afef1707acf5822d9cd938598a0
CLIENT_TRAFFIC_SECRET_0 280332047ab9babd4ba340e8893960342978c924026897483fabf0e6d667e1d2 b2a64c5f59ea7d9ba5cbea110a5e6d3e44e19f6e0c341e78f3ecfc5e29a5a68b
SERVER_TRAFFIC_SECRET_0 280332047ab9babd4ba340e8893960342978c924026897483fabf0e6d667e1d2 d807dd3e86e424e685101783c79dc549e558777051e1107a83ea6ac475d00b8a
EXPORTER_SECRET 280332047ab9babd4ba340e8893960342978c924026897483fabf0e6d667e1d2 0bd7cdbddb66a607bf9b63a02a090b81c78a8896328473b2fa7aeb58f6eb8edb
CLIENT_RANDOM 7799374be295f0e97af9ee18717cedd689c39309b900fe7fb78f9af33ca75aab 5600794c74eb14594300b71e9af655caf00b513c1ad050e004d21d6e5c00597c2394d7251d550a2f9fe62288319ebf00
CLIENT_HANDSHAKE_TRAFFIC_SECRET a2c1fcca661cc12f08ab75fa7783cdfbd35b46b7be8581817428b82cf7f2c881 32f507fc1d46fafc2ed69d4bc453f4f8f4344ebed001d83dc0ba250a2b33468c
SERVER_HANDSHAKE_TRAFFIC_SECRET a2c1fcca661cc12f08ab75fa7783cdfbd35b46b7be8581817428b82cf7f2c881 0bcdcb36e91a57993aef95e45c17207110ca161be25c898fa4ee95a19884de70
CLIENT_TRAFFIC_SECRET_0 a2c1fcca661cc12f08ab75fa7783cdfbd35b46b7be8581817428b82cf7f2c881 27df26eb34966c103f7c9df9cd4a7939d96678d1cb4f03f864e8be99951d330c
SERVER_TRAFFIC_SECRET_0 a2c1fcca661cc12f08ab75fa7783cdfbd35b46b7be8581817428b82cf7f2c881 908eb37ca5eb66abcf187b4a17d1529990fcf9b2c913bc85acc6d2ccf2d98b4e
EXPORTER_SECRET a2c1fcca661cc12f08ab75fa7783cdfbd35b46b7be8581817428b82cf7f2c881 1187ac7d94cabb47f29343c660e919f3eccb01c7ff496db0dfbb1adda37a7439
CLIENT_HANDSHAKE_TRAFFIC_SECRET 36db824977250bf7c3a583330a60fc4881904735b116d77dfedc7cd20113c7ad 3caebdec809a49313c69bb2386114d8868d9e0e4131ed7d656a46d6a021ee31a
SERVER_HANDSHAKE_TRAFFIC_SECRET 36db824977250bf7c3a583330a60fc4881904735b116d77dfedc7cd20113c7ad 930f670e44dc64322fdd8c7d30865285b145457dd9860f288688bb3af5260aad
CLIENT_TRAFFIC_SECRET_0 36db824977250bf7c3a583330a60fc4881904735b116d77dfedc7cd20113c7ad d93072ee577be88f11f72843ce52dc256e3d7f0b8abf4325a830700619c09ec0
SERVER_TRAFFIC_SECRET_0 36db824977250bf7c3a583330a60fc4881904735b116d77dfedc7cd20113c7ad eb547ad017e1ae519e9ea8414468830778b025e24fb1cae1d924ddb276ed8d7c
EXPORTER_SECRET 36db824977250bf7c3a583330a60fc4881904735b116d77dfedc7cd20113c7ad c0bb0dbd8b086916939dd5af900e360392c7f5ddd226a701e015fad8ce58804b
