CLIENT_HANDSHAKE_TRAFFIC_SECRET 7220cbeb930e778dcad5c209396ecb952dd6872ab1c4dfd146e3b7f35d711b21 617943cd44434306d0c90e4ca077601a6f19d068c352300cd4697d7e5113beea3fc63e535c45a2a8bfe044f38e8172a6
SERVER_HANDSHAKE_TRAFFIC_SECRET 7220cbeb930e778dcad5c209396ecb952dd6872ab1c4dfd146e3b7f35d711b21 0d7744be6f061658db1257c2731244baa83e5b41d166d233fca643fbe5c02e026fd667c22c6d1f073f9b5a4574d111ea
CLIENT_TRAFFIC_SECRET_0 7220cbeb930e778dcad5c209396ecb952dd6872ab1c4dfd146e3b7f35d711b21 c60cac459f536180cba451eb58bbe770ac58f74852b0d7ccd2f59c0e993df7e5668dd327080439448281f8771702d640
SERVER_TRAFFIC_SECRET_0 7220cbeb930e778dcad5c209396ecb952dd6872ab1c4dfd146e3b7f35d711b21 e08b656813b8382aa9ca2fc083a585be16ad62bf38d83fc30c70fe0254a6035ba1f91f16b00d221988030ad0897c69ea
EXPORTER_SECRET 7220cbeb930e778dcad5c209396ecb952dd6872ab1c4dfd146e3b7f35d711b21 99e59d88c04c4b4782e723d6cd0b5275d37861db69b2db82b6eb273df8c617479d75e861382bf0d8bbc7bcf0d373d4d3
CLIENT_HANDSHAKE_TRAFFIC_SECRET ff2e07abbea180a0658bee503dc5eca4f6cce6e57123b8700855bbd13ce23770 63bb2df5b3281c4abe64ded777d23fb2ac0d12ae6a4a97536a63281c9b14f77b9c15e265cbbcc39025de3fe9e7918ba4
SERVER_HANDSHAKE_TRAFFIC_SECRET ff2e07abbea180a0658bee503dc5eca4f6cce6e57123b8700855bbd13ce23770 609cce43a80bffcc48d3ca03ac439161803976daa84b022c5da9fdb055568e99cfc2d753f55bc7e48128e4da99cec79c
CLIENT_TRAFFIC_SECRET_0 ff2e07abbea180a0658bee503dc5eca4f6cce6e57123b8700855bbd13ce23770 c6e8b8c1b2aea2ebfc122126dd9e5509577f74912e2befd29db89d71fc4d661ad31fcad1124e672d4812a6f7eeab458b
SERVER_TRAFFIC_SECRET_0 ff2e07abbea180a0658bee503dc5eca4f6cce6e57123b8700855bbd13ce23770 67d2d245421cdf6941a5fae60a249f3b26a73d7e0bc329d375440a6399210a58b42573c2a69b24df0d00c5ebb157fac4
EXPORTER_SECRET ff2e07abbea180a0658bee503dc5eca4f6cce6e57123b8700855bbd13ce23770 d180c34c3471705986ac262eed7ec742fab800ccfa7020ee6240932e7434417a52934750dc814a14596e620dea58d5aa
CLIENT_HANDSHAKE_TRAFFIC_SECRET 2c10986a32360e85c6588c7ba47e804c0c313ab730badc7e433046b7a33dcdca a9b2a2f06a32d3771fedbb42e33caf94c33b53a438302cf5976105e4026e810e19ded3a897f12721f802dba277b49be1
SERVER_HANDSHAKE_TRAFFIC_SECRET 2c10986a32360e85c6588c7ba47e804c0c313ab730badc7e433046b7a33dcdca 72f7bd9513a268d13217e8b02eae10ab27c385b856aa95e7d0416698ff1f582b4226410ddb8da9f813c7dec4393b9601
CLIENT_TRAFFIC_SECRET_0 2c10986a32360e85c6588c7ba47e804c0c313ab730badc7e433046b7a33dcdca a2893c022bfdcae8d8e78b60a1d4886877354b82400427cc3cc427dc4a672c25d7d9a32812dacecfd43d7f17377bd114
SERVER_TRAFFIC_SECRET_0 2c10986a32360e85c6588c7ba47e804c0c313ab730badc7e433046b7a33dcdca ca42f27b7be0ebedb5733c26b13fd53ab150467d08315d1f55b02e363a2c15c8e6f459c9c2a509a8333cff63dc01e63b
EXPORTER_SECRET 2c10986a32360e85c6588c7ba47e804c0c313ab730badc7e433046b7a33dcdca d124792357296073e23642665d9dda4590cc6e371c3b079243c8bc2a14a5ed4e9b73a8752665bfab3fd1f1dd0f1111ed
CLIENT_HANDSHAKE_TRAFFIC_SECRET 207bbe3a9aaa273c0f6c2cd97be8da4f3ab054bd30ab16dbf3f20a9505b1fe2b c508c38af91c40e93e77e0f9fda4880175a400e8e9e06915641270ed3f86aa788ddab22c6a075a298fc79000d90121af
SERVER_HANDSHAKE_TRAFFIC_SECRET 207bbe3a9aaa273c0f6c2cd97be8da4f3ab054bd30ab16dbf3f20a9505b1fe2b 6074f39dc8f4bfcf37bb98625d8367d53491c29ca05edbcc8c366b4f26028d152b95c4331a49b8d0661f5c1321b82f91
CLIENT_TRAFFIC_SECRET_0 207bbe3a9aaa273c0f6c2cd97be8da4f3ab054bd30ab16dbf3f20a9505b1fe2b 312c31a55dbe9cf31a4bb471e5d21ddd1d42a0b2abeb27d434d7dc11c347ed989cf699263fa395e650d1db607a60db1a
SERVER_TRAFFIC_SECRET_0 207bbe3a9aaa273c0f6c2cd97be8da4f3ab054bd30ab16dbf3f20a9505b1fe2b 53c0dd20172703ddf8a12c878f9b76d2ab703bb3689f934aa710b14a3084f77e373438021b351c2869e8574aba99f38b
EXPORTER_SECRET 207bbe3a9aaa273c0f6c2cd97be8da4f3ab054bd30ab16dbf3f20a9505b1fe2b df7a996a6d9e73f20892cf9fc52b2f8596573dc2cb15e62ad0b08ca316f20d07d41af1e051b7a6c06250abca015bcbae
CLIENT_HANDSHAKE_TRAFFIC_SECRET 31e16da5554db9c9561cb319885bbb51e48d2ed59dc9ad9dbd2253c78348e4fd d184811ac22e2fb6e0f4f7c57f5e41e61cf31107d2e519398b16c5efef2db7c6ad7fb7674b5d7d2ae3083b2f172e4f80
SERVER_HANDSHAKE_TRAFFIC_SECRET 31e16da5554db9c9561cb319885bbb51e48d2ed59dc9ad9dbd2253c78348e4fd b28d3e60ea9f72e51a01f99a52db66604d4389aa8073b2ed8d8e6711ded16aabd7790c9ca4aa21a55327fdec500ca05f
CLIENT_HANDSHAKE_TRAFFIC_SECRET 342c0ad9841a6cbc8e8853cff8e3aa0316fd94eda4a3282e5bbcd2d30de0aefa dcd84b4c61669efc98dde7a57f20708418fb25c3c123002182582eb1efe5b077138e082358eea2c31d8cd0d73c794a2e
SERVER_HANDSHAKE_TRAFFIC_SECRET 342c0ad9841a6cbc8e8853cff8e3aa0316fd94eda4a3282e5bbcd2d30de0aefa 7512f2cac290c7ed099e144e23f0e0db282126c312210ca8c1455312e8178a71af54f708ab8d337a1be74f869def0aa4
CLIENT_TRAFFIC_SECRET_0 342c0ad9841a6cbc8e8853cff8e3aa0316fd94eda4a3282e5bbcd2d30de0aefa bb740aa37acc419eab9ca77f3aa2ca19c217f3a0b125744fdf12b9edefefe66e8a3f2992ce3311dfce9f8f610b9d56ad
SERVER_TRAFFIC_SECRET_0 342c0ad9841a6cbc8e8853cff8e3aa0316fd94eda4a3282e5bbcd2d30de0aefa 4a0c7f8f5177931581ad139d763103519e3f767d0b710eaf358e7264819da2e076b45958c71e4a7ce6c60d7d2ac8e5f7
EXPORTER_SECRET 342c0ad9841a6cbc8e8853cff8e3aa0316fd94eda4a3282e5bbcd2d30de0aefa 22f7a056de5f8c702dec9eb2231e5f354b8cbfe107d7e4fb03123d1618bc627454b05e89ac7ffc719e79799e4634762f
CLIENT_TRAFFIC_SECRET_0 31e16da5554db9c9561cb319885bbb51e48d2ed59dc9ad9dbd2253c78348e4fd 670d8d7e236bf381e0f4e8ccf712d1982093aa628f7109c7dc0189428679ac56447a39d4b431f5ee53fd6df00344219a
SERVER_TRAFFIC_SECRET_0 31e16da5554db9c9561cb319885bbb51e48d2ed59dc9ad9dbd2253c78348e4fd 70e7f92d097191f4de86ea634c41571ea39ce8ed29aae4f0fe4b68889393a0ef7a9fa74ea559a8e9b7910007e0145388
EXPORTER_SECRET 31e16da5554db9c9561cb319885bbb51e48d2ed59dc9ad9dbd2253c78348e4fd 429fc0bf107b01da4c919c8f4cfd5b3742fe0ef59a729ff6308e0013280396f589e38368fbd70f1fd863b4717528f156
CLIENT_HANDSHAKE_TRAFFIC_SECRET 83a23d4432a7dc6961d439cd60b7b021bbdce40cf70c2ae0190ac62640837b19 ec54d449fae55c945426f98e7ffd4230baadfc515d3027243cd4ebe565ac389572b1abbc176089de21cd7aadee4ab73b
SERVER_HANDSHAKE_TRAFFIC_SECRET 83a23d4432a7dc6961d439cd60b7b021bbdce40cf70c2ae0190ac62640837b19 92233ebd859868a618f81ff40ade7507b14c85cdff2a202fe68ac64c9a6d72401c120dbed83a8c719ea9e569f91fa8c6
CLIENT_TRAFFIC_SECRET_0 83a23d4432a7dc6961d439cd60b7b021bbdce40cf70c2ae0190ac62640837b19 0ea703316cf3c823dfeb80e22d219666ee334d4f87fc42b298fdf2133e0f24b5e861a35d75240bc39fad7fa25f3184ec
SERVER_TRAFFIC_SECRET_0 83a23d4432a7dc6961d439cd60b7b021bbdce40cf70c2ae0190ac62640837b19 d0007c9d09847161fbc3234d6a9c1ff52a4871846de5db154a31a63484e418a24059f395d6cef5f7c22a566555dc3659
EXPORTER_SECRET 83a23d4432a7dc6961d439cd60b7b021bbdce40cf70c2ae0190ac62640837b19 265456daacdff7801d61e0223f141f938b1a356fba678741a064450d51deec2dd7b2336c35034c3085739669693f2f79
CLIENT_RANDOM e949eb6fa8f161b15e3c760f29ed903808184e9721ad4a2fcebf9bfc1613fcb1 a239bc65520622313d3def239a96dc8b49655cf8804a3e68cd25eb9c907cba683ff903d4ef26a8a2e64e6d609ac8265c
CLIENT_HANDSHAKE_TRAFFIC_SECRET 2d5bc27c35c0cb3517e1387d04fba8270d3bea77f403d1cbb0f16549c5b97c3c 46ad2ad3fe1bbbff25345f2ef9747ecf1ed3050a792cd631317d39d9b2808778
SERVER_HANDSHAKE_TRAFFIC_SECRET 2d5bc27c35c0cb3517e1387d04fba8270d3bea77f403d1cbb0f16549c5b97c3c 10a70df24b0cc3f93b5d947b3d3120bec04ea76e82df530992f6147a0999adc4
CLIENT_TRAFFIC_SECRET_0 2d5bc27c35c0cb3517e1387d04fba8270d3bea77f403d1cbb0f16549c5b97c3c 0497bc62a105833ad590a79a13be7e6804b5579b2f1536ff93b5118a55ad758f
SERVER_TRAFFIC_SECRET_0 2d5bc27c35c0cb3517e1387d04fba8270d3bea77f403d1cbb0f16549c5b97c3c 1d69e31b6f6a12ac787c1c96622da12f8d44e78a9a70efb4bdcdc5584b76c943
EXPORTER_SECRET 2d5bc27c35c0cb3517e1387d04fba8270d3bea77f403d1cbb0f16549c5b97c3c aaef03e8a79e6f59b6bb63ebd061eb9f6d018e514846b43eb18c53b81e5888ef
CLIENT_HANDSHAKE_TRAFFIC_SECRET a53a29329d4e6d11d7c58e1a227a44be932cc0ae9139ec7f9e00e6422cfcb4bb ae7505be696eb82f09d9ea16f9c6c540c673fc34d7406e4181527d9d2802048d
SERVER_HANDSHAKE_TRAFFIC_SECRET a53a29329d4e6d11d7c58e1a227a44be932cc0ae9139ec7f9e00e6422cfcb4bb 30c1b4eafd6bc63a2dbcaa503bce4f80808a1eed6390fdaef8df78e3372471ee
CLIENT_TRAFFIC_SECRET_0 a53a29329d4e6d11d7c58e1a227a44be932cc0ae9139ec7f9e00e6422cfcb4bb 0cb39cc709e538b05f169e393e6bc4cfe6083cb33bbab0835702a86f2fc37f12
SERVER_TRAFFIC_SECRET_0 a53a29329d4e6d11d7c58e1a227a44be932cc0ae9139ec7f9e00e6422cfcb4bb b095b85db18f42e518f610deb2e257044c40ed73f47d991558bd83b24f1c95e2
EXPORTER_SECRET a53a29329d4e6d11d7c58e1a227a44be932cc0ae9139ec7f9e00e6422cfcb4bb f6c9f01394ecf1f67b61d14a4477d5a6774641ce3bd3ec82e5db969c4617d7ff
CLIENT_HANDSHAKE_TRAFFIC_SECRET 7bb514a52da488b1404a83f1a42dace9d4bbcdb57af7f826fa9d12fbca4e6c9a dc369024f9fbf625956cd0aafe6a8259394eb5d237d8ba7cf57e3bcb8c81ff77
SERVER_HANDSHAKE_TRAFFIC_SECRET 7bb514a52da488b1404a83f1a42dace9d4bbcdb57af7f826fa9d12fbca4e6c9a befb87314d71e78a8a70463016c5f50d3c5bef3ec4841e1a44bade646678fc3e
CLIENT_TRAFFIC_SECRET_0 7bb514a52da488b1404a83f1a42dace9d4bbcdb57af7f826fa9d12fbca4e6c9a 1a1b2b3c7633bc9d7c0b1496615fb2958df3a266cecc76b984ee316afc0eaeae
SERVER_TRAFFIC_SECRET_0 7bb514a52da488b1404a83f1a42dace9d4bbcdb57af7f826fa9d12fbca4e6c9a 9826b1443db6a5907ac266be6132171716f3bc539dab11bfb1679f27296a0037
EXPORTER_SECRET 7bb514a52da488b1404a83f1a42dace9d4bbcdb57af7f826fa9d12fbca4e6c9a 97f58de57295bc4b9f98728e4b356416250bbd727fb39f89993642492c22bbfc
CLIENT_HANDSHAKE_TRAFFIC_SECRET 5f2a29759c4e164f0cdab08755fadb596451629faf057c571f1cc8ddb51c7129 1382cef188e9739d88ff6f20ff1843af7177c9700f0466d5618a90aab3432399
SERVER_HANDSHAKE_TRAFFIC_SECRET 5f2a29759c4e164f0cdab08755fadb596451629faf057c571f1cc8ddb51c7129 68d0ad6a153ebd0fdb27dd81d51a37b4da2c57dd76b243da2b47f91c48caacdf
CLIENT_TRAFFIC_SECRET_0 5f2a29759c4e164f0cdab08755fadb596451629faf057c571f1cc8ddb51c7129 c5b3763242580b03b16f5a4ce9f9f64e0b6584cf1f1ddbe7bf316c330d7b732d
SERVER_TRAFFIC_SECRET_0 5f2a29759c4e164f0cdab08755fadb596451629faf057c571f1cc8ddb51c7129 982758b6c931c70c9407cb68c83ceae629264fbb2f71b4943502899f1817b957
EXPORTER_SECRET 5f2a29759c4e164f0cdab08755fadb596451629faf057c571f1cc8ddb51c7129 a0500e78b52e4efda68aef56eb134883faf8eb4c0474209049c40bd0b2765883
CLIENT_HANDSHAKE_TRAFFIC_SECRET 3184de7592e3bd8adcba9665d64e1b3d2571c25ea61b217577a4cc549262758e e9be4930ea59a73ee4ffad6ca39e03d44ce760c8c2517cd7fa50170e3b7d60afddd267342fc7a021b0766b5fe7a9212c
SERVER_HANDSHAKE_TRAFFIC_SECRET 3184de7592e3bd8adcba9665d64e1b3d2571c25ea61b217577a4cc549262758e 5e7363dd04e7c2cf36586fdfb37266247faea0d0291b7fe3cf00d7955294636b323fd48e151b7f2a168dee0a4caeb155
CLIENT_TRAFFIC_SECRET_0 3184de7592e3bd8adcba9665d64e1b3d2571c25ea61b217577a4cc549262758e cbe43b1e6ccb051e1869926ac0d47ef5706d206cc94f43a3bf18300eaa9a1c1214cc6b84962bd91acc86b15d1f0f95eb
SERVER_TRAFFIC_SECRET_0 3184de7592e3bd8adcba9665d64e1b3d2571c25ea61b217577a4cc549262758e 8dca80ed92789136ab4b2e84fc667430ffd0527c2f5084c0cb0d9e2eb068b8270e2af567b3eb6ae7726cc5ce4d282db3
EXPORTER_SECRET 3184de7592e3bd8adcba9665d64e1b3d2571c25ea61b217577a4cc549262758e 2fc2b7cbc02d134aef310ff690b3609fe8089ba05acccb0246c428637b5988bbf35cca7ca8624c5241c27c044dd6ec96
CLIENT_RANDOM fe07a78f7710796b415295f99b918e6670e4bbb993c5a208dd57592900e1456f 2b6d8a475c0176201c7751627983cb91481cf5d72a36df8b383c0e720f979110a13960dcb1ecab1ebd392ef4f6af8962
CLIENT_RANDOM 31dfe3369fea9b1d8085405b0319042ab921e8f747910ff27575d1f0fa478d30 5e47eeebe4c0441f6f7a64a5ed58b220a7f01d867aaa1b943780ba7ff7630ffbf5fc60784d37aafa92b27b00e5f35dc1
CLIENT_HANDSHAKE_TRAFFIC_SECRET c496d7400b5d2abe11abc482b1ed671d2808b34bbe270cd7670f323d19b4b0de 8bb31da743569cf4b6f582bf8129ca08ff09f6f5f8256fcc9b9e1deecf884a59
SERVER_HANDSHAKE_TRAFFIC_SECRET c496d7400b5d2abe11abc482b1ed671d2808b34bbe270cd7670f323d19b4b0de 4dcdd314a232b40be3942df653fe2ce635d0686d0196c2e2bfb4a3afbc207123
CLIENT_TRAFFIC_SECRET_0 c496d7400b5d2abe11abc482b1ed671d2808b34bbe270cd7670f323d19b4b0de b3dd2acba79b62e70c316f9d5d9fc7e2425fd72489830b679807acf1442622f2
SERVER_TRAFFIC_SECRET_0 c496d7400b5d2abe11abc482b1ed671d2808b34bbe270cd7670f323d19b4b0de 5d5707e9a9df9addc79077132a0465d68354111959ea67dcf0067b5d4bb728b6
EXPORTER_SECRET c496d7400b5d2abe11abc482b1ed671d2808b34bbe270cd7670f323d19b4b0de 8e6fe2704898096be4320bed1e88157f4e63068c0b32f3b8ead62a665d1a0e37
CLIENT_RANDOM b86d21999a125c158d246f8e1961f04592f86aa2746a7b2177725bf9f5d47592 9d6c182cc315defc38777648dfda061e5d808beb773a90122846c5ae1ea075f4da186d95d5c990fc806956cb698cb2df
CLIENT_HANDSHAKE_TRAFFIC_SECRET 9c87a161094622b610eaa11808485e020a61fe77f9ac5f1c98a99ac3b6d8d14a c8d2d1f0018b841c289727a94691dab39088ef49b8a3ba0334d69df6a97257f3
SERVER_HANDSHAKE_TRAFFIC_SECRET 9c87a161094622b610eaa11808485e020a61fe77f9ac5f1c98a99ac3b6d8d14a 0008c116e91d07ebb2881301256495e7edb0962978ac801932230f9ee6ad8ef3
CLIENT_TRAFFIC_SECRET_0 9c87a161094622b610eaa11808485e020a61fe77f9ac5f1c98a99ac3b6d8d14a 8ec2a35d459f25b8fc0ae436714bcd978662cf57351a4f4ecfcd44721ee43fb4
SERVER_TRAFFIC_SECRET_0 9c87a161094622b610eaa11808485e020a61fe77f9ac5f1c98a99ac3b6d8d14a 6b8304bb4227cdf540a5513597f1ffa5796388b46dc75e67aa255d2bba12a774
EXPORTER_SECRET 9c87a161094622b610eaa11808485e020a61fe77f9ac5f1c98a99ac3b6d8d14a d3eb4ad101a7edf71247780a70268f586c22a257c24855567bf4b0c09957ecd9
CLIENT_HANDSHAKE_TRAFFIC_SECRET 2b5b93de92cb620ace6f902875bc710490c822baaf92f8a1d08b16bae028ab34 35014c4d6fc87c5d8d72bd9d25c233369f762f9e93ce2c96606d136764676685
SERVER_HANDSHAKE_TRAFFIC_SECRET 2b5b93de92cb620ace6f902875bc710490c822baaf92f8a1d08b16bae028ab34 df73a8f1616746248e786492178f67cc50fc47ed0f234f41a16865e08ed461fa
CLIENT_TRAFFIC_SECRET_0 2b5b93de92cb620ace6f902875bc710490c822baaf92f8a1d08b16bae028ab34 c633a12240e0c04a6b63d020c51b3b5a5135de0015dc12b287c9a746b19b89c0
SERVER_TRAFFIC_SECRET_0 2b5b93de92cb620ace6f902875bc710490c822baaf92f8a1d08b16bae028ab34 200b7b278c59e1f1f165e2fdd8d4471e4edd771f7a6e88ff754807b6ec5419d9
EXPORTER_SECRET 2b5b93de92cb620ace6f902875bc710490c822baaf92f8a1d08b16bae028ab34 50b64a04557652940b67755ca1693bb9d742f80e7777121ebf23ae507d06d307
CLIENT_RANDOM b7e288f279035b1f63303fe56c4472920d340ecc98283df11deedf9ad364f6e9 48c05f030477457869dc28c4d4c5b6333748d4628caf9a3b71dec0eeb75c6d7c750bdfcabd26e0c5befa900d2580752a
CLIENT_HANDSHAKE_TRAFFIC_SECRET bbcc172847de229e0d18ce7da98956468bab8424d2d9b5047d557396fcd25bcb 636908df4c121c01063de69bca6f90777ec673752518047cd7a7a964954fcabb
SERVER_HANDSHAKE_TRAFFIC_SECRET bbcc172847de229e0d18ce7da98956468bab8424d2d9b5047d557396fcd25bcb 36aff0cb15a0985935e9b542d7e9705fd80877e7ea1f5b33e608817f8670ea70
CLIENT_TRAFFIC_SECRET_0 bbcc172847de229e0d18ce7da98956468bab8424d2d9b5047d557396fcd25bcb f38a5c18cdcb401d4d47df236af088482adb1313ea97e1954d52547c82519ed0
SERVER_TRAFFIC_SECRET_0 bbcc172847de229e0d18ce7da98956468bab8424d2d9b5047d557396fcd25bcb 510f9a34e10296a100aa13166ae198d34f8268299a5dcf0b5e1963bd6ba77182
EXPORTER_SECRET bbcc172847de229e0d18ce7da98956468bab8424d2d9b5047d557396fcd25bcb 906f0c25d584296171e87c1744d38ae1fb88010ed9f12e45971d43b71e8e40ad
CLIENT_HANDSHAKE_TRAFFIC_SECRET 0fc0edea073f15744fe33451da19eeb36f9a24490010d2c7cb2afb902adb36a6 42007b6eb97e954645d052abdbdf856a02621681df4eb95057351cb652db237c
SERVER_HANDSHAKE_TRAFFIC_SECRET 0fc0edea073f15744fe33451da19eeb36f9a24490010d2c7cb2afb902adb36a6 b45b606e83d1d268505126e8353c401b1574d5f615771430bfaa52b129b601cc
CLIENT_TRAFFIC_SECRET_0 0fc0edea073f15744fe33451da19eeb36f9a24490010d2c7cb2afb902adb36a6 ed0ebeeaaeac1841f6596be3a92342d83ef2bf9b1ff7f99faaf9077433382ab7
SERVER_TRAFFIC_SECRET_0 0fc0edea073f15744fe33451da19eeb36f9a24490010d2c7cb2afb902adb36a6 9d89d8869d6b848527edfe3136f7c59c5c32305b27f898f15aecdf5b3cb3fcfb
EXPORTER_SECRET 0fc0edea073f15744fe33451da19eeb36f9a24490010d2c7cb2afb902adb36a6 2cbd9b258a158f4ccc1833507aedb4ca8b876cea5f4306894baa99e315332fef
CLIENT_HANDSHAKE_TRAFFIC_SECRET 06b8337ffd38d414fe6419d8f3bf5e96b22537fa7f2d2434f99a11c3ce24fbd0 151fcc1cff4250ee4ee00ac97dec84b68bb805adbbee2e5c05ad8ef9ae369757
SERVER_HANDSHAKE_TRAFFIC_SECRET 06b8337ffd38d414fe6419d8f3bf5e96b22537fa7f2d2434f99a11c3ce24fbd0 d9496409f0e9d3bb2e9a0f7421175495ec1f6f088c0822427bbf45966cc4f70d
CLIENT_TRAFFIC_SECRET_0 06b8337ffd38d414fe6419d8f3bf5e96b22537fa7f2d2434f99a11c3ce24fbd0 ea97209967ebddf89a7fe3e42b137c0e9f4276115a0a678ce94c885f01d747e8
SERVER_TRAFFIC_SECRET_0 06b8337ffd38d414fe6419d8f3bf5e96b22537fa7f2d2434f99a11c3ce24fbd0 82e1cf016c8054873ed048a5287dde58d41b5c2f6c0e43459533c6eeaf5f5086
EXPORTER_SECRET 06b8337ffd38d414fe6419d8f3bf5e96b22537fa7f2d2434f99a11c3ce24fbd0 cdaab37c7f39d6fd260105b7edbb247dc77b80e0f069df1e2ea83c6a0d834084
CLIENT_HANDSHAKE_TRAFFIC_SECRET f6ddf96d57e43ff67ed546d3294a56a930124d6d55e0212b4324095794652956 b2c966f8e458295831eb1e0e2612b3b68fe6153c7a39bc3e22abf7aa6f02e550
SERVER_HANDSHAKE_TRAFFIC_SECRET f6ddf96d57e43ff67ed546d3294a56a930124d6d55e0212b4324095794652956 5d6bef5b0988d87380ccbb707ad1f988d174a4b5b8f796a6b447ae36d55c5c98
CLIENT_TRAFFIC_SECRET_0 f6ddf96d57e43ff67ed546d3294a56a930124d6d55e0212b4324095794652956 e746e870e5c6805846c38e1c3c7da2e8db892191766e2a7ad3b516a788ab1c9a
SERVER_TRAFFIC_SECRET_0 f6ddf96d57e43ff67ed546d3294a56a930124d6d55e0212b4324095794652956 0374ca34d8823573be36870b7d4255c29f0381ee8b3f7cea6792235fd003ecff
EXPORTER_SECRET f6ddf96d57e43ff67ed546d3294a56a930124d6d55e0212b4324095794652956 b9639ebacf04b7869b6194595ff5631f95edfbc2685ccdec461fad53b85bde31
CLIENT_HANDSHAKE_TRAFFIC_SECRET f896a15e954c8f9066d1edd3995eabd477ead1ded2df3839bddb4159dac1f70c 4863b4942a7c4370abd1f6e599e1bb1ae68b03e6b0f0129f356c0f5f87349d25
SERVER_HANDSHAKE_TRAFFIC_SECRET f896a15e954c8f9066d1edd3995eabd477ead1ded2df3839bddb4159dac1f70c 1bd4a511cf6864381426978214227bef3ecc642427a7189fc97e73b2cf5a2ffc
CLIENT_TRAFFIC_SECRET_0 f896a15e954c8f9066d1edd3995eabd477ead1ded2df3839bddb4159dac1f70c 2009cca2ccdca24ef416a841bf7bfe5e79c0a4256ab1e3ea78685216be8461f9
SERVER_TRAFFIC_SECRET_0 f896a15e954c8f9066d1edd3995eabd477ead1ded2df3839bddb4159dac1f70c eddc39023cacecd448c8aecd250652872a799803f902dac4d4693fd49a8611e9
EXPORTER_SECRET f896a15e954c8f9066d1edd3995eabd477ead1ded2df3839bddb4159dac1f70c 729a9f8a1b93d4537bcce350e4081d569b076a8b1da4e8675ef6b464ab1acd39
CLIENT_HANDSHAKE_TRAFFIC_SECRET bbfa3e7d121cadd61fda52545ad50a68e29eb7ffb00d65ec023227d463a969ae e2336d3f0a35bb75273685ac8cb17bc4e320cc80bdd6a129b3c97e7dfa2cb9c8
SERVER_HANDSHAKE_TRAFFIC_SECRET bbfa3e7d121cadd61fda52545ad50a68e29eb7ffb00d65ec023227d463a969ae 509dd9c1f36932776e5be24f98591d8e38ccc3a420f7e257e50419ad56205a4e
CLIENT_TRAFFIC_SECRET_0 bbfa3e7d121cadd61fda52545ad50a68e29eb7ffb00d65ec023227d463a969ae 3654a8b4fb6e4f2edf39afb1e2d2f9317b4280d07fd2df8ad7bff2ce008befd4
SERVER_TRAFFIC_SECRET_0 bbfa3e7d121cadd61fda52545ad50a68e29eb7ffb00d65ec023227d463a969ae d223014503822e5f6ccebdf2e829147cd2db9348a0b85907bf7e5091b99c2eb4
EXPORTER_SECRET bbfa3e7d121cadd61fda52545ad50a68e29eb7ffb00d65ec023227d463a969ae 2639f989406a05d16bdc525865fe1a298178a3819f5486150fc3d271f79354c4
CLIENT_HANDSHAKE_TRAFFIC_SECRET 05a698ae4e8a7601dc05be339c0d461498abf29d9ad0b2b2cc7f60cfe7d96a6a c36f7fc6bd530db00976797ee6d67689b65fdd4f85d40ae13434cabe290f048f
SERVER_HANDSHAKE_TRAFFIC_SECRET 05a698ae4e8a7601dc05be339c0d461498abf29d9ad0b2b2cc7f60cfe7d96a6a 053d3b210a24ae3322f5880c9fc606606e3b50b1fe6f737d613e77906cf54b12
CLIENT_TRAFFIC_SECRET_0 05a698ae4e8a7601dc05be339c0d461498abf29d9ad0b2b2cc7f60cfe7d96a6a d88da053137674ff4d07d83d7b54104f5951478cc95fad2037a2e9bed2c4ff50
SERVER_TRAFFIC_SECRET_0 05a698ae4e8a7601dc05be339c0d461498abf29d9ad0b2b2cc7f60cfe7d96a6a fe98630020ae432ddf9a1e35ca023c77a2f7490ec6563abc1c14ba9fcbaa9742
EXPORTER_SECRET 05a698ae4e8a7601dc05be339c0d461498abf29d9ad0b2b2cc7f60cfe7d96a6a 54765a7455bd2240e631bde3a342b84a8c6a9044fbd50ed20e00c0b03f76366b
CLIENT_HANDSHAKE_TRAFFIC_SECRET 9e4082183117bd9237f2840114d489a26e46139144d7124fb783cd66beeed8a8 d22aa46464d314c1ad186b0cc90092dda57bd4860c6040ff4f799d15a34194aa
SERVER_HANDSHAKE_TRAFFIC_SECRET 9e4082183117bd9237f2840114d489a26e46139144d7124fb783cd66beeed8a8 6ed42807d16d20ad99af39fd5f85e3d2c998b4b714d36f214ffa713e3e09b18f
CLIENT_TRAFFIC_SECRET_0 9e4082183117bd9237f2840114d489a26e46139144d7124fb783cd66beeed8a8 95964d81805d4e89ac0ab99ddead6e7ae8885982b12d9179e44c2ee141158901
SERVER_TRAFFIC_SECRET_0 9e4082183117bd9237f2840114d489a26e46139144d7124fb783cd66beeed8a8 27722540a255196d4c7b9545acec8b567818e2efc9f7a9612a0bb612df360656
EXPORTER_SECRET 9e4082183117bd9237f2840114d489a26e46139144d7124fb783cd66beeed8a8 1194c5341ff7eb521b84f743936e4032c420d37eab347bda150e8b16daf76bca
CLIENT_HANDSHAKE_TRAFFIC_SECRET 480ee7d1d441f92630a3d5d3070160927787872704dd9a7b0d9ced5bed7b0278 02e9c00e40b6826941fcb1a3e40a9679dadf5315281bf6f184b6d3913e0af393
SERVER_HANDSHAKE_TRAFFIC_SECRET 480ee7d1d441f92630a3d5d3070160927787872704dd9a7b0d9ced5bed7b0278 774df8908166d5adf8a9c6dbb16baa3c9e856af706799daeffe8ba3ec9132707
CLIENT_HANDSHAKE_TRAFFIC_SECRET 6b9c4b1506eb694bcef84fbf9fc7647a26f788ac81665fef6d5a443aafa80e22 9e0da4ca32a453d6ac5b7e01b63fe9854cd910d88b19758698c775ad9fd317b5
SERVER_HANDSHAKE_TRAFFIC_SECRET 6b9c4b1506eb694bcef84fbf9fc7647a26f788ac81665fef6d5a443aafa80e22 34b532599e79d98a1315435ed95866d1a7754c06fa7dd607b4c77fa5d0e12717
CLIENT_TRAFFIC_SECRET_0 480ee7d1d441f92630a3d5d3070160927787872704dd9a7b0d9ced5bed7b0278 02ef50d558283c70423b4080bdbc0b6afbd5a0224af9135388eef35a3af2674c
SERVER_TRAFFIC_SECRET_0 480ee7d1d441f92630a3d5d3070160927787872704dd9a7b0d9ced5bed7b0278 f6ff597bc274a934adbfc3c9d56ae3ec9b23ecf79600b7871dbfcfe4404f1adf
EXPORTER_SECRET 480ee7d1d441f92630a3d5d3070160927787872704dd9a7b0d9ced5bed7b0278 0b0c84893db03e463acd139a276df6667dfcd4a13f3a15406b0d81c248a1266d
CLIENT_TRAFFIC_SECRET_0 6b9c4b1506eb694bcef84fbf9fc7647a26f788ac81665fef6d5a443aafa80e22 3622cafc7e1ccc4043811832312c3e46cabe3c078c990ea107657670dc8098b2
SERVER_TRAFFIC_SECRET_0 6b9c4b1506eb694bcef84fbf9fc7647a26f788ac81665fef6d5a443aafa80e22 f283e95f5264b8c0ad94f3b6b9c8c64eb665626c8ef25f669e8adec7d1584411
EXPORTER_SECRET 6b9c4b1506eb694bcef84fbf9fc7647a26f788ac81665fef6d5a443aafa80e22 bbea655b05a769ba60c414daca2f6c10e8219a5fa332b8679cd8296e6f986ef3
CLIENT_HANDSHAKE_TRAFFIC_SECRET 05b0763769139453bb8698f87d6f7a6fdc8fd81a57bd0d32a1fe2c3282332d2f 0d574cb43882c710e0001fe476456d0739c395e2a4c4827515e7804cf72e8600
SERVER_HANDSHAKE_TRAFFIC_SECRET 05b0763769139453bb8698f87d6f7a6fdc8fd81a57bd0d32a1fe2c3282332d2f da97ca63468ca89d50ee07b2d39d16beb7543c4249d6d7bf0260ed3d2c4bef75
CLIENT_TRAFFIC_SECRET_0 05b0763769139453bb8698f87d6f7a6fdc8fd81a57bd0d32a1fe2c3282332d2f acd2f5b9414df918079a9f0adf3f83163f26cee2b409357d805f3bca753d8e64
SERVER_TRAFFIC_SECRET_0 05b0763769139453bb8698f87d6f7a6fdc8fd81a57bd0d32a1fe2c3282332d2f f5a8ad159b847f412645868faa67f61a0eedb6fc4f0e86b56eb67d41f0403835
EXPORTER_SECRET 05b0763769139453bb8698f87d6f7a6fdc8fd81a57bd0d32a1fe2c3282332d2f 63cde49cb9d359d4c7d03689a6966659e41900d7ad7c855762355adcfdcc4f57
CLIENT_HANDSHAKE_TRAFFIC_SECRET 96fb692346470c0c6d5d7e61b4f7efaa8222b6a9e38c101a5d7c79e58a61447b 9ec221b8e93cf2d6e623e818e9d805e807791a54dd1a600d992dbc98c0116e92
SERVER_HANDSHAKE_TRAFFIC_SECRET 96fb692346470c0c6d5d7e61b4f7efaa8222b6a9e38c101a5d7c79e58a61447b 59c88b96f6cff36b7d152fee041906597af2edab9ea709f7e591b3fd17b9fb25
CLIENT_TRAFFIC_SECRET_0 96fb692346470c0c6d5d7e61b4f7efaa8222b6a9e38c101a5d7c79e58a61447b 6a3059b73758168c4c6f38be50c7cecc6c1fd5f768012ff47c522b129f5dfa5a
SERVER_TRAFFIC_SECRET_0 96fb692346470c0c6d5d7e61b4f7efaa8222b6a9e38c101a5d7c79e58a61447b 29b4418b04a3e073b95acc5a855e45adf84d71e40413309f1f1d294c0b0cd784
EXPORTER_SECRET 96fb692346470c0c6d5d7e61b4f7efaa8222b6a9e38c101a5d7c79e58a61447b 449e4bfbbfe15fbeb2ff3f7c8239332792299bed628df5fcc9519cf06cae9bf9
CLIENT_RANDOM 196034319ba2e1372ac33238bc9199d8792ae59b29876b8ca6cd65f540fb961c 57d090a82f6702111358b193c4c156217af4fc6c0678d43ba1b658e4b917f0dc660d347d3094185f85c62a305ea53c27
CLIENT_HANDSHAKE_TRAFFIC_SECRET 6b6d2541afec82d3fdb07b0dbce05980b00f20e34c2d478b92a49786030337b4 3059848851f397b8ca5ab5bf50407dd0aa4dafdeb38e8529a558c1e2e1fff1b8
SERVER_HANDSHAKE_TRAFFIC_SECRET 6b6d2541afec82d3fdb07b0dbce05980b00f20e34c2d478b92a49786030337b4 425bf4f05187d70d0af2f9b6db455972cff6082c008c9ede6cc8d6c4924bd414
CLIENT_TRAFFIC_SECRET_0 6b6d2541afec82d3fdb07b0dbce05980b00f20e34c2d478b92a49786030337b4 f6691b34d0378b084e9739e2001f35d82d456f755e4103e664dd8d896b9b702f
SERVER_TRAFFIC_SECRET_0 6b6d2541afec82d3fdb07b0dbce05980b00f20e34c2d478b92a49786030337b4 aeac634afec596d74dedbf92d47012245d55b2a1db16bf132edab7f33dca4662
EXPORTER_SECRET 6b6d2541afec82d3fdb07b0dbce05980b00f20e34c2d478b92a49786030337b4 851bab13a485b788a6f4f9c30077b2d44ad80e3fa83a21dffffe1a8ae60e3a96
CLIENT_HANDSHAKE_TRAFFIC_SECRET 1ef12d1fee5bfa3170c36c026e44dfa3430ea4c5d78412bda4b2aaf8ceb74162 52ebe43a6cf69cc4b7dc6ca43fbc2df001d57f506ebacbd9e1fdf6dda932ccb5
SERVER_HANDSHAKE_TRAFFIC_SECRET 1ef12d1fee5bfa3170c36c026e44dfa3430ea4c5d78412bda4b2aaf8ceb74162 87a1daa7d3ea0ac09a50472dc07e234978d146b165db924ab082340430d87912
CLIENT_TRAFFIC_SECRET_0 1ef12d1fee5bfa3170c36c026e44dfa3430ea4c5d78412bda4b2aaf8ceb74162 a6448f7c326c86d9339bb3db3590d829403bd7a7cb0dcbd19d6aa05898348bab
SERVER_TRAFFIC_SECRET_0 1ef12d1fee5bfa3170c36c026e44dfa3430ea4c5d78412bda4b2aaf8ceb74162 6d9276fe8e2f180332c355de5ed99c075a944ed58c8c3a57e8ff31cb2b44ff9d
EXPORTER_SECRET 1ef12d1fee5bfa3170c36c026e44dfa3430ea4c5d78412bda4b2aaf8ceb74162 2ccc322ebe76c3be3cf35415075bb96f0959992cac0863b80f5002f433f3c183
CLIENT_RANDOM f364bd1cf8eaaeef7f2c3df6e403675ca91dcfbfa45f8d22d45c1f10aaf9c44b 2fc6d5faa0a3e33391b37a9afdcc1f40b173991001ad6efe005670d88621072cf368eaccc71a491924718e2cd482b547
CLIENT_HANDSHAKE_TRAFFIC_SECRET c819f4032109741274b29eb72184b0148e1ce87875552ac8d5a63278bbf7b314 52dcbbe7a97b7bf1d6df991d086595ad7ee6b884889e1e2b542725ea1c72245a
SERVER_HANDSHAKE_TRAFFIC_SECRET c819f4032109741274b29eb72184b0148e1ce87875552ac8d5a63278bbf7b314 6aced2f465c53249ad1d422eb7951309012ed8a9c49959a22fd521102bd55910
CLIENT_TRAFFIC_SECRET_0 c819f4032109741274b29eb72184b0148e1ce87875552ac8d5a63278bbf7b314 1af8f20b0c543ff0d065c0912a71b69ffe578e06cf363545b507b3feed741327
SERVER_TRAFFIC_SECRET_0 c819f4032109741274b29eb72184b0148e1ce87875552ac8d5a63278bbf7b314 1d2bc631f1299698a3de088994b26c89aad35056e0522c4a189a2be95d354779
EXPORTER_SECRET c819f4032109741274b29eb72184b0148e1ce87875552ac8d5a63278bbf7b314 761fd51d125d9326241c5c57bfc036bcd8d67ff845b1eede962a0f4d4590b089
CLIENT_RANDOM 3592ec64eac352e4fb4885539ca2d42a5e7c3b0b818c48fdb693b49ec9035d34 4d48c6f100095ad3537e56ab01435011ec21196956d2ca807e0c42b4c777a663008f4e6429c84a16f2145cd03bbc5c46
CLIENT_RANDOM 22a992c89e66681761668c2785f93c913e9afaad94c749596aa942632d3a10b3 41c3c3ad02414fae5ae9e54830d70a3ab94e1acd05ea6c07a0fe54c68888d46a9dca9dca0470b3d880641cbdca9d587a
CLIENT_HANDSHAKE_TRAFFIC_SECRET 1a79f1f17e8293dcb19b97a6ba0215f40587ab5337c9772c86fb368606afe034 49fd9b7df71f509bc9d68523c1caf985c0f45e24813d35044a0cfaff9b556800
SERVER_HANDSHAKE_TRAFFIC_SECRET 1a79f1f17e8293dcb19b97a6ba0215f40587ab5337c9772c86fb368606afe034 cbde07c00f9700855498fc1e586ae6584bf300245505baa99621db203ba8a344
CLIENT_RANDOM 0bb02cc8daedf0c4dcaffd9dc8b644da4c54cbc9aa155869f8352a4fc78dc02b 3b8b728a06008aace94bbaaaef52fedabf392093acdd2cc37aa1755c0350c80133002194162d7387044fe92f9f672ede
CLIENT_TRAFFIC_SECRET_0 1a79f1f17e8293dcb19b97a6ba0215f40587ab5337c9772c86fb368606afe034 4efa9006bb626bd0abeecb54bb760085b40b446d9aa9b80718a562c3c082d054
SERVER_TRAFFIC_SECRET_0 1a79f1f17e8293dcb19b97a6ba0215f40587ab5337c9772c86fb368606afe034 fa4810b2cdbc7c4d89f6d2e4811f5cc9662fe8aa21f3d8f0b1be247861ed0657
EXPORTER_SECRET 1a79f1f17e8293dcb19b97a6ba0215f40587ab5337c9772c86fb368606afe034 803ff511e4617dc7073f9b0dd8ce9564c59f18009f85e76f9b63a537c265315a
CLIENT_RANDOM e7f9dc85131878aac9a58fc9183532f22af36bb23831c309f06f7e9e807d507b 0138b78d2fcfe1e047c0630b3087b5f11e21ca75b3e0b160fed72c3ce6f08cac6dbb11069fc20e0af2eb13991310c6f0
CLIENT_RANDOM 046cf88273151df0afab34f0e5df9838398e0dc4f5c873d57b1b44ec376acaee b316109b131a731cb78cfb1415bb76e4cfeb79d92bd300a718f2b857aee691f5ed886527b28eb14124a7fff15c645295
CLIENT_HANDSHAKE_TRAFFIC_SECRET 54647d65ada780884a388c80c3d6a74d038107f5aa5dee6cc1b17d175823b9f1 6498ea68f6c13c3a674ade5f96b65291a1c605c82f9bda80fb0183a707d62d61359d5a5a3fbf744194a3c7ebcb68f749
SERVER_HANDSHAKE_TRAFFIC_SECRET 54647d65ada780884a388c80c3d6a74d038107f5aa5dee6cc1b17d175823b9f1 c0ac81237931459a49e03c4bd5cac0ee7189e68078fdc34884eb14e701e3f1dc236b73c75fa4940e5e02996e5d5e38c4
CLIENT_TRAFFIC_SECRET_0 54647d65ada780884a388c80c3d6a74d038107f5aa5dee6cc1b17d175823b9f1 d8242fa246a49c3cd391535d55afc9d44a53a075b86eb7963859d37bbefbf4a0a8f78759bea035fb945c926d81b9ff5c
SERVER_TRAFFIC_SECRET_0 54647d65ada780884a388c80c3d6a74d038107f5aa5dee6cc1b17d175823b9f1 12aaf6b1dfdd8a6439174008b7a609c893874bec6edd42b8a70032b50055a223ac16e985b3667f50d2b3dac04876c3d7
EXPORTER_SECRET 54647d65ada780884a388c80c3d6a74d038107f5aa5dee6cc1b17d175823b9f1 d6f79aa025b664958eeaf9a93528d4190dd4846fdc9b406a5e555274b2348c54e2f4c66dbe7b930318d3bc9f929b5b0b
CLIENT_RANDOM 3e4241098362b20ee1f79e5521bf7c165e3039891f37fd1e443d8c2802c30e67 d36b64fa10b76fe2742a1e8db797ab071263c06416e89a100a0767a15c9386bf57d6d0aa88be24c324adf27d708ca088
CLIENT_RANDOM 967f043ae2b71086a1e7aaea185512d96b6ba8a0bdaa12bb2cb5f65972ed027b 7679dba2b8ff11c09ca2b77e270b81b1169ddc00428fe23c450b16f9e6b1dc331a35da946e630cee97691d9106b7497a
CLIENT_RANDOM 06086da4aa51f7448685ee7a32848fc91c130abfd287247f45aa7090ea27c22d 35afd3ff5bc6f1c32935086f51229a1894955f1a1fb967593a16660010718806c8e267d97ff0911434ead89bbd1d1a99
CLIENT_HANDSHAKE_TRAFFIC_SECRET 7e834a57a010fabc10acfce01646aa44ca535752dbd225a61d443b34e0977662 7d4ac261b9ee656d594afff468a1dea7cdf6fd938bd21d7ee4cb328e924e2c41fe135e1febf1ae71c8c23bda351fb676
SERVER_HANDSHAKE_TRAFFIC_SECRET 7e834a57a010fabc10acfce01646aa44ca535752dbd225a61d443b34e0977662 f36b137e13d861574510f2e552aab59d7b90c9bd630df7dd9a663632d243c10d04ca75fdaae70cfa7892061ec1a45827
CLIENT_TRAFFIC_SECRET_0 7e834a57a010fabc10acfce01646aa44ca535752dbd225a61d443b34e0977662 d857585fdd48c3baa59bb2952f4168e8e8e553ac2ac99f4a3b2f0d139b97a2091690c4815a098567a5b626c9331abf70
SERVER_TRAFFIC_SECRET_0 7e834a57a010fabc10acfce01646aa44ca535752dbd225a61d443b34e0977662 a614c590e0c406b0f4ed9996fecbc8311665cce4c57fb9995d95408047d26c7fdd94a54887acdaa5afa3dfdb2d8cbb37
EXPORTER_SECRET 7e834a57a010fabc10acfce01646aa44ca535752dbd225a61d443b34e0977662 33a70cf914478bf6ace4052b0267589cabf2eb2c07ab7d230ec4c5e9ade97548b9b8e5c18dafb2c85959f5cdd362b3d9
CLIENT_RANDOM 513f3178495e1c97acaa4cde2c39daf1f590e4cf66e10e10e9bd9e18ec35184b 3ed36071b3bdacf1c79c48be8d121e58bdf4a4932c0595809575108d68e0ba548b628bc1634d4de90f95f8be68888878
CLIENT_RANDOM 14304cebf36d06d752730ca43bb3303cb506c0baf62c421b035d0483428939fe 5b24aea657ee61a3fb5f7326197350c18b3b2200d741ccb004318de60215a6fc4758ae67f76c3825a212aebe7d8bb93d
CLIENT_HANDSHAKE_TRAFFIC_SECRET 0ab5c4a41c9477b1a230c3d25ec8a1f1ad6a8f028783a2ccbadfecac333639e6 6e683eca5cf39e64b29d15d0c7a48a447de039d651c5c7f1d2b6e61e74becb70
SERVER_HANDSHAKE_TRAFFIC_SECRET 0ab5c4a41c9477b1a230c3d25ec8a1f1ad6a8f028783a2ccbadfecac333639e6 a0e7d470728773905f14a5de3cb9b8892e1c83a19dad16cefb3a85ddb9254eff
CLIENT_TRAFFIC_SECRET_0 0ab5c4a41c9477b1a230c3d25ec8a1f1ad6a8f028783a2ccbadfecac333639e6 a81ae39197523d6d2d38607f7235c371cd3123c50e39c58fc2a0d0eaa6f370bc
SERVER_TRAFFIC_SECRET_0 0ab5c4a41c9477b1a230c3d25ec8a1f1ad6a8f028783a2ccbadfecac333639e6 999bae78c06ea257d2ef4cf70f139d5e27da4c5c1020cf7b104a094d9dc68308
EXPORTER_SECRET 0ab5c4a41c9477b1a230c3d25ec8a1f1ad6a8f028783a2ccbadfecac333639e6 a070b67ae75ace4c3be2f5985e40c59ce0df5f5f736a6766eff3e8b31d330df9
CLIENT_HANDSHAKE_TRAFFIC_SECRET d183004e02b68606f5158372741cf91a0585ab8116b35b20bc2dfc30e1390810 9e1dee2cf4835cd75390144e65a7db1a43ae366cabcc4f72f41329b4e631ba7f
SERVER_HANDSHAKE_TRAFFIC_SECRET d183004e02b68606f5158372741cf91a0585ab8116b35b20bc2dfc30e1390810 e65804fe8b2444a8ffc5715d7071d606c9cef850e1897de2b6e1ca0f5c8ef17e
CLIENT_TRAFFIC_SECRET_0 d183004e02b68606f5158372741cf91a0585ab8116b35b20bc2dfc30e1390810 f22f6c7391504c7a7fcdc666eb1ea1119830808e9cd4be7e81d98e9a5471f9ea
SERVER_TRAFFIC_SECRET_0 d183004e02b68606f5158372741cf91a0585ab8116b35b20bc2dfc30e1390810 f3e87532e209b5f8d45576b79169807b9e3896b9721ba1bc28677765da64be2e
EXPORTER_SECRET d183004e02b68606f5158372741cf91a0585ab8116b35b20bc2dfc30e1390810 6e785ecb640986dd86f33271cc17329d833ca1b22a69ff11df8abce7a107a170
CLIENT_HANDSHAKE_TRAFFIC_SECRET 1a05506ce998727013106fe203eca00051fc844058c5bf100b522f94eafb2a41 6f0b51e12db14a28963c56da25aece91c6ded4949252330e77538962f8d86371
SERVER_HANDSHAKE_TRAFFIC_SECRET 1a05506ce998727013106fe203eca00051fc844058c5bf100b522f94eafb2a41 0a770b60ed5d2628cc909ea8773f4beeb0330b3bd2f5ee7e08bcb73b58f18d9f
CLIENT_HANDSHAKE_TRAFFIC_SECRET 45f28479a41663f0299346974c4da39d51a925eb833f48bbc8d97202e9a669b6 e72855664b873cfdb665d8dd39e8a98bd582a0a1bf213891186b55793bb02b5e
SERVER_HANDSHAKE_TRAFFIC_SECRET 45f28479a41663f0299346974c4da39d51a925eb833f48bbc8d97202e9a669b6 b4ca7afb1ee58851764f1e0f548311d4665bedab28f963510f979c4cc579981a
CLIENT_TRAFFIC_SECRET_0 1a05506ce998727013106fe203eca00051fc844058c5bf100b522f94eafb2a41 8ef270b07c2972f6a6e5bd3696b3cd4aa7baaf90a8273fa5fc5fcc8a32f28ded
SERVER_TRAFFIC_SECRET_0 1a05506ce998727013106fe203eca00051fc844058c5bf100b522f94eafb2a41 1f6c4b5354b372756227a5b3598042164b7b1458282409d61c6fa0d4ff907c3b
EXPORTER_SECRET 1a05506ce998727013106fe203eca00051fc844058c5bf100b522f94eafb2a41 bdcd9c3631e12d6fdec6ad75a475dbfddb0e184b619f7e7d17fdf84e3891e168
CLIENT_TRAFFIC_SECRET_0 45f28479a41663f0299346974c4da39d51a925eb833f48bbc8d97202e9a669b6 5454605beb677bbccb2f552060485bb4aa47f1f96bd2f3e06e5f469b09ab800b
SERVER_TRAFFIC_SECRET_0 45f28479a41663f0299346974c4da39d51a925eb833f48bbc8d97202e9a669b6 5ef6288d9b0016abc915764c41cfa2bf4be1f0cc42d159fb273637941dcda19f
EXPORTER_SECRET 45f28479a41663f0299346974c4da39d51a925eb833f48bbc8d97202e9a669b6 8f709755d2b6112e3ed310bb7581a1f06dbad70c924f06f6a6ddb2c1a6f376d1
CLIENT_RANDOM 2642fbc7b4af8c2a22ae48b7d97fcc9c2dd077ac21fdae4836d5014fa6fa6205 973eff8bec97e4b6ee50335e91a8dd8df317fc427cf1873492412858ee26db9fd5da8725b067fd32bfa0bfc372879a4c
CLIENT_HANDSHAKE_TRAFFIC_SECRET dc5b2ba6723409e0fe7e5f277338db80716a094f5ec275ab470dae929a60512e 7269b24a760a2dba991c0555670c2aec05f25b6cd8d3dbf7669d996a98f88d0c
SERVER_HANDSHAKE_TRAFFIC_SECRET dc5b2ba6723409e0fe7e5f277338db80716a094f5ec275ab470dae929a60512e 553b392df46b97fcc0aa3bf51ffc634b03c90224e3f76cb79b268a39c28dfe0d
CLIENT_TRAFFIC_SECRET_0 dc5b2ba6723409e0fe7e5f277338db80716a094f5ec275ab470dae929a60512e 3f99872055553f2e7365fc002759759eed5e7513a5ca39edaa49c01fbc5c0e00
SERVER_TRAFFIC_SECRET_0 dc5b2ba6723409e0fe7e5f277338db80716a094f5ec275ab470dae929a60512e 9bca989ede721bec8c10130e7d4fe3c33992227c1e7fafb3fcc270ef859ceb46
EXPORTER_SECRET dc5b2ba6723409e0fe7e5f277338db80716a094f5ec275ab470dae929a60512e c9defd3e25d1a9768e0ac44b4f0587d975e84b476875a89bff2ff74b42e459ca
CLIENT_HANDSHAKE_TRAFFIC_SECRET b1d3f212fed465039a11a5bb6579fc8259ec065e57e6374ffe6780216d4e65ac 6b803ead6c6d5e342d181715dace6b2dd861abf81b921812c921ac5c12a0c38e
SERVER_HANDSHAKE_TRAFFIC_SECRET b1d3f212fed465039a11a5bb6579fc8259ec065e57e6374ffe6780216d4e65ac ff1fcc39669c01c656c0e6cfdf7e083032a0ec400f60ed1203ca70cdd13d56e5
CLIENT_TRAFFIC_SECRET_0 b1d3f212fed465039a11a5bb6579fc8259ec065e57e6374ffe6780216d4e65ac 92abae10d7795bdef78cb2bed24af5680d324f0a87c11de2e774dd6962d099bf
SERVER_TRAFFIC_SECRET_0 b1d3f212fed465039a11a5bb6579fc8259ec065e57e6374ffe6780216d4e65ac c2488f5ffb310345dc01344a97384be6c136648f3d66b5823e8a4cccd3712f41
EXPORTER_SECRET b1d3f212fed465039a11a5bb6579fc8259ec065e57e6374ffe6780216d4e65ac 2bb121e454f75e4cdff54e616729194b6d663b6941eb67a7e213d43bfdfa08d8
CLIENT_HANDSHAKE_TRAFFIC_SECRET 2df3b72b11de9b0d615e0d61c55cdc1b2a6f3b587f3c6fb021a52ece873366c1 0d58a16aecc99d08650b6ba4f82e718da082c177362b3b95785e020e0e30eb6b
SERVER_HANDSHAKE_TRAFFIC_SECRET 2df3b72b11de9b0d615e0d61c55cdc1b2a6f3b587f3c6fb021a52ece873366c1 1936cf20a18d7ea1d6b11e4e5310dd7bf6a05b5ba5736579e11b14aed098bfed
CLIENT_TRAFFIC_SECRET_0 2df3b72b11de9b0d615e0d61c55cdc1b2a6f3b587f3c6fb021a52ece873366c1 3b9a2aeaaf711310f6be68c18e3da05187ae2038c8f28922159d223308ad62fb
SERVER_TRAFFIC_SECRET_0 2df3b72b11de9b0d615e0d61c55cdc1b2a6f3b587f3c6fb021a52ece873366c1 19c2545dc2a17c3b5478be7fd62dfe0b57940818c16803b04deedf5aac2ab812
EXPORTER_SECRET 2df3b72b11de9b0d615e0d61c55cdc1b2a6f3b587f3c6fb021a52ece873366c1 fccdea8dfd07356d4cc7033e1440cf7856077e69d0573575f69a027e74a9d9ce
