CLIENT_HANDSHAKE_TRAFFIC_SECRET c87c7bfb49b4825094c0c2b5d86a15fc3ee06662f34919639a96b4f14d831c8f 9888c00949264d26b375cdd4ac3e512f6604a76204cabe53cb2e9c305043c0b3
SERVER_HANDSHAKE_TRAFFIC_SECRET c87c7bfb49b4825094c0c2b5d86a15fc3ee06662f34919639a96b4f14d831c8f 3aa056a69d88a6b732c9215fe68d36677e040ee83aa9de712c82c55ad06a1231
CLIENT_TRAFFIC_SECRET_0 c87c7bfb49b4825094c0c2b5d86a15fc3ee06662f34919639a96b4f14d831c8f 9efd0f146df29aa1a3d3bac2f0e84b5f5cf6fbc1f50722094dcb7b1addf1e869
SERVER_TRAFFIC_SECRET_0 c87c7bfb49b4825094c0c2b5d86a15fc3ee06662f34919639a96b4f14d831c8f 8e6c34367e106b4b2e0c0bd7607037dc2a221fb5f9914c862da7acf6122a01a6
EXPORTER_SECRET c87c7bfb49b4825094c0c2b5d86a15fc3ee06662f34919639a96b4f14d831c8f c782b78a3b1d1c371c89102e9ed2b9fb4099a8fad606c725301dd914f880d845
CLIENT_HANDSHAKE_TRAFFIC_SECRET 4a8238d7cea0eaae8bc640c6dc91f9369b7a7a661f77a8d8358874123647cfd1 54c6ec0bddfdc8c6f1f042c4613836b6136c29ab1092ba773ca1059dd90a12a6
SERVER_HANDSHAKE_TRAFFIC_SECRET 4a8238d7cea0eaae8bc640c6dc91f9369b7a7a661f77a8d8358874123647cfd1 e63df6b979143b43b347c72889dbeeb4ce1c9f5615607472ea054e6e453d8fcb
CLIENT_TRAFFIC_SECRET_0 4a8238d7cea0eaae8bc640c6dc91f9369b7a7a661f77a8d8358874123647cfd1 bef73a12e71374e86806cfb9dcba13b1ff0ad8b4bace0cefdea6d097c8d310e8
SERVER_TRAFFIC_SECRET_0 4a8238d7cea0eaae8bc640c6dc91f9369b7a7a661f77a8d8358874123647cfd1 fa9c21242879a0a585b424ee817b87a7e40c336a6e938d0b2d6eab0cbe05bca1
EXPORTER_SECRET 4a8238d7cea0eaae8bc640c6dc91f9369b7a7a661f77a8d8358874123647cfd1 6b54b06037712708f90d56d982f7e7a6ea29def57c4a6db78a2188469106eb3d
CLIENT_HANDSHAKE_TRAFFIC_SECRET 575829071e70b864a76ad80bbdde5a110187df6e5014da0db12b6a5f5e88793b 2f31d5c931c0fb2f7e2b41f96d6ecc9d47b73f8f2c2033ff448ea156b366ca9e
SERVER_HANDSHAKE_TRAFFIC_SECRET 575829071e70b864a76ad80bbdde5a110187df6e5014da0db12b6a5f5e88793b 53b5eda59cca8cdcd663b40f2142391dd488edaf151160a95d420aff4f69d019
CLIENT_HANDSHAKE_TRAFFIC_SECRET 4db42dfa2b6a402bf345e4f3e9b53ef4ce650abe884bc1d78a945bfe559ce255 2dd0bcf0d6540d0043218973610d3c7dea9c062e7fa63e65c2c6fcf000f01094
SERVER_HANDSHAKE_TRAFFIC_SECRET 4db42dfa2b6a402bf345e4f3e9b53ef4ce650abe884bc1d78a945bfe559ce255 4aefd95509f2b7515f45df69285cbfa243c7bf8cd2fab0933b80b2d2f367bc87
CLIENT_TRAFFIC_SECRET_0 575829071e70b864a76ad80bbdde5a110187df6e5014da0db12b6a5f5e88793b 2779fb4ec48d4f1afe7b17d20c3a871739bd51bcae530b31f7b40d070a52b85b
SERVER_TRAFFIC_SECRET_0 575829071e70b864a76ad80bbdde5a110187df6e5014da0db12b6a5f5e88793b 64a6ed4ce2231e76cf7e97ce46ade6188a8777a48891f9f57b66d11753ca7e83
EXPORTER_SECRET 575829071e70b864a76ad80bbdde5a110187df6e5014da0db12b6a5f5e88793b 6be845a0527a21e99986fd4943e527957f152897296c1bc3de178706f5cb1776
CLIENT_TRAFFIC_SECRET_0 4db42dfa2b6a402bf345e4f3e9b53ef4ce650abe884bc1d78a945bfe559ce255 42b12eb45bb73e84f2c7c2869b994b4ee45c2a7bca3182a9b8741005c20569c1
SERVER_TRAFFIC_SECRET_0 4db42dfa2b6a402bf345e4f3e9b53ef4ce650abe884bc1d78a945bfe559ce255 4063b3cf2ae06aaf8340269c325bd06d614cbd34950373bb19c5f0f637d1d6da
EXPORTER_SECRET 4db42dfa2b6a402bf345e4f3e9b53ef4ce650abe884bc1d78a945bfe559ce255 e439a46958061de1d08cc845179a77abca49f408d4fb0fcf3edad8b3fa325994
CLIENT_HANDSHAKE_TRAFFIC_SECRET 4db4e0dac99e0b4628aa96802fc9a517e8bcb00ed39ad19e4902a94fd18cf6e5 a0c36c8af9435d1d224aa52fbbc459533cbf875777aee31542cf09720b89bb82
SERVER_HANDSHAKE_TRAFFIC_SECRET 4db4e0dac99e0b4628aa96802fc9a517e8bcb00ed39ad19e4902a94fd18cf6e5 82cdd29a6a8e9a246036b1481aaab0a92e6089473917da337862fb2ab22e5e4c
CLIENT_TRAFFIC_SECRET_0 4db4e0dac99e0b4628aa96802fc9a517e8bcb00ed39ad19e4902a94fd18cf6e5 e9277a71032e5e6da6ed078e5698cec8e203ca40b69b429ff5aab06ab6fa0e41
SERVER_TRAFFIC_SECRET_0 4db4e0dac99e0b4628aa96802fc9a517e8bcb00ed39ad19e4902a94fd18cf6e5 a16b4f9b1d3ce0cda50cb46af67a9ebe1d8fc6f6aab7fcfbd12b2d100937baa3
EXPORTER_SECRET 4db4e0dac99e0b4628aa96802fc9a517e8bcb00ed39ad19e4902a94fd18cf6e5 50a1d7d002bfcc075fd19770673125f4e0154030c44c8f3083c0deb7a4e68964
CLIENT_HANDSHAKE_TRAFFIC_SECRET 3959545d9aa2d2f9ad71cb1640b5eb37328035120d6eede05584a4f87bdf4105 769a004c97b0523b1021cbaa03c933cf067f72cde229a2cffaf07bd5d6081e25
SERVER_HANDSHAKE_TRAFFIC_SECRET 3959545d9aa2d2f9ad71cb1640b5eb37328035120d6eede05584a4f87bdf4105 97537c61aa3753952e5d8fdc79f5e5176d15fe5a2c35299bbd412db679aec1d6
CLIENT_TRAFFIC_SECRET_0 3959545d9aa2d2f9ad71cb1640b5eb37328035120d6eede05584a4f87bdf4105 dcd1c75640c4a9cdae7a0643670938e9a7db9f0f46fb24f3547db25399f5b79f
SERVER_TRAFFIC_SECRET_0 3959545d9aa2d2f9ad71cb1640b5eb37328035120d6eede05584a4f87bdf4105 15d3cceca610f61fba726bd983ede9f511fe15be2fdf722eff9af37ae16fddd3
EXPORTER_SECRET 3959545d9aa2d2f9ad71cb1640b5eb37328035120d6eede05584a4f87bdf4105 085473fa609d04f58bb0e1042264f49d35feaadcecc1d64f92b8598adc63c9d3
CLIENT_HANDSHAKE_TRAFFIC_SECRET d6ea002d74e49c18e0093e8ce8d780d738af62585f4a3400f941ca0e66eeebcd 6c86d969a88a91d9fac06d5fc1aa33ab4b0a722de901dc55e3cbc1615a54423c
SERVER_HANDSHAKE_TRAFFIC_SECRET d6ea002d74e49c18e0093e8ce8d780d738af62585f4a3400f941ca0e66eeebcd 3bedeb1339d0ef8d247748cf9a2cb32636191aa0ecb77f61276fd6953732ce76
CLIENT_TRAFFIC_SECRET_0 d6ea002d74e49c18e0093e8ce8d780d738af62585f4a3400f941ca0e66eeebcd fe78c861ec8c6d3dfd6aa86165c0dafc239d07344769b9945f20175f052bf21b
SERVER_TRAFFIC_SECRET_0 d6ea002d74e49c18e0093e8ce8d780d738af62585f4a3400f941ca0e66eeebcd da27f4e6fdccbb6ce891e95104802e7af2d34265980ea0ec84aba9681c12f91f
EXPORTER_SECRET d6ea002d74e49c18e0093e8ce8d780d738af62585f4a3400f941ca0e66eeebcd e4420cdaa92f842b4db26d8b07ddb35e0747feccf8fb727f1c332c4a7c8a0174
CLIENT_RANDOM 3e8e4392525ae707b2fe0123e03325aba3f3fb34aa0b90098280aaa8cd6c1c42 5a660e6d31fa13af6cb0de3d051a6cfc985fd41768f190307a2710bac52867e47e950aa585555e94ddc252fb9a74ee88
CLIENT_HANDSHAKE_TRAFFIC_SECRET 852445c92bf6d16166b251e3ff37590e6b761391be0c51f2dc3f10234d8c10d9 f508f98059db487f257c3a8d25acb9cee6e415df3955e8db552779c41081e328
SERVER_HANDSHAKE_TRAFFIC_SECRET 852445c92bf6d16166b251e3ff37590e6b761391be0c51f2dc3f10234d8c10d9 0332bb746e8c7d486d2da3f2b75ed349997a27447fb30fe53a180fa9150094fa
CLIENT_TRAFFIC_SECRET_0 852445c92bf6d16166b251e3ff37590e6b761391be0c51f2dc3f10234d8c10d9 61b44441d99b78667355232587fca01227c715063216468d210cf5217a1038e2
SERVER_TRAFFIC_SECRET_0 852445c92bf6d16166b251e3ff37590e6b761391be0c51f2dc3f10234d8c10d9 9295094bcc625b47b675e274952397555786cdfc26c247d7d78e0959fcf6eb58
EXPORTER_SECRET 852445c92bf6d16166b251e3ff37590e6b761391be0c51f2dc3f10234d8c10d9 faa72a29ab2ac87465bbbd51be1b25a3dff6cd8db1f8a4a9d01dcd49f265b87d
CLIENT_HANDSHAKE_TRAFFIC_SECRET 2cbf19281cbdde2bb8b4c3c3074459b237266640304940f96e210079ebefab57 1a3593cdabb9d8cc284a6dff723c4420c696b9665e5e92cee89099fa14da1bc1
SERVER_HANDSHAKE_TRAFFIC_SECRET 2cbf19281cbdde2bb8b4c3c3074459b237266640304940f96e210079ebefab57 c25223ebdb086fe7b550d4a615397902c228dae7833013c1f56586e8d43a4abe
CLIENT_TRAFFIC_SECRET_0 2cbf19281cbdde2bb8b4c3c3074459b237266640304940f96e210079ebefab57 52bf4b9cb18b2131308c7d41bbfc368a02d7e91060688d130e22fa9438732676
SERVER_TRAFFIC_SECRET_0 2cbf19281cbdde2bb8b4c3c3074459b237266640304940f96e210079ebefab57 d143eb1ca63a27e7f22caa38ed4ed48c8d280dcafc1354b894a9df446f5fa8bb
EXPORTER_SECRET 2cbf19281cbdde2bb8b4c3c3074459b237266640304940f96e210079ebefab57 f749e8b7f51edc0d211656c6fff35f19f764b55658f1e66c647f1d54b5a5d34d
