CLIENT_HANDSHAKE_TRAFFIC_SECRET 1a49dd00600062692def3754a3f4bd17e8204ed37ae893872665af38c4af45c7 2537fd1abacbe5bd10c7c344eec1b40a4b010dfe6f55a2c09c76031a5dfec41d
SERVER_HANDSHAKE_TRAFFIC_SECRET 1a49dd00600062692def3754a3f4bd17e8204ed37ae893872665af38c4af45c7 c62013bd1f78b6fdc6cdc10718d369f14f628e7d82f8aa18f16c828193b69289
CLIENT_TRAFFIC_SECRET_0 1a49dd00600062692def3754a3f4bd17e8204ed37ae893872665af38c4af45c7 608d22e5d2726dd4c9d19ae528692f042ef532e351a428fd38d34462796f9f4c
SERVER_TRAFFIC_SECRET_0 1a49dd00600062692def3754a3f4bd17e8204ed37ae893872665af38c4af45c7 0338b24a63535284ebd917b8701f18f83a6cd27ee00ec3b1e4c4b2a9731a7941
EXPORTER_SECRET 1a49dd00600062692def3754a3f4bd17e8204ed37ae893872665af38c4af45c7 d3e6cf011bc184beeeb1ad9c9d70d97094cfdc5d319f1931e09d9d2608bb00e4
CLIENT_HANDSHAKE_TRAFFIC_SECRET 0ac03fd34759ac35d6047545379edd4b1bb0099d7a829fd0307043fa2c77bcd7 ee55203e065f3df7db888eea569e1c547162dbb962ff69689df3ff9594f30bf8
SERVER_HANDSHAKE_TRAFFIC_SECRET 0ac03fd34759ac35d6047545379edd4b1bb0099d7a829fd0307043fa2c77bcd7 9a41649ea6f7bd2b028d73a6ee8c866966c80dda0f83cf573b4b9d30f4a7b83e
CLIENT_TRAFFIC_SECRET_0 0ac03fd34759ac35d6047545379edd4b1bb0099d7a829fd0307043fa2c77bcd7 ef422f5bbe7ab3ddfc715a8ca6d5ad76abb683c21398bbf76825deb53c5be6f3
SERVER_TRAFFIC_SECRET_0 0ac03fd34759ac35d6047545379edd4b1bb0099d7a829fd0307043fa2c77bcd7 405d0caf50294e3c442f43a8a674447d4ebd332520880501412c84b8ca38c174
EXPORTER_SECRET 0ac03fd34759ac35d6047545379edd4b1bb0099d7a829fd0307043fa2c77bcd7 005fbc125f8cc3b295d637f6e82536f4dd0b40cbb5fe9d289652cc3e98bf63dc
CLIENT_HANDSHAKE_TRAFFIC_SECRET 0947fbe41d7e6e598d6041b2be3e4697f7c7ff93041bf94c0b18a13693a1c785 2f65685a68f469877a6bf9f97a26ec6078861a3d76dc071093ddf4f28fdd2e62
SERVER_HANDSHAKE_TRAFFIC_SECRET 0947fbe41d7e6e598d6041b2be3e4697f7c7ff93041bf94c0b18a13693a1c785 67c46843e2a89f7f824c6732f5cc5824f4a341f04dc6f014af448757524722c0
CLIENT_TRAFFIC_SECRET_0 0947fbe41d7e6e598d6041b2be3e4697f7c7ff93041bf94c0b18a13693a1c785 42b2291e31c3ec2fca45e56f03978f1bfc409b018ab7bb841e18e2dd67d47b33
SERVER_TRAFFIC_SECRET_0 0947fbe41d7e6e598d6041b2be3e4697f7c7ff93041bf94c0b18a13693a1c785 0fc63f711a6e868e1bbe86757c9a7c9de5b5163676d0274e847939fd1ea37365
EXPORTER_SECRET 0947fbe41d7e6e598d6041b2be3e4697f7c7ff93041bf94c0b18a13693a1c785 dce52d43dfa28c59210845ae79fd8229528a57d7904a9ead6add3de25905b895
CLIENT_HANDSHAKE_TRAFFIC_SECRET a94cfd47a0063dce54ee0d91a585d50afc0b0f84e0c51e2ed870aba305bf6b39 871ec8365714fd00e56d673e096e5227763fe42f524a207b96c7ae191c169fa2
SERVER_HANDSHAKE_TRAFFIC_SECRET a94cfd47a0063dce54ee0d91a585d50afc0b0f84e0c51e2ed870aba305bf6b39 2a8d20437ecb2179dc28889af35145727b8c9526646bfd2ff14d27422e97736a
CLIENT_TRAFFIC_SECRET_0 a94cfd47a0063dce54ee0d91a585d50afc0b0f84e0c51e2ed870aba305bf6b39 f5ff6a78bfc718b5b5e62156e0c552f74a449c11180cc650df30c25a3d003cc5
SERVER_TRAFFIC_SECRET_0 a94cfd47a0063dce54ee0d91a585d50afc0b0f84e0c51e2ed870aba305bf6b39 dab234e6b64a260331e57120e269093dbcb799b6d032e994f7f1082715371b49
EXPORTER_SECRET a94cfd47a0063dce54ee0d91a585d50afc0b0f84e0c51e2ed870aba305bf6b39 be94f08594ba97ee822d222c3ecc28e6c56ffe29ec31d75341fa28e2851911e8
CLIENT_HANDSHAKE_TRAFFIC_SECRET 4ac3af8b2d4e5f38e9636143212e4f7c902e0df0f02ae2f3a7a754af3e1334f1 75608665207236c8507085433e7aa3848d370216c45cb82f03d3e136c4c6536e
SERVER_HANDSHAKE_TRAFFIC_SECRET 4ac3af8b2d4e5f38e9636143212e4f7c902e0df0f02ae2f3a7a754af3e1334f1 51299da7f6e8079d79911c2d27196237a8f1392747574da1cbbdbe6d05482858
CLIENT_TRAFFIC_SECRET_0 4ac3af8b2d4e5f38e9636143212e4f7c902e0df0f02ae2f3a7a754af3e1334f1 f3baba7e3a8618558f078477c0fb3d0fd81cae6bb776a90ec8e8f5f9005cbc82
SERVER_TRAFFIC_SECRET_0 4ac3af8b2d4e5f38e9636143212e4f7c902e0df0f02ae2f3a7a754af3e1334f1 63efa19d2f0a38627208ac05fcbca7820a8ce7b18df2fbbd8034413ed203cdfd
EXPORTER_SECRET 4ac3af8b2d4e5f38e9636143212e4f7c902e0df0f02ae2f3a7a754af3e1334f1 c6749fee80d58550603cfce773d16f22d3ee88435a14403b742224b48aef77fd
