CLIENT_HANDSHAKE_TRAFFIC_SECRET 73b5237f778667e47b3ebafde53877031a24bcf4093ae160675b786cb3bb0da3 c2903ff6a5e4a7a5f5d8ccc08d159c19edbba3100d07753a851cb76300be7aeda840df377b2e3db322fa7bc9849d3b48
SERVER_HANDSHAKE_TRAFFIC_SECRET 73b5237f778667e47b3ebafde53877031a24bcf4093ae160675b786cb3bb0da3 dfd917e5e0050bbaa7a768b1499c26404e2e7e3627ad6f3b03cc14cd97adad76b415e152df009934c4751b9a23c3b3aa
CLIENT_TRAFFIC_SECRET_0 73b5237f778667e47b3ebafde53877031a24bcf4093ae160675b786cb3bb0da3 b8ab5c9730707c72760aa94544bcfdd4313865322b7fce315267dffea25c8f5b8d838813842e1e3afd15651a0b70b367
SERVER_TRAFFIC_SECRET_0 73b5237f778667e47b3ebafde53877031a24bcf4093ae160675b786cb3bb0da3 183584cb9c22346e6fad93d2996e4eb6a3ff4fd77d874e86ed9b08db7d3f0d7233995a019a26ee81818df7a6f778da8b
EXPORTER_SECRET 73b5237f778667e47b3ebafde53877031a24bcf4093ae160675b786cb3bb0da3 c8bb3e002f2bdd8abc719efebd33d234c7e34a3f9e45b6d6a5de023d87bf3cdc10bac7a2c80cdf4a8d8cf9f9216c5d83
CLIENT_HANDSHAKE_TRAFFIC_SECRET e0a5af37e731c489b064d3405dd3cfcaad8ff88c87b5046976c558e2963c1a97 aea56748616c98c46f28f5efc4705acffbf81817deef436cf0cda9d811a9bbc27ca1a8ce557f5dd32876d549e518d0e4
SERVER_HANDSHAKE_TRAFFIC_SECRET e0a5af37e731c489b064d3405dd3cfcaad8ff88c87b5046976c558e2963c1a97 e00423d5523e6abce9f902b29801970ebfa5308789702f13c4e7dc939997962697aee369781878c83539b0e9789715f9
CLIENT_TRAFFIC_SECRET_0 e0a5af37e731c489b064d3405dd3cfcaad8ff88c87b5046976c558e2963c1a97 a16e61bf7b0c1a77963c87f78f0c9b03ed75ca8a4392b4d874f05df423d55534ef0748d3c7539ffd1f0966997701f1f7
SERVER_TRAFFIC_SECRET_0 e0a5af37e731c489b064d3405dd3cfcaad8ff88c87b5046976c558e2963c1a97 336100489ac06df69de93dcdd51beeccabaf6595723e95b5045559bc565eeef6857ec37ce571be2322831a9d70b88c2a
EXPORTER_SECRET e0a5af37e731c489b064d3405dd3cfcaad8ff88c87b5046976c558e2963c1a97 17ec81a273bfb4b18dab804ec6cf1ad0992d3114b25612bb808cccba68ef36a51548da0cf12b993ee3d433953a82ec37
CLIENT_HANDSHAKE_TRAFFIC_SECRET 242358d6b9f90229c1a950c0b3c7ce0f12409dfa9b7bb9488d0dc3bffcdcd7db df163e85e1dbf4dc40fc7aa7e7af4f497b74b7c124be0ec25a9bdf86f22358b62d8b26e9e1040d1023917de209977a03
SERVER_HANDSHAKE_TRAFFIC_SECRET 242358d6b9f90229c1a950c0b3c7ce0f12409dfa9b7bb9488d0dc3bffcdcd7db e04032807984197dd01be9dd69124b42ff4fe6c9479611c64f4f24d9ac146b2c7863b9211d123118c20ef0781c4ea12a
CLIENT_TRAFFIC_SECRET_0 242358d6b9f90229c1a950c0b3c7ce0f12409dfa9b7bb9488d0dc3bffcdcd7db 0481efa727d0e93c36b7be84642506fb237c58e9e098b5577341e59199a9b7bd9b66cfddb302381698570d17d94436d9
SERVER_TRAFFIC_SECRET_0 242358d6b9f90229c1a950c0b3c7ce0f12409dfa9b7bb9488d0dc3bffcdcd7db e99fbe913f0bf169a44a1c72e7b1b461c50281a8f902111a08997bd825fd73da1934cc25129323c3306d88bd4f916d70
EXPORTER_SECRET 242358d6b9f90229c1a950c0b3c7ce0f12409dfa9b7bb9488d0dc3bffcdcd7db 26708d305fb161e7677070a07e655cd61ff3fd1bac9defbeeeff3e2cec61410abb3e22c853c7a769d7baba6e1172a609
CLIENT_HANDSHAKE_TRAFFIC_SECRET 3822215ab60cc59019d06b2341547e7975740a870bb4e791f8e908a697c99269 385b0223d3618da53470d5c1686eb54701979260373ccf8e8185981341751dbc1ef5599bb6774cbe689667aa5ec5250f
SERVER_HANDSHAKE_TRAFFIC_SECRET 3822215ab60cc59019d06b2341547e7975740a870bb4e791f8e908a697c99269 abe5ce766018135eee53fca5d1fe384dfe9aa4abf3063d4ca3e0f5d00bab0e64754a7c9ec6136cd2124a14c3c757816c
CLIENT_TRAFFIC_SECRET_0 3822215ab60cc59019d06b2341547e7975740a870bb4e791f8e908a697c99269 37ce3d38f9dcc60f41a829984a8d09194d04eadaa3d2c7569115b08078c6802da3401e3a685c754dfc6379537cafc5f8
SERVER_TRAFFIC_SECRET_0 3822215ab60cc59019d06b2341547e7975740a870bb4e791f8e908a697c99269 1bb451e4b49a71d010d907fddd3c96f2d7d64748f5321ab723bc28a03f1d0659e4487ff12336d09cc83b66bcb7c7a767
EXPORTER_SECRET 3822215ab60cc59019d06b2341547e7975740a870bb4e791f8e908a697c99269 c00ec36016a2639ca875fe8342ace29eb3d7a045e15078a2b420cbdbd3f7999248ba67b489f2108d6165a8e2318ea6ef
CLIENT_HANDSHAKE_TRAFFIC_SECRET a46d2d359aefd075f28dd8e08879a9919158ab282ba3980ac63346f853b59b70 b0cbe5284f3a2146831c6a969f16418a1374d0c1979995ec61d66e4be26f043389ad1bb4b32064fd2b87deea1a591132
SERVER_HANDSHAKE_TRAFFIC_SECRET a46d2d359aefd075f28dd8e08879a9919158ab282ba3980ac63346f853b59b70 de48e356606387f6dd4f3e67a2905a132562ab2b883b840d889a3d7e4e181c0422bbad9f4a2fbd90de2c823595c4818c
CLIENT_TRAFFIC_SECRET_0 a46d2d359aefd075f28dd8e08879a9919158ab282ba3980ac63346f853b59b70 2fb337e8bb2cda9d8174ca0d63a2626baaf041aa087440e089783f4299a29b0b864ee5bb650082d6957ab1e63bf50339
SERVER_TRAFFIC_SECRET_0 a46d2d359aefd075f28dd8e08879a9919158ab282ba3980ac63346f853b59b70 42f5273e864f7942dff9e5d223c949ce74764bbc3a80dd4c591b7b2fb153b165b3cbdf99bb43c6683fd1865ced8d1987
EXPORTER_SECRET a46d2d359aefd075f28dd8e08879a9919158ab282ba3980ac63346f853b59b70 958e3cc4fd0abc1a0ae920ba67f809e630a67608777c497a1b91b84f339a86c1d2407939f8bf81d57791e1f36581ff4d
CLIENT_HANDSHAKE_TRAFFIC_SECRET 3ffb9f7dabdceca15289faadb393930ff422be42faa91abf4e8dbeb4f2d5d85a 789283a327a17552def1fdd405eb5f57c870e4cb5e415d63b8efcc665cafa9a78b1f0065ad32e8bb71227c59b40cbbe4
SERVER_HANDSHAKE_TRAFFIC_SECRET 3ffb9f7dabdceca15289faadb393930ff422be42faa91abf4e8dbeb4f2d5d85a 938b8e12be3dda9ba20ee11c73265ce490c77125302354876bf0dab609edf3a8ba0564d79d54fbc457a8c6406909040a
CLIENT_TRAFFIC_SECRET_0 3ffb9f7dabdceca15289faadb393930ff422be42faa91abf4e8dbeb4f2d5d85a a81876c9550ecfb969b10b311a96984964694be8cde18e90d1de16a1df99cb56efadb3ab964bbafff40fb87f2c5d2711
SERVER_TRAFFIC_SECRET_0 3ffb9f7dabdceca15289faadb393930ff422be42faa91abf4e8dbeb4f2d5d85a 97624cf90f60473b694336c9a26ebc7204169ee4ea6ae52c18d876eebabc7531f4b4524a1dcbca8098c6bc79a70329f3
EXPORTER_SECRET 3ffb9f7dabdceca15289faadb393930ff422be42faa91abf4e8dbeb4f2d5d85a 0341cf3060ff75f56b9b53ab43ef593c2f3d3c89f02d685c06f2c4169f456feb401da1c4802aa1dde4eabf70da201859
CLIENT_HANDSHAKE_TRAFFIC_SECRET 3c3b493e436b9e0bbcaa72e08d598119fc688f476541206438a6d1d526654a1a 7bd4e5622629bb5f30d9a7ab6e85ecd1593899048d5ecd760021a84b156018876a77029babab1e3fac9d3de5bf5fceb8
SERVER_HANDSHAKE_TRAFFIC_SECRET 3c3b493e436b9e0bbcaa72e08d598119fc688f476541206438a6d1d526654a1a 4b28aa6d2db7e05eb05e921a2154787b7968b1571609190367718f28e2b4a945356e8da4279feb6a53cdd2b67f5e522e
CLIENT_TRAFFIC_SECRET_0 3c3b493e436b9e0bbcaa72e08d598119fc688f476541206438a6d1d526654a1a e00b3f6463479256df841b458259d6941e954501d643ca4ebdf05c3b6270af006879280e33cfd5991db83dd6b7ccb057
SERVER_TRAFFIC_SECRET_0 3c3b493e436b9e0bbcaa72e08d598119fc688f476541206438a6d1d526654a1a 8e4eb39f630d48bc8add36efb88970123f7de5112f0a6e53c03288c52bfa655d1b7b0ac9dca387838236a2bbafe90c7a
EXPORTER_SECRET 3c3b493e436b9e0bbcaa72e08d598119fc688f476541206438a6d1d526654a1a e72f27029661066dd661f3e29002969dd2bd3a55807d50944f5b5153c07cb74e19922b0557f2d4e988dba6c22763b18a
