CLIENT_HANDSHAKE_TRAFFIC_SECRET fbaa6da84963ca93cbe4093cc2844a57bf9255456ffcdc52608131360dc048a1 f7023708d1546756bd56826cea86d4a0ca1f0e1d352f3b05bcd49637396a49fd
SERVER_HANDSHAKE_TRAFFIC_SECRET fbaa6da84963ca93cbe4093cc2844a57bf9255456ffcdc52608131360dc048a1 d41d1966b73d0fabd7fde0bc69241984e7aeb17f0f15ae4dd93201e24f23f468
CLIENT_TRAFFIC_SECRET_0 fbaa6da84963ca93cbe4093cc2844a57bf9255456ffcdc52608131360dc048a1 a9a99c021241d58a6aa4f26f546fce79f473ae34aa4c07ce470dece9def7b337
SERVER_TRAFFIC_SECRET_0 fbaa6da84963ca93cbe4093cc2844a57bf9255456ffcdc52608131360dc048a1 08ab776fa58f79f652c79dc4611e7098e3e342f0f79b67340ef9f4bb1819c55a
EXPORTER_SECRET fbaa6da84963ca93cbe4093cc2844a57bf9255456ffcdc52608131360dc048a1 96dbfaacf3607e8c8f15e9e26a69b4537511a81a9fd32ba862ca64a6454dd348
CLIENT_HANDSHAKE_TRAFFIC_SECRET f1d0f6205b307a513a0b21da3975f5f00e65beac914e091d0c15e86f25eb072f e54daeb4e1afb3861cc462f7db34701f3e3690148020fd1dc3de83655749346b
SERVER_HANDSHAKE_TRAFFIC_SECRET f1d0f6205b307a513a0b21da3975f5f00e65beac914e091d0c15e86f25eb072f 580721e1aba9635ec6a13fc3f20b48f505039d7da79a0ef6c657199e2db177a2
CLIENT_TRAFFIC_SECRET_0 f1d0f6205b307a513a0b21da3975f5f00e65beac914e091d0c15e86f25eb072f 25bfbb73213d066a1f2dbcfc324297c9d21929cd64a94b0b3f6e738e28f086f6
SERVER_TRAFFIC_SECRET_0 f1d0f6205b307a513a0b21da3975f5f00e65beac914e091d0c15e86f25eb072f 49be9be9f30b34119eeb9b40a7f787bc22f6d3d1f9fb8f204348820f7a57dae8
EXPORTER_SECRET f1d0f6205b307a513a0b21da3975f5f00e65beac914e091d0c15e86f25eb072f 60adfd9acfc9ab078f75001ee9a57962209f5dc1d2e11934a2d1e07bfe181265
CLIENT_HANDSHAKE_TRAFFIC_SECRET 1e55711dfc32643ffa4b43767bd5e1204b893773cbccc38010dbb0ab1c021e55 1b1c14e1e7f6d3f1402b89698a1a2879eb8661b537e341f94517ee6366752aeb
SERVER_HANDSHAKE_TRAFFIC_SECRET 1e55711dfc32643ffa4b43767bd5e1204b893773cbccc38010dbb0ab1c021e55 e1118a2f52be6ceaeec25fac12f4de167dc2101ded26b2d442961736c96958de
CLIENT_HANDSHAKE_TRAFFIC_SECRET b90d190f9ee3570ec6908f9236c855539edb6776a055b5442f71052bbfc4472f 037f96b76f33116de87b19242af1135e82e0538716fec4a4b6a284d59c76d9e8e940bff33f1429af233d376b8b067040
SERVER_HANDSHAKE_TRAFFIC_SECRET b90d190f9ee3570ec6908f9236c855539edb6776a055b5442f71052bbfc4472f 738b99ca38d948ec49e82aeabe169805af1f1338a35ae9593f1276a6c0610c498ddfd300d33a26756ca0ab167eff0666
CLIENT_TRAFFIC_SECRET_0 b90d190f9ee3570ec6908f9236c855539edb6776a055b5442f71052bbfc4472f 0fb6d19f4966702d89051a496d7564e6b6a686262d48964908bbaa421fc994b95a7a1262221a4acf0a8ab8ebf3839cd4
SERVER_TRAFFIC_SECRET_0 b90d190f9ee3570ec6908f9236c855539edb6776a055b5442f71052bbfc4472f f5e7dbd24ff217ead1c7d4da1f7be09823a6d99d156d5d5133283f0b896504350d8a3415cd795ad7b475307b9ff3a44d
EXPORTER_SECRET b90d190f9ee3570ec6908f9236c855539edb6776a055b5442f71052bbfc4472f 54b7bfa1451fbb02dcd84598bafb62548e257eccd596ab36b5679f1975adb220899fd0e5c011f0124da92e1fabcd1893
CLIENT_TRAFFIC_SECRET_0 1e55711dfc32643ffa4b43767bd5e1204b893773cbccc38010dbb0ab1c021e55 1d553d1b69e60d29d9cb071f3e1f1fb7cc01550d6b6aecd95822a93768de6cd6
SERVER_TRAFFIC_SECRET_0 1e55711dfc32643ffa4b43767bd5e1204b893773cbccc38010dbb0ab1c021e55 945b4c52fc8788df62cedca0d4fbb8cd33404a89105938af72aa39747dcd15e6
EXPORTER_SECRET 1e55711dfc32643ffa4b43767bd5e1204b893773cbccc38010dbb0ab1c021e55 b1bac3b867cce8f8d8697d376e99bd62264bf9a255e9af5f7ac8d7ead4dcb497
CLIENT_HANDSHAKE_TRAFFIC_SECRET 31376cf6c09b597828579f8f95d097e0ac5b13f96cf4f84bf4b2bc8d02f2be13 713eb8433394f785163c19187d6ce55957512f1a53b6a7d8331bee43b4909c53
SERVER_HANDSHAKE_TRAFFIC_SECRET 31376cf6c09b597828579f8f95d097e0ac5b13f96cf4f84bf4b2bc8d02f2be13 65bcc867af8b57319b0e65aeba14207f21c32de1da4c9a826f095e0fcef46ade
CLIENT_TRAFFIC_SECRET_0 31376cf6c09b597828579f8f95d097e0ac5b13f96cf4f84bf4b2bc8d02f2be13 48842194b37bd8f4337ea31e791d6a2dd46db51c581490a95f729de0d77ce0dc
SERVER_TRAFFIC_SECRET_0 31376cf6c09b597828579f8f95d097e0ac5b13f96cf4f84bf4b2bc8d02f2be13 c3eacc0da4ae1b3073ef50c27e2b7aaecc771ca3c9963c07104a4fb4bee975bc
EXPORTER_SECRET 31376cf6c09b597828579f8f95d097e0ac5b13f96cf4f84bf4b2bc8d02f2be13 270685b8490f4a118a6aae827b0f8950263980da1ad7801c38f311e1dd3d6912
CLIENT_HANDSHAKE_TRAFFIC_SECRET 8413c9759d2dc4d565945c8c4024b64215a2b08fad40fc22da7acd3d6cf14745 1159ec892c3766bbe2d9719fa96d031198d8204b141220df0f090107b9f5c393
SERVER_HANDSHAKE_TRAFFIC_SECRET 8413c9759d2dc4d565945c8c4024b64215a2b08fad40fc22da7acd3d6cf14745 1474d7a0a9a57f1dd4b68da45352a60dcb5635321285f1810c542851ab7a7af3
CLIENT_HANDSHAKE_TRAFFIC_SECRET 78c3a39244cc06745619317d15aa78864572aacb0f6c488878ff7765d16570a4 6d1ad19e4cf8155c6b77916a97f58162679ae19565c2a834ef6ff393904664ad
SERVER_HANDSHAKE_TRAFFIC_SECRET 78c3a39244cc06745619317d15aa78864572aacb0f6c488878ff7765d16570a4 c8f56f570b875c4323d5e8002dfe660c5c8d7d132ef5cc3bf86f841c9a23a43f
CLIENT_TRAFFIC_SECRET_0 8413c9759d2dc4d565945c8c4024b64215a2b08fad40fc22da7acd3d6cf14745 c3aa6841f5a4b70953529e2cbc8abb7a6efc97e03bcad47bc872a94bec9f7b1e
SERVER_TRAFFIC_SECRET_0 8413c9759d2dc4d565945c8c4024b64215a2b08fad40fc22da7acd3d6cf14745 0241f01b3422c5d518e0ab40cd5c02571f1b369ab9ef029c05b5612d5927f2d1
EXPORTER_SECRET 8413c9759d2dc4d565945c8c4024b64215a2b08fad40fc22da7acd3d6cf14745 37cb3b5dc0a0e40f293f870a836083542f2ebfcf9f237e4d61fada7c42f7e530
CLIENT_TRAFFIC_SECRET_0 78c3a39244cc06745619317d15aa78864572aacb0f6c488878ff7765d16570a4 4b208abca05a1116d0ad84062cbef1e8e07f4b35950b4c6ae43d09cd0cacfa35
SERVER_TRAFFIC_SECRET_0 78c3a39244cc06745619317d15aa78864572aacb0f6c488878ff7765d16570a4 f63f9a19130be901ef50bc7c45b72553726895e115f26ea260f9be354ec273c7
EXPORTER_SECRET 78c3a39244cc06745619317d15aa78864572aacb0f6c488878ff7765d16570a4 78c297818b2736851e0d87aa173bb5557567e655cb74300194238f6324ecac7a
CLIENT_HANDSHAKE_TRAFFIC_SECRET dda300845e48a4745bdf968f468c61ab8ed18e0cb96947dd736dc60511d92bb8 438b0fce27b1410b4f3bb69dfc68df632050fcb7b2f6d7f2b0a2c0abfbdab556
SERVER_HANDSHAKE_TRAFFIC_SECRET dda300845e48a4745bdf968f468c61ab8ed18e0cb96947dd736dc60511d92bb8 d8743832bd56ffa5c266c84b336aaf179746fe9ed63a4c0302621e7e797e6c0b
CLIENT_TRAFFIC_SECRET_0 dda300845e48a4745bdf968f468c61ab8ed18e0cb96947dd736dc60511d92bb8 f18f719c7a895c66abddb08890e1a0ace1d880887238fb366a45e3812916e465
SERVER_TRAFFIC_SECRET_0 dda300845e48a4745bdf968f468c61ab8ed18e0cb96947dd736dc60511d92bb8 d1c53d87abc3b76b6075d64bda5dea26df9d5fdbb5adf6fc5723b4886f8a9140
EXPORTER_SECRET dda300845e48a4745bdf968f468c61ab8ed18e0cb96947dd736dc60511d92bb8 6861d3dc0c6db9d919bc04a30a2488725ba038abe32148f7d8171e0fac8346b0
CLIENT_HANDSHAKE_TRAFFIC_SECRET 681b79a9110e8c26d68b59d9339db28991b6342c62af6c75b8a8d7206dbb895c b89354a4e96d7e1b6310488c9b7cc940dc681fe27cc500fec908f496b5085f23
SERVER_HANDSHAKE_TRAFFIC_SECRET 681b79a9110e8c26d68b59d9339db28991b6342c62af6c75b8a8d7206dbb895c e505d4286f29fa513f2cda3e9b6532133f6f46d7d4d9648e66efd27f1d56157a
CLIENT_TRAFFIC_SECRET_0 681b79a9110e8c26d68b59d9339db28991b6342c62af6c75b8a8d7206dbb895c fb37a6602e8726c52fff1d0d5b0c9b8fe38dc2e1db3e07c1717a6653896e4015
SERVER_TRAFFIC_SECRET_0 681b79a9110e8c26d68b59d9339db28991b6342c62af6c75b8a8d7206dbb895c 3c939e071891720755fea1c3f0dd52a6d4952ae78b2c31fb5acd5198c102cf6f
EXPORTER_SECRET 681b79a9110e8c26d68b59d9339db28991b6342c62af6c75b8a8d7206dbb895c 6fdba4f0aad10e92fc9f2e98d43dce7f987322bf3b7dd8820cd454b394a84802
CLIENT_HANDSHAKE_TRAFFIC_SECRET e63b24efd8e9c5fd153098fd120183a6aac0daa687cbdb4b53c52036e8d6709c 40b002daea041b16cdc7824baea6329075f26e465f6bfd72e1f2b037cfc6cd21
SERVER_HANDSHAKE_TRAFFIC_SECRET e63b24efd8e9c5fd153098fd120183a6aac0daa687cbdb4b53c52036e8d6709c a8db7de3753814f041e9428d341a5f42c6f92450fd1219ee73e0d819e13b7349
CLIENT_TRAFFIC_SECRET_0 e63b24efd8e9c5fd153098fd120183a6aac0daa687cbdb4b53c52036e8d6709c bab5d755946652df0cd82f4cdbd81cae277f1b2b09005bc942ec534f4eb4fde5
SERVER_TRAFFIC_SECRET_0 e63b24efd8e9c5fd153098fd120183a6aac0daa687cbdb4b53c52036e8d6709c 3bcba6def7521ebacb08dc4e954211d11f0e6e9ffa4125b466341a0077aa4d95
EXPORTER_SECRET e63b24efd8e9c5fd153098fd120183a6aac0daa687cbdb4b53c52036e8d6709c c35cd041e317232e0a825e128cabeb1b034b033da28839ed19de6784ad63f454
CLIENT_HANDSHAKE_TRAFFIC_SECRET e3afb0cdd56a9e7e225ec53d732a9d8582e85f38aa882ed0d393e30228162b5b fc097a7b5c8aae49583d0fdbd1eed20153fef9eb69e581d086def222d95a39e9
SERVER_HANDSHAKE_TRAFFIC_SECRET e3afb0cdd56a9e7e225ec53d732a9d8582e85f38aa882ed0d393e30228162b5b b032ac833dfecbae11505654e9f84816a4c59153e29eb80e20a997da81e07973
CLIENT_TRAFFIC_SECRET_0 e3afb0cdd56a9e7e225ec53d732a9d8582e85f38aa882ed0d393e30228162b5b 36f135eb335219de4bfb0b2249b9fac2652520c0bb697535be04cfd871ae795d
SERVER_TRAFFIC_SECRET_0 e3afb0cdd56a9e7e225ec53d732a9d8582e85f38aa882ed0d393e30228162b5b 5da05e7e10920bb4d29d2be9b7e06fdcd404eba7adc21c7ab349608b4ac83f2d
EXPORTER_SECRET e3afb0cdd56a9e7e225ec53d732a9d8582e85f38aa882ed0d393e30228162b5b 1a142752ff28aec5faca7ad4639a0350b62753efbb6a3654ff483cecc08c06cb
CLIENT_HANDSHAKE_TRAFFIC_SECRET cce6cc368c102ff6a283a1f16d9b944b59d4566049dd870059f7e2369999ac6f 9eb8b9ab7d4bee7457cca1d3da547a77cdcfdb40c9e007df1c3c9047f5bc047b
SERVER_HANDSHAKE_TRAFFIC_SECRET cce6cc368c102ff6a283a1f16d9b944b59d4566049dd870059f7e2369999ac6f 070d1f342a4770c25448a107627ae85dd2619ab07f51aebea87e315c76ab5415
CLIENT_TRAFFIC_SECRET_0 cce6cc368c102ff6a283a1f16d9b944b59d4566049dd870059f7e2369999ac6f d47a1ee14047fa677583e370854d38b629a8bac76a7ca4e21196e39ea2924e3d
SERVER_TRAFFIC_SECRET_0 cce6cc368c102ff6a283a1f16d9b944b59d4566049dd870059f7e2369999ac6f 29d1b2e19995d2cbaaa284f7c41be8618badd4fc91f5ee0bd286da33cd4a121f
EXPORTER_SECRET cce6cc368c102ff6a283a1f16d9b944b59d4566049dd870059f7e2369999ac6f ed28a868e7b3a04a92dfe84cf03d21d2c4524301a6694501b75eac0b0b12cc3a
CLIENT_RANDOM b5b86855654d755a6eee58efd25d857692f266355510ea0a4d91537e4a5b5b7e dfd78ed261bd397c188c834508472e0c531055c24af59048b3570b28ab01659efcb51b3b7c0f2800dc4ba472dce37fc6
CLIENT_RANDOM 89305797d6a3469d430b99b836d082685e9e810961a5f3350bfa682d0782b974 67e63dcb6d8b2b9fce4a04689033aaa794e4a00f9542eaba2ff4fdc6d34213122ec42914cc88653f5db5eb13aa1b92d4
CLIENT_RANDOM 5a37a68e811a30d6bd9f5048e8671ea2cc7b466c437bd529197f99555dc2c5f2 9a4b0dc673dc180e0c0b50502dd98803a99b4e48e9a7a4b70de59200b60a5836ff5168c173402f3e99c46d2b377eb35e
CLIENT_RANDOM 2711895a88cfafde80c74242fc0de2519dd55b3f628acc1c2f7906bc39b71fbd 08d307d0cbd4c837a742855b1004f5ebcb1400a90fa07a257bfbb8a38bdad152c8f458d7bb68b7e2e490a2a8f507c208
CLIENT_RANDOM b3a959f1451f9421cd7a4c45b7fba88b22331849f5966eb181cef5a7b5da267a 65e016618e26ee7f10e0b65da88a415d1d4746238f18cd4e7877e02e4b407d4042306507942b2ee6badc33d95aa3c569
CLIENT_RANDOM f22a703d9ce1973ccbab25985d762774ecb35d7638c2870e1c9c254a751b4d7e bd8cae236c79a9269f4e4074e456dd169db39d549af6339a7a883010b814d4390b05c9e1422048b7c24558021282ffa9
CLIENT_HANDSHAKE_TRAFFIC_SECRET 8097d1d6a381ced97122e64e46b1c69db1c710188cb77e53793ff3e802a6deb7 098fa4b010b00844707e59ae28b67ef29653fc2a32ebdd9889a30e48d8a0cdaf
SERVER_HANDSHAKE_TRAFFIC_SECRET 8097d1d6a381ced97122e64e46b1c69db1c710188cb77e53793ff3e802a6deb7 50aa8b269f1e3ae94e1c509244f82c78c8a7081589126035e420287cb0c03ee0
CLIENT_TRAFFIC_SECRET_0 8097d1d6a381ced97122e64e46b1c69db1c710188cb77e53793ff3e802a6deb7 5c30ea50deefcd4a4aeba9a2ef2dc6479d9ae2dd85587444fe697b54f0d78d65
SERVER_TRAFFIC_SECRET_0 8097d1d6a381ced97122e64e46b1c69db1c710188cb77e53793ff3e802a6deb7 9cecb765b2bf07f36d6cb2b09dada9771e897ca9fea5ecd43014d26d29f182a9
EXPORTER_SECRET 8097d1d6a381ced97122e64e46b1c69db1c710188cb77e53793ff3e802a6deb7 5a7690414aed533d346c137d8b90e4edc0e1ecafa1a917fb416a9037da68a0e3
CLIENT_HANDSHAKE_TRAFFIC_SECRET 44c609d76cec48bdd404080a375c7e3fa579d417f209e7c14da07aa7c619dd00 6b2bd1f7d0798701004ebebe5456e684eb79e50a49b5c2d628935a979722de82
SERVER_HANDSHAKE_TRAFFIC_SECRET 44c609d76cec48bdd404080a375c7e3fa579d417f209e7c14da07aa7c619dd00 fedcd2a034518ddd13605248426cb6986e060777bf252060713e974f7819699c
CLIENT_TRAFFIC_SECRET_0 44c609d76cec48bdd404080a375c7e3fa579d417f209e7c14da07aa7c619dd00 c843daab3a28233a5ab92fb7c4735ae8c3da0011714add3ade0d5175689bab9d
SERVER_TRAFFIC_SECRET_0 44c609d76cec48bdd404080a375c7e3fa579d417f209e7c14da07aa7c619dd00 58569a207cf8612d7f9d90e6cac170827d322dab6549d70348d2fc981127e497
EXPORTER_SECRET 44c609d76cec48bdd404080a375c7e3fa579d417f209e7c14da07aa7c619dd00 06d44006531d1c107a54602585fdd2bb1a8b669e9ab383c59e94eeb0cbbd1602
CLIENT_HANDSHAKE_TRAFFIC_SECRET 4d4171a6bff794df7b066397aabf29e87e3da317dd233bc131e482eb94908895 1586053028f79cfa200f3cf4c8aa0140b8125ee2329a2ca6420ea98edaf4f460
SERVER_HANDSHAKE_TRAFFIC_SECRET 4d4171a6bff794df7b066397aabf29e87e3da317dd233bc131e482eb94908895 f4baec3888a8c1c7b581552346eba357ee1c9e2dd47b10b58e36748b85d04aee
CLIENT_TRAFFIC_SECRET_0 4d4171a6bff794df7b066397aabf29e87e3da317dd233bc131e482eb94908895 00dfaad6897f2bd3d67d35eef8a3e1b46469eab019061c4e6c0709e50e442cfa
SERVER_TRAFFIC_SECRET_0 4d4171a6bff794df7b066397aabf29e87e3da317dd233bc131e482eb94908895 623cff23b34fee793ce58eebddbd23525089803a9a88ac7d048bce8d89fe783c
EXPORTER_SECRET 4d4171a6bff794df7b066397aabf29e87e3da317dd233bc131e482eb94908895 3e206ed5aa3f9c150a068a8845fb55835eee0d20cd0115f53ff77ee22b7765a1
CLIENT_HANDSHAKE_TRAFFIC_SECRET ad9995920c0c54885f07605295620c74852ec11c50d6c48e85e84b3802b3e6ed 99b90f316b20ee266b87f85ca42963fc09299da13fdfed3bd68ba7cea9099f47
SERVER_HANDSHAKE_TRAFFIC_SECRET ad9995920c0c54885f07605295620c74852ec11c50d6c48e85e84b3802b3e6ed 1fdaa189356dc2970b1ddf51c90ba9feb051bcd0a48b7b2024911852a2d70c70
CLIENT_TRAFFIC_SECRET_0 ad9995920c0c54885f07605295620c74852ec11c50d6c48e85e84b3802b3e6ed e8caa2518bf1d6007ab7d92c45957efa69fba0f75addd1f1cee759903a5ba210
SERVER_TRAFFIC_SECRET_0 ad9995920c0c54885f07605295620c74852ec11c50d6c48e85e84b3802b3e6ed 5715b4c2f49e755eb1a81b26d93d1f4b135bff66b1a889748ee51426d0ae1129
EXPORTER_SECRET ad9995920c0c54885f07605295620c74852ec11c50d6c48e85e84b3802b3e6ed 3e6f2345c534216d07761d4300af2d83a6500312c8de68d2ccf93d1908573380
CLIENT_HANDSHAKE_TRAFFIC_SECRET 61e601789c4d12abcaa30de66ea2b67b45e8198ebddd37109d01c1b0a2d541f7 a823604c6747214c00e95a608c47f0dc139597a27dd463dc0f403c8eabbec0c8
SERVER_HANDSHAKE_TRAFFIC_SECRET 61e601789c4d12abcaa30de66ea2b67b45e8198ebddd37109d01c1b0a2d541f7 fd0b948211e5892b283ccabc5d624b13e740d96dec279a81bd0ad3aac0c6d713
CLIENT_TRAFFIC_SECRET_0 61e601789c4d12abcaa30de66ea2b67b45e8198ebddd37109d01c1b0a2d541f7 85f8226c0538df0fe85f5410a2e3177fa1cd66a42fe3860aa648b251de8db19f
SERVER_TRAFFIC_SECRET_0 61e601789c4d12abcaa30de66ea2b67b45e8198ebddd37109d01c1b0a2d541f7 91a5c385b4f8db193a58d4413fe1a0a6fff782df54054b5e67d5e8d29dc41ec1
EXPORTER_SECRET 61e601789c4d12abcaa30de66ea2b67b45e8198ebddd37109d01c1b0a2d541f7 a9a2ca4ac2e415946fe4357f1a61ad8345f34376551847903cb60e4946ce0b7d
CLIENT_HANDSHAKE_TRAFFIC_SECRET 02b08695ec870dc3a948ffc6df6f5ebac115dc87bacfc404e99472db24506f30 d61276dbf5fed500b71f8e3c030c06ff19c0dfcabceb7084f66b177771cf837989d55065622395e180a059261f5e51d8
SERVER_HANDSHAKE_TRAFFIC_SECRET 02b08695ec870dc3a948ffc6df6f5ebac115dc87bacfc404e99472db24506f30 d6ccb4226e061e25c9a7712f58cb7548b607cba028d9e91c2167a2f81eca09515ecda0555c90a5f4d0acbe09a6669753
CLIENT_TRAFFIC_SECRET_0 02b08695ec870dc3a948ffc6df6f5ebac115dc87bacfc404e99472db24506f30 dd4b11d9caab58a9c99b97511627e8c55c37d78c318ffe9270ea8f0e18912776f9f34689a1559890eb7ccb249920326f
SERVER_TRAFFIC_SECRET_0 02b08695ec870dc3a948ffc6df6f5ebac115dc87bacfc404e99472db24506f30 058f895ae19f00572b85eea2a13cac943ef1fc146891a16c65d53e55ae93b1409bc03b8e78f0d42e08737c3e6f6832e6
EXPORTER_SECRET 02b08695ec870dc3a948ffc6df6f5ebac115dc87bacfc404e99472db24506f30 132f797bc126277b309ba5c7d137c9dcaf2eb84638d0828bfefed3db920f04c48991f00edc10b1f003e7b64e46f9d5de
