CLIENT_HANDSHAKE_TRAFFIC_SECRET 663e3063002eecd037e4677b5c17d02038995714d0c28ca9d4f6a64eabd3f88a 8293170713880b44432b892797d66b6dbff8536e37f4305f37af7c54f3d3dccf
SERVER_HANDSHAKE_TRAFFIC_SECRET 663e3063002eecd037e4677b5c17d02038995714d0c28ca9d4f6a64eabd3f88a 70f5efc28600762f75fe28848f43046681664fa9e143e85e5943e992424ad823
CLIENT_TRAFFIC_SECRET_0 663e3063002eecd037e4677b5c17d02038995714d0c28ca9d4f6a64eabd3f88a 08ec132158b13aefdb65e2bbeb23afa87ca8ba31ad3e00237301fcec6453ef41
SERVER_TRAFFIC_SECRET_0 663e3063002eecd037e4677b5c17d02038995714d0c28ca9d4f6a64eabd3f88a cc54f596a96b2bf981553b32f64619815c7340d85d8c6828af26ef14f4800080
EXPORTER_SECRET 663e3063002eecd037e4677b5c17d02038995714d0c28ca9d4f6a64eabd3f88a 45d85110186f64ac8b2091d333f8cec270c277695f8ed0393d3e659b5813b32c
CLIENT_HANDSHAKE_TRAFFIC_SECRET e9cfba0f1930153e5a53f4b623ede7bd1e9ef192e3fdccfd0888afd02e7737e3 5cf4667f6bb3db72c99a07087f5fde856d338d8c2a84211e1e783f0e73133eb7
SERVER_HANDSHAKE_TRAFFIC_SECRET e9cfba0f1930153e5a53f4b623ede7bd1e9ef192e3fdccfd0888afd02e7737e3 67b2d4e06afdd4c51ce4c085c48ba2ada33c14306b45c8926f9a917fc05150e4
CLIENT_TRAFFIC_SECRET_0 e9cfba0f1930153e5a53f4b623ede7bd1e9ef192e3fdccfd0888afd02e7737e3 d777bd3ae71ea5dd73ebeb68882ce56002246aa263de4893f44b9b5bcfafc9c0
SERVER_TRAFFIC_SECRET_0 e9cfba0f1930153e5a53f4b623ede7bd1e9ef192e3fdccfd0888afd02e7737e3 fd1892a067cdf274c74894790d4b63ebccc76182730269f893d76f021cf9ce0b
EXPORTER_SECRET e9cfba0f1930153e5a53f4b623ede7bd1e9ef192e3fdccfd0888afd02e7737e3 b4455da81da1b8e778398d56bca33d5f1728fa1b13685561f3bd4216028142cc
CLIENT_HANDSHAKE_TRAFFIC_SECRET f058085db0359530feda37760a2cf5169c371a25eec301d6120f9dc9c2d06007 91ebc3f44245da1f807774c5faf04122ff3a74d36183c386a020565c1d92b4b0
SERVER_HANDSHAKE_TRAFFIC_SECRET f058085db0359530feda37760a2cf5169c371a25eec301d6120f9dc9c2d06007 3281b2d824e4b62250b8e9ddec41036493562f2fb4c8cea6c3be7efaf733d553
CLIENT_HANDSHAKE_TRAFFIC_SECRET 47d8660c4a0e77cb1a97e524af432468b3536c5557e5a8b07d0745a5f76a34ac 896153b2c94c5032ae0fa92b2bb14c800017568f8b73dd703c6fd78aac2da8f8
SERVER_HANDSHAKE_TRAFFIC_SECRET 47d8660c4a0e77cb1a97e524af432468b3536c5557e5a8b07d0745a5f76a34ac e416fb3f028c6d52338b334bbf33db984132090f2793e1c5124087f8eb2097f0
CLIENT_TRAFFIC_SECRET_0 f058085db0359530feda37760a2cf5169c371a25eec301d6120f9dc9c2d06007 ba9a93b1a485a5a998ebaeabdb96174556f51fc2d241dfb6cb17e60a6d4e4904
SERVER_TRAFFIC_SECRET_0 f058085db0359530feda37760a2cf5169c371a25eec301d6120f9dc9c2d06007 6a31215b917477b5b5dd417b3ba362a050578baf922b416766f52d39deaf844b
EXPORTER_SECRET f058085db0359530feda37760a2cf5169c371a25eec301d6120f9dc9c2d06007 3682d1236c149dba9ed1dcf491c375412081a06c9d03b9ff759bd6234f02d4dc
CLIENT_TRAFFIC_SECRET_0 47d8660c4a0e77cb1a97e524af432468b3536c5557e5a8b07d0745a5f76a34ac dc0765af7ae86c321b7eb5d9d75c289e3062e008484aadaa3082103f353a8a81
SERVER_TRAFFIC_SECRET_0 47d8660c4a0e77cb1a97e524af432468b3536c5557e5a8b07d0745a5f76a34ac 28e2752deea8daeec2cfdf5de7f681077627a4f6d3f5728df114e2b76e53c1cc
EXPORTER_SECRET 47d8660c4a0e77cb1a97e524af432468b3536c5557e5a8b07d0745a5f76a34ac 1f08ef77548c0e7790744b31bb20ccc84bd4a0f1a7f772d62b5c9e63e285898c
CLIENT_HANDSHAKE_TRAFFIC_SECRET f1eac086676215ba3c6fcbf1dacac449707f7708faabb1f7a31e02bc9994a941 8538cbde51110f930130538e9e476672350d738cbc7e8cd63110d8952a1a214a
SERVER_HANDSHAKE_TRAFFIC_SECRET f1eac086676215ba3c6fcbf1dacac449707f7708faabb1f7a31e02bc9994a941 3e79b0d3d82eff2f3cb7325d77fa8c19511e6aa5bf94ade9545a59961ff77ab0
CLIENT_TRAFFIC_SECRET_0 f1eac086676215ba3c6fcbf1dacac449707f7708faabb1f7a31e02bc9994a941 9bde35bc2242840bea29e494794afb1011695369df5a0a4fcbcbf85b7fd17125
SERVER_TRAFFIC_SECRET_0 f1eac086676215ba3c6fcbf1dacac449707f7708faabb1f7a31e02bc9994a941 3567551fa0f41249ec939f37b4e68d28b22545ecaf2e0faac900d3516a6609a1
EXPORTER_SECRET f1eac086676215ba3c6fcbf1dacac449707f7708faabb1f7a31e02bc9994a941 53f7670c6a53b2c6b68cbfb48db26d1ac4cd951b21c838350d038f7f2b42ae82
CLIENT_HANDSHAKE_TRAFFIC_SECRET 0a9a8588dc0074f094287a01a76908734f99cda25ae7876967cf6cb5821447fc 812e809b20bcc91e05a2d0d33768a5d3a5325ccec09f764f543c86198d0a9dbe
SERVER_HANDSHAKE_TRAFFIC_SECRET 0a9a8588dc0074f094287a01a76908734f99cda25ae7876967cf6cb5821447fc 453443a03e31f7c1c98ff99bc25cbaa57df5f0dd55668e56544e59bac73fde23
CLIENT_TRAFFIC_SECRET_0 0a9a8588dc0074f094287a01a76908734f99cda25ae7876967cf6cb5821447fc 9bd0bc889315cd00c1ebc8f994959e0cefa892487c201ad5ceb7a85b3be90098
SERVER_TRAFFIC_SECRET_0 0a9a8588dc0074f094287a01a76908734f99cda25ae7876967cf6cb5821447fc cee6390081f90510b8d95c5fb39eaa3891200bc864e02bcc7303b00d196c10d7
EXPORTER_SECRET 0a9a8588dc0074f094287a01a76908734f99cda25ae7876967cf6cb5821447fc 61ede8a76eb573e835abbc0e4682256b2c9df2eb8f592eae372089916b5c091b
CLIENT_HANDSHAKE_TRAFFIC_SECRET 5a56e9ef815533cec01c8645b204cfc9680c8d2f90a060a6ad25e1ac035386c0 2ca202b4f8b743c182ca09fa83ebdb1a63bba20b989169f237c8114f76a299a6
SERVER_HANDSHAKE_TRAFFIC_SECRET 5a56e9ef815533cec01c8645b204cfc9680c8d2f90a060a6ad25e1ac035386c0 99b77882383c439f198704ceb48caeb0040b6f123f7912e3b20fd4d6b2cf97fc
CLIENT_TRAFFIC_SECRET_0 5a56e9ef815533cec01c8645b204cfc9680c8d2f90a060a6ad25e1ac035386c0 a0db8cadbdefc59189b8c74a4a39ced7060087878df2b07ee868333dcf5908fc
SERVER_TRAFFIC_SECRET_0 5a56e9ef815533cec01c8645b204cfc9680c8d2f90a060a6ad25e1ac035386c0 1dc8a6d6c6120c0c6c25384e553de9bea2b8d91db16aeb9459cd1c165d0cb42f
EXPORTER_SECRET 5a56e9ef815533cec01c8645b204cfc9680c8d2f90a060a6ad25e1ac035386c0 f94b6d58162d513f09d44382d83e69e4089df5013751eacf24d11c4c1282630b
CLIENT_RANDOM 4b9b91eba825918e5fdfc489da8adbd7ac0a7b97d019f7c605de88d168c94116 241732965b7afb28f7ac691e2dc34ff71d985875b23185fdaaf39fca25ada165ad59c12125e52167550f95336887f215
CLIENT_HANDSHAKE_TRAFFIC_SECRET c3e7127ec6866802575590b2b9b69f54c808b9fcb9443b18aa68f8b79cc80977 bc2dffab17dd7d42dd86675109562983fa155b70ede3413663f45a968b3b5fca
SERVER_HANDSHAKE_TRAFFIC_SECRET c3e7127ec6866802575590b2b9b69f54c808b9fcb9443b18aa68f8b79cc80977 b210375e0f59bab10cecb34f9dcc8a83ac9651f8e35b82d4eb5371ca7b2e6a98
CLIENT_TRAFFIC_SECRET_0 c3e7127ec6866802575590b2b9b69f54c808b9fcb9443b18aa68f8b79cc80977 323630eb803f03df296e1b39c11589977c410fb6477667a548f276da249ad364
SERVER_TRAFFIC_SECRET_0 c3e7127ec6866802575590b2b9b69f54c808b9fcb9443b18aa68f8b79cc80977 7ea273dff37aac5154af9d192c71819e21bdeb3631f417277aa1590d145344bf
EXPORTER_SECRET c3e7127ec6866802575590b2b9b69f54c808b9fcb9443b18aa68f8b79cc80977 808f313b2ac22841940381ac850126f464270de97f52bd1d5864a4cfebe9eb8f
CLIENT_HANDSHAKE_TRAFFIC_SECRET 1e9a1c13ad13b413548c4d849fca6b0f4c6637a5be49157da24abb28f223817e 4b511cd0a98c33681058b1d96a5b704e611b5c6b097d615e925fe1261af6e0cc
SERVER_HANDSHAKE_TRAFFIC_SECRET 1e9a1c13ad13b413548c4d849fca6b0f4c6637a5be49157da24abb28f223817e 6b365e11c6a3fb428f9c0c000cc2ae74f721bfb9c24d8dde23cc7ed653f96e1f
CLIENT_TRAFFIC_SECRET_0 1e9a1c13ad13b413548c4d849fca6b0f4c6637a5be49157da24abb28f223817e 7c6938b195687f182c6040cffefe4e10411842f141447771b7bc7f799e37ab3d
SERVER_TRAFFIC_SECRET_0 1e9a1c13ad13b413548c4d849fca6b0f4c6637a5be49157da24abb28f223817e b4680b24eb71e0cee51181a72f54b8e03471e78d40354085ad2ad4a78a278bce
EXPORTER_SECRET 1e9a1c13ad13b413548c4d849fca6b0f4c6637a5be49157da24abb28f223817e 20716dc9c36d42648343098ea55fabb315bcd1bb06aefb3465c0eabae16b375e
