CLIENT_HANDSHAKE_TRAFFIC_SECRET 06c3403b8a4548a12b122318df230f216ddc52eb28bff45338066f810b9b78bf e0ab6483872a42e5c7145f5682955dfc304fe7d4d686ca5123ab05e3d3b1cf17
SERVER_HANDSHAKE_TRAFFIC_SECRET 06c3403b8a4548a12b122318df230f216ddc52eb28bff45338066f810b9b78bf fa7c7cda38ea678979ecae4436e1dd330c440f23fc7af0ef083f51cf3877fc55
CLIENT_TRAFFIC_SECRET_0 06c3403b8a4548a12b122318df230f216ddc52eb28bff45338066f810b9b78bf 604db96a4ffb1ac7d1ab8ebff0ce6f07222d9a2ac49d6eb7f5f7dc1d98016dd8
SERVER_TRAFFIC_SECRET_0 06c3403b8a4548a12b122318df230f216ddc52eb28bff45338066f810b9b78bf a962ee5407c46e782848433eb8716e0bd587cb00b3acd890180a07ae6e8a5fed
EXPORTER_SECRET 06c3403b8a4548a12b122318df230f216ddc52eb28bff45338066f810b9b78bf 4534aa5909fc74bf8b19a565cf51f7801efd3919cd20ef911806992629cf41ed
CLIENT_HANDSHAKE_TRAFFIC_SECRET 5a5330a2fa1924491e8d9dafcdb03a41bde0c893d08b9dec43b459351d13715e ae9a48b0e60515b567d0fb02954ce37b69c22edbbb0fe81a56ae96a46a32e188
SERVER_HANDSHAKE_TRAFFIC_SECRET 5a5330a2fa1924491e8d9dafcdb03a41bde0c893d08b9dec43b459351d13715e 8b3f2dadf36da6e7a3f58a70dd191e6d456f5898c63bbb807c202511fde8b96e
CLIENT_HANDSHAKE_TRAFFIC_SECRET e605e67ee04058f90c1a84fc583930afd0308f22247f39bafd265b6fb4b61edb 6c890488e4c4cc434b961cbdbbba8fc05318e42a3c5536617eae3d09f6484a2b
SERVER_HANDSHAKE_TRAFFIC_SECRET e605e67ee04058f90c1a84fc583930afd0308f22247f39bafd265b6fb4b61edb 6ed59fb86591d4357bc7eec01a9f0be2345aef275d0ba022114b7c29ead98f43
CLIENT_TRAFFIC_SECRET_0 5a5330a2fa1924491e8d9dafcdb03a41bde0c893d08b9dec43b459351d13715e fae29c8ae02f9983965a445e6a503e68e0b69990e0003b84883c25fb6c0bad25
SERVER_TRAFFIC_SECRET_0 5a5330a2fa1924491e8d9dafcdb03a41bde0c893d08b9dec43b459351d13715e 8d796ebb14f5c940348672f312815ece395cf0078cf24795b9b123e20f66b775
EXPORTER_SECRET 5a5330a2fa1924491e8d9dafcdb03a41bde0c893d08b9dec43b459351d13715e 08eff6d9752d247cc8c8202ba49120608cf1a0f2b9c4b1395b8027d00d5acd17
CLIENT_TRAFFIC_SECRET_0 e605e67ee04058f90c1a84fc583930afd0308f22247f39bafd265b6fb4b61edb 1aac8b093cd56c3bc7d799adb529ee2117b8b543bf62f1f953a5ac088ee1d593
SERVER_TRAFFIC_SECRET_0 e605e67ee04058f90c1a84fc583930afd0308f22247f39bafd265b6fb4b61edb 33cc07917b5d5c4498604c1ad86d3cc0e75cf3fc4f890209ccbc615a9fde465f
EXPORTER_SECRET e605e67ee04058f90c1a84fc583930afd0308f22247f39bafd265b6fb4b61edb 40802d0e756e089be54501bf69a04d7d5d55559cfe208b0a6635f5dfbea1be3e
CLIENT_HANDSHAKE_TRAFFIC_SECRET 800a90399fb29fe3558655fbcc161a74871526b78c81b22a2cb946ae810e94ae a814d3d23868b025a3e207d94c695fc0dbfb7430523d357c91ff57bf4fc1517a
SERVER_HANDSHAKE_TRAFFIC_SECRET 800a90399fb29fe3558655fbcc161a74871526b78c81b22a2cb946ae810e94ae b16c9dd4a880f83e4bb2fc0f61c19f29175fff5314be23427ff0ea063cb58d30
CLIENT_TRAFFIC_SECRET_0 800a90399fb29fe3558655fbcc161a74871526b78c81b22a2cb946ae810e94ae 317950c73ee0fbdbede45915291bca4704e786ac32f8080f474ae59b635c44d8
SERVER_TRAFFIC_SECRET_0 800a90399fb29fe3558655fbcc161a74871526b78c81b22a2cb946ae810e94ae 9af90c46a69dee9d7444631464da094e673ebc1084c486e65dca8ede3a877c9a
EXPORTER_SECRET 800a90399fb29fe3558655fbcc161a74871526b78c81b22a2cb946ae810e94ae 34ce060149780934e118f3cb78e35f4398412614ed83dc138dfb0e70abf73f56
CLIENT_HANDSHAKE_TRAFFIC_SECRET 7843399188e2ff7e1a10b9b32e36d43502131de7eca96c6ccdb0e41d24860527 80f284e58e45fd8a647bc82901a5fd72a21864e16fc4fa0106d4495a6c60ada2
SERVER_HANDSHAKE_TRAFFIC_SECRET 7843399188e2ff7e1a10b9b32e36d43502131de7eca96c6ccdb0e41d24860527 6701474a79cd5a9713426c341bafea2fcd09a4fda5a6f126564428b17be03259
CLIENT_TRAFFIC_SECRET_0 7843399188e2ff7e1a10b9b32e36d43502131de7eca96c6ccdb0e41d24860527 2c4964c3d1dd8abdb68ae1189fed78241da1ee7c8afe3fd2dea40c171a0eeebc
SERVER_TRAFFIC_SECRET_0 7843399188e2ff7e1a10b9b32e36d43502131de7eca96c6ccdb0e41d24860527 25a6ec853abf431ad75d7925e1e3cf11c4f8da7e2d31b95fed46e2df6aa339c9
EXPORTER_SECRET 7843399188e2ff7e1a10b9b32e36d43502131de7eca96c6ccdb0e41d24860527 51fbc7e4c8d6b90c777ad4e53eb06ceeea91a0532a24d3853d67a1648ce3b3d4
CLIENT_HANDSHAKE_TRAFFIC_SECRET e67a2b1af9785004067911b0fdf86041a602098393b6b5a8cbe28490349b8635 3082f87137b8793ed29e38a1270cd5b53bbbb8b3a999d32ba6ca666f6e74dfdc
SERVER_HANDSHAKE_TRAFFIC_SECRET e67a2b1af9785004067911b0fdf86041a602098393b6b5a8cbe28490349b8635 ea7e93bfa927be5e3c472cd9d2293b3466f6d0b4888f271120748a01bcca5dee
CLIENT_TRAFFIC_SECRET_0 e67a2b1af9785004067911b0fdf86041a602098393b6b5a8cbe28490349b8635 8e3d80a3f7937873220538fc6d08727f45176947b6cca0553f27a6f335c2409c
SERVER_TRAFFIC_SECRET_0 e67a2b1af9785004067911b0fdf86041a602098393b6b5a8cbe28490349b8635 153a5433d43eb9a56598c79ccbe68bffc2b1e4414b629473d22a426864990073
EXPORTER_SECRET e67a2b1af9785004067911b0fdf86041a602098393b6b5a8cbe28490349b8635 7f622c0d733202711482ebc85477be04176c9fb9e4a8ef1ca5cf130fa1b436a2
CLIENT_HANDSHAKE_TRAFFIC_SECRET 358e97efa2e8da39fd9f233050e4bbc36f10780e33961ad92d1c55365dda4b7d aac6496106f0864839f1e573c0c42404706bfa2dd419a975110f9e4021cee554
SERVER_HANDSHAKE_TRAFFIC_SECRET 358e97efa2e8da39fd9f233050e4bbc36f10780e33961ad92d1c55365dda4b7d 649994124a555a695c43b3d61bee0473b2d00042257e08b01901be88391b5f38
CLIENT_TRAFFIC_SECRET_0 358e97efa2e8da39fd9f233050e4bbc36f10780e33961ad92d1c55365dda4b7d 755b266b67be202c29a6d6c3ab65c8d4d73ede195105cc2f517b94a5812f3d56
SERVER_TRAFFIC_SECRET_0 358e97efa2e8da39fd9f233050e4bbc36f10780e33961ad92d1c55365dda4b7d cea607f3b12f4814f0670e05474aff8d3edfa518516c5adb2f8a3c8be480d97d
EXPORTER_SECRET 358e97efa2e8da39fd9f233050e4bbc36f10780e33961ad92d1c55365dda4b7d 72643fadd8b5dfbc74b316596e73722670dfcdcc3aa43bb417be09a09831973e
CLIENT_HANDSHAKE_TRAFFIC_SECRET 3167b188fc50288457ede942a8633724648fefee061fe0e2ba2d3124ae39f992 e9517561fb973fed0af9763823dbf18249fd535743a9c3647546e1443d999121c689f8f327d7d864bb5e31e492f5026b
SERVER_HANDSHAKE_TRAFFIC_SECRET 3167b188fc50288457ede942a8633724648fefee061fe0e2ba2d3124ae39f992 c99c2bad25f69cb94e6d18b3fba77173d62f39d7abe96e3f359b9738cd9c61f15a47d48d3e76c3392e8a0582c95204a8
CLIENT_TRAFFIC_SECRET_0 3167b188fc50288457ede942a8633724648fefee061fe0e2ba2d3124ae39f992 df6cad0c51db8d3aa9cc5fd49de441bf8a0d39db1196fee857aabb826761275ff2ac2aee03bb4c7c9afa63e9e53db11f
SERVER_TRAFFIC_SECRET_0 3167b188fc50288457ede942a8633724648fefee061fe0e2ba2d3124ae39f992 3cd2f1cbf80f71b3d2ef91612a4a41eb14d8b0019af483d7a7acba13a85f2d22a71f58d232bf6e1855e04352cd71ff23
EXPORTER_SECRET 3167b188fc50288457ede942a8633724648fefee061fe0e2ba2d3124ae39f992 2d073104fa0dc24c8df09162b96caf8713cbe24ab8fa4205558ca8a1d49682c6bfce24ec0b801c5d46866e3f7a78f038
CLIENT_HANDSHAKE_TRAFFIC_SECRET 0f4c46a834c29158efe7e6b6de1ccdc8852b7beedf7597678bb383ad17c56e0d dc37da8a1c5405abbd678af7cc2d306db94a3eee240779f8d7df49e2b7657c9d
SERVER_HANDSHAKE_TRAFFIC_SECRET 0f4c46a834c29158efe7e6b6de1ccdc8852b7beedf7597678bb383ad17c56e0d c3dfee3ee226e3f00cec459c9a99553a079c5c2117dc77f68a6b8c6dadf07bb0
CLIENT_TRAFFIC_SECRET_0 0f4c46a834c29158efe7e6b6de1ccdc8852b7beedf7597678bb383ad17c56e0d 2376b206066e040457e243aeec5ffe8ee41e3ea91d62d27a6dc949a1773cda1b
SERVER_TRAFFIC_SECRET_0 0f4c46a834c29158efe7e6b6de1ccdc8852b7beedf7597678bb383ad17c56e0d b6c20d86e898491323c606f4cb7c8c65149913102f5eb04e798ed8803e42264b
EXPORTER_SECRET 0f4c46a834c29158efe7e6b6de1ccdc8852b7beedf7597678bb383ad17c56e0d 2473a282a02fb816f85ce8a6bf4f811bf611fd0544bd14c1ede07bce0edf0ed5
CLIENT_HANDSHAKE_TRAFFIC_SECRET 9af93f62026f43ca22e3443d52fd1ee6d482180d49d8f1d856bc74a5c6a70ffe e0defa1096862adb8199db32752ebaf421e04600b4fec757658d661faa206d66
SERVER_HANDSHAKE_TRAFFIC_SECRET 9af93f62026f43ca22e3443d52fd1ee6d482180d49d8f1d856bc74a5c6a70ffe 14203f25b4ed2ed6994cfcc4af62bc3d018f8b085380b720544e0a92f56c0975
CLIENT_TRAFFIC_SECRET_0 9af93f62026f43ca22e3443d52fd1ee6d482180d49d8f1d856bc74a5c6a70ffe 14c0e5b7d9e8c42f05cdd604d8aaff46edc671a096fe763f2bc0f5228f725e20
SERVER_TRAFFIC_SECRET_0 9af93f62026f43ca22e3443d52fd1ee6d482180d49d8f1d856bc74a5c6a70ffe 5de3463680ad68563dd0894cfeae63cf1859cade51cbfc147eecf46d2e20a119
EXPORTER_SECRET 9af93f62026f43ca22e3443d52fd1ee6d482180d49d8f1d856bc74a5c6a70ffe 8145903132615add563e2f70ff5f5854df6c7ac22800e69ac3ab7d30bf5c6f07
CLIENT_HANDSHAKE_TRAFFIC_SECRET 4c94c94e6341bf1840be20a07a0a7432c68f99ac1cf2b740f6fc468347f6baa1 896bd86d337d9e46b14f1d2a179eb5a9ce54692ab2aec24738276ec6cb4968e9
SERVER_HANDSHAKE_TRAFFIC_SECRET 4c94c94e6341bf1840be20a07a0a7432c68f99ac1cf2b740f6fc468347f6baa1 e4731a187a551617fe82b0a1db5699cb5f88f64a9854531f5aee237e5819f25a
CLIENT_TRAFFIC_SECRET_0 4c94c94e6341bf1840be20a07a0a7432c68f99ac1cf2b740f6fc468347f6baa1 6153944029718fbe346479f7cf76343a2abdc576f2762e9033e50f178dfd4984
SERVER_TRAFFIC_SECRET_0 4c94c94e6341bf1840be20a07a0a7432c68f99ac1cf2b740f6fc468347f6baa1 40af8cf799c769e3fba9dd18b1dda050e9e53b3a9fe380c145652c201cf25099
EXPORTER_SECRET 4c94c94e6341bf1840be20a07a0a7432c68f99ac1cf2b740f6fc468347f6baa1 3a6411fbf3bffec558b096c961154e1beaafc1b6d6e3da260f0ea5cce1645a5c
CLIENT_HANDSHAKE_TRAFFIC_SECRET 75828097fec42acc1d32a61a8fa911d8f07560e03c4ec2828e9e7edb18ebdf58 3add226cbf9df3f4cddbec34ad7ec3c032ce4f6e39fd16f142abacd2a63acffa
SERVER_HANDSHAKE_TRAFFIC_SECRET 75828097fec42acc1d32a61a8fa911d8f07560e03c4ec2828e9e7edb18ebdf58 2fba26b724c65f4668b53ae20b24cbd90452040ce3a2075bec2547ee0c0cee08
CLIENT_TRAFFIC_SECRET_0 75828097fec42acc1d32a61a8fa911d8f07560e03c4ec2828e9e7edb18ebdf58 caecf6bcf3341350efab8daeaa8ab7555a925a023a680a65c73be77bea6626c5
SERVER_TRAFFIC_SECRET_0 75828097fec42acc1d32a61a8fa911d8f07560e03c4ec2828e9e7edb18ebdf58 3bd62887dd3f42d535dbf28d47482e125d96f2347c259f1b4a1775a7564a1972
EXPORTER_SECRET 75828097fec42acc1d32a61a8fa911d8f07560e03c4ec2828e9e7edb18ebdf58 2fc06897e8cc1028f78895fb53bddeb1b045560944896f3e2b2f0cf6b425d419
CLIENT_HANDSHAKE_TRAFFIC_SECRET 8a3caa66457b8bba46f2e83f0c201aff044d05f53fa30a8b4b8765706c23448a ec6207cf1236d95e2356f158a982aa344a7ff96c3d3048780513fa60b553f8c2061297ca24e0acc90c6b10bee8322e8f
SERVER_HANDSHAKE_TRAFFIC_SECRET 8a3caa66457b8bba46f2e83f0c201aff044d05f53fa30a8b4b8765706c23448a 2978ecae0321a21ab3d2a66603c2218dfe25726ba150698ba3ef4b724bf65a6d2a0c10f14c444e677528ecd5ba49a01a
CLIENT_TRAFFIC_SECRET_0 8a3caa66457b8bba46f2e83f0c201aff044d05f53fa30a8b4b8765706c23448a 63581433b14cddabbc2232c81844801aa6a39433c6de4b2ca08fb58a73e6d225eb2da6c9f3b8c010790e05bbe27070e0
SERVER_TRAFFIC_SECRET_0 8a3caa66457b8bba46f2e83f0c201aff044d05f53fa30a8b4b8765706c23448a f200ef3ee788ff26aef3445463f188774cc7c1346531cf071c06a0af50ecd5f7adfbcfc49f9fc5b1d58493274914922c
EXPORTER_SECRET 8a3caa66457b8bba46f2e83f0c201aff044d05f53fa30a8b4b8765706c23448a cb10e7d1d7e55581a04d830e767b8bb1020b1bc5920d28d1ec5241fd50180b7d7cac7441a29690f9dfdb11bff0ce6b21
CLIENT_HANDSHAKE_TRAFFIC_SECRET 569caf4987e4db7542be41f9d4a14c08639e3693a687052237a4b6b463b99e15 3df8fbfc850c48c710e52a254976ff0a743eb80ec7fb77e2c60810128764b68a
SERVER_HANDSHAKE_TRAFFIC_SECRET 569caf4987e4db7542be41f9d4a14c08639e3693a687052237a4b6b463b99e15 6b21c674d59392a5c0dcf2e78b76c63693a60aa63f8dbb7d89fa6456852fbff1
CLIENT_HANDSHAKE_TRAFFIC_SECRET 7bb627a35b09c064da380f83c1d747f739f0770105513d885e17e4f99cd49b85 58919af2bbb8a9e16ebbe0887c0de0fdc2ecd280d283ddd553a217fcb9fe51de
SERVER_HANDSHAKE_TRAFFIC_SECRET 7bb627a35b09c064da380f83c1d747f739f0770105513d885e17e4f99cd49b85 e4223090385949bb4caafa429d38aef497917a63ebeb8c4f4156f4debfe13f47
CLIENT_TRAFFIC_SECRET_0 7bb627a35b09c064da380f83c1d747f739f0770105513d885e17e4f99cd49b85 e4986b575685784f97c25a815f8a2344bf9364ee77dad39940dc1f69655a5d7a
SERVER_TRAFFIC_SECRET_0 7bb627a35b09c064da380f83c1d747f739f0770105513d885e17e4f99cd49b85 d623e84d472624996fec97a74817f577d4bb8df9f11eacc0f769e4f39b96561f
EXPORTER_SECRET 7bb627a35b09c064da380f83c1d747f739f0770105513d885e17e4f99cd49b85 69debc6871d275d8037648563b0d9843e1b7f0f0e7f2b2ad55fb25c194f66189
CLIENT_HANDSHAKE_TRAFFIC_SECRET 4213f8236b7a4799ec0bc47f2dfd3f7431e8cfbf00f4c5e335de10ff4a40e2c1 3d9bd0e98359d4f7d6f6f03dd0267bd72e32ebde696ab564ebfac0c7972c2573
SERVER_HANDSHAKE_TRAFFIC_SECRET 4213f8236b7a4799ec0bc47f2dfd3f7431e8cfbf00f4c5e335de10ff4a40e2c1 c7c0795d97f793eb610ece6e11a58661e7e27d2d0325c536bfc2caa2b928fff2
CLIENT_TRAFFIC_SECRET_0 569caf4987e4db7542be41f9d4a14c08639e3693a687052237a4b6b463b99e15 86e3dca76fdcd051da58eaab87eddecda2060367d9e74f41ed1150b8406970c6
SERVER_TRAFFIC_SECRET_0 569caf4987e4db7542be41f9d4a14c08639e3693a687052237a4b6b463b99e15 5da540aa248f248992b1ba562925d1726c570b2f545123d21d44ba37c6ed3745
EXPORTER_SECRET 569caf4987e4db7542be41f9d4a14c08639e3693a687052237a4b6b463b99e15 ea82c6e39e504248a21c646e3a406b4a281a464ec172102c06b4182a1e5af5a9
CLIENT_TRAFFIC_SECRET_0 4213f8236b7a4799ec0bc47f2dfd3f7431e8cfbf00f4c5e335de10ff4a40e2c1 d6eab2168648ca05fe3747b0e9c9fef41a6ca7d2fb383863e304fd0cf7973227
SERVER_TRAFFIC_SECRET_0 4213f8236b7a4799ec0bc47f2dfd3f7431e8cfbf00f4c5e335de10ff4a40e2c1 0e78979624b0c1e1ac0ff0a408d6f1674b14112604faf8759e7d21c4dbeeb7f2
EXPORTER_SECRET 4213f8236b7a4799ec0bc47f2dfd3f7431e8cfbf00f4c5e335de10ff4a40e2c1 a2dc68dd6a1062a3be01f683d402e865d0e04ddfc444ab7772930620688a8bda
CLIENT_HANDSHAKE_TRAFFIC_SECRET 83623c5fd9d1bdeccad1c68f90260f059d6ba31983038ae178a86eda75ad6f4c 6f93980400e1bd6c56459732f495d0c17b945fa2842f9659ed4001ebf4c93012
SERVER_HANDSHAKE_TRAFFIC_SECRET 83623c5fd9d1bdeccad1c68f90260f059d6ba31983038ae178a86eda75ad6f4c e6bd8390c0b368498d87d6f48c438afc632e24d7f7a0356c5397e8c47dc05b25
CLIENT_TRAFFIC_SECRET_0 83623c5fd9d1bdeccad1c68f90260f059d6ba31983038ae178a86eda75ad6f4c 22cb8cb56edde53954bcd769d5450233362cf02f141cffd661ae4ee5f0808323
SERVER_TRAFFIC_SECRET_0 83623c5fd9d1bdeccad1c68f90260f059d6ba31983038ae178a86eda75ad6f4c ac11d2808363522dd37b87382f10e5930d4f1e44bcafd9485ce65225adbdeeb9
EXPORTER_SECRET 83623c5fd9d1bdeccad1c68f90260f059d6ba31983038ae178a86eda75ad6f4c 39918d1738af084f52edb607bccd8911336cd62402106ca71b81da18dc18fc36
CLIENT_HANDSHAKE_TRAFFIC_SECRET 1cfedac1d3296f20c838715ccd3ed107671b979d9e4a3e1500236614928f6297 1fdb451ac5bab755d4ded4a3106174cd0cf4b04070daf5aabac788454623ad07
SERVER_HANDSHAKE_TRAFFIC_SECRET 1cfedac1d3296f20c838715ccd3ed107671b979d9e4a3e1500236614928f6297 ddfe3a97e7fecbae50d4a493d6024a1e7f01b4cd40e3e479ad71ed7a650f3bfe
CLIENT_TRAFFIC_SECRET_0 1cfedac1d3296f20c838715ccd3ed107671b979d9e4a3e1500236614928f6297 cb2b40e3a30e7ed27448d9e69b5a4dce0b9e25a0005b7136031f0fd7324e7912
SERVER_TRAFFIC_SECRET_0 1cfedac1d3296f20c838715ccd3ed107671b979d9e4a3e1500236614928f6297 9ba2ab137824dc5fbb6b7b58a34cc80fed4f25aadbbfa4412c5165ed4ab9798b
EXPORTER_SECRET 1cfedac1d3296f20c838715ccd3ed107671b979d9e4a3e1500236614928f6297 359990b980cea929f3377a25e06610b18c42b600376657b77b0325e27cf8529f
CLIENT_HANDSHAKE_TRAFFIC_SECRET 6672cab9a61525c1f4bd46dbbef695cb2f7c3dbf559ae35d4dc70e638e20241e 35ab9dc35b3efd532857f9cfb3c2c018cfdc34092679564c81d8413ebaf51ef3
SERVER_HANDSHAKE_TRAFFIC_SECRET 6672cab9a61525c1f4bd46dbbef695cb2f7c3dbf559ae35d4dc70e638e20241e e46048ca543fc913c888c9fe981ce9a812d5593d528bcd325340c137a4712214
CLIENT_TRAFFIC_SECRET_0 6672cab9a61525c1f4bd46dbbef695cb2f7c3dbf559ae35d4dc70e638e20241e 4be6385ad5d156c13f10dc0c1909a7269f127ddff07f89c6b972b7d502ac92e4
SERVER_TRAFFIC_SECRET_0 6672cab9a61525c1f4bd46dbbef695cb2f7c3dbf559ae35d4dc70e638e20241e 1bec14b4807482390588ecc2bdb3e14a80d60aa814fec742b8aaae832f20d670
EXPORTER_SECRET 6672cab9a61525c1f4bd46dbbef695cb2f7c3dbf559ae35d4dc70e638e20241e 9cdc6f8208e2f4caa4fd3cb7a72f7aa00672d3750a6363c78fe9c3dc976e4411
CLIENT_HANDSHAKE_TRAFFIC_SECRET d787c0f139311b2527af9e71a8f6e8b8456edb4058e0fead1e60d4fdea585284 f3eedd6dcf8839835ff7105dd24ccc073ba24f3249d983b25cdfa5507dbd51531c660cf39cabb72a6eed0833c4550beb
SERVER_HANDSHAKE_TRAFFIC_SECRET d787c0f139311b2527af9e71a8f6e8b8456edb4058e0fead1e60d4fdea585284 0ed3a6a428d81113ff114267246b5e4d49e687ed26cb1091564073a7b79ca57608eb5f3a1931de19130acb0921371453
CLIENT_TRAFFIC_SECRET_0 d787c0f139311b2527af9e71a8f6e8b8456edb4058e0fead1e60d4fdea585284 2b917d176f02253ce2fb63cbb5b34cd7004dc2649a66d27610fa54f048a681dca02cdfbd47abc94e890295030aee9af3
SERVER_TRAFFIC_SECRET_0 d787c0f139311b2527af9e71a8f6e8b8456edb4058e0fead1e60d4fdea585284 97f2bded9d030606b2db60ae52f94959ab53e2db6d235752a39c878dc869ac66896101fc582f42206290201da716af08
EXPORTER_SECRET d787c0f139311b2527af9e71a8f6e8b8456edb4058e0fead1e60d4fdea585284 8189e337139255d40b43a0e44813b5510d76f64499168d452d78f1080eae334bda9b0f60485e9caffbd132f5a2337f0e
CLIENT_HANDSHAKE_TRAFFIC_SECRET daf5f52e244cb07c0f39d400d4e41bcdfca3b4795fd01bd49b8eb934e8e2e6dd 35b5f5e0494171167f929c3d725191c22a63ba46fb1f6107bd303e97af987410a3d05a2909e83fce918b5f49cba64605
SERVER_HANDSHAKE_TRAFFIC_SECRET daf5f52e244cb07c0f39d400d4e41bcdfca3b4795fd01bd49b8eb934e8e2e6dd 46f54073cad991a74d91f703cdde0e50ab1b04c1a686269ebaa02e3061b722be09c8a4cc8f39ea252c4f5715fe2fb96c
CLIENT_TRAFFIC_SECRET_0 daf5f52e244cb07c0f39d400d4e41bcdfca3b4795fd01bd49b8eb934e8e2e6dd cbb305a998fdc98932f71c04a4b9247dad1f256342d4206a7477bdcfbee8c4867eb1ff153df491dd48038bc1371a1aa4
SERVER_TRAFFIC_SECRET_0 daf5f52e244cb07c0f39d400d4e41bcdfca3b4795fd01bd49b8eb934e8e2e6dd 98923df74e3ac02d22d6de2140fd6a093b95420c34e4d62e010a82436d2eb4ce0afaa2d21d78a6beff56dc4a3b4138bf
EXPORTER_SECRET daf5f52e244cb07c0f39d400d4e41bcdfca3b4795fd01bd49b8eb934e8e2e6dd c49e057af20aa1f0d656df37eaf164c56a0c2e3b8474f11944579fba261712b34f18e65466838ea738cba442e90ee745
CLIENT_HANDSHAKE_TRAFFIC_SECRET ab398310d7565d42d99844330d137f9efef37c9628726701aee2e1f7a75e0fed 8dac84196f01d7def5b2d6bb8982207708780e7cfa231d5009b991e2d10784f0
SERVER_HANDSHAKE_TRAFFIC_SECRET ab398310d7565d42d99844330d137f9efef37c9628726701aee2e1f7a75e0fed 133e806b652969b3b0625cb39868a8333e854d9137cbb254cea7745c6d18caf9
CLIENT_TRAFFIC_SECRET_0 ab398310d7565d42d99844330d137f9efef37c9628726701aee2e1f7a75e0fed 9b1fc469c81d73a50ee4810162e518b9d465f26e4d80e0dc623a5025998b0654
SERVER_TRAFFIC_SECRET_0 ab398310d7565d42d99844330d137f9efef37c9628726701aee2e1f7a75e0fed 5a2ca7888bfcd04f4dc1ceb5213e744a27ba38fdbc9e1f95941fd18fd2dd5426
EXPORTER_SECRET ab398310d7565d42d99844330d137f9efef37c9628726701aee2e1f7a75e0fed fb6dc2f1d5e8087b6c031c24709c8263451488ef216e752538c37afee218e766
CLIENT_HANDSHAKE_TRAFFIC_SECRET a6b27e1c13a94de7b5b85a3bdf9f700b87ceda3f2b9d69ae61d517f9182a59f3 3599ce723075346ac3f0ef918c793f2a26c449c0ced9df4551b10bcddce2c974
SERVER_HANDSHAKE_TRAFFIC_SECRET a6b27e1c13a94de7b5b85a3bdf9f700b87ceda3f2b9d69ae61d517f9182a59f3 46a450d40c7cd8ac3fa2b8f45dea1a7de02ad77cce6eae90a695274420919ff8
CLIENT_TRAFFIC_SECRET_0 a6b27e1c13a94de7b5b85a3bdf9f700b87ceda3f2b9d69ae61d517f9182a59f3 e3eb320adefece7b8eb3eb8f0232c4e156d54309f2f60f19dc702adc6f5958cb
SERVER_TRAFFIC_SECRET_0 a6b27e1c13a94de7b5b85a3bdf9f700b87ceda3f2b9d69ae61d517f9182a59f3 8747b37d1cfbee70f254fbd4c27ba910108ff3e6567a51d3101cf5b1c910a82d
EXPORTER_SECRET a6b27e1c13a94de7b5b85a3bdf9f700b87ceda3f2b9d69ae61d517f9182a59f3 cb88442986e9b5e9aaad73fe289f5f0e15f090a8e8ac4e09700bf73fb2bc0984
CLIENT_HANDSHAKE_TRAFFIC_SECRET 2dc729d2f3e1f3ab17ef6c1ba18a60015210294bd858cd86946398090597fa5c f1f7b4c30c6756f80c093835b973da80e1dabcf2d9bd70f43dcd4da24d699052
SERVER_HANDSHAKE_TRAFFIC_SECRET 2dc729d2f3e1f3ab17ef6c1ba18a60015210294bd858cd86946398090597fa5c dfbbfd0a2696c338ad07db81582d16ee560604819cc274b4089376b31cdb0642
CLIENT_TRAFFIC_SECRET_0 2dc729d2f3e1f3ab17ef6c1ba18a60015210294bd858cd86946398090597fa5c 3675d05717d643e91f0bd6d380f13c378468e38c5ef68c3534031f4d84fc9383
SERVER_TRAFFIC_SECRET_0 2dc729d2f3e1f3ab17ef6c1ba18a60015210294bd858cd86946398090597fa5c e1bfd125231e7db28127cc7c87edda60ffbd3910a24896073d3362a673afceec
EXPORTER_SECRET 2dc729d2f3e1f3ab17ef6c1ba18a60015210294bd858cd86946398090597fa5c d7b6fccf2a88ff2bcbcca54a57234a3af36af253116a2bb69e03b5b17d20706a
CLIENT_HANDSHAKE_TRAFFIC_SECRET 89e27207479d788ae7d7d18a4775e28cc6fc2ea6ca8ca90edee1016168e2a55b 3e83cb173765a1235fe5eb75d7d632fbb9f008b731d70b3320db639f191722aa
SERVER_HANDSHAKE_TRAFFIC_SECRET 89e27207479d788ae7d7d18a4775e28cc6fc2ea6ca8ca90edee1016168e2a55b c2301b22fb78414dd7197eabdbcf1a1890e62e7603ce57aca55b2e1e2c8be490
CLIENT_HANDSHAKE_TRAFFIC_SECRET f5f33781f44df6cce8bd5553bce4b23cf3b1f96a58d7368ddd8e2d95619af1ed 7acf23eeeb0230d013b472d9975e39e221dabec15ef812d2ec73ffb0e225278e
SERVER_HANDSHAKE_TRAFFIC_SECRET f5f33781f44df6cce8bd5553bce4b23cf3b1f96a58d7368ddd8e2d95619af1ed bfd3a627d8c20110ffbfec0d77791cbc730460517eef303372f7ac4bf5a860c8
CLIENT_TRAFFIC_SECRET_0 89e27207479d788ae7d7d18a4775e28cc6fc2ea6ca8ca90edee1016168e2a55b 6f2579bdb3adc844547eb854e80f042d51d31bc4a6047d957bf48845ad328027
SERVER_TRAFFIC_SECRET_0 89e27207479d788ae7d7d18a4775e28cc6fc2ea6ca8ca90edee1016168e2a55b 07e27d45625a03a6fd9d54a38e3ac531d49c59b7736ff5a4393801fdcc15619a
EXPORTER_SECRET 89e27207479d788ae7d7d18a4775e28cc6fc2ea6ca8ca90edee1016168e2a55b 7b615119f687230803a11ef9765d6bdab13f66bd719d9ff5a39df0c8e8908cc1
CLIENT_TRAFFIC_SECRET_0 f5f33781f44df6cce8bd5553bce4b23cf3b1f96a58d7368ddd8e2d95619af1ed 39008c5e9b9bb532db43a171d41a4397936ccebe24e747b8d88b692f39d1f156
SERVER_TRAFFIC_SECRET_0 f5f33781f44df6cce8bd5553bce4b23cf3b1f96a58d7368ddd8e2d95619af1ed 084d15cde392fe93c293d70ec848e3d276ac064b94536977ff33709f1e89478c
EXPORTER_SECRET f5f33781f44df6cce8bd5553bce4b23cf3b1f96a58d7368ddd8e2d95619af1ed 873e1a73c6d155ad8f476b2530d070d2288bcc44b3b5b2f7cb777ad3d12e50ee
CLIENT_HANDSHAKE_TRAFFIC_SECRET c6e315c9f522696ef9946df4bd7cce0e9dbc277ee1d8803e05005e93976798b9 9f5929943da1b9f6f63c5f0515f32d0a9b064d757f33aa39565f1c390abd88549f0bfa0814bd536f5d27959b3e2d0676
SERVER_HANDSHAKE_TRAFFIC_SECRET c6e315c9f522696ef9946df4bd7cce0e9dbc277ee1d8803e05005e93976798b9 fd1a6ec56402bc1bb51d884de337f80abb2079de72909df995f79386fb4d26f6c37a0c171368a43538a4bb346392b632
CLIENT_TRAFFIC_SECRET_0 c6e315c9f522696ef9946df4bd7cce0e9dbc277ee1d8803e05005e93976798b9 c98e51252e79c4c276663570b5f3f8ed05b43e0e4e8490b962e4a336f102c915311a8e5f8e4c9f609d36364031bcfa7b
SERVER_TRAFFIC_SECRET_0 c6e315c9f522696ef9946df4bd7cce0e9dbc277ee1d8803e05005e93976798b9 b0da8d054653e69362a96c43871c3636b524b6b2063d72ed29155e08a24d8195d1bbe63f22249f5afbf6bd5d28027b89
EXPORTER_SECRET c6e315c9f522696ef9946df4bd7cce0e9dbc277ee1d8803e05005e93976798b9 d6cea7f401dd8d4f0127aed4d2cc79dd9ccdd3e718acc2f3cdf69f881e44a50ecf4e61013966ee659fdb6f88737afb22
CLIENT_HANDSHAKE_TRAFFIC_SECRET af993a04282bebcaaa3c35ad011d0c395891db1c9ffc9feb76c9529e9ad31b35 bfe742d6868be30d53bf0e9383b5ed6efe88ecae6a0fdb5ea91a8711f400f76745f7c80a7f7fb017caf09b1ae6d5028f
SERVER_HANDSHAKE_TRAFFIC_SECRET af993a04282bebcaaa3c35ad011d0c395891db1c9ffc9feb76c9529e9ad31b35 5d4b8b24c20dd2469f57eef17493b80f094387b496b73b515eecd29d3018dbb37e557973350f11aefb7b0aa2ffd790db
CLIENT_TRAFFIC_SECRET_0 af993a04282bebcaaa3c35ad011d0c395891db1c9ffc9feb76c9529e9ad31b35 9c2742b6ac75294e8b23d53868b9e1c0e67dfe405e2c565e2c6cc9813503f8505d0bd154af661cab0f66f8173c245e64
SERVER_TRAFFIC_SECRET_0 af993a04282bebcaaa3c35ad011d0c395891db1c9ffc9feb76c9529e9ad31b35 0682149f234d02174b36aab45cda1e3e711259782a8232ee274e324c4209ee054cf7d8d97b5f9c79f5c4d9bceb3b5987
EXPORTER_SECRET af993a04282bebcaaa3c35ad011d0c395891db1c9ffc9feb76c9529e9ad31b35 3e9ede833a414d90f52e35b423edf09020b4d36dbdecf773725f2768ec2cd65715cb0b2e0b6ff80886173c540e58cd09
CLIENT_HANDSHAKE_TRAFFIC_SECRET 400dac7014fe556297a11e9fffa9ad9056d6c38599ceb635a08437f8933662c6 98a68b12f5d09bb134cfe896c97913bd204ae1f3473611317dbc3d32e5c0cce4
SERVER_HANDSHAKE_TRAFFIC_SECRET 400dac7014fe556297a11e9fffa9ad9056d6c38599ceb635a08437f8933662c6 5eb1733faca96cfbedb633351995a66a54dcdb64d5a8fbc365d284c6c89c156c
CLIENT_TRAFFIC_SECRET_0 400dac7014fe556297a11e9fffa9ad9056d6c38599ceb635a08437f8933662c6 56bc9b1bc7e1ad05d87e02d9e6312d24a858401bcca6b3e95c666451d8ca2daa
SERVER_TRAFFIC_SECRET_0 400dac7014fe556297a11e9fffa9ad9056d6c38599ceb635a08437f8933662c6 e8f0b05acd03ba429dfed472099fdeb8d16132723dda78256457731fa37b404c
EXPORTER_SECRET 400dac7014fe556297a11e9fffa9ad9056d6c38599ceb635a08437f8933662c6 10e19a24adea0c45cd90b22302796b7efe224f8f4b2677421200d3a364a99525
CLIENT_HANDSHAKE_TRAFFIC_SECRET 25b59de7ed5a3147f476848efdb2dd17b234e08ad00f950fd3d64ba2d1a91997 6061cce89e2607b9057b7a51886387fc57450046413d6dc67bf7692f0e82467d
SERVER_HANDSHAKE_TRAFFIC_SECRET 25b59de7ed5a3147f476848efdb2dd17b234e08ad00f950fd3d64ba2d1a91997 3e8c198c6668e40b960d2d58c5b6541734161088083680fa69121d33b60de5b9
CLIENT_TRAFFIC_SECRET_0 25b59de7ed5a3147f476848efdb2dd17b234e08ad00f950fd3d64ba2d1a91997 5e8e7570f273b4bbdfdeff41e219c364e0eddf64abcac15e93d8a4615a63895e
SERVER_TRAFFIC_SECRET_0 25b59de7ed5a3147f476848efdb2dd17b234e08ad00f950fd3d64ba2d1a91997 f5f4489d45f45e29a2b045051b14a39d328af84a67600cc0e31d8a1674a51f44
EXPORTER_SECRET 25b59de7ed5a3147f476848efdb2dd17b234e08ad00f950fd3d64ba2d1a91997 63e602fc9f72bb7c2ebb70dd3ad4acecbca289230a037fb56c4e3d10384d2f23
CLIENT_RANDOM 74500e98fc8ddc3e88acdb3070a95baa12026712f0fce5f507ec0da63a792e6d 9a8ba992634e6acd2fe972b151b0174977a918152bf50f5f611217c09891478bd2757c61ea00909154ea430e626072e2
CLIENT_HANDSHAKE_TRAFFIC_SECRET b4ba4d1fbd9d60d4097b9f3fc4108cf74905594257d4754d40943d20dc53abb7 fc50cafd0b81797434c5f2740866a6e4da7206a4d0868e6337f148a84bd9caf0
SERVER_HANDSHAKE_TRAFFIC_SECRET b4ba4d1fbd9d60d4097b9f3fc4108cf74905594257d4754d40943d20dc53abb7 d4147843171cef8a4529c77f6ba2e3e9a446eb2d4b406ecc823ee481fc42f16c
CLIENT_HANDSHAKE_TRAFFIC_SECRET d3333dda4a2f31dccb30be24c49e57300dd111d772818cb70b056e2918972c60 6477d9aab079877013e2b8855682c7a0bef4628352fc75e0d477dcffa113e07b0a521a8a4dd117dd3d3286cfd2113ab7
SERVER_HANDSHAKE_TRAFFIC_SECRET d3333dda4a2f31dccb30be24c49e57300dd111d772818cb70b056e2918972c60 1a8131ae3f4773452259d355ddfc1be4a353430941bbe1d8cd7da1baf1cab153af00689bb8d18d2ee1400ce2adb5ef8c
CLIENT_HANDSHAKE_TRAFFIC_SECRET 19d0298d1eda6311146bfd3214212b2e716966f50f02bd3331ae8c24462aea78 00575700d94a922df2b446b384d434c69eac2aaf81f0470f01873f286e3f1f8985b4e16ea1367485d7ed8bd237d48265
SERVER_HANDSHAKE_TRAFFIC_SECRET 19d0298d1eda6311146bfd3214212b2e716966f50f02bd3331ae8c24462aea78 36052aecc19571711e100a37096dc29a62f07422659807eaacbd36b4ac30da06478f678290de69338580d01cdb0f874e
CLIENT_HANDSHAKE_TRAFFIC_SECRET 43317f656db3c313dfa9ce179701710fcd858df561b3ca627899c484ddcac146 b9d3f54d4da81e674b0cd65e239be48818a30ff0c30b1fad4320d20e43b6bbfa1ebde5c2efc282f4c5ca8c3396dc4d46
SERVER_HANDSHAKE_TRAFFIC_SECRET 43317f656db3c313dfa9ce179701710fcd858df561b3ca627899c484ddcac146 08900be434b327cff175b28b87620f399f8b2856bc8983bd4e4dacd40cd63742454e3c112292e43f2499cb9d45c0b88c
CLIENT_HANDSHAKE_TRAFFIC_SECRET fe6e8bf0801fa875d0479d7743818c506071bb51526a891d0b1c9aeb6513fe2e c3968be80308766ba788d80b942606113da882dc32256de046e0bc7dc63f5a48d651c229894965717a54762b188b9535
SERVER_HANDSHAKE_TRAFFIC_SECRET fe6e8bf0801fa875d0479d7743818c506071bb51526a891d0b1c9aeb6513fe2e 6af38c327869ff511d084113ddcd59ce6c3bc414bc99fcb71791ceeed1daead237343a13165410c74329ccfe291115c0
CLIENT_HANDSHAKE_TRAFFIC_SECRET 2dd3cd1ec9e4bd295c0b9c206478f4b445f7defd675205398a29d8e55c0cb377 0deab49537e52e31697b0ab4ad8620f68856b4a0d8539accdc0f17ea4da6dad8924074c2754e34054af414763df74dee
SERVER_HANDSHAKE_TRAFFIC_SECRET 2dd3cd1ec9e4bd295c0b9c206478f4b445f7defd675205398a29d8e55c0cb377 e3ce7a8467abef3b759c1bbbf3ccafd27205dc00d0fefa1abce9b6f3bcc70e56c73dc43c40994d37fb5c827833a2eba7
CLIENT_HANDSHAKE_TRAFFIC_SECRET 6e95ba74f388f955e27332ea1d5ac530e3dba490bd51dacdb5d0e1e769ae85ee 388d5e5b594b124d6288a5217d3ada9d65ada1922cd1bb30f2d0c1a5bdc9eb309ee5de051ba3b375f33d94bf2c0c203b
SERVER_HANDSHAKE_TRAFFIC_SECRET 6e95ba74f388f955e27332ea1d5ac530e3dba490bd51dacdb5d0e1e769ae85ee 2b1f763f9b8610482a04e6f3ccf7629a3a05c711e4f47616c9e4032d0109eff1c271ced0fa8d3387e1dc3c67a1f5f8e9
CLIENT_TRAFFIC_SECRET_0 b4ba4d1fbd9d60d4097b9f3fc4108cf74905594257d4754d40943d20dc53abb7 0335366920d876f97f7c6ff26565201bbd4d81ce15f1893345d8a49485583dbf
SERVER_TRAFFIC_SECRET_0 b4ba4d1fbd9d60d4097b9f3fc4108cf74905594257d4754d40943d20dc53abb7 e835cb2fc27fe700a9fa25fcb30bbf7006063afc54d0d51cbcca6ec325dde692
EXPORTER_SECRET b4ba4d1fbd9d60d4097b9f3fc4108cf74905594257d4754d40943d20dc53abb7 a5d601fb6090149de6ba4fdfd60a61cd338b020ce2ee1b1b87cf44e1755a1e16
CLIENT_TRAFFIC_SECRET_0 19d0298d1eda6311146bfd3214212b2e716966f50f02bd3331ae8c24462aea78 324553977e92197aff4d1a5a7caa54f98be173f11181224bd05cba34545457d6baf29a32b7bf98e44880ae204be293a3
SERVER_TRAFFIC_SECRET_0 19d0298d1eda6311146bfd3214212b2e716966f50f02bd3331ae8c24462aea78 8fa29725c3455eeb5d5b5d7d9a2cc10afc6092414ebed3eb1a38c9651b06df74167482e928370545b8f59dd472f20bbc
EXPORTER_SECRET 19d0298d1eda6311146bfd3214212b2e716966f50f02bd3331ae8c24462aea78 2d8ce296be00d5c3f54c71d5516661ab1c7c19cae40f53dade8c64c6e558a7d34be44cf7c1ecc55b3889ef278258b34b
CLIENT_TRAFFIC_SECRET_0 43317f656db3c313dfa9ce179701710fcd858df561b3ca627899c484ddcac146 a95659debf865303452bd518151c47c17b88acfe82ab0c50ff3f6d173f34d3087512578610f45063c7ffec75c1f66d89
SERVER_TRAFFIC_SECRET_0 43317f656db3c313dfa9ce179701710fcd858df561b3ca627899c484ddcac146 619c99043bfe6590b7ee80ee11977a775f5e474638196ad3e33bcecd6dc36e4c5f0fe356a4d6c89c027311a18280baf9
EXPORTER_SECRET 43317f656db3c313dfa9ce179701710fcd858df561b3ca627899c484ddcac146 82e401e1528b212f8f35848efc6edcda9c4c6ee427637dd3f86c7d55ee52ade9146c8319acc385f34f81aa7063ca8a47
CLIENT_TRAFFIC_SECRET_0 fe6e8bf0801fa875d0479d7743818c506071bb51526a891d0b1c9aeb6513fe2e dab227a8a4f33bffc60731ba2c697d73dea4ed7cad4d176670a12d30074936a1d155b5a7ec9912c38072dd8f9261872c
SERVER_TRAFFIC_SECRET_0 fe6e8bf0801fa875d0479d7743818c506071bb51526a891d0b1c9aeb6513fe2e 96d98dbe94fe4d60b6c491e0b7ae08a807c3e93acb4c74dbfcf74205a972306fe970828a9f6d37fbe3058b0f603fae9b
EXPORTER_SECRET fe6e8bf0801fa875d0479d7743818c506071bb51526a891d0b1c9aeb6513fe2e 2f5c296b87b0359b0aebc3bc7dd9dde5b2171f0ef9ca59f1435c336582929b9d2dd81e20597cf30f39a0e6e00910fe76
CLIENT_TRAFFIC_SECRET_0 2dd3cd1ec9e4bd295c0b9c206478f4b445f7defd675205398a29d8e55c0cb377 6c5c71f254240fe3fa7ae7f61f3b9e75d5154e4f16615d61c339a16e518362c5a76b8bf719cc6e33a6f267be7e9bc81c
SERVER_TRAFFIC_SECRET_0 2dd3cd1ec9e4bd295c0b9c206478f4b445f7defd675205398a29d8e55c0cb377 137dcf713e805de530eb8ab39efb3d610e44c3d5f26c71fc9eabd68a9af67378564b0535dff268d04dd13ac31a39b2b6
EXPORTER_SECRET 2dd3cd1ec9e4bd295c0b9c206478f4b445f7defd675205398a29d8e55c0cb377 4a3733fb2c12a82ba7b171fb16723148e6231341304c771e08b2358990e36f1cee0e0f84873d79960cf2d466b6d84350
CLIENT_TRAFFIC_SECRET_0 6e95ba74f388f955e27332ea1d5ac530e3dba490bd51dacdb5d0e1e769ae85ee 0fd9182138fc473312ce9b1549f70df5e9157ba3d4d18c93ce9adf8080a649913f2294a4188eaf93ed41625dabbaa3d5
SERVER_TRAFFIC_SECRET_0 6e95ba74f388f955e27332ea1d5ac530e3dba490bd51dacdb5d0e1e769ae85ee d1d18c509657630cf7d172673ed950e856d79662f816a775036061b53516c9a196177cb760f443d40dddcab580852e91
EXPORTER_SECRET 6e95ba74f388f955e27332ea1d5ac530e3dba490bd51dacdb5d0e1e769ae85ee 401655ae2d0bd6804000ad56184204127817042d1ca19115413a54eba72332ecf596d73a0d190b87804a02bf690c6748
CLIENT_TRAFFIC_SECRET_0 d3333dda4a2f31dccb30be24c49e57300dd111d772818cb70b056e2918972c60 4805bbd2e506d66ce743cb6bed1705987e1fb2477fb40f760e0e0368793a3a61571e8bc7af19177f88ec7a9e35e87ddd
SERVER_TRAFFIC_SECRET_0 d3333dda4a2f31dccb30be24c49e57300dd111d772818cb70b056e2918972c60 d65c838c81892679d9b8a015075e83d7d5fe27e9c27e2f54e895357c52e7652870ae738fc3feab4fd31dbe6bb0ef32f4
EXPORTER_SECRET d3333dda4a2f31dccb30be24c49e57300dd111d772818cb70b056e2918972c60 2fdbf5584804d81580c8a5ef7904d4e56f73bfe0511df9603f233713c7736628e4dbc3533363789ecb8cb8217b2d52b0
CLIENT_RANDOM 35106de9632fb5185f008e91ee20af81ed4d59aecdd7e59ea6331cdba07025e9 314ac5efa87219ed73342d67adfae570bd97abd4a369d7e1875d59986e07137007628e043cfd4731be1d664aace1cec0
