CLIENT_HANDSHAKE_TRAFFIC_SECRET 18002cfb3d20f9f1f6464b3eced2d306e72da691fbf0e9a45912df4dd6ad576e d7063323be0cadd45463320ec95ee84509805d88f994ca63631d499e9dc67a03
SERVER_HANDSHAKE_TRAFFIC_SECRET 18002cfb3d20f9f1f6464b3eced2d306e72da691fbf0e9a45912df4dd6ad576e 05fd28ba4797009f064c1ec9467acb29baba521f262fbb88ba9b50dd60707612
CLIENT_TRAFFIC_SECRET_0 18002cfb3d20f9f1f6464b3eced2d306e72da691fbf0e9a45912df4dd6ad576e 6ae2b1f5f498523a3c2d64312880fb57684e3ac505761505136834e83488f31f
SERVER_TRAFFIC_SECRET_0 18002cfb3d20f9f1f6464b3eced2d306e72da691fbf0e9a45912df4dd6ad576e 5f3250bca0f75ac0aa96868f9ae0edbd025690d03bf6426363d0d60dfd1f6eea
EXPORTER_SECRET 18002cfb3d20f9f1f6464b3eced2d306e72da691fbf0e9a45912df4dd6ad576e 7c8ba14d9db92cfdf135c926e08883a6a5a733f628948e04d697d94dde347d91
CLIENT_HANDSHAKE_TRAFFIC_SECRET 91f1226bad934d32bf3a1950442b168d525c378889286e9bd770e6f7fb3bbcc9 d9910a31f8eea17ae3253709df9f4f89f5ff234a95f060790add0b05ffc6552e
SERVER_HANDSHAKE_TRAFFIC_SECRET 91f1226bad934d32bf3a1950442b168d525c378889286e9bd770e6f7fb3bbcc9 2f1ffa542722729bc57e2ebc87f0cf3e0f8b1352642dd76c73f3edf10e2cd594
CLIENT_TRAFFIC_SECRET_0 91f1226bad934d32bf3a1950442b168d525c378889286e9bd770e6f7fb3bbcc9 381c03bb2f6c85f0bc100ea46805db398f5fa7d07e419d71f36f7ae805f70808
SERVER_TRAFFIC_SECRET_0 91f1226bad934d32bf3a1950442b168d525c378889286e9bd770e6f7fb3bbcc9 b38b4fbb2fa67977c0ea932c684c242fa6cc1414ae79b348067eff332b97fa41
EXPORTER_SECRET 91f1226bad934d32bf3a1950442b168d525c378889286e9bd770e6f7fb3bbcc9 ac783d1c060e8e0fcc04ca299fe9691d5cfc45daa280d0d08303231c102481dd
CLIENT_HANDSHAKE_TRAFFIC_SECRET 14e1d4238ec1979a1c27545518a8f95976a927d760dd85b3a9ec68affedc9b7e 33bfc25c10ffd4514b33b6773b3ba9ff89134e80a00a6b1e24f515ebd7ccd772
SERVER_HANDSHAKE_TRAFFIC_SECRET 14e1d4238ec1979a1c27545518a8f95976a927d760dd85b3a9ec68affedc9b7e 7f0010706ce88d6a160b9a01a919b17de28ccd21b2897ff41c814df99ca98cc5
CLIENT_TRAFFIC_SECRET_0 14e1d4238ec1979a1c27545518a8f95976a927d760dd85b3a9ec68affedc9b7e 478f12bc0f82768b3428d068f4f4b1d2c1aecce2ae487c388db7a5e26a10012b
SERVER_TRAFFIC_SECRET_0 14e1d4238ec1979a1c27545518a8f95976a927d760dd85b3a9ec68affedc9b7e d105d3084536a5dbfaae6aa8a0b8f0434ef28814efb58db862486e677582866c
EXPORTER_SECRET 14e1d4238ec1979a1c27545518a8f95976a927d760dd85b3a9ec68affedc9b7e d149b01fc60b8ac51c62b4bcce1d37a7e51498ec6da54175e799cc7e9d606759
CLIENT_HANDSHAKE_TRAFFIC_SECRET a3728c02f9d753e01aa5b8dde23e13cfb9810f96f50d71d23873ea4fe06c1438 4e337dd377cf93d2f3399d48ffc815a30e997738ed06fccd8be02ba0dba5f616
SERVER_HANDSHAKE_TRAFFIC_SECRET a3728c02f9d753e01aa5b8dde23e13cfb9810f96f50d71d23873ea4fe06c1438 66e19d84604d35fb8412f911abbd443d8a90a3d684123b3a061229de00b98702
CLIENT_TRAFFIC_SECRET_0 a3728c02f9d753e01aa5b8dde23e13cfb9810f96f50d71d23873ea4fe06c1438 82b0684546ae864ef6e2eda71422f7a91bae21bdf10a41a5beeafab51cbc6a62
SERVER_TRAFFIC_SECRET_0 a3728c02f9d753e01aa5b8dde23e13cfb9810f96f50d71d23873ea4fe06c1438 d6f7af6c5b753f4ab0ab1307fca8f8d135dcb1af4c63dae5d2cc9fe98f04c260
EXPORTER_SECRET a3728c02f9d753e01aa5b8dde23e13cfb9810f96f50d71d23873ea4fe06c1438 26949903994ad67d0bf59d29e88427dacfc2fb93ae96e92fd9a88add92064e08
CLIENT_HANDSHAKE_TRAFFIC_SECRET 25af9fe0fe77421b109331aa2be4b7a8fdcb49b43d2d2bd9b52411a72cfb35f1 c6ecc904d213b34ae0e0c5faea34bd1df6acaed0a91e4fac2accd5c409bae0a7
SERVER_HANDSHAKE_TRAFFIC_SECRET 25af9fe0fe77421b109331aa2be4b7a8fdcb49b43d2d2bd9b52411a72cfb35f1 813ae08ec3b0745d5e21ae805497144a8cde7bac6e63e77daec0fd7dffd9df23
CLIENT_TRAFFIC_SECRET_0 25af9fe0fe77421b109331aa2be4b7a8fdcb49b43d2d2bd9b52411a72cfb35f1 928dc37de264028c9ec49d2ace1d09a09ed8fc7ee0ed5c7c4e07a5272e6fbbed
SERVER_TRAFFIC_SECRET_0 25af9fe0fe77421b109331aa2be4b7a8fdcb49b43d2d2bd9b52411a72cfb35f1 dc4b34b56eba5fc39f3e3c0904b500b6f9267e33d705a42607593190feee1568
EXPORTER_SECRET 25af9fe0fe77421b109331aa2be4b7a8fdcb49b43d2d2bd9b52411a72cfb35f1 bad87aae585e8e164acf687881751d29509f62df8e3b27e4fcb079259d9c59c6
CLIENT_HANDSHAKE_TRAFFIC_SECRET e729889dc28835dd80560ec3af72987adbfab92f62a193db89512154c3967af8 44a1d14e4e8bdb2842e5cbf9238c903aac280ce1e6a0d6240ce837ca2067a5b6
SERVER_HANDSHAKE_TRAFFIC_SECRET e729889dc28835dd80560ec3af72987adbfab92f62a193db89512154c3967af8 ff7ed3d32ed2e1371db4adc09d48a72f0f915f80ff71743e80d7bfe0c6a9fcbe
CLIENT_TRAFFIC_SECRET_0 e729889dc28835dd80560ec3af72987adbfab92f62a193db89512154c3967af8 a41b035093b844301902a5039d13d735d6915886d81f3f6f41698e89af251f95
SERVER_TRAFFIC_SECRET_0 e729889dc28835dd80560ec3af72987adbfab92f62a193db89512154c3967af8 b1296b65a9cab02dbe726a6ce823ea96fb9510ac4a7d05d75019ce75dec1a2c7
EXPORTER_SECRET e729889dc28835dd80560ec3af72987adbfab92f62a193db89512154c3967af8 08ef9fee404da554a1a560f98b1198da439972afa267b3b34cbac70174b28f0a
CLIENT_HANDSHAKE_TRAFFIC_SECRET cd4c188b16564138eb741b2b0951b5452cfe590eb5ac21347acbbe79a74ff9a2 2de8ae40d9cadb102a50e1f15760bc3668805b46abd804176dc7959023ec68a6
SERVER_HANDSHAKE_TRAFFIC_SECRET cd4c188b16564138eb741b2b0951b5452cfe590eb5ac21347acbbe79a74ff9a2 5620fa9c8687cabe05e5c6539d65902d010aea2d8c045d54956555e50e182356
CLIENT_TRAFFIC_SECRET_0 cd4c188b16564138eb741b2b0951b5452cfe590eb5ac21347acbbe79a74ff9a2 64371d7f13a921d8251ecb8cd67592e2b7e90822e0ceb5a48fabe09b87b380d8
SERVER_TRAFFIC_SECRET_0 cd4c188b16564138eb741b2b0951b5452cfe590eb5ac21347acbbe79a74ff9a2 a86d0f7de23d406f144a761981a4319d811dfe08633ea2e813d35d60b7db5e3c
EXPORTER_SECRET cd4c188b16564138eb741b2b0951b5452cfe590eb5ac21347acbbe79a74ff9a2 77f179cb44455397514628445314df6f620528e013915f51e551409cff90fd12
CLIENT_RANDOM 1d3ae6ebeaac287eb0d2dac698e75284a975672d37efe64d144bc8595797ef2d 21b34b306da39829ac0f821c07d26d7cad04507c41f538cf605990c97dd8ab23d1b155a71d5190692a470b97cd46125f
CLIENT_HANDSHAKE_TRAFFIC_SECRET 595953fc0187be29991636a9f58177e683cd78e51a2af8fe138959448c523569 602e64d03cd4c011f190a76e9a7b7539c573683db8b5fc60bb4a19ae8a2ebd22
SERVER_HANDSHAKE_TRAFFIC_SECRET 595953fc0187be29991636a9f58177e683cd78e51a2af8fe138959448c523569 5670c24262f949162923ef4f5e119f73ae121003058f7254281f38849939e3f9
CLIENT_TRAFFIC_SECRET_0 595953fc0187be29991636a9f58177e683cd78e51a2af8fe138959448c523569 d5d8f7ee013c49ee0e229d5afacbda51b52ba00f43e35f3733fc117aef4bb013
SERVER_TRAFFIC_SECRET_0 595953fc0187be29991636a9f58177e683cd78e51a2af8fe138959448c523569 952edc460cfcd59465df4b4c910a28fab2ec505cf3c1c3634bed03cb15f88174
EXPORTER_SECRET 595953fc0187be29991636a9f58177e683cd78e51a2af8fe138959448c523569 591c82fea3ab66c22c4e8173dbd0b99ef52b6891ed81411bdee38ee574a0a542
CLIENT_HANDSHAKE_TRAFFIC_SECRET 2fcdb7342a4ed4d0ec554359fcfc2f085b2d41cef88f191e54c80fd63725c566 449da27f726acf456c253853b5f52dc16ebd6bd3b9a84a9e734475ff5c3b0401
SERVER_HANDSHAKE_TRAFFIC_SECRET 2fcdb7342a4ed4d0ec554359fcfc2f085b2d41cef88f191e54c80fd63725c566 6f7fceb267836aac9eaf95c7dea86e469b6d89684d3146504eb503ea5916eb49
CLIENT_TRAFFIC_SECRET_0 2fcdb7342a4ed4d0ec554359fcfc2f085b2d41cef88f191e54c80fd63725c566 2efa2196d3325ae384c13aede57b589d365ae4bbe3791ce167ac4e910123b8a9
SERVER_TRAFFIC_SECRET_0 2fcdb7342a4ed4d0ec554359fcfc2f085b2d41cef88f191e54c80fd63725c566 c781748fa70ec18ae04c36bab654e56fff0cf11e74d38e455e34905a0cc4ae2a
EXPORTER_SECRET 2fcdb7342a4ed4d0ec554359fcfc2f085b2d41cef88f191e54c80fd63725c566 7291bd189982cfe899e79ef8dd1bca944a4e684eb2490c67d66463c747c4dd3c
