CLIENT_RANDOM fab022b540803b2be5b8fdbfb3a0af4c869d1ffab67a425b98a1a199cf119caf 369ce94b03dfd7d2ded5d6d127029934f28e9ae2fa85814471b53cd649adca2e1a526c99f1db41452c1c96ee9a66f3ec
CLIENT_HANDSHAKE_TRAFFIC_SECRET 3585e1f2be5aa006bcfc5b84102422cd73ddc9bbe59303e838bcd8e6aa38c466 4337b8eb0108a6e644e5e2e6a48065b646ba0d2529444a144631369e9720673a
SERVER_HANDSHAKE_TRAFFIC_SECRET 3585e1f2be5aa006bcfc5b84102422cd73ddc9bbe59303e838bcd8e6aa38c466 1807a3b1b2e7ee6a35a2a1b25eee54dd18ce625619b04c178002437693dd06ca
CLIENT_HANDSHAKE_TRAFFIC_SECRET a1ff1a95ae4bf7ec51e8ad09614b090f469f451dc424f1cdd83330ea9454da25 8c12ea922584b410ba8cfb33d804532ade53239d566c2f98b5c30a7df860f920
SERVER_HANDSHAKE_TRAFFIC_SECRET a1ff1a95ae4bf7ec51e8ad09614b090f469f451dc424f1cdd83330ea9454da25 a4c8f64c7b9935047f40414b1f6fe0f82008d45b2df531e78457ea74c541a3f3
CLIENT_TRAFFIC_SECRET_0 3585e1f2be5aa006bcfc5b84102422cd73ddc9bbe59303e838bcd8e6aa38c466 4d4609feda6aae39eab81f8c85a85ed6b033c2c81d8287ffc2771d667762a857
SERVER_TRAFFIC_SECRET_0 3585e1f2be5aa006bcfc5b84102422cd73ddc9bbe59303e838bcd8e6aa38c466 c6c474f5c056405e12f1fda0192273e10ee55b4e1361f5fba18a506f154a0271
EXPORTER_SECRET 3585e1f2be5aa006bcfc5b84102422cd73ddc9bbe59303e838bcd8e6aa38c466 a6c57c7a0c4ea70abfe6ccc4191c28439c26f52df7f45866c8909f978c1384da
CLIENT_TRAFFIC_SECRET_0 a1ff1a95ae4bf7ec51e8ad09614b090f469f451dc424f1cdd83330ea9454da25 fc705681d95fc4584868e6d7acba4c544391492fec337f01cd6d4f65e0465e16
SERVER_TRAFFIC_SECRET_0 a1ff1a95ae4bf7ec51e8ad09614b090f469f451dc424f1cdd83330ea9454da25 2ad44ce109a6e7269a298f9036b329c921467a8e1b890fc20aaf2f763c63d93a
EXPORTER_SECRET a1ff1a95ae4bf7ec51e8ad09614b090f469f451dc424f1cdd83330ea9454da25 958f204a4f21bc3897c517eeb91c2ae106c3e71404b81eda56a2ac28b0a89833
CLIENT_HANDSHAKE_TRAFFIC_SECRET 1d04bd64bcbdf8d32ab9f9f38ddf918b384bd1f7329bd5efda7774cbad3f31a2 42bd30c7336723ceefdc6d00ad332a0733b220bafac74ec7b0620892cb358fb5
SERVER_HANDSHAKE_TRAFFIC_SECRET 1d04bd64bcbdf8d32ab9f9f38ddf918b384bd1f7329bd5efda7774cbad3f31a2 ef0458f5d3905de369b367bd4ff997a69043403fae2b4cf890d66ac8a819cac1
CLIENT_TRAFFIC_SECRET_0 1d04bd64bcbdf8d32ab9f9f38ddf918b384bd1f7329bd5efda7774cbad3f31a2 9c01d18887bcfabb1791cc0449da9140e25aa2b699d086d6a73676f020750ed2
SERVER_TRAFFIC_SECRET_0 1d04bd64bcbdf8d32ab9f9f38ddf918b384bd1f7329bd5efda7774cbad3f31a2 7631486b5489759558b0f4d0da87d85e0f35c3874780bf0035d9f4c74c013676
EXPORTER_SECRET 1d04bd64bcbdf8d32ab9f9f38ddf918b384bd1f7329bd5efda7774cbad3f31a2 4a6e76ae70816da7d3d8d1525bc72aabe3dd137c5a78ca2357e0eb75f27532db
CLIENT_HANDSHAKE_TRAFFIC_SECRET 2248c88cdf20b83c165292801b1917d1ffbd6ff09cc76c4d7385f498210c2d45 7df2a0b9aad7332fbb8f8b832840896e380ac665af16270ca0870aaebe64a62d
SERVER_HANDSHAKE_TRAFFIC_SECRET 2248c88cdf20b83c165292801b1917d1ffbd6ff09cc76c4d7385f498210c2d45 8cfc59bf86c5191a4a8473a665b1126cbb23fbdefed59998483545270f979648
CLIENT_HANDSHAKE_TRAFFIC_SECRET 8536dcbe8b8dfd216e6c33a3b558a624e2bef64fe45e725bee1179fbf0960bbd 1d30c5c0b96e0cd31d7b4eb5eed154fb6987c931efefd0b515eedd833e8594b3
SERVER_HANDSHAKE_TRAFFIC_SECRET 8536dcbe8b8dfd216e6c33a3b558a624e2bef64fe45e725bee1179fbf0960bbd c9ef77931f27b145921dbc1d62512b1476bb7783d3ac9bea9fdbca906861f913
CLIENT_TRAFFIC_SECRET_0 2248c88cdf20b83c165292801b1917d1ffbd6ff09cc76c4d7385f498210c2d45 143bb1741fe572e9d267314710b4c74cde3de9e3294e7a0e81980a6242db5615
SERVER_TRAFFIC_SECRET_0 2248c88cdf20b83c165292801b1917d1ffbd6ff09cc76c4d7385f498210c2d45 528c756c88da0c423d42ae9d73027642a96ae5785826093f78a8654a8811d411
EXPORTER_SECRET 2248c88cdf20b83c165292801b1917d1ffbd6ff09cc76c4d7385f498210c2d45 076247887b6df78e428d2d38f9734bb39c0a9c103cdd977089b99d3bd1ba7e4f
CLIENT_HANDSHAKE_TRAFFIC_SECRET 48d09d1c1b5cb5329a9e1b142095b690f0993aafd88195b0602f1b01279737fe efeb0e67ed325a7b5a1317db7d4e7cd15fb0a978839b044db87e2b2e52f6d5ac
SERVER_HANDSHAKE_TRAFFIC_SECRET 48d09d1c1b5cb5329a9e1b142095b690f0993aafd88195b0602f1b01279737fe e6a2b70e02e07fa82e8689d74393395f3bcc233b33a99269888cbb3993f11490
CLIENT_HANDSHAKE_TRAFFIC_SECRET 435e0c13179a2bcc86b9cae7f7827c2b29f2137649547a18d159c22f839ea90a d255c013e48448e5f030d190fbe86f304877b2dc21b8be846e7ec7a807394836
SERVER_HANDSHAKE_TRAFFIC_SECRET 435e0c13179a2bcc86b9cae7f7827c2b29f2137649547a18d159c22f839ea90a 8566e74499bf9170e2d6020e565c93fde88e839fac2487802ca67d2697fc7cb6
CLIENT_HANDSHAKE_TRAFFIC_SECRET b56c163cd54d5ab25833021849f566926d6823be52204bc6f0fb78d779a51594 523342a1bc2167741d5a41d85e3b717d5425a497a5f331d5331b1775e0f36fb8
SERVER_HANDSHAKE_TRAFFIC_SECRET b56c163cd54d5ab25833021849f566926d6823be52204bc6f0fb78d779a51594 bea94c2b35b5f24fdd7005586decd0e10fe0ad2396c800eef0c1ed63819b7b6f
CLIENT_HANDSHAKE_TRAFFIC_SECRET 1ac8088f5c1a372e019dc8353d0859862ed808ed661c60b6dea62cba544d9b0c e095dd19e39b68d5d5dd903f55eb5b950125458ac606309795e895054c4d6b8a
SERVER_HANDSHAKE_TRAFFIC_SECRET 1ac8088f5c1a372e019dc8353d0859862ed808ed661c60b6dea62cba544d9b0c 3c869f78aa5eb359be26c62ecb63ed5312456781cf2cb27bc95414d7394e4cdd
CLIENT_TRAFFIC_SECRET_0 8536dcbe8b8dfd216e6c33a3b558a624e2bef64fe45e725bee1179fbf0960bbd 39131d3629dc396e959292277a554274edd06e1f19c145dcdace7c4fe153c20b
SERVER_TRAFFIC_SECRET_0 8536dcbe8b8dfd216e6c33a3b558a624e2bef64fe45e725bee1179fbf0960bbd 9360d8ed51ca4c1b47c9263cc18e212e54718932718e2db9c0b649c9beeaf842
EXPORTER_SECRET 8536dcbe8b8dfd216e6c33a3b558a624e2bef64fe45e725bee1179fbf0960bbd 14fc0b6e83be12a2e012be16b149ed2362c5e9c6dd4827a77b5601117ecc62c0
CLIENT_TRAFFIC_SECRET_0 48d09d1c1b5cb5329a9e1b142095b690f0993aafd88195b0602f1b01279737fe fe3c327ae3cfd0278fc857f8cdd827ad2c2b2e9f6f8821c8b5b935dff342b963
SERVER_TRAFFIC_SECRET_0 48d09d1c1b5cb5329a9e1b142095b690f0993aafd88195b0602f1b01279737fe 1792aaf9e604ca97459a571ad54bc9ee92f18d570d96518f4990830c79b888a8
EXPORTER_SECRET 48d09d1c1b5cb5329a9e1b142095b690f0993aafd88195b0602f1b01279737fe c331db2d7a25168707cf1e77c23ba9af634818647b83366b1ad6253ae0d165bb
CLIENT_TRAFFIC_SECRET_0 435e0c13179a2bcc86b9cae7f7827c2b29f2137649547a18d159c22f839ea90a 8c42d999825f23a4668dccf29a239f33341a6bef54187886974a5907bf071cf1
SERVER_TRAFFIC_SECRET_0 435e0c13179a2bcc86b9cae7f7827c2b29f2137649547a18d159c22f839ea90a 7022f213558c9d3864932aa56b7c64a7536f8c6cbe80bdcf6021025233f6942b
EXPORTER_SECRET 435e0c13179a2bcc86b9cae7f7827c2b29f2137649547a18d159c22f839ea90a d6905708a6e37bcfb41fa80c3f531fccc7ef99954fe902bd7913264bbdec2e7d
CLIENT_TRAFFIC_SECRET_0 b56c163cd54d5ab25833021849f566926d6823be52204bc6f0fb78d779a51594 ba5a997d839b9179a3472c8515970f8dba9e5782c54a1ccd6af74e5dc077502f
SERVER_TRAFFIC_SECRET_0 b56c163cd54d5ab25833021849f566926d6823be52204bc6f0fb78d779a51594 24ad78921c205a01c771d782b6d36b2b54063b4ad0d031014a46f46d84f38848
EXPORTER_SECRET b56c163cd54d5ab25833021849f566926d6823be52204bc6f0fb78d779a51594 b9546847fcad69d38d87cf3b8d1835b4c115e6b1e07fe64beb0c727f985fec59
CLIENT_TRAFFIC_SECRET_0 1ac8088f5c1a372e019dc8353d0859862ed808ed661c60b6dea62cba544d9b0c 6409a06fdde6c30ec5cdc916b49187adcf4c72dde6e4e8c394de31faf8e5cb80
SERVER_TRAFFIC_SECRET_0 1ac8088f5c1a372e019dc8353d0859862ed808ed661c60b6dea62cba544d9b0c aa416aa8cc743ae4816a91ab0f26650a421f1cfc0fe1548dcadd05d8c22ab385
EXPORTER_SECRET 1ac8088f5c1a372e019dc8353d0859862ed808ed661c60b6dea62cba544d9b0c dbee676fb2e185804b45148cd75ab89d997047516e2ed6919bef7c5ed4fcf38a
CLIENT_HANDSHAKE_TRAFFIC_SECRET 6ac2ebe044e9906fe2e56c9c01570194328ba2884b19eecf6b63fed2846b264a e73b8f75c700b361a9e00c3851dd124ea946a4f22c9d9d96005ef87000e86dc8
SERVER_HANDSHAKE_TRAFFIC_SECRET 6ac2ebe044e9906fe2e56c9c01570194328ba2884b19eecf6b63fed2846b264a 7da67bbf651dcb19663f7b959a384ee9737e7fabb9c413bd13001ef47924e684
CLIENT_TRAFFIC_SECRET_0 6ac2ebe044e9906fe2e56c9c01570194328ba2884b19eecf6b63fed2846b264a 4c0a8b66ad0a0e5a34ec8c75bd934de021fd3e1589a6c35f6fc162cf79254d90
SERVER_TRAFFIC_SECRET_0 6ac2ebe044e9906fe2e56c9c01570194328ba2884b19eecf6b63fed2846b264a c5cb7a7422d8f033559af73da8d77c24858a7fdedf1ba52d12792f1691e48a01
EXPORTER_SECRET 6ac2ebe044e9906fe2e56c9c01570194328ba2884b19eecf6b63fed2846b264a 2c33cd96cb01a2f7fefa27951cfccb3c9608fc896d143b5b11d5e8bbad1e82ac
CLIENT_HANDSHAKE_TRAFFIC_SECRET a3d7f557c3445a867d090a897474c59165a99167a0c641aa4b17e436f0a715ba f72f496b141214fe61ab9dcf73c2f9c297e3460062606c4fbc7bd93389789db3
SERVER_HANDSHAKE_TRAFFIC_SECRET a3d7f557c3445a867d090a897474c59165a99167a0c641aa4b17e436f0a715ba b29bded9017fffcecce98f42ef17a79fe77402a1f30976976e34e4d60a7a0945
CLIENT_TRAFFIC_SECRET_0 a3d7f557c3445a867d090a897474c59165a99167a0c641aa4b17e436f0a715ba 4b7d60975da90e5495e9d7ac9cd5aab93a8c4aeed217aed5b1f2eb490d6a0a48
SERVER_TRAFFIC_SECRET_0 a3d7f557c3445a867d090a897474c59165a99167a0c641aa4b17e436f0a715ba ce186de05bb9874c18470f07d5b8f9c1422c939409e63b62efc2896db1ac0ef8
EXPORTER_SECRET a3d7f557c3445a867d090a897474c59165a99167a0c641aa4b17e436f0a715ba 63bb566fe413d50bc916f65bf1f18f3690d488788441af7a14e55b42e4943837
CLIENT_HANDSHAKE_TRAFFIC_SECRET cae4a1beff9516f1b1d217536f578bbaffeacbf91f491cff4534cca3530b7516 2ea4ad690c1a50835ff98771e76775481105c75428564f9a31a8ce8a27eb89fe
SERVER_HANDSHAKE_TRAFFIC_SECRET cae4a1beff9516f1b1d217536f578bbaffeacbf91f491cff4534cca3530b7516 bf8ecc6fd75aeb0893906393db33df3b5d0c63ea75adf536b1f13b93491d0d39
CLIENT_TRAFFIC_SECRET_0 cae4a1beff9516f1b1d217536f578bbaffeacbf91f491cff4534cca3530b7516 e5621d38dacb8149bccf33bb515f09a525c8bd9e2a34059ae1b3b11b239d9ca5
SERVER_TRAFFIC_SECRET_0 cae4a1beff9516f1b1d217536f578bbaffeacbf91f491cff4534cca3530b7516 74a95e2cbe93baacc1d849b5f09045da416f3c68366c0e636c9419321b7c5f59
EXPORTER_SECRET cae4a1beff9516f1b1d217536f578bbaffeacbf91f491cff4534cca3530b7516 ac002d84f36aa63b0fa8a6b9fd94078ea3e446282580a2da3247e4c5ff140eed
CLIENT_HANDSHAKE_TRAFFIC_SECRET 9c19443b20518092e36e1bc7dc62372cf23695669a423f729c2bcf24945cd90a eaa65d712debf3841e9ac3b88afc135097f329e14a87fe533998bdc8eba2f799
SERVER_HANDSHAKE_TRAFFIC_SECRET 9c19443b20518092e36e1bc7dc62372cf23695669a423f729c2bcf24945cd90a b3739bd1fe477a78cc60840876c1af5385941af9348a8b71816e13a433ce49d2
CLIENT_TRAFFIC_SECRET_0 9c19443b20518092e36e1bc7dc62372cf23695669a423f729c2bcf24945cd90a 1a359e06c7cd5af79d439b89dcebaac63dbbbcf5cff94cc59fcf6e43c990a82c
SERVER_TRAFFIC_SECRET_0 9c19443b20518092e36e1bc7dc62372cf23695669a423f729c2bcf24945cd90a fa0b115018fbaf9c12dd9876da96c2806c3a673265201f1ce5e20ab8e9873a13
EXPORTER_SECRET 9c19443b20518092e36e1bc7dc62372cf23695669a423f729c2bcf24945cd90a 9132c0d8924e489453138071372ab820498ec5061c65316ec9eb40e6124bd314
CLIENT_HANDSHAKE_TRAFFIC_SECRET a7bf62e4deeaf363d2fa878b0896c7f27ca1709f862aa62e373c05f1de48cabd 203351db8d279501ed57a274d00bf93b4738a401daf051d26ab22724f5c15712
SERVER_HANDSHAKE_TRAFFIC_SECRET a7bf62e4deeaf363d2fa878b0896c7f27ca1709f862aa62e373c05f1de48cabd 3d7fd032241cd553be07a8dd5b9d7d3655f30442dae1041dff132f08fb287a77
CLIENT_TRAFFIC_SECRET_0 a7bf62e4deeaf363d2fa878b0896c7f27ca1709f862aa62e373c05f1de48cabd b892e9041f20c114628de040f8ec9892dc885746afdca2b6db6f71078f514621
SERVER_TRAFFIC_SECRET_0 a7bf62e4deeaf363d2fa878b0896c7f27ca1709f862aa62e373c05f1de48cabd 7f2cf5003b2f7494c6c9541de534fd85fc509e34d4f6144fca1ef1e0315c2274
EXPORTER_SECRET a7bf62e4deeaf363d2fa878b0896c7f27ca1709f862aa62e373c05f1de48cabd 7f91d1e962b9afb1dd7f363d847a1e498e415b25d4db402c8f79d8228c803227
CLIENT_HANDSHAKE_TRAFFIC_SECRET dac214cb23295468bddaeb78094abd9d8fe624ca801f2845be77acb62ccf976f 6850bb2dc0f5f4e1741d70ca3270672fecc55db6f54e450d0dc7f659b456f469
SERVER_HANDSHAKE_TRAFFIC_SECRET dac214cb23295468bddaeb78094abd9d8fe624ca801f2845be77acb62ccf976f bcca5af697bf2691d2f6b88980b669023ae1dab1b629178cb3dcc6b5e83ff567
CLIENT_TRAFFIC_SECRET_0 dac214cb23295468bddaeb78094abd9d8fe624ca801f2845be77acb62ccf976f 7b7d8f035e0d5bc9314b988dc9369958264f0342da0687b1b478036ec0d4d663
SERVER_TRAFFIC_SECRET_0 dac214cb23295468bddaeb78094abd9d8fe624ca801f2845be77acb62ccf976f d164784e75f691ac06c07879d0ee1e20553a04de82e265f01c20c02829e529c6
EXPORTER_SECRET dac214cb23295468bddaeb78094abd9d8fe624ca801f2845be77acb62ccf976f 452ff4658f59a91cd463838f260d80236efc392320ff0ad440bd5fa06aae5b01
CLIENT_HANDSHAKE_TRAFFIC_SECRET 9b6d208385f05d43a122adba9be59e4e194663f11906e71514afa2e96eb040a1 a6a5fd9bd02b8c33d8b2a3d7c53f3163b0bdec0ffc05a243e47b18f0b44cd3e5
SERVER_HANDSHAKE_TRAFFIC_SECRET 9b6d208385f05d43a122adba9be59e4e194663f11906e71514afa2e96eb040a1 03f81c87487c76e817758001268f15a0e5a89baabc0434895544969c4d47fcf8
CLIENT_HANDSHAKE_TRAFFIC_SECRET 8891e4898b45b6173e69f3420ca24e94d65ae6affe40b1bea4beb99c31f88437 3fa9ad084949ee23221d27d592055c9b24e8fbe19f73b80b8f9f7114aa8bc91a
SERVER_HANDSHAKE_TRAFFIC_SECRET 8891e4898b45b6173e69f3420ca24e94d65ae6affe40b1bea4beb99c31f88437 19b1e297c406ff8e40629167218f15c61831ba105aab324cf975c88218df1975
CLIENT_TRAFFIC_SECRET_0 8891e4898b45b6173e69f3420ca24e94d65ae6affe40b1bea4beb99c31f88437 abd33de9a2878ef719ee695ec41f88cc6e4e79d9d6e46e036a289197528bdc31
SERVER_TRAFFIC_SECRET_0 8891e4898b45b6173e69f3420ca24e94d65ae6affe40b1bea4beb99c31f88437 a425ac2d1f17813b0726b504f64e1f309934036e2c7f02ab9dd10ca761874869
EXPORTER_SECRET 8891e4898b45b6173e69f3420ca24e94d65ae6affe40b1bea4beb99c31f88437 6282e9ae06eeaf567414633169e751adc773848bf07ffdc5a9f8ff071a3e67d3
CLIENT_HANDSHAKE_TRAFFIC_SECRET 7b4b6eb4f22e36754f81dae2c5eea4680e365a605f32ec2892b48cd1ae0c530d cc5ef9d60a1e3b7766e4c3e28e3ecac02c879a73c050aafbf9311d0ed5858c72
SERVER_HANDSHAKE_TRAFFIC_SECRET 7b4b6eb4f22e36754f81dae2c5eea4680e365a605f32ec2892b48cd1ae0c530d 2ef3df8ea4d4fe1637bb2db064e9077ff3bd2bfd35763f1c9014ef0fe610de9e
CLIENT_TRAFFIC_SECRET_0 7b4b6eb4f22e36754f81dae2c5eea4680e365a605f32ec2892b48cd1ae0c530d 24c487f25f249ae569143969e1c5f6872da2caebf5c92c7675ee9ff8ce60feaa
SERVER_TRAFFIC_SECRET_0 7b4b6eb4f22e36754f81dae2c5eea4680e365a605f32ec2892b48cd1ae0c530d 3226d55aee61c0febeb3105f7b7b69a1cae22b861d29344d0518232c1ce7cf53
EXPORTER_SECRET 7b4b6eb4f22e36754f81dae2c5eea4680e365a605f32ec2892b48cd1ae0c530d a0176dc90972cb875c2931cdde516e2b6975099269d1c08c178ba1c730907791
CLIENT_TRAFFIC_SECRET_0 9b6d208385f05d43a122adba9be59e4e194663f11906e71514afa2e96eb040a1 a6f8c13d3095726cd079ffe81eebeda60aac269c88f170ff714b640110f02a9b
SERVER_TRAFFIC_SECRET_0 9b6d208385f05d43a122adba9be59e4e194663f11906e71514afa2e96eb040a1 39891ded236b001b17f03cc797696f011a526f63164c1be3ba0bc37adae1b34e
EXPORTER_SECRET 9b6d208385f05d43a122adba9be59e4e194663f11906e71514afa2e96eb040a1 6f8bbe10e76d47e1fbb23b24c81a9ecb67ce0ce55c6f576ec2da8428256c4a5d
CLIENT_HANDSHAKE_TRAFFIC_SECRET 0ccbe90c47592a240bb4cffbfb0deeb33dce434ba2b4b02c153f80506a37f767 a0cd16b2d4338a6212747c8e99647308aaa968b5ce192a2e3565f6e6695e4006
SERVER_HANDSHAKE_TRAFFIC_SECRET 0ccbe90c47592a240bb4cffbfb0deeb33dce434ba2b4b02c153f80506a37f767 5cc50dd93334cbb8b400a3397d02209b4980fa8b374f12b7246c9b730fc8358b
CLIENT_TRAFFIC_SECRET_0 0ccbe90c47592a240bb4cffbfb0deeb33dce434ba2b4b02c153f80506a37f767 5cf82f9c0edefa78bae11299a2c22dac92dd3501295b422f8095fc565782f7e0
SERVER_TRAFFIC_SECRET_0 0ccbe90c47592a240bb4cffbfb0deeb33dce434ba2b4b02c153f80506a37f767 0378436bc6480582fabde155794db3ab050b77f0db7e4f816cdcfbb2638c4123
EXPORTER_SECRET 0ccbe90c47592a240bb4cffbfb0deeb33dce434ba2b4b02c153f80506a37f767 b25772922c13427cd802a1aa54d8e8dc17fd12723c2513640d32452528e2a3df
CLIENT_HANDSHAKE_TRAFFIC_SECRET 36bf1ac6c79556ef6b99e0a1acb0014f127273b8194aa3f7f83e01c29dcfd113 a560ca4a090829a3772ddf13f94c4f089b7a46641aefbb6edd90f6829082385a
SERVER_HANDSHAKE_TRAFFIC_SECRET 36bf1ac6c79556ef6b99e0a1acb0014f127273b8194aa3f7f83e01c29dcfd113 3b83eb130e83c818d3ff44b0aa95a6f1497b22db515e6d38aaaddad7928e4a9b
CLIENT_TRAFFIC_SECRET_0 36bf1ac6c79556ef6b99e0a1acb0014f127273b8194aa3f7f83e01c29dcfd113 2a8e5cfefc40f9b21330b73bb2a393d3ddbb7fec69cb23022c389d111a1dc5f8
SERVER_TRAFFIC_SECRET_0 36bf1ac6c79556ef6b99e0a1acb0014f127273b8194aa3f7f83e01c29dcfd113 a3c197a399c734718bf0c81ae34eb46f5f10ba4a0b7cdf89129de79440488a90
EXPORTER_SECRET 36bf1ac6c79556ef6b99e0a1acb0014f127273b8194aa3f7f83e01c29dcfd113 78ea85ccc509a22646ae71c13f437583d28a00e6a1e4386bd3ff416202ee02e2
CLIENT_HANDSHAKE_TRAFFIC_SECRET 719900b6ad64f70482301aa1307cf5c4a01786fdf9afa4adca4955d793224642 36b7e1f9493768b4fe6879cad34e08a84cb911db01d2816c985992ef354e7da5
SERVER_HANDSHAKE_TRAFFIC_SECRET 719900b6ad64f70482301aa1307cf5c4a01786fdf9afa4adca4955d793224642 f72d83f5bab0417bc4123a8c7384674c43cdf0c596f6de2c351a41d241c76063
CLIENT_HANDSHAKE_TRAFFIC_SECRET 72b968306f471c13b926155cdf2bd2f2af69b90805c509d56093faee79c5013b 1fcf1ccc7ec8cd81423e2338aef7a46f2b5676b614043c550e97d8af0ad8af62
SERVER_HANDSHAKE_TRAFFIC_SECRET 72b968306f471c13b926155cdf2bd2f2af69b90805c509d56093faee79c5013b 1ba8f7152c2161a2040b1ec8cd2aed5f6b753e47ad1d75f9ded08284ee3b98fa
CLIENT_TRAFFIC_SECRET_0 719900b6ad64f70482301aa1307cf5c4a01786fdf9afa4adca4955d793224642 a6ad89baa45666a6a1e3cbacd5600446a18f1ca8ccb05f098de23e873c14a2c1
SERVER_TRAFFIC_SECRET_0 719900b6ad64f70482301aa1307cf5c4a01786fdf9afa4adca4955d793224642 e1eaf9848bea1d7a0d3e39921471dd4676b20135f8c55c04f37c33afbb12976a
EXPORTER_SECRET 719900b6ad64f70482301aa1307cf5c4a01786fdf9afa4adca4955d793224642 cf6d056d073a4852e8f5055eb82d0ff31431d0a4037ac1b55236b76f9578aaa0
CLIENT_TRAFFIC_SECRET_0 72b968306f471c13b926155cdf2bd2f2af69b90805c509d56093faee79c5013b 7a0f16b39a04f1431ddfc1664a9873f515ee4cf9afc7bdacb9906ddb25619ebb
SERVER_TRAFFIC_SECRET_0 72b968306f471c13b926155cdf2bd2f2af69b90805c509d56093faee79c5013b 15aa33575d1073dfee22a178da013ff38eae228fe3de1c0356a9fd27e01d12a0
EXPORTER_SECRET 72b968306f471c13b926155cdf2bd2f2af69b90805c509d56093faee79c5013b 8e23d2d6cea7044141fd3afce26fdf966adb9fa2b825882f4d5fe4434b0cc236
CLIENT_HANDSHAKE_TRAFFIC_SECRET bf0134ffc6a71da8956d34a528b792935d4c4f568f811246100e1d405f28377a e659eb57064639f1939dad31348faebe1f3c29c2b3fb5d97da049868cb162ec5
SERVER_HANDSHAKE_TRAFFIC_SECRET bf0134ffc6a71da8956d34a528b792935d4c4f568f811246100e1d405f28377a 2c3a0de78faf47dad965a4b6c781791fa5d563594c2a72d0634c05a4514fa84b
CLIENT_HANDSHAKE_TRAFFIC_SECRET 0ab36ed9ee1feabaf6996c0a05f10337a54bbaa73624b0e9dbee301ac995ddc5 e4db0fdf551fa227fa4322d7ca5674905a04294b98042c4a9c25af8c1a15cfca
SERVER_HANDSHAKE_TRAFFIC_SECRET 0ab36ed9ee1feabaf6996c0a05f10337a54bbaa73624b0e9dbee301ac995ddc5 091addb7eb9ba102a2bf8c9ed8f8dc5b68dcde187c2005e9ef93d955553ffd8c
CLIENT_TRAFFIC_SECRET_0 bf0134ffc6a71da8956d34a528b792935d4c4f568f811246100e1d405f28377a 29a96ce6bb44cbd3632a721d7af5f281b3bcae3aa4a38b5ca098fc88ee776873
SERVER_TRAFFIC_SECRET_0 bf0134ffc6a71da8956d34a528b792935d4c4f568f811246100e1d405f28377a a76f7643e17e880e46e8499b2a4c6f2eec26d0050070aac09317ceb487dd64bb
EXPORTER_SECRET bf0134ffc6a71da8956d34a528b792935d4c4f568f811246100e1d405f28377a 0c1dcbfd963199e4796c7c8991ebe2f25a8deb1326bcba9caedba54e1fab6a5c
CLIENT_TRAFFIC_SECRET_0 0ab36ed9ee1feabaf6996c0a05f10337a54bbaa73624b0e9dbee301ac995ddc5 09c932ea36a9c93e6def204627203983e4cc40d12efa83163d9bbd123d683509
SERVER_TRAFFIC_SECRET_0 0ab36ed9ee1feabaf6996c0a05f10337a54bbaa73624b0e9dbee301ac995ddc5 182a1ce2a4f737a2507ed502147290b11735d32e0a3d3d74f8549af6da3a2387
EXPORTER_SECRET 0ab36ed9ee1feabaf6996c0a05f10337a54bbaa73624b0e9dbee301ac995ddc5 83c64944732470826979e8793014a385e870cda22b40267b825ba9abdc59f3b7
CLIENT_HANDSHAKE_TRAFFIC_SECRET d2179f9a5e91c0d2c49f47f3b29577d20c5f026a44fa7f30dc37e26f88da64e1 a3f930d02d02450c9d66a8d144e7d5866862ae1828c903f0d608dee566025bf7
SERVER_HANDSHAKE_TRAFFIC_SECRET d2179f9a5e91c0d2c49f47f3b29577d20c5f026a44fa7f30dc37e26f88da64e1 869096e53588e46f97caf4804368405c2b1b44b429caefbc4a24571b0ab19797
CLIENT_TRAFFIC_SECRET_0 d2179f9a5e91c0d2c49f47f3b29577d20c5f026a44fa7f30dc37e26f88da64e1 d58730ba96962222bcaabb3946a6649bd64e82575ed6bebd1aa5e6ca5e3551fe
SERVER_TRAFFIC_SECRET_0 d2179f9a5e91c0d2c49f47f3b29577d20c5f026a44fa7f30dc37e26f88da64e1 b0105fd8cb2888d6be9b5df0d839e51bf1177a096a4e2ab9fdf24874afe40c56
EXPORTER_SECRET d2179f9a5e91c0d2c49f47f3b29577d20c5f026a44fa7f30dc37e26f88da64e1 95de01967342fe1426b56718751a67ce2e4b35f77eaf0db2975762283bbedf86
CLIENT_HANDSHAKE_TRAFFIC_SECRET dcc1874b16d48ee8107253d0e0f9a373faab740efe8b7481531c2cdda6a960aa b52eb7ea17e095ca03cca8ee8129237e7a5cac6431e007c37521df9d47bb900f
SERVER_HANDSHAKE_TRAFFIC_SECRET dcc1874b16d48ee8107253d0e0f9a373faab740efe8b7481531c2cdda6a960aa fadaa35ade7fa93ef2cc4c41e29f6e897a89fb7bca1e6e98377a14f1a3f954ac
CLIENT_HANDSHAKE_TRAFFIC_SECRET bc5bf150fb7a60f58bf00e49de4bc7dd33e55b2e64063433ef90db83bc53e51b 35d76059f546862d9e42fffdf4be81776d68fcfe1cf3a93f30731fdb155d4701
SERVER_HANDSHAKE_TRAFFIC_SECRET bc5bf150fb7a60f58bf00e49de4bc7dd33e55b2e64063433ef90db83bc53e51b 5dabe414006dfa0886fd39216dc9e5bdaec16f8b0da1ff6fa765ef28964d4f38
CLIENT_TRAFFIC_SECRET_0 dcc1874b16d48ee8107253d0e0f9a373faab740efe8b7481531c2cdda6a960aa 6fb7d91932b5868ced2ea485dc0a4cb78a24491cf8a0e4d2d56ed740b807c58f
SERVER_TRAFFIC_SECRET_0 dcc1874b16d48ee8107253d0e0f9a373faab740efe8b7481531c2cdda6a960aa 4eeceabf506a01bf6bddf1972dfdce669c700c12a2de72142d46e055770a9c81
EXPORTER_SECRET dcc1874b16d48ee8107253d0e0f9a373faab740efe8b7481531c2cdda6a960aa 95e71a2a12d52fe346b81ab18261052acc9f5722da3dd063c0c43c53963ac50c
CLIENT_TRAFFIC_SECRET_0 bc5bf150fb7a60f58bf00e49de4bc7dd33e55b2e64063433ef90db83bc53e51b 3192f06c2b7659b1798392a940d76a5d1f79a4dbaa7e3adab8901ee5b20684b5
SERVER_TRAFFIC_SECRET_0 bc5bf150fb7a60f58bf00e49de4bc7dd33e55b2e64063433ef90db83bc53e51b 047ea1986b5455a42d89e7573fa5a6fe5ff47dcb28e21eefdb463b867f3a8029
EXPORTER_SECRET bc5bf150fb7a60f58bf00e49de4bc7dd33e55b2e64063433ef90db83bc53e51b ef1b734f50f0118cd069d6b38e13c482dd9ae288b164de2220eba12b052bdb33
CLIENT_HANDSHAKE_TRAFFIC_SECRET 6d745576c9f6282d8560e0ce46181c1988c10b910ba135d912d96497052826ac 0e154a28eaf66ecd9e14a7d6179a3b72387dfd40e77c726125cfa77cbd72ab11
SERVER_HANDSHAKE_TRAFFIC_SECRET 6d745576c9f6282d8560e0ce46181c1988c10b910ba135d912d96497052826ac a5971c40f97bee4a5b7bd7ee53f3e2f41a289347381d1e990629f9272838bc41
CLIENT_TRAFFIC_SECRET_0 6d745576c9f6282d8560e0ce46181c1988c10b910ba135d912d96497052826ac 96f93a1bf1382599d80b69c9d8a8c3a8114b4d387f3b416ef89a338b02de30f7
SERVER_TRAFFIC_SECRET_0 6d745576c9f6282d8560e0ce46181c1988c10b910ba135d912d96497052826ac 2da8b157e0419f24766daeba52e4d863a4c2f328cb62d8ba74e98c2e926964d2
EXPORTER_SECRET 6d745576c9f6282d8560e0ce46181c1988c10b910ba135d912d96497052826ac b8e3c7d820dd0a879836988148538fb04799d0fd7299bb0442244dfa889af0a3
CLIENT_HANDSHAKE_TRAFFIC_SECRET df037b9707cf6c848fac99d05d95953dc6e1e2b2b1d15be554f6b52bcffe3ee1 da0a42c70a047112771d752a0f85a484a5f3e625944f2c3fced163b25a6dd9fe
SERVER_HANDSHAKE_TRAFFIC_SECRET df037b9707cf6c848fac99d05d95953dc6e1e2b2b1d15be554f6b52bcffe3ee1 92802dbd52996da6126e534b26b1ed94a8f97105bd9221ec1c5b7611cf9bbb78
CLIENT_TRAFFIC_SECRET_0 df037b9707cf6c848fac99d05d95953dc6e1e2b2b1d15be554f6b52bcffe3ee1 ae3837a1e550a1ded7226f96408475b4e84e7cc7f965957a87bdb8a6ad12eb59
SERVER_TRAFFIC_SECRET_0 df037b9707cf6c848fac99d05d95953dc6e1e2b2b1d15be554f6b52bcffe3ee1 29345deb661e9418082546378bdb114832d40680b040e548198402471e19c2e1
EXPORTER_SECRET df037b9707cf6c848fac99d05d95953dc6e1e2b2b1d15be554f6b52bcffe3ee1 6ed95ccc9105bdacf60692507cd4451be24353b113d93fc34ba26550f927ba63
CLIENT_HANDSHAKE_TRAFFIC_SECRET 48341a746150fdf9492f64fd20a3b5bb9d14f05a23bea0eb1349181a09b75475 3cbe6b5034b83bab70baa68af7c1cb9230c4b0f9e1e26ce94e31de34d55d64e8
SERVER_HANDSHAKE_TRAFFIC_SECRET 48341a746150fdf9492f64fd20a3b5bb9d14f05a23bea0eb1349181a09b75475 1814766e1a58eb93e8f1870776566547430b8d83b3e13c8935337f50720a65d0
CLIENT_HANDSHAKE_TRAFFIC_SECRET fb64fbe6153ea995c6d98ebf1fa8cbbc8dbe1785bd746f44d18555e030496346 ae612eddcb17d61459fcf661942807179b71886b953a5dbbf386bd1b42144189
SERVER_HANDSHAKE_TRAFFIC_SECRET fb64fbe6153ea995c6d98ebf1fa8cbbc8dbe1785bd746f44d18555e030496346 f4156a0e15c7bf21198030313581cde3e00f0ef6927b0a746279ea127cdc9dd1
CLIENT_HANDSHAKE_TRAFFIC_SECRET a2b2d59bf7edcfeedb7aeec226fcc248da85f19e5b65f9d000d7fe77ee6474e7 a6dbc89e6af80029224d31f4043fd57cd89348c0837c0afdeb25ad8e795e9e97
SERVER_HANDSHAKE_TRAFFIC_SECRET a2b2d59bf7edcfeedb7aeec226fcc248da85f19e5b65f9d000d7fe77ee6474e7 a84f760528e92b8187997ff8d8db087887f7f3c7bcf39cc8e8a6493b47a50fc8
CLIENT_TRAFFIC_SECRET_0 48341a746150fdf9492f64fd20a3b5bb9d14f05a23bea0eb1349181a09b75475 6b84996e1ecacd95bf865e8d5820d8f64f7757c5f16414b646ac224a607bfc38
SERVER_TRAFFIC_SECRET_0 48341a746150fdf9492f64fd20a3b5bb9d14f05a23bea0eb1349181a09b75475 d53e7a65541964c80b1ad9734a0edfea43285f068201a9365289e3ebcc352aff
EXPORTER_SECRET 48341a746150fdf9492f64fd20a3b5bb9d14f05a23bea0eb1349181a09b75475 b67f67b767b89caf5598abd5603fa054fdc947277550a014c6e25915b2e4ea1b
CLIENT_TRAFFIC_SECRET_0 fb64fbe6153ea995c6d98ebf1fa8cbbc8dbe1785bd746f44d18555e030496346 a65a637a72b0f7dc0058846bc765376c3f977a0b50bd056ea7859adcfd9b3e4c
SERVER_TRAFFIC_SECRET_0 fb64fbe6153ea995c6d98ebf1fa8cbbc8dbe1785bd746f44d18555e030496346 b4611682f53bdb744bd2e0ca25fe52474b6d7cede0a3c851f14a9907926b7c93
EXPORTER_SECRET fb64fbe6153ea995c6d98ebf1fa8cbbc8dbe1785bd746f44d18555e030496346 9aaa0413c7a8c60d960acfe606b8cf98a25c269cc792b1e3268925e32ff469c9
CLIENT_TRAFFIC_SECRET_0 a2b2d59bf7edcfeedb7aeec226fcc248da85f19e5b65f9d000d7fe77ee6474e7 fb6f5d88be9cf4bbcb2be481bc9917207a1115ae9aec235e9848e10813bcfcca
SERVER_TRAFFIC_SECRET_0 a2b2d59bf7edcfeedb7aeec226fcc248da85f19e5b65f9d000d7fe77ee6474e7 c1c36bb055379eb04a7d526957a38d52e5a774760b73606b8e392ac02bb915c4
EXPORTER_SECRET a2b2d59bf7edcfeedb7aeec226fcc248da85f19e5b65f9d000d7fe77ee6474e7 ecc3ea3a2d0f804839720258accaf3bede788fa87caf18592ac389271736cf50
CLIENT_HANDSHAKE_TRAFFIC_SECRET ca271cb0b6bf5077e95b2906912cbe640b1340ec92199fe813c4ff8d6ac00566 f269ddfabdf9619c80552c7ea21eca1bd1abf71cebb11b76f8deca4681e10136
SERVER_HANDSHAKE_TRAFFIC_SECRET ca271cb0b6bf5077e95b2906912cbe640b1340ec92199fe813c4ff8d6ac00566 98b90570a3e9fe4760ac462c5070f37b36a30bb04e7301fbf8ea3bc0f4725b54
CLIENT_TRAFFIC_SECRET_0 ca271cb0b6bf5077e95b2906912cbe640b1340ec92199fe813c4ff8d6ac00566 c08f3b23f449a6946dbaae88b443210b16297af1e1024e98c11412198b4f5a6a
SERVER_TRAFFIC_SECRET_0 ca271cb0b6bf5077e95b2906912cbe640b1340ec92199fe813c4ff8d6ac00566 2ed6684e2b12483745100867f033367a6975512b345eb67d0d9d64c3e569986f
EXPORTER_SECRET ca271cb0b6bf5077e95b2906912cbe640b1340ec92199fe813c4ff8d6ac00566 dba5895fb714950f49a2e5e626cac989f61cfad349794fb5cc19b1939c373c0c
CLIENT_RANDOM 74b472557722795b87f2eec69d1f6c2281bd5f537bf63add6a7d7e178e0bc171 69df0a0407d8fe5ddfab67d96efd98a55113d005d5c98531d31feda48a86a55ddca05cdf1735af2bc33b93055bdeb274
CLIENT_HANDSHAKE_TRAFFIC_SECRET 3a8f6c1612b53c72afefd37a5dc2df8bd6008c0165c0a5f4f0848f052e128d20 bc9b98f9f24d086235f429d9bd72eff7a5326430f3748057afb15a09c71ac770
SERVER_HANDSHAKE_TRAFFIC_SECRET 3a8f6c1612b53c72afefd37a5dc2df8bd6008c0165c0a5f4f0848f052e128d20 9bfa38b60a8fd9a047ae66d6db8b0baa18b991e211d512f5c0798a42fcc3fe40
CLIENT_TRAFFIC_SECRET_0 3a8f6c1612b53c72afefd37a5dc2df8bd6008c0165c0a5f4f0848f052e128d20 107bd5bccf5e52d6e488c1036dc275e00a18e49b91aaf31b2ee76927d0216040
SERVER_TRAFFIC_SECRET_0 3a8f6c1612b53c72afefd37a5dc2df8bd6008c0165c0a5f4f0848f052e128d20 7120d6720c24199069b2a9a2e232a9cd044a3e647de41704dffa03680ed81737
EXPORTER_SECRET 3a8f6c1612b53c72afefd37a5dc2df8bd6008c0165c0a5f4f0848f052e128d20 c2cc35eaef89759cf8d6e55e7a68820b57898cc6cfb1129dfb5a0a7b53f62c4b
CLIENT_RANDOM a7fbd155a1d424d1660309cfcff39876de166fe8f74be478ff016b095163da51 8c69d7e569c7100a3d5a44a68b79627d7f3089045d51f6d5b965fb7ff09a1a2b7431d9413fda43175b638a3074860ed0
CLIENT_RANDOM ca525c07f7010ae712761e0e6a8bb07c9f6433bbcb8cdb4099ccffc7b7561dba d2eacf5ce6f02c91d7a851b5970deb44fad83ccfee91985d6eea311e939ed499cf5ec906f5ce3fedd6eec5b21809c004
CLIENT_HANDSHAKE_TRAFFIC_SECRET 4c82dbb3e506a021be01946831559b33f29114e45f3c9d00be27798b88864263 0d54d84525131819d98d885a08f53506f93175beb7143d923d3acd044f498d07
SERVER_HANDSHAKE_TRAFFIC_SECRET 4c82dbb3e506a021be01946831559b33f29114e45f3c9d00be27798b88864263 64e8fcc240b69dfc649b78da1a45a5aceb1421051f66479391ba3335b296e081
CLIENT_TRAFFIC_SECRET_0 4c82dbb3e506a021be01946831559b33f29114e45f3c9d00be27798b88864263 df48dcf276f584063efb8701b1018db884ae50f72d3df095f5cbc71d5e7a152d
SERVER_TRAFFIC_SECRET_0 4c82dbb3e506a021be01946831559b33f29114e45f3c9d00be27798b88864263 36aaf2c4055188705c7f89224cbf983ae1dcc93f68c75fe20794405621a29559
EXPORTER_SECRET 4c82dbb3e506a021be01946831559b33f29114e45f3c9d00be27798b88864263 0ffd837f5b4a2a093c8a90fedf688f40a37fa7884241ea3a91b94c160c38bf00
CLIENT_RANDOM 897ba7f9a3e88e1ca7a92afe78e74737b9f76d27592afba52e3a8cc678e10690 f1da86829bfbf0d2b7e4823039a6664e016542ce68a39bbdf71eabc429ed67bf6db02724a7af70af849ae1e27e28f997
CLIENT_RANDOM 51d344370f751ca121d31cb366276ec29f756171900015a7847dec086527b087 c8738ed3e359816f4cd775786ccce45c7b51145551f08185b957e7a3c5704dfcfaa438512c5360523fbe3c9f111b3cbf
