CLIENT_HANDSHAKE_TRAFFIC_SECRET 17c67c642c32f6616faec5a65eaabb0e74297454697565a5cbd763bb2f2005ef 0c834d2af94bcfb5c8b4ca15d2578819dcd8f4c320a80d32c5cab091db4858d245772eb9da327201eb1d613a0ee30e5a
SERVER_HANDSHAKE_TRAFFIC_SECRET 17c67c642c32f6616faec5a65eaabb0e74297454697565a5cbd763bb2f2005ef 39be49b22c2c7d854d05bf6d233c015f235e9531fee1d2cdbbe2cb619210c674df4848597a5b000fff71e1c994e4b962
CLIENT_TRAFFIC_SECRET_0 17c67c642c32f6616faec5a65eaabb0e74297454697565a5cbd763bb2f2005ef 206600397cf7558d913bcb4e1ec15ebc01ce6c8e692c70d9ccc1253577c30587b6cce6510af234c73eb07dd6bcda7cd9
SERVER_TRAFFIC_SECRET_0 17c67c642c32f6616faec5a65eaabb0e74297454697565a5cbd763bb2f2005ef 9ad793ec153218f3ff128f5fc4cf9b15a7ee0cc4efa08e9630fcac27327209dc38473a73f2587d1a2f76d7616a0dc304
EXPORTER_SECRET 17c67c642c32f6616faec5a65eaabb0e74297454697565a5cbd763bb2f2005ef aed9d490067aab85b9b5b6c44b8448b92dc3f409858f3586c3c907284217e2ee5e959e31d5fc64294ed9ee27ad70b18d
CLIENT_HANDSHAKE_TRAFFIC_SECRET 96f0f71c8ae5d91178a083d754f9b614daeed784139d6f28fa41cf35027385b8 dfad121fc7e652edbad10bb77c1d144570e818548db5be7d5d6e514c8b0979444b164a61f8074a28709af9ac4be789ca
SERVER_HANDSHAKE_TRAFFIC_SECRET 96f0f71c8ae5d91178a083d754f9b614daeed784139d6f28fa41cf35027385b8 e4c8462ebfdc04769f4722fb23bd474ff6fd74932f01f2a76b45be98fd36ec197a05489bf70d6db6d36d6eb8c61d3626
CLIENT_TRAFFIC_SECRET_0 96f0f71c8ae5d91178a083d754f9b614daeed784139d6f28fa41cf35027385b8 e0967a340f6484b58d65af426681416fb06d49bf333b13f6b40481e2d4b53db654525d5164f10f12ce6cda2d4752b484
SERVER_TRAFFIC_SECRET_0 96f0f71c8ae5d91178a083d754f9b614daeed784139d6f28fa41cf35027385b8 24b32f5fe2a2196ee480a3b26cddfcb373d5ac79f4d5e64bb1686c0274997ac3dff0681b0739a0b0668f2cd520c8b375
EXPORTER_SECRET 96f0f71c8ae5d91178a083d754f9b614daeed784139d6f28fa41cf35027385b8 9875a22e73e8a106d6f64eae9db94fe9cffc73aba1716e315e65c9fabcc4086b9822f70b63e90afcfe33b5eb15e055c2
CLIENT_HANDSHAKE_TRAFFIC_SECRET 224839cee49241b5ebd183ae779a4d78ff8a32a96ac5f2ad15ace36061ba1e86 189a47744b4fc9b24d678e83f90adb9e0266989c4246a95d1175e1c24381a52caaf137b764d27d69a539d3a24c4d5d28
SERVER_HANDSHAKE_TRAFFIC_SECRET 224839cee49241b5ebd183ae779a4d78ff8a32a96ac5f2ad15ace36061ba1e86 cef68ba03f7a362737d7ebc7588e81687f4d215c63ef573183d58acfd546a88c33a3f0e7bcdceb627aef0b98e5e7a791
CLIENT_TRAFFIC_SECRET_0 224839cee49241b5ebd183ae779a4d78ff8a32a96ac5f2ad15ace36061ba1e86 85998d2a9cea69b50382f66554560eb84bddcbd2e3f13aab7d3f212aa64fc4e0e0b5d1a39350f04061b2ceb44c37f566
SERVER_TRAFFIC_SECRET_0 224839cee49241b5ebd183ae779a4d78ff8a32a96ac5f2ad15ace36061ba1e86 07ee313cb4fe8f1f4641411f08671148a9d6e8d5ed3121614e64191cc527584df320e4035c841be7526a44dbfc4152ef
EXPORTER_SECRET 224839cee49241b5ebd183ae779a4d78ff8a32a96ac5f2ad15ace36061ba1e86 0b20a5f04b5dec74cc28b51aca7e7f10deb99cb71a2c9795ed4c15042160f51f6618a8fc156a3cdb424d41ac70509cfd
CLIENT_HANDSHAKE_TRAFFIC_SECRET fd12387b4f3f3fe110cf8bdcb02f7b414f0348f67e501e825863860182f2bafa b5222202b9a40c9258445834a6ac0d7a6182b4b496a2515671357263707a7e88ea998cc1935f97235f76e2b47e212a63
SERVER_HANDSHAKE_TRAFFIC_SECRET fd12387b4f3f3fe110cf8bdcb02f7b414f0348f67e501e825863860182f2bafa 22d81784261466d807becc511ae40755fb8b6e98fbab1bc1bbd4105d24112dc307315c06d541431cf8a3ad9fdbdbdf86
CLIENT_TRAFFIC_SECRET_0 fd12387b4f3f3fe110cf8bdcb02f7b414f0348f67e501e825863860182f2bafa 42916a25679413409afebba0ee44e36279eb815e9d70359b2ce8675e902cb6ec5356d5d6b7c6712acb72086e5aa85a88
SERVER_TRAFFIC_SECRET_0 fd12387b4f3f3fe110cf8bdcb02f7b414f0348f67e501e825863860182f2bafa 4a0f4e9e481101767ab395637ab17e7ec7b539fd83799894d5906057f07f896fc191e30ab9df6f48d612542bf4523249
EXPORTER_SECRET fd12387b4f3f3fe110cf8bdcb02f7b414f0348f67e501e825863860182f2bafa d2a61df44c920110acb0e9b290a1f0575c52c9706d5c4b60ab2a7d77f62216787122ddc89c31f04fbfce68dd254f27c3
CLIENT_HANDSHAKE_TRAFFIC_SECRET 9d3f164178179ba7596e382463daa019ab20b51110891fe7d11d024236da86b4 2c540d166a7a25da78c4aa2eea115676bdfcefc2026735cfae320c69b780a2f0e8a16b3d00b650451b4343c12e427320
SERVER_HANDSHAKE_TRAFFIC_SECRET 9d3f164178179ba7596e382463daa019ab20b51110891fe7d11d024236da86b4 9c5b15dc656096030db317c1965b958b3c1bd93919cfae315a5528b5b8637588a1d039f36bc61b48366061b413400152
CLIENT_TRAFFIC_SECRET_0 9d3f164178179ba7596e382463daa019ab20b51110891fe7d11d024236da86b4 4a45051c9c70ac7936a7cdfc7a89dfa94d1a1d68306056e59b5f932bad1ea2647a42e67876d9b3a335a3afa6796abdb4
SERVER_TRAFFIC_SECRET_0 9d3f164178179ba7596e382463daa019ab20b51110891fe7d11d024236da86b4 b0467d29bf219a48525ef1433fe82ec5ff41a13c2fe276f080a6b351c30999b5b97f1bac49e933d1f13ab2701e766242
EXPORTER_SECRET 9d3f164178179ba7596e382463daa019ab20b51110891fe7d11d024236da86b4 1895762eaafd16c12e07187217450fe19e057f4e9474a49fe58c609263f27295cf7205456176aaa748028d8def0eabba
CLIENT_HANDSHAKE_TRAFFIC_SECRET c07f15c173cdb5a3c157b1687a73e12235a5e77194a5cfe04f24cd9ef3d0aada 828c578aa36ba3533fcc5b3a5d9616d65427f9e5f6533480634bdbc4ff94320b19a17a1965fd489266f2d965b8f2cf34
SERVER_HANDSHAKE_TRAFFIC_SECRET c07f15c173cdb5a3c157b1687a73e12235a5e77194a5cfe04f24cd9ef3d0aada a4988caa752243604c73034fd8194c35249582a39146b905c798d5f75103d1607ff19a60b0d6eda07d3c3bbf8d64a366
CLIENT_TRAFFIC_SECRET_0 c07f15c173cdb5a3c157b1687a73e12235a5e77194a5cfe04f24cd9ef3d0aada f641152554cf39172011b466df470af81eb9cb327b8b98abb9fc0eb37143a77d3f7d21aabc63ceccbda86b666606538d
SERVER_TRAFFIC_SECRET_0 c07f15c173cdb5a3c157b1687a73e12235a5e77194a5cfe04f24cd9ef3d0aada 8509ce83bbf047e5d8bac4dbe1d4e8bd5d7d195a40dcd35bfa1050d9ceee08b075bd73abdc2c7031aa5c3365b6b94cd7
EXPORTER_SECRET c07f15c173cdb5a3c157b1687a73e12235a5e77194a5cfe04f24cd9ef3d0aada 70169aec27683a4a2dd0205e8a4812547902f3a528f5c225963512955198cc3a63e29e780f30c98d58dcb88ba2fc3d58
CLIENT_HANDSHAKE_TRAFFIC_SECRET 0906ce830e16900adc2c524c2664f3cfd86c1194df4436e4aa2796a94c89bb7d 336a79641a7722f493add68a77a02126a483646334b1be62844e0f15267e9c923ac4b766d0e6a6801a0664036f7279d0
SERVER_HANDSHAKE_TRAFFIC_SECRET 0906ce830e16900adc2c524c2664f3cfd86c1194df4436e4aa2796a94c89bb7d 6942d630c1243afe762728bf247dbcd21a88ee41ebcdf952047fe9ebb85bee248cf8a955d2b4500ba55e6de9822904cc
CLIENT_TRAFFIC_SECRET_0 0906ce830e16900adc2c524c2664f3cfd86c1194df4436e4aa2796a94c89bb7d e332029771d292534355de4a8d4eb6aa105114b3ee0550718bd40f0f5f4e145315f40fa8c4c99fa6dcc74dcea9b801a7
SERVER_TRAFFIC_SECRET_0 0906ce830e16900adc2c524c2664f3cfd86c1194df4436e4aa2796a94c89bb7d de0fa370be4b305aefc09ef878a4e78f9556f260b2961c5bb8c90397e3ecdbca0a694cd95facf128685f89c93a3e1949
EXPORTER_SECRET 0906ce830e16900adc2c524c2664f3cfd86c1194df4436e4aa2796a94c89bb7d baa492e8d8829add2131f124294f54c09962c498de4c5bd249b2695fa954a30a280721ee405ea4677649dfe086bae7d4
