CLIENT_HANDSHAKE_TRAFFIC_SECRET b5a20ed8d5252710041a1e630cf00507e01effb5a90b2d40a2260bcd22e20205 73bed8acb90db284d154d77c1e75da4b297ae8f64e26b08aa106bb86a60aa817
SERVER_HANDSHAKE_TRAFFIC_SECRET b5a20ed8d5252710041a1e630cf00507e01effb5a90b2d40a2260bcd22e20205 36a68c7c97f80c78cca646cd65da6c95e76eb672c0e40969fc5b68b73e9b7fe0
CLIENT_HANDSHAKE_TRAFFIC_SECRET 76bc47840d804bf8d9eb8ee020e2a395f161fa3e4b7f9677ea6d1ecd879a65a3 368f319dbe00b6bac0b40d0756076f3797cb40a3a83bccc49644e9e5bcf4835b
SERVER_HANDSHAKE_TRAFFIC_SECRET 76bc47840d804bf8d9eb8ee020e2a395f161fa3e4b7f9677ea6d1ecd879a65a3 ddb7032cf994415eaead533420ee020c25fabc158a9358c76a3a2717a190e615
CLIENT_TRAFFIC_SECRET_0 b5a20ed8d5252710041a1e630cf00507e01effb5a90b2d40a2260bcd22e20205 e36b7dbbc7ef1597e2740957ed89b71f644a6199c0dfb12a4158d7e016129408
SERVER_TRAFFIC_SECRET_0 b5a20ed8d5252710041a1e630cf00507e01effb5a90b2d40a2260bcd22e20205 71c3a3ef5a5cbce75b75d83b37c574e661290386e1ef4ca2e9693be4aae6c878
EXPORTER_SECRET b5a20ed8d5252710041a1e630cf00507e01effb5a90b2d40a2260bcd22e20205 bff113a20bc5cf577e9082fe5fadef47d095988b366895d4363a2cd6f0c45075
CLIENT_TRAFFIC_SECRET_0 76bc47840d804bf8d9eb8ee020e2a395f161fa3e4b7f9677ea6d1ecd879a65a3 9084d2fbbec73d660c92ee2464a398a8efa32162805a93e0c6312cca102626d5
SERVER_TRAFFIC_SECRET_0 76bc47840d804bf8d9eb8ee020e2a395f161fa3e4b7f9677ea6d1ecd879a65a3 2845eaf33c77b5d4011907e1d204377775ce44ed1cdc2110ef2cec8c81df2607
EXPORTER_SECRET 76bc47840d804bf8d9eb8ee020e2a395f161fa3e4b7f9677ea6d1ecd879a65a3 befeb8df97a0902710a4d320ac841d27f41df3eb9a5189a39fccfbce586f51a3
CLIENT_HANDSHAKE_TRAFFIC_SECRET 8d0896e3f5cee3f18ea31f02b04d09f3fad7802deeafee3c24b92fc8dbb6cdc6 a5f1c9084f8619ccc4ebf16b4753eef4c0a57dd59ad98c378a702fcae8eb18b6
SERVER_HANDSHAKE_TRAFFIC_SECRET 8d0896e3f5cee3f18ea31f02b04d09f3fad7802deeafee3c24b92fc8dbb6cdc6 7f7db77c5b34eca71a86fd1ebb07227c586c2027d042f28602d67107ad7b5dbf
CLIENT_HANDSHAKE_TRAFFIC_SECRET 52b73b551e24a99e669ed1761d6dfad730394514dc68b9577f44316f32d755f3 abf3dfc2a157563390838c6723f7bcc42080ba301c14aea7123c8b0c900c41c0
SERVER_HANDSHAKE_TRAFFIC_SECRET 52b73b551e24a99e669ed1761d6dfad730394514dc68b9577f44316f32d755f3 7255cf1e628ae6c1d3084b38e72bed3638bc80c498682dc8c2a6c232a3f35fb4
CLIENT_HANDSHAKE_TRAFFIC_SECRET 20af3e66a0270a6d7a1f69aade91a751138cfde4a87d974eaeddfde3e2d17d8d 9775ebee5e2721f396e186926e81d423e72af9dbef224e943bb9d7cf933ebe02
SERVER_HANDSHAKE_TRAFFIC_SECRET 20af3e66a0270a6d7a1f69aade91a751138cfde4a87d974eaeddfde3e2d17d8d 4ad7627d9b0e6d535066bbd6f1e6ee072c5e2ca009f3e9d93221da76b6704ff8
CLIENT_HANDSHAKE_TRAFFIC_SECRET 7dbf42b6e7714f12ca234e56c9665ee97e559b5a2a11dafa59cb0d0e035b51e3 f5f45c562607532fc28d2ccf9120d6cee96736eb0abd861d1afdd3ff2a725142
SERVER_HANDSHAKE_TRAFFIC_SECRET 7dbf42b6e7714f12ca234e56c9665ee97e559b5a2a11dafa59cb0d0e035b51e3 924994b318430507f657b1a39a57783fecac6c3b0bbe938f87235bb1045265f2
CLIENT_HANDSHAKE_TRAFFIC_SECRET ef31c8f7432be7645eea7d11ed06ccd6c0c1c36d552227877b2747f3f4f2ee18 5741235556adecff908c07ea9f2f8f6231e9a28724017c6c8671b115f79bd925
SERVER_HANDSHAKE_TRAFFIC_SECRET ef31c8f7432be7645eea7d11ed06ccd6c0c1c36d552227877b2747f3f4f2ee18 4795b5d25a0648c21f6331935251d77f79c4a59fba3f73c3666749af1ebf743e
CLIENT_HANDSHAKE_TRAFFIC_SECRET a0e999822ba1ddbd712f0ac3823d99ffc6e14351ffcaab02d7fbb4d541b0b925 746fe1dba784f5f2e7db90e98f40023880bd2fa2d439a8d97f6ec53bc0d97743
SERVER_HANDSHAKE_TRAFFIC_SECRET a0e999822ba1ddbd712f0ac3823d99ffc6e14351ffcaab02d7fbb4d541b0b925 be37e59d61ba36d2944c1500f9fd154a7d7fa29f91e1da37d908dd7ffbc0235b
CLIENT_TRAFFIC_SECRET_0 20af3e66a0270a6d7a1f69aade91a751138cfde4a87d974eaeddfde3e2d17d8d f02c96b5b99531f08c7c1a5f8c9b3a8b5795f1dcab2e42f75ca912dbba2243f4
SERVER_TRAFFIC_SECRET_0 20af3e66a0270a6d7a1f69aade91a751138cfde4a87d974eaeddfde3e2d17d8d 432ee9ace3089395f2e230ef398149b8cb59baee1c0fb40bad90b91b57029f61
EXPORTER_SECRET 20af3e66a0270a6d7a1f69aade91a751138cfde4a87d974eaeddfde3e2d17d8d 4b52bed0ccb16903cb236709d0061d2d14537b08e21088605b21a82cf87dc83d
CLIENT_TRAFFIC_SECRET_0 52b73b551e24a99e669ed1761d6dfad730394514dc68b9577f44316f32d755f3 2a740d2cd8623a90f7ab5458d1943f7f82b17b028b0d244e01e2c4d4d0ccec9a
SERVER_TRAFFIC_SECRET_0 52b73b551e24a99e669ed1761d6dfad730394514dc68b9577f44316f32d755f3 e7471cd0f8f58dfd65b6e85b5e31fcfa11a899f7dc1f8ac275b93f6ba7bccb72
EXPORTER_SECRET 52b73b551e24a99e669ed1761d6dfad730394514dc68b9577f44316f32d755f3 8917598feb82e00378c32f5b4dea1bee8263299132c168e01c21db66e7288657
CLIENT_TRAFFIC_SECRET_0 7dbf42b6e7714f12ca234e56c9665ee97e559b5a2a11dafa59cb0d0e035b51e3 b82df728729376d748a8265c63e03553af3e04e0959b2c5337295eea42543bae
SERVER_TRAFFIC_SECRET_0 7dbf42b6e7714f12ca234e56c9665ee97e559b5a2a11dafa59cb0d0e035b51e3 0d7b2566dfa2e1db67208b117968533cbd3297e782d5220b856ba6b956e1d1ad
EXPORTER_SECRET 7dbf42b6e7714f12ca234e56c9665ee97e559b5a2a11dafa59cb0d0e035b51e3 9ba769067c694370d929edc97a2902bcfbffb61a015ed0db4d6485d893a5ff6d
CLIENT_TRAFFIC_SECRET_0 8d0896e3f5cee3f18ea31f02b04d09f3fad7802deeafee3c24b92fc8dbb6cdc6 99af321202c690d75ae1bf2c6551f4e23b705ea616795dfa4c4dbeb43021f32a
SERVER_TRAFFIC_SECRET_0 8d0896e3f5cee3f18ea31f02b04d09f3fad7802deeafee3c24b92fc8dbb6cdc6 ab6b0bb44ad4312b80faf6b6a7e6b2fc79e015f8d537d1fa44342c8657334499
EXPORTER_SECRET 8d0896e3f5cee3f18ea31f02b04d09f3fad7802deeafee3c24b92fc8dbb6cdc6 bd8b6f76a067bfd362397f884a2f0e3951118a2722efeefbdad26dde2073119a
CLIENT_TRAFFIC_SECRET_0 a0e999822ba1ddbd712f0ac3823d99ffc6e14351ffcaab02d7fbb4d541b0b925 132fcae102a8503e543e50481627eec065ac5b688c60a9533b43d7c36f2efd94
SERVER_TRAFFIC_SECRET_0 a0e999822ba1ddbd712f0ac3823d99ffc6e14351ffcaab02d7fbb4d541b0b925 3a41f2f882a432e7ea9cb68054daffdd57fcee58db1f4495ba8514b71ebf13b2
EXPORTER_SECRET a0e999822ba1ddbd712f0ac3823d99ffc6e14351ffcaab02d7fbb4d541b0b925 14dcec3bbbe41df64212ca7f826ef81e3f1864cbc91f0493ecbefd5109b536c4
CLIENT_TRAFFIC_SECRET_0 ef31c8f7432be7645eea7d11ed06ccd6c0c1c36d552227877b2747f3f4f2ee18 1e21a9aa892f36e39f9f7d205cdf9a0486e090052ccba9027b18264f29176166
SERVER_TRAFFIC_SECRET_0 ef31c8f7432be7645eea7d11ed06ccd6c0c1c36d552227877b2747f3f4f2ee18 b9d13dc1c19d0e9b2074702caa969b41b2a25b5b53813793e9a91b0e7509fb61
EXPORTER_SECRET ef31c8f7432be7645eea7d11ed06ccd6c0c1c36d552227877b2747f3f4f2ee18 a22394644f1a3fcd1894095db808327201eb5e40d63058b35cd2e69c02553ea0
CLIENT_HANDSHAKE_TRAFFIC_SECRET 729270c60abff824d2fce19890a7987dd9aa6d436df93c6d295dbd47458ba756 70b44e998fbabe92b8be7e9973a4a1241eb71d5ced304298de4622448ba8fca9
SERVER_HANDSHAKE_TRAFFIC_SECRET 729270c60abff824d2fce19890a7987dd9aa6d436df93c6d295dbd47458ba756 7c86436568d3affce29da41a7c59c2b0a99530da6a4370f1ffaea0c50bf80307
CLIENT_HANDSHAKE_TRAFFIC_SECRET 5aa837275f8f5c4f75893397860019f415561ea6c6dc4aefbb700ea8e9e3c88b cd6d8751214280285b6b98702f33c6743a8a6a6f74dc6223ec47dc2c70eb359a
SERVER_HANDSHAKE_TRAFFIC_SECRET 5aa837275f8f5c4f75893397860019f415561ea6c6dc4aefbb700ea8e9e3c88b 8f63c61d4b3d1c06ff82b1ef5049ad8f11f2226db5fa3e63dafcd8525c7e87f5
CLIENT_TRAFFIC_SECRET_0 729270c60abff824d2fce19890a7987dd9aa6d436df93c6d295dbd47458ba756 e48cef6bd9e17effd09f774b18e710ad271f453fe4efdf80f9fae70bdb707d94
SERVER_TRAFFIC_SECRET_0 729270c60abff824d2fce19890a7987dd9aa6d436df93c6d295dbd47458ba756 f0b25e44991c5bf9e41bc6e65166c09029e0a0c0c7659718b7114fb3a38a3dfd
EXPORTER_SECRET 729270c60abff824d2fce19890a7987dd9aa6d436df93c6d295dbd47458ba756 ecebcee69041b1ecf8e0cc71ed2b9c4fb13443af10f4f3f0d81f38c73e2759f2
CLIENT_TRAFFIC_SECRET_0 5aa837275f8f5c4f75893397860019f415561ea6c6dc4aefbb700ea8e9e3c88b 83e62d188e5bfd94bcb9efe62ada7d42032e404037856684a783eeb31da571c0
SERVER_TRAFFIC_SECRET_0 5aa837275f8f5c4f75893397860019f415561ea6c6dc4aefbb700ea8e9e3c88b ad5d80b4f0cb80ed95a29eaad1ed8401ac509e7f2d48145d6fd665d2a3af2cb7
EXPORTER_SECRET 5aa837275f8f5c4f75893397860019f415561ea6c6dc4aefbb700ea8e9e3c88b 1456a1b87b8cb94fa156c1c0c2c67ef6dd5f1ab59107a9f3dee7913f3a385d51
CLIENT_HANDSHAKE_TRAFFIC_SECRET 0ad7b479b9418f66dd0ce32a46112374d4ac7c0d67443358aa2150eec1259693 f9faf3db4d0f045e9cc4f32a67ae8d46d7b9059bd6f3cc0984a5fb994466257f
SERVER_HANDSHAKE_TRAFFIC_SECRET 0ad7b479b9418f66dd0ce32a46112374d4ac7c0d67443358aa2150eec1259693 ce1e1e8a794ef12391ee3fd744db7cf29ab2d6002b5a9d669998d540d9cc388e
CLIENT_TRAFFIC_SECRET_0 0ad7b479b9418f66dd0ce32a46112374d4ac7c0d67443358aa2150eec1259693 b7704d787859398b7ae78768c10fe3a62284074d43ff0c259e978ebdc45142d8
SERVER_TRAFFIC_SECRET_0 0ad7b479b9418f66dd0ce32a46112374d4ac7c0d67443358aa2150eec1259693 f340232e9b844ab8b2e768c142fcd8d27ce76e021644776716d7f6721bfdd3d7
EXPORTER_SECRET 0ad7b479b9418f66dd0ce32a46112374d4ac7c0d67443358aa2150eec1259693 a64dc5d23e9c1ffe161537c067f9aedcd39dfe982fe167fdbac92c146f51cfcd
CLIENT_HANDSHAKE_TRAFFIC_SECRET ef5e3f0573d9e7dcc7381e6a62812a9f562263eba79aee9ec5e45ce1c25e2a5e 4f041f06b8be94d0184c6438c35cc9c63446b6ffe9c3d9ac150e6f70aa555a09
SERVER_HANDSHAKE_TRAFFIC_SECRET ef5e3f0573d9e7dcc7381e6a62812a9f562263eba79aee9ec5e45ce1c25e2a5e 7dc3d103e96e1f155c21478f2aba72bf318dfec1e1dad882100e3640d2e83ac4
CLIENT_TRAFFIC_SECRET_0 ef5e3f0573d9e7dcc7381e6a62812a9f562263eba79aee9ec5e45ce1c25e2a5e d9f1aaf8b0da9dd95ea90fc1ee6f0d08b4fa8a8f94e4a7a857678edf660002f2
SERVER_TRAFFIC_SECRET_0 ef5e3f0573d9e7dcc7381e6a62812a9f562263eba79aee9ec5e45ce1c25e2a5e b770b51bf739258fd0e9d1df9a34eb9a993c5e25be1ff91a52eb7195d38146e8
EXPORTER_SECRET ef5e3f0573d9e7dcc7381e6a62812a9f562263eba79aee9ec5e45ce1c25e2a5e 2114cf28fbffaf8ec9a8bb76459750dc23216d6345ba3ac29aa21127872f64fa
