CLIENT_HANDSHAKE_TRAFFIC_SECRET 249409195a2ef87b932519299cb20c6eebd1e87ba3eb2954c1cd226c4a494504 db2a2027ef5a399a15cb54b5bfefe17c36d1e1c348a7bb68241752d37d0863a5
SERVER_HANDSHAKE_TRAFFIC_SECRET 249409195a2ef87b932519299cb20c6eebd1e87ba3eb2954c1cd226c4a494504 11c3cfa1df988972a959a1fcf8443b151074582e28e4af89087b1ee6c7f29498
CLIENT_TRAFFIC_SECRET_0 249409195a2ef87b932519299cb20c6eebd1e87ba3eb2954c1cd226c4a494504 4f7ad64c7cfb669bd46c6f38ed7ae3e37e6b8a81806c4593009ed7b1103bf632
SERVER_TRAFFIC_SECRET_0 249409195a2ef87b932519299cb20c6eebd1e87ba3eb2954c1cd226c4a494504 5f9c8bbea07c476ac56bb0dea216d70f7506da74980ffd3b8d072034004e6ed0
EXPORTER_SECRET 249409195a2ef87b932519299cb20c6eebd1e87ba3eb2954c1cd226c4a494504 e8bbb0af18a8bb3d9d2f6e36beb0afd1efb064b95fe801885e3e0fbf6a5a93e7
CLIENT_HANDSHAKE_TRAFFIC_SECRET 936c665a7c19f087a2202d167c20aea7b49348f2d598d8583d4d58a8c39e49a5 f7fd233137a48a55d4d7859168641df2ae78701a5c626ebd197d098857144345
SERVER_HANDSHAKE_TRAFFIC_SECRET 936c665a7c19f087a2202d167c20aea7b49348f2d598d8583d4d58a8c39e49a5 f651ce18a8922321a7148abaa26b28146ba57ee021d6c6b93fced192a8867935
CLIENT_TRAFFIC_SECRET_0 936c665a7c19f087a2202d167c20aea7b49348f2d598d8583d4d58a8c39e49a5 198a61e1c70e64ce00cac47b89069b115063e230c389c66357909ba0eb21d0f5
SERVER_TRAFFIC_SECRET_0 936c665a7c19f087a2202d167c20aea7b49348f2d598d8583d4d58a8c39e49a5 1897e4b12d819c94aa8de21a281221941b98133824fdd67be5eeb5b525063cfb
EXPORTER_SECRET 936c665a7c19f087a2202d167c20aea7b49348f2d598d8583d4d58a8c39e49a5 5c3fde2586343b4c5381a26e887d6fda1cbae5f1fd081be960293b0b4f512bef
CLIENT_HANDSHAKE_TRAFFIC_SECRET 306458b3af23e5cc33d334eb0e1d4c3084f898243b03f4d7d7c533191a571441 7083536812fdc653f3fc16b7f932531d67d574aa96214244e3d155cf7b4ce38e
SERVER_HANDSHAKE_TRAFFIC_SECRET 306458b3af23e5cc33d334eb0e1d4c3084f898243b03f4d7d7c533191a571441 d7c3536d7894f686b2adc43e4ef9b08a53cae8b5a387628301975a00405dd7a8
CLIENT_TRAFFIC_SECRET_0 306458b3af23e5cc33d334eb0e1d4c3084f898243b03f4d7d7c533191a571441 26dbc732e8fd08df3a2054eae6d92750cd3ae9e10c7dc525837b1590b0e2cb05
SERVER_TRAFFIC_SECRET_0 306458b3af23e5cc33d334eb0e1d4c3084f898243b03f4d7d7c533191a571441 06f7702922371a60742f05387192184122581599d93d488232a9426503c47cd2
EXPORTER_SECRET 306458b3af23e5cc33d334eb0e1d4c3084f898243b03f4d7d7c533191a571441 d2bb047d840c6ad2a45685263bb6a2029f8d544e77f2eb85e0adaf07a7e41abd
CLIENT_HANDSHAKE_TRAFFIC_SECRET e22439c5476bee4264c5fce43e66181a5496f9f0504551a3ff660048505ad346 1d300a734e317bc4721aad1fb55c1e6fd7f1fc644305a8c527b4a0d4d609ae0a
SERVER_HANDSHAKE_TRAFFIC_SECRET e22439c5476bee4264c5fce43e66181a5496f9f0504551a3ff660048505ad346 bc4c365a4838f3026c7825a44e04c8a8d3f8882ec22b05bc4e0eb7c80f41416c
CLIENT_TRAFFIC_SECRET_0 e22439c5476bee4264c5fce43e66181a5496f9f0504551a3ff660048505ad346 ad4606135db4c78eae5f9342d98fc01df3736d6e6cf754f0755310a440ad5adf
SERVER_TRAFFIC_SECRET_0 e22439c5476bee4264c5fce43e66181a5496f9f0504551a3ff660048505ad346 7ed2412da726a39449e48ed38dab589ce78c246366416ddd7704cb130a26db0a
EXPORTER_SECRET e22439c5476bee4264c5fce43e66181a5496f9f0504551a3ff660048505ad346 1c12c343f033ba36dd4573969fbf8b4cc9a94a11f9840a80012c6c5928810fdf
CLIENT_HANDSHAKE_TRAFFIC_SECRET 51274bc559eb0407a19b755b8a31c5517783b5ffc9a7d566c2fb6c968b6ad81e 0e7ff5322866b741116b09b1ba2a070c6ef958bd9fa83aa3d35ead902af8dcd8
SERVER_HANDSHAKE_TRAFFIC_SECRET 51274bc559eb0407a19b755b8a31c5517783b5ffc9a7d566c2fb6c968b6ad81e eac4a0a0a7f754661de28dff1dc798ec2c1d4aa09f7a40ee38677e69f10503a5
CLIENT_TRAFFIC_SECRET_0 51274bc559eb0407a19b755b8a31c5517783b5ffc9a7d566c2fb6c968b6ad81e 5b8026f464ff7634d002086d7d72d6ce786dfe76951df29ab7ee9b77df37d4b1
SERVER_TRAFFIC_SECRET_0 51274bc559eb0407a19b755b8a31c5517783b5ffc9a7d566c2fb6c968b6ad81e 0443c8a1b4174cd9d91a20c858753f455adf887094f08eabc3a3dbea91ea50f1
EXPORTER_SECRET 51274bc559eb0407a19b755b8a31c5517783b5ffc9a7d566c2fb6c968b6ad81e 03d6ab49e28667333f929ddf2bc03476522b7ab194fc0a4cf282cea8e0223b4c
CLIENT_HANDSHAKE_TRAFFIC_SECRET 6f85b95374e3fc3c8ef9e84d62cad8178f0ec823ee1a5832fb4b335895c12431 438b0c4c7c0ade1c55af4d1672ea8ec6c524debae0c3669eadcf5b5e1d629bd7
SERVER_HANDSHAKE_TRAFFIC_SECRET 6f85b95374e3fc3c8ef9e84d62cad8178f0ec823ee1a5832fb4b335895c12431 9c6290e16dfab15a3c0352d37cad6fb79435bf0298d30b9ff69e4425c36e83b5
CLIENT_TRAFFIC_SECRET_0 6f85b95374e3fc3c8ef9e84d62cad8178f0ec823ee1a5832fb4b335895c12431 648fe2fd0ad4c358da3d468ec595bfd8686cee0dd23e669175301870480f4af0
SERVER_TRAFFIC_SECRET_0 6f85b95374e3fc3c8ef9e84d62cad8178f0ec823ee1a5832fb4b335895c12431 7e665d5a72257307eb044822cc27f76145d68479e448737daf50ee1456523c42
EXPORTER_SECRET 6f85b95374e3fc3c8ef9e84d62cad8178f0ec823ee1a5832fb4b335895c12431 79ea6a39b308831f0626c11783010bff1d58fa3bdbd19c09b0767dae621acef4
CLIENT_HANDSHAKE_TRAFFIC_SECRET 9a2a3ae7302caed2593f52e4a411dbc11cc72973de2c54e9a9123d17d50d63bb 583ed4736d17c5b6ec05ab0599fc9b75accb200ac1b99d3a302006e00bdadb19
SERVER_HANDSHAKE_TRAFFIC_SECRET 9a2a3ae7302caed2593f52e4a411dbc11cc72973de2c54e9a9123d17d50d63bb 3782b64e8170bf25c5657dffda6e60e90f22ababfaf56887ca4f562f29241671
CLIENT_TRAFFIC_SECRET_0 9a2a3ae7302caed2593f52e4a411dbc11cc72973de2c54e9a9123d17d50d63bb b588fa973bcbebcc2b204a853f6f372d03a97728d13b4304cb8fff6e9b44e755
SERVER_TRAFFIC_SECRET_0 9a2a3ae7302caed2593f52e4a411dbc11cc72973de2c54e9a9123d17d50d63bb 8a1cc20f7ef1dea32aa6e835346b3b363050846495cc8bc5c6c2cbf1efe816e6
EXPORTER_SECRET 9a2a3ae7302caed2593f52e4a411dbc11cc72973de2c54e9a9123d17d50d63bb 34c820a3652667e54e0e337f278f9880a6cb753b3465b79b4d256e7a619ccfa5
CLIENT_RANDOM ba119c9307beb3f02c1cb361709f68600345c24433393b2a3092ea7640bb77e8 44ba106635942c4e1a6015113c0f93f714853f0b891cbd1b315d4a0eefb49e01f8c06a0ca79031294982285a1f60f400
CLIENT_HANDSHAKE_TRAFFIC_SECRET 939828061496498c34b741692150cc972e7d965338553e7bd0fc6171b0f0f87e 380026852ff20582699ab021a8aadcf0ce39ee320321f24d1f56064c30fca63e
SERVER_HANDSHAKE_TRAFFIC_SECRET 939828061496498c34b741692150cc972e7d965338553e7bd0fc6171b0f0f87e a1e2978895fba8078a83ac9e4636bfb3cbac8688d561cad83710e25791e3262c
CLIENT_TRAFFIC_SECRET_0 939828061496498c34b741692150cc972e7d965338553e7bd0fc6171b0f0f87e e461ee3b65ccfdefe5218eb07b25c0f39fbef7a4e4d452cb433449dd1782dae7
SERVER_TRAFFIC_SECRET_0 939828061496498c34b741692150cc972e7d965338553e7bd0fc6171b0f0f87e a989434c043dc1554ccde28eb7a69ab7c53fd7a841dbc8b0f962c27a0efef65b
EXPORTER_SECRET 939828061496498c34b741692150cc972e7d965338553e7bd0fc6171b0f0f87e 814d611b5eba3643d5556f112296e1e7060c99e1bb06f9524792148867069c21
CLIENT_HANDSHAKE_TRAFFIC_SECRET eaef9ba7547a8659138285748864c81f3d248bdbab5d711c4be9fce522585e14 8017642c5ea08aa472ca13f3598e8c47992eab74d339efbf13818dcd84016657
SERVER_HANDSHAKE_TRAFFIC_SECRET eaef9ba7547a8659138285748864c81f3d248bdbab5d711c4be9fce522585e14 d2da3140e8f2e7ea6c897a9b3167ab80aca16c1fee611e700e7c14ab9cb3e5d0
CLIENT_TRAFFIC_SECRET_0 eaef9ba7547a8659138285748864c81f3d248bdbab5d711c4be9fce522585e14 bbf444a80883137fc52595e285fcc823ece5d29fcc6af508ea22479f6974ee65
SERVER_TRAFFIC_SECRET_0 eaef9ba7547a8659138285748864c81f3d248bdbab5d711c4be9fce522585e14 18504831a289e9f49246a4af43cb4bf8722e89b4c1c1db465e02ec68f8b610e3
EXPORTER_SECRET eaef9ba7547a8659138285748864c81f3d248bdbab5d711c4be9fce522585e14 042d5effe9423431f57ce09c2a2d3c3643caa2c176cb67294a845a6089fd4a84
