CLIENT_HANDSHAKE_TRAFFIC_SECRET b049e2a53b156b4666825fb3aac45079a4014bffd343bc4e0f905ad618d6a21e 4508ac9e65e3dc681d0062eb5dfd91e9135bb8059e22fcd521cf4a934859e7e8
SERVER_HANDSHAKE_TRAFFIC_SECRET b049e2a53b156b4666825fb3aac45079a4014bffd343bc4e0f905ad618d6a21e 85842c1a39eac635f7ee091f2a3aa6edb51b2e649b8ce5daef1e33c0f8fe7787
CLIENT_TRAFFIC_SECRET_0 b049e2a53b156b4666825fb3aac45079a4014bffd343bc4e0f905ad618d6a21e 9318ae7828b1da9750e14b8d98f4a2948e4403150f7353e1e2da35348e121879
SERVER_TRAFFIC_SECRET_0 b049e2a53b156b4666825fb3aac45079a4014bffd343bc4e0f905ad618d6a21e 59b0dcc2806f257edfa058e57582078eb58afa612ee1e3641ba5a9f4ae3db70f
EXPORTER_SECRET b049e2a53b156b4666825fb3aac45079a4014bffd343bc4e0f905ad618d6a21e 4df8687d5362e58544e587602a04007ad5a07fa86ee461ec51abaef292057e0b
CLIENT_HANDSHAKE_TRAFFIC_SECRET f8a2541030a47b685e63b344b5db480eaf34e007677d16b14a3e4566564f5a74 cbad10502bf58c80bb13a5ed055b1ad3c181fa2b89421399fb09766bbe835083
SERVER_HANDSHAKE_TRAFFIC_SECRET f8a2541030a47b685e63b344b5db480eaf34e007677d16b14a3e4566564f5a74 5dc1985e87ee20e7363b1e883de166c4e77c22c5c7a2186017323c6639a6858c
CLIENT_TRAFFIC_SECRET_0 f8a2541030a47b685e63b344b5db480eaf34e007677d16b14a3e4566564f5a74 30504d69ded8f44292c377e99752d9670c8433ada41efc2aa05fb6b8c1c7570e
SERVER_TRAFFIC_SECRET_0 f8a2541030a47b685e63b344b5db480eaf34e007677d16b14a3e4566564f5a74 90a52fc5bb5147d62acfe56bb731227498d1c986ef6a7f8a5b29571a4d5c4c65
EXPORTER_SECRET f8a2541030a47b685e63b344b5db480eaf34e007677d16b14a3e4566564f5a74 6af4d090b3ca2cbf50134e1274505a74ad46bbe593b24488bf92fe81e904dd35
CLIENT_HANDSHAKE_TRAFFIC_SECRET 0f186c687d79d35dc69e9e068e0ef81b64b6cdde2a337a8f59f860120fd0516d 1f19bfafb4a875c7feded70d46cb95c4b35d81c3d484c6d4a79028b0a6ce2f63
SERVER_HANDSHAKE_TRAFFIC_SECRET 0f186c687d79d35dc69e9e068e0ef81b64b6cdde2a337a8f59f860120fd0516d ec200d17e348dcfd3732150009046474f06c3b7fb0db960b64afa360b8c1e73e
CLIENT_HANDSHAKE_TRAFFIC_SECRET 4a0887174f0e20dc074a2d7ee504ba3401ef4cec056a05577988b285706ff05a 3547c4c716fe433e732266e93f136fade5a6725771daa1d725df58d90c5dfa87
SERVER_HANDSHAKE_TRAFFIC_SECRET 4a0887174f0e20dc074a2d7ee504ba3401ef4cec056a05577988b285706ff05a add8d4a4f710b56b9f27f5a95f8a7fbdc7e13ad86f1e97f03becb59811617015
CLIENT_TRAFFIC_SECRET_0 4a0887174f0e20dc074a2d7ee504ba3401ef4cec056a05577988b285706ff05a d59ad74332644fb36185aa5f525c40a2ba20ce73304e195fd1044f1f2e2d238d
SERVER_TRAFFIC_SECRET_0 4a0887174f0e20dc074a2d7ee504ba3401ef4cec056a05577988b285706ff05a 90cc020c73c30addb44dad6d3ba4298f1690616bf8472f53f027995b57e332b6
EXPORTER_SECRET 4a0887174f0e20dc074a2d7ee504ba3401ef4cec056a05577988b285706ff05a 6fa5aae55df929a8ea06c400bdfde5e32d729697d36517254c1fccaf71656298
CLIENT_TRAFFIC_SECRET_0 0f186c687d79d35dc69e9e068e0ef81b64b6cdde2a337a8f59f860120fd0516d af4e057270da5fc734ddc0282e3ec0df66b46551c8686d156809a32ee00caf0b
SERVER_TRAFFIC_SECRET_0 0f186c687d79d35dc69e9e068e0ef81b64b6cdde2a337a8f59f860120fd0516d e1a011289ab773a4f6531f713da40f3a474973ee6585f41fae9813f02feafa8b
EXPORTER_SECRET 0f186c687d79d35dc69e9e068e0ef81b64b6cdde2a337a8f59f860120fd0516d 161e3e3b9a26b3f172b7a71c3af196ad2a5fffb150c84ee163d58f7eeae64c5c
CLIENT_HANDSHAKE_TRAFFIC_SECRET 4f267b5448bb35ef4e5168b627b2ba2e198a4ee80d86a071224dab339a9bcbd3 7289e5d93fb81d45c83f60787e97908182a26a1d39da681c11fe97ee14f7c32d
SERVER_HANDSHAKE_TRAFFIC_SECRET 4f267b5448bb35ef4e5168b627b2ba2e198a4ee80d86a071224dab339a9bcbd3 048da0d6e9410611021fea1753d85ce9e338ff7de12fdeb0582b805dfc6c842c
CLIENT_TRAFFIC_SECRET_0 4f267b5448bb35ef4e5168b627b2ba2e198a4ee80d86a071224dab339a9bcbd3 de55b175a737797c7f3bd652b1786735468d502e004da8d08466252c22d2ed29
SERVER_TRAFFIC_SECRET_0 4f267b5448bb35ef4e5168b627b2ba2e198a4ee80d86a071224dab339a9bcbd3 d433f44d7104a9c69b251b11967ac29e28fa55835ee3d227fea3c2858b285995
EXPORTER_SECRET 4f267b5448bb35ef4e5168b627b2ba2e198a4ee80d86a071224dab339a9bcbd3 61c4787149da95d87c2d171787040a35c123155a89befa67df202f087da5f076
CLIENT_HANDSHAKE_TRAFFIC_SECRET 229d5dcbde132659d652320f525c570395b5fc22fa738290308e7b510c1b3d05 9b4d15ea82be2ea92e4b2320d15e7a703266947b0df57da70c3b0a6863456784
SERVER_HANDSHAKE_TRAFFIC_SECRET 229d5dcbde132659d652320f525c570395b5fc22fa738290308e7b510c1b3d05 257ff4d404a34a718c63f197790cee1feb279a9b93bb077021640fccf08c939c
CLIENT_TRAFFIC_SECRET_0 229d5dcbde132659d652320f525c570395b5fc22fa738290308e7b510c1b3d05 536b46c891504ad91150b547e60a223e9bd43cb6cf8e30208577061802d09610
SERVER_TRAFFIC_SECRET_0 229d5dcbde132659d652320f525c570395b5fc22fa738290308e7b510c1b3d05 d2d5bf40a4bd8919acde170cfb36c6d4de57ee9fa1dbe5222fda6261793780c5
EXPORTER_SECRET 229d5dcbde132659d652320f525c570395b5fc22fa738290308e7b510c1b3d05 e1a63b298388900b3bf7c8073de83574568aa3c353ba674d429505c5c984e3d5
CLIENT_HANDSHAKE_TRAFFIC_SECRET 666dbad134b9099e553b35e561916f8a645d4fbd450f96435b7ef4de43633b87 4a941bf63d6d11644cbdcfbcdcecb4cf4ef61e27473bf5e61429d6cb15fecaef
SERVER_HANDSHAKE_TRAFFIC_SECRET 666dbad134b9099e553b35e561916f8a645d4fbd450f96435b7ef4de43633b87 8e909767f30f714a72c79d4ddbb9517134a22151a5b6808247c66256b310adaa
CLIENT_TRAFFIC_SECRET_0 666dbad134b9099e553b35e561916f8a645d4fbd450f96435b7ef4de43633b87 d9cb92a94fe2cc2f05eb4fcb5a07f738bc5cf2e139fab2c37973c7fe8410e3ec
SERVER_TRAFFIC_SECRET_0 666dbad134b9099e553b35e561916f8a645d4fbd450f96435b7ef4de43633b87 df547050ddbdf460d0c3e8b4dc1ee74b28fe122dc1a663d92f8fe2afa9167886
EXPORTER_SECRET 666dbad134b9099e553b35e561916f8a645d4fbd450f96435b7ef4de43633b87 53a6dc98016312a0473d3093cdee6624b28cfbed8d3a6f2e97df811d04ab4ede
CLIENT_RANDOM 34954a72321fca7771fac0c39b2226bf2d5beda7fbf8a60211feab6e9567d38d 8a4e6c75b9fb1cb213813c41a9cbb0c46058f0a62e310bdd14f1a8b3c1ddc08d8e60c27f5444d6401a635e8b431a92e2
CLIENT_HANDSHAKE_TRAFFIC_SECRET f2f1e8418643eeb2ff51d53300d5b344e254e99dec42c9aee919306aa041d044 7aabf704a363e9d908cbe61010063c2838e353254437276e18d48ee5e9e60b4c
SERVER_HANDSHAKE_TRAFFIC_SECRET f2f1e8418643eeb2ff51d53300d5b344e254e99dec42c9aee919306aa041d044 b476ed33eabaaf739fafe737e526ddcc05601261fe47dd439bdc7fc90f5f8147
CLIENT_TRAFFIC_SECRET_0 f2f1e8418643eeb2ff51d53300d5b344e254e99dec42c9aee919306aa041d044 d71c56d1a9e0aed468aa1b7c376258ed1a61a700495165bab9a1a64cf5c8889c
SERVER_TRAFFIC_SECRET_0 f2f1e8418643eeb2ff51d53300d5b344e254e99dec42c9aee919306aa041d044 49ec57ce944e3d515543330eee759c21f84cf8014cb93864fa1f50543aa9fd29
EXPORTER_SECRET f2f1e8418643eeb2ff51d53300d5b344e254e99dec42c9aee919306aa041d044 0aebd53aa8c59567f4af43b6ac5581180469ade30bde5c78d3ebe1db868a685a
CLIENT_HANDSHAKE_TRAFFIC_SECRET effbf0d79b4a0adacc1179490ba72323f5c60731d983202215ca09dfee9377f5 18214192f8f64f53e5543f6570ee705e247fd58e4306bc54014eea2efa269f1e
SERVER_HANDSHAKE_TRAFFIC_SECRET effbf0d79b4a0adacc1179490ba72323f5c60731d983202215ca09dfee9377f5 aed0339bf6324cdbe0a7448332a2ad3c56424bedc8f153031dadeb835f916432
CLIENT_TRAFFIC_SECRET_0 effbf0d79b4a0adacc1179490ba72323f5c60731d983202215ca09dfee9377f5 e8ecf96142e61b56aeb3a85d88d6204508e5dab881c3e0892b6ab99dc837a44f
SERVER_TRAFFIC_SECRET_0 effbf0d79b4a0adacc1179490ba72323f5c60731d983202215ca09dfee9377f5 a6a673aa659f4ebbf1d636c3f5c117a3330fd8fe84b0d95c7c2a181b41855072
EXPORTER_SECRET effbf0d79b4a0adacc1179490ba72323f5c60731d983202215ca09dfee9377f5 49dc592f4accfd619564714a937938c189985575ef353c939525f957ae2fd824
