CLIENT_HANDSHAKE_TRAFFIC_SECRET 264254f097ec76c61abc7ce8c4a7c7f5e0ba3b4bcab455a7c4cac370a28c598c d724692cfd83c1814a8af155226d0640269248c0ba2a3633c2c70f9f8f9efb81a64729fe1cab0c58def0afbdd13ffe68
SERVER_HANDSHAKE_TRAFFIC_SECRET 264254f097ec76c61abc7ce8c4a7c7f5e0ba3b4bcab455a7c4cac370a28c598c feb4d569bc3e96dae56d12b0f6f37b2e414c311787a2396e6c314497b92a39cf4c08d7f03247bf821acc92ffe1bb63b9
CLIENT_TRAFFIC_SECRET_0 264254f097ec76c61abc7ce8c4a7c7f5e0ba3b4bcab455a7c4cac370a28c598c 8f1b9045adf35cc65111e49b3e14c6b3a85f412640e66fc32f49f7c3705e4ef8036c4431c1f86dd1999ffd077bdfda49
SERVER_TRAFFIC_SECRET_0 264254f097ec76c61abc7ce8c4a7c7f5e0ba3b4bcab455a7c4cac370a28c598c 25f3def6f4306baaba998bd781c93761c694665b9000f3bbef1514d2f172112f173a030a10d02c9d8db006272fa2eb0f
EXPORTER_SECRET 264254f097ec76c61abc7ce8c4a7c7f5e0ba3b4bcab455a7c4cac370a28c598c 9317c138defc2a5006570dba89a10565c78d62d5c89c012172dda60534fb45a78045e08ccfb61c02844c151e345a42d2
CLIENT_HANDSHAKE_TRAFFIC_SECRET cf1ed036ce9085c2db17ab763b16e5080b3fe811a40997ea9a1707f415aa06db ec7eeeaef98f06474b9921acf18423ec29b547e612d108703df023f483c5c1a975518579e5cbcfebb23458567f790041
SERVER_HANDSHAKE_TRAFFIC_SECRET cf1ed036ce9085c2db17ab763b16e5080b3fe811a40997ea9a1707f415aa06db 5a947d84817c955fa6de21a272bd2d3fbed3a5e7abb6008c1924f16bbe6ba4a9e8a510c68114219df10d42a8645586b7
CLIENT_TRAFFIC_SECRET_0 cf1ed036ce9085c2db17ab763b16e5080b3fe811a40997ea9a1707f415aa06db 7c463332a4f6ae865cf89633271f16528241de205120648796e6c31f5ffd2b31e0f1939c12598955b4b1f33bda529147
SERVER_TRAFFIC_SECRET_0 cf1ed036ce9085c2db17ab763b16e5080b3fe811a40997ea9a1707f415aa06db 0275bb730484f70f73caf7d57afffb1667d61735375a1e9c9c1cb94e271ea093da05f65c9d5e59f44ed12e9637cc2060
EXPORTER_SECRET cf1ed036ce9085c2db17ab763b16e5080b3fe811a40997ea9a1707f415aa06db 34398d030068293c16f49f9618c3b27b78b4b04f7d4a08426e36b039f71dc00c7f8d1ec4d9bc8bc04e9e00237316f4fe
CLIENT_HANDSHAKE_TRAFFIC_SECRET a1419b127f9578571bc1ac5eb6d356156dc0f36cf6c7bc5ec80e5efbac30d697 bc07864162bc67013ec9412e356b8e9f7bd0c96ae9edd9de78299f2be14e1ecc
SERVER_HANDSHAKE_TRAFFIC_SECRET a1419b127f9578571bc1ac5eb6d356156dc0f36cf6c7bc5ec80e5efbac30d697 46a0b3e87fe7874b1145835f7f918b7db289368cd228650fa7c4a130ecea80c7
CLIENT_TRAFFIC_SECRET_0 a1419b127f9578571bc1ac5eb6d356156dc0f36cf6c7bc5ec80e5efbac30d697 fd0cd9e22f77108443f86cd860a6470fe6de961aa3b4fbd72546d0f2e98bcf3b
SERVER_TRAFFIC_SECRET_0 a1419b127f9578571bc1ac5eb6d356156dc0f36cf6c7bc5ec80e5efbac30d697 599e96d330d2bfb2a2ddf829b4fa3420c3eb9efa9736345d0a6602b0c6328da8
EXPORTER_SECRET a1419b127f9578571bc1ac5eb6d356156dc0f36cf6c7bc5ec80e5efbac30d697 275028721b6c27442655af10d1ee2764e77fc02d3fef400fbd2b676089e51022
CLIENT_HANDSHAKE_TRAFFIC_SECRET 906e7de9f8f15108601d8a07469f31ebc440207f0091b7e90fd75630a1828fe3 0b6dbdb6e6347afc6f0d08f918b3b04f16dbf5b8c86f29f64085e43cd3c2e902ea93253ad5b1e2d5ae6aa15c40f224de
SERVER_HANDSHAKE_TRAFFIC_SECRET 906e7de9f8f15108601d8a07469f31ebc440207f0091b7e90fd75630a1828fe3 966afa11099f75b98696f5e5a1a02f47e7c423eadd8fb1de113c35be14865947d8b46af8bea8e155381f8337f0b86b03
CLIENT_TRAFFIC_SECRET_0 906e7de9f8f15108601d8a07469f31ebc440207f0091b7e90fd75630a1828fe3 3851eff41b77a24e136ac0bc27f96b10cedd04d304694dbc739d01c2993dcca67dd2b5fc185227547180fe79b54077ca
SERVER_TRAFFIC_SECRET_0 906e7de9f8f15108601d8a07469f31ebc440207f0091b7e90fd75630a1828fe3 ce6168e5f11657c5421f074ef0b3fa443a786c678c6c4f739305e29582791ceafa80dd0d573430c00432e4eb82550c39
EXPORTER_SECRET 906e7de9f8f15108601d8a07469f31ebc440207f0091b7e90fd75630a1828fe3 be9cf1830371f1496bcdfbd72a339681bb9c9a4a34c0445b830176d72273a9fddb8ec02fddee04f18721b5854f9b86ee
CLIENT_HANDSHAKE_TRAFFIC_SECRET 33029b0041167630f12a8dd072df700c0a16aa75bfba4ee211874b7645c6a12f a424f976bc7e3a7caf539d1d9b63932f0f769d7752244e3742def95e1f36950c
SERVER_HANDSHAKE_TRAFFIC_SECRET 33029b0041167630f12a8dd072df700c0a16aa75bfba4ee211874b7645c6a12f c6d111409db971f048d9667006815ef5b0abc3cfe11cf361016cd8feed055332
CLIENT_TRAFFIC_SECRET_0 33029b0041167630f12a8dd072df700c0a16aa75bfba4ee211874b7645c6a12f a9ddaea1a69cffc4703d0252e6f0ce32f77940f6b6489892caad89477558c133
SERVER_TRAFFIC_SECRET_0 33029b0041167630f12a8dd072df700c0a16aa75bfba4ee211874b7645c6a12f a428f1b432236327a22d053e95d10e8b8a240e7dc8150f416bf003a5496a7a54
EXPORTER_SECRET 33029b0041167630f12a8dd072df700c0a16aa75bfba4ee211874b7645c6a12f 22e3fad265c208f9e0d2deda4e0f8cc9704693793a9f00ded82ddb9e8c7abac6
CLIENT_RANDOM db88cad4f1299fb8afb3c4bb703fc4548b0361635a833a5faecd3d23a758b441 adcd15d346cc2daf4e4375dd2b4812ed431447fde11814b0118845bf018a1408b7525f0af8708f8b6e2711210fb656a7
CLIENT_HANDSHAKE_TRAFFIC_SECRET eca47fc86663d977e7ef00fdd386fa269432a01af2bd9367fdeca53c3844036e e17eb282582019749ebf57281475d40da29264a62f005d6580fbcb8b3975268ab1fbaac35dc3fa4a58cbe815f2df438d
SERVER_HANDSHAKE_TRAFFIC_SECRET eca47fc86663d977e7ef00fdd386fa269432a01af2bd9367fdeca53c3844036e a9a09c68868cdda4317a49cd4264ebf37fc615e56886aa8b193bc4a3df31bffbd556e5bd99249b6dc966d527fc3c31e9
CLIENT_TRAFFIC_SECRET_0 eca47fc86663d977e7ef00fdd386fa269432a01af2bd9367fdeca53c3844036e 773c2a6e13f3d533ac1a0da0db8edb7757656bd283dfa9c7863127159c8da76569ee3ac052040347365f2e3e51a3f9a1
SERVER_TRAFFIC_SECRET_0 eca47fc86663d977e7ef00fdd386fa269432a01af2bd9367fdeca53c3844036e 272dde01882fc70ffe3479d95e354713f8d40f836e2c7f2ecf3646879c4b0b1b7a145240b22738c6640beed04e741e55
EXPORTER_SECRET eca47fc86663d977e7ef00fdd386fa269432a01af2bd9367fdeca53c3844036e b2d54a3991c1540d6670fc8e91ed6024d9361da92f8cf3a04082c790aaf74a170315d9e2a1d0a8c898942fd49d9fba16
CLIENT_HANDSHAKE_TRAFFIC_SECRET 974cf47c3fb1c455b209b33fe341e85c9dcf96093da3d8c41e9c1f3f1ff5441a c66b394eb1f552f375a6b2c701364ab89b87d8e54fae18cfef166e6428774b6ea4174f4abb9d9ffb7eb7eaac38aaf5d0
SERVER_HANDSHAKE_TRAFFIC_SECRET 974cf47c3fb1c455b209b33fe341e85c9dcf96093da3d8c41e9c1f3f1ff5441a 4392448582b23f53b639ab8d0348266198e7cd045e3aa74b421c153c4db194023c0528796eb6fa1993462090d6d7d828
CLIENT_TRAFFIC_SECRET_0 974cf47c3fb1c455b209b33fe341e85c9dcf96093da3d8c41e9c1f3f1ff5441a 41ce258e2b2b9222e2298ae4803b94f74c4a75d5595569db6222818254347f16c4ad5fbe90e6d6434485d84c611d2dfa
SERVER_TRAFFIC_SECRET_0 974cf47c3fb1c455b209b33fe341e85c9dcf96093da3d8c41e9c1f3f1ff5441a 850dbc8b20fa70b50c04b0af376bcd4c461c1327de945f0cb7f4d4dd1ac276eba12fbfe9d6f89bd75f471eb191cb11f8
EXPORTER_SECRET 974cf47c3fb1c455b209b33fe341e85c9dcf96093da3d8c41e9c1f3f1ff5441a 8dfc7263fbfaf7974dfe6a284a971c1ed90250f5ce6e78c4e8eddc255029d15472fea2bed6e2f049c4a9b951a5734095
CLIENT_HANDSHAKE_TRAFFIC_SECRET 8b817e28a2d956335c89b6c983dec0ea790365e9c45fa6577411c1cc61ca8149 82f356f1d5c5d622d0b9985040d8d9071e94e8f39fdd5d195b6d15fff8b47923230ba941f6c81dc3955ca3a0db799fc2
SERVER_HANDSHAKE_TRAFFIC_SECRET 8b817e28a2d956335c89b6c983dec0ea790365e9c45fa6577411c1cc61ca8149 e9c1745f6bffd0c3d7c3eb51147fab3e8394268940103dc625cf8f537b326aac7fe8d81d850680c95dedceadeeb85d0c
CLIENT_TRAFFIC_SECRET_0 8b817e28a2d956335c89b6c983dec0ea790365e9c45fa6577411c1cc61ca8149 6f81b6e7208df5e74803b3f4bb29d2e50814edf6489e1b152991bec55269c931b96f28db8205294cd1252e18e6dee87e
SERVER_TRAFFIC_SECRET_0 8b817e28a2d956335c89b6c983dec0ea790365e9c45fa6577411c1cc61ca8149 871581a40378d2c7c27f1e780b5a8e6951fbebf447f155036823ff90acbde75874a38137c3cdd291e28010ab0ab185c4
EXPORTER_SECRET 8b817e28a2d956335c89b6c983dec0ea790365e9c45fa6577411c1cc61ca8149 4a25bfe008ad3ad46c658d6e87bc96f7ef9bd03a1b339c4eaef66bd4de0d08e4b49179720fe6d2c21078eb7985738425
CLIENT_HANDSHAKE_TRAFFIC_SECRET 072bf1f02064d6fc82d3e0442f134d704da4f47c0d3bbe02d3462136c7aee73b 155cea419050c28f1a0291bd3276d7e80c656db6fddbf2eec4b338995f09d6eaf6e23f75eb0546686d3d0fcd226b8ecd
SERVER_HANDSHAKE_TRAFFIC_SECRET 072bf1f02064d6fc82d3e0442f134d704da4f47c0d3bbe02d3462136c7aee73b 4ffc18f1d930aced6fd11c5d506e9b09a46cbad640a564cf7cd84999ae6c14aa4f61c2699a687be9467937a82fd082e4
CLIENT_TRAFFIC_SECRET_0 072bf1f02064d6fc82d3e0442f134d704da4f47c0d3bbe02d3462136c7aee73b a6909c48c7bf86344995432d7d68a846aa71b075e00aa3b821b707bea3a09fd996c26d7aa899d6ebd5cc32097d5f6b90
SERVER_TRAFFIC_SECRET_0 072bf1f02064d6fc82d3e0442f134d704da4f47c0d3bbe02d3462136c7aee73b 923dbdd5f8e1e3d56f53c3df07cf62807b87ba3ff03888ad1c28cb0a268d8a6d7b6d76bfb4f483b56c78b7a15bccf679
EXPORTER_SECRET 072bf1f02064d6fc82d3e0442f134d704da4f47c0d3bbe02d3462136c7aee73b f2a245dd5cad732e2bb698d512d129d00e73ec15bc3f8cf675d25b0a505ed356b936fb4fd99d5ea57a49aedc2cfa756f
CLIENT_HANDSHAKE_TRAFFIC_SECRET 5fba22230812c40ff232d7b881ede6bafd4bc1d4c48219dd58bd80f9720dd498 cc7d407718c84963e101a945c2885bd2bc2e02bc2956d6af90391e9ced71a447
SERVER_HANDSHAKE_TRAFFIC_SECRET 5fba22230812c40ff232d7b881ede6bafd4bc1d4c48219dd58bd80f9720dd498 b8654d7ba4c26013fe38215b2411f7f5baadde1fd6cfadb5663fca7c4bb1e3d0
CLIENT_TRAFFIC_SECRET_0 5fba22230812c40ff232d7b881ede6bafd4bc1d4c48219dd58bd80f9720dd498 22af3843f6aca81959b7b4d3132f5130858138ca39aff9ccda52fe7e53d9008f
SERVER_TRAFFIC_SECRET_0 5fba22230812c40ff232d7b881ede6bafd4bc1d4c48219dd58bd80f9720dd498 672af7944117dfb961e3ff0cb4030ffa2cda70510c5cd6c7cbce045bb8bae37a
EXPORTER_SECRET 5fba22230812c40ff232d7b881ede6bafd4bc1d4c48219dd58bd80f9720dd498 d918f572582b49e78b49404e224b8737fd2a5859a266dfa424ac16f7df2af392
CLIENT_HANDSHAKE_TRAFFIC_SECRET bb0078c5a955e1ff91af0aceff5ba248990821e0adcfc80a1f87992e203d7b7f 21193fd9a6da221959cff04c67cc0b507a2ffbcfc0e418dc26c8287388bb1165
SERVER_HANDSHAKE_TRAFFIC_SECRET bb0078c5a955e1ff91af0aceff5ba248990821e0adcfc80a1f87992e203d7b7f de071baddc2e4dd63c6b04dd45ae07fd6478ff17bd8fe231578d320a8a93eae8
CLIENT_TRAFFIC_SECRET_0 bb0078c5a955e1ff91af0aceff5ba248990821e0adcfc80a1f87992e203d7b7f d2a7adb3d47dfb80075c045dffa437468e3300b57f18713af6417ad420af35c9
SERVER_TRAFFIC_SECRET_0 bb0078c5a955e1ff91af0aceff5ba248990821e0adcfc80a1f87992e203d7b7f 22a50cbccad9b64b1448880fef45e774895b48bb6390594971562ab82b7b21bc
EXPORTER_SECRET bb0078c5a955e1ff91af0aceff5ba248990821e0adcfc80a1f87992e203d7b7f 9848e08013caa26ca48f77d28df8c637c8cca837a200e34ae562585b14542160
CLIENT_HANDSHAKE_TRAFFIC_SECRET 7819c06747d413729b8a3fe3c0b91ae828ab2ad1a1fa423e609b570e3b060ccc 41f3b6ab0e12ec784c85ec1c7f2febef43cca9b8174037a7eb5d700b7a06b229c9c6328df5010caec45244b55d3c6819
SERVER_HANDSHAKE_TRAFFIC_SECRET 7819c06747d413729b8a3fe3c0b91ae828ab2ad1a1fa423e609b570e3b060ccc 2e2228c835c5f3275eb1809e1e8e10e0ac87ae605d397361e05abaffb2105821dd427cb3335de2f962a7e8bc99d5eb2a
CLIENT_TRAFFIC_SECRET_0 7819c06747d413729b8a3fe3c0b91ae828ab2ad1a1fa423e609b570e3b060ccc 45a456255ccacdfeb436b5d4863e668f0c74e53d7f6bfdb3babdf2f27147693378fb3b937df6ec495e9a3c8865ac9c0f
SERVER_TRAFFIC_SECRET_0 7819c06747d413729b8a3fe3c0b91ae828ab2ad1a1fa423e609b570e3b060ccc 1a1278191f3384cb0937eba168d4cd1a7c6ac838409df3ba99fd64ef0ae4facead7c858eff2ebfe2224d91410a2ba79c
EXPORTER_SECRET 7819c06747d413729b8a3fe3c0b91ae828ab2ad1a1fa423e609b570e3b060ccc d7912ce0b5ad41d9b64b6e81ed368034c8b866ff940675fe9647e4936cec6a0be298f184fb927053696d296b35191678
CLIENT_HANDSHAKE_TRAFFIC_SECRET 6b5cf9d2d7c37716d4bf266b2994669b37183f72c4bb0d55b58d9e83d24236ed ff8febdbc18f29b3a8b4cdb38cb8e515100ae8be46312fd15b5a8a8c40cfc541032e5c1764e6c58913b4d4198b8b45a4
SERVER_HANDSHAKE_TRAFFIC_SECRET 6b5cf9d2d7c37716d4bf266b2994669b37183f72c4bb0d55b58d9e83d24236ed 3471de58e54ad0a0945de6ed8dbd62d277c7360d71ea28126b73e38dc7d27fb1b44af9fa986bfc69bbb622c3b17f07da
CLIENT_TRAFFIC_SECRET_0 6b5cf9d2d7c37716d4bf266b2994669b37183f72c4bb0d55b58d9e83d24236ed 34ab1c3e73cc4d2f2bae738f14a9535de9c768007d1a369788b8e25de782f5f2957c959912315b52f135ef1058220f49
SERVER_TRAFFIC_SECRET_0 6b5cf9d2d7c37716d4bf266b2994669b37183f72c4bb0d55b58d9e83d24236ed f290c541b3948dc03017b1c19b27c3f62cf9c8125e91adb20bd273092038a93073efa27e3efb8fd4dd4cdd940733c16a
EXPORTER_SECRET 6b5cf9d2d7c37716d4bf266b2994669b37183f72c4bb0d55b58d9e83d24236ed 680937adf4a2c04a4efe27f63893f34954c32e526590b3b701f1a7af1f65afb7de10e698e41f7b18493172c35636f856
CLIENT_HANDSHAKE_TRAFFIC_SECRET e3dcc75e1d3024f7dbfd3d5935d534873d88b9f3de93b00f9520f70f30f5731d e291f72b40cbb1c5821c774b1cc9f7958792b350ea4ec374d1b177593240ee11
SERVER_HANDSHAKE_TRAFFIC_SECRET e3dcc75e1d3024f7dbfd3d5935d534873d88b9f3de93b00f9520f70f30f5731d 355119b0f37ddcbaa9d9d3975e2cca3c02661a1b10653066d06a1d061e4a1af3
CLIENT_TRAFFIC_SECRET_0 e3dcc75e1d3024f7dbfd3d5935d534873d88b9f3de93b00f9520f70f30f5731d 02d41d098c8312a134f1eebd2336882c3db0b46f9a4e144933dcdd3dc7685f50
SERVER_TRAFFIC_SECRET_0 e3dcc75e1d3024f7dbfd3d5935d534873d88b9f3de93b00f9520f70f30f5731d be90217931dbcea49eabb732c086f9c1dcc358b4a2751ead6c6057f50f19cc7c
EXPORTER_SECRET e3dcc75e1d3024f7dbfd3d5935d534873d88b9f3de93b00f9520f70f30f5731d 23489935c089b2957f0db40762099fb79d7fbdac4a82f29101885d1dc489c690
CLIENT_HANDSHAKE_TRAFFIC_SECRET 89637c84375df37b43d72aff11c3d3a9d2c3ae52ec65782bd54f021665bb6da4 06b1729c19d6ebc35b849055e6e1f15ac0f8b89d31dffc0601b44d429de47dc3
SERVER_HANDSHAKE_TRAFFIC_SECRET 89637c84375df37b43d72aff11c3d3a9d2c3ae52ec65782bd54f021665bb6da4 e5c7d31a701a4a08b2f24681ead856b3d805b91849ba6332fcf829da96381086
CLIENT_TRAFFIC_SECRET_0 89637c84375df37b43d72aff11c3d3a9d2c3ae52ec65782bd54f021665bb6da4 954025133d59a126621ae3c0300bdbe57f4b12318544ffa47c81b0342943a372
SERVER_TRAFFIC_SECRET_0 89637c84375df37b43d72aff11c3d3a9d2c3ae52ec65782bd54f021665bb6da4 e22170fe207133d51872a6272de87c27f6fef803baba10c58d2095689a3bdd47
EXPORTER_SECRET 89637c84375df37b43d72aff11c3d3a9d2c3ae52ec65782bd54f021665bb6da4 53e49aa8d3740f3d177ab33e38ef079b9329a607b0ce3e8ca09e0551cc19811f
CLIENT_HANDSHAKE_TRAFFIC_SECRET 1abd779790eebe65fa77ee13806280cc8dc091de819274367c83e3c4e851d83c 2be3985987dad7eae3098c4a634e0ffb593db9c1e0a8be1e4561a1e90e38033b
SERVER_HANDSHAKE_TRAFFIC_SECRET 1abd779790eebe65fa77ee13806280cc8dc091de819274367c83e3c4e851d83c 80a85ee2e96e77ccf6dd859d22fbc49d9bd41a7834c246dde07acb31c3bd4f01
CLIENT_TRAFFIC_SECRET_0 1abd779790eebe65fa77ee13806280cc8dc091de819274367c83e3c4e851d83c 2f88c3b00fc922fda9f291b572738bb020a676feb54638c2ffd1fbc5227972e4
SERVER_TRAFFIC_SECRET_0 1abd779790eebe65fa77ee13806280cc8dc091de819274367c83e3c4e851d83c 511718a738123345a9820f47729402e8ab37ec28d1825825ff475b17c31a0795
EXPORTER_SECRET 1abd779790eebe65fa77ee13806280cc8dc091de819274367c83e3c4e851d83c fc3aafdf2bdced3b6e489a068f3efc3000e630978665475036cae26258f2a1cb
CLIENT_RANDOM 4b6b7f4f50153fc585b09ba25b1a654cf72539846031467c8224cd153d7b4cbe 71c07cc530cb365371625c2009662129254c44468be7daeb6e82f21d001a2437750bc5ffcc816ba91e3d091f0a8d0795
CLIENT_HANDSHAKE_TRAFFIC_SECRET 30321ce0c6e1d41e5f6ad653044d6d0767f6c61f0afe0bf4514a300a3330f313 5f4008554292aa8ced42119cb3fdd3d0aea2795f90cc12f93ae19286e7ffd0b5
SERVER_HANDSHAKE_TRAFFIC_SECRET 30321ce0c6e1d41e5f6ad653044d6d0767f6c61f0afe0bf4514a300a3330f313 7e97b1c5ab504619933b20e827292140d95a05fcd471a02279d4fa94f02e21c2
CLIENT_TRAFFIC_SECRET_0 30321ce0c6e1d41e5f6ad653044d6d0767f6c61f0afe0bf4514a300a3330f313 1ca9da6a35647361333856a4211d12e470cd70aa16d9f22120e140ebfebf42a2
SERVER_TRAFFIC_SECRET_0 30321ce0c6e1d41e5f6ad653044d6d0767f6c61f0afe0bf4514a300a3330f313 4337a358ac0b01b0a497d03922dc73da6c8a2ef35fd0dd4af33a42b8d2c0c41f
EXPORTER_SECRET 30321ce0c6e1d41e5f6ad653044d6d0767f6c61f0afe0bf4514a300a3330f313 d5857f0bb4c1f494505d1699f9da21d80b8b77ac5993661214c0b07f25c9fb9a
CLIENT_RANDOM 6c857ee795f4369805f48846e715b29d5bb56a4096b8bc330186070071db477c 20e34883658e092994bd02565bae6b18fa33b879f8ef79b3460539aa5750150c191d6c24a11b3a7deef9b329c51913df
CLIENT_HANDSHAKE_TRAFFIC_SECRET 81145db3c981aaf75ba9c0b52bd60fc273e0093147001e90ff5eb7316addf120 8b1f7672c45d67b3fd123bf8c02d6721d09528813171a70808f4019ff4d88926
SERVER_HANDSHAKE_TRAFFIC_SECRET 81145db3c981aaf75ba9c0b52bd60fc273e0093147001e90ff5eb7316addf120 f1d9bcbc8f4381c4d6276dd0acd505b62550c086699aae268b514d1fe1414d79
CLIENT_TRAFFIC_SECRET_0 81145db3c981aaf75ba9c0b52bd60fc273e0093147001e90ff5eb7316addf120 5a3f1c327da7057a681f03569944bf1ba8373e814e1b4a429251835c98e0ef9b
SERVER_TRAFFIC_SECRET_0 81145db3c981aaf75ba9c0b52bd60fc273e0093147001e90ff5eb7316addf120 b5a48b156277cfbdaf80abb74ac36553c8833b3ff56034068471856829eb3ed8
EXPORTER_SECRET 81145db3c981aaf75ba9c0b52bd60fc273e0093147001e90ff5eb7316addf120 e99dffe7e8afb964cbcaaa622e4db24df20852905e8306b7cb61c22460e899f6
CLIENT_HANDSHAKE_TRAFFIC_SECRET b6ba98db04b842cf6ac96852b4a2ce267100cdb78ff605b1641de620c7126397 137b54c3fb0c9b5db55f3f8f9f1db9b2c5185d7d46008b50bd10c31efefce1c0
SERVER_HANDSHAKE_TRAFFIC_SECRET b6ba98db04b842cf6ac96852b4a2ce267100cdb78ff605b1641de620c7126397 ef46bdc70a2716de70cb71dc2be955839ad3968076268be7f665bea6b5555ae2
CLIENT_TRAFFIC_SECRET_0 b6ba98db04b842cf6ac96852b4a2ce267100cdb78ff605b1641de620c7126397 ef84e52869b4222232ce8c5958bf3a2032063dd13cdc48e7736e5a63146dfb71
SERVER_TRAFFIC_SECRET_0 b6ba98db04b842cf6ac96852b4a2ce267100cdb78ff605b1641de620c7126397 da593223dbaf392d8e72387a01e34814f0455fcd79f5f034a945a05d61da73ec
EXPORTER_SECRET b6ba98db04b842cf6ac96852b4a2ce267100cdb78ff605b1641de620c7126397 fab2e993fa1d9e3d3e52ce4d3d88a9488ff33d17de4e86db749d34ebc326ad48
CLIENT_RANDOM 256023de8990843924755e859f6cf06f215afb3e24df805b16c84cf8b215faed 62daab3c15e3b3fd50c5dce3bfd5a39991620c8c0c1d98f9b8fc99cfcd3555468b87e253caab25166d7ffd03aaf68c42
CLIENT_HANDSHAKE_TRAFFIC_SECRET 3f72ef4878ea01b1823fcb8b729d71262ebcf28735d64596b67dd0cf25d77796 fe2afa7e298dcb91d9c25466287411b3fd9baa52b83d0a8d7c9268ed47a49bfeebd31f7ddafbe9946d6ae7037637d431
SERVER_HANDSHAKE_TRAFFIC_SECRET 3f72ef4878ea01b1823fcb8b729d71262ebcf28735d64596b67dd0cf25d77796 3d5fa64d25a8270e13a1da282d0f14f70c60ea1ab48e1da4416b4225204dcf9f6c4e3370ba5eb7d93111f196a42051e9
CLIENT_TRAFFIC_SECRET_0 3f72ef4878ea01b1823fcb8b729d71262ebcf28735d64596b67dd0cf25d77796 d5507cd66cd4cfb3bf7e1291aa93f158cb14a3028966af718b85ec6ee2c6431fe642304f42c06fa08f4650de5558ea0a
SERVER_TRAFFIC_SECRET_0 3f72ef4878ea01b1823fcb8b729d71262ebcf28735d64596b67dd0cf25d77796 47eb0adc29164ead006803b754962adea9bb0e1d493ea30f6ca7f0fab6016dc7a09968b442bd2780c46e2985265a921b
EXPORTER_SECRET 3f72ef4878ea01b1823fcb8b729d71262ebcf28735d64596b67dd0cf25d77796 d382763d09931e44b8018c80ccb4f9a17429d99e9bcf62e52eb8a95f853cb678e5c6de279e67f7d3d7bd972a440d4b79
CLIENT_HANDSHAKE_TRAFFIC_SECRET 155cd1ca77a8eb5f35b8b7fca01034e17eb076aa1d2a8aec0b35766b0fb4ae76 0d814967d556d6c581b707ddab42f79597805d2c69675e4b97f9580132d5cd67
SERVER_HANDSHAKE_TRAFFIC_SECRET 155cd1ca77a8eb5f35b8b7fca01034e17eb076aa1d2a8aec0b35766b0fb4ae76 54eb265deb79c0d172571cc40c4c67612ab6d982dca6922ed97d45a3e7eadaab
CLIENT_TRAFFIC_SECRET_0 155cd1ca77a8eb5f35b8b7fca01034e17eb076aa1d2a8aec0b35766b0fb4ae76 1e4e7ea2455aff0fb5d3e53882e7c22d4c7ddeb530c3aba5327bb5e01c0694c9
SERVER_TRAFFIC_SECRET_0 155cd1ca77a8eb5f35b8b7fca01034e17eb076aa1d2a8aec0b35766b0fb4ae76 b3d1813a78390d304f418cc427be95c22dfafbf28bc99c9513be00ee6f344168
EXPORTER_SECRET 155cd1ca77a8eb5f35b8b7fca01034e17eb076aa1d2a8aec0b35766b0fb4ae76 35e6015597361ecf2d485e20154012d0b62e5edf24fb952c502282a6741977da
CLIENT_HANDSHAKE_TRAFFIC_SECRET 19ca1f9cb2305ca948c25e4d7ac0550cf6159c1786d979f5b95a70524f7d70a5 9bce3523cdea420ee5d2f2121e1dc748c6aa4b8d9c7b6a2ce3fe6385b09a498b
SERVER_HANDSHAKE_TRAFFIC_SECRET 19ca1f9cb2305ca948c25e4d7ac0550cf6159c1786d979f5b95a70524f7d70a5 b656e2b95216cdbe77ef3a159f3aae6c89f7f04d6bcbfaa5accf6e2e57c38729
CLIENT_TRAFFIC_SECRET_0 19ca1f9cb2305ca948c25e4d7ac0550cf6159c1786d979f5b95a70524f7d70a5 5c6ccc8e1ea43347aed42ec7b5644983ab43f9396ef0cc3a01146748d02f8636
SERVER_TRAFFIC_SECRET_0 19ca1f9cb2305ca948c25e4d7ac0550cf6159c1786d979f5b95a70524f7d70a5 dc21941ebdf2a0a395a2a55163228f972c43ce8007d3fc862d7e41310c589a17
EXPORTER_SECRET 19ca1f9cb2305ca948c25e4d7ac0550cf6159c1786d979f5b95a70524f7d70a5 70a64faa20855dc21499d847911d8d8d0bea694e3f45d76654d98df0fc15f34e
CLIENT_HANDSHAKE_TRAFFIC_SECRET efdf8db2a97ff460f1b05b2228f36b79f63f815a2fb1f8a2e3b35cf11f832377 ddca70cc54c9e732702307643966bb1584c7e26173034d07d66a4398650c10f9
SERVER_HANDSHAKE_TRAFFIC_SECRET efdf8db2a97ff460f1b05b2228f36b79f63f815a2fb1f8a2e3b35cf11f832377 c59b05ed0f3a5dbf87cbafe051a1a6c759b073062a3840521a58185c0c907412
CLIENT_TRAFFIC_SECRET_0 efdf8db2a97ff460f1b05b2228f36b79f63f815a2fb1f8a2e3b35cf11f832377 69d0a56fd9f2e10e542628adf81cdb85dc5bd302baa26dbae0ab1185c8ade032
SERVER_TRAFFIC_SECRET_0 efdf8db2a97ff460f1b05b2228f36b79f63f815a2fb1f8a2e3b35cf11f832377 05c5a8b5f14ff74390fc2dab92eadabb2489517c306339b4c2e1dd9c46d9eb9a
EXPORTER_SECRET efdf8db2a97ff460f1b05b2228f36b79f63f815a2fb1f8a2e3b35cf11f832377 25ed4bd8abc3f28779f960385e02d06e56541e8e4e44adad76a6694e8dcf341e
CLIENT_HANDSHAKE_TRAFFIC_SECRET dc0b67e6346e85f179dd1f868a38c404ee5f6726fa67e2ff58121944c018895d 4c292af80aa99c1e0373981650c8cb851f64087168800f4b6c410d9859976df0
SERVER_HANDSHAKE_TRAFFIC_SECRET dc0b67e6346e85f179dd1f868a38c404ee5f6726fa67e2ff58121944c018895d 6c461803f80e579f6503385fed882fe43b17177b15ed2ed9c901954501c870cc
CLIENT_TRAFFIC_SECRET_0 dc0b67e6346e85f179dd1f868a38c404ee5f6726fa67e2ff58121944c018895d f0a8ab4ac51a32122c2834c05b123723c9d59879bbc621c298fe5020ab4939d6
SERVER_TRAFFIC_SECRET_0 dc0b67e6346e85f179dd1f868a38c404ee5f6726fa67e2ff58121944c018895d ad30cee5862684cb29ba619f920f844a349aade8ad6f4b37d29f7ed475bf1607
EXPORTER_SECRET dc0b67e6346e85f179dd1f868a38c404ee5f6726fa67e2ff58121944c018895d a14083beb84717ed43c191bd7d017bb3b2c4b1b2255eee9a9ae424a4a42e988e
CLIENT_HANDSHAKE_TRAFFIC_SECRET 41198b42fe25673608e04c4c9b49540d09bb3c7836add74e268b2d1594852650 b63c5e8d37d06b19d43471aedafdd0bd12dc96ab9abb06ca3af6adb879881482
SERVER_HANDSHAKE_TRAFFIC_SECRET 41198b42fe25673608e04c4c9b49540d09bb3c7836add74e268b2d1594852650 0e7c20b942e80f9d8c29ee5992703cb9f39cef115810735c7d2713c58bc7407f
CLIENT_TRAFFIC_SECRET_0 41198b42fe25673608e04c4c9b49540d09bb3c7836add74e268b2d1594852650 e092ac774f1d6e46e9ea30035777a55c0eca63024bfd390963b12948942eccbb
SERVER_TRAFFIC_SECRET_0 41198b42fe25673608e04c4c9b49540d09bb3c7836add74e268b2d1594852650 48de183102668f3b6d741bd0e9c53591669fe495da305eba8dae90d0e8e3453e
EXPORTER_SECRET 41198b42fe25673608e04c4c9b49540d09bb3c7836add74e268b2d1594852650 e5298b9b1f469106910943f74c62f6f874f5f164b0235718c225a40535af96e7
CLIENT_RANDOM c56ed3755890f2a918a7e3d33cc3d757cab0a2d5f35dd0cbfd4487f325807f94 e8dc6fc2dc5423b6375d3f75e271b7203722c439ca02988ea3a1c700596fa25d0285d7cf42f29daaf60e1fe3a663398f
CLIENT_RANDOM d81541f227429ec49c333fc6f8ee96253bda38bd0ab190afe74c9611a286f943 07b5e50e277b90830dbf9a9eb551ad1696ec778a9876759f9da01b70c5afb66fba552e5e05192cdc2aefb0deb9edfd50
CLIENT_HANDSHAKE_TRAFFIC_SECRET 0b37783536ca32133a9a4d05fc7d7318c5bd3f7c2a9288335576ad0ed39154d6 4e4d3259c5291ed506f8e273885e7df75330bb79d05b47b6c4cf68e85ba0336b
SERVER_HANDSHAKE_TRAFFIC_SECRET 0b37783536ca32133a9a4d05fc7d7318c5bd3f7c2a9288335576ad0ed39154d6 9ecf60f38fda049074f4e20389a85297935b930a2d8e3fc6f6e5747f1a72e11a
CLIENT_TRAFFIC_SECRET_0 0b37783536ca32133a9a4d05fc7d7318c5bd3f7c2a9288335576ad0ed39154d6 7ecfac1d4b17d773bc2cfd330e3c79e7c5abf83851dde9391cb3114face6aa59
SERVER_TRAFFIC_SECRET_0 0b37783536ca32133a9a4d05fc7d7318c5bd3f7c2a9288335576ad0ed39154d6 0d4d0c04338bc8eadc7d411727d482856ea691117f7dbae4515663deed1ea4e3
EXPORTER_SECRET 0b37783536ca32133a9a4d05fc7d7318c5bd3f7c2a9288335576ad0ed39154d6 bd7d8446a5c13ade95350d2cffeadc5d1ee9d6db6c391550d60e687ffddf9f72
CLIENT_RANDOM 2888b458ac1f883889e19d4fb2703084e156ad2da1843e4e137273c4303ea1e8 9ff1c4a86caef74c2f6ecfc540dd98660378ed01897fd05fbd6edffb61ccabb017849bb644a40922d7774f7eed1e4672
CLIENT_HANDSHAKE_TRAFFIC_SECRET 298cf5973639fb503225cbe33e263ed9629add7adfe59bef66843705b5d2eba7 4ca6c3889d1154db8146dad5904b92f20ded24c47a16e60d9f11bd0393786ac1
SERVER_HANDSHAKE_TRAFFIC_SECRET 298cf5973639fb503225cbe33e263ed9629add7adfe59bef66843705b5d2eba7 81fa29c18c0f06939bee6494e8a47056f1e6ad29cadba436c6e09b580aec28fc
CLIENT_TRAFFIC_SECRET_0 298cf5973639fb503225cbe33e263ed9629add7adfe59bef66843705b5d2eba7 ae430b985686cf45f22649791c47f88e5df58e0f85f4e19f91ae396753ba36c5
SERVER_TRAFFIC_SECRET_0 298cf5973639fb503225cbe33e263ed9629add7adfe59bef66843705b5d2eba7 d926b1fb4a8669c417da73a83df0e184a2bc4735967f175a97c7b1f1a5263bc5
EXPORTER_SECRET 298cf5973639fb503225cbe33e263ed9629add7adfe59bef66843705b5d2eba7 4032c62c9b6f350c4059033d2e634f44d63aee8e3fe621f78bf81343ff233ca7
CLIENT_HANDSHAKE_TRAFFIC_SECRET f00a36c5f1a80f8361dc92084a4ee326c925412fa85c77d4a2a6243516c7b0e8 e27c068ae797b2bfeb77a36874f055be025093db89dc71a1567bd9fcbdf27501
SERVER_HANDSHAKE_TRAFFIC_SECRET f00a36c5f1a80f8361dc92084a4ee326c925412fa85c77d4a2a6243516c7b0e8 1690892d105f2d6eba18b6e4b04f9b060a11abb9e78a0ef176bb3f2715fce8ee
CLIENT_RANDOM 7fc705e8efc39b4cf937e57f70b77a420685b5f1454bff44531a2b9ffa4c9080 b3e3ed45594c861316095e5439ffe0f857ef63a7aeacc14387df7ace07db6ac36c5c991e67f267cc457539bc80860d51
CLIENT_TRAFFIC_SECRET_0 f00a36c5f1a80f8361dc92084a4ee326c925412fa85c77d4a2a6243516c7b0e8 1a93596facd4aedb30f6bd74e5a0242ea019adb31a9695fdb5375dfb3737cc32
SERVER_TRAFFIC_SECRET_0 f00a36c5f1a80f8361dc92084a4ee326c925412fa85c77d4a2a6243516c7b0e8 d0005d70b45cb606ab0786f1102e2f36c681a6c2c2e86abe80345d02fef9e7a0
EXPORTER_SECRET f00a36c5f1a80f8361dc92084a4ee326c925412fa85c77d4a2a6243516c7b0e8 f53ed067439044a26b53671b757ea369faeb6237e5b59d006181136636779555
CLIENT_HANDSHAKE_TRAFFIC_SECRET 3ef8b632ac417ccaf920bd788e6ac2197e1adc957c4f27aae827b2b37e7e088c 771858f25410d7241e1cad52b62fe898ed67bd23ae5c48d1bc935c6ceb9fd736
SERVER_HANDSHAKE_TRAFFIC_SECRET 3ef8b632ac417ccaf920bd788e6ac2197e1adc957c4f27aae827b2b37e7e088c fe52d694febd43ba08b06dd7de02a484403a49c96d04af52625ad0efe2f80fbd
CLIENT_TRAFFIC_SECRET_0 3ef8b632ac417ccaf920bd788e6ac2197e1adc957c4f27aae827b2b37e7e088c f7070568d9865eda8d9b26f7ff24092c0ebc4e312c37876c0c47ea546ac98e98
SERVER_TRAFFIC_SECRET_0 3ef8b632ac417ccaf920bd788e6ac2197e1adc957c4f27aae827b2b37e7e088c 35ece43e39e0863204f794e9359c9b0874bf0d9dbfa277a3601c511d0215e58f
EXPORTER_SECRET 3ef8b632ac417ccaf920bd788e6ac2197e1adc957c4f27aae827b2b37e7e088c 01f801224d2be9449281cb14e23f7c104b7267e2ada20d8b6aba521f99db3a67
CLIENT_HANDSHAKE_TRAFFIC_SECRET b752fe88da24158584c26d6a74cf54b649fcaa5aebab886a2066b28329fa05ea f3190d1f48c6e635d6aeab46cffbfcd5a7938a71a763b8abce99a92f0fefc2fa
SERVER_HANDSHAKE_TRAFFIC_SECRET b752fe88da24158584c26d6a74cf54b649fcaa5aebab886a2066b28329fa05ea bd3a90f601b8c183a576a572d0ea4fc4657ce6f90fd7469ceff65d830af2b86d
CLIENT_TRAFFIC_SECRET_0 b752fe88da24158584c26d6a74cf54b649fcaa5aebab886a2066b28329fa05ea 2c121ef25251463faec9f84d57be72056740da95590d77ed9b788adad0a5f7bd
SERVER_TRAFFIC_SECRET_0 b752fe88da24158584c26d6a74cf54b649fcaa5aebab886a2066b28329fa05ea 2fbf9d29520a3a7da2b639b7fd02c3a945a2fc8c710dbb1726dd3114de3fb1d8
EXPORTER_SECRET b752fe88da24158584c26d6a74cf54b649fcaa5aebab886a2066b28329fa05ea ca64c30c5afc136ec648787560dbf28fd4a03c4443bcdb2cf7c5982a6c2fee7b
CLIENT_RANDOM e734e4e5493d20eca26a9dd4afc47d41211fd775611e4ed713735a4d3b8ea2ec 63c22475bda6605fea404adcca1474cf1c96cd7da72e8e19c47cad9808cb6b9b9445190475e36faeaa988162591e7ba4
CLIENT_RANDOM be2d0819edbcf8122cfa4bd49562fe736ea58aa5e12ec839517442842b6ef27e c90eba0c35bc49fac7bf475497603152000076e62e38816782f01c08cc4c1bd9d440535f878d052ac64414540e876a77
