CLIENT_HANDSHAKE_TRAFFIC_SECRET 5ef9eed9f76bb18891f2c2e9b76ba68eebf8c04fa0bd34cb6c66da575f49e5e0 4ad7c7ed2c20765fbcec4df4da148bf8b4cfae97e658d8dca58ba9cae027bfec
SERVER_HANDSHAKE_TRAFFIC_SECRET 5ef9eed9f76bb18891f2c2e9b76ba68eebf8c04fa0bd34cb6c66da575f49e5e0 0fe8ef6acdf5aae4f3cef42bb0db1fbf72a140de07ead728837efae942eb56da
CLIENT_TRAFFIC_SECRET_0 5ef9eed9f76bb18891f2c2e9b76ba68eebf8c04fa0bd34cb6c66da575f49e5e0 69c8824a1eeb11b89a6089f1c66ff6540df0d45833972d658f7c8fee0efdc696
SERVER_TRAFFIC_SECRET_0 5ef9eed9f76bb18891f2c2e9b76ba68eebf8c04fa0bd34cb6c66da575f49e5e0 5189039570277dd5c961c21089b8a72d0d0e32ba826b9b4344b47491617f7ca0
EXPORTER_SECRET 5ef9eed9f76bb18891f2c2e9b76ba68eebf8c04fa0bd34cb6c66da575f49e5e0 7a3e429dbfb1733494d7d779987f43f2f47d422ab40f4e80e152804a62097887
CLIENT_HANDSHAKE_TRAFFIC_SECRET 7fc6a3184f0462d35005fa61823b31981dbf2db0ea14478a95b053f364b84119 fb75a967efae37a4339ed6b580d27b3a0ff822868b70a189fbedd2eb62c49508
SERVER_HANDSHAKE_TRAFFIC_SECRET 7fc6a3184f0462d35005fa61823b31981dbf2db0ea14478a95b053f364b84119 f50644c5f4b55eaa66cd440fdcc2298661cd11948cd64f7e8a2826c3ec289ce0
CLIENT_TRAFFIC_SECRET_0 7fc6a3184f0462d35005fa61823b31981dbf2db0ea14478a95b053f364b84119 b3c90fd1b40b8e2bb48fca8193d92e096d392bfad262896be1aad229bfe2c8ce
SERVER_TRAFFIC_SECRET_0 7fc6a3184f0462d35005fa61823b31981dbf2db0ea14478a95b053f364b84119 d5ec73dfb4a2b9d0356537fc2f9d998d829983dd001a54697d1530c69892d640
EXPORTER_SECRET 7fc6a3184f0462d35005fa61823b31981dbf2db0ea14478a95b053f364b84119 ba0033c81eb096b165d2d5c493ff1be8d1d5ed00fee8f0fca6de11f5d1841625
CLIENT_HANDSHAKE_TRAFFIC_SECRET 8d01a8cc7d3ec77c1fdd420bec6a12c9ca464b5a4721964ef1ed8b74a04b2736 8c7a96b4c81616dd72759e2e16559347d060bb493b8d4397f478843643f0af91
SERVER_HANDSHAKE_TRAFFIC_SECRET 8d01a8cc7d3ec77c1fdd420bec6a12c9ca464b5a4721964ef1ed8b74a04b2736 16f64191fc5c7ba4481b67d59f8501bfeec6d1eaae668d7e74be9b447f42adae
CLIENT_TRAFFIC_SECRET_0 8d01a8cc7d3ec77c1fdd420bec6a12c9ca464b5a4721964ef1ed8b74a04b2736 280103d1a56b967432d4f4e031f6b777e6d011e93f4dda5123212853c6b3e27a
SERVER_TRAFFIC_SECRET_0 8d01a8cc7d3ec77c1fdd420bec6a12c9ca464b5a4721964ef1ed8b74a04b2736 8b0e3becf898a267859d212de0ba78a3c1c2e6b557b956070cfd9a1498538074
EXPORTER_SECRET 8d01a8cc7d3ec77c1fdd420bec6a12c9ca464b5a4721964ef1ed8b74a04b2736 38a9f93a3ba8440e354e4ac0eec59fe8d76043f3214bc29b4155a597fda6e322
CLIENT_HANDSHAKE_TRAFFIC_SECRET 37c686cc486422b091d15a1f545bb5045422b3279e5fd9e448426cd2c8ad9e77 46b5c30e3412d0f3515a3dad3f8ca333ab6790d4cdc0ef1abfb2982630af332a
SERVER_HANDSHAKE_TRAFFIC_SECRET 37c686cc486422b091d15a1f545bb5045422b3279e5fd9e448426cd2c8ad9e77 588c056cb9c6525bcf838372b1b14e024d9529fba7a0ed1d9733008666105761
CLIENT_TRAFFIC_SECRET_0 37c686cc486422b091d15a1f545bb5045422b3279e5fd9e448426cd2c8ad9e77 a73f727fcab4b8fb2466f428737a5c00d9b2f5b253b6b906d8aa109788bf5791
SERVER_TRAFFIC_SECRET_0 37c686cc486422b091d15a1f545bb5045422b3279e5fd9e448426cd2c8ad9e77 151dff39c80443d1a3c2ddb7972a502190faed37850b656d3f036afa4e09dfea
EXPORTER_SECRET 37c686cc486422b091d15a1f545bb5045422b3279e5fd9e448426cd2c8ad9e77 c315e94cd9ff1b96f4f87f4024c1b344ad4b537ea650c76db3ce093ab877bd9d
CLIENT_HANDSHAKE_TRAFFIC_SECRET 530e855f679410136f566f8352ea9851de2f89ac2c214ab1ff22c430313a8bb3 5c237ee094c011ed2ae967f256e121faff7af54210bb87112061b72c790fdcd6
SERVER_HANDSHAKE_TRAFFIC_SECRET 530e855f679410136f566f8352ea9851de2f89ac2c214ab1ff22c430313a8bb3 eb0595d41cc69ddcfd4d0471eebcd6b833fada2b558e58dc05e6a6d5aea373f1
CLIENT_TRAFFIC_SECRET_0 530e855f679410136f566f8352ea9851de2f89ac2c214ab1ff22c430313a8bb3 efe1e82336b96afb03e3983865df42da1b05053493c2e63d59b8e95084f615e7
SERVER_TRAFFIC_SECRET_0 530e855f679410136f566f8352ea9851de2f89ac2c214ab1ff22c430313a8bb3 4196afc1b36c154591f23e7db099cdddb0393c76ca0a9fd69a9c124e97232175
EXPORTER_SECRET 530e855f679410136f566f8352ea9851de2f89ac2c214ab1ff22c430313a8bb3 10bad3b798be93f386d5665f10028a3bae54f1edc2fa1c6db7ca12d6e93ad95a
CLIENT_HANDSHAKE_TRAFFIC_SECRET 894df60e88888aebcce07894b4c443e60899efe1c17a7ab0126fa59274cc08f1 efa509c50bd131f55f3f0867e32af60b301bb0e7a18c99444e652350c3426725
SERVER_HANDSHAKE_TRAFFIC_SECRET 894df60e88888aebcce07894b4c443e60899efe1c17a7ab0126fa59274cc08f1 26bc7dcd357ebb4908bd9863298dce962eb27a57124e617326e3769df0d99938
CLIENT_TRAFFIC_SECRET_0 894df60e88888aebcce07894b4c443e60899efe1c17a7ab0126fa59274cc08f1 3fd9f5745434b99b97d2e8399aafa9f0283cd4fd38d8c726fae038dd1aa45585
SERVER_TRAFFIC_SECRET_0 894df60e88888aebcce07894b4c443e60899efe1c17a7ab0126fa59274cc08f1 c364ec089ec4d9144c9d174c49d4591b2a49a8a4e74cff1a907b5a0a969e8aad
EXPORTER_SECRET 894df60e88888aebcce07894b4c443e60899efe1c17a7ab0126fa59274cc08f1 27e23637592e4e7881b4edc6056aa09eeed30577b4c15be35dd73812b47750d5
CLIENT_HANDSHAKE_TRAFFIC_SECRET 81c92a7f4487a6159eb6b34b8a440fb485470f16cd2b5d4e80f7466d53f7ca40 fe884f7fd7e7a7e692ff004c3f951582d9d595e76a8d7d0c308b39d1d46d51b1
SERVER_HANDSHAKE_TRAFFIC_SECRET 81c92a7f4487a6159eb6b34b8a440fb485470f16cd2b5d4e80f7466d53f7ca40 261c304a65eae332b7cf748e2a0b6bc3c08785479c81f1461abd3bbbd4ca086f
CLIENT_TRAFFIC_SECRET_0 81c92a7f4487a6159eb6b34b8a440fb485470f16cd2b5d4e80f7466d53f7ca40 95af2c0c016d1e60288f3c00c2904394dcdc994cfdd36573caab66d494b2b2a2
SERVER_TRAFFIC_SECRET_0 81c92a7f4487a6159eb6b34b8a440fb485470f16cd2b5d4e80f7466d53f7ca40 d78e43a8a92153911e49dc30e5e15626fd90fe3dc222bee7d76e89e3f478ac63
EXPORTER_SECRET 81c92a7f4487a6159eb6b34b8a440fb485470f16cd2b5d4e80f7466d53f7ca40 7dd114424ed96654d01f8e12abbe9a1cb80c81f3b293795df4c1606e2e95b2ca
CLIENT_RANDOM b2ca5c2184e113dbac687fe4cea57fc8851c7e1e8524299c19d2287dcc5475cd 31dba00c430d1a6fd8de50ca0d07a51a5a37875e952df0c50f462f6480f577d5df1756e47cddd0324493c012752dbaa3
CLIENT_HANDSHAKE_TRAFFIC_SECRET 295a7eb31077e9372bc33b43a0f5af371725923660f36477ab18df7ff9494469 3e908413c22bfab576b2b081c05faf628bbbf8cdcc2007685b7bb8117589ac06
SERVER_HANDSHAKE_TRAFFIC_SECRET 295a7eb31077e9372bc33b43a0f5af371725923660f36477ab18df7ff9494469 03d639dda5f2a9460b6c297af52da2b19408ab0ba3931ee34c2ec462ccd13416
CLIENT_TRAFFIC_SECRET_0 295a7eb31077e9372bc33b43a0f5af371725923660f36477ab18df7ff9494469 dc339cfd71487587ab891d5e6c0c3902ce3a246446407131f8e060bbac1083cb
SERVER_TRAFFIC_SECRET_0 295a7eb31077e9372bc33b43a0f5af371725923660f36477ab18df7ff9494469 d0a92f06bd858e892f8640fc9abdc07668b54f18c934d32558b41756a2c15cb8
EXPORTER_SECRET 295a7eb31077e9372bc33b43a0f5af371725923660f36477ab18df7ff9494469 c12953fbc5cd6ffd721524b5ed63e3ceb933bd8e3f074cd1b78bcbf1912c6609
CLIENT_HANDSHAKE_TRAFFIC_SECRET 9290eaa406c3d8a0bb3fe3812f49030d5e13c93b0dba6af31088995c182336bc e5d7d6740aba038b60dfcfb2dfa13c47928ffcfe83272cd4d262189d19f4b63e
SERVER_HANDSHAKE_TRAFFIC_SECRET 9290eaa406c3d8a0bb3fe3812f49030d5e13c93b0dba6af31088995c182336bc d0f5b3c0a3da4fe143b62eeaab976e0c5c68bbb2e0bf90a991387933bae5a514
CLIENT_TRAFFIC_SECRET_0 9290eaa406c3d8a0bb3fe3812f49030d5e13c93b0dba6af31088995c182336bc b1496e55afe34aa4733e37786722c3e6af7f217e5eeb26ce4837588b62346c3d
SERVER_TRAFFIC_SECRET_0 9290eaa406c3d8a0bb3fe3812f49030d5e13c93b0dba6af31088995c182336bc 9333c08a9c3d256382a30c26e309bbeb38b5658d6234771b3efb9a3abcf72987
EXPORTER_SECRET 9290eaa406c3d8a0bb3fe3812f49030d5e13c93b0dba6af31088995c182336bc f16277c541f2052f5f6dc45361cf7bae09ab95a78d21e4cf972323144fc8f5f3
