Testing url 1/183: https://shahidlive.co/
Creating SSL keylog file...
Successfully created.
Starting capture for shahidlive.co, test dns #1
Successfully started capturing.
Starting DNS Tests...
Successfully ran DNS tests.
Starting capture for shahidlive.co, test pageload #1
tshark child process exited with code 0
Successfully started capturing.
Launching browser...
Navigating to page...
Puppeteer error:  net::ERR_CONNECTION_RESET at https://shahidlive.co/
Waiting 3682ms...
Testing url 2/183: https://katib.net/
Creating SSL keylog file...
Successfully created.
Starting capture for katib.net, test dns #1
tshark child process exited with code 0
Successfully started capturing.
Starting DNS Tests...
Successfully ran DNS tests.
Starting capture for katib.net, test pageload #1
tshark child process exited with code 0
Successfully started capturing.
Launching browser...
Navigating to page...
Puppeteer error:  net::ERR_CONNECTION_RESET at https://katib.net/
Waiting 2316ms...
Testing url 3/183: https://www.dailysabah.com/
Creating SSL keylog file...
Successfully created.
Starting capture for dailysabah.com, test dns #1
tshark child process exited with code 0
Successfully started capturing.
Starting DNS Tests...
Successfully ran DNS tests.
Starting capture for dailysabah.com, test pageload #1
tshark child process exited with code 0
Successfully started capturing.
Launching browser...
Navigating to page...
Puppeteer error:  net::ERR_CONNECTION_RESET at https://www.dailysabah.com/
Waiting 2332ms...
Testing url 4/183: http://www.avert.org/
Creating SSL keylog file...
Successfully created.
Starting capture for avert.org, test dns #1
tshark child process exited with code 0
Successfully started capturing.
Starting DNS Tests...
Successfully ran DNS tests.
Starting capture for avert.org, test pageload #1
tshark child process exited with code 0
Successfully started capturing.
Launching browser...
Navigating to page...
Capturing screenshot...
Success!
Waiting 2568ms...
Testing url 5/183: http://proxylisty.com/
Creating SSL keylog file...
Successfully created.
Starting capture for proxylisty.com, test dns #1
tshark child process exited with code 0
Successfully started capturing.
Starting DNS Tests...
Successfully ran DNS tests.
Starting capture for proxylisty.com, test pageload #1
tshark child process exited with code 0
Successfully started capturing.
Launching browser...
Navigating to page...
Capturing screenshot...
Success!
Waiting 3046ms...
Testing url 6/183: http://www.aljazeera.net
Creating SSL keylog file...
Successfully created.
Starting capture for aljazeera.net, test dns #1
tshark child process exited with code 0
Successfully started capturing.
Starting DNS Tests...
Error running DNS on default servers:  queryA ENODATA aljazeera.net
Successfully ran DNS tests.
Starting capture for aljazeera.net, test pageload #1
tshark child process exited with code 0
Successfully started capturing.
Launching browser...
Navigating to page...
Puppeteer error:  net::ERR_NAME_NOT_RESOLVED at http://www.aljazeera.net
Waiting 3607ms...
Testing url 7/183: http://www.bypasstool.gq
Creating SSL keylog file...
Successfully created.
Starting capture for bypasstool.gq, test dns #2
tshark child process exited with code 0
Successfully started capturing.
Starting DNS Tests...
Successfully ran DNS tests.
Starting capture for bypasstool.gq, test pageload #2
tshark child process exited with code 0
Successfully started capturing.
Launching browser...
Navigating to page...
Puppeteer error:  net::ERR_ADDRESS_UNREACHABLE at http://www.bypasstool.gq
Waiting 2462ms...
Testing url 8/183: http://studies.aljazeera.net/
Creating SSL keylog file...
Successfully created.
Starting capture for studies.aljazeera.net, test dns #2
tshark child process exited with code 0
Successfully started capturing.
Starting DNS Tests...
Error running DNS on default servers:  queryA ENODATA studies.aljazeera.net
Successfully ran DNS tests.
Starting capture for studies.aljazeera.net, test pageload #2
tshark child process exited with code 0
Successfully started capturing.
Launching browser...
Navigating to page...
Puppeteer error:  net::ERR_NAME_NOT_RESOLVED at http://studies.aljazeera.net/
Waiting 3816ms...
Testing url 9/183: http://egybest.pw
Creating SSL keylog file...
Successfully created.
Starting capture for egybest.pw, test dns #1
tshark child process exited with code 0
Successfully started capturing.
Starting DNS Tests...
Successfully ran DNS tests.
Starting capture for egybest.pw, test pageload #1
tshark child process exited with code 0
Successfully started capturing.
Launching browser...
Navigating to page...
Puppeteer error:  net::ERR_CONNECTION_RESET at http://egybest.pw
Waiting 2691ms...
Testing url 10/183: http://payu.in
Creating SSL keylog file...
Successfully created.
Starting capture for payu.in, test dns #1
tshark child process exited with code 0
Successfully started capturing.
Starting DNS Tests...
Successfully ran DNS tests.
Starting capture for payu.in, test pageload #1
tshark child process exited with code 0
Successfully started capturing.
Launching browser...
Navigating to page...
Capturing screenshot...
Success!
Waiting 3810ms...
Testing url 11/183: http://tejaratnews.com
Creating SSL keylog file...
Successfully created.
Starting capture for tejaratnews.com, test dns #1
tshark child process exited with code 0
Successfully started capturing.
Starting DNS Tests...
Successfully ran DNS tests.
Starting capture for tejaratnews.com, test pageload #1
tshark child process exited with code 0
Successfully started capturing.
Launching browser...
Navigating to page...
Capturing screenshot...
Success!
Waiting 3212ms...
Testing url 12/183: http://al-watan.com/
Creating SSL keylog file...
Successfully created.
Starting capture for al-watan.com, test dns #2
tshark child process exited with code 0
Successfully started capturing.
Starting DNS Tests...
Successfully ran DNS tests.
Starting capture for al-watan.com, test pageload #2
tshark child process exited with code 0
Successfully started capturing.
Launching browser...
Navigating to page...
Capturing screenshot...
Success!
Waiting 2655ms...
Testing url 13/183: https://www.raya.com/portal
Creating SSL keylog file...
Successfully created.
Starting capture for raya.com, test dns #3
tshark child process exited with code 0
Successfully started capturing.
Starting DNS Tests...
Successfully ran DNS tests.
Starting capture for raya.com, test pageload #3
tshark child process exited with code 0
Successfully started capturing.
Launching browser...
Navigating to page...
Puppeteer error:  net::ERR_CONNECTION_RESET at https://www.raya.com/portal
Waiting 2166ms...
Testing url 14/183: https://www.raya.com/
Creating SSL keylog file...
Successfully created.
Starting capture for raya.com, test dns #4
tshark child process exited with code 0
Successfully started capturing.
Starting DNS Tests...
Successfully ran DNS tests.
Starting capture for raya.com, test pageload #4
tshark child process exited with code 0
Successfully started capturing.
Launching browser...
Navigating to page...
Puppeteer error:  net::ERR_CONNECTION_RESET at https://www.raya.com/
Waiting 3256ms...
Testing url 15/183: https://sasapost.com/
Creating SSL keylog file...
Successfully created.
Starting capture for sasapost.com, test dns #1
tshark child process exited with code 0
Successfully started capturing.
Starting DNS Tests...
Successfully ran DNS tests.
Starting capture for sasapost.com, test pageload #1
tshark child process exited with code 0
Successfully started capturing.
Launching browser...
Navigating to page...
Puppeteer error:  net::ERR_CONNECTION_RESET at https://sasapost.com/
Waiting 3894ms...
Testing url 16/183: http://yanairgate.net/
Creating SSL keylog file...
Successfully created.
Starting capture for yanairgate.net, test dns #1
tshark child process exited with code 0
Successfully started capturing.
Starting DNS Tests...
Error running DNS on default servers:  queryA ENODATA yanairgate.net
Successfully ran DNS tests.
Starting capture for yanairgate.net, test pageload #1
tshark child process exited with code 0
Successfully started capturing.
Launching browser...
Navigating to page...
Puppeteer error:  net::ERR_NAME_NOT_RESOLVED at http://yanairgate.net/
Waiting 3516ms...
Testing url 17/183: http://www.akproxy.gq
Creating SSL keylog file...
Successfully created.
Starting capture for akproxy.gq, test dns #1
tshark child process exited with code 0
Successfully started capturing.
Starting DNS Tests...
Successfully ran DNS tests.
Starting capture for akproxy.gq, test pageload #1
tshark child process exited with code 0
Successfully started capturing.
Launching browser...
Navigating to page...
Capturing screenshot...
Success!
Waiting 2886ms...
Testing url 18/183: http://www.ikhwanonline.com
Creating SSL keylog file...
Successfully created.
Starting capture for ikhwanonline.com, test dns #2
tshark child process exited with code 0
Successfully started capturing.
Starting DNS Tests...
Error running DNS on default servers:  queryA ENODATA ikhwanonline.com
Successfully ran DNS tests.
Starting capture for ikhwanonline.com, test pageload #2
tshark child process exited with code 0
Successfully started capturing.
Launching browser...
Navigating to page...
Puppeteer error:  net::ERR_NAME_NOT_RESOLVED at http://www.ikhwanonline.com
Waiting 2278ms...
Testing url 19/183: http://de.lirio.us/
Creating SSL keylog file...
Successfully created.
Starting capture for de.lirio.us, test dns #1
tshark child process exited with code 0
Successfully started capturing.
Starting DNS Tests...
Successfully ran DNS tests.
Starting capture for de.lirio.us, test pageload #1
tshark child process exited with code 0
Successfully started capturing.
Launching browser...
Navigating to page...
Capturing screenshot...
Success!
Waiting 2153ms...
Testing url 20/183: https://al-akhbar.com/
Creating SSL keylog file...
Successfully created.
Starting capture for al-akhbar.com, test dns #3
tshark child process exited with code 0
Successfully started capturing.
Starting DNS Tests...
Error running DNS on default servers:  queryA ENODATA al-akhbar.com
Successfully ran DNS tests.
Starting capture for al-akhbar.com, test pageload #3
tshark child process exited with code 0
Successfully started capturing.
Launching browser...
Navigating to page...
Puppeteer error:  net::ERR_NAME_NOT_RESOLVED at https://al-akhbar.com/
Waiting 2916ms...
Testing url 21/183: https://www.ipvanish.com/
Creating SSL keylog file...
Successfully created.
Starting capture for ipvanish.com, test dns #1
tshark child process exited with code 0
Successfully started capturing.
Starting DNS Tests...
Successfully ran DNS tests.
Starting capture for ipvanish.com, test pageload #1
tshark child process exited with code 0
Successfully started capturing.
Launching browser...
Navigating to page...
Puppeteer error:  net::ERR_TIMED_OUT at https://www.ipvanish.com/
Waiting 2177ms...
Testing url 22/183: https://www.ampproject.org/
Creating SSL keylog file...
Successfully created.
Starting capture for ampproject.org, test dns #1
tshark child process exited with code 0
Successfully started capturing.
Starting DNS Tests...
Successfully ran DNS tests.
Starting capture for ampproject.org, test pageload #1
tshark child process exited with code 0
Successfully started capturing.
Launching browser...
Navigating to page...
Puppeteer error:  net::ERR_TIMED_OUT at https://www.ampproject.org/
Waiting 2417ms...
Testing url 23/183: http://thenewkhalij.org
Creating SSL keylog file...
Successfully created.
Starting capture for thenewkhalij.org, test dns #2
tshark child process exited with code 0
Successfully started capturing.
Starting DNS Tests...
Successfully ran DNS tests.
Starting capture for thenewkhalij.org, test pageload #2
tshark child process exited with code 0
Successfully started capturing.
Launching browser...
Navigating to page...
Puppeteer error:  net::ERR_CONNECTION_RESET at http://thenewkhalij.org
Waiting 2052ms...
Testing url 24/183: https://shadowsocks.org/
Creating SSL keylog file...
Successfully created.
Starting capture for shadowsocks.org, test dns #1
tshark child process exited with code 0
Successfully started capturing.
Starting DNS Tests...
Successfully ran DNS tests.
Starting capture for shadowsocks.org, test pageload #1
tshark child process exited with code 0
Successfully started capturing.
Launching browser...
Navigating to page...
Puppeteer error:  net::ERR_CONNECTION_RESET at https://shadowsocks.org/
Waiting 3034ms...
Testing url 25/183: https://www.masr11.com/
Creating SSL keylog file...
Successfully created.
Starting capture for masr11.com, test dns #1
tshark child process exited with code 0
Successfully started capturing.
Starting DNS Tests...
Successfully ran DNS tests.
Starting capture for masr11.com, test pageload #1
tshark child process exited with code 0
Successfully started capturing.
Launching browser...
Navigating to page...
Puppeteer error:  net::ERR_CONNECTION_RESET at https://www.masr11.com/
Waiting 3231ms...
Testing url 26/183: http://cencos.org/
Creating SSL keylog file...
Successfully created.
Starting capture for cencos.org, test dns #1
tshark child process exited with code 0
Successfully started capturing.
Starting DNS Tests...
Successfully ran DNS tests.
Starting capture for cencos.org, test pageload #1
tshark child process exited with code 0
Successfully started capturing.
Launching browser...
Navigating to page...
Puppeteer error:  net::ERR_CONNECTION_REFUSED at http://cencos.org/
Waiting 2767ms...
Testing url 27/183: http://www.us-proxy.org
Creating SSL keylog file...
Successfully created.
Starting capture for us-proxy.org, test dns #1
tshark child process exited with code 0
Successfully started capturing.
Starting DNS Tests...
Successfully ran DNS tests.
Starting capture for us-proxy.org, test pageload #1
tshark child process exited with code 0
Successfully started capturing.
Launching browser...
Navigating to page...
Capturing screenshot...
Success!
Waiting 3529ms...
Testing url 28/183: http://www.fj-p.com
Creating SSL keylog file...
Successfully created.
Starting capture for fj-p.com, test dns #1
tshark child process exited with code 0
Successfully started capturing.
Starting DNS Tests...
Error running DNS on default servers:  queryA ENODATA fj-p.com
Successfully ran DNS tests.
Starting capture for fj-p.com, test pageload #1
tshark child process exited with code 0
Successfully started capturing.
Launching browser...
Navigating to page...
Puppeteer error:  net::ERR_NAME_NOT_RESOLVED at http://www.fj-p.com
Waiting 3675ms...
Testing url 29/183: https://www.tunnelbear.com/
Creating SSL keylog file...
Successfully created.
Starting capture for tunnelbear.com, test dns #2
tshark child process exited with code 0
Successfully started capturing.
Starting DNS Tests...
Successfully ran DNS tests.
Starting capture for tunnelbear.com, test pageload #2
tshark child process exited with code 0
Successfully started capturing.
Launching browser...
Navigating to page...
Puppeteer error:  net::ERR_TIMED_OUT at https://www.tunnelbear.com/
Waiting 2520ms...
Testing url 30/183: https://medium.com/
Creating SSL keylog file...
Successfully created.
Starting capture for medium.com, test dns #2
tshark child process exited with code 0
Successfully started capturing.
Starting DNS Tests...
Successfully ran DNS tests.
Starting capture for medium.com, test pageload #2
tshark child process exited with code 0
Successfully started capturing.
Launching browser...
Navigating to page...
Puppeteer error:  net::ERR_CONNECTION_RESET at https://medium.com/
Waiting 2338ms...
Testing url 31/183: https://anhri.net/
Creating SSL keylog file...
Successfully created.
Starting capture for anhri.net, test dns #1
tshark child process exited with code 0
Successfully started capturing.
Starting DNS Tests...
Successfully ran DNS tests.
Starting capture for anhri.net, test pageload #1
tshark child process exited with code 0
Successfully started capturing.
Launching browser...
Navigating to page...
Puppeteer error:  net::ERR_CONNECTION_RESET at https://anhri.net/
Waiting 2339ms...
Testing url 32/183: https://www.alaraby.co.uk/portal
Creating SSL keylog file...
Successfully created.
Starting capture for alaraby.co.uk, test dns #1
tshark child process exited with code 0
Successfully started capturing.
Starting DNS Tests...
Error running DNS on default servers:  queryA ENODATA alaraby.co.uk
Successfully ran DNS tests.
Starting capture for alaraby.co.uk, test pageload #1
tshark child process exited with code 0
Successfully started capturing.
Launching browser...
Navigating to page...
Puppeteer error:  net::ERR_NAME_NOT_RESOLVED at https://www.alaraby.co.uk/portal
Waiting 3891ms...
Testing url 33/183: http://steadyproxy.ga
Creating SSL keylog file...
Successfully created.
Starting capture for steadyproxy.ga, test dns #1
tshark child process exited with code 0
Successfully started capturing.
Starting DNS Tests...
Successfully ran DNS tests.
Starting capture for steadyproxy.ga, test pageload #1
tshark child process exited with code 0
Successfully started capturing.
Launching browser...
Navigating to page...
Capturing screenshot...
Success!
Waiting 2094ms...
Testing url 34/183: http://ok.ru
Creating SSL keylog file...
Successfully created.
Starting capture for ok.ru, test dns #1
tshark child process exited with code 0
Successfully started capturing.
Starting DNS Tests...
Successfully ran DNS tests.
Starting capture for ok.ru, test pageload #1
tshark child process exited with code 0
Successfully started capturing.
Launching browser...
Navigating to page...
Puppeteer error:  net::ERR_TIMED_OUT at http://ok.ru
Waiting 2965ms...
Testing url 35/183: http://studies.aljazeera.net
Creating SSL keylog file...
Successfully created.
Starting capture for studies.aljazeera.net, test dns #3
tshark child process exited with code 0
Successfully started capturing.
Starting DNS Tests...
Error running DNS on default servers:  queryA ENODATA studies.aljazeera.net
Successfully ran DNS tests.
Starting capture for studies.aljazeera.net, test pageload #3
tshark child process exited with code 0
Successfully started capturing.
Launching browser...
Navigating to page...
Puppeteer error:  net::ERR_NAME_NOT_RESOLVED at http://studies.aljazeera.net
Waiting 2034ms...
Testing url 36/183: http://ahmedgamalziada.blogspot.com.eg
Creating SSL keylog file...
Successfully created.
Starting capture for ahmedgamalziada.blogspot.com.eg, test dns #1
tshark child process exited with code 0
Successfully started capturing.
Starting DNS Tests...
Successfully ran DNS tests.
Starting capture for ahmedgamalziada.blogspot.com.eg, test pageload #1
tshark child process exited with code 0
Successfully started capturing.
Launching browser...
Navigating to page...
Puppeteer error:  Navigation timeout of 60000 ms exceeded
Waiting 3611ms...
Testing url 37/183: http://www.on-instant.com/
Creating SSL keylog file...
Successfully created.
Starting capture for on-instant.com, test dns #1
tshark child process exited with code 0
Successfully started capturing.
Starting DNS Tests...
Successfully ran DNS tests.
Starting capture for on-instant.com, test pageload #1
tshark child process exited with code 0
Successfully started capturing.
Launching browser...
Navigating to page...
Capturing screenshot...
Success!
Waiting 3629ms...
Testing url 38/183: http://healthline.com
Creating SSL keylog file...
Successfully created.
Starting capture for healthline.com, test dns #1
tshark child process exited with code 0
Successfully started capturing.
Starting DNS Tests...
Successfully ran DNS tests.
Starting capture for healthline.com, test pageload #1
tshark child process exited with code 0
Successfully started capturing.
Launching browser...
Navigating to page...
Capturing screenshot...
Success!
Waiting 3094ms...
Testing url 39/183: http://egybest.co
Creating SSL keylog file...
Successfully created.
Starting capture for egybest.co, test dns #1
tshark child process exited with code 0
Successfully started capturing.
Starting DNS Tests...
Successfully ran DNS tests.
Starting capture for egybest.co, test pageload #1
tshark child process exited with code 0
Successfully started capturing.
Launching browser...
Navigating to page...
Puppeteer error:  net::ERR_CONNECTION_RESET at http://egybest.co
Waiting 3370ms...
Testing url 40/183: https://cyberghostvpn.com/
Creating SSL keylog file...
Successfully created.
Starting capture for cyberghostvpn.com, test dns #2
tshark child process exited with code 0
Successfully started capturing.
Starting DNS Tests...
Successfully ran DNS tests.
Starting capture for cyberghostvpn.com, test pageload #2
tshark child process exited with code 0
Successfully started capturing.
Launching browser...
Navigating to page...
Puppeteer error:  net::ERR_TIMED_OUT at https://cyberghostvpn.com/
Waiting 3006ms...
Testing url 41/183: http://elbadil.com
Creating SSL keylog file...
Successfully created.
Starting capture for elbadil.com, test dns #2
tshark child process exited with code 0
Successfully started capturing.
Starting DNS Tests...
Successfully ran DNS tests.
Starting capture for elbadil.com, test pageload #2
tshark child process exited with code 0
Successfully started capturing.
Launching browser...
Navigating to page...
Puppeteer error:  net::ERR_CONNECTION_RESET at http://elbadil.com
Waiting 3995ms...
Testing url 42/183: http://balkans.aljazeera.net
Creating SSL keylog file...
Successfully created.
Starting capture for balkans.aljazeera.net, test dns #2
tshark child process exited with code 0
Successfully started capturing.
Starting DNS Tests...
Error running DNS on default servers:  queryA ENODATA balkans.aljazeera.net
Successfully ran DNS tests.
Starting capture for balkans.aljazeera.net, test pageload #2
tshark child process exited with code 0
Successfully started capturing.
Launching browser...
Navigating to page...
Puppeteer error:  net::ERR_NAME_NOT_RESOLVED at http://balkans.aljazeera.net
Waiting 2985ms...
Testing url 43/183: http://socialnewpages.com
Creating SSL keylog file...
Successfully created.
Starting capture for socialnewpages.com, test dns #1
tshark child process exited with code 0
Successfully started capturing.
Starting DNS Tests...
Successfully ran DNS tests.
Starting capture for socialnewpages.com, test pageload #1
tshark child process exited with code 0
Successfully started capturing.
Launching browser...
Navigating to page...
Capturing screenshot...
Success!
Waiting 2685ms...
Testing url 44/183: https://rsf.org/
Creating SSL keylog file...
Successfully created.
Starting capture for rsf.org, test dns #1
tshark child process exited with code 0
Successfully started capturing.
Starting DNS Tests...
Successfully ran DNS tests.
Starting capture for rsf.org, test pageload #1
tshark child process exited with code 0
Successfully started capturing.
Launching browser...
Navigating to page...
Puppeteer error:  net::ERR_CONNECTION_RESET at https://rsf.org/
Waiting 3208ms...
Testing url 45/183: https://www.thepeninsulaqatar.com/
Creating SSL keylog file...
Successfully created.
Starting capture for thepeninsulaqatar.com, test dns #2
tshark child process exited with code 0
Successfully started capturing.
Starting DNS Tests...
Successfully ran DNS tests.
Starting capture for thepeninsulaqatar.com, test pageload #2
tshark child process exited with code 0
Successfully started capturing.
Launching browser...
Navigating to page...
Puppeteer error:  net::ERR_CONNECTION_RESET at https://www.thepeninsulaqatar.com/
Waiting 2983ms...
Testing url 46/183: https://turk.life/
Creating SSL keylog file...
Successfully created.
Starting capture for turk.life, test dns #1
tshark child process exited with code 0
Successfully started capturing.
Starting DNS Tests...
Successfully ran DNS tests.
Starting capture for turk.life, test pageload #1
tshark child process exited with code 0
Successfully started capturing.
Launching browser...
Navigating to page...
Puppeteer error:  net::ERR_CONNECTION_RESET at https://turk.life/
Waiting 2421ms...
Testing url 47/183: http://medium.com
Creating SSL keylog file...
Successfully created.
Starting capture for medium.com, test dns #3
tshark child process exited with code 0
Successfully started capturing.
Starting DNS Tests...
Successfully ran DNS tests.
Starting capture for medium.com, test pageload #3
tshark child process exited with code 0
Successfully started capturing.
Launching browser...
Navigating to page...
Puppeteer error:  net::ERR_CONNECTION_RESET at http://medium.com
Waiting 2176ms...
Testing url 48/183: http://masreiat.com/
Creating SSL keylog file...
Successfully created.
Starting capture for masreiat.com, test dns #2
tshark child process exited with code 0
Successfully started capturing.
Starting DNS Tests...
Successfully ran DNS tests.
Starting capture for masreiat.com, test pageload #2
tshark child process exited with code 0
Successfully started capturing.
Launching browser...
Navigating to page...
Puppeteer error:  net::ERR_CONNECTION_RESET at http://masreiat.com/
Waiting 3732ms...
Testing url 49/183: https://www.twitch.tv/
Creating SSL keylog file...
Successfully created.
Starting capture for twitch.tv, test dns #1
tshark child process exited with code 0
Successfully started capturing.
Starting DNS Tests...
Successfully ran DNS tests.
Starting capture for twitch.tv, test pageload #1
tshark child process exited with code 0
Successfully started capturing.
Launching browser...
Navigating to page...
Capturing screenshot...
Success!
Waiting 2957ms...
Testing url 50/183: https://sport.aljazeera.net/
Creating SSL keylog file...
Successfully created.
Starting capture for sport.aljazeera.net, test dns #1
tshark child process exited with code 0
Successfully started capturing.
Starting DNS Tests...
Error running DNS on default servers:  queryA ENODATA sport.aljazeera.net
Successfully ran DNS tests.
Starting capture for sport.aljazeera.net, test pageload #1
tshark child process exited with code 0
Successfully started capturing.
Launching browser...
Navigating to page...
Puppeteer error:  net::ERR_NAME_NOT_RESOLVED at https://sport.aljazeera.net/
Waiting 2912ms...
Testing url 51/183: https://jeem.me/
Creating SSL keylog file...
Successfully created.
Starting capture for jeem.me, test dns #1
tshark child process exited with code 0
Successfully started capturing.
Starting DNS Tests...
Successfully ran DNS tests.
Starting capture for jeem.me, test pageload #1
tshark child process exited with code 0
Successfully started capturing.
Launching browser...
Navigating to page...
Puppeteer error:  net::ERR_CONNECTION_RESET at https://jeem.me/
Waiting 2458ms...
Testing url 52/183: https://vwv.almanassa.net/ar/
Creating SSL keylog file...
Successfully created.
Starting capture for vwv.almanassa.net, test dns #1
tshark child process exited with code 0
Successfully started capturing.
Starting DNS Tests...
Successfully ran DNS tests.
Starting capture for vwv.almanassa.net, test pageload #1
tshark child process exited with code 0
Successfully started capturing.
Launching browser...
Navigating to page...
Puppeteer error:  net::ERR_CONNECTION_RESET at https://vwv.almanassa.net/ar/
Waiting 2713ms...
Testing url 53/183: http://www.alalam.ir
Creating SSL keylog file...
Successfully created.
Starting capture for alalam.ir, test dns #1
tshark child process exited with code 0
Successfully started capturing.
Starting DNS Tests...
Successfully ran DNS tests.
Starting capture for alalam.ir, test pageload #1
tshark child process exited with code 0
Successfully started capturing.
Launching browser...
Navigating to page...
Puppeteer error:  net::ERR_TIMED_OUT at http://www.alalam.ir
Waiting 2072ms...
Testing url 54/183: https://www.al-sharq.com/
Creating SSL keylog file...
Successfully created.
Starting capture for al-sharq.com, test dns #2
tshark child process exited with code 0
Successfully started capturing.
Starting DNS Tests...
Successfully ran DNS tests.
Starting capture for al-sharq.com, test pageload #2
tshark child process exited with code 0
Successfully started capturing.
Launching browser...
Navigating to page...
Puppeteer error:  net::ERR_CONNECTION_RESET at https://www.al-sharq.com/
Waiting 3957ms...
Testing url 55/183: http://www.watanserb.com
Creating SSL keylog file...
Successfully created.
Starting capture for watanserb.com, test dns #1
tshark child process exited with code 0
Successfully started capturing.
Starting DNS Tests...
Successfully ran DNS tests.
Starting capture for watanserb.com, test pageload #1
tshark child process exited with code 0
Successfully started capturing.
Launching browser...
Navigating to page...
Puppeteer error:  net::ERR_CONNECTION_RESET at http://www.watanserb.com
Waiting 2317ms...
Testing url 56/183: https://madamirror19.appspot.com/madamasr.com/
Creating SSL keylog file...
Successfully created.
Starting capture for madamirror19.appspot.com, test dns #1
tshark child process exited with code 0
Successfully started capturing.
Starting DNS Tests...
Successfully ran DNS tests.
Starting capture for madamirror19.appspot.com, test pageload #1
tshark child process exited with code 0
Successfully started capturing.
Launching browser...
Navigating to page...
Puppeteer error:  net::ERR_CONNECTION_RESET at https://madamirror19.appspot.com/madamasr.com/
Waiting 2266ms...
Testing url 57/183: http://alwafd.news
Creating SSL keylog file...
Successfully created.
Starting capture for alwafd.news, test dns #1
tshark child process exited with code 0
Successfully started capturing.
Starting DNS Tests...
Successfully ran DNS tests.
Starting capture for alwafd.news, test pageload #1
tshark child process exited with code 0
Successfully started capturing.
Launching browser...
Navigating to page...
Capturing screenshot...
Success!
Waiting 2340ms...
Testing url 58/183: https://thenewkhalij.org/
Creating SSL keylog file...
Successfully created.
Starting capture for thenewkhalij.org, test dns #3
tshark child process exited with code 0
Successfully started capturing.
Starting DNS Tests...
Successfully ran DNS tests.
Starting capture for thenewkhalij.org, test pageload #3
tshark child process exited with code 0
Successfully started capturing.
Launching browser...
Navigating to page...
Puppeteer error:  net::ERR_CONNECTION_RESET at https://thenewkhalij.org/
Waiting 2272ms...
Testing url 59/183: http://institute.aljazeera.net
Creating SSL keylog file...
Successfully created.
Starting capture for institute.aljazeera.net, test dns #2
tshark child process exited with code 0
Successfully started capturing.
Starting DNS Tests...
Error running DNS on default servers:  queryA ENODATA institute.aljazeera.net
Successfully ran DNS tests.
Starting capture for institute.aljazeera.net, test pageload #2
tshark child process exited with code 0
Successfully started capturing.
Launching browser...
Navigating to page...
Puppeteer error:  net::ERR_NAME_NOT_RESOLVED at http://institute.aljazeera.net
Waiting 2566ms...
tshark child process exited with code 0
Testing url 60/183: http://hrw.org
Creating SSL keylog file...
Successfully created.
Starting capture for hrw.org, test dns #1
Successfully started capturing.
Starting DNS Tests...
Successfully ran DNS tests.
Starting capture for hrw.org, test pageload #1
tshark child process exited with code 0
Successfully started capturing.
Launching browser...
Navigating to page...
Capturing screenshot...
Success!
Waiting 3784ms...
Testing url 61/183: https://www.miraclelingerie.ae/
Creating SSL keylog file...
Successfully created.
Starting capture for miraclelingerie.ae, test dns #1
tshark child process exited with code 0
Successfully started capturing.
Starting DNS Tests...
Successfully ran DNS tests.
Starting capture for miraclelingerie.ae, test pageload #1
tshark child process exited with code 0
Successfully started capturing.
Launching browser...
Navigating to page...
Puppeteer error:  net::ERR_NAME_NOT_RESOLVED at https://www.miraclelingerie.ae/
Waiting 2267ms...
Testing url 62/183: http://vodafone.com.eg
Creating SSL keylog file...
Successfully created.
Starting capture for vodafone.com.eg, test dns #1
tshark child process exited with code 0
Successfully started capturing.
Starting DNS Tests...
Error running DNS on default servers:  queryA ETIMEOUT vodafone.com.eg
Successfully ran DNS tests.
Starting capture for vodafone.com.eg, test pageload #1
tshark child process exited with code 0
Successfully started capturing.
Launching browser...
Puppeteer error:  Timed out after 30000 ms while trying to connect to the browser! Only Chrome at revision r856583 is guaranteed to work.
Waiting 2714ms...
Testing url 63/183: https://raseef22.com/
Creating SSL keylog file...
Successfully created.
Starting capture for raseef22.com, test dns #1
tshark child process exited with code 0
Successfully started capturing.
Starting DNS Tests...
Successfully ran DNS tests.
Starting capture for raseef22.com, test pageload #1
tshark child process exited with code 0
Successfully started capturing.
Launching browser...
Puppeteer error:  Timed out after 30000 ms while trying to connect to the browser! Only Chrome at revision r856583 is guaranteed to work.
Waiting 2990ms...
tshark child process exited with code 0
Testing url 64/183: https://www.arabseed.tv/
Creating SSL keylog file...
Successfully created.
Starting capture for arabseed.tv, test dns #1
Successfully started capturing.
Starting DNS Tests...
Successfully ran DNS tests.
Starting capture for arabseed.tv, test pageload #1
tshark child process exited with code 0
Successfully started capturing.
Launching browser...
Navigating to page...
Puppeteer error:  net::ERR_CONNECTION_RESET at https://www.arabseed.tv/
Waiting 2836ms...
Testing url 65/183: http://bypasstool.gq/
Creating SSL keylog file...
Successfully created.
Starting capture for bypasstool.gq, test dns #3
tshark child process exited with code 0
Successfully started capturing.
Starting DNS Tests...
Successfully ran DNS tests.
Starting capture for bypasstool.gq, test pageload #3
tshark child process exited with code 0
Successfully started capturing.
Launching browser...
Navigating to page...
Puppeteer error:  net::ERR_NAME_NOT_RESOLVED at http://bypasstool.gq/
Waiting 3738ms...
tshark child process exited with code 0
Testing url 66/183: http://www.2fastsurfer.com
Creating SSL keylog file...
Successfully created.
Starting capture for 2fastsurfer.com, test dns #1
Successfully started capturing.
Starting DNS Tests...
Successfully ran DNS tests.
Starting capture for 2fastsurfer.com, test pageload #1
Successfully started capturing.
Launching browser...
tshark child process exited with code 0
Navigating to page...
Puppeteer error:  net::ERR_NAME_NOT_RESOLVED at http://www.2fastsurfer.com
Waiting 3090ms...
tshark child process exited with code 0
Testing url 67/183: https://www.series4watch.online/
Creating SSL keylog file...
Successfully created.
Starting capture for series4watch.online, test dns #1
Successfully started capturing.
Starting DNS Tests...
Successfully ran DNS tests.
Starting capture for series4watch.online, test pageload #1
tshark child process exited with code 0
Successfully started capturing.
Launching browser...
Navigating to page...
Puppeteer error:  net::ERR_NAME_NOT_RESOLVED at https://www.series4watch.online/
Waiting 3633ms...
Testing url 68/183: https://www.alalamtv.net/
Creating SSL keylog file...
Successfully created.
Starting capture for alalamtv.net, test dns #1
tshark child process exited with code 0
Successfully started capturing.
Starting DNS Tests...
Successfully ran DNS tests.
Starting capture for alalamtv.net, test pageload #1
tshark child process exited with code 0
Successfully started capturing.
Launching browser...
Navigating to page...
Puppeteer error:  net::ERR_TIMED_OUT at https://www.alalamtv.net/
Waiting 2949ms...
Testing url 69/183: http://www.webproxy.to
Creating SSL keylog file...
Successfully created.
Starting capture for webproxy.to, test dns #1
tshark child process exited with code 0
Successfully started capturing.
Starting DNS Tests...
Successfully ran DNS tests.
Starting capture for webproxy.to, test pageload #1
tshark child process exited with code 0
Successfully started capturing.
Launching browser...
Navigating to page...
