Testing url 1/183: https://shahidlive.co/
Creating SSL keylog file...
Successfully created.
Starting capture for shahidlive.co, test dns #0
Successfully started capturing.
Starting DNS Tests...
Successfully ran DNS tests.
Starting capture for shahidlive.co, test pageload #0
tshark child process exited with code 0
Successfully started capturing.
Launching browser...
Navigating to page...
Puppeteer error:  net::ERR_CONNECTION_RESET at https://shahidlive.co/
Waiting 3624ms...
Testing url 2/183: https://katib.net/
Creating SSL keylog file...
Successfully created.
Starting capture for katib.net, test dns #0
tshark child process exited with code 0
Successfully started capturing.
Starting DNS Tests...
Successfully ran DNS tests.
Starting capture for katib.net, test pageload #0
tshark child process exited with code 0
Successfully started capturing.
Launching browser...
Navigating to page...
Puppeteer error:  net::ERR_CONNECTION_RESET at https://katib.net/
Waiting 3185ms...
Testing url 3/183: https://www.dailysabah.com/
Creating SSL keylog file...
Successfully created.
Starting capture for dailysabah.com, test dns #0
tshark child process exited with code 0
Successfully started capturing.
Starting DNS Tests...
Successfully ran DNS tests.
Starting capture for dailysabah.com, test pageload #0
tshark child process exited with code 0
Successfully started capturing.
Launching browser...
Navigating to page...
Puppeteer error:  net::ERR_CONNECTION_RESET at https://www.dailysabah.com/
Waiting 2378ms...
Testing url 4/183: http://www.avert.org/
Creating SSL keylog file...
Successfully created.
Starting capture for avert.org, test dns #0
tshark child process exited with code 0
Successfully started capturing.
Starting DNS Tests...
Successfully ran DNS tests.
Starting capture for avert.org, test pageload #0
tshark child process exited with code 0
Successfully started capturing.
Launching browser...
Navigating to page...
Capturing screenshot...
Success!
Waiting 3838ms...
Testing url 5/183: http://proxylisty.com/
Creating SSL keylog file...
Successfully created.
Starting capture for proxylisty.com, test dns #0
tshark child process exited with code 0
Successfully started capturing.
Starting DNS Tests...
Successfully ran DNS tests.
Starting capture for proxylisty.com, test pageload #0
tshark child process exited with code 0
Successfully started capturing.
Launching browser...
Navigating to page...
Capturing screenshot...
Success!
Waiting 2210ms...
Testing url 6/183: http://www.aljazeera.net
Creating SSL keylog file...
Successfully created.
Starting capture for aljazeera.net, test dns #0
tshark child process exited with code 0
Successfully started capturing.
Starting DNS Tests...
Error running DNS on default servers:  queryA ENODATA aljazeera.net
Successfully ran DNS tests.
Starting capture for aljazeera.net, test pageload #0
tshark child process exited with code 0
Successfully started capturing.
Launching browser...
Navigating to page...
Puppeteer error:  net::ERR_NAME_NOT_RESOLVED at http://www.aljazeera.net
Waiting 3551ms...
Testing url 7/183: http://www.bypasstool.gq
Creating SSL keylog file...
Successfully created.
Starting capture for bypasstool.gq, test dns #0
tshark child process exited with code 0
Successfully started capturing.
Starting DNS Tests...
Successfully ran DNS tests.
Starting capture for bypasstool.gq, test pageload #0
tshark child process exited with code 0
Successfully started capturing.
Launching browser...
Navigating to page...
Puppeteer error:  net::ERR_ADDRESS_UNREACHABLE at http://www.bypasstool.gq
Waiting 2216ms...
Testing url 8/183: http://studies.aljazeera.net/
Creating SSL keylog file...
Successfully created.
Starting capture for studies.aljazeera.net, test dns #0
tshark child process exited with code 0
Successfully started capturing.
Starting DNS Tests...
Error running DNS on default servers:  queryA ENODATA studies.aljazeera.net
Successfully ran DNS tests.
Starting capture for studies.aljazeera.net, test pageload #0
tshark child process exited with code 0
Successfully started capturing.
Launching browser...
Navigating to page...
Puppeteer error:  net::ERR_NAME_NOT_RESOLVED at http://studies.aljazeera.net/
Waiting 3396ms...
Testing url 9/183: http://egybest.pw
Creating SSL keylog file...
Successfully created.
Starting capture for egybest.pw, test dns #0
tshark child process exited with code 0
Successfully started capturing.
Starting DNS Tests...
Successfully ran DNS tests.
Starting capture for egybest.pw, test pageload #0
tshark child process exited with code 0
Successfully started capturing.
Launching browser...
Navigating to page...
Puppeteer error:  net::ERR_CONNECTION_RESET at http://egybest.pw
Waiting 2336ms...
Testing url 10/183: http://payu.in
Creating SSL keylog file...
Successfully created.
Starting capture for payu.in, test dns #0
tshark child process exited with code 0
Successfully started capturing.
Starting DNS Tests...
Successfully ran DNS tests.
Starting capture for payu.in, test pageload #0
tshark child process exited with code 0
Successfully started capturing.
Launching browser...
Navigating to page...
Capturing screenshot...
Success!
Waiting 2760ms...
Testing url 11/183: http://tejaratnews.com
Creating SSL keylog file...
Successfully created.
Starting capture for tejaratnews.com, test dns #0
tshark child process exited with code 0
Successfully started capturing.
Starting DNS Tests...
Successfully ran DNS tests.
Starting capture for tejaratnews.com, test pageload #0
tshark child process exited with code 0
Successfully started capturing.
Launching browser...
Navigating to page...
Capturing screenshot...
Success!
Waiting 3743ms...
Testing url 12/183: http://al-watan.com/
Creating SSL keylog file...
Successfully created.
Starting capture for al-watan.com, test dns #0
tshark child process exited with code 0
Successfully started capturing.
Starting DNS Tests...
Successfully ran DNS tests.
Starting capture for al-watan.com, test pageload #0
tshark child process exited with code 0
Successfully started capturing.
Launching browser...
Navigating to page...
Puppeteer error:  Navigation timeout of 60000 ms exceeded
Waiting 2840ms...
Testing url 13/183: https://www.raya.com/portal
Creating SSL keylog file...
Successfully created.
Starting capture for raya.com, test dns #0
tshark child process exited with code 0
Successfully started capturing.
Starting DNS Tests...
Successfully ran DNS tests.
Starting capture for raya.com, test pageload #0
tshark child process exited with code 0
Successfully started capturing.
Launching browser...
Navigating to page...
Puppeteer error:  net::ERR_CONNECTION_RESET at https://www.raya.com/portal
Waiting 2263ms...
Testing url 14/183: https://www.raya.com/
Creating SSL keylog file...
Successfully created.
Starting capture for raya.com, test dns #1
tshark child process exited with code 0
Successfully started capturing.
Starting DNS Tests...
Successfully ran DNS tests.
Starting capture for raya.com, test pageload #1
tshark child process exited with code 0
Successfully started capturing.
Launching browser...
Navigating to page...
Puppeteer error:  net::ERR_CONNECTION_RESET at https://www.raya.com/
Waiting 3029ms...
Testing url 15/183: https://sasapost.com/
Creating SSL keylog file...
Successfully created.
Starting capture for sasapost.com, test dns #0
tshark child process exited with code 0
Successfully started capturing.
Starting DNS Tests...
Successfully ran DNS tests.
Starting capture for sasapost.com, test pageload #0
tshark child process exited with code 0
Successfully started capturing.
Launching browser...
Navigating to page...
Puppeteer error:  net::ERR_CONNECTION_RESET at https://sasapost.com/
Waiting 2263ms...
Testing url 16/183: http://yanairgate.net/
Creating SSL keylog file...
Successfully created.
Starting capture for yanairgate.net, test dns #0
tshark child process exited with code 0
Successfully started capturing.
Starting DNS Tests...
Error running DNS on default servers:  queryA ENODATA yanairgate.net
Successfully ran DNS tests.
Starting capture for yanairgate.net, test pageload #0
tshark child process exited with code 0
Successfully started capturing.
Launching browser...
Navigating to page...
Puppeteer error:  net::ERR_NAME_NOT_RESOLVED at http://yanairgate.net/
Waiting 2410ms...
Testing url 17/183: http://www.akproxy.gq
Creating SSL keylog file...
Successfully created.
Starting capture for akproxy.gq, test dns #0
tshark child process exited with code 0
Successfully started capturing.
Starting DNS Tests...
Successfully ran DNS tests.
Starting capture for akproxy.gq, test pageload #0
tshark child process exited with code 0
Successfully started capturing.
Launching browser...
Navigating to page...
Puppeteer error:  net::ERR_ADDRESS_UNREACHABLE at http://www.akproxy.gq
Waiting 2450ms...
Testing url 18/183: http://www.ikhwanonline.com
Creating SSL keylog file...
Successfully created.
Starting capture for ikhwanonline.com, test dns #0
tshark child process exited with code 0
Successfully started capturing.
Starting DNS Tests...
Error running DNS on default servers:  queryA ENODATA ikhwanonline.com
Successfully ran DNS tests.
Starting capture for ikhwanonline.com, test pageload #0
tshark child process exited with code 0
Successfully started capturing.
Launching browser...
Navigating to page...
Puppeteer error:  net::ERR_NAME_NOT_RESOLVED at http://www.ikhwanonline.com
Waiting 3630ms...
Testing url 19/183: http://de.lirio.us/
Creating SSL keylog file...
Successfully created.
Starting capture for de.lirio.us, test dns #0
tshark child process exited with code 0
Successfully started capturing.
Starting DNS Tests...
Successfully ran DNS tests.
Starting capture for de.lirio.us, test pageload #0
tshark child process exited with code 0
Successfully started capturing.
Launching browser...
Navigating to page...
Capturing screenshot...
Success!
Waiting 3630ms...
Testing url 20/183: https://al-akhbar.com/
Creating SSL keylog file...
Successfully created.
Starting capture for al-akhbar.com, test dns #0
tshark child process exited with code 0
Successfully started capturing.
Starting DNS Tests...
Error running DNS on default servers:  queryA ENODATA al-akhbar.com
Successfully ran DNS tests.
Starting capture for al-akhbar.com, test pageload #0
tshark child process exited with code 0
Successfully started capturing.
Launching browser...
Navigating to page...
Puppeteer error:  net::ERR_NAME_NOT_RESOLVED at https://al-akhbar.com/
Waiting 2949ms...
Testing url 21/183: https://www.ipvanish.com/
Creating SSL keylog file...
Successfully created.
Starting capture for ipvanish.com, test dns #0
tshark child process exited with code 0
Successfully started capturing.
Starting DNS Tests...
Successfully ran DNS tests.
Starting capture for ipvanish.com, test pageload #0
tshark child process exited with code 0
Successfully started capturing.
Launching browser...
Navigating to page...
Puppeteer error:  net::ERR_TIMED_OUT at https://www.ipvanish.com/
Waiting 2511ms...
Testing url 22/183: https://www.ampproject.org/
Creating SSL keylog file...
Successfully created.
Starting capture for ampproject.org, test dns #0
tshark child process exited with code 0
Successfully started capturing.
Starting DNS Tests...
Successfully ran DNS tests.
Starting capture for ampproject.org, test pageload #0
tshark child process exited with code 0
Successfully started capturing.
Launching browser...
Navigating to page...
Capturing screenshot...
Success!
Waiting 2956ms...
Testing url 23/183: http://thenewkhalij.org
Creating SSL keylog file...
Successfully created.
Starting capture for thenewkhalij.org, test dns #0
tshark child process exited with code 0
Successfully started capturing.
Starting DNS Tests...
Successfully ran DNS tests.
Starting capture for thenewkhalij.org, test pageload #0
tshark child process exited with code 0
Successfully started capturing.
Launching browser...
Navigating to page...
Puppeteer error:  net::ERR_CONNECTION_RESET at http://thenewkhalij.org
Waiting 3317ms...
Testing url 24/183: https://shadowsocks.org/
Creating SSL keylog file...
Successfully created.
Starting capture for shadowsocks.org, test dns #0
tshark child process exited with code 0
Successfully started capturing.
Starting DNS Tests...
Successfully ran DNS tests.
Starting capture for shadowsocks.org, test pageload #0
tshark child process exited with code 0
Successfully started capturing.
Launching browser...
Navigating to page...
Puppeteer error:  net::ERR_CONNECTION_RESET at https://shadowsocks.org/
Waiting 3597ms...
Testing url 25/183: https://www.masr11.com/
Creating SSL keylog file...
Successfully created.
Starting capture for masr11.com, test dns #0
tshark child process exited with code 0
Successfully started capturing.
Starting DNS Tests...
Successfully ran DNS tests.
Starting capture for masr11.com, test pageload #0
tshark child process exited with code 0
Successfully started capturing.
Launching browser...
Navigating to page...
Puppeteer error:  net::ERR_CONNECTION_RESET at https://www.masr11.com/
Waiting 2540ms...
Testing url 26/183: http://cencos.org/
Creating SSL keylog file...
Successfully created.
Starting capture for cencos.org, test dns #0
tshark child process exited with code 0
Successfully started capturing.
Starting DNS Tests...
Successfully ran DNS tests.
Starting capture for cencos.org, test pageload #0
tshark child process exited with code 0
Successfully started capturing.
Launching browser...
Navigating to page...
Puppeteer error:  net::ERR_CONNECTION_REFUSED at http://cencos.org/
Waiting 3340ms...
Testing url 27/183: http://www.us-proxy.org
Creating SSL keylog file...
Successfully created.
Starting capture for us-proxy.org, test dns #0
tshark child process exited with code 0
Successfully started capturing.
Starting DNS Tests...
Successfully ran DNS tests.
Starting capture for us-proxy.org, test pageload #0
tshark child process exited with code 0
Successfully started capturing.
Launching browser...
Navigating to page...
Capturing screenshot...
Success!
Waiting 3820ms...
Testing url 28/183: http://www.fj-p.com
Creating SSL keylog file...
Successfully created.
Starting capture for fj-p.com, test dns #0
tshark child process exited with code 0
Successfully started capturing.
Starting DNS Tests...
Error running DNS on default servers:  queryA ENODATA fj-p.com
Successfully ran DNS tests.
Starting capture for fj-p.com, test pageload #0
tshark child process exited with code 0
Successfully started capturing.
Launching browser...
Navigating to page...
Puppeteer error:  net::ERR_NAME_NOT_RESOLVED at http://www.fj-p.com
Waiting 3946ms...
Testing url 29/183: https://www.tunnelbear.com/
Creating SSL keylog file...
Successfully created.
Starting capture for tunnelbear.com, test dns #0
tshark child process exited with code 0
Successfully started capturing.
Starting DNS Tests...
Successfully ran DNS tests.
Starting capture for tunnelbear.com, test pageload #0
tshark child process exited with code 0
Successfully started capturing.
Launching browser...
Navigating to page...
Puppeteer error:  net::ERR_TIMED_OUT at https://www.tunnelbear.com/
Waiting 3220ms...
Testing url 30/183: https://medium.com/
Creating SSL keylog file...
Successfully created.
Starting capture for medium.com, test dns #0
tshark child process exited with code 0
Successfully started capturing.
Starting DNS Tests...
Successfully ran DNS tests.
Starting capture for medium.com, test pageload #0
tshark child process exited with code 0
Successfully started capturing.
Launching browser...
Navigating to page...
Puppeteer error:  net::ERR_CONNECTION_RESET at https://medium.com/
Waiting 2829ms...
Testing url 31/183: https://anhri.net/
Creating SSL keylog file...
Successfully created.
Starting capture for anhri.net, test dns #0
tshark child process exited with code 0
Successfully started capturing.
Starting DNS Tests...
Successfully ran DNS tests.
Starting capture for anhri.net, test pageload #0
tshark child process exited with code 0
Successfully started capturing.
Launching browser...
Navigating to page...
Puppeteer error:  net::ERR_CONNECTION_RESET at https://anhri.net/
Waiting 3929ms...
Testing url 32/183: https://www.alaraby.co.uk/portal
Creating SSL keylog file...
Successfully created.
Starting capture for alaraby.co.uk, test dns #0
tshark child process exited with code 0
Successfully started capturing.
Starting DNS Tests...
Error running DNS on default servers:  queryA ENODATA alaraby.co.uk
Successfully ran DNS tests.
Starting capture for alaraby.co.uk, test pageload #0
tshark child process exited with code 0
Successfully started capturing.
Launching browser...
Navigating to page...
Puppeteer error:  net::ERR_NAME_NOT_RESOLVED at https://www.alaraby.co.uk/portal
Waiting 3467ms...
Testing url 33/183: http://steadyproxy.ga
Creating SSL keylog file...
Successfully created.
Starting capture for steadyproxy.ga, test dns #0
tshark child process exited with code 0
Successfully started capturing.
Starting DNS Tests...
Successfully ran DNS tests.
Starting capture for steadyproxy.ga, test pageload #0
tshark child process exited with code 0
Successfully started capturing.
Launching browser...
Navigating to page...
Capturing screenshot...
Success!
Waiting 2251ms...
Testing url 34/183: http://ok.ru
Creating SSL keylog file...
Successfully created.
Starting capture for ok.ru, test dns #0
tshark child process exited with code 0
Successfully started capturing.
Starting DNS Tests...
Successfully ran DNS tests.
Starting capture for ok.ru, test pageload #0
tshark child process exited with code 0
Successfully started capturing.
Launching browser...
Navigating to page...
Puppeteer error:  net::ERR_TIMED_OUT at http://ok.ru
Waiting 2888ms...
Testing url 35/183: http://studies.aljazeera.net
Creating SSL keylog file...
Successfully created.
Starting capture for studies.aljazeera.net, test dns #1
tshark child process exited with code 0
Successfully started capturing.
Starting DNS Tests...
Error running DNS on default servers:  queryA ENODATA studies.aljazeera.net
Successfully ran DNS tests.
Starting capture for studies.aljazeera.net, test pageload #1
tshark child process exited with code 0
Successfully started capturing.
Launching browser...
Navigating to page...
Puppeteer error:  net::ERR_NAME_NOT_RESOLVED at http://studies.aljazeera.net
Waiting 3006ms...
Testing url 36/183: http://ahmedgamalziada.blogspot.com.eg
Creating SSL keylog file...
Successfully created.
Starting capture for ahmedgamalziada.blogspot.com.eg, test dns #0
tshark child process exited with code 0
Successfully started capturing.
Starting DNS Tests...
Successfully ran DNS tests.
Starting capture for ahmedgamalziada.blogspot.com.eg, test pageload #0
tshark child process exited with code 0
Successfully started capturing.
Launching browser...
Navigating to page...
Puppeteer error:  Navigation timeout of 60000 ms exceeded
Waiting 3712ms...
Testing url 37/183: http://www.on-instant.com/
Creating SSL keylog file...
Successfully created.
Starting capture for on-instant.com, test dns #0
tshark child process exited with code 0
Successfully started capturing.
Starting DNS Tests...
Successfully ran DNS tests.
Starting capture for on-instant.com, test pageload #0
tshark child process exited with code 0
Successfully started capturing.
Launching browser...
Navigating to page...
Capturing screenshot...
Success!
Waiting 2451ms...
Testing url 38/183: http://healthline.com
Creating SSL keylog file...
Successfully created.
Starting capture for healthline.com, test dns #0
tshark child process exited with code 0
Successfully started capturing.
Starting DNS Tests...
Successfully ran DNS tests.
Starting capture for healthline.com, test pageload #0
tshark child process exited with code 0
Successfully started capturing.
Launching browser...
Navigating to page...
Puppeteer error:  Navigation timeout of 60000 ms exceeded
Waiting 3612ms...
Testing url 39/183: http://egybest.co
Creating SSL keylog file...
Successfully created.
Starting capture for egybest.co, test dns #0
tshark child process exited with code 0
Successfully started capturing.
Starting DNS Tests...
Successfully ran DNS tests.
Starting capture for egybest.co, test pageload #0
tshark child process exited with code 0
Successfully started capturing.
Launching browser...
Navigating to page...
Puppeteer error:  net::ERR_CONNECTION_RESET at http://egybest.co
Waiting 3739ms...
Testing url 40/183: https://cyberghostvpn.com/
Creating SSL keylog file...
Successfully created.
Starting capture for cyberghostvpn.com, test dns #0
tshark child process exited with code 0
Successfully started capturing.
Starting DNS Tests...
Successfully ran DNS tests.
Starting capture for cyberghostvpn.com, test pageload #0
tshark child process exited with code 0
Successfully started capturing.
Launching browser...
Navigating to page...
Puppeteer error:  net::ERR_TIMED_OUT at https://cyberghostvpn.com/
Waiting 3528ms...
Testing url 41/183: http://elbadil.com
Creating SSL keylog file...
Successfully created.
Starting capture for elbadil.com, test dns #0
tshark child process exited with code 0
Successfully started capturing.
Starting DNS Tests...
Successfully ran DNS tests.
Starting capture for elbadil.com, test pageload #0
tshark child process exited with code 0
Successfully started capturing.
Launching browser...
Navigating to page...
Puppeteer error:  net::ERR_CONNECTION_RESET at http://elbadil.com
Waiting 2224ms...
Testing url 42/183: http://balkans.aljazeera.net
Creating SSL keylog file...
Successfully created.
Starting capture for balkans.aljazeera.net, test dns #0
tshark child process exited with code 0
Successfully started capturing.
Starting DNS Tests...
Error running DNS on default servers:  queryA ENODATA balkans.aljazeera.net
Successfully ran DNS tests.
Starting capture for balkans.aljazeera.net, test pageload #0
tshark child process exited with code 0
Successfully started capturing.
Launching browser...
Navigating to page...
Puppeteer error:  net::ERR_NAME_NOT_RESOLVED at http://balkans.aljazeera.net
Waiting 2846ms...
Testing url 43/183: http://socialnewpages.com
Creating SSL keylog file...
Successfully created.
Starting capture for socialnewpages.com, test dns #0
tshark child process exited with code 0
Successfully started capturing.
Starting DNS Tests...
Successfully ran DNS tests.
Starting capture for socialnewpages.com, test pageload #0
tshark child process exited with code 0
Successfully started capturing.
Launching browser...
Navigating to page...
Capturing screenshot...
Success!
Waiting 2422ms...
Testing url 44/183: https://rsf.org/
Creating SSL keylog file...
Successfully created.
Starting capture for rsf.org, test dns #0
tshark child process exited with code 0
Successfully started capturing.
Starting DNS Tests...
Successfully ran DNS tests.
Starting capture for rsf.org, test pageload #0
tshark child process exited with code 0
Successfully started capturing.
Launching browser...
Navigating to page...
Puppeteer error:  net::ERR_CONNECTION_RESET at https://rsf.org/
Waiting 3467ms...
Testing url 45/183: https://www.thepeninsulaqatar.com/
Creating SSL keylog file...
Successfully created.
Starting capture for thepeninsulaqatar.com, test dns #0
tshark child process exited with code 0
Successfully started capturing.
Starting DNS Tests...
Successfully ran DNS tests.
Starting capture for thepeninsulaqatar.com, test pageload #0
tshark child process exited with code 0
Successfully started capturing.
Launching browser...
Navigating to page...
Puppeteer error:  net::ERR_CONNECTION_RESET at https://www.thepeninsulaqatar.com/
Waiting 3236ms...
Testing url 46/183: https://turk.life/
Creating SSL keylog file...
Successfully created.
Starting capture for turk.life, test dns #0
tshark child process exited with code 0
Successfully started capturing.
Starting DNS Tests...
Successfully ran DNS tests.
Starting capture for turk.life, test pageload #0
tshark child process exited with code 0
Successfully started capturing.
Launching browser...
Navigating to page...
Puppeteer error:  net::ERR_CONNECTION_RESET at https://turk.life/
Waiting 3471ms...
Testing url 47/183: http://medium.com
Creating SSL keylog file...
Successfully created.
Starting capture for medium.com, test dns #1
tshark child process exited with code 0
Successfully started capturing.
Starting DNS Tests...
Successfully ran DNS tests.
Starting capture for medium.com, test pageload #1
tshark child process exited with code 0
Successfully started capturing.
Launching browser...
Navigating to page...
Puppeteer error:  net::ERR_CONNECTION_RESET at http://medium.com
Waiting 2847ms...
Testing url 48/183: http://masreiat.com/
Creating SSL keylog file...
Successfully created.
Starting capture for masreiat.com, test dns #0
tshark child process exited with code 0
Successfully started capturing.
Starting DNS Tests...
Successfully ran DNS tests.
Starting capture for masreiat.com, test pageload #0
tshark child process exited with code 0
Successfully started capturing.
Launching browser...
Navigating to page...
Puppeteer error:  net::ERR_CONNECTION_RESET at http://masreiat.com/
Waiting 3502ms...
Testing url 49/183: https://www.twitch.tv/
Creating SSL keylog file...
Successfully created.
Starting capture for twitch.tv, test dns #0
tshark child process exited with code 0
Successfully started capturing.
Starting DNS Tests...
Successfully ran DNS tests.
Starting capture for twitch.tv, test pageload #0
tshark child process exited with code 0
Successfully started capturing.
Launching browser...
Navigating to page...
Capturing screenshot...
Success!
Waiting 2678ms...
Testing url 50/183: https://sport.aljazeera.net/
Creating SSL keylog file...
Successfully created.
Starting capture for sport.aljazeera.net, test dns #0
tshark child process exited with code 0
Successfully started capturing.
Starting DNS Tests...
Error running DNS on default servers:  queryA ENODATA sport.aljazeera.net
Successfully ran DNS tests.
Starting capture for sport.aljazeera.net, test pageload #0
tshark child process exited with code 0
Successfully started capturing.
Launching browser...
Navigating to page...
Puppeteer error:  net::ERR_NAME_NOT_RESOLVED at https://sport.aljazeera.net/
Waiting 2274ms...
Testing url 51/183: https://jeem.me/
Creating SSL keylog file...
Successfully created.
Starting capture for jeem.me, test dns #0
tshark child process exited with code 0
Successfully started capturing.
Starting DNS Tests...
Successfully ran DNS tests.
Starting capture for jeem.me, test pageload #0
tshark child process exited with code 0
Successfully started capturing.
Launching browser...
Navigating to page...
Puppeteer error:  net::ERR_CONNECTION_RESET at https://jeem.me/
Waiting 3763ms...
Testing url 52/183: https://vwv.almanassa.net/ar/
Creating SSL keylog file...
Successfully created.
Starting capture for vwv.almanassa.net, test dns #0
tshark child process exited with code 0
Successfully started capturing.
Starting DNS Tests...
Successfully ran DNS tests.
Starting capture for vwv.almanassa.net, test pageload #0
tshark child process exited with code 0
Successfully started capturing.
Launching browser...
Navigating to page...
Puppeteer error:  net::ERR_CONNECTION_RESET at https://vwv.almanassa.net/ar/
Waiting 3550ms...
Testing url 53/183: http://www.alalam.ir
Creating SSL keylog file...
Successfully created.
Starting capture for alalam.ir, test dns #0
tshark child process exited with code 0
Successfully started capturing.
Starting DNS Tests...
Error running DNS on default servers:  queryA ENODATA alalam.ir
Successfully ran DNS tests.
Starting capture for alalam.ir, test pageload #0
tshark child process exited with code 0
Successfully started capturing.
Launching browser...
Navigating to page...
Puppeteer error:  net::ERR_TIMED_OUT at http://www.alalam.ir
Waiting 2912ms...
Testing url 54/183: https://www.al-sharq.com/
Creating SSL keylog file...
Successfully created.
Starting capture for al-sharq.com, test dns #0
tshark child process exited with code 0
Successfully started capturing.
Starting DNS Tests...
Successfully ran DNS tests.
Starting capture for al-sharq.com, test pageload #0
tshark child process exited with code 0
Successfully started capturing.
Launching browser...
Navigating to page...
Puppeteer error:  net::ERR_CONNECTION_RESET at https://www.al-sharq.com/
Waiting 3634ms...
Testing url 55/183: http://www.watanserb.com
Creating SSL keylog file...
Successfully created.
Starting capture for watanserb.com, test dns #0
tshark child process exited with code 0
Successfully started capturing.
Starting DNS Tests...
Successfully ran DNS tests.
Starting capture for watanserb.com, test pageload #0
tshark child process exited with code 0
Successfully started capturing.
Launching browser...
Navigating to page...
Puppeteer error:  net::ERR_CONNECTION_RESET at http://www.watanserb.com
Waiting 3075ms...
Testing url 56/183: https://madamirror19.appspot.com/madamasr.com/
Creating SSL keylog file...
Successfully created.
Starting capture for madamirror19.appspot.com, test dns #0
tshark child process exited with code 0
Successfully started capturing.
Starting DNS Tests...
Successfully ran DNS tests.
Starting capture for madamirror19.appspot.com, test pageload #0
tshark child process exited with code 0
Successfully started capturing.
Launching browser...
Navigating to page...
Puppeteer error:  net::ERR_CONNECTION_CLOSED at https://madamirror19.appspot.com/madamasr.com/
Waiting 3429ms...
Testing url 57/183: http://alwafd.news
Creating SSL keylog file...
Successfully created.
Starting capture for alwafd.news, test dns #0
tshark child process exited with code 0
Successfully started capturing.
Starting DNS Tests...
Successfully ran DNS tests.
Starting capture for alwafd.news, test pageload #0
tshark child process exited with code 0
Successfully started capturing.
Launching browser...
Navigating to page...
Capturing screenshot...
Success!
Waiting 2173ms...
Testing url 58/183: https://thenewkhalij.org/
Creating SSL keylog file...
Successfully created.
Starting capture for thenewkhalij.org, test dns #1
tshark child process exited with code 0
Successfully started capturing.
Starting DNS Tests...
Successfully ran DNS tests.
Starting capture for thenewkhalij.org, test pageload #1
tshark child process exited with code 0
Successfully started capturing.
Launching browser...
Navigating to page...
Puppeteer error:  net::ERR_CONNECTION_RESET at https://thenewkhalij.org/
Waiting 2533ms...
Testing url 59/183: http://institute.aljazeera.net
Creating SSL keylog file...
Successfully created.
Starting capture for institute.aljazeera.net, test dns #0
tshark child process exited with code 0
Successfully started capturing.
Starting DNS Tests...
Error running DNS on default servers:  queryA ENODATA institute.aljazeera.net
Successfully ran DNS tests.
Starting capture for institute.aljazeera.net, test pageload #0
tshark child process exited with code 0
Successfully started capturing.
Launching browser...
Navigating to page...
Puppeteer error:  net::ERR_NAME_NOT_RESOLVED at http://institute.aljazeera.net
Waiting 3111ms...
Testing url 60/183: http://hrw.org
Creating SSL keylog file...
Successfully created.
Starting capture for hrw.org, test dns #0
tshark child process exited with code 0
Successfully started capturing.
Starting DNS Tests...
Successfully ran DNS tests.
Starting capture for hrw.org, test pageload #0
tshark child process exited with code 0
Successfully started capturing.
Launching browser...
Navigating to page...
Puppeteer error:  net::ERR_CONNECTION_RESET at http://hrw.org
Waiting 2451ms...
Testing url 61/183: https://www.miraclelingerie.ae/
Creating SSL keylog file...
Successfully created.
Starting capture for miraclelingerie.ae, test dns #0
tshark child process exited with code 0
Successfully started capturing.
Starting DNS Tests...
Successfully ran DNS tests.
Starting capture for miraclelingerie.ae, test pageload #0
tshark child process exited with code 0
Successfully started capturing.
Launching browser...
Navigating to page...
Capturing screenshot...
Success!
Waiting 2910ms...
Testing url 62/183: http://vodafone.com.eg
Creating SSL keylog file...
Successfully created.
Starting capture for vodafone.com.eg, test dns #0
tshark child process exited with code 0
Successfully started capturing.
Starting DNS Tests...
Successfully ran DNS tests.
Starting capture for vodafone.com.eg, test pageload #0
tshark child process exited with code 0
Successfully started capturing.
Launching browser...
Navigating to page...
Capturing screenshot...
Success!
Waiting 2841ms...
Testing url 63/183: https://raseef22.com/
Creating SSL keylog file...
Successfully created.
Starting capture for raseef22.com, test dns #0
tshark child process exited with code 0
Successfully started capturing.
Starting DNS Tests...
Successfully ran DNS tests.
Starting capture for raseef22.com, test pageload #0
tshark child process exited with code 0
Successfully started capturing.
Launching browser...
Navigating to page...
Puppeteer error:  net::ERR_CONNECTION_RESET at https://raseef22.com/
Waiting 3766ms...
Testing url 64/183: https://www.arabseed.tv/
Creating SSL keylog file...
Successfully created.
Starting capture for arabseed.tv, test dns #0
tshark child process exited with code 0
Successfully started capturing.
Starting DNS Tests...
Successfully ran DNS tests.
Starting capture for arabseed.tv, test pageload #0
tshark child process exited with code 0
Successfully started capturing.
Launching browser...
Navigating to page...
Puppeteer error:  net::ERR_CONNECTION_RESET at https://www.arabseed.tv/
Waiting 2533ms...
Testing url 65/183: http://bypasstool.gq/
Creating SSL keylog file...
Successfully created.
Starting capture for bypasstool.gq, test dns #1
tshark child process exited with code 0
Successfully started capturing.
Starting DNS Tests...
Successfully ran DNS tests.
Starting capture for bypasstool.gq, test pageload #1
tshark child process exited with code 0
Successfully started capturing.
Launching browser...
Navigating to page...
Capturing screenshot...
Success!
Waiting 3964ms...
Testing url 66/183: http://www.2fastsurfer.com
Creating SSL keylog file...
Successfully created.
Starting capture for 2fastsurfer.com, test dns #0
tshark child process exited with code 0
Successfully started capturing.
Starting DNS Tests...
Successfully ran DNS tests.
Starting capture for 2fastsurfer.com, test pageload #0
tshark child process exited with code 0
Successfully started capturing.
Launching browser...
Navigating to page...
Capturing screenshot...
Success!
Waiting 3841ms...
Testing url 67/183: https://www.series4watch.online/
Creating SSL keylog file...
Successfully created.
Starting capture for series4watch.online, test dns #0
tshark child process exited with code 0
Successfully started capturing.
Starting DNS Tests...
Successfully ran DNS tests.
Starting capture for series4watch.online, test pageload #0
tshark child process exited with code 0
Successfully started capturing.
Launching browser...
Navigating to page...
Capturing screenshot...
Success!
Waiting 2668ms...
Testing url 68/183: https://www.alalamtv.net/
Creating SSL keylog file...
Successfully created.
Starting capture for alalamtv.net, test dns #0
tshark child process exited with code 0
Successfully started capturing.
Starting DNS Tests...
Successfully ran DNS tests.
Starting capture for alalamtv.net, test pageload #0
tshark child process exited with code 0
Successfully started capturing.
Launching browser...
Navigating to page...
Puppeteer error:  net::ERR_TIMED_OUT at https://www.alalamtv.net/
Waiting 2845ms...
Testing url 69/183: http://www.webproxy.to
Creating SSL keylog file...
Successfully created.
Starting capture for webproxy.to, test dns #0
tshark child process exited with code 0
Successfully started capturing.
Starting DNS Tests...
Successfully ran DNS tests.
Starting capture for webproxy.to, test pageload #0
tshark child process exited with code 0
Successfully started capturing.
Launching browser...
Navigating to page...
Capturing screenshot...
Success!
Waiting 2927ms...
Testing url 70/183: https://balkans.aljazeera.net/
Creating SSL keylog file...
Successfully created.
Starting capture for balkans.aljazeera.net, test dns #1
tshark child process exited with code 0
Successfully started capturing.
Starting DNS Tests...
Error running DNS on default servers:  queryA ENODATA balkans.aljazeera.net
Successfully ran DNS tests.
Starting capture for balkans.aljazeera.net, test pageload #1
tshark child process exited with code 0
Successfully started capturing.
Launching browser...
Navigating to page...
Puppeteer error:  net::ERR_NAME_NOT_RESOLVED at https://balkans.aljazeera.net/
Waiting 3163ms...
Testing url 71/183: http://akhbarturkiya.com
Creating SSL keylog file...
Successfully created.
Starting capture for akhbarturkiya.com, test dns #0
tshark child process exited with code 0
Successfully started capturing.
Starting DNS Tests...
Successfully ran DNS tests.
Starting capture for akhbarturkiya.com, test pageload #0
tshark child process exited with code 0
Successfully started capturing.
Launching browser...
Navigating to page...
Puppeteer error:  net::ERR_CONNECTION_RESET at http://akhbarturkiya.com
Waiting 3701ms...
Testing url 72/183: https://institute.aljazeera.net/
Creating SSL keylog file...
Successfully created.
Starting capture for institute.aljazeera.net, test dns #1
tshark child process exited with code 0
Successfully started capturing.
Starting DNS Tests...
Error running DNS on default servers:  queryA ENODATA institute.aljazeera.net
Successfully ran DNS tests.
Starting capture for institute.aljazeera.net, test pageload #1
tshark child process exited with code 0
Successfully started capturing.
Launching browser...
Navigating to page...
Puppeteer error:  net::ERR_NAME_NOT_RESOLVED at https://institute.aljazeera.net/
Waiting 3857ms...
Testing url 73/183: http://www.cyberghostvpn.com
Creating SSL keylog file...
Successfully created.
Starting capture for cyberghostvpn.com, test dns #1
tshark child process exited with code 0
Successfully started capturing.
Starting DNS Tests...
Successfully ran DNS tests.
Starting capture for cyberghostvpn.com, test pageload #1
tshark child process exited with code 0
Successfully started capturing.
Launching browser...
Navigating to page...
Puppeteer error:  net::ERR_CONNECTION_RESET at http://www.cyberghostvpn.com
Waiting 3373ms...
Testing url 74/183: https://site.voicepulse.com/
Creating SSL keylog file...
Successfully created.
Starting capture for site.voicepulse.com, test dns #0
tshark child process exited with code 0
Successfully started capturing.
Starting DNS Tests...
Error running DNS on default servers:  queryA ESERVFAIL site.voicepulse.com
Successfully ran DNS tests.
Starting capture for site.voicepulse.com, test pageload #0
tshark child process exited with code 0
Successfully started capturing.
Launching browser...
Navigating to page...
Puppeteer error:  net::ERR_NAME_NOT_RESOLVED at https://site.voicepulse.com/
Waiting 2618ms...
Testing url 75/183: http://www.babylon-x.com/
Creating SSL keylog file...
Successfully created.
Starting capture for babylon-x.com, test dns #0
tshark child process exited with code 0
Successfully started capturing.
Starting DNS Tests...
Error running DNS on default servers:  queryA ESERVFAIL babylon-x.com
Successfully ran DNS tests.
Starting capture for babylon-x.com, test pageload #0
tshark child process exited with code 0
Successfully started capturing.
Launching browser...
Navigating to page...
Puppeteer error:  net::ERR_NAME_NOT_RESOLVED at http://www.babylon-x.com/
Waiting 3615ms...
Testing url 76/183: http://www.al-watan.com
Creating SSL keylog file...
Successfully created.
Starting capture for al-watan.com, test dns #1
tshark child process exited with code 0
Successfully started capturing.
Starting DNS Tests...
Successfully ran DNS tests.
Starting capture for al-watan.com, test pageload #1
tshark child process exited with code 0
Successfully started capturing.
Launching browser...
Navigating to page...
Capturing screenshot...
Success!
Waiting 3436ms...
Testing url 77/183: http://blogs.aljazeera.net
Creating SSL keylog file...
Successfully created.
Starting capture for blogs.aljazeera.net, test dns #0
tshark child process exited with code 0
Successfully started capturing.
Starting DNS Tests...
Error running DNS on default servers:  queryA ENODATA blogs.aljazeera.net
Successfully ran DNS tests.
Starting capture for blogs.aljazeera.net, test pageload #0
tshark child process exited with code 0
Successfully started capturing.
Launching browser...
Navigating to page...
Puppeteer error:  net::ERR_NAME_NOT_RESOLVED at http://blogs.aljazeera.net
Waiting 3104ms...
Testing url 78/183: http://www.nordvpn.com
Creating SSL keylog file...
Successfully created.
Starting capture for nordvpn.com, test dns #0
tshark child process exited with code 0
Successfully started capturing.
Starting DNS Tests...
Successfully ran DNS tests.
Starting capture for nordvpn.com, test pageload #0
tshark child process exited with code 0
Successfully started capturing.
Launching browser...
Navigating to page...
Puppeteer error:  net::ERR_TIMED_OUT at http://www.nordvpn.com
Waiting 2446ms...
Testing url 79/183: http://www.amlalommah.net
Creating SSL keylog file...
Successfully created.
Starting capture for amlalommah.net, test dns #0
tshark child process exited with code 0
Successfully started capturing.
Starting DNS Tests...
Successfully ran DNS tests.
Starting capture for amlalommah.net, test pageload #0
tshark child process exited with code 0
Successfully started capturing.
Launching browser...
Navigating to page...
Puppeteer error:  net::ERR_CONNECTION_RESET at http://www.amlalommah.net
Waiting 2232ms...
Testing url 80/183: http://mubasher.aljazeera.net
Creating SSL keylog file...
Successfully created.
Starting capture for mubasher.aljazeera.net, test dns #0
tshark child process exited with code 0
Successfully started capturing.
Starting DNS Tests...
Error running DNS on default servers:  queryA ETIMEOUT mubasher.aljazeera.net
Successfully ran DNS tests.
Starting capture for mubasher.aljazeera.net, test pageload #0
tshark child process exited with code 0
Successfully started capturing.
Launching browser...
Navigating to page...
Puppeteer error:  net::ERR_NAME_NOT_RESOLVED at http://mubasher.aljazeera.net
Waiting 2400ms...
Testing url 81/183: http://brstej.com
Creating SSL keylog file...
Successfully created.
Starting capture for brstej.com, test dns #0
tshark child process exited with code 0
Successfully started capturing.
Starting DNS Tests...
Successfully ran DNS tests.
Starting capture for brstej.com, test pageload #0
tshark child process exited with code 0
Successfully started capturing.
Launching browser...
Navigating to page...
Puppeteer error:  net::ERR_CONNECTION_RESET at http://brstej.com
Waiting 2233ms...
Testing url 82/183: http://www.jatoeg.org
Creating SSL keylog file...
Successfully created.
Starting capture for jatoeg.org, test dns #0
tshark child process exited with code 0
Successfully started capturing.
Starting DNS Tests...
Error running DNS on default servers:  queryA ENOTFOUND jatoeg.org
Error running DNS on Cloudflare servesrs:  queryA ENOTFOUND jatoeg.org
Successfully ran DNS tests.
Starting capture for jatoeg.org, test pageload #0
tshark child process exited with code 0
Successfully started capturing.
Launching browser...
Navigating to page...
Puppeteer error:  net::ERR_NAME_NOT_RESOLVED at http://www.jatoeg.org
Waiting 3097ms...
Testing url 83/183: http://www.activewebproxy.cf
Creating SSL keylog file...
Successfully created.
Starting capture for activewebproxy.cf, test dns #0
tshark child process exited with code 0
Successfully started capturing.
Starting DNS Tests...
Successfully ran DNS tests.
Starting capture for activewebproxy.cf, test pageload #0
tshark child process exited with code 0
Successfully started capturing.
Launching browser...
Navigating to page...
Puppeteer error:  net::ERR_ADDRESS_UNREACHABLE at http://www.activewebproxy.cf
Waiting 3377ms...
Testing url 84/183: https://vvv.almanassa.net/ar/
Creating SSL keylog file...
Successfully created.
Starting capture for vvv.almanassa.net, test dns #0
tshark child process exited with code 0
Successfully started capturing.
Starting DNS Tests...
Successfully ran DNS tests.
Starting capture for vvv.almanassa.net, test pageload #0
tshark child process exited with code 0
Successfully started capturing.
Launching browser...
Navigating to page...
Puppeteer error:  net::ERR_CONNECTION_RESET at https://vvv.almanassa.net/ar/
Waiting 2210ms...
Testing url 85/183: http://www.topnewproxy.gq
Creating SSL keylog file...
Successfully created.
Starting capture for topnewproxy.gq, test dns #0
tshark child process exited with code 0
Successfully started capturing.
Starting DNS Tests...
Successfully ran DNS tests.
Starting capture for topnewproxy.gq, test pageload #0
tshark child process exited with code 0
Successfully started capturing.
Launching browser...
Navigating to page...
Puppeteer error:  net::ERR_ADDRESS_UNREACHABLE at http://www.topnewproxy.gq
Waiting 3218ms...
Testing url 86/183: http://www.gulf-times.com
Creating SSL keylog file...
Successfully created.
Starting capture for gulf-times.com, test dns #0
tshark child process exited with code 0
Successfully started capturing.
Starting DNS Tests...
Successfully ran DNS tests.
Starting capture for gulf-times.com, test pageload #0
tshark child process exited with code 0
Successfully started capturing.
Launching browser...
Navigating to page...
Puppeteer error:  net::ERR_CONNECTION_RESET at http://www.gulf-times.com
Waiting 3571ms...
Testing url 87/183: https://madamirror11.appspot.com/www.madamasr.com/
Creating SSL keylog file...
Successfully created.
Starting capture for madamirror11.appspot.com, test dns #0
tshark child process exited with code 0
Successfully started capturing.
Starting DNS Tests...
Successfully ran DNS tests.
Starting capture for madamirror11.appspot.com, test pageload #0
tshark child process exited with code 0
Successfully started capturing.
Launching browser...
Navigating to page...
Capturing screenshot...
Success!
Waiting 3334ms...
Testing url 88/183: http://midan.aljazeera.net
Creating SSL keylog file...
Successfully created.
Starting capture for midan.aljazeera.net, test dns #0
tshark child process exited with code 0
Successfully started capturing.
Starting DNS Tests...
Error running DNS on default servers:  queryA ENODATA midan.aljazeera.net
Successfully ran DNS tests.
Starting capture for midan.aljazeera.net, test pageload #0
tshark child process exited with code 0
Successfully started capturing.
Launching browser...
Navigating to page...
Puppeteer error:  net::ERR_NAME_NOT_RESOLVED at http://midan.aljazeera.net
Waiting 3128ms...
Testing url 89/183: https://www.akhbaralsabah.com/
Creating SSL keylog file...
Successfully created.
Starting capture for akhbaralsabah.com, test dns #0
tshark child process exited with code 0
Successfully started capturing.
Starting DNS Tests...
Successfully ran DNS tests.
Starting capture for akhbaralsabah.com, test pageload #0
tshark child process exited with code 0
Successfully started capturing.
Launching browser...
Navigating to page...
Puppeteer error:  net::ERR_CONNECTION_RESET at https://www.akhbaralsabah.com/
Waiting 2152ms...
Testing url 90/183: http://jiameng.com
Creating SSL keylog file...
Successfully created.
Starting capture for jiameng.com, test dns #0
tshark child process exited with code 0
Successfully started capturing.
Starting DNS Tests...
Successfully ran DNS tests.
Starting capture for jiameng.com, test pageload #0
tshark child process exited with code 0
Successfully started capturing.
Launching browser...
Navigating to page...
Puppeteer error:  net::ERR_CONNECTION_REFUSED at http://jiameng.com
Waiting 2890ms...
Testing url 91/183: http://almanassa.com
Creating SSL keylog file...
Successfully created.
Starting capture for almanassa.com, test dns #0
tshark child process exited with code 0
Successfully started capturing.
Starting DNS Tests...
Successfully ran DNS tests.
Starting capture for almanassa.com, test pageload #0
tshark child process exited with code 0
Successfully started capturing.
Launching browser...
Navigating to page...
Puppeteer error:  net::ERR_CONNECTION_RESET at http://almanassa.com
Waiting 2440ms...
Testing url 92/183: http://www.moheet.com
Creating SSL keylog file...
Successfully created.
Starting capture for moheet.com, test dns #0
tshark child process exited with code 0
Successfully started capturing.
Starting DNS Tests...
Successfully ran DNS tests.
Starting capture for moheet.com, test pageload #0
tshark child process exited with code 0
Successfully started capturing.
Launching browser...
Navigating to page...
Puppeteer error:  net::ERR_CONNECTION_RESET at http://www.moheet.com
Waiting 3336ms...
Testing url 93/183: http://amlalommah.net
Creating SSL keylog file...
Successfully created.
Starting capture for amlalommah.net, test dns #1
tshark child process exited with code 0
Successfully started capturing.
Starting DNS Tests...
Successfully ran DNS tests.
Starting capture for amlalommah.net, test pageload #1
tshark child process exited with code 0
Successfully started capturing.
Launching browser...
Navigating to page...
Puppeteer error:  net::ERR_CONNECTION_RESET at http://amlalommah.net
Waiting 3518ms...
Testing url 94/183: https://www.hidemyass.com/
Creating SSL keylog file...
Successfully created.
Starting capture for hidemyass.com, test dns #0
tshark child process exited with code 0
Successfully started capturing.
Starting DNS Tests...
Successfully ran DNS tests.
Starting capture for hidemyass.com, test pageload #0
tshark child process exited with code 0
Successfully started capturing.
Launching browser...
Navigating to page...
Puppeteer error:  net::ERR_CONNECTION_RESET at https://www.hidemyass.com/
Waiting 3127ms...
Testing url 95/183: https://www.state.gov/j/drl/
Creating SSL keylog file...
Successfully created.
Starting capture for state.gov, test dns #0
tshark child process exited with code 0
Successfully started capturing.
Starting DNS Tests...
Successfully ran DNS tests.
Starting capture for state.gov, test pageload #0
tshark child process exited with code 0
Successfully started capturing.
Launching browser...
Navigating to page...
Capturing screenshot...
Success!
Waiting 3524ms...
Testing url 96/183: http://shein.com
Creating SSL keylog file...
Successfully created.
Starting capture for shein.com, test dns #0
tshark child process exited with code 0
Successfully started capturing.
Starting DNS Tests...
Successfully ran DNS tests.
Starting capture for shein.com, test pageload #0
tshark child process exited with code 0
Successfully started capturing.
Launching browser...
Navigating to page...
Capturing screenshot...
Success!
Waiting 2956ms...
Testing url 97/183: http://alarab.qa
Creating SSL keylog file...
Successfully created.
Starting capture for alarab.qa, test dns #0
tshark child process exited with code 0
Successfully started capturing.
Starting DNS Tests...
Successfully ran DNS tests.
Starting capture for alarab.qa, test pageload #0
tshark child process exited with code 0
Successfully started capturing.
Launching browser...
Navigating to page...
Puppeteer error:  net::ERR_CONNECTION_RESET at http://alarab.qa
Waiting 2478ms...
Testing url 98/183: http://cimaclub.com/
Creating SSL keylog file...
Successfully created.
Starting capture for cimaclub.com, test dns #0
tshark child process exited with code 0
Successfully started capturing.
Starting DNS Tests...
Successfully ran DNS tests.
Starting capture for cimaclub.com, test pageload #0
tshark child process exited with code 0
Successfully started capturing.
Launching browser...
Navigating to page...
Puppeteer error:  net::ERR_CONNECTION_RESET at http://cimaclub.com/
Waiting 2559ms...
Testing url 99/183: https://madamirror14.appspot.com/madamasr.com/
Creating SSL keylog file...
Successfully created.
Starting capture for madamirror14.appspot.com, test dns #0
tshark child process exited with code 0
Successfully started capturing.
Starting DNS Tests...
Successfully ran DNS tests.
Starting capture for madamirror14.appspot.com, test pageload #0
tshark child process exited with code 0
Successfully started capturing.
Launching browser...
Navigating to page...
Puppeteer error:  net::ERR_CONNECTION_RESET at https://madamirror14.appspot.com/madamasr.com/
Waiting 3873ms...
Testing url 100/183: http://www.toolur.com
Creating SSL keylog file...
Successfully created.
Starting capture for toolur.com, test dns #0
tshark child process exited with code 0
Successfully started capturing.
Starting DNS Tests...
Successfully ran DNS tests.
Starting capture for toolur.com, test pageload #0
tshark child process exited with code 0
Successfully started capturing.
Launching browser...
Navigating to page...
Capturing screenshot...
Success!
Waiting 2698ms...
Testing url 101/183: http://ultrasurf.us/
Creating SSL keylog file...
Successfully created.
Starting capture for ultrasurf.us, test dns #0
tshark child process exited with code 0
Successfully started capturing.
Starting DNS Tests...
Successfully ran DNS tests.
Starting capture for ultrasurf.us, test pageload #0
tshark child process exited with code 0
Successfully started capturing.
Launching browser...
Navigating to page...
Puppeteer error:  net::ERR_CONNECTION_RESET at http://ultrasurf.us/
Waiting 3642ms...
Testing url 102/183: http://ikhwanonline.com
Creating SSL keylog file...
Successfully created.
Starting capture for ikhwanonline.com, test dns #1
tshark child process exited with code 0
Successfully started capturing.
Starting DNS Tests...
Error running DNS on default servers:  queryA ENODATA ikhwanonline.com
Successfully ran DNS tests.
Starting capture for ikhwanonline.com, test pageload #1
tshark child process exited with code 0
Successfully started capturing.
Launching browser...
Navigating to page...
Puppeteer error:  net::ERR_NAME_NOT_RESOLVED at http://ikhwanonline.com
Waiting 3451ms...
Testing url 103/183: http://www.arabsolaa.com/
Creating SSL keylog file...
Successfully created.
Starting capture for arabsolaa.com, test dns #0
tshark child process exited with code 0
Successfully started capturing.
Starting DNS Tests...
Successfully ran DNS tests.
Starting capture for arabsolaa.com, test pageload #0
tshark child process exited with code 0
Successfully started capturing.
Launching browser...
Navigating to page...
Puppeteer error:  net::ERR_CONNECTION_RESET at http://www.arabsolaa.com/
Waiting 2067ms...
Testing url 104/183: http://www.al-sharq.com
Creating SSL keylog file...
Successfully created.
Starting capture for al-sharq.com, test dns #1
tshark child process exited with code 0
Successfully started capturing.
Starting DNS Tests...
Successfully ran DNS tests.
Starting capture for al-sharq.com, test pageload #1
tshark child process exited with code 0
Successfully started capturing.
Launching browser...
Navigating to page...
Puppeteer error:  net::ERR_CONNECTION_RESET at http://www.al-sharq.com
Waiting 3244ms...
Testing url 105/183: http://masreiat.com
Creating SSL keylog file...
Successfully created.
Starting capture for masreiat.com, test dns #1
tshark child process exited with code 0
Successfully started capturing.
Starting DNS Tests...
Successfully ran DNS tests.
Starting capture for masreiat.com, test pageload #1
tshark child process exited with code 0
Successfully started capturing.
Launching browser...
Navigating to page...
Puppeteer error:  net::ERR_CONNECTION_RESET at http://masreiat.com
Waiting 3582ms...
Testing url 106/183: http://www.likud.org.il/
Creating SSL keylog file...
Successfully created.
Starting capture for likud.org.il, test dns #0
tshark child process exited with code 0
Successfully started capturing.
Starting DNS Tests...
Successfully ran DNS tests.
Starting capture for likud.org.il, test pageload #0
tshark child process exited with code 0
Successfully started capturing.
Launching browser...
Navigating to page...
Capturing screenshot...
Success!
Waiting 3949ms...
Testing url 107/183: https://khatab38.blogspot.com/
Creating SSL keylog file...
Successfully created.
Starting capture for khatab38.blogspot.com, test dns #0
tshark child process exited with code 0
Successfully started capturing.
Starting DNS Tests...
Successfully ran DNS tests.
Starting capture for khatab38.blogspot.com, test pageload #0
tshark child process exited with code 0
Successfully started capturing.
Launching browser...
Navigating to page...
Puppeteer error:  net::ERR_CONNECTION_RESET at https://khatab38.blogspot.com/
Waiting 2011ms...
Testing url 108/183: https://www.mormon.org/
Creating SSL keylog file...
Successfully created.
Starting capture for mormon.org, test dns #0
tshark child process exited with code 0
Successfully started capturing.
Starting DNS Tests...
Successfully ran DNS tests.
Starting capture for mormon.org, test pageload #0
tshark child process exited with code 0
Successfully started capturing.
Launching browser...
Navigating to page...
Capturing screenshot...
Success!
Waiting 3327ms...
Testing url 109/183: http://www.al-akhbar.com
Creating SSL keylog file...
Successfully created.
Starting capture for al-akhbar.com, test dns #1
tshark child process exited with code 0
Successfully started capturing.
Starting DNS Tests...
Error running DNS on default servers:  queryA ENODATA al-akhbar.com
Successfully ran DNS tests.
Starting capture for al-akhbar.com, test pageload #1
tshark child process exited with code 0
Successfully started capturing.
Launching browser...
Navigating to page...
Puppeteer error:  net::ERR_NAME_NOT_RESOLVED at http://www.al-akhbar.com
Waiting 3667ms...
Testing url 110/183: https://amlalommah.net/
Creating SSL keylog file...
Successfully created.
Starting capture for amlalommah.net, test dns #2
tshark child process exited with code 0
Successfully started capturing.
Starting DNS Tests...
Successfully ran DNS tests.
Starting capture for amlalommah.net, test pageload #2
tshark child process exited with code 0
Successfully started capturing.
Launching browser...
Navigating to page...
Puppeteer error:  net::ERR_CONNECTION_RESET at https://amlalommah.net/
Waiting 2048ms...
Testing url 111/183: http://www.anonymizer.com
Creating SSL keylog file...
Successfully created.
Starting capture for anonymizer.com, test dns #0
tshark child process exited with code 0
Successfully started capturing.
Starting DNS Tests...
Successfully ran DNS tests.
Starting capture for anonymizer.com, test pageload #0
tshark child process exited with code 0
Successfully started capturing.
Launching browser...
Navigating to page...
Capturing screenshot...
Success!
Waiting 3258ms...
Testing url 112/183: https://hola.org/
Creating SSL keylog file...
Successfully created.
Starting capture for hola.org, test dns #0
tshark child process exited with code 0
Successfully started capturing.
Starting DNS Tests...
Successfully ran DNS tests.
Starting capture for hola.org, test pageload #0
tshark child process exited with code 0
Successfully started capturing.
Launching browser...
Navigating to page...
Puppeteer error:  net::ERR_TIMED_OUT at https://hola.org/
Waiting 3906ms...
Testing url 113/183: https://www.aljazeera.com/
Creating SSL keylog file...
Successfully created.
Starting capture for aljazeera.com, test dns #0
tshark child process exited with code 0
Successfully started capturing.
Starting DNS Tests...
Successfully ran DNS tests.
Starting capture for aljazeera.com, test pageload #0
tshark child process exited with code 0
Successfully started capturing.
Launching browser...
Navigating to page...
Puppeteer error:  net::ERR_CONNECTION_RESET at https://www.aljazeera.com/
Waiting 3290ms...
Testing url 114/183: http://www.muhammadanism.com/
Creating SSL keylog file...
Successfully created.
Starting capture for muhammadanism.com, test dns #0
tshark child process exited with code 0
Successfully started capturing.
Starting DNS Tests...
Successfully ran DNS tests.
Starting capture for muhammadanism.com, test pageload #0
tshark child process exited with code 0
Successfully started capturing.
Launching browser...
Navigating to page...
Capturing screenshot...
Success!
Waiting 3504ms...
Testing url 115/183: https://ultrasawt.com/
Creating SSL keylog file...
Successfully created.
Starting capture for ultrasawt.com, test dns #0
tshark child process exited with code 0
Successfully started capturing.
Starting DNS Tests...
Successfully ran DNS tests.
Starting capture for ultrasawt.com, test pageload #0
tshark child process exited with code 0
Successfully started capturing.
Launching browser...
Navigating to page...
Puppeteer error:  net::ERR_CONNECTION_RESET at https://ultrasawt.com/
Waiting 3377ms...
Testing url 116/183: https://www.vpnlux.com/
Creating SSL keylog file...
Successfully created.
Starting capture for vpnlux.com, test dns #0
tshark child process exited with code 0
Successfully started capturing.
Starting DNS Tests...
Successfully ran DNS tests.
Starting capture for vpnlux.com, test pageload #0
tshark child process exited with code 0
Successfully started capturing.
Launching browser...
Navigating to page...
Capturing screenshot...
Success!
Waiting 2212ms...
Testing url 117/183: https://tv.arblionz.com/
Creating SSL keylog file...
Successfully created.
Starting capture for tv.arblionz.com, test dns #0
tshark child process exited with code 0
Successfully started capturing.
Starting DNS Tests...
Successfully ran DNS tests.
Starting capture for tv.arblionz.com, test pageload #0
tshark child process exited with code 0
Successfully started capturing.
Launching browser...
Navigating to page...
Puppeteer error:  net::ERR_CONNECTION_RESET at https://tv.arblionz.com/
Waiting 2852ms...
Testing url 118/183: https://vvw.almanassa.net/
Creating SSL keylog file...
Successfully created.
Starting capture for vvw.almanassa.net, test dns #0
tshark child process exited with code 0
Successfully started capturing.
Starting DNS Tests...
Successfully ran DNS tests.
Starting capture for vvw.almanassa.net, test pageload #0
tshark child process exited with code 0
Successfully started capturing.
Launching browser...
Navigating to page...
Puppeteer error:  net::ERR_CONNECTION_RESET at https://vvw.almanassa.net/
Waiting 3826ms...
Testing url 119/183: https://www.reporter-ohne-grenzen.de/
Creating SSL keylog file...
Successfully created.
Starting capture for reporter-ohne-grenzen.de, test dns #0
tshark child process exited with code 0
Successfully started capturing.
Starting DNS Tests...
Successfully ran DNS tests.
Starting capture for reporter-ohne-grenzen.de, test pageload #0
tshark child process exited with code 0
Successfully started capturing.
Launching browser...
Navigating to page...
Puppeteer error:  net::ERR_CONNECTION_RESET at https://www.reporter-ohne-grenzen.de/
Waiting 2895ms...
Testing url 120/183: http://www.takesper.gq
Creating SSL keylog file...
Successfully created.
Starting capture for takesper.gq, test dns #0
tshark child process exited with code 0
Successfully started capturing.
Starting DNS Tests...
Successfully ran DNS tests.
Starting capture for takesper.gq, test pageload #0
tshark child process exited with code 0
Successfully started capturing.
Launching browser...
Navigating to page...
Capturing screenshot...
Success!
Waiting 2239ms...
Testing url 121/183: https://www.tahrirnews.com/
Creating SSL keylog file...
Successfully created.
Starting capture for tahrirnews.com, test dns #0
tshark child process exited with code 0
Successfully started capturing.
Starting DNS Tests...
Error running DNS on default servers:  queryA ENODATA tahrirnews.com
Successfully ran DNS tests.
Starting capture for tahrirnews.com, test pageload #0
tshark child process exited with code 0
Successfully started capturing.
Launching browser...
Navigating to page...
Puppeteer error:  net::ERR_NAME_NOT_RESOLVED at https://www.tahrirnews.com/
Waiting 3530ms...
Testing url 122/183: http://akhbarturkiya.com/
Creating SSL keylog file...
Successfully created.
Starting capture for akhbarturkiya.com, test dns #1
tshark child process exited with code 0
Successfully started capturing.
Starting DNS Tests...
Successfully ran DNS tests.
Starting capture for akhbarturkiya.com, test pageload #1
tshark child process exited with code 0
Successfully started capturing.
Launching browser...
Navigating to page...
Puppeteer error:  net::ERR_CONNECTION_RESET at http://akhbarturkiya.com/
Waiting 3303ms...
Testing url 123/183: https://securevpn.com/
Creating SSL keylog file...
Successfully created.
Starting capture for securevpn.com, test dns #0
tshark child process exited with code 0
Successfully started capturing.
Starting DNS Tests...
Successfully ran DNS tests.
Starting capture for securevpn.com, test pageload #0
tshark child process exited with code 0
Successfully started capturing.
Launching browser...
Navigating to page...
Puppeteer error:  net::ERR_TIMED_OUT at https://securevpn.com/
Waiting 3434ms...
Testing url 124/183: http://www.moderndrunkardmagazine.com/
Creating SSL keylog file...
Successfully created.
Starting capture for moderndrunkardmagazine.com, test dns #0
tshark child process exited with code 0
Successfully started capturing.
Starting DNS Tests...
Successfully ran DNS tests.
Starting capture for moderndrunkardmagazine.com, test pageload #0
tshark child process exited with code 0
Successfully started capturing.
Launching browser...
Navigating to page...
Capturing screenshot...
Success!
Waiting 2511ms...
Testing url 125/183: http://egybest.bid
Creating SSL keylog file...
Successfully created.
Starting capture for egybest.bid, test dns #0
tshark child process exited with code 0
Successfully started capturing.
Starting DNS Tests...
Successfully ran DNS tests.
Starting capture for egybest.bid, test pageload #0
tshark child process exited with code 0
Successfully started capturing.
Launching browser...
Navigating to page...
Puppeteer error:  net::ERR_CONNECTION_RESET at http://egybest.bid
Waiting 2493ms...
Testing url 126/183: http://www.tunnelbear.com
Creating SSL keylog file...
Successfully created.
Starting capture for tunnelbear.com, test dns #1
tshark child process exited with code 0
Successfully started capturing.
Starting DNS Tests...
Successfully ran DNS tests.
Starting capture for tunnelbear.com, test pageload #1
tshark child process exited with code 0
Successfully started capturing.
Launching browser...
Navigating to page...
Puppeteer error:  net::ERR_TIMED_OUT at http://www.tunnelbear.com
Waiting 2207ms...
Testing url 127/183: http://wilpf.org/
Creating SSL keylog file...
Successfully created.
Starting capture for wilpf.org, test dns #0
tshark child process exited with code 0
Successfully started capturing.
Starting DNS Tests...
Successfully ran DNS tests.
Starting capture for wilpf.org, test pageload #0
tshark child process exited with code 0
Successfully started capturing.
Launching browser...
Navigating to page...
Capturing screenshot...
Success!
Waiting 3976ms...
Testing url 128/183: https://eg.arblionz.com/
Creating SSL keylog file...
Successfully created.
Starting capture for eg.arblionz.com, test dns #0
tshark child process exited with code 0
Successfully started capturing.
Starting DNS Tests...
Successfully ran DNS tests.
Starting capture for eg.arblionz.com, test pageload #0
tshark child process exited with code 0
Successfully started capturing.
Launching browser...
Navigating to page...
Puppeteer error:  net::ERR_CONNECTION_RESET at https://eg.arblionz.com/
Waiting 2398ms...
Testing url 129/183: http://movizland.online/
Creating SSL keylog file...
Successfully created.
Starting capture for movizland.online, test dns #0
tshark child process exited with code 0
Successfully started capturing.
Starting DNS Tests...
Successfully ran DNS tests.
Starting capture for movizland.online, test pageload #0
tshark child process exited with code 0
Successfully started capturing.
Launching browser...
Navigating to page...
Puppeteer error:  net::ERR_CONNECTION_RESET at http://movizland.online/
Waiting 2814ms...
Testing url 130/183: http://www.raya.com
Creating SSL keylog file...
Successfully created.
Starting capture for raya.com, test dns #2
tshark child process exited with code 0
Successfully started capturing.
Starting DNS Tests...
Successfully ran DNS tests.
Starting capture for raya.com, test pageload #2
tshark child process exited with code 0
Successfully started capturing.
Launching browser...
Navigating to page...
Puppeteer error:  net::ERR_CONNECTION_RESET at http://www.raya.com
Waiting 3532ms...
Testing url 131/183: https://ar4up.com/
Creating SSL keylog file...
Successfully created.
Starting capture for ar4up.com, test dns #0
tshark child process exited with code 0
Successfully started capturing.
Starting DNS Tests...
Successfully ran DNS tests.
Starting capture for ar4up.com, test pageload #0
tshark child process exited with code 0
Successfully started capturing.
Launching browser...
Navigating to page...
Capturing screenshot...
Success!
Waiting 3740ms...
Testing url 132/183: https://postimage.io/
Creating SSL keylog file...
Successfully created.
Starting capture for postimage.io, test dns #0
tshark child process exited with code 0
Successfully started capturing.
Starting DNS Tests...
Successfully ran DNS tests.
Starting capture for postimage.io, test pageload #0
tshark child process exited with code 0
Successfully started capturing.
Launching browser...
Navigating to page...
Capturing screenshot...
Success!
Waiting 3623ms...
Testing url 133/183: https://www.secfirst.org/
Creating SSL keylog file...
Successfully created.
Starting capture for secfirst.org, test dns #0
tshark child process exited with code 0
Successfully started capturing.
Starting DNS Tests...
Successfully ran DNS tests.
Starting capture for secfirst.org, test pageload #0
tshark child process exited with code 0
Successfully started capturing.
Launching browser...
Navigating to page...
Capturing screenshot...
Success!
Waiting 2718ms...
Testing url 134/183: http://alaraby.tv
Creating SSL keylog file...
Successfully created.
Starting capture for alaraby.tv, test dns #0
tshark child process exited with code 0
Successfully started capturing.
Starting DNS Tests...
Successfully ran DNS tests.
Starting capture for alaraby.tv, test pageload #0
tshark child process exited with code 0
Successfully started capturing.
Launching browser...
Navigating to page...
Capturing screenshot...
Success!
Waiting 3902ms...
Testing url 135/183: https://www.goldenfrog.com/
Creating SSL keylog file...
Successfully created.
Starting capture for goldenfrog.com, test dns #0
tshark child process exited with code 0
Successfully started capturing.
Starting DNS Tests...
Successfully ran DNS tests.
Starting capture for goldenfrog.com, test pageload #0
tshark child process exited with code 0
Successfully started capturing.
Launching browser...
Navigating to page...
Puppeteer error:  net::ERR_TIMED_OUT at https://www.goldenfrog.com/
Waiting 3421ms...
Testing url 136/183: http://dailynewsegypt.com
Creating SSL keylog file...
Successfully created.
Starting capture for dailynewsegypt.com, test dns #0
tshark child process exited with code 0
Successfully started capturing.
Starting DNS Tests...
Successfully ran DNS tests.
Starting capture for dailynewsegypt.com, test pageload #0
tshark child process exited with code 0
Successfully started capturing.
Launching browser...
Navigating to page...
Capturing screenshot...
Success!
Waiting 3509ms...
Testing url 137/183: http://almesryoon.com
Creating SSL keylog file...
Successfully created.
Starting capture for almesryoon.com, test dns #0
tshark child process exited with code 0
Successfully started capturing.
Starting DNS Tests...
Successfully ran DNS tests.
Starting capture for almesryoon.com, test pageload #0
tshark child process exited with code 0
Successfully started capturing.
Launching browser...
Navigating to page...
Puppeteer error:  net::ERR_CONNECTION_RESET at http://almesryoon.com
Waiting 3263ms...
Testing url 138/183: http://www.thepeninsulaqatar.com
Creating SSL keylog file...
Successfully created.
Starting capture for thepeninsulaqatar.com, test dns #1
tshark child process exited with code 0
Successfully started capturing.
Starting DNS Tests...
Successfully ran DNS tests.
Starting capture for thepeninsulaqatar.com, test pageload #1
tshark child process exited with code 0
Successfully started capturing.
Launching browser...
Navigating to page...
Puppeteer error:  net::ERR_CONNECTION_RESET at http://www.thepeninsulaqatar.com
Waiting 3555ms...
Testing url 139/183: https://www.al-akhbar.com/
Creating SSL keylog file...
Successfully created.
Starting capture for al-akhbar.com, test dns #2
tshark child process exited with code 0
Successfully started capturing.
Starting DNS Tests...
Error running DNS on default servers:  queryA ENODATA al-akhbar.com
Successfully ran DNS tests.
Starting capture for al-akhbar.com, test pageload #2
tshark child process exited with code 0
Successfully started capturing.
Launching browser...
Navigating to page...
Puppeteer error:  net::ERR_NAME_NOT_RESOLVED at https://www.al-akhbar.com/
Waiting 2553ms...
Testing url 140/183: http://www.safervpn.com
Creating SSL keylog file...
Successfully created.
Starting capture for safervpn.com, test dns #0
tshark child process exited with code 0
Successfully started capturing.
Starting DNS Tests...
Successfully ran DNS tests.
Starting capture for safervpn.com, test pageload #0
tshark child process exited with code 0
Successfully started capturing.
Launching browser...
Navigating to page...
Puppeteer error:  net::ERR_CONNECTION_RESET at http://www.safervpn.com
Waiting 3513ms...
Testing url 141/183: https://hamas.ps/
Creating SSL keylog file...
Successfully created.
Starting capture for hamas.ps, test dns #0
tshark child process exited with code 0
Successfully started capturing.
Starting DNS Tests...
Successfully ran DNS tests.
Starting capture for hamas.ps, test pageload #0
tshark child process exited with code 0
Successfully started capturing.
Launching browser...
Navigating to page...
Puppeteer error:  net::ERR_CONNECTION_RESET at https://hamas.ps/
Waiting 3465ms...
Testing url 142/183: https://ikhwanonline.info/
Creating SSL keylog file...
Successfully created.
Starting capture for ikhwanonline.info, test dns #0
tshark child process exited with code 0
Successfully started capturing.
Starting DNS Tests...
Error running DNS on default servers:  queryA ENODATA ikhwanonline.info
Successfully ran DNS tests.
Starting capture for ikhwanonline.info, test pageload #0
tshark child process exited with code 0
Successfully started capturing.
Launching browser...
Navigating to page...
Puppeteer error:  net::ERR_NAME_NOT_RESOLVED at https://ikhwanonline.info/
Waiting 3271ms...
Testing url 143/183: http://www.elwehda.com
Creating SSL keylog file...
Successfully created.
Starting capture for elwehda.com, test dns #0
tshark child process exited with code 0
Successfully started capturing.
Starting DNS Tests...
Successfully ran DNS tests.
Starting capture for elwehda.com, test pageload #0
tshark child process exited with code 0
Successfully started capturing.
Launching browser...
Navigating to page...
Puppeteer error:  net::ERR_CONNECTION_RESET at http://www.elwehda.com
Waiting 2051ms...
Testing url 144/183: http://www.toolur.com/
Creating SSL keylog file...
Successfully created.
Starting capture for toolur.com, test dns #1
tshark child process exited with code 0
Successfully started capturing.
Starting DNS Tests...
Successfully ran DNS tests.
Starting capture for toolur.com, test pageload #1
tshark child process exited with code 0
Successfully started capturing.
Launching browser...
Navigating to page...
Capturing screenshot...
Success!
Waiting 2672ms...
Testing url 145/183: https://www.f-secure.com/en/home/products/freedome/
Creating SSL keylog file...
Successfully created.
Starting capture for f-secure.com, test dns #0
tshark child process exited with code 0
Successfully started capturing.
Starting DNS Tests...
Successfully ran DNS tests.
Starting capture for f-secure.com, test pageload #0
tshark child process exited with code 0
Successfully started capturing.
Launching browser...
Navigating to page...
Puppeteer error:  net::ERR_CONNECTION_RESET at https://www.f-secure.com/en/home/products/freedome/
Waiting 2231ms...
Testing url 146/183: http://www.usacasino.com/
Creating SSL keylog file...
Successfully created.
Starting capture for usacasino.com, test dns #0
tshark child process exited with code 0
Successfully started capturing.
Starting DNS Tests...
Successfully ran DNS tests.
Starting capture for usacasino.com, test pageload #0
tshark child process exited with code 0
Successfully started capturing.
Launching browser...
Navigating to page...
Puppeteer error:  Navigation timeout of 60000 ms exceeded
Waiting 2846ms...
Testing url 147/183: https://freedomhouse.org/
Creating SSL keylog file...
Successfully created.
Starting capture for freedomhouse.org, test dns #0
tshark child process exited with code 0
Successfully started capturing.
Starting DNS Tests...
Successfully ran DNS tests.
Starting capture for freedomhouse.org, test pageload #0
tshark child process exited with code 0
Successfully started capturing.
Launching browser...
Navigating to page...
Capturing screenshot...
Success!
Waiting 3292ms...
Testing url 148/183: http://www.tripod.lycos.com/
Creating SSL keylog file...
Successfully created.
Starting capture for tripod.lycos.com, test dns #0
tshark child process exited with code 0
Successfully started capturing.
Starting DNS Tests...
Successfully ran DNS tests.
Starting capture for tripod.lycos.com, test pageload #0
tshark child process exited with code 0
Successfully started capturing.
Launching browser...
Navigating to page...
Capturing screenshot...
Success!
Waiting 3379ms...
Testing url 149/183: http://www.teenhealthfx.com/
Creating SSL keylog file...
Successfully created.
Starting capture for teenhealthfx.com, test dns #0
tshark child process exited with code 0
Successfully started capturing.
Starting DNS Tests...
Error running DNS on default servers:  queryA ESERVFAIL teenhealthfx.com
Successfully ran DNS tests.
Starting capture for teenhealthfx.com, test pageload #0
tshark child process exited with code 0
Successfully started capturing.
Launching browser...
Navigating to page...
Puppeteer error:  net::ERR_NAME_NOT_RESOLVED at http://www.teenhealthfx.com/
Waiting 3331ms...
Testing url 150/183: http://ekb.eg
Creating SSL keylog file...
Successfully created.
Starting capture for ekb.eg, test dns #0
tshark child process exited with code 0
Successfully started capturing.
Starting DNS Tests...
Successfully ran DNS tests.
Starting capture for ekb.eg, test pageload #0
tshark child process exited with code 0
Successfully started capturing.
Launching browser...
Navigating to page...
Puppeteer error:  net::ERR_CONNECTION_RESET at http://ekb.eg
Waiting 3685ms...
Testing url 151/183: http://alkessa.com/
Creating SSL keylog file...
Successfully created.
Starting capture for alkessa.com, test dns #0
tshark child process exited with code 0
Successfully started capturing.
Starting DNS Tests...
Successfully ran DNS tests.
Starting capture for alkessa.com, test pageload #0
tshark child process exited with code 0
Successfully started capturing.
Launching browser...
Navigating to page...
Puppeteer error:  net::ERR_CONNECTION_RESET at http://alkessa.com/
Waiting 3989ms...
Testing url 152/183: https://www.wiktionary.org/
Creating SSL keylog file...
Successfully created.
Starting capture for wiktionary.org, test dns #0
tshark child process exited with code 0
Successfully started capturing.
Starting DNS Tests...
Successfully ran DNS tests.
Starting capture for wiktionary.org, test pageload #0
tshark child process exited with code 0
Successfully started capturing.
Launching browser...
Navigating to page...
Capturing screenshot...
Success!
Waiting 2817ms...
tshark child process exited with code 0
Testing url 153/183: https://freesafeip.com/
Creating SSL keylog file...
Successfully created.
Starting capture for freesafeip.com, test dns #0
Successfully started capturing.
Starting DNS Tests...
Successfully ran DNS tests.
Starting capture for freesafeip.com, test pageload #0
tshark child process exited with code 0
Successfully started capturing.
Launching browser...
Navigating to page...
Capturing screenshot...
Success!
Waiting 2956ms...
Testing url 154/183: https://madamirrored.appspot.com/www.madamasr.com/
Creating SSL keylog file...
Successfully created.
Starting capture for madamirrored.appspot.com, test dns #0
tshark child process exited with code 0
Successfully started capturing.
Starting DNS Tests...
Successfully ran DNS tests.
Starting capture for madamirrored.appspot.com, test pageload #0
tshark child process exited with code 0
Successfully started capturing.
Launching browser...
Navigating to page...
Puppeteer error:  net::ERR_CONNECTION_REFUSED at https://madamirrored.appspot.com/www.madamasr.com/
Waiting 2775ms...
Testing url 155/183: https://elbadil.com/
Creating SSL keylog file...
Successfully created.
Starting capture for elbadil.com, test dns #1
tshark child process exited with code 0
Successfully started capturing.
Starting DNS Tests...
Successfully ran DNS tests.
Starting capture for elbadil.com, test pageload #1
tshark child process exited with code 0
Successfully started capturing.
Launching browser...
Navigating to page...
Puppeteer error:  net::ERR_CONNECTION_RESET at https://elbadil.com/
Waiting 2870ms...
Testing url 156/183: http://arabi21.com
Creating SSL keylog file...
Successfully created.
Starting capture for arabi21.com, test dns #0
tshark child process exited with code 0
Successfully started capturing.
Starting DNS Tests...
Successfully ran DNS tests.
Starting capture for arabi21.com, test pageload #0
tshark child process exited with code 0
Successfully started capturing.
Launching browser...
Navigating to page...
Puppeteer error:  net::ERR_CONNECTION_RESET at http://arabi21.com
Waiting 2416ms...
Testing url 157/183: http://www.huffingtonpost.com/
Creating SSL keylog file...
Successfully created.
Starting capture for huffingtonpost.com, test dns #0
tshark child process exited with code 0
Successfully started capturing.
Starting DNS Tests...
Successfully ran DNS tests.
Starting capture for huffingtonpost.com, test pageload #0
tshark child process exited with code 0
Successfully started capturing.
Launching browser...
Navigating to page...
Puppeteer error:  net::ERR_CONNECTION_RESET at http://www.huffingtonpost.com/
Waiting 3519ms...
Testing url 158/183: http://imo.im/
Creating SSL keylog file...
Successfully created.
Starting capture for imo.im, test dns #0
tshark child process exited with code 0
Successfully started capturing.
Starting DNS Tests...
Successfully ran DNS tests.
Starting capture for imo.im, test pageload #0
tshark child process exited with code 0
Successfully started capturing.
Launching browser...
Navigating to page...
Capturing screenshot...
Success!
Waiting 2950ms...
Testing url 159/183: http://www.cseindia.org/
Creating SSL keylog file...
Successfully created.
Starting capture for cseindia.org, test dns #0
tshark child process exited with code 0
Successfully started capturing.
Starting DNS Tests...
Successfully ran DNS tests.
Starting capture for cseindia.org, test pageload #0
tshark child process exited with code 0
Successfully started capturing.
Launching browser...
Navigating to page...
Capturing screenshot...
Success!
Waiting 2678ms...
Testing url 160/183: https://cdn.ampproject.org/v0/amp-iframe-0.1.js
Creating SSL keylog file...
Successfully created.
Starting capture for cdn.ampproject.org, test dns #0
tshark child process exited with code 0
Successfully started capturing.
Starting DNS Tests...
Successfully ran DNS tests.
Starting capture for cdn.ampproject.org, test pageload #0
tshark child process exited with code 0
Successfully started capturing.
Launching browser...
Navigating to page...
Puppeteer error:  net::ERR_TIMED_OUT at https://cdn.ampproject.org/v0/amp-iframe-0.1.js
Waiting 2686ms...
Testing url 161/183: https://almodon.com/
Creating SSL keylog file...
Successfully created.
Starting capture for almodon.com, test dns #0
tshark child process exited with code 0
Successfully started capturing.
Starting DNS Tests...
Successfully ran DNS tests.
Starting capture for almodon.com, test pageload #0
tshark child process exited with code 0
Successfully started capturing.
Launching browser...
Navigating to page...
Puppeteer error:  net::ERR_CONNECTION_RESET at https://almodon.com/
Waiting 3143ms...
Testing url 162/183: http://madamasr.com
Creating SSL keylog file...
Successfully created.
Starting capture for madamasr.com, test dns #0
tshark child process exited with code 0
Successfully started capturing.
Starting DNS Tests...
Successfully ran DNS tests.
Starting capture for madamasr.com, test pageload #0
tshark child process exited with code 0
Successfully started capturing.
Launching browser...
Navigating to page...
Puppeteer error:  net::ERR_CONNECTION_RESET at http://madamasr.com
Waiting 2035ms...
Testing url 163/183: https://www.alarab.qa/
Creating SSL keylog file...
Successfully created.
Starting capture for alarab.qa, test dns #1
tshark child process exited with code 0
Successfully started capturing.
Starting DNS Tests...
Successfully ran DNS tests.
Starting capture for alarab.qa, test pageload #1
tshark child process exited with code 0
Successfully started capturing.
Launching browser...
Navigating to page...
Puppeteer error:  net::ERR_CONNECTION_RESET at https://www.alarab.qa/
Waiting 2484ms...
Testing url 164/183: https://mada23.appspot.com/madamasr.com/
Creating SSL keylog file...
Successfully created.
Starting capture for mada23.appspot.com, test dns #0
tshark child process exited with code 0
Successfully started capturing.
Starting DNS Tests...
Successfully ran DNS tests.
Starting capture for mada23.appspot.com, test pageload #0
tshark child process exited with code 0
Successfully started capturing.
Launching browser...
Navigating to page...
Puppeteer error:  net::ERR_CONNECTION_RESET at https://mada23.appspot.com/madamasr.com/
Waiting 3818ms...
Testing url 165/183: http://namnak.com
Creating SSL keylog file...
Successfully created.
Starting capture for namnak.com, test dns #0
tshark child process exited with code 0
Successfully started capturing.
Starting DNS Tests...
Successfully ran DNS tests.
Starting capture for namnak.com, test pageload #0
tshark child process exited with code 0
Successfully started capturing.
Launching browser...
Navigating to page...
Capturing screenshot...
Success!
Waiting 3933ms...
Testing url 166/183: https://arabsolaa.com/
Creating SSL keylog file...
Successfully created.
Starting capture for arabsolaa.com, test dns #1
tshark child process exited with code 0
Successfully started capturing.
Starting DNS Tests...
Successfully ran DNS tests.
Starting capture for arabsolaa.com, test pageload #1
tshark child process exited with code 0
Successfully started capturing.
Launching browser...
Navigating to page...
Puppeteer error:  net::ERR_CONNECTION_RESET at https://arabsolaa.com/
Waiting 2921ms...
Testing url 167/183: https://online.wsj.com/
Creating SSL keylog file...
Successfully created.
Starting capture for online.wsj.com, test dns #0
tshark child process exited with code 0
Successfully started capturing.
Starting DNS Tests...
Successfully ran DNS tests.
Starting capture for online.wsj.com, test pageload #0
tshark child process exited with code 0
Successfully started capturing.
Launching browser...
Navigating to page...
Capturing screenshot...
Success!
Waiting 3934ms...
Testing url 168/183: https://tv.mycima.tv/
Creating SSL keylog file...
Successfully created.
Starting capture for tv.mycima.tv, test dns #0
tshark child process exited with code 0
Successfully started capturing.
Starting DNS Tests...
Successfully ran DNS tests.
Starting capture for tv.mycima.tv, test pageload #0
tshark child process exited with code 0
Successfully started capturing.
Launching browser...
Navigating to page...
Puppeteer error:  net::ERR_CONNECTION_RESET at https://tv.mycima.tv/
Waiting 3565ms...
Testing url 169/183: http://myworkdayjobs.com
Creating SSL keylog file...
Successfully created.
Starting capture for myworkdayjobs.com, test dns #0
tshark child process exited with code 0
Successfully started capturing.
Starting DNS Tests...
Successfully ran DNS tests.
Starting capture for myworkdayjobs.com, test pageload #0
tshark child process exited with code 0
Successfully started capturing.
Launching browser...
Navigating to page...
Puppeteer error:  net::ERR_CONNECTION_REFUSED at http://myworkdayjobs.com
Waiting 2384ms...
Testing url 170/183: https://madamirror18.appspot.com/www.madamasr.com/
Creating SSL keylog file...
Successfully created.
Starting capture for madamirror18.appspot.com, test dns #0
tshark child process exited with code 0
Successfully started capturing.
Starting DNS Tests...
Successfully ran DNS tests.
Starting capture for madamirror18.appspot.com, test pageload #0
tshark child process exited with code 0
Successfully started capturing.
Launching browser...
Navigating to page...
Puppeteer error:  net::ERR_CONNECTION_RESET at https://madamirror18.appspot.com/www.madamasr.com/
Waiting 3188ms...
Testing url 171/183: https://madamirror13.appspot.com/madamasr.com/
Creating SSL keylog file...
Successfully created.
Starting capture for madamirror13.appspot.com, test dns #0
tshark child process exited with code 0
Successfully started capturing.
Starting DNS Tests...
Successfully ran DNS tests.
Starting capture for madamirror13.appspot.com, test pageload #0
tshark child process exited with code 0
Successfully started capturing.
Launching browser...
Navigating to page...
Capturing screenshot...
Success!
Waiting 3531ms...
Testing url 172/183: http://kickstarter.com
Creating SSL keylog file...
Successfully created.
Starting capture for kickstarter.com, test dns #0
tshark child process exited with code 0
Successfully started capturing.
Starting DNS Tests...
Successfully ran DNS tests.
Starting capture for kickstarter.com, test pageload #0
tshark child process exited with code 0
Successfully started capturing.
Launching browser...
Navigating to page...
Capturing screenshot...
Success!
Waiting 2597ms...
Testing url 173/183: https://almanassa.com/ar
Creating SSL keylog file...
Successfully created.
Starting capture for almanassa.com, test dns #1
tshark child process exited with code 0
Successfully started capturing.
Starting DNS Tests...
Successfully ran DNS tests.
Starting capture for almanassa.com, test pageload #1
tshark child process exited with code 0
Successfully started capturing.
Launching browser...
Navigating to page...
Puppeteer error:  net::ERR_CONNECTION_RESET at https://almanassa.com/ar
Waiting 3359ms...
Testing url 174/183: http://harmees.com
Creating SSL keylog file...
Successfully created.
Starting capture for harmees.com, test dns #0
tshark child process exited with code 0
Successfully started capturing.
Starting DNS Tests...
Successfully ran DNS tests.
Starting capture for harmees.com, test pageload #0
tshark child process exited with code 0
Successfully started capturing.
Launching browser...
Navigating to page...
Puppeteer error:  net::ERR_CONNECTION_RESET at http://harmees.com
Waiting 3661ms...
Testing url 175/183: https://mastodon.cloud/
Creating SSL keylog file...
Successfully created.
Starting capture for mastodon.cloud, test dns #0
tshark child process exited with code 0
Successfully started capturing.
Starting DNS Tests...
Successfully ran DNS tests.
Starting capture for mastodon.cloud, test pageload #0
tshark child process exited with code 0
Successfully started capturing.
Launching browser...
Navigating to page...
Capturing screenshot...
Success!
Waiting 3011ms...
Testing url 176/183: http://www.bahai.com/
Creating SSL keylog file...
Successfully created.
Starting capture for bahai.com, test dns #0
tshark child process exited with code 0
Successfully started capturing.
Starting DNS Tests...
Successfully ran DNS tests.
Starting capture for bahai.com, test pageload #0
tshark child process exited with code 0
Successfully started capturing.
Launching browser...
Navigating to page...
Capturing screenshot...
Success!
Waiting 2880ms...
Testing url 177/183: http://www.alborsanews.com
Creating SSL keylog file...
Successfully created.
Starting capture for alborsanews.com, test dns #0
tshark child process exited with code 0
Successfully started capturing.
Starting DNS Tests...
Successfully ran DNS tests.
Starting capture for alborsanews.com, test pageload #0
tshark child process exited with code 0
Successfully started capturing.
Launching browser...
Navigating to page...
Puppeteer error:  net::ERR_CONNECTION_RESET at http://www.alborsanews.com
Waiting 2813ms...
Testing url 178/183: https://alarab.qa/
Creating SSL keylog file...
Successfully created.
Starting capture for alarab.qa, test dns #2
tshark child process exited with code 0
Successfully started capturing.
Starting DNS Tests...
Successfully ran DNS tests.
Starting capture for alarab.qa, test pageload #2
tshark child process exited with code 0
Successfully started capturing.
Launching browser...
Navigating to page...
Puppeteer error:  net::ERR_CONNECTION_RESET at https://alarab.qa/
Waiting 3501ms...
Testing url 179/183: http://cima4up.co/%D9%85%D8%B2%D9%8A%D9%83%D8%A7-%D8%AA%D9%88-%D8%AF%D8%A7%D9%89-mazika2day/
Creating SSL keylog file...
Successfully created.
Starting capture for cima4up.co, test dns #0
tshark child process exited with code 0
Successfully started capturing.
Starting DNS Tests...
Successfully ran DNS tests.
Starting capture for cima4up.co, test pageload #0
tshark child process exited with code 0
Successfully started capturing.
Launching browser...
Navigating to page...
Puppeteer error:  net::ERR_CONNECTION_RESET at http://cima4up.co/%D9%85%D8%B2%D9%8A%D9%83%D8%A7-%D8%AA%D9%88-%D8%AF%D8%A7%D9%89-mazika2day/
Waiting 3407ms...
Testing url 180/183: https://www.halacima.net/
Creating SSL keylog file...
Successfully created.
Starting capture for halacima.net, test dns #0
tshark child process exited with code 0
Successfully started capturing.
Starting DNS Tests...
Successfully ran DNS tests.
Starting capture for halacima.net, test pageload #0
tshark child process exited with code 0
Successfully started capturing.
Launching browser...
Navigating to page...
Puppeteer error:  net::ERR_CONNECTION_RESET at https://www.halacima.net/
Waiting 3818ms...
Testing url 181/183: http://www.freshfreeproxy.ga
Creating SSL keylog file...
Successfully created.
Starting capture for freshfreeproxy.ga, test dns #0
tshark child process exited with code 0
Successfully started capturing.
Starting DNS Tests...
Successfully ran DNS tests.
Starting capture for freshfreeproxy.ga, test pageload #0
tshark child process exited with code 0
Successfully started capturing.
Launching browser...
Navigating to page...
Capturing screenshot...
Success!
Waiting 3027ms...
Testing url 182/183: http://www.umayyapress.com
Creating SSL keylog file...
Successfully created.
Starting capture for umayyapress.com, test dns #0
tshark child process exited with code 0
Successfully started capturing.
Starting DNS Tests...
Successfully ran DNS tests.
Starting capture for umayyapress.com, test pageload #0
tshark child process exited with code 0
Successfully started capturing.
Launching browser...
Navigating to page...
Puppeteer error:  net::ERR_CONNECTION_RESET at http://www.umayyapress.com
Waiting 3113ms...
Testing url 183/183: http://www.drudgereport.com/
Creating SSL keylog file...
Successfully created.
Starting capture for drudgereport.com, test dns #0
tshark child process exited with code 0
Successfully started capturing.
Starting DNS Tests...
Successfully ran DNS tests.
Starting capture for drudgereport.com, test pageload #0
tshark child process exited with code 0
Successfully started capturing.
Launching browser...
Navigating to page...
Capturing screenshot...
Success!
Waiting 2356ms...
tshark child process exited with code 0
