CLIENT_HANDSHAKE_TRAFFIC_SECRET 10e164e32fc8f4e72c54d336fb37a10a700692ca61cb24916eb45364df508e24 3fcf36fc2f4e00661fa94d25c5c16f562a396cb0d122359380d88751efdb3c1d
SERVER_HANDSHAKE_TRAFFIC_SECRET 10e164e32fc8f4e72c54d336fb37a10a700692ca61cb24916eb45364df508e24 a0ef6518596467255cedc3638724979fc339c4c51fb127786176182f8a3058b4
CLIENT_TRAFFIC_SECRET_0 10e164e32fc8f4e72c54d336fb37a10a700692ca61cb24916eb45364df508e24 51434e5b70c0d1ae08f7fad6c4a518429ab038bb533b78585d6e87bcd99c6609
SERVER_TRAFFIC_SECRET_0 10e164e32fc8f4e72c54d336fb37a10a700692ca61cb24916eb45364df508e24 edcf96bb9d3b8dd2c9386e39cb4afa9d05d7c2803b1216a30de909620bca910b
EXPORTER_SECRET 10e164e32fc8f4e72c54d336fb37a10a700692ca61cb24916eb45364df508e24 1422af83ae68b289833e29813b0138001362eec79aebcecc0cfb3b025386e467
CLIENT_HANDSHAKE_TRAFFIC_SECRET e3921381cdb778189b367f387c6411308e719426b10fee2f67048b0062d81573 5a062ffd83c274acbb822e71fcc95ce32f2546dff19cd8db49c0c27103bd141e
SERVER_HANDSHAKE_TRAFFIC_SECRET e3921381cdb778189b367f387c6411308e719426b10fee2f67048b0062d81573 ff13f1473605bd6a6eba97b4cc642ab4196521508154a6760c10550f5c1fb48a
CLIENT_TRAFFIC_SECRET_0 e3921381cdb778189b367f387c6411308e719426b10fee2f67048b0062d81573 42dcf9a97264df92f741b80f77461c0d9fce3170fb4f0ff40d5aa75755e639dc
SERVER_TRAFFIC_SECRET_0 e3921381cdb778189b367f387c6411308e719426b10fee2f67048b0062d81573 7ca5c1cbc0396c83f57f263dc4ebf25d651cf10404478c42f1c00f66d275915d
EXPORTER_SECRET e3921381cdb778189b367f387c6411308e719426b10fee2f67048b0062d81573 cfd4d84f8c1ac65f6321902badac17ba1d321e7e119942695aa63028a3bdeb06
CLIENT_HANDSHAKE_TRAFFIC_SECRET 42e031f725b726f0440f1d73da3a09c3ce8da7bb1ef84f0aeb5bb78055898134 53dfffa3d9c6ae1b7d3d67933804207575b6830b837385b54f8530c7f29face8
SERVER_HANDSHAKE_TRAFFIC_SECRET 42e031f725b726f0440f1d73da3a09c3ce8da7bb1ef84f0aeb5bb78055898134 392659160600b9576f73a63f0f0b63e2c4a0e5a0d4baea15cc3f79c784bae9bf
CLIENT_TRAFFIC_SECRET_0 42e031f725b726f0440f1d73da3a09c3ce8da7bb1ef84f0aeb5bb78055898134 3a87b119df63734fb560507fde94ba79684af2a75301b75e5ba721dda48a161e
SERVER_TRAFFIC_SECRET_0 42e031f725b726f0440f1d73da3a09c3ce8da7bb1ef84f0aeb5bb78055898134 65b0404f133423c83510278350094d3c3c3d07bffbac6392b79aeb6b98b17511
EXPORTER_SECRET 42e031f725b726f0440f1d73da3a09c3ce8da7bb1ef84f0aeb5bb78055898134 e8c887493d5279b6d23b42cd5a512811cd52b116ab63594feb51c5bc1c68d24a
CLIENT_RANDOM 0a900277300419478431b170354324c25b64a060c3c5ce340b1ea0bf9cf164ca e28eb31b9a51b1fde9924af41567f7ba5691a5855b2ce127bad226ea26cf60a43f1ef484e153415fe814ac12c8be4fcb
CLIENT_RANDOM baafb62975a179ed6267f8865258e049bf763173a7ee23c45dfc9052881d291d badb0c965ab1b073b35900dc443255c021e70fea19d9ca6e815f65baee02a6250fc2faa3f2805d9b97620a2b55970bf8
CLIENT_RANDOM 5ce7eed32d65b11723719e510855c984348cf3eeef63c74c3bbd24b272f40324 1f91a0d38d30e88fa6cee15ef35d893dda361fd17c7a7e1dcbc23808b52285e62086a132a74978f8962b0b783f116f68
CLIENT_RANDOM 276607ec30ec363425d8cf2e7b9affd51ae91ec607c1439c269a74c28793ecc0 4e560896722e20420bcb86902e15f3c2cf543c3b0ffa1e55463763850985fe35bd6bc961a6b2939146cce1e82158d70b
CLIENT_HANDSHAKE_TRAFFIC_SECRET 407141691a698bd7f68fe966253d49a5015d94e7a53fa90c33c4d79bd54e8cdb e1c95231baff75ee4f70191f4080245f7328c88ea50007f89b9d5507c1009b88f445e265c6219f4b27a7fe8aa36f7394
SERVER_HANDSHAKE_TRAFFIC_SECRET 407141691a698bd7f68fe966253d49a5015d94e7a53fa90c33c4d79bd54e8cdb f5cb1cbe4502b312d81ff0c68bad4e59b13c32b64e3f33a7c3e349f4f957447b0710338953ef690dd7437f4c7103160c
CLIENT_TRAFFIC_SECRET_0 407141691a698bd7f68fe966253d49a5015d94e7a53fa90c33c4d79bd54e8cdb 5ab9a01d0638430ee982c2620b5f8967a3fae7065a2c3ff6b21ae9fd7c47ab64fb866f798eefaff9051e526058c9a7e3
SERVER_TRAFFIC_SECRET_0 407141691a698bd7f68fe966253d49a5015d94e7a53fa90c33c4d79bd54e8cdb 732cd1cf8abf989aee497b4754f2808dfd6da9c63d4ad3ef8dd2a0ea2a217397521ef7f928549558a662db0ae2fb7f71
EXPORTER_SECRET 407141691a698bd7f68fe966253d49a5015d94e7a53fa90c33c4d79bd54e8cdb de01831e9e5efc535654c28d5966bf8251e5d1b9a2793720a82abb7af9005d96a501e9732daf46936aa84124db93340f
CLIENT_HANDSHAKE_TRAFFIC_SECRET bc208db311cc2b4a01bf8c492b330ccb18939b6f9cd2c273b0160dbeacc643cc 57d1ae2cdc6a978826fe7c0b00d62d93bd401b3165890ffb4134260c94abb14b
SERVER_HANDSHAKE_TRAFFIC_SECRET bc208db311cc2b4a01bf8c492b330ccb18939b6f9cd2c273b0160dbeacc643cc 6773ca4ba943cf4db8d6ae40c7a66b3d93accbac6d36fe8f9964edd18763e89a
CLIENT_TRAFFIC_SECRET_0 bc208db311cc2b4a01bf8c492b330ccb18939b6f9cd2c273b0160dbeacc643cc 6133b217789f63a70ab2172251290adbc93b43a2b35371d439f858d0a79ff17c
SERVER_TRAFFIC_SECRET_0 bc208db311cc2b4a01bf8c492b330ccb18939b6f9cd2c273b0160dbeacc643cc 1ea63bef71e6d6076d2ac0c8d0ecaafbdb741a81f2598e358f22bfbc86fc61c7
EXPORTER_SECRET bc208db311cc2b4a01bf8c492b330ccb18939b6f9cd2c273b0160dbeacc643cc b1e6491bd932f54747e019b3b6aee79f0a93a04603f5df3828f71f31c5c31bd4
CLIENT_HANDSHAKE_TRAFFIC_SECRET a4297953347dc0a4e116f5cd2cd076cd49ee1fe757054d8b88a7ac189cdd08c4 82edc7bdd403bb5b2ebd6da7e8822d9a805e861e8498e13c069af9007370f2ced97142adc0a4cf92beb8dad7aaba1a14
SERVER_HANDSHAKE_TRAFFIC_SECRET a4297953347dc0a4e116f5cd2cd076cd49ee1fe757054d8b88a7ac189cdd08c4 4b7b7d85d58f51f25686563a440e5b5c5bb23ba82a2b5789b590abad0d0f008d45b6f5d32b4e6002ec4f1bce81c8f75c
CLIENT_TRAFFIC_SECRET_0 a4297953347dc0a4e116f5cd2cd076cd49ee1fe757054d8b88a7ac189cdd08c4 2979d8aee6824c07f148d7d674fd56b0567a11988ee636f60123f5f9eee7b30e2ac08a1cfef8e8a31dd313093d9780f7
SERVER_TRAFFIC_SECRET_0 a4297953347dc0a4e116f5cd2cd076cd49ee1fe757054d8b88a7ac189cdd08c4 201b15bf7104ccc996943778578ddeece4835a9a2a6762f79d84a6074590a474e2b26e58ce63ded8b73d97001e5ceb1b
EXPORTER_SECRET a4297953347dc0a4e116f5cd2cd076cd49ee1fe757054d8b88a7ac189cdd08c4 d3f0b2bf8a341acd3d3d7f2b58e2bf41fbf9d19b07bf868a6d8888981327cdae2b2954eca48747ad463a8965abe340cf
CLIENT_HANDSHAKE_TRAFFIC_SECRET 8fd4915c2e745cf5a3b9b36aab74d0d285c439c90d44affcd53f7fbf8173a37f ae144521f3197a914d8dfcc2d7bdb6337e126027e818cc7e4cf55c612709f88c
SERVER_HANDSHAKE_TRAFFIC_SECRET 8fd4915c2e745cf5a3b9b36aab74d0d285c439c90d44affcd53f7fbf8173a37f a4794f8085faa6afba9bc3dbd7f3d0c263b222f822b9ec9a34b65e4f55a15b33
CLIENT_TRAFFIC_SECRET_0 8fd4915c2e745cf5a3b9b36aab74d0d285c439c90d44affcd53f7fbf8173a37f b48bb1c4d2c3908ec7b160cf3421edb5a283089d7004b024ba280e6e6186af83
SERVER_TRAFFIC_SECRET_0 8fd4915c2e745cf5a3b9b36aab74d0d285c439c90d44affcd53f7fbf8173a37f 744c39dd776a25b264df27a98093f0a3d8022c935edabeee0cdb390a2769295f
EXPORTER_SECRET 8fd4915c2e745cf5a3b9b36aab74d0d285c439c90d44affcd53f7fbf8173a37f 6fea9aaae077c1bfca16804115edeea55d5da5b7c01e2452548e29cc93f1d6c8
CLIENT_HANDSHAKE_TRAFFIC_SECRET 9875b609339b2ae5647a270fc4024586a49598acdcb1c7322cce88bda13a65c1 4afd7a531eca3b7ddf6b74a1eae1e06a148c0c53160d6777c4656055be8c7b9d
SERVER_HANDSHAKE_TRAFFIC_SECRET 9875b609339b2ae5647a270fc4024586a49598acdcb1c7322cce88bda13a65c1 ecd8aee86d62d51d74699e195da153bd3277219c6df0ace163e3ee83a5452dec
CLIENT_TRAFFIC_SECRET_0 9875b609339b2ae5647a270fc4024586a49598acdcb1c7322cce88bda13a65c1 9598ffa98453ffa754ca6239a2d20403e6829c7549e2d3687ebb17d8665e2783
SERVER_TRAFFIC_SECRET_0 9875b609339b2ae5647a270fc4024586a49598acdcb1c7322cce88bda13a65c1 0f0f8b166ce83a5ec9ffb0b1d4b120932a3893e3c4025aafaf292468b72e0016
EXPORTER_SECRET 9875b609339b2ae5647a270fc4024586a49598acdcb1c7322cce88bda13a65c1 b7e5322e03d3edbc52f0383cc0ce7b927fdcdf72f6627dc3ee0570cd73f9c469
