CLIENT_HANDSHAKE_TRAFFIC_SECRET 33306c6c69051723a25ca4f1e4cbc9c087c8ab41007b85a9178f4d6e123ca0c8 1b8a3f92b2e458403a5e4dd759096e6019d83ef2469a6c31622663bbfe95a6a2
SERVER_HANDSHAKE_TRAFFIC_SECRET 33306c6c69051723a25ca4f1e4cbc9c087c8ab41007b85a9178f4d6e123ca0c8 21479e0d241d2cca1c2c0abc4510d7c45876078c2b7883e6f6e37cb7d9c0f09f
CLIENT_TRAFFIC_SECRET_0 33306c6c69051723a25ca4f1e4cbc9c087c8ab41007b85a9178f4d6e123ca0c8 51842f4fe18fa3f88fcca183ab4080d1342985b5c13fa2df228ca2df8bd676bf
SERVER_TRAFFIC_SECRET_0 33306c6c69051723a25ca4f1e4cbc9c087c8ab41007b85a9178f4d6e123ca0c8 5865b6319764e16d3e5faa8b9b1bfac2033ada8480f593534dd4e92a61cddcb3
EXPORTER_SECRET 33306c6c69051723a25ca4f1e4cbc9c087c8ab41007b85a9178f4d6e123ca0c8 59e8f090fdc90ee0d6f30855638b0330e8af18ea756855da167c2aa6eb414786
CLIENT_HANDSHAKE_TRAFFIC_SECRET 30c57a1db030d14904a0a0d59feb411002aefb96095753a01541affccc25e2b9 1a610b742ab728bf92004f7ac8eb97b534bac6c26a7e9859360382ac513d9108
SERVER_HANDSHAKE_TRAFFIC_SECRET 30c57a1db030d14904a0a0d59feb411002aefb96095753a01541affccc25e2b9 ca0dad4bea63085fc61ec429d9ea13285c1a92578b4c6a0ae0231c485a16073c
CLIENT_TRAFFIC_SECRET_0 30c57a1db030d14904a0a0d59feb411002aefb96095753a01541affccc25e2b9 e8aca599ce85137270f969975dd7fd97cf5e2db49a8f3d62079b1460b51b0cff
SERVER_TRAFFIC_SECRET_0 30c57a1db030d14904a0a0d59feb411002aefb96095753a01541affccc25e2b9 4deb0fb58cf728088ce2cc3a835acd3041ce3d303742c4fb02841578192bab4f
EXPORTER_SECRET 30c57a1db030d14904a0a0d59feb411002aefb96095753a01541affccc25e2b9 5d4b48066eca1f1a1d6b317d633daebbe2688de57eb5b739072268d73ec4b887
CLIENT_HANDSHAKE_TRAFFIC_SECRET bcc5d18c52037d0e6bab93098b45a9b1cfd8ebf4674a699500da894726f9dc7d f874dd0981e04b9ac46731f07472abc10c5541e81f91cd030782086f45750e20
SERVER_HANDSHAKE_TRAFFIC_SECRET bcc5d18c52037d0e6bab93098b45a9b1cfd8ebf4674a699500da894726f9dc7d 7c5d16ee8f50a32d75a974275895faf5bb28ff3a080d8139258c191650e22c91
CLIENT_TRAFFIC_SECRET_0 bcc5d18c52037d0e6bab93098b45a9b1cfd8ebf4674a699500da894726f9dc7d 559bf449ae2e16266e0411bf8c8adf0ccb8b95a09ae03113a4e1a08289a05f58
SERVER_TRAFFIC_SECRET_0 bcc5d18c52037d0e6bab93098b45a9b1cfd8ebf4674a699500da894726f9dc7d af74ebd6e1a0449cfa0587cfc40e857c779d12e6bd60df1785becf4663923d52
EXPORTER_SECRET bcc5d18c52037d0e6bab93098b45a9b1cfd8ebf4674a699500da894726f9dc7d 3b3460442e099f4a8f5c821f36ec1f929442f848e7a4647b225c750dc150622b
CLIENT_HANDSHAKE_TRAFFIC_SECRET 31ed3af07681a00886bd22582fe8a1a72616e2f02552033acb70a41347452384 ee81c04e23fbd56c7ba6017d00a98c887b269278c008e7e12e53a7eb3ac4fef5
SERVER_HANDSHAKE_TRAFFIC_SECRET 31ed3af07681a00886bd22582fe8a1a72616e2f02552033acb70a41347452384 03a93a518d475e187c29db02fc5b6948196d6a34e362a11aa9f6829072267ca1
CLIENT_TRAFFIC_SECRET_0 31ed3af07681a00886bd22582fe8a1a72616e2f02552033acb70a41347452384 dde7d71688613c7a51a106a28f182c89225c55fd660674c389ad1face48865c2
SERVER_TRAFFIC_SECRET_0 31ed3af07681a00886bd22582fe8a1a72616e2f02552033acb70a41347452384 bd302d9a4251dc738b9b2fcca0784d42105ff0661f6c6bc571316226d2ad362d
EXPORTER_SECRET 31ed3af07681a00886bd22582fe8a1a72616e2f02552033acb70a41347452384 a17133a9e59d889681aa4ee8d929b79ba664f249c1923f79cffc0a4ef24797c4
CLIENT_HANDSHAKE_TRAFFIC_SECRET 2f76794f4b083a62907844658d1d433f2415dbf13afb4f683c1af611d719d95d b2052c0fbd03f3a1b80f6e17520d66c86bc91f3bafa4f45cf5ceaeb647f9189d
SERVER_HANDSHAKE_TRAFFIC_SECRET 2f76794f4b083a62907844658d1d433f2415dbf13afb4f683c1af611d719d95d b6b80ba00e230f8282ced95c4fe0b1d0c4aef438e39830fa3f9412628e98fff3
CLIENT_TRAFFIC_SECRET_0 2f76794f4b083a62907844658d1d433f2415dbf13afb4f683c1af611d719d95d 0b209ecb37cb8ffa4bfaa30906a8e2328080d847a46cf4408bf84bdf3ad582b2
SERVER_TRAFFIC_SECRET_0 2f76794f4b083a62907844658d1d433f2415dbf13afb4f683c1af611d719d95d 00e9f58f4b3e60815769727f87a059984fc300f949173c86b1bdf116e8beb7eb
EXPORTER_SECRET 2f76794f4b083a62907844658d1d433f2415dbf13afb4f683c1af611d719d95d 2d135ef78398266c95a8fd4d20085bbe4c7d6bbdb309849b6ce74ce471dbf93a
CLIENT_HANDSHAKE_TRAFFIC_SECRET 58f785e3cf6e483e4b31f7d3d1f491064e7a6b21c594623c1b71c87d3001f040 d9bb92656166d90c903c374574725560cbf404e779daca63cb02cdac14fc3f432ac66be66cf367ba21358ca6b02527a3
SERVER_HANDSHAKE_TRAFFIC_SECRET 58f785e3cf6e483e4b31f7d3d1f491064e7a6b21c594623c1b71c87d3001f040 76f71800edfadf523068d14ac3863b8ac4ab57b876b5d01b759d4987107010a57d31133e4080dba8309f6a5306b58321
CLIENT_TRAFFIC_SECRET_0 58f785e3cf6e483e4b31f7d3d1f491064e7a6b21c594623c1b71c87d3001f040 b2c67d97570ceedf8ef42d084eb32f2ae0d9ee40611d10da42d97205ed96c5d8f81abdf8a53e39fdda365d174838caa7
SERVER_TRAFFIC_SECRET_0 58f785e3cf6e483e4b31f7d3d1f491064e7a6b21c594623c1b71c87d3001f040 5850125a9eea00c1e5cd22495296ee1d66de96142b27ac61fe1b2c38afa3791d405098d0d6f9e982cd26afa3a5b05c1c
EXPORTER_SECRET 58f785e3cf6e483e4b31f7d3d1f491064e7a6b21c594623c1b71c87d3001f040 5e3c2e94db665989a9d21e36a9c6cf26b782518ceeefb98dce6cb8e87a8b803f1d243491e3246b77aad2651856238e67
CLIENT_HANDSHAKE_TRAFFIC_SECRET 49f66bbbd4967d52e519a99499509b342896eeaaf126cb4c209c3afaf485f033 b0bd789a6ba3a15acabdd2f8a790f76e94514b86b99945da03aef2d501cd4c77
SERVER_HANDSHAKE_TRAFFIC_SECRET 49f66bbbd4967d52e519a99499509b342896eeaaf126cb4c209c3afaf485f033 8f24732d6fd029bd556ca094cac7c7761d35c156f1c435c5266841a2c5074fed
CLIENT_TRAFFIC_SECRET_0 49f66bbbd4967d52e519a99499509b342896eeaaf126cb4c209c3afaf485f033 f895529d880655f64dc2f3bb4e5ae05d691916a6571673ae81978406cacd3abe
SERVER_TRAFFIC_SECRET_0 49f66bbbd4967d52e519a99499509b342896eeaaf126cb4c209c3afaf485f033 99612cb4ccb91d924e22f5e2b7bad118423502381eba056c4e2ec89f162a77d6
EXPORTER_SECRET 49f66bbbd4967d52e519a99499509b342896eeaaf126cb4c209c3afaf485f033 74c74ea8e84b363e336c9e086740830f91fec64afb09c1667568cb50b9f10e0d
CLIENT_HANDSHAKE_TRAFFIC_SECRET 1d3b4635db99e40d38c8598c2c8f9b4694df78fe7dae7b9147d8b45ac323b28e a7a3e58268607d4fa6a4b2fd848a8706ae96646afb31c6e4511267837e3eadd4
SERVER_HANDSHAKE_TRAFFIC_SECRET 1d3b4635db99e40d38c8598c2c8f9b4694df78fe7dae7b9147d8b45ac323b28e 1e4c9d69a9f848ebeba7559f51a80f33293121f07a955dea3edc5659208ef1c1
CLIENT_TRAFFIC_SECRET_0 1d3b4635db99e40d38c8598c2c8f9b4694df78fe7dae7b9147d8b45ac323b28e cc1632e7928e5e5c3502c837e4cf5034f955c001de9728b2ce5f99c24e307cf6
SERVER_TRAFFIC_SECRET_0 1d3b4635db99e40d38c8598c2c8f9b4694df78fe7dae7b9147d8b45ac323b28e 3a028580cc663f5b20a651d220693914f7d8417fd2e07a27d507883e7deeb89a
EXPORTER_SECRET 1d3b4635db99e40d38c8598c2c8f9b4694df78fe7dae7b9147d8b45ac323b28e 998da7b045e4c27663f984896acf1e974bdc58a09862fc8bf7c6389ab41905d4
CLIENT_HANDSHAKE_TRAFFIC_SECRET b008f850dc0d936c94c815833d4f162ef120b2b924e15342b1fc7b2c8fec907a f27f160f777789f8b3b802cdc6155750b1cc1b86b07a26b920c50e98293d78b9
SERVER_HANDSHAKE_TRAFFIC_SECRET b008f850dc0d936c94c815833d4f162ef120b2b924e15342b1fc7b2c8fec907a e8dbdbc7710f739896b5a1ff1527157e1616c34445381ac834aa9895c7a313f4
CLIENT_TRAFFIC_SECRET_0 b008f850dc0d936c94c815833d4f162ef120b2b924e15342b1fc7b2c8fec907a 53282025e3ba57cf5337b0a1efef0e822c5bf733b54a1907707a96bb559d8ce2
SERVER_TRAFFIC_SECRET_0 b008f850dc0d936c94c815833d4f162ef120b2b924e15342b1fc7b2c8fec907a d5e7f86144bd850b044be0922bfe44e7f7adc09ae68f3179b08d0aff112e94f0
EXPORTER_SECRET b008f850dc0d936c94c815833d4f162ef120b2b924e15342b1fc7b2c8fec907a 0d6f63a273b0217968d27cbd0b473ba4393ef0b09519bcf989bc839fa0577f13
CLIENT_HANDSHAKE_TRAFFIC_SECRET 9e50d94809b7cf7adfe264548313250e2ba04808739a99d97402a8a762dd4951 c269df4e9a5b01ab34841c611f05217e21d67ede7686955a688ab45f320403d6
SERVER_HANDSHAKE_TRAFFIC_SECRET 9e50d94809b7cf7adfe264548313250e2ba04808739a99d97402a8a762dd4951 0e06b823961ee0df6f13b375d122a02f8f706c4c1ea86878e1cc646493c65f52
CLIENT_TRAFFIC_SECRET_0 9e50d94809b7cf7adfe264548313250e2ba04808739a99d97402a8a762dd4951 3f849e4e572eda336db8fddbb5cabb78cc0e7566eb87f774328e3e00bce8376c
SERVER_TRAFFIC_SECRET_0 9e50d94809b7cf7adfe264548313250e2ba04808739a99d97402a8a762dd4951 f9ab5c3e4ac2f53511cf38623d0ab5bb1de514010710e39e1277a2e96cadb68b
EXPORTER_SECRET 9e50d94809b7cf7adfe264548313250e2ba04808739a99d97402a8a762dd4951 52fcc2997dd9d9a5ce710c03cce0b4f94b026d93d491381aebbefe8fe759e684
CLIENT_HANDSHAKE_TRAFFIC_SECRET 609d4c0d31f393e3d3b5e4b7fd7c4fd86f08b146edc73bb0de3988eb480c465f 6860a76eb7063702529254821bc714afef2fd3d587ecb4286a5ada6a2b998d06
SERVER_HANDSHAKE_TRAFFIC_SECRET 609d4c0d31f393e3d3b5e4b7fd7c4fd86f08b146edc73bb0de3988eb480c465f 1adb6b5f076e7b115210082b70d3e25233dfe7d1c6767922fc3507c52cfc15a4
CLIENT_TRAFFIC_SECRET_0 609d4c0d31f393e3d3b5e4b7fd7c4fd86f08b146edc73bb0de3988eb480c465f 7d8e7f0f59f6cd6fbcd1746fb2d34763ccf2500f0676b01c1c76e15ee5d99ed9
SERVER_TRAFFIC_SECRET_0 609d4c0d31f393e3d3b5e4b7fd7c4fd86f08b146edc73bb0de3988eb480c465f 784d0e4a6aaf8f18ad239bed28672a9fdab2eb6b4b576c55bedfb229dd982c0a
EXPORTER_SECRET 609d4c0d31f393e3d3b5e4b7fd7c4fd86f08b146edc73bb0de3988eb480c465f bde341979a67303b66bc5e4aa7ee1f946896f0e9b87e6b360c07ce675926d37b
CLIENT_HANDSHAKE_TRAFFIC_SECRET 3d8eb3762f7a4a98674f807cac734e0eea2d8defc14b350f86a601f83b3116fd 2b8610445a025b8f1ee83603fcacdad48fe7a204727f80d2f26478ad5c89b8c4
SERVER_HANDSHAKE_TRAFFIC_SECRET 3d8eb3762f7a4a98674f807cac734e0eea2d8defc14b350f86a601f83b3116fd 15fbc2f1161de9c45735403ab44a7d3d3587fcd960a5f1f07206f5ce968cf425
CLIENT_TRAFFIC_SECRET_0 3d8eb3762f7a4a98674f807cac734e0eea2d8defc14b350f86a601f83b3116fd 4e6de2256776a80494743a9ca4efe2399de656376ae9362c6910dc4c18f3c9dc
SERVER_TRAFFIC_SECRET_0 3d8eb3762f7a4a98674f807cac734e0eea2d8defc14b350f86a601f83b3116fd 3594805a3c71dec4f479ae1ab11fe6803b97ca30106ff88088d563261e88fc0f
EXPORTER_SECRET 3d8eb3762f7a4a98674f807cac734e0eea2d8defc14b350f86a601f83b3116fd 85deef1ea14dc039fbb94f6393742c4e32aeea27bdc12ba4908f98f4405a3537
