CLIENT_HANDSHAKE_TRAFFIC_SECRET 612a882edf336bdf3cea32d60be4343771831a7eb51803e58de2ef4f6767def6 e264228c6fef77c35875616634b2499bcc7299baa80c2807556c76d4e29c3885
SERVER_HANDSHAKE_TRAFFIC_SECRET 612a882edf336bdf3cea32d60be4343771831a7eb51803e58de2ef4f6767def6 1ad804a01b3bcbdb0a326f064d37daecec492b83571c1fef43e3d17b5fc97b7a
CLIENT_TRAFFIC_SECRET_0 612a882edf336bdf3cea32d60be4343771831a7eb51803e58de2ef4f6767def6 2f641499e9f7214187a4d2c316809d2a64d9f1732ab93b755412bb6db50118b2
SERVER_TRAFFIC_SECRET_0 612a882edf336bdf3cea32d60be4343771831a7eb51803e58de2ef4f6767def6 862b85411073425eb9ffa59097a7d790cefa6db582591ea10d98f48990f5ddeb
EXPORTER_SECRET 612a882edf336bdf3cea32d60be4343771831a7eb51803e58de2ef4f6767def6 44bfc3d6560558b59201970dc20309f84204d72f4600bcf1f7de7a1c531aef2c
CLIENT_HANDSHAKE_TRAFFIC_SECRET 53921cc22be363035faa4309b7033d69404a39c3205f06f9c48527c2c0e8965a f0861d26fa85177a6dcf01ea118cddbcfb60c04be0f145ffd284703640ab16b4
SERVER_HANDSHAKE_TRAFFIC_SECRET 53921cc22be363035faa4309b7033d69404a39c3205f06f9c48527c2c0e8965a 453e3d5a7bb8cd0cbf77424e19b2ec78dd06217b40939195c576baf0711c6968
CLIENT_TRAFFIC_SECRET_0 53921cc22be363035faa4309b7033d69404a39c3205f06f9c48527c2c0e8965a c8b4ed9901cc8265a8c3153b74ff6ebf71493233d56de21f712a81464f07072c
SERVER_TRAFFIC_SECRET_0 53921cc22be363035faa4309b7033d69404a39c3205f06f9c48527c2c0e8965a b1946a1ec7a83e9c0dc0ba0e7ad9c68dd43f60faa40f8a9aad07cac3df8abcb5
EXPORTER_SECRET 53921cc22be363035faa4309b7033d69404a39c3205f06f9c48527c2c0e8965a 33d953aca1e962454160a4622432769129180c982e74aec76086ba4def7ca8b7
CLIENT_HANDSHAKE_TRAFFIC_SECRET de0fd20dae88b2d8c3881d8dd1bdd182bcf11fee471b2dcb37728910cbf8f932 6cce75ddeb45326f1f040a2d72ef232c6cd762c9788e0d103c7c13ce1c855b86
SERVER_HANDSHAKE_TRAFFIC_SECRET de0fd20dae88b2d8c3881d8dd1bdd182bcf11fee471b2dcb37728910cbf8f932 cbe5dc1e2e88b960f89293275a4f408a959f51a6d8557c05eb063a399263b30f
CLIENT_TRAFFIC_SECRET_0 de0fd20dae88b2d8c3881d8dd1bdd182bcf11fee471b2dcb37728910cbf8f932 d1e48cfc61947265d474298b8a522d4ab32a669be228d811c37f2364ca9eccfa
SERVER_TRAFFIC_SECRET_0 de0fd20dae88b2d8c3881d8dd1bdd182bcf11fee471b2dcb37728910cbf8f932 c71b7af3902310534f6169ec959c7109232263e99591f46036e5a9cd06a5c2f0
EXPORTER_SECRET de0fd20dae88b2d8c3881d8dd1bdd182bcf11fee471b2dcb37728910cbf8f932 1a25de1839fbeb8266fd4429ef6998f692fce5722616dbed76d3d210a8c1b050
CLIENT_HANDSHAKE_TRAFFIC_SECRET b991c2cd4ffc3c70c46a99c378c48961482db2f7cdc312b664dbf61bac190999 de223d9cf8fbf53b892318420045591d26cc5f543267a1832bba68ef6573cc21
SERVER_HANDSHAKE_TRAFFIC_SECRET b991c2cd4ffc3c70c46a99c378c48961482db2f7cdc312b664dbf61bac190999 4a85d0a6745e1211b16f848d341ffda19205867051c0c57b7e0aa342bc4d0d56
CLIENT_TRAFFIC_SECRET_0 b991c2cd4ffc3c70c46a99c378c48961482db2f7cdc312b664dbf61bac190999 028775ed92be62818d52f1649623884ce4a16d34885d92d48c97012701ede5d4
SERVER_TRAFFIC_SECRET_0 b991c2cd4ffc3c70c46a99c378c48961482db2f7cdc312b664dbf61bac190999 1850cb99edb235de2802606c12a2784d34443ff6f22c2d8ef2c2da3c2e6894d4
EXPORTER_SECRET b991c2cd4ffc3c70c46a99c378c48961482db2f7cdc312b664dbf61bac190999 5a5f8e52e3debc26891ca33eb11cb38146ecbe253361c0b2289991771688eb03
CLIENT_HANDSHAKE_TRAFFIC_SECRET a64674307ad9cd79a0bfec6868dfdca12cd5126ce3fa1903811e340c0935706b 3d22940a973f51a59cddfb4a66adac2f7610259383610f2338c01f13b29ac930
SERVER_HANDSHAKE_TRAFFIC_SECRET a64674307ad9cd79a0bfec6868dfdca12cd5126ce3fa1903811e340c0935706b a0b240ab1be54020305d2750ce302f914ee046c4df8b39d9ee67c2d2bdfe2082
CLIENT_TRAFFIC_SECRET_0 a64674307ad9cd79a0bfec6868dfdca12cd5126ce3fa1903811e340c0935706b ece4a468ec352b52d8af10a989a556229aba080b4d31945545824be29967eb5c
SERVER_TRAFFIC_SECRET_0 a64674307ad9cd79a0bfec6868dfdca12cd5126ce3fa1903811e340c0935706b e4ee94308b3d7e25475bf3c1999f31e44221dea7b99b397a1db1b6294f8e5211
EXPORTER_SECRET a64674307ad9cd79a0bfec6868dfdca12cd5126ce3fa1903811e340c0935706b 44f310d0e8472e283cba3a9c9db210d0ff82fbb095481c98430e5312c9874aab
