CLIENT_HANDSHAKE_TRAFFIC_SECRET 3b21f9ac52b7526a6890d7e8b885ecdd0723400d77eac4215021613d7aadd419 946e7e065d9affad2e6e735d653cfdb1a6948e8e18fe1773edfa186fdf3a001f
SERVER_HANDSHAKE_TRAFFIC_SECRET 3b21f9ac52b7526a6890d7e8b885ecdd0723400d77eac4215021613d7aadd419 128285e1ec1bec9c10e915e1f5d3e67c3c8df5458d7ed4dece62f598f0b23be6
CLIENT_TRAFFIC_SECRET_0 3b21f9ac52b7526a6890d7e8b885ecdd0723400d77eac4215021613d7aadd419 07d349d2a6f5d8ec8143601147e545080ae82ac08d5973c4039db140a1807e5a
SERVER_TRAFFIC_SECRET_0 3b21f9ac52b7526a6890d7e8b885ecdd0723400d77eac4215021613d7aadd419 646f7cda04a07f08bbd57173f9af62fa9c552b770a5edc1433c3f9be2ca499fe
EXPORTER_SECRET 3b21f9ac52b7526a6890d7e8b885ecdd0723400d77eac4215021613d7aadd419 a11593240d197139fdcf8c4ece9f2ebbff5e8c5929debe3302dffea08d7d6e0f
CLIENT_HANDSHAKE_TRAFFIC_SECRET d4713dc15948554f4bd23711ab98dcad7f3b32ed29acd98b41f4f7c2eebc3ec5 497216c59c61860ee57c70518507a1509187619753e2d9832cbca170562abf2b
SERVER_HANDSHAKE_TRAFFIC_SECRET d4713dc15948554f4bd23711ab98dcad7f3b32ed29acd98b41f4f7c2eebc3ec5 a83b43ff0ae871cdc3184335d92664b15728d90850d288f411253dfa49d14caa
CLIENT_TRAFFIC_SECRET_0 d4713dc15948554f4bd23711ab98dcad7f3b32ed29acd98b41f4f7c2eebc3ec5 c02dbf347a0dafe943f7254359e71a07c40562618e0eccd9e0840f8ea08bf96c
SERVER_TRAFFIC_SECRET_0 d4713dc15948554f4bd23711ab98dcad7f3b32ed29acd98b41f4f7c2eebc3ec5 9676de339ed40d894931a83a06bef33ae60524016b82e18e63cc75be71b79615
EXPORTER_SECRET d4713dc15948554f4bd23711ab98dcad7f3b32ed29acd98b41f4f7c2eebc3ec5 4858d42504efe2af8daba9fa145971207da840ce29b1b8a3d86ac1049d906242
CLIENT_HANDSHAKE_TRAFFIC_SECRET 7d813fbad8fdf63f4e5ffe8fb9317d3981391a3880799df1ed4e90144f9f3758 0036fe44e56cbbffa49e9632fe9c6551e2faab7bf88caaea083ab8891c96ecb3
SERVER_HANDSHAKE_TRAFFIC_SECRET 7d813fbad8fdf63f4e5ffe8fb9317d3981391a3880799df1ed4e90144f9f3758 10ec6de896fb49d98ecccd6987e6dc732ab9029962c7daefd79f456eef4f5097
CLIENT_TRAFFIC_SECRET_0 7d813fbad8fdf63f4e5ffe8fb9317d3981391a3880799df1ed4e90144f9f3758 0f5d2cd5099410c2d161cb736b11e2df44f8af6add3f2f89d954af2e2ec3d693
SERVER_TRAFFIC_SECRET_0 7d813fbad8fdf63f4e5ffe8fb9317d3981391a3880799df1ed4e90144f9f3758 7942986082d82fdc26a4ffafbd975fd8fcbbf043645b632a2b585f87ba0d315a
EXPORTER_SECRET 7d813fbad8fdf63f4e5ffe8fb9317d3981391a3880799df1ed4e90144f9f3758 bb8646690f71e3643711d33770df499c0b5189db97d8ba8d895834005f8cbb5b
CLIENT_HANDSHAKE_TRAFFIC_SECRET d5c7cea30d0cea90608c12aefeabb49418853cf76b771bf2ad638c1acc0a1303 3934ab578072d8a909a5fbdb1496dc7f08914117bfa5444df795a0f534b80d21
SERVER_HANDSHAKE_TRAFFIC_SECRET d5c7cea30d0cea90608c12aefeabb49418853cf76b771bf2ad638c1acc0a1303 ffeb96722e3dc81b5ff161a25919929805355e374cbd7ab9364359c835176bfb
CLIENT_HANDSHAKE_TRAFFIC_SECRET f00be09d6bfe7de634c260ccf82213db7e8fc921ab9d76adc6d13fe9c130717a 8f23198729f521fa1126d4b8eafe1e2250675d18cb4ef9463e99f10b3ee78cab
SERVER_HANDSHAKE_TRAFFIC_SECRET f00be09d6bfe7de634c260ccf82213db7e8fc921ab9d76adc6d13fe9c130717a caae113b4822fdc6ab4395887474eb0d9382c15c82d6e94c1065a862fa5b3de7
CLIENT_TRAFFIC_SECRET_0 d5c7cea30d0cea90608c12aefeabb49418853cf76b771bf2ad638c1acc0a1303 2d5eaebcc6899f799d8c7e9c94e86936b2776a58d22c76254186aed2ca8dbef3
SERVER_TRAFFIC_SECRET_0 d5c7cea30d0cea90608c12aefeabb49418853cf76b771bf2ad638c1acc0a1303 c960dc7dbf7b95c2e5a0bc8d1565d8718b343d8c87d49f1c6dae7d0d6da7542f
EXPORTER_SECRET d5c7cea30d0cea90608c12aefeabb49418853cf76b771bf2ad638c1acc0a1303 998bcd13f14d65c21ad550e6334e2047b6b77d9213a5fa2854870d10c161b7e3
CLIENT_TRAFFIC_SECRET_0 f00be09d6bfe7de634c260ccf82213db7e8fc921ab9d76adc6d13fe9c130717a c979b10d340717315c4aad5dc68782fa79803238c2e6ca4c842caea7e7858c68
SERVER_TRAFFIC_SECRET_0 f00be09d6bfe7de634c260ccf82213db7e8fc921ab9d76adc6d13fe9c130717a 345918ba597c36420da484afc46c6dbf5933f53ac18e27a78ef8f5cdd25a6155
EXPORTER_SECRET f00be09d6bfe7de634c260ccf82213db7e8fc921ab9d76adc6d13fe9c130717a ccc13a30c82b9a461cd8992541346b97577548ea016d014d41454681bc0afce5
CLIENT_HANDSHAKE_TRAFFIC_SECRET 35901056ba45c45231151a77c63f84266844e1f9ba2f9b30d2362a1263ffd932 6be227b63476f03d522cdc8787b8408b7d4fc0f10a3afb4b861730b0a785b117
SERVER_HANDSHAKE_TRAFFIC_SECRET 35901056ba45c45231151a77c63f84266844e1f9ba2f9b30d2362a1263ffd932 b8d46204a1b95ab60f640ac29df0b167f286b24c771b3b25389a21e9b0539c54
CLIENT_TRAFFIC_SECRET_0 35901056ba45c45231151a77c63f84266844e1f9ba2f9b30d2362a1263ffd932 8cc887e7e7155c4ea52a5a640b4a52fb2084045af648a5898e1d388420ad82f5
SERVER_TRAFFIC_SECRET_0 35901056ba45c45231151a77c63f84266844e1f9ba2f9b30d2362a1263ffd932 275e6ec44fd04fff4715cd6c429cdd7f131f64d17548f60ff5a25416394630ff
EXPORTER_SECRET 35901056ba45c45231151a77c63f84266844e1f9ba2f9b30d2362a1263ffd932 c59fc73e934c1a549dafba3cfa1b0057d97c9998f03bbca040d4cb5a0659ffaa
CLIENT_HANDSHAKE_TRAFFIC_SECRET d9d4459c20de226b09591430c4e53ed659cd231648af5001ebd505e651d5ff31 d81806e0541ccebbdd0ae5ffc242a604880e91382bda02640cc2c8be50e6be5c
SERVER_HANDSHAKE_TRAFFIC_SECRET d9d4459c20de226b09591430c4e53ed659cd231648af5001ebd505e651d5ff31 9d24c33cfbafaae961c0d33fd6776e116e78d298379b9ec0b6dda653ceb6c60d
CLIENT_TRAFFIC_SECRET_0 d9d4459c20de226b09591430c4e53ed659cd231648af5001ebd505e651d5ff31 8a99ec79a75ab65c96a9953371258f610151091fe6bf3965feebacc795c8893e
SERVER_TRAFFIC_SECRET_0 d9d4459c20de226b09591430c4e53ed659cd231648af5001ebd505e651d5ff31 70070255d38bc57e841194303146befeefa55e05b0eae2fa9e4abd9bd9357c43
EXPORTER_SECRET d9d4459c20de226b09591430c4e53ed659cd231648af5001ebd505e651d5ff31 9069aa97916276849e446b8205d943e58e04caeba5990663cad73c93051e8ca4
CLIENT_HANDSHAKE_TRAFFIC_SECRET 86b9ee38b899961fb92b3e10927ea7a3dc8fe00c126f45c0e687776640c6e54d 8bd70b4e37d33021124be24c05d5f5cccb6c301d04e5dddaa9f700d80dc84936
SERVER_HANDSHAKE_TRAFFIC_SECRET 86b9ee38b899961fb92b3e10927ea7a3dc8fe00c126f45c0e687776640c6e54d 948f2702a3e5636712164dd80e7c94994f28cc39d81bdbd377c7926ff068b978
CLIENT_TRAFFIC_SECRET_0 86b9ee38b899961fb92b3e10927ea7a3dc8fe00c126f45c0e687776640c6e54d 606cadc7d703953bbde1ac25760da2853241c176ea56fb36fb6a2622e35ce095
SERVER_TRAFFIC_SECRET_0 86b9ee38b899961fb92b3e10927ea7a3dc8fe00c126f45c0e687776640c6e54d 2d4a5d18932015cb394630e054c2f13287ed40bdfb351329c6e21bcf39db8370
EXPORTER_SECRET 86b9ee38b899961fb92b3e10927ea7a3dc8fe00c126f45c0e687776640c6e54d b440a761100aeb5e5298f69cd21f03a13beac4a132eb46fcc12a41bc31e5921e
