CLIENT_HANDSHAKE_TRAFFIC_SECRET ea9a3420e643f344a132f8fd45b48503dd1ab4be637e7d029c652026cc183152 0ffa49f10741a57e701959cf7036f4144d15944ce70b8389d86ac58e252bbeed
SERVER_HANDSHAKE_TRAFFIC_SECRET ea9a3420e643f344a132f8fd45b48503dd1ab4be637e7d029c652026cc183152 65ca8c569b976b912bea9d8a4361dcf1c699556bd67a125f7c579f3917ff5c26
CLIENT_TRAFFIC_SECRET_0 ea9a3420e643f344a132f8fd45b48503dd1ab4be637e7d029c652026cc183152 143db9fcfc4a60ad3bea9718c5ae5d7534f94008ab9ce1e56c15389d7c2c4b82
SERVER_TRAFFIC_SECRET_0 ea9a3420e643f344a132f8fd45b48503dd1ab4be637e7d029c652026cc183152 32f81bebefeb5fbc21c220851f0bf66220d429d9caae2d2f5f660be50170af5a
EXPORTER_SECRET ea9a3420e643f344a132f8fd45b48503dd1ab4be637e7d029c652026cc183152 7d4d164b917f9d839064c28c371390c6c9a5d4ba0e4a6ee4320fa8d62db1d1c8
CLIENT_HANDSHAKE_TRAFFIC_SECRET 0e9408d07b8ca98709b92a9e8a542bcb8568a064d8f5976762925a4815651a00 09148735f24f9ae99a4cbfbae11659eb50e96d99e3f0f3ec7fc546402055eb8c
SERVER_HANDSHAKE_TRAFFIC_SECRET 0e9408d07b8ca98709b92a9e8a542bcb8568a064d8f5976762925a4815651a00 0dbc52f49697067069b2047435b26e9c1380e05dd7011d402464def24395beb2
CLIENT_TRAFFIC_SECRET_0 0e9408d07b8ca98709b92a9e8a542bcb8568a064d8f5976762925a4815651a00 3419a70caefe2b412793aa6edfbbc1de11a1bf7db8e8257ba796f92421727579
SERVER_TRAFFIC_SECRET_0 0e9408d07b8ca98709b92a9e8a542bcb8568a064d8f5976762925a4815651a00 990dd048aea057a83556a4e4f449bf8121cb0304afd08d27488db6bd6b7328fa
EXPORTER_SECRET 0e9408d07b8ca98709b92a9e8a542bcb8568a064d8f5976762925a4815651a00 e1dde4bca16218562f72afa6ce94dc860ca3ecc381434c08f448ba6fd38be02c
CLIENT_HANDSHAKE_TRAFFIC_SECRET 70c26fcd3ad15f397edb9ae94bd89277f77842e65da405a33528e58c0c7ea4b5 8d0e1c559340c8ce0f8c1ef97d81f202549d6db44d7c7fc5cec70c2ad96638da
SERVER_HANDSHAKE_TRAFFIC_SECRET 70c26fcd3ad15f397edb9ae94bd89277f77842e65da405a33528e58c0c7ea4b5 6965b37908a92d3cc37f642f7c51f45e30513951ce196feb902e8b0a81feaf94
CLIENT_TRAFFIC_SECRET_0 70c26fcd3ad15f397edb9ae94bd89277f77842e65da405a33528e58c0c7ea4b5 a7c7a9e4850eb73751bab0c23a45cbb2cddcbc8dd29637a951eab36c63d5dfdb
SERVER_TRAFFIC_SECRET_0 70c26fcd3ad15f397edb9ae94bd89277f77842e65da405a33528e58c0c7ea4b5 af2eccdc8c7ed3ab8509d6a464902efab43f9fb9c1fbf4331e07ea2fd0f10d5a
EXPORTER_SECRET 70c26fcd3ad15f397edb9ae94bd89277f77842e65da405a33528e58c0c7ea4b5 8364f51cc310a0590aea96cbf196667388096fe4da00514853791abd3285db20
CLIENT_HANDSHAKE_TRAFFIC_SECRET da874961fb584c66079026ff789d98ae4baf20dcfe43370cf0ecb969874becea f4d2bf0aa9b538b55feb2ccbcd0ad0f346862588e2089111103ca36ca0bbb177
SERVER_HANDSHAKE_TRAFFIC_SECRET da874961fb584c66079026ff789d98ae4baf20dcfe43370cf0ecb969874becea ca635ff2be5a6f56f91350bb3bad6ca4990df3e4c5485eb28c1c337942add623
CLIENT_HANDSHAKE_TRAFFIC_SECRET 6782fd5fe4c12e0f899ab67603c165a842ec4b6a3f50e6f4c8c1c16876cc0d78 e8cc91ae258d05e4b40e2d944d5c7e9617a06025673675baf9a9479a9b2a64bb2fef10cc86e3147f4fa39d8d18e940d4
SERVER_HANDSHAKE_TRAFFIC_SECRET 6782fd5fe4c12e0f899ab67603c165a842ec4b6a3f50e6f4c8c1c16876cc0d78 f412680267a4604c4b63fbe295e5cbb552bedea61fe89ac8e3fe6d543fb18dae2b2b8c07af799a56bad498cf700fab45
CLIENT_TRAFFIC_SECRET_0 da874961fb584c66079026ff789d98ae4baf20dcfe43370cf0ecb969874becea 80bd4e9702013180af49f19de4bb195a7dcb634194b4de5592b983208714e5e3
SERVER_TRAFFIC_SECRET_0 da874961fb584c66079026ff789d98ae4baf20dcfe43370cf0ecb969874becea c1d65f70193ddc32b778ba3d074c053abfff5d713f279f20dc09b6629387977a
EXPORTER_SECRET da874961fb584c66079026ff789d98ae4baf20dcfe43370cf0ecb969874becea 031442d44b58b7759d3f54460a0dc92851687fcedd52a75355020a88f2f970db
CLIENT_TRAFFIC_SECRET_0 6782fd5fe4c12e0f899ab67603c165a842ec4b6a3f50e6f4c8c1c16876cc0d78 53ee336d443292b3e951b391acfa028875e3379f78b8a3c19084c25ac634f6d451514c3526e0077ce3ff4490acfcc933
SERVER_TRAFFIC_SECRET_0 6782fd5fe4c12e0f899ab67603c165a842ec4b6a3f50e6f4c8c1c16876cc0d78 47021eff142e95cf9cd46dfbe90998247a5313fa236b4483ea9233f8d891aa6915989d6dca34eae32dbfb4d50bd09185
EXPORTER_SECRET 6782fd5fe4c12e0f899ab67603c165a842ec4b6a3f50e6f4c8c1c16876cc0d78 2e094fd8779f38c4e1563ed38bc3311476134eeb4cccdb2ed5e65562b3fc3d4eb5f02499db7786d96b2bb33dd2019fae
CLIENT_HANDSHAKE_TRAFFIC_SECRET 4fba944c3bffd3f1982441d2053ada7cf30ba89f107182015aac011ff36ae1ec ff12f2d6086285999fd24b67d4e2dba9d0c3b95d6dd9a4083cd1c6c664d405e6
SERVER_HANDSHAKE_TRAFFIC_SECRET 4fba944c3bffd3f1982441d2053ada7cf30ba89f107182015aac011ff36ae1ec 382cd255437f7cd2b4013e3519ce38f6180749417b5049a11184f82b41ee17da
CLIENT_HANDSHAKE_TRAFFIC_SECRET f30d48ef6d525860cbe2524d72bac23e3789fd4cdbdcc8db8c8a707d7898691e c889e0c329ce3ad39868da7d442a2735e3ed26adea7c68e33a592e8cf8ceb3bc
SERVER_HANDSHAKE_TRAFFIC_SECRET f30d48ef6d525860cbe2524d72bac23e3789fd4cdbdcc8db8c8a707d7898691e 54ea3d97906c5eefb7a3ec443aaf5a1e2be480f41bf01160985d9a04fdb7d269
CLIENT_HANDSHAKE_TRAFFIC_SECRET 185b2ac673e22534bd65418bf0ce395212d4e560a8d85d66029374948c3b2227 de56385ba1885a9dc0ffad5b746121057c722dad94014f56b2e88016d1d21c6d
SERVER_HANDSHAKE_TRAFFIC_SECRET 185b2ac673e22534bd65418bf0ce395212d4e560a8d85d66029374948c3b2227 72fca0a6800528f549f49d280d360bd3b6c00f0823dbebe9d27a16fd7bbba514
CLIENT_TRAFFIC_SECRET_0 4fba944c3bffd3f1982441d2053ada7cf30ba89f107182015aac011ff36ae1ec d3313806994dab81f31ec5c036e6b1d944c62a5c717832416b3879e189846ea9
SERVER_TRAFFIC_SECRET_0 4fba944c3bffd3f1982441d2053ada7cf30ba89f107182015aac011ff36ae1ec 88acd09baa6500e1705e218f191bad4da71d41d9f5ff6d8dc4c4549ee9ba43ac
EXPORTER_SECRET 4fba944c3bffd3f1982441d2053ada7cf30ba89f107182015aac011ff36ae1ec b1aa8e328fd345d3cd3a2ab5be06d174d815922c69db0b5cde6c06a8d462b5f6
CLIENT_TRAFFIC_SECRET_0 f30d48ef6d525860cbe2524d72bac23e3789fd4cdbdcc8db8c8a707d7898691e ed68f72dee625600cc8b5cfd46179f05fae34bdd3e1a6074cb4b0f7680264d0f
SERVER_TRAFFIC_SECRET_0 f30d48ef6d525860cbe2524d72bac23e3789fd4cdbdcc8db8c8a707d7898691e 66ec465a149d6ee4f484f4dadc875c4b320cfab1079f556638ff4aff811514f1
EXPORTER_SECRET f30d48ef6d525860cbe2524d72bac23e3789fd4cdbdcc8db8c8a707d7898691e ed32770b901fb51eb1fc424330f72234caebb896ca9fd6cae70716b23fff83db
CLIENT_TRAFFIC_SECRET_0 185b2ac673e22534bd65418bf0ce395212d4e560a8d85d66029374948c3b2227 b53d7e7e57ff94946d0b381a4114b7705b48969714694377fb117044aeff69b0
SERVER_TRAFFIC_SECRET_0 185b2ac673e22534bd65418bf0ce395212d4e560a8d85d66029374948c3b2227 b092d0f182494cdd207a1949f83b489d19e7ea1f08c53e8365f56a334735a062
EXPORTER_SECRET 185b2ac673e22534bd65418bf0ce395212d4e560a8d85d66029374948c3b2227 b6552a3d2e56c19692bbda4f527ee4101e713be992b7cd693f0df4369a33ae43
CLIENT_HANDSHAKE_TRAFFIC_SECRET 84d27e32eb6c5e3ed180726b57bcd12c4006ab6698341737a5da2a3fcdeb974e 2354ccfb1937ff9b8ea3a690f95349f86cbd826803c4eadb294b6366357850d4
SERVER_HANDSHAKE_TRAFFIC_SECRET 84d27e32eb6c5e3ed180726b57bcd12c4006ab6698341737a5da2a3fcdeb974e e3ccd10a9a6373b800cfd948060a48ef082a0ba2822835b657f8f36093539825
CLIENT_TRAFFIC_SECRET_0 84d27e32eb6c5e3ed180726b57bcd12c4006ab6698341737a5da2a3fcdeb974e ff4bac7b9be3e7822b45bc432954bd42fed5d79857794635f898ab7ac473c504
SERVER_TRAFFIC_SECRET_0 84d27e32eb6c5e3ed180726b57bcd12c4006ab6698341737a5da2a3fcdeb974e fa1a0000425adf5dc3d3a089baf1be770823e366ee3aea0e7ad0a19cf867160f
EXPORTER_SECRET 84d27e32eb6c5e3ed180726b57bcd12c4006ab6698341737a5da2a3fcdeb974e b42fd51fdc5fc4a6973e63e2b16759d02ebb8280abbd3ccea1421c709e1fe44d
CLIENT_HANDSHAKE_TRAFFIC_SECRET 761e022bf4e5268736e9be55e42b2ec2c6b17db09ef7a0e8b798bba000ee041c f186d4aeb8d5dba5e3f1a521e42d2bdc7d0ea617d91c2534d805b835b38958d5
SERVER_HANDSHAKE_TRAFFIC_SECRET 761e022bf4e5268736e9be55e42b2ec2c6b17db09ef7a0e8b798bba000ee041c c3dc3f55f556f4643509dfb7df6e53dfb9b4ea35f8563d5801c89dfbe86aa52b
CLIENT_HANDSHAKE_TRAFFIC_SECRET 60f5151a1609f54e42a7ef66a9689d35149c3fd679fa2aafcc786d3863a95ee8 5ee7f09217550311e76b4d9b04b2c55311d4c98c89ee93873b2931ef2e29f0f2
SERVER_HANDSHAKE_TRAFFIC_SECRET 60f5151a1609f54e42a7ef66a9689d35149c3fd679fa2aafcc786d3863a95ee8 cf230bdfe64e96d5a77ec97720b47621f289b90d3d46043c778138b26cc06148
CLIENT_TRAFFIC_SECRET_0 761e022bf4e5268736e9be55e42b2ec2c6b17db09ef7a0e8b798bba000ee041c 9a5d5f9e39d5544e31e3b7477aeecdfcee0b6e720fb544e1d4c824f04b519335
SERVER_TRAFFIC_SECRET_0 761e022bf4e5268736e9be55e42b2ec2c6b17db09ef7a0e8b798bba000ee041c a4f5051ab2d1e37c75044dcde6bb464d026f29ae232cdf7ac5060517b1af1c1f
EXPORTER_SECRET 761e022bf4e5268736e9be55e42b2ec2c6b17db09ef7a0e8b798bba000ee041c 891f6b4b6b583b7b9df66cd5a1580c8346cf353645344f507de239b900abcca1
CLIENT_HANDSHAKE_TRAFFIC_SECRET 287196dacc494f89941b5de4cf7ec22836d481d1ee9c0a98005de7689dc240ff 8cad09f60cdcc4661b28413b9a893d8223a7b0e067ec7075bdf29ebbf79affbc2219c6addc348f7614ed47f36605ff85
SERVER_HANDSHAKE_TRAFFIC_SECRET 287196dacc494f89941b5de4cf7ec22836d481d1ee9c0a98005de7689dc240ff d603692471e2f15678e73fdb5864e03afc951343ee8d7a0172c259ccb677eeb92f95fed27b8d2433ede21cdf638efd1b
CLIENT_HANDSHAKE_TRAFFIC_SECRET 9526c2a52de5b32ee6a519476e3ea40674af930a369349d3443a2dcb2a6341a3 624683b02a3e44fe7143f3cb0ad935c56d5573acdfb5c266d4576a38fce29c74
SERVER_HANDSHAKE_TRAFFIC_SECRET 9526c2a52de5b32ee6a519476e3ea40674af930a369349d3443a2dcb2a6341a3 f056e2b64711b5e0c35298ad3692faf72f839ff8359e14846f5b4d41472f3108
CLIENT_TRAFFIC_SECRET_0 9526c2a52de5b32ee6a519476e3ea40674af930a369349d3443a2dcb2a6341a3 0aea774712b3dbe71bbfcca16cdece968b70ad612e1ab3d28a46ebf90707eb3d
SERVER_TRAFFIC_SECRET_0 9526c2a52de5b32ee6a519476e3ea40674af930a369349d3443a2dcb2a6341a3 f999456e81cf3ed43caa6168354216e9f9d83f317ede079f1ff27462a507548a
EXPORTER_SECRET 9526c2a52de5b32ee6a519476e3ea40674af930a369349d3443a2dcb2a6341a3 6452a274c405396d8c9d43e244bbead068487db5509b7301d2727c3408e59e41
CLIENT_HANDSHAKE_TRAFFIC_SECRET bdc4e72a0f7288fae9e8ae8072a5f6c230d689a42471f81fe71d4e3d48408f1e fb731a66617ecfe99800b46ea96f86a42870a0037e031b0ec0a8044b7da72a82
SERVER_HANDSHAKE_TRAFFIC_SECRET bdc4e72a0f7288fae9e8ae8072a5f6c230d689a42471f81fe71d4e3d48408f1e 3c0befabada9ad28854d5a6672d802eaac55e9ac2d979da623b7ce487ce281fc
CLIENT_TRAFFIC_SECRET_0 bdc4e72a0f7288fae9e8ae8072a5f6c230d689a42471f81fe71d4e3d48408f1e b16e832465ffa77bc7f83f48709b710b7918827e2ffc6404b0059d3ebe85c794
SERVER_TRAFFIC_SECRET_0 bdc4e72a0f7288fae9e8ae8072a5f6c230d689a42471f81fe71d4e3d48408f1e 107562075449bb14760c13554065e0d8f41d82270300e41e1ae99b972cf0c843
EXPORTER_SECRET bdc4e72a0f7288fae9e8ae8072a5f6c230d689a42471f81fe71d4e3d48408f1e aec036670b76dd0af4636b65487bb5c16116cd3c2ce83fca81163e24a03c1761
CLIENT_HANDSHAKE_TRAFFIC_SECRET d74186a95d7985a8a8659d4386ceaf29eb7e43303e5209b4d0c505ad40c957ac 357ebd1a15bf53d2418c72281c9bd7e52017653aae8b8b6c2c1ebedec08024edc6f37a8f8ef42b5e6ee10b8b1a069201
SERVER_HANDSHAKE_TRAFFIC_SECRET d74186a95d7985a8a8659d4386ceaf29eb7e43303e5209b4d0c505ad40c957ac 8c109bb9a2bcd9aa06d386c2dd4a5d015fc2385ba687089f2f840264fdc636317b33bf33d1586398a2c99922e183d027
CLIENT_HANDSHAKE_TRAFFIC_SECRET 0653be7dd63f477979bd8c165b4fb87a2efb1eb343a325673f9e901717f85cfd 0f3f6a3d3cfe55db20b75cb5b4a5a1772dc05780486232f4360c66f0f000b04649226d5b9185f3613810435ec2a96294
SERVER_HANDSHAKE_TRAFFIC_SECRET 0653be7dd63f477979bd8c165b4fb87a2efb1eb343a325673f9e901717f85cfd bbf005bccf828d0740d1793640007a598023dbcb0065ea3a9aa3c3d471ce13f9dc057992dd81f2861a901ab8c6e9b4dc
CLIENT_TRAFFIC_SECRET_0 d74186a95d7985a8a8659d4386ceaf29eb7e43303e5209b4d0c505ad40c957ac 363789008ca3491fa0c1fb558d35e1064ab85938564ed1b9bf16034aa2c50ce570ddd960127ed5818997cb9f562918c9
SERVER_TRAFFIC_SECRET_0 d74186a95d7985a8a8659d4386ceaf29eb7e43303e5209b4d0c505ad40c957ac 9ad49a7db02ea3737d80af8c7fc8ca454c7350a129f63499caeef967db780ae49afb6a5e344f8cede6e43286c95d2313
EXPORTER_SECRET d74186a95d7985a8a8659d4386ceaf29eb7e43303e5209b4d0c505ad40c957ac 00ca9823aac68dce1187e873a5b6306f345e3ac9ca6d1ea2ee7b53aa1e55b5ff57d47a08b568f7715b0f30152c6e8e5b
CLIENT_TRAFFIC_SECRET_0 0653be7dd63f477979bd8c165b4fb87a2efb1eb343a325673f9e901717f85cfd beb9b26bbf85b28699af357864cae9704b4ab7799092e6ba92911d39a9ffb64298d6baf27980d0cfba2405358eb06ed2
SERVER_TRAFFIC_SECRET_0 0653be7dd63f477979bd8c165b4fb87a2efb1eb343a325673f9e901717f85cfd 456ca4280af15762927f31102d07294ef8ac2993423f5f535b80a008c5a1e6b774dbc70fbb6eff8ee4f9031d86db8ae5
EXPORTER_SECRET 0653be7dd63f477979bd8c165b4fb87a2efb1eb343a325673f9e901717f85cfd 7a499cc3ca5870a9c9491f3a5fc3192f2058cc895ca6086b6da8486ed7098603579ca2fee2e6bd8722cb2a947d7a4561
