CLIENT_RANDOM 1918cfa5ef259a512bc3565ae6c1cef3a624783c9c46e1859928434aa196daf2 389b2a99c89fd6d73e7da66f91ce01da4b6ff1513ec2999dc67382de317f38e7926bc48e4faf865aff01d775800804ea
CLIENT_HANDSHAKE_TRAFFIC_SECRET 3f8f874ff8aefc1e8d516947ed04973d14b236b4afb747779a4b8a8af7be1dcc 812f5438f91667153996399ffb90c119ef6018228d71fbfef73a3bdf1167fcb8
SERVER_HANDSHAKE_TRAFFIC_SECRET 3f8f874ff8aefc1e8d516947ed04973d14b236b4afb747779a4b8a8af7be1dcc bb8fd54336c4e110001a43aeb3e2456da3b48a912318842a49d207fc5fe81dd8
CLIENT_TRAFFIC_SECRET_0 3f8f874ff8aefc1e8d516947ed04973d14b236b4afb747779a4b8a8af7be1dcc db7864758155ca91c8241a6ade229291d529f054d2d5abe1a260561f18802275
SERVER_TRAFFIC_SECRET_0 3f8f874ff8aefc1e8d516947ed04973d14b236b4afb747779a4b8a8af7be1dcc 661c6ab8edfd5346fe08be70e86e8865b592d4395a728a7eeecd759d2d714b2f
EXPORTER_SECRET 3f8f874ff8aefc1e8d516947ed04973d14b236b4afb747779a4b8a8af7be1dcc 9bd58f509e67359ac3bcf9e61c543c27e400fba1e2c921c66afa1414b8d5e150
CLIENT_RANDOM ad0175ab9338bf4c066804dad09c30e7a491d8d358d6177d7b7f91dd1a1cb263 389b2a99c89fd6d73e7da66f91ce01da4b6ff1513ec2999dc67382de317f38e7926bc48e4faf865aff01d775800804ea
CLIENT_HANDSHAKE_TRAFFIC_SECRET 3f9ea8e888ffc04c910933e148c2e7e01e37d5369f2c4aabe6253069f3914580 ba0fa6ecf9cdc28f1a758c861aa19d79214941c0464ce3cfb06a67fdab56e5ef
SERVER_HANDSHAKE_TRAFFIC_SECRET 3f9ea8e888ffc04c910933e148c2e7e01e37d5369f2c4aabe6253069f3914580 919c9e75bd1092e8f33610e82dd9e8841141124834ec964458d5ebaa1039a73a
CLIENT_RANDOM c81d7ef5d2b242667bf69603e6d6aaf3c7e1a92ff6fcfd58cb17a8a6759727b3 389b2a99c89fd6d73e7da66f91ce01da4b6ff1513ec2999dc67382de317f38e7926bc48e4faf865aff01d775800804ea
CLIENT_TRAFFIC_SECRET_0 3f9ea8e888ffc04c910933e148c2e7e01e37d5369f2c4aabe6253069f3914580 58efd10336ba9f80d07a94ad94ff8e342cfa3a3dc0d367c41d0084e6cac9f802
SERVER_TRAFFIC_SECRET_0 3f9ea8e888ffc04c910933e148c2e7e01e37d5369f2c4aabe6253069f3914580 9a018cc61b5c7b58c9f4d641e1736089ece46974c323ffd5543ee24505ef5b2f
EXPORTER_SECRET 3f9ea8e888ffc04c910933e148c2e7e01e37d5369f2c4aabe6253069f3914580 e8f5f300d74e30ee349023bc899e2eb15190b24dc6a692a5862bd17bda77fd2b
CLIENT_RANDOM bab9e0a9c3f93448ae431f9262f7f6c3b0ff73b6b11f64be2130627c915f37db 389b2a99c89fd6d73e7da66f91ce01da4b6ff1513ec2999dc67382de317f38e7926bc48e4faf865aff01d775800804ea
CLIENT_RANDOM 9b915e38763dee0370b2c2030ea21cd93f73ecca862530112f3bca8feae1aae3 389b2a99c89fd6d73e7da66f91ce01da4b6ff1513ec2999dc67382de317f38e7926bc48e4faf865aff01d775800804ea
CLIENT_RANDOM 116fcb6cc45d09f7d4c65514e52bd51ddc341fcad35d53a48c3ddfcdcb8ba1e6 389b2a99c89fd6d73e7da66f91ce01da4b6ff1513ec2999dc67382de317f38e7926bc48e4faf865aff01d775800804ea
CLIENT_HANDSHAKE_TRAFFIC_SECRET b31ce430c29b31bf15bfe7473ff4f00db1f382febdc367dddafde156431861e0 8cf968b9eb9de263375f8639c7cafaf185657ab210b9c97c41d2656e1b39d135
SERVER_HANDSHAKE_TRAFFIC_SECRET b31ce430c29b31bf15bfe7473ff4f00db1f382febdc367dddafde156431861e0 f11f161927352bbcfb1e5ac1aa7ec0e352312eadc858c1a606ef088266f00af1
CLIENT_TRAFFIC_SECRET_0 b31ce430c29b31bf15bfe7473ff4f00db1f382febdc367dddafde156431861e0 162e8dde7eaaf67518efdd960c7f85a0d18340584143dcd32556b8fd2e41a563
SERVER_TRAFFIC_SECRET_0 b31ce430c29b31bf15bfe7473ff4f00db1f382febdc367dddafde156431861e0 dcc22b31b04de2f48c27939ea302f6581b0979db2947106451dcf5a6091e8e2d
EXPORTER_SECRET b31ce430c29b31bf15bfe7473ff4f00db1f382febdc367dddafde156431861e0 c35aad86fbdf8e9357ce8074faef4bc1cfcc72417c2df2d6c54eb33167f8b7b6
CLIENT_HANDSHAKE_TRAFFIC_SECRET b62b0946185ed01c739d755a13b22aad914bc71fb88ab175561f49e45bb0c5b5 89876b9f99163c303f18ae867acaba9b67ec3925ac1a5203b4641709532d290c
SERVER_HANDSHAKE_TRAFFIC_SECRET b62b0946185ed01c739d755a13b22aad914bc71fb88ab175561f49e45bb0c5b5 c2b572b4b495d686441ae60ce707595b036d0744c2c664c496e355e205e3559f
CLIENT_TRAFFIC_SECRET_0 b62b0946185ed01c739d755a13b22aad914bc71fb88ab175561f49e45bb0c5b5 c5f43614137435b9532c66525bfa1c6052989c75e5ab5938977d19d768bb83a0
SERVER_TRAFFIC_SECRET_0 b62b0946185ed01c739d755a13b22aad914bc71fb88ab175561f49e45bb0c5b5 418b42e132d6e14a79136d0c4991d830257510f21ba7e5ba8cbf64762a133f60
EXPORTER_SECRET b62b0946185ed01c739d755a13b22aad914bc71fb88ab175561f49e45bb0c5b5 6d6f1943d5e7a36d5b0b9dd395420a292068115412302cc186111ab1b3a67f38
CLIENT_HANDSHAKE_TRAFFIC_SECRET be09c1e04c0b414fdc4bd1c6171418596b98d2f703be087445c5083a0f530c6f 47a3eec90460181d4d7c8744207d0ad2775a93bf7b5eeebd4993067bbcae24f7
SERVER_HANDSHAKE_TRAFFIC_SECRET be09c1e04c0b414fdc4bd1c6171418596b98d2f703be087445c5083a0f530c6f 5cffd551f191cbd23c599c817676236eac0405dd375d7a2bdd1f9a8f8e0138bd
CLIENT_TRAFFIC_SECRET_0 be09c1e04c0b414fdc4bd1c6171418596b98d2f703be087445c5083a0f530c6f 705f59bdaf6d830a42abc395740e933ea35b76cadbee4b58e5a0679479ee89e3
SERVER_TRAFFIC_SECRET_0 be09c1e04c0b414fdc4bd1c6171418596b98d2f703be087445c5083a0f530c6f 46f43db24de74a08c05760852a87e07ee5908e236b671c28a708a0bf224248ee
EXPORTER_SECRET be09c1e04c0b414fdc4bd1c6171418596b98d2f703be087445c5083a0f530c6f e4593f0277673e8cc1f76603f01ac012d09717a0693782a8686ad9ae2208c372
CLIENT_HANDSHAKE_TRAFFIC_SECRET 8a833559c6fdf597a1a56d868cd5b6d844674f472d755d30ac3c34de5c128083 5d20dc9fbc264619a04ed616acf06bb828b61708236be0b2d6380b98a0ab0e98
SERVER_HANDSHAKE_TRAFFIC_SECRET 8a833559c6fdf597a1a56d868cd5b6d844674f472d755d30ac3c34de5c128083 2c4e1d9cd1011050820335a3b1abb646b53ddcaa3beb52c57f7d069ba1b14210
CLIENT_TRAFFIC_SECRET_0 8a833559c6fdf597a1a56d868cd5b6d844674f472d755d30ac3c34de5c128083 c96782fbad408ce939afc0d02e28d73e780778496a4b05d8dc608642728e7312
SERVER_TRAFFIC_SECRET_0 8a833559c6fdf597a1a56d868cd5b6d844674f472d755d30ac3c34de5c128083 e0d18eaabb9979d77dce1818b1e84427d3a93cd55fb8705b7fe7bf9009aeb216
EXPORTER_SECRET 8a833559c6fdf597a1a56d868cd5b6d844674f472d755d30ac3c34de5c128083 c4702bafdc470246a640aca0fc5e57f25e0e01e56f0ec675d3669635964d254a
CLIENT_HANDSHAKE_TRAFFIC_SECRET 5e4735bb31d3d9d94c3b01c73a54389be379b8257df8d05ca6adbb1b02ec64a0 01ca38da6fb19050d964136a67130b3d4c7fb6bec07f3d00174bbfc179545cc7
SERVER_HANDSHAKE_TRAFFIC_SECRET 5e4735bb31d3d9d94c3b01c73a54389be379b8257df8d05ca6adbb1b02ec64a0 cb84e87e862c67f5b9a69b58dd1dddbbacf9ddbf306c0a3b09c3d9a83a3881af
CLIENT_TRAFFIC_SECRET_0 5e4735bb31d3d9d94c3b01c73a54389be379b8257df8d05ca6adbb1b02ec64a0 9e98620cbf0725bdd6afe622bfee851282b0319cfcbb2eeca32a5619670084c4
SERVER_TRAFFIC_SECRET_0 5e4735bb31d3d9d94c3b01c73a54389be379b8257df8d05ca6adbb1b02ec64a0 ce5e98ed9dbef0b798202482aebe38baf94d91b5711bc43313018385b18c3cc9
EXPORTER_SECRET 5e4735bb31d3d9d94c3b01c73a54389be379b8257df8d05ca6adbb1b02ec64a0 89002d974c0ba77fa28e845d6681874ca320ff78eb3264b6da9ecbdafe3858be
CLIENT_HANDSHAKE_TRAFFIC_SECRET d6abc41f3ff8d43a62cd40669b49ab5097266a1f260166d7812f66d322c4c3ba 6c192bdb434f005a670b51d5c4d0d3648f41b6a2bfbf1d4771fdea44fe602de1
SERVER_HANDSHAKE_TRAFFIC_SECRET d6abc41f3ff8d43a62cd40669b49ab5097266a1f260166d7812f66d322c4c3ba dc967296563b31583a7d4dc7b58899f5a26169e23fec44d7389fb68d29603e25
CLIENT_TRAFFIC_SECRET_0 d6abc41f3ff8d43a62cd40669b49ab5097266a1f260166d7812f66d322c4c3ba 31beeff5d39e6583fe6843b3a47f4483a563377cf1b44fdfc1e040e723e92aa4
SERVER_TRAFFIC_SECRET_0 d6abc41f3ff8d43a62cd40669b49ab5097266a1f260166d7812f66d322c4c3ba cd33056e01a3df514b6ac95870a6cb055731ca2088ce3e167b0178f63186aedc
EXPORTER_SECRET d6abc41f3ff8d43a62cd40669b49ab5097266a1f260166d7812f66d322c4c3ba 7a7f51cc0fe467a3d92a598933670eb7d646d389bb43ed22f8a908ee2540974c
CLIENT_HANDSHAKE_TRAFFIC_SECRET 240e65fa94b337eaeb3d9b1cd2b1f2b297edb5553f9dd353deb65af40a3abb2e a059f4e11545ece90ae38c30a335e9fa9ad4e2f1c27376a122021f2c17ca5c68
SERVER_HANDSHAKE_TRAFFIC_SECRET 240e65fa94b337eaeb3d9b1cd2b1f2b297edb5553f9dd353deb65af40a3abb2e 50bb850d79ec8a6d395554d1a6888b5053d7b555b60397452e89793058b7c14c
CLIENT_TRAFFIC_SECRET_0 240e65fa94b337eaeb3d9b1cd2b1f2b297edb5553f9dd353deb65af40a3abb2e d5d404e9279542a610431e18c10113b61620a03c4f497764d255156f38f0be67
SERVER_TRAFFIC_SECRET_0 240e65fa94b337eaeb3d9b1cd2b1f2b297edb5553f9dd353deb65af40a3abb2e e4e4bb4bee0d55a3ccfe8d4e6e6b5ac731e5c0a4e5eea50d4c59a493de86ea4c
EXPORTER_SECRET 240e65fa94b337eaeb3d9b1cd2b1f2b297edb5553f9dd353deb65af40a3abb2e 772b012687848fd403fba02f72a6ad308100846a14860d80393c51941bd84383
