CLIENT_HANDSHAKE_TRAFFIC_SECRET b3744a75f3f6f43ff469439cb3eed53ba8b7efd8804ec2ef63779e996f7686e7 f8ed7b1551933d47bb1935c489734ca4a40707679922e55e9547efa5e3fe05b4
SERVER_HANDSHAKE_TRAFFIC_SECRET b3744a75f3f6f43ff469439cb3eed53ba8b7efd8804ec2ef63779e996f7686e7 8f1876ea95708f7657e210e1147532dd943d678da8977125bf298e1fca1e284e
CLIENT_TRAFFIC_SECRET_0 b3744a75f3f6f43ff469439cb3eed53ba8b7efd8804ec2ef63779e996f7686e7 92844548dd84ccb5eb628dbd1b07443fd0b30ae2d23f3c0088ddfd6bfbb411c9
SERVER_TRAFFIC_SECRET_0 b3744a75f3f6f43ff469439cb3eed53ba8b7efd8804ec2ef63779e996f7686e7 57fa6f6d97a81ff707fb3df13dde28829920eb9560bc78316219fc5a0bf6ac94
EXPORTER_SECRET b3744a75f3f6f43ff469439cb3eed53ba8b7efd8804ec2ef63779e996f7686e7 24a76857e91514e46ede8b591c3c8bee7d0d535988bfad28b2586337b24d6e40
CLIENT_HANDSHAKE_TRAFFIC_SECRET 52cc15e985d20cdcb118f4f2a5336802ce27cd3dd31c92d3355cd3edfa8eedaa 3eda410ada78f84e68a298237b7eb6eb0864be5963750e099c1575834a9a4514
SERVER_HANDSHAKE_TRAFFIC_SECRET 52cc15e985d20cdcb118f4f2a5336802ce27cd3dd31c92d3355cd3edfa8eedaa 2b434c860c33a8367abbd3ca139559908baeecbc8f3b7c3b1aabb226917cd9be
CLIENT_TRAFFIC_SECRET_0 52cc15e985d20cdcb118f4f2a5336802ce27cd3dd31c92d3355cd3edfa8eedaa cdc65c322e5cd75cbe15bcf5cb42e76b1b367475817c068a20cbde25ea84588e
SERVER_TRAFFIC_SECRET_0 52cc15e985d20cdcb118f4f2a5336802ce27cd3dd31c92d3355cd3edfa8eedaa 7018db8359ae6b594b3d21e431d556081f2d9de4360b0ef384024084d225a352
EXPORTER_SECRET 52cc15e985d20cdcb118f4f2a5336802ce27cd3dd31c92d3355cd3edfa8eedaa 071311ed80ed711dae7ad3c630b58307edc3bf2447694a0998f25019d0a32f18
CLIENT_HANDSHAKE_TRAFFIC_SECRET 67701b343d40053cd0998d4d4eda5329c7b52aa343130e85144decd8821094c2 646490c93337bfe8a71129ba14bbded86742e7906dfc7d37bef967b8a7f6e2fb
SERVER_HANDSHAKE_TRAFFIC_SECRET 67701b343d40053cd0998d4d4eda5329c7b52aa343130e85144decd8821094c2 3e13c8681fb957dcf11e2ce15247257b1019bf34cd90c4997c9d6f12f4a65e85
CLIENT_TRAFFIC_SECRET_0 67701b343d40053cd0998d4d4eda5329c7b52aa343130e85144decd8821094c2 bb982c103cd9c6aa3bc3a0ddbf03330cfd3db2d9bc7544291b0955eaf9f9f6d8
SERVER_TRAFFIC_SECRET_0 67701b343d40053cd0998d4d4eda5329c7b52aa343130e85144decd8821094c2 5c2e6dbdbdc27a4d445bbb986169c1f62315a0467f4f60fd66f45aa65638d49a
EXPORTER_SECRET 67701b343d40053cd0998d4d4eda5329c7b52aa343130e85144decd8821094c2 23cb8b78547f3a4be16e7e88ff844590fea68fe1370802c73a1e3f659e2e6e7a
CLIENT_RANDOM 6dcea7432c2d2789d50d6cf6894875466d2e126bb11c7789a459bb45976aa1c7 24144e6c6ca6cc4b37c5d8d1794aeeb58fafa9eb42cc0f627f94e33c68f60256bb808ec024362a96fa50686da9835409
CLIENT_RANDOM 4c4bdd80688b4b611a2be8d5416710273fa153c3a763ed1186ed1b2159615006 d3ad8f7b7a78a71260d8ff4203ecbcbfff2e9077c85227ceba0d45264722c7015c06ef221912df707bb538aa3d29fc49
CLIENT_RANDOM 60d6cb558164247fa7c035b160904965f675ccc57632e80d661ca91e29515356 d333b52ccef35e769fdaaf155e4d9afcd3db802f6783c67f0546b527803a76ef2e6dbbf723248455ebec20c0e63e3b27
CLIENT_HANDSHAKE_TRAFFIC_SECRET 55afab7ad8ef4940b628018919a870f837fda77c1c8dec6c1a577a21d9ac8f58 8e05a423c94d3b4682268b63376a6a380399b9fa6ed0208e1160e2aa246deef1
SERVER_HANDSHAKE_TRAFFIC_SECRET 55afab7ad8ef4940b628018919a870f837fda77c1c8dec6c1a577a21d9ac8f58 8effe89979fe22bfa8e7bb80551c64592fe67fc8b22bd7dabab2d6afdd29af1e
CLIENT_HANDSHAKE_TRAFFIC_SECRET 1602df5f14e3c108248f6c8e3fbd1fdbec5200a038701a948b95f19bccdf3cfe d56392b789d018a555ef504058487a3d87d4d682e89704f94a4ddf5c86bf08a0
SERVER_HANDSHAKE_TRAFFIC_SECRET 1602df5f14e3c108248f6c8e3fbd1fdbec5200a038701a948b95f19bccdf3cfe 360310101746fdd946fc0904dee43f42c4cde05e29fb28ddee696747b0a3292f
CLIENT_HANDSHAKE_TRAFFIC_SECRET 2e791255a6d5340f2095a4b589f6b01daf6c48066fb1377fb1a5bb3a897a4084 e8a4d1289d1fe30739c00a9309aedc7cef4a7f4676e3374afd6bb571f729a929
SERVER_HANDSHAKE_TRAFFIC_SECRET 2e791255a6d5340f2095a4b589f6b01daf6c48066fb1377fb1a5bb3a897a4084 edf2dd2d7d411086746eafadcdd9cbea3dc3f2be51bc35584498b150d9afedba
CLIENT_TRAFFIC_SECRET_0 55afab7ad8ef4940b628018919a870f837fda77c1c8dec6c1a577a21d9ac8f58 f2d279ae0ce7e3f8fc7b1780bf562ee0786af9bbd48864c6127eb355bf76e411
SERVER_TRAFFIC_SECRET_0 55afab7ad8ef4940b628018919a870f837fda77c1c8dec6c1a577a21d9ac8f58 8aec21a42a98f35a00e192fcbf860998149c29dbfca2f344edeccda7efc1fd85
EXPORTER_SECRET 55afab7ad8ef4940b628018919a870f837fda77c1c8dec6c1a577a21d9ac8f58 4a14adef67a4be03a3f9687e7dc1b2989ed8301d5bc52c96b179f0a73a969ca2
CLIENT_TRAFFIC_SECRET_0 1602df5f14e3c108248f6c8e3fbd1fdbec5200a038701a948b95f19bccdf3cfe befc80e6d3f1af46ea3e6ffee2731afce8021b88886aad49c6305fd258f13cdb
SERVER_TRAFFIC_SECRET_0 1602df5f14e3c108248f6c8e3fbd1fdbec5200a038701a948b95f19bccdf3cfe 7f1b42eec40c15afb9a7a914d232d43a28c122d88a25c445db403904879ad1fd
EXPORTER_SECRET 1602df5f14e3c108248f6c8e3fbd1fdbec5200a038701a948b95f19bccdf3cfe 33c94a05741ff0050c0bb8763afd29f8a38203dde80db6922749abbc4be98587
CLIENT_HANDSHAKE_TRAFFIC_SECRET 5396706a1688cb2e94a7964ccd688412760d24e3f15818e5080eee3c39097f6e ab0c7fb8d058014f11ed1b93d60e56b8737e76659afa1e3e641e9224c36f2849
SERVER_HANDSHAKE_TRAFFIC_SECRET 5396706a1688cb2e94a7964ccd688412760d24e3f15818e5080eee3c39097f6e ff2035eea597b05484679d377786f5ea6729eb3b112175d9f13ec7a856696cd8
CLIENT_TRAFFIC_SECRET_0 5396706a1688cb2e94a7964ccd688412760d24e3f15818e5080eee3c39097f6e 956d304f0a223605dffd86fef09e399818bf8725954c28f41c09c41c9136ed68
SERVER_TRAFFIC_SECRET_0 5396706a1688cb2e94a7964ccd688412760d24e3f15818e5080eee3c39097f6e cf9a779115f92a95e3fe514a22578a923b905e6019b39e92f87d40b533930e59
EXPORTER_SECRET 5396706a1688cb2e94a7964ccd688412760d24e3f15818e5080eee3c39097f6e c0974350c0aeffc4d3c374afb499bbae0b585896d0a647f1660db31bfea519ca
CLIENT_HANDSHAKE_TRAFFIC_SECRET 1cc6850b40e31e9726884278423fd98ccbdfcfd7dbb217b39d41a0ed4dcf861c 73c6f5883c6e7212824c772411c16ca561bb6813897a0e7dfbaed403269d7637
SERVER_HANDSHAKE_TRAFFIC_SECRET 1cc6850b40e31e9726884278423fd98ccbdfcfd7dbb217b39d41a0ed4dcf861c 2f0e5e8a133d7cc213c6d02b019467902e6a956dbb06ab9c27cec084f54b3ac8
CLIENT_TRAFFIC_SECRET_0 1cc6850b40e31e9726884278423fd98ccbdfcfd7dbb217b39d41a0ed4dcf861c 273bef3750eadede737068c82f1803572e7ed82ec76d8c1db0c83852978b7a6a
SERVER_TRAFFIC_SECRET_0 1cc6850b40e31e9726884278423fd98ccbdfcfd7dbb217b39d41a0ed4dcf861c 2d35859f4f8b410accf92746009218ca125b4354e1bbc3f024e36d5fee1591dc
EXPORTER_SECRET 1cc6850b40e31e9726884278423fd98ccbdfcfd7dbb217b39d41a0ed4dcf861c c16bb4e72b5e501e5991d6ae45a0ca496af79cd89a38afb8a70da2b5d9aa73ae
CLIENT_TRAFFIC_SECRET_0 2e791255a6d5340f2095a4b589f6b01daf6c48066fb1377fb1a5bb3a897a4084 a282fcbfd2b13db2aa5d90ff4911c82b2f1fc85cd4918d011ddf7c36644c0369
SERVER_TRAFFIC_SECRET_0 2e791255a6d5340f2095a4b589f6b01daf6c48066fb1377fb1a5bb3a897a4084 704d09f1b62c938be073fb6b80492ead5c432f70503fb4e3c80c9263994f0a68
EXPORTER_SECRET 2e791255a6d5340f2095a4b589f6b01daf6c48066fb1377fb1a5bb3a897a4084 4a4e39d1db745f5a8fc305203cac284ed92ca0e8c8df841add28ac8b5f89dc8f
CLIENT_RANDOM 250e4d060dc7ab7e477466c91816034388724cf72d230af11c7880044b280d22 941550060e0b39a2c47b1f566e61f7c9b7b8d4e9cbb3e94a9bb3ab6d9c331ef6b55b6afbfc0cc9b8107fd399e56f66b2
CLIENT_HANDSHAKE_TRAFFIC_SECRET 983fc83beae61036467d1e0eb913d5571aa25d4e2cd14fd08c10cd275e229dc8 1ef6cb4e0f64b57ddec8e03d384d5eb33500ed1b7d503ad511ebf2865acef9fd
SERVER_HANDSHAKE_TRAFFIC_SECRET 983fc83beae61036467d1e0eb913d5571aa25d4e2cd14fd08c10cd275e229dc8 d33907f575d3149d511bb620f5fbfca111a2e557255ec3805508f6abb79cbd0b
CLIENT_TRAFFIC_SECRET_0 983fc83beae61036467d1e0eb913d5571aa25d4e2cd14fd08c10cd275e229dc8 c22c0c9e6d0885fb3dff713c3e2a8469081da2a6b36dbbc4c9abbf55ee3ac476
SERVER_TRAFFIC_SECRET_0 983fc83beae61036467d1e0eb913d5571aa25d4e2cd14fd08c10cd275e229dc8 1d91ed399d12fc48cdab5c43ae9117813eef8db830b5f89f609ac150036666be
EXPORTER_SECRET 983fc83beae61036467d1e0eb913d5571aa25d4e2cd14fd08c10cd275e229dc8 3add43b1932950480df4f31c0f9db5e7b5dcd34218776c4fe93e72c05ab65416
