CLIENT_HANDSHAKE_TRAFFIC_SECRET 73183f6fe1254f463cc2925203e8537860ad264b772e44de3960e7dbc78da8cc c868f5b4bbff5eef45b756bbb2817808b31b0ab45f82c3f7c0420102df1c2c2fbf196d7cf3ecd12ff4daa2bef69b9df1
SERVER_HANDSHAKE_TRAFFIC_SECRET 73183f6fe1254f463cc2925203e8537860ad264b772e44de3960e7dbc78da8cc b24a415e2ee0edc99826091946244974c02e14c60910e57a580b910fb3fe06e9d7bddbfbc047f2e1507f45f429e94235
CLIENT_TRAFFIC_SECRET_0 73183f6fe1254f463cc2925203e8537860ad264b772e44de3960e7dbc78da8cc 71970ad86c194a0a7a41f7870306838cc58c067d39e0aaa7e4c89ddcadd4ac9814e9a5cc53feb95f2c63ccc5b417df74
SERVER_TRAFFIC_SECRET_0 73183f6fe1254f463cc2925203e8537860ad264b772e44de3960e7dbc78da8cc 328cf18a5f94af9109ba79a46a798d47549e87478f8628e499dfee95e0b711f7c7070b72db311d78842b6ac8de711a15
EXPORTER_SECRET 73183f6fe1254f463cc2925203e8537860ad264b772e44de3960e7dbc78da8cc 9b010332645c0bbb058845bd363010919d418384a0050a467883860eaa57eb2c8ce2a4000b76300b5d2f42815bf0899e
CLIENT_HANDSHAKE_TRAFFIC_SECRET 13b4fd7e2730e1b4b7b7408d95035b15bf81fd3bdbbcbd5d9118aceb26c6f9c5 447224b1cd0de2b9e5e81a82bcedde01615781630ccb3e3683f4d6cc5f60f06da31753211c73abbac98317eb09748607
SERVER_HANDSHAKE_TRAFFIC_SECRET 13b4fd7e2730e1b4b7b7408d95035b15bf81fd3bdbbcbd5d9118aceb26c6f9c5 a88fee245ac2ce7e9d5ef9d2f5a8ae3875a698442b222036799dc7a6845ab178d3ceffc152c6f327bf61e3504c44d3ba
CLIENT_TRAFFIC_SECRET_0 13b4fd7e2730e1b4b7b7408d95035b15bf81fd3bdbbcbd5d9118aceb26c6f9c5 07344e42d352f4ad52cc8d66f31b8cb8920626ab0478fa77f9c03c9a0cfca0d92de8bee0a3fbd7ca94c16ea8a0176ac1
SERVER_TRAFFIC_SECRET_0 13b4fd7e2730e1b4b7b7408d95035b15bf81fd3bdbbcbd5d9118aceb26c6f9c5 44fbd6c32089ed59650145bbc3d8c0bd9534cfa5d6ed5bfc35daf428a61c9865b12bdc5a10dadca0a20a019141edb921
EXPORTER_SECRET 13b4fd7e2730e1b4b7b7408d95035b15bf81fd3bdbbcbd5d9118aceb26c6f9c5 3c269e66a7cb9e042c93709aac25a0a413e7bf03aac4f591023651a45a170756ae0888c83d05c9e29f9725601d950604
CLIENT_HANDSHAKE_TRAFFIC_SECRET aa966e301d3f6af5917d24900ebe1e0bf310b53862e4bc56ab55479a6f0d5db8 8fb5bcdd6ccb75302e71cdf9940ea54e8ecee96228e374c52c516da8cbd87f76
SERVER_HANDSHAKE_TRAFFIC_SECRET aa966e301d3f6af5917d24900ebe1e0bf310b53862e4bc56ab55479a6f0d5db8 62f7a956a1d6835b2d0498c324b5d5214c046bdb877c4a73d070d9604bf308eb
CLIENT_TRAFFIC_SECRET_0 aa966e301d3f6af5917d24900ebe1e0bf310b53862e4bc56ab55479a6f0d5db8 a2599aa4a7ab740e421200a7d5ceb33824933622f3cb424463aacb1ce32e341f
SERVER_TRAFFIC_SECRET_0 aa966e301d3f6af5917d24900ebe1e0bf310b53862e4bc56ab55479a6f0d5db8 9d729892376daa045e3fc777cad31fac708c8452bb2da274628e3ddf355b7a3b
EXPORTER_SECRET aa966e301d3f6af5917d24900ebe1e0bf310b53862e4bc56ab55479a6f0d5db8 799779c7df47c99a29ba240604430a2b8b3d6aa21b7f3d1c53b76750fdc9443d
CLIENT_RANDOM d92d52c4922dc38d8bf9e6b46ae830151b996f47357f40173a9af9ad7f9625ef 0b6a474e69dc611840591a54da279f45846146cadd5b94566722841597fc422b53abcefd498935e42731c66085dc29c2
CLIENT_HANDSHAKE_TRAFFIC_SECRET c3998802c7239cde7d45d885cadac09610e84c6f1ef6da70f9beaa4b3c295a1c 63cc537eaa7069ccdf60bc0c2d11e6b02977c0509dca46b4c477074349db71e4
SERVER_HANDSHAKE_TRAFFIC_SECRET c3998802c7239cde7d45d885cadac09610e84c6f1ef6da70f9beaa4b3c295a1c 8eb8cbd46eb3c042120cf5f1eb86612e31378e7ce240850ce8295048a614f72b
CLIENT_HANDSHAKE_TRAFFIC_SECRET e4dbae94c79de7f28a61c94ecf2c659dacca4543dc466bc7f3faa05f5c0b4a14 67b8d0b31c7f9ad811d8d0e356ca9a22d4d579f9ce7a191e7a6e02911f352cec7db5d6290fa2334628d5e278a5a61cbd
SERVER_HANDSHAKE_TRAFFIC_SECRET e4dbae94c79de7f28a61c94ecf2c659dacca4543dc466bc7f3faa05f5c0b4a14 eb6c4f82ffa177eaf2ade4cde905b62d341a2043d00dd2afba2bd970879e44de216e577d4e4b3e19e20e8b102fb5fbd5
CLIENT_TRAFFIC_SECRET_0 c3998802c7239cde7d45d885cadac09610e84c6f1ef6da70f9beaa4b3c295a1c 9b5e7592daa85fd7a57ae3767df3eb55e563a18593128baa690a29dbbba68a71
SERVER_TRAFFIC_SECRET_0 c3998802c7239cde7d45d885cadac09610e84c6f1ef6da70f9beaa4b3c295a1c 577a469cee62720b2d687973dcc8f4aed8a05aa1626ad7dd7b9940a2188c3ada
EXPORTER_SECRET c3998802c7239cde7d45d885cadac09610e84c6f1ef6da70f9beaa4b3c295a1c e4c6ea89871c10df01bff18c44f8942cf552ef84242ea8fe986645a499cefa1a
CLIENT_TRAFFIC_SECRET_0 e4dbae94c79de7f28a61c94ecf2c659dacca4543dc466bc7f3faa05f5c0b4a14 ec3f9310a3b4620ab795c434d0d67a945146b83c3415b25e5cb7d269cc542010eb9a8e3cd15fe49184deed6b08fbcb5f
SERVER_TRAFFIC_SECRET_0 e4dbae94c79de7f28a61c94ecf2c659dacca4543dc466bc7f3faa05f5c0b4a14 2b1bdb292ca316a42866e756f2fa977a808d33659caea9b631f8a25aa85247ff0722759c06aafc6dec534805e66bcaff
EXPORTER_SECRET e4dbae94c79de7f28a61c94ecf2c659dacca4543dc466bc7f3faa05f5c0b4a14 601a2b5a7dd2e56ef99487b2a041aca7498bdd5d7b175299f1f76c083c23e0e4b0c49439406e6ac1f92c92c40b56e2bb
CLIENT_HANDSHAKE_TRAFFIC_SECRET d4b84706584dd11d1d00848c577d8ca7ae866eb2bcbb517770af08a6313733cf 85095535d9717c6af2198b57abf7d5a5bcf9ea66ba9c99187832e5619f12ec7d
SERVER_HANDSHAKE_TRAFFIC_SECRET d4b84706584dd11d1d00848c577d8ca7ae866eb2bcbb517770af08a6313733cf a8ba14f42f41b9c1cd33a81b54b378927ede533de1b2cc5857e48c8954d8a113
CLIENT_TRAFFIC_SECRET_0 d4b84706584dd11d1d00848c577d8ca7ae866eb2bcbb517770af08a6313733cf 7e00c5281dc498cd84d68b541a9943fee513bfc32885a1a6e69c9580cf91ca7d
SERVER_TRAFFIC_SECRET_0 d4b84706584dd11d1d00848c577d8ca7ae866eb2bcbb517770af08a6313733cf 9a82f0d11304bee5b4cf3800ea5bbf88fc79b47011750dee1384cf15ec6cb871
EXPORTER_SECRET d4b84706584dd11d1d00848c577d8ca7ae866eb2bcbb517770af08a6313733cf 13a78b4b69eb270da3f41f19527123fe90cb4caa96414498a07bf4e29ade6b00
CLIENT_HANDSHAKE_TRAFFIC_SECRET 99a6ecb2ce77617bd0b74602bf1af6f4b27cb30f6e1545891d3d200bb1906347 cbbd79ecf71283f2c53dbd19fb9c384361486fd0b3a15ea0ddfa10bafb4f8fad
SERVER_HANDSHAKE_TRAFFIC_SECRET 99a6ecb2ce77617bd0b74602bf1af6f4b27cb30f6e1545891d3d200bb1906347 ef716c6b106d2f744f0bbfff1d519e819d4f9c317b7c87e1b56c3c09fe262afc
CLIENT_TRAFFIC_SECRET_0 99a6ecb2ce77617bd0b74602bf1af6f4b27cb30f6e1545891d3d200bb1906347 a883c7876d913e2927bf5279b558d0fc66eb9bae10f3bbca5b4c1f71c6ac3cc0
SERVER_TRAFFIC_SECRET_0 99a6ecb2ce77617bd0b74602bf1af6f4b27cb30f6e1545891d3d200bb1906347 6cb0650aad8a732de64eba134e4facea086e3a27a99d09198060a55ad114be73
EXPORTER_SECRET 99a6ecb2ce77617bd0b74602bf1af6f4b27cb30f6e1545891d3d200bb1906347 4017fcbe35cb892399050fd645dd7f26598abefac4ddcba6363252d9c3622f4d
CLIENT_HANDSHAKE_TRAFFIC_SECRET 81418b152a682e314ee1e51d0c211e6a459bd494d3ea32ab80383839a0f85854 e28ac9ac5b7e42e362ae18b6fd9407c03454e9e7cd50679049d335025df7cad94bc84ad7d1a4cff5beb96d731036ddff
SERVER_HANDSHAKE_TRAFFIC_SECRET 81418b152a682e314ee1e51d0c211e6a459bd494d3ea32ab80383839a0f85854 364ee88f6d08b85083f34ad51745a0a6e194600b3fa9c469f78ecf9c4c304877aac7430b8e8efa7e8da57c73074676a0
CLIENT_TRAFFIC_SECRET_0 81418b152a682e314ee1e51d0c211e6a459bd494d3ea32ab80383839a0f85854 a63d452e9d1c801fde94f21ca0de57682d145deb044fbc0b8dee5a66c399486eb01cc29cfd662996f5e9daf269cb1106
SERVER_TRAFFIC_SECRET_0 81418b152a682e314ee1e51d0c211e6a459bd494d3ea32ab80383839a0f85854 eba5456a20bab4ee42df94432735bb88065c997c30feddad6b12e6e2b8f8bcde3de5060596e2671066d129985bca2398
EXPORTER_SECRET 81418b152a682e314ee1e51d0c211e6a459bd494d3ea32ab80383839a0f85854 72b97b221d59581e45978613147f6fc607637731b9b7de3d30b8c1324cb07ea1e052fe7ee17f8f776041002435073d00
CLIENT_RANDOM f7b04e1afd8ab044a7213cffaa496d27b90379ce2a96cb2526849c9f426eec80 e811a2bd1ac48ac6aec9fdc015592bc8d441cf7919a7b4dc2b3b7fa52f468ec291e30748025b236026242618e7add8a1
CLIENT_RANDOM 2ffaf3ee87d17db8dbe0bd3e7a70d5299ce4f5867dd64260b27afeb68a28c433 a9cf182c90019b9f23dd7e190da6e53c5fc71a31dfe9d7a06d686675bf85324d5d7a642a79fa1c6baaa9f7c9fd7f84f7
CLIENT_HANDSHAKE_TRAFFIC_SECRET 9b67eb9bf0575d344bc087d2a33ab832e2f20403ad1c3627ce7bdfd0319580d8 f25bf65d28e0932fe8cbdb2403aaeac25d4e9e863694a9e1401d7ab04eff5b1b
SERVER_HANDSHAKE_TRAFFIC_SECRET 9b67eb9bf0575d344bc087d2a33ab832e2f20403ad1c3627ce7bdfd0319580d8 29f7c5a586e27cce25f4bc05ff7cd983bd14822956c7e04352b890a8a0e4f1ec
CLIENT_TRAFFIC_SECRET_0 9b67eb9bf0575d344bc087d2a33ab832e2f20403ad1c3627ce7bdfd0319580d8 a02729705abe009e35183262816eb121a0924ff060e8c90dfc5f9907fd63b857
SERVER_TRAFFIC_SECRET_0 9b67eb9bf0575d344bc087d2a33ab832e2f20403ad1c3627ce7bdfd0319580d8 68b3ace8a5d1bf28cc5b3d5d04aca6149e5f575d89947eaae6327c675b8b2b94
EXPORTER_SECRET 9b67eb9bf0575d344bc087d2a33ab832e2f20403ad1c3627ce7bdfd0319580d8 a540718dae191b5632f11f80f4748123f1a3202df6f112e6543936816d4ac436
CLIENT_HANDSHAKE_TRAFFIC_SECRET 00fdc1e7e14e7c7b46a62a9a5962d3ce485de3ed1a6b5f9a890856450f7e3b5c 9910465ac68f296dfbb05433bbfb5227c106a1a955311ee8a16af4769a8dd977
SERVER_HANDSHAKE_TRAFFIC_SECRET 00fdc1e7e14e7c7b46a62a9a5962d3ce485de3ed1a6b5f9a890856450f7e3b5c c704189e40826cb6d0d42d9db13f94fbc6cc649d72614a186128fca505355515
CLIENT_TRAFFIC_SECRET_0 00fdc1e7e14e7c7b46a62a9a5962d3ce485de3ed1a6b5f9a890856450f7e3b5c f391da423f4bcff85818441a3b7d621cdb184e33f97dbb1a06d2415db5bc1421
SERVER_TRAFFIC_SECRET_0 00fdc1e7e14e7c7b46a62a9a5962d3ce485de3ed1a6b5f9a890856450f7e3b5c ed78e6cfe2e95be9081cf6fa97bbc1bfebff20beac9934eb236a14ebbed0104c
EXPORTER_SECRET 00fdc1e7e14e7c7b46a62a9a5962d3ce485de3ed1a6b5f9a890856450f7e3b5c 30fc9b8c96e5ab2b1296f719da842038fc428ee718decce92ec7d62c60daefd6
CLIENT_HANDSHAKE_TRAFFIC_SECRET e30b7cffdb4ec2476ec842a129dc6919c499d2745ac5e05fd0d1f7efb7eaf787 098437547bd67e12e7562c73be6b51a7ab7da58ef0a1b381d880c083a879c61a
SERVER_HANDSHAKE_TRAFFIC_SECRET e30b7cffdb4ec2476ec842a129dc6919c499d2745ac5e05fd0d1f7efb7eaf787 1bd8d3f3735a824167ef7307a70714a906aefcd5e78538de5680d3567cc7b7d2
CLIENT_TRAFFIC_SECRET_0 e30b7cffdb4ec2476ec842a129dc6919c499d2745ac5e05fd0d1f7efb7eaf787 fa5b3c8261c7740dd52a6529c1b604a1b4053b873f8400ea555556d81df05aa4
SERVER_TRAFFIC_SECRET_0 e30b7cffdb4ec2476ec842a129dc6919c499d2745ac5e05fd0d1f7efb7eaf787 60918b2052fc0c29e2d08a7cebe4bbff13b19df0251568cd9757c4829b61ceaf
EXPORTER_SECRET e30b7cffdb4ec2476ec842a129dc6919c499d2745ac5e05fd0d1f7efb7eaf787 9b7dd8383283ffeb1004af746e6b2d0f58fcd94fecbf61b5f39599df75e3f6e2
CLIENT_HANDSHAKE_TRAFFIC_SECRET 6b48375998bd0020e416d0ba0b86e470bdd40ed2395c8df57f9e95ed013b5cda 78ed704a0b4656ab59164ddbc4440b9db1fcd7231a6debfc59ef2cab1ca4d035
SERVER_HANDSHAKE_TRAFFIC_SECRET 6b48375998bd0020e416d0ba0b86e470bdd40ed2395c8df57f9e95ed013b5cda 08e04378685b905ca8e2216f6d7eb78b8701d74a739c117902ce1e280099876d
CLIENT_TRAFFIC_SECRET_0 6b48375998bd0020e416d0ba0b86e470bdd40ed2395c8df57f9e95ed013b5cda 1edf661cd5431278b14cd266d2218f60d5b9b939828a6849b1d0f05efdc65343
SERVER_TRAFFIC_SECRET_0 6b48375998bd0020e416d0ba0b86e470bdd40ed2395c8df57f9e95ed013b5cda e453f1d31fd3982e059cb1851395125d2a6d2d48c3c7f0b3d26c5c433ebb3d31
EXPORTER_SECRET 6b48375998bd0020e416d0ba0b86e470bdd40ed2395c8df57f9e95ed013b5cda 57eaf6a93d0773774d2cf633af295cfeb19d7afbdb104ede20be70e6b89519bf
CLIENT_HANDSHAKE_TRAFFIC_SECRET af89deb62ea0bc5efb97cb8fc55f60a28efbb97a9431fc443096d273499a998b 5faa24b15339831d963875ef0603dd826425ce52be041ccd5beb1ed4a49b489482834ce6dbcf606d5db6971ec89073c8
SERVER_HANDSHAKE_TRAFFIC_SECRET af89deb62ea0bc5efb97cb8fc55f60a28efbb97a9431fc443096d273499a998b 08e88808a1854df05fcdaec7015f9ef33b9e11d9a97c8812a1f8ccd03b15b9950ca53e34cb8fb5c1d84631669dd47efa
CLIENT_TRAFFIC_SECRET_0 af89deb62ea0bc5efb97cb8fc55f60a28efbb97a9431fc443096d273499a998b ddcca15690ebcf345dadf76a847f90351517bdf7717e1cf00dfc8dee9d22d6a45a5d434c95e538bd689c8535b43f81b1
SERVER_TRAFFIC_SECRET_0 af89deb62ea0bc5efb97cb8fc55f60a28efbb97a9431fc443096d273499a998b 754de36367333d0d3fa1f67c21e48d51927e5b64a38a58cd2614924f39e91709e421ee46c2aab4ad78eb2479042757e6
EXPORTER_SECRET af89deb62ea0bc5efb97cb8fc55f60a28efbb97a9431fc443096d273499a998b 1b3f157a0040c0da1a2cd3c6e9f5b94d3e5d5e2b518f3f9cb47da6f704f46c39da3a535b938dfdc9847c8019a35874c8
CLIENT_RANDOM 2519b97590dd719940adf66e5cb4a2ca7a81bce11596efb542d8e2100fdb0f74 64d313f78d5c58c1436cc592a082b2ec2ee3e402db966ecde492604305ede4ef9168c86c0d8e7e7f8e28268850835196
CLIENT_RANDOM d10d837a40a5b53d3e5bf99c62756ff1af67c927c4137545bd2c6a38ce988443 3f16322fd06cfe279280a9dcee8ffc14e63508368da93485e5b1ba00091ca9164d61471d8dcfae7f626e553d96b63780
CLIENT_HANDSHAKE_TRAFFIC_SECRET 73cf477153c6423796238f08400c6e38a3d598fff666f8ddfede90642d8e966e 7e2d7128e5cc685618d81e352da19c271dae5fbeccb8184757d4438f8a771481f741c96cb073d71ceb9081ab734ee9dc
SERVER_HANDSHAKE_TRAFFIC_SECRET 73cf477153c6423796238f08400c6e38a3d598fff666f8ddfede90642d8e966e 165f182ee7b1b38af6c798ad05ac0b0c0c61eea86ee2347190022e8ba6cf4d1555c42c658a0dbbab247696ed8f603aef
CLIENT_TRAFFIC_SECRET_0 73cf477153c6423796238f08400c6e38a3d598fff666f8ddfede90642d8e966e 9e2877c8a9cefe3fc57c4b63a66f7f325b6e595f9e39036fe6191b7df600cf756230eef85f0f554029f2640ee0a2c657
SERVER_TRAFFIC_SECRET_0 73cf477153c6423796238f08400c6e38a3d598fff666f8ddfede90642d8e966e 413c0f20fefef38663e16f436b7f94a368e83bcb1ca7f84e3ce663f1ed6bf3f722f9f75c1a0eacd937562784439235c2
EXPORTER_SECRET 73cf477153c6423796238f08400c6e38a3d598fff666f8ddfede90642d8e966e 940068cf6791f12680a2018b2cf200c8028d1886e58170afc9f9eeb3d111ee83e9f25635e42ac25ebd358f309cdfd991
CLIENT_RANDOM c803275beb4c9b26be97f02556e4a121481eb6e728f2512fade80797cbc1c0c2 e8ef899d22a678e8cf38c731f038c2f22c04c1062c07dfbf495fb738c2f69e92804aae691285d43e66dc82ede2c849e9
CLIENT_RANDOM 2d7ee4127e80a950dc119d09555c00c0f8d03d62eacf522b720fbe3273abd163 9c9b32680a339d2ee3a3a78fa78b029e3dd7d7e4dd0cc56bbc9a8a270bb68c0448f8265a5c77fcec13085925ace15707
CLIENT_RANDOM bc188089ee0484e46517326108aa7938da3e1a75910e203ebc2fdfc133ed77a5 3679b0b0252817f7f3667769ca69b4bb4479abe3e231a206eb4bf6e23c3612da09945c2d4ada9b7b35257c801f57b87d
CLIENT_HANDSHAKE_TRAFFIC_SECRET eefb82b855df6e7ed78d82f0d027fadabec9eeceaa0b0442a47f4c533c13b511 5766184ed36e44ae0325b0b05a5d1a9fe5d54845be12472118a0f0c02b6bf9b1
SERVER_HANDSHAKE_TRAFFIC_SECRET eefb82b855df6e7ed78d82f0d027fadabec9eeceaa0b0442a47f4c533c13b511 51843595159c2f91c3dcafa37f6f268e66334c201205833f66d3a08dbd66e78e
CLIENT_TRAFFIC_SECRET_0 eefb82b855df6e7ed78d82f0d027fadabec9eeceaa0b0442a47f4c533c13b511 7a51ee5d9f62fa40e1fa23e023c234141ed57b426f8300fc39480090eb763677
SERVER_TRAFFIC_SECRET_0 eefb82b855df6e7ed78d82f0d027fadabec9eeceaa0b0442a47f4c533c13b511 096838b4118f6143de302a8053cf477fdf0637579c94b6cd1e85123e2f6b4b09
EXPORTER_SECRET eefb82b855df6e7ed78d82f0d027fadabec9eeceaa0b0442a47f4c533c13b511 f087db2cac6a1ef95da6dd38f586b51bea46213d6f7ac2a8a6e3f3c65c58a528
CLIENT_RANDOM d313f08f6928542d5001dbe0626da72e8b761035db81af86069d152be8e04965 395f422dcee45e51d0481687a81eef1132ad44fc68ba56a0123838b96446b2df224e2f215507e980cc1d9e72b0d28d1c
CLIENT_HANDSHAKE_TRAFFIC_SECRET 64ffc8cbce729bec05f89207ba733ad7432fd96a6e072ba7b99af7f74a70c256 4d0d6fff3b3fdb9dc5a12c01a62ce4d992acb30b85ea44e71756f9d3e63920bf
SERVER_HANDSHAKE_TRAFFIC_SECRET 64ffc8cbce729bec05f89207ba733ad7432fd96a6e072ba7b99af7f74a70c256 01e6b8b7774ae8eb51b2323e0267abf5c7561d112bd36ba1c0f102a65cbde542
CLIENT_TRAFFIC_SECRET_0 64ffc8cbce729bec05f89207ba733ad7432fd96a6e072ba7b99af7f74a70c256 ad5240399261a3a3c06d49be5130764350961e888390a29aa7c987e38ad56262
SERVER_TRAFFIC_SECRET_0 64ffc8cbce729bec05f89207ba733ad7432fd96a6e072ba7b99af7f74a70c256 40a694a7bb1dcd194cc376467d6ce8c229daa9fee2bd7cc69458cd09d0b6f8d9
EXPORTER_SECRET 64ffc8cbce729bec05f89207ba733ad7432fd96a6e072ba7b99af7f74a70c256 5089400afbae774e2b871453ff47a9aa16da82369d1a60263b82e0d8e6cd1f3a
CLIENT_HANDSHAKE_TRAFFIC_SECRET ba0f8b8a31c73d9f8eec307f5d89fd88ca2d58707ac62b2b357c035082637dac 16068ab48a7a6ccffe5c9f71080718a783c82d7e70b025c54f3a294e90cb65c1
SERVER_HANDSHAKE_TRAFFIC_SECRET ba0f8b8a31c73d9f8eec307f5d89fd88ca2d58707ac62b2b357c035082637dac 1047d5277b1821c6c95f1ac8404b93c76ff48b292038db346282eecfd7203f16
CLIENT_TRAFFIC_SECRET_0 ba0f8b8a31c73d9f8eec307f5d89fd88ca2d58707ac62b2b357c035082637dac 88bcbf60be88e9f4f820c1b9191136548c8014307fd2c8f7606af1309f5a2c87
SERVER_TRAFFIC_SECRET_0 ba0f8b8a31c73d9f8eec307f5d89fd88ca2d58707ac62b2b357c035082637dac e333e086729b8ef1ea254da3df409b3c2e9b70810ebe0fcaa642186a466e4762
EXPORTER_SECRET ba0f8b8a31c73d9f8eec307f5d89fd88ca2d58707ac62b2b357c035082637dac 91646ddc0c7ef8cc19427fab145dbde19db7e4a568d6df745b2ebfbc71ef8da7
CLIENT_RANDOM 0ac23aa3ab99e1ec005754d7b6d66a022ab2e369acd6cb4d81568a95feac3ee2 1c5a3f665e4532f49866e764356f0691dd5c9d1ca3160fd90f9c6697b98fcba58940fff6e00c4087497960e16f7698b8
CLIENT_RANDOM d76044a26dbdb8c288a851af68434f0a509488e01e1505e6dfa2fb7f5e46cd51 c66f14bafaeeac649e9f904e77e078d3ba29254ef263cce54fc283190b9d8701cf4723437a7b60778758fa8bdd0a651f
CLIENT_HANDSHAKE_TRAFFIC_SECRET ee5f0e09978e8d68e7fa9ba8a6f0d82130d12bdd03c90cbf8166f0c53d93dfe8 5dd85113ab0f8ef0c77329170b7b00eeb2de3b4118f05a8836ab6d617c4ce7fa
SERVER_HANDSHAKE_TRAFFIC_SECRET ee5f0e09978e8d68e7fa9ba8a6f0d82130d12bdd03c90cbf8166f0c53d93dfe8 13d13c3a22a679642d0ef797d304886fa6dac3fede81c828e88a50c3ee11f8d6
CLIENT_TRAFFIC_SECRET_0 ee5f0e09978e8d68e7fa9ba8a6f0d82130d12bdd03c90cbf8166f0c53d93dfe8 839e33e218e8ad065d0d95ccce9aff625fec14d8840af4b362baa741b70efcf6
SERVER_TRAFFIC_SECRET_0 ee5f0e09978e8d68e7fa9ba8a6f0d82130d12bdd03c90cbf8166f0c53d93dfe8 a7b193b95e2a46e0e64585fe39fa32ed1c4800667955c134c80a70b40b67605b
EXPORTER_SECRET ee5f0e09978e8d68e7fa9ba8a6f0d82130d12bdd03c90cbf8166f0c53d93dfe8 248fb7d2d5eadb34f38a14fa13498b87f161598b4640653368f03c83ceca027d
CLIENT_HANDSHAKE_TRAFFIC_SECRET c038d50879abd3ab3720889b15f1aee6257e70b2b2cae38affa6093945a3ef4a c44d7c5a02797f430e8a5f97074709479a219a6ca6f488178f28547469dab4ec
SERVER_HANDSHAKE_TRAFFIC_SECRET c038d50879abd3ab3720889b15f1aee6257e70b2b2cae38affa6093945a3ef4a 6422058bee8fe12e07be77b5e0a92560adb0b1b104264ef88c0be0d5854be431
CLIENT_TRAFFIC_SECRET_0 c038d50879abd3ab3720889b15f1aee6257e70b2b2cae38affa6093945a3ef4a 305121d4f71a6cd141e2f03b7f2aa3e89076c00bed4439883034b592439d3353
SERVER_TRAFFIC_SECRET_0 c038d50879abd3ab3720889b15f1aee6257e70b2b2cae38affa6093945a3ef4a d68ace918916f7da96b6d8c8d6e980d8837964008afbf187dffe28da7da7b929
EXPORTER_SECRET c038d50879abd3ab3720889b15f1aee6257e70b2b2cae38affa6093945a3ef4a cf0ccdee6a7f816e8f25e5474cbbdbc6fdd084d921242f56dfcadf9bbe19bbf4
CLIENT_HANDSHAKE_TRAFFIC_SECRET 9c32cd13f370fe1b76c65d1d90eb649d40e5e066aea4423d511f877fdaf0832c c71c1991ac1002d035172c6615d469e415b2baaf9006be44eced5cf24e1334b1
SERVER_HANDSHAKE_TRAFFIC_SECRET 9c32cd13f370fe1b76c65d1d90eb649d40e5e066aea4423d511f877fdaf0832c 58e34d742ea3565e63a37c568e6b140c1b8578cdfe5f6977ad3ba538c0394172
CLIENT_TRAFFIC_SECRET_0 9c32cd13f370fe1b76c65d1d90eb649d40e5e066aea4423d511f877fdaf0832c ecb0d1589c4faaf3cf0bf2eb0568bc6bbab6a204041d38a3430cc211d2c49140
SERVER_TRAFFIC_SECRET_0 9c32cd13f370fe1b76c65d1d90eb649d40e5e066aea4423d511f877fdaf0832c 611dab06d75e72ab8665584116b6956d7b7880b95d8d901bf1663c266b877891
EXPORTER_SECRET 9c32cd13f370fe1b76c65d1d90eb649d40e5e066aea4423d511f877fdaf0832c e59fd4975e68818f08c40baf8b734bea79b0c146a8d4c51a7b6796728345d9a9
CLIENT_RANDOM 80840b7aca68dd61de75e748a38f013f83ed61e3a43ff5205625ff80afad558f db253b4e5db7459c423994caf13b23f7819dd62e361a086e4c0c6af8e4b40a7a6590fab33dfbff11ae8ce3dc8f711bbc
CLIENT_RANDOM 4ba61a5a9df89525bfdd37ce6ddd6567e11b136e6457631bd5c10471e2397bf8 272824370a5ae8adaf49fc6677f8a8a85bdd0de38e9d6ceb47d6a2fa67dcf69cb3164d6e78183876a809a83be2b8fb6e
CLIENT_RANDOM de9c13ddc37a423a10b09520bc9719b3889c38044e1c7837282004481bc6b4d8 6941d3f76f7e0271c8c32e724bf7d2d54e392f24ab8de31716c90b7d6b55764b041128ce22481f7aeec1ce8ff15cc2d6
CLIENT_HANDSHAKE_TRAFFIC_SECRET d20f6d50b14ae9437619310ab5c39e645be98124c454ced7494458593295e065 d046e505f5f6a24bd80d027cf4c6d7432e25e98dd2a85c22a1e18ca8694d374a8eb7216a077d67a7978d6b8eaf3cbe09
SERVER_HANDSHAKE_TRAFFIC_SECRET d20f6d50b14ae9437619310ab5c39e645be98124c454ced7494458593295e065 a507f9ea894fb9eb9184dfffac6c875612e24217457c7032896a99959b2d35e58379a7464fc784798e1d97899ac562ae
CLIENT_TRAFFIC_SECRET_0 d20f6d50b14ae9437619310ab5c39e645be98124c454ced7494458593295e065 ec9b1d32df31af359d41efd179d668c0653821754504ac1050d6e7f6782c53af30bc78a1ceb814217bb7b548dd76ce24
SERVER_TRAFFIC_SECRET_0 d20f6d50b14ae9437619310ab5c39e645be98124c454ced7494458593295e065 0a74e3282b83880d08a5aeb8a99bc2980a7d97ac6b31e256899f3ed1faa532030140dfecc19940bb2dc505d9be4a2ebb
EXPORTER_SECRET d20f6d50b14ae9437619310ab5c39e645be98124c454ced7494458593295e065 d2394bafe733e96ae60d153894c427080deabf7f177f52f3aa71983e87a327f8174c0e3090edcb899b162a088e66f0d8
CLIENT_RANDOM cb235d83863d2c11d287f101559cd136fef4ba84b8403019a8a0e7f933f7d5fe ce7941bdddbe1cb6f6779ee5923283880613da76a4f0a9733d6128a2b26ea3a8b89ecc12c1a03697bcd415a3f3280076
CLIENT_RANDOM abd561590fcaf531aab9b5e98ddb78f999450f1ebccc397dba5bbeb519ebb067 4b61e8d707155a30f578e5fed778fd78902820b44675c463ca55eb6f9d1057e5fb2feeefc08349851e277ddea4d89209
CLIENT_RANDOM 085a37bdd4e976047d9b4349149546f878e4c4a3d255d98e5bd58bf6b9250751 b79f2c03b968f2505c114b2eaedfbb1cb17a8638c9118a7bb4238e60f7f2ee0fcfd5c29bc796056b8c094a6ea0404cd4
CLIENT_HANDSHAKE_TRAFFIC_SECRET 51d6475797a39e28b86aa2f1c014153ac2e09c520686ac5f8f71a254e2178614 581f0ef32819b20fd8cbef0754fbff632845b70df0fde1ca5ad31546522bc943
SERVER_HANDSHAKE_TRAFFIC_SECRET 51d6475797a39e28b86aa2f1c014153ac2e09c520686ac5f8f71a254e2178614 0c1a8b9a2423b7181549b8e1f5f67a65f935badd706dbb5a3fa4b6214c62ac6c
CLIENT_TRAFFIC_SECRET_0 51d6475797a39e28b86aa2f1c014153ac2e09c520686ac5f8f71a254e2178614 93359aa2f01fb12f09041c06e294670ae06fb5badc42e1ea6f633334f1a45b6a
SERVER_TRAFFIC_SECRET_0 51d6475797a39e28b86aa2f1c014153ac2e09c520686ac5f8f71a254e2178614 cf72d50807a8f984e4658ae82b5b3737297ceee288337275b181be422836b79b
EXPORTER_SECRET 51d6475797a39e28b86aa2f1c014153ac2e09c520686ac5f8f71a254e2178614 000ea4881bd4d3760ae0b95951eeff1491e404409918ee831cb9b26504392ac4
CLIENT_HANDSHAKE_TRAFFIC_SECRET 0caecfc8248daa3e06d4693340537107bc0273e63b500d7055f624df6a4ae7b0 7e5290bd33130480df7b7b0b7b6cdc6e63ceaada62f6e81b04bb2b525aa9c9ac
SERVER_HANDSHAKE_TRAFFIC_SECRET 0caecfc8248daa3e06d4693340537107bc0273e63b500d7055f624df6a4ae7b0 03e140b83de7abbaa2249f62495e74ffa7b1bc86220308543a91da27a0acbe72
CLIENT_HANDSHAKE_TRAFFIC_SECRET 4207440b6f16ddfc5e42f9d80c5f156b729fd4ba317aa7ea69ffda997c59b409 a7a3b83d0f87b263a71730069b5953e527e8db7b6c67d623e6b16633c5b1340a
SERVER_HANDSHAKE_TRAFFIC_SECRET 4207440b6f16ddfc5e42f9d80c5f156b729fd4ba317aa7ea69ffda997c59b409 8c05339604ab666d39ca145ee35dcf3891e0d9df897f17bcc35826fdb9521ffa
CLIENT_TRAFFIC_SECRET_0 0caecfc8248daa3e06d4693340537107bc0273e63b500d7055f624df6a4ae7b0 f32566d45459d5277683027e5d108ff03e805bdf7d96b93d55f9ec178d6b0385
SERVER_TRAFFIC_SECRET_0 0caecfc8248daa3e06d4693340537107bc0273e63b500d7055f624df6a4ae7b0 89d0e9eb3442c4ee7301098f1212ed6faf6b1fd7fc92a7e62eae4f19eacb19a0
EXPORTER_SECRET 0caecfc8248daa3e06d4693340537107bc0273e63b500d7055f624df6a4ae7b0 533d1d3d5e7ddb258a621958c87d136f8f64d6cf4a33fa83430ed661c483291e
CLIENT_TRAFFIC_SECRET_0 4207440b6f16ddfc5e42f9d80c5f156b729fd4ba317aa7ea69ffda997c59b409 f4658eea00692ab74e8780698e4a846852622b61bf4d3b98c6abdd7a6d2f7c35
SERVER_TRAFFIC_SECRET_0 4207440b6f16ddfc5e42f9d80c5f156b729fd4ba317aa7ea69ffda997c59b409 4757fe142765ac404bb9de8db0e0aea60bfe6d9a246aae5fd14cfdad1d411d9b
EXPORTER_SECRET 4207440b6f16ddfc5e42f9d80c5f156b729fd4ba317aa7ea69ffda997c59b409 639103800c6f12c84a98c8cc9fd46c20631f242316af17039cf19b576208d285
CLIENT_HANDSHAKE_TRAFFIC_SECRET f1f3a12a98b86e721e311f5233f904862f40d620eb917a9d5f6a5d23f2fe6126 c80f410dcca4fe07d6da808ee2a5f1f974a51e1654d02f3963373e0480fd2c65
SERVER_HANDSHAKE_TRAFFIC_SECRET f1f3a12a98b86e721e311f5233f904862f40d620eb917a9d5f6a5d23f2fe6126 1fdf37583cc19ade7b10dbe57b84c36218fc2d1ca9ca9351b9e96c77462f781d
CLIENT_TRAFFIC_SECRET_0 f1f3a12a98b86e721e311f5233f904862f40d620eb917a9d5f6a5d23f2fe6126 6ba6ca118d76559ce4b5c59f4ddea0aaae1f07c511cde48ed174eb824a8133a8
SERVER_TRAFFIC_SECRET_0 f1f3a12a98b86e721e311f5233f904862f40d620eb917a9d5f6a5d23f2fe6126 6d46727e728deaec49341597f69b7600ec10e893ffbf7fa4c58169b62de00cc0
EXPORTER_SECRET f1f3a12a98b86e721e311f5233f904862f40d620eb917a9d5f6a5d23f2fe6126 00bae78987a2db13d94ada8e179f2821eb6f4bc63ec1e7ec6d0eb2671c3eb901
CLIENT_HANDSHAKE_TRAFFIC_SECRET 8ed578f0227922e62fbcd9578e19ce5aa1a2a5bd90b83ee9a2384b38962f43f0 96265e660b779f38cd909fb99e3deed04ff04b266df1f82f9d24c5db8d4fd212
SERVER_HANDSHAKE_TRAFFIC_SECRET 8ed578f0227922e62fbcd9578e19ce5aa1a2a5bd90b83ee9a2384b38962f43f0 3a2b777d23b2dcd3bbc66713a21d5eac173056dda478b6cf79bf2230650d2ad2
CLIENT_TRAFFIC_SECRET_0 8ed578f0227922e62fbcd9578e19ce5aa1a2a5bd90b83ee9a2384b38962f43f0 06d3d0bed12796b659ed1dabbfccfb3ec203ab8c6b71ce483fb48e384f71d374
SERVER_TRAFFIC_SECRET_0 8ed578f0227922e62fbcd9578e19ce5aa1a2a5bd90b83ee9a2384b38962f43f0 850aa41aaf733e0a34df5ad6ccb9f092b2d2101c152b0a6e205b3e8512789369
EXPORTER_SECRET 8ed578f0227922e62fbcd9578e19ce5aa1a2a5bd90b83ee9a2384b38962f43f0 ebca2643b23b481b249d700baf22a0eced3c5ce2930f4af17909212db3c5eeb4
