CLIENT_HANDSHAKE_TRAFFIC_SECRET bea012643758f12e1ec5bd2ea51459a9bd7acfc5708272c6076ff0c808e3c13c 089fd4399d2a7e491e47bab6646e8268b51e12f22d1d1c54f1d093ca57c3559f
SERVER_HANDSHAKE_TRAFFIC_SECRET bea012643758f12e1ec5bd2ea51459a9bd7acfc5708272c6076ff0c808e3c13c 29abaa6e94449dc5b35783b6bc85cbdc3841ec280a79c99f69bec7e5380e4d8f
CLIENT_TRAFFIC_SECRET_0 bea012643758f12e1ec5bd2ea51459a9bd7acfc5708272c6076ff0c808e3c13c 3f30d31f53d32c2f8d2a3cc511995c93c77aafc5501e82819570a4dfcecca5a2
SERVER_TRAFFIC_SECRET_0 bea012643758f12e1ec5bd2ea51459a9bd7acfc5708272c6076ff0c808e3c13c 51cc2d9ea7d3264dbe3328aa86aef468df216401963a6347bfd23e3abbbb2910
EXPORTER_SECRET bea012643758f12e1ec5bd2ea51459a9bd7acfc5708272c6076ff0c808e3c13c b53c03b30e0ffb604223c32ef3a693a2b9385b520e507a2f75731a4a68d711af
CLIENT_HANDSHAKE_TRAFFIC_SECRET 0b306a528fd55a58a0ac0ea9cc8b08a6c57e8e577b7ccfdd4853e6fc9a5ba884 aa6a80dfe01a04531996c5299e889c308158bcdef63b418305f5b9a0b66c2733
SERVER_HANDSHAKE_TRAFFIC_SECRET 0b306a528fd55a58a0ac0ea9cc8b08a6c57e8e577b7ccfdd4853e6fc9a5ba884 ad31c82749173a7e005d174b4df100c356edc750b89ecac8907da0e9c16984d2
CLIENT_TRAFFIC_SECRET_0 0b306a528fd55a58a0ac0ea9cc8b08a6c57e8e577b7ccfdd4853e6fc9a5ba884 a3da5e8c8beb1bf596468ae724dabc6f1456fb65d9164b9ba277bc30c1814d35
SERVER_TRAFFIC_SECRET_0 0b306a528fd55a58a0ac0ea9cc8b08a6c57e8e577b7ccfdd4853e6fc9a5ba884 86ac2a8420a844930d7cd49ace639ddc6d923306d3e0ed1db7bb7a855c899ce6
EXPORTER_SECRET 0b306a528fd55a58a0ac0ea9cc8b08a6c57e8e577b7ccfdd4853e6fc9a5ba884 ab77e0ac57cacce4e2c95906d25b21c704b092dd16d2ec0703a7ebf23e190ab4
CLIENT_HANDSHAKE_TRAFFIC_SECRET 928d76d38db626c14bcb564904d3ae1f5d67768a21779d69badfb02b80778f75 c4f776e209a2ce9fcfdf62b5326424a0d0ba702c9e6b9653d720772fde8cd7fa
SERVER_HANDSHAKE_TRAFFIC_SECRET 928d76d38db626c14bcb564904d3ae1f5d67768a21779d69badfb02b80778f75 bc6467e0cc0683e0db59e60c3c78f26e68c79b5bf19426cf44d3bd214f113b96
CLIENT_HANDSHAKE_TRAFFIC_SECRET 2e97060768ca58a768218f9f35f6f1a90b32a31db2d3f5778df71b14107e2b10 39879c8b13897339cea74832bc02729ed14a8b93eb7343f2c9806e9cde96d44b
SERVER_HANDSHAKE_TRAFFIC_SECRET 2e97060768ca58a768218f9f35f6f1a90b32a31db2d3f5778df71b14107e2b10 7260776679a326b62b7e5d254b536863c427ac117d40c7ca623176a150f39dfd
CLIENT_TRAFFIC_SECRET_0 928d76d38db626c14bcb564904d3ae1f5d67768a21779d69badfb02b80778f75 d01c734f4a0b508f8fb5e095e696a0907c0d4f1c72eb46860022cde3cdd77e4e
SERVER_TRAFFIC_SECRET_0 928d76d38db626c14bcb564904d3ae1f5d67768a21779d69badfb02b80778f75 78978c53f511973bae41e4c9021ecbfb76c3bccc78766e9ad810c3596cea79f2
EXPORTER_SECRET 928d76d38db626c14bcb564904d3ae1f5d67768a21779d69badfb02b80778f75 a471015c6bd9e3518e2de5a29e57e7e242e4595dabbc3a07a3a70254d2a3e5ad
CLIENT_TRAFFIC_SECRET_0 2e97060768ca58a768218f9f35f6f1a90b32a31db2d3f5778df71b14107e2b10 d7a7fa5dda5bc20f29680e2854594f429ae2cd7ed356a5f0d74ebc4a8aabb1e3
SERVER_TRAFFIC_SECRET_0 2e97060768ca58a768218f9f35f6f1a90b32a31db2d3f5778df71b14107e2b10 4f1cc6b523317ff8a5ed854fd1ccaf6f2aaa8ae30e560d1591f34514b2457a21
EXPORTER_SECRET 2e97060768ca58a768218f9f35f6f1a90b32a31db2d3f5778df71b14107e2b10 36a0f55b447149c1956d4c3320862ab0922e2330094ace796e12d425ae8797e4
CLIENT_HANDSHAKE_TRAFFIC_SECRET 4dc968c15747b0e6152d1b9cd4908ed4d192f449dbcb51d26a644c60b5f57285 fb0b083d241871622395effc0b08814381eca3b71c10d7a9d8eb441d7360332c
SERVER_HANDSHAKE_TRAFFIC_SECRET 4dc968c15747b0e6152d1b9cd4908ed4d192f449dbcb51d26a644c60b5f57285 5e24aef07ca063c527cf4d529e7bd2992aefd1ea33d517d247cadc3e3cdbfbeb
CLIENT_TRAFFIC_SECRET_0 4dc968c15747b0e6152d1b9cd4908ed4d192f449dbcb51d26a644c60b5f57285 7dd3957a16001c8cac0e8f41f6e12e78351fad4ea812f8cd2c5bf29f44fa0c1b
SERVER_TRAFFIC_SECRET_0 4dc968c15747b0e6152d1b9cd4908ed4d192f449dbcb51d26a644c60b5f57285 9365cda74d20abd72d01d6acb3c70b3626ee38f1811f576b7a166cee60dcd94c
EXPORTER_SECRET 4dc968c15747b0e6152d1b9cd4908ed4d192f449dbcb51d26a644c60b5f57285 a5273e1e15a81a0cdde60ce8ae76d211639cd7ea0d8d45247d8fefd779dba306
CLIENT_HANDSHAKE_TRAFFIC_SECRET b90767ef238bad69f6ef4645d81ac16abfc95e104e9862c8273dc23e5a33335d c8b205e30f9aba092693355efab83969aaf53a024a1f3803be7a9df3f9b12049
SERVER_HANDSHAKE_TRAFFIC_SECRET b90767ef238bad69f6ef4645d81ac16abfc95e104e9862c8273dc23e5a33335d bf369f2335ca6257ba76e76b76f996a22e33dc0b0cfd8911a6c16e1ea96d9020
CLIENT_HANDSHAKE_TRAFFIC_SECRET c53ab4eff4f7ebb5a259d06b7d2f296de2313abb6a467ff998c763cbedf8a83d 9634c5f1ef1aeb44641c9dacd2178e1584cf9e406f248d02ba904c7255c4a8b1
SERVER_HANDSHAKE_TRAFFIC_SECRET c53ab4eff4f7ebb5a259d06b7d2f296de2313abb6a467ff998c763cbedf8a83d 8aa9e3a9a6ef5caa052dc20e0b94b90d020ed915027661fb6138f48495f3fb88
CLIENT_TRAFFIC_SECRET_0 b90767ef238bad69f6ef4645d81ac16abfc95e104e9862c8273dc23e5a33335d a3d9c139ca9894535cb538f1c77f214bf4ef1dfaa9673b35376ec26996868e13
SERVER_TRAFFIC_SECRET_0 b90767ef238bad69f6ef4645d81ac16abfc95e104e9862c8273dc23e5a33335d 29f95ead635b626780585ef66bbd12384a7406e0a5cc9a8f48a20cacde903369
EXPORTER_SECRET b90767ef238bad69f6ef4645d81ac16abfc95e104e9862c8273dc23e5a33335d e719642a44b55aa2c936a638a23ab29f4bc0dd4f1373d70ca507b1286de46743
CLIENT_TRAFFIC_SECRET_0 c53ab4eff4f7ebb5a259d06b7d2f296de2313abb6a467ff998c763cbedf8a83d 91039522ca8fc2606c39b05400ead9d0a0d606658bdb6d131c4ad07918dd3be7
SERVER_TRAFFIC_SECRET_0 c53ab4eff4f7ebb5a259d06b7d2f296de2313abb6a467ff998c763cbedf8a83d bdcb3503ab68acddce81f508c39f1de3fee66d15fd60d8f66c58c6ba7192874d
EXPORTER_SECRET c53ab4eff4f7ebb5a259d06b7d2f296de2313abb6a467ff998c763cbedf8a83d 913370c9ed8675aa12fa4cda8fc67eaff5fcb9b7563388b007c15fc040bddb8b
CLIENT_HANDSHAKE_TRAFFIC_SECRET fd90af2f45ca75dbbcf8722a0e54cee2a8584f1908df639bf7fda6cced267a48 8b6769d532bbd92e88ae0e84a819b0e6f530730cec85ba9b722be5462ad6f77a
SERVER_HANDSHAKE_TRAFFIC_SECRET fd90af2f45ca75dbbcf8722a0e54cee2a8584f1908df639bf7fda6cced267a48 65e58440145b752bf85b6d94d774454edbedc58ad81c4e869e7af7182f492e13
CLIENT_TRAFFIC_SECRET_0 fd90af2f45ca75dbbcf8722a0e54cee2a8584f1908df639bf7fda6cced267a48 64f918a3a6f64c342fff625d0de1379533f24a9a2d9f5b900caf67d5d972bb24
SERVER_TRAFFIC_SECRET_0 fd90af2f45ca75dbbcf8722a0e54cee2a8584f1908df639bf7fda6cced267a48 1c974bd5696415639ec9465596db58ae25b6d8df66a2a367bc2d7e60d5e88541
EXPORTER_SECRET fd90af2f45ca75dbbcf8722a0e54cee2a8584f1908df639bf7fda6cced267a48 a819a44e92f1572f862564a767a17368de9e84ac99dd42633ea02fa36243bc0a
CLIENT_HANDSHAKE_TRAFFIC_SECRET 516480c0d833893108700b88c9e912c1e4cf6a382f3710c7857289ec467a26aa f1c30792af84d6c65c205ad3f129207c6e9e4256c3cb194ab8a22a226a0d865f
SERVER_HANDSHAKE_TRAFFIC_SECRET 516480c0d833893108700b88c9e912c1e4cf6a382f3710c7857289ec467a26aa f8226eba79566603ff576512f44c6e0303f4676e326ef27376dcc51f151e1393
CLIENT_TRAFFIC_SECRET_0 516480c0d833893108700b88c9e912c1e4cf6a382f3710c7857289ec467a26aa 579bcdb6962839f5a2fa0efde3f3845a6ae83e93df8eaf6122fc3ab0df4e1805
SERVER_TRAFFIC_SECRET_0 516480c0d833893108700b88c9e912c1e4cf6a382f3710c7857289ec467a26aa 9b2514901384059d870dabfb0a09977e5c469a475edce82f4a3e61f8f9b7d1c0
EXPORTER_SECRET 516480c0d833893108700b88c9e912c1e4cf6a382f3710c7857289ec467a26aa 72035f52e64260698748e42b9299977759f089102cea2764cb1760f52ff1ea33
CLIENT_HANDSHAKE_TRAFFIC_SECRET b4b05a59538e871f325b2c566e987043b7d45d33318f62bd6b67953c2bfd0079 dd3c3b0514dbfc54bcbbc66e66d27123c7332f150dbfb40cad22242e530e8367
SERVER_HANDSHAKE_TRAFFIC_SECRET b4b05a59538e871f325b2c566e987043b7d45d33318f62bd6b67953c2bfd0079 03c2a44ffe5a6290be44fa36c44b06a72968eb0274a5491b9ff6cc690f6f2644
CLIENT_TRAFFIC_SECRET_0 b4b05a59538e871f325b2c566e987043b7d45d33318f62bd6b67953c2bfd0079 beef851f55903ac6d877c564322097ae4df5a80eb0584fe80ed2e015c173fda4
SERVER_TRAFFIC_SECRET_0 b4b05a59538e871f325b2c566e987043b7d45d33318f62bd6b67953c2bfd0079 5d0e55bb83643980dadb2787c50d4756a88a69e8ca1c7a8d5b582e0a06484f21
EXPORTER_SECRET b4b05a59538e871f325b2c566e987043b7d45d33318f62bd6b67953c2bfd0079 484cb0bb4a7e7b4bf34cd0fa434b4ec80839e0ee53470e86884913db3e8dec7b
CLIENT_HANDSHAKE_TRAFFIC_SECRET 0110628f2b49c164b324da0374d04c09501724c54acba17a67a6362c6ae807bb eabe5b804562e42bdec152cb7bf53cf8fb79916932d0edf807874ec043fd6fc6
SERVER_HANDSHAKE_TRAFFIC_SECRET 0110628f2b49c164b324da0374d04c09501724c54acba17a67a6362c6ae807bb 2480213708bc521c40701d04caa3a35c95acc006d0ca0dbdf6b3db1e10dfd0f6
CLIENT_TRAFFIC_SECRET_0 0110628f2b49c164b324da0374d04c09501724c54acba17a67a6362c6ae807bb 3b6b46a182f49689d3561a6ad11bcf8720d676b4c786cb0cc442706152e7a400
SERVER_TRAFFIC_SECRET_0 0110628f2b49c164b324da0374d04c09501724c54acba17a67a6362c6ae807bb d9473cc049e1e4d7c70e691e74dbdc55de0eada6eb1d68442a0b66672b7b98b4
EXPORTER_SECRET 0110628f2b49c164b324da0374d04c09501724c54acba17a67a6362c6ae807bb 93bb638d2670c5ecbff8f92828e7a2da3719d3d011520c990d73db1eed8358bc
CLIENT_HANDSHAKE_TRAFFIC_SECRET 44afccd35cb26fe4f3666a234500f208d31ea22d96136b33e3a24f22ed9c29af f399c87628ea6c0693e97501bd6243cdcec960d25d4a431d9368c02ec680ee2e
SERVER_HANDSHAKE_TRAFFIC_SECRET 44afccd35cb26fe4f3666a234500f208d31ea22d96136b33e3a24f22ed9c29af 06b2e0a97a53ad0d8f5ef15c4caba1b841668d130d40d6e67d7d519d0a544dc0
CLIENT_TRAFFIC_SECRET_0 44afccd35cb26fe4f3666a234500f208d31ea22d96136b33e3a24f22ed9c29af d293e01b7540713f3489277d28f0d02ce844d064507362495a982d51aeb5d113
SERVER_TRAFFIC_SECRET_0 44afccd35cb26fe4f3666a234500f208d31ea22d96136b33e3a24f22ed9c29af 8ed046e381e829a80372a67f8c1188f3ce03f5fa7760dbe729f124d5e8025231
EXPORTER_SECRET 44afccd35cb26fe4f3666a234500f208d31ea22d96136b33e3a24f22ed9c29af 35a7a68374ce8ed21d213b7db117eede52e3a590709bcdc3b616f186240b9556
