CLIENT_HANDSHAKE_TRAFFIC_SECRET 54d33890ffc2e8bf47283f7073120f02369dc660d24efeaf611565500ff5b41f ac73f4ad0bf14a52383af6db8f5234585c38d54d2c432c3d7178530d341e77c9
SERVER_HANDSHAKE_TRAFFIC_SECRET 54d33890ffc2e8bf47283f7073120f02369dc660d24efeaf611565500ff5b41f 42c3fd1cf7c3bc7c3f94bc05f65b5a5105c9514593eb8a0144b251866f6c0292
CLIENT_TRAFFIC_SECRET_0 54d33890ffc2e8bf47283f7073120f02369dc660d24efeaf611565500ff5b41f 951b2ed44ac53c3ee0dc52d53fb5e74f7dad3553370af9d0a7043afa79280bde
SERVER_TRAFFIC_SECRET_0 54d33890ffc2e8bf47283f7073120f02369dc660d24efeaf611565500ff5b41f b8495da2a316a6276ed83d3c5e38f2ffa371cfd0d07449e14612ecee8bd4dc0d
EXPORTER_SECRET 54d33890ffc2e8bf47283f7073120f02369dc660d24efeaf611565500ff5b41f b7de385d8113dde832d95c2c5ddc5a24ac3a9cc96c1a327e7593f7df5e9e683e
CLIENT_RANDOM 8c55a92291b147409c3333ad1bdfa3c1bdbe9d6176cf4b054011d4582f92ce70 50467005440ce8f055681a20a1e5c4eb933ac68e9f381f9b1e930e3914b7da640b024d59b5db9d22bf85d63ad927cbe4
CLIENT_RANDOM c2c0ec5347b46c540590a981bba043ffe9435acc92c9cc9b1b03ff3c873eb9e5 4dcc324b0c6312a64da4407e5653e5803a71d8b7f53ddc8f46beb8827a9c801c6fbba6b8e0b3257ea283e53287c5fc11
CLIENT_RANDOM 90b01ea41a933b230c83615e4d80dd9f60fe9dc1cfd6c359728ee8f1d0867581 7dd3a828318e8580e2f2e012e589e50ee3cd1ba2d38c808d91c5d77e6f70df0f419fc669489cfb9a98c99528490e93fa
CLIENT_HANDSHAKE_TRAFFIC_SECRET 79e23f9dee51b4599415fc0c932ed8b72e133ce93c7fb0bfc110cab5ece5f8b7 c9e225d21b961efcb4a2aa212544e844bbe81b973143387d6713e7fd27a27195ac1f17d3e984ad06a406d0ecb2887c49
SERVER_HANDSHAKE_TRAFFIC_SECRET 79e23f9dee51b4599415fc0c932ed8b72e133ce93c7fb0bfc110cab5ece5f8b7 d8578594da96da71e853183a4e4b5ec38f3d26d760585a70c3a263d2a48d252ac0e8ed7a01e61d26e495e0ba7ddd46d0
CLIENT_HANDSHAKE_TRAFFIC_SECRET 3fa195d61ed923c86c7367eac0a4eed06fb24849a8ab57eef07e1123c3974f99 e657dbf3c2791dd1d76e7b7e343e2f9d4647c84446e7c62d9fd3bced4005285906f2ca727aad4ea25b5e51591811d48d
SERVER_HANDSHAKE_TRAFFIC_SECRET 3fa195d61ed923c86c7367eac0a4eed06fb24849a8ab57eef07e1123c3974f99 934bb5861dfe4256328bf51602ad419f8b5473efccb5a15d4af5ac0a202b38132a0e45a344cb1af7540fc84d8458f368
CLIENT_TRAFFIC_SECRET_0 79e23f9dee51b4599415fc0c932ed8b72e133ce93c7fb0bfc110cab5ece5f8b7 b31715e364f38b97b781984f1cb2de35d5d092bceafa61775bfc098d9894f8c8cc0d3f16fbf4d76231ff37c6773845af
SERVER_TRAFFIC_SECRET_0 79e23f9dee51b4599415fc0c932ed8b72e133ce93c7fb0bfc110cab5ece5f8b7 5410c3ebf51a0771e9e66faa7fc108bf5e13f709a6fa9045f78d43ed70b77b254029010138e37137ec6ff1367599afd3
EXPORTER_SECRET 79e23f9dee51b4599415fc0c932ed8b72e133ce93c7fb0bfc110cab5ece5f8b7 ec63098802bbad7fe3fca5633f4912cd051694ab4e1653787d32cc48ac91d6d8dcf28bcd331539d873a64950601e3eb7
CLIENT_TRAFFIC_SECRET_0 3fa195d61ed923c86c7367eac0a4eed06fb24849a8ab57eef07e1123c3974f99 a43bf7da70438bcf6a9adf33cf3906dbf41817739fa791bcf1c66f5976c7e3992202772e02980a831bb4fc936bf49005
SERVER_TRAFFIC_SECRET_0 3fa195d61ed923c86c7367eac0a4eed06fb24849a8ab57eef07e1123c3974f99 dfceba2fd47e5da20aaf14635d3bd3ae3cf9faacd906808dd32e2389a6cf6eadacd2b2f55f0eb6cde65d911dc72b697e
EXPORTER_SECRET 3fa195d61ed923c86c7367eac0a4eed06fb24849a8ab57eef07e1123c3974f99 bae4dd8508ccad975d7c36ed106b64348589755d3098653fc2c4c9b2af6f0274ac577d3c5d3719881e7bea3e48c8c804
CLIENT_HANDSHAKE_TRAFFIC_SECRET f307e1df4831c4792a9354d1d6558153c371e40f174ae54f0a1c3dd675f76397 084d4c51df5d4a73499b402e79ff1284c3ae2ab1ba6a76e11cb9dad1f9e5b4c2
SERVER_HANDSHAKE_TRAFFIC_SECRET f307e1df4831c4792a9354d1d6558153c371e40f174ae54f0a1c3dd675f76397 fbb5de2ded3ddf813cfc7723adeab706d591f640720f680e57aa434bfb9e6797
CLIENT_TRAFFIC_SECRET_0 f307e1df4831c4792a9354d1d6558153c371e40f174ae54f0a1c3dd675f76397 feffd244b16f0d1307099c08d3d4db7c3e64cc1971e55a146ac4d30cf680c318
SERVER_TRAFFIC_SECRET_0 f307e1df4831c4792a9354d1d6558153c371e40f174ae54f0a1c3dd675f76397 d435dd18ac36f307cf16fb0cab66280b0630cfefeb921cefe9a42b3d42d8c94e
EXPORTER_SECRET f307e1df4831c4792a9354d1d6558153c371e40f174ae54f0a1c3dd675f76397 f79cf1f769183f54dba44f53c964d7069ae6c08aca8056680fe52f918f2fb52f
CLIENT_HANDSHAKE_TRAFFIC_SECRET 0c0514a2389ce2de22893833a2a5f5a0de2222353574884497b8234e39e6c946 dd1be2d123ef6471c9c253b98f5295218ded852e59e6c6ac30a0d6910ef186e9bca986956a4a5782a27e3114ec042d35
SERVER_HANDSHAKE_TRAFFIC_SECRET 0c0514a2389ce2de22893833a2a5f5a0de2222353574884497b8234e39e6c946 c1a305a4c23afafd599238685f0e2e0293fb5ff5f8cd4377cb5e269260cad3ce9edb2b2e50453a7f017467a8d926d8b7
CLIENT_TRAFFIC_SECRET_0 0c0514a2389ce2de22893833a2a5f5a0de2222353574884497b8234e39e6c946 3999ea0a08e9866cb89296760a8cfe692f25d4d99029656e0c547331ee86e5c25ab2b3d3fa66cc02d87d1d6598780b87
SERVER_TRAFFIC_SECRET_0 0c0514a2389ce2de22893833a2a5f5a0de2222353574884497b8234e39e6c946 501f70a2bcfae70cae33b6235db74910bc397a8fa06096f7f8d6cc80e4186c552ada371137551c309c7ac5be09e0a7eb
EXPORTER_SECRET 0c0514a2389ce2de22893833a2a5f5a0de2222353574884497b8234e39e6c946 35ba0c19ada4949c60f89847662071768d349f97392ebfd866a2292d3776e489cc280d30d2a8f8142a0bfbda0dc300f4
CLIENT_HANDSHAKE_TRAFFIC_SECRET 89610c057b6954a44a4f5106e1b1810cf923a30ccfc7aa408aace911fb1f4f6b 60f0681a62bfc25e2f8b3cdbce8df9c252842ba281b27fb339d341472cb1f860
SERVER_HANDSHAKE_TRAFFIC_SECRET 89610c057b6954a44a4f5106e1b1810cf923a30ccfc7aa408aace911fb1f4f6b 64092f3cdb91cc2d75afd8bf69cee774500bed73ac648c259d4b13cb64712c2d
CLIENT_TRAFFIC_SECRET_0 89610c057b6954a44a4f5106e1b1810cf923a30ccfc7aa408aace911fb1f4f6b ee0b40d9a0b372cb2a2f971031690ef7cf236a47f806075a6558686c8d413da4
SERVER_TRAFFIC_SECRET_0 89610c057b6954a44a4f5106e1b1810cf923a30ccfc7aa408aace911fb1f4f6b b615383fa5b537ee6d0ab938488d8c8c97ab19691225d26f0e4443e4188600a4
EXPORTER_SECRET 89610c057b6954a44a4f5106e1b1810cf923a30ccfc7aa408aace911fb1f4f6b e0a97f425e7be1e3f43dc4cf922f1ae6cc1c0c5946ef8a02eb63c43299024350
CLIENT_HANDSHAKE_TRAFFIC_SECRET d98d85f6672422cee54cb48cd1521902737e84c3812a50632587e329bf45e341 04636918f112ef958fba7fe5bd8656e48e9e1748c54aefce99c83aff40c452fc
SERVER_HANDSHAKE_TRAFFIC_SECRET d98d85f6672422cee54cb48cd1521902737e84c3812a50632587e329bf45e341 9867b38ec7de25f68ab1a1918bfba3b8210f33b2ce203a495bc7bfce7f49f0ed
CLIENT_TRAFFIC_SECRET_0 d98d85f6672422cee54cb48cd1521902737e84c3812a50632587e329bf45e341 b69749054f725f49c21317f2a6f11d0ff9084b3ecc0f00664bf3ea8e4a9acfab
SERVER_TRAFFIC_SECRET_0 d98d85f6672422cee54cb48cd1521902737e84c3812a50632587e329bf45e341 e4977517888e24c00c9b0383f5b95395d223877a04e612260daa10ec9f3764ed
EXPORTER_SECRET d98d85f6672422cee54cb48cd1521902737e84c3812a50632587e329bf45e341 b3ff3812a1a91a86275c81da5fb314497c7fca6f691cf083605356ed7b43ca3a
CLIENT_HANDSHAKE_TRAFFIC_SECRET 7400c9592e90d59bd17cdc00107b2c0bec1cda8b06482df7d0fa6aa18ee36fca b976b61acf7d4f011ab790f687b103e713a0aa79a388f068e1b77c0e12393aaa9eadf6dacd7975717085c3a0f9c4d5c2
SERVER_HANDSHAKE_TRAFFIC_SECRET 7400c9592e90d59bd17cdc00107b2c0bec1cda8b06482df7d0fa6aa18ee36fca 80f8514f4e5b9a6ff7d2963733f88331c49d687a9c2124b9c19c688653269ac5d35c8d532eec828765a0cc5f2534b406
CLIENT_TRAFFIC_SECRET_0 7400c9592e90d59bd17cdc00107b2c0bec1cda8b06482df7d0fa6aa18ee36fca 7c498f0ac070ebec60e4c3658ec393bd2238f3c345ca9d9a1aff0812cf91cea60fed32d754a9527440804bcd3d7ad8f1
SERVER_TRAFFIC_SECRET_0 7400c9592e90d59bd17cdc00107b2c0bec1cda8b06482df7d0fa6aa18ee36fca e85b250d720c8346e6d74fddaf0f96c7b3f8c26e658a51111436eba2833deb1a4172e24543f689455d46d2af7dcbdd35
EXPORTER_SECRET 7400c9592e90d59bd17cdc00107b2c0bec1cda8b06482df7d0fa6aa18ee36fca 36a834daa2a0d8e9b78f3963c8ea377292851ad12c4fc77892fea2520648e2f0843aaf9df93aff8fbdb22f89bfe4da97
CLIENT_HANDSHAKE_TRAFFIC_SECRET 7b77e56ae5c586340d16424796269a0070903945f1c68b508e3d57fcc3912ab8 fc00df68b23fe5d902a62b13df2630245565203f418f3dc05caeb0ebf7e8228dd90bc5f937d344dff6044625e6420ef6
SERVER_HANDSHAKE_TRAFFIC_SECRET 7b77e56ae5c586340d16424796269a0070903945f1c68b508e3d57fcc3912ab8 478c4528cba1a1e7cf66e83d8f41215ca0328e8388f53510d77b8ad9c0b416a8be9cfaad061abce6506da668dd6dc19f
CLIENT_TRAFFIC_SECRET_0 7b77e56ae5c586340d16424796269a0070903945f1c68b508e3d57fcc3912ab8 349cbb5bcd9daf58f909411ba18d94a23892a4cfb9d05ddc3179b381a41a176c94923619181163b35257dbc27c67d34b
SERVER_TRAFFIC_SECRET_0 7b77e56ae5c586340d16424796269a0070903945f1c68b508e3d57fcc3912ab8 f169f6fa7fe7a2967c130fd9e1970d130a187770d732ed57c14cc210925acc39567644ed5e814d134d9f6c6831295328
EXPORTER_SECRET 7b77e56ae5c586340d16424796269a0070903945f1c68b508e3d57fcc3912ab8 129befea047a008903a192133c1e66f7048827b2950befe2dd972a8fec70eaf78d82b6e4095f4c963d126104b6b41f90
CLIENT_HANDSHAKE_TRAFFIC_SECRET 7593a8547ada39399631ade9550222982615c7dcb2e8c96f75ba4585209da341 af62e0bba127d55647520374a7b8929bff6bcaa645e05e35ae4f023de55fd98ddf62422879e25391177f15ecb622d1c4
SERVER_HANDSHAKE_TRAFFIC_SECRET 7593a8547ada39399631ade9550222982615c7dcb2e8c96f75ba4585209da341 83233e738cc872475abad8b84302ae8b9ba2364165ada46b89cc486a505dd8aba0824c4a80507f97b9e1408b9872749e
CLIENT_TRAFFIC_SECRET_0 7593a8547ada39399631ade9550222982615c7dcb2e8c96f75ba4585209da341 230514c0ddb41f76f6878bc5bd8e5940c846597b73ee7d328e4bc60ddb983bbb03ed09221d30fcc2c409feefeda2d9a6
SERVER_TRAFFIC_SECRET_0 7593a8547ada39399631ade9550222982615c7dcb2e8c96f75ba4585209da341 20c3cbfc95af243a1bcffbdb08935f88476937156b0974988f703945d174df6657da9a0af315a28f3af2f4d1d23a8e0c
EXPORTER_SECRET 7593a8547ada39399631ade9550222982615c7dcb2e8c96f75ba4585209da341 c5cf82003fe8c550c7bc18567b94bc7b0ddd554eb1e38b0fb8c846ae2e88f545e6385a07576c0d01f6ab8f907b614c0a
CLIENT_HANDSHAKE_TRAFFIC_SECRET 26641ab58a4963d7a6d32eaf726eb384fd9c38037330aadf585246a9fbcbce2f 85c8a40215630f0b2a963420826cfb2e95d428c571208b9973a7fc0830deabbbe0d760c85d165c9f687083df28f50e62
SERVER_HANDSHAKE_TRAFFIC_SECRET 26641ab58a4963d7a6d32eaf726eb384fd9c38037330aadf585246a9fbcbce2f e284332698453b4b7bd19d1cd8368979be474e8334d931359c3fcb43a518e13e9fddbe5699797c0263a9557e5b84bb5c
CLIENT_TRAFFIC_SECRET_0 26641ab58a4963d7a6d32eaf726eb384fd9c38037330aadf585246a9fbcbce2f 2b9cc05c5377c206c107e7f45376ea426026cf3c5033aacb4f912226f5c0ec5b515a806fea718ee67b2abd399d14e3db
SERVER_TRAFFIC_SECRET_0 26641ab58a4963d7a6d32eaf726eb384fd9c38037330aadf585246a9fbcbce2f 2f739e64ad4a015a9c866afe50d60e242f7971e5059695d7f539e840b89c3a1bec88928135437acd4db2260eb51ab807
EXPORTER_SECRET 26641ab58a4963d7a6d32eaf726eb384fd9c38037330aadf585246a9fbcbce2f 3d16beb9d78212326b09926a46a1edcaea03ddf8cfeaa970fa537d0a55f85d696a7a290d3eb0e988700e4536f670d3c2
CLIENT_HANDSHAKE_TRAFFIC_SECRET 67159ceb316302f5e95ca4d18a0105e07509406b57675242405f8ebde35bbe4d c1eb87d52c32d4c9de2d0347fba6a4d95768e75d0877c124dc0e7877a48f6e23
SERVER_HANDSHAKE_TRAFFIC_SECRET 67159ceb316302f5e95ca4d18a0105e07509406b57675242405f8ebde35bbe4d acc0c4d4132d6fb61761271d1a697c174fd96de5a9fe9898c59caeb4b3984cbd
CLIENT_TRAFFIC_SECRET_0 67159ceb316302f5e95ca4d18a0105e07509406b57675242405f8ebde35bbe4d c19cac5ac6f4de1b695a25228154e19a98397d07260b922a6fee982cac0858f6
SERVER_TRAFFIC_SECRET_0 67159ceb316302f5e95ca4d18a0105e07509406b57675242405f8ebde35bbe4d b33ff5581aae9bc4da33c1027919157a4e05ebda48408685f4342bca674fb8e6
EXPORTER_SECRET 67159ceb316302f5e95ca4d18a0105e07509406b57675242405f8ebde35bbe4d 95afd708a1100fe37364d26a801c957a85d1cc9018322002624e1962abf66865
CLIENT_RANDOM 9669d83b18290d36cb5019abf4b1d7e1abca100b539288601802f219a829316a cf5d45c4fb7c0a8ae3080ff46d31f4c247a400cef1671a4eed3f17ca637c07b99e70b6b01c5e5f82c01cab400e44f852
CLIENT_HANDSHAKE_TRAFFIC_SECRET fde2a1628fd10bf3e70b7bbd18d9ad32bd994aa4b93e99f4fdd94b8a405b1e47 722fa44c91c81b967ede5f85c15ad891b5c26319a49665f1143f74a3aef9ae4c
SERVER_HANDSHAKE_TRAFFIC_SECRET fde2a1628fd10bf3e70b7bbd18d9ad32bd994aa4b93e99f4fdd94b8a405b1e47 ca294debb3dd7e15a94b9c8b139a78d3132184f78fec62843c80e88b308f5ddb
CLIENT_TRAFFIC_SECRET_0 fde2a1628fd10bf3e70b7bbd18d9ad32bd994aa4b93e99f4fdd94b8a405b1e47 b8daf2e803f2d9023be1cf3ddb7b702cc3dbd63166d11080936cc43917a9d2f2
SERVER_TRAFFIC_SECRET_0 fde2a1628fd10bf3e70b7bbd18d9ad32bd994aa4b93e99f4fdd94b8a405b1e47 524880d2bbde335c1ae1e4702af69bfe2129100a4e597f979c9d1166a620ea52
EXPORTER_SECRET fde2a1628fd10bf3e70b7bbd18d9ad32bd994aa4b93e99f4fdd94b8a405b1e47 40e1bbb84900ffb6f329315ca69df4f8b34a021b26733cf90d641b130a0857b0
