CLIENT_RANDOM 7397796d88fd71f4d5c25d0f0f3e1d46605b93c532b4bc881b8a392b174fcef0 be9ccbac268fcefcb1706a17db67c86a7c922d549f63fdd6066503c4962d246bcc71f687e68f63a8cbc27d12c0e648d0
CLIENT_HANDSHAKE_TRAFFIC_SECRET 601159eb9187e73cecae3fa247b969e200b29621bcc24c95247e44c2857540bc bce59abad39906f9b8da63c90af7b93b35380f46f67969245eef5db19096519d
SERVER_HANDSHAKE_TRAFFIC_SECRET 601159eb9187e73cecae3fa247b969e200b29621bcc24c95247e44c2857540bc 80a0b757d402bc686cd620889b869aa49cffdb7da02ebb369c2fa13ba846c90d
CLIENT_RANDOM c3750131610cfab2a12f8be89eb2a1ef17981be1c99a8232d3aadd29395541c6 6dfe3006892d0c4d2ed0af27ace9ba9cfa97122b0687e6e61031c826d24550c09bd5672fcfdfbceed04ef9bd39a46d9c
CLIENT_TRAFFIC_SECRET_0 601159eb9187e73cecae3fa247b969e200b29621bcc24c95247e44c2857540bc 6da2295d0dc95e75266d7b36b58a9b1be2c1873da3f00a86db6f56ff9dc39d9a
SERVER_TRAFFIC_SECRET_0 601159eb9187e73cecae3fa247b969e200b29621bcc24c95247e44c2857540bc 06024d87e5ce755544dab5dd3bdf4e8bc64893dd4d47a191a455d4269410440f
EXPORTER_SECRET 601159eb9187e73cecae3fa247b969e200b29621bcc24c95247e44c2857540bc 99dedb343de55232b9a3c00461daabe91761ce6e8fd3c5646517dbe7c73e85c1
CLIENT_HANDSHAKE_TRAFFIC_SECRET a7d5d03c4f25c44b3cf7e09bf8c4f512bf859ad94342b032ecf2ff50d8a8b3d6 b9bc01e9b7442226bf7642c3022044fb57da71431270c763ef7e62cb8a701e41
SERVER_HANDSHAKE_TRAFFIC_SECRET a7d5d03c4f25c44b3cf7e09bf8c4f512bf859ad94342b032ecf2ff50d8a8b3d6 acf905ad08931fd520f1b9434b07f183be12f13ff7b9bdc8f9ca32af44bd3ed7
CLIENT_TRAFFIC_SECRET_0 a7d5d03c4f25c44b3cf7e09bf8c4f512bf859ad94342b032ecf2ff50d8a8b3d6 29030083ae70ca6642350b18c4806707f6b6295b9d31584c4d4d7a92d0bb3cfe
SERVER_TRAFFIC_SECRET_0 a7d5d03c4f25c44b3cf7e09bf8c4f512bf859ad94342b032ecf2ff50d8a8b3d6 468277387f3b26c95312dd0cbfd05380f62d4172341c42b76bda0498cdbb1867
EXPORTER_SECRET a7d5d03c4f25c44b3cf7e09bf8c4f512bf859ad94342b032ecf2ff50d8a8b3d6 a8fe9a9677208d89bfb9535cadac41c296f273306c609d04f172b726fcea3ef2
CLIENT_HANDSHAKE_TRAFFIC_SECRET f7b082b94ee7c94616e99096836c8f8570bffeddf28736a09c4e2c1c1da89c66 d1e6c33ae208b2b0e794f8b24985ff41ef8dc84dbab6f9b740020b61826d783f
SERVER_HANDSHAKE_TRAFFIC_SECRET f7b082b94ee7c94616e99096836c8f8570bffeddf28736a09c4e2c1c1da89c66 0a88e64e62168138ed7a3b8fc6769ef15c6e47e20a065526c8c9a8598c437a1f
CLIENT_HANDSHAKE_TRAFFIC_SECRET 12f8e0c4f95703601874c33564274fa1631e33bab7321f3957af38eca9d54611 3470ac27b1a69d0a2cfe7df6fe0936a1996d43cd936296b117eb17a4ddff09c2
SERVER_HANDSHAKE_TRAFFIC_SECRET 12f8e0c4f95703601874c33564274fa1631e33bab7321f3957af38eca9d54611 ae66d592bd546123cebd42965d90c6c0914382faa1e16445dff3bac343aa8e33
CLIENT_HANDSHAKE_TRAFFIC_SECRET 8e4c5fb1764ba157044dc1acbfe1c4115acb81f80d3041b01181268316f36b0a 1212521fabc90900b17afc14c6bc33973d7ad6ee37f4c6504342391dd5a62a5b
SERVER_HANDSHAKE_TRAFFIC_SECRET 8e4c5fb1764ba157044dc1acbfe1c4115acb81f80d3041b01181268316f36b0a 13cbb1b40bd133c25c753f1b02b835f939e148a1b634552bd347b90923c060b8
CLIENT_TRAFFIC_SECRET_0 12f8e0c4f95703601874c33564274fa1631e33bab7321f3957af38eca9d54611 ea8aa75a7fb81bd975fb083a3cbef1f314354958605d4b07bd612e197c3a990c
SERVER_TRAFFIC_SECRET_0 12f8e0c4f95703601874c33564274fa1631e33bab7321f3957af38eca9d54611 df5fa5d26445e1bb2910e07a51dbf22eab268f73ac76c22208ced952d56c1a90
EXPORTER_SECRET 12f8e0c4f95703601874c33564274fa1631e33bab7321f3957af38eca9d54611 8b6aac9696c1c04951490a8eafbc3c7da1da1469e930fb2efd8a05dd4633850d
CLIENT_TRAFFIC_SECRET_0 8e4c5fb1764ba157044dc1acbfe1c4115acb81f80d3041b01181268316f36b0a fbe535b58f1b48ab958b889121795497a4c4e52a044fa05ff8b04f0adcb024aa
SERVER_TRAFFIC_SECRET_0 8e4c5fb1764ba157044dc1acbfe1c4115acb81f80d3041b01181268316f36b0a a71d15d892289f004d1cbabe7fd0f845c4601bab918c7f72e583d240a534b1f3
EXPORTER_SECRET 8e4c5fb1764ba157044dc1acbfe1c4115acb81f80d3041b01181268316f36b0a 31e00ed268cd0eacfe4ea84ba8385de82df1503f466f437570f82fd3b2652a33
CLIENT_TRAFFIC_SECRET_0 f7b082b94ee7c94616e99096836c8f8570bffeddf28736a09c4e2c1c1da89c66 f412cb3cfd593e2c0f10895657da30aba7fd2babc706a8ffce9d896015ff05bb
SERVER_TRAFFIC_SECRET_0 f7b082b94ee7c94616e99096836c8f8570bffeddf28736a09c4e2c1c1da89c66 b1a85cfd37b0aab45e959d48bc16a9043a1d8d88d5d7dea6a7998087934ba55e
EXPORTER_SECRET f7b082b94ee7c94616e99096836c8f8570bffeddf28736a09c4e2c1c1da89c66 1741dd0f2bd688221bb7f048b0805e580ce7e6ad8315b1565a3b6b0e0b5c4c3b
