CLIENT_RANDOM 8e8d95b424d8b73339163f7f7af7a9ccfe1b457ac6f8e815826c46187520da45 cac253ade429029df871cd815e503b15d0bc4544d29c8d638cdf88bdd40e057e96c1396a9ffbea0558c0deaeace4ea45
CLIENT_HANDSHAKE_TRAFFIC_SECRET fefc562784b1be6349dadb0279432689a3468e7a2936f83280a3badd7093b15c 82bde8772ebd8a3421e834b487ac7f0dff211cef0e1a5ae107fd76cbe2009d6c
SERVER_HANDSHAKE_TRAFFIC_SECRET fefc562784b1be6349dadb0279432689a3468e7a2936f83280a3badd7093b15c 315156d8cb6bc914b72627569326e668a7b6627f54442be6b9995d465801f717
CLIENT_TRAFFIC_SECRET_0 fefc562784b1be6349dadb0279432689a3468e7a2936f83280a3badd7093b15c b4a74dee85398959d9b667b4cdadd3f4ad04b897d55f30bd31714170be809947
SERVER_TRAFFIC_SECRET_0 fefc562784b1be6349dadb0279432689a3468e7a2936f83280a3badd7093b15c a38d43b5b47627809be24e9e15b8d46e226fa999b649dd37983f9881c5fb2815
EXPORTER_SECRET fefc562784b1be6349dadb0279432689a3468e7a2936f83280a3badd7093b15c e80eef5bb7cd5dce01f3c31c2246cc39c759a23e81b036488c8531382dab3fbd
CLIENT_HANDSHAKE_TRAFFIC_SECRET cacd400cc76a7c5c8e06b37d33b2889c0295cbdd314e7dea5f67fa130474b143 d57c38fae8c8cc6da8fd350809ae741e444faf8d77890f9869327da5e7fc149f
SERVER_HANDSHAKE_TRAFFIC_SECRET cacd400cc76a7c5c8e06b37d33b2889c0295cbdd314e7dea5f67fa130474b143 39f698c9575fb8bf5462e0a28de63b1a1ef44ec39e6a9da92e751ab4139c20dc
CLIENT_TRAFFIC_SECRET_0 cacd400cc76a7c5c8e06b37d33b2889c0295cbdd314e7dea5f67fa130474b143 8fbcb5bd48c76a1ed80ebda6e140752d88f23535dd72478b6507eeed156dee03
SERVER_TRAFFIC_SECRET_0 cacd400cc76a7c5c8e06b37d33b2889c0295cbdd314e7dea5f67fa130474b143 a17371edcc4898f1cac880c078a0412489b8c6f198d435e0c98f8dcf9c14c817
EXPORTER_SECRET cacd400cc76a7c5c8e06b37d33b2889c0295cbdd314e7dea5f67fa130474b143 5ab24d802952f26a843952befe7b13950f97b81dc332aee98cffe6dd3716113d
CLIENT_HANDSHAKE_TRAFFIC_SECRET 7e44fdc4cabfa32157601d173fe859031a46ac5534488ea633aa98bfc6fd4a35 1e06b5f7467a5c16f379b806e0c51c3f549c1ce7cdd5d9e17bccd00775555b24
SERVER_HANDSHAKE_TRAFFIC_SECRET 7e44fdc4cabfa32157601d173fe859031a46ac5534488ea633aa98bfc6fd4a35 b4e6c5ff9c9e97102d6e1b14d4014ee170aec25ee996643716273be87567265f
CLIENT_HANDSHAKE_TRAFFIC_SECRET 8e4f6c55298153d5fd66b9cb09a414d436f9fd7d64d58b50083b6ac0d0710be5 99b173854bf38015500b3f20ee809340f24af3a0577e194743f2a3d130050fbc
SERVER_HANDSHAKE_TRAFFIC_SECRET 8e4f6c55298153d5fd66b9cb09a414d436f9fd7d64d58b50083b6ac0d0710be5 14c852a97ba3473850148b0cf9207a9851a82cc2db0348c3df6316f63f79cfc3
CLIENT_HANDSHAKE_TRAFFIC_SECRET 1d9bd3750ebfb13f1bbd59c4be7d6f850bb6aa150f2f3b7cbb3eb9701ba61d0b f029071fdccc4eba90f1c8638a34677e2ac2aee7b92eb481daff24c686b8d98c
SERVER_HANDSHAKE_TRAFFIC_SECRET 1d9bd3750ebfb13f1bbd59c4be7d6f850bb6aa150f2f3b7cbb3eb9701ba61d0b 6376a990c90c6e2d24e3ae6322feead47607d42dc0240e572948d84db3efff4b
CLIENT_HANDSHAKE_TRAFFIC_SECRET 26d7094c39fd18e24cabd8f7d8b973cb61c30955ed903d8d23a7dabf01c560bd 9166edd51707cb4962c465fcff2e09287e1937266eb1d227174bcba22ca9dcc2
SERVER_HANDSHAKE_TRAFFIC_SECRET 26d7094c39fd18e24cabd8f7d8b973cb61c30955ed903d8d23a7dabf01c560bd 1ec77e733fda78223ca6531890c1b25916b1fc832f78245ac47e302c1bb9f955
CLIENT_TRAFFIC_SECRET_0 8e4f6c55298153d5fd66b9cb09a414d436f9fd7d64d58b50083b6ac0d0710be5 e6013ec7b14c040a58ff0a3df892161474590a32bd073991ca618cf7bf7f22d6
SERVER_TRAFFIC_SECRET_0 8e4f6c55298153d5fd66b9cb09a414d436f9fd7d64d58b50083b6ac0d0710be5 4cbdb142ff708ea2ba3d5f3db6a9ff6eb4fdd050570a61995729b4fd4f45cf14
EXPORTER_SECRET 8e4f6c55298153d5fd66b9cb09a414d436f9fd7d64d58b50083b6ac0d0710be5 98bbf7c026c6d2918fac3cfffeab0e8997a41362344a937c73e30985145411a3
CLIENT_TRAFFIC_SECRET_0 1d9bd3750ebfb13f1bbd59c4be7d6f850bb6aa150f2f3b7cbb3eb9701ba61d0b 74549ba7836cae0a0c00de20288e20678a79afa1716a49f554d0c9ca50830bda
SERVER_TRAFFIC_SECRET_0 1d9bd3750ebfb13f1bbd59c4be7d6f850bb6aa150f2f3b7cbb3eb9701ba61d0b 68acbc3bf4f303048812975f0b75ec1b2cd8a6a674f5ec540dc2bb99e5ce3523
EXPORTER_SECRET 1d9bd3750ebfb13f1bbd59c4be7d6f850bb6aa150f2f3b7cbb3eb9701ba61d0b 22e36951a329251caa59a7fee52291ad17f0715d8cd7827a6ea7b0cc88197a0d
CLIENT_TRAFFIC_SECRET_0 26d7094c39fd18e24cabd8f7d8b973cb61c30955ed903d8d23a7dabf01c560bd 42a45bc8c9a74272583081b8cc5b03e4bd9b00042491e31b0bb5084dee532f80
SERVER_TRAFFIC_SECRET_0 26d7094c39fd18e24cabd8f7d8b973cb61c30955ed903d8d23a7dabf01c560bd b5f8b71e87755d4b4181bd6b3e1989f2aefbca4482de99394a1672736c120c9f
EXPORTER_SECRET 26d7094c39fd18e24cabd8f7d8b973cb61c30955ed903d8d23a7dabf01c560bd 4945526ddbd097f7778f952054c2b6ef49ec1f13ae593ae70fc35b8395010f38
CLIENT_TRAFFIC_SECRET_0 7e44fdc4cabfa32157601d173fe859031a46ac5534488ea633aa98bfc6fd4a35 f970ced059075a710e67aac6d33a47db43baf7765c3f591c84f44ba9cf512f87
SERVER_TRAFFIC_SECRET_0 7e44fdc4cabfa32157601d173fe859031a46ac5534488ea633aa98bfc6fd4a35 650b7157a3f6b1ac69578bf0cec7f4c57a9f85d7337c3075fca5a47508a1413b
EXPORTER_SECRET 7e44fdc4cabfa32157601d173fe859031a46ac5534488ea633aa98bfc6fd4a35 35340c8b3883e5516e60d51a1fef04e8391c772a8b5adac2fcb292171990d3a6
CLIENT_HANDSHAKE_TRAFFIC_SECRET ffbd961a6d9f0792cfc6255dd5b733813a7d43105f18a7d2ad977ed6028936c9 400aba6b5513b9ddd71e8f48c5425a48a43676a3d8f3b69cb17f6819528cdfbd
SERVER_HANDSHAKE_TRAFFIC_SECRET ffbd961a6d9f0792cfc6255dd5b733813a7d43105f18a7d2ad977ed6028936c9 13d5bc2ae0a90e6e3dfc8df9e86ab603d73ea8fad3d1d6efe0a7b24ff9a64cf5
CLIENT_TRAFFIC_SECRET_0 ffbd961a6d9f0792cfc6255dd5b733813a7d43105f18a7d2ad977ed6028936c9 ad4fb4fb55fb9ec9d4f906840b55cc9eb557c14948ae6e2458c53ce772922880
SERVER_TRAFFIC_SECRET_0 ffbd961a6d9f0792cfc6255dd5b733813a7d43105f18a7d2ad977ed6028936c9 e14ed104f2615dc31cc7f15faf2848fb96bb96ed889241a190dc92f15e409363
EXPORTER_SECRET ffbd961a6d9f0792cfc6255dd5b733813a7d43105f18a7d2ad977ed6028936c9 15b5c837fd2631702451b2078ec543f62db47a6f8c83eaa8c6bbc5a2f8ea5154
CLIENT_HANDSHAKE_TRAFFIC_SECRET f8a9915177a96f9cef4e392916959d02925285fb9c68c08831c2b27e2c03a619 deddd5245f064e94e97440c4d4b37c5d4ccdc300851303726b53e8409030712b
SERVER_HANDSHAKE_TRAFFIC_SECRET f8a9915177a96f9cef4e392916959d02925285fb9c68c08831c2b27e2c03a619 ce7147ee47f5ced517d5c55e0eb8f9a948aaadf323af0d4ce3179b3c8ec046a7
CLIENT_TRAFFIC_SECRET_0 f8a9915177a96f9cef4e392916959d02925285fb9c68c08831c2b27e2c03a619 d9b27ff5473338849aaffad835dc2604de39a81b401b76f082f08c6c7c2691c2
SERVER_TRAFFIC_SECRET_0 f8a9915177a96f9cef4e392916959d02925285fb9c68c08831c2b27e2c03a619 6bef52c6cc578d4bcdfbce914334fb6b875d6f086d5ee5386f16154ce8cc1e08
EXPORTER_SECRET f8a9915177a96f9cef4e392916959d02925285fb9c68c08831c2b27e2c03a619 0128426f0683898af5074a89de7e743a30761c065cad03aebc644ee85e6b0ad3
