CLIENT_RANDOM 8b663c2acdc0457e72b2aed6e61d270f037f82165bf010bd1821ed46cdd26d2d 330fa5a3ba43c7b3c9c3c38adfab16c2ea7e7df322b8c6fd2b5ff3aeaa05033d6e0d703c6a247f13d30083bd08e941ba
CLIENT_RANDOM 059a2f300663ec933d9bfd954c791b0228c1a05e506b1897c73fb7f61ec65bc1 330fa5a3ba43c7b3c9c3c38adfab16c2ea7e7df322b8c6fd2b5ff3aeaa05033d6e0d703c6a247f13d30083bd08e941ba
CLIENT_RANDOM f00add6ddf6307eabf6d1b162c0f792e97fc1194f27cd2b6f3fc5ec503cf0873 330fa5a3ba43c7b3c9c3c38adfab16c2ea7e7df322b8c6fd2b5ff3aeaa05033d6e0d703c6a247f13d30083bd08e941ba
CLIENT_RANDOM 1930a83b1ef5271be049ae007e086b52e5eae713a1b3c680b2f01d15e4ba2139 330fa5a3ba43c7b3c9c3c38adfab16c2ea7e7df322b8c6fd2b5ff3aeaa05033d6e0d703c6a247f13d30083bd08e941ba
CLIENT_RANDOM 971eef24d0ec958469366029b4c320beac465c659a81cab72de265e754647cf3 330fa5a3ba43c7b3c9c3c38adfab16c2ea7e7df322b8c6fd2b5ff3aeaa05033d6e0d703c6a247f13d30083bd08e941ba
CLIENT_RANDOM 0e9d117e860a36c69a59b16c0e189ea372b822a5fa9c9bc3bbd7e63b7bac6f11 330fa5a3ba43c7b3c9c3c38adfab16c2ea7e7df322b8c6fd2b5ff3aeaa05033d6e0d703c6a247f13d30083bd08e941ba
CLIENT_HANDSHAKE_TRAFFIC_SECRET d76950f91b676c59db5447025aae0e495ec9ea09855568464ab9911c6490a22c 7c24c83151464673a21e43eac4b1774b702e1bcdeafd0ecf35585b1873f0ac02
SERVER_HANDSHAKE_TRAFFIC_SECRET d76950f91b676c59db5447025aae0e495ec9ea09855568464ab9911c6490a22c 2b591a6def3943d6fd47fb788db9bd5b6b991574cd64d2cda2ad6890d3c78ece
CLIENT_TRAFFIC_SECRET_0 d76950f91b676c59db5447025aae0e495ec9ea09855568464ab9911c6490a22c 81452b10a2b8f040493eb0307dc3a71c51931226dfe20cf6286e890eee8753aa
SERVER_TRAFFIC_SECRET_0 d76950f91b676c59db5447025aae0e495ec9ea09855568464ab9911c6490a22c 028f8944f314981a745261c892521f70524d52cb736e73bb32b72b102548d2b2
EXPORTER_SECRET d76950f91b676c59db5447025aae0e495ec9ea09855568464ab9911c6490a22c d1a6ff04387ba90f4b5013a34af86b47e05328d81a8758d16df6a174a1c8e961
CLIENT_RANDOM c54697aa0446633425815dee2c3c703d987b8176d6de62b434d02ca96bb7e2c5 ce8e753672024eccda772ba0e7d31bf9c28a88dc84ab67c69fe35f7dd02947642b2634ac97eba4611ba0f5cfb91c6186
CLIENT_HANDSHAKE_TRAFFIC_SECRET 84afdcb2a12005b17fffc5f6d393e18e6c9477e4f4f1b52d76693f157abd459d ed8974a7ea78be3912bb84e7c7527be8b71fb160d3c3b428a8e48cba83819546
SERVER_HANDSHAKE_TRAFFIC_SECRET 84afdcb2a12005b17fffc5f6d393e18e6c9477e4f4f1b52d76693f157abd459d 54c3316f09416b6199b34218efc171daba6e50943bc74d1e4708299632817fb3
CLIENT_TRAFFIC_SECRET_0 84afdcb2a12005b17fffc5f6d393e18e6c9477e4f4f1b52d76693f157abd459d 5e5c153559637ca8cc4f9047902a8f0dcf51b0910c98d87814085ae7c785afe9
SERVER_TRAFFIC_SECRET_0 84afdcb2a12005b17fffc5f6d393e18e6c9477e4f4f1b52d76693f157abd459d 22ec3f884dc9ecea982fcda0d749080864150d1b89b681b29fdae6a80c04aabd
EXPORTER_SECRET 84afdcb2a12005b17fffc5f6d393e18e6c9477e4f4f1b52d76693f157abd459d 9187c26578f8e3ef3122aa1499861845c04b4c8b6f456ec9ae3cfc08ebb621d2
CLIENT_HANDSHAKE_TRAFFIC_SECRET f911f4cc7f70d069c8d36b1d98338a7ea4c282aa124001205653ba31197d44ad ae6214d1af54ee3addf6fb7152b20bd3f11c1de9ea4238f275aa677a5b2b0c46
SERVER_HANDSHAKE_TRAFFIC_SECRET f911f4cc7f70d069c8d36b1d98338a7ea4c282aa124001205653ba31197d44ad f6d9068471c4cecd16fa7b76a5509292b27395e8e4502ebfac0fa0b8a3a372d2
CLIENT_TRAFFIC_SECRET_0 f911f4cc7f70d069c8d36b1d98338a7ea4c282aa124001205653ba31197d44ad e42c82d612987e083b8f3dfdb2ce06ade45bab0211a5cd436aa007978e435480
SERVER_TRAFFIC_SECRET_0 f911f4cc7f70d069c8d36b1d98338a7ea4c282aa124001205653ba31197d44ad d3a945267abad9d8e37bd3404354fc209c06c8663694a24df9081252ef486e42
EXPORTER_SECRET f911f4cc7f70d069c8d36b1d98338a7ea4c282aa124001205653ba31197d44ad 4b88c037bfbb15cd541c38427dfef2c07d74ff3b81bb4d1d89a396e61e9e6040
CLIENT_HANDSHAKE_TRAFFIC_SECRET 20d883c0ebcef202140ce9cd0ff2b6ea0b69dd0f5a486cb077e7298a2e9c2f8b 96444862529c8688434c7185bd30a3632f458e91e31227ae34b9594e40c5c68c
SERVER_HANDSHAKE_TRAFFIC_SECRET 20d883c0ebcef202140ce9cd0ff2b6ea0b69dd0f5a486cb077e7298a2e9c2f8b 38f2995b10b430ecfdc2a97893dcdf6c78228762d1e8af7883be4824e8ad73bf
CLIENT_TRAFFIC_SECRET_0 20d883c0ebcef202140ce9cd0ff2b6ea0b69dd0f5a486cb077e7298a2e9c2f8b 7499d99eb0b7795e7aa527cca689a377e90604da9323b92d4230bb5f6fe1341a
SERVER_TRAFFIC_SECRET_0 20d883c0ebcef202140ce9cd0ff2b6ea0b69dd0f5a486cb077e7298a2e9c2f8b 307e55c5c1031cd6c2f2e4d36ed4dc5e50b41c434c8415f8edc642891cb5d04c
EXPORTER_SECRET 20d883c0ebcef202140ce9cd0ff2b6ea0b69dd0f5a486cb077e7298a2e9c2f8b c9e74dba8b98254e13d21513f577283ea19c660979aae04efdee4bdacd1ecd46
CLIENT_HANDSHAKE_TRAFFIC_SECRET 4562be0f879b7adce71e650c7ad14d05b81169da2cd378c593eb74fb1e256fc6 372bb1c239e4a016ff503ce97fa98c02bb582dccab6e5a29678dfb0780965553
SERVER_HANDSHAKE_TRAFFIC_SECRET 4562be0f879b7adce71e650c7ad14d05b81169da2cd378c593eb74fb1e256fc6 de0c232b45e0b625edb28fdebfa7ca6c54392d73d161864619149a6635473c41
CLIENT_TRAFFIC_SECRET_0 4562be0f879b7adce71e650c7ad14d05b81169da2cd378c593eb74fb1e256fc6 2e6fe58923dfb2831ef40046b004bfe4f85030956368ad5446d64031b7ce23f0
SERVER_TRAFFIC_SECRET_0 4562be0f879b7adce71e650c7ad14d05b81169da2cd378c593eb74fb1e256fc6 1e02446c648a6dd6aabe5810965ea2a52fabf0e3b08c7234b82eb8910de525f4
EXPORTER_SECRET 4562be0f879b7adce71e650c7ad14d05b81169da2cd378c593eb74fb1e256fc6 b900fddf4002aeb9a3a81c2f004f66a49ba56787e5d5d54a53ff39a12c8a8d52
CLIENT_HANDSHAKE_TRAFFIC_SECRET 8188db6b67df5f70ca4513b54e4a2bbf3379d8f1951520d3eaadc04c91492ae9 e7d5f083478923af6823a5cfbe3f52bef000df5fd642ec2c986fceebb643aae8
SERVER_HANDSHAKE_TRAFFIC_SECRET 8188db6b67df5f70ca4513b54e4a2bbf3379d8f1951520d3eaadc04c91492ae9 2159fb8156b614bdb48f4386ac99488ccf326ea4da35f67f8553e2d8382670ad
CLIENT_TRAFFIC_SECRET_0 8188db6b67df5f70ca4513b54e4a2bbf3379d8f1951520d3eaadc04c91492ae9 40a6ff86d02f0d67fd480d37cdae583c2135b7f3d2d004163d82268ae7a86695
SERVER_TRAFFIC_SECRET_0 8188db6b67df5f70ca4513b54e4a2bbf3379d8f1951520d3eaadc04c91492ae9 d11a7884ecd2f091850b6c6cd37c31ba1be4d079e8929ec6a6533396d9b2072a
EXPORTER_SECRET 8188db6b67df5f70ca4513b54e4a2bbf3379d8f1951520d3eaadc04c91492ae9 74804b35f72549f95836a83199a916cb1458e3a709f812482dc573f067f9ad30
CLIENT_HANDSHAKE_TRAFFIC_SECRET a7c6d31013f06163cf592744f7b124772b4f280a573006c501b1791b981f57ac 8d3b488275e98d8167317d9ed2f2db12a1e5104c0647feb2762a1db89a5444c2
SERVER_HANDSHAKE_TRAFFIC_SECRET a7c6d31013f06163cf592744f7b124772b4f280a573006c501b1791b981f57ac d81e00dbb78eec59fbcde33d3a1888a6a820756cbbb92b8cde88a06304d6e301
CLIENT_TRAFFIC_SECRET_0 a7c6d31013f06163cf592744f7b124772b4f280a573006c501b1791b981f57ac 9649785f8074a7811911e0c0719fd8d41b011e9da56ef97387aaa2aaea8cdb56
SERVER_TRAFFIC_SECRET_0 a7c6d31013f06163cf592744f7b124772b4f280a573006c501b1791b981f57ac 167d37ae3d314bb58f0797ba257a94bbbc1d3499ff80ae7c76c98dc3c683f28f
EXPORTER_SECRET a7c6d31013f06163cf592744f7b124772b4f280a573006c501b1791b981f57ac ef2316ea8fab6e58455274d132127deb4217c814e2139117cf5e994542eb4ab4
CLIENT_HANDSHAKE_TRAFFIC_SECRET bbc7998ef6e47748c15c1c1d9269600c67ee98b03e3d08f59b750d92f12b6c3e 10fc4c428b33b6207c00edd6a46bc86aa9e85b122c0c45738f48a248c5ab4687
SERVER_HANDSHAKE_TRAFFIC_SECRET bbc7998ef6e47748c15c1c1d9269600c67ee98b03e3d08f59b750d92f12b6c3e 11b9e06e1db13e5fc56744db6f58bbbf7e90fdf385e2874c43d64d80d704d4c4
CLIENT_TRAFFIC_SECRET_0 bbc7998ef6e47748c15c1c1d9269600c67ee98b03e3d08f59b750d92f12b6c3e 0787a282437397b7182fdfd405334e188805e90bffd218a63de0121fb24c96de
SERVER_TRAFFIC_SECRET_0 bbc7998ef6e47748c15c1c1d9269600c67ee98b03e3d08f59b750d92f12b6c3e d9ddfd32b1c45e5ea67e83037466bccba99b64a3dfca2504f9b187021b312c5f
EXPORTER_SECRET bbc7998ef6e47748c15c1c1d9269600c67ee98b03e3d08f59b750d92f12b6c3e 9616cb91637003bad092053f15675bcda6b69ebec01c0e064759ef3aaacb23b4
CLIENT_HANDSHAKE_TRAFFIC_SECRET d4b5f4c8ade99e8f94eeea03088255db07ec8a0fafe5c6850d0a997478eb75f0 c466b3bcd84d0e5cd181ab76ca0e7acfca005f56e3c86a4c387bac9306ce66bc
SERVER_HANDSHAKE_TRAFFIC_SECRET d4b5f4c8ade99e8f94eeea03088255db07ec8a0fafe5c6850d0a997478eb75f0 0a2d82cda661090e1e7cba040724703e1b89320918f5440e383b4f2a074ba70d
CLIENT_TRAFFIC_SECRET_0 d4b5f4c8ade99e8f94eeea03088255db07ec8a0fafe5c6850d0a997478eb75f0 18b8cfed8e839ee5355e51b23f4bc3099c4285fa671fa0e780b5cd5db50bbf32
SERVER_TRAFFIC_SECRET_0 d4b5f4c8ade99e8f94eeea03088255db07ec8a0fafe5c6850d0a997478eb75f0 cc737953e5140e5c18c8dc9c1b526d74de2492fa6cb1bd6d250742a84a93fb91
EXPORTER_SECRET d4b5f4c8ade99e8f94eeea03088255db07ec8a0fafe5c6850d0a997478eb75f0 06a60ff5de4fbef4245724df1fd370e33f13c21479746a46cea4980659fd5c72
CLIENT_HANDSHAKE_TRAFFIC_SECRET 7637be81f0056f34f26c4be90a96afbf3ac8292c858a9b8db4b4906159cbd1a0 949f7d52d4e265a469e071a8b63daeac90a5137499567570ab0884e43f608262
SERVER_HANDSHAKE_TRAFFIC_SECRET 7637be81f0056f34f26c4be90a96afbf3ac8292c858a9b8db4b4906159cbd1a0 a02ef5f5905d76aa909512915a5809dadb7786908991bb232cc931117e090f0b
CLIENT_TRAFFIC_SECRET_0 7637be81f0056f34f26c4be90a96afbf3ac8292c858a9b8db4b4906159cbd1a0 551588e6af85e274156f109567b53aff1f4cf2563a5b7ad69e02a80f22d1cb87
SERVER_TRAFFIC_SECRET_0 7637be81f0056f34f26c4be90a96afbf3ac8292c858a9b8db4b4906159cbd1a0 ddce0b08ab9e216c451277d368f6e5b6f1034567610a9e625d79612101f77446
EXPORTER_SECRET 7637be81f0056f34f26c4be90a96afbf3ac8292c858a9b8db4b4906159cbd1a0 9381ee2fa9b590ca4ce15cf5993dcf979fba117945087dcd1890dc0e0cb5bb85
