CLIENT_HANDSHAKE_TRAFFIC_SECRET 1f36f8b2b956f024d1e5a8d11ac6de9ad6cedbc6f717c1fa48ed6e4106597696 6561ceb1652566b17c186741227e0b62774d824adc379b9893139dc886fb1604
SERVER_HANDSHAKE_TRAFFIC_SECRET 1f36f8b2b956f024d1e5a8d11ac6de9ad6cedbc6f717c1fa48ed6e4106597696 8c628215a1c68e72dcfae4db30e24389fce4516b6daef3bd8883279bd47b19da
CLIENT_TRAFFIC_SECRET_0 1f36f8b2b956f024d1e5a8d11ac6de9ad6cedbc6f717c1fa48ed6e4106597696 f2e4d1a069b3929f1e79a31037ad0309e9ca8b415df2c5cfabbe45442cb7f50e
SERVER_TRAFFIC_SECRET_0 1f36f8b2b956f024d1e5a8d11ac6de9ad6cedbc6f717c1fa48ed6e4106597696 74fbc2e5fa60894dec7ffa0255ea140c11bc4a118633a6f5c662d99db9ef5a13
EXPORTER_SECRET 1f36f8b2b956f024d1e5a8d11ac6de9ad6cedbc6f717c1fa48ed6e4106597696 203cdde30cdfdbce65d806d22522e1ae8b7e67ac12f73f06efa9430dccb6fc30
CLIENT_HANDSHAKE_TRAFFIC_SECRET 5d25a3e6a91931bad3afe2880d920a26b140bcae917882ca564a66e025565705 52c9543aa8727d2c02d663e6b456ea1836c1c376153938468b0e1918cbe1c4d1
SERVER_HANDSHAKE_TRAFFIC_SECRET 5d25a3e6a91931bad3afe2880d920a26b140bcae917882ca564a66e025565705 e64dc5936c897dc4d52f8bab0c8970c86120d13a193b690a3a7705ed268eda9f
CLIENT_TRAFFIC_SECRET_0 5d25a3e6a91931bad3afe2880d920a26b140bcae917882ca564a66e025565705 441bbb0898b52abd2addd64a022a4126bef4c2ff5a69691999d67e8d9ab182c0
SERVER_TRAFFIC_SECRET_0 5d25a3e6a91931bad3afe2880d920a26b140bcae917882ca564a66e025565705 de3226b75ad2390951951b2b38522f0cfaa98e3ea8f63faf51e1da9efc0db73d
EXPORTER_SECRET 5d25a3e6a91931bad3afe2880d920a26b140bcae917882ca564a66e025565705 8c1b6034fd7a6d4b6295e15e9533f8a1935f0ecdda9b93c2eda67ccf4bb5ccf3
CLIENT_HANDSHAKE_TRAFFIC_SECRET a938865a5b532cb735cd74062e87d1fc8b9452273388216000979c80a12d89a3 afcfb7171506a246e19969adb5fcdf9b253948c7fd102bf59878d4c381bd5096
SERVER_HANDSHAKE_TRAFFIC_SECRET a938865a5b532cb735cd74062e87d1fc8b9452273388216000979c80a12d89a3 82dd61b49084122ecfbccfac67801e406e7a164d1404c7aa0680da8b7ff33a79
CLIENT_TRAFFIC_SECRET_0 a938865a5b532cb735cd74062e87d1fc8b9452273388216000979c80a12d89a3 3830d6358f3d7b58b8a733017787652bfa4024d9edb1e8eca6a84a4c88c86797
SERVER_TRAFFIC_SECRET_0 a938865a5b532cb735cd74062e87d1fc8b9452273388216000979c80a12d89a3 c557baa4f27c7ec92cfbbe85b3e04291e3ecc386256113848875bb1948723748
EXPORTER_SECRET a938865a5b532cb735cd74062e87d1fc8b9452273388216000979c80a12d89a3 e42facb8c57f05fccc8f2cabeac9fdc91ae40b1f62fb289a995d20319f4a3341
CLIENT_HANDSHAKE_TRAFFIC_SECRET c4a94c747a1b7b7d6ac76ffe160672c3e53a7bbab0f4198698a8e9f0944eaf04 96c6828b5b8841a01cea5e554278d808e41875108a643b356b5d440f7fa6446f
SERVER_HANDSHAKE_TRAFFIC_SECRET c4a94c747a1b7b7d6ac76ffe160672c3e53a7bbab0f4198698a8e9f0944eaf04 4a008ce5eaa6eafa2d5c3881fbdbf044b003915fccaecddf6874eda60411e87f
CLIENT_TRAFFIC_SECRET_0 c4a94c747a1b7b7d6ac76ffe160672c3e53a7bbab0f4198698a8e9f0944eaf04 44efc37bc1c2a0ea5006465f7c9b1a60c731cb01c791d606d448c4cfc8bf853e
SERVER_TRAFFIC_SECRET_0 c4a94c747a1b7b7d6ac76ffe160672c3e53a7bbab0f4198698a8e9f0944eaf04 0d145c57d7d31c427b0b238e3a69e852a565dfcb557e462361ec45352313803c
EXPORTER_SECRET c4a94c747a1b7b7d6ac76ffe160672c3e53a7bbab0f4198698a8e9f0944eaf04 f89d3d53991bb47ecb1144b1340e3feff64c96b1530195ee3d94f2289508d573
CLIENT_HANDSHAKE_TRAFFIC_SECRET 61500547dcc59a40b1dfd7775bc0f99051ad79b5b4e3fb2b4db7d3bf3a46c880 d3d4edd0558b44009efa5194e2b0cbb1594589b55e7846b2f522bde720832185
SERVER_HANDSHAKE_TRAFFIC_SECRET 61500547dcc59a40b1dfd7775bc0f99051ad79b5b4e3fb2b4db7d3bf3a46c880 6be78c55149a37f2eca42f572da20438f864deeb71a19b70ac0d585943befbe5
CLIENT_TRAFFIC_SECRET_0 61500547dcc59a40b1dfd7775bc0f99051ad79b5b4e3fb2b4db7d3bf3a46c880 66ba4b46d791369f168b59927097c74f51dfc37f5728bb2ac5a256535da7e2ab
SERVER_TRAFFIC_SECRET_0 61500547dcc59a40b1dfd7775bc0f99051ad79b5b4e3fb2b4db7d3bf3a46c880 e395aad10978e9cb1aeb41b44dd743d6e4b22b014b2a8ef283bc5385070db134
EXPORTER_SECRET 61500547dcc59a40b1dfd7775bc0f99051ad79b5b4e3fb2b4db7d3bf3a46c880 efc579cd61c2853a513e49fc52abf7cea9a365265b97571f563fa0d03736b2fb
CLIENT_HANDSHAKE_TRAFFIC_SECRET e13fd14699d898365869fef7063ff49f490a48570c505fd4423b774876610171 8699402d7b2771b81884678d789bc0b4f4707add6ff7d47521168a955a3f3567
SERVER_HANDSHAKE_TRAFFIC_SECRET e13fd14699d898365869fef7063ff49f490a48570c505fd4423b774876610171 bfed5c2a5c405d2a2c3745a4b1d1e329c2cb702022d0a0565720cc9c869f81bf
CLIENT_TRAFFIC_SECRET_0 e13fd14699d898365869fef7063ff49f490a48570c505fd4423b774876610171 fb4e55b6195e8d39b0ae750e610308fdec111697172003f11bcaa222822380ca
SERVER_TRAFFIC_SECRET_0 e13fd14699d898365869fef7063ff49f490a48570c505fd4423b774876610171 5425b40211ef5553d42d6a6ed328940e1ad88f456bd749762d0538433f9a851f
EXPORTER_SECRET e13fd14699d898365869fef7063ff49f490a48570c505fd4423b774876610171 61304b1efb1e427443b8fca7fd816e5057ff8b7ff8d45f55629894ee3a7e3fd9
