CLIENT_HANDSHAKE_TRAFFIC_SECRET 0c1da6a7e508016a60cc6e6b4287386554842f315c5064de993f8e461d82af2c 3e1bd446c8a1012305343a3e8f44b794fbb07ae195de3c7d8be200c0617a10c8
SERVER_HANDSHAKE_TRAFFIC_SECRET 0c1da6a7e508016a60cc6e6b4287386554842f315c5064de993f8e461d82af2c 98659bc015c71bc4d318c71e8256bfdff904bc65b020c909ec602b0a78574aa2
CLIENT_TRAFFIC_SECRET_0 0c1da6a7e508016a60cc6e6b4287386554842f315c5064de993f8e461d82af2c 6c5acd5565de6393c7b32931373eb003772277bdf5de0ebf1d245c5338841324
SERVER_TRAFFIC_SECRET_0 0c1da6a7e508016a60cc6e6b4287386554842f315c5064de993f8e461d82af2c 392a97ee074b3dcecd0aec39a3cbd69d1c92a1eea166ee84d3d370d4f12d5b48
EXPORTER_SECRET 0c1da6a7e508016a60cc6e6b4287386554842f315c5064de993f8e461d82af2c 7eef53bac52532ad23bd3444e7d5b8ded1ecc2a214bdbb7ac85a7254ca996bf0
CLIENT_HANDSHAKE_TRAFFIC_SECRET 8855d3e85c30a663c9d3a1419f0c28972b9e20994a82b9e58ddcdb9151e08c3d e97be8289d4fd903c615914c26aa255946bfaf8b828a878dbf00acdeb919a172
SERVER_HANDSHAKE_TRAFFIC_SECRET 8855d3e85c30a663c9d3a1419f0c28972b9e20994a82b9e58ddcdb9151e08c3d b06ce589da3dd3578039dcd29a3b6f88e438c07877c5a1873cb735d24dfab845
CLIENT_TRAFFIC_SECRET_0 8855d3e85c30a663c9d3a1419f0c28972b9e20994a82b9e58ddcdb9151e08c3d 54814066b3699238e7f47a31bff2f94f03fa6221275f19e8d942f0f6b16357b5
SERVER_TRAFFIC_SECRET_0 8855d3e85c30a663c9d3a1419f0c28972b9e20994a82b9e58ddcdb9151e08c3d 330c49f19970b4e4e68a490beff402fb28e0e02b37ea7bbf4901aac013b595e1
EXPORTER_SECRET 8855d3e85c30a663c9d3a1419f0c28972b9e20994a82b9e58ddcdb9151e08c3d 4feef65728ce9e2a8bb68f32a39139759175adcbeea9108a646d5e04895ebabe
CLIENT_HANDSHAKE_TRAFFIC_SECRET 1ae05f670fd03d11691a3a4d02c73c80c5834e5c504c8c2f073963bd0f643499 5c66959f8b918b3c8014aaa376cdd00be66c22702f2bc02bdf84110f57157e10
SERVER_HANDSHAKE_TRAFFIC_SECRET 1ae05f670fd03d11691a3a4d02c73c80c5834e5c504c8c2f073963bd0f643499 c9bd3440f618b5a6c20662b467936c262fb29cedbadbaf485ac1571b621b43de
CLIENT_TRAFFIC_SECRET_0 1ae05f670fd03d11691a3a4d02c73c80c5834e5c504c8c2f073963bd0f643499 190ba52d2c89b0a9231ae91609945b3644d240d39c85fe24efeb8a288944d08c
SERVER_TRAFFIC_SECRET_0 1ae05f670fd03d11691a3a4d02c73c80c5834e5c504c8c2f073963bd0f643499 519b011d8f57cb43a10579ee86185e79075bef5bcdf42d5f45f03e7c09cbcdee
EXPORTER_SECRET 1ae05f670fd03d11691a3a4d02c73c80c5834e5c504c8c2f073963bd0f643499 1ce3b03f5f2370ddf7fe53042ccbc59421dcecff7e84f9675e4fbc2250f2f94d
CLIENT_HANDSHAKE_TRAFFIC_SECRET b620b279e44508adedf67a37ec1ffea83b298f73b97d5ede7f0940a56f1f8a70 66fa3f2b9bcdf456c8c478705b8c458d87938c3e79ceed28ffa0d689ffa1ab7f
SERVER_HANDSHAKE_TRAFFIC_SECRET b620b279e44508adedf67a37ec1ffea83b298f73b97d5ede7f0940a56f1f8a70 7f4b1e241137968f73995b3e132891dfc872ba7a29d1bdd76a7522a89635cae0
CLIENT_TRAFFIC_SECRET_0 b620b279e44508adedf67a37ec1ffea83b298f73b97d5ede7f0940a56f1f8a70 7e43d6c0d751dec8cd2b515132546b1b4f6793cbf42ccbf10fa0b7bb3d192608
SERVER_TRAFFIC_SECRET_0 b620b279e44508adedf67a37ec1ffea83b298f73b97d5ede7f0940a56f1f8a70 da91aed744e1d4b87b8dbc2e9d6650e451227a521162d10689e048bc0f3e6c54
EXPORTER_SECRET b620b279e44508adedf67a37ec1ffea83b298f73b97d5ede7f0940a56f1f8a70 e1b44d1e77c7e4cc34b72d948ef65f201f35be3e24c279a63de1e67bec7c1ec3
