CLIENT_HANDSHAKE_TRAFFIC_SECRET 42a70b4c48d389e13b405ac4fe9030c2a6e7cf60d8d322c449958fa4f1cb1311 88fc8e78cefc387661018396434b50423893d081ab51a917847a6c79301293e2
SERVER_HANDSHAKE_TRAFFIC_SECRET 42a70b4c48d389e13b405ac4fe9030c2a6e7cf60d8d322c449958fa4f1cb1311 a9333d03e3d26afa9bcfaf227fe8d00e5ee8b658c4cb08bd99c5110fef640187
CLIENT_TRAFFIC_SECRET_0 42a70b4c48d389e13b405ac4fe9030c2a6e7cf60d8d322c449958fa4f1cb1311 31e0b40ad29706d0bacb8dd9cf0100900580fae18ceecf2872b9ffe5751fc735
SERVER_TRAFFIC_SECRET_0 42a70b4c48d389e13b405ac4fe9030c2a6e7cf60d8d322c449958fa4f1cb1311 1516dfde50c1dbac9dcf9c76cf754ec9d4ac10913d9dd250076aa9454fba434b
EXPORTER_SECRET 42a70b4c48d389e13b405ac4fe9030c2a6e7cf60d8d322c449958fa4f1cb1311 88f52f983f98bce67b042dd871f81809741afcf02872a0ab7e5ecd03e20454b4
CLIENT_HANDSHAKE_TRAFFIC_SECRET 800f110aab55068b4c59e3b0e5ca9e20d22185d7332b7c5b5ba3087905e5331c 765320abd7d08bd6378c20c2c5287f33fc6276bf323f84908a632665a4b11d32
SERVER_HANDSHAKE_TRAFFIC_SECRET 800f110aab55068b4c59e3b0e5ca9e20d22185d7332b7c5b5ba3087905e5331c 1f2eaa370e554eb53ea3f4d7884b0814866123e2c18fb243f64c60ef9b840b96
CLIENT_TRAFFIC_SECRET_0 800f110aab55068b4c59e3b0e5ca9e20d22185d7332b7c5b5ba3087905e5331c 2e42fc646c2c5f8a7cc77d987edce556cf1f09f4fc2fa05e640f42cb498a53ce
SERVER_TRAFFIC_SECRET_0 800f110aab55068b4c59e3b0e5ca9e20d22185d7332b7c5b5ba3087905e5331c e7b8b190f7e97fb8cd60e80b4678655a8f8b5f389092b71e72858ba9d1caf623
EXPORTER_SECRET 800f110aab55068b4c59e3b0e5ca9e20d22185d7332b7c5b5ba3087905e5331c a67d40f1aad01cacfaabd50e21d587e527e9e62414e4ac5c6781d60510102e4c
CLIENT_HANDSHAKE_TRAFFIC_SECRET 782c594542fac1485e51c8f6126a09dba8526f6a39d6483773195150bc41f2a0 4b5141203933f273136963c2f777ba8cd4327e763f30795e24531982e4dec565
SERVER_HANDSHAKE_TRAFFIC_SECRET 782c594542fac1485e51c8f6126a09dba8526f6a39d6483773195150bc41f2a0 8fda70a95d858679ef2b8424971cb513e15331ff4be7f51eb8b79d6cc026f6a6
CLIENT_TRAFFIC_SECRET_0 782c594542fac1485e51c8f6126a09dba8526f6a39d6483773195150bc41f2a0 8422c0a52d16ad305018f636582a67d71b6c1f60b2951e5032f1609c0eb8730b
SERVER_TRAFFIC_SECRET_0 782c594542fac1485e51c8f6126a09dba8526f6a39d6483773195150bc41f2a0 d9ffd2aedcec446ec3918b3c1c4576ca529e9469117346e41f05bc7cbef0db67
EXPORTER_SECRET 782c594542fac1485e51c8f6126a09dba8526f6a39d6483773195150bc41f2a0 19eae6652e9c81be6d4e704850969757a49a65ccf3224a9c8e2042bd63e4282b
CLIENT_HANDSHAKE_TRAFFIC_SECRET 9791b0df0f8a215422e93737da28e23a77523eb44fc67a88406bae3d63857ea1 45e046d6876c1c0641efc058c5e97a8cc25977238fa31350dc96839764ce1302
SERVER_HANDSHAKE_TRAFFIC_SECRET 9791b0df0f8a215422e93737da28e23a77523eb44fc67a88406bae3d63857ea1 ecfef5d6e5d426b8b2079ea5810ffa4503a9d58c5ffadd62c9a2d36f324c7799
CLIENT_TRAFFIC_SECRET_0 9791b0df0f8a215422e93737da28e23a77523eb44fc67a88406bae3d63857ea1 9c26b0b7198b4d80c885da4eca0c1ec72199a6f414c7d5ce7c3ae8c46747f05d
SERVER_TRAFFIC_SECRET_0 9791b0df0f8a215422e93737da28e23a77523eb44fc67a88406bae3d63857ea1 949bc3845a88e6b318d5d21c74bc260d5f92d8803a3ed018a793c54bc6b39e20
EXPORTER_SECRET 9791b0df0f8a215422e93737da28e23a77523eb44fc67a88406bae3d63857ea1 0548db78344f91a8484a9144e23a7dd6a6455b09794694851772635c67cb1e1c
CLIENT_HANDSHAKE_TRAFFIC_SECRET 142bc34775c7a0cdcea3660f88e4a0ec2266dbc8ecf02a037298d427c42f6945 51a0cacd16a660653895c46528220a120929351b54d7f79449bb205df745f98c
SERVER_HANDSHAKE_TRAFFIC_SECRET 142bc34775c7a0cdcea3660f88e4a0ec2266dbc8ecf02a037298d427c42f6945 4e3516b704603bca071ae70d9d2cdd32aefed95f99ea4f1d95374d2c38bf018a
CLIENT_HANDSHAKE_TRAFFIC_SECRET 054b0b16621bee65ad43f990e77a388d388c04aada6bf3d93991f8ba59241a19 68b7878c9030890e88a291ce8db60e120ea2eb1ba8f380af6788c81f1ce89bdd
SERVER_HANDSHAKE_TRAFFIC_SECRET 054b0b16621bee65ad43f990e77a388d388c04aada6bf3d93991f8ba59241a19 d33b09462627803a46863f097bd84765fce52b207b732531e2b0d7bdcdd05180
CLIENT_TRAFFIC_SECRET_0 054b0b16621bee65ad43f990e77a388d388c04aada6bf3d93991f8ba59241a19 216017247c3f915cce99e9a85b102a8215a3edd2bb7f44265651a22499ffe3a0
SERVER_TRAFFIC_SECRET_0 054b0b16621bee65ad43f990e77a388d388c04aada6bf3d93991f8ba59241a19 cecd209e2a3d4c9bbe70b7c392565603c37f143c2bb940c952b9c4cb8773071f
EXPORTER_SECRET 054b0b16621bee65ad43f990e77a388d388c04aada6bf3d93991f8ba59241a19 641d2ab41b6e5d9553fac15516264e8085dec6623919d21f5c7c81c7d8a64ddd
CLIENT_HANDSHAKE_TRAFFIC_SECRET cbde161eebd2d682667aca4c4040d3f4459ab9b55cb0d80043c9ecceb42407d6 bc7012a74b06137a0bcaf10fc875b35fbd0da1742df659fc4246c061774dd05f
SERVER_HANDSHAKE_TRAFFIC_SECRET cbde161eebd2d682667aca4c4040d3f4459ab9b55cb0d80043c9ecceb42407d6 0fbc7cdcbaa0e8ac8fa738202fbe85ae761d109d36a20b225b0eddc62e4089e5
CLIENT_TRAFFIC_SECRET_0 142bc34775c7a0cdcea3660f88e4a0ec2266dbc8ecf02a037298d427c42f6945 f0d892e60f64b20097f52ca8263a0f3010eb030d3a935d33e7c5317cab297bcc
SERVER_TRAFFIC_SECRET_0 142bc34775c7a0cdcea3660f88e4a0ec2266dbc8ecf02a037298d427c42f6945 ec90906960de27357429bb5d38c22a70c8d61c6e0bd1b81663e76dcf4e599032
EXPORTER_SECRET 142bc34775c7a0cdcea3660f88e4a0ec2266dbc8ecf02a037298d427c42f6945 3fa29b7e30c7b320ff16d5c728bc5161bf600d062b9dd4d89f97587c85e7d369
CLIENT_TRAFFIC_SECRET_0 cbde161eebd2d682667aca4c4040d3f4459ab9b55cb0d80043c9ecceb42407d6 bc5bbc056f6ffd2f8546b605c5decec29f3c380ae53bbb9733eadaca4e0a3a91
SERVER_TRAFFIC_SECRET_0 cbde161eebd2d682667aca4c4040d3f4459ab9b55cb0d80043c9ecceb42407d6 e311cbe3db175792259d9f7f434d2f932d650d19c0f8faf2926ac6cd3d05f650
EXPORTER_SECRET cbde161eebd2d682667aca4c4040d3f4459ab9b55cb0d80043c9ecceb42407d6 b6b3e557f55481f147a41c6e5bd4aa6130254c056acef147dfd88b36a1ca7626
CLIENT_RANDOM 72ffdbcf3056ccc7f000cec0c3b786cef0ab07bd94fadf3aeb8acea46c01d1ec cbb1938e24b6970ee0222e7973ea55f070b939b2cea0ce8e4cd6926fd75cd9e9d6101c125da6e4fbac0f822e6c9362a0
CLIENT_HANDSHAKE_TRAFFIC_SECRET cbac29285d421a52a9cf5d538bb5129ebb91d80404c6ce0cb497f6bb779a4070 fdcaaf23ad04b8d25710502cde199f0d688c767ea39ba8bc7c7a630304e18f81
SERVER_HANDSHAKE_TRAFFIC_SECRET cbac29285d421a52a9cf5d538bb5129ebb91d80404c6ce0cb497f6bb779a4070 3ce567fce2bcb4f3abed4074b4a748b3a97448690a1aa513378b47874f21919b
CLIENT_TRAFFIC_SECRET_0 cbac29285d421a52a9cf5d538bb5129ebb91d80404c6ce0cb497f6bb779a4070 688ee5b4c96f804192a600a96ca37bb49b99a565ba290c1a2c363dcd051f168f
SERVER_TRAFFIC_SECRET_0 cbac29285d421a52a9cf5d538bb5129ebb91d80404c6ce0cb497f6bb779a4070 c8fb78594c11bbb364358b2a9e6a144ac877c9fee45a6db18d8874970a7af5ed
EXPORTER_SECRET cbac29285d421a52a9cf5d538bb5129ebb91d80404c6ce0cb497f6bb779a4070 602819245dfaa7c1e90a6c68e89299cada2835ff95378e8b605bd71ba7185791
CLIENT_HANDSHAKE_TRAFFIC_SECRET 99cda5071e61bff49180c9200ee2fd7445ae56c845a5cff2fe43a8f08eff9cde 7e868f526d1cdb868877b4f2af4e4fd5ed18a4319727f9b1636d4222e04785b7
SERVER_HANDSHAKE_TRAFFIC_SECRET 99cda5071e61bff49180c9200ee2fd7445ae56c845a5cff2fe43a8f08eff9cde 6718698b25b23eebb28c2743c405b9e1a4902d5c69fb50febc5752588038788e
CLIENT_HANDSHAKE_TRAFFIC_SECRET d2fa5e9ff2d8fff6b4c3298d5af03407a46cdc8e9dcc0721ca24e85eff9fccf9 0ca3187c2f8a62350926c70e57a43efda832b6563e2b3c0804d393c27aa1f2b4
SERVER_HANDSHAKE_TRAFFIC_SECRET d2fa5e9ff2d8fff6b4c3298d5af03407a46cdc8e9dcc0721ca24e85eff9fccf9 cdec2bb8dff961d576d49a6687ff23df606c44aad54c3bdb685f27304097ca04
CLIENT_HANDSHAKE_TRAFFIC_SECRET a260e8f5987b6564617c9664d67cb09049bae8920ba34c0b55b7b0d1ae267e1b 528c7694f42a3b10c4af882c8bc8f4c121c49f05b0de508ac0397979c3929e95
SERVER_HANDSHAKE_TRAFFIC_SECRET a260e8f5987b6564617c9664d67cb09049bae8920ba34c0b55b7b0d1ae267e1b d4fb5421cc12b33013346a601a7de9862931a189a464495c7bfbcdcb2148b8b1
CLIENT_HANDSHAKE_TRAFFIC_SECRET dae7dd958f4a12d61ca889d05b574e339acc2f4fdfbfbd75c8f3e0f20b331b40 ed2a04c79283a8e7b0f4b14cc4ec8178e7cf6522d20804cc3645d0b3603fd049
SERVER_HANDSHAKE_TRAFFIC_SECRET dae7dd958f4a12d61ca889d05b574e339acc2f4fdfbfbd75c8f3e0f20b331b40 588ab737c33dde20ee375486293e7c82040043f7061afab41a558090f8bc77d6
CLIENT_HANDSHAKE_TRAFFIC_SECRET 1f4975a9b9d3c65661233968380793aef213202b5d2c805f5b8a4a842b35259f 774e8c03685ec238a7992f375af8037d837407fc4b426a81903a5e061c495a2f
SERVER_HANDSHAKE_TRAFFIC_SECRET 1f4975a9b9d3c65661233968380793aef213202b5d2c805f5b8a4a842b35259f 704d15eee5eb77803c9c177ed0f7ee0aa04192fa556324352be111be0eb42b28
CLIENT_TRAFFIC_SECRET_0 1f4975a9b9d3c65661233968380793aef213202b5d2c805f5b8a4a842b35259f dbceb98d0d2a06e22ca9021c9c7555626ebe4d958fa6a8b651abbdf7e6767849
SERVER_TRAFFIC_SECRET_0 1f4975a9b9d3c65661233968380793aef213202b5d2c805f5b8a4a842b35259f 176a4f01633bb9770a5d0a18039607c4055ee093b13a01b1a42f8e3c8fad4830
EXPORTER_SECRET 1f4975a9b9d3c65661233968380793aef213202b5d2c805f5b8a4a842b35259f c67e02974ada87f04e1afe2c912407213686ca8bb34cd370758157e193129ad4
CLIENT_TRAFFIC_SECRET_0 99cda5071e61bff49180c9200ee2fd7445ae56c845a5cff2fe43a8f08eff9cde 418990be17eedebdd17f8b7c41ca9471d64f9a27d9f7201a83d219bd050e7290
SERVER_TRAFFIC_SECRET_0 99cda5071e61bff49180c9200ee2fd7445ae56c845a5cff2fe43a8f08eff9cde 52a57f419de250422276f376088674ff4d057b6ce5e1d6381be6d7a618d78ea0
EXPORTER_SECRET 99cda5071e61bff49180c9200ee2fd7445ae56c845a5cff2fe43a8f08eff9cde f98067ff64f595114ffe4756f352dcbb6d7c0fcddb5a86f7d7093f0bb485d780
CLIENT_TRAFFIC_SECRET_0 d2fa5e9ff2d8fff6b4c3298d5af03407a46cdc8e9dcc0721ca24e85eff9fccf9 35eec1950623a7c446cfa8f3b4d92269a4432ee88a54260d2194b3fe2d031d52
SERVER_TRAFFIC_SECRET_0 d2fa5e9ff2d8fff6b4c3298d5af03407a46cdc8e9dcc0721ca24e85eff9fccf9 16e561f164375279ab4bad853466d7950e50b14557ad22739f78db74f2eb0871
EXPORTER_SECRET d2fa5e9ff2d8fff6b4c3298d5af03407a46cdc8e9dcc0721ca24e85eff9fccf9 67690df8cce03c4f4c3b3ef41f62f0df97a77ba35fbc50f62c9e74cd4e02123a
CLIENT_TRAFFIC_SECRET_0 a260e8f5987b6564617c9664d67cb09049bae8920ba34c0b55b7b0d1ae267e1b b44bfc37f295267a5a0116546ed4993916ab6a8b46a9c3e13bfb9a770a4b6195
SERVER_TRAFFIC_SECRET_0 a260e8f5987b6564617c9664d67cb09049bae8920ba34c0b55b7b0d1ae267e1b 2b119fa4f1be7510e9987de1b6b4220078bbda21b67e383ef7b7115f8f0fea3b
EXPORTER_SECRET a260e8f5987b6564617c9664d67cb09049bae8920ba34c0b55b7b0d1ae267e1b 4024e8986623e1acb1cccc8698e3bacfa735734853e5e7bb5843a6e26b47ecc8
CLIENT_TRAFFIC_SECRET_0 dae7dd958f4a12d61ca889d05b574e339acc2f4fdfbfbd75c8f3e0f20b331b40 9f628c310de432e33926399182033cbdeaadbe15cf90c310018fe06e6b5af48f
SERVER_TRAFFIC_SECRET_0 dae7dd958f4a12d61ca889d05b574e339acc2f4fdfbfbd75c8f3e0f20b331b40 021debcfbd9edaf6894df9b498087ecf4dc82e45b8576eb18717155acc1e0468
EXPORTER_SECRET dae7dd958f4a12d61ca889d05b574e339acc2f4fdfbfbd75c8f3e0f20b331b40 56c54b8525e82767987ee92a178e195a91cc3f96fd9013b47775f10d3e87fec5
CLIENT_HANDSHAKE_TRAFFIC_SECRET 848c593265ec7b0c26e3d114b5aefb5c0736696f4f94e67b04f8d7b164953187 788397543cae95cdeae33ec6fd0ad2bad7c0e5a3e614f94cdb883d96f40731a7
SERVER_HANDSHAKE_TRAFFIC_SECRET 848c593265ec7b0c26e3d114b5aefb5c0736696f4f94e67b04f8d7b164953187 009d9d376e53e5bf1ab9e8105c8a65c8a9be4ec9948c036a720fbbfc57198be9
CLIENT_TRAFFIC_SECRET_0 848c593265ec7b0c26e3d114b5aefb5c0736696f4f94e67b04f8d7b164953187 12ffc0ea24ab286f7ae9940eca72bb6f9dc27d994ba1b903bc2d4898bd148d51
SERVER_TRAFFIC_SECRET_0 848c593265ec7b0c26e3d114b5aefb5c0736696f4f94e67b04f8d7b164953187 762a364612fedc84b17854e9648b35cf6f6b93bff1803dac6141cb3373b33984
EXPORTER_SECRET 848c593265ec7b0c26e3d114b5aefb5c0736696f4f94e67b04f8d7b164953187 234b8fe1af3316ac0a3da2f11826c7b4f7832057ce575692db331ec2e7fae503
CLIENT_HANDSHAKE_TRAFFIC_SECRET 2034d8fe8e2473c833548cc5fb23d9a919c74f7ad1aa0b4cabbe0d4d1811fa09 f37bac67a794cfe0783ecc17813f6dfa31e8bf11648069098828d6d8ab4e243c
SERVER_HANDSHAKE_TRAFFIC_SECRET 2034d8fe8e2473c833548cc5fb23d9a919c74f7ad1aa0b4cabbe0d4d1811fa09 ae5fe615350f0b0376f92d5061783100804893b510fa646812b2f4c368439198
CLIENT_HANDSHAKE_TRAFFIC_SECRET 3142989aac2ef4fdbdbdf2c0b190acbd3f1a6372be26098bc8aa53933d127ecd 109bb97699bd4b316cedd267b7e28df2863557b851925d91d9483001266cc9f0
SERVER_HANDSHAKE_TRAFFIC_SECRET 3142989aac2ef4fdbdbdf2c0b190acbd3f1a6372be26098bc8aa53933d127ecd 42a7437ef27b992d8e27b5e9a25324639742169550f806fb016cf17c3bd6fa4e
CLIENT_TRAFFIC_SECRET_0 3142989aac2ef4fdbdbdf2c0b190acbd3f1a6372be26098bc8aa53933d127ecd eab456d4d504422f115094b3f22917e808a92393ce7a0a86561ae38bfe69a3f2
SERVER_TRAFFIC_SECRET_0 3142989aac2ef4fdbdbdf2c0b190acbd3f1a6372be26098bc8aa53933d127ecd dd2e4b9eeeed1eeb0b53c1f39625971fe63defa58d6fc7e1a565b19a80ecf508
EXPORTER_SECRET 3142989aac2ef4fdbdbdf2c0b190acbd3f1a6372be26098bc8aa53933d127ecd 1767406ae2bde56c111d7b2f9025651a7ca5f774a50645705c20e3b9e0f33eb1
CLIENT_TRAFFIC_SECRET_0 2034d8fe8e2473c833548cc5fb23d9a919c74f7ad1aa0b4cabbe0d4d1811fa09 a46bd658b0f6f69d0c587f120dabf6fec08de0b1525f5f66924bd8e2dd268001
SERVER_TRAFFIC_SECRET_0 2034d8fe8e2473c833548cc5fb23d9a919c74f7ad1aa0b4cabbe0d4d1811fa09 cf43027167796c5fd5f935a430e8fd455db4a97313c10c577ffbcecc0fd0e532
EXPORTER_SECRET 2034d8fe8e2473c833548cc5fb23d9a919c74f7ad1aa0b4cabbe0d4d1811fa09 8cc909079de916bda8942d5d9b6f26e1beb15a2a19c3d0f77d37d428ded5a67f
CLIENT_RANDOM 2c5316e3b327419aff670f580002f2cb38671c5a828187a2bcc27bacde4adea2 f8aa492731d3d0cee7eefdaab58f5c4d7fcf882ad2408337ab3869f09d18dfb6125608ea52b14da03440e575542c4841
CLIENT_HANDSHAKE_TRAFFIC_SECRET 5ebb915fbc945b80be70596702f5e2b010c5ab1b03f4638f1f602bc2104045ee e4d198086343c2cd19866175e504acd504fdc9645b5f75318873ddc13c9cd305
SERVER_HANDSHAKE_TRAFFIC_SECRET 5ebb915fbc945b80be70596702f5e2b010c5ab1b03f4638f1f602bc2104045ee 5f181e761da9dee1ee5de08c3e1bc12d8894ab34bce1ab3ef0fa3f71c5022942
CLIENT_TRAFFIC_SECRET_0 5ebb915fbc945b80be70596702f5e2b010c5ab1b03f4638f1f602bc2104045ee c6f5f6e7d59bc24479404fc053c36028ff9a3945b7cfb422dfec5f2f4bf6b98e
SERVER_TRAFFIC_SECRET_0 5ebb915fbc945b80be70596702f5e2b010c5ab1b03f4638f1f602bc2104045ee bdd9b64aa2e689317d0ff54ab6f61a889f2de16858c0cb8e006e29942cbf6cb8
EXPORTER_SECRET 5ebb915fbc945b80be70596702f5e2b010c5ab1b03f4638f1f602bc2104045ee cd6ce1322c142ae79d5fe935277393e06c50a783860b97b804020b4d88511448
CLIENT_RANDOM 052ff5d8859a50801a70529ffb7fd3ac464d9daf95e2e3b6526e507d13a57f26 fa3eecc8947477e2b25c6fdaf651e6dbe1a40eb44ba990f478e02208d3a76f954892a89ac8752569de37bd5771c49226
CLIENT_RANDOM 9cef7f62f5741b5bf75ba2ed8737c0ca212f76e11d8f65cf90a7a63c31afdc03 a32ea3e68305ab3440fdcb2914195324484b065bda6371b09980d0ef98d4da2e6ccbcea2f3b1d5819ba0a638876ce3a1
CLIENT_HANDSHAKE_TRAFFIC_SECRET 802552914e04410343c4954f47b0a9fff51e74e188f978d1ec1e1805cd64bbbc 2c4fa5cd99c594f1ab9235aeb5eeee15a94dc55ef311a75aeb2549b728f5a2dcff9a5e22faf66f77aa71496b0d519a97
SERVER_HANDSHAKE_TRAFFIC_SECRET 802552914e04410343c4954f47b0a9fff51e74e188f978d1ec1e1805cd64bbbc f64341fa795da4f7a3697f2ebc9d6adcdcc2cacad98ee0184c88c64f8c73f580c9ce050412ffd2de71a386882ff47b40
CLIENT_TRAFFIC_SECRET_0 802552914e04410343c4954f47b0a9fff51e74e188f978d1ec1e1805cd64bbbc 7539dc5679f7996e86f4944cf444853d9187d06efa4dfaa26512ca8b25c68aab8fdea00f865cf147c8ff066c9774f612
SERVER_TRAFFIC_SECRET_0 802552914e04410343c4954f47b0a9fff51e74e188f978d1ec1e1805cd64bbbc 9b3c8ed404e4e7271280d1385e95572f0e794d27b34d82b8fe61603188a81997772f4e861475ae4377be05a3dbeeba0d
EXPORTER_SECRET 802552914e04410343c4954f47b0a9fff51e74e188f978d1ec1e1805cd64bbbc 28aec3b5cbf2ab4716c1087790478ce3c2ce73e1c88627a514fe6bb9df2dcff8776738af9c48dff41b94f1636e0a85d7
CLIENT_HANDSHAKE_TRAFFIC_SECRET 580d9c8e7c59d7c993e731cea5dfc3995894b91c40fa001fe36311d6bed2dc4b 31571a00df5d365a7304a0a15295a4293442fbd0feca83956bdc638706912ae1a9f8e8a3660df19da879f522e3f27acb
SERVER_HANDSHAKE_TRAFFIC_SECRET 580d9c8e7c59d7c993e731cea5dfc3995894b91c40fa001fe36311d6bed2dc4b b66ad141356ed087edb69d9d2224d6af08b348e961253b944811dcb88bcede1b2a14a9a8af7eb9fab668c98dfd5a50a6
CLIENT_RANDOM 553d82a9883b297a4d42a7af949d439e2c3f9384fb6e12245c6b42c38d1f180b 4b3f16852c2512889c672857e4e4d40e3f671e8aaceacab166fc818b3c619285fe6e7e2773929372d8246ab160f4126d
CLIENT_TRAFFIC_SECRET_0 580d9c8e7c59d7c993e731cea5dfc3995894b91c40fa001fe36311d6bed2dc4b 1710a107f9726fbe9208a70acbf53b464aa15f2e747151f587f38c6b38e8539ca8385f30020d199fffef97b49c76dc4a
SERVER_TRAFFIC_SECRET_0 580d9c8e7c59d7c993e731cea5dfc3995894b91c40fa001fe36311d6bed2dc4b bbf2fccab406e6784c93fd84b1a90a3f8acaa5edce08d4ad9577df2c566486565a7f2947d78badf8bb3c92303c13724e
EXPORTER_SECRET 580d9c8e7c59d7c993e731cea5dfc3995894b91c40fa001fe36311d6bed2dc4b 32a71c03bbd65582a3c3bd847ec08e5c525cbf7e04ff11376078cdee6b90b811a791953d3fd3cc86297a58e07d092c3f
CLIENT_HANDSHAKE_TRAFFIC_SECRET 395fc8574085d981af9733a37613f60924126865a5bccec7b23fcc111748ede1 ed74472ad847720226c79cba22444cf955d4e7d42eaadc4c190228b78cd42bb838bc33009f86b797cc806ca1d98041d0
SERVER_HANDSHAKE_TRAFFIC_SECRET 395fc8574085d981af9733a37613f60924126865a5bccec7b23fcc111748ede1 b5611f7b528dcc623155bbd2953be57b4ddff54fbc36b6ff93bfdffe1c95d019f34c7026e580659694808251089222bc
CLIENT_HANDSHAKE_TRAFFIC_SECRET 1473e6d2028a005708b26c9c8fafd18e145690ef2687bea6b567fb9297878fed 6f18668bca8568e062fe728e827cf4654c33b762cea8da7fc2998f32323c28e33a87c70364061bb57e20feb812e1e660
SERVER_HANDSHAKE_TRAFFIC_SECRET 1473e6d2028a005708b26c9c8fafd18e145690ef2687bea6b567fb9297878fed 1098be1749a57a98a81289518388f7572b4aa2358543f404e162583840f89b7bea864504fc20f8aeb5aa5e91caf388b6
CLIENT_TRAFFIC_SECRET_0 395fc8574085d981af9733a37613f60924126865a5bccec7b23fcc111748ede1 55ced76f30562ae622526d2147faaba4676106578b51bc36c3d43f450ee24738abe82be0ba539cac0a351da633e49cd2
SERVER_TRAFFIC_SECRET_0 395fc8574085d981af9733a37613f60924126865a5bccec7b23fcc111748ede1 810874c8af98943132888ac6f74e8d767b240c5da17cd28fe8d91627275163f30b46a27f147735fe5fe90fbb71a297b0
EXPORTER_SECRET 395fc8574085d981af9733a37613f60924126865a5bccec7b23fcc111748ede1 cbd63a893f30be0138c3f0c9876a0b0d72c265e3c6dde812c260ab9bc2f4e0e876e5f228a390bf9962118698c4a7b7d2
CLIENT_TRAFFIC_SECRET_0 1473e6d2028a005708b26c9c8fafd18e145690ef2687bea6b567fb9297878fed b008ad5392b922da8144be4a75122833e2f94a2b2f7bdeafca8e2d1ac9fc8c6e6f2ea7d2390fe6a72f118105649c7617
SERVER_TRAFFIC_SECRET_0 1473e6d2028a005708b26c9c8fafd18e145690ef2687bea6b567fb9297878fed b4c9f9491f8745f2b0572db4eaee930355cbf8e6e40360f995c207bcca53e660e9410d1df297bec96df681396e3cf6c0
EXPORTER_SECRET 1473e6d2028a005708b26c9c8fafd18e145690ef2687bea6b567fb9297878fed 3fba26ac494e39204169844f6e8b34c191da1e3a240817a4e3188df8a601c7f80e44e02a6a417388713c66b5c5eadec9
CLIENT_RANDOM 011a7b111b8b0e6bc0f0ac171a8f80428084f87475f9142a1ec0c3102e257792 be171579b01915ca7d7e50078134c408c782de9458f182a5ce3375940f0c8f3e4f0d2fa1ab9f3dcf98518f2bcda6da49
CLIENT_HANDSHAKE_TRAFFIC_SECRET 98c2c9137b5953a839a94fd387b398ac434ec186afd86975fb9d0c39219f6bcb 3855b82e96036dc79bd2b7531ec99162c430d4fea618f34544254015960a1fea
SERVER_HANDSHAKE_TRAFFIC_SECRET 98c2c9137b5953a839a94fd387b398ac434ec186afd86975fb9d0c39219f6bcb 0460b792438401793c2c85b7d5229cd327b4a2143a066c5312ccd08466d4f457
CLIENT_TRAFFIC_SECRET_0 98c2c9137b5953a839a94fd387b398ac434ec186afd86975fb9d0c39219f6bcb d32591a26d4cf1beb0f3c3fc7f2fd9df5e29f5205eddb4148a97d34e1debad2a
SERVER_TRAFFIC_SECRET_0 98c2c9137b5953a839a94fd387b398ac434ec186afd86975fb9d0c39219f6bcb a59e6b94c3a83bc45966919e1ad983c348ffd38913088ccd79aa3c197e420ddd
EXPORTER_SECRET 98c2c9137b5953a839a94fd387b398ac434ec186afd86975fb9d0c39219f6bcb 59b57d5c1ff904acf0ae86c3f578975ca28f56f01b1765b4ab510596f4b74928
CLIENT_HANDSHAKE_TRAFFIC_SECRET 9e4a4ce694549ee7587b1a15db0a6cdf3f8d30bdb69531f0d68df5a3125efa25 c32934bb25b3f48ef7ae4374e08bdcc10602320a40b98f4f5339456778530caeb920b51eecb554257cbb539bfeeddf15
SERVER_HANDSHAKE_TRAFFIC_SECRET 9e4a4ce694549ee7587b1a15db0a6cdf3f8d30bdb69531f0d68df5a3125efa25 d468766ca105280b7a6681a3f1c859e40ffb40fb3b6ac1b3f0940a7be5ad97a9cb697f6cc0535081b72fe46204c73a15
CLIENT_TRAFFIC_SECRET_0 9e4a4ce694549ee7587b1a15db0a6cdf3f8d30bdb69531f0d68df5a3125efa25 2e09cb3b3a95397a37e686f3208f898813b60a6657096725d136358c2305c305ca5dbd87613bb9268e3f45853c3d6854
SERVER_TRAFFIC_SECRET_0 9e4a4ce694549ee7587b1a15db0a6cdf3f8d30bdb69531f0d68df5a3125efa25 e3a8086165614089b764f2dfa94aea86b8738d81d15882d40fb5caed07636989c3ad2f4b23dceeb2025c962a99fd0e7e
EXPORTER_SECRET 9e4a4ce694549ee7587b1a15db0a6cdf3f8d30bdb69531f0d68df5a3125efa25 30bb089d64c691fd854d0c99874a117a65c68a2efd34ee58790f430499fbeb27ea6e6a7c41e9d6a61abe42ce98d8e947
CLIENT_HANDSHAKE_TRAFFIC_SECRET bb0cb19efc61ebbbcb0d3216c1e4aa8bc747061f2d4acd81d9b5c260a8023aca 2d8f458a03015f3d8b5551fc7559e9a6350d61c02e138e3d54ccbf2352b9059ec350af46b482cb30df06262b9e4ad54b
SERVER_HANDSHAKE_TRAFFIC_SECRET bb0cb19efc61ebbbcb0d3216c1e4aa8bc747061f2d4acd81d9b5c260a8023aca 8817d4ef4c4f659e278f534e80a1286809f00950b6293f9a645bdf722a57a917c1fde162756e093eb2a8e1b0161d3fa2
CLIENT_TRAFFIC_SECRET_0 bb0cb19efc61ebbbcb0d3216c1e4aa8bc747061f2d4acd81d9b5c260a8023aca 62be27f50e0001aec3145c15f5c4f382066873162df30fe8b60f62736eb9cc8becd3fb749fe417654c7df77c95372b5c
SERVER_TRAFFIC_SECRET_0 bb0cb19efc61ebbbcb0d3216c1e4aa8bc747061f2d4acd81d9b5c260a8023aca 1ee881d0fd6ec1ebaea7f8442ffe346cab81caf3d35b658b99445271219b1403039ade98b688d6ddfd38b3d2c7fd2387
EXPORTER_SECRET bb0cb19efc61ebbbcb0d3216c1e4aa8bc747061f2d4acd81d9b5c260a8023aca 91f78d12d185d8a36bc6e741c7c5ac5ac6cb85cb166ff37e37778c6d8fd6c6b41b325be7d45cf42405e425566ccf3863
CLIENT_RANDOM 5519ab2bd36f56022be17d596215246f206dc98b85702bd6ac98347ca6008f44 4387356f5e24a78e6ed724dcf26983e02fb825b5dba2e64a3b6ab5c3a147ead21a6e589fdb5120f942eb2231fb9adbd2
CLIENT_RANDOM 389cac44709c815ea6d28d269824125c81b51f213ae963ec14781fa7951655b4 342f771c2c4b8d21c765c26f2f0674533a83ba9c7d0cdf76f58417435d365de41532ae74f78c421c8ec5cfe35a09dbea
CLIENT_RANDOM ce74a076b34af16938b56c73d4b1bd072fcbe9aafe50e243521149dea68aaae2 e1b737628f95f1b136d12e6acf6355527db85253e77ac0a49fbab93beba4b7a5662973a3a574bf2bacf1e63104a6a2b2
CLIENT_RANDOM ad6bfcc0dabe49d7ead0ecc50faad98c282dd0ecaf95c41b5d3d4f5bcc312c99 c42b886fcb8dca289bbaf682b275fbf98b7203bc539df626d7e87891af6cf2a47af6ad91b96deae353b7cc1d85f17496
CLIENT_RANDOM 8576d5f5e748ca98de630d96e0e8e6c22f05186cb5567a3d32449c7189b27284 54683f5f9c301ddbb64869165b5b90509ca92a6a345612f3293c7d4731eb8c68fcd0740be1263eaebc9e3c4c8beb052c
CLIENT_RANDOM 68042d9491f2adcec3bb350c2b58dc7564f66e501b4745a0363327ddd6529626 1ec0daf887f75833002dd4f69b192f237114b94313afe3c806847dd25eff7bd5d472fc1252ad11ae9c1b3f3f37c3d37e
CLIENT_HANDSHAKE_TRAFFIC_SECRET 2fa4a86d8e27027d258ba951dd3a41faa65252346b8a7063ca75489627bf88e8 7603e85386c0c10659553c0fbc3c11f6c45a7117c6c976b56b0137fd099c617e
SERVER_HANDSHAKE_TRAFFIC_SECRET 2fa4a86d8e27027d258ba951dd3a41faa65252346b8a7063ca75489627bf88e8 7c385f6beb26618466ea10e6175e8270b10d630d69e5e5c923af2d21d86b8d48
CLIENT_RANDOM 9c0b0493c9b8fe7dac28c1d17fb8074fd7c31134552fb33cbd2927b4328a0c90 e16b1540ebfbc567eb3997ce740029c310b158041864cdfac229d8954fc0367807992d08190d2000a81fc6eb9e34fcd6
CLIENT_RANDOM 65b3fd1ed7ef5fd5fbeb2518c1ffb9c0e1acd3f70a2c28b22069aa56d7ada335 9c02f6ccd472deb0fe1c33a1e11268744f7ed0d8160955739c7d30f689c8484bf051abc99e0458c5711febe08642ab67
CLIENT_RANDOM a5c585647850d901ae9ec0e3e05dc5288faadb5a51a9aa0354fed5c1ce51b725 4b3f16852c2512889c672857e4e4d40e3f671e8aaceacab166fc818b3c619285fe6e7e2773929372d8246ab160f4126d
CLIENT_RANDOM 6e583b3b0897f11d9212f6b77e37fdf17ef32f62b4abf87473119408df999f73 4e98548fd227e2af44488794a8e79378205fac2e7bb45d90dfb985cd166a79c4a89be0eb4ddd6e4d6d44c018179558c4
CLIENT_RANDOM 3579a918a8b926de2814506f47f550495adf7f0f39eb98f404700b49c8a51a7d d7d0d92d491262611826817171af855159c875a4d38503b9422de750f260da5be652fbc2a574553ecb001d897822dbc9
CLIENT_RANDOM 634d180d098ef92b45cabda8e329858f28b3b85342168c446bbd7c2d6dde1705 428c63e479a696286fe816e0d984ff20385cd6868c23b4623888fd87c3bf9d028bd9381ab4d6e5e8087561fe3cc0a501
CLIENT_TRAFFIC_SECRET_0 2fa4a86d8e27027d258ba951dd3a41faa65252346b8a7063ca75489627bf88e8 2d8df93d149882c1228f24f5663cfef32c32b0854a645aa4ab5716f0580ac70c
SERVER_TRAFFIC_SECRET_0 2fa4a86d8e27027d258ba951dd3a41faa65252346b8a7063ca75489627bf88e8 ede926628e4ff33d0b9e7aedf35c8dfdbb2f675d35694684ff74a71223175752
EXPORTER_SECRET 2fa4a86d8e27027d258ba951dd3a41faa65252346b8a7063ca75489627bf88e8 fa0b62255b7bc9b53e902f243abb273a3ecc819875abf40a454aa6a10501ec6c
CLIENT_RANDOM 5cc8db3b7642706c3619a9cfe919f8a7df84d60e8a84a05956a009879024f2fe 4e1c3de3fcf3383a42ce4f621aee5005d45ca7d55abadef7f1f89c7fb9561584b360be2a8b91a8cdb4753bd772bf66ed
CLIENT_RANDOM 2625d4dbcae831a6738e73387100992480ae5dab5d93d2f58ae5e1903302eca0 959892e5ce63cfeba5e176e87584d4c1a26be5184afe5cfcf21f1435bde6ecdf53191f59411db22d24954fee1428f65c
CLIENT_RANDOM 5ed595b18bf09459777795804869bbbd0d684aa06698dad73e58deaeb33102c0 714816f00b8d804183fc2e8ba0397445fc22c44cbf2ecfb6e3fbee12ebbbd5cc00af5a000c02ffb51f34c3e19962cd3b
CLIENT_RANDOM 3987482e593375200d974736b87dc3348082c25e1f4909e6b7edbc2af7104cbd 575382eb1d746b0d2a280c06890d01eba9370e0d7fa9e15967dd176f6c6361eff315199ad26cce1153fbd4b745db97db
CLIENT_HANDSHAKE_TRAFFIC_SECRET 64e812d18baea738e8e87c5902e9682815952c1aa030ed61acde62a6ef2f7be8 38462597b6a9a652c9eabfbdac6a96b810d957e6923d1b94ac64e793421a1afe
SERVER_HANDSHAKE_TRAFFIC_SECRET 64e812d18baea738e8e87c5902e9682815952c1aa030ed61acde62a6ef2f7be8 a9aa86d993abdd64414597fda588752337b3e80e91e296a8156f71ab8d0e8aca
CLIENT_TRAFFIC_SECRET_0 64e812d18baea738e8e87c5902e9682815952c1aa030ed61acde62a6ef2f7be8 0b4cf725d1c979f8d8fc179c61eb8ba686d95c1b16a04745ecd397118acc7a20
SERVER_TRAFFIC_SECRET_0 64e812d18baea738e8e87c5902e9682815952c1aa030ed61acde62a6ef2f7be8 95aa6c7d1a6943909f7a8bdb9223f22309c1e4af508e0ddf84a671f6ffc8753b
EXPORTER_SECRET 64e812d18baea738e8e87c5902e9682815952c1aa030ed61acde62a6ef2f7be8 7ae306c4f3299815be806953b57c8571ed25216a9ac7439cfcca90fa29a99b23
CLIENT_RANDOM 2ab7cb47d6356401d0f6c58c3ca12771c8ec731cef08c49cac36b2deaea059e6 e1b737628f95f1b136d12e6acf6355527db85253e77ac0a49fbab93beba4b7a5662973a3a574bf2bacf1e63104a6a2b2
CLIENT_HANDSHAKE_TRAFFIC_SECRET f555948b11fa3b27e96e6afeec394d44365a16a24d48398438529eac00535d68 655cba95b94d859413ee698a5d2aab02ed9a0d381ef9bed2a34e596ef77a9bb1
SERVER_HANDSHAKE_TRAFFIC_SECRET f555948b11fa3b27e96e6afeec394d44365a16a24d48398438529eac00535d68 b5b7d65313a261c63749118a28bc7ca9e59d23465adb617dc77a1b0072d8355c
CLIENT_TRAFFIC_SECRET_0 f555948b11fa3b27e96e6afeec394d44365a16a24d48398438529eac00535d68 042f8343b75b2ccfc688196a54b50a7b4739561c794cf2399f588956dc7dac59
SERVER_TRAFFIC_SECRET_0 f555948b11fa3b27e96e6afeec394d44365a16a24d48398438529eac00535d68 463ffcd387b0f0daba6bb9b748a8d77487138a2da93073fa014989d8a7571d26
EXPORTER_SECRET f555948b11fa3b27e96e6afeec394d44365a16a24d48398438529eac00535d68 67d8e58ef4564118e5e01e672ebb7484e52fa4d8f966ab4a72b5e145cb068ca3
CLIENT_RANDOM 793a3dbed1c9103f0d40715e622b107301f2b7e0847acc2c019e6ec3077193c4 704769c767cfd2bb9f3599848e5ce58bbeb7094e3b733d02a4578a6ca791d925a72844db1f338518959794be79d23335
CLIENT_RANDOM a72c08bb391887ae387fb9a1a1fdd41c385c33b308c7faa49e87dc514365e18a b3337e951271f8ac4bf6183c0ba0cb6fb7e3d64374af4b68fab2a2ee262510cfb4d6b5be655022382ff1851d7b443232
CLIENT_RANDOM a608c2079e60d7463680f10494e0f37015ebdc3908cc6bb094c4903d53f5fd87 629ed320137bdef0909508aa6b0fb506b35a21b51394d917e3f8e31c34d62cd63fa5ac5799d530937d7d376f71323def
CLIENT_RANDOM 6c66c6aa75c94dd4798f9ebdb8bb49248018cd894281d90ff244d282e4bf8493 dfec4bae9c9fb2731850238224d56723e42c23919000d3b582d524867c08c44b7a7c05e8d5013d2b875b1d870e28addd
CLIENT_RANDOM 283977857a39a0118c12750663c9ca805e8a48c3698f16aaa4dc906d7db6ee93 ec33235f03a77e5ee843b10613f0f2964e10e5e15e3f7fa8407c7df22d7649cc43c8b0207b85f2ea3c834d42cd1a001a
CLIENT_HANDSHAKE_TRAFFIC_SECRET 0765fd95ee09973de4afc7aa33d9fef74a3bdcb82d58490be1440b8bcb043351 f5f4c45d08d318461113b3b206dfb485a0873f96bc04352de7147545d1c6b067
SERVER_HANDSHAKE_TRAFFIC_SECRET 0765fd95ee09973de4afc7aa33d9fef74a3bdcb82d58490be1440b8bcb043351 c3cd1aa50c4166780f5c3f166c2029c715f3049b5933034254ffaffe2367f90d
CLIENT_TRAFFIC_SECRET_0 0765fd95ee09973de4afc7aa33d9fef74a3bdcb82d58490be1440b8bcb043351 367c30536ff9557cbac975d817377cf8da9e5f12ceece1b4c157f90de1650967
SERVER_TRAFFIC_SECRET_0 0765fd95ee09973de4afc7aa33d9fef74a3bdcb82d58490be1440b8bcb043351 8d178ef6d4378066f29bf5faf31067d31f79c8389351f135809c95a6afe974e0
EXPORTER_SECRET 0765fd95ee09973de4afc7aa33d9fef74a3bdcb82d58490be1440b8bcb043351 db48e30ee3d933e80d0c65fbbfef6f39f07fa0e632d02798d3bf4e5fda9f5e3e
CLIENT_RANDOM b797982830c4861fff62e1950328d9150e88c47f96755f687b9d79e6e19234e7 1db90cf6c8c3106ae57110e974f1749f2052477c33aa0726fe8f936244c4cc428abb267df7f4c938d1dc4bfb51585ea9
CLIENT_HANDSHAKE_TRAFFIC_SECRET f777fd8a0d06ce2364c37ca26a803bd371db5f90fb687d13eef6d3ed9e5e5336 6a23cc60f1e45f46f991fd770e6df123139c8cf8d8935996899b2462458bec85
SERVER_HANDSHAKE_TRAFFIC_SECRET f777fd8a0d06ce2364c37ca26a803bd371db5f90fb687d13eef6d3ed9e5e5336 461cf10f0d34cead13e57d559beb3a90e14533dd1f066252735e6002554bc47a
CLIENT_TRAFFIC_SECRET_0 f777fd8a0d06ce2364c37ca26a803bd371db5f90fb687d13eef6d3ed9e5e5336 e682734619ae763792f93fe74fb1ed2ac594f09798b54f73c5a3c5463b3ab560
SERVER_TRAFFIC_SECRET_0 f777fd8a0d06ce2364c37ca26a803bd371db5f90fb687d13eef6d3ed9e5e5336 a770b4a3fc926b50b651094762a03d5d26e245c4ce689d39f66d1eef57d88966
EXPORTER_SECRET f777fd8a0d06ce2364c37ca26a803bd371db5f90fb687d13eef6d3ed9e5e5336 c4c15ecf83c19dc1e1b6d9456dae5419f1b162bae3580f3477c79efcce680fe0
CLIENT_HANDSHAKE_TRAFFIC_SECRET e78c2f0320d68a6631731bae171f6101a0b248d67273a241251a98667f283e1c 42da5f95a4576fad408ee3f03213228a2ab6b852fd2d66683718ee3f22b49f5b67475bb2121998668a60a1ceaec56d08
SERVER_HANDSHAKE_TRAFFIC_SECRET e78c2f0320d68a6631731bae171f6101a0b248d67273a241251a98667f283e1c 94f16e999d8ad7e6eaa0823e9b73770d14cb2c64aaffac98f5938862c21f7475319f0425d82372166745cd4eabfbf8e1
CLIENT_RANDOM 21c2320a378670977372d7524b0189ad7c6f8af229000b6518eaf5f15db84884 cbb1938e24b6970ee0222e7973ea55f070b939b2cea0ce8e4cd6926fd75cd9e9d6101c125da6e4fbac0f822e6c9362a0
CLIENT_RANDOM b5c6f05a7eb599f757a774d84eb51a7441280eeae1e0e08f9ecdfc8db567738c cbb1938e24b6970ee0222e7973ea55f070b939b2cea0ce8e4cd6926fd75cd9e9d6101c125da6e4fbac0f822e6c9362a0
CLIENT_HANDSHAKE_TRAFFIC_SECRET 2d2c4aa1212664538aa99671675b0b1be35aeb4498b15aa2ecfb30831da19be1 251559b5d377c76b98c79587898232ee7e6dd7b4728a92c887395042c17447b3
SERVER_HANDSHAKE_TRAFFIC_SECRET 2d2c4aa1212664538aa99671675b0b1be35aeb4498b15aa2ecfb30831da19be1 40c6390a79ec121c4c4790f3312affa7a15b34982a9e7683036306da02f664a6
CLIENT_HANDSHAKE_TRAFFIC_SECRET 27edede33945e50402a2f7a7f7dc469b6f136617fcd16f71a5e61b07f2770020 b1089fc344d87e9958cb4284e93367bdcfdedc535ab6a16fe1c119797f62482c
SERVER_HANDSHAKE_TRAFFIC_SECRET 27edede33945e50402a2f7a7f7dc469b6f136617fcd16f71a5e61b07f2770020 330398a9649b1080d5c56bdf0c1212ca103fdae9f80aae75205a29b22df686e7
CLIENT_TRAFFIC_SECRET_0 2d2c4aa1212664538aa99671675b0b1be35aeb4498b15aa2ecfb30831da19be1 53a7eeead3f4e81e1d8e898c921db922902ab5b32df06f0809c7186ab9e0d1f9
SERVER_TRAFFIC_SECRET_0 2d2c4aa1212664538aa99671675b0b1be35aeb4498b15aa2ecfb30831da19be1 0d98f6cabb7ad4f20be90defa0e8e25c6e71db6f714c07ee53b2eb6c9379c0d7
EXPORTER_SECRET 2d2c4aa1212664538aa99671675b0b1be35aeb4498b15aa2ecfb30831da19be1 3a753162f3ff5a2fb114bc493639acd8f8693f4c1474c2593441c2b0e8a0835b
CLIENT_TRAFFIC_SECRET_0 27edede33945e50402a2f7a7f7dc469b6f136617fcd16f71a5e61b07f2770020 3371174516a81a82a8fa7501728611c8cd535f08ddee84446fbab009ff098820
SERVER_TRAFFIC_SECRET_0 27edede33945e50402a2f7a7f7dc469b6f136617fcd16f71a5e61b07f2770020 37d2bf45707e3674387575fbe9e9aebc0eeabba6568819c21ea7f3a0ab897b71
EXPORTER_SECRET 27edede33945e50402a2f7a7f7dc469b6f136617fcd16f71a5e61b07f2770020 838336ec49e70aa546fb4aa09313f6f1f9ca306064064cb750f26bd948aa8d2a
CLIENT_TRAFFIC_SECRET_0 e78c2f0320d68a6631731bae171f6101a0b248d67273a241251a98667f283e1c 8e6c756d99249ba1d920cef31c8257fb98e35a423fc7d8e9f44c40f355b60a0cf18bc80242ee9b2607041b500c538791
SERVER_TRAFFIC_SECRET_0 e78c2f0320d68a6631731bae171f6101a0b248d67273a241251a98667f283e1c 6031ac3e6f6fd1ef6ab2b5f322de9b97bd19ddf13565cb060f413cf1e402537b833c806d58bdb1b4e9f1c0251903ccb6
EXPORTER_SECRET e78c2f0320d68a6631731bae171f6101a0b248d67273a241251a98667f283e1c 0c4c6c6f0e4e5858432ab99a8a4d7734144fb70676d13365debfa66470cef9f3f5bb39d32c6a1449d25c69a6145696cf
CLIENT_RANDOM f2d3440e3d6f5806d568b7e53a81970c82a6812669439732fec215c6dab4fcbd 2a00f24f6948fbb08c243a86d90849c70bf1322421f0013f9777f0f37becb5f895a31cd762d83cb9bd7dc031565b88f4
CLIENT_RANDOM a7148dd34478b5be547ec5f9505c739877ec4a438d882e0f414c9676409afffc b538265f19ac6fd293714b18a5681895d1b50512f7307df5fae1bc01fea75674b6f84bf24a5493b4b17240af73dc47d3
CLIENT_HANDSHAKE_TRAFFIC_SECRET 0fb7c8d1d9a500ec74b30af0ca33a3c61f37e90da78056fc9cbf0099e5fbefe4 4da08671d7521ece5c7f431dc2709956faed191e6ee1d72e19b1f14622790503
SERVER_HANDSHAKE_TRAFFIC_SECRET 0fb7c8d1d9a500ec74b30af0ca33a3c61f37e90da78056fc9cbf0099e5fbefe4 76a93dc1b4588b4c934765c2c1631ef4b18b9ee92bdff7a452f5ab90376d689f
CLIENT_TRAFFIC_SECRET_0 0fb7c8d1d9a500ec74b30af0ca33a3c61f37e90da78056fc9cbf0099e5fbefe4 d46cab9fea55ddbbf495578fb9be9a978a9ba5589f902cbe472a412480d9feec
SERVER_TRAFFIC_SECRET_0 0fb7c8d1d9a500ec74b30af0ca33a3c61f37e90da78056fc9cbf0099e5fbefe4 8155087cea8e3cd161517850b61c7cf294890a97b94a495ed59e6bc303352a36
EXPORTER_SECRET 0fb7c8d1d9a500ec74b30af0ca33a3c61f37e90da78056fc9cbf0099e5fbefe4 336f97ef89db899b2458385c214238ae6eddabace6ee3ea9ca3cab906b28ed3b
CLIENT_RANDOM d5aa8314b0cae6dba521d11977cf05887bb64df04272296b75eb1844654a5c95 cbb1938e24b6970ee0222e7973ea55f070b939b2cea0ce8e4cd6926fd75cd9e9d6101c125da6e4fbac0f822e6c9362a0
CLIENT_HANDSHAKE_TRAFFIC_SECRET 9d0b95f64c792d2eb8eee72722b453ffd8b5bc47f5e34dba86e4e5b214a963ca bb31b0615f092a5aa5dca0b7ab1f7f8e295a45ca97c15dc5cab1b2d053d6e0a3
SERVER_HANDSHAKE_TRAFFIC_SECRET 9d0b95f64c792d2eb8eee72722b453ffd8b5bc47f5e34dba86e4e5b214a963ca 4fdd85f75ea93d49561ce417fa5b1d8d105dafa33e6a7304f327221fa3d4f283
CLIENT_TRAFFIC_SECRET_0 9d0b95f64c792d2eb8eee72722b453ffd8b5bc47f5e34dba86e4e5b214a963ca d0ad75f08b8214581f4cf1bfaa12fe0fb245a5cf4e75c4ce582694c44b5e5fda
SERVER_TRAFFIC_SECRET_0 9d0b95f64c792d2eb8eee72722b453ffd8b5bc47f5e34dba86e4e5b214a963ca 4da1c674c38a8fab0e10fd94750aaa9fedb91344d6486a517e67ff28a11daae2
EXPORTER_SECRET 9d0b95f64c792d2eb8eee72722b453ffd8b5bc47f5e34dba86e4e5b214a963ca c0c33174df8373b54099dabf0813152073745a0dda1b9f76502b6334f35f2a6e
CLIENT_HANDSHAKE_TRAFFIC_SECRET 01f0e7ba17c034963fa62543632e56d9371fc4b18fc5083d65f02f799463832f 68e097721593453c03226fe49d265e5752f016aa6a9266ef9aaa47d006d5ef1ee7a141893ff6e5033ca50b73659bd8e6
SERVER_HANDSHAKE_TRAFFIC_SECRET 01f0e7ba17c034963fa62543632e56d9371fc4b18fc5083d65f02f799463832f cadfe382f55a088bde54977fc701a2d72a74f1faa0e4aba0e45d6f66cede13862decc86c2f5196e73183863b38c90268
CLIENT_TRAFFIC_SECRET_0 01f0e7ba17c034963fa62543632e56d9371fc4b18fc5083d65f02f799463832f 29db4c1214fb966bc31f1cb9ff8d8caf1605fc6731899d66e13b429b79e96bfc8f343ada19ca66918c49cf4cbc115aaf
SERVER_TRAFFIC_SECRET_0 01f0e7ba17c034963fa62543632e56d9371fc4b18fc5083d65f02f799463832f e83cdf446594d4d16fb2a48a7eedbd5e8c544b7bfa3772abd1aebd06e20bc7da0463978f6f4bad046c196fd347cc104e
EXPORTER_SECRET 01f0e7ba17c034963fa62543632e56d9371fc4b18fc5083d65f02f799463832f 1a6664b5ec81447c311fb4b8c80ef83e9a585804a01b29b1bbe140ca395e0c313d04c9b340081a437f97bc5effa6e5fe
CLIENT_RANDOM dc516afb162b8de2b8a16fafdc0dbfb59a5f414808e04e178a624e26c982fe7e e9542948e43c6bca1da0df736e75fd8f769401c128ff63bfb08a7f3788eadf1808bcd528f40c0913337c321344b8ee6b
CLIENT_RANDOM b76c27ab7f9d2cbd7a33fdd7ed5527006f5f06acfe3e31bd43a8693314f7a260 e98b37aa3601646d244e561f0a5fca7cc032d274079c7c4b01c82fabf59986ede612359bf84672ab84df083a8c83b2b5
CLIENT_RANDOM a370e47f87438d5ee25decb3d5426dd4814e53750dcd2cc46b17b244fccded09 4244c7196aa711c261a158a85b5a93a562b18e4fbc74bc9f52f33b7c0f1003c59a93c9a589b62fc293b7ef6f2579e8f5
CLIENT_RANDOM bf8ae542e40f46d91f6453083e8aaa466f614fd04ef119906a9eabcaa9a2b2da fb61d3ce96c2a5f5c08c5ad2ccc47bf18a1865231db174ac3cb859559e20d438e72d276f4beb8c493e4bf3fc81818ff8
CLIENT_RANDOM bfee4b9e8132347467650a43d02d228e2e13f652c3f0499f86e77e82e881c25b b723bbef5a528d4a8bb98b5008ac41d31ab06c0802686717ed9c0056fd038eaf3ff9e5667e417a24009a81f4ce4a35e8
CLIENT_RANDOM d0f3abccbbc6326b7c2338291cd075f0c1bfe31e75b9033601b0a5bbcac8cd50 9273190b30ec04b7a9ae4570acc6016c3b9a8435cc92892af4006ab83fe1a99244ef6c1cdaa87cbb38bbaaa8275828f1
CLIENT_RANDOM c215144755a9a20211e0ef6bc33d53c07a52b10a9f5ce4fc4e4b969c78649ca9 86050424c99951c0c1ad3b61bfd1893efd8a8380f91e6430552047a85b72adf020e490c650a7729e2d93680aeaeae91b
CLIENT_RANDOM 5622edc11af4a88249e25bb528f1fe9907b94664d30a82925c6d8e91f3791136 533e4413837d88e405c869d501cd05ec4661d83e7ab23eb6ff135ff911743861029a9eef7d4ca7c46f68a64e0dab2e56
CLIENT_HANDSHAKE_TRAFFIC_SECRET a21b37441e24359641b0a00b9a39cec835437def922d8c8b6154c4198e1b05c8 790360ece7b20d18e3a21a7bed8ceea83c8d5f376dc2791b96c0ac55c7c440a577f1ce9066f1775681900c735935b7a2
SERVER_HANDSHAKE_TRAFFIC_SECRET a21b37441e24359641b0a00b9a39cec835437def922d8c8b6154c4198e1b05c8 f332a6c79e619208216cfc7ff7d3d10e97d79005531f731d02d55ea1fe9622c75dad06ff88007dc7cd485d8dab6c8dca
CLIENT_TRAFFIC_SECRET_0 a21b37441e24359641b0a00b9a39cec835437def922d8c8b6154c4198e1b05c8 ec416fa194c192648e235c1407a46a01261f7c3145d9148824db024f1bd0f1d02818ae31790eabddd2dab26c5c5ddc3f
SERVER_TRAFFIC_SECRET_0 a21b37441e24359641b0a00b9a39cec835437def922d8c8b6154c4198e1b05c8 9ef1f73caa3f2520b9c70277c53880586afe345d2d69c6d91533b141116ba7dedf7b72ace2fc315bd17fd72614583bb2
EXPORTER_SECRET a21b37441e24359641b0a00b9a39cec835437def922d8c8b6154c4198e1b05c8 c50bcc35d509f67408b2882825db935d764ef728996c9fa5f6673bd27e1d7d213c9a88cc9d7581c9d37c275cd831cc39
CLIENT_HANDSHAKE_TRAFFIC_SECRET fa86f58ef7844cef595d442adb2cea16dbcd338300aa666e4b2fba8e2f3fbbbd 03219d2532a3109c29a267c7834fd52edbcf5141b7293617bce5d267fc3c5e4d
SERVER_HANDSHAKE_TRAFFIC_SECRET fa86f58ef7844cef595d442adb2cea16dbcd338300aa666e4b2fba8e2f3fbbbd 509197a591c71bd1e69989c420ca900644027eb89f468492f2f3924bc5987fa4
CLIENT_TRAFFIC_SECRET_0 fa86f58ef7844cef595d442adb2cea16dbcd338300aa666e4b2fba8e2f3fbbbd 0a6ff2a2f4d2c0031435a7e8e27d186c0805184a6ce1c979541fc37771dfcd9b
SERVER_TRAFFIC_SECRET_0 fa86f58ef7844cef595d442adb2cea16dbcd338300aa666e4b2fba8e2f3fbbbd e9cdb26d5246094f077e1cd60dbc52fbe4370416836c5d61a86d13bd6e079d72
EXPORTER_SECRET fa86f58ef7844cef595d442adb2cea16dbcd338300aa666e4b2fba8e2f3fbbbd 30fb0949c64ae0d6971f233693c3cb5b4d8f683fcf6238d340ab149f21e2dbde
CLIENT_RANDOM a24d0868df0239ae30f1311c9fb84ef99bf1a7d5a31b83deb76547bf75eec690 f06bc4e3da3c2b44e62fd5f87e6a8dfc75b4b43de5899d9c2ac53fc86b7f7ea4fe50b5a3ddf0680d08008a3e352bc828
CLIENT_RANDOM 81a4ddcd0780f5234fb4f351f957c25d48c2b7ffaae8d4f07394e28c2a1c8f6e c58b2a0135ee0286b87c8b1a874f92622ac08ccf065d369b7386a930c6e7dc23414ef0dba6b908e7dd6fe66472d25390
CLIENT_RANDOM 1c0b31ad0a75f8db67bd68fe2ba5ccc9a3b7a580e28d2499e406eb91e481c059 cbb1938e24b6970ee0222e7973ea55f070b939b2cea0ce8e4cd6926fd75cd9e9d6101c125da6e4fbac0f822e6c9362a0
CLIENT_RANDOM 1c64071e0b5cf0d6d35652d51fc2187b4b5593964b5df864dc8f41a374f1c9c6 47d1c6128814ab15cc006d3064bfc88046f18b6053e5590065757c7ec4ee54dee98e449cb761f284bfc143b06889ac98
CLIENT_RANDOM 32c97ed764b1f6b85c01ebb73d65c6d1c3d5b1e0927d380e7074995e701319d0 575382eb1d746b0d2a280c06890d01eba9370e0d7fa9e15967dd176f6c6361eff315199ad26cce1153fbd4b745db97db
CLIENT_HANDSHAKE_TRAFFIC_SECRET 34d3b130c48161f0d13967942fef1f6dfda49e918b117dda3055abc87d510233 bfc013e69ee70e4162421de4984095bf22162777a6148b34191b6bf176e2c094995abd2609c49e9242dc6b82ef77979b
SERVER_HANDSHAKE_TRAFFIC_SECRET 34d3b130c48161f0d13967942fef1f6dfda49e918b117dda3055abc87d510233 3b93645003465cb2b4cc0d3a55e3d77b7807e74167f1c3582901d83f9cc2c0ec88781ee51a76b270ae57287b50000941
CLIENT_TRAFFIC_SECRET_0 34d3b130c48161f0d13967942fef1f6dfda49e918b117dda3055abc87d510233 caf75aaa4930cfe0a117551e442111a4121ef487566b49bbfe651ee354d29089e1846984addd6ff2e523fce41eb7f49a
SERVER_TRAFFIC_SECRET_0 34d3b130c48161f0d13967942fef1f6dfda49e918b117dda3055abc87d510233 87d27b88e18da9012d66bb1255ea0b40c7eaefa8a0bede7f4ba222b9c9843782f718093f9c1e88f434104570ccc252c2
EXPORTER_SECRET 34d3b130c48161f0d13967942fef1f6dfda49e918b117dda3055abc87d510233 1c1a09dd8e02e03fb2a983203ff6b0066b7d807e0c23ee6edf26be3277715fa159ed6cab6836b77c0fb6952ca2c85931
CLIENT_RANDOM 49b23327999cfe0d5b437a6dfd66b5beac5fe981e1be3cf3d12f3c4abecea9a2 16d0d601c5d435dfb0052e2c0178cb9ea86195c9e7ea730bd7b40be9c6dd6dbda9ff3c7723d62d13bc5405383563d614
CLIENT_RANDOM d19e739c7f11b0d382d2fa9523bf86da31518de76d975ed7d4e6fbedf3a09114 dff50b034daf4a54beaf800a92f5aa48690e92676fa12f71647bb50fc41b8497869654c7f7eac85faf4c9a8d6c2a455c
CLIENT_RANDOM 0ffb4d5a67142107478ecce1c438e09546882367d0bcea8616baf001ac13dfde 04eb91e7b6e9c02b3c279b19afbbb23e2ff75f0f3705fe87d6159d4f81fe1531983dc7b081d5ebc2e594ef490c7d2525
CLIENT_HANDSHAKE_TRAFFIC_SECRET dbe8dc95decbba5c72b238260936033d8e853cdbaa2afecd04a1277a1633e1d3 8bc11bb012020d7879f407acb20b0e57def6a6f6dbb0fdf41a8f3452054c2700
SERVER_HANDSHAKE_TRAFFIC_SECRET dbe8dc95decbba5c72b238260936033d8e853cdbaa2afecd04a1277a1633e1d3 4bb4a3743d313b622e74227c7e366104c538b922c54d7f8774cb1554bb9beee8
CLIENT_TRAFFIC_SECRET_0 dbe8dc95decbba5c72b238260936033d8e853cdbaa2afecd04a1277a1633e1d3 314f0a8ac3800317745b14131df711d795e25e748b82ad32163c80ed5fdd1ea0
SERVER_TRAFFIC_SECRET_0 dbe8dc95decbba5c72b238260936033d8e853cdbaa2afecd04a1277a1633e1d3 2537e81fec145129af290e3a1ceac7b132d0c3edd420df7b6fc679a0de551bc3
EXPORTER_SECRET dbe8dc95decbba5c72b238260936033d8e853cdbaa2afecd04a1277a1633e1d3 d6db0c877aa158d31ae1d81ae30712c48d3fddfa301f55ea7ef0eb91bba4e429
CLIENT_RANDOM c1a8760388f5c7dc06bf7c4cc810087f558b008d3cb41f3cbfc9bac105a16eb8 5dfc48c7fe1517f935c5f3f8d6dd6b9a30ccdc894a9ff2ceefc4754a68b781a0c19a078a4f50640f319b992af5a38b88
CLIENT_HANDSHAKE_TRAFFIC_SECRET a268353baf6bb47e2dc4e4660cd51f9ac56b75830333f85b49b2a89e11b9950b 4a24e134a50f22fc90d1c7fb633bca165d1b9080b75fce58e8517a1778601fad
SERVER_HANDSHAKE_TRAFFIC_SECRET a268353baf6bb47e2dc4e4660cd51f9ac56b75830333f85b49b2a89e11b9950b 890f8e3eefd42090bebf67535046ef8209c2cf23ab2ae74f6d4f23d870031872
CLIENT_RANDOM 56e553fe96b26f39a9d33b1d2493f50901fba002f2f990e9cf415a336752fc26 40eb5bc9b3dd601fce7ea1793b9c85629c2a083ced47ba3755425c3da4ab873540a3fb0ee430cc3fab2dfec97dcadcb6
CLIENT_TRAFFIC_SECRET_0 a268353baf6bb47e2dc4e4660cd51f9ac56b75830333f85b49b2a89e11b9950b dc65e8c26c5091c0a5a324bed509923da6e48627aca89b1b29bb33f26c719d0b
SERVER_TRAFFIC_SECRET_0 a268353baf6bb47e2dc4e4660cd51f9ac56b75830333f85b49b2a89e11b9950b 744c1ba7c49775da83fce2900b31a3462f01347b3cf44841c0f2269f3b52e0fa
EXPORTER_SECRET a268353baf6bb47e2dc4e4660cd51f9ac56b75830333f85b49b2a89e11b9950b afe570319c37dcaff8f0ce634b7061cf6641b1a27408499532ad98dc7745ae7d
CLIENT_RANDOM caba5a9ffa79cec93e92ecbee90e50b0d6b70207d302b420487bc1ef425b5a9c c58b2a0135ee0286b87c8b1a874f92622ac08ccf065d369b7386a930c6e7dc23414ef0dba6b908e7dd6fe66472d25390
CLIENT_HANDSHAKE_TRAFFIC_SECRET 66e6b16ad12c6a2d01f969f7390cce5fd20d8937c41fe46c047725eb31892cd7 fe6611bbd9b7ca22bc2a5097f46ed6d2483c0848366f826a9836d11d78ba819e
SERVER_HANDSHAKE_TRAFFIC_SECRET 66e6b16ad12c6a2d01f969f7390cce5fd20d8937c41fe46c047725eb31892cd7 7a373057592fc3d59ed90c5fd88dd0f2d0615a5cb81180cd61dd6c23fa1226e5
CLIENT_TRAFFIC_SECRET_0 66e6b16ad12c6a2d01f969f7390cce5fd20d8937c41fe46c047725eb31892cd7 730839c4af90a8e4ade94f9d5a72b39b41a876918566531c9050def0e7d85605
SERVER_TRAFFIC_SECRET_0 66e6b16ad12c6a2d01f969f7390cce5fd20d8937c41fe46c047725eb31892cd7 4e7cd4722e731e955fc7464b1f9e76a1bce50a85e028bd3dba3aeeb9135f464c
EXPORTER_SECRET 66e6b16ad12c6a2d01f969f7390cce5fd20d8937c41fe46c047725eb31892cd7 daa5e356504b40fe752049085b2efb9f1b99c5012ec9246a317fb1c95c50e67b
CLIENT_RANDOM 25172e8eff3e9daf3efc5fde6ba38253a8531c73dd107f7f54480724bab16d3b c58b2a0135ee0286b87c8b1a874f92622ac08ccf065d369b7386a930c6e7dc23414ef0dba6b908e7dd6fe66472d25390
CLIENT_RANDOM bc8f7bb3039c012dd29413419c9759f15a5563e77bfe7df0be8d47644057a626 b8ed76ce07e983bdad75c08a4af22b639560c0b79dce3516b0a5f3b46fa184987720e7cebbd33e88bcbb48c49f2944a3
CLIENT_RANDOM 2f2c63625dcb7cbd071ce2e16cb8eca5e2b70ab74066fcc4a371249422bee8c9 be304acbb626f5886c05b4f0e26833bdc0089af50992f85fec5e66349c64ad1ccf2ef2fc9da3947894911f14fb4dfb55
CLIENT_RANDOM a1cadac25b719ee9534c496e0a665fb625db71865fcc67e2f62f9859a7ce267f 2fb81126419e210eb6b1fa7b5ceb0e19ceed84371cc52f2c1f3216821af79512c47bf8eddb7be90365224fc26b34350c
CLIENT_HANDSHAKE_TRAFFIC_SECRET 5ddb9c2513619d2c5be7a7812b1a65d975c2bfe127974b1706e275cd1bc59472 730faa673acaccf1cd39ff799d2b35e27b05b69c24da0ea59d8c1da27e0fed6b
SERVER_HANDSHAKE_TRAFFIC_SECRET 5ddb9c2513619d2c5be7a7812b1a65d975c2bfe127974b1706e275cd1bc59472 89c70308c7d732c36e623d72d9f35e22d5856d64c1b56144400ba98289ce62ce
CLIENT_TRAFFIC_SECRET_0 5ddb9c2513619d2c5be7a7812b1a65d975c2bfe127974b1706e275cd1bc59472 7e6ef4fc989c6732ea845b53e8ce84e68928081b2a0a8e063fa6eafb8b1697d1
SERVER_TRAFFIC_SECRET_0 5ddb9c2513619d2c5be7a7812b1a65d975c2bfe127974b1706e275cd1bc59472 509e7eec365bdbe00b7fa69635f08996571c41c05700c4bbea9b8a65ddbb5892
EXPORTER_SECRET 5ddb9c2513619d2c5be7a7812b1a65d975c2bfe127974b1706e275cd1bc59472 2559d84fec4871d8c77d296fd3845999be4ef4e516541920ddb2e5911189ab31
CLIENT_HANDSHAKE_TRAFFIC_SECRET b1911c6dce952febf9d1710808fc97cbc5db34e3c2b6dd451559bb554e8ced5c 3edc5ed116c9679d0470979d09bdfe5074af0225d6450cc6b11cc7f02a188d80
SERVER_HANDSHAKE_TRAFFIC_SECRET b1911c6dce952febf9d1710808fc97cbc5db34e3c2b6dd451559bb554e8ced5c c5684cdd7dd38c816a0fd4c1869248ea563dad9e4ef15fcda4f3a440ca2d2045
CLIENT_RANDOM 8ac2c30ccf5592a72597a97533b8badfdbde99c9a5382cda53fb886d8c8db74e c58b2a0135ee0286b87c8b1a874f92622ac08ccf065d369b7386a930c6e7dc23414ef0dba6b908e7dd6fe66472d25390
CLIENT_RANDOM 3d07e2a168f3d37e3ba7ae5190a37910ea68c1fc35dea930a440e8abea27a191 c58b2a0135ee0286b87c8b1a874f92622ac08ccf065d369b7386a930c6e7dc23414ef0dba6b908e7dd6fe66472d25390
CLIENT_RANDOM b8e8868e2b42c29cccdf64cced37ec07b850ed211cacf17e149774a160a67344 c58b2a0135ee0286b87c8b1a874f92622ac08ccf065d369b7386a930c6e7dc23414ef0dba6b908e7dd6fe66472d25390
CLIENT_TRAFFIC_SECRET_0 b1911c6dce952febf9d1710808fc97cbc5db34e3c2b6dd451559bb554e8ced5c 83e2197105c71040b2b498ea5a0da1e1ee9c690b2a6c04a0ca793726c36b6cf8
SERVER_TRAFFIC_SECRET_0 b1911c6dce952febf9d1710808fc97cbc5db34e3c2b6dd451559bb554e8ced5c bd0e10fa51c576a63ae67c6df38769e84341c30b44602a4d9493d7413b3b8d58
EXPORTER_SECRET b1911c6dce952febf9d1710808fc97cbc5db34e3c2b6dd451559bb554e8ced5c ac60b11919d35f7aa07e1bd6593cd8510666249a6313918f5aeb9cb3725c29cd
CLIENT_HANDSHAKE_TRAFFIC_SECRET 867da499e7e004955b8392ab44097c68a01590e46c2a84ad54ae01d390ba3774 ffa4f918d24dac2b5749ac8b2a48550c3c65670903e2401a3feb0506c28c06ac
SERVER_HANDSHAKE_TRAFFIC_SECRET 867da499e7e004955b8392ab44097c68a01590e46c2a84ad54ae01d390ba3774 8cec4cfba43e98bbe0a86557a83caaa9a364c67194dbfba7e3762d850c67692f
CLIENT_TRAFFIC_SECRET_0 867da499e7e004955b8392ab44097c68a01590e46c2a84ad54ae01d390ba3774 2e4f65771642f605bdea141bd8466041c67f5d5c1f714e271a09caa07064f31c
SERVER_TRAFFIC_SECRET_0 867da499e7e004955b8392ab44097c68a01590e46c2a84ad54ae01d390ba3774 35f31ba294b051a6562e9a095c9f6a42691ee95080853178956465ea6a5642cb
EXPORTER_SECRET 867da499e7e004955b8392ab44097c68a01590e46c2a84ad54ae01d390ba3774 9c9b0c3649b1d71934b9e0edd0ae1c6f70377a717e168cbac3f7bd313b141487
CLIENT_HANDSHAKE_TRAFFIC_SECRET 04dee80b92532eb923bc1d6f2574d86ccf6611e8825b8936c7eaeec353581668 6bf20de8960931afabf7805e55b2ea2e0edee2ab629a291b84e4e3a39f94736e
SERVER_HANDSHAKE_TRAFFIC_SECRET 04dee80b92532eb923bc1d6f2574d86ccf6611e8825b8936c7eaeec353581668 38d759c23b283c40668643b358ba24011ecd7171eec4b7c83e2833a453f66cb1
CLIENT_TRAFFIC_SECRET_0 04dee80b92532eb923bc1d6f2574d86ccf6611e8825b8936c7eaeec353581668 4c428a2686c6497223f38fab3538a486b70fd999bb82cbf6863062b3ebeb8d5d
SERVER_TRAFFIC_SECRET_0 04dee80b92532eb923bc1d6f2574d86ccf6611e8825b8936c7eaeec353581668 ba4949605025d1eb0743be79f19c193e66bd5978b338b668baa177a703a5a81f
EXPORTER_SECRET 04dee80b92532eb923bc1d6f2574d86ccf6611e8825b8936c7eaeec353581668 26481c1fd1c116758c0321cf0faca04b2fb4d51a400a8a6a6303a36142209174
CLIENT_RANDOM 470694d6e3e6b0a598c26ebb1228695c3c260a390a4aff543d1b9f994f8eae66 72a18777b014206a5490b94b92826cff2a113477d981fde7ae1b9cabf44ac24c615b06eb0da9236d002e11bc2682ecf1
CLIENT_HANDSHAKE_TRAFFIC_SECRET ac059db90311c651ca09567434f0e8897ca3e2a533f59097cf288dcfb9000172 ce048147d296c2124ef72817b259908c393bc68ee1bfe9a47817fc7d77e721d0
SERVER_HANDSHAKE_TRAFFIC_SECRET ac059db90311c651ca09567434f0e8897ca3e2a533f59097cf288dcfb9000172 83bc277fec8216019f0d57e46dd38e81487089773855555932946093626683ea
CLIENT_TRAFFIC_SECRET_0 ac059db90311c651ca09567434f0e8897ca3e2a533f59097cf288dcfb9000172 937ebd1e2ea2622ba001be0d6450e55960a833ef5db257e7e863379b6409f20f
SERVER_TRAFFIC_SECRET_0 ac059db90311c651ca09567434f0e8897ca3e2a533f59097cf288dcfb9000172 327c5d4d2f9adbcf67cfcb44fa257de682b8916650e24999c997fa2510ed48bd
EXPORTER_SECRET ac059db90311c651ca09567434f0e8897ca3e2a533f59097cf288dcfb9000172 8eadee3ffce23ab1f5903a5710be2a50c881774a4f2d23e505efed403df19cbd
CLIENT_RANDOM ce1b2d8631514f233f66c456af1dd7138263343ff25461b3319e7badd2b22e3d 72f49e6570b49b7b56919d599bcb50c08af7b4f8b00e1c941c28f7c89f5f9618a2aa08279441ba0ccd6cebd83624ec5f
CLIENT_RANDOM b3707e3df4def3655ad459062e52fdd63514b425775ded83ba7d31196da3a6c1 33f0a8bd11ba761a639d88480b7ffa8928796b6f6732b09ab617b697713dfa0e3d0faea087941ab82fbc90bd2bcd388d
CLIENT_RANDOM 3ae91cf933ec90e932e121bd596f6df9916294655839e18c5b6eb91225778e1b b89204938f00d59cbd78b0726d2685c96122880cdedefd8cbb810dc7b2066386a66e09a5170d3a1901cb7e7c905b6b9b
CLIENT_RANDOM ab613b7517f4dfd9fe921b18e15993fdb9cb22c9590b9c14d6834ba39c840fdf a3fbba533360a893da39a75670a464405ccfd8cac6f920e6011e6dcbb5283cbeade2bb5e1139cd5527ab8cb921e56066
CLIENT_RANDOM 95a8417d2e16f9a2f9db2f149bc56bf1172f6eff28fb7a8bd86331663382c636 f0d4da8f87a53c7d6996ed59c2747fc598126eb99c66037be643f4a3f64cdf0a766178072c20c217cb3ae1a2def71ece
CLIENT_RANDOM ade65e4b5e13c3470e82526d7c35e1c2e5c8b547259eda4e6b5b71e5de68a199 93fb4ab92ea7056b263e33849e26930f7057488fff707ac17d56762828069522a977b5205b90ceec07ca638df37729ea
CLIENT_RANDOM 039fc27d4eda3da60196828c7da4ffe18125be70668b957e058461f33ea943aa 9147f9d2190f4acaa34fa23b21931c9ae3ceee88a27c9a99d39b136ce4be2549e18bc33f04a38731340bd4a256abd4bb
