CLIENT_HANDSHAKE_TRAFFIC_SECRET ac75d93bb21978cfcedf9e205a8c94aa0ba06c2c6438346843cf999f7488494c 2a0239dba06feea4fc45f66315cd20728c0dc5eb9f1bc5a11d1473644ae93a8f
SERVER_HANDSHAKE_TRAFFIC_SECRET ac75d93bb21978cfcedf9e205a8c94aa0ba06c2c6438346843cf999f7488494c 2ca35eaf6d215c6457ad493bc16fbd6b2ba3172865e3b0949defe1925ac5755f
CLIENT_TRAFFIC_SECRET_0 ac75d93bb21978cfcedf9e205a8c94aa0ba06c2c6438346843cf999f7488494c f015d3706107e37fb09cf0abb830a140815c867cfc8fb6f2b9b71f9ac93899ac
SERVER_TRAFFIC_SECRET_0 ac75d93bb21978cfcedf9e205a8c94aa0ba06c2c6438346843cf999f7488494c a6a76b7b5128d32d6d34e33d6ea4c69faac85d2616f85bba82146a50c872ab64
EXPORTER_SECRET ac75d93bb21978cfcedf9e205a8c94aa0ba06c2c6438346843cf999f7488494c 0252eafe075f43549cfb6b8548fc1f9f616a5e4f4ae24c86abc2f66c491c532f
CLIENT_HANDSHAKE_TRAFFIC_SECRET 6139798249f108d5feb6440520893b7d894cc73b7a4ae0f6f219e0dabb67c649 a54f2caeaec3523d70b2d92ac412c0fe0a22bef3918f72e65df2992f675e4e0eeaa21608ff16d546259a787df7de7863
SERVER_HANDSHAKE_TRAFFIC_SECRET 6139798249f108d5feb6440520893b7d894cc73b7a4ae0f6f219e0dabb67c649 da89c1b55b758163d93e9d548c0288dafca4b0b3b9da28bd6b498bd27847162baf2d4172dde591cea360af1118409543
CLIENT_TRAFFIC_SECRET_0 6139798249f108d5feb6440520893b7d894cc73b7a4ae0f6f219e0dabb67c649 0f02027fcd55e46d2d7189fc4981ad6e2544f82ed77fe91b69ac6857ebe4dadb9520e8ce33aa0ed4645e25f6614c60b9
SERVER_TRAFFIC_SECRET_0 6139798249f108d5feb6440520893b7d894cc73b7a4ae0f6f219e0dabb67c649 79ef5882f59bdababa8db535df9deb906d53bf434a0021b7f1dc565ff12a8281e1fcf07ef152da6051d01240847a2e37
EXPORTER_SECRET 6139798249f108d5feb6440520893b7d894cc73b7a4ae0f6f219e0dabb67c649 2d01f22877ff2b28f4681a5808a2c7ca4f29c54716d6a6bff1a076246f07ed1c91009e0afe5351f367f1be2fe76721c2
CLIENT_HANDSHAKE_TRAFFIC_SECRET ffdef691191977e6ee2bb470e547201b8f4ea1f42c0c29f73623e8e222deea02 93a4001070dd90b167d5e6b160c194efff5dc73a96531f226653a8250148f855
SERVER_HANDSHAKE_TRAFFIC_SECRET ffdef691191977e6ee2bb470e547201b8f4ea1f42c0c29f73623e8e222deea02 5c2ef04e839880022d0635ea95fc7202f548b16a7242f21637a7be796802f967
CLIENT_HANDSHAKE_TRAFFIC_SECRET 6ada3509802a6393bef867445890a717a307282da796c726164875200688598d 2bc2375d1a69e2fd68f987d5fe1b11154294acda99a8e6f432471458d38caed7
SERVER_HANDSHAKE_TRAFFIC_SECRET 6ada3509802a6393bef867445890a717a307282da796c726164875200688598d 6376f3964f3d04406630602645203e8192200e2aaad5fcc33ae33f79d714bb88
CLIENT_TRAFFIC_SECRET_0 ffdef691191977e6ee2bb470e547201b8f4ea1f42c0c29f73623e8e222deea02 9f69fd400013e94699872f3b987c8393a0afe73faf1bb0188537323e3115968d
SERVER_TRAFFIC_SECRET_0 ffdef691191977e6ee2bb470e547201b8f4ea1f42c0c29f73623e8e222deea02 dbfc0dbc5bfbab076b542db7a74274e530c21c6b54eb8bd9af11511bc43d813c
EXPORTER_SECRET ffdef691191977e6ee2bb470e547201b8f4ea1f42c0c29f73623e8e222deea02 09cd5f1384806f6ea9e71a5ddac62c3e533ddd892790d6b1c3b09b3c9c8c1db3
CLIENT_TRAFFIC_SECRET_0 6ada3509802a6393bef867445890a717a307282da796c726164875200688598d a016f37c3f0b671b07e60e0ac04da078003e1db1d87e33d06068324918bd49ff
SERVER_TRAFFIC_SECRET_0 6ada3509802a6393bef867445890a717a307282da796c726164875200688598d 3d476f6d4801f6680b4231aaed62f4db2a0996db3ad23aa0e9740280e393d83f
EXPORTER_SECRET 6ada3509802a6393bef867445890a717a307282da796c726164875200688598d 517cd0fa43e7066a32a0c8b0afc68d87319c099f39880a16b8ec0d31e876f9cd
CLIENT_HANDSHAKE_TRAFFIC_SECRET 2fedfd3913761c4c69d92bd3ad0ec832535c1e4bec5e599714e74f6cf41505b2 9847009130c3d62c839f24144eedc75f0670dad637aed20cac87a4c6c7cdfd24
SERVER_HANDSHAKE_TRAFFIC_SECRET 2fedfd3913761c4c69d92bd3ad0ec832535c1e4bec5e599714e74f6cf41505b2 6668875417b7be6855f35dd7ce8f959ffd47583dd565b7341759cf50a815fbce
CLIENT_TRAFFIC_SECRET_0 2fedfd3913761c4c69d92bd3ad0ec832535c1e4bec5e599714e74f6cf41505b2 e2d5c789a4fcc13ca835e6a503f54cdf056eef27d10582d423ef5c7a280d6e71
SERVER_TRAFFIC_SECRET_0 2fedfd3913761c4c69d92bd3ad0ec832535c1e4bec5e599714e74f6cf41505b2 2e045f687c937a5296ea59ebcc939a3e6ee7167e655f474d1d8acb14bcacb79c
EXPORTER_SECRET 2fedfd3913761c4c69d92bd3ad0ec832535c1e4bec5e599714e74f6cf41505b2 2b01003d9598b6ea5ce3936ddef3e8f199989dbec1e8a8258bf863815193e922
CLIENT_HANDSHAKE_TRAFFIC_SECRET e28af1989c79d2d0401d9a4714dd9c621490960af285340df0dcdddf73b0d036 1fbdb8a08aff6ef9d44e3446abe845a0d4a26da671f45cbb3c3c1f1383b90570
SERVER_HANDSHAKE_TRAFFIC_SECRET e28af1989c79d2d0401d9a4714dd9c621490960af285340df0dcdddf73b0d036 86e9c69dd82a0cb19f20f1cb75e607607d3940a411d720f46f4ecb6c16ea1f7b
CLIENT_TRAFFIC_SECRET_0 e28af1989c79d2d0401d9a4714dd9c621490960af285340df0dcdddf73b0d036 ae2e1b4a2db7d9743f6cc93c20b36d56aa5c3589cc5ad7636487522de55d0e68
SERVER_TRAFFIC_SECRET_0 e28af1989c79d2d0401d9a4714dd9c621490960af285340df0dcdddf73b0d036 b2c659601877dbbe722db505ee67ad5336c3e4ed2403daf7031d53ca4599845c
EXPORTER_SECRET e28af1989c79d2d0401d9a4714dd9c621490960af285340df0dcdddf73b0d036 c76f7f3a597c2d9a6c9b9760d04e00b4f94fd3658c23c15ed79edcd849132fe4
CLIENT_HANDSHAKE_TRAFFIC_SECRET 5a36b9f7a26bd41c3484bddbd2fc89f0466411cc275437590a79346627100e88 a722d925fc0466781682d7cfc75a960c9ae2086bafc8139574e696906ab10c43
SERVER_HANDSHAKE_TRAFFIC_SECRET 5a36b9f7a26bd41c3484bddbd2fc89f0466411cc275437590a79346627100e88 708493235d0724146b6f8e4e85c8c7a9deadfccf9914b746c3008ec3e9de32d4
CLIENT_HANDSHAKE_TRAFFIC_SECRET 8cb0447cc5d5845d50a8511e5692f363be670c10f12065efa73496f87ee77115 db1626203c7c5e7c8f71ee2eef0048f2d5364aed47f8dd1f0948afb8ef2881de
SERVER_HANDSHAKE_TRAFFIC_SECRET 8cb0447cc5d5845d50a8511e5692f363be670c10f12065efa73496f87ee77115 35b24c03ab12d45e99493683c6e495a0f5ac83a5824cced8558b0ebe8ecefbe2
CLIENT_TRAFFIC_SECRET_0 8cb0447cc5d5845d50a8511e5692f363be670c10f12065efa73496f87ee77115 821f161e1ac8909ae8d2abb5d564b81e882576baedd37b43b921c671cd154078
SERVER_TRAFFIC_SECRET_0 8cb0447cc5d5845d50a8511e5692f363be670c10f12065efa73496f87ee77115 d00c09e0836bb47744e6c7288bf37854594511f20b00fe71ec51012fdb5198df
EXPORTER_SECRET 8cb0447cc5d5845d50a8511e5692f363be670c10f12065efa73496f87ee77115 2f6e1b07b75d43c683f288fb4062840fba6e56a40d5ab3b31c9e1262e9cbebdc
CLIENT_HANDSHAKE_TRAFFIC_SECRET 1f79bcabdb54476fe457bbc5703d3f619fe4a6716e3d266bd404e3de205285ac d9f8909289b1b3ab724529ca919056d71208f05cd1cc828d2e63423ef95cf000
SERVER_HANDSHAKE_TRAFFIC_SECRET 1f79bcabdb54476fe457bbc5703d3f619fe4a6716e3d266bd404e3de205285ac d856cd916b252633e5727760b422949a94f99c2696958247a093727b40b2b0c4
CLIENT_TRAFFIC_SECRET_0 1f79bcabdb54476fe457bbc5703d3f619fe4a6716e3d266bd404e3de205285ac 40941a21cab7a26db92f60380f2689572201e5a39bbd23fbd4b8c97ac01179fe
SERVER_TRAFFIC_SECRET_0 1f79bcabdb54476fe457bbc5703d3f619fe4a6716e3d266bd404e3de205285ac b3bf32a7c09a0a5e0543eb1eba3a32ffc41f5dc43514ed2a3d227c053bbaebb4
EXPORTER_SECRET 1f79bcabdb54476fe457bbc5703d3f619fe4a6716e3d266bd404e3de205285ac ec352448fa2b572b92525cbb66c3ff467d16d166688b9664994e7a35c94cfc37
CLIENT_HANDSHAKE_TRAFFIC_SECRET f53f5dad0eb62c9f0b8b4f076f9b13edfa7ccabe908a1512fd9095aeecc39fbb a2245f4b66513444be1716d3a502e6dd0855466d9da424677617a54cbc6883ed
SERVER_HANDSHAKE_TRAFFIC_SECRET f53f5dad0eb62c9f0b8b4f076f9b13edfa7ccabe908a1512fd9095aeecc39fbb 5621a517483706233545013e1ec0b2c054a2bfe1af69a6bf5192535f3ea70e1e
CLIENT_TRAFFIC_SECRET_0 f53f5dad0eb62c9f0b8b4f076f9b13edfa7ccabe908a1512fd9095aeecc39fbb 5804f16ad07457ac9b326d1411dc3ae044d0cd611f569b12ea461b70bef6c047
SERVER_TRAFFIC_SECRET_0 f53f5dad0eb62c9f0b8b4f076f9b13edfa7ccabe908a1512fd9095aeecc39fbb 695bbe9cf8463810010f6dcb5f088479b8327791c2db0ed87fcac34bb782b0d8
EXPORTER_SECRET f53f5dad0eb62c9f0b8b4f076f9b13edfa7ccabe908a1512fd9095aeecc39fbb 320417ce73e7ec3ecb1ff6a5b2b7f3d479792fdd77d70d982a59a10a07eb611f
CLIENT_TRAFFIC_SECRET_0 5a36b9f7a26bd41c3484bddbd2fc89f0466411cc275437590a79346627100e88 e6181f2cf1c6589e11c9a5b96c4f6489766df6a8a40562807a083790f37fc998
SERVER_TRAFFIC_SECRET_0 5a36b9f7a26bd41c3484bddbd2fc89f0466411cc275437590a79346627100e88 1b31220a2cb84db21af254c4ea85b499c85dba08d15a28a9ff6e2b2d6c5fc6fb
EXPORTER_SECRET 5a36b9f7a26bd41c3484bddbd2fc89f0466411cc275437590a79346627100e88 45aaabde3984476e7c1f1c4a1c423535641fe4c42b82a7535c8061dc0df54805
CLIENT_HANDSHAKE_TRAFFIC_SECRET da4d283b9cb33ca521842c98e2129370ef80a54348b23987a7ce4998192cd648 88e8c14b4e2a12040b74e6eef30d5bc590b5268026c812938d1bc1338ca94191
SERVER_HANDSHAKE_TRAFFIC_SECRET da4d283b9cb33ca521842c98e2129370ef80a54348b23987a7ce4998192cd648 524550ea3e9168bf23b48f796978cb4e79a7d8a89d19fa4134ec9fe2cfab4a44
CLIENT_TRAFFIC_SECRET_0 da4d283b9cb33ca521842c98e2129370ef80a54348b23987a7ce4998192cd648 55df9b33415deab9e3d0c346fce08c72547095287b60cdda96f0d10202a87238
SERVER_TRAFFIC_SECRET_0 da4d283b9cb33ca521842c98e2129370ef80a54348b23987a7ce4998192cd648 06ea66de130355a79f9b8d71f8cc42d32d29719efa1bcf43f1551b46652213a1
EXPORTER_SECRET da4d283b9cb33ca521842c98e2129370ef80a54348b23987a7ce4998192cd648 2de0c0fdf340d2c2622bab08635b885e3ce98fb09fc8ad98bd2cb1b190d4357b
CLIENT_RANDOM 6211761875ae97d8bb7ebe3655cc654f592fcfe335ed653c9f893d2914675821 f1de5e639b2f9d166c7b5e056707915fe201d8e9c7add7ab5a18da74f3e5b018761641a0b1cb306bbbd45f20d3f5d69d
CLIENT_HANDSHAKE_TRAFFIC_SECRET 9990052005f26a6ee4e07267319c51603f0ffefe5d6d5282742598ef3810fa39 e7b4eefaf4c415ea9dd196d5a7418a841721d11e3320d0649b6468f2a07c0de2
SERVER_HANDSHAKE_TRAFFIC_SECRET 9990052005f26a6ee4e07267319c51603f0ffefe5d6d5282742598ef3810fa39 0776f50c13796f147ce1a99df972466a84ab532062dc75f7d25a14d6f73871ca
CLIENT_TRAFFIC_SECRET_0 9990052005f26a6ee4e07267319c51603f0ffefe5d6d5282742598ef3810fa39 1b0919f55a84c1fe6d7cf9b6257641a7e4717e0dc45d571981b6e471f26ebe2c
SERVER_TRAFFIC_SECRET_0 9990052005f26a6ee4e07267319c51603f0ffefe5d6d5282742598ef3810fa39 7ee8e1fab6028565dadc63d495d21f53b24eafb3fe0fb1f03e4e2f383b35fa04
EXPORTER_SECRET 9990052005f26a6ee4e07267319c51603f0ffefe5d6d5282742598ef3810fa39 10fb9371e465abb7a051ed893b11f884e6e33a174c3fd7057aea72a916e8deca
CLIENT_HANDSHAKE_TRAFFIC_SECRET 24757a64c5d11b8f41ea5510cd21861edc5f74f28f12a4830c8a994478507dc8 54767d0743313e1208df7f4ac963164df10bfd4d164dbc87b22142d07c51c2fd
SERVER_HANDSHAKE_TRAFFIC_SECRET 24757a64c5d11b8f41ea5510cd21861edc5f74f28f12a4830c8a994478507dc8 d58c5e086cd147a675a7f903c343c1f06332accf1158bfedc56f75a5365d768a
CLIENT_TRAFFIC_SECRET_0 24757a64c5d11b8f41ea5510cd21861edc5f74f28f12a4830c8a994478507dc8 1afe429dd127c2ee402c5ff39decbc9c51fd3c77651cd5b1ebdadec983fd63de
SERVER_TRAFFIC_SECRET_0 24757a64c5d11b8f41ea5510cd21861edc5f74f28f12a4830c8a994478507dc8 49d5536441d6bdc667d0b0075a1f6829bb7b06606aa03e1c1e0d22068fe6ea46
EXPORTER_SECRET 24757a64c5d11b8f41ea5510cd21861edc5f74f28f12a4830c8a994478507dc8 715154f728b8c94a0a29f016aee30d68a807bc5e685968324fd4ba2ca72e915a
CLIENT_HANDSHAKE_TRAFFIC_SECRET f6405f9695f086b7171d617553fe1759e3815baa86de2cfc8d9549dc17d80c8d a74f65f6c79e9fca11430f657ecc3a586550482c04f06529dc62a556ba030928
SERVER_HANDSHAKE_TRAFFIC_SECRET f6405f9695f086b7171d617553fe1759e3815baa86de2cfc8d9549dc17d80c8d 3a1ce7f3e6b2f70a75ffd31e3ee2bdc935e328f0f546c9f690cef223f1438eb8
CLIENT_TRAFFIC_SECRET_0 f6405f9695f086b7171d617553fe1759e3815baa86de2cfc8d9549dc17d80c8d fac13d5845ecc6cc90f8855489d41f850f4f46e929c17c9839b06bc54c57135c
SERVER_TRAFFIC_SECRET_0 f6405f9695f086b7171d617553fe1759e3815baa86de2cfc8d9549dc17d80c8d 333e67a9cc2b824eed6bc1d0e9133cfc2fe0a2c795bf76508569d0d60b84b414
EXPORTER_SECRET f6405f9695f086b7171d617553fe1759e3815baa86de2cfc8d9549dc17d80c8d cf81551217e27f9d1b740cebdcfe8bcf3ca21d7324d09db89224f53a30becf1d
CLIENT_RANDOM ff472c470193bff820c74da5b654d776c7c5c9f5e403cb5dc421b5f511295123 ddb3327a2b04947301743b84190939871dd84424df3625746f46ff95d55f72714001e528ecdb10006a274e3d78342fcd
CLIENT_RANDOM ed25bb623d4c214312284f4b8b87f4e23bc0e309cfcb6806e38449fcf727e937 5dbc4f49069a55cb04647de4e4b708f696f026c206d24e49dbd844d2158e7fe0702898160b001a03dd2cf0c264d24704
CLIENT_HANDSHAKE_TRAFFIC_SECRET c07063bf5785a116867ae0f6855f4791ed57b9d92ff11fd325dfbea7c0749413 5e503d46d15b044eac8ff924c716afa91c4992ac23719c81e10eac2a302685af
SERVER_HANDSHAKE_TRAFFIC_SECRET c07063bf5785a116867ae0f6855f4791ed57b9d92ff11fd325dfbea7c0749413 cb2d7bb5d91325cbb9548a6cb783b4e2548551e8cbeb428c2b79829ec71558fe
CLIENT_TRAFFIC_SECRET_0 c07063bf5785a116867ae0f6855f4791ed57b9d92ff11fd325dfbea7c0749413 6c123360dbb86e3dc55b924cdd867d69f424945595b60e032bf346801c23bdb0
SERVER_TRAFFIC_SECRET_0 c07063bf5785a116867ae0f6855f4791ed57b9d92ff11fd325dfbea7c0749413 3e277f78d187ca7a20e4393ec7cf423d9919212801184cf9f44a8bbd8254b83d
EXPORTER_SECRET c07063bf5785a116867ae0f6855f4791ed57b9d92ff11fd325dfbea7c0749413 2e7a505ea1c20062fba1f888d38a9616147913cdf35ae20e660c333501e38a3c
CLIENT_RANDOM 5b2354e715292126f8087c3c9695f0899fb62b426e697ae2e15bec50ff8f01b9 d43ecc50d64dd4e54248ef89dcf92c3d613773e0c8033ad7a22d30dda59fa1f7ffe2949aa39d6ae5c8d4cd7358140b6f
CLIENT_HANDSHAKE_TRAFFIC_SECRET 69b6bf4a5f3228325533c946b18be68af7247bc6d8fea64e07721f804f33b4a2 7c0ae0435e20b6850b5b20973713d0a953db561b16d7695569f1cbc878451690
SERVER_HANDSHAKE_TRAFFIC_SECRET 69b6bf4a5f3228325533c946b18be68af7247bc6d8fea64e07721f804f33b4a2 d2a5ab3174dcef1303da8d5c2e978f9dee03fa53b11343ec9ef7f26401f5c18a
CLIENT_TRAFFIC_SECRET_0 69b6bf4a5f3228325533c946b18be68af7247bc6d8fea64e07721f804f33b4a2 d7ed9b89a378e0ead35680105d8596bb1f613c02dc6fb656a80522de801ef08b
SERVER_TRAFFIC_SECRET_0 69b6bf4a5f3228325533c946b18be68af7247bc6d8fea64e07721f804f33b4a2 a041fcb4f338baf167a7f07c9edb20772959e70626eb555d4bd197b3f8299b6f
EXPORTER_SECRET 69b6bf4a5f3228325533c946b18be68af7247bc6d8fea64e07721f804f33b4a2 56f8c5d5aba24bbbb6b5aafbc0d6444b030ef9b6ca059ab13f5338ceb41b97e2
CLIENT_HANDSHAKE_TRAFFIC_SECRET f86485b98314edb36db8e4dcf67caf114b7be0ba1ea6531259a91bba3cc53a4c ba9bc6d2d95b8b7919d11fb317fd4f191e1e1bf9874a5729120dac7e0cf7a288
SERVER_HANDSHAKE_TRAFFIC_SECRET f86485b98314edb36db8e4dcf67caf114b7be0ba1ea6531259a91bba3cc53a4c c5c76648fcfeb7f66bcd0baf16179b50672d117e75b57aaba1c43602b0df343c
CLIENT_TRAFFIC_SECRET_0 f86485b98314edb36db8e4dcf67caf114b7be0ba1ea6531259a91bba3cc53a4c c743945237929fadcf474ef4b0f18ca89e3132cc650566f8ea05d6df950ea3fc
SERVER_TRAFFIC_SECRET_0 f86485b98314edb36db8e4dcf67caf114b7be0ba1ea6531259a91bba3cc53a4c 04773c0b5c1a5bf54a9435775ea80509c5bd27fd9f95668baabac2a28b9b07cf
EXPORTER_SECRET f86485b98314edb36db8e4dcf67caf114b7be0ba1ea6531259a91bba3cc53a4c 807878c3e2b8ca16272cea540fe144a0889f563cc0c2e006243d946823016d82
CLIENT_HANDSHAKE_TRAFFIC_SECRET 44e0ea327047bcb6355c495263e1ef336e3d49588e8c4d5a893ddb7ff871d6c0 7a7c95c992bef7518547c842e41cd184ae25348873331fc1972ce1d81c442a41
SERVER_HANDSHAKE_TRAFFIC_SECRET 44e0ea327047bcb6355c495263e1ef336e3d49588e8c4d5a893ddb7ff871d6c0 8b7bdcd6ceaa78b6136dca2489171f35e1c2ba064178fad3c54a12af8dd30921
CLIENT_TRAFFIC_SECRET_0 44e0ea327047bcb6355c495263e1ef336e3d49588e8c4d5a893ddb7ff871d6c0 7c831f634e09d4da7108a968656bdcbaf70822b7aedce32d003f7a0f5fc4da4f
SERVER_TRAFFIC_SECRET_0 44e0ea327047bcb6355c495263e1ef336e3d49588e8c4d5a893ddb7ff871d6c0 ae8f2eabc7a93c091f0a637f171d833d1925d4b6cfe4bab7b4ef634a93b082e8
EXPORTER_SECRET 44e0ea327047bcb6355c495263e1ef336e3d49588e8c4d5a893ddb7ff871d6c0 d101b921ca5a0738c7fe0c3e3adeb4263033f4bf3fce6b53ffadd9ac26649cfc
CLIENT_HANDSHAKE_TRAFFIC_SECRET 4fcb1fee86dd92d763d20d8d82bd269b5f7ff5738bf1ac71aa41320de622d8e8 3826ea54264900333827476a45d1f752da55c87d24726d4138bca7d5d1e022e1
SERVER_HANDSHAKE_TRAFFIC_SECRET 4fcb1fee86dd92d763d20d8d82bd269b5f7ff5738bf1ac71aa41320de622d8e8 d8a9dad2467501b9c75c1dc8a96f66a0a4bead32be494f714529bbab7b4aa452
CLIENT_TRAFFIC_SECRET_0 4fcb1fee86dd92d763d20d8d82bd269b5f7ff5738bf1ac71aa41320de622d8e8 338473390af217b0a7d9d1ee9e91d668f8b1d6e730a2ff253ab92cde2c234e4d
SERVER_TRAFFIC_SECRET_0 4fcb1fee86dd92d763d20d8d82bd269b5f7ff5738bf1ac71aa41320de622d8e8 2fa1ea5b7ae3c146491b998ad67e956238956b979304e4e5a2e887ac8594a605
EXPORTER_SECRET 4fcb1fee86dd92d763d20d8d82bd269b5f7ff5738bf1ac71aa41320de622d8e8 a5f6f552ef355ab1a90781fb8b9825ad69dfa53397b27257f2fb711b9865758a
CLIENT_HANDSHAKE_TRAFFIC_SECRET 3fd5191934419d9c2a4984964b9d88fda2aa38856b309c1d2cf0fbcae8dfc0e9 9d23a9e0f5fe02d11ee0800ae94ef72ff564453f15cc6135b1b916ca723ecc37
SERVER_HANDSHAKE_TRAFFIC_SECRET 3fd5191934419d9c2a4984964b9d88fda2aa38856b309c1d2cf0fbcae8dfc0e9 bccb7a6138960fecf849dfeca7f307bb01a7f55e5a14cd5abe1414343aa6cbfa
CLIENT_TRAFFIC_SECRET_0 3fd5191934419d9c2a4984964b9d88fda2aa38856b309c1d2cf0fbcae8dfc0e9 a34e695f339e74321e67f60b27d35402fc127167d3ecf9002c068babba5b4810
SERVER_TRAFFIC_SECRET_0 3fd5191934419d9c2a4984964b9d88fda2aa38856b309c1d2cf0fbcae8dfc0e9 f187be5c33f8c832dfd2a846386ff6b3d40472a6bb97d8ee6166fe4a57991591
EXPORTER_SECRET 3fd5191934419d9c2a4984964b9d88fda2aa38856b309c1d2cf0fbcae8dfc0e9 e24fbea2ebeec0659044ab6867a4d390f7c3eb657ca0c40ffbf45a3806366e19
CLIENT_RANDOM f123a931b0787ba62e9ab0b18ef69764a44c2fcdcdecf2657ef91ca9f6ebd92e 273053b5753ba1201c9cbc7aab5f26f9f2cea2fccd57a626339ae2c6bea06e6998fe16ecb277c5d2d49d62dfd50f1b2c
CLIENT_HANDSHAKE_TRAFFIC_SECRET 7cf82fff42bd9a9482ca44e741c2b2a3d54663ee7f9f35e5f39782f1f4c3c5a9 0e974510e2fffc52936afee07e379db0625fbc3d69bcf67a14234a4bd0d30ffb
SERVER_HANDSHAKE_TRAFFIC_SECRET 7cf82fff42bd9a9482ca44e741c2b2a3d54663ee7f9f35e5f39782f1f4c3c5a9 516ac2e2c7c058c657b4ba54fa865d5361460df40a943a641b6132016f44cedb
CLIENT_HANDSHAKE_TRAFFIC_SECRET d53e3cf9705d0eda01771352f8919c1ab8c817c6d2449d3fc8ff9cc626273153 493ea51fdec9d5e2daf2b6327b07b1ebfb2af6162a7cf861972aacdec8a2caae
SERVER_HANDSHAKE_TRAFFIC_SECRET d53e3cf9705d0eda01771352f8919c1ab8c817c6d2449d3fc8ff9cc626273153 1e246fd507cf70994ec8c0e627c338d11a8bd9de5e4a889082a3b521a9067a63
CLIENT_TRAFFIC_SECRET_0 7cf82fff42bd9a9482ca44e741c2b2a3d54663ee7f9f35e5f39782f1f4c3c5a9 6dac999aaf46467a061138270a7a4dbb150e9d572643a2e6bfd3a1131d7f60a9
SERVER_TRAFFIC_SECRET_0 7cf82fff42bd9a9482ca44e741c2b2a3d54663ee7f9f35e5f39782f1f4c3c5a9 b4866229bc7e388ff0913928854ea91fa8f017bdeaeaa76e1e80127a79c7d2c3
EXPORTER_SECRET 7cf82fff42bd9a9482ca44e741c2b2a3d54663ee7f9f35e5f39782f1f4c3c5a9 91f58a2cdd8c21bf00ac5707afbe94bd007021d15d434afb57d5c912bbd4039e
CLIENT_TRAFFIC_SECRET_0 d53e3cf9705d0eda01771352f8919c1ab8c817c6d2449d3fc8ff9cc626273153 d41f9dcb95dd61f37edd408e90dce55e584d7b3c537e73469f5c37fa4d7e64e4
SERVER_TRAFFIC_SECRET_0 d53e3cf9705d0eda01771352f8919c1ab8c817c6d2449d3fc8ff9cc626273153 0707835a4448411d163b32611bbb9a49a72b43ae215ebcb9992fb08c9778ddd7
EXPORTER_SECRET d53e3cf9705d0eda01771352f8919c1ab8c817c6d2449d3fc8ff9cc626273153 75dc8799e5d9e1499c59f7e62a1391f1897ace7ddf28bdc043931fce031630f2
CLIENT_HANDSHAKE_TRAFFIC_SECRET d3e924c928da3615fdd3332c1b605b072b63c131d5e455a314a698dfdf37f6a8 2f66a726c6000961ac830cd90ad168cb6246e2d69731468ec9448e213427539e
SERVER_HANDSHAKE_TRAFFIC_SECRET d3e924c928da3615fdd3332c1b605b072b63c131d5e455a314a698dfdf37f6a8 4bc3cfa1cf229df4f75db7f561012cb56586ad9e95190e69cff479f03710c4f2
CLIENT_TRAFFIC_SECRET_0 d3e924c928da3615fdd3332c1b605b072b63c131d5e455a314a698dfdf37f6a8 6eeb7265234d19988c09cb531d3c80a12919cebd146b113a90caf5b98c264fc5
SERVER_TRAFFIC_SECRET_0 d3e924c928da3615fdd3332c1b605b072b63c131d5e455a314a698dfdf37f6a8 2b2728bc102223a8f619c6a802f6f7e317e22c4469416f81d1f5bee42e5cc295
EXPORTER_SECRET d3e924c928da3615fdd3332c1b605b072b63c131d5e455a314a698dfdf37f6a8 8367cc5b40b2061b516feaf9aaadf491ff77d2aa3636dca6d687c5e396bc9b56
CLIENT_HANDSHAKE_TRAFFIC_SECRET 420f4a1d2db0f9c599faa89a11ce50488d83c31fba473c7ded26ea2e6e852e9a ae618dfc18f9797def681d897514c5990f752fbfdc9257a6a50d445b54115da1
SERVER_HANDSHAKE_TRAFFIC_SECRET 420f4a1d2db0f9c599faa89a11ce50488d83c31fba473c7ded26ea2e6e852e9a 82a018fef71e86c9eaa2082787bb73f7e21482ed417acdfb560e8d7c53e2c51e
CLIENT_TRAFFIC_SECRET_0 420f4a1d2db0f9c599faa89a11ce50488d83c31fba473c7ded26ea2e6e852e9a 412f49cae190eeb3e7cd482bb96d275cc1251e6b37b0fad31f151c2f575c26e6
SERVER_TRAFFIC_SECRET_0 420f4a1d2db0f9c599faa89a11ce50488d83c31fba473c7ded26ea2e6e852e9a 0ba232ddd554a874f1ed15db55f6e51de1923d2f2b61a148beb6ea12e4c4d892
EXPORTER_SECRET 420f4a1d2db0f9c599faa89a11ce50488d83c31fba473c7ded26ea2e6e852e9a db6a3a4800182069c8f23a620f1143e1ea2663f26001f6b06633d1a02f3e0d69
CLIENT_HANDSHAKE_TRAFFIC_SECRET 89da00d890bff5cd0024ed02ec97be03ca5425f7dbbe14e900ff6b4b72c0d2bf 85319f079e8a2d6c91f72e1514df18d0f991b2cf4ed1ab013b0f057b8a75b212
SERVER_HANDSHAKE_TRAFFIC_SECRET 89da00d890bff5cd0024ed02ec97be03ca5425f7dbbe14e900ff6b4b72c0d2bf 12ccbe3a629fb4201358e2e4a0d51a23c097657e51fbbe1842277ebc2dec9da0
CLIENT_TRAFFIC_SECRET_0 89da00d890bff5cd0024ed02ec97be03ca5425f7dbbe14e900ff6b4b72c0d2bf 467543422138dc23f01e9fb11dfac05d02baacf2a5fb293e2f08da7c6f74118a
SERVER_TRAFFIC_SECRET_0 89da00d890bff5cd0024ed02ec97be03ca5425f7dbbe14e900ff6b4b72c0d2bf cad2c5fef0ef99847ebe417a2dbd9ca2f081de43d2af6f82d356698b6939eb44
EXPORTER_SECRET 89da00d890bff5cd0024ed02ec97be03ca5425f7dbbe14e900ff6b4b72c0d2bf e54377f1a99847bffa5106e8e5a06887087d824851715b41de6e3cace206b678
CLIENT_HANDSHAKE_TRAFFIC_SECRET ccf675951a11ed6bdfefdac699cad983bb58541bba586b3dfa2e925a30e5a7a5 c21d404c99f41e3c2a84e2e543d8d12476d9f2ded4d7fdf13487275079047383
SERVER_HANDSHAKE_TRAFFIC_SECRET ccf675951a11ed6bdfefdac699cad983bb58541bba586b3dfa2e925a30e5a7a5 f21e5768e2ac169fe92898ce4836784d2298752cb553a6ac1633e3cb6405c3ec
CLIENT_TRAFFIC_SECRET_0 ccf675951a11ed6bdfefdac699cad983bb58541bba586b3dfa2e925a30e5a7a5 2afbcec867a9c044546d49b1591ab085e0bc48a708135915a9b3a5d8e029ea4a
SERVER_TRAFFIC_SECRET_0 ccf675951a11ed6bdfefdac699cad983bb58541bba586b3dfa2e925a30e5a7a5 c83b09bee2ea891113308398ae706336823f5ea7a02c3ec8adb510f49c988aa7
EXPORTER_SECRET ccf675951a11ed6bdfefdac699cad983bb58541bba586b3dfa2e925a30e5a7a5 a3a0f6519c4e8bac07a20454a22f94a9011f3ce81a3e9b766e0a652d06d322f8
CLIENT_HANDSHAKE_TRAFFIC_SECRET 354a19bd2b8336c3bcc0969de73b2dace0058b230229bcbbb308659630808cce c4f27ff68ff148d86d2ff59d6dd1d308bd97463ffe877e9f384da44740ed79ed
SERVER_HANDSHAKE_TRAFFIC_SECRET 354a19bd2b8336c3bcc0969de73b2dace0058b230229bcbbb308659630808cce e8a569f5e4ea380950ed6aba5d48747d06fbef1feca6f67bb40bb6521635835e
CLIENT_TRAFFIC_SECRET_0 354a19bd2b8336c3bcc0969de73b2dace0058b230229bcbbb308659630808cce 656fc56048bfbdc1b8dd259857f1eeffc8033b1a933cb9a9d17eeb2b22a39b47
SERVER_TRAFFIC_SECRET_0 354a19bd2b8336c3bcc0969de73b2dace0058b230229bcbbb308659630808cce 5cda8c30b7c7f20dd15634aec8f5c69769d4f4300599145cd33eb15454f4ac55
EXPORTER_SECRET 354a19bd2b8336c3bcc0969de73b2dace0058b230229bcbbb308659630808cce 5d1e6df08d40318847dcad9c86dfebea12cc4ec6692831ff11de98ccf349528a
CLIENT_HANDSHAKE_TRAFFIC_SECRET 1b3a97fb37043cc46f58b462205794dc55812695c9b1f0667d270ae593b6424d 754ecbf2e5a257def846b5ff637bb35e30add4aac7d56eeb63401684ab29cb1f
SERVER_HANDSHAKE_TRAFFIC_SECRET 1b3a97fb37043cc46f58b462205794dc55812695c9b1f0667d270ae593b6424d f9aba47a7fe611570006d34ce2c2d68612bcee7642a3e66e677f5eac2c140efc
CLIENT_TRAFFIC_SECRET_0 1b3a97fb37043cc46f58b462205794dc55812695c9b1f0667d270ae593b6424d 456a6dfcab3c921373ccece05eeb58036ffd55f75ab9b92cb7236299a99e4ca6
SERVER_TRAFFIC_SECRET_0 1b3a97fb37043cc46f58b462205794dc55812695c9b1f0667d270ae593b6424d 7af7781742833d0548c87487d9121884860148dacd2c062a13cb3cb6b3607947
EXPORTER_SECRET 1b3a97fb37043cc46f58b462205794dc55812695c9b1f0667d270ae593b6424d 2bc055b6e67de58680ed5239ce1e5c9c7936a15fa229538f5e5d639a290253b0
CLIENT_HANDSHAKE_TRAFFIC_SECRET e282c26e7afb4f59f8d83b0b8625bb8af4513f9a58022a6694b74368cb540518 8e7727de26599fa694c922259e153d08b64e2f0e14f359e72eca77e44593c714
SERVER_HANDSHAKE_TRAFFIC_SECRET e282c26e7afb4f59f8d83b0b8625bb8af4513f9a58022a6694b74368cb540518 c112de0a168e5ce5363eedc357a18f76306d7e61a5ce05cfc80a228e5fc23794
CLIENT_TRAFFIC_SECRET_0 e282c26e7afb4f59f8d83b0b8625bb8af4513f9a58022a6694b74368cb540518 7eb476a395ee86ca1209f31b2b9a63891cb5aec6c38ad03c95d387a1f635f3ec
SERVER_TRAFFIC_SECRET_0 e282c26e7afb4f59f8d83b0b8625bb8af4513f9a58022a6694b74368cb540518 d26f7d95ac3730d2afca1695d732deaa197fe97a79d1954b4e753ac4df937fb4
EXPORTER_SECRET e282c26e7afb4f59f8d83b0b8625bb8af4513f9a58022a6694b74368cb540518 f4bed19f68d878391324dc6fe126c9d2178a4b9a9ecc1c8df682a5496b100983
CLIENT_HANDSHAKE_TRAFFIC_SECRET 2f99b65613f29ea12723a00088f528913900839d0ec270f83864f4a00d23c785 7fbd730fd80645ee425aa084395ec4f17a72639c6b6754a7a15dfadb8a37d780
SERVER_HANDSHAKE_TRAFFIC_SECRET 2f99b65613f29ea12723a00088f528913900839d0ec270f83864f4a00d23c785 01ed9dc809329802fcc70616ef68c443f485b18a256265ce5635dc2b8cdd749e
CLIENT_TRAFFIC_SECRET_0 2f99b65613f29ea12723a00088f528913900839d0ec270f83864f4a00d23c785 da50ea22f6e087b21ae6705f2c465a4cac1d079001e684befc4d934f16aea1aa
SERVER_TRAFFIC_SECRET_0 2f99b65613f29ea12723a00088f528913900839d0ec270f83864f4a00d23c785 d3365d70635cc9ddce920ec675864ca31acfc41582cfcc43cde1e29af242f22d
EXPORTER_SECRET 2f99b65613f29ea12723a00088f528913900839d0ec270f83864f4a00d23c785 623669f479a99e6256a003d36cf80ee528a17f212c2e4a13a8ee0b148c982e38
CLIENT_RANDOM 4c590e010c75abcbeea60715cfda889aa5de05ff13dc55ed63b946759bf353d3 81cf54b36f74fe9e6fb43d762cf8a0f548d697ddffd4476784d84c8605362a20e334a3eb28e8722d1e973a6ab2af6afc
CLIENT_HANDSHAKE_TRAFFIC_SECRET 957693422ac58159766d4865b6e52997c77a69f6eadf423488c0002fa2c1a851 fb85ac80ab6e572ac046fce759439968dbdc39bc2d0baf847bca03cce9b14189
SERVER_HANDSHAKE_TRAFFIC_SECRET 957693422ac58159766d4865b6e52997c77a69f6eadf423488c0002fa2c1a851 e8246b12288be554afce4dbb3f081e563e5a9349d2d9209cb0b303be5f0d8afb
CLIENT_TRAFFIC_SECRET_0 957693422ac58159766d4865b6e52997c77a69f6eadf423488c0002fa2c1a851 1282d6471cd7225961006a76bf3347187f4bc65a9c9bb9df9ef4a244f7e40b0a
SERVER_TRAFFIC_SECRET_0 957693422ac58159766d4865b6e52997c77a69f6eadf423488c0002fa2c1a851 8d2f5bcc0048a1b98259f753572f6475efa5d518e9e130046dc736b6b99b9314
EXPORTER_SECRET 957693422ac58159766d4865b6e52997c77a69f6eadf423488c0002fa2c1a851 08765268fd02a42fbe530c8f92b31be7af841a8d616c7506f64aa7d170d0fd55
CLIENT_HANDSHAKE_TRAFFIC_SECRET 20635fcfafefb5ff7093d22dc987df9264d5813df10d323f5e3abfa1a58a21b2 c27b782cf9f890dd2fdbdd63a9c7669d172a2e52fe8ec1450f8755aae6621e06
SERVER_HANDSHAKE_TRAFFIC_SECRET 20635fcfafefb5ff7093d22dc987df9264d5813df10d323f5e3abfa1a58a21b2 a17b0e0deedbffbccc45cd2f56003a6e5b1949e8345b6e3a26dd5df462d07d5f
CLIENT_TRAFFIC_SECRET_0 20635fcfafefb5ff7093d22dc987df9264d5813df10d323f5e3abfa1a58a21b2 8155256dcb66113473b1d0026446b8194af62774f2410efc1487d0af7900ce77
SERVER_TRAFFIC_SECRET_0 20635fcfafefb5ff7093d22dc987df9264d5813df10d323f5e3abfa1a58a21b2 d90885c5badfe61ab9607853041ee845ed2338e9a4108d210c71d879242fda86
EXPORTER_SECRET 20635fcfafefb5ff7093d22dc987df9264d5813df10d323f5e3abfa1a58a21b2 66060c5f1a78adf40aaf49d087cd198b8f2e76f1969060d1c5afda04c290a052
CLIENT_HANDSHAKE_TRAFFIC_SECRET 73a3e790bf32ec9a8da8ee2a57c2214a7bcb4a902a7dfb4db90b8d4a93684e92 191709af06ebd699d457f0af469037ab1f5c051bd8143f3133b30f7e87717d93
SERVER_HANDSHAKE_TRAFFIC_SECRET 73a3e790bf32ec9a8da8ee2a57c2214a7bcb4a902a7dfb4db90b8d4a93684e92 b534e90a74767e13487e2937c5e24a9781875ae4c10364d9baad0c1d3c11cae9
CLIENT_TRAFFIC_SECRET_0 73a3e790bf32ec9a8da8ee2a57c2214a7bcb4a902a7dfb4db90b8d4a93684e92 fa3476407cb1903c8abe483f6ee224634c3d1226bbc714a2e1ca50fc269ffd8d
SERVER_TRAFFIC_SECRET_0 73a3e790bf32ec9a8da8ee2a57c2214a7bcb4a902a7dfb4db90b8d4a93684e92 4054c2c3d115e75d64410337c1a74d80fc7bdd0fe2f0afa929404a86a8e13143
EXPORTER_SECRET 73a3e790bf32ec9a8da8ee2a57c2214a7bcb4a902a7dfb4db90b8d4a93684e92 bc17ff71d235bb3d7e0a4d57aefa8230af94b6e587505d4f785bb34bd40c2c75
CLIENT_HANDSHAKE_TRAFFIC_SECRET c82e1f5b0bad4e0c413997076956a400e342e56b1a1ff8776b579bc99fd1ff7a cc061918e50a184874d7aaa2c703012e5888409a4f263e73cb187eff29fb9c80
SERVER_HANDSHAKE_TRAFFIC_SECRET c82e1f5b0bad4e0c413997076956a400e342e56b1a1ff8776b579bc99fd1ff7a 8c3c106c8cf56e3bb90fee58a672835b31af9d297d24318914e0876cc48d6d6c
CLIENT_TRAFFIC_SECRET_0 c82e1f5b0bad4e0c413997076956a400e342e56b1a1ff8776b579bc99fd1ff7a 4bd280ea249c99e14034b5db2df726a350ac1dc1367eb2ee905ce8641ddc3075
SERVER_TRAFFIC_SECRET_0 c82e1f5b0bad4e0c413997076956a400e342e56b1a1ff8776b579bc99fd1ff7a 91f1aa7ec05800e086767c1f6eeded88913fc260b23c97820d6652a325b148a0
EXPORTER_SECRET c82e1f5b0bad4e0c413997076956a400e342e56b1a1ff8776b579bc99fd1ff7a 7769525eb976514ca132b2f97cd60078a2bb7e21a787a53a169fefedb88f6714
CLIENT_RANDOM 1c499edde44f5b5ef3918aa534aeb1fe6c3096c16af3d69047e07d6a38a25b9d 5dcf52abc4f859a8623ebdcf73e245c209cdc65de11a923b3bc4e50b60920532189ac9703c275d9c4d09cb31f61e45ca
CLIENT_HANDSHAKE_TRAFFIC_SECRET 76377ee1ce614e5151178fb27e1d930606b94d4e869c556c253d56b6c95b95b8 6b72b4574b192d331577ed981cc6402126128fd83e5168480afef1fa077e3417
SERVER_HANDSHAKE_TRAFFIC_SECRET 76377ee1ce614e5151178fb27e1d930606b94d4e869c556c253d56b6c95b95b8 0204e99ed15e06b8d372618dd4fe8da40c62a00dae21c4aea6a171f76d07745a
CLIENT_TRAFFIC_SECRET_0 76377ee1ce614e5151178fb27e1d930606b94d4e869c556c253d56b6c95b95b8 00bd9b71f258888523b031cc650c6ae2694daa6cb56f99e6ad3fb6000dad958d
SERVER_TRAFFIC_SECRET_0 76377ee1ce614e5151178fb27e1d930606b94d4e869c556c253d56b6c95b95b8 c9ae39064e35add9e3099faa48ecf9cb7a86361b1b2ff2897a27a320d1e8e59c
EXPORTER_SECRET 76377ee1ce614e5151178fb27e1d930606b94d4e869c556c253d56b6c95b95b8 300ad1313482a287aba49cbe2df9a5d60e0b0f086e239e05394f389eb3178182
CLIENT_HANDSHAKE_TRAFFIC_SECRET 7f0734d31d6fc2eef52f02bf744cc14e466fc0f1dddd0bbd26a096dc62370999 626c6d59004f9c875b30e73fa132b875b83e6a69eb0e3888297469b575571c18
SERVER_HANDSHAKE_TRAFFIC_SECRET 7f0734d31d6fc2eef52f02bf744cc14e466fc0f1dddd0bbd26a096dc62370999 5835708bc62f078ac258a62d81bea4fa719022a2d0eda2791116e3592e8cc710
CLIENT_TRAFFIC_SECRET_0 7f0734d31d6fc2eef52f02bf744cc14e466fc0f1dddd0bbd26a096dc62370999 e0e9521b315fb8de9991504b72b7b989413bacfbe25c3f1fe3074aa543b8078a
SERVER_TRAFFIC_SECRET_0 7f0734d31d6fc2eef52f02bf744cc14e466fc0f1dddd0bbd26a096dc62370999 99a709f67d9b2b0f338d6126c8f7810a7d79e71729ae200da0d41c781e649759
EXPORTER_SECRET 7f0734d31d6fc2eef52f02bf744cc14e466fc0f1dddd0bbd26a096dc62370999 2e472e68d82a9bb137fc8acdcf42d73eea8a3183e24d9b57dd405837800bbbec
CLIENT_HANDSHAKE_TRAFFIC_SECRET cd0a1b03b31ff433e39ad6017022cedf24e6c7fb419f9f8facbc90971c9712f2 6540343fc8a205c5c866ec51aa66d62f58dde856ddb6ef72fd11a30ed38d7973
SERVER_HANDSHAKE_TRAFFIC_SECRET cd0a1b03b31ff433e39ad6017022cedf24e6c7fb419f9f8facbc90971c9712f2 bc4081250b2481a8c4f4f698f5a3d4b0038db842eac431f879a6d0a6f3c391d6
CLIENT_TRAFFIC_SECRET_0 cd0a1b03b31ff433e39ad6017022cedf24e6c7fb419f9f8facbc90971c9712f2 d80051e23f7a48017398823aa463f07ccc3012dbb8e5569c0e7f5a1d2aeea978
SERVER_TRAFFIC_SECRET_0 cd0a1b03b31ff433e39ad6017022cedf24e6c7fb419f9f8facbc90971c9712f2 ec2a9017db07d84d50f56cc1cbb299e9290c8301c53facd857fa6043698dac6e
EXPORTER_SECRET cd0a1b03b31ff433e39ad6017022cedf24e6c7fb419f9f8facbc90971c9712f2 f4c6cf72da7b2beb3361d93be90045d019c5a8a7f2e60d46f0883c52f4a1277e
CLIENT_RANDOM c4803a6268cc83cd5747c9b520f4ebce16575c857b163f028d95019abfeb620f af436e9963098ad546c0cc0e771400356d36f203929daaa0274be3f90a50db4247efd581d8186e17863e87d2f5df0e52
