CLIENT_HANDSHAKE_TRAFFIC_SECRET 775f9ec6db48acd78c1f37879b1f023eb6dc1367dd7edce38a10e49fd63bd368 6d8f6b836824c6f349d59ac8f79dd05a319e6511ec76a2c6037dd92682c495d0a1266a0d358e096fb7b706c11744ad03
SERVER_HANDSHAKE_TRAFFIC_SECRET 775f9ec6db48acd78c1f37879b1f023eb6dc1367dd7edce38a10e49fd63bd368 2573ef2089703499da70e50ebe764a9b20b58fa82979b0d6198ce3a126e51910b53d88805113a5de90ee9fdb6427df47
CLIENT_TRAFFIC_SECRET_0 775f9ec6db48acd78c1f37879b1f023eb6dc1367dd7edce38a10e49fd63bd368 74a05b499833b92cb7b3e69dee293ac198dd590b8842d991a10c383465c87f671174d7899a81f1329639de20418ed6d1
SERVER_TRAFFIC_SECRET_0 775f9ec6db48acd78c1f37879b1f023eb6dc1367dd7edce38a10e49fd63bd368 836da5fdb4078f33f9a8e22389b58e49bb9cd30d6022c87219eff935ef194368b7fb301ea95ec3414cfbc79f925555ab
EXPORTER_SECRET 775f9ec6db48acd78c1f37879b1f023eb6dc1367dd7edce38a10e49fd63bd368 5a81ee52468be534044eec2c2d44271f6872e746539f1ecaaf21ef2714dfcd0e35e1d8d37f413973565a617d193bdac0
CLIENT_HANDSHAKE_TRAFFIC_SECRET 6d85ace94c6cbe949361c67a74e7652fd6a6f1ee348ff4a571e1f010b225fc74 217013e8598d058a2e994e901c96d6e049e06d6d7cac04ac848a7e2cd04a1a17
SERVER_HANDSHAKE_TRAFFIC_SECRET 6d85ace94c6cbe949361c67a74e7652fd6a6f1ee348ff4a571e1f010b225fc74 0b42d92ae5c0bdff626aeb97e080f52f6d05c9ea5c266c7723403135360b5a0d
CLIENT_TRAFFIC_SECRET_0 6d85ace94c6cbe949361c67a74e7652fd6a6f1ee348ff4a571e1f010b225fc74 e2a58867f35bcd9039580a618e3ff30f0fc8ce7f3e240ee3b36cc32f46db0802
SERVER_TRAFFIC_SECRET_0 6d85ace94c6cbe949361c67a74e7652fd6a6f1ee348ff4a571e1f010b225fc74 9ce8ae988ad1c537f5a46440fdec002c5bf3ff0d3e6781e449abfd03fc7bb9dd
EXPORTER_SECRET 6d85ace94c6cbe949361c67a74e7652fd6a6f1ee348ff4a571e1f010b225fc74 3fcebdca22b4cc4dda9f19085e5151165b5ab2e17980a9ad6f714c7adcd7895e
CLIENT_HANDSHAKE_TRAFFIC_SECRET f8174551380c6e79358658acfa142e7d7ae7d511a2ab8e2b194e302c4508d022 90f3f3242890c56c45834ed818071fa168d5db1954cb5918ca84b7229144215c
SERVER_HANDSHAKE_TRAFFIC_SECRET f8174551380c6e79358658acfa142e7d7ae7d511a2ab8e2b194e302c4508d022 b32065ccaa3420e271844b388cffe20c8248a6d2133fd5b8248e47cc9f218479
CLIENT_TRAFFIC_SECRET_0 f8174551380c6e79358658acfa142e7d7ae7d511a2ab8e2b194e302c4508d022 23db60c015344526d02047e20b3686964cf5e9a611708c1cbd7f9a6a0a8a10ae
SERVER_TRAFFIC_SECRET_0 f8174551380c6e79358658acfa142e7d7ae7d511a2ab8e2b194e302c4508d022 c683f0773de9545e69583c2419a17191469a22ad91c55d2916be53b15fa0d4f6
EXPORTER_SECRET f8174551380c6e79358658acfa142e7d7ae7d511a2ab8e2b194e302c4508d022 1942f51f2f6990a3e9444e23fe4953c7bfdfc249b37820b7266fe8610bfea439
CLIENT_HANDSHAKE_TRAFFIC_SECRET d3a72065d2545deb02fb2db0ef4a9e87bac31f39ba33ac50f25bf31d5be8937f 4d4d25409bd337ba6c44fb44f81de2aa22582a70eab86ec51c5012a79e7df982
SERVER_HANDSHAKE_TRAFFIC_SECRET d3a72065d2545deb02fb2db0ef4a9e87bac31f39ba33ac50f25bf31d5be8937f 1dc473fc70237a2a8418c7a9f8d72470b46534b5a0c9e9f9f4ba2c39031f18ae
CLIENT_TRAFFIC_SECRET_0 d3a72065d2545deb02fb2db0ef4a9e87bac31f39ba33ac50f25bf31d5be8937f b3a000ddc86417f3ecaf596a7b6667ade56312f6ce6d6d02de0aee4203884e17
SERVER_TRAFFIC_SECRET_0 d3a72065d2545deb02fb2db0ef4a9e87bac31f39ba33ac50f25bf31d5be8937f d50674dac72d28c88eb5722944ed65d4e0336ffd6c54dfe8d5a42fb364292405
EXPORTER_SECRET d3a72065d2545deb02fb2db0ef4a9e87bac31f39ba33ac50f25bf31d5be8937f bea6a6ddadcf8cef7c52e05ff57a5aa6cd553d56d1de6d1c003f0e43bb45c937
CLIENT_HANDSHAKE_TRAFFIC_SECRET d0c3f0e28b12a5579d0d078ac1d2d49023ad803908f648a610e0e1b94f4713d5 4a2c6069a9d19549cab9fc1eb9521acf38be480f8541746d529e6866e40e2081
SERVER_HANDSHAKE_TRAFFIC_SECRET d0c3f0e28b12a5579d0d078ac1d2d49023ad803908f648a610e0e1b94f4713d5 a05520626235dc0a4845c06d9fc0162b520cfe2b442834dcf532b45cf7cc5eed
CLIENT_TRAFFIC_SECRET_0 d0c3f0e28b12a5579d0d078ac1d2d49023ad803908f648a610e0e1b94f4713d5 1d44285699b247f01419b6aeae6cb0e2536832f9df8a313118097b5c691fa6e8
SERVER_TRAFFIC_SECRET_0 d0c3f0e28b12a5579d0d078ac1d2d49023ad803908f648a610e0e1b94f4713d5 73220f1189e9f96f332015646596ea7fe3f9e391d75de3b853d54d6f7b929814
EXPORTER_SECRET d0c3f0e28b12a5579d0d078ac1d2d49023ad803908f648a610e0e1b94f4713d5 33190e89a59bd781fb7cceec6bab73c2e44ec00c9c330dc115f1b08379e3aada
CLIENT_HANDSHAKE_TRAFFIC_SECRET f7d79ad739120bf0d66fb35deadd02c543a4e7f2a9930777e3059fc488f5611e 36a6cd8a2cf7265205681dbe776fde7ee425330d971b8511fc6c89939db9df94
SERVER_HANDSHAKE_TRAFFIC_SECRET f7d79ad739120bf0d66fb35deadd02c543a4e7f2a9930777e3059fc488f5611e a5d37a0c94bd6295dd69b8a2fffb0043a3d916c6e5c3c4b403e9c406834ca716
CLIENT_TRAFFIC_SECRET_0 f7d79ad739120bf0d66fb35deadd02c543a4e7f2a9930777e3059fc488f5611e a63f85f940cfe496144e12dfe93ad61ca8bcc8fe1d7913edb86397bf64c28dda
SERVER_TRAFFIC_SECRET_0 f7d79ad739120bf0d66fb35deadd02c543a4e7f2a9930777e3059fc488f5611e cc1817f6df1865ddff04bbacb513bb2731db5f5650cea00746e841e30f78492f
EXPORTER_SECRET f7d79ad739120bf0d66fb35deadd02c543a4e7f2a9930777e3059fc488f5611e 43db57908d6cc2a4ec3feca794a432b2a22a4c9610bc008612f91c99949dfc71
CLIENT_HANDSHAKE_TRAFFIC_SECRET d227e18e22661b3fdc085a4a1726484699d56cc04b42ae30cecb4996edd88b7e 211dfb0c15c1567e3e053dbeb5f0556de60415ce892d07564ceb328617354cde
SERVER_HANDSHAKE_TRAFFIC_SECRET d227e18e22661b3fdc085a4a1726484699d56cc04b42ae30cecb4996edd88b7e 4d909ecd97ab1b2c6c0f05b1d32fe7c4744ae008fe0fde9112cfe49ba8b2cc3e
CLIENT_TRAFFIC_SECRET_0 d227e18e22661b3fdc085a4a1726484699d56cc04b42ae30cecb4996edd88b7e cea0837844e94b3a8365e1a693fb7e9ca233b465e9414d3eb0ae3cd929f48660
SERVER_TRAFFIC_SECRET_0 d227e18e22661b3fdc085a4a1726484699d56cc04b42ae30cecb4996edd88b7e 32eff18b8925f6bbcf6812cfb1670a2595349dd0c3603c102acd4624ea1f75b1
EXPORTER_SECRET d227e18e22661b3fdc085a4a1726484699d56cc04b42ae30cecb4996edd88b7e 9cde4e4ee14dfe5492f11c6b120fb8c00555397a6596b391dfa2e4e85b0bcd08
CLIENT_HANDSHAKE_TRAFFIC_SECRET e9f3398613fcf041cf4cabdf2a2766e4730e2c61db244a686bf82c364e4a407e 5cd1c4541d4ed520f8183882dc8196b24a7edf1423823ff22be2e62bf62fc1dc
SERVER_HANDSHAKE_TRAFFIC_SECRET e9f3398613fcf041cf4cabdf2a2766e4730e2c61db244a686bf82c364e4a407e b328ba586396b6a73d3c90018403a8985939fe45ffb42c2696a4d79899af04ac
CLIENT_TRAFFIC_SECRET_0 e9f3398613fcf041cf4cabdf2a2766e4730e2c61db244a686bf82c364e4a407e 0a8700c4d90df80f81e53e77360234c6e01ba25881c1e4b41fa88ab432618d8d
SERVER_TRAFFIC_SECRET_0 e9f3398613fcf041cf4cabdf2a2766e4730e2c61db244a686bf82c364e4a407e e2cd366ec59cd70c7a10fabaa323ad1b3a0729f18ae250dfc7d5d313c4d6dfe6
EXPORTER_SECRET e9f3398613fcf041cf4cabdf2a2766e4730e2c61db244a686bf82c364e4a407e c153c02f2f879cbd67fe8b04c19a05946476a363d666cffc598dd3029ddce077
CLIENT_HANDSHAKE_TRAFFIC_SECRET 1a715e6379a8d3fb652d003d10618a3e4b96f7269b1b8d047e163c2405780fdf e4b1b7863121e987179993ac245202877975ee870d13e36dc2e227d61fa5cb5c
SERVER_HANDSHAKE_TRAFFIC_SECRET 1a715e6379a8d3fb652d003d10618a3e4b96f7269b1b8d047e163c2405780fdf 1569a703d26fd0736c06341672056444d2ea3a06954f433d9da22af3f2a9eab7
CLIENT_TRAFFIC_SECRET_0 1a715e6379a8d3fb652d003d10618a3e4b96f7269b1b8d047e163c2405780fdf 9a3b40417a01bb79f2ba918635afc75c6006522822906ee0cb3ea4fcc7af4ca6
SERVER_TRAFFIC_SECRET_0 1a715e6379a8d3fb652d003d10618a3e4b96f7269b1b8d047e163c2405780fdf 4f9584a829abdb2b4e452c41800ed0ff876307cba40c28b47d1c5af9075be72a
EXPORTER_SECRET 1a715e6379a8d3fb652d003d10618a3e4b96f7269b1b8d047e163c2405780fdf 93151a66129dab4a18934c6f477b58d4789a6608764393b078127320fe7997af
CLIENT_HANDSHAKE_TRAFFIC_SECRET 69c8378751650ec290a4eef89e3f829a5ed2deef8d1270b51b5993fc768fdb46 8c9ec09b49db6fd5081c81561e6cd04880b7316f1ab987741da7c690c3fa8ff7
SERVER_HANDSHAKE_TRAFFIC_SECRET 69c8378751650ec290a4eef89e3f829a5ed2deef8d1270b51b5993fc768fdb46 26337a7cb7913fc5a2ac0e0968d9da5ca0de1439212d88b027bd1db8f2314502
CLIENT_HANDSHAKE_TRAFFIC_SECRET b880c0838380a03a7737f694f3b7a1ec01ed2fc1995582ad804439f7256fec99 c7c68b965894d2c304381eac70603be4b84bc887949216dc4257bc46e3976522
SERVER_HANDSHAKE_TRAFFIC_SECRET b880c0838380a03a7737f694f3b7a1ec01ed2fc1995582ad804439f7256fec99 456ba75bf155e8fa42ea32d4a640b3cb21918cf0ef509237ea62a1e3fdda5754
CLIENT_TRAFFIC_SECRET_0 69c8378751650ec290a4eef89e3f829a5ed2deef8d1270b51b5993fc768fdb46 517d79412acdd36e5fff65f46d3275ee28bab2ff79711873d8af80ab481c50fd
SERVER_TRAFFIC_SECRET_0 69c8378751650ec290a4eef89e3f829a5ed2deef8d1270b51b5993fc768fdb46 20c67585908efce9da948edc690e663f814fd6395f3ac1186a68a95d2d4f4a82
EXPORTER_SECRET 69c8378751650ec290a4eef89e3f829a5ed2deef8d1270b51b5993fc768fdb46 c59e7762bdce21bc58323049358b4cb483f561239f8a2733eda765469526aa45
CLIENT_TRAFFIC_SECRET_0 b880c0838380a03a7737f694f3b7a1ec01ed2fc1995582ad804439f7256fec99 c0073b7c9af0ee44cfcc4cdb1f6e8993dba7e791d29a40ff864c1c6bf31a2b11
SERVER_TRAFFIC_SECRET_0 b880c0838380a03a7737f694f3b7a1ec01ed2fc1995582ad804439f7256fec99 75f95c8221187456360a6562c53070d9583198cf2e11b8c862e587b6f9eb302a
EXPORTER_SECRET b880c0838380a03a7737f694f3b7a1ec01ed2fc1995582ad804439f7256fec99 53b03cc04231861b253987422cede05e5eb84a916f6c358a92583c5aa3ed5602
