CLIENT_RANDOM fe327e6fed5a050952a652700f254a3586f06ab776c47c826f7253d6d16bb129 b7924a78edd4f0fb62b1b983f213c2d36ebfbd7de84aa13abda05c603a1bc4fc2c921bbe38e0f0a38c6f0cee2a63223a
CLIENT_HANDSHAKE_TRAFFIC_SECRET e489034a6c77846c189a16bd4fa74e62c029fc697b37174881674d24a21d78c3 031cc7e594161c0b86fe01b4babc8740fb0f611019fadc1f2bbf1ed69291c02c
SERVER_HANDSHAKE_TRAFFIC_SECRET e489034a6c77846c189a16bd4fa74e62c029fc697b37174881674d24a21d78c3 dc1a86be9e795007cfb42ffd6891728e69a5f2a90bd5c282e2380194a58c7326
CLIENT_HANDSHAKE_TRAFFIC_SECRET 5b17ca9e62e0a0ba7d00ec9967fc494a44a9adf925a77424edd57b5045ec535a e1bf14b2a9a688421c129221b5ee5096320bee492156e3926d6e719364bf422e
SERVER_HANDSHAKE_TRAFFIC_SECRET 5b17ca9e62e0a0ba7d00ec9967fc494a44a9adf925a77424edd57b5045ec535a 3b277d3b3df0d1a7125ea56705fefc9963e62c7e63f57e70c8f706b69ea9534b
CLIENT_TRAFFIC_SECRET_0 e489034a6c77846c189a16bd4fa74e62c029fc697b37174881674d24a21d78c3 6b8f4f58b72f4e2808f77af8513fbb9e14d3d0d37852469aaa8b0d8d906042b0
SERVER_TRAFFIC_SECRET_0 e489034a6c77846c189a16bd4fa74e62c029fc697b37174881674d24a21d78c3 14baa12782836af99d5849476c04353ac3085d6858d3c7f22aa6aa07ed394b75
EXPORTER_SECRET e489034a6c77846c189a16bd4fa74e62c029fc697b37174881674d24a21d78c3 1316507835d3259341fc7c21d1a6610a346f95e5ccd9246b068b00dd4c7dfb67
CLIENT_TRAFFIC_SECRET_0 5b17ca9e62e0a0ba7d00ec9967fc494a44a9adf925a77424edd57b5045ec535a 25b5e7a0e1c26968b8e2794da3629b8d3799a41a2cf340e23292238e09cce19d
SERVER_TRAFFIC_SECRET_0 5b17ca9e62e0a0ba7d00ec9967fc494a44a9adf925a77424edd57b5045ec535a cbff0b747c2bc0ec48e1e5c684a2001dd6bf0d87ba4d52ea05fb4deabc8b9c75
EXPORTER_SECRET 5b17ca9e62e0a0ba7d00ec9967fc494a44a9adf925a77424edd57b5045ec535a d88151fd08f31cee70122bb9c8df1a5a78d856a862cf671992184448326b8f98
CLIENT_HANDSHAKE_TRAFFIC_SECRET 46082df88ba94a9787d4bda585619c89a1b2c5b898c497b3dd9b83c3c1e520ab d37c2b515cfaeb09bf4b1b5e8d54722336882ad6cc9d5dbe59a6135fc210a905
SERVER_HANDSHAKE_TRAFFIC_SECRET 46082df88ba94a9787d4bda585619c89a1b2c5b898c497b3dd9b83c3c1e520ab 48d29bd44de65036323987d27adfebb596430c01b881b4489e90b6f90557cb09
CLIENT_HANDSHAKE_TRAFFIC_SECRET b9820445828483924f9360a794b095393fd9b4ec2376db66b3f5f9f48ea238e4 31d3b929f79964b3da2db398ebf1bbf34f5516fd7baa37c9786412940804ce81
SERVER_HANDSHAKE_TRAFFIC_SECRET b9820445828483924f9360a794b095393fd9b4ec2376db66b3f5f9f48ea238e4 4229d46b90e06a62fe36fc05edd4bae81c0705c5e8660c0ce12c69608ed2248e
CLIENT_TRAFFIC_SECRET_0 46082df88ba94a9787d4bda585619c89a1b2c5b898c497b3dd9b83c3c1e520ab 62ddf2230f657823777f7d84aabf3523d1328ce6fb16f420596e7e1930eda09d
SERVER_TRAFFIC_SECRET_0 46082df88ba94a9787d4bda585619c89a1b2c5b898c497b3dd9b83c3c1e520ab 497da6cf6a0ee5b141b1da4ac54100c4c5ade55d77a7aa76909a7030205a2b65
EXPORTER_SECRET 46082df88ba94a9787d4bda585619c89a1b2c5b898c497b3dd9b83c3c1e520ab a3cd7c990413dd0e28b84e175a6a7de99416424fadeb76d38cb557385fdda038
CLIENT_TRAFFIC_SECRET_0 b9820445828483924f9360a794b095393fd9b4ec2376db66b3f5f9f48ea238e4 8dd96dec8ec5738e38a62e1bd4b82d734cf755f74205d996d65e3712dd1eb415
SERVER_TRAFFIC_SECRET_0 b9820445828483924f9360a794b095393fd9b4ec2376db66b3f5f9f48ea238e4 600a953ef41070fab7c76a2d563033ca8aaaaf5f8b4920d543b2668643175be0
EXPORTER_SECRET b9820445828483924f9360a794b095393fd9b4ec2376db66b3f5f9f48ea238e4 59dd38dbbf09878c1f08d331fa95b098e9084479f090f6a0bd39dba628953c61
CLIENT_HANDSHAKE_TRAFFIC_SECRET 5ef9304800363fe7ee63d930c7a741626a6ba1b286876764f799d72eb3f05ca6 7f28f5764fafe88ca046d9aa6adc5b4b900010aeea333e64ba7b0db4a80993d4
SERVER_HANDSHAKE_TRAFFIC_SECRET 5ef9304800363fe7ee63d930c7a741626a6ba1b286876764f799d72eb3f05ca6 7cb6b6ad1e0a12b23e9943a85db02b8ad25316f5ac79eba4f6721cda79e7752a
CLIENT_TRAFFIC_SECRET_0 5ef9304800363fe7ee63d930c7a741626a6ba1b286876764f799d72eb3f05ca6 cfdbbfcd72e50db030f91d5b0af0ab2f0917d4d0f4775689850233a726048004
SERVER_TRAFFIC_SECRET_0 5ef9304800363fe7ee63d930c7a741626a6ba1b286876764f799d72eb3f05ca6 467186fbb5bc180805e3a540ee683cd40766b1b8d1cf73243efde4cc86ebe7c1
EXPORTER_SECRET 5ef9304800363fe7ee63d930c7a741626a6ba1b286876764f799d72eb3f05ca6 4320b00631e2bb7bb2fb2b7f1318b4676fb05a8081355839bfd632cdb05a0fac
CLIENT_HANDSHAKE_TRAFFIC_SECRET d80e1c3d24e3ab65a7b2bc07897a7fe28f3db5572b81bf7faca7cbfe17bea577 20832160923cd2459c96c8681a21b4fbdd648de38f4000c55c07c65b83dc0867
SERVER_HANDSHAKE_TRAFFIC_SECRET d80e1c3d24e3ab65a7b2bc07897a7fe28f3db5572b81bf7faca7cbfe17bea577 cd9ed42b270018ecfc95ca1202857eead501001fda77ad46a709cdca09d73866
CLIENT_TRAFFIC_SECRET_0 d80e1c3d24e3ab65a7b2bc07897a7fe28f3db5572b81bf7faca7cbfe17bea577 cdf6530f7343100ab9c5fc4ad409d98958881938b552a786fde88454f207217d
SERVER_TRAFFIC_SECRET_0 d80e1c3d24e3ab65a7b2bc07897a7fe28f3db5572b81bf7faca7cbfe17bea577 0f3a9c42ab644d22f0e591d189f9baefd401e3083c3f92474ebc38bb15ad0c7c
EXPORTER_SECRET d80e1c3d24e3ab65a7b2bc07897a7fe28f3db5572b81bf7faca7cbfe17bea577 d107f8b4963a2f32780610d09f96d220ae02f499f6f95ef3ca43100b15bac0b9
CLIENT_HANDSHAKE_TRAFFIC_SECRET 6e08f5547af8096f88482e7aae35fd70306a158eb6f8df29d7d8f932c897b939 e73457143883e38793a1fc180b5e116c1d6f795f461f133d9f63b7879deee1ea
SERVER_HANDSHAKE_TRAFFIC_SECRET 6e08f5547af8096f88482e7aae35fd70306a158eb6f8df29d7d8f932c897b939 12b635563559593995a8e0bc53c02adadbf31ee16b26246b67c38ddbc2fdd363
CLIENT_HANDSHAKE_TRAFFIC_SECRET 860acb0a1b6b12f2da4d90b5899c41a605ee6ba028edf3ef1b3cb0d06109dd74 157ba7e5a96286c209843170f0d7b08e6929a7e8f7766e14b65bd8e4d8d77a78
SERVER_HANDSHAKE_TRAFFIC_SECRET 860acb0a1b6b12f2da4d90b5899c41a605ee6ba028edf3ef1b3cb0d06109dd74 728abb6e0b182d7ea91cfd09045554f6459f02fa59a74324ae3976e13a74f9e4
CLIENT_TRAFFIC_SECRET_0 6e08f5547af8096f88482e7aae35fd70306a158eb6f8df29d7d8f932c897b939 35ac29b51bfaf2cace36b11c572f5a3c1efd335d5e0241ab0a5a57f77a5ce556
SERVER_TRAFFIC_SECRET_0 6e08f5547af8096f88482e7aae35fd70306a158eb6f8df29d7d8f932c897b939 758dd9cbfc40b0c376bfa189824cbce2121f037db70c49973f7623c81d4192f4
EXPORTER_SECRET 6e08f5547af8096f88482e7aae35fd70306a158eb6f8df29d7d8f932c897b939 9b789cef36f438abb225c206f25e74bbe8ce1b062bf19efc975d192e61db3a5a
CLIENT_TRAFFIC_SECRET_0 860acb0a1b6b12f2da4d90b5899c41a605ee6ba028edf3ef1b3cb0d06109dd74 f3f57dbb309886c2f859ae325985102e868761574c4bfc8ad9eb18d43cc0d52a
SERVER_TRAFFIC_SECRET_0 860acb0a1b6b12f2da4d90b5899c41a605ee6ba028edf3ef1b3cb0d06109dd74 5adbfd97d2cbd5c52c9bbf23c2aab17479061eacbe61bc8476819a2b2519a575
EXPORTER_SECRET 860acb0a1b6b12f2da4d90b5899c41a605ee6ba028edf3ef1b3cb0d06109dd74 c1eae3f37e31065c3f05f09ba486f9faf9c957a5be5248dba3ba6057b3ac221a
CLIENT_HANDSHAKE_TRAFFIC_SECRET d78d1a16ab82a4551471c90578edf000d789136254b53bec0dbc50ed1f544f22 1a3e7b80db7bfa10dba05c57e619333549235651e5fbc2d9227e58519972207a
SERVER_HANDSHAKE_TRAFFIC_SECRET d78d1a16ab82a4551471c90578edf000d789136254b53bec0dbc50ed1f544f22 dfa246a57fdfb998d70d543be2c5403289772af2fefe467b52c386ad517a900f
CLIENT_TRAFFIC_SECRET_0 d78d1a16ab82a4551471c90578edf000d789136254b53bec0dbc50ed1f544f22 4ad888df416f714b79aa7128cc88f4464da7dd963994148dd9541a8a8d36e887
SERVER_TRAFFIC_SECRET_0 d78d1a16ab82a4551471c90578edf000d789136254b53bec0dbc50ed1f544f22 4d1afffc0ca85202e6954d76845ca33aa8edcaff5188d08837add1f2a35bf548
EXPORTER_SECRET d78d1a16ab82a4551471c90578edf000d789136254b53bec0dbc50ed1f544f22 ecc17998b868191cbd79a8224b21ffd5928cce280d1d6290111772f21da88072
CLIENT_HANDSHAKE_TRAFFIC_SECRET 6a859ca079372c36c079362d72a90bee4ec85e0fb4b9069d42ec2a0fc4183b68 7a72bd4a64f2564902e9e05dea214399265082e7fb87fbdd98635cd34d4db6c7a88b23781f4fddbb2bc3e3c195e95e4b
SERVER_HANDSHAKE_TRAFFIC_SECRET 6a859ca079372c36c079362d72a90bee4ec85e0fb4b9069d42ec2a0fc4183b68 1ee486605e55e1635f302ea4188cd97fdaf73c3ad028426562ad6e3ab9784175ef201a3cd75260ca6e17d1eb565067b8
CLIENT_TRAFFIC_SECRET_0 6a859ca079372c36c079362d72a90bee4ec85e0fb4b9069d42ec2a0fc4183b68 c8db68c67c1304eba35e8806a6f0af38bb715197576fe967ee88fc5dc8e65ced9eacc2c37457718eb4b730e4e14c1eec
SERVER_TRAFFIC_SECRET_0 6a859ca079372c36c079362d72a90bee4ec85e0fb4b9069d42ec2a0fc4183b68 f6e78fb01e51e34b1edca28c1aadf08d6913d74182aa4d236efd63004970d6b1d651b1b83942b236ce07a757705cd5d1
EXPORTER_SECRET 6a859ca079372c36c079362d72a90bee4ec85e0fb4b9069d42ec2a0fc4183b68 c1c767d2ad61d21fc0596e54616aeb25de13c7b4b89663d7c2d7c0ae5a2fa694dc9d305ab4456ea211a62ea069c04205
CLIENT_HANDSHAKE_TRAFFIC_SECRET b333ccb8a83dfe577da5ed4e0c0884ba7b23301e341fe3e922be373abce4b308 08de56947a415569b8b7b5556e1eb77a120a9938ae83776810635fe046af18c0
SERVER_HANDSHAKE_TRAFFIC_SECRET b333ccb8a83dfe577da5ed4e0c0884ba7b23301e341fe3e922be373abce4b308 0a43e450c644046bc4733131d133d2b0a988acde9dda15e8a5f05e22b0abb46a
CLIENT_TRAFFIC_SECRET_0 b333ccb8a83dfe577da5ed4e0c0884ba7b23301e341fe3e922be373abce4b308 a56cbd0131fdfbca7c87733df1dd43c3508dd40285893ccb887f7da3763e7abf
SERVER_TRAFFIC_SECRET_0 b333ccb8a83dfe577da5ed4e0c0884ba7b23301e341fe3e922be373abce4b308 dbea51617af2918ce3685e05a2107638b6b83c3050b3299e6a6d53418c823c86
EXPORTER_SECRET b333ccb8a83dfe577da5ed4e0c0884ba7b23301e341fe3e922be373abce4b308 eba1867a138c119bdc53a059c07b7f72868dbb710dbd3a5528f3ed12e0007d6f
CLIENT_HANDSHAKE_TRAFFIC_SECRET aa6b22f35e88e06fa35bd91c44b8ede89539cad3afec34e3565ebd58d20ee50d b835ce61a1140ace5fc555a5bc07f6e9dcfbfbc73aa4ba2f3e48879a7b1b8c6d
SERVER_HANDSHAKE_TRAFFIC_SECRET aa6b22f35e88e06fa35bd91c44b8ede89539cad3afec34e3565ebd58d20ee50d ff92a9cbb7e7505d75a312d110d7e52648c352e2c0d200f29eff21e42cb075bf
CLIENT_TRAFFIC_SECRET_0 aa6b22f35e88e06fa35bd91c44b8ede89539cad3afec34e3565ebd58d20ee50d e41cee54f03a0b99ef8bce099b697f8ab0e9d2751ef38114a0ef08a6ff16a702
SERVER_TRAFFIC_SECRET_0 aa6b22f35e88e06fa35bd91c44b8ede89539cad3afec34e3565ebd58d20ee50d b7e0d8dfb063abe342b90b66156c71195f80472a72d5e7ed2c6de6516207f408
EXPORTER_SECRET aa6b22f35e88e06fa35bd91c44b8ede89539cad3afec34e3565ebd58d20ee50d 01bb7c4893142607766bd19e9c361bfc4add7af13088e3d6b7a2c2d4a17ad114
CLIENT_HANDSHAKE_TRAFFIC_SECRET 06f962c363a06a09745777b18e0c1a5b9421b7e5fda64c56abebf87d2c8f2be4 281808b46c773007d279eca7733f6fc983ddcd0e708e6cfd018b9299cb03fa56
SERVER_HANDSHAKE_TRAFFIC_SECRET 06f962c363a06a09745777b18e0c1a5b9421b7e5fda64c56abebf87d2c8f2be4 8e5912bb952dd36431d37b829e877456e7559d3d5fe94cec1688809c2756490b
CLIENT_HANDSHAKE_TRAFFIC_SECRET b2130fb821b468d82874610c2906d83d7eedc29b564a6df1c95e0be5e6b0764d 6e93e391bbd2be057a12b24880bbc5d9e7a351c4a28b47e5eec0302ecacf1eae
SERVER_HANDSHAKE_TRAFFIC_SECRET b2130fb821b468d82874610c2906d83d7eedc29b564a6df1c95e0be5e6b0764d d0b6ee4056838d3655102891f10801982600867d0ed087244796e52c5b2fa278
CLIENT_TRAFFIC_SECRET_0 b2130fb821b468d82874610c2906d83d7eedc29b564a6df1c95e0be5e6b0764d 52f63744954f4354e8374e8070cbc14694da74b70dfb344247a825613f86ec99
SERVER_TRAFFIC_SECRET_0 b2130fb821b468d82874610c2906d83d7eedc29b564a6df1c95e0be5e6b0764d e981e428bb6bd3ae8e27386f465fad8e7f170fd426576ba84f88debdee6fd5ab
EXPORTER_SECRET b2130fb821b468d82874610c2906d83d7eedc29b564a6df1c95e0be5e6b0764d 7cade8b2120760191c7110797cb75ae1d6cfdc9e900fe3a16a453d6cd2a38898
CLIENT_TRAFFIC_SECRET_0 06f962c363a06a09745777b18e0c1a5b9421b7e5fda64c56abebf87d2c8f2be4 24c6a982fdc7ea0fc8cb64294549a7574d530015914dc4f9949e376be97de6a7
SERVER_TRAFFIC_SECRET_0 06f962c363a06a09745777b18e0c1a5b9421b7e5fda64c56abebf87d2c8f2be4 f80d99ae32641fcaaf2e4e982e1280a334645c1281ea90accf3a971628f75f09
EXPORTER_SECRET 06f962c363a06a09745777b18e0c1a5b9421b7e5fda64c56abebf87d2c8f2be4 71dfff8cd8998175ad09098142b1a5bbf521d50b67c1089d2a06a916a34ac72d
CLIENT_HANDSHAKE_TRAFFIC_SECRET 9e7eae5a09f5a3b8e2d44b4524a4a7d7479cfd94b0127feb27fba28acf99034d b284951b1a627584ce74a4035b4c4e4e2a56fa25e25c8a1c31c9746f5ad6a3ee
SERVER_HANDSHAKE_TRAFFIC_SECRET 9e7eae5a09f5a3b8e2d44b4524a4a7d7479cfd94b0127feb27fba28acf99034d 2369099d97363161b8f94b3f98f9b3b0a397c63950212dbd56a9ba2ba0e2a68a
CLIENT_TRAFFIC_SECRET_0 9e7eae5a09f5a3b8e2d44b4524a4a7d7479cfd94b0127feb27fba28acf99034d e8e9e5d46e8eb037740166a832bf2654395d53caacaf109f764102ad14863afa
SERVER_TRAFFIC_SECRET_0 9e7eae5a09f5a3b8e2d44b4524a4a7d7479cfd94b0127feb27fba28acf99034d e0b19fa77d5bbf66a153759f284230e60893d93b8880bda5b6c85360f0d3d5b8
EXPORTER_SECRET 9e7eae5a09f5a3b8e2d44b4524a4a7d7479cfd94b0127feb27fba28acf99034d a873ff5a9148debc2d87d5624d31fd4b4400331a985a025202895ade484240cf
CLIENT_HANDSHAKE_TRAFFIC_SECRET 0d611c39c1ae66d8f1dfa13aa75d723273036ee34b83d88cbc624b3128b76868 1f19daf11432ea74a2ab8e8a00ea7331b9ace2c86fe4ef19325a0e5923eec232
SERVER_HANDSHAKE_TRAFFIC_SECRET 0d611c39c1ae66d8f1dfa13aa75d723273036ee34b83d88cbc624b3128b76868 cb4eef2cb6e58144d2f3ab5b70d658ad1c01f19ec0706a84aeceaf0dda1723da
CLIENT_TRAFFIC_SECRET_0 0d611c39c1ae66d8f1dfa13aa75d723273036ee34b83d88cbc624b3128b76868 57d3d378c97cf946ad5bb5c84f9604f4c3befb1917250fa8707885b6f7e1902f
SERVER_TRAFFIC_SECRET_0 0d611c39c1ae66d8f1dfa13aa75d723273036ee34b83d88cbc624b3128b76868 90fe71975b07b661109b6f174260a3350c89bdd3529eb1df6651ad724e0ebd63
EXPORTER_SECRET 0d611c39c1ae66d8f1dfa13aa75d723273036ee34b83d88cbc624b3128b76868 f3aea76a3df818c2c4b8b3a6e56536d121f050fc9f80a4b596fbd20e6a59cdc6
CLIENT_HANDSHAKE_TRAFFIC_SECRET 9d75d51c36d6ca70cad4d8931a66cd78818c78f949368831beed7bb56b29a3f9 ea041bc708d7d579549fd325722e10057514b9e62ce3e50f580d27e64b7b270a
SERVER_HANDSHAKE_TRAFFIC_SECRET 9d75d51c36d6ca70cad4d8931a66cd78818c78f949368831beed7bb56b29a3f9 856a1c71d4fa9fffa6652b5031b21e1eadb255ddbd70b2549d33bb10d4c22437
CLIENT_TRAFFIC_SECRET_0 9d75d51c36d6ca70cad4d8931a66cd78818c78f949368831beed7bb56b29a3f9 a0d10dfcfe4918c3e0bc56f38f4070f9615d16bda1206fd8f56e6558585cef7a
SERVER_TRAFFIC_SECRET_0 9d75d51c36d6ca70cad4d8931a66cd78818c78f949368831beed7bb56b29a3f9 925c18c177a513dca0976024ced97eeffffb443b2e133fcd61d8f7b5affd2f71
EXPORTER_SECRET 9d75d51c36d6ca70cad4d8931a66cd78818c78f949368831beed7bb56b29a3f9 41396044a7592d879b402c89102574794a43409317db0512c59aaf60922409cb
CLIENT_HANDSHAKE_TRAFFIC_SECRET c28d1536cc1a22fc479fe6289a3a986b9ad384541d589938d06643e025946ce4 f0653d2fe186a2f590615dcef0108d65e680b899db79b216f74104040cdf5708
SERVER_HANDSHAKE_TRAFFIC_SECRET c28d1536cc1a22fc479fe6289a3a986b9ad384541d589938d06643e025946ce4 ccf5832ae0f27036bf3f639527e9b5c3afa97874caba2ba79915358900c5cca0
CLIENT_TRAFFIC_SECRET_0 c28d1536cc1a22fc479fe6289a3a986b9ad384541d589938d06643e025946ce4 84859d96bd195e320b9d4e14fbe6b316c63772b2c484c0e3e06942ac048a0d6c
SERVER_TRAFFIC_SECRET_0 c28d1536cc1a22fc479fe6289a3a986b9ad384541d589938d06643e025946ce4 ead8ec8ccf3e335193bb76fdeae38e1c14ff7467cfa3e58f7c8645c57a458204
EXPORTER_SECRET c28d1536cc1a22fc479fe6289a3a986b9ad384541d589938d06643e025946ce4 93f6bd0f7c0795a2cad42b5706d7aca343d58155155926ca3d460a46cfbb6526
CLIENT_HANDSHAKE_TRAFFIC_SECRET 3a1abcfb1ac6fa524b8d8e3eb038bdd25883e7ef50b6d8441a16383fc7e0555d abc4d8552ce5f3b8cb9a6d42f655fd27628e04e0bf701c8ef3f9926f02b7b712
SERVER_HANDSHAKE_TRAFFIC_SECRET 3a1abcfb1ac6fa524b8d8e3eb038bdd25883e7ef50b6d8441a16383fc7e0555d 2d4da8e1195965e8c93605f011e069825a3ecfa724a75ad91c66a8d67c6b055a
CLIENT_TRAFFIC_SECRET_0 3a1abcfb1ac6fa524b8d8e3eb038bdd25883e7ef50b6d8441a16383fc7e0555d 7c64396e8e60db9ca47defdc67d7acbefea32278a0d624bf3d6ae3bcb4091b3d
SERVER_TRAFFIC_SECRET_0 3a1abcfb1ac6fa524b8d8e3eb038bdd25883e7ef50b6d8441a16383fc7e0555d 1a822b7cb24f7d69f3dfd50230873656cad5712e00db4798477674df0a3d81d7
EXPORTER_SECRET 3a1abcfb1ac6fa524b8d8e3eb038bdd25883e7ef50b6d8441a16383fc7e0555d a8cc6872a0e30f0f69ae51dcd081f02c2f0fb455853e6088fea34c8ffe1caf29
CLIENT_HANDSHAKE_TRAFFIC_SECRET d9c4fb318d4a1b17189d7d89d7e7e1cbd7aa1b2634ceacf0620fe2d06a654198 039077a3388b0cc843b01b6e59e1fb8694fb94ffca8dfb6f24d39841e9169955
SERVER_HANDSHAKE_TRAFFIC_SECRET d9c4fb318d4a1b17189d7d89d7e7e1cbd7aa1b2634ceacf0620fe2d06a654198 96bfd551ebc1c4cbb36011d2999bbb35163ae79384acee7af0a287b28ec130ff
CLIENT_HANDSHAKE_TRAFFIC_SECRET 0f1ddbdca118f6d29b77895d1c57e25c35c4d0321356af34db9c76c02bfe02eb b3a2acafb78b3afe68bfa4fe602075075d24d9911b345e0bfeb904b5932ad332
SERVER_HANDSHAKE_TRAFFIC_SECRET 0f1ddbdca118f6d29b77895d1c57e25c35c4d0321356af34db9c76c02bfe02eb fbfab1dad0897f39bb75c60f259c68ede10f7c90587d1b55226474d4654c28d8
CLIENT_TRAFFIC_SECRET_0 0f1ddbdca118f6d29b77895d1c57e25c35c4d0321356af34db9c76c02bfe02eb 895ea589a01f8f0b248ccc3aed3c4d38fa005e2685260db77a1866c6426627b4
SERVER_TRAFFIC_SECRET_0 0f1ddbdca118f6d29b77895d1c57e25c35c4d0321356af34db9c76c02bfe02eb bde175dc9ead67e63e59e938123a01bf1f7aebef39199f4dc3a5a83bc84dbffa
EXPORTER_SECRET 0f1ddbdca118f6d29b77895d1c57e25c35c4d0321356af34db9c76c02bfe02eb 4b2b59dd29184f7e640c4fed4aa6806fe6d721c7112166328ca5e3f7d9c4664a
CLIENT_TRAFFIC_SECRET_0 d9c4fb318d4a1b17189d7d89d7e7e1cbd7aa1b2634ceacf0620fe2d06a654198 4d41f681108fb049dec8bad88dc34828deee4935533b1c81f812178aeebf9adc
SERVER_TRAFFIC_SECRET_0 d9c4fb318d4a1b17189d7d89d7e7e1cbd7aa1b2634ceacf0620fe2d06a654198 894205b1c4bed1d828b56ab03857f4a15a9b5dae2ce1653972d8b551d5360978
EXPORTER_SECRET d9c4fb318d4a1b17189d7d89d7e7e1cbd7aa1b2634ceacf0620fe2d06a654198 df3ab8d0b481191d905c0d8b1c09e9ee0472b7365c2c014563bbfc901232e784
CLIENT_HANDSHAKE_TRAFFIC_SECRET f75bfca3f697b45b4cbe4ba82aec19e9b1b8fdc5790093011221aaaa34d301f4 749c87c000a05a380f6d439402777ca8e234ef5b99c4baa453fbb02e691bbb54
SERVER_HANDSHAKE_TRAFFIC_SECRET f75bfca3f697b45b4cbe4ba82aec19e9b1b8fdc5790093011221aaaa34d301f4 440196074d120f5617d4623b3c2ffcc8deda95ebf83110c73beceb1e2830ce9a
CLIENT_TRAFFIC_SECRET_0 f75bfca3f697b45b4cbe4ba82aec19e9b1b8fdc5790093011221aaaa34d301f4 f465f5fb090e3143c187d31385468a5ffeaf1d917a4994bb1ddab69b9f0bc8fe
SERVER_TRAFFIC_SECRET_0 f75bfca3f697b45b4cbe4ba82aec19e9b1b8fdc5790093011221aaaa34d301f4 d9a733186b87a78cf13235adfdfa52acd076ecd8ece02efff8a669ad5c6df7f0
EXPORTER_SECRET f75bfca3f697b45b4cbe4ba82aec19e9b1b8fdc5790093011221aaaa34d301f4 cb95ff1f1ce530ed718a41369f4b81464ddeb14070d6b8b22f9fc328aaf2160d
CLIENT_HANDSHAKE_TRAFFIC_SECRET 05ba37227b7cc07b3bfb700dd7680de707b6979dafc5b7332be4bac5b3271d2f a314ebed4fb7feb39280923fc8635911db4478699434b3fa19b3a1b4cd8a9be0
SERVER_HANDSHAKE_TRAFFIC_SECRET 05ba37227b7cc07b3bfb700dd7680de707b6979dafc5b7332be4bac5b3271d2f a7f02355c54953434316244242128f6d27272556366538b3f942e7e1227f6cba
CLIENT_TRAFFIC_SECRET_0 05ba37227b7cc07b3bfb700dd7680de707b6979dafc5b7332be4bac5b3271d2f d51657b4898c253adf176bb9b2bb11f1e26151250244a01d37f81310fdeb0bcc
SERVER_TRAFFIC_SECRET_0 05ba37227b7cc07b3bfb700dd7680de707b6979dafc5b7332be4bac5b3271d2f 9d347775e3a4ebd0d9318db1d92f5f72052e8efc7042cd12d3ee47b6d91ce1b8
EXPORTER_SECRET 05ba37227b7cc07b3bfb700dd7680de707b6979dafc5b7332be4bac5b3271d2f fbb2104112490965e4d38404a82e3d03ebd99c3113e19af3d554259ace621c7e
CLIENT_HANDSHAKE_TRAFFIC_SECRET 4794e09d2ea30a551d44a2f0e0d89b280d0a301f07255c4a763a58465f57d9cd 9f249b5509a141dae59efcb6013af3cef42c77758ff411b78e70cdd6e3c79f6d
SERVER_HANDSHAKE_TRAFFIC_SECRET 4794e09d2ea30a551d44a2f0e0d89b280d0a301f07255c4a763a58465f57d9cd 69b71fd64116baf69a10fde1e7426111f31a051ee35411d38a14358594ce3d06
CLIENT_TRAFFIC_SECRET_0 4794e09d2ea30a551d44a2f0e0d89b280d0a301f07255c4a763a58465f57d9cd c7135b59ce1a8277e961754bda21af4c9dfeb6694a9bbe15bbcce95b3d1a9c05
SERVER_TRAFFIC_SECRET_0 4794e09d2ea30a551d44a2f0e0d89b280d0a301f07255c4a763a58465f57d9cd 5e92326d48f554feb5a9077385356f3df4a0a695f3c34878fbd97a72be8856ea
EXPORTER_SECRET 4794e09d2ea30a551d44a2f0e0d89b280d0a301f07255c4a763a58465f57d9cd f57efe491948acc95e5af2b8311c3ce99a08e4f3c914f12130a72cccdf908f99
CLIENT_HANDSHAKE_TRAFFIC_SECRET c3d6c5c23c69193342dfdec83febd24d511133991193c8457381b4fc322f0035 646b221bcb1e754f9dfdde057b2ded119064191bebe8cb462f88c452c4899f76
SERVER_HANDSHAKE_TRAFFIC_SECRET c3d6c5c23c69193342dfdec83febd24d511133991193c8457381b4fc322f0035 633ce9c428a46767e8427097b3145f0f2f2b35154d20861391196c946facd1f6
CLIENT_TRAFFIC_SECRET_0 c3d6c5c23c69193342dfdec83febd24d511133991193c8457381b4fc322f0035 ef61f62efb5333069249314b0505b971d8c1c9b9d5ccfc59d3a6fafb8d18b89d
SERVER_TRAFFIC_SECRET_0 c3d6c5c23c69193342dfdec83febd24d511133991193c8457381b4fc322f0035 9ecbb55dffa8ee8f811c5e183fc4d7e2a548dc62560e24a432ef0b81767c2746
EXPORTER_SECRET c3d6c5c23c69193342dfdec83febd24d511133991193c8457381b4fc322f0035 46e8b2f403a8f59731256cbca764e62e6f3949739482042aaf173250bc364b38
CLIENT_HANDSHAKE_TRAFFIC_SECRET a6b4dfb13d8a55b34d78dda289739e7dac035cca3b383c1d0ac8bce8be178710 ac05aff6cc5329d5eb9dfa63af493ab5112371cda1c9992ec64647bb7cd9e658
SERVER_HANDSHAKE_TRAFFIC_SECRET a6b4dfb13d8a55b34d78dda289739e7dac035cca3b383c1d0ac8bce8be178710 fe20ef04f0201cca5c5f91fa5ec40b25920539f1902cc07fbc4e17f0fee3bff3
CLIENT_TRAFFIC_SECRET_0 a6b4dfb13d8a55b34d78dda289739e7dac035cca3b383c1d0ac8bce8be178710 7956c834bcda0faa995eb137d420b8aea92f4bf47f7909efab60ac6cd29f175a
SERVER_TRAFFIC_SECRET_0 a6b4dfb13d8a55b34d78dda289739e7dac035cca3b383c1d0ac8bce8be178710 76b65262255ba32eb4fda5d0ce2f17ed4f3b11cf17d4f24fc1d7e079034b01ed
EXPORTER_SECRET a6b4dfb13d8a55b34d78dda289739e7dac035cca3b383c1d0ac8bce8be178710 8239cac0a7dd11327a0d03939bb9d4bf07c75a46d54dcedd4d992efdb30785f4
CLIENT_HANDSHAKE_TRAFFIC_SECRET d92c68b5f8da2db65f51ade374ba29da72ea7c0cd413cb2bcb34aa90430aa53e 1872ae606a482a9ca920f18015b00dd2ca85af809d5e38d1cd4b13a04c30d708
SERVER_HANDSHAKE_TRAFFIC_SECRET d92c68b5f8da2db65f51ade374ba29da72ea7c0cd413cb2bcb34aa90430aa53e ced0969c5796f58dd265e9aa549900b9099edad04f4d4e943de265849bb236e5
CLIENT_TRAFFIC_SECRET_0 d92c68b5f8da2db65f51ade374ba29da72ea7c0cd413cb2bcb34aa90430aa53e 7fc9e9566a48a2bd806e87e61136195e281a58edf0e8ef1d07f41905c9b018fe
SERVER_TRAFFIC_SECRET_0 d92c68b5f8da2db65f51ade374ba29da72ea7c0cd413cb2bcb34aa90430aa53e dbff5fc6f1ebdcad2ed42650cd875e14bf9fab1f8e21d45f4a18dfac790ef09e
EXPORTER_SECRET d92c68b5f8da2db65f51ade374ba29da72ea7c0cd413cb2bcb34aa90430aa53e d52e8ec5ac2a23b014b119d4af57683851701d91c6a1dee34bd81e00e7861b66
