CLIENT_HANDSHAKE_TRAFFIC_SECRET 2dc56e9f77f21d132ca9e76f27224517c935c5b3977819601b5e15011987acab e2d65047bfa81ae06e2a4fb7117fe4a2a68abd72cd8bb285b00cbfab805e977c61c6afd545999d910eb6ff63b67b9229
SERVER_HANDSHAKE_TRAFFIC_SECRET 2dc56e9f77f21d132ca9e76f27224517c935c5b3977819601b5e15011987acab 217cce3ccaf7e56f7789b492bf8ee2b06f60a4f33eb49eb35d257fbefa6fb62794ea34a60b7bd5b19d2d28ce35fe5456
CLIENT_TRAFFIC_SECRET_0 2dc56e9f77f21d132ca9e76f27224517c935c5b3977819601b5e15011987acab a4f456f7ba7c4d64b65559136edd53f935e7412f01e01536ffc6a3ee1416a124fef814257c2fead6794ecf0a849a7425
SERVER_TRAFFIC_SECRET_0 2dc56e9f77f21d132ca9e76f27224517c935c5b3977819601b5e15011987acab 329eaccdb98d32d57c2e10ae12f4286414bbc273cc8134af3eb8447d5d72a77c6df572c5305608a333762c7dd8bbb1da
EXPORTER_SECRET 2dc56e9f77f21d132ca9e76f27224517c935c5b3977819601b5e15011987acab 026b0d760fb8c7396c7eb2bcf0167c1d9f3fad6a978d7ac20cac58ba63a5bb84dae9f409fd20568570334e7832931224
CLIENT_HANDSHAKE_TRAFFIC_SECRET 6b8a1cce323034ebba083cc5ee92af713577ee9ba476e8a14e66a8fb24f3d7e4 e5470e1344c3a9cda7d9ff6237a66a435593eb7ccff4560261c0cb20daaabf1801792dd6d772ed5626ab460337086f6e
SERVER_HANDSHAKE_TRAFFIC_SECRET 6b8a1cce323034ebba083cc5ee92af713577ee9ba476e8a14e66a8fb24f3d7e4 253e1fef57de5ecb5001e4bf3a5125ee9d590f3797bc504ead60aa105684d5892bb3d8c8a4b3aad1607ddc9c19f47973
CLIENT_HANDSHAKE_TRAFFIC_SECRET 21bb172abf942f05f3e2bd72a90163ffb9c9538d37c1d6404fd1957685726e1a 58c684a30adfad08ff8d6cd20451105000c67952f578081b595c535f35db738684d2836067760ee0830e3c81a0961672
SERVER_HANDSHAKE_TRAFFIC_SECRET 21bb172abf942f05f3e2bd72a90163ffb9c9538d37c1d6404fd1957685726e1a 2390f4e1e1ea82874fab5866a7991d9aa605ad6e7771f1bb9f02473a3cc8a6f513b46259786363dad3a83fcfc6154143
CLIENT_HANDSHAKE_TRAFFIC_SECRET f1f1b45f4f025fd23e7523606cd6311446fa471cd881f8ca509b969691f7cac9 77e9ea4ed069af8c7297c93dacb339f0b879ca27b091a489074253097c58acdf7a0c12140df5119cafb0bebd03df66b0
SERVER_HANDSHAKE_TRAFFIC_SECRET f1f1b45f4f025fd23e7523606cd6311446fa471cd881f8ca509b969691f7cac9 43b20536dccd520c9e515bda78abaeb3ea3b069abaff37e0a9473ce90f94b0b343b093450b955376b72d4c87b8d3f3b4
CLIENT_HANDSHAKE_TRAFFIC_SECRET f86b7c96f52656b0928fbad8edc66f38cf4145607b2f617f6fd3d32ac482c633 8d29225cc0152e0baa70ff6bbf36c185ef371fbf6e2dc371231dfa2dae1857ce2e48d730866e66768548d76779047c9c
SERVER_HANDSHAKE_TRAFFIC_SECRET f86b7c96f52656b0928fbad8edc66f38cf4145607b2f617f6fd3d32ac482c633 672fcfb6e99a575617a1b32115a7ed7ae699f9e54c0d2527baba82f7dbeee19603114a10ee2fe72960f2cf745d1950e7
CLIENT_HANDSHAKE_TRAFFIC_SECRET 403f3c8f1f42f1a41abd899fad21a1cacb52ed416add737e1dc6d04bbae5c069 313f8550e68100517ca94513e24cda5e3339a58864ec437ae1ca928e026e8399741e6f2573cd0b723966bb2f63052723
SERVER_HANDSHAKE_TRAFFIC_SECRET 403f3c8f1f42f1a41abd899fad21a1cacb52ed416add737e1dc6d04bbae5c069 14f610931ac90b07c7021054ad29c3dda7459f0f9b96a00b8f6f77e15d8cd83e31d8609e9a45984902345f0d21375e54
CLIENT_TRAFFIC_SECRET_0 6b8a1cce323034ebba083cc5ee92af713577ee9ba476e8a14e66a8fb24f3d7e4 093cf289e4c93fb65d050714f74181403f6580a87f414428222a3095f58d5208eaf71fb0954b10e0f47f6efafb06ed00
SERVER_TRAFFIC_SECRET_0 6b8a1cce323034ebba083cc5ee92af713577ee9ba476e8a14e66a8fb24f3d7e4 d902976eea87f7053eb4de9a902efba4404a073e8f86cd15b6518915030aa9ccf64305a27cf826d5adc9f37827ca3aae
EXPORTER_SECRET 6b8a1cce323034ebba083cc5ee92af713577ee9ba476e8a14e66a8fb24f3d7e4 2797d90e34cb8069e8d6ac146b612b30dcc73b34ab40ae5093e724cb65d6203d42ed2c16f2f2be0582bdcf07d193655f
CLIENT_TRAFFIC_SECRET_0 21bb172abf942f05f3e2bd72a90163ffb9c9538d37c1d6404fd1957685726e1a 5b1cfe96af46552fd4cd3ddb1cbf9dc61b37bda2c3f9c1c863bfa31e223c81466531e5376aa93a9469f1db271accf08d
SERVER_TRAFFIC_SECRET_0 21bb172abf942f05f3e2bd72a90163ffb9c9538d37c1d6404fd1957685726e1a e44762c2c0f481e7f519141732ce81a4e5e5e03729093ba9478f7c25a7ab07350c707c4f1ed7fbdf0d6743aaa94fb6ff
EXPORTER_SECRET 21bb172abf942f05f3e2bd72a90163ffb9c9538d37c1d6404fd1957685726e1a 9d504600f3917645770afa04156f04267b9cad213dd81e294b1a4b276c1f5e28511909f5ce4362321a877312ebffb879
CLIENT_TRAFFIC_SECRET_0 f1f1b45f4f025fd23e7523606cd6311446fa471cd881f8ca509b969691f7cac9 bac1be1855e10a29226ab28b0f3f26b3d5bb511551d21e7087a8ab3972d327493da6a01f21e3048a4592e6fd695722fa
SERVER_TRAFFIC_SECRET_0 f1f1b45f4f025fd23e7523606cd6311446fa471cd881f8ca509b969691f7cac9 694cba5c0be17b09878b7f4a181608fc7ba012fa5265cc289e6d26241568f60ad75344bbce1902565389382cfac626d0
EXPORTER_SECRET f1f1b45f4f025fd23e7523606cd6311446fa471cd881f8ca509b969691f7cac9 7bdde96063f2f7a7d41220c672832657695348270d1f6d19b6da74dcf0bddc7b81ca48b348de9577b892f6f0355e7b18
CLIENT_TRAFFIC_SECRET_0 f86b7c96f52656b0928fbad8edc66f38cf4145607b2f617f6fd3d32ac482c633 3da3aa894daa5373f6e34c17838a7f87a3412048edea61aaf387b761a003684e62cf0c303f00da3daac4997f8a195f47
SERVER_TRAFFIC_SECRET_0 f86b7c96f52656b0928fbad8edc66f38cf4145607b2f617f6fd3d32ac482c633 e6982892586ce5912537b787bebf3366355982ed5a5c146159c8fcf4a9e98cc30b9fbdc894766305bfe8d68820ded667
EXPORTER_SECRET f86b7c96f52656b0928fbad8edc66f38cf4145607b2f617f6fd3d32ac482c633 feba49e830ec11330d7b3bb3d4daf9d7b321697006a43b0576dfafc1cc04361864ad225691050cb0091b4c314a308f1c
CLIENT_TRAFFIC_SECRET_0 403f3c8f1f42f1a41abd899fad21a1cacb52ed416add737e1dc6d04bbae5c069 4d935e79b8cb8741aae7ceb02bfb4e43cf2651cf5d99dfc9e259ef293f0b2b52939e70e800cbe57d65e900f8e27a4d85
SERVER_TRAFFIC_SECRET_0 403f3c8f1f42f1a41abd899fad21a1cacb52ed416add737e1dc6d04bbae5c069 c527c71288151a44df99865b9c0254e94a0c3a3d7b6161ed46c6a4bfc5350d5b56b7f0746bd1a4f37b4e877ffc6b2824
EXPORTER_SECRET 403f3c8f1f42f1a41abd899fad21a1cacb52ed416add737e1dc6d04bbae5c069 f16d80e398f169cdb583910fa1bb4695c7046fecc80cfeadd258d2e89981c673e0f7340977d2cdbd11ded3138a0902c9
CLIENT_HANDSHAKE_TRAFFIC_SECRET c045067371fac0c113fb1c820ad84ab862fe12f4d408fd14edf54b883d7b1a48 a28b152fa299e804fe6a32424cb06c4e27d80041eb96f7c7515b8755a1f43aca2a301147f72e9722818093f4e984e1e1
SERVER_HANDSHAKE_TRAFFIC_SECRET c045067371fac0c113fb1c820ad84ab862fe12f4d408fd14edf54b883d7b1a48 0559a34fd9117fd2ddfb7f65f09e074e1b233519f7702883f8be3af32368917b0657784596fd2a4793b5c76abbd9342c
CLIENT_TRAFFIC_SECRET_0 c045067371fac0c113fb1c820ad84ab862fe12f4d408fd14edf54b883d7b1a48 475e28f5bdc69400f51a8fbe6529e8dfc97b74ac652c9bba40f3a619c204b02460de69872d264121b903fec29776c767
SERVER_TRAFFIC_SECRET_0 c045067371fac0c113fb1c820ad84ab862fe12f4d408fd14edf54b883d7b1a48 3e0cc694d47a4a325aa494e6e0dbc22c3eaa4b518795e1c645f60bb04a8a8e738e89f2b638f6e9e964b3879736e97963
EXPORTER_SECRET c045067371fac0c113fb1c820ad84ab862fe12f4d408fd14edf54b883d7b1a48 626570993ad9d03792754a14a4e2c072d7e8ce5f060d8c9cc7ddb7786f9cc6de28332aba6223997252c0b5e79a4e2af6
