CLIENT_HANDSHAKE_TRAFFIC_SECRET 540c9d2df6ba79fe89a9499e531cb1f379b41bc4522e139e0d2ffbbbdbdb0f8c 644545cc20ba20500bc645c0071e360b2046316daa6a3f8656d4dbd6f72f3e0a
SERVER_HANDSHAKE_TRAFFIC_SECRET 540c9d2df6ba79fe89a9499e531cb1f379b41bc4522e139e0d2ffbbbdbdb0f8c ccfa3a23484ce51658db62bd92824ec3cac70b64b03ad75ea4c797a44944fa8c
CLIENT_TRAFFIC_SECRET_0 540c9d2df6ba79fe89a9499e531cb1f379b41bc4522e139e0d2ffbbbdbdb0f8c 8c734c46e93e8812fdb2764b5874c1e284d9b746bcf754a03283b914d997d09c
SERVER_TRAFFIC_SECRET_0 540c9d2df6ba79fe89a9499e531cb1f379b41bc4522e139e0d2ffbbbdbdb0f8c 2433174b0ab5235dcc431204a594b5a12abdbab5a253a1a68517af3c7d1fd093
EXPORTER_SECRET 540c9d2df6ba79fe89a9499e531cb1f379b41bc4522e139e0d2ffbbbdbdb0f8c 082a064ddc36c17bdd4edbf820142ecba568c0482b722ebdf12f036c9054a312
CLIENT_HANDSHAKE_TRAFFIC_SECRET 30bfacf571ef3c29c03de14fb48d80a115a3c6b64d8b0fbfc6660f2548e1bc87 7c3c29577c199c2785ee7ac7e94aa4dd5029c1f299f24b6a8e769b0cd7d01b47
SERVER_HANDSHAKE_TRAFFIC_SECRET 30bfacf571ef3c29c03de14fb48d80a115a3c6b64d8b0fbfc6660f2548e1bc87 4cffafff7970b7fde1d1379b578d63a4168ae92ee3ba54c91e05839ca7ddcbf6
CLIENT_HANDSHAKE_TRAFFIC_SECRET cb4ac61252f2e50a570708d04e75c8cd6dbde52008d47369e3cad7a17c81d792 3926b6a266465cb288aef85811fe2dbf114825af6026404c46affa2bb53234b5
SERVER_HANDSHAKE_TRAFFIC_SECRET cb4ac61252f2e50a570708d04e75c8cd6dbde52008d47369e3cad7a17c81d792 655aba7c84a874b1bf8010a6063088aff26616cc89d68b8ea912ce812ce7d455
CLIENT_TRAFFIC_SECRET_0 30bfacf571ef3c29c03de14fb48d80a115a3c6b64d8b0fbfc6660f2548e1bc87 a64390552c363f7fdd4138fa2e06fdc1824bc7147ec14fdf37defe88baae2daa
SERVER_TRAFFIC_SECRET_0 30bfacf571ef3c29c03de14fb48d80a115a3c6b64d8b0fbfc6660f2548e1bc87 7e9fb62a60496358c7aae04959d4ea280a1cc580990e44bf5124aa177f4f5569
EXPORTER_SECRET 30bfacf571ef3c29c03de14fb48d80a115a3c6b64d8b0fbfc6660f2548e1bc87 3e187c026bb42aa14ee7fcc0ed9c029ba6377ba210947b275956824a35be341f
CLIENT_HANDSHAKE_TRAFFIC_SECRET cffe67343f5283c0c1cee63d54f65892709524d0487c0b3d0b2716d5e56b639e 6ec3ae0c25f4001f7f56323983bdf231038da649a582b63364d89abe611557b8
SERVER_HANDSHAKE_TRAFFIC_SECRET cffe67343f5283c0c1cee63d54f65892709524d0487c0b3d0b2716d5e56b639e 0c437ba942091931f5f3a30f930355daa99683ceb5b16488ead172f074cd09f0
CLIENT_TRAFFIC_SECRET_0 cffe67343f5283c0c1cee63d54f65892709524d0487c0b3d0b2716d5e56b639e c3e3369548a8b5161c27f13ba82cc9abb2b5013c83a250329558b0ec81694d39
SERVER_TRAFFIC_SECRET_0 cffe67343f5283c0c1cee63d54f65892709524d0487c0b3d0b2716d5e56b639e 9ba507d2b294d5a72b3c52aef8ce91e2f05d4e85ee3cf9bc6fc3fe49c43f71a2
EXPORTER_SECRET cffe67343f5283c0c1cee63d54f65892709524d0487c0b3d0b2716d5e56b639e 6083cd0bd9bc1b36b68b967454163144518b5f7caa3a0303b4d47f43e2b93db2
CLIENT_HANDSHAKE_TRAFFIC_SECRET 14d303a853a2c5ef26cc2c7bb7c791de66e341d9ee1c10c6e21e6a852e8d97f6 44b27fa006a4823ef689641874d7e43752b1d54c62ee73a2c8dfcacf319217c5
SERVER_HANDSHAKE_TRAFFIC_SECRET 14d303a853a2c5ef26cc2c7bb7c791de66e341d9ee1c10c6e21e6a852e8d97f6 e5a7f7b3a8a03e05443cb312cd085e926d18278a3fabb81cb70e3db491199321
CLIENT_TRAFFIC_SECRET_0 14d303a853a2c5ef26cc2c7bb7c791de66e341d9ee1c10c6e21e6a852e8d97f6 606f0e5110920bdff22faf5085753836b5d4d1ad7df40a8d8f0ce1aa5b1de633
SERVER_TRAFFIC_SECRET_0 14d303a853a2c5ef26cc2c7bb7c791de66e341d9ee1c10c6e21e6a852e8d97f6 c8f02a51b1538167d32b65b3ffe25822f50f8b0d4f93766e3629d1794ff347d8
EXPORTER_SECRET 14d303a853a2c5ef26cc2c7bb7c791de66e341d9ee1c10c6e21e6a852e8d97f6 5bda3c9a637fdc12cd98c1662d9ded8f027426e9b7414958c7449dcfa577dd6d
CLIENT_HANDSHAKE_TRAFFIC_SECRET 14994e3290c32ff5f1334dbc931a08a757fa228610c48b0c1beb315608ce195a 8b8ab66795c36334d8ebe509f5ce1d55ab60231695071ad37844eeeccfb4a424
SERVER_HANDSHAKE_TRAFFIC_SECRET 14994e3290c32ff5f1334dbc931a08a757fa228610c48b0c1beb315608ce195a f6811082ec5b123e970a418d421c47aa391a8bb68b568787896b8aa2876304e9
CLIENT_TRAFFIC_SECRET_0 14994e3290c32ff5f1334dbc931a08a757fa228610c48b0c1beb315608ce195a 04b16908bec9c95de4297febe000d38246611b8fa5e65bb37cea63a50aa7f32c
SERVER_TRAFFIC_SECRET_0 14994e3290c32ff5f1334dbc931a08a757fa228610c48b0c1beb315608ce195a 01a60dba93da15cfb6e771f38accd4e43959fdcc836a3ab11a193a494db9689b
EXPORTER_SECRET 14994e3290c32ff5f1334dbc931a08a757fa228610c48b0c1beb315608ce195a 28459066c819baa0b4c9c6ec052b9b42965bda999d47d18ca2027365c7c776f5
CLIENT_HANDSHAKE_TRAFFIC_SECRET 6a179fe1f220707ca286dabb0b6803113ccca0747aaa3a5fc484a37ecb0d3216 fea092177e99506a2e5dd9fb73ccbb5a7f0c23f40399db4e99cc4ed4477acb84
SERVER_HANDSHAKE_TRAFFIC_SECRET 6a179fe1f220707ca286dabb0b6803113ccca0747aaa3a5fc484a37ecb0d3216 c862e3f59c2edfd0981f8faa5aa47e409e5b03bbc6374d25a246decfbf511dce
CLIENT_HANDSHAKE_TRAFFIC_SECRET 3d2d58622925bed7f8f83e3277f260c6771491b0d73c96228a5a0ab923c65c00 604187334bab48f18e974919ba5dcf70ad5556f5364674814827cae1780b0256
SERVER_HANDSHAKE_TRAFFIC_SECRET 3d2d58622925bed7f8f83e3277f260c6771491b0d73c96228a5a0ab923c65c00 c512f7a03c07bc62d8825d412e4813baabdb62a2b1d0d211ec668eec4e5cf6a1
CLIENT_HANDSHAKE_TRAFFIC_SECRET 00048504cf91bbf3718437ce0ef93e64b344f5e01146163206b385c7bd62ed2b 6c7683d692573f88db8c7b21c97dee8a9e2faf1f84b137ecf95d502d87329cc3
SERVER_HANDSHAKE_TRAFFIC_SECRET 00048504cf91bbf3718437ce0ef93e64b344f5e01146163206b385c7bd62ed2b 071c3a04eaf393a6a4dc0b46a5fcb6c8a29755e5bb5261836d856e8e642be410
CLIENT_HANDSHAKE_TRAFFIC_SECRET 4153499f870cbb3939894709adc50c2f7ff870d11868bf2ad3bad7a36901c07c 8877977420ed58a77e1f8a7827a9f834b1844bb5e4f2992c04d196b29f7f3d5e
SERVER_HANDSHAKE_TRAFFIC_SECRET 4153499f870cbb3939894709adc50c2f7ff870d11868bf2ad3bad7a36901c07c 32e95ea2250953a1fcd48217d1d919c7e3612dceae16f34ba07e126b1b2aa810
CLIENT_HANDSHAKE_TRAFFIC_SECRET 7c523c1a7e9e579407b00f57ac3084dc7b01c0a240d3b38dcd0034ff31f409fb 76a494fbd131ee94fb5296bf27f54f9fdd5c771d5814a0ce48fcfc35ccd6a447
SERVER_HANDSHAKE_TRAFFIC_SECRET 7c523c1a7e9e579407b00f57ac3084dc7b01c0a240d3b38dcd0034ff31f409fb 5921fb94716d0b3fffd446b0fee617f7c9f22c1740cc4c35a82378877995ee09
CLIENT_TRAFFIC_SECRET_0 6a179fe1f220707ca286dabb0b6803113ccca0747aaa3a5fc484a37ecb0d3216 6ca7418e77a314ec91a6264d4a582ca7be93ee8ff00c46e6f7891069ff69c6a8
SERVER_TRAFFIC_SECRET_0 6a179fe1f220707ca286dabb0b6803113ccca0747aaa3a5fc484a37ecb0d3216 1aa6defa28aea2673a0bfcab3640b0d24efd6c1a9bf0071bcbfc13413149ec63
EXPORTER_SECRET 6a179fe1f220707ca286dabb0b6803113ccca0747aaa3a5fc484a37ecb0d3216 c64e0aa56c73b8896f5849d770d39c63bb2bd43afcc43e8967f4ea67d097d564
CLIENT_TRAFFIC_SECRET_0 3d2d58622925bed7f8f83e3277f260c6771491b0d73c96228a5a0ab923c65c00 ce1c1601c2b8f8d091e902b31f19c3161d3d5fe59771ae73609302e658415a2f
SERVER_TRAFFIC_SECRET_0 3d2d58622925bed7f8f83e3277f260c6771491b0d73c96228a5a0ab923c65c00 ca6b4f6af6202bb68ee9ea8d9462117e219430d5493f5b62db8d1faa32a1f508
EXPORTER_SECRET 3d2d58622925bed7f8f83e3277f260c6771491b0d73c96228a5a0ab923c65c00 03a7b6233520c2f9fff2f1129b894723ade8133368218f5d0b3b894578be83a4
CLIENT_TRAFFIC_SECRET_0 00048504cf91bbf3718437ce0ef93e64b344f5e01146163206b385c7bd62ed2b ee0a6e01aabcf078ffda68bdb5517ed000c5ab7bfcf982b687ea33b62e63a805
SERVER_TRAFFIC_SECRET_0 00048504cf91bbf3718437ce0ef93e64b344f5e01146163206b385c7bd62ed2b f828fab76af6c66ac743f3af43ab0f3cf87a757e79df8fd389f4abce9ee0a1eb
EXPORTER_SECRET 00048504cf91bbf3718437ce0ef93e64b344f5e01146163206b385c7bd62ed2b a629e38087173bb9d750efbf2f0fd73f958280601866bb53f620d85bd66f88d1
CLIENT_TRAFFIC_SECRET_0 4153499f870cbb3939894709adc50c2f7ff870d11868bf2ad3bad7a36901c07c 245babebe5b615eadef9c769cb9f0d623f848deaf4bb988d41aef59e01642a42
SERVER_TRAFFIC_SECRET_0 4153499f870cbb3939894709adc50c2f7ff870d11868bf2ad3bad7a36901c07c 336581504635ba54bbda61fe74f5e83075fedd90baefa7bfb0f41dd85bb2e76b
EXPORTER_SECRET 4153499f870cbb3939894709adc50c2f7ff870d11868bf2ad3bad7a36901c07c 0fe79d0eb0b9e2a09baceb89e441cb38bab4a15bfccd3b789bb526849a96c0f4
CLIENT_TRAFFIC_SECRET_0 7c523c1a7e9e579407b00f57ac3084dc7b01c0a240d3b38dcd0034ff31f409fb a85f2d4a17f9184f361a5688fe87d6291d5adeebf8129df5adc3c342edc33045
SERVER_TRAFFIC_SECRET_0 7c523c1a7e9e579407b00f57ac3084dc7b01c0a240d3b38dcd0034ff31f409fb 69dfb2cbb3adbd5150b07883bb60dbb3d53ab3fb21293d31fa16e18379b16b59
EXPORTER_SECRET 7c523c1a7e9e579407b00f57ac3084dc7b01c0a240d3b38dcd0034ff31f409fb 94f30fb71b90b28fd40b39e51bbf078e64f3b30af20a04c0a3d493f425668963
CLIENT_HANDSHAKE_TRAFFIC_SECRET 01b7d439241c4b35e55b968c6c11a872e18374ec055c468502488a38a8356081 2734813a24566559643d9eabdde9a0e593eac6930e8b27bdc77052e784ad3ec8
SERVER_HANDSHAKE_TRAFFIC_SECRET 01b7d439241c4b35e55b968c6c11a872e18374ec055c468502488a38a8356081 4727723d03932912eec38a235d365d7668cdc61e00dbdda53eecd99192180f20
CLIENT_TRAFFIC_SECRET_0 01b7d439241c4b35e55b968c6c11a872e18374ec055c468502488a38a8356081 3b48d3be92c437acdff2c82f5d379648dd1d17581e1a9a071c6fc7dfa155744c
SERVER_TRAFFIC_SECRET_0 01b7d439241c4b35e55b968c6c11a872e18374ec055c468502488a38a8356081 c4c6337b184d7e1852dcfc4e1f93e2bd4929b137f27a87866eeb855e1a711116
EXPORTER_SECRET 01b7d439241c4b35e55b968c6c11a872e18374ec055c468502488a38a8356081 49a4ef75bf603496467ebcc314834057c5486126f51ee2fe34ef2ab95c79cb3a
CLIENT_HANDSHAKE_TRAFFIC_SECRET 71f648391bb2df62cf1702af4e3085c2bda5bc0183edd2f51b238a7905b661e9 2f267de95a31bfcdbb14c794670519f10d511cd0db45c5953d2d728fdab76d23
SERVER_HANDSHAKE_TRAFFIC_SECRET 71f648391bb2df62cf1702af4e3085c2bda5bc0183edd2f51b238a7905b661e9 f215960702e0de0105599aa2002d578049c091bc7e384fa78c7013333bb4275e
CLIENT_HANDSHAKE_TRAFFIC_SECRET 79cbb43928a8097210e429b8f83462cc3bb0432d1e7d8cc08290f971e8732e39 852697733e7d4a7b12e1e9faed9a8d9f0370515af64f4be4ffc8523d92658bad
SERVER_HANDSHAKE_TRAFFIC_SECRET 79cbb43928a8097210e429b8f83462cc3bb0432d1e7d8cc08290f971e8732e39 1a019cf6047b59d88be7ebc8de3b7a2414248ad64a7e12e8edf4cf6671c3e108
CLIENT_TRAFFIC_SECRET_0 71f648391bb2df62cf1702af4e3085c2bda5bc0183edd2f51b238a7905b661e9 d188ca8082db6567d8d397940dd22a5998d80b5c56f7b6f41d2d6e5a69ec22d6
SERVER_TRAFFIC_SECRET_0 71f648391bb2df62cf1702af4e3085c2bda5bc0183edd2f51b238a7905b661e9 bb019b9191fde50c21547f1fdb2b54f207f8000d763bd314e2abb7c6196a933e
EXPORTER_SECRET 71f648391bb2df62cf1702af4e3085c2bda5bc0183edd2f51b238a7905b661e9 045a6d533178d1b48d5d50524cb061e2b1841c40e8021421c69432466eedd2df
CLIENT_TRAFFIC_SECRET_0 79cbb43928a8097210e429b8f83462cc3bb0432d1e7d8cc08290f971e8732e39 990d1fb69b48e6e3d8e61726e9ea103cc7b81b701890cd3eb08d530cb87e598a
SERVER_TRAFFIC_SECRET_0 79cbb43928a8097210e429b8f83462cc3bb0432d1e7d8cc08290f971e8732e39 ed6a2590934536f8c3137c5c3fa0daa1522e218cddad194954708aca76c3b847
EXPORTER_SECRET 79cbb43928a8097210e429b8f83462cc3bb0432d1e7d8cc08290f971e8732e39 80ae0b9cfb4ebcd591665fcd7aed8bafd800f3b9ce0e6e8349525a77660426e8
CLIENT_HANDSHAKE_TRAFFIC_SECRET 954e0315f6aec22ea65df865b908cb32facc480875db77a0510ea2fe897e4d32 1037ac6d9dd12c0a3abf349a8eb57494ef3d0f921487fcc2b2b09e4838f26159
SERVER_HANDSHAKE_TRAFFIC_SECRET 954e0315f6aec22ea65df865b908cb32facc480875db77a0510ea2fe897e4d32 ca100621e99ba8d4065e2ed3b40b5ce3f165528b2cfca0d0ba4c4813197a8f57
CLIENT_TRAFFIC_SECRET_0 954e0315f6aec22ea65df865b908cb32facc480875db77a0510ea2fe897e4d32 ea8a68edd2d952a19b7281baa69a231d1c24a6759f3dfa5a6896457e01ac3aff
SERVER_TRAFFIC_SECRET_0 954e0315f6aec22ea65df865b908cb32facc480875db77a0510ea2fe897e4d32 d99ce9de697b9a00a041c8202510d56092cd4bd4ca3efe8d5173ad0314b47cd0
EXPORTER_SECRET 954e0315f6aec22ea65df865b908cb32facc480875db77a0510ea2fe897e4d32 a9852a5d8f2f8fe6a6d8d05d30ae48d304aa6e06bd11d0d053dab261db4a8a65
CLIENT_HANDSHAKE_TRAFFIC_SECRET d1baab65b51bda9c74e184d262bbca3afbc8ae85a9e9b6c3e14e0af955f09330 c57c3724bbef106f70ab3f4df6238f47a041f0af98e36cd5b60105432a425572
SERVER_HANDSHAKE_TRAFFIC_SECRET d1baab65b51bda9c74e184d262bbca3afbc8ae85a9e9b6c3e14e0af955f09330 a89d309c6eff901f0035ebdd4a5932f6054d8bce42f7f49ac914f4e24e3f9c80
CLIENT_HANDSHAKE_TRAFFIC_SECRET d703f20894c23363f484f2ac39b715c329687aa112bb22103e49a9877b756b19 3ad7d73638f92df6c53a88c7b54d027a214844a2b5c279bc0612ba3fb9c9d3e2
SERVER_HANDSHAKE_TRAFFIC_SECRET d703f20894c23363f484f2ac39b715c329687aa112bb22103e49a9877b756b19 606f352908ef76644fc5b6f3336982ba940874a69715a06af210473bc74f8d24
CLIENT_TRAFFIC_SECRET_0 d703f20894c23363f484f2ac39b715c329687aa112bb22103e49a9877b756b19 ca4ad01844bb5f9fbd3e860463e0b53ff814e8200bf6cf07f8c63c6890664ef3
SERVER_TRAFFIC_SECRET_0 d703f20894c23363f484f2ac39b715c329687aa112bb22103e49a9877b756b19 06a558122ac1bd07664e7d5b281919d1a540f7fa45886333283861a1052c4b1b
EXPORTER_SECRET d703f20894c23363f484f2ac39b715c329687aa112bb22103e49a9877b756b19 f9b33adfe53f65bc81c9a2c47c91cb0c352c47025dc83600ec50a2fa38d35169
CLIENT_TRAFFIC_SECRET_0 d1baab65b51bda9c74e184d262bbca3afbc8ae85a9e9b6c3e14e0af955f09330 9bef3281a7b167bba89f5cc7530fd0a4e56a4f203f965045a24c698120402445
SERVER_TRAFFIC_SECRET_0 d1baab65b51bda9c74e184d262bbca3afbc8ae85a9e9b6c3e14e0af955f09330 4174c0cdedf6b1376eb47f170c40b5500df6cb9a38e9258893102cc753a88267
EXPORTER_SECRET d1baab65b51bda9c74e184d262bbca3afbc8ae85a9e9b6c3e14e0af955f09330 fd852f28cc003cd493217580d165eff4dd67d0a0b57322cc3cc46e8b66753361
CLIENT_HANDSHAKE_TRAFFIC_SECRET 37db3d5274157cf679485a8640b28911285b2f1adeaad417b9b7e7bd35717e77 43d801365f030d77c1aa8057f68cd1c72d11a3784ed46c91c80d5bf429639411
SERVER_HANDSHAKE_TRAFFIC_SECRET 37db3d5274157cf679485a8640b28911285b2f1adeaad417b9b7e7bd35717e77 d1e7c324f7f8434b1fa131ca62b67d74ead204591b6a6bb41fc302db813fac42
CLIENT_TRAFFIC_SECRET_0 37db3d5274157cf679485a8640b28911285b2f1adeaad417b9b7e7bd35717e77 965833fa7ea84d2beb1ebfc4d7ec1559ab84c1732d47672a80d6769a80e130be
SERVER_TRAFFIC_SECRET_0 37db3d5274157cf679485a8640b28911285b2f1adeaad417b9b7e7bd35717e77 3ecca780c8f5f6651921529abc25380fbc434694678eefb79925cb5e605e7884
EXPORTER_SECRET 37db3d5274157cf679485a8640b28911285b2f1adeaad417b9b7e7bd35717e77 739cfacc748be91bb67c2f0bcd51cbcfd0e9e91613bc17e3f1cadf4da7460bb7
CLIENT_HANDSHAKE_TRAFFIC_SECRET 9bf80f798b8f97b0aa25a9dd3e38391ed7ddd7b025d56ce082a60207c06f7c5e eef6ab07fa1620746c058fcf691e993a2af3afd58a68aeeb02839b780f68ca86
SERVER_HANDSHAKE_TRAFFIC_SECRET 9bf80f798b8f97b0aa25a9dd3e38391ed7ddd7b025d56ce082a60207c06f7c5e a1733f0a6c8df830595db7698f9069602581d98b79d7daedb7c4ab650a683f18
CLIENT_TRAFFIC_SECRET_0 9bf80f798b8f97b0aa25a9dd3e38391ed7ddd7b025d56ce082a60207c06f7c5e 4688ef236598ff68bbfa2e646c470e037f04d1f0e8857178250b97d80b3bf01f
SERVER_TRAFFIC_SECRET_0 9bf80f798b8f97b0aa25a9dd3e38391ed7ddd7b025d56ce082a60207c06f7c5e f6eb287cc6c6f5508e8032bdb537d5d28545bc5617f884ed36b8df84604d75bc
EXPORTER_SECRET 9bf80f798b8f97b0aa25a9dd3e38391ed7ddd7b025d56ce082a60207c06f7c5e 0bdf9e47ac2489468cd65309a0b808787513c1f9885f5fb07be07c583d5bbb73
CLIENT_HANDSHAKE_TRAFFIC_SECRET 55ec18cfcb574085cf615becd892a0ab1a904aac30a8d2e96185193da66de079 e04b9505614da333370c3898485543e08e0736bf8aeac4738e2c1ebdccf5f520
SERVER_HANDSHAKE_TRAFFIC_SECRET 55ec18cfcb574085cf615becd892a0ab1a904aac30a8d2e96185193da66de079 b7113c5da3bdc3fea181e4a565b7d1d2b340ffe55f6cf2156cdd8d8d7bc66997
CLIENT_HANDSHAKE_TRAFFIC_SECRET 0ce052ae3621f77d542161705e348b85122e2810c3a91b8350c7b4640ae48179 dc3f530427f4f1f022a6a38e7e2a8a957e038d3a94763b75a4ce21f91581f339
SERVER_HANDSHAKE_TRAFFIC_SECRET 0ce052ae3621f77d542161705e348b85122e2810c3a91b8350c7b4640ae48179 c0f025085e341e210bc963c7ca6bea5dd70c24d87f20e39c5a89cc3660f9b33f
CLIENT_TRAFFIC_SECRET_0 55ec18cfcb574085cf615becd892a0ab1a904aac30a8d2e96185193da66de079 2a80087ca39e524289fab0a80b59481d231cb6efecf0ffb866c41769e4980f47
SERVER_TRAFFIC_SECRET_0 55ec18cfcb574085cf615becd892a0ab1a904aac30a8d2e96185193da66de079 3e6fff2b250b2ed2f7e337927ed3edc7e36ebbcd7021710c1ebeef3e581b34a2
EXPORTER_SECRET 55ec18cfcb574085cf615becd892a0ab1a904aac30a8d2e96185193da66de079 3a49c2f45f90dfec935d985407302d7421596ac05190544ef09ce565e2e1ec14
CLIENT_TRAFFIC_SECRET_0 0ce052ae3621f77d542161705e348b85122e2810c3a91b8350c7b4640ae48179 a35009af646bdb688c8a7b6e11a113b180430f57f13bc3166044867008145368
SERVER_TRAFFIC_SECRET_0 0ce052ae3621f77d542161705e348b85122e2810c3a91b8350c7b4640ae48179 bfbec32de1d7b1739a898e00c7e70ea81b7b2d7a2791bee13798e18e7a0321e0
EXPORTER_SECRET 0ce052ae3621f77d542161705e348b85122e2810c3a91b8350c7b4640ae48179 7abb3d582a655ce0eec696b9e57c26d77d23c8c3c3b0bbb119a86d3045cbe791
CLIENT_HANDSHAKE_TRAFFIC_SECRET 330e1799269388a242a8f0219cfc11de15f99bbab57ea9784c140a40ba9b7abb 60b9b89887f18e5719594b81f234e24015ec2c96627ee18b1a19c4887bbeff09
SERVER_HANDSHAKE_TRAFFIC_SECRET 330e1799269388a242a8f0219cfc11de15f99bbab57ea9784c140a40ba9b7abb f65081b711071849f63d687e89e52f67137147a2ced89274f4ca9b8dfa0fc442
CLIENT_TRAFFIC_SECRET_0 330e1799269388a242a8f0219cfc11de15f99bbab57ea9784c140a40ba9b7abb c0e8e7675f3ac3d9cd0ea5ecf297ce80bc4401f6af41325a7bd091cb4c93af3a
SERVER_TRAFFIC_SECRET_0 330e1799269388a242a8f0219cfc11de15f99bbab57ea9784c140a40ba9b7abb 703cab4ad911170a854361d492d922de667abe893c20bfe07344da014360ea33
EXPORTER_SECRET 330e1799269388a242a8f0219cfc11de15f99bbab57ea9784c140a40ba9b7abb 835618ae35e5bcd6871ab359985d5085f7f18ea6271cfac694416cef1fd7c30d
