CLIENT_HANDSHAKE_TRAFFIC_SECRET bf9c48b710d4519143f87be5968e4a0d946c43a9dad0810c9ac43587af139569 4b6517417f56cbef602aeaadcf0a2c4a9c9a65230f15b20d213e254223756127
SERVER_HANDSHAKE_TRAFFIC_SECRET bf9c48b710d4519143f87be5968e4a0d946c43a9dad0810c9ac43587af139569 5680a0619586b4228365bc68ee6c7af686a451c13eff49219a8328a9e5de8440
CLIENT_TRAFFIC_SECRET_0 bf9c48b710d4519143f87be5968e4a0d946c43a9dad0810c9ac43587af139569 46944a7ff7bf3b1f18674b28acd611a7a84aab34a5428f393acdfdb30fd34c74
SERVER_TRAFFIC_SECRET_0 bf9c48b710d4519143f87be5968e4a0d946c43a9dad0810c9ac43587af139569 9f1eacbb60fe731f183d5590894eea432e177bf3703f174c6a56d0a005d43e0c
EXPORTER_SECRET bf9c48b710d4519143f87be5968e4a0d946c43a9dad0810c9ac43587af139569 2bcbc1fb76a2eeee7030bacc3a62067a477dbcae0958a21b5ea4c8de408556a0
CLIENT_HANDSHAKE_TRAFFIC_SECRET 362d467fef19dfd439a44539ad1fd5d50b0305106f0b9e26ec6db9cefe53c795 2295a795ba974c86608467920b22d76be95335a5e2a67d1e304d4af547d02499
SERVER_HANDSHAKE_TRAFFIC_SECRET 362d467fef19dfd439a44539ad1fd5d50b0305106f0b9e26ec6db9cefe53c795 4700f1c290b2d0051013f08152c0cecf87aacad265853284294d397367dee768
CLIENT_TRAFFIC_SECRET_0 362d467fef19dfd439a44539ad1fd5d50b0305106f0b9e26ec6db9cefe53c795 e49dfa8089e2454d5a53fec35e03cce97bca605c0c88fa1de6a1cb92fe187dda
SERVER_TRAFFIC_SECRET_0 362d467fef19dfd439a44539ad1fd5d50b0305106f0b9e26ec6db9cefe53c795 1fb8e964bedfbc74a2bf9aed901067c11892f9e5b4c3bec2b66100700e57c497
EXPORTER_SECRET 362d467fef19dfd439a44539ad1fd5d50b0305106f0b9e26ec6db9cefe53c795 52d2069c831b5cc1536ce23f15b4af8fa20d5be9ffb48ad13e8513ccdd0e0492
CLIENT_HANDSHAKE_TRAFFIC_SECRET 3be89117abe36c2cbf6536a7320c3faf12f4d803231373b8b23ff274208e881a 9b35e2a59f26131d9f98c338a5842297511f5eea206ba55b4592d1d94cb7b2ec
SERVER_HANDSHAKE_TRAFFIC_SECRET 3be89117abe36c2cbf6536a7320c3faf12f4d803231373b8b23ff274208e881a 0588bdcaafcf576748606e96260ad2e8d27f3346db4589257dc22f4edf8220a8
CLIENT_TRAFFIC_SECRET_0 3be89117abe36c2cbf6536a7320c3faf12f4d803231373b8b23ff274208e881a 945007af814792904c1d7607ba03a6e0e29c297c915844ecea252c0bf17eb451
SERVER_TRAFFIC_SECRET_0 3be89117abe36c2cbf6536a7320c3faf12f4d803231373b8b23ff274208e881a 7548eb1c7fcec3a969d4b134ea1d6095cf8d795072fa6e470c51127f54f0dd7b
EXPORTER_SECRET 3be89117abe36c2cbf6536a7320c3faf12f4d803231373b8b23ff274208e881a 790ccabedd5e15fdf76e35fe6081d24492b4740fe6b5b4f5972f04a3f454e705
CLIENT_HANDSHAKE_TRAFFIC_SECRET 4e6081c968dee43b803a6cee9abfe8d3ed0279170b3f77eaed2dbfa450ac675e 2d4ef6ea785f429cc37e9f70b43d12da2588d48815203aa38d2475f8985ad30f
SERVER_HANDSHAKE_TRAFFIC_SECRET 4e6081c968dee43b803a6cee9abfe8d3ed0279170b3f77eaed2dbfa450ac675e 780c7ac24213bec647fa76f3f649ad963321b4c34811626bf0d1ee863f317819
CLIENT_TRAFFIC_SECRET_0 4e6081c968dee43b803a6cee9abfe8d3ed0279170b3f77eaed2dbfa450ac675e 75f156351c6b913fd215e056bcf98221ecfb7ce7c7ef18dc0251be0a1a8e3983
SERVER_TRAFFIC_SECRET_0 4e6081c968dee43b803a6cee9abfe8d3ed0279170b3f77eaed2dbfa450ac675e e99519339ea70893d456812a1278a4ec7767c6ed8820d25c721521f3817314a6
EXPORTER_SECRET 4e6081c968dee43b803a6cee9abfe8d3ed0279170b3f77eaed2dbfa450ac675e 5ab9ad5d9cd846bba9aa88ffb355913b97671b92ad76b762986a9dc6f3cad59b
CLIENT_HANDSHAKE_TRAFFIC_SECRET 7159130b60404bf3f12d9973f5dc9dce0bc0cedb3a4aaa70b482dd1dc25424bd 382e0ab5871e4c79971ec4e4115fe8e54500dc1a2469f2828411d9aae1ae42433560cba22a334f82f8cfce50ac9f8d64
SERVER_HANDSHAKE_TRAFFIC_SECRET 7159130b60404bf3f12d9973f5dc9dce0bc0cedb3a4aaa70b482dd1dc25424bd 153e7a211c9980d473221f28ea0c35ca96cf2ba6d9a80f78a21ea88ec062ce1d49816f10f4fb802fa62d940ac8a0feb2
CLIENT_TRAFFIC_SECRET_0 7159130b60404bf3f12d9973f5dc9dce0bc0cedb3a4aaa70b482dd1dc25424bd 5b639ada31a106efeffe4b3d13a9fb67bbe8f861d545fed46218e15fcb5d57abff74fd8b98825c724d3f0b50e8f15bbe
SERVER_TRAFFIC_SECRET_0 7159130b60404bf3f12d9973f5dc9dce0bc0cedb3a4aaa70b482dd1dc25424bd 33f122bad7964e70576fce9cddf0547f34e40cc16ac8fe26ac1e88ffbb8e87fc960b7bf9b2dd700a2ab9b6920ce22c20
EXPORTER_SECRET 7159130b60404bf3f12d9973f5dc9dce0bc0cedb3a4aaa70b482dd1dc25424bd ee1c05fa2d2f622fb433424a143bdc907317ece2fcb4c7f9c460e1ba0cc1119d952631686a97157d138e2d3f5729875e
CLIENT_HANDSHAKE_TRAFFIC_SECRET 4ca06c334a98c2536b5a2f5ce0d0a794c83218e609731e84f8a13a0976e21dca a76285be36bce86cc6e599617a359cdf93ac006847f794709ab8665e70e660d1
SERVER_HANDSHAKE_TRAFFIC_SECRET 4ca06c334a98c2536b5a2f5ce0d0a794c83218e609731e84f8a13a0976e21dca 2d3a909949ed0f5d0241a746f8e0d43890ba5324585e1006f1a17e67052dda0a
CLIENT_HANDSHAKE_TRAFFIC_SECRET 7c65833810a105e6f222cf38c4329f7f2e96a7fabc6d3991934e11d9c3e46cc7 6fdfcaf1e26e3bc96e3c4b857314f1216ce181df44ffb0da1a82ebb463c34c55
SERVER_HANDSHAKE_TRAFFIC_SECRET 7c65833810a105e6f222cf38c4329f7f2e96a7fabc6d3991934e11d9c3e46cc7 2bb79ace91a08da7e2ed27af19cce2513fa45c528f820ca10607666e16156302
CLIENT_TRAFFIC_SECRET_0 4ca06c334a98c2536b5a2f5ce0d0a794c83218e609731e84f8a13a0976e21dca fb8a786c8cda373c120e747c6436c03da84861244dc3aef57f293d75f0122034
SERVER_TRAFFIC_SECRET_0 4ca06c334a98c2536b5a2f5ce0d0a794c83218e609731e84f8a13a0976e21dca e8308b7e9ea28c4be401b541771b02b5faa0488b0f701bc2db4a24c09299d9d2
EXPORTER_SECRET 4ca06c334a98c2536b5a2f5ce0d0a794c83218e609731e84f8a13a0976e21dca 450e22d4351539fed42719c4d58d9418911b7e1427a6b4656be3e4a9faede709
CLIENT_TRAFFIC_SECRET_0 7c65833810a105e6f222cf38c4329f7f2e96a7fabc6d3991934e11d9c3e46cc7 294ef945f1d1d110e978b76a192406a1e289ca276faeb8be864ae8721de4c168
SERVER_TRAFFIC_SECRET_0 7c65833810a105e6f222cf38c4329f7f2e96a7fabc6d3991934e11d9c3e46cc7 e0c5c374f11a72e46f74ad7d914c7e858a6fbd07b41f3bf4fbda37ec508d1ee2
EXPORTER_SECRET 7c65833810a105e6f222cf38c4329f7f2e96a7fabc6d3991934e11d9c3e46cc7 a1c50dbba9bc942afd02c0d3e81553f954d0ffa334d8285015e71f05d77f905a
CLIENT_HANDSHAKE_TRAFFIC_SECRET 761fbc78ba6d1239d540620fe7e90a8214a1f89b4ebcaa8dd3d0fee3c2e8acad 30d0ae8d29ec6ad81db38a8093bb6854f9c6d8d30d5202e6eefe53a61e3a15d8
SERVER_HANDSHAKE_TRAFFIC_SECRET 761fbc78ba6d1239d540620fe7e90a8214a1f89b4ebcaa8dd3d0fee3c2e8acad 9e263be89f71ac8701e7d3ecbb20347e866e208ac74cc94373ccbf79b43d2fad
CLIENT_TRAFFIC_SECRET_0 761fbc78ba6d1239d540620fe7e90a8214a1f89b4ebcaa8dd3d0fee3c2e8acad 3d4c895272eb4fdf8c9ff663a9e7d0e74be526f6b0b90e3b6507061aafc0e361
SERVER_TRAFFIC_SECRET_0 761fbc78ba6d1239d540620fe7e90a8214a1f89b4ebcaa8dd3d0fee3c2e8acad db8939da3009777bae1f71dc9391ad90ca6692d17f947cc0b96211fb60328949
EXPORTER_SECRET 761fbc78ba6d1239d540620fe7e90a8214a1f89b4ebcaa8dd3d0fee3c2e8acad a02bce00a78d07e63ad596e7aa9618da2f99c49738192287dbd82c6bf23f377b
CLIENT_HANDSHAKE_TRAFFIC_SECRET 4f43b269530b616f10f3407756137708a7ca72c83526b82584a2c771cb39f5c7 21f5387e4575cc051cd7943f71e33877c7aec71a13eac193b19d5c9808edfcf2
SERVER_HANDSHAKE_TRAFFIC_SECRET 4f43b269530b616f10f3407756137708a7ca72c83526b82584a2c771cb39f5c7 52f9b486ef50c73101421bb7e858fddbbaa2a76a95885925e4dc98d6db60c67e
CLIENT_TRAFFIC_SECRET_0 4f43b269530b616f10f3407756137708a7ca72c83526b82584a2c771cb39f5c7 7ab1d3182861fcdd9bc963ad063cb0be7a04183da96681506813811cf0f4c09c
SERVER_TRAFFIC_SECRET_0 4f43b269530b616f10f3407756137708a7ca72c83526b82584a2c771cb39f5c7 99a005fc1d51762e71e9c3be85f47c7ec58c96f2eafc32aa79814b5ea33baa0a
EXPORTER_SECRET 4f43b269530b616f10f3407756137708a7ca72c83526b82584a2c771cb39f5c7 27b42f621811edb43582e509aa3cdc327e79d9fd947d5f1b4789e2a31c9032f4
CLIENT_HANDSHAKE_TRAFFIC_SECRET f3853d112c8d574d29082ba42bea108a69e76034c5f9a76becaab13b41ab1b5c 2f0247d9f2283685c6864eb68b783a5d14c40365ac0a3a886d5b85ac405b80e0
SERVER_HANDSHAKE_TRAFFIC_SECRET f3853d112c8d574d29082ba42bea108a69e76034c5f9a76becaab13b41ab1b5c 27258f001552b74eb293e4f3e84714db46c9a87956bf02f98bcee64fa44bd24a
CLIENT_TRAFFIC_SECRET_0 f3853d112c8d574d29082ba42bea108a69e76034c5f9a76becaab13b41ab1b5c d019555fce13d0a5fe22b46c91dc08c0e4dbf89c5c3bde0b8ed78bd3cb54ca37
SERVER_TRAFFIC_SECRET_0 f3853d112c8d574d29082ba42bea108a69e76034c5f9a76becaab13b41ab1b5c ce27d66234f10d5017db9f0ceafa29b60c8c5db4532d0a7922a49edcfe161287
EXPORTER_SECRET f3853d112c8d574d29082ba42bea108a69e76034c5f9a76becaab13b41ab1b5c c7aa254791932cd051a9dcb56a0eed64960889f9521ae050711e7055c062e51e
CLIENT_HANDSHAKE_TRAFFIC_SECRET 31e6f7cf70f55a505673f762c08111e4b03ba2e1e52827655d7b22b4b7c8fbd7 805c2bb20381767a67ae7c4157c84aee6f9400fbdb41b2a8e8ec78b55352c368
SERVER_HANDSHAKE_TRAFFIC_SECRET 31e6f7cf70f55a505673f762c08111e4b03ba2e1e52827655d7b22b4b7c8fbd7 068bcd3af391d2519d2fc43f9f46e591be15121fa72c397763ee6838327bc14d
CLIENT_TRAFFIC_SECRET_0 31e6f7cf70f55a505673f762c08111e4b03ba2e1e52827655d7b22b4b7c8fbd7 792c86843a0ee8b9354c0c9833a536f193725c104e99902114d8020cf219d811
SERVER_TRAFFIC_SECRET_0 31e6f7cf70f55a505673f762c08111e4b03ba2e1e52827655d7b22b4b7c8fbd7 dc7d92035d19243cd9163cfe778213d9e59310feef2ad5d07b4ede75517e60e8
EXPORTER_SECRET 31e6f7cf70f55a505673f762c08111e4b03ba2e1e52827655d7b22b4b7c8fbd7 8a09bc50c764577da683575b2b9281e0c3ef6e9e9eee3be2d5e96175b3245ce7
CLIENT_HANDSHAKE_TRAFFIC_SECRET f69a24dfd7bda519fcaaecd54998cbfb17b28d93e192f13a6d3c4a9eff2dae8a 4b654c7ac0ad4ab6621e0f96890d4de5fd812f6ac1cc127731036a18495981ca
SERVER_HANDSHAKE_TRAFFIC_SECRET f69a24dfd7bda519fcaaecd54998cbfb17b28d93e192f13a6d3c4a9eff2dae8a da903b31edb06ab3972bccbbea37eb97f45705a868d065859fbb9a654a61a51a
CLIENT_TRAFFIC_SECRET_0 f69a24dfd7bda519fcaaecd54998cbfb17b28d93e192f13a6d3c4a9eff2dae8a 751abfd1e51441655a9d8f213b42944852d018fe7a11d1760511d40e496132d6
SERVER_TRAFFIC_SECRET_0 f69a24dfd7bda519fcaaecd54998cbfb17b28d93e192f13a6d3c4a9eff2dae8a a3f7e0df2af936b349b64aedd623b583071faf9f1b858bf344250a45001a3dcf
EXPORTER_SECRET f69a24dfd7bda519fcaaecd54998cbfb17b28d93e192f13a6d3c4a9eff2dae8a 7fc79e6091e92412a0d802854a667584a9b746ada343b63583efa67a0c0671f6
CLIENT_HANDSHAKE_TRAFFIC_SECRET dc4960fb3ba9e0dbb43c6a423ee5f9576c904d8ebf2e9b9ca46e139069eae806 20d7a27b38e84e6f9f66dcafe4411f949c9ada6b5df96ce45d2ba811f2e4a5fc
SERVER_HANDSHAKE_TRAFFIC_SECRET dc4960fb3ba9e0dbb43c6a423ee5f9576c904d8ebf2e9b9ca46e139069eae806 fd5130e10182dc53b8667e087ef33e230a70d01c5969822805d7a7ac0fb61275
CLIENT_TRAFFIC_SECRET_0 dc4960fb3ba9e0dbb43c6a423ee5f9576c904d8ebf2e9b9ca46e139069eae806 220b1cba2eb6079310f3bef050b94d4b48727846841bdbe5a1202404f8f6b6ff
SERVER_TRAFFIC_SECRET_0 dc4960fb3ba9e0dbb43c6a423ee5f9576c904d8ebf2e9b9ca46e139069eae806 815f683185b58d1399666f4c6a34c56498a0ce2c1a27f138c46930d042dd7564
EXPORTER_SECRET dc4960fb3ba9e0dbb43c6a423ee5f9576c904d8ebf2e9b9ca46e139069eae806 141833c0ef0cc23d52e162a6ff97f7629278259a320c9570694525389d98d5b2
CLIENT_HANDSHAKE_TRAFFIC_SECRET 3d4f35ebfea94655e70cbaf1dc5074a20d91c6eff9b34f440f72f26af8e0bc5c 28f85c2901ed11e2839208bc708c0f807516aa7ab2e0cb60a14850fe9b54f879
SERVER_HANDSHAKE_TRAFFIC_SECRET 3d4f35ebfea94655e70cbaf1dc5074a20d91c6eff9b34f440f72f26af8e0bc5c 4e2d6d2a8e3542e15e95039b618f621040842d38c34509287aacb0b453a276ef
CLIENT_TRAFFIC_SECRET_0 3d4f35ebfea94655e70cbaf1dc5074a20d91c6eff9b34f440f72f26af8e0bc5c f18bf6df48f20df764d67cf1fd021b1510da0834809981c30fe2fe360b183a0c
SERVER_TRAFFIC_SECRET_0 3d4f35ebfea94655e70cbaf1dc5074a20d91c6eff9b34f440f72f26af8e0bc5c 8442129868fefcfaf3f52362404233e8718998715df23c09f157b61c74af76c9
EXPORTER_SECRET 3d4f35ebfea94655e70cbaf1dc5074a20d91c6eff9b34f440f72f26af8e0bc5c d74abf26cb84f7de1aa623b4215a1152a3d72979c504235cc4ac7786b407e1df
CLIENT_HANDSHAKE_TRAFFIC_SECRET 29cbfefcec44c00b2c6caacbd0cbf2e24332fdd5a08df90716f68971a5fe6038 14816af6920edcae3a12ce7540dd7c6a4e9a9248ab5d8810888fc1cafff5104a
SERVER_HANDSHAKE_TRAFFIC_SECRET 29cbfefcec44c00b2c6caacbd0cbf2e24332fdd5a08df90716f68971a5fe6038 be9ac6ec4701b8db4669a9f9827f49721f52655c76e8fcc9639a133786838afd
CLIENT_TRAFFIC_SECRET_0 29cbfefcec44c00b2c6caacbd0cbf2e24332fdd5a08df90716f68971a5fe6038 b3d5143b58417bb030e4dfd534c30c6e767fec39ad87be3610f01e9b19aafa31
SERVER_TRAFFIC_SECRET_0 29cbfefcec44c00b2c6caacbd0cbf2e24332fdd5a08df90716f68971a5fe6038 fdef5c19ab984b28da67f54e34af49055abd145a5ef64c95f006457f88eed603
EXPORTER_SECRET 29cbfefcec44c00b2c6caacbd0cbf2e24332fdd5a08df90716f68971a5fe6038 593a17e13ed8d32a86e6b40ce59d44a53d32323dd818d31b227cae329fa193c6
CLIENT_HANDSHAKE_TRAFFIC_SECRET fcf747982a2aa5546062440669ee19761dc7cf9486a33e32abe710a42f7bf02f cd3a2a86477ae9798eac851c7596d0c3b9af342d388cf35a849b525317640b5d9f93509cb3009fcce38697b28f34e69b
SERVER_HANDSHAKE_TRAFFIC_SECRET fcf747982a2aa5546062440669ee19761dc7cf9486a33e32abe710a42f7bf02f 75a36228c4c7ae16d79f2b4daa5ec7b958d91370b139f613ab62adba1ca6264090e5a2f3720b05b061f0e418ab0ef870
CLIENT_TRAFFIC_SECRET_0 fcf747982a2aa5546062440669ee19761dc7cf9486a33e32abe710a42f7bf02f 6b5bdfecb94e598fbbd8e9edd9c29dcd1a8aef23d77523858af2a0c6b6d16c670eac9cea60f7bda9597c8aa26e350b57
SERVER_TRAFFIC_SECRET_0 fcf747982a2aa5546062440669ee19761dc7cf9486a33e32abe710a42f7bf02f 80c8d03c768b73d2b1f9ed8077a866de01f60ffea364ed5a823fb412dda5b9598ffd2d1aad62b7c4edcff34831e201d6
EXPORTER_SECRET fcf747982a2aa5546062440669ee19761dc7cf9486a33e32abe710a42f7bf02f a0c47f737810a57035e6637f9b7f1c4583952fdf3f13e6e97dfcef5e159c33540bd90f7e7aedabd4228decf04d0dedcb
CLIENT_HANDSHAKE_TRAFFIC_SECRET 51ea163e05c79404b411ed928dc20387dd7081dd03bdff52cf809c08c1b75c71 c1fd29e3409a05d0548d9cdc1497a9fde0ba1f55119cf73bfe596b74eecc5536
SERVER_HANDSHAKE_TRAFFIC_SECRET 51ea163e05c79404b411ed928dc20387dd7081dd03bdff52cf809c08c1b75c71 90b09e25283633e0f85fefe16e66ae5b0ac260bd15d2b02f5bec86a59e2dbd25
CLIENT_TRAFFIC_SECRET_0 51ea163e05c79404b411ed928dc20387dd7081dd03bdff52cf809c08c1b75c71 6366cc88bc779c085203cf27206c3f8480ee2464abc0ebd51da6a7dedf59d2e6
SERVER_TRAFFIC_SECRET_0 51ea163e05c79404b411ed928dc20387dd7081dd03bdff52cf809c08c1b75c71 459fc17853c35522299ff089cc5c963f4258b805bbc90d56b4efc100f8eecb0c
EXPORTER_SECRET 51ea163e05c79404b411ed928dc20387dd7081dd03bdff52cf809c08c1b75c71 20d31ba8b57e1ce0c1ae47e98fcd8c628acc6a549f9e7f631eff84953a463d04
CLIENT_HANDSHAKE_TRAFFIC_SECRET fbda19427555abd0f5d12b6357b69445d11a153245924a4e5c89e95bba26ffef 3031e25cea250f9a7e877f52580adfd082c0f7c14485837bdf21f16751f0d35f
SERVER_HANDSHAKE_TRAFFIC_SECRET fbda19427555abd0f5d12b6357b69445d11a153245924a4e5c89e95bba26ffef beb4f29b251258243d59196e206f837fd5ed1996f4d8f9bfd2d1cbde06a66d48
CLIENT_TRAFFIC_SECRET_0 fbda19427555abd0f5d12b6357b69445d11a153245924a4e5c89e95bba26ffef 743af0d3e84cdb1c209f2b9a950e00299efb7ba8962ac6b623b4978e0da395f7
SERVER_TRAFFIC_SECRET_0 fbda19427555abd0f5d12b6357b69445d11a153245924a4e5c89e95bba26ffef de47fa9177994414a60f8577ed749013254299c6a4f468c1b365fadd27b44dd4
EXPORTER_SECRET fbda19427555abd0f5d12b6357b69445d11a153245924a4e5c89e95bba26ffef f4fe63c7ef4e0c8001969e55154ef86303963ed789c11432bdf28eb5842fe7ce
CLIENT_HANDSHAKE_TRAFFIC_SECRET 7881ff53f448452e7b84620c1bd0db2fa2b5b5b035725f8813cbbddbe5a1a5a3 552fc6450f0ba474792652a125ab9aeb194d0354737cb126bb600eba79eae5f3
SERVER_HANDSHAKE_TRAFFIC_SECRET 7881ff53f448452e7b84620c1bd0db2fa2b5b5b035725f8813cbbddbe5a1a5a3 b2107c4a7cb73815ad6f3c0598806f68a25bcd75d2a73dbf43621fa8944e4201
CLIENT_TRAFFIC_SECRET_0 7881ff53f448452e7b84620c1bd0db2fa2b5b5b035725f8813cbbddbe5a1a5a3 69821b4bf7a55fff252771feb9b99abf3bb6c69e1d028c6f73e83b52ec580422
SERVER_TRAFFIC_SECRET_0 7881ff53f448452e7b84620c1bd0db2fa2b5b5b035725f8813cbbddbe5a1a5a3 e8c58a2449c87aeec593fedb6000a0dd581431fd0680a41150eee57a982550af
EXPORTER_SECRET 7881ff53f448452e7b84620c1bd0db2fa2b5b5b035725f8813cbbddbe5a1a5a3 f77847bbeed97721c6360eb526db207946b5b23ce423f486169658eae1619947
CLIENT_HANDSHAKE_TRAFFIC_SECRET 46043fb3a46612343d1ba7936c9aa7d5aa2c77332593cf6e3753ed8038ea1c1b 62ea5dad6f35c231b406773a255c1b5f0031948ccbd27676911c14698bf642cd
SERVER_HANDSHAKE_TRAFFIC_SECRET 46043fb3a46612343d1ba7936c9aa7d5aa2c77332593cf6e3753ed8038ea1c1b f8f17cfb3ebd3aa2850f7714b1ade4e1b8fb0fd2f21a6b9d203aede287146d16
CLIENT_HANDSHAKE_TRAFFIC_SECRET 466efb2deed694e05cfc45be2ed998dcd5b4712ada81b2e9eab50ae478fd0e77 136ae1a478bf3c6ab6460c553e0e058e4a86dec90690917533e1656bdaf46cb3
SERVER_HANDSHAKE_TRAFFIC_SECRET 466efb2deed694e05cfc45be2ed998dcd5b4712ada81b2e9eab50ae478fd0e77 a6f438541f935a94488964c07d7083588b7914ba391ab10ec313b2302633e746
CLIENT_TRAFFIC_SECRET_0 46043fb3a46612343d1ba7936c9aa7d5aa2c77332593cf6e3753ed8038ea1c1b 419eafbf6509ffafe8cc093c3e187bffcab2ef28c1d10abe42c0143436f6b49f
SERVER_TRAFFIC_SECRET_0 46043fb3a46612343d1ba7936c9aa7d5aa2c77332593cf6e3753ed8038ea1c1b bc38f944a025511ddbe7bc4e16ccf4712da43289eca25e4181c51e323ea22286
EXPORTER_SECRET 46043fb3a46612343d1ba7936c9aa7d5aa2c77332593cf6e3753ed8038ea1c1b 7bb7de6c3e42e3eaed86f4b25bfdd60f8ef2c9f3556e98c907d6b980d28352f7
CLIENT_TRAFFIC_SECRET_0 466efb2deed694e05cfc45be2ed998dcd5b4712ada81b2e9eab50ae478fd0e77 1293350ab30ef0a0226459e177c056204a865596f20c1c6c5fa62b74dcc9d9b5
SERVER_TRAFFIC_SECRET_0 466efb2deed694e05cfc45be2ed998dcd5b4712ada81b2e9eab50ae478fd0e77 23a814ffaf02ca7e2b2bb76dad064b17f0539d30e812236c6b9a3039aa188979
EXPORTER_SECRET 466efb2deed694e05cfc45be2ed998dcd5b4712ada81b2e9eab50ae478fd0e77 b19d023974b08a3f994c1f774b964550e262aafc53617657ef14763db58c1980
CLIENT_HANDSHAKE_TRAFFIC_SECRET adb6865277a48861635b33f1ce9cd0fe501f9fe26e9b7ce0d93fa6bf6b324366 c07f492d497f0c520d6e67142cbde2e0aff000fee835ae9832fcbeb9cd7fa8e8
SERVER_HANDSHAKE_TRAFFIC_SECRET adb6865277a48861635b33f1ce9cd0fe501f9fe26e9b7ce0d93fa6bf6b324366 b284ff5cad896da731984e1a1084a17e5f82c6eb7e2f0532dc66ffec9ea4dc1d
CLIENT_TRAFFIC_SECRET_0 adb6865277a48861635b33f1ce9cd0fe501f9fe26e9b7ce0d93fa6bf6b324366 ce86cebcebe5a519f5fff7e6576e8f54e89753d77a3704200cccecb1df945c91
SERVER_TRAFFIC_SECRET_0 adb6865277a48861635b33f1ce9cd0fe501f9fe26e9b7ce0d93fa6bf6b324366 c66aba907c10db716e1974a1ac499c10ef8ffd786d9271728beaa5e0a72b5663
EXPORTER_SECRET adb6865277a48861635b33f1ce9cd0fe501f9fe26e9b7ce0d93fa6bf6b324366 c40e0c06de9eb2e2fe7cb978be31cd11076f796fb2f183375502a004c0c9ae1a
CLIENT_HANDSHAKE_TRAFFIC_SECRET 6d70f385ac990faf127084a263ae6aac3ec5f05a3d24c9bcbdf06aa903881830 778ca0fced2bb8276e19ba691c23c4710b67585023e23a4890a0a8d028f7c142
SERVER_HANDSHAKE_TRAFFIC_SECRET 6d70f385ac990faf127084a263ae6aac3ec5f05a3d24c9bcbdf06aa903881830 c6a13af7c44ac7ebb9f7d12cb3bd97a1fab7c5a2610e05c3e71a25d1a2a40ccd
CLIENT_HANDSHAKE_TRAFFIC_SECRET 0f69f2f57017db7fd993b66ff296b7003789aa2144d0fae46fde7cf1f3723eb6 e16fa3029aca892cea63c9b7c4ea993490abc74071a35d69d666b218f989d5f6
SERVER_HANDSHAKE_TRAFFIC_SECRET 0f69f2f57017db7fd993b66ff296b7003789aa2144d0fae46fde7cf1f3723eb6 243e59f3dcc9b2c6b4e7e713489925514df0687c3309c73629a91b87a949e4e6
CLIENT_HANDSHAKE_TRAFFIC_SECRET ea78af803040fbfcef642bafee43e7e4b03500e269aa81de0f64b4269f131826 cf3e575dc1ee762f633ed438612db16a42b73241dde3b3ec24e53bfcab85acd7
SERVER_HANDSHAKE_TRAFFIC_SECRET ea78af803040fbfcef642bafee43e7e4b03500e269aa81de0f64b4269f131826 1892c07db87305b211550956647b7aee15e9b0f5811600d4339f8aebfa3c970e
CLIENT_HANDSHAKE_TRAFFIC_SECRET a09ce83c3149e5f110a46a362136c9e69d865764fde1dc5a24743cd6c6ec9b1b a39666cbb2d9a86d27f190c6d55309e39fe9fc4dcc4517166c048a8680300ba9
SERVER_HANDSHAKE_TRAFFIC_SECRET a09ce83c3149e5f110a46a362136c9e69d865764fde1dc5a24743cd6c6ec9b1b 4921bfc266b31bc441256b55cd40b60cfaba820a5aac4a50a595da636c15c890
CLIENT_TRAFFIC_SECRET_0 6d70f385ac990faf127084a263ae6aac3ec5f05a3d24c9bcbdf06aa903881830 0ddd251cbf7490831c8f7b9461591612bea29c89c1ce649f4856d874e2a754dc
SERVER_TRAFFIC_SECRET_0 6d70f385ac990faf127084a263ae6aac3ec5f05a3d24c9bcbdf06aa903881830 0283f327360be585410f2d7d936af2f110cec1f0fe331ebf0f6eb68a3f13579d
EXPORTER_SECRET 6d70f385ac990faf127084a263ae6aac3ec5f05a3d24c9bcbdf06aa903881830 18a0aa72d3558b9ba5d914269125aca52e5bd80fd754f892cdf28b8997fb339d
CLIENT_TRAFFIC_SECRET_0 0f69f2f57017db7fd993b66ff296b7003789aa2144d0fae46fde7cf1f3723eb6 1286896a4e17603527182ac06550dde319a7e8d0933218924c3ae6e98a9aad22
SERVER_TRAFFIC_SECRET_0 0f69f2f57017db7fd993b66ff296b7003789aa2144d0fae46fde7cf1f3723eb6 47bdebf71437f8b4eff32a793bbcb9ec964736cd7420993380b4c218db198484
EXPORTER_SECRET 0f69f2f57017db7fd993b66ff296b7003789aa2144d0fae46fde7cf1f3723eb6 6186a0643dd0a725f579b5152e8343734cdaadefe5afd75de0863e386e182ef7
CLIENT_TRAFFIC_SECRET_0 ea78af803040fbfcef642bafee43e7e4b03500e269aa81de0f64b4269f131826 120700646e17a442be620d1ee736a8f6b6907a48ceb9366e5b898d1b4c41b719
SERVER_TRAFFIC_SECRET_0 ea78af803040fbfcef642bafee43e7e4b03500e269aa81de0f64b4269f131826 3e6e45c5386d71e715cb5684662e94b8ad471618006655dc95c7053694468cff
EXPORTER_SECRET ea78af803040fbfcef642bafee43e7e4b03500e269aa81de0f64b4269f131826 46f2322ce3501dc16df337806135e6e5e975b3db9396e7f819e1eb2c2842df8a
CLIENT_TRAFFIC_SECRET_0 a09ce83c3149e5f110a46a362136c9e69d865764fde1dc5a24743cd6c6ec9b1b 38500b158b2d870b605f31e5e25f3117dcaed1ec45e26325ab60211cc6a84afb
SERVER_TRAFFIC_SECRET_0 a09ce83c3149e5f110a46a362136c9e69d865764fde1dc5a24743cd6c6ec9b1b f7bffef197726dea12b9f8895a7207d320664feb84ebb4d73d886faa80450e3b
EXPORTER_SECRET a09ce83c3149e5f110a46a362136c9e69d865764fde1dc5a24743cd6c6ec9b1b 303295ccc092c67eeb4517fbe0d0474af9e2824926b1fca2c9fa41b2a5fdbb2f
CLIENT_HANDSHAKE_TRAFFIC_SECRET 2792dbabab1789ddf08f4fcf223fed2c9d185af671392d5170a69dc777c51a53 f743bd2daac6d0192bd6072c926c1d6905ab30700defab479b88680a35e61df5
SERVER_HANDSHAKE_TRAFFIC_SECRET 2792dbabab1789ddf08f4fcf223fed2c9d185af671392d5170a69dc777c51a53 f34db3475859da9f9e4988e47c72568552ce672638b70f56cb0f3935b4a5a553
CLIENT_TRAFFIC_SECRET_0 2792dbabab1789ddf08f4fcf223fed2c9d185af671392d5170a69dc777c51a53 06f9cc1cf47b7b72efbad8d8791394cd51625d98a43a9ca46979fedafedf42ea
SERVER_TRAFFIC_SECRET_0 2792dbabab1789ddf08f4fcf223fed2c9d185af671392d5170a69dc777c51a53 1652e572dfa9a40d5ebf47abbe20490428bda86cc28bf631a76d1d1cd842f0c7
EXPORTER_SECRET 2792dbabab1789ddf08f4fcf223fed2c9d185af671392d5170a69dc777c51a53 d77d8c3d3d7ae7b75ba7d2c623c1670d85a5f3e6344b4a650ad7bcd9e73d38e6
CLIENT_HANDSHAKE_TRAFFIC_SECRET 0ffa04c6e201504443095a7617209873521928fc5b1a9b44e9f6b67bed1779e0 0c93f8261d9cb8878730ca038e4bdf8eae26a38af09c559f12bc002ef6d89f5e
SERVER_HANDSHAKE_TRAFFIC_SECRET 0ffa04c6e201504443095a7617209873521928fc5b1a9b44e9f6b67bed1779e0 5c26494caf95f7358c79ead803c6f773eb5893a774b44db627f1b9c563cbf4bd
CLIENT_TRAFFIC_SECRET_0 0ffa04c6e201504443095a7617209873521928fc5b1a9b44e9f6b67bed1779e0 ab120d353bd97539253cc02aacd6a1d1596e026fcbeef23ccdcbef755831c187
SERVER_TRAFFIC_SECRET_0 0ffa04c6e201504443095a7617209873521928fc5b1a9b44e9f6b67bed1779e0 3b28975f22167f7de6aefb938666277f0fabf7d9772ad6f9825822e46e125393
EXPORTER_SECRET 0ffa04c6e201504443095a7617209873521928fc5b1a9b44e9f6b67bed1779e0 101518bddf1c1b9b37c2cbcac89eb32da055f91c91f2e71e9c67805168d6452e
CLIENT_HANDSHAKE_TRAFFIC_SECRET 6a2a3d47dfdcf68d92ba91816df24f753222564df9b1ef41828081c0abf4d782 50cf424e412d53af2915681393623a5b2499b5e7a767c2f15dc6ec0957301cb1
SERVER_HANDSHAKE_TRAFFIC_SECRET 6a2a3d47dfdcf68d92ba91816df24f753222564df9b1ef41828081c0abf4d782 5316b3463197f21323460694481f00ab1e44dc86bb4a9f0ebe565ec047351d34
CLIENT_TRAFFIC_SECRET_0 6a2a3d47dfdcf68d92ba91816df24f753222564df9b1ef41828081c0abf4d782 553b9b344f5daed95ac04eefb84bede1ae7f7b03c9958c434e15a2deac54ff2a
SERVER_TRAFFIC_SECRET_0 6a2a3d47dfdcf68d92ba91816df24f753222564df9b1ef41828081c0abf4d782 b08d163383d7d48640a7b3bb2a37128048ecc803f2de16abc61ca5e174f00f5d
EXPORTER_SECRET 6a2a3d47dfdcf68d92ba91816df24f753222564df9b1ef41828081c0abf4d782 767af386153bc9e6d12ccf69aa7de4a28859d076039d2d0ec445670db2969a1d
CLIENT_HANDSHAKE_TRAFFIC_SECRET d200b4ecc4ed56a799f7ecc7fa8b39dc58367d86ea45514a6f00c75a3100ca9e d302f5d4071276b79289b09683e9b415a25ef2cc23f793d166c505525670ae47
SERVER_HANDSHAKE_TRAFFIC_SECRET d200b4ecc4ed56a799f7ecc7fa8b39dc58367d86ea45514a6f00c75a3100ca9e fced86fda4d85099e06a3e89638644061c18267d90fe8f257a771f281817af75
CLIENT_TRAFFIC_SECRET_0 d200b4ecc4ed56a799f7ecc7fa8b39dc58367d86ea45514a6f00c75a3100ca9e 2a60c80530dc25786421a867a034047b7e1e2fde305cd1cd483e98581c07a82d
SERVER_TRAFFIC_SECRET_0 d200b4ecc4ed56a799f7ecc7fa8b39dc58367d86ea45514a6f00c75a3100ca9e 43db8305b5ac7c4c76f39987908ebcb0517bfa76ac6d07d0b767283e3dbd40e6
EXPORTER_SECRET d200b4ecc4ed56a799f7ecc7fa8b39dc58367d86ea45514a6f00c75a3100ca9e 9f19d1a8e0fe48b5ffe0f4a936b1cd465f83688530a1c1682e8443bdeb2701b4
CLIENT_HANDSHAKE_TRAFFIC_SECRET e883db8731cf079545f9c46ab17f561b59c9ac339b77fed9e9baf7f342b5d9c1 3ddc23163ab06515673db0dd41d970b3fc347b0d7d4d974715416c1d80b569af
SERVER_HANDSHAKE_TRAFFIC_SECRET e883db8731cf079545f9c46ab17f561b59c9ac339b77fed9e9baf7f342b5d9c1 ac269ef5f54549eda44ebf5292d3611e317b8147a03093b6920914bb617064a7
CLIENT_TRAFFIC_SECRET_0 e883db8731cf079545f9c46ab17f561b59c9ac339b77fed9e9baf7f342b5d9c1 e6b908cdf55fc631e4298a31b0fdf2c176b88ec82fb57f9a14cbf2d542815d2f
SERVER_TRAFFIC_SECRET_0 e883db8731cf079545f9c46ab17f561b59c9ac339b77fed9e9baf7f342b5d9c1 519332da115bc70ea02fbd698ba4f164456e62a97b7a4f2ee6c1f5e67ebc8f41
EXPORTER_SECRET e883db8731cf079545f9c46ab17f561b59c9ac339b77fed9e9baf7f342b5d9c1 cdf8058ae34c367e276179caffd9d0207b81cba79cb5f8d24b25b3e02ebc50ac
CLIENT_HANDSHAKE_TRAFFIC_SECRET f0090fd86bd5973a8ba401440960f0284f7201161bf8647ced068327572835db ccc6f502b9ac16a94ed7b638bcbd21a0f3ab79dc616d92708030b3188322015b
SERVER_HANDSHAKE_TRAFFIC_SECRET f0090fd86bd5973a8ba401440960f0284f7201161bf8647ced068327572835db 0bf5b7fb22746bad38653b9dac37073004a6968bcbf9a8947bac036177e7636e
CLIENT_TRAFFIC_SECRET_0 f0090fd86bd5973a8ba401440960f0284f7201161bf8647ced068327572835db 17ed7bbc71c26c5352114447ef36c296295ba7686e12fc02b836a6b59ee4eb05
SERVER_TRAFFIC_SECRET_0 f0090fd86bd5973a8ba401440960f0284f7201161bf8647ced068327572835db 587228c355aaa0c0df2b913e78af9da8d3a284b101bae36a47848d149255706f
EXPORTER_SECRET f0090fd86bd5973a8ba401440960f0284f7201161bf8647ced068327572835db 5717c0cb9d2a080fe7ae06783626fe2ad0e4499428275f87eace094a5f7f5909
CLIENT_HANDSHAKE_TRAFFIC_SECRET a55a81109e1a684214e517f373ab7f978a2545546f3e3e127ead9c392f54378f d1f3c863178fe39f81031574aa783f1743c1abb990532a00006e932f5aab4982
SERVER_HANDSHAKE_TRAFFIC_SECRET a55a81109e1a684214e517f373ab7f978a2545546f3e3e127ead9c392f54378f 0e09e3c0b3c6e2e30f46c041e8acfd1930d62428b3e3118001d39b5a09a76351
CLIENT_HANDSHAKE_TRAFFIC_SECRET e135db488a088e6eea13f8a8d1e6850bcb1994aba95d802e18cec2f09e5386c7 14b96c2bf65a2bd1ba9200ec0f148eeac178e91b8729398c90b7794d701529c6
SERVER_HANDSHAKE_TRAFFIC_SECRET e135db488a088e6eea13f8a8d1e6850bcb1994aba95d802e18cec2f09e5386c7 497389e6a43ede14df7b68f6590fd9c5146e7afab908e93a78c4bd3bb75dee5d
CLIENT_HANDSHAKE_TRAFFIC_SECRET d2f34bd1d020abfca9c655cd1ac9bcd68b1abc0d41f397e8c5f9b341aca5d36f b40e610e63fde06fc9710250c8caeb7ef0066cb8b5428ee9bf99fc0bb948ba3a
SERVER_HANDSHAKE_TRAFFIC_SECRET d2f34bd1d020abfca9c655cd1ac9bcd68b1abc0d41f397e8c5f9b341aca5d36f 5caf0b5009158f1a12c4824478daade8ba3e212749d15aec185b1c4d456006cc
CLIENT_TRAFFIC_SECRET_0 a55a81109e1a684214e517f373ab7f978a2545546f3e3e127ead9c392f54378f eabd8d488a861c8a7955d03bc1a6c24e78aa4883743e6a09d462df273628d1e8
SERVER_TRAFFIC_SECRET_0 a55a81109e1a684214e517f373ab7f978a2545546f3e3e127ead9c392f54378f 0cea33115dd240749d481a6f6c665967ae8568aa106ea39d67efebc249b269f4
EXPORTER_SECRET a55a81109e1a684214e517f373ab7f978a2545546f3e3e127ead9c392f54378f ed9129a7542db5c153980b5053eb456baba0c2877f21714638b832d1daad2799
CLIENT_TRAFFIC_SECRET_0 e135db488a088e6eea13f8a8d1e6850bcb1994aba95d802e18cec2f09e5386c7 cc99cab985fd61a962b81a16972d25fa6b01d67f99b41991aceb82afeb209281
SERVER_TRAFFIC_SECRET_0 e135db488a088e6eea13f8a8d1e6850bcb1994aba95d802e18cec2f09e5386c7 ec60532c21bf7de8fc15fba18822339bffd5cd8dd476d4d01cce5f4d17a2af35
EXPORTER_SECRET e135db488a088e6eea13f8a8d1e6850bcb1994aba95d802e18cec2f09e5386c7 2b3a515fb22c7df64394a69bf86d146a6aa6c177f25a22cd58d52631e8a81461
CLIENT_TRAFFIC_SECRET_0 d2f34bd1d020abfca9c655cd1ac9bcd68b1abc0d41f397e8c5f9b341aca5d36f adbc8c804d1b25800f0da70144964e974d3cb842e0a342600730071486201953
SERVER_TRAFFIC_SECRET_0 d2f34bd1d020abfca9c655cd1ac9bcd68b1abc0d41f397e8c5f9b341aca5d36f d830dff804f54c45da45e6baa4383dad00d9174f256d0247a9c29780a71cbb8a
EXPORTER_SECRET d2f34bd1d020abfca9c655cd1ac9bcd68b1abc0d41f397e8c5f9b341aca5d36f bd330333775dafad5fbcde71bd90d41a247d820084068dda20190c1866efe268
CLIENT_HANDSHAKE_TRAFFIC_SECRET cd97b55b4c482ec028578bb07c5f52841261623f299d9d9d03bf0e6f0275ed05 ea057e6f7ab7d70f0cc43dd38cea49e84768979b065269bfb0dbaf39c4e716f3
SERVER_HANDSHAKE_TRAFFIC_SECRET cd97b55b4c482ec028578bb07c5f52841261623f299d9d9d03bf0e6f0275ed05 96575509d41ab78d93c71d4c6c2285d2882a7c5a4c674442ea002fd3a113f543
CLIENT_TRAFFIC_SECRET_0 cd97b55b4c482ec028578bb07c5f52841261623f299d9d9d03bf0e6f0275ed05 cc60884f7c48e7287f5140e7b77b76bc6637a3cde586fbc453e0b82f0e94be9b
SERVER_TRAFFIC_SECRET_0 cd97b55b4c482ec028578bb07c5f52841261623f299d9d9d03bf0e6f0275ed05 a302e8301e5ca4c681af58ad93583f06e238b9d82bbba2cda432944ece52572b
EXPORTER_SECRET cd97b55b4c482ec028578bb07c5f52841261623f299d9d9d03bf0e6f0275ed05 7df44e2c5926c523bbb3d5bfe488440142aedc1099d9890cbbb6f3a4ec0fabea
CLIENT_HANDSHAKE_TRAFFIC_SECRET 93b8c40218b453f3753153c295095e7a95c2d8d3500f0065343673c9dbcfc8c8 4cf84f7c21d8c3396da799c2d72a40eeddc521632ae888e0679b97517387b755
SERVER_HANDSHAKE_TRAFFIC_SECRET 93b8c40218b453f3753153c295095e7a95c2d8d3500f0065343673c9dbcfc8c8 7294811789a38c6e0c11b9abcfdfd6c5c87e6edecb34c800d68a16ec45a0c032
CLIENT_TRAFFIC_SECRET_0 93b8c40218b453f3753153c295095e7a95c2d8d3500f0065343673c9dbcfc8c8 fca15e14c7d21c7713cd82213d7c8fea1e58bd65e309cbf12557b2ccc04ce020
SERVER_TRAFFIC_SECRET_0 93b8c40218b453f3753153c295095e7a95c2d8d3500f0065343673c9dbcfc8c8 3ccc32c7ed2112623c6c44570e9b40f2f2136fe2f1acaeefb40b0cb3192bf5e9
EXPORTER_SECRET 93b8c40218b453f3753153c295095e7a95c2d8d3500f0065343673c9dbcfc8c8 be8458e31a415f8b08d5763bb23f134d6e9a9812f168a6967613fadcf6f0fbbf
CLIENT_HANDSHAKE_TRAFFIC_SECRET 5c8ea8a5dd7e9a4dd5166b79ba7ef929e3b2358614a17a9007654b0f079f86b0 2aa11ab43377350b605f968f99903949663cff8dce4ad5ce63224791007d783e
SERVER_HANDSHAKE_TRAFFIC_SECRET 5c8ea8a5dd7e9a4dd5166b79ba7ef929e3b2358614a17a9007654b0f079f86b0 ee677fdfb1e24f8a084413a66ece1d95ad53231f368f119701043c4eae7fab6a
CLIENT_TRAFFIC_SECRET_0 5c8ea8a5dd7e9a4dd5166b79ba7ef929e3b2358614a17a9007654b0f079f86b0 10e365fc686563e1289064efd8181a1a8aa6325e294274d159ada9fbd07d1b11
SERVER_TRAFFIC_SECRET_0 5c8ea8a5dd7e9a4dd5166b79ba7ef929e3b2358614a17a9007654b0f079f86b0 6cdf37728537943e1c4496a57adaf513e1efbbe9d1cf11d6c8c80e156217e2c8
EXPORTER_SECRET 5c8ea8a5dd7e9a4dd5166b79ba7ef929e3b2358614a17a9007654b0f079f86b0 9d851b6c2c88c578061608c5685f9e772b2ff97dced0c1be87334bb35e0a8249
CLIENT_HANDSHAKE_TRAFFIC_SECRET 611f9218e73ad6339fd7a75c3e4d5ef7d7e7e3c17860a03c6e07b7e1d1ba1f15 fab671bda660ac30fae36cab7b532837894f0a95c377f75235e543a3fc7e33f4
SERVER_HANDSHAKE_TRAFFIC_SECRET 611f9218e73ad6339fd7a75c3e4d5ef7d7e7e3c17860a03c6e07b7e1d1ba1f15 42552a184d88204b39872c2ce86994d882e2ab890e95d09a1e36478632f0820b
CLIENT_TRAFFIC_SECRET_0 611f9218e73ad6339fd7a75c3e4d5ef7d7e7e3c17860a03c6e07b7e1d1ba1f15 dc704ebe74a00a319ac512bb94e0e4b063c44abe414e70a825e4db27cb501d1b
SERVER_TRAFFIC_SECRET_0 611f9218e73ad6339fd7a75c3e4d5ef7d7e7e3c17860a03c6e07b7e1d1ba1f15 afb9ee4f53618c63eaba712c62ce37fb3f46e27165442c2e1b346deff7bbf49b
EXPORTER_SECRET 611f9218e73ad6339fd7a75c3e4d5ef7d7e7e3c17860a03c6e07b7e1d1ba1f15 d1854938c72abd5b37664ff2cf440a55d26ae40d5c6a4ad01b6af8cc8916a1a0
CLIENT_HANDSHAKE_TRAFFIC_SECRET 59286a4bd622ea27e22d39ddfac68d27dba39267a7f333aa87f2a87b23c9fa4f 3b1a87f0ee62a278d96c521deb00dc89944548d8fa51787f4b9a613d1019417a
SERVER_HANDSHAKE_TRAFFIC_SECRET 59286a4bd622ea27e22d39ddfac68d27dba39267a7f333aa87f2a87b23c9fa4f e4744fdc52daa882897cca0e4748ca811d891aaaece3c0dfde5efd62b09777d3
CLIENT_HANDSHAKE_TRAFFIC_SECRET 1df3e0699e7c594735f6c4556a173d669ccecc8974b4a247eb3b998e5d619d54 3308c907d5f967d90705d9c9365c7dad38d8d43504a565d4c5e1fc15a33a9106
SERVER_HANDSHAKE_TRAFFIC_SECRET 1df3e0699e7c594735f6c4556a173d669ccecc8974b4a247eb3b998e5d619d54 635415c16326e78e585ae39dff45cf726e6a8c99aec11c03beabdd0fcc6fa8b9
CLIENT_HANDSHAKE_TRAFFIC_SECRET 5362510bf392092baf33ee6a375a4becd916daaf5a2910ca4d76195795564377 bcd241a5d9d8e6b09ec109cfc5bd69c753cf785e70ed88a0bae8ba9311a7280d
SERVER_HANDSHAKE_TRAFFIC_SECRET 5362510bf392092baf33ee6a375a4becd916daaf5a2910ca4d76195795564377 59b7541667ca445002e52792fbe6f4cd25ad0f1e4f1c77b85cabbacad227d7b4
CLIENT_HANDSHAKE_TRAFFIC_SECRET 9a5284e20f6dc6402e794739c2e591092f52455cdbe55ed3df28a5bc90bc8f13 04fc85ec22c89ec60e46a759690baedc3fa7919f94472c29bec10c7d4f461c25
SERVER_HANDSHAKE_TRAFFIC_SECRET 9a5284e20f6dc6402e794739c2e591092f52455cdbe55ed3df28a5bc90bc8f13 46068759950b20f153e27c76308a023f39bc8faaf53f4eedd40a15577f6c57b8
CLIENT_TRAFFIC_SECRET_0 59286a4bd622ea27e22d39ddfac68d27dba39267a7f333aa87f2a87b23c9fa4f fef534b27f678807289c24784b6430dcf8f3cc112f68291e6d6ddbc08ca21fa1
SERVER_TRAFFIC_SECRET_0 59286a4bd622ea27e22d39ddfac68d27dba39267a7f333aa87f2a87b23c9fa4f 143cdde1fda68aa3a27996a0cf62c0fbc8f58cc4fa9f93f6f2034118553af332
EXPORTER_SECRET 59286a4bd622ea27e22d39ddfac68d27dba39267a7f333aa87f2a87b23c9fa4f 8b8ce3e2e2bb64c59b1662d0dbb26268f3bca15a1531446846e780ac59e9bf8a
CLIENT_TRAFFIC_SECRET_0 1df3e0699e7c594735f6c4556a173d669ccecc8974b4a247eb3b998e5d619d54 bc8080ab22f1e78db46cdeca30a26846a26e8ce1fcf621c6a67f69e090b0d7af
SERVER_TRAFFIC_SECRET_0 1df3e0699e7c594735f6c4556a173d669ccecc8974b4a247eb3b998e5d619d54 e257842aefa0813912740762fc47c6adb343ae3eae5eb0305d5d54736334b8a8
EXPORTER_SECRET 1df3e0699e7c594735f6c4556a173d669ccecc8974b4a247eb3b998e5d619d54 4ac1f05e3e574cbb45c5fa14e5e13c2288225e82af0c8521178e087abca1e97c
CLIENT_TRAFFIC_SECRET_0 5362510bf392092baf33ee6a375a4becd916daaf5a2910ca4d76195795564377 c4a5928c965b7ef8ea1141692100782ad73e8160a18bf3685552e826aaa3d6f8
SERVER_TRAFFIC_SECRET_0 5362510bf392092baf33ee6a375a4becd916daaf5a2910ca4d76195795564377 3e9ad6e65d445f8361ff61483b3d6f9f32e18a2cd9bc9d221c7e5c645edd5a20
EXPORTER_SECRET 5362510bf392092baf33ee6a375a4becd916daaf5a2910ca4d76195795564377 fcf38942cfc1777a67a2b2409a1b4cb4ad2833e06c928df6be7dd3622e887eee
CLIENT_TRAFFIC_SECRET_0 9a5284e20f6dc6402e794739c2e591092f52455cdbe55ed3df28a5bc90bc8f13 ee911687ad5f8b9de595b1265c2f20dd75c22589af20cb0e3f068b64d206df86
SERVER_TRAFFIC_SECRET_0 9a5284e20f6dc6402e794739c2e591092f52455cdbe55ed3df28a5bc90bc8f13 33c033661c5f36733406a846e838b4edc176bd4ef3e3bf671aa3f22571bc5672
EXPORTER_SECRET 9a5284e20f6dc6402e794739c2e591092f52455cdbe55ed3df28a5bc90bc8f13 807d1436b7499b4721cee47a70b7838e718092f65baa8f58c7c2423cfe09b8da
CLIENT_HANDSHAKE_TRAFFIC_SECRET e7ec60d3df71fa2198e3e073f5f698d266561fe78232a55cc803dec6d07e1d73 bd03fa1b7ab81d2d1bbc370fa0a33d6197494c3b8bb4ad04fbc08580ca6ef14a
SERVER_HANDSHAKE_TRAFFIC_SECRET e7ec60d3df71fa2198e3e073f5f698d266561fe78232a55cc803dec6d07e1d73 b29badc831f72d3db57174116a4b4bb3783d8b1072321d75e7afdf2700d9c78f
CLIENT_TRAFFIC_SECRET_0 e7ec60d3df71fa2198e3e073f5f698d266561fe78232a55cc803dec6d07e1d73 b2f6d3c99e8e456b5d88bc35ca6fb139d3342176145ebecfce2dbb7dd9633580
SERVER_TRAFFIC_SECRET_0 e7ec60d3df71fa2198e3e073f5f698d266561fe78232a55cc803dec6d07e1d73 5b6541bafa62fd4086f7dc43ebc1c6b8ea1eb386f5ed504633b1adab07207f60
EXPORTER_SECRET e7ec60d3df71fa2198e3e073f5f698d266561fe78232a55cc803dec6d07e1d73 d362f6d7ac652109843ed92c68cca6d76eedaf5ec4d405db2b818647f90256ac
CLIENT_HANDSHAKE_TRAFFIC_SECRET 97c87d825cc9117349e819e38bfc515601189b569076ce01b15bfc81703f4826 c0865bef62ff56fc513dd2fc1c3f1aa95a165a291de0df5920547d21a80bfac7
SERVER_HANDSHAKE_TRAFFIC_SECRET 97c87d825cc9117349e819e38bfc515601189b569076ce01b15bfc81703f4826 033356f8d9ab088f31b6e9e6a89b614814a367898433dc68a8db3b89a7a54226
CLIENT_TRAFFIC_SECRET_0 97c87d825cc9117349e819e38bfc515601189b569076ce01b15bfc81703f4826 3a23ad974eac7acdcd22c5b6a69144822776d94d5f1cea5b360ca7a7f2f3b3db
SERVER_TRAFFIC_SECRET_0 97c87d825cc9117349e819e38bfc515601189b569076ce01b15bfc81703f4826 08d95aad6130e854d9069db9a313bf94292ef7c0437a8881019bc3ff8d8f5799
EXPORTER_SECRET 97c87d825cc9117349e819e38bfc515601189b569076ce01b15bfc81703f4826 ac5f57f00a6c11fc1dd8f3a7270d768aa4996d48531f2b1e8af71bfe0f32a2c0
CLIENT_HANDSHAKE_TRAFFIC_SECRET 995defd5ee0bb57b9523a1bac6f053c19e53f46a1e77ce905869c45499e9a853 f5a8043ddbb0d3eddf0e45d35fb592b2b125e557c30f0749b1f6bfa0728ff6ee
SERVER_HANDSHAKE_TRAFFIC_SECRET 995defd5ee0bb57b9523a1bac6f053c19e53f46a1e77ce905869c45499e9a853 8dc703cdceaa5b0dd1cd52745c3482950d99d1d6cbf579e5d7d90bd9b455cc00
CLIENT_TRAFFIC_SECRET_0 995defd5ee0bb57b9523a1bac6f053c19e53f46a1e77ce905869c45499e9a853 0eed8ba07b3651a4bb3d1cd0f3bfbdaaa74897ef3f8e45de4f981401e1947c62
SERVER_TRAFFIC_SECRET_0 995defd5ee0bb57b9523a1bac6f053c19e53f46a1e77ce905869c45499e9a853 8b6f1f146a13df71c5bbcbb719235c1cd4888d9559983992bbc5a3943040bf96
EXPORTER_SECRET 995defd5ee0bb57b9523a1bac6f053c19e53f46a1e77ce905869c45499e9a853 265b23c9fff77911d9a0877e09649f9d3a231a82c47380cffed21ece776bb2a2
CLIENT_HANDSHAKE_TRAFFIC_SECRET 91ed5854763642566b45a96af8396dafa4532ceffcc5b0f220b9f1fc67ac5687 100733b2a0988dc8516548d287ecd695f7bce806b358f58fd353fe66cc847509
SERVER_HANDSHAKE_TRAFFIC_SECRET 91ed5854763642566b45a96af8396dafa4532ceffcc5b0f220b9f1fc67ac5687 2d31862106a418b2d8da6d3ca248ceeebc69e92d5bff482165a1413661940a92
CLIENT_TRAFFIC_SECRET_0 91ed5854763642566b45a96af8396dafa4532ceffcc5b0f220b9f1fc67ac5687 1837da9858fa81d17ba06141a7e8fa21de0ae686cdcb278d10425699da2cfc8c
SERVER_TRAFFIC_SECRET_0 91ed5854763642566b45a96af8396dafa4532ceffcc5b0f220b9f1fc67ac5687 3170cc5c8a4a35bce354a5d02fb9f76360b5d3a22109994d81dc8e2c4a1b1ec0
EXPORTER_SECRET 91ed5854763642566b45a96af8396dafa4532ceffcc5b0f220b9f1fc67ac5687 4a15d5a915f8faadd7bdf740bfa0f8d86306a1e8f40a546e7bcb50419cde2f4c
CLIENT_HANDSHAKE_TRAFFIC_SECRET 2cb465efd64befab4f649962dc4ae926701a15b8f6ce2a3937ccfad87407691a bc4981a4217d05a7556d4bef6a56a396e25fbf3e89abf96f5d72c75836e929d1
SERVER_HANDSHAKE_TRAFFIC_SECRET 2cb465efd64befab4f649962dc4ae926701a15b8f6ce2a3937ccfad87407691a 98cf884fd3d82ae0adaf9debb7cc12bb2b73b51a4f2e9181a0c4842b1a3d2eeb
CLIENT_TRAFFIC_SECRET_0 2cb465efd64befab4f649962dc4ae926701a15b8f6ce2a3937ccfad87407691a 420a5316f0b5f5876a71cc7e51325770e02c22f95c16f85f32569c7ec9269be1
SERVER_TRAFFIC_SECRET_0 2cb465efd64befab4f649962dc4ae926701a15b8f6ce2a3937ccfad87407691a 363f375e147ab59d8e3df01e5fe23f3729ee99e563e259e13dd550db5bfb74df
EXPORTER_SECRET 2cb465efd64befab4f649962dc4ae926701a15b8f6ce2a3937ccfad87407691a d480ce21ea1681b601b7e641e0d887ec7ed4bfa6d714bc5db1820008a449fc88
CLIENT_HANDSHAKE_TRAFFIC_SECRET 9f7949dee5f737157af24104862a5d6f4980fab514336d60b3c79a0a5369409f 810ac44ff5204674c16dbb8259e0f3695184c6d1293b732e945541c2f0702acf
SERVER_HANDSHAKE_TRAFFIC_SECRET 9f7949dee5f737157af24104862a5d6f4980fab514336d60b3c79a0a5369409f cf51f3d6fc8d6cd22d4e87e745a0465eed95be4436f68acdb022b346f647bf13
CLIENT_TRAFFIC_SECRET_0 9f7949dee5f737157af24104862a5d6f4980fab514336d60b3c79a0a5369409f fc19a4a98633007a7c598ee2b02442410d9fe11b64919ee4f9dae1bfdfe2bc6c
SERVER_TRAFFIC_SECRET_0 9f7949dee5f737157af24104862a5d6f4980fab514336d60b3c79a0a5369409f d5ac8881848ab88e9db68475c326fa9e65abf3361df1884278a85910b1420226
EXPORTER_SECRET 9f7949dee5f737157af24104862a5d6f4980fab514336d60b3c79a0a5369409f 93d532d06ee8d63d1c9a1a6b21d1bcd857c1788bd574866630eb5a3d1bc55cdb
CLIENT_RANDOM 48dba01ae6ee217796598a1ddbf0f489e6877ec81a7019d16757cde0aba55a0d 73b7a8120841e9f48c6f93d52fae3038a8de44c5a3efb74e12976055eec3abd09ce9289bd01603ad76c7d8cd44c48e9c
CLIENT_RANDOM 2ad2e8700defeb929b8b3577f15c6bdd3413a0eecc90a17dc287f2c26cc06bde e678529698a27ddb0e3ce97cd649e2a2c9196e6132de204928693079dcbf4ad4e309e5f4267734ba2345ffc9d07253b3
CLIENT_RANDOM 795d9d6efaed53023995156253adee9884bd1768bad871e3b44746c334d4190e ef10c9528fdc93ec77b776a2a554166cb9d0e29b37585b1720da40d293f2a6be48f8ca7f340552882b522871ecf0f455
CLIENT_HANDSHAKE_TRAFFIC_SECRET 5b59c21df85a08c0933277d6501657a8dc4c3e3b39a46df4cfd8ae2f901f2b2d 4b74cbc56556a53ce31b299f2c5d41271b9f7979704402a2109b0c72a54b718b
SERVER_HANDSHAKE_TRAFFIC_SECRET 5b59c21df85a08c0933277d6501657a8dc4c3e3b39a46df4cfd8ae2f901f2b2d b7cdf56f21a8c8e0baed371306c83278e5ba9f45ec206cb87620b0a25ae0449c
CLIENT_TRAFFIC_SECRET_0 5b59c21df85a08c0933277d6501657a8dc4c3e3b39a46df4cfd8ae2f901f2b2d db28b7d26e656c985b6034a3b5b909f7e16c8fc2c6de0637eec3c9ad89cc0e66
SERVER_TRAFFIC_SECRET_0 5b59c21df85a08c0933277d6501657a8dc4c3e3b39a46df4cfd8ae2f901f2b2d 496505d6837e950e4500bcd5f68fef3e31fca9acd3d7d3d7b1ea7e8a0342df08
EXPORTER_SECRET 5b59c21df85a08c0933277d6501657a8dc4c3e3b39a46df4cfd8ae2f901f2b2d 9e6cc595e1e55ee3f488f53f13dfcacb35cab3376c593174a6cfac1e4a6be379
CLIENT_HANDSHAKE_TRAFFIC_SECRET e3a95085bfb54d0061f404fb737871e3587fbcab644937d47808417931b63384 8d0c87c25fe44ef9d41a5d67cd2b8c2eab6207a7fe3bb2251a391e5ba65f0d9b
SERVER_HANDSHAKE_TRAFFIC_SECRET e3a95085bfb54d0061f404fb737871e3587fbcab644937d47808417931b63384 3b9074827166ee5475cc4de724e2989b58c6ce7038e16ba023aede4b0404c385
CLIENT_RANDOM 9e1e852b7ce8b1f47016344c33bf2986a79c82a05e919ebbda17f46f61b5b143 57047f62aebaa4f345583ef683d4863de2b04302509ffdbb0672089f7da12ba026d64d24ae3e5653aa8d3f164fecf2c1
CLIENT_TRAFFIC_SECRET_0 e3a95085bfb54d0061f404fb737871e3587fbcab644937d47808417931b63384 6387a2ee6afa2677e2f433e5e517d9e514d2ece912f15da4554fa34d136c9e06
SERVER_TRAFFIC_SECRET_0 e3a95085bfb54d0061f404fb737871e3587fbcab644937d47808417931b63384 d796655bb3754d5b0188ad3f867a0b84017338f0a362e0e64412319e90061455
EXPORTER_SECRET e3a95085bfb54d0061f404fb737871e3587fbcab644937d47808417931b63384 5a340a15eb31f9c92e847ead366f5ae49e95fce81b43c36051d6178f99d0b29b
