CLIENT_HANDSHAKE_TRAFFIC_SECRET c8c0c6fe126a9644b9d2c22d50f7e7695bb58b9b747c89e512dd68220bf7d2b9 fcb698c21c74f8e89d26a0758b2018fbe86487cf9cd6552edadc1772718a4a37
SERVER_HANDSHAKE_TRAFFIC_SECRET c8c0c6fe126a9644b9d2c22d50f7e7695bb58b9b747c89e512dd68220bf7d2b9 13f47746980d477db4d17b3864d03c2c77d50705e8286388209adfc72419ac2e
CLIENT_TRAFFIC_SECRET_0 c8c0c6fe126a9644b9d2c22d50f7e7695bb58b9b747c89e512dd68220bf7d2b9 d7932cf265b53d557a2648dcce10437b33e91dd75468f3c48ee5f4c055ed832a
SERVER_TRAFFIC_SECRET_0 c8c0c6fe126a9644b9d2c22d50f7e7695bb58b9b747c89e512dd68220bf7d2b9 7546f7c6575c33dcc9940be8d20ca97977ce61ea84035ffb5a8426306c381a6b
EXPORTER_SECRET c8c0c6fe126a9644b9d2c22d50f7e7695bb58b9b747c89e512dd68220bf7d2b9 33292fc2278e6879e524a418fead22135f05aea764a2fcd9eaec7f54c07f26e6
CLIENT_HANDSHAKE_TRAFFIC_SECRET 0460c63d5a7048de57257c954aa8936b102a2aa4171be05f46affc9b6c9ddc1b cedf09db4d875ae724131aa6b28a49d67e19e96317aaa18baab3a11562b40e44
SERVER_HANDSHAKE_TRAFFIC_SECRET 0460c63d5a7048de57257c954aa8936b102a2aa4171be05f46affc9b6c9ddc1b 7e3cd73e18ccde7a1156e32eb39d9981926f26b6af93f5ffb521282dcbe1544e
CLIENT_TRAFFIC_SECRET_0 0460c63d5a7048de57257c954aa8936b102a2aa4171be05f46affc9b6c9ddc1b 170e3ad5f07ccceac31ac7cadeabc267397d97ea53ff0864bbb5e40ea20500dd
SERVER_TRAFFIC_SECRET_0 0460c63d5a7048de57257c954aa8936b102a2aa4171be05f46affc9b6c9ddc1b e69f1b86dcca9bf36d5bbb0e7b9781cb06720a6d87d532871dc7a6705b1605f2
EXPORTER_SECRET 0460c63d5a7048de57257c954aa8936b102a2aa4171be05f46affc9b6c9ddc1b b113ccd629292c3aba917e1460e3d83ec3836ede3b5109adce6439058d32b46d
CLIENT_HANDSHAKE_TRAFFIC_SECRET 5ec58c7b8f38812cc74e32460a68616e22a8fe9ac6fa86aa07e28206ea1e8a30 ec1f3323e294384ae90b6a89d374cd3fcae92157f275fcee6ed6c317e62df383
SERVER_HANDSHAKE_TRAFFIC_SECRET 5ec58c7b8f38812cc74e32460a68616e22a8fe9ac6fa86aa07e28206ea1e8a30 86ce94d9bc8e3c5b2795a552ea5eba8179078c5535fb3e0c4cbca54cfeb7d4bb
CLIENT_TRAFFIC_SECRET_0 5ec58c7b8f38812cc74e32460a68616e22a8fe9ac6fa86aa07e28206ea1e8a30 6540d0e6912f62d2e9e99d46e7797aececa6cb52b068a95c4eec654b3bcded4b
SERVER_TRAFFIC_SECRET_0 5ec58c7b8f38812cc74e32460a68616e22a8fe9ac6fa86aa07e28206ea1e8a30 7533ff0e6165f4eaf243488c535d5dfdabbf1d3cf40d3838bb1b20ab282bda19
EXPORTER_SECRET 5ec58c7b8f38812cc74e32460a68616e22a8fe9ac6fa86aa07e28206ea1e8a30 a99ab1c9590bfeb806e2a4b7ced4d0ef4c5a925b8fd659c60fe122fdca94e8ab
CLIENT_HANDSHAKE_TRAFFIC_SECRET c96e73c4da96c08639dcefaa12b14f33c5d9bd83a31e9dd47c17f15880a05797 8dd0afd4e7403a946fb0ed3f1dc760d3937e2e0eee14245ed75bf58caee1dca8
SERVER_HANDSHAKE_TRAFFIC_SECRET c96e73c4da96c08639dcefaa12b14f33c5d9bd83a31e9dd47c17f15880a05797 1ad6c3525aebe2aa51ab5bf2c427dc30d368948f4b5bf04aa2b3af44d8b8ca2b
CLIENT_TRAFFIC_SECRET_0 c96e73c4da96c08639dcefaa12b14f33c5d9bd83a31e9dd47c17f15880a05797 7ad7e4d8d50932373906a954e0fc0c0cc64ff8d890c889e19284438fea239da0
SERVER_TRAFFIC_SECRET_0 c96e73c4da96c08639dcefaa12b14f33c5d9bd83a31e9dd47c17f15880a05797 e5e9e8dc95dc9a6e5a213cc6a56624a2305cb933959d3183baa7c2ac66081cbb
EXPORTER_SECRET c96e73c4da96c08639dcefaa12b14f33c5d9bd83a31e9dd47c17f15880a05797 652417ab95a9156b70ebeaa7491cac6e3a6cc8115587b8de43f0339b2c8f2fc8
CLIENT_HANDSHAKE_TRAFFIC_SECRET 4f560330dd2059ccd5dbb9ec79bada30417dabe9187b825221f0517ec435ef1f 2580dc932427c203c9f24db8ec61938ebdd3f106ef79438f10bc44ca2639e8bf
SERVER_HANDSHAKE_TRAFFIC_SECRET 4f560330dd2059ccd5dbb9ec79bada30417dabe9187b825221f0517ec435ef1f 74db26a53b7cbc821f05363b05c130c41c14f471828cabc8481a365fee775c99
CLIENT_HANDSHAKE_TRAFFIC_SECRET ef4b43c97258cd3d2be485300842088d94f149ead371a2eda31f24ab3ab089ae 462a18fa9453b35a17c9544749795c495a2a62c8f87f7514f4283d5c167211a3
SERVER_HANDSHAKE_TRAFFIC_SECRET ef4b43c97258cd3d2be485300842088d94f149ead371a2eda31f24ab3ab089ae cbfb3fff7e564f9033677b1a900860153f830bd8456afcb3c04661ea2d6db606
CLIENT_TRAFFIC_SECRET_0 4f560330dd2059ccd5dbb9ec79bada30417dabe9187b825221f0517ec435ef1f 921c13fe4204402541ab99f474c37bde692ef936da41b890ac7aa1492f271872
SERVER_TRAFFIC_SECRET_0 4f560330dd2059ccd5dbb9ec79bada30417dabe9187b825221f0517ec435ef1f 1bfcae496e4800177c62fb0f950af23c5fcfa4c8d465679c21841c8c46f2ec05
EXPORTER_SECRET 4f560330dd2059ccd5dbb9ec79bada30417dabe9187b825221f0517ec435ef1f 6bf07887cbc1c44af26f57c9cd533503fed90ec7dd138af038db7f65c5a41169
CLIENT_TRAFFIC_SECRET_0 ef4b43c97258cd3d2be485300842088d94f149ead371a2eda31f24ab3ab089ae f9f681f70188b11885fdd4ea5a0a90603d1faffc7bc55c2bf61035bb22fd795a
SERVER_TRAFFIC_SECRET_0 ef4b43c97258cd3d2be485300842088d94f149ead371a2eda31f24ab3ab089ae 8d64656cc4aedddb3f3488e400092403b55a631d80eb98b7be6d92f98e096500
EXPORTER_SECRET ef4b43c97258cd3d2be485300842088d94f149ead371a2eda31f24ab3ab089ae 15a9624daaf3eb55e3ed83007c5356a2da39ba4d4b81d0d952c996923dcbc4c3
CLIENT_HANDSHAKE_TRAFFIC_SECRET b1ec635d2418536f9f411187fdd6c56e688aacd0e0adb2d8d7c1fbea7ad2de61 270aab4a25a78b8ba4c4b6c2ea17aecd8d3faebca6057fd5f3a6ed4f35590a27
SERVER_HANDSHAKE_TRAFFIC_SECRET b1ec635d2418536f9f411187fdd6c56e688aacd0e0adb2d8d7c1fbea7ad2de61 f42419d8f8606cbcfdd8ef2334d156d3a5445263cb038d2b4195d0d5ae452169
CLIENT_TRAFFIC_SECRET_0 b1ec635d2418536f9f411187fdd6c56e688aacd0e0adb2d8d7c1fbea7ad2de61 0d6b1bf4148306b3ea371ba2638fdcb3954cd2eb24832f492b68c3a61aeac897
SERVER_TRAFFIC_SECRET_0 b1ec635d2418536f9f411187fdd6c56e688aacd0e0adb2d8d7c1fbea7ad2de61 7a7cd45089a46471482e3059b33f3beee45703138f912aeb88b729457813cdfc
EXPORTER_SECRET b1ec635d2418536f9f411187fdd6c56e688aacd0e0adb2d8d7c1fbea7ad2de61 7b25f8f20353976c0ea2498ebedc9a9b243de0ce9e2b53c47c84e7aaf6f4720c
CLIENT_HANDSHAKE_TRAFFIC_SECRET a66d439fe4eda78bd2f96f0b50537e0966fb2927d2f4c5a4575785dfa31c3e13 dc1f23c99b376cd44aba8e9f9696588a15622c710ed8bcf609ec90af6881ed74
SERVER_HANDSHAKE_TRAFFIC_SECRET a66d439fe4eda78bd2f96f0b50537e0966fb2927d2f4c5a4575785dfa31c3e13 b4f4731c964bdb877e1b75707b520b8f1e13f7251ea87610e1e988812f628e06
CLIENT_TRAFFIC_SECRET_0 a66d439fe4eda78bd2f96f0b50537e0966fb2927d2f4c5a4575785dfa31c3e13 3c7fb2f481e5ca1bf7d772aae9f5277300b0e2de4be385fa6f293cffbde038f1
SERVER_TRAFFIC_SECRET_0 a66d439fe4eda78bd2f96f0b50537e0966fb2927d2f4c5a4575785dfa31c3e13 6ab349e267989d51568dcc5c9a3c55b7d619e1e8f9000024f296824ada27ea60
EXPORTER_SECRET a66d439fe4eda78bd2f96f0b50537e0966fb2927d2f4c5a4575785dfa31c3e13 e8c2483b7b1ce4c96729d5955222d1c1fe1618c6c004ab18f0766dff535452c8
CLIENT_HANDSHAKE_TRAFFIC_SECRET 097fa5861430099cd40b0fd08f92d04f03c7f8219ded6cb3e811eb140bf9f008 0f84d20e3aec399de697b224c2e640a07970b8ae319562e9009621ed2a68e793
SERVER_HANDSHAKE_TRAFFIC_SECRET 097fa5861430099cd40b0fd08f92d04f03c7f8219ded6cb3e811eb140bf9f008 bde3919defb5d2dcf12e5d322e65467813c300003c78c9dea84fd71c3812c745
CLIENT_HANDSHAKE_TRAFFIC_SECRET e383c018ac14ca237ab8fdff04b87a045e2bc75892699825df68650dae2d35ae 6abbe9f92ab92dd5ea186dea7ac8f924ff44f0b0cb6be81f789c3e935a0313d7
SERVER_HANDSHAKE_TRAFFIC_SECRET e383c018ac14ca237ab8fdff04b87a045e2bc75892699825df68650dae2d35ae 77296427695bd4015b07631d5f1fb542c96b597df4d1bcd8eda80841bd853dd0
CLIENT_TRAFFIC_SECRET_0 e383c018ac14ca237ab8fdff04b87a045e2bc75892699825df68650dae2d35ae 093bc185493f1aed4538739553506ae205ccb54d17a3719f5da702a397a830dc
SERVER_TRAFFIC_SECRET_0 e383c018ac14ca237ab8fdff04b87a045e2bc75892699825df68650dae2d35ae 45f38ac0d5db0adf349368af19fb23eb3f614764eb14955983e977bbc71a42b7
EXPORTER_SECRET e383c018ac14ca237ab8fdff04b87a045e2bc75892699825df68650dae2d35ae f9e28b538cbf7f88f03bd2b7b4b2790cdc68d25451b0dd7803fac7f957c1d791
CLIENT_HANDSHAKE_TRAFFIC_SECRET c09cd0b6a185f02700c5db9b7c98614bce5de5c788f401919bf15e8d7ee808d0 69bf3079312eb1922b3873da6e635137218a29fe5a836605045dd61b2698fa2a
SERVER_HANDSHAKE_TRAFFIC_SECRET c09cd0b6a185f02700c5db9b7c98614bce5de5c788f401919bf15e8d7ee808d0 ac1cb6b581666333baf294e1635631320fb384b3aab0d4fb573e2f9bad768918
CLIENT_TRAFFIC_SECRET_0 c09cd0b6a185f02700c5db9b7c98614bce5de5c788f401919bf15e8d7ee808d0 d7032cb3712d9fd8643a06d306dbbc00a81bde87ad19cd019417045e8a460d08
SERVER_TRAFFIC_SECRET_0 c09cd0b6a185f02700c5db9b7c98614bce5de5c788f401919bf15e8d7ee808d0 ea17d1bcd3fe252996b3f0a3aea18c2dd0509b1240ca2f8500d1223df9a55f85
EXPORTER_SECRET c09cd0b6a185f02700c5db9b7c98614bce5de5c788f401919bf15e8d7ee808d0 1010acef5943c3285a9e964966be2f71dca3f6f1b29b7c10834c5367973ca515
CLIENT_HANDSHAKE_TRAFFIC_SECRET 2e3ae506b910bb4c5b0ca7a2d4c39d770f64649dc0bae6cd210035f7b1bd1a9f e30852e272770d92ad9e2037d83fd00934bde75297a249a65ab1a1da0e11a15b
SERVER_HANDSHAKE_TRAFFIC_SECRET 2e3ae506b910bb4c5b0ca7a2d4c39d770f64649dc0bae6cd210035f7b1bd1a9f 3b3ff5781c782f3b211e30dc74124e17e37ad7aeea0aa2d1368a860b499a10b7
CLIENT_TRAFFIC_SECRET_0 097fa5861430099cd40b0fd08f92d04f03c7f8219ded6cb3e811eb140bf9f008 4fd521a770b59ffc0ca6a719b33f0e5e656308492abd8e23a64175849853c32b
SERVER_TRAFFIC_SECRET_0 097fa5861430099cd40b0fd08f92d04f03c7f8219ded6cb3e811eb140bf9f008 5b2c84d94de9d9a3e619b59b7b07649bf20f004bd5b73dfd4565ee4904b1a3ce
EXPORTER_SECRET 097fa5861430099cd40b0fd08f92d04f03c7f8219ded6cb3e811eb140bf9f008 28a3498a0a8a85959bf408088c3ca6f30a47276e727cdfc2ba40e291807981ce
CLIENT_TRAFFIC_SECRET_0 2e3ae506b910bb4c5b0ca7a2d4c39d770f64649dc0bae6cd210035f7b1bd1a9f b596214291f95b5ea67ffacc204aa8b2a7d085db5081fe86fb14e887ce3c0918
SERVER_TRAFFIC_SECRET_0 2e3ae506b910bb4c5b0ca7a2d4c39d770f64649dc0bae6cd210035f7b1bd1a9f cd226667fb572db263aa6fd9988cd6a066afe262ef80bc3191209165ad8bccb4
EXPORTER_SECRET 2e3ae506b910bb4c5b0ca7a2d4c39d770f64649dc0bae6cd210035f7b1bd1a9f 2d46978bd7ece5325e90e83d2128524a8d146b0ea99a2608efd3d0598268c686
CLIENT_HANDSHAKE_TRAFFIC_SECRET 62d8343fdfa6534c2dff861de8259e2ce172e3f15f22979610cc95bf0c5d6913 103a0fd3b450f84c2d5fa386a8c3379498aaa32968894f6835765513e1d3f660
SERVER_HANDSHAKE_TRAFFIC_SECRET 62d8343fdfa6534c2dff861de8259e2ce172e3f15f22979610cc95bf0c5d6913 5ce713c3a17015791158a705192e6e1b8738bf4c8b760e833cb9f9ec37ee8bb1
CLIENT_HANDSHAKE_TRAFFIC_SECRET f86ef4003630bc4607a2fde8dd901f648ea6dce7b621179717a35e202f8aba49 05f40efef96857ef5661978de7bf166a36ad4a3463c6553746feac7b35a44fca
SERVER_HANDSHAKE_TRAFFIC_SECRET f86ef4003630bc4607a2fde8dd901f648ea6dce7b621179717a35e202f8aba49 53530ce44421bafd2925c8b60ed677803aebb155d8c8663a5556146b722f1784
CLIENT_HANDSHAKE_TRAFFIC_SECRET ec66e0f85629d86f2ade23aac04db095f00a216f328752bef720d7125379425f 3866b6fd26962f36507873ac432393c47ea398b88d61a745b8325b9a7ce48f28
SERVER_HANDSHAKE_TRAFFIC_SECRET ec66e0f85629d86f2ade23aac04db095f00a216f328752bef720d7125379425f 658528dfafe2dbafc096b7f5b913bd317c084411c8336620558189195e42234b
CLIENT_TRAFFIC_SECRET_0 62d8343fdfa6534c2dff861de8259e2ce172e3f15f22979610cc95bf0c5d6913 a51edb0e692f49d15d8b23cf3abc9cc9097dcedc3bd320c90269c73ba0c7c83e
SERVER_TRAFFIC_SECRET_0 62d8343fdfa6534c2dff861de8259e2ce172e3f15f22979610cc95bf0c5d6913 97d1c5ae78e2bc4b6fb989fbf3379a8b6c0255749426621bf6e44ed25bcf74a5
EXPORTER_SECRET 62d8343fdfa6534c2dff861de8259e2ce172e3f15f22979610cc95bf0c5d6913 194c586a689856f60b1f0c324b7d2cd0df5b7999602cd4e4a66d44ab57d541af
CLIENT_TRAFFIC_SECRET_0 f86ef4003630bc4607a2fde8dd901f648ea6dce7b621179717a35e202f8aba49 5e7bda329bc8a41b14ecec45b61b9a71d64bae545397f3d4d117a9d8f75a1361
SERVER_TRAFFIC_SECRET_0 f86ef4003630bc4607a2fde8dd901f648ea6dce7b621179717a35e202f8aba49 d9e4c04cbf3d5ed56cb4fe0423fc9a8d303001bae5f86a207a9a36e06f3b0504
EXPORTER_SECRET f86ef4003630bc4607a2fde8dd901f648ea6dce7b621179717a35e202f8aba49 7c54bc2e272b5a4f3cf61663838f9ce07783016b36794c4468bcde22bb43e65b
CLIENT_TRAFFIC_SECRET_0 ec66e0f85629d86f2ade23aac04db095f00a216f328752bef720d7125379425f 52d25b1104e25e004791c806943660b66009100aeaba8551ae7cfa6011fa8e77
SERVER_TRAFFIC_SECRET_0 ec66e0f85629d86f2ade23aac04db095f00a216f328752bef720d7125379425f 06c9db29f21272dc049bdeab6718d03e1257e48c421b2c1c5f353bf1937db6ae
EXPORTER_SECRET ec66e0f85629d86f2ade23aac04db095f00a216f328752bef720d7125379425f 909d4a2dfcdbe023b5e28e19d5ac02e06cd61a98370e2d4e78dff27bacb3dfef
CLIENT_HANDSHAKE_TRAFFIC_SECRET f33367174b9c14d9ede4fa6e9067119a27348d80d4afa278e7cb0dba507b0634 59f6215a9016e43bd61b49555727277c3cc641fbd7f107ec6f96faa92e03729d
SERVER_HANDSHAKE_TRAFFIC_SECRET f33367174b9c14d9ede4fa6e9067119a27348d80d4afa278e7cb0dba507b0634 5d3395e9da0f838c8be5cbca9af43c1e6a58944c2fb27ec3b6b4cfc4b0eddc30
CLIENT_TRAFFIC_SECRET_0 f33367174b9c14d9ede4fa6e9067119a27348d80d4afa278e7cb0dba507b0634 800fd0ba189cc2bcac95cfb2eded86300fc3ed137da85dfc01db98e9e4fe404a
SERVER_TRAFFIC_SECRET_0 f33367174b9c14d9ede4fa6e9067119a27348d80d4afa278e7cb0dba507b0634 b323e84dbd75e98762232b63b535f92fef323c92b6c20b7317f57ad532c3b2dc
EXPORTER_SECRET f33367174b9c14d9ede4fa6e9067119a27348d80d4afa278e7cb0dba507b0634 4d7ed565683be69dc10acbe4831477cd8f7b6a22a4e726865e5bf64c1048672a
CLIENT_HANDSHAKE_TRAFFIC_SECRET aab8e583523ffa5f707c1ab7fda29af46c74967e779c186f0423e6a1aaa9e2f2 62a1b93048b1e0e3e3214cd9c5aebe6812a8a0e0921b3e3f35f6970760c84114
SERVER_HANDSHAKE_TRAFFIC_SECRET aab8e583523ffa5f707c1ab7fda29af46c74967e779c186f0423e6a1aaa9e2f2 8b1a2c38d8528fdfdf4731e2ee3ae0b6a742cbf08e4635351916ca7c89090bef
CLIENT_TRAFFIC_SECRET_0 aab8e583523ffa5f707c1ab7fda29af46c74967e779c186f0423e6a1aaa9e2f2 1d508296d6eada88c8760329d6cd6c374426312bfee58f3a0401c9e893b018ab
SERVER_TRAFFIC_SECRET_0 aab8e583523ffa5f707c1ab7fda29af46c74967e779c186f0423e6a1aaa9e2f2 b4afb3628f1ece0f5ac2d0f4d9f2846e40045d6e3320a9c7a433171890bb78bb
EXPORTER_SECRET aab8e583523ffa5f707c1ab7fda29af46c74967e779c186f0423e6a1aaa9e2f2 1a3f6e9f35145051909b042f2305895d0b8ac3e43462a172d66b149ce3370843
CLIENT_HANDSHAKE_TRAFFIC_SECRET bf06f7dc5f759d7ed8c727c7cc5e02d89dde356c45ff31ca6fd4e911caecfd57 07dfa3f99eec5f48e539567bc6e701003febe9d86daa4ad7264d5d78e41ca78a
SERVER_HANDSHAKE_TRAFFIC_SECRET bf06f7dc5f759d7ed8c727c7cc5e02d89dde356c45ff31ca6fd4e911caecfd57 aabe2cfcb04b1a9e72dc8ad393b6df49098b9982a79c29f8aac39a5099694bfe
CLIENT_HANDSHAKE_TRAFFIC_SECRET 10e54282c11e112ce358ee0743958c2120c317c878f58686a8ecf194da74a60c f6b42fa086e37cfd989efec3bd277c1a38756f49ca24d1378ffda64a4de6596d
SERVER_HANDSHAKE_TRAFFIC_SECRET 10e54282c11e112ce358ee0743958c2120c317c878f58686a8ecf194da74a60c 9f5a8e9cf00cd4c76ae68d1ebd919221fbdaf2fc1bbfc9ce45451c6a10c2b52a
CLIENT_HANDSHAKE_TRAFFIC_SECRET 5c4911fdf685798234bd28f2d7c25ef3aae04ec145096ed602c4e7766ce3dc55 9895291adb955b58183ca78499d9b4792686894781878b442e04289c14e4f1b5
SERVER_HANDSHAKE_TRAFFIC_SECRET 5c4911fdf685798234bd28f2d7c25ef3aae04ec145096ed602c4e7766ce3dc55 6c5829fecf284efeaf68966550666ed23a3eeeac4e7f9be74e1125c7c09b256d
CLIENT_TRAFFIC_SECRET_0 bf06f7dc5f759d7ed8c727c7cc5e02d89dde356c45ff31ca6fd4e911caecfd57 6403cd68b02ec8bf91cf9b8cf13978fd1ed0f46e817ba8e91b202d9b63137133
SERVER_TRAFFIC_SECRET_0 bf06f7dc5f759d7ed8c727c7cc5e02d89dde356c45ff31ca6fd4e911caecfd57 728b89a1773df21d1fc5033d7a6d7817abc85b2e620daaf28f5e25d978c123d8
EXPORTER_SECRET bf06f7dc5f759d7ed8c727c7cc5e02d89dde356c45ff31ca6fd4e911caecfd57 cbce0cc27b5607342d4407a5651d2ccb9645c4813f9443f76fb7a35c47cf9b4f
CLIENT_TRAFFIC_SECRET_0 5c4911fdf685798234bd28f2d7c25ef3aae04ec145096ed602c4e7766ce3dc55 b93581876055d662de0bc27c18646cdc56a3f1dfd0c61b5d58d441bd5d5c9fab
SERVER_TRAFFIC_SECRET_0 5c4911fdf685798234bd28f2d7c25ef3aae04ec145096ed602c4e7766ce3dc55 0285943165d5b2d09c9228f9ebfa574a2edeb121690903b762818eac284d106f
EXPORTER_SECRET 5c4911fdf685798234bd28f2d7c25ef3aae04ec145096ed602c4e7766ce3dc55 28a4753d5879d989d3de5e7a6c16ef3143e2608154daa8d9f2a02b078c84f464
CLIENT_HANDSHAKE_TRAFFIC_SECRET 770051467a323cbb1e3ccbc3edc052dd4c04b866f66fc8a3dd6859a99cdec94e 9b110f6c43146ca16ad75e5d715ccbf6fb22ef57ebbec83f70aa5db09ed7e098
SERVER_HANDSHAKE_TRAFFIC_SECRET 770051467a323cbb1e3ccbc3edc052dd4c04b866f66fc8a3dd6859a99cdec94e 04a491289a18e8581fde4d8ad15797aa7a594a840b02a3c969af6e0a41fc4f94
CLIENT_TRAFFIC_SECRET_0 10e54282c11e112ce358ee0743958c2120c317c878f58686a8ecf194da74a60c 7ab8bfa560ef1520116bf2a84761ea1139c54e96b9022f3acf00743034045a3c
SERVER_TRAFFIC_SECRET_0 10e54282c11e112ce358ee0743958c2120c317c878f58686a8ecf194da74a60c 9e08afbac96fb19d6b531b41dddffa29b1229a2ab84e7d4f62f9807b3e29135b
EXPORTER_SECRET 10e54282c11e112ce358ee0743958c2120c317c878f58686a8ecf194da74a60c a40bee179556094f1fb7041184d975b992998e22c9eb5fdf592e9d269708538d
CLIENT_TRAFFIC_SECRET_0 770051467a323cbb1e3ccbc3edc052dd4c04b866f66fc8a3dd6859a99cdec94e 07f0a890e9f4b8ace63e3cf61f914d332aa1340285a00b156e63f81aba20ef49
SERVER_TRAFFIC_SECRET_0 770051467a323cbb1e3ccbc3edc052dd4c04b866f66fc8a3dd6859a99cdec94e 9a031f0724e3a8786b1602906006771c07db0172ac8c590fb9a377977364ca47
EXPORTER_SECRET 770051467a323cbb1e3ccbc3edc052dd4c04b866f66fc8a3dd6859a99cdec94e 543361c70d42eb015b0c52d5082a9559c43129f29ca21634337c386b56534e0d
CLIENT_HANDSHAKE_TRAFFIC_SECRET ff64fa43398f78fc953d459cb11807438271c801981cab21b80a1bc8ae798c10 4cfb4150387d66145948aedc714b4aae0d18be09c1ce06d33241106b9ef2344e
SERVER_HANDSHAKE_TRAFFIC_SECRET ff64fa43398f78fc953d459cb11807438271c801981cab21b80a1bc8ae798c10 6a18893eb3f07c6465f84441cd01316598684c51c3caa6211b43eb831070db0b
CLIENT_TRAFFIC_SECRET_0 ff64fa43398f78fc953d459cb11807438271c801981cab21b80a1bc8ae798c10 07dda0fd8a9e39cec660c61858658da05cafbd9c3de251e265eda0b8f69b9e4f
SERVER_TRAFFIC_SECRET_0 ff64fa43398f78fc953d459cb11807438271c801981cab21b80a1bc8ae798c10 49dc1fbc9e0a925c7e1484b8d927db448c8474d19a1e8abcecb1ad7c4aa10db1
EXPORTER_SECRET ff64fa43398f78fc953d459cb11807438271c801981cab21b80a1bc8ae798c10 94e64c6d77e99050e15200f5f693e59ded8b0cbd2388e751b30b4090e9db42bf
CLIENT_HANDSHAKE_TRAFFIC_SECRET 46e0611f79c922cce2e9995075a3ad95d7987d9cf900d463271cb5fb937d92c2 8f8864801b8eb9f7f8529a8a8d256dcf773148e31dd1b47888d8efcbbb66b808
SERVER_HANDSHAKE_TRAFFIC_SECRET 46e0611f79c922cce2e9995075a3ad95d7987d9cf900d463271cb5fb937d92c2 b02b3c6bdf9bd6293d4cf4d6106f6dd990b861d7ca8a3cfcf5391d1ba4dceb6f
CLIENT_HANDSHAKE_TRAFFIC_SECRET abd30456c88f4c93e7c1891345e20235051927b8dc38dc76dd9c7eded8fe8a32 3691b1d934a63e1654fbc81beb7667dac0cbc8fbe0bcd334202d4a1ee915d0db
SERVER_HANDSHAKE_TRAFFIC_SECRET abd30456c88f4c93e7c1891345e20235051927b8dc38dc76dd9c7eded8fe8a32 4fc1da9dc7d068501c5336b4e688e50d2b238a2b87d5f7ba7aee37b983e45916
CLIENT_TRAFFIC_SECRET_0 46e0611f79c922cce2e9995075a3ad95d7987d9cf900d463271cb5fb937d92c2 755026aa1291bccb980242b4a7e1ef3927582e7b07a0625e200203e6ce38e2c1
SERVER_TRAFFIC_SECRET_0 46e0611f79c922cce2e9995075a3ad95d7987d9cf900d463271cb5fb937d92c2 dffe6a2821f05e7a34ee116aa10c2bc8ecd4e84bb3241b00d8903e778e717604
EXPORTER_SECRET 46e0611f79c922cce2e9995075a3ad95d7987d9cf900d463271cb5fb937d92c2 bd5d95c397dd6cae15136530c47e2b6574e89d9b13e3c3e4ed6d6765aa808f57
CLIENT_TRAFFIC_SECRET_0 abd30456c88f4c93e7c1891345e20235051927b8dc38dc76dd9c7eded8fe8a32 9b0be2f0170ba802abf3df2219f163939c359b8a626637031a0ea5060706d8ef
SERVER_TRAFFIC_SECRET_0 abd30456c88f4c93e7c1891345e20235051927b8dc38dc76dd9c7eded8fe8a32 34a97a62016dd80b9d02d10b743ed6199b09f9679de5fae90769cc5c727955ba
EXPORTER_SECRET abd30456c88f4c93e7c1891345e20235051927b8dc38dc76dd9c7eded8fe8a32 ce0846095a7cd3677122e4d94952c2fc1f918650a799f813aceef6d2437d7e95
CLIENT_HANDSHAKE_TRAFFIC_SECRET 684c9c3ad5940a97f1640f5747f9e978e5b32d69f9d02c6da0c2ba8ce703f630 5f1def7a333e85f6db159c45c1a023ee3364b25700841ac1f6cdcef6b5ab1c9f
SERVER_HANDSHAKE_TRAFFIC_SECRET 684c9c3ad5940a97f1640f5747f9e978e5b32d69f9d02c6da0c2ba8ce703f630 0a514c83b18f00a39a20d1fd79bd3c15a78b7611de4acbee09df4469ac42ddd0
CLIENT_TRAFFIC_SECRET_0 684c9c3ad5940a97f1640f5747f9e978e5b32d69f9d02c6da0c2ba8ce703f630 c31a69e67bd98880cb3233de3769453208c0e22440644611de31c814ee29a265
SERVER_TRAFFIC_SECRET_0 684c9c3ad5940a97f1640f5747f9e978e5b32d69f9d02c6da0c2ba8ce703f630 4bc6abaec5f4f48eb928396ddc341eb5fd5a2de87e427bc4833b0d255a3940cd
EXPORTER_SECRET 684c9c3ad5940a97f1640f5747f9e978e5b32d69f9d02c6da0c2ba8ce703f630 cb738402ddb2f8baff3cc2572e16c1b42bff9abeb6aefe9612311062fdef998d
CLIENT_HANDSHAKE_TRAFFIC_SECRET 9c299377d012a41f336d2bad0e6c268dd9b792f78f0a9452db861178a4d166f9 cafb5fc8437241d7cd0563016f0abafbf3dbd28030d8adc867bfb02282ccd667
SERVER_HANDSHAKE_TRAFFIC_SECRET 9c299377d012a41f336d2bad0e6c268dd9b792f78f0a9452db861178a4d166f9 fc9a8c6468bdd004a26608d47076028990c32695f7419b5285ff839349a7a943
CLIENT_TRAFFIC_SECRET_0 9c299377d012a41f336d2bad0e6c268dd9b792f78f0a9452db861178a4d166f9 91c0495ad91fef8919560d3ee66e624a09d6985587641f17a1a9948926f62ac1
SERVER_TRAFFIC_SECRET_0 9c299377d012a41f336d2bad0e6c268dd9b792f78f0a9452db861178a4d166f9 30a87be9f3d9f83d4094e4b268ec60f02f700ffdf5aa327b5290acf353a51dd0
EXPORTER_SECRET 9c299377d012a41f336d2bad0e6c268dd9b792f78f0a9452db861178a4d166f9 741cff3bc9ea8db4903fe75261a24993e7ae6fdbd8a8e89135aa82ee4ecbda5c
CLIENT_RANDOM 2e3036c8b2c928782b37afa400afae990f018a0590a05c2a3e76b56a2675a12f 4fa910b9ca37ace5e465c82a367da53d0b1e2571ad13f10b1fdcb7255254c7647821e5deebca702b1df60654b618c604
CLIENT_RANDOM 3b28f8c0e7e3453718b00bd976c665cbe3d1759c90d8ff157f31ddadc40b49f9 d4fadab2a88749756b9ba09fa296af944a9f680988e169cb84f1424ac5d324a79c770922de544130704e2c8c9a2f6fc0
CLIENT_HANDSHAKE_TRAFFIC_SECRET 1384676b901070b7b2e3e9c92e52af0b80df7859247fec417b6126292f55ae97 83d378415fd2cf30cfa5f6838d3f9d32c1d142512c27591b675d31db8f3c8473
SERVER_HANDSHAKE_TRAFFIC_SECRET 1384676b901070b7b2e3e9c92e52af0b80df7859247fec417b6126292f55ae97 9cdc93f6d3147c2386ca34b4a89b3cc66be5387ed09796e7db2d4bffdfe6a635
CLIENT_TRAFFIC_SECRET_0 1384676b901070b7b2e3e9c92e52af0b80df7859247fec417b6126292f55ae97 5c82a63755c014112b34663ec3ebcf733560178f67af18c27a6734063a88f410
SERVER_TRAFFIC_SECRET_0 1384676b901070b7b2e3e9c92e52af0b80df7859247fec417b6126292f55ae97 7089767904dd223476483a78b9b23f36c57ac77d2e190b76f56e61de29061c19
EXPORTER_SECRET 1384676b901070b7b2e3e9c92e52af0b80df7859247fec417b6126292f55ae97 9f789a4c382c7361de90ed55b0619738700ced19960bf6860ae04a7ded929416
CLIENT_HANDSHAKE_TRAFFIC_SECRET 83ee2603cb75b923ec330617cdf7dd69f253c8b8887adb245b5ad0f1f94cc657 891f4ec4faa8dfae6f8f4b1fa5320a28c4c2f4eb5a8b1873ea442acbcdef0a78
SERVER_HANDSHAKE_TRAFFIC_SECRET 83ee2603cb75b923ec330617cdf7dd69f253c8b8887adb245b5ad0f1f94cc657 cec5850bd0d96acde543f01fd1e1bd8d286af5b1c52d69d3aa10780212912367
CLIENT_TRAFFIC_SECRET_0 83ee2603cb75b923ec330617cdf7dd69f253c8b8887adb245b5ad0f1f94cc657 294ff3ee8a666812d6a80698c9a7c5f8c69f3e9ae9dbff5e488853d91981e8a8
SERVER_TRAFFIC_SECRET_0 83ee2603cb75b923ec330617cdf7dd69f253c8b8887adb245b5ad0f1f94cc657 d0a05f6c9a05d987b4d6037ec6cf47e0068a05470192e46695eece15a27d544b
EXPORTER_SECRET 83ee2603cb75b923ec330617cdf7dd69f253c8b8887adb245b5ad0f1f94cc657 81cb9ed590f07dc86f37cd61c0208ce03da3250329d65a47a2901ba932b63757
CLIENT_HANDSHAKE_TRAFFIC_SECRET f6de22ac87d7d381913eacba6be485ac794a812023bd4d8e23d062f601890c06 e6d4a5598ea4f31414d6d3d12d1299488c4669e7e2a6f1ac6ab97cacea85d8b5
SERVER_HANDSHAKE_TRAFFIC_SECRET f6de22ac87d7d381913eacba6be485ac794a812023bd4d8e23d062f601890c06 61c98919ff273bdc3155fa7b0453527338fd2057fbb4d76b11fb39565ee40a7f
CLIENT_TRAFFIC_SECRET_0 f6de22ac87d7d381913eacba6be485ac794a812023bd4d8e23d062f601890c06 a56e2dce421c13df6b467aa5add45eb10dbde7783be6afe528e67bda188668a4
SERVER_TRAFFIC_SECRET_0 f6de22ac87d7d381913eacba6be485ac794a812023bd4d8e23d062f601890c06 dfe9c539c96869d82f2016f67c02d2a71285b871293f4ce675a90c4f29f31cab
EXPORTER_SECRET f6de22ac87d7d381913eacba6be485ac794a812023bd4d8e23d062f601890c06 9e5b4485965bbe7d07b61c2b13aeea17c98fa6fb9533c963b8a0d66f5e9c773d
CLIENT_HANDSHAKE_TRAFFIC_SECRET c89e2c105e7a66862a0be7482c8286fc5a76c417e0a3a181afddb69b17b9f885 bf7fa1cf172415eae28c4d64c904d585f1c289bfc512f9a6e4685f9eb10949c6
SERVER_HANDSHAKE_TRAFFIC_SECRET c89e2c105e7a66862a0be7482c8286fc5a76c417e0a3a181afddb69b17b9f885 b954f67aa3ae14ab54bf3842d7a459efd7fa36c6c6395b2675e1c5d4cea17c2f
CLIENT_TRAFFIC_SECRET_0 c89e2c105e7a66862a0be7482c8286fc5a76c417e0a3a181afddb69b17b9f885 582bc3c1838092787cafa315c864cb9601520c9921944d1e8c12932f86e9ea05
SERVER_TRAFFIC_SECRET_0 c89e2c105e7a66862a0be7482c8286fc5a76c417e0a3a181afddb69b17b9f885 ebe283afa054c2dcbed505f1f1991655fce47d0ddc2cd3f25ca9632876f84ca2
EXPORTER_SECRET c89e2c105e7a66862a0be7482c8286fc5a76c417e0a3a181afddb69b17b9f885 9e8e64a2e97c67f3c71635e626b0e6404b9e2a60fd9aef2d28bb5f7708ba4fa0
CLIENT_HANDSHAKE_TRAFFIC_SECRET bc531bb49fdddcb99c7f29830a505c7e83a713924ce34d83dee51abbd552c6ea 259f13351ea07f7ab04e91465262c6b806b090f596c7efffe69d0c1b1202a61e
SERVER_HANDSHAKE_TRAFFIC_SECRET bc531bb49fdddcb99c7f29830a505c7e83a713924ce34d83dee51abbd552c6ea fcefba6a5efc22cfeb1e18a533b9a8dc59c28b4bffabf7991082cf9c6af6bce4
CLIENT_TRAFFIC_SECRET_0 bc531bb49fdddcb99c7f29830a505c7e83a713924ce34d83dee51abbd552c6ea ecebf08c8fa9bd56f6e3c484b6fad065df7f1ad757c35324a0e01462c51a7762
SERVER_TRAFFIC_SECRET_0 bc531bb49fdddcb99c7f29830a505c7e83a713924ce34d83dee51abbd552c6ea 5f611cab62c9a95e65ebdfe885efb2af7b277b06cf64d210576cd0999175c277
EXPORTER_SECRET bc531bb49fdddcb99c7f29830a505c7e83a713924ce34d83dee51abbd552c6ea 3b6d5682786d5eca2b8d941b16b5dff33c8a614b2a6f62bd122b1d4d187cb885
CLIENT_HANDSHAKE_TRAFFIC_SECRET d5241eb8810fc5fa98ee42f8f38f524f68951f5ce39bcdc548090a70337a5d38 ba03905f06df4806e4a896dc924a386886df3d0f72a5cc11c0cad60a0e57849d
SERVER_HANDSHAKE_TRAFFIC_SECRET d5241eb8810fc5fa98ee42f8f38f524f68951f5ce39bcdc548090a70337a5d38 af431b798c107fcd5fc93eb87e210eb124f63fdaac3d0fa4b72322db2784aa30
CLIENT_HANDSHAKE_TRAFFIC_SECRET 6306899f09475beb44c11d778042f7259e3b95562ea97dd043df54ca02d8bff9 d092995a73c44550cc7c3a893f12d0ad797b33dff10580d65f724f164d3425f4
SERVER_HANDSHAKE_TRAFFIC_SECRET 6306899f09475beb44c11d778042f7259e3b95562ea97dd043df54ca02d8bff9 1dcceb71d1e60e0c1903e2194c86c81a3aaf6eee57b0ba88d56386169725c2e3
CLIENT_HANDSHAKE_TRAFFIC_SECRET 3dc6cb457627539857f4081e5c223ed3e8074cea407a74b9cdaa1cff9632e103 9640070651bb7f2cba4709922f1a51740a79d770b0bc79c423b25f20ec045d16
SERVER_HANDSHAKE_TRAFFIC_SECRET 3dc6cb457627539857f4081e5c223ed3e8074cea407a74b9cdaa1cff9632e103 7b04eaa54139d69bc50ad0df1355b5b6927ab3cf0a2542032aa62105a723c9ea
CLIENT_HANDSHAKE_TRAFFIC_SECRET 515c546abfe6c95dbf86b09d531a3e5545c696b4dc901849bc2eabe7bd1aab80 05b9bb9aa3ff5f747538814fcd5a6bfbe0f8bdceab3fd85c91698cafc8a11805
SERVER_HANDSHAKE_TRAFFIC_SECRET 515c546abfe6c95dbf86b09d531a3e5545c696b4dc901849bc2eabe7bd1aab80 0b4fc9155b9006083f7a9f91a9a746637083673eca4f4d4958159ce519333c7e
CLIENT_TRAFFIC_SECRET_0 d5241eb8810fc5fa98ee42f8f38f524f68951f5ce39bcdc548090a70337a5d38 b519d937d9e2e37e9146ceed68d9eb171c0c110cdf2a18de5a758650c27a95d2
SERVER_TRAFFIC_SECRET_0 d5241eb8810fc5fa98ee42f8f38f524f68951f5ce39bcdc548090a70337a5d38 b769c8a7b6ad8e6f275dc6d8a145453dfef78fa1bf1e17d371134eb5e86bda2f
EXPORTER_SECRET d5241eb8810fc5fa98ee42f8f38f524f68951f5ce39bcdc548090a70337a5d38 2de157404f756aa06ac54136466a0f9da98f5d60b71eb1051908a0c44caae1ad
CLIENT_TRAFFIC_SECRET_0 6306899f09475beb44c11d778042f7259e3b95562ea97dd043df54ca02d8bff9 b51799cfd59289143ded89cf4225f672a59f04fd7c4f65ae9ada70a19a089879
SERVER_TRAFFIC_SECRET_0 6306899f09475beb44c11d778042f7259e3b95562ea97dd043df54ca02d8bff9 c830715762c0e38cd968b8d2567560b31acf8c267c74f6046f92097df042a29d
EXPORTER_SECRET 6306899f09475beb44c11d778042f7259e3b95562ea97dd043df54ca02d8bff9 4207ee9cbfddfc4e801ceeaf2bb13c09fdf598d817f791cc7e2374e3399235ce
CLIENT_TRAFFIC_SECRET_0 3dc6cb457627539857f4081e5c223ed3e8074cea407a74b9cdaa1cff9632e103 c171751e29fac9b0394965c24c743c593391dd17a1c1e995463b31244b06f878
SERVER_TRAFFIC_SECRET_0 3dc6cb457627539857f4081e5c223ed3e8074cea407a74b9cdaa1cff9632e103 0ace2ef00029cbb2dbad2d3b8e9e7053974d3ca0756d6d8c1a29a951fe627a9f
EXPORTER_SECRET 3dc6cb457627539857f4081e5c223ed3e8074cea407a74b9cdaa1cff9632e103 ca842a10101f979a54cbb3c7972c40ba77aa4756418199cce2c7c8169c01e600
CLIENT_TRAFFIC_SECRET_0 515c546abfe6c95dbf86b09d531a3e5545c696b4dc901849bc2eabe7bd1aab80 087a1bbee938ba4a63d908446949609c7b43d8611569f1c6cf3d13cac3f8ad83
SERVER_TRAFFIC_SECRET_0 515c546abfe6c95dbf86b09d531a3e5545c696b4dc901849bc2eabe7bd1aab80 b93380ffadaa009efde644594f1f36f9cc33a8a07a3700285b889c42fd717e89
EXPORTER_SECRET 515c546abfe6c95dbf86b09d531a3e5545c696b4dc901849bc2eabe7bd1aab80 a4f498054184ceb8af80817b388f1735849f9aeb100e4a9213c7e5cf86f6d797
CLIENT_HANDSHAKE_TRAFFIC_SECRET d925504bd5cdbffc34a68a1ea850ecef6262b8864219b5690dd36e942de78e11 646584d1341aab45eb8ad65d54a69b7c60cc6c205b2bc800e3c5699dbb29efe5
SERVER_HANDSHAKE_TRAFFIC_SECRET d925504bd5cdbffc34a68a1ea850ecef6262b8864219b5690dd36e942de78e11 6c40eab2a5f06d4d743c7e461364de0280494423a4629c67615e3af0283fecc5
CLIENT_TRAFFIC_SECRET_0 d925504bd5cdbffc34a68a1ea850ecef6262b8864219b5690dd36e942de78e11 a0d7eb9e38c116f553d0d090193473c64e01fcdcd762dd27df8905dee12d9b4a
SERVER_TRAFFIC_SECRET_0 d925504bd5cdbffc34a68a1ea850ecef6262b8864219b5690dd36e942de78e11 d844c4e954131e3c2fd1656bfffeb811bf0759649f606229b31e2337892087c2
EXPORTER_SECRET d925504bd5cdbffc34a68a1ea850ecef6262b8864219b5690dd36e942de78e11 db5ae6b78a32e5723191de206d5c8b9d1e23bdebbeae0ce412891b4003a86e25
CLIENT_HANDSHAKE_TRAFFIC_SECRET 05fcdbf04291c4bf91f259c9f06b2cc9076e4682b07caea41b4113080c90b0e8 dc4e26dadd66df1b4d7ac18816b9ff4cd332564df916a6af857492675c5b7f60
SERVER_HANDSHAKE_TRAFFIC_SECRET 05fcdbf04291c4bf91f259c9f06b2cc9076e4682b07caea41b4113080c90b0e8 d36967ff7a33ec97c3eea7fe1d3f5b32316ff7ead3c1e148ac940ebafffd0f69
CLIENT_TRAFFIC_SECRET_0 05fcdbf04291c4bf91f259c9f06b2cc9076e4682b07caea41b4113080c90b0e8 95d72327ba37aa87285f12226085ffa541d0b98e55d0e9ad0b8d9cdf1d54f42b
SERVER_TRAFFIC_SECRET_0 05fcdbf04291c4bf91f259c9f06b2cc9076e4682b07caea41b4113080c90b0e8 2cce52cee687f45c76c5166ad1a278133a74a3904d58ffb64465ec8382239dab
EXPORTER_SECRET 05fcdbf04291c4bf91f259c9f06b2cc9076e4682b07caea41b4113080c90b0e8 3a47b738b67a338d03b19740b21b081f9457941a0412a783311fcad0997545d3
