CLIENT_HANDSHAKE_TRAFFIC_SECRET 21a309e0e95fe3b85f10216afc0a94359ddb91439040cb2308a4fcaed68f738e a8f1946c00ef3f2223878b783ebed18dab298f20f62fd07fce199c9997983caa
SERVER_HANDSHAKE_TRAFFIC_SECRET 21a309e0e95fe3b85f10216afc0a94359ddb91439040cb2308a4fcaed68f738e 335b9ac7dd5976ae611b052ef22fb5f15fdb7f09eadb70bbbdb7970be0891a0e
CLIENT_HANDSHAKE_TRAFFIC_SECRET 403b09b1f774450abfc23ac17cb0cf087d2d83bd3bbd4ad16080ab3284c1835d 129b25bd2c4bb6522e5fad8a30c6948a25ae86d93c898806bcdc3463bb23ad5c
SERVER_HANDSHAKE_TRAFFIC_SECRET 403b09b1f774450abfc23ac17cb0cf087d2d83bd3bbd4ad16080ab3284c1835d 0fe5ab5194655f9c4db75cce60e2993881697a902c8b2d813d23ad7cdf307999
CLIENT_HANDSHAKE_TRAFFIC_SECRET 3049544c5c701f94af9c4b9eed49c0fe11aee833c4e67d984d9b848671f65496 ce334eda874844b62e7f8ca887b49070ba38d3c67dbf612840d73bfa19c304a8
SERVER_HANDSHAKE_TRAFFIC_SECRET 3049544c5c701f94af9c4b9eed49c0fe11aee833c4e67d984d9b848671f65496 dd8ca54ce54fa4041a408650371c0dd06d0a0f919ecb4dcb87a78231228666b1
CLIENT_TRAFFIC_SECRET_0 21a309e0e95fe3b85f10216afc0a94359ddb91439040cb2308a4fcaed68f738e d4dcce3f29c98e1aa2dbbb02228a48b5e25e980826ef53d1eabc329daa102446
SERVER_TRAFFIC_SECRET_0 21a309e0e95fe3b85f10216afc0a94359ddb91439040cb2308a4fcaed68f738e 5524f1c546afe366b457ddb3dea78ab733213e07d08654f182bdcbe4b9050b10
EXPORTER_SECRET 21a309e0e95fe3b85f10216afc0a94359ddb91439040cb2308a4fcaed68f738e 90e3736399c33bbd19ec201f30dd3ed4c92430c715f99cb6e5bc53282b6086a9
CLIENT_TRAFFIC_SECRET_0 3049544c5c701f94af9c4b9eed49c0fe11aee833c4e67d984d9b848671f65496 a783efaa4eba999321d3abadb41147e3432227246cff8fdcd9814cf2f734edb5
SERVER_TRAFFIC_SECRET_0 3049544c5c701f94af9c4b9eed49c0fe11aee833c4e67d984d9b848671f65496 11efbbfb6544bf69f50285462da826e8b3f9d444140ec58dfc03ac21b4856785
EXPORTER_SECRET 3049544c5c701f94af9c4b9eed49c0fe11aee833c4e67d984d9b848671f65496 4fd8ed47dc25ee8816cea2e03bb758ed4a30e98b2ac14c0c6e7d07de171853ba
CLIENT_TRAFFIC_SECRET_0 403b09b1f774450abfc23ac17cb0cf087d2d83bd3bbd4ad16080ab3284c1835d a11aa75c867b82061b9037d4cb894fb8f86b9d3df7bf0e7fc92df4670431da8a
SERVER_TRAFFIC_SECRET_0 403b09b1f774450abfc23ac17cb0cf087d2d83bd3bbd4ad16080ab3284c1835d 3af3de3fde8f480da808c8c0b3a60895731e0ad18dbbf4938f8b978267412dcd
EXPORTER_SECRET 403b09b1f774450abfc23ac17cb0cf087d2d83bd3bbd4ad16080ab3284c1835d da6b8ac72dd9aa858b1009b7a7681179bde8f96f3bc075c7a96b31d41c94289d
CLIENT_HANDSHAKE_TRAFFIC_SECRET 3d54b2fe7dd6c336625b09f3ba253ceb0511462cccc9e51b571de59396ce46b0 b33e131629c15f7c64bf85542df5908fd9b0e5edddc8972e5f619c0932d8df17
SERVER_HANDSHAKE_TRAFFIC_SECRET 3d54b2fe7dd6c336625b09f3ba253ceb0511462cccc9e51b571de59396ce46b0 2d802a0141861077a58f59eedc70bf994d0d87e0089813034675d803e885163f
CLIENT_TRAFFIC_SECRET_0 3d54b2fe7dd6c336625b09f3ba253ceb0511462cccc9e51b571de59396ce46b0 2658bccea78aae65901e3f352f56f55a538a4ca22eb9e92810a7a3453f1c0781
SERVER_TRAFFIC_SECRET_0 3d54b2fe7dd6c336625b09f3ba253ceb0511462cccc9e51b571de59396ce46b0 8b47d9f0431ec2c412d98358b990e92249c85ea3e1d6eca5ff278fb7cb22566d
EXPORTER_SECRET 3d54b2fe7dd6c336625b09f3ba253ceb0511462cccc9e51b571de59396ce46b0 3451f0dce032b9c82c4bd62ab7ccc284c84a02244bc5ac1236a5aef12eee4932
CLIENT_HANDSHAKE_TRAFFIC_SECRET 1f6ec10d5ae1dc8c81c5172c72285facd14f463d93fb00e8510e52b7c0cee234 d52252eb33ec191ed9c39a49f0270981ee7a96d562c559ace2966803b66c47fc
SERVER_HANDSHAKE_TRAFFIC_SECRET 1f6ec10d5ae1dc8c81c5172c72285facd14f463d93fb00e8510e52b7c0cee234 37738373ad4dba3ac7e04531271e90cea383392a2b83a1b13fd2d71a2d021a0d
CLIENT_TRAFFIC_SECRET_0 1f6ec10d5ae1dc8c81c5172c72285facd14f463d93fb00e8510e52b7c0cee234 de2d3bf2512d11acc8850dce00a635bd949fb4a8cdbf24e7f2ebac1486835742
SERVER_TRAFFIC_SECRET_0 1f6ec10d5ae1dc8c81c5172c72285facd14f463d93fb00e8510e52b7c0cee234 c5d8ae4b8fee4cf5896e8fecd762e419987197e673604086126460cd167942db
EXPORTER_SECRET 1f6ec10d5ae1dc8c81c5172c72285facd14f463d93fb00e8510e52b7c0cee234 1a6f7d76f8bc83cf58a6a3a5a4dc2095f1d543722160278605885779b08bf6c0
CLIENT_HANDSHAKE_TRAFFIC_SECRET 502f4ece4d897adb720cc7ab540158dd2040bd3423070699e669302900c89ed3 e7605f4a1af4ff697e9a921065a38ad1fd8f920827f5e4539c316c4a9e05a74a
SERVER_HANDSHAKE_TRAFFIC_SECRET 502f4ece4d897adb720cc7ab540158dd2040bd3423070699e669302900c89ed3 70016d050120ca6834c831d2bcca4a94cf1aa46c1928a5982c20308fb45022fb
CLIENT_TRAFFIC_SECRET_0 502f4ece4d897adb720cc7ab540158dd2040bd3423070699e669302900c89ed3 90ec38284f69900c319f2c059b3897d07ae71b74ffcaa7e1c208b537ce1f7b85
SERVER_TRAFFIC_SECRET_0 502f4ece4d897adb720cc7ab540158dd2040bd3423070699e669302900c89ed3 d48a830e69db0296676bdda34c75bceb2140370a0b36e0050ded71928a3f4e45
EXPORTER_SECRET 502f4ece4d897adb720cc7ab540158dd2040bd3423070699e669302900c89ed3 3b9cf83efab2492e09b95008b04f968c5efe6835bb152f957a8db6d4c329091e
CLIENT_HANDSHAKE_TRAFFIC_SECRET e565108ca94c1cf3b02a9c95809a39dfbf785d72f49ea623c9458cd3da90ba26 9c4a910bb5a41f3b787c04a7f9dabd7417bdaa531bc9d5e8f595a0129aa96d35
SERVER_HANDSHAKE_TRAFFIC_SECRET e565108ca94c1cf3b02a9c95809a39dfbf785d72f49ea623c9458cd3da90ba26 6fefaa559794902ba7759117792c0eabb866d013d14c5472c054dc23f9da6506
CLIENT_TRAFFIC_SECRET_0 e565108ca94c1cf3b02a9c95809a39dfbf785d72f49ea623c9458cd3da90ba26 02d381b1b93485a8d068da4f6a008c56c90bbc20e5346e8915396a10920c4655
SERVER_TRAFFIC_SECRET_0 e565108ca94c1cf3b02a9c95809a39dfbf785d72f49ea623c9458cd3da90ba26 9a0a9e50d3a5208092bd6760839adfc19e8ef86a140301bac9e50f886f1702a5
EXPORTER_SECRET e565108ca94c1cf3b02a9c95809a39dfbf785d72f49ea623c9458cd3da90ba26 5ada874458f9436cb6f8a0448caf7e653a0fb862cb7cc29b8ed90aa4bf86132c
CLIENT_HANDSHAKE_TRAFFIC_SECRET a777f8ce33fdce02056891955cc5c50f5be927670e850166e45cb37de7234ede e0895c0a03ec7bf8fad30ffe8a00b19ad86222d89bb299c5f07db06af6588d81
SERVER_HANDSHAKE_TRAFFIC_SECRET a777f8ce33fdce02056891955cc5c50f5be927670e850166e45cb37de7234ede a1ed8b69e29dd6e63a8e7e872e81f47f211c921fa212cff8f8239e280ef9f77d
CLIENT_TRAFFIC_SECRET_0 a777f8ce33fdce02056891955cc5c50f5be927670e850166e45cb37de7234ede 92f35054c1149abc41e5a566d00a78f9a5ecc6c4f855b2710fbed3597469f75f
SERVER_TRAFFIC_SECRET_0 a777f8ce33fdce02056891955cc5c50f5be927670e850166e45cb37de7234ede 004f200f2e06d5042d1117a7c7dc52a5a1cbfedddb29b4bddefd96307c19169e
EXPORTER_SECRET a777f8ce33fdce02056891955cc5c50f5be927670e850166e45cb37de7234ede be58295129f37dc6b3ce137ab62fa947cdc636b7f9e6adc7b4cfb55dfe07c81b
