CLIENT_RANDOM a10b609888221cc3c5e1ced5b54b4d82a04aaa0e7e82be3701e23d9870b673a7 260f41088cde85967ef401f9b6d429eba4bf15ddf27fef0376ec760f971885d2e23f5be02a787ae5e99c959f341d0afe
CLIENT_HANDSHAKE_TRAFFIC_SECRET c6c4588660517e9b34f190df90039155b37c79141486415749bacd79120ada24 c82263f6c2725abfadecfe06b94a396962f6ccbe3acd820a807249ed3b0e9cbb
SERVER_HANDSHAKE_TRAFFIC_SECRET c6c4588660517e9b34f190df90039155b37c79141486415749bacd79120ada24 74631031c313de0f8c1d478fcb94076bc6126aec642a14f6f3f8d3f4affd4046
CLIENT_TRAFFIC_SECRET_0 c6c4588660517e9b34f190df90039155b37c79141486415749bacd79120ada24 2467645472a1e96a1c891a29af68e9511fe8ebf55973d065199139b09ce6626c
SERVER_TRAFFIC_SECRET_0 c6c4588660517e9b34f190df90039155b37c79141486415749bacd79120ada24 38a189642d0821286fa64c7a5f48546597f0c36e4f219393443bfa3f73f8687f
EXPORTER_SECRET c6c4588660517e9b34f190df90039155b37c79141486415749bacd79120ada24 c629af1469c09e9909debac8e52df95ad42231d5fc73b03060fe8b3a0516e322
CLIENT_RANDOM 367f3d2875487976de885935199df4ab54a2a46b7288d3dbb7b15725d879741a 020493b2f61b0d10fdce67307b96a3835cbe1e348ae0c362b19964023da66e2d816d7865c2d11d541726dd79d037c39e
CLIENT_HANDSHAKE_TRAFFIC_SECRET 7afacb9aee04fd47231c5825383d4faccdf58f955957c3674bebbe721e11eecb a6921f36437db2a8c57f644d37980ce49feb25009c6cf5797a6ee59cb94e2260
SERVER_HANDSHAKE_TRAFFIC_SECRET 7afacb9aee04fd47231c5825383d4faccdf58f955957c3674bebbe721e11eecb 85532779b46e2964bc0c1fe851176ff939e3b87c583bb806986b34ecda161408
CLIENT_TRAFFIC_SECRET_0 7afacb9aee04fd47231c5825383d4faccdf58f955957c3674bebbe721e11eecb aea34be5d528b524f612141c95034249b14011348b497db88d0b0b9239f4b212
SERVER_TRAFFIC_SECRET_0 7afacb9aee04fd47231c5825383d4faccdf58f955957c3674bebbe721e11eecb 97b972cdf1a3196185b90e8231be9663b8e665390369875e6f95a0c9fa71d7e0
EXPORTER_SECRET 7afacb9aee04fd47231c5825383d4faccdf58f955957c3674bebbe721e11eecb 20565590247d88e7f17d3e1efdc0be533b0d5c3755e2877ecf6f9e2462b3ba8a
CLIENT_HANDSHAKE_TRAFFIC_SECRET bab3cec0304fa5db0e1bc265efe4aaced7b32b5095659f9295e83cbe02958990 0c69a9233ee644a50de80488aed3208de062a329117c355e3865964fc07f2978
SERVER_HANDSHAKE_TRAFFIC_SECRET bab3cec0304fa5db0e1bc265efe4aaced7b32b5095659f9295e83cbe02958990 0bacfb203a18e75b188dd1ae3865927ac5a912997558c15df807f64cdb9d833b
CLIENT_TRAFFIC_SECRET_0 bab3cec0304fa5db0e1bc265efe4aaced7b32b5095659f9295e83cbe02958990 7ff3ef87dd2b28eaff749fc8bc049acdd15cf26f60556072dc5c24a8b056cf7f
SERVER_TRAFFIC_SECRET_0 bab3cec0304fa5db0e1bc265efe4aaced7b32b5095659f9295e83cbe02958990 7f60e041c901b1ba0717b1268dfd0e79ad9d306783fe7f8c7d6be6a78e7d0898
EXPORTER_SECRET bab3cec0304fa5db0e1bc265efe4aaced7b32b5095659f9295e83cbe02958990 c32dca2f8dff7b21f889b2e1fb729df76d4b9291046b06fb6b72662c390cb75c
CLIENT_HANDSHAKE_TRAFFIC_SECRET c709d4a429421c949285b6282f7da57cf8f6f066efa11652d298b2d864a8e94c 34568aa8390adc9a9bd4973e92bf5e0cf4370877137735f93dfeb6cafc2430fd
SERVER_HANDSHAKE_TRAFFIC_SECRET c709d4a429421c949285b6282f7da57cf8f6f066efa11652d298b2d864a8e94c 9f6c8e6fc9afc7bf5c7f87fbf1b06e085d292cb30b3d3588afd9a3f144fbd1a3
CLIENT_TRAFFIC_SECRET_0 c709d4a429421c949285b6282f7da57cf8f6f066efa11652d298b2d864a8e94c 0be1ab0d7f03b36a4a5e5386482a75b591cde2c1692e720c2d04f373d435194e
SERVER_TRAFFIC_SECRET_0 c709d4a429421c949285b6282f7da57cf8f6f066efa11652d298b2d864a8e94c b08720d713afed132244c201041798f101bf2ac159c8daf0450c3ccb1512844e
EXPORTER_SECRET c709d4a429421c949285b6282f7da57cf8f6f066efa11652d298b2d864a8e94c 1a12ec150c0b8a255a81371f3ef28d1aa62ea6bfba59cb954f0badea8821f779
CLIENT_HANDSHAKE_TRAFFIC_SECRET fb32dd19df120c5bdd5b79f24ccb3293acaf422e05095ee46beeb484390d756c f1c42d02fe6c5605fe2326eb1f1ca3eb3ed3498292ccaafeaab4f130882bb158
SERVER_HANDSHAKE_TRAFFIC_SECRET fb32dd19df120c5bdd5b79f24ccb3293acaf422e05095ee46beeb484390d756c 24879a55a03077778c21c7c786d3dc59c6617d64708dfec2f7de35671af37add
CLIENT_TRAFFIC_SECRET_0 fb32dd19df120c5bdd5b79f24ccb3293acaf422e05095ee46beeb484390d756c c8f804caaa2aaa3a831e0152c0fcc629c3667f1ebcb06a6984ad87c3d121cae1
SERVER_TRAFFIC_SECRET_0 fb32dd19df120c5bdd5b79f24ccb3293acaf422e05095ee46beeb484390d756c b3aca9c1ea80efabf71d0829a4f74a2b6bc0927846ecc97ba5afc9b04571c977
EXPORTER_SECRET fb32dd19df120c5bdd5b79f24ccb3293acaf422e05095ee46beeb484390d756c 488b586f58e6c999e4811e4aa05d25bd8cccb08d7785c7a6a6b06fe0c14cd616
CLIENT_HANDSHAKE_TRAFFIC_SECRET 064adc6e53407cfe179aa050477d236851a4a8b6892b8add7b6741f7b023c234 f7a2e1459de11377662b562cb3e70be78fb83268e4a37c1849545b40a4910c2d
SERVER_HANDSHAKE_TRAFFIC_SECRET 064adc6e53407cfe179aa050477d236851a4a8b6892b8add7b6741f7b023c234 9db8504c7ad58aa9a9012357e58f0e05d32ed6ef1d6f382e5c3204827d8c7db1
CLIENT_TRAFFIC_SECRET_0 064adc6e53407cfe179aa050477d236851a4a8b6892b8add7b6741f7b023c234 900a4604423f8bc6f5bc3ae85399d0001749e381a2965a1a6c6a289dc740d18a
SERVER_TRAFFIC_SECRET_0 064adc6e53407cfe179aa050477d236851a4a8b6892b8add7b6741f7b023c234 71ed65ca4d4eb586ab1ba12e38e4b2f7ecfa648745dcfde568d03fdc077f32cf
EXPORTER_SECRET 064adc6e53407cfe179aa050477d236851a4a8b6892b8add7b6741f7b023c234 db582630bc313afb18be117ae7d4ca567fac0cc5ceb40dc37411c16e7b3fb4d0
CLIENT_HANDSHAKE_TRAFFIC_SECRET a826637a22ccc048242d124b2ba5565356931effe7ae3b8826c768126e523b1c 7633428cb7851ffa0112b1d2d2c1cb3b316932363cdda8c41da0e1898a38a7ff
SERVER_HANDSHAKE_TRAFFIC_SECRET a826637a22ccc048242d124b2ba5565356931effe7ae3b8826c768126e523b1c f3ab8ab78f2df6b9c0474d8a2de97fd4710843732fbe1648b6533edaf197aa17
CLIENT_TRAFFIC_SECRET_0 a826637a22ccc048242d124b2ba5565356931effe7ae3b8826c768126e523b1c d7187f7099006b75f608e1d172b25b75c5b403d81803f4921f4d4db5ce5cc89c
SERVER_TRAFFIC_SECRET_0 a826637a22ccc048242d124b2ba5565356931effe7ae3b8826c768126e523b1c 661079f8e836fae46cc62afc21ab0e7b349021ef96f0a45eff7e113f97c0238b
EXPORTER_SECRET a826637a22ccc048242d124b2ba5565356931effe7ae3b8826c768126e523b1c 56b560f9bebd15f8f31a727793e18b9d7da114785a8f92bcfb60421fad544bbd
CLIENT_HANDSHAKE_TRAFFIC_SECRET 549096f3993d58338043e755ff9780adbffdd7bc21986dc85c1678315b660ede accd0c4930e24d4ae2f41e881de5baa26a10095d9f6adb71fc6da427df392d2c
SERVER_HANDSHAKE_TRAFFIC_SECRET 549096f3993d58338043e755ff9780adbffdd7bc21986dc85c1678315b660ede d26f427ff11d00361bf367b178cbc20e3ffeb28d3d763bcb72c97af8c51a88dd
CLIENT_TRAFFIC_SECRET_0 549096f3993d58338043e755ff9780adbffdd7bc21986dc85c1678315b660ede 5f39f2d01116940c2b6f3b969f2be90f818a0652fb86f3a61b2d29cc74fee4ba
SERVER_TRAFFIC_SECRET_0 549096f3993d58338043e755ff9780adbffdd7bc21986dc85c1678315b660ede 8ac0388db8a6f46167972350dd9267d5dcc3c7857dc1eab605e8bdb198ca9894
EXPORTER_SECRET 549096f3993d58338043e755ff9780adbffdd7bc21986dc85c1678315b660ede a31b4117eedab221f932f7f3a70819927baa52519cd2da58cc13fd874b85ef0c
CLIENT_HANDSHAKE_TRAFFIC_SECRET a2acbf0d93de6ede8ade6018ff3c4429add7b8166534cfe17667daafe3f9fbf0 d2b5cbbcf1a17b2c69d7634829bc359385a3e8bebc3502d1bd983b47f7899b24
SERVER_HANDSHAKE_TRAFFIC_SECRET a2acbf0d93de6ede8ade6018ff3c4429add7b8166534cfe17667daafe3f9fbf0 d07f8759304890d8cbe8aa9f995ccb92ef2cacff18aa776746c66823e9b36135
CLIENT_TRAFFIC_SECRET_0 a2acbf0d93de6ede8ade6018ff3c4429add7b8166534cfe17667daafe3f9fbf0 3bfea6121a919c1463d0dcb0b347874699c0f1a7a5a6545b24adff1af6e7fa74
SERVER_TRAFFIC_SECRET_0 a2acbf0d93de6ede8ade6018ff3c4429add7b8166534cfe17667daafe3f9fbf0 3fdc70ebb44fb689abb18aadd58ba2919225609b2a6243daa6b25602e0370127
EXPORTER_SECRET a2acbf0d93de6ede8ade6018ff3c4429add7b8166534cfe17667daafe3f9fbf0 63507aa147468cde676156b8051b2b11c534fcd0a3b3f7fcb5b9852ddae28714
CLIENT_HANDSHAKE_TRAFFIC_SECRET 6b6c45981b88aafbbe7422718bfc74ceb2a001ea51d5d40cae1793dbbdb16ebe 204aa967943b655e713dffc6ed63f8970d08a8915735fe6131bd84db61d9bfaa
SERVER_HANDSHAKE_TRAFFIC_SECRET 6b6c45981b88aafbbe7422718bfc74ceb2a001ea51d5d40cae1793dbbdb16ebe f6bd7c5e484e4c7b06342dc0a8a4656457b1971b4fc0f156649cefdab788b7d7
CLIENT_TRAFFIC_SECRET_0 6b6c45981b88aafbbe7422718bfc74ceb2a001ea51d5d40cae1793dbbdb16ebe 10271240f00741f7c427700b4db3003fe5d6a5b5449c6031c5c56c50b886dc69
SERVER_TRAFFIC_SECRET_0 6b6c45981b88aafbbe7422718bfc74ceb2a001ea51d5d40cae1793dbbdb16ebe 20d510e7b5c9a585dc87d681529c35b01db7855dfc228be883ff3ad8e2449a76
EXPORTER_SECRET 6b6c45981b88aafbbe7422718bfc74ceb2a001ea51d5d40cae1793dbbdb16ebe ea56ef3333186c5d8a12eea04a7354c2d4948eceb5dab8fe48dae33323b14e8e
