CLIENT_HANDSHAKE_TRAFFIC_SECRET 78c9550815cdb4f5aa267258887eff94959d7792e028ad47dafe138b4f7ff4d4 a2a56fb30b3aac9c52b64acf255604e99915e3f16a9c5c7fe7830190a9490949
SERVER_HANDSHAKE_TRAFFIC_SECRET 78c9550815cdb4f5aa267258887eff94959d7792e028ad47dafe138b4f7ff4d4 2540dafddc10907423e088ca7cb0d76033f3dded31823488916f5f5e25638ccd
CLIENT_TRAFFIC_SECRET_0 78c9550815cdb4f5aa267258887eff94959d7792e028ad47dafe138b4f7ff4d4 031f85a6ae3da696de36b351fea22d7e597c46229f9bc281814db75505dce4ef
SERVER_TRAFFIC_SECRET_0 78c9550815cdb4f5aa267258887eff94959d7792e028ad47dafe138b4f7ff4d4 4cf8f74dab51ab462bf54671c069cf365138072251baf9dcae32c614d5f99cab
EXPORTER_SECRET 78c9550815cdb4f5aa267258887eff94959d7792e028ad47dafe138b4f7ff4d4 f08fe611554f735135b049e69b9682a4637bde4aaf52b43a6c5721fd745daa1c
CLIENT_HANDSHAKE_TRAFFIC_SECRET 7c7be13ca4983ae765a9bb2666d933efae78c29a90579d101522ce48643f44d6 0bbcf1f59f284cc17974e1eed4001a08cd6cda3ff8e11fc20288fe894bef622a29db7ad76914da49894a7f44267b678d
SERVER_HANDSHAKE_TRAFFIC_SECRET 7c7be13ca4983ae765a9bb2666d933efae78c29a90579d101522ce48643f44d6 cb370f8ac333c9a37d17fc46850fadb10e93b9224bb3aa436ce39fbaa7829b9ad02cc09dbc00a30f9bea0154a79aee1c
CLIENT_TRAFFIC_SECRET_0 7c7be13ca4983ae765a9bb2666d933efae78c29a90579d101522ce48643f44d6 5f97d19bd09c5a9a0000c1403aa9bf148f9506cb1f4963b77926ba48622ac607666947c5a1b464dfa7f804000d883a71
SERVER_TRAFFIC_SECRET_0 7c7be13ca4983ae765a9bb2666d933efae78c29a90579d101522ce48643f44d6 1c703df6cfa5c2bf775832dfeb83472382a77cd3ddb23517f4dde3b425eabf183aa8e2701628a1aab9fc075fca8597a7
EXPORTER_SECRET 7c7be13ca4983ae765a9bb2666d933efae78c29a90579d101522ce48643f44d6 eccf0cf1c07afff77f90cf9619d97a59d5fc5dd16a1b5fc87152e587801af8b9728d626b07a37cc69723dffd675d1a0f
CLIENT_HANDSHAKE_TRAFFIC_SECRET 919b96e37303e43e736843d23c6da9e6ed3533b1491a8f589fd91911245d6af0 b9db089ed1b63a7401e9088a4b184ef4d6028802625a6e65ae20af0bea3da7ff
SERVER_HANDSHAKE_TRAFFIC_SECRET 919b96e37303e43e736843d23c6da9e6ed3533b1491a8f589fd91911245d6af0 5f0ad428e342fbf5d1039b75884e58a506f2a620713bc82a309723e22122d3a5
CLIENT_TRAFFIC_SECRET_0 919b96e37303e43e736843d23c6da9e6ed3533b1491a8f589fd91911245d6af0 96bf60106d28e91aa95201a2649d419d1756e4fc7c179b931960afa7a68b52c3
SERVER_TRAFFIC_SECRET_0 919b96e37303e43e736843d23c6da9e6ed3533b1491a8f589fd91911245d6af0 818c4f57eb7ef9d99882b56da880081084c651b0969607d2d2f2d8fb4d7e7353
EXPORTER_SECRET 919b96e37303e43e736843d23c6da9e6ed3533b1491a8f589fd91911245d6af0 2b7522e0df8de071d0fb8cf64b4849d744bb54cb7c0a4e70da8acb56fd0148f9
CLIENT_HANDSHAKE_TRAFFIC_SECRET 766a5243f5a7900f8d9bb576774b2028b06a871e6147499b490d018ce78b74bc edd80ace45e856b7c5caa04a5c8c989b5136c3cd5f9a0bfa869c4a4bd04f62ba
SERVER_HANDSHAKE_TRAFFIC_SECRET 766a5243f5a7900f8d9bb576774b2028b06a871e6147499b490d018ce78b74bc e6952fd9fd43b252bf15486bf0741ec6223fee45f1f731cfe65f9d7fb4f0b75c
CLIENT_TRAFFIC_SECRET_0 766a5243f5a7900f8d9bb576774b2028b06a871e6147499b490d018ce78b74bc ddd41dfa1476231afe3a13de3a13a25fb61db86b067395414033d2724b119216
SERVER_TRAFFIC_SECRET_0 766a5243f5a7900f8d9bb576774b2028b06a871e6147499b490d018ce78b74bc 89c785152e4237ef95c13eb2053c8373244a33a937d174a1797870b0a43f9116
EXPORTER_SECRET 766a5243f5a7900f8d9bb576774b2028b06a871e6147499b490d018ce78b74bc f32f0ad4720764335991ea7ab38489c9d0b5810775a50da3b91ea5d25e996f6d
CLIENT_HANDSHAKE_TRAFFIC_SECRET c34dedb7690e7c9ae2c5e8129adcd0cf7016c07934f4c4a6393ec798011c75ca ec60d69c94e4ab0ac517c48936deb54caa67b8f3ca7a3d5192b58b66228197406920819ee3406eedfe86111889700f25
SERVER_HANDSHAKE_TRAFFIC_SECRET c34dedb7690e7c9ae2c5e8129adcd0cf7016c07934f4c4a6393ec798011c75ca bee0c63f8c4219ffb6b1692256963f2e5dd08283985019cea5ae11da9233fd1896accf65e09ce301a609746bce3b9bc5
CLIENT_TRAFFIC_SECRET_0 c34dedb7690e7c9ae2c5e8129adcd0cf7016c07934f4c4a6393ec798011c75ca 5a134d75b9bc5f9b1b562f888141eedc49be4c53bb4861d944c9b526ffff49cfcfde11c8d1a058834aebd07468ce48aa
SERVER_TRAFFIC_SECRET_0 c34dedb7690e7c9ae2c5e8129adcd0cf7016c07934f4c4a6393ec798011c75ca 63052cdb0cd81241632df3ed8c494c92222e81575faceb0e4caa8885202ac969310e4ddc4d19973db715f1787f3a068a
EXPORTER_SECRET c34dedb7690e7c9ae2c5e8129adcd0cf7016c07934f4c4a6393ec798011c75ca b7b8b5a14a41093fb315f27f7fff95a6d54032186d07518e231d265933e14124c5fcff2b0c3cc7d7f22f837397a62d13
CLIENT_HANDSHAKE_TRAFFIC_SECRET 9019fce48143f222abfca007bbb2bc1abf2ac6bef256101c0f9183f261842c6d 2c2e59d1b30617aec9eb810c10741ddc64ccf65830ecd0a8d0e83d7562eb5664
SERVER_HANDSHAKE_TRAFFIC_SECRET 9019fce48143f222abfca007bbb2bc1abf2ac6bef256101c0f9183f261842c6d bf99f3fa8ba4e976a38e6bb79ab1bce41926ce2314c3cc30ce9a0b12c62682fc
CLIENT_HANDSHAKE_TRAFFIC_SECRET 5267806f70d825b0943f41f1b1003a8de3e4336bb03ee9663daf966cb5ecb25a 2a8354ba826a4a3211bbbc2e7be0e8315bf6583fa0adc15cc5892c5b1fd56a75
SERVER_HANDSHAKE_TRAFFIC_SECRET 5267806f70d825b0943f41f1b1003a8de3e4336bb03ee9663daf966cb5ecb25a 4964dd324a26382be461a6357d217864d5768c0d898aca8c27e9af087940b524
CLIENT_TRAFFIC_SECRET_0 9019fce48143f222abfca007bbb2bc1abf2ac6bef256101c0f9183f261842c6d 52eec54ecd0383de4d74f9995ccf5ef727e3324cb51e03df1bba3b89b6df82ad
SERVER_TRAFFIC_SECRET_0 9019fce48143f222abfca007bbb2bc1abf2ac6bef256101c0f9183f261842c6d aadd1c9259682bdd1eb7acff95f5ef3c1bf4aa5bb608f5222e64c48357cf53a9
EXPORTER_SECRET 9019fce48143f222abfca007bbb2bc1abf2ac6bef256101c0f9183f261842c6d 8e5169a019d205124fc6ec20b53e7447e9c606c074c724858df4c580bcedf997
CLIENT_TRAFFIC_SECRET_0 5267806f70d825b0943f41f1b1003a8de3e4336bb03ee9663daf966cb5ecb25a 7d09da35495e0710e6b6200fffc00dea1fdb8c9786218a7d6e8fc48d83612150
SERVER_TRAFFIC_SECRET_0 5267806f70d825b0943f41f1b1003a8de3e4336bb03ee9663daf966cb5ecb25a 6fa1db31a7c6613744ae72c032169dedbc5aff4c608008ddb4181bc2c09a4383
EXPORTER_SECRET 5267806f70d825b0943f41f1b1003a8de3e4336bb03ee9663daf966cb5ecb25a a5db1fbfda13329634cdf5a4a3a64f68c66830cbdcd6fe1212ac76b84e695dfe
CLIENT_HANDSHAKE_TRAFFIC_SECRET 1ee9422986cd84e10ff4eec1b3d4053235fa2385cfec1e97b3019cdb5b2ebf85 fc4c8a3ff5a51b6b49eb8df72d108cfeab75a6217931f56059c712498202767b
SERVER_HANDSHAKE_TRAFFIC_SECRET 1ee9422986cd84e10ff4eec1b3d4053235fa2385cfec1e97b3019cdb5b2ebf85 c9b37d9aecdd4a8d0cbc3b31fda8591711bfdcdfd451a2aff77b4ba06938578d
CLIENT_TRAFFIC_SECRET_0 1ee9422986cd84e10ff4eec1b3d4053235fa2385cfec1e97b3019cdb5b2ebf85 e8c727dcef9578b745df1d3cc247980cb266f63742d072a176706576c2d7d6ed
SERVER_TRAFFIC_SECRET_0 1ee9422986cd84e10ff4eec1b3d4053235fa2385cfec1e97b3019cdb5b2ebf85 503a08d056e404d7c52d24b6087a97cd1a2f96d6a5be75ee9e63f0e4ea2962ce
EXPORTER_SECRET 1ee9422986cd84e10ff4eec1b3d4053235fa2385cfec1e97b3019cdb5b2ebf85 46939c93c866b4a5d7f9612cfda95203235d86595e85420e7c5f4c57520bdda1
CLIENT_HANDSHAKE_TRAFFIC_SECRET 0abd5a3edf6c41d5effde01719ffebc5b014b0aa396144274e88ab0dbe27b7dd 97df6312651ef91517d6e6bf213718936a8ec607a7354d5fbb3937810f7c7cc3
SERVER_HANDSHAKE_TRAFFIC_SECRET 0abd5a3edf6c41d5effde01719ffebc5b014b0aa396144274e88ab0dbe27b7dd b9977dd553f25ac4caa1c2175e497c2143f0b1c30ee84b27dd139889bd96af4c
CLIENT_TRAFFIC_SECRET_0 0abd5a3edf6c41d5effde01719ffebc5b014b0aa396144274e88ab0dbe27b7dd 1064034dbe0d8fb33a86e4be9e1b948c294805dccbe196b5c165ec73be31a7dc
SERVER_TRAFFIC_SECRET_0 0abd5a3edf6c41d5effde01719ffebc5b014b0aa396144274e88ab0dbe27b7dd c393b82b972d7ae90ed9b2c949371c8f1ac2b36a8deec0ee345d85247c350be4
EXPORTER_SECRET 0abd5a3edf6c41d5effde01719ffebc5b014b0aa396144274e88ab0dbe27b7dd 9a7fb17a16865fc1dabf8c1f4a6db714a41490943fc100a7a578a51a3c439f54
CLIENT_HANDSHAKE_TRAFFIC_SECRET ba736a1dcf1a32254f4faef2d36852030a8765ee995b835cbe576b511ed3c379 bfd95473a41f863a664b7b2efd4df722be3a5c8ebdb039de092066aab99215fe
SERVER_HANDSHAKE_TRAFFIC_SECRET ba736a1dcf1a32254f4faef2d36852030a8765ee995b835cbe576b511ed3c379 2d4337fa88307dd334c3effa3762fe494d2d7d61e4429d527996635ca23bf310
CLIENT_TRAFFIC_SECRET_0 ba736a1dcf1a32254f4faef2d36852030a8765ee995b835cbe576b511ed3c379 31eb093d5d83414a11a596e394862934fe51654cfc505eda71b5d0118e37124d
SERVER_TRAFFIC_SECRET_0 ba736a1dcf1a32254f4faef2d36852030a8765ee995b835cbe576b511ed3c379 6137232845f73b037303b56187193889a9e7fa54373bd8cddda6e2e9272bd5ed
EXPORTER_SECRET ba736a1dcf1a32254f4faef2d36852030a8765ee995b835cbe576b511ed3c379 56866189966cb133f82eacee6a89b725fa3278427c92068acadd4e3ed276c32c
CLIENT_HANDSHAKE_TRAFFIC_SECRET ce8adc6548ede0820d8688a43b2eff2ba32dac159bd973b25fc09e3c74113bfb 41e886b79172ffc635d8ed6f1909ad3f7f70b1881608676e255fe554a2c44b18
SERVER_HANDSHAKE_TRAFFIC_SECRET ce8adc6548ede0820d8688a43b2eff2ba32dac159bd973b25fc09e3c74113bfb 93fe9c1afff8c4026fe9855d8b5aa1830942659198c8acc72ea95639244f1514
CLIENT_TRAFFIC_SECRET_0 ce8adc6548ede0820d8688a43b2eff2ba32dac159bd973b25fc09e3c74113bfb 8d4077d39e070896d9fd87c58218eeb7e293e22e800a3b110c12a6da2cf1804d
SERVER_TRAFFIC_SECRET_0 ce8adc6548ede0820d8688a43b2eff2ba32dac159bd973b25fc09e3c74113bfb a7c962f85d330ce48955b303d873a47b68986d1fbe758ed563663ef75ed9b05d
EXPORTER_SECRET ce8adc6548ede0820d8688a43b2eff2ba32dac159bd973b25fc09e3c74113bfb 05c7f53d235b2c7cbe65a1dd278e9ec6668b7e9707e3581d71091f35b80b98f1
CLIENT_HANDSHAKE_TRAFFIC_SECRET 4fd7d04d4dbffb52bfab4eb2898bfb8b4973997824e5102f982ac143fab449e1 0e08336fa3cd9739d6e04545eb47a158e8c19232e4f9c68f0cdccdc94d7365c1
SERVER_HANDSHAKE_TRAFFIC_SECRET 4fd7d04d4dbffb52bfab4eb2898bfb8b4973997824e5102f982ac143fab449e1 9c53950339e01d31d353c2db0fcbacd042f392a2e99bb57f4775704b528f2c67
CLIENT_HANDSHAKE_TRAFFIC_SECRET cb26e3f6c66db244bfd77be554f58545a35a8536b885476e97478de57d3156ae 7de5a765c307e1bd916ab37dbf07d0d13ee12d4268124c512e4dcdcf30c8ffcb
SERVER_HANDSHAKE_TRAFFIC_SECRET cb26e3f6c66db244bfd77be554f58545a35a8536b885476e97478de57d3156ae fdf284ba1731a61dfe464491df696ee7cb5f142dece8b0fd5903618fa50cba01
