CLIENT_RANDOM d97a68c8942c15bd1ccf748cb4e530e891ed5d2d8e4bcb9439db73f2aa1a262f 27dc240605cf9f09cc02524843a3c0f5127336d7a5c90cf6d99790a176a9e5bf66a62aebd084d8ebcb0b5cfffd9efd5b
CLIENT_HANDSHAKE_TRAFFIC_SECRET 05bf4791bde37baa45961138b10e70616509a8a138a9faa5b6efacb4f1e31fa8 05cfd7be36c767cb89f21149527911be22d266c7438e2fe35bdf19e7db9d593d
SERVER_HANDSHAKE_TRAFFIC_SECRET 05bf4791bde37baa45961138b10e70616509a8a138a9faa5b6efacb4f1e31fa8 3760ecccae71ff23388b55930f397c5dc0a7b159270ea7321cdea4e438838841
CLIENT_TRAFFIC_SECRET_0 05bf4791bde37baa45961138b10e70616509a8a138a9faa5b6efacb4f1e31fa8 0c9f26fae215668866d567ee0c80952cdf327ffcebbbae0198553d54d05ef34c
SERVER_TRAFFIC_SECRET_0 05bf4791bde37baa45961138b10e70616509a8a138a9faa5b6efacb4f1e31fa8 12b6e324c0eceac57c9e3b063c0d842cbc92d5d2a95ca58477c72bb19b0d7348
EXPORTER_SECRET 05bf4791bde37baa45961138b10e70616509a8a138a9faa5b6efacb4f1e31fa8 3164a7faf7f923f21ed92957b3a9b4fa8a4ac44eef18228f98c3cd37df91bbb5
CLIENT_HANDSHAKE_TRAFFIC_SECRET ae4c987de895f924ab29ca61e3d4e6486e3b23eeef7448f59e1671cf31d1f05e 9edff1152cd297ab4cfc2e783a720aeab0cb79990b84cf0bd2e5f1c39b7b6f1ca719b2036e3254ca11824f01e7dc5371
SERVER_HANDSHAKE_TRAFFIC_SECRET ae4c987de895f924ab29ca61e3d4e6486e3b23eeef7448f59e1671cf31d1f05e cc5597ae8b67c48bba5e093d9b771de04967f58d7697310caf86fafceb6948a3579a7e499134b99a342590d329a81878
CLIENT_TRAFFIC_SECRET_0 ae4c987de895f924ab29ca61e3d4e6486e3b23eeef7448f59e1671cf31d1f05e 0a7007ffe24a1c0401a3992305a2a5bfb34d9203c1199c43c4fbe7fb1bdb3ed5f2f5815b0ced826e1ec1e9b75a2d68e6
SERVER_TRAFFIC_SECRET_0 ae4c987de895f924ab29ca61e3d4e6486e3b23eeef7448f59e1671cf31d1f05e bbf2a0a452ab52453fbed7e2ad8104e7a89e1cf02b50dfac38c428bd4cbda6508d7e9680b3993adace2a68b2cfbe0a0a
EXPORTER_SECRET ae4c987de895f924ab29ca61e3d4e6486e3b23eeef7448f59e1671cf31d1f05e 88073b48407172b0ae3688d82c0f75922e24e5c49e7dd725c6212c78e706d80f14c7244216328a181490968d029baba9
CLIENT_HANDSHAKE_TRAFFIC_SECRET c2b6193e825dc52685207d32e5da64a2c005d6f50904c00f925d73a1a0253b3a 6dd83cfe1245cba79b0e4f36f7f51376cd13bfadd488d9544cd508286179a190
SERVER_HANDSHAKE_TRAFFIC_SECRET c2b6193e825dc52685207d32e5da64a2c005d6f50904c00f925d73a1a0253b3a 5375d08f3d413660d8f1a0138f3ece06d16842505de6a412c791510414a828a6
CLIENT_TRAFFIC_SECRET_0 c2b6193e825dc52685207d32e5da64a2c005d6f50904c00f925d73a1a0253b3a fc2e542ac114a5e1dfe14d458b767b7ad4cefe1278db9c676a358219e3749eeb
SERVER_TRAFFIC_SECRET_0 c2b6193e825dc52685207d32e5da64a2c005d6f50904c00f925d73a1a0253b3a b92d52e93d63a88cec7c32c8c6a14f624e540a002092c95ddaa50b25662d4bb7
EXPORTER_SECRET c2b6193e825dc52685207d32e5da64a2c005d6f50904c00f925d73a1a0253b3a 4356fb275892d1607c9d4f13eb33be57aeb9f5f773501065a0c9cb645642f80c
CLIENT_HANDSHAKE_TRAFFIC_SECRET 1a9bb68f6ad2178d6b051855e6966f95482d525eca2a8e4e16fd1c562ab00994 848b6788e3494221cdf1858d9d2fbee7c0cfa0fa312cd4399d06e946aeeeded3
SERVER_HANDSHAKE_TRAFFIC_SECRET 1a9bb68f6ad2178d6b051855e6966f95482d525eca2a8e4e16fd1c562ab00994 290c94855cd3114ca7769a77ca6bb6461390b7450035bcedaa15346ea505a846
CLIENT_TRAFFIC_SECRET_0 1a9bb68f6ad2178d6b051855e6966f95482d525eca2a8e4e16fd1c562ab00994 bd0fbc1edc9cf723bff684415e561b87e9f168f68aa7bafaa89a72f3bf3ffc9b
SERVER_TRAFFIC_SECRET_0 1a9bb68f6ad2178d6b051855e6966f95482d525eca2a8e4e16fd1c562ab00994 5195bad636dc2b3a796a3e31248684ed6db47530888424106dee4135d6ffedb2
EXPORTER_SECRET 1a9bb68f6ad2178d6b051855e6966f95482d525eca2a8e4e16fd1c562ab00994 dfc5da1503dcc38ac7f0b703df110fcb302530b3759070786c359a30ee64a720
