CLIENT_HANDSHAKE_TRAFFIC_SECRET 5118f629e6bb665403fc0a7646c29d4efbf6e383e833ed820e3a249543cb3a1e 9a07336e7f338d3d7276adc7891eda357103751986baaf32eb4e300e08ed7fb4
SERVER_HANDSHAKE_TRAFFIC_SECRET 5118f629e6bb665403fc0a7646c29d4efbf6e383e833ed820e3a249543cb3a1e dcd43e9a9c2c848c97483330574b01fdfa69e07fffcff0f004711993d6a1c192
CLIENT_TRAFFIC_SECRET_0 5118f629e6bb665403fc0a7646c29d4efbf6e383e833ed820e3a249543cb3a1e 898df3aae4ea1b7c053075ff9e2bad1b9ed47c21c566ac00fd426a66879af58a
SERVER_TRAFFIC_SECRET_0 5118f629e6bb665403fc0a7646c29d4efbf6e383e833ed820e3a249543cb3a1e 25327db4b09e2516ba34d4c8609fe3abff6b75d64b0731540a99685b825c9de8
EXPORTER_SECRET 5118f629e6bb665403fc0a7646c29d4efbf6e383e833ed820e3a249543cb3a1e 540330032a9a230c36fc1a86037f7ea321d819289cd756c698bbd7db8bc7d3eb
CLIENT_RANDOM 675efd3abef6ff7b385b6f15765b22a1f6c9e5fb24a932e0b6107e76b6104252 51b2aea5b960a9f6e181794c1658c612714a6171c697ec00797c00b3f2f518b1e4d75b1825e07447a7f757640c569bdc
CLIENT_HANDSHAKE_TRAFFIC_SECRET f9143b0824a3dce4fe94a0a5e73709dc2da0ed581d18031d52c8a0e5916158cb 4a8424ea7ce398c58ecb27113972412903478a53babc6194946a79fda22bf86c
SERVER_HANDSHAKE_TRAFFIC_SECRET f9143b0824a3dce4fe94a0a5e73709dc2da0ed581d18031d52c8a0e5916158cb e3f72c404d80d7021d22ca3054da9e75333e320779ef5ce4b1ba084b29a11735
CLIENT_TRAFFIC_SECRET_0 f9143b0824a3dce4fe94a0a5e73709dc2da0ed581d18031d52c8a0e5916158cb d7743bcaff99545845c5f0bfbf1f615abb73ca07564ab8f051574cfe8d2fe369
SERVER_TRAFFIC_SECRET_0 f9143b0824a3dce4fe94a0a5e73709dc2da0ed581d18031d52c8a0e5916158cb 73d290ac60f847622d87e4f9a82aa621234aecae36d0eda6948cf6084363930e
EXPORTER_SECRET f9143b0824a3dce4fe94a0a5e73709dc2da0ed581d18031d52c8a0e5916158cb b6761088cd1851655d8a2dae24d479db39c54a332cefa1495143fbff44a4109c
CLIENT_HANDSHAKE_TRAFFIC_SECRET 372ba8e84dbb631d8674882d770a8e56899765c5bf7f6bcde967c2f0fc3a0585 a7466d10b570eca14c130cc824d4959d824846ee7258139e1fd67c25c7bcf506
SERVER_HANDSHAKE_TRAFFIC_SECRET 372ba8e84dbb631d8674882d770a8e56899765c5bf7f6bcde967c2f0fc3a0585 661bdfd09331c9615996315ee3db16be5f51bbcb68a3547bf9835f16af6f507d
CLIENT_TRAFFIC_SECRET_0 372ba8e84dbb631d8674882d770a8e56899765c5bf7f6bcde967c2f0fc3a0585 1029c94a952c1088a4542173ccb0f1d1ea81d0a3c7efdcd6a502cf8c3447430b
SERVER_TRAFFIC_SECRET_0 372ba8e84dbb631d8674882d770a8e56899765c5bf7f6bcde967c2f0fc3a0585 3cc3138704d99c4053fd1dc5c5112097188c2d1f6b8d44d0257243b635029150
EXPORTER_SECRET 372ba8e84dbb631d8674882d770a8e56899765c5bf7f6bcde967c2f0fc3a0585 efe219c29861be7aa01dac1f9910553ad1bbb43dc6c91ce38b7b5ecb88a04e40
CLIENT_HANDSHAKE_TRAFFIC_SECRET 0ab2513ae9e699b9535c71002905eb4a3d50d45f72d8bd6a53bbfb013a0e9c00 02ae71491ab3c5ff8fae806d956a6b19ddd98c4d76f28039fe48fcaac75cd433
SERVER_HANDSHAKE_TRAFFIC_SECRET 0ab2513ae9e699b9535c71002905eb4a3d50d45f72d8bd6a53bbfb013a0e9c00 3e9253fc26816ef6551fb7eb8edc32185691e6b1192fe2c6365872e9edae96f5
CLIENT_TRAFFIC_SECRET_0 0ab2513ae9e699b9535c71002905eb4a3d50d45f72d8bd6a53bbfb013a0e9c00 706f478ef42c740d6171d7e658c27732f63df69b45f85f862446e137fbe631a0
SERVER_TRAFFIC_SECRET_0 0ab2513ae9e699b9535c71002905eb4a3d50d45f72d8bd6a53bbfb013a0e9c00 da29f4b7a1dfa9fcf2aed3ea0d5148bdcdd346c6888cf4350d11b95afa458d9e
EXPORTER_SECRET 0ab2513ae9e699b9535c71002905eb4a3d50d45f72d8bd6a53bbfb013a0e9c00 603dab5b20875025f06ca82c758ff2bbe7ceed23a0fc9c065ab60a9394620c98
CLIENT_HANDSHAKE_TRAFFIC_SECRET 977405f138fdd9c33c3f33f08428372fa73f0cacb03267420660707f84c038f3 6de4c22fc264078699185f71685757067f224c0a241e98ec06c5a679cccadf1246c3edaa929e6120402d466a6acd7984
SERVER_HANDSHAKE_TRAFFIC_SECRET 977405f138fdd9c33c3f33f08428372fa73f0cacb03267420660707f84c038f3 431768a773a3aa3d8deb49c28dbbb806fbf69257f56093620f4da1b0ce0aa4f1847d3e5937db5645ac4f6940da590bb5
CLIENT_TRAFFIC_SECRET_0 977405f138fdd9c33c3f33f08428372fa73f0cacb03267420660707f84c038f3 1179ef4f2f49aecf0da344dc8abd6abf90b789b9c5c9be1555d4ba1c6d99ecd84aaaabad5fedf2c2ba48a0ab4ea3f08f
SERVER_TRAFFIC_SECRET_0 977405f138fdd9c33c3f33f08428372fa73f0cacb03267420660707f84c038f3 4c070f70b18737f7501395dacea7c69d92b80381da8037ba46ccfed243a10daf2f21fb3280540ae5a2e1af40ccebd33c
EXPORTER_SECRET 977405f138fdd9c33c3f33f08428372fa73f0cacb03267420660707f84c038f3 bf0211cd2880715835ee8b6026c4985d58321c2269ce97350d22e8a05c7c6396dce74405975c27a7e93f5993c7779d1b
CLIENT_HANDSHAKE_TRAFFIC_SECRET d4cbacc259b6e289dbff3653c4530c07cd044ea9e90d20a9d9d94598a8ffb4eb 991cc032a6158321ec7b13148acd1ee8f0825a756632db370b0264fda3cc031c
SERVER_HANDSHAKE_TRAFFIC_SECRET d4cbacc259b6e289dbff3653c4530c07cd044ea9e90d20a9d9d94598a8ffb4eb 34ae9c82953ddaa2683e7d2cec40590fd1c9ff3d1a9993fcb92ac6db58d81a12
CLIENT_TRAFFIC_SECRET_0 d4cbacc259b6e289dbff3653c4530c07cd044ea9e90d20a9d9d94598a8ffb4eb b63aca310ff366c4759134923c493cda1138a5b1faff88e129153d8173f74019
SERVER_TRAFFIC_SECRET_0 d4cbacc259b6e289dbff3653c4530c07cd044ea9e90d20a9d9d94598a8ffb4eb ee1d8393a9b8a349a323b4fb3f1703b0b4b95d0c50ae900963146b82fe362f71
EXPORTER_SECRET d4cbacc259b6e289dbff3653c4530c07cd044ea9e90d20a9d9d94598a8ffb4eb c58f786720f8081451683eea8195ee135574c8f7a0886d0ea1b9992850c17d46
CLIENT_HANDSHAKE_TRAFFIC_SECRET d01bcfc79ca2d9a80f1d3c50060033741b3abff115b75c3efc9172540fcd2435 27da37f6ef87324ab44419626c1ca4e4a17d1c899437bda8dfe01d3dd42eacca
SERVER_HANDSHAKE_TRAFFIC_SECRET d01bcfc79ca2d9a80f1d3c50060033741b3abff115b75c3efc9172540fcd2435 873898d271dc44523d4b2c56f26d37ec1571429a101dcec264749d55a95b63ce
CLIENT_HANDSHAKE_TRAFFIC_SECRET 77dca7213fddc50736553cf9541606389c3e30ab63ad9afbe9a72990c31351ce 767f00e08220bf03ca3439d62ad28f9eea70c7d9f0ba0df531eab2576e8d477d
SERVER_HANDSHAKE_TRAFFIC_SECRET 77dca7213fddc50736553cf9541606389c3e30ab63ad9afbe9a72990c31351ce 66a3f834d4ab1a714c3f6e9a1c499ccf05f3058ac6f385be5acc136a3b899e30
CLIENT_TRAFFIC_SECRET_0 d01bcfc79ca2d9a80f1d3c50060033741b3abff115b75c3efc9172540fcd2435 fb5a6559c17b1f1dc216eabac96bb9e8c077ba67857b755a98912ff765632589
SERVER_TRAFFIC_SECRET_0 d01bcfc79ca2d9a80f1d3c50060033741b3abff115b75c3efc9172540fcd2435 5084c9be2ca840476a8081e7123f84bd63e58c0538b987950380db65617342ee
EXPORTER_SECRET d01bcfc79ca2d9a80f1d3c50060033741b3abff115b75c3efc9172540fcd2435 f64f3b776bb8d3537d2dd59519e5e3c211217e731dc5627a0c2e139ebd6892b7
CLIENT_TRAFFIC_SECRET_0 77dca7213fddc50736553cf9541606389c3e30ab63ad9afbe9a72990c31351ce 7fb1c068578a64e1713b28a7b1fb2c73294ec5649b87983c762606cddfde5917
SERVER_TRAFFIC_SECRET_0 77dca7213fddc50736553cf9541606389c3e30ab63ad9afbe9a72990c31351ce cd5518b7f65956c872e6f004f2698af505d3a0352a74035ab50d86871a329a07
EXPORTER_SECRET 77dca7213fddc50736553cf9541606389c3e30ab63ad9afbe9a72990c31351ce 116cb61fe02a7c36f93cc27448d7d48278bea91bdc13cb033acda41ec290fdb5
CLIENT_HANDSHAKE_TRAFFIC_SECRET 471a169ab571a1ed70c22f064a3213624ed82c65fa246b54b32c7abc8d3522f3 1d7baa7a36b3ac4dc10761e3a178178ff38ecc5939f941807f38cc32ca2ccbb6
SERVER_HANDSHAKE_TRAFFIC_SECRET 471a169ab571a1ed70c22f064a3213624ed82c65fa246b54b32c7abc8d3522f3 7946777b83a0db00e8d95aad9147905672065eba8388215de54acd427669ddb2
CLIENT_RANDOM 6ca21f43439577f026677666932636b2efc7e2c80dcef1eab01bc068c08acd8a fbbc266ca25e93e0c8b718aa8220a0ae6dfba1046100f11de377813a303187ecd0364ee74ed28e7abbf429554d01d36e
CLIENT_TRAFFIC_SECRET_0 471a169ab571a1ed70c22f064a3213624ed82c65fa246b54b32c7abc8d3522f3 0c48ee73277022cae770fa119b7afd09d7f440605893abc90d8431e80374104c
SERVER_TRAFFIC_SECRET_0 471a169ab571a1ed70c22f064a3213624ed82c65fa246b54b32c7abc8d3522f3 11ca9dbf130d8ba5378b48d7f66827bf927f4c7058575f0bfa3c3d573d82680f
EXPORTER_SECRET 471a169ab571a1ed70c22f064a3213624ed82c65fa246b54b32c7abc8d3522f3 e6444a32d39bf88dfba6c4976f04ec0ecaae2c48b111e3b961a8967b2b161655
CLIENT_RANDOM a8805e88c04cdeb4459b79efe228cc3d0ed992c81fc70710c82d0dedab1c5882 5621eedf84aee84bcd1c53b98971984701fb4a2ea1ef2bf28c3939c69e8728f2e76e44b5ea8df6b0b6930e4bce0e15e6
CLIENT_RANDOM ab7dbeb6d8dabdeb709942cbd911aa630f774a3cc037aec7de0ef5f61ea2608e e132c5343942511ca73cc6bd07f0da42c59add4917abfef0cc43d0be5dfdca9dde60bbd362bd5f8322b9277a30d1ae06
CLIENT_RANDOM 78f9c3f9c4be249dc2dff9ac3f476019d33f8ca1f8369ff04f20891b2c4b9d24 13bcb0ba15bcc6233959a4c4ea7cf9c20b1dc026b10f8f3299d46f5f07332d730468821901341144e2bbbe4b94cca682
CLIENT_RANDOM a85704547e93b7db619dd86f65ae1ceede3f84a534fc7de53be8d8c0b95d7468 ca2cf3c21492eee4a5e3b9ac4ced9e732423f03c451bae7017ce573dea0bd4242239bde9f8a133ed2e3411486758eb52
CLIENT_RANDOM 342a2c281bff82b372c877fe7bd645b0988056e0a19f077918ad8d27b5d9f9b4 966b23f16e0a4c428d513d874dc02caf191e47ea40e988af9986e5310e48a052d72cff678e23633d85a152d82d151cff
CLIENT_HANDSHAKE_TRAFFIC_SECRET 3710857e5c077192b1e4f9112efb6a2eed48629179d122bbc6f38dd88317f0fb f270e55465e16ca4508bed133372935d628a47920d293678ede13a811bfd0ec397da06ac50ddd7c5cd10288a68c1a153
SERVER_HANDSHAKE_TRAFFIC_SECRET 3710857e5c077192b1e4f9112efb6a2eed48629179d122bbc6f38dd88317f0fb 34da95deccc4b242ff9882cfc58406dcac821c2ff335474ac39f1910a35183c08aa8c8eef2d75d7a6cdbea436ea5fbde
CLIENT_TRAFFIC_SECRET_0 3710857e5c077192b1e4f9112efb6a2eed48629179d122bbc6f38dd88317f0fb de2d749d145a8912dd389bdd58c1c71f059e62880fef98b2f9fd19c4633c6d8f5a36b36a588cba99813578aca9babe75
SERVER_TRAFFIC_SECRET_0 3710857e5c077192b1e4f9112efb6a2eed48629179d122bbc6f38dd88317f0fb 4d0526e1342aea48b4efbf7a648275ef821932636993f9a4a7396dde12d91056fd6175e16f07b5e61e162f16406f455c
EXPORTER_SECRET 3710857e5c077192b1e4f9112efb6a2eed48629179d122bbc6f38dd88317f0fb 262c3b2789ff9ad8445894400f619b2c445f3e6cf14020824e0bbc0d9d4331e0fa34f9deac27e4e6b517f381ee07cd06
CLIENT_HANDSHAKE_TRAFFIC_SECRET 09c14d9a5c82ba13d18667506193cb9ec64f91a5542fe8a6db368a393cf08642 6a16794216c38afa8f0ba959981b986008a23a55990f6879a98bf4414f631df8
SERVER_HANDSHAKE_TRAFFIC_SECRET 09c14d9a5c82ba13d18667506193cb9ec64f91a5542fe8a6db368a393cf08642 cbf8ff04fb32113ed4db43e36c5f37c5342969028bbfd764b3e32d657a2f86f7
CLIENT_TRAFFIC_SECRET_0 09c14d9a5c82ba13d18667506193cb9ec64f91a5542fe8a6db368a393cf08642 e9928722020a8ef4a7c974b216656a967442166940f57a3a67e234b20efda277
SERVER_TRAFFIC_SECRET_0 09c14d9a5c82ba13d18667506193cb9ec64f91a5542fe8a6db368a393cf08642 8a1259eb91cf9f85eef6ab748a698da89b1b86faa3c710ffcb39940fb84a79aa
EXPORTER_SECRET 09c14d9a5c82ba13d18667506193cb9ec64f91a5542fe8a6db368a393cf08642 d379eee66c30540e76e11d4b0a16d6fb69af44250d372fc2bf5f4ec6b5030d90
CLIENT_HANDSHAKE_TRAFFIC_SECRET 85e002aa719aea9c5a87bd35756cc60567534b351b192632dbee379b8d7afdce 74f9194e0d14891220f0dfa596dfb094c60538066ab5e6266cc7a9e6784ef674
SERVER_HANDSHAKE_TRAFFIC_SECRET 85e002aa719aea9c5a87bd35756cc60567534b351b192632dbee379b8d7afdce 9e5d6cc1ead9909528da94254e9adda62dbef4e46ab31f4c127625873de6c324
CLIENT_TRAFFIC_SECRET_0 85e002aa719aea9c5a87bd35756cc60567534b351b192632dbee379b8d7afdce 80716f9652c115095f62d631b46c55b1daedcc6f69f3289b4a8a3148c26fe547
SERVER_TRAFFIC_SECRET_0 85e002aa719aea9c5a87bd35756cc60567534b351b192632dbee379b8d7afdce 8d9ec8effa7b93d63c0b72023c86c6626e2c2a2730b54781bde61539cac1fcae
EXPORTER_SECRET 85e002aa719aea9c5a87bd35756cc60567534b351b192632dbee379b8d7afdce d196d2f83c6517a241732732362d63d41f31521b06b0765b21957f99ac519c57
CLIENT_HANDSHAKE_TRAFFIC_SECRET 6600c4af453b2f3d224c5cf81eb336f776c2c2d8fa802732f082fc4f6036430b ab74dc2013a9993fe91449076af38503a09938dae66cb52dd345966ce2f97c79
SERVER_HANDSHAKE_TRAFFIC_SECRET 6600c4af453b2f3d224c5cf81eb336f776c2c2d8fa802732f082fc4f6036430b 0c181bb9aa4c68def456c072a1675783f8545438a86c4f6f595541ddd4a4d143
CLIENT_TRAFFIC_SECRET_0 6600c4af453b2f3d224c5cf81eb336f776c2c2d8fa802732f082fc4f6036430b 923f904a696507adfe7517ef9837e51f3ff1a71d7411b3043d726b41447888b9
SERVER_TRAFFIC_SECRET_0 6600c4af453b2f3d224c5cf81eb336f776c2c2d8fa802732f082fc4f6036430b 8530b70f9a348088ad3d037a4f00686651b23bdc4dae4077ac006b399393efd7
EXPORTER_SECRET 6600c4af453b2f3d224c5cf81eb336f776c2c2d8fa802732f082fc4f6036430b 0ec2423bf236bc7c65dd95d8d4ada4a009bb2b85013bdb8ed0f6999c1d744fde
CLIENT_HANDSHAKE_TRAFFIC_SECRET 96e29abc0a2441217d63d9871364ea7ad28008170acb79b665fc02c71654e9f2 f43c5def570b456688ca7d5eb4dd43518c67328f3e7552b5ec4aca565c026036
SERVER_HANDSHAKE_TRAFFIC_SECRET 96e29abc0a2441217d63d9871364ea7ad28008170acb79b665fc02c71654e9f2 174d701e529c0c63f87e24660979e3456003c88ac5699390cc875a087d1ced4b
CLIENT_HANDSHAKE_TRAFFIC_SECRET 114c51d47dfed7508ec1b2c55761a764ebf2af0ffc2525a0642b2ea2eb995cc3 71730807c3f9f84da444d855351e8cfdcbdfdc46f84bf8de8c59463c23386087
SERVER_HANDSHAKE_TRAFFIC_SECRET 114c51d47dfed7508ec1b2c55761a764ebf2af0ffc2525a0642b2ea2eb995cc3 c88ff75ecca4a9b746a1161045fdff095d712135395cb6e72b2ebd6fed87f33c
CLIENT_TRAFFIC_SECRET_0 114c51d47dfed7508ec1b2c55761a764ebf2af0ffc2525a0642b2ea2eb995cc3 7f01446845095bef97c5991bd812bcfee245ecbfce30e7a53df967307b5a138d
SERVER_TRAFFIC_SECRET_0 114c51d47dfed7508ec1b2c55761a764ebf2af0ffc2525a0642b2ea2eb995cc3 6878919c3d2fe3daa80291f16b26af29b460d7ae747885de2ad4d88e4e6e14d2
EXPORTER_SECRET 114c51d47dfed7508ec1b2c55761a764ebf2af0ffc2525a0642b2ea2eb995cc3 cb48a0df5b708ae9d14e5f5ee6359ba5ed6f5a4425f9643311a4e52b82010189
CLIENT_TRAFFIC_SECRET_0 96e29abc0a2441217d63d9871364ea7ad28008170acb79b665fc02c71654e9f2 0748f96e5490d2208a600b73db1ed43afb28a3aa12acfb4cde14b044a76131c8
SERVER_TRAFFIC_SECRET_0 96e29abc0a2441217d63d9871364ea7ad28008170acb79b665fc02c71654e9f2 1bbbf99442e414277d17acfeb300039dff84abdfad40c64571265bb77467409e
EXPORTER_SECRET 96e29abc0a2441217d63d9871364ea7ad28008170acb79b665fc02c71654e9f2 1e36fe5c73c5eb7f4efdffbeb3ad7af939b09ab3964ca9ac7a5dfc1633a704be
CLIENT_HANDSHAKE_TRAFFIC_SECRET 5d28731482960d30acba769b7fd2f58af4d85b3580787e5ae94649920bcaca1b 4155cc1265346003c641b3498df7ed8ccc96e1e22becad38fa07f00d819771c2
SERVER_HANDSHAKE_TRAFFIC_SECRET 5d28731482960d30acba769b7fd2f58af4d85b3580787e5ae94649920bcaca1b b737c62aeaf4ffd0045d337a3182e4d41d84d50ae1318bfcc068e619bccf7628
CLIENT_TRAFFIC_SECRET_0 5d28731482960d30acba769b7fd2f58af4d85b3580787e5ae94649920bcaca1b 9e6a6706f5f8d68d556bded6add88dd4941cf82aaee6964ae4966a329069a72f
SERVER_TRAFFIC_SECRET_0 5d28731482960d30acba769b7fd2f58af4d85b3580787e5ae94649920bcaca1b bf7c0f057ae2cdbc47142b28d512f5cf7b80eed0e9c029e706af51a78925ee60
EXPORTER_SECRET 5d28731482960d30acba769b7fd2f58af4d85b3580787e5ae94649920bcaca1b ed3d1052947d7bb04d9d8b16cc99a1fcfebea82df66e34b8e0d307e680c92d2d
CLIENT_HANDSHAKE_TRAFFIC_SECRET ab919ec98e88e82f755e8398f32bcf2a429755ba2115a41b3e20fda9386b52d4 c7963ff1d2ee21a57898e1b4f43837b2f9ca98411ad627441a2cbbc482a33eb2
SERVER_HANDSHAKE_TRAFFIC_SECRET ab919ec98e88e82f755e8398f32bcf2a429755ba2115a41b3e20fda9386b52d4 db5e7107f20768a39603f43955a1abc431c8d47cadbb8f38e4c19229c70d7b9c
CLIENT_TRAFFIC_SECRET_0 ab919ec98e88e82f755e8398f32bcf2a429755ba2115a41b3e20fda9386b52d4 9d3b2a659551a92fc92e513d5590220c78d77cccf0d192ba95047a8bfa1d19b3
SERVER_TRAFFIC_SECRET_0 ab919ec98e88e82f755e8398f32bcf2a429755ba2115a41b3e20fda9386b52d4 27030dd38d57dce12924796db280244532442cf299af6ea677592ef49693cda1
EXPORTER_SECRET ab919ec98e88e82f755e8398f32bcf2a429755ba2115a41b3e20fda9386b52d4 a317a45e16bd76683caa7b993fe7158d6eb335ca69d3a1eb9d11736acca8574a
CLIENT_HANDSHAKE_TRAFFIC_SECRET 95000141c149ac49b5803b8fc8bc29048c35efd058ba33131e7ae7cd5620d1dd 99ff36dddc591617145d384530f0c003a117c2d9189219d4cf2f8a9a7d9b9710
SERVER_HANDSHAKE_TRAFFIC_SECRET 95000141c149ac49b5803b8fc8bc29048c35efd058ba33131e7ae7cd5620d1dd 915b001f516c4188f8424f946b954d985d050ba53dcae4d841edf2f811c3b7d3
CLIENT_TRAFFIC_SECRET_0 95000141c149ac49b5803b8fc8bc29048c35efd058ba33131e7ae7cd5620d1dd 7215b1bda0b88e6e4720e92c96e2d26642c5c0ed3337147984bccc004b6d1278
SERVER_TRAFFIC_SECRET_0 95000141c149ac49b5803b8fc8bc29048c35efd058ba33131e7ae7cd5620d1dd 089bb1accbeb87c97fe7d2367fa4c3c349d416484d9bcb8d1bed60507c431cb1
EXPORTER_SECRET 95000141c149ac49b5803b8fc8bc29048c35efd058ba33131e7ae7cd5620d1dd 9a55e484b1047eae476227f18e399cba38f3631b170bf2b7c18a612002e515a2
CLIENT_HANDSHAKE_TRAFFIC_SECRET 94b8effa40169dfb0543f72d064ffa050c2550aa5fbde52676919575c344a803 3d2e3523dd86e5d97fc9d4fc0f2822ce4cf04beee21c5a18d720b3cdc0dfcbb6
SERVER_HANDSHAKE_TRAFFIC_SECRET 94b8effa40169dfb0543f72d064ffa050c2550aa5fbde52676919575c344a803 d7af5cd3d40e73e50856ea33ab3f740d6c8ebfe611d28cd71a4c7bf485f6e16b
CLIENT_HANDSHAKE_TRAFFIC_SECRET 95a5250682f5da6d04c3c1e6ada1b82aecbc352c796651911f920a7836ac1c4a 578f82f3ae1bad395c1804bc2a4de1c7835ac6ec5d6c0757cd45cc3877c6f5ec
SERVER_HANDSHAKE_TRAFFIC_SECRET 95a5250682f5da6d04c3c1e6ada1b82aecbc352c796651911f920a7836ac1c4a df2ef502b2173312321615d038e51ab5621a5eca40edc9f97785ef44ba5b336a
CLIENT_TRAFFIC_SECRET_0 94b8effa40169dfb0543f72d064ffa050c2550aa5fbde52676919575c344a803 d58298ef80b09ac38be6b795126a665752ca40a6546484b31b61d53a6bd70ea6
SERVER_TRAFFIC_SECRET_0 94b8effa40169dfb0543f72d064ffa050c2550aa5fbde52676919575c344a803 9f19219013d36109cb0b62241bb0158e1a877410c0ce3f22d4e110968d690618
EXPORTER_SECRET 94b8effa40169dfb0543f72d064ffa050c2550aa5fbde52676919575c344a803 cb40dff1958175241910d317b9ab7a19f98cd0c1c0023d4f862bab632903a456
CLIENT_TRAFFIC_SECRET_0 95a5250682f5da6d04c3c1e6ada1b82aecbc352c796651911f920a7836ac1c4a 23579320169a7e7de04963a095a6cb04b77bc1945bf196ead7e02ca26b788d9d
SERVER_TRAFFIC_SECRET_0 95a5250682f5da6d04c3c1e6ada1b82aecbc352c796651911f920a7836ac1c4a 74c95ea410d4f5eb23eaaf8213ffcd9d42778af01564ad488ede52024a5f7fc9
EXPORTER_SECRET 95a5250682f5da6d04c3c1e6ada1b82aecbc352c796651911f920a7836ac1c4a 37e9e53e984a3f50d18e0db93e26b8a392cf2c957ea996344f45b31d3c1c751b
CLIENT_HANDSHAKE_TRAFFIC_SECRET 2fa667195c17fd03a4f61673ec9aa6bd47c60a0340ec727296c3d0b390653e6a dd75f9b407158fbdf1473d1d5e38654b57cda9e66d5abf8dfa81b1527521af83
SERVER_HANDSHAKE_TRAFFIC_SECRET 2fa667195c17fd03a4f61673ec9aa6bd47c60a0340ec727296c3d0b390653e6a db088721e12312463dc8b0a3db6157e0507a7bb9072a67c92d7585781b32f9e8
CLIENT_TRAFFIC_SECRET_0 2fa667195c17fd03a4f61673ec9aa6bd47c60a0340ec727296c3d0b390653e6a bf827ef6f2ebad93659a8a739b38cb88e66df4ef7453a2d0c0f718de688f420f
SERVER_TRAFFIC_SECRET_0 2fa667195c17fd03a4f61673ec9aa6bd47c60a0340ec727296c3d0b390653e6a 1c7b73d3b9c5e20a5b7561d48d860aea9429cbfa029be1ee35d45b85a2741408
EXPORTER_SECRET 2fa667195c17fd03a4f61673ec9aa6bd47c60a0340ec727296c3d0b390653e6a 77feffdf3909824a8bb9e907e50c534db40be27be6305dc8f662d5048c0c5b11
CLIENT_HANDSHAKE_TRAFFIC_SECRET 5abc11fd9c7c2877547275bb65fccbe26dca053f416a642eab1e92838751c3e3 de6bcd06701c37c76aa6ccf6ec3499d36fcdaf71fb415506f70c6be3cc09492e1b546680babdb950051695b6a7e5ecb5
SERVER_HANDSHAKE_TRAFFIC_SECRET 5abc11fd9c7c2877547275bb65fccbe26dca053f416a642eab1e92838751c3e3 41536044f25bf61820303c88ae73eb0a69775fa2540f3d9efe7e10a27063263f88941f7b6f8d18cfb954126a05512a17
CLIENT_HANDSHAKE_TRAFFIC_SECRET e6a7c8e7c83f834bf6ebaac0b03608666a1644c9b6b42f3918e2107331b725e5 9638a750faca0595a309e909fa481c7125d4dc61b2e8318f7118f67eff98edca
SERVER_HANDSHAKE_TRAFFIC_SECRET e6a7c8e7c83f834bf6ebaac0b03608666a1644c9b6b42f3918e2107331b725e5 65a8859189b3fd97b02535767f854bf508fda0bbe769a10394fef9c98d4ee861
CLIENT_TRAFFIC_SECRET_0 5abc11fd9c7c2877547275bb65fccbe26dca053f416a642eab1e92838751c3e3 13ef65b4daaa1ea5c6265dea8090d370c32b10b5e05e22b10b62fdbc1c4a2fc0618495148d61bc85e3c3c5d4097fc2da
SERVER_TRAFFIC_SECRET_0 5abc11fd9c7c2877547275bb65fccbe26dca053f416a642eab1e92838751c3e3 a1bfdd28cfc7b822bd1c1d9789fdb58e1c81c271eb5e091eb7a1b39e3b2f9be3bedb47941e97e02e4b497c7ef0a82dfb
EXPORTER_SECRET 5abc11fd9c7c2877547275bb65fccbe26dca053f416a642eab1e92838751c3e3 59c55843def071d7d43964b3b2a762767b878fd3981ce140c1d3b950355b5eb12c1bfa30cca29a62ba0fbd4c34b02c20
CLIENT_HANDSHAKE_TRAFFIC_SECRET 33042bd7c34714826102d42d11d3d1ee212f7f657da5697e7ebd432368d7186b 7ff7ba9dce7ea8af2f01a27c89bf918f63351bcb6a90bef54dbae6c9e5626a32
SERVER_HANDSHAKE_TRAFFIC_SECRET 33042bd7c34714826102d42d11d3d1ee212f7f657da5697e7ebd432368d7186b d67834d12647cc53f2049e739427998068ca9650afea394c13236119ceeaa45f
CLIENT_TRAFFIC_SECRET_0 33042bd7c34714826102d42d11d3d1ee212f7f657da5697e7ebd432368d7186b 5b893841a045f1e632e106dee50757ff09f415cbfe321093ec5d4f7f6fe76502
SERVER_TRAFFIC_SECRET_0 33042bd7c34714826102d42d11d3d1ee212f7f657da5697e7ebd432368d7186b 097fdc54ca5c3b403a23a9396e5b184594011fae27ded5b3ec3f2433b07dd5d4
EXPORTER_SECRET 33042bd7c34714826102d42d11d3d1ee212f7f657da5697e7ebd432368d7186b e2d9313f31974484b0bc37ac455e157ae2538b2247aa3fc9b103eec582b39983
CLIENT_TRAFFIC_SECRET_0 e6a7c8e7c83f834bf6ebaac0b03608666a1644c9b6b42f3918e2107331b725e5 9731e9f91cec3db30a43412b4bd86237ff9ef4ae70991af66e554863708f8923
SERVER_TRAFFIC_SECRET_0 e6a7c8e7c83f834bf6ebaac0b03608666a1644c9b6b42f3918e2107331b725e5 5227131131c1c85a20fbb4c95d828614934c99168dcc111b5062de3f0926fb24
EXPORTER_SECRET e6a7c8e7c83f834bf6ebaac0b03608666a1644c9b6b42f3918e2107331b725e5 ed272506db364839bea2126ab6bad2eb78454ce452c921ce1acbc62876b185c7
CLIENT_HANDSHAKE_TRAFFIC_SECRET ebf1222238d455672d052d5d06c9d013e0c5b9aa8790b4c2717f0c4099d75572 1a361a33174b8b7af663c0fb546bfb3c87d787a6ccf9214d5a05b4c8dc5f2345
SERVER_HANDSHAKE_TRAFFIC_SECRET ebf1222238d455672d052d5d06c9d013e0c5b9aa8790b4c2717f0c4099d75572 cb2cd8e1af297a055bf1e0050704374255cf17120067cc156b0559bd7c2854f8
CLIENT_TRAFFIC_SECRET_0 ebf1222238d455672d052d5d06c9d013e0c5b9aa8790b4c2717f0c4099d75572 fec05cbcbb3cf23bd4c8f5ace944bdc7beda1608565c996a34d566f0af676c40
SERVER_TRAFFIC_SECRET_0 ebf1222238d455672d052d5d06c9d013e0c5b9aa8790b4c2717f0c4099d75572 a7bf43931a0aa2070e0b330822263b24c74496e199d77e3609f6efe69cd1e827
EXPORTER_SECRET ebf1222238d455672d052d5d06c9d013e0c5b9aa8790b4c2717f0c4099d75572 a86d92eb8cb37de662f6b5ad84a18d7e250fcfd4faa39ef94589ca656949057e
CLIENT_HANDSHAKE_TRAFFIC_SECRET c0b87b0fa62c7ef4d3fa61af2b6b1730f89deedfb191090379f9ed597804d288 165650707048fa8e9af523fb02b1bc6d1f8603c895949d9082d1b61916c895f7
SERVER_HANDSHAKE_TRAFFIC_SECRET c0b87b0fa62c7ef4d3fa61af2b6b1730f89deedfb191090379f9ed597804d288 2682760436623c8cc5968041be43782a35a7d0943a21e26d99421e8861cb3bc6
CLIENT_TRAFFIC_SECRET_0 c0b87b0fa62c7ef4d3fa61af2b6b1730f89deedfb191090379f9ed597804d288 d582de9d02211849176b497c8869a8a6e245e6f9ac3dc7dafb63271980ce7c97
SERVER_TRAFFIC_SECRET_0 c0b87b0fa62c7ef4d3fa61af2b6b1730f89deedfb191090379f9ed597804d288 5995a3091f6cb5350e73072f3d13ca4dd329c6f1ce65b68c28f35366f8866695
EXPORTER_SECRET c0b87b0fa62c7ef4d3fa61af2b6b1730f89deedfb191090379f9ed597804d288 6f20f28a99790398d4ea720e644345ea9c4e5ad6551845207d6e1bc5567f0281
CLIENT_HANDSHAKE_TRAFFIC_SECRET 0b2d9f17628a4f49a3c1560c4e2d23e156e15ef6101344eb9439cba7215e898b f67fd6a21255884bdaa3690d127bd1c2c1a8372311ad39fa9ba4bd02e9faa184
SERVER_HANDSHAKE_TRAFFIC_SECRET 0b2d9f17628a4f49a3c1560c4e2d23e156e15ef6101344eb9439cba7215e898b 8f7f0f380a7ac06114cfb14dcfa04343579a778d8f2c3b995084190a58fbc454
CLIENT_TRAFFIC_SECRET_0 0b2d9f17628a4f49a3c1560c4e2d23e156e15ef6101344eb9439cba7215e898b 914867341569164f7bb42e0efb7ed449d75704691f42022fd05c6073029f389c
SERVER_TRAFFIC_SECRET_0 0b2d9f17628a4f49a3c1560c4e2d23e156e15ef6101344eb9439cba7215e898b 3a29a4d511d3f13d170ad96cc730c842e88e66a74fae1456a35cf015f6aa9479
EXPORTER_SECRET 0b2d9f17628a4f49a3c1560c4e2d23e156e15ef6101344eb9439cba7215e898b 080c5390ce3d5bfd85d11f8d3a3d41cbb6eee453f582bd7b329979ffcc2a9270
CLIENT_RANDOM f67bae378999d1f93d415614f2e4022f4117ce122049b846bc81471cd92e8d56 0069cec5e4599be1b0b2e458c4d00b31064f921382180e32ddb7a335866279124a970d0e8ff0075f401e27668bd189e9
CLIENT_HANDSHAKE_TRAFFIC_SECRET 73dff89fc6eac757cefa3b4f1e6310b483dfffd568dc810aaa79367b89857398 aced1f16be76efaef226eef426a4658ae267adb10859b266625fe7d68c9a2e2f
SERVER_HANDSHAKE_TRAFFIC_SECRET 73dff89fc6eac757cefa3b4f1e6310b483dfffd568dc810aaa79367b89857398 baba746b85077e40ad7e3292241ae4f64ee8492ce7129f8e5931b470aa8135a0
CLIENT_TRAFFIC_SECRET_0 73dff89fc6eac757cefa3b4f1e6310b483dfffd568dc810aaa79367b89857398 726067751c6db0f41e3955863f52efd28b63de13dcb324fac22f10bf4534a76d
SERVER_TRAFFIC_SECRET_0 73dff89fc6eac757cefa3b4f1e6310b483dfffd568dc810aaa79367b89857398 dbe9ee1df827db18ac5ee0dc77e22025cd2c6b0bcfd9ca8632336f44f07ac96f
EXPORTER_SECRET 73dff89fc6eac757cefa3b4f1e6310b483dfffd568dc810aaa79367b89857398 60f8bedc937489f5dbd4c06fd02deec7b123f5d79dc059bb6125a68bfb420b0b
CLIENT_HANDSHAKE_TRAFFIC_SECRET 3a149b2d132938ae80b70fd8f39ffc2194cb65471fa7d0a84d44a7b49e1f6675 26f32443920f32d14c71ee4f624504ff16c862e04511aea9ab830a93af0984ca
SERVER_HANDSHAKE_TRAFFIC_SECRET 3a149b2d132938ae80b70fd8f39ffc2194cb65471fa7d0a84d44a7b49e1f6675 6703ba5d0b4d04db3ab90248358b3829fa4f22392cb6ffac95820028add4512e
CLIENT_HANDSHAKE_TRAFFIC_SECRET 89af06c3bd7067d410ec9f2f15529d90e1decca30719743f728e68caf2d2880d 876105dd465da6399cac15275261d4f93f770c489083e4418037d188a27a7381
SERVER_HANDSHAKE_TRAFFIC_SECRET 89af06c3bd7067d410ec9f2f15529d90e1decca30719743f728e68caf2d2880d b4ca48198b5c60f18f4c1361ae2dc76fef6455575f3113b9badb2b8ca6b93a8c
CLIENT_TRAFFIC_SECRET_0 89af06c3bd7067d410ec9f2f15529d90e1decca30719743f728e68caf2d2880d 4057b8c18430a6638e1ae0b9b4e5c55cf68116ccf40d2e23b55c734faf9caea4
SERVER_TRAFFIC_SECRET_0 89af06c3bd7067d410ec9f2f15529d90e1decca30719743f728e68caf2d2880d 3fb2c463964df3ebb0fb3fba36db43dcfa77ef5abee06ef1a17bdf7fc763ead9
EXPORTER_SECRET 89af06c3bd7067d410ec9f2f15529d90e1decca30719743f728e68caf2d2880d 7311d85340838a8bb27bc396bed1658589a4f31ce36eb12104c5a92b1dfea0b0
CLIENT_TRAFFIC_SECRET_0 3a149b2d132938ae80b70fd8f39ffc2194cb65471fa7d0a84d44a7b49e1f6675 cd68c1ee4cb7dc7828133f1c0fdfc45a1d7d5ec86502f254cae5af8182023ce4
SERVER_TRAFFIC_SECRET_0 3a149b2d132938ae80b70fd8f39ffc2194cb65471fa7d0a84d44a7b49e1f6675 b2e971477cb47aedea6e2449c0a8cd6516e77ef7c3a2c0b250a90ba96999e013
EXPORTER_SECRET 3a149b2d132938ae80b70fd8f39ffc2194cb65471fa7d0a84d44a7b49e1f6675 618ac7ced65a5825b7737b68d6ed626448c15ea589a5c17cfee41ffbdd86f788
CLIENT_HANDSHAKE_TRAFFIC_SECRET a38c4a12bf426ee89599e633125641c3f95deec38d271ddb17c51d7cfb6e7970 ab79cf6ed329959e475dd8a5ba62658cc2305ce0544916c83fefa6dbce05ea30b392e1c0cfde3eeb8b21b2fea81d3194
SERVER_HANDSHAKE_TRAFFIC_SECRET a38c4a12bf426ee89599e633125641c3f95deec38d271ddb17c51d7cfb6e7970 3272bf9c1f410064d52630d13942f79e983c802f06270ac356ad92a94a523aa08605051a6d63ec8c69d1e76e128d4eaf
CLIENT_TRAFFIC_SECRET_0 a38c4a12bf426ee89599e633125641c3f95deec38d271ddb17c51d7cfb6e7970 2e9e2ce4ec149f5464290dd60496a12bee500be2fbfb73e72b51684852447a031c23135bde0e75bf066c9cb7a5c294c0
SERVER_TRAFFIC_SECRET_0 a38c4a12bf426ee89599e633125641c3f95deec38d271ddb17c51d7cfb6e7970 c47cc2f2c2cb4e574b4b02b54849ea991b80d82ab1cc7cffb543063515e3d52f634f61ddbce7337e6bc52a4a5ad0da24
EXPORTER_SECRET a38c4a12bf426ee89599e633125641c3f95deec38d271ddb17c51d7cfb6e7970 35f9d7dd8b0079f169ab9280e1f1d5756b49dc904d334668675a4db1eeb434c5fdcbe3e3a944e3524285206c769aec6f
CLIENT_HANDSHAKE_TRAFFIC_SECRET 83f2aeb9d21bfd12403761a2bd78f3801ab8ddcd9c8b08388fd9383270d033ed f1639a78d1e9adf1c2ce581d2435a08ac55349f1f00ec15158b4ddb3ce9b6a84
SERVER_HANDSHAKE_TRAFFIC_SECRET 83f2aeb9d21bfd12403761a2bd78f3801ab8ddcd9c8b08388fd9383270d033ed 1d4ce3f36ebebe292133df981f40a9b030a65394eec17269ad939ac954f82b7a
CLIENT_TRAFFIC_SECRET_0 83f2aeb9d21bfd12403761a2bd78f3801ab8ddcd9c8b08388fd9383270d033ed 997da634f742865fb20ca0c6f84464a22bde1d64369a520f4706254a224ca2d1
SERVER_TRAFFIC_SECRET_0 83f2aeb9d21bfd12403761a2bd78f3801ab8ddcd9c8b08388fd9383270d033ed 12501b573fb68166107563e3ec5c5a58afe39cf14adb5dc55dc406495cf2d827
EXPORTER_SECRET 83f2aeb9d21bfd12403761a2bd78f3801ab8ddcd9c8b08388fd9383270d033ed b6c7fedb8ad780b348f90119db656fe68552f3232902ee1a54c7a2e3b442639e
CLIENT_HANDSHAKE_TRAFFIC_SECRET 160a08886d9eb9c486ce1769657b7527890dba9a33e978bbfa775ee3eb21d30b 89894993b132b3510c9ee417bcaeaf6703177cde4cf12ff867cc937943dda334
SERVER_HANDSHAKE_TRAFFIC_SECRET 160a08886d9eb9c486ce1769657b7527890dba9a33e978bbfa775ee3eb21d30b 0389ce984fd543b59b1ff713d18d528c655b68aa863cdb480448164735d98741
CLIENT_HANDSHAKE_TRAFFIC_SECRET 365840e6a59876d8e96cd3a74d2f97e072f6c0c0d28558650b800e17274eb5a0 8fcc3af08815619502e4fd4a08b8d19dd767eca08c8de98e923d1aeaa55d7b40
SERVER_HANDSHAKE_TRAFFIC_SECRET 365840e6a59876d8e96cd3a74d2f97e072f6c0c0d28558650b800e17274eb5a0 a9c93be3805860f9d11ff8a77c5aedca63627a96d635dff420e80324cebb433c
CLIENT_TRAFFIC_SECRET_0 160a08886d9eb9c486ce1769657b7527890dba9a33e978bbfa775ee3eb21d30b 69114e5ad6e27d1ec7cb5b1b46ad944da90ccd6738253d8b54b7ff6f6b4f8a2c
SERVER_TRAFFIC_SECRET_0 160a08886d9eb9c486ce1769657b7527890dba9a33e978bbfa775ee3eb21d30b 66022f5747996c01bd9e9254ac50fe0c20df94b384cccc6b1f062ca1ccd3a2b1
EXPORTER_SECRET 160a08886d9eb9c486ce1769657b7527890dba9a33e978bbfa775ee3eb21d30b 91c8dcaed5be552af300f04aef9109d5e68a73588d79e1a78f2d9ba3801ba9b0
CLIENT_TRAFFIC_SECRET_0 365840e6a59876d8e96cd3a74d2f97e072f6c0c0d28558650b800e17274eb5a0 72148e6e9a415238756189756ba0c2420a66dfc438c3855506226b9c1c3d91f6
SERVER_TRAFFIC_SECRET_0 365840e6a59876d8e96cd3a74d2f97e072f6c0c0d28558650b800e17274eb5a0 80486537cbd8d59a0559d25dcf060560a3a6a257418f08a06f88013386e7aaae
EXPORTER_SECRET 365840e6a59876d8e96cd3a74d2f97e072f6c0c0d28558650b800e17274eb5a0 2d44ea04265c02c561a60f0c497ab6f33a8958353d83e47591db67ebff55d28d
CLIENT_RANDOM 69d3960b70c465d7e32dcfb45c378389e6b940f5e13f2a914f010ff3ad8532ca 35a04825e57c6e9523035d49a61e14e8e681786b7671178aa192088c6f095a82527fa8d9b2c7ad8c5c7a25b43ecfaa41
CLIENT_HANDSHAKE_TRAFFIC_SECRET da0acccf3b1b10c5e8ec2e8ebcb4ff5047e36e6092a0c655496c8fcd684b2013 146bcae9889f01b279a9830271cead559d44e984540850aa2176514911e9b93c
SERVER_HANDSHAKE_TRAFFIC_SECRET da0acccf3b1b10c5e8ec2e8ebcb4ff5047e36e6092a0c655496c8fcd684b2013 eabf20c3ab13f98173a1e7835c0323c9d33a12201fde80bf52f289b0012664c0
CLIENT_TRAFFIC_SECRET_0 da0acccf3b1b10c5e8ec2e8ebcb4ff5047e36e6092a0c655496c8fcd684b2013 5cf132a1b008bd3b5246eacbb54c60ac26dc2e0849a6bb59fe07dfacbb19bc8b
SERVER_TRAFFIC_SECRET_0 da0acccf3b1b10c5e8ec2e8ebcb4ff5047e36e6092a0c655496c8fcd684b2013 a4131d081cb2aae190669793522f9f1e41370141a0ee9a0c7ccb379ee625c3f3
EXPORTER_SECRET da0acccf3b1b10c5e8ec2e8ebcb4ff5047e36e6092a0c655496c8fcd684b2013 5ee2386d2789be6d23b41c32c9bd93160a0e4fd829eabdc60fdcb8c461066248
CLIENT_HANDSHAKE_TRAFFIC_SECRET efa5b10e75277f8141456e21265f03e72069b6be8940ee3622c2fec0060247eb 3011e4b0eaaf78e97e9c0b5993c86769f226630b4a4a538dc33ec8ca4374d3427a0a5275b8e8bb7b8ab61b57b5e9f668
SERVER_HANDSHAKE_TRAFFIC_SECRET efa5b10e75277f8141456e21265f03e72069b6be8940ee3622c2fec0060247eb a7cbf94ab6c774320bfceb85b8c1d021953468eb76d7b4a5bb849c618cdc881f879277a3365cd662453bbe789676f686
CLIENT_TRAFFIC_SECRET_0 efa5b10e75277f8141456e21265f03e72069b6be8940ee3622c2fec0060247eb 8d87b940da43dab74df59a41d132ddde03542c61af8872d372048e0d65f2ceddc36fa50c6348e863db98b8ab94a54fc3
SERVER_TRAFFIC_SECRET_0 efa5b10e75277f8141456e21265f03e72069b6be8940ee3622c2fec0060247eb f99a0af19a0fc8ba3de3aa67341ae7196bc0123a12f845029d86ea36bd387d1200230c94b12a0b3cb80aeb3d17aee26e
EXPORTER_SECRET efa5b10e75277f8141456e21265f03e72069b6be8940ee3622c2fec0060247eb 7fd01ffcec811d3a30700085acf8b1fdc0784d9f2645e686576bc34b6277667ef62581c4ea8c430dece512ecfc9c80df
CLIENT_HANDSHAKE_TRAFFIC_SECRET 6ff700aeaeef084fc8a9e718c3fcd598e19c4a49ef101c85dd8084dd794516c8 3eb252f6e5530dd75d48e583ad478736f0407cf8fa958dbfa0eac5a95d544b53
SERVER_HANDSHAKE_TRAFFIC_SECRET 6ff700aeaeef084fc8a9e718c3fcd598e19c4a49ef101c85dd8084dd794516c8 6e8ec93bbe1ecd66f8859ecb6792bc2439aea6f581a30570178597ccd0599d46
CLIENT_HANDSHAKE_TRAFFIC_SECRET b227ae6bf9195f63e36ef675e2801a7adea56273a7c5225ed33f3c202b8e2ee7 9f386c63f7aec508c9c977ea880e5899bc01d81827be50aabbd89e11e6baadc6
SERVER_HANDSHAKE_TRAFFIC_SECRET b227ae6bf9195f63e36ef675e2801a7adea56273a7c5225ed33f3c202b8e2ee7 f24f19ef824b0259447ca6b287e08339a193d59e8a9ea84f785cbca4203eb88b
CLIENT_TRAFFIC_SECRET_0 b227ae6bf9195f63e36ef675e2801a7adea56273a7c5225ed33f3c202b8e2ee7 77d53ac4fd4b4ae63a280a8a6c0f6018f72a3f8380c2168fa38bdd49da6b5eaf
SERVER_TRAFFIC_SECRET_0 b227ae6bf9195f63e36ef675e2801a7adea56273a7c5225ed33f3c202b8e2ee7 f2e148d6ed4404b7e5d14a12d30609c3effbcce5bb0689d3cb652b531db1b67b
EXPORTER_SECRET b227ae6bf9195f63e36ef675e2801a7adea56273a7c5225ed33f3c202b8e2ee7 383829d38d08dac1328d92c522541a6e6473e65e4e2c1c796e92a6b21ade32c8
CLIENT_TRAFFIC_SECRET_0 6ff700aeaeef084fc8a9e718c3fcd598e19c4a49ef101c85dd8084dd794516c8 55200222ee4e080ce5945028b7aa121d96d4ebabf5575ff6a696fd13a11cebe4
SERVER_TRAFFIC_SECRET_0 6ff700aeaeef084fc8a9e718c3fcd598e19c4a49ef101c85dd8084dd794516c8 00f8600204b0dd190e6d5e9d1d5e8ec2303256b21890ffa52b7c7d267af73b7b
EXPORTER_SECRET 6ff700aeaeef084fc8a9e718c3fcd598e19c4a49ef101c85dd8084dd794516c8 214b6ac31ad940e28cf839cd80d285d72500ff50161bf4b19c3b2ea91aa39715
CLIENT_HANDSHAKE_TRAFFIC_SECRET a211caa546783768922672572c6bc3e360d2bcad000181aaba39ee770695a23a 292a729ef77d6085fedddf2ea4464c813ca68943d028ffdff6858cff5845f939
SERVER_HANDSHAKE_TRAFFIC_SECRET a211caa546783768922672572c6bc3e360d2bcad000181aaba39ee770695a23a f47d75cd0b1837928cd6869f5b04f34e23b0a59f612ea33d6a4073b45a59c1df
CLIENT_TRAFFIC_SECRET_0 a211caa546783768922672572c6bc3e360d2bcad000181aaba39ee770695a23a 41f53f71a0d3ab20b0736b485d6ebc305720df62b1753a16bd7e6c71c150f989
SERVER_TRAFFIC_SECRET_0 a211caa546783768922672572c6bc3e360d2bcad000181aaba39ee770695a23a e37338a709dc231b6c0a58848021592257e0ce36681283ad9c8c5ff17ca2be8b
EXPORTER_SECRET a211caa546783768922672572c6bc3e360d2bcad000181aaba39ee770695a23a 0ec15c379f87ed6baf3bbaa1d3b465a38f5cad43d2ffe06879d1cceca9b187a2
CLIENT_HANDSHAKE_TRAFFIC_SECRET a65c1882cbc9fc3feae0b6f4c5801435afc7905d4cea68f869beb1f3e1df8dfc 47dfeba63afe0cfa9d2bd868d888f7922067cf8293312ee4c453c2ebab8ec05f
SERVER_HANDSHAKE_TRAFFIC_SECRET a65c1882cbc9fc3feae0b6f4c5801435afc7905d4cea68f869beb1f3e1df8dfc 6dd0d8dcfff6b024a95ac01477b3845397cba2feeb6d77aea9c501d07399017f
CLIENT_TRAFFIC_SECRET_0 a65c1882cbc9fc3feae0b6f4c5801435afc7905d4cea68f869beb1f3e1df8dfc 4e168a62d74714cf3c0ede07f5c0e0b2b2b614cdb407b7e794b4bbb50d9d88e0
SERVER_TRAFFIC_SECRET_0 a65c1882cbc9fc3feae0b6f4c5801435afc7905d4cea68f869beb1f3e1df8dfc 58aa95b4a1ec5daef367704405e5c633c4e726b039ba143359f26c88814a7033
EXPORTER_SECRET a65c1882cbc9fc3feae0b6f4c5801435afc7905d4cea68f869beb1f3e1df8dfc 1367c07bff34f0508d74c8dd5aba7f6d957b31d67b6a2dd4d72d96be8086eca5
CLIENT_HANDSHAKE_TRAFFIC_SECRET a982a00a54d851fd0232a2a05262397dcc1f932fe0a59c644d5bd91d50af2789 0b39778efa930b3f540b36f5f11c5577085933c6ad6262fa52616a35ecf40535
SERVER_HANDSHAKE_TRAFFIC_SECRET a982a00a54d851fd0232a2a05262397dcc1f932fe0a59c644d5bd91d50af2789 65194b0cba14495542f14c5e1049c5228067686de783e705a6ebc2c8c4bbaeb7
CLIENT_TRAFFIC_SECRET_0 a982a00a54d851fd0232a2a05262397dcc1f932fe0a59c644d5bd91d50af2789 1366e9fa86af8c8d73d50448e4e07c42b6e0bc1357a4f91a0989a373a1d59fdf
SERVER_TRAFFIC_SECRET_0 a982a00a54d851fd0232a2a05262397dcc1f932fe0a59c644d5bd91d50af2789 c53c6174181e16e0ebc3f3e4b5e6db4c62c9e0e6d46fb03bd1f220cd4998216b
EXPORTER_SECRET a982a00a54d851fd0232a2a05262397dcc1f932fe0a59c644d5bd91d50af2789 ef034bf2326003b3f26deb5fddf3dadf7dbabc434bb7adc909508155fd87246f
CLIENT_HANDSHAKE_TRAFFIC_SECRET cbee6f0e647847c2bb3b086d26a844c8798b47cfc2333930670a06e63ea83017 c08fb24f4ad95a54d395cc77ed1e2e5f8f70f32b9432c89429f7102d4bb96f65
SERVER_HANDSHAKE_TRAFFIC_SECRET cbee6f0e647847c2bb3b086d26a844c8798b47cfc2333930670a06e63ea83017 83b96085d698cb493bd9a3fbb4036f4a04e8ee4e28ca964f24c90fa9bbdf1da5
CLIENT_TRAFFIC_SECRET_0 cbee6f0e647847c2bb3b086d26a844c8798b47cfc2333930670a06e63ea83017 f5daaa7f24a50b2451892a8620cc5eeed74e5ef975ae8cf7acc16b8a88b2bba6
SERVER_TRAFFIC_SECRET_0 cbee6f0e647847c2bb3b086d26a844c8798b47cfc2333930670a06e63ea83017 20d3cd174cc3e99a7caa7f8112f0430dcec7fd6cdbf6c2b5c88e23a589bdb134
EXPORTER_SECRET cbee6f0e647847c2bb3b086d26a844c8798b47cfc2333930670a06e63ea83017 63e10e2377994b5c11ee8399f0aeb7adb4d4f8143dc8470bb51b623be193bdbf
CLIENT_HANDSHAKE_TRAFFIC_SECRET 955a5c1b4ee6c23528d510f308657aa75ae35c3a2842244067dd5f23f5709d95 c011be60a4967a6e26a843bc62e66c113f02eeb2d86243b171f72fdbc30fbeb0
SERVER_HANDSHAKE_TRAFFIC_SECRET 955a5c1b4ee6c23528d510f308657aa75ae35c3a2842244067dd5f23f5709d95 e0e3b294ca2ce8130c4523eaa35746d4fdbc1c5e850fd9eccc6a7fa00b206e7f
CLIENT_TRAFFIC_SECRET_0 955a5c1b4ee6c23528d510f308657aa75ae35c3a2842244067dd5f23f5709d95 adba29f81e4da4138af9eab595a1331ff5b1db5f7143dda156da342755f484f7
SERVER_TRAFFIC_SECRET_0 955a5c1b4ee6c23528d510f308657aa75ae35c3a2842244067dd5f23f5709d95 7b7cfe3c3766c4cc5baab061e10880277d21029ee48816006c6c1cf0d6ddf1c8
EXPORTER_SECRET 955a5c1b4ee6c23528d510f308657aa75ae35c3a2842244067dd5f23f5709d95 31dd55872c5db7679f1c675406f6e03b73604624a0a7f1046ec547d6138b0fcf
CLIENT_HANDSHAKE_TRAFFIC_SECRET 5830d25f0659613a066cdbb6ff280736e1bdabc06d5dc5318cf9af22adbed930 a12997403fcbcadb4b35c73a23d622585fe7a994a9f64e7a3122349a66c6b647
SERVER_HANDSHAKE_TRAFFIC_SECRET 5830d25f0659613a066cdbb6ff280736e1bdabc06d5dc5318cf9af22adbed930 adc9c3d0b90ef815f4fded213fa03509449471b442c846afa3a72cab6fee92f9
CLIENT_TRAFFIC_SECRET_0 5830d25f0659613a066cdbb6ff280736e1bdabc06d5dc5318cf9af22adbed930 c765ed8ed1ec47d631c698cc55dd70bd01af0087373867ead68135ceb4d9748e
SERVER_TRAFFIC_SECRET_0 5830d25f0659613a066cdbb6ff280736e1bdabc06d5dc5318cf9af22adbed930 0523b2011e6515e946d70de66e4b7947bc01f20835a307053111a06d3506e841
EXPORTER_SECRET 5830d25f0659613a066cdbb6ff280736e1bdabc06d5dc5318cf9af22adbed930 9bfd838077961924c98fa942d7803e90d29282c71646ef8162fc7b4aa050df2e
CLIENT_HANDSHAKE_TRAFFIC_SECRET c85fe8307ef633da7722831cd8570f07b22e9f6d2a58b2438aae3128393e139c ea6381deb2ce84523347e6001ba544afe6218a4d8fe3523fc550a2061d4eaf9c0612ba813b837e92871e024f04baaf3e
SERVER_HANDSHAKE_TRAFFIC_SECRET c85fe8307ef633da7722831cd8570f07b22e9f6d2a58b2438aae3128393e139c 23dca18d96cf15666cb741374ae61437c49e090f86443711a8974d12f44a55bd8df612c5c2eadbc393964db21b28899b
CLIENT_TRAFFIC_SECRET_0 c85fe8307ef633da7722831cd8570f07b22e9f6d2a58b2438aae3128393e139c f91a58680197f908c9940c214764ebaf4acf2f65c59b27a918f3c45e28fd03183d2195e6d9a1b05186a5adfbeed10b38
SERVER_TRAFFIC_SECRET_0 c85fe8307ef633da7722831cd8570f07b22e9f6d2a58b2438aae3128393e139c 7e7f15fa3e2fe2f02a1a96664fd6d10402e374989da95069d5f73aa45f09870e21425e98470161665a07b45bfe2176ff
EXPORTER_SECRET c85fe8307ef633da7722831cd8570f07b22e9f6d2a58b2438aae3128393e139c e2cbbbb384500f4e6e5c38a1985c3d56119bb6a0443f2a29330db21d3410894d1a4018326bd5421be456a3a8816affa3
CLIENT_RANDOM 354d0662c0307132ec82409052b5065c5fdab2794fe150985a6f898b59c467bf 36958778035339137ee31777a09f105af6803550f1fe004a585be3bbd1cb9ce53c7e10866637d57227f581954878b10a
CLIENT_HANDSHAKE_TRAFFIC_SECRET 2bec41e93154c3d71ff8e4fa63ddd8361ebf09b04d748a28fd40493ea0789e82 d031ee1962036ab874d74316da6a77fff715acff23ff823430ac66215ce08869
SERVER_HANDSHAKE_TRAFFIC_SECRET 2bec41e93154c3d71ff8e4fa63ddd8361ebf09b04d748a28fd40493ea0789e82 a216b4ea6754c0015ca743ceccc422e274c44904a08aede82f23bde68e9a72ca
CLIENT_TRAFFIC_SECRET_0 2bec41e93154c3d71ff8e4fa63ddd8361ebf09b04d748a28fd40493ea0789e82 9ef1ecadfd802b4c6f634c5ba985b1f5aad2224a70ed039a8350ae168a361997
SERVER_TRAFFIC_SECRET_0 2bec41e93154c3d71ff8e4fa63ddd8361ebf09b04d748a28fd40493ea0789e82 c5751c6539888750160f3eac04fc3fc9b308b57634d71e419ff69d1462056dff
EXPORTER_SECRET 2bec41e93154c3d71ff8e4fa63ddd8361ebf09b04d748a28fd40493ea0789e82 59ee429c2910a2803a460f90e227ca33b830e9c0c76a4d4a22c931362bf395e9
CLIENT_RANDOM 5537ceb548c3c8ae85091752ae6769bbe6966c9f07c6b90561d5e6165ec0245a 47958ccc63106dd2769920179d87632c02bf6c9b0c85f672670bba1776660a263e09f7f140d7bf91c0ee05a4a33d9ee2
CLIENT_RANDOM 377ad2855b12175391fbde6d3b86c12c39cc384fc6e7dc60d7fa7e4cf84e1514 fad7b4f3319a314faddd106e7e61e3c9dedce0ee2e19e253f75b5adf0f280c3719c7efe45bb46a0cd4d25ffeabf37e01
CLIENT_HANDSHAKE_TRAFFIC_SECRET 8185fa1b05f2f41f78b54e8f07ba3d10337f106d5a497037314a5d1a39c95acc 208dac361106238d60e05e17044666fb267f1f1e8680e8835eb72a845a7d0df5
SERVER_HANDSHAKE_TRAFFIC_SECRET 8185fa1b05f2f41f78b54e8f07ba3d10337f106d5a497037314a5d1a39c95acc ead248f80ab2c8df05f72da68583227ef1be9dee14e25f2817951c5cfd233860
CLIENT_RANDOM 625e7e5e5a840059e63f24f17852548b3df9140ffd3fd864566fde5703a7056b 6b4d52ffb6ac714fbe05ec4db4110829ec739969dde4b5bcc9edb7de87863b273c5d21c44066cc21eeac52cba3eb0a2e
CLIENT_TRAFFIC_SECRET_0 8185fa1b05f2f41f78b54e8f07ba3d10337f106d5a497037314a5d1a39c95acc c0e2e62390e6312e568e18fcb2d64cb9d41753fb7f229b0056739e503a0216a4
SERVER_TRAFFIC_SECRET_0 8185fa1b05f2f41f78b54e8f07ba3d10337f106d5a497037314a5d1a39c95acc 3c246a99ffa8396bddc5a02918b9e7e5edaf7ddb15add0fd6a2b31823bb68941
EXPORTER_SECRET 8185fa1b05f2f41f78b54e8f07ba3d10337f106d5a497037314a5d1a39c95acc 04995705afe888c18f3c751019f3acbec7992172b3cf8d2535d36ff6fac9671f
CLIENT_HANDSHAKE_TRAFFIC_SECRET 3dc2ec48770527858ab0e3057d155aab21bcff49f1f9be53a68cb49651c5d679 107f67109b866361809f9e48acf31b0ec7ce5cdd550981ca28ec13f136fda858
SERVER_HANDSHAKE_TRAFFIC_SECRET 3dc2ec48770527858ab0e3057d155aab21bcff49f1f9be53a68cb49651c5d679 e804a9c92d05c72fa41bbc111f7cc746932d4a7a0ac83aa291d9679c826edf2b
CLIENT_TRAFFIC_SECRET_0 3dc2ec48770527858ab0e3057d155aab21bcff49f1f9be53a68cb49651c5d679 7889a5deb49cf90d7ee5a2edee4117d355d0de99ef5d6927711783fdd4429b9a
SERVER_TRAFFIC_SECRET_0 3dc2ec48770527858ab0e3057d155aab21bcff49f1f9be53a68cb49651c5d679 855f5c066f0aadd9d019d8004679639cbd1a8c9b310c631c6da8722557e57889
EXPORTER_SECRET 3dc2ec48770527858ab0e3057d155aab21bcff49f1f9be53a68cb49651c5d679 2ed046857829995628758ebc6c2295ba871a94c2bee793b626ef502a0e80928e
CLIENT_RANDOM 1a9d910fd1a13d170f3ccba993eccbf03a81f43edbade2798f28870113495a1e 6be9683828c1f32b091fbd3c92e4b693f13df545f02d6725bc235f881f2607eb040a37382f309ef428335eabb31767bb
CLIENT_HANDSHAKE_TRAFFIC_SECRET f215383e7e9b0590a91cf2f9933821cce090401f5224b5f5e57a5c952b52b241 c1faa4eb985d3ded86fc0d1d56794e0addbd8e0304283066cb382345ddb50d97
SERVER_HANDSHAKE_TRAFFIC_SECRET f215383e7e9b0590a91cf2f9933821cce090401f5224b5f5e57a5c952b52b241 11c0e218a912929896ad8e49aeaafd010a2b0d8e483bcb589d7064f16c95b43c
CLIENT_TRAFFIC_SECRET_0 f215383e7e9b0590a91cf2f9933821cce090401f5224b5f5e57a5c952b52b241 02fc4f1dc6f8434123975a8f3dfac3b4346567d51800f28098195ce36d4dc7c0
SERVER_TRAFFIC_SECRET_0 f215383e7e9b0590a91cf2f9933821cce090401f5224b5f5e57a5c952b52b241 28b720125e33b95e8d7c972b488e8fdfaf65467566cbba6f8b1cc6354a61801f
EXPORTER_SECRET f215383e7e9b0590a91cf2f9933821cce090401f5224b5f5e57a5c952b52b241 8327ed2191b3cfd96c6de2444ad39ec92670297385d7c6c4f725d335c313bfdd
CLIENT_HANDSHAKE_TRAFFIC_SECRET f3bd2472880f736c399dba5ab54699ef0ab731be0f52247374a4d7630c6acfaa befd3d3bb49679a0d2d68d754e84fd622d63265b8b322f38dc80afe042aeaa9b
SERVER_HANDSHAKE_TRAFFIC_SECRET f3bd2472880f736c399dba5ab54699ef0ab731be0f52247374a4d7630c6acfaa 7d614042d61ed5b433dc1a591e66a9e5141f12c66e766d0b89c2c64ff4378438
CLIENT_TRAFFIC_SECRET_0 f3bd2472880f736c399dba5ab54699ef0ab731be0f52247374a4d7630c6acfaa 36c26492a314ea045adba806971fd646035cd71fd9c30dec5427ca9c17905bc3
SERVER_TRAFFIC_SECRET_0 f3bd2472880f736c399dba5ab54699ef0ab731be0f52247374a4d7630c6acfaa 03b1a2947da5914495134098559b336f5f9850e13abb0d20c12aed827b491265
EXPORTER_SECRET f3bd2472880f736c399dba5ab54699ef0ab731be0f52247374a4d7630c6acfaa 2fe7ae89adbb7d0e59c00b3bf230578a30345a9784643feb3543d6bf21b73f59
CLIENT_RANDOM afa737da73be031ee99d2e1f8739e16c8a3d7e0abeed57a47739d4d557e2d36d d2259d27bf6f6c26a7072c045b60ded601e583702cef7387ee777cf47510d6b88e5e2d1957b60d771d6376bb48617e17
CLIENT_RANDOM d8e7435d7ef0031939001bf618672f8d7ad9b2f397fe5c65b8c53fc18dd97c1b fa0da83d83adf4f2547db810236611ce227bdd827ce1f45977c8b1c415d57405d7d5d5ad237eab7f36a0f4ab1ff747bb
CLIENT_RANDOM c5de393c211521ddf39e3a6c52872666658447b9d3cafe41a314b30bf34decb3 f1215e1473a2b08b485e05710f0f927809fb7bfa8aa0b40cc5982844fd8bb8d45e06c6a732ec9a0706c1a230581fa808
CLIENT_RANDOM 72369239532a965a75033ce02292b2933684ab9b1fffd7018460e503ba731ceb 0069cec5e4599be1b0b2e458c4d00b31064f921382180e32ddb7a335866279124a970d0e8ff0075f401e27668bd189e9
CLIENT_HANDSHAKE_TRAFFIC_SECRET a2380ade3a8d05ae953451dd2f9a02298dda42e76ace77e1602aee093c518b78 227daece7be4822862ba7b3559133a49eb87097532b7cb347ce7375cafe07de3
SERVER_HANDSHAKE_TRAFFIC_SECRET a2380ade3a8d05ae953451dd2f9a02298dda42e76ace77e1602aee093c518b78 30fadc6159a3d9fece135b76bcb3595bb67a002ecca53c04a38aa73ff6c67ebc
CLIENT_TRAFFIC_SECRET_0 a2380ade3a8d05ae953451dd2f9a02298dda42e76ace77e1602aee093c518b78 684404118b8e4c0c4b9016c4b1153ea82846a2b3fc39f4ab3df7198ac63a6c6f
SERVER_TRAFFIC_SECRET_0 a2380ade3a8d05ae953451dd2f9a02298dda42e76ace77e1602aee093c518b78 6b9931ef4461a1a019b36eb1af7477b90513513a811b11a5d8bbd9b8659b9d88
EXPORTER_SECRET a2380ade3a8d05ae953451dd2f9a02298dda42e76ace77e1602aee093c518b78 457ad7392e6be04410334216097da41740eb0977e6c0abb735f0776f59d1684a
CLIENT_RANDOM 5946f25b928bd99c3b705ccaedfb7f0f5696ddc298f97b0c4784fa261488c123 ab9562fa825d08caa343daa7bd78871486dae8f8c6f9d27dad94ba39c0ba302e4149fec9727faf027961f2ff35327b99
CLIENT_RANDOM 48c8986a4fab4388b384ccb44ca2cba23b9f5c2bea1db2b8075ff06919187111 ca217bf2a351372cc5a182e017f15b93bad35bb02ca3eb3103486552281e41645d622ad4e43af23d26f27179237ac4e2
CLIENT_RANDOM 5e3913b6c45f86b273675183daa2fcfcf817da14550909b79bfa633ce27b3b60 6ee82243c9165769c3ad1cd67ee3be9e7341036ed3f81a0dbf3bd2b6ece10c6a2f9ee96920438ef88270d4ca8f1c66fb
CLIENT_RANDOM e32ff2cffbc6be2617009512080f785870d6f9197d06a0e187d70806a0d4558e c2ccff7747f9e36782a2194967212d5141134b9c1701865fd7b4fe9bd74c5f86aca6fff91ad2e31837c3a1a53eb07787
CLIENT_RANDOM 4f7a7b17e409263e868f733e437c7b09d25e5dab0ef0b721fb21ac6d897e39f8 845452511ed6cf416ad0e30dda1c18c994a04918d8c2030887ebed549faa4fb1d7b6a6c30560dbb6f3039440f700ee32
CLIENT_HANDSHAKE_TRAFFIC_SECRET 8f133b9a3325f177d71e36b272750704c4887f8300fa2ea4f227350e34779da3 2ad951216cbae3e981bf0cf00ad72ace98f2f10cd2682af0ccde72460468e1e7
SERVER_HANDSHAKE_TRAFFIC_SECRET 8f133b9a3325f177d71e36b272750704c4887f8300fa2ea4f227350e34779da3 8a37668de80b2be0cd596d236ad3fa9d9411bd0520ee6b59afca138dcc4f86b1
CLIENT_TRAFFIC_SECRET_0 8f133b9a3325f177d71e36b272750704c4887f8300fa2ea4f227350e34779da3 6137a6a521f065f7c002f4c72caefbaeda11b197bcf0be533bb83b66c405854a
SERVER_TRAFFIC_SECRET_0 8f133b9a3325f177d71e36b272750704c4887f8300fa2ea4f227350e34779da3 112272f83bbb8ec4ece4daca4a13daf70f2a10db978cde6acb72f77f0538735d
EXPORTER_SECRET 8f133b9a3325f177d71e36b272750704c4887f8300fa2ea4f227350e34779da3 2364b29cfb2336e8e9debed52309d438f4ec4da7f1cc797c5e62a36d52b9d604
CLIENT_HANDSHAKE_TRAFFIC_SECRET 23400b1c0c20576bcaab69121ccd6e9b9cad7d138a5f41056b670d7eea994906 13d1c5f6b6daf98b3680a37d7e659753bcc7beb233b1560de9039548d086993e
SERVER_HANDSHAKE_TRAFFIC_SECRET 23400b1c0c20576bcaab69121ccd6e9b9cad7d138a5f41056b670d7eea994906 0295d61fe5b43dc277f478b934c7e3c1131814c4c0bb124b0d2c02c398308a99
CLIENT_TRAFFIC_SECRET_0 23400b1c0c20576bcaab69121ccd6e9b9cad7d138a5f41056b670d7eea994906 f87b5d8a8ea0c4df6a92fef473f191608b628a2b91cd5a39b503d0e0af7a122a
SERVER_TRAFFIC_SECRET_0 23400b1c0c20576bcaab69121ccd6e9b9cad7d138a5f41056b670d7eea994906 47a5efcb037794a29b4b5cfb3c4da6253892f82c095790cd11cb84208dfc4b34
EXPORTER_SECRET 23400b1c0c20576bcaab69121ccd6e9b9cad7d138a5f41056b670d7eea994906 ab0c0457f001c631f385b14f6820fa87963b2309a2367dbbd5f41583d5ee925f
CLIENT_HANDSHAKE_TRAFFIC_SECRET 55bff9e77f32de561175d64c05b70a9b17f6cfc615ec60a62589369c7d6b3694 40ef30fbb0e1de53cef7912355779f282f83fcbe9fe5235c07b1cc3da77de16a
SERVER_HANDSHAKE_TRAFFIC_SECRET 55bff9e77f32de561175d64c05b70a9b17f6cfc615ec60a62589369c7d6b3694 17da32768c472bb87f2fd153aecfb842000ffbe02fbf4f2fd506e130f385fc17
CLIENT_TRAFFIC_SECRET_0 55bff9e77f32de561175d64c05b70a9b17f6cfc615ec60a62589369c7d6b3694 d058627cb57fae8dee52a23a650da915175c9f72f251b01263646e2fd0077744
SERVER_TRAFFIC_SECRET_0 55bff9e77f32de561175d64c05b70a9b17f6cfc615ec60a62589369c7d6b3694 d7a26013f26d9b700130f63c833d4b422f685faf451cb303d63f97ab9e934e13
EXPORTER_SECRET 55bff9e77f32de561175d64c05b70a9b17f6cfc615ec60a62589369c7d6b3694 8a25ccc3d0bfb9f0328f4f80eba3b3ca9ec874517b2999ab0b76eb31c2d71a3d
