CLIENT_HANDSHAKE_TRAFFIC_SECRET 37e5d24d1e0a440f7f646cc6ed322164cd3c8a1c5ddc75b4dfce89df11a93359 f6638070b87f9830ba18977199c13e9c42d16ad53fb68f9112e357142d7e59d1
SERVER_HANDSHAKE_TRAFFIC_SECRET 37e5d24d1e0a440f7f646cc6ed322164cd3c8a1c5ddc75b4dfce89df11a93359 9957868be66a781ca37c074f9503f91008eab7b446357c8c0e874c4365e5b8f2
CLIENT_TRAFFIC_SECRET_0 37e5d24d1e0a440f7f646cc6ed322164cd3c8a1c5ddc75b4dfce89df11a93359 b5c3764412757d66f06efa4db0111317ea183aecd3e0124f27fd45c7fcfb2bfc
SERVER_TRAFFIC_SECRET_0 37e5d24d1e0a440f7f646cc6ed322164cd3c8a1c5ddc75b4dfce89df11a93359 8b8ee9bd4b138252deb2e7d9a43f4cdce410e04097c6a3ab5603fc15515e6ce9
EXPORTER_SECRET 37e5d24d1e0a440f7f646cc6ed322164cd3c8a1c5ddc75b4dfce89df11a93359 9298c76a594cae73bff7ea15883d73aa730696a6ca979e5c9be09b8ec7ca55f2
CLIENT_HANDSHAKE_TRAFFIC_SECRET b293a6fb5e7fa2d5b509f9d7b7dfe04468aa7e61eb8e9ce988ee70d058689414 7bda3a1d72a255287fd73031119460ab73fe7562369658da9e9579fc5da56299
SERVER_HANDSHAKE_TRAFFIC_SECRET b293a6fb5e7fa2d5b509f9d7b7dfe04468aa7e61eb8e9ce988ee70d058689414 87ef19b7698ee749a101e9bfff8d9f764d56d076eb4e51fdf95ca9e9a26a61a2
CLIENT_TRAFFIC_SECRET_0 b293a6fb5e7fa2d5b509f9d7b7dfe04468aa7e61eb8e9ce988ee70d058689414 b07b2b0869090bcdb69f20230af8cdaab78c93df3a6a22f5ffac12736b9ddf46
SERVER_TRAFFIC_SECRET_0 b293a6fb5e7fa2d5b509f9d7b7dfe04468aa7e61eb8e9ce988ee70d058689414 7b6075065be1391294431c39bda38bfa949561566f467d39f58f905da2322c66
EXPORTER_SECRET b293a6fb5e7fa2d5b509f9d7b7dfe04468aa7e61eb8e9ce988ee70d058689414 5b2de1c53bc4a80434ccf11337f442d9bcabc64882997b635a98ebc60dd836d1
CLIENT_HANDSHAKE_TRAFFIC_SECRET 33587d17898ef0b0cec7ccf6c77d17ea0e4545b37c8e624b1ca878b4618b958d 14ed48b1ab99f752d173bb108a007e75a284834eb635fd1fa36e348cca1e72cf
SERVER_HANDSHAKE_TRAFFIC_SECRET 33587d17898ef0b0cec7ccf6c77d17ea0e4545b37c8e624b1ca878b4618b958d f135b2fe6884a7eabe3ac33b7731b9cbf09879643438c9bafbed7054ff504bda
CLIENT_TRAFFIC_SECRET_0 33587d17898ef0b0cec7ccf6c77d17ea0e4545b37c8e624b1ca878b4618b958d a40fc5d8bb0a45514b96414f06ad468a23c9a87a5547064b27a15b4dc7acc001
SERVER_TRAFFIC_SECRET_0 33587d17898ef0b0cec7ccf6c77d17ea0e4545b37c8e624b1ca878b4618b958d 6f6f2eafce6eb02efaccc109c73fc0e7b5d0bac0ed2eb19f549d548d94a3c316
EXPORTER_SECRET 33587d17898ef0b0cec7ccf6c77d17ea0e4545b37c8e624b1ca878b4618b958d e9dabf2f0317d5a9bffa6b12f451582cc7e54f91fa9a0a09f1e0794cc4f5641d
CLIENT_HANDSHAKE_TRAFFIC_SECRET aa1f4ccfe1399dadb29a527720ff4fb1fdfb18509300581afa67dc95db2261ff 3ec03fa6bf87d10d8dd57bca5fb205bd08f9fd9e7b90b2c414e7cd1932f137df
SERVER_HANDSHAKE_TRAFFIC_SECRET aa1f4ccfe1399dadb29a527720ff4fb1fdfb18509300581afa67dc95db2261ff c41c41b465b94b0cb0bfd519ae111685d2983458c0cf54aa53876e4a72a9f0da
CLIENT_TRAFFIC_SECRET_0 aa1f4ccfe1399dadb29a527720ff4fb1fdfb18509300581afa67dc95db2261ff c48498109369f83a46f96d3a07533fe97be429f0ea322c7db319904dc2578c51
SERVER_TRAFFIC_SECRET_0 aa1f4ccfe1399dadb29a527720ff4fb1fdfb18509300581afa67dc95db2261ff ca1f1cb7b32c6b9d0a15d0dafeef1ab17b480129a29a3c01bc26c0f83372cd0a
EXPORTER_SECRET aa1f4ccfe1399dadb29a527720ff4fb1fdfb18509300581afa67dc95db2261ff 35bf8db58079f223db01cdd80a599994cd463fe0f423b0686e93996169cf5479
CLIENT_HANDSHAKE_TRAFFIC_SECRET 7ff5824bad139d895d7863c8810e5ad89337726a9239a1fc43f14bff2a869887 cd662cf06647faae1c0ad46740cfd9fab69e32d33ea4f6480c20c59de4bb886e
SERVER_HANDSHAKE_TRAFFIC_SECRET 7ff5824bad139d895d7863c8810e5ad89337726a9239a1fc43f14bff2a869887 d1f95a5388543af0a1140b5e1696f31122feb6453b0c5bba19cd8245468105b7
CLIENT_TRAFFIC_SECRET_0 7ff5824bad139d895d7863c8810e5ad89337726a9239a1fc43f14bff2a869887 64608a5dffafc62758e8af19c94c3b2c9f2d9c0cf880114c154c3e4e1a702c1f
SERVER_TRAFFIC_SECRET_0 7ff5824bad139d895d7863c8810e5ad89337726a9239a1fc43f14bff2a869887 545a10a6baf6b7cc6a2982af2ab417acddaaa77773678ba437b3df7e9c3049c3
EXPORTER_SECRET 7ff5824bad139d895d7863c8810e5ad89337726a9239a1fc43f14bff2a869887 8d863e91f0691c78f2b554cae71a9abe57c4367a0451f639a6f2c37da2f2b436
CLIENT_HANDSHAKE_TRAFFIC_SECRET 66ba3828a3674c023e2b2d2b4b04a6c9725e27f79192bd7118f56262a6f65059 2a0bd5402cc87dc504b0b368ac7f2b39027c666b9fbf39eeb8c81961a547fda7
SERVER_HANDSHAKE_TRAFFIC_SECRET 66ba3828a3674c023e2b2d2b4b04a6c9725e27f79192bd7118f56262a6f65059 066ab5f7a4a43ff2215803053ee964972029f3fccf8163f44fa91f61ef8444ac
CLIENT_TRAFFIC_SECRET_0 66ba3828a3674c023e2b2d2b4b04a6c9725e27f79192bd7118f56262a6f65059 e37d94dd6cdc118439771dae99d8b2153e657dee606cc20b48d1bf0ed5f142ac
SERVER_TRAFFIC_SECRET_0 66ba3828a3674c023e2b2d2b4b04a6c9725e27f79192bd7118f56262a6f65059 dea711d4f1feb2d9624e69f5bc2723b76e9c6676dd48f01d586ca04c3bbf035a
EXPORTER_SECRET 66ba3828a3674c023e2b2d2b4b04a6c9725e27f79192bd7118f56262a6f65059 c2c724a76d319249ebde1a566f6f40530e1f6d5eebaad8d43fcb71ed84b09df9
CLIENT_HANDSHAKE_TRAFFIC_SECRET 2afa9a312675f1a5e87f62ec5addf8123f22c1fe93ce1a042cedd650253fe90f ac886dcb825b9df4ff53f9af75a71d7f41e8c9457908e5766a99de242dd74570
SERVER_HANDSHAKE_TRAFFIC_SECRET 2afa9a312675f1a5e87f62ec5addf8123f22c1fe93ce1a042cedd650253fe90f 9efc6f61e3a05603d4d8f16ece9b541460b0b57e64b81dace806e9b8ff13d2ae
CLIENT_TRAFFIC_SECRET_0 2afa9a312675f1a5e87f62ec5addf8123f22c1fe93ce1a042cedd650253fe90f 170c935b35e36d9651526b956fb4102530d4d641e4a0bd01bcb2d1530683f387
SERVER_TRAFFIC_SECRET_0 2afa9a312675f1a5e87f62ec5addf8123f22c1fe93ce1a042cedd650253fe90f a66503f7c76304ef379b9d8459adaed86f055d336e1976fd0f84a9102ad755ee
EXPORTER_SECRET 2afa9a312675f1a5e87f62ec5addf8123f22c1fe93ce1a042cedd650253fe90f 8098ae3c84535fde19da0ab33ae9bdb7826d1ff918a5a7359436ed11be466d52
CLIENT_HANDSHAKE_TRAFFIC_SECRET 6e7696c7002d6f2803109131d57960df01715fc690b2743f4e65e9b1f64ce7ad 8d6ddb0edb04aec113fcd25af25546a38b5ceabdaef2f32bec58e326dfffd045
SERVER_HANDSHAKE_TRAFFIC_SECRET 6e7696c7002d6f2803109131d57960df01715fc690b2743f4e65e9b1f64ce7ad 3b685d7668d43d46a28e4b302f85f9eead513bc9d5ca158263335b75595fdcbc
CLIENT_TRAFFIC_SECRET_0 6e7696c7002d6f2803109131d57960df01715fc690b2743f4e65e9b1f64ce7ad 2edfb0e194425e0fdf2da9b9275db847a546df7ddc5fba2cefd18935cb9606ce
SERVER_TRAFFIC_SECRET_0 6e7696c7002d6f2803109131d57960df01715fc690b2743f4e65e9b1f64ce7ad a8b76fa45907ca08b518fad2acd37ce2d424d9f17bea739f078cc2afbd4a8047
EXPORTER_SECRET 6e7696c7002d6f2803109131d57960df01715fc690b2743f4e65e9b1f64ce7ad d606545cdbc46fa7474ab66d11dbefe4bb8c1c55ca1459add7747580c49ae5ee
CLIENT_HANDSHAKE_TRAFFIC_SECRET 1aa5ec78a5efddebb5f28b76e60b0e7ba5b245da0136b37980a1e0d62fd0f43e 6bed9b4521ddb28a84ba763c375974025569d51f03b380900bcb47ec0daa1aae
SERVER_HANDSHAKE_TRAFFIC_SECRET 1aa5ec78a5efddebb5f28b76e60b0e7ba5b245da0136b37980a1e0d62fd0f43e 53ca707ed88218f315128c950c928d7fa4778081e46cb41dcff49c01f28cccc6
CLIENT_HANDSHAKE_TRAFFIC_SECRET 58d87cc3a2d93b5a42136e1b202fb88fee7ed73fad9fdd88eedc07db7d40cb57 42a1e86a3dd47e26eb4d04c293dbf2b0d5099c95132be211516b631301c54126
SERVER_HANDSHAKE_TRAFFIC_SECRET 58d87cc3a2d93b5a42136e1b202fb88fee7ed73fad9fdd88eedc07db7d40cb57 c82157d43262aff4e51b6b276fef0ad33b1d9a9fe24a39e7ac66d06cdacefc64
CLIENT_TRAFFIC_SECRET_0 1aa5ec78a5efddebb5f28b76e60b0e7ba5b245da0136b37980a1e0d62fd0f43e b45b693230ca023f5076b411bee03aba041be6ea18fa089d9f6236f72d1020d5
SERVER_TRAFFIC_SECRET_0 1aa5ec78a5efddebb5f28b76e60b0e7ba5b245da0136b37980a1e0d62fd0f43e da71083c02c4e8d7a3264e4e8b23a493b098f2b97d4d6b8602e450ccfef90991
EXPORTER_SECRET 1aa5ec78a5efddebb5f28b76e60b0e7ba5b245da0136b37980a1e0d62fd0f43e 7aee16a82fc802a37b6e1c5969e34042fa94bec0d66881015600ee025687d892
CLIENT_TRAFFIC_SECRET_0 58d87cc3a2d93b5a42136e1b202fb88fee7ed73fad9fdd88eedc07db7d40cb57 5c50a593768238585b7bd21bc859464e88f338ebe49fda8b06da8f5e56aacb32
SERVER_TRAFFIC_SECRET_0 58d87cc3a2d93b5a42136e1b202fb88fee7ed73fad9fdd88eedc07db7d40cb57 6442d8e2e577be4b3044e12e49008587f66d1a90cc195f21d63a8ec1726b1a88
EXPORTER_SECRET 58d87cc3a2d93b5a42136e1b202fb88fee7ed73fad9fdd88eedc07db7d40cb57 9519854d4fa4a9341423afc5cc88140981fa4f79db8ed78961b002e1dacf727b
CLIENT_HANDSHAKE_TRAFFIC_SECRET 3bd33ea71ccb047681d2a2eb359be42fb8becc3b9c8bca7e008e6159c24d071d 0949932932bdbc2c1117ddfe23cfb031b0114e46a857c3399dbbb3cf3dacf370
SERVER_HANDSHAKE_TRAFFIC_SECRET 3bd33ea71ccb047681d2a2eb359be42fb8becc3b9c8bca7e008e6159c24d071d be3307dbcf194eb8bc689d1ad15332e1a0e2f3cb5c284eacbadc51f3e35515da
CLIENT_TRAFFIC_SECRET_0 3bd33ea71ccb047681d2a2eb359be42fb8becc3b9c8bca7e008e6159c24d071d 2e5e5343f5dc5138a2ba107e6c69e2aa01c040c19bd972d59a4943ea5d87ebaf
SERVER_TRAFFIC_SECRET_0 3bd33ea71ccb047681d2a2eb359be42fb8becc3b9c8bca7e008e6159c24d071d 50deb61af24fbd7a4a3cfcea813e3c6ab259c540e4c57968cb78884afeffe172
EXPORTER_SECRET 3bd33ea71ccb047681d2a2eb359be42fb8becc3b9c8bca7e008e6159c24d071d 6bb87906bf7fac2f506b6e47d2504c43db32b45a8b856ad1a5d2ece29c6736d6
CLIENT_HANDSHAKE_TRAFFIC_SECRET e1f32375e90f51a4cbbb4032d3b0d2b11c0766a0170c630251da9becae11a809 b190270fe270fd3a304cd806ebc7eb02a50fb23a5d2c090436cc729eefc1e69e
SERVER_HANDSHAKE_TRAFFIC_SECRET e1f32375e90f51a4cbbb4032d3b0d2b11c0766a0170c630251da9becae11a809 edd7850c588688e9ce1f1ea8dea1fb88a9180635d15b08124bc3aece3eec93f5
CLIENT_TRAFFIC_SECRET_0 e1f32375e90f51a4cbbb4032d3b0d2b11c0766a0170c630251da9becae11a809 f5e5e852a53c9d21270da3097044f3fad95c253f80480873e0999b57f5d11ec2
SERVER_TRAFFIC_SECRET_0 e1f32375e90f51a4cbbb4032d3b0d2b11c0766a0170c630251da9becae11a809 3071b4c5977418c36a7513926ba174ce4f802db4807934c57b9dc968da990d34
EXPORTER_SECRET e1f32375e90f51a4cbbb4032d3b0d2b11c0766a0170c630251da9becae11a809 db09b79f76cdea5c8ae1c590ba690bc6d356c8c46fdad2a1b67d6e9be7c7533c
