CLIENT_RANDOM ff6375888e9c98f2e0dce1421cef32d59daa7b262952c55d09c9e4924f3b99a1 403a59046b4a98e3c12f35ac041fcbf6fbc7a968312fdee324e56d4650d8205688d845d5a3467243484d845cd47154fc
CLIENT_HANDSHAKE_TRAFFIC_SECRET 004d7b35614d0979bc294f84617cbda43978ce8385d9470955dc6df202fc4f10 a543aa42894e1f191c7fe1a7ef2328c68e813b146896557aa5939c8a7552e34b
SERVER_HANDSHAKE_TRAFFIC_SECRET 004d7b35614d0979bc294f84617cbda43978ce8385d9470955dc6df202fc4f10 4f1445f31cf24ca7c6204b561a2fe7da6000e6851646851cd9ad7e231e800467
CLIENT_TRAFFIC_SECRET_0 004d7b35614d0979bc294f84617cbda43978ce8385d9470955dc6df202fc4f10 7752401475aee33fcd76672509e902420533fb18a5478ba845d7c395a120333b
SERVER_TRAFFIC_SECRET_0 004d7b35614d0979bc294f84617cbda43978ce8385d9470955dc6df202fc4f10 17843f6bce7993b7c800b0a4ce22dc5ccc45d46ac6e09fd85be56a456984a0ed
EXPORTER_SECRET 004d7b35614d0979bc294f84617cbda43978ce8385d9470955dc6df202fc4f10 7fbbfe639db7b363d9f8fe6110087c2914d057503f3b828cbca11e0e98aaa6c9
CLIENT_HANDSHAKE_TRAFFIC_SECRET 1cb1986701d3f0c058795adcedf8cadf1320f7dd4e64f8b0f9934ebfef34ed0e df40746527fb182b47849d8bbc8215d3e4ad672c3f25c16d79e62e2affced728
SERVER_HANDSHAKE_TRAFFIC_SECRET 1cb1986701d3f0c058795adcedf8cadf1320f7dd4e64f8b0f9934ebfef34ed0e 8c5e4d43931d06378fb63d40e6efb7d18de86f30989fe90530c8d79b542d3182
CLIENT_TRAFFIC_SECRET_0 1cb1986701d3f0c058795adcedf8cadf1320f7dd4e64f8b0f9934ebfef34ed0e 4e37ffdd0efbe2132d76142598b553c487ddde160b434953a2479364a4a79b43
SERVER_TRAFFIC_SECRET_0 1cb1986701d3f0c058795adcedf8cadf1320f7dd4e64f8b0f9934ebfef34ed0e 79ba6bac517ec796e7af1cc63f3e437808a4789d8d3c3216ea4c7f82dd93de7f
EXPORTER_SECRET 1cb1986701d3f0c058795adcedf8cadf1320f7dd4e64f8b0f9934ebfef34ed0e 8db6c6dd6b4e37f27f9e8b12991a746a8a80a2b220c16011bcd8946454dcfb06
CLIENT_HANDSHAKE_TRAFFIC_SECRET 984f566ca7b73d1950e7d8d74b3e5a6109122a27bf6d39891b590f7ae4663d52 94776ad2ae888f43f9157341e59598659de4c81e8844b6f474515b059620d74805a51c25b1b8318e2ab0bda7240a1f74
SERVER_HANDSHAKE_TRAFFIC_SECRET 984f566ca7b73d1950e7d8d74b3e5a6109122a27bf6d39891b590f7ae4663d52 b420eb113658db4cc853cc051a2fa047ba7e164f241b535b83da635872262feb33a1771c9c969976158af20bbd340793
CLIENT_TRAFFIC_SECRET_0 984f566ca7b73d1950e7d8d74b3e5a6109122a27bf6d39891b590f7ae4663d52 f292d556db2a617a7513b545ccaecabcb4cfc1b2bb8d2740738cfdc2980b5119fab4ceaf6356e79a729bc103a3dc8c7b
SERVER_TRAFFIC_SECRET_0 984f566ca7b73d1950e7d8d74b3e5a6109122a27bf6d39891b590f7ae4663d52 06aed2cbb79e7af8517420ba2472a48ce9ef3887fd50c2d99bac75e1d7b4174beada10fdb1bfa66b5dc2206f3938f31b
EXPORTER_SECRET 984f566ca7b73d1950e7d8d74b3e5a6109122a27bf6d39891b590f7ae4663d52 fae46e7c8ce26d7e9175eccda29e8c4bfd56bdf150f79cd7b4709dce7f1e9e21929f423faf5e30903b2f362818df6fbc
CLIENT_HANDSHAKE_TRAFFIC_SECRET 1be037d00d7a452bee31704ee8dbb7ac86ffdd10601c1a75819f9bc926e01885 49cb72e50846f4db2ddd86d5aac4943c9a889ad53f79007bba56f35d2280f4d9
SERVER_HANDSHAKE_TRAFFIC_SECRET 1be037d00d7a452bee31704ee8dbb7ac86ffdd10601c1a75819f9bc926e01885 1b633c2aba5f236cb5f24c381becce692a26cab62a368f7a99b0cf3b8b3374d3
CLIENT_TRAFFIC_SECRET_0 1be037d00d7a452bee31704ee8dbb7ac86ffdd10601c1a75819f9bc926e01885 d150ec55c9e0929a1bb2a97cac8f8e3dc8a4dd714ba3d06fb800aacbf9812fba
SERVER_TRAFFIC_SECRET_0 1be037d00d7a452bee31704ee8dbb7ac86ffdd10601c1a75819f9bc926e01885 3529176ac0812e3f8ed54871eaf897a9e31714af5b130931f469a1c15fbda5c1
EXPORTER_SECRET 1be037d00d7a452bee31704ee8dbb7ac86ffdd10601c1a75819f9bc926e01885 3c577b72ed9cb7ca6c16ca1ef4d95f716eca299c63b17f5fb99fb84d8e4abe44
CLIENT_HANDSHAKE_TRAFFIC_SECRET d032e3be6332b63362d6d4cc1e040c906e4d2c9c81917868c64cada5eef42992 d2ac2534b4f899c584199d811975335f9ef309a2c0ffbcefd8b1204779f29cd4
SERVER_HANDSHAKE_TRAFFIC_SECRET d032e3be6332b63362d6d4cc1e040c906e4d2c9c81917868c64cada5eef42992 e57746adee3f8fb982dff0016320a9a99a34f44c13a22e1c889fcf6cd2c83162
CLIENT_TRAFFIC_SECRET_0 d032e3be6332b63362d6d4cc1e040c906e4d2c9c81917868c64cada5eef42992 98e27e3661210cc52560a241513c139288a9da2cea2aad7a7e04336f6b0a03bb
SERVER_TRAFFIC_SECRET_0 d032e3be6332b63362d6d4cc1e040c906e4d2c9c81917868c64cada5eef42992 4b160367802f5ffe6958e009476f59fce5c9ab5b5a8096c1800a6a9be30ac798
EXPORTER_SECRET d032e3be6332b63362d6d4cc1e040c906e4d2c9c81917868c64cada5eef42992 fdab85138f69a61b5eaf76323dd0348e0a6d466d51435be0f0057644f70c5e4e
CLIENT_RANDOM 58e2059bbe7381c908ffb75e65a41a12a6165ef30446dcd0a830a05ee750b84a 403a59046b4a98e3c12f35ac041fcbf6fbc7a968312fdee324e56d4650d8205688d845d5a3467243484d845cd47154fc
CLIENT_RANDOM e588e71af238206d9c1fd0084f60a0bbc4ba2277831eb88b90b2f431f21f1089 403a59046b4a98e3c12f35ac041fcbf6fbc7a968312fdee324e56d4650d8205688d845d5a3467243484d845cd47154fc
CLIENT_RANDOM b38a7b18333a04861d85895cace07dd5149b6de311976161ab101e400c140f40 403a59046b4a98e3c12f35ac041fcbf6fbc7a968312fdee324e56d4650d8205688d845d5a3467243484d845cd47154fc
CLIENT_RANDOM b862397ad7e1a1baf9474a08ad184f4b03ccb98601e23f7bd41c79e13dcbe8c4 403a59046b4a98e3c12f35ac041fcbf6fbc7a968312fdee324e56d4650d8205688d845d5a3467243484d845cd47154fc
CLIENT_RANDOM 938c35f58f149594405aa0917f8db309c331b324e7cdf56d573c9654f6a3cbd8 403a59046b4a98e3c12f35ac041fcbf6fbc7a968312fdee324e56d4650d8205688d845d5a3467243484d845cd47154fc
CLIENT_HANDSHAKE_TRAFFIC_SECRET 83f8466f14a270d6d3b92c0bd1d8313ea9b4dd855e400f78579a3731088e0157 734bad8b714caee9711f4e8d694575e8f4e8913f4d576d0e24ff37dd556a1974
SERVER_HANDSHAKE_TRAFFIC_SECRET 83f8466f14a270d6d3b92c0bd1d8313ea9b4dd855e400f78579a3731088e0157 76c9d4e7118719fc4bc72bb547f6a6ce32ce31431ce33e3c8e47bd18232d0048
CLIENT_TRAFFIC_SECRET_0 83f8466f14a270d6d3b92c0bd1d8313ea9b4dd855e400f78579a3731088e0157 28a4aca03d64d62c657089042ca9939cbc0c307eb2ba6fefd3a65a0a45cb63e0
SERVER_TRAFFIC_SECRET_0 83f8466f14a270d6d3b92c0bd1d8313ea9b4dd855e400f78579a3731088e0157 e1ce5d6a0702375060477a41d221d1cef3971c7acd48e5749c5134667760d3b7
EXPORTER_SECRET 83f8466f14a270d6d3b92c0bd1d8313ea9b4dd855e400f78579a3731088e0157 1a7ab2eacce16e6af06756e65d5589c8f62603dd637c3682d7b3cd85f6076fde
CLIENT_HANDSHAKE_TRAFFIC_SECRET 23f323fb0e0e3000a2a6e055249159551756e2a237e7c6d3ae864d21c8712c6c fed2a7e1844d5b9d0906dd294fa582ea0d3751268c60dfff050a611e073cfcef
SERVER_HANDSHAKE_TRAFFIC_SECRET 23f323fb0e0e3000a2a6e055249159551756e2a237e7c6d3ae864d21c8712c6c 2a5fe7bf916ea3ad84d243e66d651255a89e76223ccaa875b78d9eadec1c3491
CLIENT_TRAFFIC_SECRET_0 23f323fb0e0e3000a2a6e055249159551756e2a237e7c6d3ae864d21c8712c6c 44172056159666a84876cd94bc6935e5eab02742e1d93add73a364411f7688b9
SERVER_TRAFFIC_SECRET_0 23f323fb0e0e3000a2a6e055249159551756e2a237e7c6d3ae864d21c8712c6c 958245f6835c22d79167f8be7ac73e2a11792ddffa9ca87be582d56fcd39f35e
EXPORTER_SECRET 23f323fb0e0e3000a2a6e055249159551756e2a237e7c6d3ae864d21c8712c6c 671825e3f5b8022884f3f6e7049a6de0256973c9af7ebb9a80d6e3b1f51030d5
CLIENT_RANDOM 06ca3fb4ffea9f2831a893b8803519cd45583dd251bfb43ca3a0266df4a41455 efa2389a3943e4675ddd9442d3478d79b1daa008ad700634f875a9c25356dc7d29db33e0177792529adcddaccc721c59
CLIENT_RANDOM 8dfb5cd3c6eb1c60fd3dff228054ccf9e04a879251ebaba065cfca086f4bfabe 603a1009bf7aa16e6ad61349943e3b14e402e214d44a749291970db0e52b6e12704a3f0b16dc9d00de2beb5b218f758e
CLIENT_HANDSHAKE_TRAFFIC_SECRET 51a658e43faa336aa50015f79ee2774ecd73f07ea2265854651ee27b97f69e08 c42887a99d024fe162ede5e4169bdd99c29dc84f60ae32a71574e659a2960ace
SERVER_HANDSHAKE_TRAFFIC_SECRET 51a658e43faa336aa50015f79ee2774ecd73f07ea2265854651ee27b97f69e08 3bd75b1f0dd6ba90040ec39ee976f0f10c41a3a729f66692c536f988753e4a6e
CLIENT_TRAFFIC_SECRET_0 51a658e43faa336aa50015f79ee2774ecd73f07ea2265854651ee27b97f69e08 cc8b876e278c7646808486dd254a52145869280d5f1ed1de86f7e8449a593402
SERVER_TRAFFIC_SECRET_0 51a658e43faa336aa50015f79ee2774ecd73f07ea2265854651ee27b97f69e08 2b6d28543f0cfcf6a371eb91d816cae0eb9e57a26950c800eeb7df493f4c4c48
EXPORTER_SECRET 51a658e43faa336aa50015f79ee2774ecd73f07ea2265854651ee27b97f69e08 234bc17c9cf8ec0dd7f187d38abf4d24cfbc58c1d6939a9844e91769e423c83e
CLIENT_HANDSHAKE_TRAFFIC_SECRET fd0ac122ea04a48d0782e1eff1cc8d0a95ee9ce25343ab147a898a623325a353 0ec68596723419965132ed0974965539bc3d2328b58e5436a60e16197ed11f78
SERVER_HANDSHAKE_TRAFFIC_SECRET fd0ac122ea04a48d0782e1eff1cc8d0a95ee9ce25343ab147a898a623325a353 9efdd6322bc2607df9cb6edb8ae2218df5d98f1325e2271d249b85928b9ce18e
CLIENT_TRAFFIC_SECRET_0 fd0ac122ea04a48d0782e1eff1cc8d0a95ee9ce25343ab147a898a623325a353 c30531e06e37075c0d965f8d5e1cc21aa49d0430bb0e49cf661cab61ed63dc61
SERVER_TRAFFIC_SECRET_0 fd0ac122ea04a48d0782e1eff1cc8d0a95ee9ce25343ab147a898a623325a353 7302cd18c9140e77569fb05adfe63d7da5dec23a3a36abe1d7a6fc4f9b55b6dd
EXPORTER_SECRET fd0ac122ea04a48d0782e1eff1cc8d0a95ee9ce25343ab147a898a623325a353 01f00fdc63ff6720f4aa018520141374c169c363054b1a356e55e468689c1b04
CLIENT_HANDSHAKE_TRAFFIC_SECRET 55570d07e6d52bf6f11daefdc14b6738f6c65f0bbf7f6bfdcce929bf1065db05 2a2d8ecf3b7162e63f048613c2f00641dc5c7f64f7f48c85bc30ac1358392352f32aa3921d7fef9aa4ddeb488176edd3
SERVER_HANDSHAKE_TRAFFIC_SECRET 55570d07e6d52bf6f11daefdc14b6738f6c65f0bbf7f6bfdcce929bf1065db05 e2035083426de096722d10aadd6ef4ac329282c48236738e5a3f5cc33109300ab79275897e08eb1844acaeab7220c6be
CLIENT_TRAFFIC_SECRET_0 55570d07e6d52bf6f11daefdc14b6738f6c65f0bbf7f6bfdcce929bf1065db05 725c62a78a4c5e48ab412d60bb112566123bc5877a09fc1a175bdb297aeb1c109b7c0c93cf58fd772caebcd353117091
SERVER_TRAFFIC_SECRET_0 55570d07e6d52bf6f11daefdc14b6738f6c65f0bbf7f6bfdcce929bf1065db05 9e1166d3e40ece8844ce257520137d5299150d288fb7d5f896424ee5c542b000327afdf56f8e29ba8e1041859b9ba645
EXPORTER_SECRET 55570d07e6d52bf6f11daefdc14b6738f6c65f0bbf7f6bfdcce929bf1065db05 94aa4e39fe8e5f7689f542356edc76a7fc58789bb8280df979810aaaa3dbab99029f72bfc492a4cbc8309f888b542cd5
CLIENT_HANDSHAKE_TRAFFIC_SECRET 26f26cc0075f19fb5973923cccdfa7fd548dd59a43d7427198f146a6f37e9aba 15cce70cf9fca798ac3ebaee48cf5c53113d4dff64e5d130d3de11c9412a0069
SERVER_HANDSHAKE_TRAFFIC_SECRET 26f26cc0075f19fb5973923cccdfa7fd548dd59a43d7427198f146a6f37e9aba d39f2946f269cc0fa4ec1679750cc022b092c4c3c84042c18f5bf38edf339f82
CLIENT_TRAFFIC_SECRET_0 26f26cc0075f19fb5973923cccdfa7fd548dd59a43d7427198f146a6f37e9aba 40809dbd9847709f4c9b4d432c44ae51013e3fb8fdbe2353febf9dbb320f8ca5
SERVER_TRAFFIC_SECRET_0 26f26cc0075f19fb5973923cccdfa7fd548dd59a43d7427198f146a6f37e9aba d52dc4957e584b63e9aed9bcd60004f667a69f7be263ba19ac55a04a9dc829d4
EXPORTER_SECRET 26f26cc0075f19fb5973923cccdfa7fd548dd59a43d7427198f146a6f37e9aba 9faad59d64e2ac08926d264deeb3a1deda60d572ea0eceb9adb38f89860b97ad
CLIENT_HANDSHAKE_TRAFFIC_SECRET 42c0bfafa5d8194d71a5109fd457b48b000449430e0466f30ae8a98e6945603b 3c8995807febaaa351e1336b0338a67d1deebb4547a6d434d36d2dca1b178d22
SERVER_HANDSHAKE_TRAFFIC_SECRET 42c0bfafa5d8194d71a5109fd457b48b000449430e0466f30ae8a98e6945603b da7105a84ee30d3377ca888132ae5ab3265afdc8bc57eca830e157cbfe9a3d3f
CLIENT_TRAFFIC_SECRET_0 42c0bfafa5d8194d71a5109fd457b48b000449430e0466f30ae8a98e6945603b a564fe36b6211ea80ec7affa3b030a5ee7d0ba1e00355011849e879f10a986bc
SERVER_TRAFFIC_SECRET_0 42c0bfafa5d8194d71a5109fd457b48b000449430e0466f30ae8a98e6945603b faeb76e1d0ff7481675604f6c3633f7fa93b3c32ba7eb5c1daf75ff5c406fda4
EXPORTER_SECRET 42c0bfafa5d8194d71a5109fd457b48b000449430e0466f30ae8a98e6945603b ba09c89c5c3c9e3d7064130cab3d9716c917dc57a6e29e1acbe028b1976adc42
CLIENT_HANDSHAKE_TRAFFIC_SECRET 467624ef7a6d11cc18cfe3c0c01d3d58f7b79c5a9ca74ce37a7cefb3804e38d3 3fbbb6d2c1d82b83b583c87e24cdd7fcd38a11626590fdbfb62d9d0bc2ec7c90
SERVER_HANDSHAKE_TRAFFIC_SECRET 467624ef7a6d11cc18cfe3c0c01d3d58f7b79c5a9ca74ce37a7cefb3804e38d3 36ff2ce49995766aa777599a5c1e77d29e3de7222428e016dd898a86c32a5880
CLIENT_TRAFFIC_SECRET_0 467624ef7a6d11cc18cfe3c0c01d3d58f7b79c5a9ca74ce37a7cefb3804e38d3 794280382ebecfa889bc3fdd985f23084e78b7c3b0899a0083b650be2d631b9c
SERVER_TRAFFIC_SECRET_0 467624ef7a6d11cc18cfe3c0c01d3d58f7b79c5a9ca74ce37a7cefb3804e38d3 f34c6edbc73f29dd113836038e14d3dea5828be20a28cb79b8355798b3311898
EXPORTER_SECRET 467624ef7a6d11cc18cfe3c0c01d3d58f7b79c5a9ca74ce37a7cefb3804e38d3 9e15d8aaebddb6a47b254bbac83ef5730de758ba5245b1d4e4cf2c4085bce2cd
CLIENT_HANDSHAKE_TRAFFIC_SECRET 6af3d28343afe25234d488ca5b1a951297b246044eba0a7414744e5a9087e356 85e8bc9a091b68f7ea4d06c7fbd849280521816485dfbd89b0e1fe96a8055f37
SERVER_HANDSHAKE_TRAFFIC_SECRET 6af3d28343afe25234d488ca5b1a951297b246044eba0a7414744e5a9087e356 8411f3a396e3b8b7a460dc426cf639e943b2ab4c12f151178f5d231cf4dafbb6
CLIENT_TRAFFIC_SECRET_0 6af3d28343afe25234d488ca5b1a951297b246044eba0a7414744e5a9087e356 2da089b2b5281317a547c5d6340bb399e649be8a4d390d41b92eaebf5744ba29
SERVER_TRAFFIC_SECRET_0 6af3d28343afe25234d488ca5b1a951297b246044eba0a7414744e5a9087e356 b3a57b9ba29e6e5c6a409f929beca1f774800b1d1f523d060d8b9fef894b7cdc
EXPORTER_SECRET 6af3d28343afe25234d488ca5b1a951297b246044eba0a7414744e5a9087e356 24403f465da5550ffcc21478f29e6d16dc3011d7f26385c325273083de4550d4
CLIENT_HANDSHAKE_TRAFFIC_SECRET d1687be92b79b65ea4867addeeb6e86f1339114971894bcaafc2132e5f1c87b2 36545229a5b4da0624cf35410825fac1e2cc8a042cae2b6cf997b329810747f4
SERVER_HANDSHAKE_TRAFFIC_SECRET d1687be92b79b65ea4867addeeb6e86f1339114971894bcaafc2132e5f1c87b2 f15b93c3eb53a52ece01aaeb84e6d2e9166e57dbd815c67657d039d477f47001
CLIENT_TRAFFIC_SECRET_0 d1687be92b79b65ea4867addeeb6e86f1339114971894bcaafc2132e5f1c87b2 74d9a83abc0b6a9011d69047ba9ddf492b8599f22634bb09bd745443f4e63e0d
SERVER_TRAFFIC_SECRET_0 d1687be92b79b65ea4867addeeb6e86f1339114971894bcaafc2132e5f1c87b2 b0312bdd451ca78878b38da2169836f68db48b20bc97bd5682b37698b22c8984
EXPORTER_SECRET d1687be92b79b65ea4867addeeb6e86f1339114971894bcaafc2132e5f1c87b2 bbf88982dd9357fc8c272931c9a2d5aaf1d7ef88ff7e7b7ed68621d0a8db5aa7
CLIENT_HANDSHAKE_TRAFFIC_SECRET afd707a09f443c026acadca5d316aedfabd19f65fba8642ee1f53a5177afb3b6 aa4cbd4ead6c7dc64e42c12a2d1da983b5236335ba5daa30f1ba5b86273054de
SERVER_HANDSHAKE_TRAFFIC_SECRET afd707a09f443c026acadca5d316aedfabd19f65fba8642ee1f53a5177afb3b6 de0c0d38292c30db8e9b2083a8cd1fbb4b5d1deac7ac79d0b0e8bbd63c9e80cc
CLIENT_TRAFFIC_SECRET_0 afd707a09f443c026acadca5d316aedfabd19f65fba8642ee1f53a5177afb3b6 31cc93c3660f1b75d6a026e5ea01b94c09a3f01b7174dc142ec5c5a62716e999
SERVER_TRAFFIC_SECRET_0 afd707a09f443c026acadca5d316aedfabd19f65fba8642ee1f53a5177afb3b6 95a5b836e14eecbb6fb5edc29fc035b1bec2d8d5d899fb92cff5f89413a85327
EXPORTER_SECRET afd707a09f443c026acadca5d316aedfabd19f65fba8642ee1f53a5177afb3b6 65d3eb96229ec2951fbdf535faa9d31b85d328f9c8b2c1a961b8fd0882cf2e15
CLIENT_HANDSHAKE_TRAFFIC_SECRET 3871c70ecee12769a5ca09b191b593cc9f92c703b8deab5dd87204e36bdf57f8 30d04843c2ed68acadfa90f01d705d6eadecc36492f16d5e74705ea6ee6e5bc3
SERVER_HANDSHAKE_TRAFFIC_SECRET 3871c70ecee12769a5ca09b191b593cc9f92c703b8deab5dd87204e36bdf57f8 b979f4f47e94ce283fbfaa5913fda64816147dfee23ad0b4ac485569ffdd2d6e
CLIENT_TRAFFIC_SECRET_0 3871c70ecee12769a5ca09b191b593cc9f92c703b8deab5dd87204e36bdf57f8 d2c2396a263f161102e1942e2860bbca8a744390be6f058f07770ac3be4db5e3
SERVER_TRAFFIC_SECRET_0 3871c70ecee12769a5ca09b191b593cc9f92c703b8deab5dd87204e36bdf57f8 fac78b0b0dd011ab727ab893738dd9d2e6a47b8bad0ac5d286c98f0cee7b7f49
EXPORTER_SECRET 3871c70ecee12769a5ca09b191b593cc9f92c703b8deab5dd87204e36bdf57f8 ab173650dddeb8d0799483a884ff989505497f2e68b52743c1c09b8e57781ece
CLIENT_HANDSHAKE_TRAFFIC_SECRET a05cb9c27c9ea2fffaba038247a6b9b21d471f0e96241ee380a54b5fab6653f1 99d7192bb4e527a7349dd840f698dcad011a149ff851a78bfc5826aa8d2eac4d
SERVER_HANDSHAKE_TRAFFIC_SECRET a05cb9c27c9ea2fffaba038247a6b9b21d471f0e96241ee380a54b5fab6653f1 f1bd38716b2b13335a65e15448f02a4882521b871fd423cec5254c9516505d69
CLIENT_TRAFFIC_SECRET_0 a05cb9c27c9ea2fffaba038247a6b9b21d471f0e96241ee380a54b5fab6653f1 c7969575d21c8f8b37740271d4927312de7c5621f0c33e01469ed73203c3cc2a
SERVER_TRAFFIC_SECRET_0 a05cb9c27c9ea2fffaba038247a6b9b21d471f0e96241ee380a54b5fab6653f1 c7ce745b36067fa6ee0369c64a7b238788c630531d76d40b2091eca9f65d842c
EXPORTER_SECRET a05cb9c27c9ea2fffaba038247a6b9b21d471f0e96241ee380a54b5fab6653f1 717e013990f9913796d6334eff01c547932c299bdb8c17deaaa276bf27bdd978
CLIENT_HANDSHAKE_TRAFFIC_SECRET 7bd69953943aa587ada452c54841c8c084c6ffe61f2170ff882d67eed9675281 aea0477a291d53921472afc14637c9833dd91306b1c823117e3ed8e9f8d109ed
SERVER_HANDSHAKE_TRAFFIC_SECRET 7bd69953943aa587ada452c54841c8c084c6ffe61f2170ff882d67eed9675281 310933c7fc154f7be1c02ecb770e4ec505704b42301268af24ffaf5e1169a148
CLIENT_HANDSHAKE_TRAFFIC_SECRET 59f25a303fdbda7dabea74aff9ff469d4e804e1696cfcbd004a3b9acf728626f 03ac752e804b0410d978fe55f4f96f3c7c14052e16bf5f054dbb81041b033298
SERVER_HANDSHAKE_TRAFFIC_SECRET 59f25a303fdbda7dabea74aff9ff469d4e804e1696cfcbd004a3b9acf728626f fa536e10e9fb6f3d339383c90f1f046e901a776a6e2cdf920d3e1730bcf6f99c
CLIENT_TRAFFIC_SECRET_0 7bd69953943aa587ada452c54841c8c084c6ffe61f2170ff882d67eed9675281 053f7ae748d800bfcc317f8cd6e761c1370a79ec479fc1a0dcc52e8edbfac4ec
SERVER_TRAFFIC_SECRET_0 7bd69953943aa587ada452c54841c8c084c6ffe61f2170ff882d67eed9675281 9b6de2b748493650bf5ed3da3a093faff095d7541dc97251e76e719c2e39ef31
EXPORTER_SECRET 7bd69953943aa587ada452c54841c8c084c6ffe61f2170ff882d67eed9675281 401d8fc6ac812e6e9ac850791055e7c03ecda5b0dd2e74b28201ef7e6f05ff66
CLIENT_TRAFFIC_SECRET_0 59f25a303fdbda7dabea74aff9ff469d4e804e1696cfcbd004a3b9acf728626f 34c3b26d0a9108d116a837bbb4750fd486482032d88d0ce334ca5069605ae05c
SERVER_TRAFFIC_SECRET_0 59f25a303fdbda7dabea74aff9ff469d4e804e1696cfcbd004a3b9acf728626f 86d87569345d5c19b36d9b9a119b74161d9b9635e8b358aae89a8e6c8148f640
EXPORTER_SECRET 59f25a303fdbda7dabea74aff9ff469d4e804e1696cfcbd004a3b9acf728626f 2f4a9bf4efa1be73430045bd1d2c2489467309661e21d27242d9e73953b40590
CLIENT_HANDSHAKE_TRAFFIC_SECRET 02f45fca5715a0731eb7a477792f597c63fd58fecc0ba9e8ebb0977647c7acc8 0756996af78c0b4d9429f33ca65c81160a97662a9c7703f9e2652f0e61e9a177
SERVER_HANDSHAKE_TRAFFIC_SECRET 02f45fca5715a0731eb7a477792f597c63fd58fecc0ba9e8ebb0977647c7acc8 b453930f9ab5be7ad8a82d38f86d378161ba659ead8eefed0e42f6cad5cca23f
CLIENT_TRAFFIC_SECRET_0 02f45fca5715a0731eb7a477792f597c63fd58fecc0ba9e8ebb0977647c7acc8 ad3ba23bb8a4056a7d2bc7d474006e5d7d3910d5c886b8d5dbe8526ef9bd26c6
SERVER_TRAFFIC_SECRET_0 02f45fca5715a0731eb7a477792f597c63fd58fecc0ba9e8ebb0977647c7acc8 1eacfd94a19a81c76624aed46595c97c9a4fb9f1ab94bc2731535c3323dee89e
EXPORTER_SECRET 02f45fca5715a0731eb7a477792f597c63fd58fecc0ba9e8ebb0977647c7acc8 d7976c63bf4da827c3fced2c6dd7c2eef788512dde017671fef56ecf4d43fa65
CLIENT_HANDSHAKE_TRAFFIC_SECRET f73f0b52d08d6239458142308f4ff5a96a65cae473d1306e3bafb19f2b8b1497 4c608555f73768065d88168f31340cb211ff1fdf41c411ff4c8f1c7d132a122b
SERVER_HANDSHAKE_TRAFFIC_SECRET f73f0b52d08d6239458142308f4ff5a96a65cae473d1306e3bafb19f2b8b1497 81112b6b4f1124917d4871b4cd52af3723213e4e1b84de2f2bb718ba388480ef
CLIENT_TRAFFIC_SECRET_0 f73f0b52d08d6239458142308f4ff5a96a65cae473d1306e3bafb19f2b8b1497 0ac269e77bb3228b869cf6bd31b6d70b9a0c98155eb89431ee0cfc6450b3ac60
SERVER_TRAFFIC_SECRET_0 f73f0b52d08d6239458142308f4ff5a96a65cae473d1306e3bafb19f2b8b1497 863666090e2dda8fda9d5be0bb08bfe69230565a509d51a47122f6072e0d611a
EXPORTER_SECRET f73f0b52d08d6239458142308f4ff5a96a65cae473d1306e3bafb19f2b8b1497 8428a029d53fc25e45e88f49a4c69864110f3ee403c771b64e345de23595b9f2
CLIENT_HANDSHAKE_TRAFFIC_SECRET 3114ba414dd86862a6be42e8b939a4d8250a4cd077545ffd483fe52fec2f6ff0 44b5107c3a6f96c1bf1eb8fe2053f1b45f741fdfb6ea3c46b84290e28d6d2c4c
SERVER_HANDSHAKE_TRAFFIC_SECRET 3114ba414dd86862a6be42e8b939a4d8250a4cd077545ffd483fe52fec2f6ff0 40dbfeb271207604b4bd75d6e5baf7b2d754244c8c4fd66df806d22821a76f24
CLIENT_TRAFFIC_SECRET_0 3114ba414dd86862a6be42e8b939a4d8250a4cd077545ffd483fe52fec2f6ff0 6dafd9e8814cbd9b55b7f2a926df09a594f488ccce8d919c02fe1976c718c9df
SERVER_TRAFFIC_SECRET_0 3114ba414dd86862a6be42e8b939a4d8250a4cd077545ffd483fe52fec2f6ff0 03f03ea781b0569fb368d7c8bdd518f26073d9d714561628de9c70962fd5301f
EXPORTER_SECRET 3114ba414dd86862a6be42e8b939a4d8250a4cd077545ffd483fe52fec2f6ff0 034da35785629b578af603f63dc895a6b009f03041dc70c62a3e21c806eefa83
CLIENT_HANDSHAKE_TRAFFIC_SECRET aa247dae2f6a9a6cde6824756626659ac9d48b83ec4f08ee59e3a5f7a367c60f 67e5946f6fdbf10448bb28e4ddfd2a71e0d7a06cda26510f2f91a674c0f16c1d
SERVER_HANDSHAKE_TRAFFIC_SECRET aa247dae2f6a9a6cde6824756626659ac9d48b83ec4f08ee59e3a5f7a367c60f 266148b58ea8b0c0717a7c51f2c67108900b36de4f52a23f91cfe35f9d85b67d
CLIENT_HANDSHAKE_TRAFFIC_SECRET 8218e931391c50c9b8ae63600f9b18ef105062fe78221a11f6caa20205abf0f1 11c9664618b705b6399569ccd9f8db169354060cd62db00661580de83471e1f8
SERVER_HANDSHAKE_TRAFFIC_SECRET 8218e931391c50c9b8ae63600f9b18ef105062fe78221a11f6caa20205abf0f1 eb0e696def2e8a8493e010ef3aa0c93825b4476606e898c1530a62a82854c3a6
CLIENT_TRAFFIC_SECRET_0 8218e931391c50c9b8ae63600f9b18ef105062fe78221a11f6caa20205abf0f1 ecaaf00b94d9c89dbba0705e5583ed675378b3f13d4da2f4b0ad65f687343b05
SERVER_TRAFFIC_SECRET_0 8218e931391c50c9b8ae63600f9b18ef105062fe78221a11f6caa20205abf0f1 82094906678ad33e878b2f1fc609d9f5f9430a0c37ebe9fc907a40a9fc565de9
EXPORTER_SECRET 8218e931391c50c9b8ae63600f9b18ef105062fe78221a11f6caa20205abf0f1 1d14db74e73948e40c524bd71f3baa655123b870d3dc8af653a32d3079a40292
CLIENT_TRAFFIC_SECRET_0 aa247dae2f6a9a6cde6824756626659ac9d48b83ec4f08ee59e3a5f7a367c60f 594a607dde086f5014fe0621e0b36b83c51e8e6dc7d090912966968f6680c707
SERVER_TRAFFIC_SECRET_0 aa247dae2f6a9a6cde6824756626659ac9d48b83ec4f08ee59e3a5f7a367c60f 6c5098415d5827a2cde3080e28e9597070292c05c3768dbcb7e5c3fb36474ad2
EXPORTER_SECRET aa247dae2f6a9a6cde6824756626659ac9d48b83ec4f08ee59e3a5f7a367c60f aa9e2773f7c08f12b58b6e39744361a65539b46576815f241d9764826ae7463e
CLIENT_HANDSHAKE_TRAFFIC_SECRET e1e93a2b0f5948c71f278307ca5d4a564a7b7ca449752964930ba13b8eff7b17 c2386393c95267b70639c02dbe72e2124675172456dccd1d41a97bc0a40a85c3
SERVER_HANDSHAKE_TRAFFIC_SECRET e1e93a2b0f5948c71f278307ca5d4a564a7b7ca449752964930ba13b8eff7b17 e9c3c17da54d5f39031158f8236f080134765fa1532e09101e9e72d72807b080
CLIENT_TRAFFIC_SECRET_0 e1e93a2b0f5948c71f278307ca5d4a564a7b7ca449752964930ba13b8eff7b17 75014c0870ef35cc651ae8f7435b598a499d2f5ff088c8c8a89724e63f3fcf78
SERVER_TRAFFIC_SECRET_0 e1e93a2b0f5948c71f278307ca5d4a564a7b7ca449752964930ba13b8eff7b17 0e0f937bb1ceaa19375ee2e0b18143a0bdec559ebb156ba92774faa2d6dc66b4
EXPORTER_SECRET e1e93a2b0f5948c71f278307ca5d4a564a7b7ca449752964930ba13b8eff7b17 bcff4bed3d3d23b557ef56ac8b5ce210ecd34846b80d82c9a4590059ed7608a5
CLIENT_HANDSHAKE_TRAFFIC_SECRET cb69e693f83015edc6406a32a8a5bbcd3b188c928add16a0d2f472337b8888bb e4d09b1bbb30f6f486cf5dc55bb4840d800e21b146990ec0eb67e172df6bcdb8
SERVER_HANDSHAKE_TRAFFIC_SECRET cb69e693f83015edc6406a32a8a5bbcd3b188c928add16a0d2f472337b8888bb f0c9c9765d5854afe6890cf1f6cf77cf901210137765e59f99421085e1fb4460
CLIENT_TRAFFIC_SECRET_0 cb69e693f83015edc6406a32a8a5bbcd3b188c928add16a0d2f472337b8888bb 3a09ea3eeea483c52d670cd9e0a51bed7721aa7fd2a44f9c34c889e650d6600e
SERVER_TRAFFIC_SECRET_0 cb69e693f83015edc6406a32a8a5bbcd3b188c928add16a0d2f472337b8888bb 25bd6175ac0e2f615f372cd563161878818adc6fe3841b4a5e16bbdac1e258e3
EXPORTER_SECRET cb69e693f83015edc6406a32a8a5bbcd3b188c928add16a0d2f472337b8888bb e9e67690feda5fa017d336ffbbb64b545c14c8d81c899cd2a9526ecda7034857
CLIENT_HANDSHAKE_TRAFFIC_SECRET 3fbb374ff64b9285f92e4605a6428ded986ce82c64aef9a20c9497f51735eff1 04f50f04ebcefbfafb3457b604541e68526453d779772589e888cfeeacab5222
SERVER_HANDSHAKE_TRAFFIC_SECRET 3fbb374ff64b9285f92e4605a6428ded986ce82c64aef9a20c9497f51735eff1 1d031cc4085944b8ac424a904562255d482edbfebc018c8c35ae68cb36a53248
CLIENT_TRAFFIC_SECRET_0 3fbb374ff64b9285f92e4605a6428ded986ce82c64aef9a20c9497f51735eff1 6a48a4d03dca4618276ce206799d23a6de0f18a4ad053d4a2ceaaf63505a9161
SERVER_TRAFFIC_SECRET_0 3fbb374ff64b9285f92e4605a6428ded986ce82c64aef9a20c9497f51735eff1 f0bd409b5076fec6cb73b15519a2a37e1625f34a4bdd639e1d8d47fa1b6f69f9
EXPORTER_SECRET 3fbb374ff64b9285f92e4605a6428ded986ce82c64aef9a20c9497f51735eff1 6039ab0162e97303c5ea8bff69a138dd22d9cc6fa22520b8e0d15d9db10b15ad
CLIENT_HANDSHAKE_TRAFFIC_SECRET 7e98df2171f271e54f71e60de175adda88b4fd3cd974482b861f156e6c45b765 79050fd6ab3e05f8d6d770c2a67a74c68843f7500a501346b277cede9c5ee7c9
SERVER_HANDSHAKE_TRAFFIC_SECRET 7e98df2171f271e54f71e60de175adda88b4fd3cd974482b861f156e6c45b765 93f904a67661802982ef8c15fe590924dd643864eb390f3577d28678ab4d0f05
CLIENT_TRAFFIC_SECRET_0 7e98df2171f271e54f71e60de175adda88b4fd3cd974482b861f156e6c45b765 f7dde1b584738e43272c79fd4981cd13f111c2c327f32229ab4efbe6ddd8576f
SERVER_TRAFFIC_SECRET_0 7e98df2171f271e54f71e60de175adda88b4fd3cd974482b861f156e6c45b765 fac1129c9ea9e59a53fa8a5d6bf046b7bcfb56329086100b129b2cc0953de2c0
EXPORTER_SECRET 7e98df2171f271e54f71e60de175adda88b4fd3cd974482b861f156e6c45b765 bf46ecfb946adfe94d6d8ae744d151752a6da599e408417484f14f5710c66681
