CLIENT_HANDSHAKE_TRAFFIC_SECRET 6f6dd0daf85d60415ddeaa891973c1b534f92eb0d10b4002b6273ab9ec705a59 d5181caa1708fb6f73ec525cff130a4a4a0513874d8546e16c02cfc92fd755ab
SERVER_HANDSHAKE_TRAFFIC_SECRET 6f6dd0daf85d60415ddeaa891973c1b534f92eb0d10b4002b6273ab9ec705a59 fed3a1126455c14174939b12434658de34e9a7d31091f19356c14293c73e0391
CLIENT_TRAFFIC_SECRET_0 6f6dd0daf85d60415ddeaa891973c1b534f92eb0d10b4002b6273ab9ec705a59 6b312fcf6a74e20974a537799a8194e6fa1950542a3a2a89aeb72f056fb060e2
SERVER_TRAFFIC_SECRET_0 6f6dd0daf85d60415ddeaa891973c1b534f92eb0d10b4002b6273ab9ec705a59 5ae974564550107e1abc25f490abb911b012f946b647c384558904c1cf264e4a
EXPORTER_SECRET 6f6dd0daf85d60415ddeaa891973c1b534f92eb0d10b4002b6273ab9ec705a59 f45e3efbc5e7e8bf9c3884aedbb995c200e1775df6d96608bea4eaa2cfca2d04
CLIENT_HANDSHAKE_TRAFFIC_SECRET 70e5e1ebd41d8550d2d39ebe02a89d282635a255e2f27dd897fcd857a073d13a 9c22878c47bfa1bdcbb1e29b5bfd733111c790df8b49f5e449f65a7c1b0a2adf
SERVER_HANDSHAKE_TRAFFIC_SECRET 70e5e1ebd41d8550d2d39ebe02a89d282635a255e2f27dd897fcd857a073d13a beed5f29a9124fc7613d46c5691daa9feb5d38f4518bd9f50bf61dce929588be
CLIENT_TRAFFIC_SECRET_0 70e5e1ebd41d8550d2d39ebe02a89d282635a255e2f27dd897fcd857a073d13a cb0310610ddc56557116ef2300eef511ad2db7efb7978ded8c530719bd185a91
SERVER_TRAFFIC_SECRET_0 70e5e1ebd41d8550d2d39ebe02a89d282635a255e2f27dd897fcd857a073d13a 89e532724a20f076fb92019c9926f37424a82cfd624406532fcb4fc4cc84f95c
EXPORTER_SECRET 70e5e1ebd41d8550d2d39ebe02a89d282635a255e2f27dd897fcd857a073d13a 1c2b93b410682ec1bd986bdb44114b253f6740d1c82092c727e2612ada4d4418
CLIENT_HANDSHAKE_TRAFFIC_SECRET b97e76b3b268351026c4cb95802859b05f78ad971a3230625adec6bd8322a40e b76448e121383d077ccb0cef6970f9ec2c0877d685c94d59efc3e345a3e75308
SERVER_HANDSHAKE_TRAFFIC_SECRET b97e76b3b268351026c4cb95802859b05f78ad971a3230625adec6bd8322a40e b9bf551922d35c09b495c5c8afc58d31b187b74134942a5bd18800139d447b3d
CLIENT_TRAFFIC_SECRET_0 b97e76b3b268351026c4cb95802859b05f78ad971a3230625adec6bd8322a40e a498939697a980b34916b77787f48b152c4200fcd08a750394ae58f240936c31
SERVER_TRAFFIC_SECRET_0 b97e76b3b268351026c4cb95802859b05f78ad971a3230625adec6bd8322a40e 4659a1e5896af4145a63382e706476703e7f70c5bbb57cc9d2a6d0dce17035da
EXPORTER_SECRET b97e76b3b268351026c4cb95802859b05f78ad971a3230625adec6bd8322a40e a74bfa22acaf7b146bcd4415115a19c88f2d6fc9e42756a918a815dd9f3db184
CLIENT_HANDSHAKE_TRAFFIC_SECRET ab6abb1ea0410af0a2d67e2809be3041de8626650007c5de2b74839d2d626a11 c276e71247dbc82e93e62ac87596512d6826105ebdcf39ef61108a2db8c87010
SERVER_HANDSHAKE_TRAFFIC_SECRET ab6abb1ea0410af0a2d67e2809be3041de8626650007c5de2b74839d2d626a11 5cd47f74930fa8223a67700cdc558d3b5eb3d6c0c8578df3d68be957da9b9b78
CLIENT_TRAFFIC_SECRET_0 ab6abb1ea0410af0a2d67e2809be3041de8626650007c5de2b74839d2d626a11 335c7a7e7983ae4656998ab890bd4617adfdd6dbd02f5e4aee8534150b7597ad
SERVER_TRAFFIC_SECRET_0 ab6abb1ea0410af0a2d67e2809be3041de8626650007c5de2b74839d2d626a11 e24d66e7e7cda4bca4bb44b9db115706a62de2895faf4ee4fed45ec91326882e
EXPORTER_SECRET ab6abb1ea0410af0a2d67e2809be3041de8626650007c5de2b74839d2d626a11 7339c803edbb226d7ae142c6d81fb1143c38dcceee4ead98b23b904c2aa8f7a6
CLIENT_HANDSHAKE_TRAFFIC_SECRET adb74374c3922b040a888fc7d1655c9ea677c8feb9808deb69ee3eaa974019cf 756354424bef8473b1b8cbbf861b1449708458df5c5d93d0114fcef2a77fbedb
SERVER_HANDSHAKE_TRAFFIC_SECRET adb74374c3922b040a888fc7d1655c9ea677c8feb9808deb69ee3eaa974019cf a28a702fbf1388610ccd7a2d973cec58a527dd44fc2f16a81dba2c88aeb820d4
CLIENT_TRAFFIC_SECRET_0 adb74374c3922b040a888fc7d1655c9ea677c8feb9808deb69ee3eaa974019cf 4f8c3396b0e1ff49a0df0f0a54452f748d747a56a8649cbb0671746d76ffa45a
SERVER_TRAFFIC_SECRET_0 adb74374c3922b040a888fc7d1655c9ea677c8feb9808deb69ee3eaa974019cf e85aa5378c891f3f895ed22988fcc7564449ab4d80b7f7be6accf40c2f7e4497
EXPORTER_SECRET adb74374c3922b040a888fc7d1655c9ea677c8feb9808deb69ee3eaa974019cf aa6b0f427a2ef8882a8edad338424deed0217283f62275940ee89fac98cf3b63
CLIENT_HANDSHAKE_TRAFFIC_SECRET 21a2907eaaf8a542270c032f3754732b2050e4c2883992554bd2146ffe343eac 26db3ff89ad17346182f04a7adda3daa2c1c73b347601030c3f8366cb4e33965350ee11f2075929ac22d4dc0fd33309f
SERVER_HANDSHAKE_TRAFFIC_SECRET 21a2907eaaf8a542270c032f3754732b2050e4c2883992554bd2146ffe343eac 5e5d8bad1495235b22a21f40ff77d9f6102e6601a9ea90a01c5907edbfcdabb8c49f52c49571e29e26494b60aa557b6b
CLIENT_TRAFFIC_SECRET_0 21a2907eaaf8a542270c032f3754732b2050e4c2883992554bd2146ffe343eac 279f3b9b80a78d6942763389182c36dcdc6245d59f1c62325befdae65855770a1b8c8aee2a6c4e34176e908d2b4c73c2
SERVER_TRAFFIC_SECRET_0 21a2907eaaf8a542270c032f3754732b2050e4c2883992554bd2146ffe343eac b1b00a746d9563cc61ef1112bffc80e539771ebf91b02ab87e76a3f2bf1a24b88be31c4357300c20bbb2130a4d62ec39
EXPORTER_SECRET 21a2907eaaf8a542270c032f3754732b2050e4c2883992554bd2146ffe343eac 0286c98fda81539bc0addc1d1f15c0b4d42ba2fc6653f9ca118bbe8879b1bf82495718949c3c7c5958754c81c7c8f201
CLIENT_HANDSHAKE_TRAFFIC_SECRET 189a1811e86ce457206579a689851789e92fa6c942f112f61b5563855ed4d28d b9dd9f0e5fca27ad8a134bdcb9d590f7b4bd455fd9d077f05f7f1ea8995766a2
SERVER_HANDSHAKE_TRAFFIC_SECRET 189a1811e86ce457206579a689851789e92fa6c942f112f61b5563855ed4d28d c9083b2fa68ec46b7fa1745ac5d13d1fff66740965ba312bfbec83cbbedcdcbc
CLIENT_TRAFFIC_SECRET_0 189a1811e86ce457206579a689851789e92fa6c942f112f61b5563855ed4d28d d817bcd17d57a158f2e23cbecd39c92d905b04e4c0b0a9bdff4ab0134f0c83e2
SERVER_TRAFFIC_SECRET_0 189a1811e86ce457206579a689851789e92fa6c942f112f61b5563855ed4d28d a63439a89d95392ffab0263f31f6a6a483072a777a33a37d81974906ba18208f
EXPORTER_SECRET 189a1811e86ce457206579a689851789e92fa6c942f112f61b5563855ed4d28d 4afae72f320f55e01a8c92fc5343bc186568221b5aabe118dc7f9a49f6d1902a
CLIENT_HANDSHAKE_TRAFFIC_SECRET ff921b4c89c65fe9f02b2bfc81ded1f9d164552ee41f59ba61bde9ac598e9e6e b9e6318cce6c06e5a493ff79e1c4565af45c0b9c172ca12f3db484a6e05d2bc4
SERVER_HANDSHAKE_TRAFFIC_SECRET ff921b4c89c65fe9f02b2bfc81ded1f9d164552ee41f59ba61bde9ac598e9e6e e770ade573c5e1b38e1934506af901dea87c8d260d0e37e91b37207bab1ee4b6
CLIENT_TRAFFIC_SECRET_0 ff921b4c89c65fe9f02b2bfc81ded1f9d164552ee41f59ba61bde9ac598e9e6e e366de739c00b06fde0b2edcd2dd1635790c2c71c8d63e82bd27f72abd610662
SERVER_TRAFFIC_SECRET_0 ff921b4c89c65fe9f02b2bfc81ded1f9d164552ee41f59ba61bde9ac598e9e6e a08da6f1baf79d0fbb805c48814b2a0289aad3ac96c70f62066c2429394a025f
EXPORTER_SECRET ff921b4c89c65fe9f02b2bfc81ded1f9d164552ee41f59ba61bde9ac598e9e6e baad8986d133f75cc96e97f7d75e638e4c67f0cd70a7037b4f52733b1419a3f5
CLIENT_HANDSHAKE_TRAFFIC_SECRET 1ce75a70ad24608048da5d117ca1240dd97c6c84051ec5fc722ad3166b218881 99e14cf6ef0e8add2423d7c27d3a9b04528dba315c2e9f3b81cd5af34eec80ed
SERVER_HANDSHAKE_TRAFFIC_SECRET 1ce75a70ad24608048da5d117ca1240dd97c6c84051ec5fc722ad3166b218881 5521f83bc308181ba2e7473fcabc08e02d77179be7f82d2e9e74a44b2d516ddf
CLIENT_TRAFFIC_SECRET_0 1ce75a70ad24608048da5d117ca1240dd97c6c84051ec5fc722ad3166b218881 78fbf46cdb64364e6557a41f459827803f78d38d10a6fc064eb05314c10438de
SERVER_TRAFFIC_SECRET_0 1ce75a70ad24608048da5d117ca1240dd97c6c84051ec5fc722ad3166b218881 6ff497544f63928062b813aae20954ceda973365d78fca69f2f39c18e8ce9f58
EXPORTER_SECRET 1ce75a70ad24608048da5d117ca1240dd97c6c84051ec5fc722ad3166b218881 b81612b2136942079ab8155507fb45081679c1bb0235d6e5ddd372b9bafc55fd
CLIENT_RANDOM 38544643b63ab78fc36cb530043a03c12bdadd4bb22e28cbd65965b054c794b6 bf009abbb4573b1628d341f91fc5ebafdbc3127350c292820a8e48c4f7bcd566346cdfbb5c69d3594ab487c647f5e082
CLIENT_HANDSHAKE_TRAFFIC_SECRET 970b15092d1d6590ac07caef3152d2d999c84c112f3a016f7ec3c7d2594024ee 08aed349bfd6d818416c89cd63372da01efbecf916609e6ee83709b4e9d074c27d1c32a4b01c77250aaf28c18367b096
SERVER_HANDSHAKE_TRAFFIC_SECRET 970b15092d1d6590ac07caef3152d2d999c84c112f3a016f7ec3c7d2594024ee af937bd447e4fbbbed912accf4043f6a278deaa29d843d2a3831bbdf6be773cf571093208b9c7332e485687c695ee5b9
CLIENT_TRAFFIC_SECRET_0 970b15092d1d6590ac07caef3152d2d999c84c112f3a016f7ec3c7d2594024ee 64a8fbe49ab412ee96f7fe3347921ee5e5e2c769432f151a8a307fa9bd3ceee7a020f6944b82dd177093a22c4605d105
SERVER_TRAFFIC_SECRET_0 970b15092d1d6590ac07caef3152d2d999c84c112f3a016f7ec3c7d2594024ee 5e09c8027c553717687f1e1d5b045cc605e4f979cd5fa0e293f3d1b2c9f926cbd48955448542c293b757c6fe5f7d106f
EXPORTER_SECRET 970b15092d1d6590ac07caef3152d2d999c84c112f3a016f7ec3c7d2594024ee fed0737f8012f9c1c57c5990841aa4368059ef8c7e1502cf7c5d720bf05aa03849bad1d0be4e46bab95b26a2b1af4689
CLIENT_HANDSHAKE_TRAFFIC_SECRET 8861f9d5db56cadc2a382c9e155912ca7167f151a7d9ad18447b476919e17724 0ff136ceb625f52829fed3fc1c3681d51037425173207de39e57349568751f7534e754f6c7f95c17fb3fd373831cbec2
SERVER_HANDSHAKE_TRAFFIC_SECRET 8861f9d5db56cadc2a382c9e155912ca7167f151a7d9ad18447b476919e17724 a843338d6482d9650905428823da36a92c4deb531a8eb84b7e7f43a0a353427a121e308dafe58b9e7d56c68f35ce91e8
CLIENT_TRAFFIC_SECRET_0 8861f9d5db56cadc2a382c9e155912ca7167f151a7d9ad18447b476919e17724 f2bdfb8bea2fa25cef437a9ba84198a50149081d44eefbe1b297d8865126f791876415e1cbf7dec734ffda213d08876f
SERVER_TRAFFIC_SECRET_0 8861f9d5db56cadc2a382c9e155912ca7167f151a7d9ad18447b476919e17724 a25edc30bdb17d82b3e96cc17377934a34a104ebe7e0a850ebf932897c72c63cd9e73b41300a2845395beb97ca1c14aa
EXPORTER_SECRET 8861f9d5db56cadc2a382c9e155912ca7167f151a7d9ad18447b476919e17724 8c6f8fe552cb8d07ebcafb90870f668ccf796ede23701583096fbae2bb5a9b23ff95e823d3c9f1b5d1f8747992e92ace
CLIENT_HANDSHAKE_TRAFFIC_SECRET 17a94ea51b75101db7e37e1c6aeaad4327ac89eab0a9fec931009e6b33f2eb14 f4effaca8c15a452619dd39b5f8375f5a367c75046901434ca1d82b2e32c99bb
SERVER_HANDSHAKE_TRAFFIC_SECRET 17a94ea51b75101db7e37e1c6aeaad4327ac89eab0a9fec931009e6b33f2eb14 8c7bd2924c824fa6e33cdb7b08a75988a9b10adb528a391888dd169749b5b125
CLIENT_TRAFFIC_SECRET_0 17a94ea51b75101db7e37e1c6aeaad4327ac89eab0a9fec931009e6b33f2eb14 392c36fde5e2d10417940457bc3d3259d5527d754ceb9bc188701595fd5af74c
SERVER_TRAFFIC_SECRET_0 17a94ea51b75101db7e37e1c6aeaad4327ac89eab0a9fec931009e6b33f2eb14 58d8e06cd15894481adfdcfaa9bbd6120ee239a02766fb0cf6332634444699d6
EXPORTER_SECRET 17a94ea51b75101db7e37e1c6aeaad4327ac89eab0a9fec931009e6b33f2eb14 b1970d81d94d889f05fde7c472030e8643d95523c5b0ed5951854ec8d9b35290
CLIENT_HANDSHAKE_TRAFFIC_SECRET 4df77b2f5ce93546a30570f600e2ea52cf95d3a3350a0eea6722ab99ad323c40 7c713a3063e1467acf06cca10bf434a428f71b9cb8fc41caeb30e4bc2fc8d6ae3554a72f1bd847af5007be767ee69507
SERVER_HANDSHAKE_TRAFFIC_SECRET 4df77b2f5ce93546a30570f600e2ea52cf95d3a3350a0eea6722ab99ad323c40 e58e5e83ecc5813a5cfdd516699c1b9f11d419cf27459abe83e2689475e745f164b2202392f81f07009aae9a8005a6f2
CLIENT_HANDSHAKE_TRAFFIC_SECRET 9aa785497c13fd383d3bcdcf3f51d8cd75270fa29caea66ef62dce590c20e4f9 7c9e30cf45d3facb3143142682a1b01d3789301f6a5fd23d73c63081e434cc82a19105a92cc4fc7a9fb0f2df5d6d5c3f
SERVER_HANDSHAKE_TRAFFIC_SECRET 9aa785497c13fd383d3bcdcf3f51d8cd75270fa29caea66ef62dce590c20e4f9 f3a3608a3f7349a7e6b680f5b303acc6fbadbeaceddb5d1bb647c607b20feab5d74883789d78a9c0abafbcd61b8af288
CLIENT_TRAFFIC_SECRET_0 9aa785497c13fd383d3bcdcf3f51d8cd75270fa29caea66ef62dce590c20e4f9 76fee2d9c09eaf2e08c2dce3e97b3daef7ebcad2b853baf11311294e49295d12cb922c3977d83c3dcff590f24c1fc230
SERVER_TRAFFIC_SECRET_0 9aa785497c13fd383d3bcdcf3f51d8cd75270fa29caea66ef62dce590c20e4f9 4464b0aeeb0aeb33dd2c589f9d08631b25fa88613ac0f522d308cda92bed2530c3b3e0c5dd553253a976f6b4f21dbff5
EXPORTER_SECRET 9aa785497c13fd383d3bcdcf3f51d8cd75270fa29caea66ef62dce590c20e4f9 a780ded0651fee9eab589ca7d6c594f13c964197d17c03aa17b87ea1f3b5891ce0a94ca99e94f04ad2d43023e0899db2
CLIENT_TRAFFIC_SECRET_0 4df77b2f5ce93546a30570f600e2ea52cf95d3a3350a0eea6722ab99ad323c40 c0e40a5fe801ed2342f7ab5f1e04e8180bd9cb510674352d55d7865653a4c654fb2ec11f289ef845f3f198139509070e
SERVER_TRAFFIC_SECRET_0 4df77b2f5ce93546a30570f600e2ea52cf95d3a3350a0eea6722ab99ad323c40 5f5c8f60ccfeccfc21468ab7154a5e45e095c8e078d2d22a5e98a6380527a680bd1feb613ba06d9bc1667cd47c09d2f0
EXPORTER_SECRET 4df77b2f5ce93546a30570f600e2ea52cf95d3a3350a0eea6722ab99ad323c40 01f5a66cfc470c5c09bff4fe28b739fb5d969ebce870490e8695dbaeb289e3cad25e27fd8e170690f5573741cbe83a7c
CLIENT_RANDOM b0981d8d8f67d3fb31e53b466d1da93a1449ac94f7903a35c52dc39c9f4ac1c4 988a9070e8e82cc3178a0f268353dc8c9aefe398b3847a7750bd0769bd3f3fdbbcf408d8a65d90ac12a371574f1e0d3b
