CLIENT_HANDSHAKE_TRAFFIC_SECRET abc5fb2f00b8b429403fae493387f087421b8e5e559b4ad2c5f11e156145edf1 c7ea289af58117997625709a89fdd91e41c2a5e92ad833dd1362561f162c8f3e706c3216e27026e82c64ed052ffad683
SERVER_HANDSHAKE_TRAFFIC_SECRET abc5fb2f00b8b429403fae493387f087421b8e5e559b4ad2c5f11e156145edf1 4c0279026f93069a8eadabf0429524fce9b8f4a82478a48c55c0252dc9b6a43a1ecaad7802513d723c0b96387ab25670
CLIENT_TRAFFIC_SECRET_0 abc5fb2f00b8b429403fae493387f087421b8e5e559b4ad2c5f11e156145edf1 ed0c18dbd2e50f33226b254d119cacf7e20587fb0de865227c8f19909a6b95c9d70a506fc4176e13aae4bb73b30187e4
SERVER_TRAFFIC_SECRET_0 abc5fb2f00b8b429403fae493387f087421b8e5e559b4ad2c5f11e156145edf1 ac6be6c049cd4593dabb1908a1a89d9e2bef3e42186c66c3158c2392b3bb9697af8a8b479ef0c5623f1e4facf943f20d
EXPORTER_SECRET abc5fb2f00b8b429403fae493387f087421b8e5e559b4ad2c5f11e156145edf1 fe7ebdf18e9ace1035bcca177528b698287b1725b2d3a8ac0175727b7bbf2570ba0b8d63c6ae8d62e517d8479d860a27
CLIENT_HANDSHAKE_TRAFFIC_SECRET 1986df72a3919a49e12bd780f8c910c735bec5fd7f32d0261f4c1a7756fcbbc9 d29c29f69eabc9745a5a5fe0cbbaa214278454c7526b281cf8615f304a552a1cfbce9a6e138afae2aed5769eb393a901
SERVER_HANDSHAKE_TRAFFIC_SECRET 1986df72a3919a49e12bd780f8c910c735bec5fd7f32d0261f4c1a7756fcbbc9 d8e66d8372eb4d243b7b4976a2e616e4f3237002b7c5893d0fd4b5bbeb84a2a1fa0ae749eed170ba7341f69e0920c5bb
CLIENT_TRAFFIC_SECRET_0 1986df72a3919a49e12bd780f8c910c735bec5fd7f32d0261f4c1a7756fcbbc9 2a9142887a81146e6bf907c3e4b197d5acc4564c17422777c12fd69c4afeaf6c1d11eb14206bc6df87f0b7dd31a5c297
SERVER_TRAFFIC_SECRET_0 1986df72a3919a49e12bd780f8c910c735bec5fd7f32d0261f4c1a7756fcbbc9 2ea32d7170094dca8438d5939277f96ffb71e503c39038f50e8f67983abe36ad6a852076b4f51e2d79a98a87ed60cd2b
EXPORTER_SECRET 1986df72a3919a49e12bd780f8c910c735bec5fd7f32d0261f4c1a7756fcbbc9 bd29e17dc4c31387be02a3528bb5f8fd7154c3079e778712a8165e1fda54d65a6a72492f0d2765e99df5aea6bc9cd4ee
CLIENT_HANDSHAKE_TRAFFIC_SECRET 7fa69740b87b621c547f572a4232672a7623dd99e36dd9a975409c265591f7b3 eb3a09f804b59ac6d82c8ddaafcd5511b5aaf72e953ec538ceeb10f6f2d041ea
SERVER_HANDSHAKE_TRAFFIC_SECRET 7fa69740b87b621c547f572a4232672a7623dd99e36dd9a975409c265591f7b3 823e47bc00c5f7e41d16366c514b47af694e41567400501ac1d0453ad1d9fa47
CLIENT_TRAFFIC_SECRET_0 7fa69740b87b621c547f572a4232672a7623dd99e36dd9a975409c265591f7b3 f9256c7975366b6649b2188cd0ace5aeb72474bb23d398f8998c2adc6f4aba77
SERVER_TRAFFIC_SECRET_0 7fa69740b87b621c547f572a4232672a7623dd99e36dd9a975409c265591f7b3 e62be99cf4606c6fd7a975eeaff3d551e007db8b9357051f223db4fd41b498e8
EXPORTER_SECRET 7fa69740b87b621c547f572a4232672a7623dd99e36dd9a975409c265591f7b3 17c12511547a55dcf9e3d33297b20b0d8efb5cc038db3121ddfa8cc79843ba28
CLIENT_HANDSHAKE_TRAFFIC_SECRET 1774e922d1b973eed2fdbfdc665c8520d218c0d508c51c7fd9f237f6373a6d7a 8cb85f4ff7d3376f93076b595e441ec8edd65220901f64716655e2cb34b34a4f
SERVER_HANDSHAKE_TRAFFIC_SECRET 1774e922d1b973eed2fdbfdc665c8520d218c0d508c51c7fd9f237f6373a6d7a 22406d7cd08ad057e8e9d24ef5e17a95c2f523ce9e8b027cc11df3597fdac2a8
CLIENT_RANDOM d1590eb6c83d301461cd181a391670bbb5ceacaab58c80976f60a7fe33ef9e1f 4c816e0446a412414b5fb329dbd0a808b746c1e72d164abe0972e4668bf041b524c8fad51b02ef7788bfd493b07a28dc
CLIENT_TRAFFIC_SECRET_0 1774e922d1b973eed2fdbfdc665c8520d218c0d508c51c7fd9f237f6373a6d7a 1af6d55a829ee47af92d88eb8e6cf38125895e13830411c302ab527f0d007581
SERVER_TRAFFIC_SECRET_0 1774e922d1b973eed2fdbfdc665c8520d218c0d508c51c7fd9f237f6373a6d7a b76ce862d120581a78022cbe191324f3d32e57c571e3642926911f07849bc3fb
EXPORTER_SECRET 1774e922d1b973eed2fdbfdc665c8520d218c0d508c51c7fd9f237f6373a6d7a 7a978d65d1d8166fcd0bae139e2d35b3bf957353f008dda03a7b2e48bcfc4500
CLIENT_HANDSHAKE_TRAFFIC_SECRET 8bd9174ec9a0c9612c2c60304bfb8ba4835cd00dbc05bb376216c65047f5d192 1c2e98af4bec641b7f69849576bf4f877a61dd739713aef39f23957799fd8e8c
SERVER_HANDSHAKE_TRAFFIC_SECRET 8bd9174ec9a0c9612c2c60304bfb8ba4835cd00dbc05bb376216c65047f5d192 d5607c0765ac9e2db64555d297bcda2797a6b50ef9e8aa34136ed32f88e5ab20
CLIENT_TRAFFIC_SECRET_0 8bd9174ec9a0c9612c2c60304bfb8ba4835cd00dbc05bb376216c65047f5d192 d0b9e935cb70502d0ea3e4c80aea3e2b3c80153675fd56d17f3692f1aa72b5e1
SERVER_TRAFFIC_SECRET_0 8bd9174ec9a0c9612c2c60304bfb8ba4835cd00dbc05bb376216c65047f5d192 7042ee40166f32b373d976d20d47dff59d64332895474fd2e9534abdcdf6c49a
EXPORTER_SECRET 8bd9174ec9a0c9612c2c60304bfb8ba4835cd00dbc05bb376216c65047f5d192 a3bb34a5bc3da7aa63ae0cd0d504a7bc6756d951ea3f0310278bf543ba31aea5
CLIENT_HANDSHAKE_TRAFFIC_SECRET 99607ee05b03c3d1264d481c6da4f34c79956e3f7433693f3073c7670c723e29 30033f2fe61a25661294558425a8223e34671eafd4b26db155481bb7fe7a8135
SERVER_HANDSHAKE_TRAFFIC_SECRET 99607ee05b03c3d1264d481c6da4f34c79956e3f7433693f3073c7670c723e29 d2d67d4932a088aa2d07368ca0ff825f774b723e119a5bd8183051e63e94a75b
CLIENT_TRAFFIC_SECRET_0 99607ee05b03c3d1264d481c6da4f34c79956e3f7433693f3073c7670c723e29 30013a6f539cca2ff26bcec3895c21f82ebd0ddbff572199adcc715db7115799
SERVER_TRAFFIC_SECRET_0 99607ee05b03c3d1264d481c6da4f34c79956e3f7433693f3073c7670c723e29 e5b5f4fa1b65f85cb4eef5cb05b7eaee750cd7d6a4e2eff023199859912fdc33
EXPORTER_SECRET 99607ee05b03c3d1264d481c6da4f34c79956e3f7433693f3073c7670c723e29 04c66ead1ab1942507c1829c6d6b7dfd9bb940e912094a0be97eb27075fdc34e
CLIENT_HANDSHAKE_TRAFFIC_SECRET 46e25759420f92a7ef5b73f1c5917880843254b1c4487051ad7f3da2d18e8667 a5f8ecb09cd890769a9660b7b86051d3966cb2e43ec482f6ebccdf7bbda1eb8b248e9de8083cb4246da02e9d1e777064
SERVER_HANDSHAKE_TRAFFIC_SECRET 46e25759420f92a7ef5b73f1c5917880843254b1c4487051ad7f3da2d18e8667 f25a6ef27fa6ada464858b29677aae0024b1fc958c39cf1c70ade05f30f28118b99b4b5bb6c425f9aecab99d4f6a6998
CLIENT_TRAFFIC_SECRET_0 46e25759420f92a7ef5b73f1c5917880843254b1c4487051ad7f3da2d18e8667 2672ad35f0761a58babd43038b31aaad94e23219a562a5eef09c77c1eb97766c7334563a33c52f9d49915c7ff4fc4fca
SERVER_TRAFFIC_SECRET_0 46e25759420f92a7ef5b73f1c5917880843254b1c4487051ad7f3da2d18e8667 64cc98f18d2b7f6bebac6e5168eef45f4f8080fda7efb9077218485fac544a15333c059b18f921e3bb86f59d60e4d0ba
EXPORTER_SECRET 46e25759420f92a7ef5b73f1c5917880843254b1c4487051ad7f3da2d18e8667 10291587ae2235afdbc5aa6b0d518a330fadb18d96ecf7691f1df60f59c11d2d5907b0b17d90d9622880119c1b0e45af
CLIENT_HANDSHAKE_TRAFFIC_SECRET 947cbff955e5830e8c59146d396afdd4ed221d0a8808f569a455977974e523b9 e8b354065fcca06695b06d322c317fd9184f424763b2a5748fc235a7fa2792f2a6e7e9eae30bbd87c1ce1f273e21d734
SERVER_HANDSHAKE_TRAFFIC_SECRET 947cbff955e5830e8c59146d396afdd4ed221d0a8808f569a455977974e523b9 67538b3f776dde65742986750d61e52d9adc0da7506d8c38b454d13e7a93f4d6c1fdd37bf7294d90ef5ce5653c67e44b
CLIENT_TRAFFIC_SECRET_0 947cbff955e5830e8c59146d396afdd4ed221d0a8808f569a455977974e523b9 6fc88aa9a9c3d174f3a7d4045a7d7685033354d7694d1732420a84d1a3a01da8c9d6e69738b0146a920e8edc06053744
SERVER_TRAFFIC_SECRET_0 947cbff955e5830e8c59146d396afdd4ed221d0a8808f569a455977974e523b9 81dbea809d0dcec0f41374ecb58738a08861657809a277341e96bd8f6b014dbe3f069da6dcc60a08d642a2d275465c22
EXPORTER_SECRET 947cbff955e5830e8c59146d396afdd4ed221d0a8808f569a455977974e523b9 8eec7ffda9d6e8b60b0d54025b04338f4256219f0b7741d7680bfc89455d34ada88d363c9d6918ca433a05a773a4a357
CLIENT_RANDOM c36ac2a7292ba05e2d4ab00a1b2544a84e19fbf250219d265a4440470b3f548e c975fa5779c62906b12a38e935824c0a58111c7588465be75e9e6bff0eb5c8dd63958c90e3763c1f27567e29f3474287
CLIENT_RANDOM a7e736ad8c52d796a54513fb15665752283373cb6c41e4737fc1e72aa60cb86b 728e2a733d22d1125e2acf2dffc853c1e73dde1ea9ea15b1aec530c5aad2201406e8e4429d6f211eed9aafea2e4656b3
CLIENT_HANDSHAKE_TRAFFIC_SECRET f2322d2c4e93911b56c5ab94b3e451cd975741f439eaf62ddf92c8bf2adfc01d 46743146d0166d4b282c45d8b99ed7e8cfd5b44a6b9ef50661d4bab3f84bf726
SERVER_HANDSHAKE_TRAFFIC_SECRET f2322d2c4e93911b56c5ab94b3e451cd975741f439eaf62ddf92c8bf2adfc01d 0ca4fe68b1614c9660c123181d91fd055c6d88bee6c784abde2177b6e02ca164
CLIENT_TRAFFIC_SECRET_0 f2322d2c4e93911b56c5ab94b3e451cd975741f439eaf62ddf92c8bf2adfc01d fcafae77771d4f97021a29de5b5993cf5ef768f1b25d0bc5b7adc9a065ab970f
SERVER_TRAFFIC_SECRET_0 f2322d2c4e93911b56c5ab94b3e451cd975741f439eaf62ddf92c8bf2adfc01d f382fc6f13385a324d3d536d5109c11fe1d304e1a4d746fcf50775fe5df14b60
EXPORTER_SECRET f2322d2c4e93911b56c5ab94b3e451cd975741f439eaf62ddf92c8bf2adfc01d e84954139a065734bfced4577374ca2e0a30a34f63af6fbce1acac8fa4ab1def
CLIENT_HANDSHAKE_TRAFFIC_SECRET ac01f353cb56712eb5464961a2f582324f918151bbc48c1b91bb028af351c70c 2fc927c683dc092aade527bb1b745563ae872898bb0bc4b381d803f35bc9146d
SERVER_HANDSHAKE_TRAFFIC_SECRET ac01f353cb56712eb5464961a2f582324f918151bbc48c1b91bb028af351c70c 9e5e7bb1734632dd5299b89d1abcd1ca092b4d404ca7e07b8c310bbc8e2ad7b9
CLIENT_TRAFFIC_SECRET_0 ac01f353cb56712eb5464961a2f582324f918151bbc48c1b91bb028af351c70c 78964de5663bfd76b0f07280dbe96bb202e185b854b2c819717b0749902218b3
SERVER_TRAFFIC_SECRET_0 ac01f353cb56712eb5464961a2f582324f918151bbc48c1b91bb028af351c70c 3f4e1909a28cca383d3677ee95babdccd39c3f829ab4766c94409f5213dc55ec
EXPORTER_SECRET ac01f353cb56712eb5464961a2f582324f918151bbc48c1b91bb028af351c70c d29f21de728141eaef85a4725c64cf970f131c58a0764c75c7238ef7d839aff9
CLIENT_RANDOM 9e8bbf255d145f48fe604aa3a73d8826662ea4cb24035c551b39f5d6e3d04ba4 f32f34f108596ec3512617dfae26a23c2c035b41b3397d7d789f6775d2d05d35895315b7224e4424cdcafe69c5088c73
CLIENT_RANDOM e81567bbed00dba8c2452c145611aafb4bf377aaa726ebb7ff63fe13531859f1 b1a65683ac1262358588c8fae3e2946896ed3dc5b1cd57e967a94faa14a0ba077f02af4cd898219ec544461958434f73
CLIENT_HANDSHAKE_TRAFFIC_SECRET 5c6a88cfc2a46751f4c113136fa83c53dae27e95b286baeae091e771e6645c92 cf5b251828227f675b0d26316ebf285ca989dc23d42437c249990828380ffb66
SERVER_HANDSHAKE_TRAFFIC_SECRET 5c6a88cfc2a46751f4c113136fa83c53dae27e95b286baeae091e771e6645c92 a12ed04ecc71b9a44e2e08d6ea1c5edfdc102c8bfcef94ab37b640466788bdf8
CLIENT_HANDSHAKE_TRAFFIC_SECRET a19460f8228e041720de4676e69e5f3b12022f0ef81ff0af08e4045c481b5cea 2b6778c5d57eea569d807842d9b4e34b433fc882560f8f670861126aa5eb5a70f147080e5ee7846ae8f5d704b9ef8815
SERVER_HANDSHAKE_TRAFFIC_SECRET a19460f8228e041720de4676e69e5f3b12022f0ef81ff0af08e4045c481b5cea d4bcc5174c2ac3806cf0f4059e518f95e83572c2fe18f40cbf6656f513e863ff966118c6fdc09084cd964f6ae44d3a1c
CLIENT_HANDSHAKE_TRAFFIC_SECRET 5f371f235bcca7f8b7562f40d0b6d5e7fba1c95e32dfba7d5e94e17cb2f68834 1a47588a26a5610059fb13f1fa3414cd71dfcea099e8ea0a7829ffa8866865ce
SERVER_HANDSHAKE_TRAFFIC_SECRET 5f371f235bcca7f8b7562f40d0b6d5e7fba1c95e32dfba7d5e94e17cb2f68834 343a3d4b6682139467426050acc79261954c4359db22d33c5043dc4a590717cb
CLIENT_HANDSHAKE_TRAFFIC_SECRET 285f923b294d614c217d213f7de4344141e6c115215c175e5328a68f2cda0b7d ba3f1d01a02935db61066072c6b4f6382d41623fe10655a7605ef8d17cc21da2
SERVER_HANDSHAKE_TRAFFIC_SECRET 285f923b294d614c217d213f7de4344141e6c115215c175e5328a68f2cda0b7d b6fe9ce7b02f0e8dcd94c27ee76a69411bfae5bd2e69e17e52e0fe76cd0cf514
CLIENT_TRAFFIC_SECRET_0 5c6a88cfc2a46751f4c113136fa83c53dae27e95b286baeae091e771e6645c92 7d4d1150d0850e26ac2478c3092d87dd4cb925d765852f6dea95949384bfe44c
SERVER_TRAFFIC_SECRET_0 5c6a88cfc2a46751f4c113136fa83c53dae27e95b286baeae091e771e6645c92 e567a37958cbbca61b06d21f1d2ee61aeb24caadb451389b9e3cf6c550092336
EXPORTER_SECRET 5c6a88cfc2a46751f4c113136fa83c53dae27e95b286baeae091e771e6645c92 0be437a5abebe88c6230fb1953cd8d749bdd0996f0f979df99cc58663bcfac88
CLIENT_TRAFFIC_SECRET_0 5f371f235bcca7f8b7562f40d0b6d5e7fba1c95e32dfba7d5e94e17cb2f68834 10acb44275d052ec282eb6fc023d4133d520f017e7fba8164c9e31e7dac312a0
SERVER_TRAFFIC_SECRET_0 5f371f235bcca7f8b7562f40d0b6d5e7fba1c95e32dfba7d5e94e17cb2f68834 a106592738287c6f4ec5f8259bf39fe43178a1e1175023c447087302a99dbb4e
EXPORTER_SECRET 5f371f235bcca7f8b7562f40d0b6d5e7fba1c95e32dfba7d5e94e17cb2f68834 451a1e921e3893d6964c6d82e7a7f8607f8bc9da604a1007fc60d80b09f7fb2b
CLIENT_TRAFFIC_SECRET_0 a19460f8228e041720de4676e69e5f3b12022f0ef81ff0af08e4045c481b5cea a4b40847d8e955ed2515e02c4091f3542a664c427288f9c3071d9b49c5385119f0ae599c5b9011fbd82fd5364dcdbd11
SERVER_TRAFFIC_SECRET_0 a19460f8228e041720de4676e69e5f3b12022f0ef81ff0af08e4045c481b5cea 3615a9cf7188172348fc54536c4de98745dbcbb32771f7b60ab22f8d3fbe77b6f797697642f98a30ee4fa154a7d52ff9
EXPORTER_SECRET a19460f8228e041720de4676e69e5f3b12022f0ef81ff0af08e4045c481b5cea 515d5cd267ff693d3a5c5c0a8ea72d3a48097d48cedd2ec16ab522ec57301762a4366a2e8ccbe7658cc2c9e15e3d5f0f
CLIENT_RANDOM fb50983b05534fff5ebeea086d61fa4f649fd861c36c0311fef21ec7f6e26d44 e52f0742ab28fe37c8e0ac8a2f53dcd5e0ae0a635c6ffeb0c8776726b256ce510c3a9b7d813ce4760d60fac70cb281ca
CLIENT_TRAFFIC_SECRET_0 285f923b294d614c217d213f7de4344141e6c115215c175e5328a68f2cda0b7d 2adf8ecde51035c5cfcab97174360f003a6cc9304797a91cf8836130bde4d4fe
SERVER_TRAFFIC_SECRET_0 285f923b294d614c217d213f7de4344141e6c115215c175e5328a68f2cda0b7d 8d68ee9f670ec790a3dccd826ce376fee38ad119cc1e7067acddac005af6bc44
EXPORTER_SECRET 285f923b294d614c217d213f7de4344141e6c115215c175e5328a68f2cda0b7d 2811ced0b0ead393267909a82f1bb8bf11c6da6c543362db01abf51dcad6d6b3
