CLIENT_HANDSHAKE_TRAFFIC_SECRET e8a8c213bcbf759393cb5cf90dc458ee3cab64330cfda4a1cd9ba21e2774d459 232f25c6915a2a313256e5cdb4603b712b25292dd76e435c037844fab3099337
SERVER_HANDSHAKE_TRAFFIC_SECRET e8a8c213bcbf759393cb5cf90dc458ee3cab64330cfda4a1cd9ba21e2774d459 e22eb6e83f7de2bbd493273886a1d5b5450953e0871224ff0a174177a6c0a12c
CLIENT_TRAFFIC_SECRET_0 e8a8c213bcbf759393cb5cf90dc458ee3cab64330cfda4a1cd9ba21e2774d459 dc71973230a19434b5fb95c748aa3aff6d588e7122a4f843c5c5cb48b43fd8e1
SERVER_TRAFFIC_SECRET_0 e8a8c213bcbf759393cb5cf90dc458ee3cab64330cfda4a1cd9ba21e2774d459 a36e931a8c845b548eb305e8381eb7e92bb9f488a6ef254be98ae89495ca1157
EXPORTER_SECRET e8a8c213bcbf759393cb5cf90dc458ee3cab64330cfda4a1cd9ba21e2774d459 de04438d48482a5c8a3b927d9086bb7a0c0e1f1dc73998f886085507bbc86d93
CLIENT_HANDSHAKE_TRAFFIC_SECRET 8ce691292302dab3bf6dc58d9ecb8d441dc3067cd315868308e7228fb291cefd c6eed1c71bd571c26c7d910282032bb32b15acdb35c5e006d53ef63c4dfaa647
SERVER_HANDSHAKE_TRAFFIC_SECRET 8ce691292302dab3bf6dc58d9ecb8d441dc3067cd315868308e7228fb291cefd d8290ac5f2cf26a2cf83d072bcf73fe0caaefa5e9e4f7db66fdc5bc5ccfe0bea
CLIENT_TRAFFIC_SECRET_0 8ce691292302dab3bf6dc58d9ecb8d441dc3067cd315868308e7228fb291cefd bd164770e7edafeb4e2677c9d59ea9fcc0fafc21ef31111e5e9b59d045caf7ad
SERVER_TRAFFIC_SECRET_0 8ce691292302dab3bf6dc58d9ecb8d441dc3067cd315868308e7228fb291cefd 51cd9deaff24a73cfd24332400625ae12c228f7226e682fe01cd8a33ff6026f2
EXPORTER_SECRET 8ce691292302dab3bf6dc58d9ecb8d441dc3067cd315868308e7228fb291cefd 00f8e3d8558ed23772f66c98b1f1e4c89192065c5ef9a7261edb35a8e02d7708
CLIENT_HANDSHAKE_TRAFFIC_SECRET 39912d43ef15e3410770fbf7e3bdda1c3a8be9953a969e3d5c8ae522a4b3a94c d00028e5083db935d567561a5d384b506897cf65c9baef291306e18accf933d4
SERVER_HANDSHAKE_TRAFFIC_SECRET 39912d43ef15e3410770fbf7e3bdda1c3a8be9953a969e3d5c8ae522a4b3a94c 4c9734cd765b3430afa44fcdc74e052c13be0ec3320050249a3832ae6bff3a5f
CLIENT_TRAFFIC_SECRET_0 39912d43ef15e3410770fbf7e3bdda1c3a8be9953a969e3d5c8ae522a4b3a94c b9ec91f95308fc738ab97c6821ffcd6e5c537ec775ff294b43824da493f93c6a
SERVER_TRAFFIC_SECRET_0 39912d43ef15e3410770fbf7e3bdda1c3a8be9953a969e3d5c8ae522a4b3a94c 95c5069eed881fcb493dfff361126f0fd244f03c66d2f5a7609c6c35cedb3318
EXPORTER_SECRET 39912d43ef15e3410770fbf7e3bdda1c3a8be9953a969e3d5c8ae522a4b3a94c 9a9766b4be6e4812ab8e6ab691df138ed9a0af8d2371f8276c94a3b06f4183bd
CLIENT_HANDSHAKE_TRAFFIC_SECRET c2ae8068ce0707d2e376ee585c7558d52de5dabace8a87a6dd5d1e2c964b5be9 fe22a500a8c9b97f63fea00f415a18b0c0687cd02bf374a33c8375efce0f08d2
SERVER_HANDSHAKE_TRAFFIC_SECRET c2ae8068ce0707d2e376ee585c7558d52de5dabace8a87a6dd5d1e2c964b5be9 aa240dabac44a87aaf5af16efbd20330cd5cb72c9350ec3dd135c73c8e12adec
CLIENT_TRAFFIC_SECRET_0 c2ae8068ce0707d2e376ee585c7558d52de5dabace8a87a6dd5d1e2c964b5be9 66ae242f792cdbbfe0caec812eb93ad86745ab030eb95b8441b5dd0080b0a1c1
SERVER_TRAFFIC_SECRET_0 c2ae8068ce0707d2e376ee585c7558d52de5dabace8a87a6dd5d1e2c964b5be9 a54d334bfe6de24149557f063f058cd81e19e78d93ff89ab68a5973b672d5225
EXPORTER_SECRET c2ae8068ce0707d2e376ee585c7558d52de5dabace8a87a6dd5d1e2c964b5be9 45e1a831e4e1fdebaa6b2222b1869d37f479fbb5c576015fbc4ffff4dbb7b994
CLIENT_HANDSHAKE_TRAFFIC_SECRET 513a5f483e7953260cac7346128cb3433e40954b80c62921a8fc5197f0be22e0 4817b1a9a5bb5d46ce665b32fee570ee5923c109c09540896a1c446240ecf968
SERVER_HANDSHAKE_TRAFFIC_SECRET 513a5f483e7953260cac7346128cb3433e40954b80c62921a8fc5197f0be22e0 9ea1b0cc850718cb3f56619496140becc1e111ef5c3205fe5ba7b6711661bd2f
CLIENT_HANDSHAKE_TRAFFIC_SECRET 4ee74ddec8d2c03ccf3df9dc53432e621f20d73c222890f0218f351a1ee047a3 2acbd8b2da5a175a1627d933aa58eef0b7fb2f4c7d562289e3884e70008706cf
SERVER_HANDSHAKE_TRAFFIC_SECRET 4ee74ddec8d2c03ccf3df9dc53432e621f20d73c222890f0218f351a1ee047a3 f4a7a86097c52cfe713eb59f79489ec5a8488240a60e484fbfc94a4945ab1a08
CLIENT_TRAFFIC_SECRET_0 513a5f483e7953260cac7346128cb3433e40954b80c62921a8fc5197f0be22e0 e884c1ea5c1f6bf01427b53614853d38c8d1a28b189b1a5d9d641046e21c08ec
SERVER_TRAFFIC_SECRET_0 513a5f483e7953260cac7346128cb3433e40954b80c62921a8fc5197f0be22e0 d340ec3322198ca89625ddcd42deda2ffd82dd4408b67290f5885b2c968cc882
EXPORTER_SECRET 513a5f483e7953260cac7346128cb3433e40954b80c62921a8fc5197f0be22e0 17a7aefa31e8d37de4289f10caa1f498a24b4ef0630e3f05243a2e02b96e5717
CLIENT_TRAFFIC_SECRET_0 4ee74ddec8d2c03ccf3df9dc53432e621f20d73c222890f0218f351a1ee047a3 c4fc6b3bbf046cf36fa951f028de8f3209a3ecdc681f578c70fc86b49a908c70
SERVER_TRAFFIC_SECRET_0 4ee74ddec8d2c03ccf3df9dc53432e621f20d73c222890f0218f351a1ee047a3 08360d0be2bd3b8b6369eb500cf03f3e7a8e212ae18f99c9a20c0d79472828e1
EXPORTER_SECRET 4ee74ddec8d2c03ccf3df9dc53432e621f20d73c222890f0218f351a1ee047a3 7f4cfdcdcb795946b6d30cb8e3a3ded2b81507f66a534f46d63adf1e1caaf3cd
CLIENT_HANDSHAKE_TRAFFIC_SECRET 20155b6e72ab1be3180a1bd03bb710d649ad79f28a3ff6df769f5b91902d84a8 009783e98bbf0ca8b00cc292d472cc924326f7be16589455a6ec463815064803
SERVER_HANDSHAKE_TRAFFIC_SECRET 20155b6e72ab1be3180a1bd03bb710d649ad79f28a3ff6df769f5b91902d84a8 9201636f4557d304ae476f53896022a5595f6692b476606f35a1730c49cb37ce
CLIENT_TRAFFIC_SECRET_0 20155b6e72ab1be3180a1bd03bb710d649ad79f28a3ff6df769f5b91902d84a8 60603714d8acb1c54df2c0752b43859ecee3d69ed6ca8e91ecda76603a820b51
SERVER_TRAFFIC_SECRET_0 20155b6e72ab1be3180a1bd03bb710d649ad79f28a3ff6df769f5b91902d84a8 cb7a8cc3d191d4aa35d732e38fe383b952c16a212a8dcb4ef15d53e76bc05b3c
EXPORTER_SECRET 20155b6e72ab1be3180a1bd03bb710d649ad79f28a3ff6df769f5b91902d84a8 81c32feb84b2518849034ada07f28563417b61f4762506c4faa3869da0eeed72
CLIENT_HANDSHAKE_TRAFFIC_SECRET 25a2edc0f80fe52ca72468cc534eecc69c240b8e02d2281c3cc12e4f5f768205 25c9462c335b63215829835e353761822f2542b7ef79ae6e309b3f7fcbca8fb7
SERVER_HANDSHAKE_TRAFFIC_SECRET 25a2edc0f80fe52ca72468cc534eecc69c240b8e02d2281c3cc12e4f5f768205 0b236c07db8f6a52b7e7182b81247a0845d43f4407287fe0d92946a48853a244
CLIENT_TRAFFIC_SECRET_0 25a2edc0f80fe52ca72468cc534eecc69c240b8e02d2281c3cc12e4f5f768205 dae4cafa044309af2e2d6b842491172fc4b082852a33f4089f6b3d95a6505f59
SERVER_TRAFFIC_SECRET_0 25a2edc0f80fe52ca72468cc534eecc69c240b8e02d2281c3cc12e4f5f768205 f05fd79eb26222cb276213f8e9bf6ea1bd084fbe6ff4defb2e1fa5a3fb741f34
EXPORTER_SECRET 25a2edc0f80fe52ca72468cc534eecc69c240b8e02d2281c3cc12e4f5f768205 ba6c39976e5637c29144b64c402a35f8225cbf74e98c299875a640c7176bce8d
CLIENT_HANDSHAKE_TRAFFIC_SECRET 3a5faaf33457d7136771b420ec26988d32c7a115aef4ef77b59687e0d0dc292e 2ed0082d8dc55f9af4b6758a616b2d821cfde2d273664d8b6dbe38b94b2f4496
SERVER_HANDSHAKE_TRAFFIC_SECRET 3a5faaf33457d7136771b420ec26988d32c7a115aef4ef77b59687e0d0dc292e 965a9a4861c4b086fafe1062a9f1cf241c78cfd879c1b8c27f0bd67d0657e935
CLIENT_TRAFFIC_SECRET_0 3a5faaf33457d7136771b420ec26988d32c7a115aef4ef77b59687e0d0dc292e 5d27af190b5fc4cc8c1dc3282d3a9b60fe967939fd4032f24bc3477c9fb00492
SERVER_TRAFFIC_SECRET_0 3a5faaf33457d7136771b420ec26988d32c7a115aef4ef77b59687e0d0dc292e 5254abd9dd0085e055c19a779e31dbfb5e94db85c6ecc4016718bb2b95be1a90
EXPORTER_SECRET 3a5faaf33457d7136771b420ec26988d32c7a115aef4ef77b59687e0d0dc292e 54a8201c91c83fda6eaa9bb8fa5f7a895ff53dc5ffdea5aeccd740ca1520b96f
CLIENT_HANDSHAKE_TRAFFIC_SECRET cdcc5aa7a61ad679aa4eb7487d036c3144cb18e5e0335c4464a1d83a29578e3c ea35bf58c79e8b5c516d7f8f2f76e1fd5b0ff2f566c4a10c45924499ccc6501f
SERVER_HANDSHAKE_TRAFFIC_SECRET cdcc5aa7a61ad679aa4eb7487d036c3144cb18e5e0335c4464a1d83a29578e3c 31b963424b62c7f4fc2f9e2b0c36a83fc54e082f93c903da0c9f14e664c16c97
CLIENT_TRAFFIC_SECRET_0 cdcc5aa7a61ad679aa4eb7487d036c3144cb18e5e0335c4464a1d83a29578e3c b679e780b7a40a5fcee02ccd813dafcb4d1c51ea458030228602b531f0b4820f
SERVER_TRAFFIC_SECRET_0 cdcc5aa7a61ad679aa4eb7487d036c3144cb18e5e0335c4464a1d83a29578e3c 66b8d5d52bc48365a52d390468c1ceebc9a902d3523227d2bdc66c199ecade80
EXPORTER_SECRET cdcc5aa7a61ad679aa4eb7487d036c3144cb18e5e0335c4464a1d83a29578e3c 53ff4471af707ac45c8f58d87cfbf2dc35479fdf416365cefacc72a3f1730844
CLIENT_HANDSHAKE_TRAFFIC_SECRET b9fd55796789fc9eb7ecb538e7a12835eb043888d5ccdb0a3be6bf1eda89b8af 8afd378b18bd1d13b349827fce0234b07cfd74f4cf2f7f675de2b0f894243eccc82c4e26c81fede48a44ddc95dcd51c4
SERVER_HANDSHAKE_TRAFFIC_SECRET b9fd55796789fc9eb7ecb538e7a12835eb043888d5ccdb0a3be6bf1eda89b8af 95cb3e8a822cc6d78ee5573e4b901d06d5829939ab329953bd3cf732926e93cfc584905e915d916965b00931828614f8
CLIENT_TRAFFIC_SECRET_0 b9fd55796789fc9eb7ecb538e7a12835eb043888d5ccdb0a3be6bf1eda89b8af 08d7f16c1f46f6b443937a8b11f8a77925d11491cff8d55a03a0a14727bdd3798e97fa7f425d6cddf395c54c68cc0ecf
SERVER_TRAFFIC_SECRET_0 b9fd55796789fc9eb7ecb538e7a12835eb043888d5ccdb0a3be6bf1eda89b8af ed70b35a7c9f06f8ad1d3d69249b8ab8e83a3d7e9eec9be888621b8b1391fe7ad3079fcbced941f471eb7770a8a4942b
EXPORTER_SECRET b9fd55796789fc9eb7ecb538e7a12835eb043888d5ccdb0a3be6bf1eda89b8af a371ce17bcd7af29b602cf3f96585204034301547c3d447c6262aca27e1c61b47cf53818682bfb2a3739eebc0f5acfb5
CLIENT_HANDSHAKE_TRAFFIC_SECRET 0166cf22ce543d5fd1f1e339f160c8e59fe80abd96940535c17894dc794d70a4 834bb8af66c0a1c68b51a94cfa633413684c0b31ee1ffaf3dcfcae8881976e13
SERVER_HANDSHAKE_TRAFFIC_SECRET 0166cf22ce543d5fd1f1e339f160c8e59fe80abd96940535c17894dc794d70a4 2cf9df933f7d82a9f7aa885e2ea69ced2cfe631e4df6f432edbdff2cb60dfada
CLIENT_TRAFFIC_SECRET_0 0166cf22ce543d5fd1f1e339f160c8e59fe80abd96940535c17894dc794d70a4 82b778a9a1eaed92d31c10c3e7783124d5c817926e6bc65ac4bd205905630d67
SERVER_TRAFFIC_SECRET_0 0166cf22ce543d5fd1f1e339f160c8e59fe80abd96940535c17894dc794d70a4 705dd797bb4e1f02a67b1d043febb815b0b43fc5fd88fb9d625deed78c469700
EXPORTER_SECRET 0166cf22ce543d5fd1f1e339f160c8e59fe80abd96940535c17894dc794d70a4 08801281bd3d668762638fd97e0dbd5980c21ff3b7e7820a0fb00f4414857f83
CLIENT_HANDSHAKE_TRAFFIC_SECRET fe5354f81f0886ae1d9b5cad7d1ac678b111a1020d46e277bbe3cf0bfaf0cfa2 ea2db0c3c5971865ce6ac6f189ab5e7198fbaf46f0591acbc5c3b6f112c51d96
SERVER_HANDSHAKE_TRAFFIC_SECRET fe5354f81f0886ae1d9b5cad7d1ac678b111a1020d46e277bbe3cf0bfaf0cfa2 7381aa2a267c423b67f8cbd239d79da2a390be80fb9dd10a2b9740d5bee33478
CLIENT_TRAFFIC_SECRET_0 fe5354f81f0886ae1d9b5cad7d1ac678b111a1020d46e277bbe3cf0bfaf0cfa2 99dd83a0bf3508e45b484fa97158359c57c64908af30605946a5f06e7cd5b4c4
SERVER_TRAFFIC_SECRET_0 fe5354f81f0886ae1d9b5cad7d1ac678b111a1020d46e277bbe3cf0bfaf0cfa2 b6d3f6deb441556591b866e83ce45f3b43d47e18c23bc5fb74923b99cb9324eb
EXPORTER_SECRET fe5354f81f0886ae1d9b5cad7d1ac678b111a1020d46e277bbe3cf0bfaf0cfa2 6adc14bd4af360dccbfab746083a002385134d744fa140384833f9e6697f05e6
CLIENT_HANDSHAKE_TRAFFIC_SECRET f0c6d7ababf4a21a2aacf5dbab91c2f62999c8543298e863dff12c81a2e896ed 9f21e90e08bef4922a2eaaef0cc9e7d756069084e8cb7d83d23e0fc4efe7f935
SERVER_HANDSHAKE_TRAFFIC_SECRET f0c6d7ababf4a21a2aacf5dbab91c2f62999c8543298e863dff12c81a2e896ed ba99f36c865e0d2c6c6e4216ca300d59262a724e5e09cda2240744cd90497f89
CLIENT_TRAFFIC_SECRET_0 f0c6d7ababf4a21a2aacf5dbab91c2f62999c8543298e863dff12c81a2e896ed 6f27d434fe073f2113bd7485855223f9f77b5f66d6ec2fc89a606f6ae6d01089
SERVER_TRAFFIC_SECRET_0 f0c6d7ababf4a21a2aacf5dbab91c2f62999c8543298e863dff12c81a2e896ed 8c6396834e3bcc55470f4f03df10139226527fce4ac581a336d9bb0f01108abc
EXPORTER_SECRET f0c6d7ababf4a21a2aacf5dbab91c2f62999c8543298e863dff12c81a2e896ed e41e768e86de6247383b7ba0ce97ae74eeb5d30f39b1c9e19217019ce189cc76
CLIENT_HANDSHAKE_TRAFFIC_SECRET 9fea6cfe4a217439d8911ff2b2e122ff694ffb702bfc839348d7c81e0cfd2ede 042ecc419d84ed15af114f5d4ac06273957be84c4cc52166e0fef106448353f4
SERVER_HANDSHAKE_TRAFFIC_SECRET 9fea6cfe4a217439d8911ff2b2e122ff694ffb702bfc839348d7c81e0cfd2ede 2bc70d4136a560bbde47b192baac78b0b5d63bf3a0e5b58590ca5ce9fa6f1559
CLIENT_HANDSHAKE_TRAFFIC_SECRET 476c04a658f83476e8befdb8df8a182fda3c190361b8b9074401b69487041d6f 5a76f42a02fcf64c401e90497c082b6c95147ceb57354b901ffd03828b4b58f9
SERVER_HANDSHAKE_TRAFFIC_SECRET 476c04a658f83476e8befdb8df8a182fda3c190361b8b9074401b69487041d6f ff28ff329b6e704815291daf4a5f761a4d7358ae7f5d337ac32b82aed4388aea
CLIENT_TRAFFIC_SECRET_0 9fea6cfe4a217439d8911ff2b2e122ff694ffb702bfc839348d7c81e0cfd2ede b3041304fa5668427d102f0c37615b7dde314b00deac3b0d8c56be6050579526
SERVER_TRAFFIC_SECRET_0 9fea6cfe4a217439d8911ff2b2e122ff694ffb702bfc839348d7c81e0cfd2ede a870314de10791f58acf5a385564adb8e57f8ab58b282a65fb57460dfd382e45
EXPORTER_SECRET 9fea6cfe4a217439d8911ff2b2e122ff694ffb702bfc839348d7c81e0cfd2ede 730e4fb0a4ffc0f05b7db44673f500f4700d1578d7b95df118cc598ead20ff62
CLIENT_TRAFFIC_SECRET_0 476c04a658f83476e8befdb8df8a182fda3c190361b8b9074401b69487041d6f 05fa15ad818afeac7b8b38231f31428dabe1684752b8285b198b28147e3eb791
SERVER_TRAFFIC_SECRET_0 476c04a658f83476e8befdb8df8a182fda3c190361b8b9074401b69487041d6f ea54cc387c047a102b9b5232b2b173e17b5881260618942a6463abba65f99150
EXPORTER_SECRET 476c04a658f83476e8befdb8df8a182fda3c190361b8b9074401b69487041d6f 4a3630008582d94d5ac3bc7f1faa9bc2f41d767f7fa281d299febc06488422ce
CLIENT_HANDSHAKE_TRAFFIC_SECRET 69151effdd9301fe510096198edf273cd14625aa322f509840509bc88ad19490 026c8146a0a2dfc8a6978b3b54dc20cbef92132abdfce3123ed2d9a1ec7791d0
SERVER_HANDSHAKE_TRAFFIC_SECRET 69151effdd9301fe510096198edf273cd14625aa322f509840509bc88ad19490 b2b879019c927a9b2a4e4b67b96933197bbf0ded08496e1de3e0fb6f69167faa
CLIENT_HANDSHAKE_TRAFFIC_SECRET b493e0dcf34d87acbfb242adf985f6fcc964b2033a133dca1404d0dd14a35342 fae64c8f61afb4706099cb7aa094a848f4bed397038e29123a2503060624c535
SERVER_HANDSHAKE_TRAFFIC_SECRET b493e0dcf34d87acbfb242adf985f6fcc964b2033a133dca1404d0dd14a35342 6863674585fc9016007f9891d843ce16f7293e9ff963a9239700720bfa9d13f2
CLIENT_HANDSHAKE_TRAFFIC_SECRET 0b1b85e450d2c05d3bc2da9118cb8b8268c1a6845df56ed60028f16d9660a96b 9fb5339a881ec05e16e1b6e1b3407c6740b8acc98a97a69349ded60f965acb6c
SERVER_HANDSHAKE_TRAFFIC_SECRET 0b1b85e450d2c05d3bc2da9118cb8b8268c1a6845df56ed60028f16d9660a96b 4f0e802909f9c6aca7d5bea3dc5ef8c6d0a53d1cd41c3ee3248b3bd334b613f2
CLIENT_HANDSHAKE_TRAFFIC_SECRET 361d8f5923b6a38b3cb313d274842b190a0dc67f35fbb999fbeef356dc23361b f830ae5c09ab4098dfc60779e3fce7eb85fa17217cca7675d8b0933eacc3ffb4
SERVER_HANDSHAKE_TRAFFIC_SECRET 361d8f5923b6a38b3cb313d274842b190a0dc67f35fbb999fbeef356dc23361b d07c9321ff6ec8f2b185cb231a3b3acd5309c9ff7955cb529838ab3cbad2b541
CLIENT_TRAFFIC_SECRET_0 69151effdd9301fe510096198edf273cd14625aa322f509840509bc88ad19490 65e2c07fce6856d6f98f348587309f6fb355f674438c82bd1e3e4b27ceb9e961
SERVER_TRAFFIC_SECRET_0 69151effdd9301fe510096198edf273cd14625aa322f509840509bc88ad19490 397f46c2ec2b115a081e747a30050cd28d2cbc950f4a78f5c7b310925506fd84
EXPORTER_SECRET 69151effdd9301fe510096198edf273cd14625aa322f509840509bc88ad19490 fff0f9d62c591cae032383272ce28c320dee99f5ee25c3934141035651f5eb29
CLIENT_TRAFFIC_SECRET_0 b493e0dcf34d87acbfb242adf985f6fcc964b2033a133dca1404d0dd14a35342 aefff09e5be4b227723125d781999cfa90293242f5f10c7714356adb518b47e2
SERVER_TRAFFIC_SECRET_0 b493e0dcf34d87acbfb242adf985f6fcc964b2033a133dca1404d0dd14a35342 f2e64a420b5c9d08a1c6955051ba49c1f3599fc889d71bb8d9b3198b6d862108
EXPORTER_SECRET b493e0dcf34d87acbfb242adf985f6fcc964b2033a133dca1404d0dd14a35342 5046eddbad7bda9b0a3a0f5dda2134ba7dc3bb1b53b88c4e990347c4426f4e4b
CLIENT_TRAFFIC_SECRET_0 0b1b85e450d2c05d3bc2da9118cb8b8268c1a6845df56ed60028f16d9660a96b 010c88ae774fe83e0229a75c700bbef1c4284cf578b5a5a27631213a8fa1dcdc
SERVER_TRAFFIC_SECRET_0 0b1b85e450d2c05d3bc2da9118cb8b8268c1a6845df56ed60028f16d9660a96b 05070b1e898a4220276b4ac326e69790bede53d062a6189b023a10e69c1716e9
EXPORTER_SECRET 0b1b85e450d2c05d3bc2da9118cb8b8268c1a6845df56ed60028f16d9660a96b 5970c0b147b5e9cb56afb45b64e9ad15441d284f5a19b3995e3ae84eac2c549f
CLIENT_TRAFFIC_SECRET_0 361d8f5923b6a38b3cb313d274842b190a0dc67f35fbb999fbeef356dc23361b 36328be91f0405dde0d33863b225bf8f80a4c45ea34f251ab357fa51cb48822d
SERVER_TRAFFIC_SECRET_0 361d8f5923b6a38b3cb313d274842b190a0dc67f35fbb999fbeef356dc23361b 7e8f6265108c47817fbe48fef29a500dbfbd7c1ee7a5422bc2d1efb5a80f13b9
EXPORTER_SECRET 361d8f5923b6a38b3cb313d274842b190a0dc67f35fbb999fbeef356dc23361b e43229a12e67bb6a394869f27dbedc3ba0e1af7b0e24871f4dcd897f57a785bc
CLIENT_HANDSHAKE_TRAFFIC_SECRET b631182acd08a38f8d72a55684c3e6893c2e6680cd57eb22431ca704a5a37e14 a4e37d215ed8f650ba8a2d7b9f91bb86fe98d875c06687ea474dd414049c9179
SERVER_HANDSHAKE_TRAFFIC_SECRET b631182acd08a38f8d72a55684c3e6893c2e6680cd57eb22431ca704a5a37e14 2f6a27fb12b1f23712f3f6198755224bf9b626367932be88931d56c0811c46b6
CLIENT_TRAFFIC_SECRET_0 b631182acd08a38f8d72a55684c3e6893c2e6680cd57eb22431ca704a5a37e14 302180ef79cfae27e0fb35ad20f4a41daf6259a32dbd34fa91fe9ac7330e8c87
SERVER_TRAFFIC_SECRET_0 b631182acd08a38f8d72a55684c3e6893c2e6680cd57eb22431ca704a5a37e14 1872be6100572878c0829ac20fb0c80e2588a1c0d12157afb3d4e759b10c62d6
EXPORTER_SECRET b631182acd08a38f8d72a55684c3e6893c2e6680cd57eb22431ca704a5a37e14 d0cbe57419ac7a9a7cb8f1ec85edfcbd681f0e2259f75f62c48877d3434937e5
CLIENT_HANDSHAKE_TRAFFIC_SECRET b95bc1c401a1802bf032982defddfbf814bdb16c8b01a934c3711ed5b721cab9 51ceb189321e9662fcb079c887b3525debb0da96074bfa324c5325700e03c2bb049bdf68eedd09861347c4716ee30b1e
SERVER_HANDSHAKE_TRAFFIC_SECRET b95bc1c401a1802bf032982defddfbf814bdb16c8b01a934c3711ed5b721cab9 6f93892b96d67bec599821e433aeacd2f43632fa5619043ae626b53c9bff589a474475aae94f750832ff205728311161
CLIENT_TRAFFIC_SECRET_0 b95bc1c401a1802bf032982defddfbf814bdb16c8b01a934c3711ed5b721cab9 977a2b08b147205e58472328262e8815012c8e0c508e848ab769802249a00694cc86cf0e8b1115e19827640ffd3cab3e
SERVER_TRAFFIC_SECRET_0 b95bc1c401a1802bf032982defddfbf814bdb16c8b01a934c3711ed5b721cab9 626d53ebee426719ec7d9509c74570478e26d2ebfb3bc910488008812855de40b7d172c7df9d47c784c853e8b39deccf
EXPORTER_SECRET b95bc1c401a1802bf032982defddfbf814bdb16c8b01a934c3711ed5b721cab9 6e729981b3042a860abeb5656f219ccfb446651112444e2bb2d00d75b3a23ae203d9f5e0cdbef53c6b0c80bc3697f215
CLIENT_RANDOM 220b5bc8e688efa0df633dbfbbd6fcbd90022f791d620acefad43d466bec1b23 01ad55d726ebe6881e76224726a7e81cd20a2f9e044788e83766f70ed22914153b67c87a664570806814bd7e81672dfc
CLIENT_HANDSHAKE_TRAFFIC_SECRET 825baad1a0c4f433272330731985c4b298e04a7ae686b1acd29c1c0f12818a21 91206b693d688f66a6f5dda2d57461da0c2bccd300f86d32cada4521401fce0ae62b43d92bda96af70f65a8545149d9b
SERVER_HANDSHAKE_TRAFFIC_SECRET 825baad1a0c4f433272330731985c4b298e04a7ae686b1acd29c1c0f12818a21 5757777bcb9634689b0e74df237b96e851be8694791562b069d11b89e1b443e6ef97b8c8bff7943e1444ee7b87f59f04
CLIENT_TRAFFIC_SECRET_0 825baad1a0c4f433272330731985c4b298e04a7ae686b1acd29c1c0f12818a21 8a7872347fe3400238c3b8560d9e9c103b5841f9653d48e38c1225d04cfa49bf35a5fbff3a56aad2167a08e2adf5c53a
SERVER_TRAFFIC_SECRET_0 825baad1a0c4f433272330731985c4b298e04a7ae686b1acd29c1c0f12818a21 a8e1d0dd8a0c279c7f8b43f0c247ee1eb7cfa538961f85d7a9ec3dd573ce3af406a5a2c411c3974e8c1083bcddfa468d
EXPORTER_SECRET 825baad1a0c4f433272330731985c4b298e04a7ae686b1acd29c1c0f12818a21 c013baf39f8ed5a57a1724d7f43ab1f204a00dc43bb749db074345213780abeb9232d17990d36f81ef39c13867047248
CLIENT_HANDSHAKE_TRAFFIC_SECRET d57b689182b19a583603afedf7f3fcb42b24107fa1d3a528e5ab37ca72d8e84f 908acce01072786297f79a5c181aa37f886d90e8b7d42a6f3f0cf68acbe79ceb
SERVER_HANDSHAKE_TRAFFIC_SECRET d57b689182b19a583603afedf7f3fcb42b24107fa1d3a528e5ab37ca72d8e84f ab94db991dd577e7f0800e2f2e6f937f4226ec1daf907e0141b944e7b21f5649
CLIENT_TRAFFIC_SECRET_0 d57b689182b19a583603afedf7f3fcb42b24107fa1d3a528e5ab37ca72d8e84f f585ee2234e8b438a6ef232cf65494a0a6524d5aa92bc328eff5af5c2e2a7c88
SERVER_TRAFFIC_SECRET_0 d57b689182b19a583603afedf7f3fcb42b24107fa1d3a528e5ab37ca72d8e84f 97586f2640e107240f6aa9c3fa094b7ca443a74f0f73670276bfb5d3a4b902d7
EXPORTER_SECRET d57b689182b19a583603afedf7f3fcb42b24107fa1d3a528e5ab37ca72d8e84f de5ce097a9f4c7d13a2d681d734f24fbddfd01c7aa0fbd56684ba8a6f37005fc
CLIENT_HANDSHAKE_TRAFFIC_SECRET 5cc88f15133d5636947f6d88a1f6efa336708f5995de5f8bf30bafa70e35cf62 1ceeb18d933026e298cbe57f8b8ddba0688348a296af699a573d43de80a84924
SERVER_HANDSHAKE_TRAFFIC_SECRET 5cc88f15133d5636947f6d88a1f6efa336708f5995de5f8bf30bafa70e35cf62 ebfce81c7b22d6074d6b064b1fc7f98c8effd8d47ea270c9099797f5c8241ef6
CLIENT_HANDSHAKE_TRAFFIC_SECRET 3600fbdc0b0c3addec9fdc7aef7f536674f5ccb29018fce22a26787292814843 1396f7550b1ac976d2866f44880fe39c41e8b4eacc6144ee85ac9d5cd2dbed38
SERVER_HANDSHAKE_TRAFFIC_SECRET 3600fbdc0b0c3addec9fdc7aef7f536674f5ccb29018fce22a26787292814843 b580f059aacb158fe6ce332ad5fc83413f0660cbbac77e0949be18073faa7201
CLIENT_TRAFFIC_SECRET_0 3600fbdc0b0c3addec9fdc7aef7f536674f5ccb29018fce22a26787292814843 822b2626136a74f05ad9021b1ddf8c200e4c348f4a135741a29573f47fbb4601
SERVER_TRAFFIC_SECRET_0 3600fbdc0b0c3addec9fdc7aef7f536674f5ccb29018fce22a26787292814843 38ca1243400890051a4b8e6948c4aed4810bb75dcecef5da8c1391b1720fff05
EXPORTER_SECRET 3600fbdc0b0c3addec9fdc7aef7f536674f5ccb29018fce22a26787292814843 8059d45ecd773c1be82b2a3de11e5e536d70ca284795431373e0900f497d14b9
CLIENT_TRAFFIC_SECRET_0 5cc88f15133d5636947f6d88a1f6efa336708f5995de5f8bf30bafa70e35cf62 3f7b44697bcf9477e8998a6ea11c5e32e46ad5b8165fc8751570dc8f4631e7fd
SERVER_TRAFFIC_SECRET_0 5cc88f15133d5636947f6d88a1f6efa336708f5995de5f8bf30bafa70e35cf62 8a312e731c1a74fd70b651c58f0c04011bbaaa2e6042a122538d56a1a6950a6e
EXPORTER_SECRET 5cc88f15133d5636947f6d88a1f6efa336708f5995de5f8bf30bafa70e35cf62 141d7a25ca4540845775620335fb90522831e3c5d3e493751de938638aaa6dde
CLIENT_HANDSHAKE_TRAFFIC_SECRET 0e111d71cd58110675646ea07dc4af6f0f17e4f1d282cfc162266b01d895cb99 607bbf460ba9d8d0689b8956035ad7977b652b5c8306df37f334dec2c090ffee
SERVER_HANDSHAKE_TRAFFIC_SECRET 0e111d71cd58110675646ea07dc4af6f0f17e4f1d282cfc162266b01d895cb99 e4df6e6c427bd5f8c654ed2f1ab666f769b2abebd618d996adadffc265a44e60
CLIENT_TRAFFIC_SECRET_0 0e111d71cd58110675646ea07dc4af6f0f17e4f1d282cfc162266b01d895cb99 d2e9cce7296c8f8718a10c30c6310b4f999abe3bc8b82c2d1dc1860c3c10ae89
SERVER_TRAFFIC_SECRET_0 0e111d71cd58110675646ea07dc4af6f0f17e4f1d282cfc162266b01d895cb99 0b2e4f7e145efb15753bcdbcd8c3ccc0808b2b38931ae96c1e71b1a9615ac400
EXPORTER_SECRET 0e111d71cd58110675646ea07dc4af6f0f17e4f1d282cfc162266b01d895cb99 bc342a3b6c0807285728314b0152b0dc010f7f6a0b14a6b1d3e1c3edb6901bcc
CLIENT_HANDSHAKE_TRAFFIC_SECRET 3b31c95e7ee9f0ffc4637167f7c7923173604fd14c742f59612f472a984fea5e 3b1bd49196b7d418bf1a7803dfc13e8d7837dee31309ab25a5fa78192892d3f0
SERVER_HANDSHAKE_TRAFFIC_SECRET 3b31c95e7ee9f0ffc4637167f7c7923173604fd14c742f59612f472a984fea5e 380deb4abb9e16041b3aea261f6c681f673a040c835b9b4d65938c2844e389d1
CLIENT_TRAFFIC_SECRET_0 3b31c95e7ee9f0ffc4637167f7c7923173604fd14c742f59612f472a984fea5e 93ad771ce0a854361d07fac8ff0f4a0db0659616eccc2ae897b85ff45c7bd6c0
SERVER_TRAFFIC_SECRET_0 3b31c95e7ee9f0ffc4637167f7c7923173604fd14c742f59612f472a984fea5e 123f61de6d6fb8e19bad0f72eeefa7f3ed4347f1b67e8c660639be22e13724ce
EXPORTER_SECRET 3b31c95e7ee9f0ffc4637167f7c7923173604fd14c742f59612f472a984fea5e 6f0e4641e25785fd12c0ea458786da97e71e7061f525600000e29c7a3058a5e1
CLIENT_HANDSHAKE_TRAFFIC_SECRET 0b931491996744581ce8ea8072d22c380427cd982a43b380949c4a8cf0390508 f21ed5c364eca92e55fb415980b7388174a84d726ba4a8716462eefdde5e32b8
SERVER_HANDSHAKE_TRAFFIC_SECRET 0b931491996744581ce8ea8072d22c380427cd982a43b380949c4a8cf0390508 c915af81e57506d07a7d6749173d9eeb48f28f102ae905c7b3672fd95149774b
CLIENT_TRAFFIC_SECRET_0 0b931491996744581ce8ea8072d22c380427cd982a43b380949c4a8cf0390508 b6e250d57c7727970e6f4c911958343f3a6fe0f7345511cde2b510e34b239efa
SERVER_TRAFFIC_SECRET_0 0b931491996744581ce8ea8072d22c380427cd982a43b380949c4a8cf0390508 cfccd75cb99abfd8f805a025d23ef3c450b131110a63061975939f67d321d06f
EXPORTER_SECRET 0b931491996744581ce8ea8072d22c380427cd982a43b380949c4a8cf0390508 c196a85f9f707ce5b374ac0d2379960ae6eb9e36ca4fe78a6bc85ffff8449edf
CLIENT_HANDSHAKE_TRAFFIC_SECRET e7caa2176a7db3ca52e2df15f2e8cf2ab226a5bbf863f7e65144bda7de47cadf f656a4aa744e1fc8d8d6fd36b995b10fc5938fe7c36bd8680f982499684b0fe79b1b614e722a7b293a89d4d38094bcf0
SERVER_HANDSHAKE_TRAFFIC_SECRET e7caa2176a7db3ca52e2df15f2e8cf2ab226a5bbf863f7e65144bda7de47cadf 11fb57c25ff73cb71ec55f32b491cf081a5718f124d3018c0edb0d96064a515f805c3dd5992b7ce2b2645e0ce88f7d96
CLIENT_TRAFFIC_SECRET_0 e7caa2176a7db3ca52e2df15f2e8cf2ab226a5bbf863f7e65144bda7de47cadf 562150001e2b16359ac84874838f4951c9cf759c70acbd3a45b6b959f70bc68738bb1b3a35dc061132f37d99efc8dbdd
SERVER_TRAFFIC_SECRET_0 e7caa2176a7db3ca52e2df15f2e8cf2ab226a5bbf863f7e65144bda7de47cadf bc0193ad3bd06e0daf47b76d1e004e3efc5358453979d5edcaaf588cb314dc9b6666e74d4185ab538fd98ba7397ce728
EXPORTER_SECRET e7caa2176a7db3ca52e2df15f2e8cf2ab226a5bbf863f7e65144bda7de47cadf 75f8ddd69aafa85b66cf0f00473365f46e654eafd3d9031d367c2dde10edec786d0bdadce396ea1168ac09e48d1220d0
CLIENT_HANDSHAKE_TRAFFIC_SECRET 84dfe4028c1f269c7d0c8c35c8c7a4937d5122cabe64b77bdd907256de0a4e3f cb7e2aa7a09ed785e4e9742b6a54a0cb0c186c69cc037bfeaf7f6f2ea29a6efd6679b160f0a91685fd3c65bca368a64b
SERVER_HANDSHAKE_TRAFFIC_SECRET 84dfe4028c1f269c7d0c8c35c8c7a4937d5122cabe64b77bdd907256de0a4e3f dd186fc3e0aa58ba76ff37356703caa284f900cd531d93af80cd5ab408f19b6220b62b56249c8adbfd2df5c6761ec0d3
CLIENT_TRAFFIC_SECRET_0 84dfe4028c1f269c7d0c8c35c8c7a4937d5122cabe64b77bdd907256de0a4e3f e7f5858cff417d5af6a1433b330b5c6c99fa0db1652da9ad678bc3e75ed67211d9d8e95ea505a37532f008f829779425
SERVER_TRAFFIC_SECRET_0 84dfe4028c1f269c7d0c8c35c8c7a4937d5122cabe64b77bdd907256de0a4e3f 8454a644bcd9284cce25a87382fe0a120dd65336dde7899f1bc4cac57b806317d10e68453aa0a331f9e25b594c2410cb
EXPORTER_SECRET 84dfe4028c1f269c7d0c8c35c8c7a4937d5122cabe64b77bdd907256de0a4e3f 3d53750169ba0f69f625a6122929a090488ed0f2adb2acca9fcedfefea82f9e57f72df5a26365afdaed8b61a79b83642
CLIENT_HANDSHAKE_TRAFFIC_SECRET 449e97a5e4e1a78d02d2bfd9c776869a68ad745f5256d883cb771989a2c3afc4 27b43bec6a00e2aa2480e787da792c7557476bf2cc3198c648db24cb2e812ae05e578c6c395d3570693d9f4fb9629c07
SERVER_HANDSHAKE_TRAFFIC_SECRET 449e97a5e4e1a78d02d2bfd9c776869a68ad745f5256d883cb771989a2c3afc4 953e095093dc87d1d7f16d8be2e0c78d810c107be7b28ae6869eb87bb7791f39c9b9ddbcf69a37fbc6015e1716ba8cb1
CLIENT_TRAFFIC_SECRET_0 449e97a5e4e1a78d02d2bfd9c776869a68ad745f5256d883cb771989a2c3afc4 66e6f92be7de6778a6327cbf15ae856078efb6f1f588ee21b68d7947021b51b3ab6b9cb7556a1df947d1561178043784
SERVER_TRAFFIC_SECRET_0 449e97a5e4e1a78d02d2bfd9c776869a68ad745f5256d883cb771989a2c3afc4 4c81bc568efb1741d18379ca67bd31fafc568ef0ce11be0e2ff784e526703f0239cbff86f9910515e330d2d0ca0a90f6
EXPORTER_SECRET 449e97a5e4e1a78d02d2bfd9c776869a68ad745f5256d883cb771989a2c3afc4 a38a4f624a3f47d7dd97d02f3d6d91f464a56bab9a7f53b780f4fcceea001b6ddd49dab784e3bfcd315a37d523bee6bf
CLIENT_HANDSHAKE_TRAFFIC_SECRET b18f466a8b13e53fa19f22ff65d673cce819c75d1b4c77dbfb4474bbff415e21 0952d14e472e08796868d561d105b782de56e5cd4d4f67d3c185d700bc4dacd199877484083e9b37ce26c3493047d8c5
SERVER_HANDSHAKE_TRAFFIC_SECRET b18f466a8b13e53fa19f22ff65d673cce819c75d1b4c77dbfb4474bbff415e21 db12d5064e882f0de3ab271c76a1ebc65007abb6a171b084a2a9d281ed35e5898a40a9ce24ca56f0f940e8f1811f6e9a
CLIENT_TRAFFIC_SECRET_0 b18f466a8b13e53fa19f22ff65d673cce819c75d1b4c77dbfb4474bbff415e21 347d3b4ef555093f3ab04b839ba297639ae3cf30426d33566131af2f0d3d071f581ff1230a21468262289dbb98988f64
SERVER_TRAFFIC_SECRET_0 b18f466a8b13e53fa19f22ff65d673cce819c75d1b4c77dbfb4474bbff415e21 3392bf1c463bea01c1eae09ce278f0263d9e72b2f62197edc47cb68350f0fc9f26944f75aad9ada52dd9271aa84093b3
EXPORTER_SECRET b18f466a8b13e53fa19f22ff65d673cce819c75d1b4c77dbfb4474bbff415e21 db0e79716b85b8b105a298f8f5f80ca879cddf6f51cd0638e89c573f724f3821e2a0b844cbb7e048d2de375f6e52b229
