CLIENT_RANDOM 0842c18d24748884dd7ae1c0773f6eb616f57ab195c21f6ae4659f92983af0cd 5e5cd20bfbf8b5fb8b6bea24bfff24faae8ae18c65f47bf35c35c1998a6053419742500d426347d7b24192db2d9da731
CLIENT_HANDSHAKE_TRAFFIC_SECRET 377c802ecf2b9c3aa85517ad7904e20f927d85f4e8cb96c666a186b38ac874e6 900b75bc1e8c12766c887aea44e8b6c86508f316eaae9bfae0fd757aeebd6dce
SERVER_HANDSHAKE_TRAFFIC_SECRET 377c802ecf2b9c3aa85517ad7904e20f927d85f4e8cb96c666a186b38ac874e6 9bed50f2424c820e3fd8f8caf2e9d67edd5401593115e29e0a0a9d6ab3dc67be
CLIENT_TRAFFIC_SECRET_0 377c802ecf2b9c3aa85517ad7904e20f927d85f4e8cb96c666a186b38ac874e6 d7463b90e4d40d9a8f77e04e98c00e85bada2e7763ca5e0ae0464538bcb74653
SERVER_TRAFFIC_SECRET_0 377c802ecf2b9c3aa85517ad7904e20f927d85f4e8cb96c666a186b38ac874e6 6fe9b783bae97fed8a9f7636086039fd5ec8c8858e157e70296a6a92c6e9314d
EXPORTER_SECRET 377c802ecf2b9c3aa85517ad7904e20f927d85f4e8cb96c666a186b38ac874e6 d7306c273c46974d4688035323da18ba19f792765f3142514c3a4b6bf645a59b
CLIENT_HANDSHAKE_TRAFFIC_SECRET 35c3345cd425c5d3cea9ab04826ee802685643bb2d3e1d9798a9aa7ed88e698e 16b67ca986e2882cfdc20c1f6214c494e7f36a8f598798f20ba1c3515656f388
SERVER_HANDSHAKE_TRAFFIC_SECRET 35c3345cd425c5d3cea9ab04826ee802685643bb2d3e1d9798a9aa7ed88e698e d54459694c6219b9c02d6f09fe44f400d7f5a92a8acb09cd5be0eae75283db02
CLIENT_TRAFFIC_SECRET_0 35c3345cd425c5d3cea9ab04826ee802685643bb2d3e1d9798a9aa7ed88e698e bd5ffba52330b34a8b7c29fdd074e74d94c4b7066d8f683bbb0a18e438bdbfd6
SERVER_TRAFFIC_SECRET_0 35c3345cd425c5d3cea9ab04826ee802685643bb2d3e1d9798a9aa7ed88e698e bfb48692264673580fcd8ad62eeed2aad8c264c6ceb516aba2ce7f372049b902
EXPORTER_SECRET 35c3345cd425c5d3cea9ab04826ee802685643bb2d3e1d9798a9aa7ed88e698e 75676aae032b4d9e79aa7f36dfe784b9233ebcaf2f62662370123bd419537956
CLIENT_HANDSHAKE_TRAFFIC_SECRET 82879c23005c81940c4e49377485ed0e1bc81385bcd6b9a9a5ed1d3beace6c42 e9599db3a60b8e3dcdab492edf51f1256b529c7e02cbe4218047c363d6cc9d71
SERVER_HANDSHAKE_TRAFFIC_SECRET 82879c23005c81940c4e49377485ed0e1bc81385bcd6b9a9a5ed1d3beace6c42 2d7b77bb6c78f5dc9bcc93dd9c172cba3dd404646c8a1fa3f3f46b770be09400
CLIENT_TRAFFIC_SECRET_0 82879c23005c81940c4e49377485ed0e1bc81385bcd6b9a9a5ed1d3beace6c42 5edada47428d0c11347c67f1b195148458711fece76de2d9bdf3ae100ff35844
SERVER_TRAFFIC_SECRET_0 82879c23005c81940c4e49377485ed0e1bc81385bcd6b9a9a5ed1d3beace6c42 bc1fdb3c81ef4a100034117716d2eedc0ac00e8a6166501eac27e8d30d86ede2
EXPORTER_SECRET 82879c23005c81940c4e49377485ed0e1bc81385bcd6b9a9a5ed1d3beace6c42 3314247a9d65bb23c53bd1b4a35312b14349af8b564d1eb6de4eca69c8c9e889
CLIENT_RANDOM 5dfd15569f3f3ab4fc29ee6212c28e04500be66b70e9779ee6fe129e8edc5d55 bac3103beeb5c1e5feff0d4354b802d4f661eb4e1acdb707d2b5424c9e0bc054b21702f3f1edbcd7d8f8d9e9b4b705a7
CLIENT_HANDSHAKE_TRAFFIC_SECRET 521d1b6a836be7c11e924a57e5b91b5e065c24ecb858b9d5b78bf3a203f4b57b 56eb15f5e8bb32857bff0dee275a8abab5d167439867fbdcb0b5e4d45099133e
SERVER_HANDSHAKE_TRAFFIC_SECRET 521d1b6a836be7c11e924a57e5b91b5e065c24ecb858b9d5b78bf3a203f4b57b acc010add81b68d9fca633313b019941955cbcfca88e20fd9d597b06bc1a3ec7
CLIENT_TRAFFIC_SECRET_0 521d1b6a836be7c11e924a57e5b91b5e065c24ecb858b9d5b78bf3a203f4b57b cbbf38e71ca3c0478a47a0f6f0cd664daea39673bbf3bc2ba33175812e52157e
SERVER_TRAFFIC_SECRET_0 521d1b6a836be7c11e924a57e5b91b5e065c24ecb858b9d5b78bf3a203f4b57b feead396d765401ca034268a1b82689190ab1417e672daf7a43f76ce173b5c30
EXPORTER_SECRET 521d1b6a836be7c11e924a57e5b91b5e065c24ecb858b9d5b78bf3a203f4b57b e655579f7d0423a378f2f5bbd7aaf37e775b8174f247a0998a5910309a55c7c1
CLIENT_HANDSHAKE_TRAFFIC_SECRET b9729f2ab363aaa21b71285d20bc23c08b779ac2cb1025ad5f3ee160a99068b8 4e3cefd6654adb6b8b325a4b072db13980afaea4e93d14b96b1bdb3a7b66ad30
SERVER_HANDSHAKE_TRAFFIC_SECRET b9729f2ab363aaa21b71285d20bc23c08b779ac2cb1025ad5f3ee160a99068b8 60249c03ca0619cbfa90ecf005445024192098a16485c0f605961fb563025419
CLIENT_TRAFFIC_SECRET_0 b9729f2ab363aaa21b71285d20bc23c08b779ac2cb1025ad5f3ee160a99068b8 083fd28cda9349edc24f6f1dff2f44f0aac3418867f8588ea9e0e0cf46ff945c
SERVER_TRAFFIC_SECRET_0 b9729f2ab363aaa21b71285d20bc23c08b779ac2cb1025ad5f3ee160a99068b8 1602fb4049b05d608259781b579e9aa961ee21417d9318e0ec7cf68780bb938b
EXPORTER_SECRET b9729f2ab363aaa21b71285d20bc23c08b779ac2cb1025ad5f3ee160a99068b8 d8992f65fd5b7b5e76fd631b56058689da7f21e7509c661973d2f84968dd27c0
CLIENT_RANDOM 5f733269e72e44b6f97b57986b83fb8c01306d49fb90a5fd634253b359a1359e 02f2109394fe96da9f0bdce123565b373b1ce17744e9869d44626654d71f8120921e84f8eeea10b2fb5f40717052ef88
CLIENT_HANDSHAKE_TRAFFIC_SECRET 8b8d2afb2f623e08cb0e246f25e4bbf4768f80fc25ed9e78aafcee1bcb22035a 804c417f62bf148f29b0211bee37c13acd0b591145ab096486910e67132f22f1
SERVER_HANDSHAKE_TRAFFIC_SECRET 8b8d2afb2f623e08cb0e246f25e4bbf4768f80fc25ed9e78aafcee1bcb22035a 9524415782ec800a04566f37afb96290387769b4841d2e0f0333ceb3b87f18be
CLIENT_TRAFFIC_SECRET_0 8b8d2afb2f623e08cb0e246f25e4bbf4768f80fc25ed9e78aafcee1bcb22035a 0c51996b491ccd7068c744ea8cefbb025595c081467df1d0c48a482d080354cd
SERVER_TRAFFIC_SECRET_0 8b8d2afb2f623e08cb0e246f25e4bbf4768f80fc25ed9e78aafcee1bcb22035a b2f02cc610673b151fb4f7f2fab5b50de8dbd01cc06e3ba2519095509bef9bd3
EXPORTER_SECRET 8b8d2afb2f623e08cb0e246f25e4bbf4768f80fc25ed9e78aafcee1bcb22035a a4cd815f9e098827209ce5f7cbebc18b6498f1b4090f381da8bc9b26c7914848
CLIENT_HANDSHAKE_TRAFFIC_SECRET 94d1e73ecb3c64fc76c24360e4905afccfdb28a121e155fe218e6eba8d0abdc3 8328aaba46270b24e580065d77f108401531c3926cba2a3a47104de4a0d7309f
SERVER_HANDSHAKE_TRAFFIC_SECRET 94d1e73ecb3c64fc76c24360e4905afccfdb28a121e155fe218e6eba8d0abdc3 a6d1fc6c68b5c0c2cf0aa07e7fa92ece8b360aa43b9a277b65c2568cd816e4af
CLIENT_TRAFFIC_SECRET_0 94d1e73ecb3c64fc76c24360e4905afccfdb28a121e155fe218e6eba8d0abdc3 e75af91829e81778dfba413589d97e1e6cab93ac9c50f86972e9fbd581cae77a
SERVER_TRAFFIC_SECRET_0 94d1e73ecb3c64fc76c24360e4905afccfdb28a121e155fe218e6eba8d0abdc3 7c544cc0084bcc81f1ca5237446a0d000fb802fc72d7887af15b18a8d06f5ee8
EXPORTER_SECRET 94d1e73ecb3c64fc76c24360e4905afccfdb28a121e155fe218e6eba8d0abdc3 9de107a00b8cdd09932144c8626d5c947bd6fc5b1015ca807b382dc0d7199459
CLIENT_HANDSHAKE_TRAFFIC_SECRET b87e0fa5802e9c30700658beb280d5d189ae776117e26c28b2e472e21dd445c0 2a257e6f073ea45d9ba9635f1196144a4f3ffaded2c4b95323c365c5c187f68c
SERVER_HANDSHAKE_TRAFFIC_SECRET b87e0fa5802e9c30700658beb280d5d189ae776117e26c28b2e472e21dd445c0 98f19cdd42e71cac52fb5c32969b0e0b3badd220d3f61e5648a51acc03fb1f1f
CLIENT_TRAFFIC_SECRET_0 b87e0fa5802e9c30700658beb280d5d189ae776117e26c28b2e472e21dd445c0 932ee10b18bfaac2e59986ad3f0f4b7f75299e96e4911de403dac7bf7f4dcc9a
SERVER_TRAFFIC_SECRET_0 b87e0fa5802e9c30700658beb280d5d189ae776117e26c28b2e472e21dd445c0 3d81fad06891bdcd48296799a7c8a81d33e124545e99d1ef90162d7fbbb04c2f
EXPORTER_SECRET b87e0fa5802e9c30700658beb280d5d189ae776117e26c28b2e472e21dd445c0 51490eeeed97fb198481f24399a3b4f074ecf79219a4a1b9e441186563af059d
CLIENT_HANDSHAKE_TRAFFIC_SECRET 386a3b7b30e77becd0910aa32d43a440adc78886588979e3063acf479022b5ea 7140b3b71b9b2d03bd5e3e7e5b96787ca02858bf14765143146dce6b3dec1a4c
SERVER_HANDSHAKE_TRAFFIC_SECRET 386a3b7b30e77becd0910aa32d43a440adc78886588979e3063acf479022b5ea 3114f60397702a1d49bd140c5778fa807288ed66a872627d2564797618100007
CLIENT_TRAFFIC_SECRET_0 386a3b7b30e77becd0910aa32d43a440adc78886588979e3063acf479022b5ea a5609c1094c4cae91ceef6538a3f740b4752cece46e7f53d1999409c5bbd8b5f
SERVER_TRAFFIC_SECRET_0 386a3b7b30e77becd0910aa32d43a440adc78886588979e3063acf479022b5ea 6a39ec15b31d3b60ff47f1cf82d5eb14ae199f96e82fcdb5193c006d4ed85e91
EXPORTER_SECRET 386a3b7b30e77becd0910aa32d43a440adc78886588979e3063acf479022b5ea 9dea448d9b0a765a2d7b84c3bc4ba9ef93b2e6d20b6351172c3c7d99c1e41c99
CLIENT_HANDSHAKE_TRAFFIC_SECRET a97943de61c197b425a399f389ab4d1f7782249b84c2f2b51e6d943c6d8783e6 680dd3f55f2d077026bce1ecb6f018575ef2636e1fbea5634dc2bdef9c7e61a3
SERVER_HANDSHAKE_TRAFFIC_SECRET a97943de61c197b425a399f389ab4d1f7782249b84c2f2b51e6d943c6d8783e6 3e68b4498c66e91a150fbd4f7baa55919591215b6c4ac1c00c453d986a68b623
CLIENT_TRAFFIC_SECRET_0 a97943de61c197b425a399f389ab4d1f7782249b84c2f2b51e6d943c6d8783e6 4d1aff7381950835a44cc4132d9665f9060a1cefa5235f954060fae9dace72fa
SERVER_TRAFFIC_SECRET_0 a97943de61c197b425a399f389ab4d1f7782249b84c2f2b51e6d943c6d8783e6 16fd3743c1600db2a422917b67423cca16eda4e19e041a107d16e6c5f9ab4a64
EXPORTER_SECRET a97943de61c197b425a399f389ab4d1f7782249b84c2f2b51e6d943c6d8783e6 fc215f0e29ba26af736e88065ad029cd62e6a1dc5d94292d17be52862d1ad6ab
CLIENT_HANDSHAKE_TRAFFIC_SECRET 2fcafd66d034f499a747f5a2983259a9dc615d237fa313af16634daf0bcc9c23 7391a9620319838505564129cdaac6b5a07ea46a97e19c80c8bfbadc5eefb3c7
SERVER_HANDSHAKE_TRAFFIC_SECRET 2fcafd66d034f499a747f5a2983259a9dc615d237fa313af16634daf0bcc9c23 573b84ef2fb7a035983545014ee05d4feeb3406a2bd1d041c647eb47498f7c10
CLIENT_TRAFFIC_SECRET_0 2fcafd66d034f499a747f5a2983259a9dc615d237fa313af16634daf0bcc9c23 a759cacdf8472f2c92942657bfe67f0baba60869862fa5605381d49a2a6d1911
SERVER_TRAFFIC_SECRET_0 2fcafd66d034f499a747f5a2983259a9dc615d237fa313af16634daf0bcc9c23 24f9397be1991e51a7d3565adbd445038ec76d321eb3c4605d69b214a99143e5
EXPORTER_SECRET 2fcafd66d034f499a747f5a2983259a9dc615d237fa313af16634daf0bcc9c23 948940965feb2e91e0ed6132f12b2c848fa15cf6ec19598fea7ef8d5757cd58e
CLIENT_RANDOM f318144094ac6f8ff0fdd154f7851fd7249010e8fcb7730c249d037e1dd8d7e7 c6693c879290564a22c54dc8d7138f3bfc72988399a9a176272fa4dd7f934797f5f672e1fb8fdc9712b245ab03f56e6c
CLIENT_HANDSHAKE_TRAFFIC_SECRET 1c593bf012f9a5128e89dc0a486d98ab1755f1e6a1b24aefab5fad4455bee542 795717a26eb21c0010c1bb6e208bf4a47864f59a9462aac0c44c0c469aa7dc4c
SERVER_HANDSHAKE_TRAFFIC_SECRET 1c593bf012f9a5128e89dc0a486d98ab1755f1e6a1b24aefab5fad4455bee542 b9b42494dd313533a5d4e4e80c938e409c5a49108349d498aa886a2c5df1909a
CLIENT_TRAFFIC_SECRET_0 1c593bf012f9a5128e89dc0a486d98ab1755f1e6a1b24aefab5fad4455bee542 4c7d8d4798e035a7f62efcdcdd2387a682acbf281b38d74898ad1bfbb92d6fa0
SERVER_TRAFFIC_SECRET_0 1c593bf012f9a5128e89dc0a486d98ab1755f1e6a1b24aefab5fad4455bee542 ffd36289c9ac6d71b1f5646914e17f4f9f54f47713b2439dfd14c06de221d3bd
EXPORTER_SECRET 1c593bf012f9a5128e89dc0a486d98ab1755f1e6a1b24aefab5fad4455bee542 e73dd8778c04bc8c4aaf4884d7f67f472a076670d2f6bd0ef2db81779336c97f
CLIENT_HANDSHAKE_TRAFFIC_SECRET f7e75c1094852a06c8f6825bb4465e854807e40ad55e93e24b09f3dd0f498ca0 35c4de6eb369ef675a4dc324577360adf45a3d9258b1efd149137a7163db4e72
SERVER_HANDSHAKE_TRAFFIC_SECRET f7e75c1094852a06c8f6825bb4465e854807e40ad55e93e24b09f3dd0f498ca0 b31849ff96679296d880ef29eb30f22fc29735aaf372491025705efc01590bc3
CLIENT_TRAFFIC_SECRET_0 f7e75c1094852a06c8f6825bb4465e854807e40ad55e93e24b09f3dd0f498ca0 86c831042cd91970dcc53249e3bcffd012e0987a8a817d0920f392e1fc219b4e
SERVER_TRAFFIC_SECRET_0 f7e75c1094852a06c8f6825bb4465e854807e40ad55e93e24b09f3dd0f498ca0 2f4ba68eb4c50b01cd34f35670ccac8a65fc54f96fef8560a96294192ce89cbb
EXPORTER_SECRET f7e75c1094852a06c8f6825bb4465e854807e40ad55e93e24b09f3dd0f498ca0 2cceaddae77be0f5d82a4e07c026ffd2bad7e648e219f8475fa60ed2ef42f7d1
CLIENT_HANDSHAKE_TRAFFIC_SECRET 34499b0a2ab007c65e27529cd0cdccd936ee4c398055a141b84d6b65971656ac e7ae8426e99f01c6aa4a43877444626ec829aa85a560446ae4484e6a23d04f0b
SERVER_HANDSHAKE_TRAFFIC_SECRET 34499b0a2ab007c65e27529cd0cdccd936ee4c398055a141b84d6b65971656ac 005edc607bf080ab4d0ed989c5c9837b4c919293f43c814a73bb1306c84b299f
CLIENT_TRAFFIC_SECRET_0 34499b0a2ab007c65e27529cd0cdccd936ee4c398055a141b84d6b65971656ac 69963f01f832836562e6259270c2df7636becce937b3436626a21941036ab9e0
SERVER_TRAFFIC_SECRET_0 34499b0a2ab007c65e27529cd0cdccd936ee4c398055a141b84d6b65971656ac d5a5d5d6b1cf8207999705ad20ce7682633b3990a4f2699c11bdeee69390004c
EXPORTER_SECRET 34499b0a2ab007c65e27529cd0cdccd936ee4c398055a141b84d6b65971656ac be33a0402b49eb1ccef2ca0a108434788c1612a29446577c33d605f9314a12a1
