CLIENT_HANDSHAKE_TRAFFIC_SECRET d8979247235eb984e21cdfcdec1f7881d5fdf991d1edaad1dced8140273a9f0e 1c7374d1f5486ac04c909feac8b08087f17deb4d3e5dd5e38c7a56cc2f96a993
SERVER_HANDSHAKE_TRAFFIC_SECRET d8979247235eb984e21cdfcdec1f7881d5fdf991d1edaad1dced8140273a9f0e 8e7b23555a228dddd26100e6431362dcbf20793212f1f3d13d601eed24ff8cf1
CLIENT_TRAFFIC_SECRET_0 d8979247235eb984e21cdfcdec1f7881d5fdf991d1edaad1dced8140273a9f0e 984e530db40ba13fc45f070b6bed0eba79522adce9a2085cd175f9da18d701f9
SERVER_TRAFFIC_SECRET_0 d8979247235eb984e21cdfcdec1f7881d5fdf991d1edaad1dced8140273a9f0e 448afaefbcd8bcb3b4de6c85bdba7c92f69de3a8b1ae65f1c1b6d9dc75fc9646
EXPORTER_SECRET d8979247235eb984e21cdfcdec1f7881d5fdf991d1edaad1dced8140273a9f0e 2a2170b024c8c318c4e6e12832469dd114fc059e6936e2c947a9a1a25aef7811
CLIENT_HANDSHAKE_TRAFFIC_SECRET 7a581ebe0055dff6ea0e9cfeef8eac68d57ae7b03562788082dd806be5a83900 f53cb7f8859635d32e2979eeb221288f56c429cae97e70151670eb36f70c434e
SERVER_HANDSHAKE_TRAFFIC_SECRET 7a581ebe0055dff6ea0e9cfeef8eac68d57ae7b03562788082dd806be5a83900 62af616a6a206cb970ef546f1b4eb171e86beae15c0c9a4e7a42dec4f6ee1d5d
CLIENT_TRAFFIC_SECRET_0 7a581ebe0055dff6ea0e9cfeef8eac68d57ae7b03562788082dd806be5a83900 2b8b79ea2d3113e64fa871a4251aaa4285e62318aca401dc1ae5705502fa247c
SERVER_TRAFFIC_SECRET_0 7a581ebe0055dff6ea0e9cfeef8eac68d57ae7b03562788082dd806be5a83900 ece923796d8937263f787545d653ba57121a3ed8e07329dfe5520cee399019a4
EXPORTER_SECRET 7a581ebe0055dff6ea0e9cfeef8eac68d57ae7b03562788082dd806be5a83900 e69467da527dec31327cfef4f368631cc6fa9f14ecd1801051a552202d07e093
CLIENT_HANDSHAKE_TRAFFIC_SECRET c6f65a623cf9a338d2d7736955fd31aae8bffb66f3a1dd78bfb1f94f88d9c227 8ef06b3150ad88492c3a10bc34be335dd3a77381cab17e8d841fe4f361696c22
SERVER_HANDSHAKE_TRAFFIC_SECRET c6f65a623cf9a338d2d7736955fd31aae8bffb66f3a1dd78bfb1f94f88d9c227 838337de0baa7a2716e3b9bf218ef7aaa5a13627c6e4651ba5afbf5368d87638
CLIENT_TRAFFIC_SECRET_0 c6f65a623cf9a338d2d7736955fd31aae8bffb66f3a1dd78bfb1f94f88d9c227 75fdf79854a776e8304526ba106aaf09fb72faf173e30bccfa37bb5d523686a7
SERVER_TRAFFIC_SECRET_0 c6f65a623cf9a338d2d7736955fd31aae8bffb66f3a1dd78bfb1f94f88d9c227 75664605bdaccaae5983ab473ccfb93a1fe497b2328eb836d9d32731acf28604
EXPORTER_SECRET c6f65a623cf9a338d2d7736955fd31aae8bffb66f3a1dd78bfb1f94f88d9c227 f5b777579b6c15f606810d275295234d7f15145d865e5f4456b97e182cb09695
CLIENT_HANDSHAKE_TRAFFIC_SECRET 6cfd440a235ed191123a5cf855309e0eb79e420bae3139190edd67722a5aa121 62d43e9fecfa057513d7c3a78213088cb02ac33c2edca408fd096908812daf1d
SERVER_HANDSHAKE_TRAFFIC_SECRET 6cfd440a235ed191123a5cf855309e0eb79e420bae3139190edd67722a5aa121 1d43056b84fd47e39d937978d6eae10ba1a449b9427dd431494bdf3fddd456c5
CLIENT_TRAFFIC_SECRET_0 6cfd440a235ed191123a5cf855309e0eb79e420bae3139190edd67722a5aa121 9add092973500eff8f58d01cd1f7035e9f726cde1a15c6ca79a409e8eda99cbd
SERVER_TRAFFIC_SECRET_0 6cfd440a235ed191123a5cf855309e0eb79e420bae3139190edd67722a5aa121 26378d30e76f493dcf3e8891de8ff5b8eae322b53efc23a50227b12aebb8a60f
EXPORTER_SECRET 6cfd440a235ed191123a5cf855309e0eb79e420bae3139190edd67722a5aa121 52ae7c46a8ef6b901cf0a65534ba9259643a54826dac9ac8b251de058d8df544
CLIENT_HANDSHAKE_TRAFFIC_SECRET 92eb04766577f8088a54995720515e64814d4d0104ffb6ac87446bb444adecc8 fcecc7f5cb41c9bd82b16b6bd11d91df2da90fa23f04e988c098f663572ee3d9
SERVER_HANDSHAKE_TRAFFIC_SECRET 92eb04766577f8088a54995720515e64814d4d0104ffb6ac87446bb444adecc8 10a7da86f1d34a2be19c748811170cd997d81106b4f78b4e7eae09215b736283
CLIENT_TRAFFIC_SECRET_0 92eb04766577f8088a54995720515e64814d4d0104ffb6ac87446bb444adecc8 49a9575f4f8aa822a61475347551401ddc030b4ba21f4939df448116eae1435b
SERVER_TRAFFIC_SECRET_0 92eb04766577f8088a54995720515e64814d4d0104ffb6ac87446bb444adecc8 56fbebec2e2a805ceb3740072140136c21e5458964d38dbadff8d89bb90a0fa9
EXPORTER_SECRET 92eb04766577f8088a54995720515e64814d4d0104ffb6ac87446bb444adecc8 9fba826b6e84982b66f49e66c63f2d8363e953b4aa0cc2731934493e0bf49aa5
CLIENT_HANDSHAKE_TRAFFIC_SECRET f4e27e0a8b0cc72b5365219574c3dbb3c09ed185d4f0f4f04d9d66b4668ba690 d038a83764050774573925be8bb0a243fca0222af44fe7ceff573bc959b84711
SERVER_HANDSHAKE_TRAFFIC_SECRET f4e27e0a8b0cc72b5365219574c3dbb3c09ed185d4f0f4f04d9d66b4668ba690 436405b92de1f0960f277e97f451c44d6526b0ea2781a1c00bbe4048db07fca8
CLIENT_TRAFFIC_SECRET_0 f4e27e0a8b0cc72b5365219574c3dbb3c09ed185d4f0f4f04d9d66b4668ba690 801d7941e59ba15ace704dd47e9bd2e97bd7a5424519e24311ae4784dea6e36d
SERVER_TRAFFIC_SECRET_0 f4e27e0a8b0cc72b5365219574c3dbb3c09ed185d4f0f4f04d9d66b4668ba690 2f919bd250bd4533c17e42754e2289d63eb5f8e8ff0719b6471900a02c867658
EXPORTER_SECRET f4e27e0a8b0cc72b5365219574c3dbb3c09ed185d4f0f4f04d9d66b4668ba690 6603a17199ed722f242814031fe4ff1c925d32cc9c20579b074e64d560396a18
CLIENT_HANDSHAKE_TRAFFIC_SECRET 2fb40f57ba9a395552cf80a781fec5f688aae2d1077124b0b838539dafd08376 cb5c943e8942915e5d76b13f0f57ff0e3457c5c6120741d74c2392ed380a8db0
SERVER_HANDSHAKE_TRAFFIC_SECRET 2fb40f57ba9a395552cf80a781fec5f688aae2d1077124b0b838539dafd08376 d6d9802223f854cc70c16ddca081d6066b59aec83e18c16a8bca37c40fc930bd
CLIENT_TRAFFIC_SECRET_0 2fb40f57ba9a395552cf80a781fec5f688aae2d1077124b0b838539dafd08376 ed16bfe56be1a5bc6441544bca6ead04f856b7276f8c303aa77e52b3545d4d3d
SERVER_TRAFFIC_SECRET_0 2fb40f57ba9a395552cf80a781fec5f688aae2d1077124b0b838539dafd08376 5cef8a53f10610ed9d044c819fec66d5052573869904ba3e0e6bff776c550b68
EXPORTER_SECRET 2fb40f57ba9a395552cf80a781fec5f688aae2d1077124b0b838539dafd08376 94b4792986113f8645bbd42062f249ec7d32a61f8bfc4d93191bc205d94aafb6
