CLIENT_HANDSHAKE_TRAFFIC_SECRET 3631efcbadfbe50af7c32dd8823df2d004ada603bda311177e7cf2f92ec3f8bb 4ec0f6fa13eef89554ed13a92e9cbf435a57cf4982261483b80662ee032a1321
SERVER_HANDSHAKE_TRAFFIC_SECRET 3631efcbadfbe50af7c32dd8823df2d004ada603bda311177e7cf2f92ec3f8bb 6dcf7806ac52f29372421fd21f2c61a6280405efc5480d781757c1e66de0e3c5
CLIENT_TRAFFIC_SECRET_0 3631efcbadfbe50af7c32dd8823df2d004ada603bda311177e7cf2f92ec3f8bb e38df15d9f1a001e5f7bd6d4737c48b39b7ce0c20b83bd664891d4f2a2e5fe00
SERVER_TRAFFIC_SECRET_0 3631efcbadfbe50af7c32dd8823df2d004ada603bda311177e7cf2f92ec3f8bb 102def41f7f863c9ebf55a9fe1c8231762ad539937dbea8af072b0f038712820
EXPORTER_SECRET 3631efcbadfbe50af7c32dd8823df2d004ada603bda311177e7cf2f92ec3f8bb 7ea0e2ddd054b35c688959cd602e0d0438a11e5c31f7834f5422ee168e545b66
CLIENT_HANDSHAKE_TRAFFIC_SECRET 884cca07e95e3504464ab00be3689af19254e241367b969770f91ef0f84d51b9 1244710b681ac733283243ee72ee5f28be0f8d18461b55c81eaf094237e4ba99
SERVER_HANDSHAKE_TRAFFIC_SECRET 884cca07e95e3504464ab00be3689af19254e241367b969770f91ef0f84d51b9 01b9724d9f9fc86cba8610e62aafba8b2ba6341c485ce384e75e0b2ddbd723f9
CLIENT_TRAFFIC_SECRET_0 884cca07e95e3504464ab00be3689af19254e241367b969770f91ef0f84d51b9 49a6dca6c9fad241d37443824a6e8f0f50c7f6f676405cb4c36d526ea7c5d32d
SERVER_TRAFFIC_SECRET_0 884cca07e95e3504464ab00be3689af19254e241367b969770f91ef0f84d51b9 590dff2cb05fdbab7280d218b50fba76619c8ca99f57cad7c990c74a70d629f8
EXPORTER_SECRET 884cca07e95e3504464ab00be3689af19254e241367b969770f91ef0f84d51b9 fd7c9849cc5e9d0f4e459d8759baa1611f31da1f526f485c07de4fb3216000c9
CLIENT_HANDSHAKE_TRAFFIC_SECRET ca68ed3fe1ba54684e5c7809df91d14367a3215a94c77b68de48e6084f7b92e7 bb49a44050dc1e7c2e27871f54ad6a3c832ca61b35316023c2ad1e658e98143f
SERVER_HANDSHAKE_TRAFFIC_SECRET ca68ed3fe1ba54684e5c7809df91d14367a3215a94c77b68de48e6084f7b92e7 10cda7ebbc780ad05ceefc23034d602ddd30971437d60fec2f44a887d6c1bd0a
CLIENT_TRAFFIC_SECRET_0 ca68ed3fe1ba54684e5c7809df91d14367a3215a94c77b68de48e6084f7b92e7 364fa927969f53bc745e498256127fe755430a6283840809e0e45be8395a07bb
SERVER_TRAFFIC_SECRET_0 ca68ed3fe1ba54684e5c7809df91d14367a3215a94c77b68de48e6084f7b92e7 a2e81a30903655bffd5101d21e663eec04d2e7a12063a9fcce77aadc8bfdac28
EXPORTER_SECRET ca68ed3fe1ba54684e5c7809df91d14367a3215a94c77b68de48e6084f7b92e7 53607e227e44e4be057326a925ee7d9227f207ea9ef1e02d109dcd51848f9ae3
CLIENT_RANDOM 30e18994db0692584307f37ca3e3459a353f2b0e10da3259689dcacf9cbbc2a0 c10b2bc38f7c4d23e16ae9a2a507b4bf1d81c941b317d21fdf86c0d9de66707c8354f7295ac2b78811d58ad2441191d4
CLIENT_HANDSHAKE_TRAFFIC_SECRET 21d0e376b00fb7dc338459f19fca071c21d1f8400e9227a51b66431dbc1d60ad 1ea4abeac68865e788c9adccdb6e60ff7bfa96754ee6d21ac0b4baa9161f3c8f
SERVER_HANDSHAKE_TRAFFIC_SECRET 21d0e376b00fb7dc338459f19fca071c21d1f8400e9227a51b66431dbc1d60ad 042c64f30a100550bdb8761df1e30edce9169819efdbb3ace3618e48b0ebde22
CLIENT_TRAFFIC_SECRET_0 21d0e376b00fb7dc338459f19fca071c21d1f8400e9227a51b66431dbc1d60ad c16e6c97eda573fc9ba4f3406c3c2edf26a746bd0dbafe3357b9e455ff08f053
SERVER_TRAFFIC_SECRET_0 21d0e376b00fb7dc338459f19fca071c21d1f8400e9227a51b66431dbc1d60ad 0af50c1a08105fdf68d76311d17e68e1f857e3c3a68e73036179dc7795a57476
EXPORTER_SECRET 21d0e376b00fb7dc338459f19fca071c21d1f8400e9227a51b66431dbc1d60ad 8ce94cbfa66c9dd81150005028cc5f6305c7e6dfab2bcf80dd0e52aa014e8fc4
CLIENT_HANDSHAKE_TRAFFIC_SECRET 91d8003ae58ca3083e5c94817222d7a9bc1a1787fedf7e13b76b9066b380ad15 6a9a29abadd4452ec732731cb4e3c916587bc284e7d4b16f809d1b9e7f145cbc
SERVER_HANDSHAKE_TRAFFIC_SECRET 91d8003ae58ca3083e5c94817222d7a9bc1a1787fedf7e13b76b9066b380ad15 bb03cc208d9a801440341ce4e702f65428efb91cb38f5786ee3bf88087649d1a
CLIENT_TRAFFIC_SECRET_0 91d8003ae58ca3083e5c94817222d7a9bc1a1787fedf7e13b76b9066b380ad15 d40bb060b81a50cf831693286fc9af3ec71a4e9460f8fa921b5c77d913f8bcbc
SERVER_TRAFFIC_SECRET_0 91d8003ae58ca3083e5c94817222d7a9bc1a1787fedf7e13b76b9066b380ad15 56dfc823e016de7eae0684217749ddb05c80ecda49be32bb4a203b6ba797b9eb
EXPORTER_SECRET 91d8003ae58ca3083e5c94817222d7a9bc1a1787fedf7e13b76b9066b380ad15 2abe3e7ee3d550f9b82b96f5fd586ed56a7a6641bf545849fd89f91f0dc431d7
CLIENT_HANDSHAKE_TRAFFIC_SECRET 354d5ce4ec4092192f05ae0ec6f04fea604bd38934b3e5fecaf72056580f45b9 0115233c230175e4c7d146d2afaf390e880fa27e8cfe0a1161ed5b9dba60a9a2
SERVER_HANDSHAKE_TRAFFIC_SECRET 354d5ce4ec4092192f05ae0ec6f04fea604bd38934b3e5fecaf72056580f45b9 0afa643b45604801a06ec13b1af216c3f6c9c69522feb0f8f6af0dd0f235d68e
CLIENT_HANDSHAKE_TRAFFIC_SECRET 394b70ecbaa889bb51a7bcd60135bd72bb408216b71fd7cb48d130c33f9e0eae d32dd5d0d2d2a7ab4d0bcda68cc11de79d47e70a3466d902be51b45167199079
SERVER_HANDSHAKE_TRAFFIC_SECRET 394b70ecbaa889bb51a7bcd60135bd72bb408216b71fd7cb48d130c33f9e0eae 88c2676001bca502e13c6cac31738873577f1f65bbcfec657a159a15825fa493
CLIENT_HANDSHAKE_TRAFFIC_SECRET 72110e763abb9ddc6a296ecd01f4ff6460b2e9f414fdd4f5703067c5688c6f46 8c37fe1d4473beb284effd5e8ee572efa15130438977d5747f6acd28242b1bf8
SERVER_HANDSHAKE_TRAFFIC_SECRET 72110e763abb9ddc6a296ecd01f4ff6460b2e9f414fdd4f5703067c5688c6f46 cf8be7d93af3dfc27d8f83fb0813306ccf32645c542cf64106a38d2b69ad32d0
CLIENT_HANDSHAKE_TRAFFIC_SECRET 31b4cb8c1f3e2c000e3f274315cb29e46073211df91f789e97fcba4844f668eb 0d2dda91f2483edb9fe25a5018b06af5f8e93468d2d97e200c46765b3bf9a115
SERVER_HANDSHAKE_TRAFFIC_SECRET 31b4cb8c1f3e2c000e3f274315cb29e46073211df91f789e97fcba4844f668eb 33670c03ecfeeb6670233934d09b3e83b69ea8988d47af9bd1471fdba4451ae9
CLIENT_TRAFFIC_SECRET_0 394b70ecbaa889bb51a7bcd60135bd72bb408216b71fd7cb48d130c33f9e0eae 884a65c0d0100ce11555f2ab26735d15e1d530ef09e6fb2c53ec4c9708315028
SERVER_TRAFFIC_SECRET_0 394b70ecbaa889bb51a7bcd60135bd72bb408216b71fd7cb48d130c33f9e0eae cec6f72a2c161ea2e3f0e647beab798c1990aedce38525912fa800338bd70987
EXPORTER_SECRET 394b70ecbaa889bb51a7bcd60135bd72bb408216b71fd7cb48d130c33f9e0eae 722364acfa5eaa806ef67dfacd97cedc70ccde54ff553868fdbc22ce932c4dc5
CLIENT_TRAFFIC_SECRET_0 72110e763abb9ddc6a296ecd01f4ff6460b2e9f414fdd4f5703067c5688c6f46 7b2d1fcd41628883e8ff758d1a242b31fbac95214fbda6602dad4551749ff983
SERVER_TRAFFIC_SECRET_0 72110e763abb9ddc6a296ecd01f4ff6460b2e9f414fdd4f5703067c5688c6f46 15d2334c31115384292ad74ba91078a7aca995b5fd89ede985416406a28d9207
EXPORTER_SECRET 72110e763abb9ddc6a296ecd01f4ff6460b2e9f414fdd4f5703067c5688c6f46 12f53e2381cd6bde6542025fb9bfb9135b716286679ceb6f36080606460a0f23
CLIENT_TRAFFIC_SECRET_0 31b4cb8c1f3e2c000e3f274315cb29e46073211df91f789e97fcba4844f668eb ecaa0299cd81ce79448404decc7571379db68d1828af9118bf2182e7e53f162f
SERVER_TRAFFIC_SECRET_0 31b4cb8c1f3e2c000e3f274315cb29e46073211df91f789e97fcba4844f668eb c7346b5fe1932833e9a511c5b6367184359c05a72d15c6bd745290e901edefa8
EXPORTER_SECRET 31b4cb8c1f3e2c000e3f274315cb29e46073211df91f789e97fcba4844f668eb 0b615d1300e9ac87fac9812d77e75488efd2f99a1c508f10e7a33c66cc77453d
CLIENT_TRAFFIC_SECRET_0 354d5ce4ec4092192f05ae0ec6f04fea604bd38934b3e5fecaf72056580f45b9 a6898428d5c21f54e2c9e0f4f6c1dcd62ed0ec2145d36ab339415cc2ffc7d16f
SERVER_TRAFFIC_SECRET_0 354d5ce4ec4092192f05ae0ec6f04fea604bd38934b3e5fecaf72056580f45b9 65aaac772f79dd412d4e4957ed878479f2e0f84950adf234e1b0b1d56ce3dc20
EXPORTER_SECRET 354d5ce4ec4092192f05ae0ec6f04fea604bd38934b3e5fecaf72056580f45b9 056989b58fd2ca69670db87f2dea2256d4c4290b9a267d7f810a51c46bdd25f6
CLIENT_HANDSHAKE_TRAFFIC_SECRET db201c95c2c58cbee7980e85d0c45cc19b614618234da24d1653662a1a44e4f4 8bcc6b437a8c073270c1e3cd81aeb90887028983122cc0d14a4bd0fa218ffa0f
SERVER_HANDSHAKE_TRAFFIC_SECRET db201c95c2c58cbee7980e85d0c45cc19b614618234da24d1653662a1a44e4f4 2732e69f16f3b3bd8b507641dedaa636fcd7e3c0316189a52e2a3789535b2427
CLIENT_HANDSHAKE_TRAFFIC_SECRET d7117e4520d5497f1d572f302c0e95c525cc4ea7159c072f779617b75c32848e 2a697785de509988d0e38afc9a3c0061c247f4d6f6dbf2d63a3599d016084eb0
SERVER_HANDSHAKE_TRAFFIC_SECRET d7117e4520d5497f1d572f302c0e95c525cc4ea7159c072f779617b75c32848e a6d084d7c1b321894564bf069f6c578cdd7fbb6bda0aed7b1030690b83099d86
CLIENT_HANDSHAKE_TRAFFIC_SECRET 8322d4a90dd1b2bec21e1f389fc2684a0d67e32a5edf3e26ef5ec103a47cd115 29356b16a8c6c1a72e3ff943b696168c07bb801c206657ad7fdf129cab6fb02b
SERVER_HANDSHAKE_TRAFFIC_SECRET 8322d4a90dd1b2bec21e1f389fc2684a0d67e32a5edf3e26ef5ec103a47cd115 b85ee68676e124312d55a90d219b11122ab579ffab03e585f72a6049052f516f
CLIENT_TRAFFIC_SECRET_0 d7117e4520d5497f1d572f302c0e95c525cc4ea7159c072f779617b75c32848e 24b5b6eb0a8f048e73a088a34693e797f2da24afbb936c18f9ae9d53412f81d2
SERVER_TRAFFIC_SECRET_0 d7117e4520d5497f1d572f302c0e95c525cc4ea7159c072f779617b75c32848e cf776191da25f9f321f58ff1789618613eb48851802ad33d20e671c9b4ebbf56
EXPORTER_SECRET d7117e4520d5497f1d572f302c0e95c525cc4ea7159c072f779617b75c32848e fc0dbf2cd6eb3c343db0b0962c252970a10d89072d217af89adb642027e46aec
CLIENT_TRAFFIC_SECRET_0 8322d4a90dd1b2bec21e1f389fc2684a0d67e32a5edf3e26ef5ec103a47cd115 f78f8a59f81be7661a3a1d88922aca13cbb66a2e4c22025d49a93e0254edf877
SERVER_TRAFFIC_SECRET_0 8322d4a90dd1b2bec21e1f389fc2684a0d67e32a5edf3e26ef5ec103a47cd115 b5568290811c63828e85336b5e2edc755470eebfdcfd28109f55319b02d5eb8f
EXPORTER_SECRET 8322d4a90dd1b2bec21e1f389fc2684a0d67e32a5edf3e26ef5ec103a47cd115 710caac60410cfd53c19a7178c2aca730b96b1f779aedee1e2ff5ffbb28cf5ea
CLIENT_HANDSHAKE_TRAFFIC_SECRET 4fdfd6a7eb92ac4ef37427f2dde804398a098a9277ed941754f90e84ea5c3c16 f2a3841e33b396000193b17548836dd9ac8dd478ed34708d803b289edcfb2cb2
SERVER_HANDSHAKE_TRAFFIC_SECRET 4fdfd6a7eb92ac4ef37427f2dde804398a098a9277ed941754f90e84ea5c3c16 192efd5ca82657b2c6eeb9a10072e3159f6bd0e0a0bdf51ba93c651e15703fc0
CLIENT_TRAFFIC_SECRET_0 4fdfd6a7eb92ac4ef37427f2dde804398a098a9277ed941754f90e84ea5c3c16 8adc46b891aafea19d180cf43de53f8225b260b61b4d0a58d76cfa860c89f9bd
SERVER_TRAFFIC_SECRET_0 4fdfd6a7eb92ac4ef37427f2dde804398a098a9277ed941754f90e84ea5c3c16 2c37563bda752c48fc29bcc68a255889318acc0b49c21b6241169d30b1053770
EXPORTER_SECRET 4fdfd6a7eb92ac4ef37427f2dde804398a098a9277ed941754f90e84ea5c3c16 e5276fc59de9a3f1ded456a5d6bfd75213a381f81256d1e2a1efcb396b52edc3
CLIENT_HANDSHAKE_TRAFFIC_SECRET 733b487f0e0a39cd8e53efbbf4dd0f0f0a809547fba65f095a02e2fcec5a7ea5 e3854f64818e0dea91ee2be87c8c92fc6db1ff098395577280b8656bbc459778
SERVER_HANDSHAKE_TRAFFIC_SECRET 733b487f0e0a39cd8e53efbbf4dd0f0f0a809547fba65f095a02e2fcec5a7ea5 5e28c0df950d28867faf14c12f8a905640879554d201e982eb0bd0a957b41dee
CLIENT_TRAFFIC_SECRET_0 733b487f0e0a39cd8e53efbbf4dd0f0f0a809547fba65f095a02e2fcec5a7ea5 238c15e55a44c228654d74c80d1cd81a6980548a27210a800c6553e42c2d6917
SERVER_TRAFFIC_SECRET_0 733b487f0e0a39cd8e53efbbf4dd0f0f0a809547fba65f095a02e2fcec5a7ea5 770ab35dfa0bd9a7a822ee2c19951c2e7b59caf2452480ab4461c231302f3399
EXPORTER_SECRET 733b487f0e0a39cd8e53efbbf4dd0f0f0a809547fba65f095a02e2fcec5a7ea5 aba6e14e3d256ffb37e3ad56e4f7cf7c25287dc4976c1283c1cf138342533802
CLIENT_HANDSHAKE_TRAFFIC_SECRET 5cd72cf747c0fe40bd6b9c01db3abda004e59c38cc0b0758dfc3542491524246 1fc78532f4ab6169d299691e3ac7d7c027efd0006e79f9833253f40a3cc936ef
SERVER_HANDSHAKE_TRAFFIC_SECRET 5cd72cf747c0fe40bd6b9c01db3abda004e59c38cc0b0758dfc3542491524246 9b2a30a02fe36f2180db42bd8147c6ce40dd02d5aa698ed823e2719178ad1baa
CLIENT_TRAFFIC_SECRET_0 5cd72cf747c0fe40bd6b9c01db3abda004e59c38cc0b0758dfc3542491524246 76822babaf9ff2973b4a2b58a1032db9aaadef77fb3f7ebc8d486d8b3fb5e564
SERVER_TRAFFIC_SECRET_0 5cd72cf747c0fe40bd6b9c01db3abda004e59c38cc0b0758dfc3542491524246 261e84803fa8efffc22bcd41f4e3ec75a5d66233943a083a69a72ba75f8065d6
EXPORTER_SECRET 5cd72cf747c0fe40bd6b9c01db3abda004e59c38cc0b0758dfc3542491524246 b2c5da0214d3ddc001b296f637c294bcd58510997b9f9aaf07e40b57ada54463
CLIENT_HANDSHAKE_TRAFFIC_SECRET c150fb19e02faa5eb591e3fcd66a05d2f75bdfe8f07a5406a6de049ae72452e7 3f6678c610f65ff275d541a4a4660dbaafaeb629bd44cef83315beb91e3dd057
SERVER_HANDSHAKE_TRAFFIC_SECRET c150fb19e02faa5eb591e3fcd66a05d2f75bdfe8f07a5406a6de049ae72452e7 9aa110c7599e08cfed324353b0f79d141288d1d63430caa63eee28704023f1f9
CLIENT_TRAFFIC_SECRET_0 c150fb19e02faa5eb591e3fcd66a05d2f75bdfe8f07a5406a6de049ae72452e7 8333d5fba0e8ee68463a23237acbf4b9451d1b576365a59129c84d4a41842016
SERVER_TRAFFIC_SECRET_0 c150fb19e02faa5eb591e3fcd66a05d2f75bdfe8f07a5406a6de049ae72452e7 0ab81adc2b00ab5f3518eaed767cb358d4d14b9ae5c9f7c80cf8731d77d57b8b
EXPORTER_SECRET c150fb19e02faa5eb591e3fcd66a05d2f75bdfe8f07a5406a6de049ae72452e7 b742331b8bcf66f15d32c2121eddcc63de44128826f03e686c62f318155a994c
CLIENT_HANDSHAKE_TRAFFIC_SECRET b6caf98e03183292a45e05d1ec035f2d7f7b2c8c4e1fb015b58e24023e133cbc 33fa0ebf4a5b537ef36fae6242632f66b0f1dfe2246cd6c6a39e898407bd7d87
SERVER_HANDSHAKE_TRAFFIC_SECRET b6caf98e03183292a45e05d1ec035f2d7f7b2c8c4e1fb015b58e24023e133cbc 3445c76c90564dd974c38c03720774312726036194e0bd41e766625652560c68
CLIENT_TRAFFIC_SECRET_0 b6caf98e03183292a45e05d1ec035f2d7f7b2c8c4e1fb015b58e24023e133cbc 365121e20d518dfab0bce5fa3991b51ecebd48f744e9a7a9249e31a1246461e0
SERVER_TRAFFIC_SECRET_0 b6caf98e03183292a45e05d1ec035f2d7f7b2c8c4e1fb015b58e24023e133cbc 8c44bdd60fe35acb568e1f236b37fff0e5d7a18037251e77f1c245d8267e2b03
EXPORTER_SECRET b6caf98e03183292a45e05d1ec035f2d7f7b2c8c4e1fb015b58e24023e133cbc cbf4c2ca38192181055d4e0c8cd7fb4df6bdc95acd9094772fc1a72ce094637e
CLIENT_HANDSHAKE_TRAFFIC_SECRET 2eeed42a162c166fb7243b70f05dad3db52076d56ce52b915e11990fd209286a 2dae00ff21ad26c8c4a9d8f5e5a332086ed1ffdc48f0f1b23a8846bd14e08106
SERVER_HANDSHAKE_TRAFFIC_SECRET 2eeed42a162c166fb7243b70f05dad3db52076d56ce52b915e11990fd209286a 5f1f03b4c703a0e7b3e878a4f4296f72fb6fd437a25546abcc257bc843c391ed
CLIENT_TRAFFIC_SECRET_0 2eeed42a162c166fb7243b70f05dad3db52076d56ce52b915e11990fd209286a 2d715d0738c97eb6aa32711a738eaf9d4201e972312708a4afa92d091f475479
SERVER_TRAFFIC_SECRET_0 2eeed42a162c166fb7243b70f05dad3db52076d56ce52b915e11990fd209286a 0c810cf07b40b6ea49a625e2bf836561119a168a48e293a9d0cc2847958b3e43
EXPORTER_SECRET 2eeed42a162c166fb7243b70f05dad3db52076d56ce52b915e11990fd209286a f2f883f266ee1fc9b37cecb94b9feeece47569179579a0b40ab305b6f66113b5
CLIENT_HANDSHAKE_TRAFFIC_SECRET 961c43033df8b47f685ec5462967a17cecc75a7933145fc986c18a15acd17189 cee9ed36c6dbf795b26096084ff0669a6ef8edfca4a8e9780bf676ac52495d86
SERVER_HANDSHAKE_TRAFFIC_SECRET 961c43033df8b47f685ec5462967a17cecc75a7933145fc986c18a15acd17189 41fb68d3d553306631f708249090566c9b4f01bfcca6134fee59bef407209869
CLIENT_TRAFFIC_SECRET_0 961c43033df8b47f685ec5462967a17cecc75a7933145fc986c18a15acd17189 8a9fd2e937e043c864039bb783b50b5a84455cfbe966f534f1a6ab927338eaca
SERVER_TRAFFIC_SECRET_0 961c43033df8b47f685ec5462967a17cecc75a7933145fc986c18a15acd17189 eda4c37845372e59cfd7d458ec10ffe4646c0d9c2e6ac588d1bac724b7d4cff6
EXPORTER_SECRET 961c43033df8b47f685ec5462967a17cecc75a7933145fc986c18a15acd17189 9dc95059432e1bebc426c05d16ca59c9e1a54b72860530a5ee8bcde812ef487e
CLIENT_HANDSHAKE_TRAFFIC_SECRET f43b50881220e6af1279b61b1d8096b5058b2da5dcb37abd40fc1c44d3a64117 1cd9918b3b57eb7673f1c34dd4a283c5f00fe3e8eaffbc85ecbfc60ad088ce70
SERVER_HANDSHAKE_TRAFFIC_SECRET f43b50881220e6af1279b61b1d8096b5058b2da5dcb37abd40fc1c44d3a64117 c53df2c2e9cdc93a29635eb00663aaf2a446f71debacf2c837431f502714e9a8
CLIENT_TRAFFIC_SECRET_0 f43b50881220e6af1279b61b1d8096b5058b2da5dcb37abd40fc1c44d3a64117 49e089f506a4a41100597237076589eaeffcd0b4e4730a84181251a62d707810
SERVER_TRAFFIC_SECRET_0 f43b50881220e6af1279b61b1d8096b5058b2da5dcb37abd40fc1c44d3a64117 82ddd6ea6aafac67afb9ea1708f87cc412d280ca8db46523f1ced0107632690f
EXPORTER_SECRET f43b50881220e6af1279b61b1d8096b5058b2da5dcb37abd40fc1c44d3a64117 8f8f3c29b13a722f42c0689b3ea569ec4fb010924477f63713f967f4e4d893f2
CLIENT_HANDSHAKE_TRAFFIC_SECRET 672bb0e93faedf70951ca5c5a026bf739e584167a16f1e4d1d34061e8294f826 9b21c463f9ec72164d892986f6ab5d057a165b0ff0c1499753c42ed8f8151650
SERVER_HANDSHAKE_TRAFFIC_SECRET 672bb0e93faedf70951ca5c5a026bf739e584167a16f1e4d1d34061e8294f826 34977849ae5b11b59ec37cbcc873e891837b544db8666c92470b633e6730b506
CLIENT_HANDSHAKE_TRAFFIC_SECRET 9849caf53cadcd82f9153bdd7fee78ccc30cd55fdadf3e8d367e889aa950400c 065ddff6457879747a03ac8668ac2a00ffb9f0db38d08afd488a1afc0aaae7bc
SERVER_HANDSHAKE_TRAFFIC_SECRET 9849caf53cadcd82f9153bdd7fee78ccc30cd55fdadf3e8d367e889aa950400c f8d866a8d3a2f5261d9eb06f3b849fc6627314b8f2a5850e018c0fc025c0bd0f
CLIENT_TRAFFIC_SECRET_0 672bb0e93faedf70951ca5c5a026bf739e584167a16f1e4d1d34061e8294f826 4a36a15cee241420919259e4b2c940b59bb4207b38ec2a0bd913de3309747ceb
SERVER_TRAFFIC_SECRET_0 672bb0e93faedf70951ca5c5a026bf739e584167a16f1e4d1d34061e8294f826 9289128ef518dc1d13953ca177a3db964d3a82a8f67eecefb3a2cdbc2216c55e
EXPORTER_SECRET 672bb0e93faedf70951ca5c5a026bf739e584167a16f1e4d1d34061e8294f826 250360c05321bfc11789be23484bbc7a7212dd85ea6a2d4ae640b32a55b3aa84
CLIENT_TRAFFIC_SECRET_0 9849caf53cadcd82f9153bdd7fee78ccc30cd55fdadf3e8d367e889aa950400c 66589ab38db148845db63b62bc081493db84f456731db436a5d4576aecb701a2
SERVER_TRAFFIC_SECRET_0 9849caf53cadcd82f9153bdd7fee78ccc30cd55fdadf3e8d367e889aa950400c 49e5a87fa8c183c2e78fe84888a9867e6afcbcb7d51426d196fdb76575ff8b41
EXPORTER_SECRET 9849caf53cadcd82f9153bdd7fee78ccc30cd55fdadf3e8d367e889aa950400c 35b1d29b45bb97065c69c5f7db2a88decb500e8f5277a787a5d5c9cdf53f56b5
CLIENT_HANDSHAKE_TRAFFIC_SECRET b2b55c5fed65266b9c910b558d3f0301b1a949977de00f0549bb8c39775b6be0 79be97c6765d97bbd07b52ea3087fb797706fe585c13c2011306c9b9e4256853
SERVER_HANDSHAKE_TRAFFIC_SECRET b2b55c5fed65266b9c910b558d3f0301b1a949977de00f0549bb8c39775b6be0 870cd3dbb97cad3defa797fe73d12b4177b6c457018a1be6e0427d7d6975a126
CLIENT_HANDSHAKE_TRAFFIC_SECRET 363a4d2bd134ee0b22de2bba8f133b01c40761f18b8c2e95d7af699a39ebac97 3a8d00886dd18dde8b4f7f4d991e96ef013ffbdb1c895a9d7cac5b4c4a8ac98a
SERVER_HANDSHAKE_TRAFFIC_SECRET 363a4d2bd134ee0b22de2bba8f133b01c40761f18b8c2e95d7af699a39ebac97 6ee5dc092f59b79825eae5b4e7e1e098476aa3180f545ef799b4f73f68040124
CLIENT_TRAFFIC_SECRET_0 b2b55c5fed65266b9c910b558d3f0301b1a949977de00f0549bb8c39775b6be0 50cf40a14af006dc90fdbf282c0ae2a589ee3f148c30b3de3963adfe4278501f
SERVER_TRAFFIC_SECRET_0 b2b55c5fed65266b9c910b558d3f0301b1a949977de00f0549bb8c39775b6be0 ecc59c94dbc0513a1eaecf9907410adfffa1381dccdb97e633228876d9f13353
EXPORTER_SECRET b2b55c5fed65266b9c910b558d3f0301b1a949977de00f0549bb8c39775b6be0 3cf539beb07994006221a11546658f7c8c61ac92f3a55239653acdf19111ec09
CLIENT_TRAFFIC_SECRET_0 363a4d2bd134ee0b22de2bba8f133b01c40761f18b8c2e95d7af699a39ebac97 86fce7efa7027bb648683628771a6ea32ef33857717195e549762d10af82e539
SERVER_TRAFFIC_SECRET_0 363a4d2bd134ee0b22de2bba8f133b01c40761f18b8c2e95d7af699a39ebac97 01fe82a641521ce3e58114d9f307aa9853852be3ca4c8f77d8a1b39448de51f4
EXPORTER_SECRET 363a4d2bd134ee0b22de2bba8f133b01c40761f18b8c2e95d7af699a39ebac97 37b5f906dbe21af2f385eb8a9d34fdd8146c8c68ce1592f4de76f42e17408d53
CLIENT_HANDSHAKE_TRAFFIC_SECRET af02ee721db2bbe264498f756bfb9a811240765f1c35678dd35e2b0a79a5447d b94a08c1c60a7939693c5175590aafa7dc10565f4eebc40d50c44d7720b4605e
SERVER_HANDSHAKE_TRAFFIC_SECRET af02ee721db2bbe264498f756bfb9a811240765f1c35678dd35e2b0a79a5447d ebabba59f81f1ff6fc7c29f01e277d923130615fee2ae16b6f4c484877e4060b
CLIENT_HANDSHAKE_TRAFFIC_SECRET a69ad47928bd504b941dff38588736a048e8aa840dedb78f16ea64055aa1e727 ab4f46425acb5647f20ee59ace17e160a82faae12420ee722fbd5a69c68c21ae
SERVER_HANDSHAKE_TRAFFIC_SECRET a69ad47928bd504b941dff38588736a048e8aa840dedb78f16ea64055aa1e727 69f9ee6f9d09370b5d043aa50ab728b4097dc7d8424afad577fb45e48ef039ee
CLIENT_TRAFFIC_SECRET_0 af02ee721db2bbe264498f756bfb9a811240765f1c35678dd35e2b0a79a5447d 1796fbfcfc78771d74ddb9f1b77ac42680682770a2941f317e7ea579e76682d1
SERVER_TRAFFIC_SECRET_0 af02ee721db2bbe264498f756bfb9a811240765f1c35678dd35e2b0a79a5447d 7f9963094fd22ab0d7bddfbb0f199f8695643b29d6d6ca7b070a57496bbe1def
EXPORTER_SECRET af02ee721db2bbe264498f756bfb9a811240765f1c35678dd35e2b0a79a5447d a11d74ad31ef6b1af6fc5c8247e6311dbbe743285509b1c39a0841e574215bce
CLIENT_TRAFFIC_SECRET_0 a69ad47928bd504b941dff38588736a048e8aa840dedb78f16ea64055aa1e727 e8d722322e6e0cab9619da663f684020e3b0d7a4707ca87dcef7a5eadc784103
SERVER_TRAFFIC_SECRET_0 a69ad47928bd504b941dff38588736a048e8aa840dedb78f16ea64055aa1e727 7861a5108c0553a9c4478cc51313c7ac2bb487348f5722a0d18494d5516e5d24
EXPORTER_SECRET a69ad47928bd504b941dff38588736a048e8aa840dedb78f16ea64055aa1e727 ef271c5a3e4fdce23b8fdc0d965e53000dcbc056fce8e6646dbf098fe586f117
CLIENT_HANDSHAKE_TRAFFIC_SECRET b1f8f2c2fe31f6f4018768ca9584f2ad8e6757a1508957ceac86f4e85cfec4ae 7dfa189b68262b34937abf7eff80d721bd519243025c77132de9396f9d9d13a5
SERVER_HANDSHAKE_TRAFFIC_SECRET b1f8f2c2fe31f6f4018768ca9584f2ad8e6757a1508957ceac86f4e85cfec4ae db739a1dc2b54acf3ee6aca8df92e7bbab22a6bdad9d74b1d069428275415bf5
CLIENT_HANDSHAKE_TRAFFIC_SECRET 46dd1db90d05616115d7743916a80263d482eddbd82da779988cc827d628c01e e57c5c2f3fa27417be5156a2601372660611bdfac34c27aa8e897deb69ba7d41
SERVER_HANDSHAKE_TRAFFIC_SECRET 46dd1db90d05616115d7743916a80263d482eddbd82da779988cc827d628c01e 49acd5511009c2ed39e5061ddde3f0fec28ceea1a959a3b481e603eb53156055
CLIENT_TRAFFIC_SECRET_0 b1f8f2c2fe31f6f4018768ca9584f2ad8e6757a1508957ceac86f4e85cfec4ae 656cfb9ac1c7d9742e33820211c05589da229125fc3f9e20b1103a7645bb8e4e
SERVER_TRAFFIC_SECRET_0 b1f8f2c2fe31f6f4018768ca9584f2ad8e6757a1508957ceac86f4e85cfec4ae 188ca5e8da7721fd07357fe0b9e26fce1d0cc94a00f81405b3f868fdc6df8971
EXPORTER_SECRET b1f8f2c2fe31f6f4018768ca9584f2ad8e6757a1508957ceac86f4e85cfec4ae a05d6ea036d43d388488cd24a9e301c492ba87464a06ec39740d63a0752c2ce4
CLIENT_TRAFFIC_SECRET_0 46dd1db90d05616115d7743916a80263d482eddbd82da779988cc827d628c01e 8eb829315f6479833a52228bcf2cc4a82d83922d1747bf8040b9db114a079a92
SERVER_TRAFFIC_SECRET_0 46dd1db90d05616115d7743916a80263d482eddbd82da779988cc827d628c01e 2852167ceb75c8f1f314a560b145d93a8bf3faf9472d9a34cac45d55ec2834c3
EXPORTER_SECRET 46dd1db90d05616115d7743916a80263d482eddbd82da779988cc827d628c01e 4d1f3354abdffcea7f805e24751b3f55d8cea47f26ae9ed53f1fcdc8bfbf55d6
CLIENT_HANDSHAKE_TRAFFIC_SECRET 02b579ad561ead2766bd86f27709b34e936d70df8efb92acffb5d68103c881b7 34689cfcd17d77169619134fd77e91c51b08518ba44e7468cae6c027cef9dfec
SERVER_HANDSHAKE_TRAFFIC_SECRET 02b579ad561ead2766bd86f27709b34e936d70df8efb92acffb5d68103c881b7 6d9b90c9eff816c9ad9d950ce912db475664a5d5e993117930a6636ef109d4c2
CLIENT_TRAFFIC_SECRET_0 02b579ad561ead2766bd86f27709b34e936d70df8efb92acffb5d68103c881b7 cbde22f248aaead247d7edc1e538596040731f0fe831326c1afbefca7037d5b7
SERVER_TRAFFIC_SECRET_0 02b579ad561ead2766bd86f27709b34e936d70df8efb92acffb5d68103c881b7 aee65a1d9c55bf5c579dcaaa72f0527bfea76af7e7ebd90c0e1f1a5ae8b865db
EXPORTER_SECRET 02b579ad561ead2766bd86f27709b34e936d70df8efb92acffb5d68103c881b7 8e0a0153be0d7e5c4991e7beaa6c2425d8ebad9df4bcb18d9d9313d20ab16b9d
CLIENT_HANDSHAKE_TRAFFIC_SECRET 1d3239fe87c8d101794740dce27d3ecd69f1afc34e39e29d5b474c7cce804151 c2c19e7395cc35e02919013cfaa0b50a92633e7ad295451510a2c61b8e6dfbed
SERVER_HANDSHAKE_TRAFFIC_SECRET 1d3239fe87c8d101794740dce27d3ecd69f1afc34e39e29d5b474c7cce804151 c63067d5c1ff8baf3e27a5e8e28f545fd90b652fbcbaaa73d13fb3ca2d9f29db
CLIENT_TRAFFIC_SECRET_0 1d3239fe87c8d101794740dce27d3ecd69f1afc34e39e29d5b474c7cce804151 055d855f2c0f8ff09ef1c46a7832307b33896027da27bacc105b346ea7591b29
SERVER_TRAFFIC_SECRET_0 1d3239fe87c8d101794740dce27d3ecd69f1afc34e39e29d5b474c7cce804151 4f22710e2ff25738baeb0e29ce8aab7d6702bab56fba2d0a571f990b22fb7ba0
EXPORTER_SECRET 1d3239fe87c8d101794740dce27d3ecd69f1afc34e39e29d5b474c7cce804151 d3257dcc0331fa9afc3346ffc62b133f912bc3c7d50088187a4b3ace6a287075
CLIENT_HANDSHAKE_TRAFFIC_SECRET 6ee51f893a3267c92e648c90f0fe1dd8854eea2a8da497e60ad8b2829e7d103a 8a5d8658340f263d59f8e9699d2f046f95fcb2d7f1195b075d89fef39f169aa7
SERVER_HANDSHAKE_TRAFFIC_SECRET 6ee51f893a3267c92e648c90f0fe1dd8854eea2a8da497e60ad8b2829e7d103a e2fe63b97595b5937c26bd69d804ed67832875a97ffcccc084eb97ed1d5cbbed
CLIENT_HANDSHAKE_TRAFFIC_SECRET 9c39ca4578e3406fd3541502e67c1010a1159eb9b5a9e9730b5aed87b0542594 fb596212d7cb64e6b03701ed3fec483904cb2475ba28128c3e6e3010f3e85e86
SERVER_HANDSHAKE_TRAFFIC_SECRET 9c39ca4578e3406fd3541502e67c1010a1159eb9b5a9e9730b5aed87b0542594 bd1fe565824999e2c5cc39c977ad13ef9bfd3c2c191be64d76e4e9c0003a7176
CLIENT_TRAFFIC_SECRET_0 6ee51f893a3267c92e648c90f0fe1dd8854eea2a8da497e60ad8b2829e7d103a fd157cfb8be13d2097591db1e617b58c563caba70132930b1787da0f79375060
SERVER_TRAFFIC_SECRET_0 6ee51f893a3267c92e648c90f0fe1dd8854eea2a8da497e60ad8b2829e7d103a 0f3c828d5bfb80e1b3b09e1384cde1d85e2d3b61517c61b20f0b317c0a299714
EXPORTER_SECRET 6ee51f893a3267c92e648c90f0fe1dd8854eea2a8da497e60ad8b2829e7d103a 0ae38906dde07c1db7e028b12f46bdb10cc77ae420dd5687092eb5ddfe1eb826
CLIENT_TRAFFIC_SECRET_0 9c39ca4578e3406fd3541502e67c1010a1159eb9b5a9e9730b5aed87b0542594 cac076e173dc390ca831a1042db70877efbd8e01533c74e7f18661711f17d8d9
SERVER_TRAFFIC_SECRET_0 9c39ca4578e3406fd3541502e67c1010a1159eb9b5a9e9730b5aed87b0542594 97a7b256b9a3c8a15de3dff5d35825e5491e5e57bf91af629503f941a5330b7c
EXPORTER_SECRET 9c39ca4578e3406fd3541502e67c1010a1159eb9b5a9e9730b5aed87b0542594 871ffbc773d1807826a941e4e4398c7a50669e576154f59475d5dd0170925b92
CLIENT_HANDSHAKE_TRAFFIC_SECRET 128b4adedfe98ae7c5adaae4eee3a6e8d6b963105e3719f5446f69dd1cfd5990 26e5aa5a09443389072ed314ce3f4081bd2f631d5f7c696ef4acfef4cecfab91
SERVER_HANDSHAKE_TRAFFIC_SECRET 128b4adedfe98ae7c5adaae4eee3a6e8d6b963105e3719f5446f69dd1cfd5990 e66e622fb48391c6ad912fc7b8723d5a837f1ab2de42219f600fbaa9059cdd27
CLIENT_TRAFFIC_SECRET_0 128b4adedfe98ae7c5adaae4eee3a6e8d6b963105e3719f5446f69dd1cfd5990 2e96ab9358711ed5db721a637b496aa610bac963f1fa4e14b4790148c817c25b
SERVER_TRAFFIC_SECRET_0 128b4adedfe98ae7c5adaae4eee3a6e8d6b963105e3719f5446f69dd1cfd5990 ca2805eb501a65f6b92fb8fcee005b6b4e8f4735c40c1ef758f309c02fa4285e
EXPORTER_SECRET 128b4adedfe98ae7c5adaae4eee3a6e8d6b963105e3719f5446f69dd1cfd5990 ecf22750ef04ecb537f4b20aa1b35be21d5bb12909b78cdb817a924da5f17f61
