CLIENT_HANDSHAKE_TRAFFIC_SECRET c848931ca142f8c2e21ecac7a5b923d10548b62a687428ce22b40da67ca99bd7 c48e06b2bb126fd9cd3b295be1f17947129cbd09e5bb5f34e3f9fb3753e0d7ff05f1f63546210a52e44e4ce513793642
SERVER_HANDSHAKE_TRAFFIC_SECRET c848931ca142f8c2e21ecac7a5b923d10548b62a687428ce22b40da67ca99bd7 35144b72b080157375b855d38805226b6c768b4ba02c1bcbaa3115d2de040535b2ab915915c641661712755c9c4bc812
CLIENT_TRAFFIC_SECRET_0 c848931ca142f8c2e21ecac7a5b923d10548b62a687428ce22b40da67ca99bd7 c3724f5df4092f4fe2c69520cc9df2658fed6d0b1f6a92e67505e126ee8bf5963fc89e616735541099cbad5ea8b1954b
SERVER_TRAFFIC_SECRET_0 c848931ca142f8c2e21ecac7a5b923d10548b62a687428ce22b40da67ca99bd7 281808fa5cd5a61a8ac22208c6a1cbe6acc025f0b256b830af8400ef66fd6ab30f4b612c6895483eff9c891213dd0b6a
EXPORTER_SECRET c848931ca142f8c2e21ecac7a5b923d10548b62a687428ce22b40da67ca99bd7 1bd31e52a6069a51b571806b637e78f661823f34148d063d905e825b403804803f7b872079001524fbdb35a208ff35db
CLIENT_HANDSHAKE_TRAFFIC_SECRET 9c66266ac828c45bc92febacccd00aebf37a933177be60691bb145d0ffad5b35 8ff0aae2787b31ba23856ed4a36d872ba17d9075ea932e45207286782fe569bb
SERVER_HANDSHAKE_TRAFFIC_SECRET 9c66266ac828c45bc92febacccd00aebf37a933177be60691bb145d0ffad5b35 bd33cc5ddb04c7f3c157f33711c72bec644d6da13296bf95bd873d5652a5ed25
CLIENT_TRAFFIC_SECRET_0 9c66266ac828c45bc92febacccd00aebf37a933177be60691bb145d0ffad5b35 289936c250030f789fc24581912febbdb8e4c635da5218ff520c6734f3888186
SERVER_TRAFFIC_SECRET_0 9c66266ac828c45bc92febacccd00aebf37a933177be60691bb145d0ffad5b35 fe826753be2786f7fc46fa5b7ed22374bce78b4af7263c98b29e608433638bd0
EXPORTER_SECRET 9c66266ac828c45bc92febacccd00aebf37a933177be60691bb145d0ffad5b35 c6edfc2a1d1b5a283262e8e3d5e15b24cbdb9fef9cdf8889c62c44ef0cb537b4
CLIENT_HANDSHAKE_TRAFFIC_SECRET 8440b3f174032b683df8c2f8a364aa8c3e0547b85556b455641fe41b215cffdf c7c5f5d35c46c264e30794b83f9d827e12c17cfe6721412a4e99ec9d3ef476a9
SERVER_HANDSHAKE_TRAFFIC_SECRET 8440b3f174032b683df8c2f8a364aa8c3e0547b85556b455641fe41b215cffdf 45ad9341a92d759c2961a2cdcb3b2b16b1d4a55991b2e80a7aff2bfaec0087fd
CLIENT_TRAFFIC_SECRET_0 8440b3f174032b683df8c2f8a364aa8c3e0547b85556b455641fe41b215cffdf 07101cb4d81e10f9d29eedd38f8c0fe5fbcf730a14641c7551b5dbd66985068e
SERVER_TRAFFIC_SECRET_0 8440b3f174032b683df8c2f8a364aa8c3e0547b85556b455641fe41b215cffdf 1eec82c72bad4d475198ea07de5bb571f0c9f509615d325f9d23dad1f1268bf4
EXPORTER_SECRET 8440b3f174032b683df8c2f8a364aa8c3e0547b85556b455641fe41b215cffdf 4215774e97f307e3c79152cf5534d1445e04d0434584c0bee84d608202ff1ce5
CLIENT_HANDSHAKE_TRAFFIC_SECRET c773fbfe866c95cd1249b72ae05a59d4b91701ee1c458b28ca85d55e086ac287 e5c2ff5978009eda9abf48ce0213b148a13dcca1badaee94dd08f16bd2303cf0052e913ad32eb972ee9306de6e27df27
SERVER_HANDSHAKE_TRAFFIC_SECRET c773fbfe866c95cd1249b72ae05a59d4b91701ee1c458b28ca85d55e086ac287 62cce7aa80552b2925baa51c11c795892c2e098f2b4ccb52b050b2196f0cb929392faf81398c3219c09ec7f0e6e0cf01
CLIENT_TRAFFIC_SECRET_0 c773fbfe866c95cd1249b72ae05a59d4b91701ee1c458b28ca85d55e086ac287 efdc766a70acf89cfdc41fe0ace2153075f3d9c4138f332e7c40f1f6ebaa4a39b8ef0623e1aa7435c93195abe79c295c
SERVER_TRAFFIC_SECRET_0 c773fbfe866c95cd1249b72ae05a59d4b91701ee1c458b28ca85d55e086ac287 c6a52c005396a70016e7b559fef24d92c0ee882a16e8d9bbada42c60d03c9266e884030c8b99e3f4b7ec81f8f472ac69
EXPORTER_SECRET c773fbfe866c95cd1249b72ae05a59d4b91701ee1c458b28ca85d55e086ac287 59caa45bbd664ab268f6c45ccc108037f24e52150e13b58ee8b50dc16ab87d86a822473ce091ee71da04004437d7a38c
CLIENT_HANDSHAKE_TRAFFIC_SECRET 64eafec6ad319a17add7b51eed9380f18aef81f8edb33434105ff22f2b946ab2 88db137cf2ba3334ed56f4dbcc0f900eda195e9874816caee8e051c6cb15f755
SERVER_HANDSHAKE_TRAFFIC_SECRET 64eafec6ad319a17add7b51eed9380f18aef81f8edb33434105ff22f2b946ab2 bc40b4925152796c5db816a4145b3ab63363d69386fecb69dda6e7c979e6142b
CLIENT_TRAFFIC_SECRET_0 64eafec6ad319a17add7b51eed9380f18aef81f8edb33434105ff22f2b946ab2 926720b98136fb2bbe5b7edc91673a1b0338c45c13035a2bbef0b1553d9c3212
SERVER_TRAFFIC_SECRET_0 64eafec6ad319a17add7b51eed9380f18aef81f8edb33434105ff22f2b946ab2 8d10fad85525e62f6c35a6948848fd697597d833d2034b947cb5ed9a5bfaed6d
EXPORTER_SECRET 64eafec6ad319a17add7b51eed9380f18aef81f8edb33434105ff22f2b946ab2 abd9908d93dec49751faeb78c676db62aef4c72c91881824cb305536a240ee06
CLIENT_HANDSHAKE_TRAFFIC_SECRET 5de52bdb6f37598a172a6f39108eaf293c71691b6f673ce7e73217b78ad2c98a c490c68c2d359a02ae333764231d33a664d5235d826199556ee1a9610c2a8e0f
SERVER_HANDSHAKE_TRAFFIC_SECRET 5de52bdb6f37598a172a6f39108eaf293c71691b6f673ce7e73217b78ad2c98a 6b4b3c20a35a06c3255bc1e25da6296916d2a355a16c759286f4fd57eb45b531
CLIENT_TRAFFIC_SECRET_0 5de52bdb6f37598a172a6f39108eaf293c71691b6f673ce7e73217b78ad2c98a cf5cce099a82ec8f1d61079513e25a121b45f4cca653022058d4ae1d150b53fa
SERVER_TRAFFIC_SECRET_0 5de52bdb6f37598a172a6f39108eaf293c71691b6f673ce7e73217b78ad2c98a 087ac991a798e4b530e38e7a120f0db2c0db607b026956c47c03aae0c8ad9905
EXPORTER_SECRET 5de52bdb6f37598a172a6f39108eaf293c71691b6f673ce7e73217b78ad2c98a fea9f2768d82c8036e6b4fab8f02cd193723564d45cda9828e03362ea8edf375
CLIENT_HANDSHAKE_TRAFFIC_SECRET 27186a85981cb355a9c5cc8e13e200be8ebeffc0f8b1af784cf30616c60077b4 a333c3e865345157499fc71006719484e835d4a097d43686918ef23bf4d4862e
SERVER_HANDSHAKE_TRAFFIC_SECRET 27186a85981cb355a9c5cc8e13e200be8ebeffc0f8b1af784cf30616c60077b4 de944bfe9041af56567073d356cb9ced0481a84bfb5c6e8da0f626bd9fcf3996
CLIENT_HANDSHAKE_TRAFFIC_SECRET cba6edf80f801db4bed0ffbbbea543105d12695ae0a6c2312349639b79ae9bb4 d4c08487c56ccd230f730a72574849f72f3fecbc8f5ea6111a60391e1a4783ae
SERVER_HANDSHAKE_TRAFFIC_SECRET cba6edf80f801db4bed0ffbbbea543105d12695ae0a6c2312349639b79ae9bb4 a1938c7d9f38d3bb1a473ae86c60f15111f5987182c5a520ce358a0b44447117
CLIENT_TRAFFIC_SECRET_0 27186a85981cb355a9c5cc8e13e200be8ebeffc0f8b1af784cf30616c60077b4 83fccb79807f7aad2aceb508ba4f7e7f267eb260142d1b1974e896fe0b790b2e
SERVER_TRAFFIC_SECRET_0 27186a85981cb355a9c5cc8e13e200be8ebeffc0f8b1af784cf30616c60077b4 cbd2da635fd3cc30ae2deed15e724e8298afd8472cdf9c4ebba99d46c87ec6c1
EXPORTER_SECRET 27186a85981cb355a9c5cc8e13e200be8ebeffc0f8b1af784cf30616c60077b4 75b64db4dd28b54be907557196474f9540f6fdf672b831ea46abd2ded9e1d1fb
CLIENT_TRAFFIC_SECRET_0 cba6edf80f801db4bed0ffbbbea543105d12695ae0a6c2312349639b79ae9bb4 cf6b6f87cc17ab7c85728cdce8550ecc2fafc1879957e174dc4da77327ac6422
SERVER_TRAFFIC_SECRET_0 cba6edf80f801db4bed0ffbbbea543105d12695ae0a6c2312349639b79ae9bb4 724f39c6b58a266b6965a58309930383f31b57647db4649a46e141999d7ccc58
EXPORTER_SECRET cba6edf80f801db4bed0ffbbbea543105d12695ae0a6c2312349639b79ae9bb4 344f8c596de8a2e76304985e5491483b0f290c304fc3c7af4fef339e567cd062
CLIENT_HANDSHAKE_TRAFFIC_SECRET 7f3e8cff4dad5be9c808f2ada19c6a2145f1f7b0c1940d84968e2b7cfa119e9e 8640099126a6c40247dace0114fac94dfced05e133a73b5c9c36443f1a51bdc7
SERVER_HANDSHAKE_TRAFFIC_SECRET 7f3e8cff4dad5be9c808f2ada19c6a2145f1f7b0c1940d84968e2b7cfa119e9e fc34b597443232c483f34f830f6e86f9da87eeaa25d33c2db4ceba125cc4e91d
CLIENT_TRAFFIC_SECRET_0 7f3e8cff4dad5be9c808f2ada19c6a2145f1f7b0c1940d84968e2b7cfa119e9e b2508a7e0c7f317024f7208d2143d8f646358f84b8e0c64d7457dc2c56d78f05
SERVER_TRAFFIC_SECRET_0 7f3e8cff4dad5be9c808f2ada19c6a2145f1f7b0c1940d84968e2b7cfa119e9e 4fe6173eeae0e4bf8fa8a981a31475cdf5584913c5813f1df097e6a1e8e15ac6
EXPORTER_SECRET 7f3e8cff4dad5be9c808f2ada19c6a2145f1f7b0c1940d84968e2b7cfa119e9e e4c834b16dcada89306a54fdea1770c500b1e8dd524df508e26d527e370b21c0
CLIENT_HANDSHAKE_TRAFFIC_SECRET 1342278fb07a1f84e6d467b88a52496817f56629edd7b9a14e68c5a1fc1fde24 e5f0657237283b5a9de0df24a64a3d683978867214167dba04d49d3bb779516c
SERVER_HANDSHAKE_TRAFFIC_SECRET 1342278fb07a1f84e6d467b88a52496817f56629edd7b9a14e68c5a1fc1fde24 a9f62f1ff99a385c3ff253f976e311b4350169bc372c329f960a3cf2c3feddd8
CLIENT_HANDSHAKE_TRAFFIC_SECRET 224eed38671d4e599a1cae87f88d2097d8338aeb21cca482815631eca68b4a81 6f62b0f42a74045101316ac54359674f48ed462247c235da6e93075142e99570
SERVER_HANDSHAKE_TRAFFIC_SECRET 224eed38671d4e599a1cae87f88d2097d8338aeb21cca482815631eca68b4a81 90b54f3313a5b967f992e94bf6afdec468fda9f23ebe4a9df59c9e79217afe73
CLIENT_TRAFFIC_SECRET_0 1342278fb07a1f84e6d467b88a52496817f56629edd7b9a14e68c5a1fc1fde24 9058e9554c7c1f219072c330853c07312e6851eaee628c4843e8df42c37c3642
SERVER_TRAFFIC_SECRET_0 1342278fb07a1f84e6d467b88a52496817f56629edd7b9a14e68c5a1fc1fde24 ea3d8d41e0b9f3c66afdbfb1f7c10d122299a2073c3feb0bc6326e5ba8784371
EXPORTER_SECRET 1342278fb07a1f84e6d467b88a52496817f56629edd7b9a14e68c5a1fc1fde24 ab667847fbec6c42e3e6e9d783d431ca417e84d0951d6cdb7675093851348c5e
CLIENT_TRAFFIC_SECRET_0 224eed38671d4e599a1cae87f88d2097d8338aeb21cca482815631eca68b4a81 2acf83f3458a58c2b41c5d77261e1e97600cae918380fdfc1e4ea76dacddf5dc
SERVER_TRAFFIC_SECRET_0 224eed38671d4e599a1cae87f88d2097d8338aeb21cca482815631eca68b4a81 d443f1ef7c0a9f3f8cbad00f8f38a61c8d7b2a1eed4c4d1dbb4518e55ab2ef2f
EXPORTER_SECRET 224eed38671d4e599a1cae87f88d2097d8338aeb21cca482815631eca68b4a81 1ae22365f4b65b8881766713454aca3e0aecdd1533f10451fa1d023c982582cc
CLIENT_HANDSHAKE_TRAFFIC_SECRET 7d9a860292238fa5adf63dfc771d645b1f3d4c36cf1d81bf658a94caabf75c2c ef8ece5c883cdc1245b2d182fd88d481caab3cb7a0bf5585178f71106ec9859d
SERVER_HANDSHAKE_TRAFFIC_SECRET 7d9a860292238fa5adf63dfc771d645b1f3d4c36cf1d81bf658a94caabf75c2c d5c658a3efeb04f2f1df1ae804428e61df3900ca5049cd1df4b76bc05a9fd010
CLIENT_TRAFFIC_SECRET_0 7d9a860292238fa5adf63dfc771d645b1f3d4c36cf1d81bf658a94caabf75c2c 7fa938acf38bc36d6e92d70de70f41bfb4ca5df1526954549909bc0a0ab3649a
SERVER_TRAFFIC_SECRET_0 7d9a860292238fa5adf63dfc771d645b1f3d4c36cf1d81bf658a94caabf75c2c 13379dbbf27a63b783cc810096908ef2ee12eb2a732dc4a4b18f148e4c64d88e
EXPORTER_SECRET 7d9a860292238fa5adf63dfc771d645b1f3d4c36cf1d81bf658a94caabf75c2c 89452e8305cde87c7454fb47d463e16142d37d2c5c87290c29ce668a71b3f7f2
CLIENT_HANDSHAKE_TRAFFIC_SECRET 435b62afc331a34c1024ac9b63efd2a9345cf0c442dd035c7ee0c5c3ba407e1c 791676f2d6ac08e1f99d86e706b3937ad00b89ad136e0e576a4588f5438a70c7
SERVER_HANDSHAKE_TRAFFIC_SECRET 435b62afc331a34c1024ac9b63efd2a9345cf0c442dd035c7ee0c5c3ba407e1c bc4acb0a4846376dae573fc46a44d0c9624305a961f522c424f6490da8c0da16
CLIENT_HANDSHAKE_TRAFFIC_SECRET cf6d294ec5aa08d5340586462958830de37e4320beb5e29e7ce14f0c3f3bf99c 185f3418cee8d6427b0d741407f716044c1f3d2ed37e070119584c9fe803952f
SERVER_HANDSHAKE_TRAFFIC_SECRET cf6d294ec5aa08d5340586462958830de37e4320beb5e29e7ce14f0c3f3bf99c b650f0a5e6d51759d86e7e2f9dc599561f8301520142f50149c8cf190c6fe2a4
CLIENT_TRAFFIC_SECRET_0 435b62afc331a34c1024ac9b63efd2a9345cf0c442dd035c7ee0c5c3ba407e1c f8d4473f265a7efcd6848de2809bb9ca15268a0cce26adb79668a8b4b57f8bb0
SERVER_TRAFFIC_SECRET_0 435b62afc331a34c1024ac9b63efd2a9345cf0c442dd035c7ee0c5c3ba407e1c 58af27906ac17ff2b3a0d19608b11dd3992b598c540069b84922c4137234b93d
EXPORTER_SECRET 435b62afc331a34c1024ac9b63efd2a9345cf0c442dd035c7ee0c5c3ba407e1c fba49db7e4b7cd481e3b97e77b51c026d52c8576acb6068e2c4688b8dc51948d
CLIENT_TRAFFIC_SECRET_0 cf6d294ec5aa08d5340586462958830de37e4320beb5e29e7ce14f0c3f3bf99c 210d212385e2d3bbcb87442e0a55e9c08d049648c2d95e273b4d0cfb695fa4e2
SERVER_TRAFFIC_SECRET_0 cf6d294ec5aa08d5340586462958830de37e4320beb5e29e7ce14f0c3f3bf99c 7ed47af2243ff119511b598022694e2d0fd92d50230f79e2ec1f4835cd65ef8c
EXPORTER_SECRET cf6d294ec5aa08d5340586462958830de37e4320beb5e29e7ce14f0c3f3bf99c e2a15aac02df051d657e391d125048daf4f6f1294b83b7968b6fb78aecfae5c8
CLIENT_HANDSHAKE_TRAFFIC_SECRET c54241c68e50e55f69ea962994a849c800836b91d81aaac4522fe5098eb22af6 a163800aff0867c5336d84d0f50b7183db207141cfa079e1df7528409ee70415
SERVER_HANDSHAKE_TRAFFIC_SECRET c54241c68e50e55f69ea962994a849c800836b91d81aaac4522fe5098eb22af6 ab3d3331609edab61b8b63a932d001ce7241e3eb12a8c12cd3c1b28943fc4d31
CLIENT_TRAFFIC_SECRET_0 c54241c68e50e55f69ea962994a849c800836b91d81aaac4522fe5098eb22af6 6b1285fedc7046b451412420c5a32f12dbd466e173105318c3ca5e5ec8bb3ed3
SERVER_TRAFFIC_SECRET_0 c54241c68e50e55f69ea962994a849c800836b91d81aaac4522fe5098eb22af6 a0038991ef23bb2efc273ae8e1e59cb62eb7d96aaf48ea32831ad9ac54408d68
EXPORTER_SECRET c54241c68e50e55f69ea962994a849c800836b91d81aaac4522fe5098eb22af6 90d40b4decee395b75d70d12fbcb7118b467886a487eea287fccb9cee46f140c
CLIENT_HANDSHAKE_TRAFFIC_SECRET 22e6f1f05e4c2daeb94ef37152888e35c21921f0d12e32fb97d1387ecd3cb34f 58b29e072aee19b83c8d41404a1737c1e29329be7352d38eee336af60e51e673
SERVER_HANDSHAKE_TRAFFIC_SECRET 22e6f1f05e4c2daeb94ef37152888e35c21921f0d12e32fb97d1387ecd3cb34f e94a366ac7e656b2cda98bd9b45a001a59fe31b3fc7bb9521c638e4cc7b97e19
CLIENT_TRAFFIC_SECRET_0 22e6f1f05e4c2daeb94ef37152888e35c21921f0d12e32fb97d1387ecd3cb34f a0e93d0e9155bbcca72c7dc9748245c768cdb4b0b400c9f744c4b5f21052b6fb
SERVER_TRAFFIC_SECRET_0 22e6f1f05e4c2daeb94ef37152888e35c21921f0d12e32fb97d1387ecd3cb34f ac112e7d455bce573370249e084b63ab6e76ce9d97be5edeae660c03f39b27eb
EXPORTER_SECRET 22e6f1f05e4c2daeb94ef37152888e35c21921f0d12e32fb97d1387ecd3cb34f 7f1ba9a1278af61dc23a5573d55469eb05879d7425cc9d664472ec3790ecaf6c
CLIENT_HANDSHAKE_TRAFFIC_SECRET 12b2af8f794525c8b32a5ec7215f4033507a0cb606dd57d08c75838bac778f9f ca039ae2e336ccf28a32627201abfde3ff9771b8532bc75044c7ebdaef687c3b
SERVER_HANDSHAKE_TRAFFIC_SECRET 12b2af8f794525c8b32a5ec7215f4033507a0cb606dd57d08c75838bac778f9f 1e5cea107454ce36acd26bebf0c5d4c7cef4d198d0a9e309e386b0a5ff48fd10
CLIENT_TRAFFIC_SECRET_0 12b2af8f794525c8b32a5ec7215f4033507a0cb606dd57d08c75838bac778f9f fe37edccd08bb697b0ecaded2bc8fe62876f7504c6b92f7a99d9149b7b06146a
SERVER_TRAFFIC_SECRET_0 12b2af8f794525c8b32a5ec7215f4033507a0cb606dd57d08c75838bac778f9f ecbb56da1109e199eded9524332876192d022bbb58fa80357778c14d75ad3397
EXPORTER_SECRET 12b2af8f794525c8b32a5ec7215f4033507a0cb606dd57d08c75838bac778f9f b5631a8d2dd11fde9e9d041f606270f3f5991af6bed335020b724624caa7bf9b
CLIENT_HANDSHAKE_TRAFFIC_SECRET c9f4874165a256adf555dc0ef8b6071cd2e5777c278722f4b789089fe1e98f7c 12e150adffddd4afdda0fcd7cb7e0434ebcac7bdd046bcd4b523488804b9b87d
SERVER_HANDSHAKE_TRAFFIC_SECRET c9f4874165a256adf555dc0ef8b6071cd2e5777c278722f4b789089fe1e98f7c 310c37ec8c2be20a630aa637b5d62feb42ac556fdd08534fc0ec00267959417b
CLIENT_TRAFFIC_SECRET_0 c9f4874165a256adf555dc0ef8b6071cd2e5777c278722f4b789089fe1e98f7c ce60c832c4e4b3ad2d670e8af1a1263f122d49dc89e647a8b2a6340581e0c13b
SERVER_TRAFFIC_SECRET_0 c9f4874165a256adf555dc0ef8b6071cd2e5777c278722f4b789089fe1e98f7c 4085395b1e3600a9164ab4a49554665a5128ad91ec4cccabc2631b4531b23dde
EXPORTER_SECRET c9f4874165a256adf555dc0ef8b6071cd2e5777c278722f4b789089fe1e98f7c ab791a0184da1a8f618dd5b57f759cfb30e3c8a1e7f8a30abc24aa5e84ee4243
CLIENT_HANDSHAKE_TRAFFIC_SECRET ccd8f1915ba9a92bd25ed8e377fdd484ed1ab96cad4aa98d27eea4f1b2f7f7a5 37b643501fa66aca48353db5b5582a2ff89becd8302f25545bad5c9531ae9416
SERVER_HANDSHAKE_TRAFFIC_SECRET ccd8f1915ba9a92bd25ed8e377fdd484ed1ab96cad4aa98d27eea4f1b2f7f7a5 e9787d3af38caee92166e32d7e72308d7fed8d6fc1474ba92f269bb65bc86fe9
CLIENT_TRAFFIC_SECRET_0 ccd8f1915ba9a92bd25ed8e377fdd484ed1ab96cad4aa98d27eea4f1b2f7f7a5 63f9880c5bc01d3ec07ab9706fb37229fa21284d9c29eb59be4576c048703818
SERVER_TRAFFIC_SECRET_0 ccd8f1915ba9a92bd25ed8e377fdd484ed1ab96cad4aa98d27eea4f1b2f7f7a5 47622df2639346ea78ef48c6bdb1d5b3bed37b47737742f3677b2ee98e531104
EXPORTER_SECRET ccd8f1915ba9a92bd25ed8e377fdd484ed1ab96cad4aa98d27eea4f1b2f7f7a5 e0696be674d819fcf4349e6b0c2173fd18821fd5be8211fef640fba95d756b35
