CLIENT_RANDOM dc90a108c394c32fdcfcfe5842e622b7cb3978c8f0459c21086d196c2130171e 38ccd36f84c739fd792bdd8a336ea4435b2a59e1600fdb820032d3db1b2244566683d56331714bf1d7ce19fc035307d3
CLIENT_HANDSHAKE_TRAFFIC_SECRET c95073ff71b745f9a56057b23d33a923a061c2714e390eee71e7b778bd8fedd7 278074dcc402cde6bd34cf04075fa6f36c46fa5a9d6e026b3da1daa93ae7b165
SERVER_HANDSHAKE_TRAFFIC_SECRET c95073ff71b745f9a56057b23d33a923a061c2714e390eee71e7b778bd8fedd7 da0c0d5b1e6f178dab4d19f14cf83c5f0c3f671293933d477c1313a27945d083
CLIENT_TRAFFIC_SECRET_0 c95073ff71b745f9a56057b23d33a923a061c2714e390eee71e7b778bd8fedd7 6a7d9996b2f4b3bd2dae8aeac7f238afd6854166cb30aaaad39b2d0174125ae7
SERVER_TRAFFIC_SECRET_0 c95073ff71b745f9a56057b23d33a923a061c2714e390eee71e7b778bd8fedd7 efaf19b3901dd9837179b69f095cae0d95310f21b462584aa87c4d4ffd59afe1
EXPORTER_SECRET c95073ff71b745f9a56057b23d33a923a061c2714e390eee71e7b778bd8fedd7 8f5d193790eec39d4896895cfc249936304c08fe21c9a6367f77aca81b0b204c
CLIENT_HANDSHAKE_TRAFFIC_SECRET 96d03d94401a32e1a765d8b002ad8c3f0d2f8b0d074dfbd5e4b58f6b106c634b 2980918bf0b7d50f644646c0d84d4e0fadd5834fe5c82eead71da7316f6cc1ff
SERVER_HANDSHAKE_TRAFFIC_SECRET 96d03d94401a32e1a765d8b002ad8c3f0d2f8b0d074dfbd5e4b58f6b106c634b 5b98df261f2053dd2c1df4b97bf48634cb791130c1545a64459a35f491c888db
CLIENT_TRAFFIC_SECRET_0 96d03d94401a32e1a765d8b002ad8c3f0d2f8b0d074dfbd5e4b58f6b106c634b 8be2b645c6dbfe639a8b8958c8e0076159c3cebf400f1dfda6c09d910210580e
SERVER_TRAFFIC_SECRET_0 96d03d94401a32e1a765d8b002ad8c3f0d2f8b0d074dfbd5e4b58f6b106c634b 6a4f10b94ba927b1ff23484e08a0b550b2747c3b31cd7d6b48a6b52ee9470b98
EXPORTER_SECRET 96d03d94401a32e1a765d8b002ad8c3f0d2f8b0d074dfbd5e4b58f6b106c634b 9af6f505d7f73bc8c074c4c3b5412f9055603acd189fd1d604cb3f138f1f8634
CLIENT_RANDOM 4f442e50047b6cc15bcde03c23112f1c7bac3c148f7f13c4091e4fa074df9ac0 a7424a8ec04d8498a81a6de41162aa4b3a3efa73e305c7ecb0a98f35d1b957686870d72533fe5c990e659ff6bc6abe56
CLIENT_RANDOM 229680b2ff061c40600670fea6276fadf0d6a4fe68890cec434da46f6e879fac 5982d712cd1d68d7d2ca2472dd07eecacecd3f1b62f996b9a9603b57a800f647309204171f6d617e70faf5128acedff2
CLIENT_HANDSHAKE_TRAFFIC_SECRET 3eafd20f30bcad99c3965dca7e3edc5f4c1b9947ab3fcd4b1e7f7628a8dca9e7 47898b94dbaed57cf80dad10fb4f9bd5dde39bbe0ca8d63eb37c822d29da85ff
SERVER_HANDSHAKE_TRAFFIC_SECRET 3eafd20f30bcad99c3965dca7e3edc5f4c1b9947ab3fcd4b1e7f7628a8dca9e7 7a335483585a186c286157ba319bc79f21d12a1793b59edbbdcb201134710cc7
CLIENT_HANDSHAKE_TRAFFIC_SECRET 8dd34767e25335b910924fdcdbc213af6ca5e5f13873bb2ef2591ed9474b44dc 89924fb33721718c97d4ee53258d9cee3afe4705c7bcecb98b9927fc02e8d4dc
SERVER_HANDSHAKE_TRAFFIC_SECRET 8dd34767e25335b910924fdcdbc213af6ca5e5f13873bb2ef2591ed9474b44dc 79166375d1d1c652beed40f97c339e90c481ea9cf966c6789309d9bac38292cd
CLIENT_TRAFFIC_SECRET_0 3eafd20f30bcad99c3965dca7e3edc5f4c1b9947ab3fcd4b1e7f7628a8dca9e7 dc639253404cf5ef2501b9d0914a55503e87b506b692745d62ec59736487d1a1
SERVER_TRAFFIC_SECRET_0 3eafd20f30bcad99c3965dca7e3edc5f4c1b9947ab3fcd4b1e7f7628a8dca9e7 0c4f7f7ebae3cdbfe93f88a453cc2ae7b7b5b190feaeb8e7bfc69fbf315ba86d
EXPORTER_SECRET 3eafd20f30bcad99c3965dca7e3edc5f4c1b9947ab3fcd4b1e7f7628a8dca9e7 9a0e8fd3189d9e092e2d3f6e79725b309c627aeac5c3ec95637b121755a42412
CLIENT_TRAFFIC_SECRET_0 8dd34767e25335b910924fdcdbc213af6ca5e5f13873bb2ef2591ed9474b44dc 046f047fac336b804693721563859092c8eb0ba5e2e957855970c1965dea3b0a
SERVER_TRAFFIC_SECRET_0 8dd34767e25335b910924fdcdbc213af6ca5e5f13873bb2ef2591ed9474b44dc 1f09b52a884cdf1ae59fa0355b541ac2663869def3266203b1f6994d17024d6d
EXPORTER_SECRET 8dd34767e25335b910924fdcdbc213af6ca5e5f13873bb2ef2591ed9474b44dc b9f58e42c48c5dfc797506dd21c52027f698b092c430c090b5a6f939d955e109
CLIENT_HANDSHAKE_TRAFFIC_SECRET fcd65d15eb4f6e656ad25dfd22222aa7b36b9c4460ca11a8d7c61fe9fd8a7f21 2df7900262fe247005c55b8ba3e9e1f265def817cac4ab432d3a6691bc5a89d1
SERVER_HANDSHAKE_TRAFFIC_SECRET fcd65d15eb4f6e656ad25dfd22222aa7b36b9c4460ca11a8d7c61fe9fd8a7f21 8107af665753a0ea4443ad1a17753cf0a8644752fe0dfd700317cfea3aa9c0a4
CLIENT_TRAFFIC_SECRET_0 fcd65d15eb4f6e656ad25dfd22222aa7b36b9c4460ca11a8d7c61fe9fd8a7f21 064139dfa6348de93494522a11313be7f47c199c4899996d9e2744a99c2b5c9e
SERVER_TRAFFIC_SECRET_0 fcd65d15eb4f6e656ad25dfd22222aa7b36b9c4460ca11a8d7c61fe9fd8a7f21 5bdf4a10e6e189ac0779360821529256d486ee3343d218fac7f0846ba507826f
EXPORTER_SECRET fcd65d15eb4f6e656ad25dfd22222aa7b36b9c4460ca11a8d7c61fe9fd8a7f21 5596c2cfd7c060c3afba425c631927193b7268fdf4ea807af55f70b861b332c9
CLIENT_RANDOM 5445fc649fa5d9a852f9e9c946bd90b525e56a9b460ab8b3cf29468abf780ab1 1502dc117c4671429f285d5e61014af913642ec0ac12b6acfc71702df3d339ecb4bf4f47fac5bb4cacd7f87287011c0f
CLIENT_HANDSHAKE_TRAFFIC_SECRET f30fad23af63244035778152c5b2d0292a9ce061f966f0d560b03c8a95e42a2b 814cd8039b9157f9a70646eb3ead85ca576d3a7012a868a8b2b7dbb66ca46b16
SERVER_HANDSHAKE_TRAFFIC_SECRET f30fad23af63244035778152c5b2d0292a9ce061f966f0d560b03c8a95e42a2b ca9860e0d3af02a4cc4f333b63d8a2d16a973add9723c8e8f182eea8d3bdbe22
CLIENT_TRAFFIC_SECRET_0 f30fad23af63244035778152c5b2d0292a9ce061f966f0d560b03c8a95e42a2b 8ac072d6be1317bc57b6afaf8c6d323135ee18f6999b483892d7339fe3ce7d5c
SERVER_TRAFFIC_SECRET_0 f30fad23af63244035778152c5b2d0292a9ce061f966f0d560b03c8a95e42a2b 304c3ad3679df55c036dfbcfd763f58bc4d08f5ddd5507b76dd6aa53aaf15c9f
EXPORTER_SECRET f30fad23af63244035778152c5b2d0292a9ce061f966f0d560b03c8a95e42a2b 307cc15facdf79418c03b82265dd1b2a2b158a225848d6bba16bfd8d3bfe430d
CLIENT_HANDSHAKE_TRAFFIC_SECRET 383d4704d9daea7d0d28c61ab7734f50ac8f7a2ccea620ce96074d04a0645f5a 778a7bde61f2e6c901d4b9ec6cc19285e0b2b23231a5d2a30ddd2c696f6baff8e508094452b99005d9b01e82baf7d7e3
SERVER_HANDSHAKE_TRAFFIC_SECRET 383d4704d9daea7d0d28c61ab7734f50ac8f7a2ccea620ce96074d04a0645f5a c9a74847301dc26016ccf243caf2527b984fea1f155ebaae3f16516f1f6b701a7e054e7c212d75aeb939702a950263b6
CLIENT_TRAFFIC_SECRET_0 383d4704d9daea7d0d28c61ab7734f50ac8f7a2ccea620ce96074d04a0645f5a 927fc83b693ed3d44d30b268560e24885f8c8a08388ad64f6b52c27456db1964f74da847e20b4b451306f133467023bb
SERVER_TRAFFIC_SECRET_0 383d4704d9daea7d0d28c61ab7734f50ac8f7a2ccea620ce96074d04a0645f5a bba82c3ce2274bd531780656412eeae99cf05d085f983dfbd467f762b1efe843778a5f2b5614eaca417f7bb13ba5d8d3
EXPORTER_SECRET 383d4704d9daea7d0d28c61ab7734f50ac8f7a2ccea620ce96074d04a0645f5a 4c0d3ee8241176663e63174d355631550c82d0ea531bde834861b4942d6885ed81e2b3d878d38221df455840f5dd373d
CLIENT_RANDOM 0cb2eda391164a58acbdecff720919fb07ac8d6d69561963deaad4c6117abea8 dc3b39d01442ff90700b85c67654c619f2c938303235e2d87b92f79b02ec1e9196d304fbc5859745db6f465f71e52a85
CLIENT_HANDSHAKE_TRAFFIC_SECRET 630a20d3f9657216f8c242dee5dcc7bf2ab1f3d0cb092568cbb6c4755477f987 cc08ac1673c1c7f15067396b3e24d2a37238c280123a56d5b403e013d59c393d447a974874d2cecf7a3b760833345cf1
SERVER_HANDSHAKE_TRAFFIC_SECRET 630a20d3f9657216f8c242dee5dcc7bf2ab1f3d0cb092568cbb6c4755477f987 fd9e73b4255689b3ff6d08363eb9d3b3d35330b03126422715c141ef145c71a27c0bfd171e7950dcbe0dfec283531235
CLIENT_TRAFFIC_SECRET_0 630a20d3f9657216f8c242dee5dcc7bf2ab1f3d0cb092568cbb6c4755477f987 da0bdaf5e1e030cd31b9712fa872a74074244d6b1d6deadabf9545050a77fe532a0bbaf870b52d6de7574c21167eb530
SERVER_TRAFFIC_SECRET_0 630a20d3f9657216f8c242dee5dcc7bf2ab1f3d0cb092568cbb6c4755477f987 4f95cebbe3f359ebe2305cee9423c765352939e762d83d088beac26e6a30cacb4d4dee02af9a1e2b1c3325f1eb3d9c5f
EXPORTER_SECRET 630a20d3f9657216f8c242dee5dcc7bf2ab1f3d0cb092568cbb6c4755477f987 687f37340ab3dd2e6fb70f0f35742ddad9848710922645e16580706818654e33a75188d65c54096a47b82323fbada128
CLIENT_HANDSHAKE_TRAFFIC_SECRET dac643174ec9972a7c0669a157a5477d7af93e6f497e692354bb79b18fa8f0b2 25ae33c76a1c646217af5b672ff91c300f665b0c382b89c46c2d134172c2deee5d2777745cd1836e6ba9c400dd1de89b
SERVER_HANDSHAKE_TRAFFIC_SECRET dac643174ec9972a7c0669a157a5477d7af93e6f497e692354bb79b18fa8f0b2 982383f68c3349e933c12ceef5d39068c56d6287dfabcdf26f7f0232923c35412771e22e6397f115ac629e893a4b1a57
CLIENT_TRAFFIC_SECRET_0 dac643174ec9972a7c0669a157a5477d7af93e6f497e692354bb79b18fa8f0b2 da10b69794465f9e995962142addc3c2cf6a8c710efaf09f5f7334a0f3e9ca1feee50e399d2eb27d245dcd5997b7f5aa
SERVER_TRAFFIC_SECRET_0 dac643174ec9972a7c0669a157a5477d7af93e6f497e692354bb79b18fa8f0b2 a86b1e95da5b3be833598004a773f429fc347a1181b71ee9b35eaeec368f0442e8bc98bd2542d3a6585611cc66c88a53
EXPORTER_SECRET dac643174ec9972a7c0669a157a5477d7af93e6f497e692354bb79b18fa8f0b2 275ce05e5a61310b6483d0267da5f27c08fa197643ab582a30856e1bc2c36048bbf49b9d3ba9f33ba964bdc473bf31d7
CLIENT_HANDSHAKE_TRAFFIC_SECRET 449999b89a560cb66f58cb38b56caaf25250c24062a78883e3688e9e9b232cb0 f0c7acf4af209d9138436c4e4ae8d9a89a4df4415f6f19bb391f19c075613fcfd0ac65bf5e4db1cad4719df2868154b2
SERVER_HANDSHAKE_TRAFFIC_SECRET 449999b89a560cb66f58cb38b56caaf25250c24062a78883e3688e9e9b232cb0 6a9f0ef2ec220140a55f8a42c70c3d3d82bd43497bf0012d9cf588dd16b817a5f21c53f0f4059ede47d4308bd4fbf90e
CLIENT_TRAFFIC_SECRET_0 449999b89a560cb66f58cb38b56caaf25250c24062a78883e3688e9e9b232cb0 e95f68f911505d85780082fa7e61a0a0d097e1d123004d249b04007c4754107e04b723f31bc63fa639ab4ba4e6cea023
SERVER_TRAFFIC_SECRET_0 449999b89a560cb66f58cb38b56caaf25250c24062a78883e3688e9e9b232cb0 e7569eeacbef5f3e877f7d2e2a1872230580c0551b48094373e783b645974c06a3dc92192374dda54c7e8f18e3f5ed3a
EXPORTER_SECRET 449999b89a560cb66f58cb38b56caaf25250c24062a78883e3688e9e9b232cb0 d2710d68bcd2e88378a1872fe2a9341ed0a8e74fed61e145fff1d12b3188bdbf5baa9f2e1be2b3bc3068ccb58450e1c5
