CLIENT_HANDSHAKE_TRAFFIC_SECRET 8f22e2c66e68f65641c8463faed78d57e83c73d3272426fba48d44e5e9d44190 d63c214908af99e854f2a0bf99c3d8e30f171944aac221809f74fb8a5317e659
SERVER_HANDSHAKE_TRAFFIC_SECRET 8f22e2c66e68f65641c8463faed78d57e83c73d3272426fba48d44e5e9d44190 5c6d2d7314629452fb9e6d73d916d796002517f9ca081269499e78a6479514a0
CLIENT_TRAFFIC_SECRET_0 8f22e2c66e68f65641c8463faed78d57e83c73d3272426fba48d44e5e9d44190 dc1a57a0434bf32fd4489494b620d9293fd846f4f47d8ed600371b5eb0eb8c76
SERVER_TRAFFIC_SECRET_0 8f22e2c66e68f65641c8463faed78d57e83c73d3272426fba48d44e5e9d44190 bc926a5207be55c80fc13f71ef4d8f963d8556e414057bf8d29c6c83cce5a586
EXPORTER_SECRET 8f22e2c66e68f65641c8463faed78d57e83c73d3272426fba48d44e5e9d44190 5030c33262f1c783b8b34ee1c7c9e5ed68e5d3f8a0734d0d937abd7b7eee0e7b
CLIENT_HANDSHAKE_TRAFFIC_SECRET 543a6887414825636e0c9c0f0532e251aab00a8bfb12eeddab0f42a5176de1e1 d4a01dbc42fc724e9596bfdac4446d6248898eaf06dc007f7b3bc19e38ca792b
SERVER_HANDSHAKE_TRAFFIC_SECRET 543a6887414825636e0c9c0f0532e251aab00a8bfb12eeddab0f42a5176de1e1 16bf1df2acc1932065e714f46ed59b0566902acad2fc4761de20d73aff680517
CLIENT_TRAFFIC_SECRET_0 543a6887414825636e0c9c0f0532e251aab00a8bfb12eeddab0f42a5176de1e1 7871cba0977c3b2c2435723143120281eece3c136c10b12e28446a6ee738db38
SERVER_TRAFFIC_SECRET_0 543a6887414825636e0c9c0f0532e251aab00a8bfb12eeddab0f42a5176de1e1 f59bf174c8e70fde7e99d501ff32e3ca27fbfe1ed8d4fde5ebebe5ac51853475
EXPORTER_SECRET 543a6887414825636e0c9c0f0532e251aab00a8bfb12eeddab0f42a5176de1e1 8c4aacca92699d00ea1006652741034b4feb3f0f149ad2241dbd66d8025f12bf
CLIENT_HANDSHAKE_TRAFFIC_SECRET 2d32675ef73cc304ee524d11fac2b076a976f19b2b779f4079e362e48dae1205 091d9dd0271938d9be2ee7e79b9ea55b7602e4a0845bc4c28f90bfd115be20bc
SERVER_HANDSHAKE_TRAFFIC_SECRET 2d32675ef73cc304ee524d11fac2b076a976f19b2b779f4079e362e48dae1205 63f226fb4ac55698fb346a06a1ed084c53b0afe734d20cfa9ed16f7f42cbfa1e
CLIENT_TRAFFIC_SECRET_0 2d32675ef73cc304ee524d11fac2b076a976f19b2b779f4079e362e48dae1205 7ddd6bbb32bb6a4a5637fd845b5d94a61dc5390658dae32d6410e23bb9417083
SERVER_TRAFFIC_SECRET_0 2d32675ef73cc304ee524d11fac2b076a976f19b2b779f4079e362e48dae1205 ac3f83fdc9556853fc9dd438433e78abdf9d9bed912a2bb13ecdf254d7c665c3
EXPORTER_SECRET 2d32675ef73cc304ee524d11fac2b076a976f19b2b779f4079e362e48dae1205 ef4731af7dd7c0de3515b556017da7cc6cac576f93907198cca88c8e3bcececf
CLIENT_HANDSHAKE_TRAFFIC_SECRET e1a87890a8a712cf6a16d5865bc455e59f96d8883aa102532026cebc7e0845b5 0bb203dfdd70503ccc5e6146637ed935158119fa3df6dd3eebf042b178c4bfd6
SERVER_HANDSHAKE_TRAFFIC_SECRET e1a87890a8a712cf6a16d5865bc455e59f96d8883aa102532026cebc7e0845b5 845619d472e665067f8aecb92a08e381ed2bfb2d5d00a5964f1360ad83123137
CLIENT_TRAFFIC_SECRET_0 e1a87890a8a712cf6a16d5865bc455e59f96d8883aa102532026cebc7e0845b5 c6dcaa9e58960c0ee60eb0983e47c78dfd0ede7a0e32771872c193d40ec596ff
SERVER_TRAFFIC_SECRET_0 e1a87890a8a712cf6a16d5865bc455e59f96d8883aa102532026cebc7e0845b5 c2450fc52bd7d31fa917fde3fb8d1a35ef27c484746d7c89cc7ae7e725bdeb21
EXPORTER_SECRET e1a87890a8a712cf6a16d5865bc455e59f96d8883aa102532026cebc7e0845b5 99f70f1e374c373205270f8a1ac528c0737294567226ae2f967f37cbb07b88d0
CLIENT_HANDSHAKE_TRAFFIC_SECRET f19b1c8609755ed261b71f6da9bb933673ff06cf8ea0a4f7c284290a2a6e5358 438451b8ddedab0313ff2204b697c0ef4a6490900087c0acec2d347d0d05b8daf501575d0e2e332dcd7cd6a0e08bf58d
SERVER_HANDSHAKE_TRAFFIC_SECRET f19b1c8609755ed261b71f6da9bb933673ff06cf8ea0a4f7c284290a2a6e5358 6521776559d56dc03a2ebc2dd762586d11a4f6ea8ff5e09d759bbe228e9184268fb6dd89465290661ee13a6733b3af34
CLIENT_TRAFFIC_SECRET_0 f19b1c8609755ed261b71f6da9bb933673ff06cf8ea0a4f7c284290a2a6e5358 2975c2672883a352b728c1c2dc49b414afbcc1a41ff29c04af60212a1215af5d6b15d3dc24d3efb11c59097bba5bc44b
SERVER_TRAFFIC_SECRET_0 f19b1c8609755ed261b71f6da9bb933673ff06cf8ea0a4f7c284290a2a6e5358 61a63ed68e5a2848b25aa61e62d49d090da109365594b6e538251005d3d3a6a6f6dc14c9313b4f8ccac0599f7a2b2d9e
EXPORTER_SECRET f19b1c8609755ed261b71f6da9bb933673ff06cf8ea0a4f7c284290a2a6e5358 2a911ad56095db92beaaeeb0145d890449bb29fbe8f558093525fa6e5bee198d06740ab7496cc9d79d0ec40551c13996
CLIENT_HANDSHAKE_TRAFFIC_SECRET ddc97748d6f9f21769e8875ac1e0cd3dfb9df8b60a88e30738f2af84df97b831 29a59fdd993d7dcacf08952e787bc39d1ca9a077b28021bea343c4e7016c9820
SERVER_HANDSHAKE_TRAFFIC_SECRET ddc97748d6f9f21769e8875ac1e0cd3dfb9df8b60a88e30738f2af84df97b831 edcd23a616ce8ba2e2646dda887a2709e510a13610fb02e36383bc66c6b60f8a
CLIENT_TRAFFIC_SECRET_0 ddc97748d6f9f21769e8875ac1e0cd3dfb9df8b60a88e30738f2af84df97b831 94fd0500e13b42c30577cf6d9ede841652a0ec39aa6697cf9ddc70c720b1f05a
SERVER_TRAFFIC_SECRET_0 ddc97748d6f9f21769e8875ac1e0cd3dfb9df8b60a88e30738f2af84df97b831 f177ad64dbc41427c0e22d841cd1412610ad40adaf422589859eb72937f9aef2
EXPORTER_SECRET ddc97748d6f9f21769e8875ac1e0cd3dfb9df8b60a88e30738f2af84df97b831 262d64460f8592b4b87e3b5ca997bdd4154090f36227b6f2cb7606fe400e34f7
CLIENT_HANDSHAKE_TRAFFIC_SECRET ad02211541afc09dceae9abd65390216394d3a1d4b4fa50805c21dded20bfcdf 55c73b70c9b497cc20d19d8902c979049fb8609871d102c8949a19862f33be36
SERVER_HANDSHAKE_TRAFFIC_SECRET ad02211541afc09dceae9abd65390216394d3a1d4b4fa50805c21dded20bfcdf 8a32bd4e66291a298554853b909e93b8a364dc9110b192e1e66a007db2d6bd26
CLIENT_TRAFFIC_SECRET_0 ad02211541afc09dceae9abd65390216394d3a1d4b4fa50805c21dded20bfcdf da55ba66fa796ab80d93e5ca8944ab2c21ff2a2ed126ea20e276efecad67fc43
SERVER_TRAFFIC_SECRET_0 ad02211541afc09dceae9abd65390216394d3a1d4b4fa50805c21dded20bfcdf 0b29442b0912d268d7b714b595c5f08d563e5fb4ecf01978ebca6c46b4fbe91c
EXPORTER_SECRET ad02211541afc09dceae9abd65390216394d3a1d4b4fa50805c21dded20bfcdf 34059daa6fd22516b8c623d18dee19799287de9c761ba0731e3fd277e706a9e0
CLIENT_HANDSHAKE_TRAFFIC_SECRET 086b616c165cb29334fbdf888588c631f8cda7c1f91d48767908760073a094ad 47714a5c105f87660ad4569269f4febc4bc940765f4a27ce557e287a59253ac8
SERVER_HANDSHAKE_TRAFFIC_SECRET 086b616c165cb29334fbdf888588c631f8cda7c1f91d48767908760073a094ad 320736dd7097a06b0383546f28bb0be68938277cb8f3926fa455322a7d569fd3
CLIENT_TRAFFIC_SECRET_0 086b616c165cb29334fbdf888588c631f8cda7c1f91d48767908760073a094ad 7b68d0ad3c8a8082a3b3004dfa02252e27be1d24926b3e13b1ebb22e89cc8287
SERVER_TRAFFIC_SECRET_0 086b616c165cb29334fbdf888588c631f8cda7c1f91d48767908760073a094ad 08cb5e34364addd14173f956943f2e5b2fa8ecb8de006496ab7fd33c64224013
EXPORTER_SECRET 086b616c165cb29334fbdf888588c631f8cda7c1f91d48767908760073a094ad e7632fb0728e4f8b54386e5e668b2e30d18bfbe26cece22b40350c8c612f3970
CLIENT_HANDSHAKE_TRAFFIC_SECRET 64cb835c904646f5620988137ed6c02b15a8dfd4c726b4b9e2b0f232579c3c08 6bf8063961c9bba55be940a28356688f01d05ab9cc169632594fe66d32d0e6be
SERVER_HANDSHAKE_TRAFFIC_SECRET 64cb835c904646f5620988137ed6c02b15a8dfd4c726b4b9e2b0f232579c3c08 d259adfb365f74c5cca5d6a933e2586f9a5174a1338a7b51761b2ea6f176ccc6
CLIENT_TRAFFIC_SECRET_0 64cb835c904646f5620988137ed6c02b15a8dfd4c726b4b9e2b0f232579c3c08 5b0abaea0a4a9a93bca4eae238a3a2a49b1974bc9749a24c27cde7a9804c968a
SERVER_TRAFFIC_SECRET_0 64cb835c904646f5620988137ed6c02b15a8dfd4c726b4b9e2b0f232579c3c08 056779ebdb35abc5c3ba8e39ca57a70a2446e810e40bfd85eeab416559a3cd33
EXPORTER_SECRET 64cb835c904646f5620988137ed6c02b15a8dfd4c726b4b9e2b0f232579c3c08 15c6bda764b32d677f71e90670cd70bfdfda785434f0cfa963a46d65cb024905
CLIENT_HANDSHAKE_TRAFFIC_SECRET 3171f021e9d6183411cd7a962615b963d5fabc6a796d90cf6c56de763babd801 6b65d9b5210c0b760a55d18e16389a080271677713e4452dbffa14729539f489
SERVER_HANDSHAKE_TRAFFIC_SECRET 3171f021e9d6183411cd7a962615b963d5fabc6a796d90cf6c56de763babd801 15274a44d121cd2f2adc9f90b27ceda1009adee5f5569a6e6aa0439deb7f1993
CLIENT_HANDSHAKE_TRAFFIC_SECRET c4e167934a5f5e7b14dbfd1957ecfc57c3ab107f336f9fef5a37d660b7b1b797 437677f94f1bc2e233230706746f5e533ffb557b4860030eb5d5b01be2c7e36e
SERVER_HANDSHAKE_TRAFFIC_SECRET c4e167934a5f5e7b14dbfd1957ecfc57c3ab107f336f9fef5a37d660b7b1b797 430acae306f238b9ab48ef51f4b759bef8031b8f6a1f308fc568194bf77eef60
CLIENT_HANDSHAKE_TRAFFIC_SECRET 25d43e416f6e7fd7b64e947c0445b7496b423f29e05094685cdace415673e372 5d67f7a8a8ecadb4c53bc16bdf0d55a398eeed59d763f99d035110a2984a5fca
SERVER_HANDSHAKE_TRAFFIC_SECRET 25d43e416f6e7fd7b64e947c0445b7496b423f29e05094685cdace415673e372 28e14ebb600a905c9dbcdf27610afa7f6b524a606b46e9d382f3f779043bfadf
CLIENT_TRAFFIC_SECRET_0 3171f021e9d6183411cd7a962615b963d5fabc6a796d90cf6c56de763babd801 35d6dd77c4b040bd285215d8a40e3751a19d924aca8c1140daae1fcabfb41772
SERVER_TRAFFIC_SECRET_0 3171f021e9d6183411cd7a962615b963d5fabc6a796d90cf6c56de763babd801 ae0dff01a7301f27b7292906aa80d4374873b6e9ca8c65ad67cc0bb3347842e1
EXPORTER_SECRET 3171f021e9d6183411cd7a962615b963d5fabc6a796d90cf6c56de763babd801 7faa4a91e6a178ed59ec7971bd9f8827122c8b3ec57a820da0a157368d339d87
CLIENT_TRAFFIC_SECRET_0 c4e167934a5f5e7b14dbfd1957ecfc57c3ab107f336f9fef5a37d660b7b1b797 d7715b2ca663a843aa69c1167ac1b65fa783f0166a423cffc9581f46075942be
SERVER_TRAFFIC_SECRET_0 c4e167934a5f5e7b14dbfd1957ecfc57c3ab107f336f9fef5a37d660b7b1b797 a581dd6fd4863e2d1d80d3d83e23809ccf534686d6ec62750ae16fefb222d072
EXPORTER_SECRET c4e167934a5f5e7b14dbfd1957ecfc57c3ab107f336f9fef5a37d660b7b1b797 9a6a153e3948a23fb78265136e33cb1ad52a53ed2aa98b3af8570551a3bbd6f4
CLIENT_TRAFFIC_SECRET_0 25d43e416f6e7fd7b64e947c0445b7496b423f29e05094685cdace415673e372 d97df0e519114663acd5a80b7f4aeb1982def0d03b90c38ccab4eb894954a84a
SERVER_TRAFFIC_SECRET_0 25d43e416f6e7fd7b64e947c0445b7496b423f29e05094685cdace415673e372 40fc49c9dea8e3616566c579a84e399adf748fc5ce5245d74685ddd89b0ef820
EXPORTER_SECRET 25d43e416f6e7fd7b64e947c0445b7496b423f29e05094685cdace415673e372 104cace534233d293f9c5f09e65209fbae3922a9c2e70f12f325fca4982178ab
CLIENT_HANDSHAKE_TRAFFIC_SECRET a05ea49e28e74270533ee71865afbf8c5ced46eac718cd21558e96987acf3d88 ba1d5d52fe0cf3f4758754353214ea1deddbec57dbf8acb61542dc30487ef4cb
SERVER_HANDSHAKE_TRAFFIC_SECRET a05ea49e28e74270533ee71865afbf8c5ced46eac718cd21558e96987acf3d88 ee5cd479ba2a1fd275398b572ca4ddc0d2027ed0180298684e56283f4ac80fa0
CLIENT_TRAFFIC_SECRET_0 a05ea49e28e74270533ee71865afbf8c5ced46eac718cd21558e96987acf3d88 bc142b372ae7acd7188392e50af6e264f0f938330cb51133eb37c1e915153fef
SERVER_TRAFFIC_SECRET_0 a05ea49e28e74270533ee71865afbf8c5ced46eac718cd21558e96987acf3d88 fa4fccc93f6a9fe5bbea79772a1fe369cedf2305896b0c1aadc20a5cf8999924
EXPORTER_SECRET a05ea49e28e74270533ee71865afbf8c5ced46eac718cd21558e96987acf3d88 ed8ee789da3e04451b845e9263f2820a1d7d4f2773532b20451ae8375fa81b1d
CLIENT_RANDOM 8070c7330ac01e51d730ffd0cf26237a02b84d463678dce8390ba717aac4f68c b646e996ddf3ea8ab34d589e7a11575f744ce97069f82f7f6f5138f91b4836dbc041622d47be0d1f33280502a28f8e40
CLIENT_RANDOM b10ef435b1bec1fd5193228188e6cdfb9e5bcb04cf9da981cb51977085600f31 34b55536dcf409becb14e3a4c5e3d4297964ba77af1632a422e5951e0cd00aba3dc7184f3458c1467702554080988e23
CLIENT_HANDSHAKE_TRAFFIC_SECRET d5a2be41f7d0776428ce8f8fd97e72f0e12ca00db5add11dd8e75601dc257a5d 217efe1193f3b6b1d058fdfaaaac256c332b413668a877a8e5ed3d48704fac29
SERVER_HANDSHAKE_TRAFFIC_SECRET d5a2be41f7d0776428ce8f8fd97e72f0e12ca00db5add11dd8e75601dc257a5d 23d011b679ca9f6273e3de04a74d838556fa7aef9a3b28b2cc546144ab9e1789
CLIENT_HANDSHAKE_TRAFFIC_SECRET 594e2cbe0aae2b8e3ac3aff7e3074f258dac8fc54725bb20eb1b5519ed74dbc9 9873cd986aacc34f65d4696e58bb20ce32e39443f72ec4197e50eda5ace5a166
SERVER_HANDSHAKE_TRAFFIC_SECRET 594e2cbe0aae2b8e3ac3aff7e3074f258dac8fc54725bb20eb1b5519ed74dbc9 8191ee853d796548ee417b82f2cee3cd3c49fd772e228f0d78ae301042e54e16
CLIENT_HANDSHAKE_TRAFFIC_SECRET d4ea063d80a11a0a6986c5bba950a02318d94de899f9f0329461faba730c62e7 b5ae5d775579066f3622bc263abd4778f37ae047633aa71877b75b723f29f67c
SERVER_HANDSHAKE_TRAFFIC_SECRET d4ea063d80a11a0a6986c5bba950a02318d94de899f9f0329461faba730c62e7 6bd9151093235d068a014019c00233779adaab49eec03e81d49ff5749deab6b9
CLIENT_TRAFFIC_SECRET_0 d5a2be41f7d0776428ce8f8fd97e72f0e12ca00db5add11dd8e75601dc257a5d ef51f908d8476a9fc5bafc1df717f568e7c5896f6b86de6f28b83abee8dc28a5
SERVER_TRAFFIC_SECRET_0 d5a2be41f7d0776428ce8f8fd97e72f0e12ca00db5add11dd8e75601dc257a5d 11ed6632d84fae3eb1d8fbf19d59463e2827daaa455425988a394f1dd357ae9d
EXPORTER_SECRET d5a2be41f7d0776428ce8f8fd97e72f0e12ca00db5add11dd8e75601dc257a5d f3572281bb340e219b5c8ad8176b2cdb1ca6e69de450e0e82cef53706c36be85
CLIENT_TRAFFIC_SECRET_0 d4ea063d80a11a0a6986c5bba950a02318d94de899f9f0329461faba730c62e7 c1c11a0f1208231cca8f19de531f5e498c226be2a7bd6049bc19f39f2773d149
SERVER_TRAFFIC_SECRET_0 d4ea063d80a11a0a6986c5bba950a02318d94de899f9f0329461faba730c62e7 a91ec227c947ae240097247d117620b8780df28a912c593c1d3af40f6b32afae
EXPORTER_SECRET d4ea063d80a11a0a6986c5bba950a02318d94de899f9f0329461faba730c62e7 458e5d30a801c34bf55d4bb9788d9d5f203bf798beb4f4ce3a50bfda1bd038f8
CLIENT_TRAFFIC_SECRET_0 594e2cbe0aae2b8e3ac3aff7e3074f258dac8fc54725bb20eb1b5519ed74dbc9 4647c7cb72828f31c0298d75b03742cca618529729a5eea2d1d36b172fcc2c28
SERVER_TRAFFIC_SECRET_0 594e2cbe0aae2b8e3ac3aff7e3074f258dac8fc54725bb20eb1b5519ed74dbc9 8792d5dccdc6f4a55d9c3030e8ec13fae7ca1b79a51eba8006445d0848650bec
EXPORTER_SECRET 594e2cbe0aae2b8e3ac3aff7e3074f258dac8fc54725bb20eb1b5519ed74dbc9 8458941bb41539e4f54c78a55b74f45b39b05fb81442c52fdf9ea42725d28073
CLIENT_HANDSHAKE_TRAFFIC_SECRET a4159c1190d27845a19464aaa86d8ceccf5cf03742007bafccbd928d1053e815 a429eae40264495b408cf1fbac432e6b83ca3aa9578809b84ae59ee69a9e4b19
SERVER_HANDSHAKE_TRAFFIC_SECRET a4159c1190d27845a19464aaa86d8ceccf5cf03742007bafccbd928d1053e815 aef8552b2122f32b3062a8af427d4ce50f3c4d9df78d5c1c99afc5523c168452
CLIENT_TRAFFIC_SECRET_0 a4159c1190d27845a19464aaa86d8ceccf5cf03742007bafccbd928d1053e815 30137634bfddb30aa73a4d6f90bfc594207593534459f11583cd0bc2e127e04d
SERVER_TRAFFIC_SECRET_0 a4159c1190d27845a19464aaa86d8ceccf5cf03742007bafccbd928d1053e815 a57bb652abaddf0c6028dd4cdb9c9e2f6670e2d0a9ad87034e4e873a50c6e462
EXPORTER_SECRET a4159c1190d27845a19464aaa86d8ceccf5cf03742007bafccbd928d1053e815 d04039a6dde37e823cb78f5ffbf80eb0503d1ac2230276ff708653933015c273
CLIENT_HANDSHAKE_TRAFFIC_SECRET ec468f0c89dede2f4fbe8c62eebb2cf154a00d197a8de408ce232baed22aabe0 6394ca8b2c23e8bae9fb3053180f6ca32153f9da3fb18f30cdab6721113a6a9f
SERVER_HANDSHAKE_TRAFFIC_SECRET ec468f0c89dede2f4fbe8c62eebb2cf154a00d197a8de408ce232baed22aabe0 991fe7933cb58f80dfd025b3ce9167cd2dc0d8ae648c913efc074787c26a7323
CLIENT_TRAFFIC_SECRET_0 ec468f0c89dede2f4fbe8c62eebb2cf154a00d197a8de408ce232baed22aabe0 a7e2512c3ee69f67c180571c8808fe35dc4469331fc75fa6cce4f1fe5a0d8815
SERVER_TRAFFIC_SECRET_0 ec468f0c89dede2f4fbe8c62eebb2cf154a00d197a8de408ce232baed22aabe0 48292437c75d99f2784929751d9a01e0b6bba3ae8dbe5b9d8cc09734d060d934
EXPORTER_SECRET ec468f0c89dede2f4fbe8c62eebb2cf154a00d197a8de408ce232baed22aabe0 7bbc11065a1ecd6eae1033f62fd5fda1c82f2b508b88df0ddee4a0b2be4fce69
CLIENT_HANDSHAKE_TRAFFIC_SECRET 66f888982d31a7b28a8cfa70ba5efcc00dd0980e97112a59bc62801f8e618cc1 c95dca2148375b4696c08f1bed3aaa7fb814b67c7cab14dad614490e2a981d5c
SERVER_HANDSHAKE_TRAFFIC_SECRET 66f888982d31a7b28a8cfa70ba5efcc00dd0980e97112a59bc62801f8e618cc1 81b5f2289a11d3722287393f5ca07c76c00d1c5ab358ad7f61cfd85ccbb2841e
CLIENT_TRAFFIC_SECRET_0 66f888982d31a7b28a8cfa70ba5efcc00dd0980e97112a59bc62801f8e618cc1 ffcfa647aa3f77c13138070c67c2703723b80b1fb297fad92f9e4921e577a48d
SERVER_TRAFFIC_SECRET_0 66f888982d31a7b28a8cfa70ba5efcc00dd0980e97112a59bc62801f8e618cc1 03a07a88b86f1d42c733e98b403508092dbd6ef0fbd75b6d1a6a3365ed8fe5c5
EXPORTER_SECRET 66f888982d31a7b28a8cfa70ba5efcc00dd0980e97112a59bc62801f8e618cc1 e9e14aba1948bb18f33b6032e88e94274ceeba2860f1f51e8f0f715fbe5df586
CLIENT_RANDOM 097f4c64337b1d59edea936ec7cd8383d44b3f249f4dafcc812e2f80040f243e bf7ab9c4ab64d6b0d8b2bba737783780c68c32c450f0459ae83ea1548184e84d4b426cab4bbc154bb0f950c93a6c51f5
CLIENT_HANDSHAKE_TRAFFIC_SECRET 8330b834e465f326f17e798123028ace7a3f18e20bee29ae09a64edf15321c84 98fc6ddc8e16866bbacbd811bdde478381c413cb5cd5e029c507367f6070ad91
SERVER_HANDSHAKE_TRAFFIC_SECRET 8330b834e465f326f17e798123028ace7a3f18e20bee29ae09a64edf15321c84 088279c1fdb616e36ed948b2dbbcd7d8086bcb54b5499a4a9b1639a410256781
CLIENT_TRAFFIC_SECRET_0 8330b834e465f326f17e798123028ace7a3f18e20bee29ae09a64edf15321c84 16931b4af4dd88e400f6231294e188abc68f604e05e75cc618b9ff96c0b17e9b
SERVER_TRAFFIC_SECRET_0 8330b834e465f326f17e798123028ace7a3f18e20bee29ae09a64edf15321c84 e468d9e134d1e90bfbff88ee159e13ae35b8b0651f92e93b7e565df549d435c1
EXPORTER_SECRET 8330b834e465f326f17e798123028ace7a3f18e20bee29ae09a64edf15321c84 0bb6b4d8ab051dbdd66f8cf24a889ca97f52a2006ee00a195e6a518ad95f916c
CLIENT_RANDOM 8b0ee159052184def3e41141d894efa0c86854eb4d1ae6f1d4b45b4ebccbcf97 fa5de4210bd1d6eedb28734b4e440727bd16ea9d9db04d1f5c9d0a5c23a3a85b742d525962f0cedaf17c55fd426bc20e
CLIENT_HANDSHAKE_TRAFFIC_SECRET 2127ad42360f29e9fa3bbddd53d9e57c996611cc23f3542647fd3525fd2ed422 295202f107a619ce085b361c470b009f8de67220e7c062079c2519e43e986dc8
SERVER_HANDSHAKE_TRAFFIC_SECRET 2127ad42360f29e9fa3bbddd53d9e57c996611cc23f3542647fd3525fd2ed422 fc0f80c3de67b9efa562a58d325481a7511356ca8a481b72f8aadd19d148edce
CLIENT_TRAFFIC_SECRET_0 2127ad42360f29e9fa3bbddd53d9e57c996611cc23f3542647fd3525fd2ed422 b15291a3c2b7b282b5ed984a699b7c6dea97eec042c5f1bcfb9fcbf611c59b4b
SERVER_TRAFFIC_SECRET_0 2127ad42360f29e9fa3bbddd53d9e57c996611cc23f3542647fd3525fd2ed422 fd96fd4c6baf06b2284383de6ae634462e0ee9398d34fac2609734366807ab67
EXPORTER_SECRET 2127ad42360f29e9fa3bbddd53d9e57c996611cc23f3542647fd3525fd2ed422 28e8200354ad685c46a9df91788fe37d1d1dd6dabcaeb8cacaa177cc339c3fc1
CLIENT_HANDSHAKE_TRAFFIC_SECRET 9e6f6cc91b550b65a74154b545aef92eb7a0b8e28c7ec1e076d6b51a031a3b56 30aa7434908ac74c3840bfb600e4a7d0d2055ec6036e53bc8c3e5f118488c8d3
SERVER_HANDSHAKE_TRAFFIC_SECRET 9e6f6cc91b550b65a74154b545aef92eb7a0b8e28c7ec1e076d6b51a031a3b56 9f83659c884b482162b19cfd47f8a21fea6d448f1148aaed0204e185d19e97d0
CLIENT_TRAFFIC_SECRET_0 9e6f6cc91b550b65a74154b545aef92eb7a0b8e28c7ec1e076d6b51a031a3b56 c43b95fcda856f756226a015632d4e2e2c66d61e3e5145d93a68d4b443d0bec6
SERVER_TRAFFIC_SECRET_0 9e6f6cc91b550b65a74154b545aef92eb7a0b8e28c7ec1e076d6b51a031a3b56 359641327fefd79dee3f9ea779ce59cba535d4c1369195b05532f89cdee1081b
EXPORTER_SECRET 9e6f6cc91b550b65a74154b545aef92eb7a0b8e28c7ec1e076d6b51a031a3b56 755dfb870558be2b33186485f811539f8a08b7306febd6627be2bc2a8df97968
CLIENT_HANDSHAKE_TRAFFIC_SECRET aa357408e1c1129c4a9028628183fb7912ba24309ff5f4785c558972475cefe2 e69ecde6788edc90837a3aee9b1fbf6036e94bc56bc3096724d9fd8aaa6136f2
SERVER_HANDSHAKE_TRAFFIC_SECRET aa357408e1c1129c4a9028628183fb7912ba24309ff5f4785c558972475cefe2 48302f7f7f2988b5496b66efe886cfb10cf95efb284beadb952ca7910337e439
CLIENT_TRAFFIC_SECRET_0 aa357408e1c1129c4a9028628183fb7912ba24309ff5f4785c558972475cefe2 06f9cb2496d85cda2095b3902528f82ce33915fef7e489e80c3ab583899177ca
SERVER_TRAFFIC_SECRET_0 aa357408e1c1129c4a9028628183fb7912ba24309ff5f4785c558972475cefe2 8629f8dfb7d2bf8ad19e25ae6a0918b7664b5018bd585bbe5041e97ab53c954e
EXPORTER_SECRET aa357408e1c1129c4a9028628183fb7912ba24309ff5f4785c558972475cefe2 8f29c28d837b8f6fe3903c72d041731b4ed2c91eff646cbd556ea4675c211348
CLIENT_HANDSHAKE_TRAFFIC_SECRET 85f8e73a14345ae0276e5922b8b60cf71a0ef9c6032e3f01a9f4092cda5796ca 45dc1260c375f3233759adb15baea3789d8018768c2b8e6ae3e669e26c4123ef
SERVER_HANDSHAKE_TRAFFIC_SECRET 85f8e73a14345ae0276e5922b8b60cf71a0ef9c6032e3f01a9f4092cda5796ca 88f6090cf3a2719dff87250f51444113cb35371ed1534dc2e8e1561448f7c0a7
CLIENT_TRAFFIC_SECRET_0 85f8e73a14345ae0276e5922b8b60cf71a0ef9c6032e3f01a9f4092cda5796ca 42d9706237b08afad410ced45fb3f3e5ce0c815675d198635677b848e3efc51d
SERVER_TRAFFIC_SECRET_0 85f8e73a14345ae0276e5922b8b60cf71a0ef9c6032e3f01a9f4092cda5796ca b21fa5f0b3a9f3e7ceaa0ca2e4e2f12fbfef235bc85d1d19d8f5d8ba709fb210
EXPORTER_SECRET 85f8e73a14345ae0276e5922b8b60cf71a0ef9c6032e3f01a9f4092cda5796ca dc888c00a2b2cd99b295eb8ab7d808a0f2945386f95cbfede3f4a5d6809a5178
CLIENT_HANDSHAKE_TRAFFIC_SECRET f52f90ba7459e36d5d96c395cca82126a5d1f72e597cc2defe5330d709ccfb2d a1209250133917ffdced6a79242680627b39617fccc103e66276a8a89d018489
SERVER_HANDSHAKE_TRAFFIC_SECRET f52f90ba7459e36d5d96c395cca82126a5d1f72e597cc2defe5330d709ccfb2d 89f36d3594c68b2e40213516f1ff21c8815bc45024dba29b10219730a3ea54b0
CLIENT_TRAFFIC_SECRET_0 f52f90ba7459e36d5d96c395cca82126a5d1f72e597cc2defe5330d709ccfb2d 475b3acbc1c14c90b2425af6118162843dab9ee1010ac371f15d68a55a4af96a
SERVER_TRAFFIC_SECRET_0 f52f90ba7459e36d5d96c395cca82126a5d1f72e597cc2defe5330d709ccfb2d 19a535e9c74c481f2633d11bc2ddf33e05fd9648457c2faf7840ab701fd46c8d
EXPORTER_SECRET f52f90ba7459e36d5d96c395cca82126a5d1f72e597cc2defe5330d709ccfb2d a67e61b6fc3f62b78481e4941de73f428075f6890618d6424ecc4763b83c56c7
CLIENT_HANDSHAKE_TRAFFIC_SECRET 838d2003f33c617ba9e0b7bc82581447b3b4336484abb121024b3b66240e97db 66516f49e7023e1103be091a09f1858dd88a0c93183b47275475f68a0f443997
SERVER_HANDSHAKE_TRAFFIC_SECRET 838d2003f33c617ba9e0b7bc82581447b3b4336484abb121024b3b66240e97db f3b3e1f49f93678fd7fdd6e8f625b3087acc596c397337814676e86c1b3beaa0
CLIENT_TRAFFIC_SECRET_0 838d2003f33c617ba9e0b7bc82581447b3b4336484abb121024b3b66240e97db 822b19042683c7a24fd663b2a620cdb1625cfc68c63f0473aaff2717b5b11bc2
SERVER_TRAFFIC_SECRET_0 838d2003f33c617ba9e0b7bc82581447b3b4336484abb121024b3b66240e97db b56eba44e3cefc8ebcbc19dc293f84da2b4a73f831074090eefc26b220334ca8
EXPORTER_SECRET 838d2003f33c617ba9e0b7bc82581447b3b4336484abb121024b3b66240e97db 6830ce80be8484f40bc115b706fefe56c8ab239e974e514ed7348dfcabc06982
CLIENT_HANDSHAKE_TRAFFIC_SECRET 5e9cef7a49316c4c979a7e24dd2370a9d315f3c68df58809db04dedcd18afd1b c996325ba5fa34ff51999d28ba0825586548b91b34b0bef05006a5cc143c1d0a
SERVER_HANDSHAKE_TRAFFIC_SECRET 5e9cef7a49316c4c979a7e24dd2370a9d315f3c68df58809db04dedcd18afd1b 4ed15653465c372d727f79f4d60098f7294f5ac7ea7f9aafa5cb922714103676
CLIENT_HANDSHAKE_TRAFFIC_SECRET 209059a89e5d90f1c9dd1058d465a6d78255ef9a0ea17dbc3c789f9be57950c7 b472d77bc46a62c2776729eef844610fdaeea49bdeb97d8c8537a58a7a4036cc
SERVER_HANDSHAKE_TRAFFIC_SECRET 209059a89e5d90f1c9dd1058d465a6d78255ef9a0ea17dbc3c789f9be57950c7 911f8ab252277967cc53014cf0d85aa492569427cc038823f795ca5a1268fa95
CLIENT_TRAFFIC_SECRET_0 5e9cef7a49316c4c979a7e24dd2370a9d315f3c68df58809db04dedcd18afd1b 9482a1998f9eba522c6d03cb81e3974c2a229fdb7039451363bfc18d1c12927f
SERVER_TRAFFIC_SECRET_0 5e9cef7a49316c4c979a7e24dd2370a9d315f3c68df58809db04dedcd18afd1b c8563b1c57616ee3209ee25a82bed2d944819add0b8481e9eb7649cfac925fd5
EXPORTER_SECRET 5e9cef7a49316c4c979a7e24dd2370a9d315f3c68df58809db04dedcd18afd1b 4cb2cc9cb1dd1003f0b7fcaa7d6925de7d09a927c391acddce238b5dc25ffc4a
CLIENT_TRAFFIC_SECRET_0 209059a89e5d90f1c9dd1058d465a6d78255ef9a0ea17dbc3c789f9be57950c7 054a19a8f33fa8f957c90441fdf33eb9a41148961ff77adc37338b37247ffbf4
SERVER_TRAFFIC_SECRET_0 209059a89e5d90f1c9dd1058d465a6d78255ef9a0ea17dbc3c789f9be57950c7 1881a4d6f489fdbc04ff1428cb7b9006d94881f4fcac17dd4368aac492d5dea0
EXPORTER_SECRET 209059a89e5d90f1c9dd1058d465a6d78255ef9a0ea17dbc3c789f9be57950c7 e7b421b679f49a1fac11a3a17ac2a3e4dd555558cf9374fc95bacdacd6c79eb2
CLIENT_HANDSHAKE_TRAFFIC_SECRET 2deb3964cf83b99e403dd58e2e18fc56dc849444b6fbcd1feca678495ce9d4ca 10d5fc6beb958f9d73ab0340fe46c91a04393ae01cc313d626d651c1d3ae5744
SERVER_HANDSHAKE_TRAFFIC_SECRET 2deb3964cf83b99e403dd58e2e18fc56dc849444b6fbcd1feca678495ce9d4ca 3afc0dde1df5b14b280dbc387a4bca7f4e71e0e50d06b5c0d6f189701fd8e056
CLIENT_TRAFFIC_SECRET_0 2deb3964cf83b99e403dd58e2e18fc56dc849444b6fbcd1feca678495ce9d4ca 1182ad9238b9c8ccdaf1879ab36232cd2053e43581f00a75dde1b29ef2be714a
SERVER_TRAFFIC_SECRET_0 2deb3964cf83b99e403dd58e2e18fc56dc849444b6fbcd1feca678495ce9d4ca 531c9af2eed3ae9275e49697dabd4866a9883e4f72dbd63fc4ac694c912b3f81
EXPORTER_SECRET 2deb3964cf83b99e403dd58e2e18fc56dc849444b6fbcd1feca678495ce9d4ca 04e26793167000fb2ad147deac913f212f5aec0f03b907e4537109edb39b0ef9
CLIENT_HANDSHAKE_TRAFFIC_SECRET efe5432299fd9cc2f8ce7770e5479079d2b77ce4664fbd56fcced7394e2ad1eb f1e13088f617b92960799e84b5d5303e542b116085de29bc68b48b4a624d022b
SERVER_HANDSHAKE_TRAFFIC_SECRET efe5432299fd9cc2f8ce7770e5479079d2b77ce4664fbd56fcced7394e2ad1eb c16bfe0b22f9cfde8ba3c7ed0531c850c710efbfa3066e2f80a50874777bfe98
CLIENT_TRAFFIC_SECRET_0 efe5432299fd9cc2f8ce7770e5479079d2b77ce4664fbd56fcced7394e2ad1eb 38bdb6d16eb94ed534759579c903e8b47ed5e6ef94cf191ca9525a0ef673aa60
SERVER_TRAFFIC_SECRET_0 efe5432299fd9cc2f8ce7770e5479079d2b77ce4664fbd56fcced7394e2ad1eb 843352f5ba97723efd55d7f6aa7d4e05d613a3465c60d78694b784e8999791a2
EXPORTER_SECRET efe5432299fd9cc2f8ce7770e5479079d2b77ce4664fbd56fcced7394e2ad1eb ef623c813a8831ad6c4aa0f0dd41f07219c7402ff48b465ba11da4ae9756ab83
