CLIENT_HANDSHAKE_TRAFFIC_SECRET 03872644b53408914dda92df29afe7d691d3a10a9dad305fc16f348fe803201b 9db7453e3e30452d7a7107a9b3e280e73616ad05d80b86dc22eeafaf171329c4
SERVER_HANDSHAKE_TRAFFIC_SECRET 03872644b53408914dda92df29afe7d691d3a10a9dad305fc16f348fe803201b c0d3e5f9314225a11dd81deb1a19afd629009713317c8e967e7c3c6a6e9574fa
CLIENT_TRAFFIC_SECRET_0 03872644b53408914dda92df29afe7d691d3a10a9dad305fc16f348fe803201b 9666318473e1dc0f8c705b341ebaa6fab22b9e96162d31dd846e8291c06daf1b
SERVER_TRAFFIC_SECRET_0 03872644b53408914dda92df29afe7d691d3a10a9dad305fc16f348fe803201b ab24c26f3a1bb06eab65d2684135a3b5c304b0f34e34ddbcb2e896ce6023bc12
EXPORTER_SECRET 03872644b53408914dda92df29afe7d691d3a10a9dad305fc16f348fe803201b 2e1d526d92438d598195bda358037bbf743bcb612ce59fac3fbb3a31393d7cd1
CLIENT_HANDSHAKE_TRAFFIC_SECRET a499e4fc67dddb7678e023a5ddccf184c71c471c1773929afbb220b5c8638460 c477f701f3ac4f51f201c0af0e7c1a1ef8be8c31ae1d6819a171ccb5f146aef8
SERVER_HANDSHAKE_TRAFFIC_SECRET a499e4fc67dddb7678e023a5ddccf184c71c471c1773929afbb220b5c8638460 515c617984fb15a1c7edd16402d3ca9eddcb86d235b7be4061c89b872fc2b2e3
CLIENT_TRAFFIC_SECRET_0 a499e4fc67dddb7678e023a5ddccf184c71c471c1773929afbb220b5c8638460 81642605b3e62d96f6c95a19428d72e5db5947be250db98f78770bb6f96cb100
SERVER_TRAFFIC_SECRET_0 a499e4fc67dddb7678e023a5ddccf184c71c471c1773929afbb220b5c8638460 80addd6fec31228a20489ec21fc934244df9e9c185625c2dbf52e553452a17ef
EXPORTER_SECRET a499e4fc67dddb7678e023a5ddccf184c71c471c1773929afbb220b5c8638460 f44c8fc4ea398042ab900ee1845df2663b2500b62aa591468ed209fe2eaa43b3
CLIENT_HANDSHAKE_TRAFFIC_SECRET 90097128f99ba12734afa80e5e0590d837e61a1f4e13020a448fb2ab3862dcfc 45d8f8e69611476c54e26e7cc0343fbcc79c537844dbb6751669249601f40e32
SERVER_HANDSHAKE_TRAFFIC_SECRET 90097128f99ba12734afa80e5e0590d837e61a1f4e13020a448fb2ab3862dcfc 7037e7062bf3cf1554400cc10688289003f73bfa1fd2a514530c6f782e6cf61f
CLIENT_HANDSHAKE_TRAFFIC_SECRET 689df1b4ac340ce7ef6469320fb7ecd70a21a3e7fc4d6a1ca3ac09f7204cf061 90811f14665e4b1734afd39bf164f5a40a8b926040cda65aa585eb226d0d32dc
SERVER_HANDSHAKE_TRAFFIC_SECRET 689df1b4ac340ce7ef6469320fb7ecd70a21a3e7fc4d6a1ca3ac09f7204cf061 817636c75d8c195c48da951dd7f0fa756102cb2db2044ab576edf54b74033026
CLIENT_TRAFFIC_SECRET_0 90097128f99ba12734afa80e5e0590d837e61a1f4e13020a448fb2ab3862dcfc d87b3dc4da9ad813613cfe0355d78af2fa7e96eff24eca02d2a6bf3a0db0474f
SERVER_TRAFFIC_SECRET_0 90097128f99ba12734afa80e5e0590d837e61a1f4e13020a448fb2ab3862dcfc 8df4645f1c0fb03c96da51e89fb1fbc916a3be6d6ef7b3a9c3eb9ce3916793a7
EXPORTER_SECRET 90097128f99ba12734afa80e5e0590d837e61a1f4e13020a448fb2ab3862dcfc 2b2bf541bbd7d339543b8ac2567d28a4dda9e42a97b7edad8995db37da603d44
CLIENT_TRAFFIC_SECRET_0 689df1b4ac340ce7ef6469320fb7ecd70a21a3e7fc4d6a1ca3ac09f7204cf061 9813e3cab97b7769f4d85fb9bed17f66143da0934f3ce19fd58b93014e1a635a
SERVER_TRAFFIC_SECRET_0 689df1b4ac340ce7ef6469320fb7ecd70a21a3e7fc4d6a1ca3ac09f7204cf061 00f70979755354671b714e28a00b72772d177e0e6be2dcc250ef7baa5ce27fd7
EXPORTER_SECRET 689df1b4ac340ce7ef6469320fb7ecd70a21a3e7fc4d6a1ca3ac09f7204cf061 34c60b42cf8bab7aee8e96490068a6e8891755d7b4e2d5d57e3a670eaa6b842d
CLIENT_HANDSHAKE_TRAFFIC_SECRET 9708b7c17b80b3001c273af1f7c9a905b8262451a0932a7cf2a1c7debd67a9ba 7b9a33d462b58e737c333cebb442900803745b310c2190720b41cdf4ce6c44e7
SERVER_HANDSHAKE_TRAFFIC_SECRET 9708b7c17b80b3001c273af1f7c9a905b8262451a0932a7cf2a1c7debd67a9ba 0f2823e318efd5229aa80b7ce63c156e9f0e2aca661d99577eeae4dc2609574a
CLIENT_TRAFFIC_SECRET_0 9708b7c17b80b3001c273af1f7c9a905b8262451a0932a7cf2a1c7debd67a9ba 740c56c95b0d046328ae312822512a830cc7f6343468870bcb606f26c119c3fd
SERVER_TRAFFIC_SECRET_0 9708b7c17b80b3001c273af1f7c9a905b8262451a0932a7cf2a1c7debd67a9ba 4f8cfde64ca64cb1f51e63ea5d3f6b829fed396ab9258da211bcafbe54538613
EXPORTER_SECRET 9708b7c17b80b3001c273af1f7c9a905b8262451a0932a7cf2a1c7debd67a9ba dbebb39a5e5c61540ff34a59af2c247323389a3b49e78d19577ce9ab0e6cb8c4
CLIENT_HANDSHAKE_TRAFFIC_SECRET 61bc216c6957243c343b539fe352315a5de1fa6f795c6d51cdf8c8bc8a3a3998 d777040feb8f5f7c46bb063b7f0d863133227fb126bb0e7ffec57c0dd2bb783d
SERVER_HANDSHAKE_TRAFFIC_SECRET 61bc216c6957243c343b539fe352315a5de1fa6f795c6d51cdf8c8bc8a3a3998 6298493c72052a081944e7ddf4052c17cc3d7f90ebcfcb6aa55efac02e608a75
CLIENT_HANDSHAKE_TRAFFIC_SECRET 53a18c3c95d08377ec698c83fd8353f3c8d311657cb339331e6ce9d56f6552b4 91dd68c41b4be0ac4bab99ecb70ce1bf7f55b35c4f0c43fe60147df238901eba
SERVER_HANDSHAKE_TRAFFIC_SECRET 53a18c3c95d08377ec698c83fd8353f3c8d311657cb339331e6ce9d56f6552b4 59885876a41c94b78425d2c6a39f7f9fcaa26f15b70d46a5fcaf96e65c9171c5
CLIENT_TRAFFIC_SECRET_0 61bc216c6957243c343b539fe352315a5de1fa6f795c6d51cdf8c8bc8a3a3998 fc55d3f447c2644a6fc47d94deca165942427864c1a6b546d03d02cd89356bbd
SERVER_TRAFFIC_SECRET_0 61bc216c6957243c343b539fe352315a5de1fa6f795c6d51cdf8c8bc8a3a3998 b857b541ca072054bc0c6ff15705bfe5a495686d349b46afd7c01369b6b04d77
EXPORTER_SECRET 61bc216c6957243c343b539fe352315a5de1fa6f795c6d51cdf8c8bc8a3a3998 50bcf029e4cc6eb12a0ffb7cf3a3d87a5c2b3a6723394cd6424cc8af2ced5647
CLIENT_TRAFFIC_SECRET_0 53a18c3c95d08377ec698c83fd8353f3c8d311657cb339331e6ce9d56f6552b4 234dfeb2c88ec705a6781d8e578080c5b607d4e22ebe03c08eaeb5d211d79ca9
SERVER_TRAFFIC_SECRET_0 53a18c3c95d08377ec698c83fd8353f3c8d311657cb339331e6ce9d56f6552b4 9f4133af09a3bed2a014393769a0d3a3a64fce54404e48c36b818fd9a9632d9f
EXPORTER_SECRET 53a18c3c95d08377ec698c83fd8353f3c8d311657cb339331e6ce9d56f6552b4 b9e0f5bf6f624252e578d7c406d07d1ef24d53a15f198e5122bfe3005358b129
CLIENT_RANDOM 67ec4ee40383724125487ff16411d2070fe3cf58a3f9500354f5d8b40ac967d3 d4425dc0c76fff8bf59a140ef20965e12a475ff4c83a005e4be0e4a3409d806e7ad95cfdee7542bb2b9c9483f6ef52f9
CLIENT_HANDSHAKE_TRAFFIC_SECRET 51ecdd0dd8a5b76295866f9ed8b234ada3a11e830ee4c5c84a6e03ce19b80a9f 8038478187a37979322c834c784a65691c287fb278008213eca08940a6c95d5c
SERVER_HANDSHAKE_TRAFFIC_SECRET 51ecdd0dd8a5b76295866f9ed8b234ada3a11e830ee4c5c84a6e03ce19b80a9f 2a6b0d5ea8b2fe6bd7d6faee66ce574435ab455b77f95cf755b03eaab3c689d5
CLIENT_TRAFFIC_SECRET_0 51ecdd0dd8a5b76295866f9ed8b234ada3a11e830ee4c5c84a6e03ce19b80a9f 4ae877e443ec3d70919485a2d99daf07b408d9866b46ce934a5ebd31a572addb
SERVER_TRAFFIC_SECRET_0 51ecdd0dd8a5b76295866f9ed8b234ada3a11e830ee4c5c84a6e03ce19b80a9f 1e00948a41b6b0b5afe4b187e4341065154788f032e72969395e2cd071161078
EXPORTER_SECRET 51ecdd0dd8a5b76295866f9ed8b234ada3a11e830ee4c5c84a6e03ce19b80a9f 5f7e4e7a09aee24ffaae6a3177cf984deab326b57e7633e763fb189ce9ddb741
CLIENT_HANDSHAKE_TRAFFIC_SECRET a0e1395f8db964612d8103bdbfd4625557cc20c38d26c6699ad2104955b44f52 288e48f360787157b89a5ce311098a6d0d9351d8791510f0ed616a5271e5cd01
SERVER_HANDSHAKE_TRAFFIC_SECRET a0e1395f8db964612d8103bdbfd4625557cc20c38d26c6699ad2104955b44f52 c4e8f53e03758dec7054b4e1ccea13e770756c7b4e9d958a369a4904527c871c
CLIENT_TRAFFIC_SECRET_0 a0e1395f8db964612d8103bdbfd4625557cc20c38d26c6699ad2104955b44f52 4c1eda071b582cb0218d08ce08fc5a6a433bbd5904d3b32bf8da1f243ec9da39
SERVER_TRAFFIC_SECRET_0 a0e1395f8db964612d8103bdbfd4625557cc20c38d26c6699ad2104955b44f52 847a92c61805d22199789a1f801efee942a95f5ce7fe1e366829f3400af19804
EXPORTER_SECRET a0e1395f8db964612d8103bdbfd4625557cc20c38d26c6699ad2104955b44f52 47c9048b786d2b167d8d49563b7395d57d6dc424a620f545d209046f08291a97
CLIENT_HANDSHAKE_TRAFFIC_SECRET 17173085311a710172c91c46c08a52fb4980a5c5796cc18293cd15864aa85d3c 76aceee6a64b3aa194a7f18f3748cd57145e282adb0f26d9948f906d6bcd7a5c
SERVER_HANDSHAKE_TRAFFIC_SECRET 17173085311a710172c91c46c08a52fb4980a5c5796cc18293cd15864aa85d3c a659cc30d58eb0be1d43465fbc93ab8a83a5e2946db2a8e84b20b7d828cf5cd5
CLIENT_TRAFFIC_SECRET_0 17173085311a710172c91c46c08a52fb4980a5c5796cc18293cd15864aa85d3c 0a4042a678fb4c47f964893d71303a737898e06373a51a43f371b19e37f4eecb
SERVER_TRAFFIC_SECRET_0 17173085311a710172c91c46c08a52fb4980a5c5796cc18293cd15864aa85d3c b0ae0868371a3826d6157cf0450325f1959e3a6ebeabefb8155cdd1a303751fa
EXPORTER_SECRET 17173085311a710172c91c46c08a52fb4980a5c5796cc18293cd15864aa85d3c acc97d861f071ad714ff694146f10b69db9f8e332ff8c08580e03a4637b942ab
CLIENT_HANDSHAKE_TRAFFIC_SECRET 3943df6037cea9ee82f0619734804b2e45a5442a05cdabb923cfd0128bc5a54d 1b2e2fa4a1971047cfa8af065a4d675007a15d491f6e582eafe87e77c8229a18
SERVER_HANDSHAKE_TRAFFIC_SECRET 3943df6037cea9ee82f0619734804b2e45a5442a05cdabb923cfd0128bc5a54d 023a7a5c47f5d46e136a9f9dbebedf4551eaec8af3fe0539f5b319452efc55ca
CLIENT_HANDSHAKE_TRAFFIC_SECRET c7e2ded89b0744500b5ed0c6f6cbc2612b74fe56ec75c56755406ac1d7fb118d 8d7995f0b1546ac8d42ff05b89e5699af5f5ade5f5eba87b6f490312bd3dbcee
SERVER_HANDSHAKE_TRAFFIC_SECRET c7e2ded89b0744500b5ed0c6f6cbc2612b74fe56ec75c56755406ac1d7fb118d 8f5618b34f883c164e3c9f387ee8a6ce581cf407e3521486d5afe0918d53ed99
CLIENT_TRAFFIC_SECRET_0 c7e2ded89b0744500b5ed0c6f6cbc2612b74fe56ec75c56755406ac1d7fb118d 97dcf620402993abbbb790b8f4b3fe1a6a77580ad5f563ed8cbb83f7833ab1a4
SERVER_TRAFFIC_SECRET_0 c7e2ded89b0744500b5ed0c6f6cbc2612b74fe56ec75c56755406ac1d7fb118d 9184c39fa9ee6d404db1e80621799a46d24ecd71526e9af98a272bb67df9740b
EXPORTER_SECRET c7e2ded89b0744500b5ed0c6f6cbc2612b74fe56ec75c56755406ac1d7fb118d 43527a38c26050cdf2e2a3c2160a0945fd3590373fcf4f3ec85a82753a24d0c2
CLIENT_TRAFFIC_SECRET_0 3943df6037cea9ee82f0619734804b2e45a5442a05cdabb923cfd0128bc5a54d 32bf8e94adcc01025392ca4e41f4d749de0a470cdd8a47b402f8d7c60b00fe80
SERVER_TRAFFIC_SECRET_0 3943df6037cea9ee82f0619734804b2e45a5442a05cdabb923cfd0128bc5a54d ef9201264019be91e7a38598d54a03560325c001c85dc4969cef0bd37807196d
EXPORTER_SECRET 3943df6037cea9ee82f0619734804b2e45a5442a05cdabb923cfd0128bc5a54d 35b1cccc2d303e6976e30c94ecd8d0217f73a8678a16194eea2d4dbdd9de58f7
CLIENT_HANDSHAKE_TRAFFIC_SECRET 36d0e4b96234d5e0fb5ddd8f0b389cacbca937c693b4910dc71a2e91a431d35a 02c994862e9bbeb7beaf03ec68ac08a0b3b45c69a57accfc6919576979d7db36
SERVER_HANDSHAKE_TRAFFIC_SECRET 36d0e4b96234d5e0fb5ddd8f0b389cacbca937c693b4910dc71a2e91a431d35a 69da6bdfe2fa8f111d88c5278203d8e903739eaf29bd8304bfcaaf8a593fd2cc
CLIENT_TRAFFIC_SECRET_0 36d0e4b96234d5e0fb5ddd8f0b389cacbca937c693b4910dc71a2e91a431d35a a3c1ffca19144fe800844bb08fb60c9d69352f08599d5a39dd7efc1110269c25
SERVER_TRAFFIC_SECRET_0 36d0e4b96234d5e0fb5ddd8f0b389cacbca937c693b4910dc71a2e91a431d35a 5e8574b1e9fb74ce9aa751989d22b3149761723f8e8d45b21a38a3ccc4902580
EXPORTER_SECRET 36d0e4b96234d5e0fb5ddd8f0b389cacbca937c693b4910dc71a2e91a431d35a 179b1ba9bd7f2c821c1a79d1262a01df1d654228a729d4455aa73884df57c409
