CLIENT_HANDSHAKE_TRAFFIC_SECRET 7a1c54eea53eb3e3cba3c693d05c898276061a217049019d349063d95ffc50bd 9d13e05b88974d423cb23080127936e034e65946e62f98addae639fe9a5bff33
SERVER_HANDSHAKE_TRAFFIC_SECRET 7a1c54eea53eb3e3cba3c693d05c898276061a217049019d349063d95ffc50bd 493cecebb3b292aa8b9a6ba505d7744d2b3824ee8b9dd195e48c99dfb47bd38a
CLIENT_TRAFFIC_SECRET_0 7a1c54eea53eb3e3cba3c693d05c898276061a217049019d349063d95ffc50bd 790e939929af08c9fe1be57e6c31e673923121e1f56b34a01b940fbe70799422
SERVER_TRAFFIC_SECRET_0 7a1c54eea53eb3e3cba3c693d05c898276061a217049019d349063d95ffc50bd ed9a3099490f31c1f19ad4ae84e64f1119734b1ea19828fb11fa0e43b49ab216
EXPORTER_SECRET 7a1c54eea53eb3e3cba3c693d05c898276061a217049019d349063d95ffc50bd 1f73297f566dcb298865ef19d1e195a6e6d0fe57581feb8b8d114ff877bef3a7
CLIENT_RANDOM 95b6c7625972040398344e59b97b31a9282c5380b1129c554479c0fc94351387 baafd6b328a5cc8a28348423cca4ad1ee413cb14cfadc48a4a33cab594854a443071fe8239ea8bfe8a5ea8d315b4f41a
CLIENT_HANDSHAKE_TRAFFIC_SECRET dd619e6b7407f2b0df571d94efbe6d1e055243394da80f6811bab37d39b0fe8c 5f525734ae13c9a639baab3e014200960a42fe3420d7afdb41f317067b684818
SERVER_HANDSHAKE_TRAFFIC_SECRET dd619e6b7407f2b0df571d94efbe6d1e055243394da80f6811bab37d39b0fe8c d5266467d1647dbf8d6d93d6bd2520cddbb86200a42c884284d096450a926a15
CLIENT_TRAFFIC_SECRET_0 dd619e6b7407f2b0df571d94efbe6d1e055243394da80f6811bab37d39b0fe8c 8dc2d3a8581523240eea6b0159f05136a94b4cf9ccdd0e057ea8f5dc422ed5c6
SERVER_TRAFFIC_SECRET_0 dd619e6b7407f2b0df571d94efbe6d1e055243394da80f6811bab37d39b0fe8c 433f12c0bf9def84e7e334ba873110f32d21d3ce7a157c38e24525cf5ca4bc2d
EXPORTER_SECRET dd619e6b7407f2b0df571d94efbe6d1e055243394da80f6811bab37d39b0fe8c 2bedd4c3b631571d83972de1374405321b8f353d627f1ec1d471b81b1439d9e6
CLIENT_HANDSHAKE_TRAFFIC_SECRET 3b88ec8cefa8538e0ac3b7dd63e8122d844998be5822d10a459fe5e6878d3622 b62900e0008a7129423e8a20a1e7d7890ff2b0e100fd475ebe31b7df644a18f7
SERVER_HANDSHAKE_TRAFFIC_SECRET 3b88ec8cefa8538e0ac3b7dd63e8122d844998be5822d10a459fe5e6878d3622 9998ea395692049b2c36682b92b2eab7218bc82f7dae40778eab37de9c643f64
CLIENT_TRAFFIC_SECRET_0 3b88ec8cefa8538e0ac3b7dd63e8122d844998be5822d10a459fe5e6878d3622 2dd0bbcd802b739d2f78be514f929e227457fd2655d10ae9b7f76090e5055fe8
SERVER_TRAFFIC_SECRET_0 3b88ec8cefa8538e0ac3b7dd63e8122d844998be5822d10a459fe5e6878d3622 a24677b29e211e35f53a01e5c018814fc17e260bec2b80db39c1b36887de2b57
EXPORTER_SECRET 3b88ec8cefa8538e0ac3b7dd63e8122d844998be5822d10a459fe5e6878d3622 cb8f0391e40639856ba63ccb7c82f730c87a3edde7b5d7d4bf55454f49517b2f
CLIENT_HANDSHAKE_TRAFFIC_SECRET f8b7d06f45c6d2de2960ce4c6717e825377af16da661366a431a3193331e8dca 2f89cd0b27b3d4c55cad787adaaa1dadbb92f10670cc59fe9004ac7f28c4a876
SERVER_HANDSHAKE_TRAFFIC_SECRET f8b7d06f45c6d2de2960ce4c6717e825377af16da661366a431a3193331e8dca b297e6418e43ad1ea6804e20b8fde411ee0b68f48ec38a7915bf28cb60d502d2
CLIENT_TRAFFIC_SECRET_0 f8b7d06f45c6d2de2960ce4c6717e825377af16da661366a431a3193331e8dca 2ef8a669ec255b64f4ba270fe30fb75e59e9bd2114d0b9064089ec36a4239a47
SERVER_TRAFFIC_SECRET_0 f8b7d06f45c6d2de2960ce4c6717e825377af16da661366a431a3193331e8dca 88509515c3475e28597883de928b3ecd86d044de1d41cc9341fc22b504ad0372
EXPORTER_SECRET f8b7d06f45c6d2de2960ce4c6717e825377af16da661366a431a3193331e8dca 60af6d731a1204ddcbf262ce9a3b851ebc11dd6d9db3cc4b1b3be918daccb465
CLIENT_HANDSHAKE_TRAFFIC_SECRET 083c01695b6e3fcfa9b7deeac0e040276f44068faa3e5ec02ce73356c14d0b68 1b46c98101eb0a8533a774fe881bb19b005896dfaed4df2abf142a9ab68a508c
SERVER_HANDSHAKE_TRAFFIC_SECRET 083c01695b6e3fcfa9b7deeac0e040276f44068faa3e5ec02ce73356c14d0b68 ef91cdfd13635d7862780cc21fc384d1fbb07c0b29f747b9006fb1304f113718
CLIENT_TRAFFIC_SECRET_0 083c01695b6e3fcfa9b7deeac0e040276f44068faa3e5ec02ce73356c14d0b68 1668ab4774adebf917e646a1f8cc155f3e91429e996655407ae3a287d4d5df72
SERVER_TRAFFIC_SECRET_0 083c01695b6e3fcfa9b7deeac0e040276f44068faa3e5ec02ce73356c14d0b68 f811ac2b54092a81d3d8c0e243ea3768c11c0b81987406c063515a24d72906e8
EXPORTER_SECRET 083c01695b6e3fcfa9b7deeac0e040276f44068faa3e5ec02ce73356c14d0b68 5f224e8d50968ece443378e0f7587a3d5a8e65631486fc075a052e790cbea35a
CLIENT_HANDSHAKE_TRAFFIC_SECRET 6261f3cfce2bb51a072b016c8d97e6bf7c975e81dd54e412e8b0ea7244c12cfc 853fb831b285390ee51addc42cf4139dd9816a56e0d9f2111435c9c4435aa2ff
SERVER_HANDSHAKE_TRAFFIC_SECRET 6261f3cfce2bb51a072b016c8d97e6bf7c975e81dd54e412e8b0ea7244c12cfc e2bcebe03c747afc2e695495d103cc1c08b3a574bbfee64ae2e05411b77c4245
CLIENT_TRAFFIC_SECRET_0 6261f3cfce2bb51a072b016c8d97e6bf7c975e81dd54e412e8b0ea7244c12cfc 3accb37f03633d498cb78762c28ea2ed2006e49e293d3d050810c9a24c1c91f4
SERVER_TRAFFIC_SECRET_0 6261f3cfce2bb51a072b016c8d97e6bf7c975e81dd54e412e8b0ea7244c12cfc 53521cf6f3dc1b1627d73b289df5586fc4b019528ffd402f2384b3e23d42fe19
EXPORTER_SECRET 6261f3cfce2bb51a072b016c8d97e6bf7c975e81dd54e412e8b0ea7244c12cfc b6339daea2776499491f512491d9944925bf5b9676ec67e6ec87523139bf6c97
CLIENT_RANDOM b70fad768a7b41ed67b1596add9849a59df1f7bb42fe8bc6b44c8a681c3c1386 b34373ac428ba6574228ad5d51f1d33225f6e72b2a9437d5ca262aa707e5abb3126f716d748d5d3b0a8bb8608cb5580a
CLIENT_HANDSHAKE_TRAFFIC_SECRET b0da4c7564712132495a14e5135396aa3971f65724fdd1573336de9288ba1d78 0d05b7a8af2329632f789dd4dca68a370b01a0bb31fdc6e0a4e53b9dd2b85bc1
SERVER_HANDSHAKE_TRAFFIC_SECRET b0da4c7564712132495a14e5135396aa3971f65724fdd1573336de9288ba1d78 c97477d8ee5e54b003f9b77cea788deae2e41c2a8169077ebd17ab4ab96e86ac
CLIENT_TRAFFIC_SECRET_0 b0da4c7564712132495a14e5135396aa3971f65724fdd1573336de9288ba1d78 b8e118ee9e824e545897cccfa87ce0ab3dc747b1c10c23507f7f27b55888393f
SERVER_TRAFFIC_SECRET_0 b0da4c7564712132495a14e5135396aa3971f65724fdd1573336de9288ba1d78 18217195fc13845e916da9e09836ddd425561420795f9169282b88a8bcc62f48
EXPORTER_SECRET b0da4c7564712132495a14e5135396aa3971f65724fdd1573336de9288ba1d78 280d3e7c765555689e8d0c9a9d902de627b15ff409af0399ee368d510541dbd5
CLIENT_HANDSHAKE_TRAFFIC_SECRET 2c071bcd44c64f4de856a9403be8038461ce85eb6091350fe013cc5cfc166c54 91ac4efd53a840c42d629c6fe38c44bfe22ff2ed690dc846d4c9ef88acd2eac0
SERVER_HANDSHAKE_TRAFFIC_SECRET 2c071bcd44c64f4de856a9403be8038461ce85eb6091350fe013cc5cfc166c54 ec463070514da88beb6332bfb2f9d6838319fc7940e00f883b3417c987a3825d
CLIENT_TRAFFIC_SECRET_0 2c071bcd44c64f4de856a9403be8038461ce85eb6091350fe013cc5cfc166c54 1c0d8c441128bb12de3f05e52a1b6825389463b953614b57b22e864ed4c794bc
SERVER_TRAFFIC_SECRET_0 2c071bcd44c64f4de856a9403be8038461ce85eb6091350fe013cc5cfc166c54 3a6e1b83a3acf000856d718cc44f18ab1443af219697bd930c486d65d868b0d9
EXPORTER_SECRET 2c071bcd44c64f4de856a9403be8038461ce85eb6091350fe013cc5cfc166c54 10babf2c29bee719d423fe1fa61e1ce9c16b09a1dfae40d46c9182aca8d720e9
CLIENT_HANDSHAKE_TRAFFIC_SECRET cef131013c7a2f757a077db8e770a5a6633efffa576aa9e07cb048ed5ac1a36f 328904eed0c1c26d7a13e44f16f7fd23c500daddfb06082f1a978d8c334aebef
SERVER_HANDSHAKE_TRAFFIC_SECRET cef131013c7a2f757a077db8e770a5a6633efffa576aa9e07cb048ed5ac1a36f 3ca87f06656ae2ba5c7e12fbfe615a0f892fa70a394f255bd15a2f9d52da6823
CLIENT_HANDSHAKE_TRAFFIC_SECRET caa9abf81e839a11a48cc8a093e8633d20e38429a6d3cb0e66720b37d17e9451 a2b3b4dc3dea145d47e56e9da1ea457eaf12f5776d825e68317eb4c1fceffc4c
SERVER_HANDSHAKE_TRAFFIC_SECRET caa9abf81e839a11a48cc8a093e8633d20e38429a6d3cb0e66720b37d17e9451 ade40cc580b1623ab3e489f8442400b267c79ccf27bd3b2fe100f07f00209aab
CLIENT_TRAFFIC_SECRET_0 caa9abf81e839a11a48cc8a093e8633d20e38429a6d3cb0e66720b37d17e9451 ffd5bc8c00ccbd907ec5395e76a9d5ea6ea48701ceab881a260885c6b6b00075
SERVER_TRAFFIC_SECRET_0 caa9abf81e839a11a48cc8a093e8633d20e38429a6d3cb0e66720b37d17e9451 7b76cbf79c924a8eb4af1ecafde16b7622ba2de9a97b7418c92a112f930f88ab
EXPORTER_SECRET caa9abf81e839a11a48cc8a093e8633d20e38429a6d3cb0e66720b37d17e9451 f708d0d60e4e8e14ac06629fe88f0efa1def7e7f91409bbe7c2a5113adc38a23
CLIENT_HANDSHAKE_TRAFFIC_SECRET 2cc715df4cd199457621cfcf9d648ae6e906819dd3e0279010d7f5313f442706 16c10916c0a1e2dbbb7f05d4c048772776d7d9e4f6ef9ebb250c91a86ab893c9
SERVER_HANDSHAKE_TRAFFIC_SECRET 2cc715df4cd199457621cfcf9d648ae6e906819dd3e0279010d7f5313f442706 cdff1ca0a7cec5d5e199ffc3f10618c15da0e62b7efe2eb5c705e1d68225811a
CLIENT_TRAFFIC_SECRET_0 cef131013c7a2f757a077db8e770a5a6633efffa576aa9e07cb048ed5ac1a36f e6b0940ca0951d9a121e5980ecb01cbd6c175cba67720097fc00d7b744821406
SERVER_TRAFFIC_SECRET_0 cef131013c7a2f757a077db8e770a5a6633efffa576aa9e07cb048ed5ac1a36f 8d7f35588b2863b3c1cdb6d55e21a2e2b5341f29a3397d41eec87de32e921cea
EXPORTER_SECRET cef131013c7a2f757a077db8e770a5a6633efffa576aa9e07cb048ed5ac1a36f ce5c134fcdf2e13879868b3f4eff60d8adcdddfa96663992ae7ff1578467c3ac
CLIENT_TRAFFIC_SECRET_0 2cc715df4cd199457621cfcf9d648ae6e906819dd3e0279010d7f5313f442706 831d25ebf64114bcf1771765d08ff204d4ef1909ae1d23fd26a024b73c002254
SERVER_TRAFFIC_SECRET_0 2cc715df4cd199457621cfcf9d648ae6e906819dd3e0279010d7f5313f442706 d0bdd8ebba27b45b9a65226695cc49a85dc70967c903e31c8d21329174a09173
EXPORTER_SECRET 2cc715df4cd199457621cfcf9d648ae6e906819dd3e0279010d7f5313f442706 1c69210832232915964f63831144b73f0f170bd01bf0a3c6e30c7ff80c298337
CLIENT_HANDSHAKE_TRAFFIC_SECRET 570f2afab1ef01d36df958c070ef4848cd465c288ad699afab118f3d42723e72 7b2bac1cedcb4b5aae49ed8a65ecf4097ce1f8eb8282297a252b7574883ed402
SERVER_HANDSHAKE_TRAFFIC_SECRET 570f2afab1ef01d36df958c070ef4848cd465c288ad699afab118f3d42723e72 a7c3471e8284fc842325ee0a5e25669e12b772ef6e7e5dc6cc97131140f7e316
CLIENT_TRAFFIC_SECRET_0 570f2afab1ef01d36df958c070ef4848cd465c288ad699afab118f3d42723e72 2db2da3a33cefd5cda669cc42e8f8f35ac71d476866ab6ff5a3db109416da828
SERVER_TRAFFIC_SECRET_0 570f2afab1ef01d36df958c070ef4848cd465c288ad699afab118f3d42723e72 36f16c00d7f7a93bdf30ac60d3a9fc99ead704879a9cbe7b2c89c28193662fe1
EXPORTER_SECRET 570f2afab1ef01d36df958c070ef4848cd465c288ad699afab118f3d42723e72 87915908b20d1f6c3f56ef80e9bdec805c3ec7a664faec6f2a762484f431b5f9
CLIENT_HANDSHAKE_TRAFFIC_SECRET e2fc19cf8ec35fb5a35520e3db5c2e36054937dd5b7ac752d070ef3fb2e6ead0 ad43f0d8aaf1ef9e1632429b3f3734c629fb096affe46c00d4dd7102307d33ee
SERVER_HANDSHAKE_TRAFFIC_SECRET e2fc19cf8ec35fb5a35520e3db5c2e36054937dd5b7ac752d070ef3fb2e6ead0 2f2ac82875cb2c0094169314921c23be49c4bddc90411fd61b3417435a05cb96
CLIENT_HANDSHAKE_TRAFFIC_SECRET 85a33fab227cb3cfa48245759a204d99e5a627dc3b52c081b32674122838361f 34c83c32e30a44cfd51c85bf572097c66ed23b9a977e2f4c359a95be25b61cd6
SERVER_HANDSHAKE_TRAFFIC_SECRET 85a33fab227cb3cfa48245759a204d99e5a627dc3b52c081b32674122838361f e96abed67bbd62516cf1c0046f805aa2e9d6237091d69fba7ad86688f3690a22
CLIENT_TRAFFIC_SECRET_0 e2fc19cf8ec35fb5a35520e3db5c2e36054937dd5b7ac752d070ef3fb2e6ead0 05c3c263b789380547481b75b5ca5497d684b8dd5afd3dcd23a0fa45d3790a6a
SERVER_TRAFFIC_SECRET_0 e2fc19cf8ec35fb5a35520e3db5c2e36054937dd5b7ac752d070ef3fb2e6ead0 3245514d7f6583b5c35f081fb9f087001a42cf4976d725772de4db57938cb7bf
EXPORTER_SECRET e2fc19cf8ec35fb5a35520e3db5c2e36054937dd5b7ac752d070ef3fb2e6ead0 00b865f6dc767bac83d146ed126d33cf831516c48f91172608c79af1052de2f8
CLIENT_TRAFFIC_SECRET_0 85a33fab227cb3cfa48245759a204d99e5a627dc3b52c081b32674122838361f f8d8b90587bd0aaddf9334c9f41eff19c6e58db34abd62403c008d66183613e4
SERVER_TRAFFIC_SECRET_0 85a33fab227cb3cfa48245759a204d99e5a627dc3b52c081b32674122838361f 6eed5806d19486f7cc7d5162e092c766845fa612cb3d4da43a3e4404ce2f2420
EXPORTER_SECRET 85a33fab227cb3cfa48245759a204d99e5a627dc3b52c081b32674122838361f a2f2edaeb7636a1b7ff73dec4b9233dbd5b6a2f1095dd8e1837e9ccfe33d88ab
CLIENT_HANDSHAKE_TRAFFIC_SECRET 9605e8a6fb0db9f699ea3a4e0e9db97fdf1b4d361aba7289a7e79eceaf952755 f42483acdd1cff674e7b94c4b2b1b54b17f48bb3e4ac8f7141a4b6f456af4637
SERVER_HANDSHAKE_TRAFFIC_SECRET 9605e8a6fb0db9f699ea3a4e0e9db97fdf1b4d361aba7289a7e79eceaf952755 e20a7733c48cae0dbd8b8271e6a794f406bafc1f31addc75e40ea31ba9b731d4
CLIENT_HANDSHAKE_TRAFFIC_SECRET b16afc81212942a5414b6ad21f25163983fc82b3a83c51933ab848c5cbe7ae92 09cddc51f4281cbc4d7bff567219bdb97bcec991e26ca71e1765902998b2c4a0
SERVER_HANDSHAKE_TRAFFIC_SECRET b16afc81212942a5414b6ad21f25163983fc82b3a83c51933ab848c5cbe7ae92 c064fff158be27b5df79ce3eb9cc381cbe4a72169d590922c8a4256643e6ed4c
CLIENT_HANDSHAKE_TRAFFIC_SECRET d1268ab89b1dc306ba11b538a5fe1091f7fca703ee862cc914ac8e962919d68d 8327d0cc808f554555bab379503569694a1024e424ef604bc668b872970fb5eb
SERVER_HANDSHAKE_TRAFFIC_SECRET d1268ab89b1dc306ba11b538a5fe1091f7fca703ee862cc914ac8e962919d68d d4806e771730482358a4b4286532f942128e29baa4e4bdcb40ba7a0fa12e35fa
CLIENT_TRAFFIC_SECRET_0 9605e8a6fb0db9f699ea3a4e0e9db97fdf1b4d361aba7289a7e79eceaf952755 e9b154eb8a12fb441f36907933a47bfa235162a3f2ae0460ae92a1671f87a97b
SERVER_TRAFFIC_SECRET_0 9605e8a6fb0db9f699ea3a4e0e9db97fdf1b4d361aba7289a7e79eceaf952755 4e5a531e8a6af0cf129f20f27af439bcca0710903a378c808faf3fa1b0765432
EXPORTER_SECRET 9605e8a6fb0db9f699ea3a4e0e9db97fdf1b4d361aba7289a7e79eceaf952755 b7eb349844ed63e4f0ff5660fadd81fe7a9b49b3483d3b9dd9c50aa3044c0eae
CLIENT_TRAFFIC_SECRET_0 b16afc81212942a5414b6ad21f25163983fc82b3a83c51933ab848c5cbe7ae92 c19863acfe0c294335b407862315141ba412aad407013e6bec9d21c2a2728a49
SERVER_TRAFFIC_SECRET_0 b16afc81212942a5414b6ad21f25163983fc82b3a83c51933ab848c5cbe7ae92 d1d9a98efe4a824937d051ddebda1a60f6ea389f1a875f04a9a061878fb7617f
EXPORTER_SECRET b16afc81212942a5414b6ad21f25163983fc82b3a83c51933ab848c5cbe7ae92 62e8ff382174af6d8bdfeb0ae0f0c0d7c2980252b4abe2897e548ddc25861f8b
CLIENT_TRAFFIC_SECRET_0 d1268ab89b1dc306ba11b538a5fe1091f7fca703ee862cc914ac8e962919d68d 39e321ea97d9720f573fc87c8089150c8499273042c90bc7ceae663e21d0549e
SERVER_TRAFFIC_SECRET_0 d1268ab89b1dc306ba11b538a5fe1091f7fca703ee862cc914ac8e962919d68d 8d05c773943964989678763fbcaa0eb936be8501fccc178ee4c76d8efb6741ca
EXPORTER_SECRET d1268ab89b1dc306ba11b538a5fe1091f7fca703ee862cc914ac8e962919d68d 48cb30c5cbc1728cb8918576c9158c1f838d35818c1da4722c2d154191e368ae
