CLIENT_HANDSHAKE_TRAFFIC_SECRET 86852f68c5f9f9caca75a3a441a1eff37d433d694ae79b4eb517512dd5bb99de 39206666a30a786ddbd377f533c43fc051a31416eace6d64b62b6c83553dbedd
SERVER_HANDSHAKE_TRAFFIC_SECRET 86852f68c5f9f9caca75a3a441a1eff37d433d694ae79b4eb517512dd5bb99de 6058038e0c0999e74ef9428205ea7c98f4f30473bef6b4ef4b8162223b56815b
CLIENT_TRAFFIC_SECRET_0 86852f68c5f9f9caca75a3a441a1eff37d433d694ae79b4eb517512dd5bb99de 43fc2a045c4019851b852c073b0c47f666cd11436624a490dd008c9689899ddf
SERVER_TRAFFIC_SECRET_0 86852f68c5f9f9caca75a3a441a1eff37d433d694ae79b4eb517512dd5bb99de e5f0d7dc334d83bece5aa893e8a51d4e1de081f80eed3f92db9353479067cedb
EXPORTER_SECRET 86852f68c5f9f9caca75a3a441a1eff37d433d694ae79b4eb517512dd5bb99de 1065c3809edd88995784fe0724e4e0c1414a744874070050fc57a09d532eef84
CLIENT_HANDSHAKE_TRAFFIC_SECRET ba4433aa2c2853900d1891b1832b943faff8b9b0344d318374e2c44eae074c1f e741fb02180c0ba37e955451ee60beb6e0ac79bafe1a8e8987305bbe7d21ddbf
SERVER_HANDSHAKE_TRAFFIC_SECRET ba4433aa2c2853900d1891b1832b943faff8b9b0344d318374e2c44eae074c1f e1c6a8d850cfd62a4d9ebcaa3cef813ea36c23736ddca6c36f2bc33d6b359ae4
CLIENT_TRAFFIC_SECRET_0 ba4433aa2c2853900d1891b1832b943faff8b9b0344d318374e2c44eae074c1f d0cdf69e4346d5b1ad891968df7e0b51de39b05f490052bc0e4f59e017e3b7ea
SERVER_TRAFFIC_SECRET_0 ba4433aa2c2853900d1891b1832b943faff8b9b0344d318374e2c44eae074c1f 7dadfee07cccacd5b18fc4e0c2a8abe3ad475339245fab836ee540a19e5b5cbe
EXPORTER_SECRET ba4433aa2c2853900d1891b1832b943faff8b9b0344d318374e2c44eae074c1f 7243b7145a6a811212726560f4a22ec337339a917711c759907f3af7703d683e
CLIENT_HANDSHAKE_TRAFFIC_SECRET 58b4ee7894cfe1592f78c8814a172e4752afc40d1b5e656708fcb9b5513e19d3 15956e70e46fc6e07bcaec4bc87e40f5142f510b7b8412e3a20369788aa6a739
SERVER_HANDSHAKE_TRAFFIC_SECRET 58b4ee7894cfe1592f78c8814a172e4752afc40d1b5e656708fcb9b5513e19d3 84100b14ff2ad5301558e80a2874fbfa28b1b71abf060d8241fe87c9ef9ec1bf
CLIENT_TRAFFIC_SECRET_0 58b4ee7894cfe1592f78c8814a172e4752afc40d1b5e656708fcb9b5513e19d3 2c8436630217d4017dde8e00c8f8eff337eec37d04d5d6d96bd76f128ddfb612
SERVER_TRAFFIC_SECRET_0 58b4ee7894cfe1592f78c8814a172e4752afc40d1b5e656708fcb9b5513e19d3 67361bae15d1b4099a6a4324baa8732d99f7ec9cf7e3299b69fef11b8264d785
EXPORTER_SECRET 58b4ee7894cfe1592f78c8814a172e4752afc40d1b5e656708fcb9b5513e19d3 826c258671fbc442c724e0b1bade977df0afa3d82b4513418d3cd258a5dfffd9
CLIENT_HANDSHAKE_TRAFFIC_SECRET 950233e4d43825db174ea71c73c59264a7274623f2834aa3bbda64d6caa91d7b 323f9cc113a0ab3aaa1599d82c48c2ee0c7ae4bdb6b25e24d85a764c4c7550c0
SERVER_HANDSHAKE_TRAFFIC_SECRET 950233e4d43825db174ea71c73c59264a7274623f2834aa3bbda64d6caa91d7b bb19f6a82b5536d0ce5e90adeab0451d6d71f960e52c546f79b248ad3779181f
CLIENT_TRAFFIC_SECRET_0 950233e4d43825db174ea71c73c59264a7274623f2834aa3bbda64d6caa91d7b 36f2560c5a71ebcb8493d75f8293c0e9b6d40de7975c598d987293bb5cacc2ae
SERVER_TRAFFIC_SECRET_0 950233e4d43825db174ea71c73c59264a7274623f2834aa3bbda64d6caa91d7b 7b9c261bc019265414d95ddd39d5a0352e7b2a6375dab8e2e6542d7ccc04cb26
EXPORTER_SECRET 950233e4d43825db174ea71c73c59264a7274623f2834aa3bbda64d6caa91d7b 8151543b0fadf6ce53a88ee1481fdb42133dd0c78d10332e50576b61d4ca7a56
CLIENT_HANDSHAKE_TRAFFIC_SECRET 6036d1d7b09e37138028d506f80e44019b1457e9a76e18800d702c9099f3dc46 4d80d878fbbc8e24e506db5993a09871a69094a72b2879e1305ea3083fad3a79
SERVER_HANDSHAKE_TRAFFIC_SECRET 6036d1d7b09e37138028d506f80e44019b1457e9a76e18800d702c9099f3dc46 0a4c2e1c7b5c15b9f02e1ced60d02bc7c6f90e564e31b3340730f5f3eda2b517
CLIENT_HANDSHAKE_TRAFFIC_SECRET 2a32f42bd20548b83c95cd9a8404cfb90b31d43bab0f122536edcc49ca9784f8 2fbdfec291719383dc5e686b3b0d951f6cb35d88bccd6d6e911446fb5a72c476
SERVER_HANDSHAKE_TRAFFIC_SECRET 2a32f42bd20548b83c95cd9a8404cfb90b31d43bab0f122536edcc49ca9784f8 3ea2087ac3a22ae7e1e01373eb0fddaff20b45840e79e23f140076d6bce99d47
CLIENT_TRAFFIC_SECRET_0 6036d1d7b09e37138028d506f80e44019b1457e9a76e18800d702c9099f3dc46 d167955c2693e177c052bad8e70c4f76eb90a57da8b98818db293f2a8cea1fa0
SERVER_TRAFFIC_SECRET_0 6036d1d7b09e37138028d506f80e44019b1457e9a76e18800d702c9099f3dc46 309f6631f9d21156c09fce376cdc06d51a93daae830ebf0efa71a5ac0971d4ec
EXPORTER_SECRET 6036d1d7b09e37138028d506f80e44019b1457e9a76e18800d702c9099f3dc46 cb8e99571491c4855a830bb1b193ee18055173c6feb162018e1249d2692087b9
CLIENT_TRAFFIC_SECRET_0 2a32f42bd20548b83c95cd9a8404cfb90b31d43bab0f122536edcc49ca9784f8 477a8b62d9d6ed30bf9d21f73da6c82f31de754338c7ed8cad390111ebf0897d
SERVER_TRAFFIC_SECRET_0 2a32f42bd20548b83c95cd9a8404cfb90b31d43bab0f122536edcc49ca9784f8 93c20935e29996123f9027c8ef99a9cc92968775db81ddf2d5f563da5ef9b3a7
EXPORTER_SECRET 2a32f42bd20548b83c95cd9a8404cfb90b31d43bab0f122536edcc49ca9784f8 75a5b00e337e5e8778ba85b093a7ba3bc9e28658eea314d95d1d94c1ee4495ed
CLIENT_HANDSHAKE_TRAFFIC_SECRET 9084e7735ae16a545a7ed484b0ff808ae0fdd049cd5432c493381cfefe41cf7b 889e47ea8047bc1fc48343654e91c2e91d95c2ffd0360db23cbbd020432f4a90
SERVER_HANDSHAKE_TRAFFIC_SECRET 9084e7735ae16a545a7ed484b0ff808ae0fdd049cd5432c493381cfefe41cf7b d380f26b9e9445357a762ba7e74e0dbd04b166c146af2e5fa1215b952b3d4f9b
CLIENT_TRAFFIC_SECRET_0 9084e7735ae16a545a7ed484b0ff808ae0fdd049cd5432c493381cfefe41cf7b 1bd9a770909bd7fe35a99791d5f386c6ab571ec4a928f1c4aec8a3eee8b45954
SERVER_TRAFFIC_SECRET_0 9084e7735ae16a545a7ed484b0ff808ae0fdd049cd5432c493381cfefe41cf7b 18bc7da027221b899b170b506872e0bc63be66a988166da41f0e78752dd38a95
EXPORTER_SECRET 9084e7735ae16a545a7ed484b0ff808ae0fdd049cd5432c493381cfefe41cf7b c87d00b1ae654b9fadd014047163e03434a414488f2fc5caacb4d5cd0f58964b
CLIENT_HANDSHAKE_TRAFFIC_SECRET 2b89fd37b4dbe997c35417fe2802e6655101f911fd01bdc09745ec34fc46e661 d93148c06fa924b78d89585878c49c57ca94648e3cb0bf3df32b54875a25bcff
SERVER_HANDSHAKE_TRAFFIC_SECRET 2b89fd37b4dbe997c35417fe2802e6655101f911fd01bdc09745ec34fc46e661 437dbfad490f2c18d5801404aa11bc61b0b6699e5679139cd98f12833ec1a97b
CLIENT_TRAFFIC_SECRET_0 2b89fd37b4dbe997c35417fe2802e6655101f911fd01bdc09745ec34fc46e661 e251c9496d6cfa6898d09687f3029c14c8461c3a13fbf2d546125870507ef852
SERVER_TRAFFIC_SECRET_0 2b89fd37b4dbe997c35417fe2802e6655101f911fd01bdc09745ec34fc46e661 431715a13747936c491864326f4ffed05e39a57a4a9554c595a40ca1e0ed111d
EXPORTER_SECRET 2b89fd37b4dbe997c35417fe2802e6655101f911fd01bdc09745ec34fc46e661 f88397b99282e5d206952e77c62b8ebd4feba06afd12becc7f087c986365007f
CLIENT_HANDSHAKE_TRAFFIC_SECRET cac92b6c114cfc792e91893caed042a0b0a4c3c45db3509dd9f42986883773d2 f38292a2235126c522687e5d42f1c54641013a85c35dc30647c7abaab8f0d3f2
SERVER_HANDSHAKE_TRAFFIC_SECRET cac92b6c114cfc792e91893caed042a0b0a4c3c45db3509dd9f42986883773d2 e7ad0cd58bbeae3840be2171b9a575adff049e8c6c73419d32f4271eeb644e82
CLIENT_TRAFFIC_SECRET_0 cac92b6c114cfc792e91893caed042a0b0a4c3c45db3509dd9f42986883773d2 94a1d2eee7989494f6844ed44d1473c2b8cbb2d49deae104e449137ddd34d774
SERVER_TRAFFIC_SECRET_0 cac92b6c114cfc792e91893caed042a0b0a4c3c45db3509dd9f42986883773d2 fba90c81302ed18ba81f3d0971659f58e0db177f10e8b4627463c9561287fa6f
EXPORTER_SECRET cac92b6c114cfc792e91893caed042a0b0a4c3c45db3509dd9f42986883773d2 abc81115ab1fa8a998d0e0d3f03c65d110a3a223afa26637775210a048880fd1
CLIENT_HANDSHAKE_TRAFFIC_SECRET 84a5817eaa272f791b06b5df96e018275f3b3c1e17214393483cdfa96373d915 5f69104c028d1124fa321568e8b9a4979fdf6ea828757f0b8fa4863955a257b3
SERVER_HANDSHAKE_TRAFFIC_SECRET 84a5817eaa272f791b06b5df96e018275f3b3c1e17214393483cdfa96373d915 08ca04229f6cb16a25c919f981c8f4b0f3e3fabf509739df7bae15d82f4c9f0d
CLIENT_TRAFFIC_SECRET_0 84a5817eaa272f791b06b5df96e018275f3b3c1e17214393483cdfa96373d915 91f721a620d2c49b0fe0a60d07914d199873cffe84027bcbe492ca88bf0d78f1
SERVER_TRAFFIC_SECRET_0 84a5817eaa272f791b06b5df96e018275f3b3c1e17214393483cdfa96373d915 83fea5262f7fb68f55a20181c10cf65d6772b1501eeeec1d24f8cfba9fc9a48d
EXPORTER_SECRET 84a5817eaa272f791b06b5df96e018275f3b3c1e17214393483cdfa96373d915 86298e40770776bb5ba6b3278cee52124df404f44b7eca6c26a43cbd8d04892e
CLIENT_HANDSHAKE_TRAFFIC_SECRET 86a33e6d93fff52dc1384fe5edcb4fed9014083a8a66a375d5f94f16b9dee379 53fc5f0fcfa61715e91d710a6f532567c2a70db842837251030856d1d4bd74a8
SERVER_HANDSHAKE_TRAFFIC_SECRET 86a33e6d93fff52dc1384fe5edcb4fed9014083a8a66a375d5f94f16b9dee379 8911d4b73b0f27fb5d23e69fef499fb658b33b6f2a8dcbd4b804cf4f548771ea
CLIENT_TRAFFIC_SECRET_0 86a33e6d93fff52dc1384fe5edcb4fed9014083a8a66a375d5f94f16b9dee379 0a748d9d8d331e2c0e01dddf8c83d7e0d47850bf620bcbf1d06c5748c57d8859
SERVER_TRAFFIC_SECRET_0 86a33e6d93fff52dc1384fe5edcb4fed9014083a8a66a375d5f94f16b9dee379 2bce30d017917358ffa1a788f098b53aadc4c7b2d2e5e1346ad50a4c73abc5f1
EXPORTER_SECRET 86a33e6d93fff52dc1384fe5edcb4fed9014083a8a66a375d5f94f16b9dee379 5eca0486bad944d5e9c1637167bd8b8550b82e6d648b6aceb48f41adb85c0642
CLIENT_HANDSHAKE_TRAFFIC_SECRET 93e343c8cec38c3d40ff5aa5aea057c07bcdcd11ba58d3a48fb500358b72e03c b9d0edb51d273d150c6a045909e49eb1b779f3e86fa38713da632358bb69b6ce
SERVER_HANDSHAKE_TRAFFIC_SECRET 93e343c8cec38c3d40ff5aa5aea057c07bcdcd11ba58d3a48fb500358b72e03c ea737a0b93d498ad10095a611f332c596d27c67f16b317c7c3d63a48c1f318f6
CLIENT_HANDSHAKE_TRAFFIC_SECRET e3274895efe0f9a5c63b3f85ce8e57733cc67fec9b538d120391cf1ec9fef464 1a9ae641f27b676622a4caa4b5788fd604cc75634024c400a181437c714e2adc
SERVER_HANDSHAKE_TRAFFIC_SECRET e3274895efe0f9a5c63b3f85ce8e57733cc67fec9b538d120391cf1ec9fef464 879b7816d052ef2966456b676be89a4c3aa8ba0e7734b1bbde8b363dd561e688
CLIENT_TRAFFIC_SECRET_0 93e343c8cec38c3d40ff5aa5aea057c07bcdcd11ba58d3a48fb500358b72e03c a4eae17c273789a8aaa15f804462ec3bedd66d6189255cfaf8a573801b51fc08
SERVER_TRAFFIC_SECRET_0 93e343c8cec38c3d40ff5aa5aea057c07bcdcd11ba58d3a48fb500358b72e03c cf0ceeedc34e2bf764beb34e02ab8b7cc84b5b7879db4513aeb69fb2941e4968
EXPORTER_SECRET 93e343c8cec38c3d40ff5aa5aea057c07bcdcd11ba58d3a48fb500358b72e03c 7e72367299631a43a10fe177bd120246fb135547c936f346e100cb05f2ff93f4
CLIENT_TRAFFIC_SECRET_0 e3274895efe0f9a5c63b3f85ce8e57733cc67fec9b538d120391cf1ec9fef464 41687bfa13cd4d78d354dbcf27c61b519ab6a5bcd2c55b8cba81b0990e6986ff
SERVER_TRAFFIC_SECRET_0 e3274895efe0f9a5c63b3f85ce8e57733cc67fec9b538d120391cf1ec9fef464 4535921fcc9942df44a0b3964948e943a3e475f9dd881a416de129eddf597035
EXPORTER_SECRET e3274895efe0f9a5c63b3f85ce8e57733cc67fec9b538d120391cf1ec9fef464 314924b92e30f37af9c11af414028909b68cb7308f5867bb0d345238c96603e3
CLIENT_HANDSHAKE_TRAFFIC_SECRET 956640eb6c2737a03de4b77dd3aaac6d1a5c6271937ed22ed0811ec274ecd22c 7fc10c1b41c9877d129c5d7aa5f73565262bbc34a39251060f95b65cd809c64c
SERVER_HANDSHAKE_TRAFFIC_SECRET 956640eb6c2737a03de4b77dd3aaac6d1a5c6271937ed22ed0811ec274ecd22c 505c784b39c00db5b38e222877a849e848c9872bf4db1decbf224dd2529c2b4f
CLIENT_TRAFFIC_SECRET_0 956640eb6c2737a03de4b77dd3aaac6d1a5c6271937ed22ed0811ec274ecd22c a867130ea2793a6e86d6caab1d46d688d50f2ae126ca2cd0510c46c68a72834a
SERVER_TRAFFIC_SECRET_0 956640eb6c2737a03de4b77dd3aaac6d1a5c6271937ed22ed0811ec274ecd22c c95f976f8a8ae156ea90ea0838b46e6138aca89e385094f6e5ad94a6d6fb6e6f
EXPORTER_SECRET 956640eb6c2737a03de4b77dd3aaac6d1a5c6271937ed22ed0811ec274ecd22c 95667723d1054457c339347c4d6d521c2f5e3b24bd4b4ca1c312cd002fc35289
CLIENT_HANDSHAKE_TRAFFIC_SECRET d9a833b8132ee0e0464138a5f389dd3ca5f128844a8e83530696d5d2a739a162 8f1baae21938bfc442b0f1834cb7c516bb7940c6203e1197d5602f1fa6931710732c074816301aa688ed82326aa023e1
SERVER_HANDSHAKE_TRAFFIC_SECRET d9a833b8132ee0e0464138a5f389dd3ca5f128844a8e83530696d5d2a739a162 92212577d0c2087d8a24f3ebcc7f61cfc2ecaf0153bcf3c11ca3e2264f1f1dc7dd377881ac18af92160c7a572a606538
CLIENT_TRAFFIC_SECRET_0 d9a833b8132ee0e0464138a5f389dd3ca5f128844a8e83530696d5d2a739a162 3de2b6036f89caaf5c41da2b0671848ac505bab5ea492fb868d54959df019f1b1a03f37ee04ba77d9650efd605b2f2d8
SERVER_TRAFFIC_SECRET_0 d9a833b8132ee0e0464138a5f389dd3ca5f128844a8e83530696d5d2a739a162 ad34a1c38f6c4e82f3ff9a15e6816c67985265d198b632c74f723f9ee4e7a6878f5a11addb49d4633620356c75a33571
EXPORTER_SECRET d9a833b8132ee0e0464138a5f389dd3ca5f128844a8e83530696d5d2a739a162 89383bbb7dffb850472ac85ed8727808a2a6aeb5fd80cac1266174067231ab7c07f7c68058f2d3555007a9a630030ae1
CLIENT_HANDSHAKE_TRAFFIC_SECRET a6aeb50e04b254ea0f6e17a6c2945d22e941e0930c7f9f4001916546533e2a77 283bd1cdbafc31bf7dc80b9d7c8815db22ad0023e704aafdfb1521c167060d2e
SERVER_HANDSHAKE_TRAFFIC_SECRET a6aeb50e04b254ea0f6e17a6c2945d22e941e0930c7f9f4001916546533e2a77 2c62846c884d5172e99ff09f74c0e954a81fe9e4304a515510393044410364a5
CLIENT_TRAFFIC_SECRET_0 a6aeb50e04b254ea0f6e17a6c2945d22e941e0930c7f9f4001916546533e2a77 4fe8b00488c83405f2bac4b50b8fb82d9516984b97e8df5b5c47bc4a197c8b71
SERVER_TRAFFIC_SECRET_0 a6aeb50e04b254ea0f6e17a6c2945d22e941e0930c7f9f4001916546533e2a77 9180728beb4e8878027d54b4134ff68331ec64b8cc1a26fff744fe7678b2a1c2
EXPORTER_SECRET a6aeb50e04b254ea0f6e17a6c2945d22e941e0930c7f9f4001916546533e2a77 65164a6324e077957ee412625fb336d970a3360c84b6658c195ff924b36cd08e
CLIENT_HANDSHAKE_TRAFFIC_SECRET d255abe49639efb3c89162dffef7d8210db904fd5bd3254328f491b3d1d4aa75 82322428d53d95ba3c87768fff94c16c5f0b05f01d6bccec900b3b61f4d54954
SERVER_HANDSHAKE_TRAFFIC_SECRET d255abe49639efb3c89162dffef7d8210db904fd5bd3254328f491b3d1d4aa75 925f8943803005069899e5dabf4c4e631e0025575651f8f7f71b0563c53eb9b6
CLIENT_HANDSHAKE_TRAFFIC_SECRET da9fb175fefd2d910a2f2eabc52574db77ed20e05867b73d493ca4dbd972f762 7e282a2d9c0add52def8f882de97fe5dc85f4df9dc2b7b1f280a84507954995c
SERVER_HANDSHAKE_TRAFFIC_SECRET da9fb175fefd2d910a2f2eabc52574db77ed20e05867b73d493ca4dbd972f762 84f8e4d901f5303f7427db899016dc7c3cb44aa47586ff57380de0356a662013
CLIENT_TRAFFIC_SECRET_0 d255abe49639efb3c89162dffef7d8210db904fd5bd3254328f491b3d1d4aa75 649bd2c9f2fbf156332f0d4e41067f3985c21d8bddb7b3ceb34b5c65c95b50ac
SERVER_TRAFFIC_SECRET_0 d255abe49639efb3c89162dffef7d8210db904fd5bd3254328f491b3d1d4aa75 0a1af1f8919352098f8cfe774e09dae92c5de7ddfd67a39e06b9edd91c8b6c23
EXPORTER_SECRET d255abe49639efb3c89162dffef7d8210db904fd5bd3254328f491b3d1d4aa75 6b43cf48ae6caf8cbe017197099d5a7cda97b3b595f7303999db34fcb5c470bf
CLIENT_TRAFFIC_SECRET_0 da9fb175fefd2d910a2f2eabc52574db77ed20e05867b73d493ca4dbd972f762 051fddcf0d5f4bb91bd90c4a5521076f1dedd5683f167bad0b0f40353069e777
SERVER_TRAFFIC_SECRET_0 da9fb175fefd2d910a2f2eabc52574db77ed20e05867b73d493ca4dbd972f762 1a943840e3a7ac41d1eac9a7920afa8563473ad6eb0f479a67355575be09d522
EXPORTER_SECRET da9fb175fefd2d910a2f2eabc52574db77ed20e05867b73d493ca4dbd972f762 e7b20deb396a496d7e1aab34e3c85722541ca3d57eaf20f7851c6326f66cf24a
CLIENT_HANDSHAKE_TRAFFIC_SECRET 67ca33750041e5173b3f5d5ae224bb8d8512f1c71bbd8ed82315004f60ade70a 400fde2f38c30d70c1d4413c26460e15e45fe7fadbb682e63b2b2ce7f2bb4b03
SERVER_HANDSHAKE_TRAFFIC_SECRET 67ca33750041e5173b3f5d5ae224bb8d8512f1c71bbd8ed82315004f60ade70a 084b464e225cdc736f4e9be539e822068060d441c60ef93d753a50497f597dc7
CLIENT_TRAFFIC_SECRET_0 67ca33750041e5173b3f5d5ae224bb8d8512f1c71bbd8ed82315004f60ade70a 7c27e04a04bc01f0070182668789290109a3a02b0fb27531f24b044e169d9bc9
SERVER_TRAFFIC_SECRET_0 67ca33750041e5173b3f5d5ae224bb8d8512f1c71bbd8ed82315004f60ade70a cb55c24d7f0c3c662d1ac049ba8d94418baa5c6a866c3ee7c1f1af5808e73551
EXPORTER_SECRET 67ca33750041e5173b3f5d5ae224bb8d8512f1c71bbd8ed82315004f60ade70a 90f5773bca0d6b50a7c72b969ab6ecd75dabf3f812da15b4b5893df8782468f8
CLIENT_HANDSHAKE_TRAFFIC_SECRET 428d42a9aed3b29612ab67f909149deebbb69af9b0016e87b0d3aa7d7b6fc250 2da9b0d2ebdc0d3eeae46700bf5e11fca834625fc0ae768b396595216a2c080b
SERVER_HANDSHAKE_TRAFFIC_SECRET 428d42a9aed3b29612ab67f909149deebbb69af9b0016e87b0d3aa7d7b6fc250 2543433fe9e11cb571222bc6c3b4f2585960a203aab803e21c739701e5a419dc
CLIENT_TRAFFIC_SECRET_0 428d42a9aed3b29612ab67f909149deebbb69af9b0016e87b0d3aa7d7b6fc250 e6594e51d134b728d0e9d25a457203b7c14a817d6c7bde49fdab6d4fe4e0051b
SERVER_TRAFFIC_SECRET_0 428d42a9aed3b29612ab67f909149deebbb69af9b0016e87b0d3aa7d7b6fc250 0364886c3002344f39324034f48e61ac9914636268a84a1a5a3f276dad620afb
EXPORTER_SECRET 428d42a9aed3b29612ab67f909149deebbb69af9b0016e87b0d3aa7d7b6fc250 f88c084f7f9801087e1df20c15bcffa2fe02f8f4cc45880ff6773e9d8b47ed9b
CLIENT_HANDSHAKE_TRAFFIC_SECRET e1dfd1b00874caef17a4f729d9afdebcaf01da607baa3d1d393a8c72f68e2ca2 d7456715d5dbbf95f3edff7a3af20e0b395861842ddb8e74735f20dc7c72cb22
SERVER_HANDSHAKE_TRAFFIC_SECRET e1dfd1b00874caef17a4f729d9afdebcaf01da607baa3d1d393a8c72f68e2ca2 394383156034ec668b194070fcefaaa2f90c73179b9cc0ad178222c2626cb4c4
CLIENT_TRAFFIC_SECRET_0 e1dfd1b00874caef17a4f729d9afdebcaf01da607baa3d1d393a8c72f68e2ca2 00549ed55c6d12d538ac7a521e991a8d9cfefbb71d75a3a4d7774715837b75af
SERVER_TRAFFIC_SECRET_0 e1dfd1b00874caef17a4f729d9afdebcaf01da607baa3d1d393a8c72f68e2ca2 f39615fd5c2cdc3168dc77e84dc239c369075fbbf1873815821a21831d67f36d
EXPORTER_SECRET e1dfd1b00874caef17a4f729d9afdebcaf01da607baa3d1d393a8c72f68e2ca2 346d7750a92f801260a24aee99030ad403070ce54cc56d14b5610dc38345a851
CLIENT_HANDSHAKE_TRAFFIC_SECRET 7efe30d7b116041b11fc265a7d4d2f6269aa429e4364d54f91b6b6284f0aada3 cb7671546f33741785de0f5efc48e12c59fe74eb7703cab2f643dd1d9c719202
SERVER_HANDSHAKE_TRAFFIC_SECRET 7efe30d7b116041b11fc265a7d4d2f6269aa429e4364d54f91b6b6284f0aada3 27c0fa296f29dae5063d9f6a9ce1826b0005a590f2ab5a58b8db6dccdd02d1d2
CLIENT_TRAFFIC_SECRET_0 7efe30d7b116041b11fc265a7d4d2f6269aa429e4364d54f91b6b6284f0aada3 3e5b62bed7a87411efa1e4c18d7d8d16eb98f0de8bc543b3d2fbe32c5c0e80ae
SERVER_TRAFFIC_SECRET_0 7efe30d7b116041b11fc265a7d4d2f6269aa429e4364d54f91b6b6284f0aada3 6689234900317c47f616d4a4c9c9f2c8ff05d884108be9fecfa8d843c22d5a2e
EXPORTER_SECRET 7efe30d7b116041b11fc265a7d4d2f6269aa429e4364d54f91b6b6284f0aada3 e01dcd9411f70c69877d626552ee919085bb02c8708aecb8c11e7c756b5c95fe
CLIENT_HANDSHAKE_TRAFFIC_SECRET cc087df8a1245c308e063da2acbfab57f0bb5568dce1fb101b92b7e4553e6090 d9df7439430be131b0b204d762276e3f72391ae9c201788ba9545b28c1a41f4f
SERVER_HANDSHAKE_TRAFFIC_SECRET cc087df8a1245c308e063da2acbfab57f0bb5568dce1fb101b92b7e4553e6090 ea22b13d03feb2024c0e3cb269672507ff0648407f7fa65cf59d7ee18d54758b
CLIENT_HANDSHAKE_TRAFFIC_SECRET ad38736d36981b0ca886c1567e9f07ab6ba7bb0ea128dd17a1aedddd3b7bef11 22fd4fd5b06399d207e4a1eda2021757cf33b58baf24e78d1beaa67776c6fa0b
SERVER_HANDSHAKE_TRAFFIC_SECRET ad38736d36981b0ca886c1567e9f07ab6ba7bb0ea128dd17a1aedddd3b7bef11 ffbb6d68b01c75ae1847898effec5b25c6e47493e8f8c3c12fc205c4019708ea
CLIENT_TRAFFIC_SECRET_0 cc087df8a1245c308e063da2acbfab57f0bb5568dce1fb101b92b7e4553e6090 7fe0987017201550cadb25551d7f5e824ceed70c04e6166354f780f8b3f69973
SERVER_TRAFFIC_SECRET_0 cc087df8a1245c308e063da2acbfab57f0bb5568dce1fb101b92b7e4553e6090 151448ebd5fe6f3ecf21dbf44e40cdd33c4084613a0beb7be47651c6371317a2
EXPORTER_SECRET cc087df8a1245c308e063da2acbfab57f0bb5568dce1fb101b92b7e4553e6090 242589101ff6e364af853a642db19b12d4165e3a6082aedb30aa27a233d27df4
CLIENT_TRAFFIC_SECRET_0 ad38736d36981b0ca886c1567e9f07ab6ba7bb0ea128dd17a1aedddd3b7bef11 3872cb1fa432fb6d0dd74fb56155cec4bc7ddb7d588475bf5c3de0b2ab215d2b
SERVER_TRAFFIC_SECRET_0 ad38736d36981b0ca886c1567e9f07ab6ba7bb0ea128dd17a1aedddd3b7bef11 b3a9b7727bbc2d0c36e5154d4be8fbf80f5128ea905f6e103fefeb7f4e020723
EXPORTER_SECRET ad38736d36981b0ca886c1567e9f07ab6ba7bb0ea128dd17a1aedddd3b7bef11 c26391c6f1bd7cf5ebaeed654a11ebbd3519f9feaa689aa838647479e4a7f600
CLIENT_HANDSHAKE_TRAFFIC_SECRET 0803df296d3e8578a9f490564d4ee1e0a6a46d4e68a2a98fddde2ce27558e154 701350c87999058963ad1a5505cee162672bde12aba887158784a6a08cd246cb
SERVER_HANDSHAKE_TRAFFIC_SECRET 0803df296d3e8578a9f490564d4ee1e0a6a46d4e68a2a98fddde2ce27558e154 aec36d610e1a00f0fca286bf32e8d148d33098761a4924674f49030a5f27ceb8
CLIENT_TRAFFIC_SECRET_0 0803df296d3e8578a9f490564d4ee1e0a6a46d4e68a2a98fddde2ce27558e154 dbba5dcaa598dd3acbfa6370f5acc4420d90081d26d6512737e11983a930293d
SERVER_TRAFFIC_SECRET_0 0803df296d3e8578a9f490564d4ee1e0a6a46d4e68a2a98fddde2ce27558e154 1e92579c5285bc8ba110924b83cd5c2a9e68ecef3449b2c118abc84c09bbcccc
EXPORTER_SECRET 0803df296d3e8578a9f490564d4ee1e0a6a46d4e68a2a98fddde2ce27558e154 6189aafe6a90ba17477ecf4e3782786793eff97183e39f9a1363a5dfaeb4e2ad
CLIENT_HANDSHAKE_TRAFFIC_SECRET 8f3cdb4397ccb71a72c366bc92559eea63063c5d935ce22fd76af625f7246db4 7fc7f84a21f3cb7424f86affd9b8e6660f073d48d0075a623cfe5fa1e3ab7c24
SERVER_HANDSHAKE_TRAFFIC_SECRET 8f3cdb4397ccb71a72c366bc92559eea63063c5d935ce22fd76af625f7246db4 a398f362a820dffabca932115eec3de0dc6f49ecc2b74dc4720cf3b690b0c4cf
CLIENT_TRAFFIC_SECRET_0 8f3cdb4397ccb71a72c366bc92559eea63063c5d935ce22fd76af625f7246db4 eb2d0be4194cbd414073cace77361a81986d3d8cc39aa8b4b5c53697dfb5cf19
SERVER_TRAFFIC_SECRET_0 8f3cdb4397ccb71a72c366bc92559eea63063c5d935ce22fd76af625f7246db4 2bc30fdc6d72c91872d12c01746ea601f6f28af8620a633aa362c9d4135e843d
EXPORTER_SECRET 8f3cdb4397ccb71a72c366bc92559eea63063c5d935ce22fd76af625f7246db4 9b9a99e0a7d5ae2c3891dbb4195f28bad9646b84cbf40e1358ad4750e13d75b3
CLIENT_RANDOM 91e08c129838a3038eb109dab98a5b4ea812391f62e1c49bdbaf40303783b074 bc3e8fa19e265123223ed163a27caafa9837be25925a146e92530b1cc44fe9ec1341985c0b64310393dad14563cc67b6
CLIENT_HANDSHAKE_TRAFFIC_SECRET 386dca2e6b102cf434eed7698e48177c229796ee420c090d4eef6f6d74d79dc1 51f9dbcac38c3e72892b0e6abb6c65674638802f41c7d8282e5db03a172e2fbd
SERVER_HANDSHAKE_TRAFFIC_SECRET 386dca2e6b102cf434eed7698e48177c229796ee420c090d4eef6f6d74d79dc1 f75b7ee2ce1b30285ac7543d27b403b05c7eca001d295253abacaf3f1bd1f4ff
CLIENT_TRAFFIC_SECRET_0 386dca2e6b102cf434eed7698e48177c229796ee420c090d4eef6f6d74d79dc1 76e8422f9015e95f8e238f9d2734df555cea892de09e293f04c4f9d5281b686b
SERVER_TRAFFIC_SECRET_0 386dca2e6b102cf434eed7698e48177c229796ee420c090d4eef6f6d74d79dc1 0d29aab8829b6febd92a14622c08150bf1df44bbcca70f7be12d0e3c7b852102
EXPORTER_SECRET 386dca2e6b102cf434eed7698e48177c229796ee420c090d4eef6f6d74d79dc1 79d1da4402822fdf7f5c4cf2e0133d5ae40aad7ba4f6d8a9fd744034cde355e8
CLIENT_HANDSHAKE_TRAFFIC_SECRET 1c3077d64b3cb9d2ed3190743eb9f782dce81559e4ec3c22d99fcec157bcdf8a 8e611a4678180f6dea9936774d36a89fa0c1d85e5780e7d0aeb6109923151e2d
SERVER_HANDSHAKE_TRAFFIC_SECRET 1c3077d64b3cb9d2ed3190743eb9f782dce81559e4ec3c22d99fcec157bcdf8a 3af2ed9d134bf55fccb9b71b05e438eb15166eeed69b5d46de6926b92943a464
CLIENT_TRAFFIC_SECRET_0 1c3077d64b3cb9d2ed3190743eb9f782dce81559e4ec3c22d99fcec157bcdf8a a5345aba64712de66ccb8b3710eecf8e9ce1620ff0ac18c676bbe73e896e140a
SERVER_TRAFFIC_SECRET_0 1c3077d64b3cb9d2ed3190743eb9f782dce81559e4ec3c22d99fcec157bcdf8a eefb1647e9508f150c35b06c66768fad628efcff05a4a531ab724398eded063e
EXPORTER_SECRET 1c3077d64b3cb9d2ed3190743eb9f782dce81559e4ec3c22d99fcec157bcdf8a 96c314ba5e6a3aa2dcb036db97ffb232de43c23e2e7076e50c7eacd4059c5787
CLIENT_HANDSHAKE_TRAFFIC_SECRET f606f49638f61e210112433993e25dc5356637ce96f911326ec515da815acf15 fb0ea66e0d8c31f4e38ed236df2b08a028449bad29799c4fc5bb6891c98c386d
SERVER_HANDSHAKE_TRAFFIC_SECRET f606f49638f61e210112433993e25dc5356637ce96f911326ec515da815acf15 54e02c58f3726cbd9103b331d85123306ee3de44cf648791b9ccb88ac555e651
CLIENT_HANDSHAKE_TRAFFIC_SECRET a5235739aeec0e59402dc6adee7b25a63f276f3faed53fcebda9341c4c6f7822 27b8c31ed3407425df9032712edc3d1173c4037f29574aa6f88a172c07c03219
SERVER_HANDSHAKE_TRAFFIC_SECRET a5235739aeec0e59402dc6adee7b25a63f276f3faed53fcebda9341c4c6f7822 4c598befdcdabf0c57ce8f68cc3e1c2a8f597f3b9b2e921fd376a2f7d1bb1caa
CLIENT_TRAFFIC_SECRET_0 a5235739aeec0e59402dc6adee7b25a63f276f3faed53fcebda9341c4c6f7822 11a45fd2239789db62fe29e5ba4b14311e38340e806b168a8a8297de3a3b4bf5
SERVER_TRAFFIC_SECRET_0 a5235739aeec0e59402dc6adee7b25a63f276f3faed53fcebda9341c4c6f7822 bc8fbf8964bf50f479f9bf574f13770d0cae3436a74b2072a0269fd59056a976
EXPORTER_SECRET a5235739aeec0e59402dc6adee7b25a63f276f3faed53fcebda9341c4c6f7822 b8e349ecba59f4883fd8d8ab22e7af8b0d4139cce60155299bd0eaf48745ed6f
CLIENT_TRAFFIC_SECRET_0 f606f49638f61e210112433993e25dc5356637ce96f911326ec515da815acf15 5acf85e0db6e8629f8650fd7ee94b79efc415b978fd9bdd44c74fb11ce2a9516
SERVER_TRAFFIC_SECRET_0 f606f49638f61e210112433993e25dc5356637ce96f911326ec515da815acf15 5eac9f8dcaffca3e85c5d23a4bc36646249ca2fb862603181e2e33066aa4f76b
EXPORTER_SECRET f606f49638f61e210112433993e25dc5356637ce96f911326ec515da815acf15 401f8206a939b1844f3a88291a27567d1cc47be937c2a0415c08226bc0dd826f
CLIENT_HANDSHAKE_TRAFFIC_SECRET 15b46a7dcd8fdb20dd20a75c57f92cd0a12c765eae2d61d52e8e2d47c8a938a0 9d5f0d87e387c756475613c5daeafe60f0530260b9fc6cdf34a466cf76d79858
SERVER_HANDSHAKE_TRAFFIC_SECRET 15b46a7dcd8fdb20dd20a75c57f92cd0a12c765eae2d61d52e8e2d47c8a938a0 d44af3a3fab5a8f7824b95fb82fe1b24e4454e29409efe41dcfd40c05747b987
CLIENT_HANDSHAKE_TRAFFIC_SECRET 00932638a7d7a533d17a5012c0fddeb7d5340c6fabe1f3f2068ecf95ffd1efb0 2ea551ac0d93b6caa756ef1e2baac17c151bfcc0477574ade9e6bf01d0c9cd71
SERVER_HANDSHAKE_TRAFFIC_SECRET 00932638a7d7a533d17a5012c0fddeb7d5340c6fabe1f3f2068ecf95ffd1efb0 454641ba7d92167ad5cd1d3d3f6da8ab5af2c9dca3f2f21e3e8bd5324a2f6e3f
CLIENT_TRAFFIC_SECRET_0 15b46a7dcd8fdb20dd20a75c57f92cd0a12c765eae2d61d52e8e2d47c8a938a0 1ce6e14858950ed91481cf6c0728c984943c9d5f62aa156ecc04e61aa4ba4799
SERVER_TRAFFIC_SECRET_0 15b46a7dcd8fdb20dd20a75c57f92cd0a12c765eae2d61d52e8e2d47c8a938a0 bcb7400abdcef2bed7a8772c3bd58307c8d6ac1241a91c681e6af901c15ec601
EXPORTER_SECRET 15b46a7dcd8fdb20dd20a75c57f92cd0a12c765eae2d61d52e8e2d47c8a938a0 e8d3c7034cb5f5657cd6df617ef95a7ad177abec1656a70510c18f868b6c3268
CLIENT_TRAFFIC_SECRET_0 00932638a7d7a533d17a5012c0fddeb7d5340c6fabe1f3f2068ecf95ffd1efb0 b6d573adb2b40161e90848f8da65c86e06a798d4e204d5ceb156b4f9d16e2d2d
SERVER_TRAFFIC_SECRET_0 00932638a7d7a533d17a5012c0fddeb7d5340c6fabe1f3f2068ecf95ffd1efb0 d1e9bcde4ec7dc7eecef97c78ca7e7e8a1fbc64d3a2c674aa4e4cbeadb73da73
EXPORTER_SECRET 00932638a7d7a533d17a5012c0fddeb7d5340c6fabe1f3f2068ecf95ffd1efb0 77a1cfc5db047bbdabab98298753b18dc061047e1284e9bd14dd5034e7ef3725
CLIENT_HANDSHAKE_TRAFFIC_SECRET 8ca36dbaab21842d8cb17c988a93346a1dd6d0abcc286c54dada2766b0b2109a 6fdbb5a58115aab90a469abb816df4ab17fa8079fe42b4411774b572a519b6ab
SERVER_HANDSHAKE_TRAFFIC_SECRET 8ca36dbaab21842d8cb17c988a93346a1dd6d0abcc286c54dada2766b0b2109a 184687f56ca2a900f399dda69ddb1f578a6ded4c81be5de83cab965a51825916
CLIENT_TRAFFIC_SECRET_0 8ca36dbaab21842d8cb17c988a93346a1dd6d0abcc286c54dada2766b0b2109a 7e244d80260c6e18c6d4e6cd83ad3510f0d0fc41a042fadb45582c1aaabe72e9
SERVER_TRAFFIC_SECRET_0 8ca36dbaab21842d8cb17c988a93346a1dd6d0abcc286c54dada2766b0b2109a 7984ace5b81817190ddafd54645e7d03f4956bb4b4ef3800b0c55dc335abef41
EXPORTER_SECRET 8ca36dbaab21842d8cb17c988a93346a1dd6d0abcc286c54dada2766b0b2109a 1b6b86bea1650c840f6ce78d04621a04f15a3d48958bc5b55acf851042cc44ae
CLIENT_HANDSHAKE_TRAFFIC_SECRET 2eb7dea6b24947b29654283847217cf3c1e8ea91c1a2ff00b0a712d175f02291 cd30cb40ba58453119a833bb74724b206de9c12c9f976c762d8b33c2c5c81c8b
SERVER_HANDSHAKE_TRAFFIC_SECRET 2eb7dea6b24947b29654283847217cf3c1e8ea91c1a2ff00b0a712d175f02291 f81395892476b8db927f6c8a80b0eb0c2afcc8c9eea94f9a21b2bf13a688ae76
CLIENT_TRAFFIC_SECRET_0 2eb7dea6b24947b29654283847217cf3c1e8ea91c1a2ff00b0a712d175f02291 125493acc25e85d757e759131ed42876f7db33c33aad8042e605611a691c3a03
SERVER_TRAFFIC_SECRET_0 2eb7dea6b24947b29654283847217cf3c1e8ea91c1a2ff00b0a712d175f02291 157d3eeb99ddc70c8b37aed964c809dc2763de00fe7f9a1aded1bdc5384729f5
EXPORTER_SECRET 2eb7dea6b24947b29654283847217cf3c1e8ea91c1a2ff00b0a712d175f02291 446a7400ac82115878db400488ed1f4a38b6b446e8397bacf503a65783d39a8e
CLIENT_HANDSHAKE_TRAFFIC_SECRET c2fde8fe17673fc418f73480f72f6612b2d60451afccaec6f8ee14e2be821481 fd121d63332c49b6ab2a355368a9fa409783b26f1fa34e6624b48a9b255700dd39078a2bb77b838dd252a2fc1a152120
SERVER_HANDSHAKE_TRAFFIC_SECRET c2fde8fe17673fc418f73480f72f6612b2d60451afccaec6f8ee14e2be821481 6f8ac9abdd70451775e120802e8d18a3c4f2c5bfa136306139e47d021482b5be2db67de25d67eb81ebee47d47cd55276
CLIENT_TRAFFIC_SECRET_0 c2fde8fe17673fc418f73480f72f6612b2d60451afccaec6f8ee14e2be821481 02bbc483bb061349aca3162b96d2a860bbe38d25f461c61a8a4eb1a205e47151c9133d1154eba59912741659f53bb575
SERVER_TRAFFIC_SECRET_0 c2fde8fe17673fc418f73480f72f6612b2d60451afccaec6f8ee14e2be821481 75739af58b797631a98b97d21cdc65ddf8ec754af67f131f715fb5853fb40d662726d7fb74c8b0fc0682b3050b70e65a
EXPORTER_SECRET c2fde8fe17673fc418f73480f72f6612b2d60451afccaec6f8ee14e2be821481 213350a63f6badcd92b5e8a3358836b66efd6ccf08ae954b29f0aba99ac14a1cc0f128bc376869051407cd9bb699e47b
CLIENT_HANDSHAKE_TRAFFIC_SECRET 60edbfeb60758ddd5eda250d4bf61b4b8f8d73c8a5f44e259efa2e7cc535718e 7003d6127da180832580d67cfa86b6077e54dba31dd1c1457cc8027eb15fc9c8
SERVER_HANDSHAKE_TRAFFIC_SECRET 60edbfeb60758ddd5eda250d4bf61b4b8f8d73c8a5f44e259efa2e7cc535718e 1e7e8e22e661f9ffccf363ba9ccfe10dcecf424f9d0668dfe59b385dfad0080d
CLIENT_HANDSHAKE_TRAFFIC_SECRET c767d358beef9b78f61c63350d6e093aea7910b1f9b3a53586098215d3f3f314 e1bf717dc9e304aab2ffef78b58d04f6fa4612165461ad95d8d7911162cedc21
SERVER_HANDSHAKE_TRAFFIC_SECRET c767d358beef9b78f61c63350d6e093aea7910b1f9b3a53586098215d3f3f314 28422a33e5a4d1f75ee2fa04a569f60d8921bea858ea99c82de17a6dd08d97e1
CLIENT_HANDSHAKE_TRAFFIC_SECRET 6a9c2cbbc59be1deb10be0b91a4d9dcf13c1c75ae826b58703d6c8d55865da2e f176424df8c8a3c23555bebb2df47a64c3b1c4367a7a7d759f825a817327fc9c
SERVER_HANDSHAKE_TRAFFIC_SECRET 6a9c2cbbc59be1deb10be0b91a4d9dcf13c1c75ae826b58703d6c8d55865da2e b132fb60d070e3f11a82da220cb0447c0e4560feaa66aba675065fc539a1fd80
CLIENT_TRAFFIC_SECRET_0 60edbfeb60758ddd5eda250d4bf61b4b8f8d73c8a5f44e259efa2e7cc535718e 7782145f31c675f491fe9e15bb4cf5d697b343eabce79ecbae967580a87ed88d
SERVER_TRAFFIC_SECRET_0 60edbfeb60758ddd5eda250d4bf61b4b8f8d73c8a5f44e259efa2e7cc535718e 4629f297010e2defccd73c5e217c1ac6a2809827be85812b0d3eb08e7eb6649d
EXPORTER_SECRET 60edbfeb60758ddd5eda250d4bf61b4b8f8d73c8a5f44e259efa2e7cc535718e 1cc76dc16c2caafba8ea1f36d9f61955eb26779d3e64c53478f91af6133ace23
CLIENT_TRAFFIC_SECRET_0 c767d358beef9b78f61c63350d6e093aea7910b1f9b3a53586098215d3f3f314 f0931bd9a4bc5b15cdd4c10886ddfc6cc3b8dbe36546e071eaee72e0092f5f27
SERVER_TRAFFIC_SECRET_0 c767d358beef9b78f61c63350d6e093aea7910b1f9b3a53586098215d3f3f314 ccb4d8734d1ff2b9334e67356f5d4db67f50b6ce1258c09d052a60fe23170302
EXPORTER_SECRET c767d358beef9b78f61c63350d6e093aea7910b1f9b3a53586098215d3f3f314 77b50c48668fccea3d91f5d413c50589eeb537808141faeeb62d3c529c1bd43b
CLIENT_TRAFFIC_SECRET_0 6a9c2cbbc59be1deb10be0b91a4d9dcf13c1c75ae826b58703d6c8d55865da2e b5944249927b06a1de6083eecf70cca564881355362a5cbff4cf012906a0b446
SERVER_TRAFFIC_SECRET_0 6a9c2cbbc59be1deb10be0b91a4d9dcf13c1c75ae826b58703d6c8d55865da2e 65ed797a2b2bdbaed71ecf3381ee1203fe1ab3606b3e2f0fad571ffa78bb531b
EXPORTER_SECRET 6a9c2cbbc59be1deb10be0b91a4d9dcf13c1c75ae826b58703d6c8d55865da2e 87a79428f1f31627e0b175e37a08ff7c5ca8046dc9f43ec6cbcd138cda1287d7
CLIENT_HANDSHAKE_TRAFFIC_SECRET ea735b59f0508fa3b548f5644e6b0def31b7a2dcc2943e9ca0e9a542eb9332b1 dedcb565d4684980b4b1607bd87517b30d433ec9e97524ebe37bb3c9bb9549ec
SERVER_HANDSHAKE_TRAFFIC_SECRET ea735b59f0508fa3b548f5644e6b0def31b7a2dcc2943e9ca0e9a542eb9332b1 740f96a45b5a34c06f2cf505c622cac9a73f5521a7ba17af7424de2429628b9d
CLIENT_TRAFFIC_SECRET_0 ea735b59f0508fa3b548f5644e6b0def31b7a2dcc2943e9ca0e9a542eb9332b1 22c4085b98b30cff99c63c645472bf8f89a631a2b8095b975cde1028d7ce5e82
SERVER_TRAFFIC_SECRET_0 ea735b59f0508fa3b548f5644e6b0def31b7a2dcc2943e9ca0e9a542eb9332b1 5cb503edb122926a37df4001082098dea2bb7db75b1e2a57a9062c8a7c223545
EXPORTER_SECRET ea735b59f0508fa3b548f5644e6b0def31b7a2dcc2943e9ca0e9a542eb9332b1 af1a0ab51fb618e9f2eaa5b61bbcc78d74755200d2027f520bb775bcc8c80341
CLIENT_HANDSHAKE_TRAFFIC_SECRET b420ad12ac63e26310de753d805497199544db36a9ec14abe5b3ec71ac0090ae 5c59b596bd733efd11cad46a293d6f9e290d5f531870874a11ac738b4c2f215f
SERVER_HANDSHAKE_TRAFFIC_SECRET b420ad12ac63e26310de753d805497199544db36a9ec14abe5b3ec71ac0090ae 729f9679d04635e14340177e9e53ffae728846f3b5a9bc2adbcaa3cdda76d7f1
CLIENT_TRAFFIC_SECRET_0 b420ad12ac63e26310de753d805497199544db36a9ec14abe5b3ec71ac0090ae b302dcfbb34144223778bf8566ac45a6c3a5462e1b77a031836600740f2940d9
SERVER_TRAFFIC_SECRET_0 b420ad12ac63e26310de753d805497199544db36a9ec14abe5b3ec71ac0090ae 3afae5003921535c7ff1fab8f28a5fe92467f5a528a817e50977e69697df8bdb
EXPORTER_SECRET b420ad12ac63e26310de753d805497199544db36a9ec14abe5b3ec71ac0090ae 936fb397c91ac107e79b3ad6ae78e8e59c430d1b0bb920dcb0e3a09f63bb4ed5
CLIENT_HANDSHAKE_TRAFFIC_SECRET 4b9fe9380a1d090b1dcbc0c10bfdb73366b486fe389ec97ec2f7655845db0632 973c74e345753f00a556d5e1652b2d516453f5f0388bd9365159d846a259e600
SERVER_HANDSHAKE_TRAFFIC_SECRET 4b9fe9380a1d090b1dcbc0c10bfdb73366b486fe389ec97ec2f7655845db0632 31178342253fb543c3840303479ba05f7e2a39d7e547e63999ca1f0f650931d7
CLIENT_TRAFFIC_SECRET_0 4b9fe9380a1d090b1dcbc0c10bfdb73366b486fe389ec97ec2f7655845db0632 4cc436a512daf9f2bfcc95bdd7418e5e0f7bb06a18502d7f0939d4f356d1673c
SERVER_TRAFFIC_SECRET_0 4b9fe9380a1d090b1dcbc0c10bfdb73366b486fe389ec97ec2f7655845db0632 5581b4e242da0cb32a7c74489324b22eccc427acb3e018e506fe3e1ccd509a01
EXPORTER_SECRET 4b9fe9380a1d090b1dcbc0c10bfdb73366b486fe389ec97ec2f7655845db0632 ee993a50579c654dd42aa88b21788f7498939bbdb211f4e94a19475f1fa20398
CLIENT_HANDSHAKE_TRAFFIC_SECRET 4dc3fee3ceccddedafec145edd4d33dac36c53d6142f5a1ae82e5b42cfa6bf75 cb96cbfa974c0d18f94c1354105e38adf74bfb75bd8683c797241d74750449ef
SERVER_HANDSHAKE_TRAFFIC_SECRET 4dc3fee3ceccddedafec145edd4d33dac36c53d6142f5a1ae82e5b42cfa6bf75 4098f59ea8816eb0e9409aeef7e667ff63ec4afc1e67f93862221dc949a06d07
CLIENT_TRAFFIC_SECRET_0 4dc3fee3ceccddedafec145edd4d33dac36c53d6142f5a1ae82e5b42cfa6bf75 873b895921f777b6f1dbe2aed00cc270d6f42e0e8ac6fffac0d0b537cc756fb9
SERVER_TRAFFIC_SECRET_0 4dc3fee3ceccddedafec145edd4d33dac36c53d6142f5a1ae82e5b42cfa6bf75 dcb645601f53e0e48f41f872b0b6d5ed4df4f407388b14aab6f282538280be7b
EXPORTER_SECRET 4dc3fee3ceccddedafec145edd4d33dac36c53d6142f5a1ae82e5b42cfa6bf75 9e9bad596e5f23abd7f8c62dff3e6b9775e265107c17b3b34de2e5260ed824ef
CLIENT_HANDSHAKE_TRAFFIC_SECRET a37ef23907dabcd008b3d1f7dcb43def49f411479010a56c5eca56e4c205fb22 4e213c8dba41bab453c6fb4959310bfe6b39741a6d4baf76314476e95d30076b
SERVER_HANDSHAKE_TRAFFIC_SECRET a37ef23907dabcd008b3d1f7dcb43def49f411479010a56c5eca56e4c205fb22 09eff50234b4d3c9892a86aa14fa2550d27dfa4db754ea740c647ab4e1caaa8d
CLIENT_TRAFFIC_SECRET_0 a37ef23907dabcd008b3d1f7dcb43def49f411479010a56c5eca56e4c205fb22 83187b7c2582e9bb504e67608cbe548cd160c7593026cd3d03f21228b9f82d09
SERVER_TRAFFIC_SECRET_0 a37ef23907dabcd008b3d1f7dcb43def49f411479010a56c5eca56e4c205fb22 a2906bf336e3da4027b91056e7ac35e970b95999b0fcaed4a99ffe2e103d2f03
EXPORTER_SECRET a37ef23907dabcd008b3d1f7dcb43def49f411479010a56c5eca56e4c205fb22 6237ece8ac9a9ec560e5497e6d72650cd55356e2d89e600249f393c01d2ee6a7
CLIENT_HANDSHAKE_TRAFFIC_SECRET ec4aed34151ec6fde22ca5ad12c14d826e7a7ef8fe8c7499d17dc9153105b6ae 2e9a5be088bed8d5b954d35b417f7d685674af0440f0470e5c81738ea753c8cd
SERVER_HANDSHAKE_TRAFFIC_SECRET ec4aed34151ec6fde22ca5ad12c14d826e7a7ef8fe8c7499d17dc9153105b6ae 26fdddd48c13f801ef04e8569b83139753d2a2be521eabb1df8fd2a8d8f5a36f
CLIENT_TRAFFIC_SECRET_0 ec4aed34151ec6fde22ca5ad12c14d826e7a7ef8fe8c7499d17dc9153105b6ae 928664f8f242f2299c0dce338bad6e86444796008437e77cadc076c1c0d7b87b
SERVER_TRAFFIC_SECRET_0 ec4aed34151ec6fde22ca5ad12c14d826e7a7ef8fe8c7499d17dc9153105b6ae a961972384a4a3a22d02c9e940557bc4709e78c96293263d1374353879ffd3d7
EXPORTER_SECRET ec4aed34151ec6fde22ca5ad12c14d826e7a7ef8fe8c7499d17dc9153105b6ae e6df7c3b8832824110e835ebd80583e8e3ea8f143d668a82720dab3176504125
CLIENT_RANDOM 8d386b817aa40a88e03df5cad6ef651871bbe13b269bd60fa208b842c6ca32cd b1fac4d550615718662ef2b50010c748390f2498eb4b2169ee003aa48c4829896a893f0b787ed94cbf497a6abe740e3f
CLIENT_HANDSHAKE_TRAFFIC_SECRET 33ddcdf9253738307d454573ca21542309352b35d66c9d919a96c45249d6244f a9aa3ae5593eb265023054a72562818285c1900e31ff37e3a57def5364e6f91f
SERVER_HANDSHAKE_TRAFFIC_SECRET 33ddcdf9253738307d454573ca21542309352b35d66c9d919a96c45249d6244f ee021ca6440bfa967762802d8f1ceed43e233473fb3e204f6c6b9145213c70d4
CLIENT_HANDSHAKE_TRAFFIC_SECRET 6070b68972f74d2b889a4cc08b579b103eea2a51c15f571e080069c6adb2fee3 c6a34ed1aa602c8edeff11d05d9e37f3905a5e0fb2ce9602906b11f8839ae33e
SERVER_HANDSHAKE_TRAFFIC_SECRET 6070b68972f74d2b889a4cc08b579b103eea2a51c15f571e080069c6adb2fee3 b78cf4c326b9180cc149cd37f949061d721b3fcc1936c524285a07cafa4e583d
CLIENT_TRAFFIC_SECRET_0 33ddcdf9253738307d454573ca21542309352b35d66c9d919a96c45249d6244f 918b644e51bea3a0c2c95a62c48521c4259819f422a6a62c6a78706e7c06ee70
SERVER_TRAFFIC_SECRET_0 33ddcdf9253738307d454573ca21542309352b35d66c9d919a96c45249d6244f a85e012ee48043477032805d6faa19acb58dc0a293d3e6b9200c1d5ccaa602f1
EXPORTER_SECRET 33ddcdf9253738307d454573ca21542309352b35d66c9d919a96c45249d6244f 437835a56a030149c21c1fc4b44a6e1af0c4aafd451b0108153b0f541fc8fdce
CLIENT_TRAFFIC_SECRET_0 6070b68972f74d2b889a4cc08b579b103eea2a51c15f571e080069c6adb2fee3 5a26e03be491b9d304803673941c54b2da7a231a1eba7de041ea2d10daaa391d
SERVER_TRAFFIC_SECRET_0 6070b68972f74d2b889a4cc08b579b103eea2a51c15f571e080069c6adb2fee3 b32ad536ab22eb72b45d887bea81cba829e25562bc089f65549fd06965186687
EXPORTER_SECRET 6070b68972f74d2b889a4cc08b579b103eea2a51c15f571e080069c6adb2fee3 bfd3dd76be31bc69752b77f380f32c8b62efba4d61fea7a404b368163fc9bea0
CLIENT_RANDOM 3f9d04eb01f81018cb08a8ba73a9449488d056cc814d48c30b882af87b59b068 d6cf09d81df771398d624693d93e9606ca02eb6dd975964c8f741510fc8b111844e6625b0af8480fbc06cd81f1c62ab2
CLIENT_RANDOM 4be4c0102157a364e68eb8f75eba56bdb98b2ae874af0a90c8ee9ef1e82187b2 f0e3b8e6ebdc7a91b910da743c57c99dafc6a6d0c1867ede335a13c5aba6db0b70a20b80ce428b012b85c654bacc6a38
CLIENT_RANDOM 4fdf5f7906bc8699118da2fae26c344684befbb36e73493e3e6a678027e69c31 611f874a0e582291d0d72c877337ec68bee3b4799a8b6bc54d26a418a5d4fe5ba7d480ce5f96ed174a2cb9d6eb8a70a5
CLIENT_RANDOM cf15abe21b490e3ba08f3deed10fd5f75163423350c94746d23b4ed7108e540a 74c5ad588766a740c2d876acc1646a9fbde9d55baa50fc850a0c4e8261bda08a131c7babc44a12dd2f823c9afee920b6
CLIENT_HANDSHAKE_TRAFFIC_SECRET 7e99637e3cd39a8b4f6f926d7774ccb2bac01e6f5062dd3a9f2840e85cfc339e d61c0ea7d8afa64b9b4fcf757d909fcb60365c7d05681e84886e1c7047fb98f6
SERVER_HANDSHAKE_TRAFFIC_SECRET 7e99637e3cd39a8b4f6f926d7774ccb2bac01e6f5062dd3a9f2840e85cfc339e 7adafa63c1c5d9f6b59bfa9ec45bf7c6647c3deb314255a4f759ab8abf615560
CLIENT_HANDSHAKE_TRAFFIC_SECRET 99c6286abd1117aa56478dac281f478fdba33bb16f067e5ef2b5bb45f6f089a0 a12a21f6214fcc324f56e36893a79f6e71189ec9746d033becf90057247bced8
SERVER_HANDSHAKE_TRAFFIC_SECRET 99c6286abd1117aa56478dac281f478fdba33bb16f067e5ef2b5bb45f6f089a0 c4eaf49daa3a6209c7a774cba414cd185b079a196933f05cfccc8a62c5ba1b04
CLIENT_TRAFFIC_SECRET_0 7e99637e3cd39a8b4f6f926d7774ccb2bac01e6f5062dd3a9f2840e85cfc339e b5e791d4c4d5d968c63687c6a528c3ac8faf838fc1cc08984b3014594604fe56
SERVER_TRAFFIC_SECRET_0 7e99637e3cd39a8b4f6f926d7774ccb2bac01e6f5062dd3a9f2840e85cfc339e f071c4c0442d33c9df8e2a1f4ac432a0e2c07fae670cbe1ea6d539e76ee50036
EXPORTER_SECRET 7e99637e3cd39a8b4f6f926d7774ccb2bac01e6f5062dd3a9f2840e85cfc339e a5b7bf3d08f768820a3a876eb47ef92658e837bc25e4bc5f8e8ec931c55f2794
CLIENT_TRAFFIC_SECRET_0 99c6286abd1117aa56478dac281f478fdba33bb16f067e5ef2b5bb45f6f089a0 caf39317b8a0517df2047740bf61785886b6cd91a68935285c636819eb6bdfcb
SERVER_TRAFFIC_SECRET_0 99c6286abd1117aa56478dac281f478fdba33bb16f067e5ef2b5bb45f6f089a0 92c8d68611994a2371cf0236e56420b61ee31e9863aac59fc8e7e668b51f27f2
EXPORTER_SECRET 99c6286abd1117aa56478dac281f478fdba33bb16f067e5ef2b5bb45f6f089a0 e7a0386a79ff015df3a00a66f9461ad7924a1af1785db2d8a1c4f5eb5e811cf3
CLIENT_HANDSHAKE_TRAFFIC_SECRET 3b8cdb3d0f7b279266df931d59e0759922ca9e605143539432ef330e6de31cd2 661274109088123471108ff1a93df6aff20d0640813e5b4184fb0209767a0a46
SERVER_HANDSHAKE_TRAFFIC_SECRET 3b8cdb3d0f7b279266df931d59e0759922ca9e605143539432ef330e6de31cd2 96389bf51d303e119034227b58325ae54c12015535d38c99172d58013f997009
CLIENT_HANDSHAKE_TRAFFIC_SECRET 53c4addb636844d3831eef7f5c398f1d96d602dd49f901157d9eacf340c98962 656f3e1821bb9318a17b2fccb86b85186ea43f2a51bfadfb0e4e7c228838ccd5
SERVER_HANDSHAKE_TRAFFIC_SECRET 53c4addb636844d3831eef7f5c398f1d96d602dd49f901157d9eacf340c98962 8389719494bb794df359d10d73975c3a5c3b36512ff3495a8e83169f23008167
CLIENT_TRAFFIC_SECRET_0 53c4addb636844d3831eef7f5c398f1d96d602dd49f901157d9eacf340c98962 1eb36048a5dbec4e8f4440c2f0950a64aab16a91f92e762b6f697e16758de16a
SERVER_TRAFFIC_SECRET_0 53c4addb636844d3831eef7f5c398f1d96d602dd49f901157d9eacf340c98962 6df680dcedca58f61d218af30e218a48ad3320e4aae4aff879273bb126186e61
EXPORTER_SECRET 53c4addb636844d3831eef7f5c398f1d96d602dd49f901157d9eacf340c98962 9be19cd0855e1becef6b1023d4283b7e6f96008574ffa103da625009bb281d3b
CLIENT_TRAFFIC_SECRET_0 3b8cdb3d0f7b279266df931d59e0759922ca9e605143539432ef330e6de31cd2 f2f6559bf02bcfb2b0c23948e05f95ab33336cc2dc6b46937dd50c6190032099
SERVER_TRAFFIC_SECRET_0 3b8cdb3d0f7b279266df931d59e0759922ca9e605143539432ef330e6de31cd2 6e25ce937f605a3034ec365b2b89ab308bba89ccdf02940d94ee3b3051995bff
EXPORTER_SECRET 3b8cdb3d0f7b279266df931d59e0759922ca9e605143539432ef330e6de31cd2 86b12ee0f24099a99d1ec0bff3918210f35102165b98095839c2f4e9f3bd91a6
CLIENT_RANDOM c7078cab6bb96bfd1c6e2c7fab02b21102d639df85b987b84fe9821ba212aeb9 df80bb6f4b8b03aa3d7262ff0a9f21806daef62ba934031c72f033eab69922ed6eac825f09872dc31433c53e306d6ae4
CLIENT_HANDSHAKE_TRAFFIC_SECRET d3ba04fdf0c56c0da763320f41e9787de214babdaf6453f18e2c0cdf5c1de8d3 08cf535dcfbff46ad405afebdbcbfe05743a8f63e799aa39f9f9a342d77d2627
SERVER_HANDSHAKE_TRAFFIC_SECRET d3ba04fdf0c56c0da763320f41e9787de214babdaf6453f18e2c0cdf5c1de8d3 7dba47bafb6e1834ba99baa2e004051d04b26ede789c9ea7ce41eee1e572af46
CLIENT_TRAFFIC_SECRET_0 d3ba04fdf0c56c0da763320f41e9787de214babdaf6453f18e2c0cdf5c1de8d3 18b1edd398e382c3a3cb3bb16f530d3460d158be400a082182993881a65960a3
SERVER_TRAFFIC_SECRET_0 d3ba04fdf0c56c0da763320f41e9787de214babdaf6453f18e2c0cdf5c1de8d3 832bf55bb552602859349b7f1d50835aa9181aa3ed2584f9fd77364fe0fe168a
EXPORTER_SECRET d3ba04fdf0c56c0da763320f41e9787de214babdaf6453f18e2c0cdf5c1de8d3 5599fd56c12215144c13c30eb5ab7192c026468046eba0154f531387d80217e9
CLIENT_RANDOM b3d6925235773fe719e2596341e0f2444359cd088474b31421dd5bc3e77ba0a2 08f8f9481785c9d2d1bb31516d47cc10fce6b21ee425826ddf774370e10cbac3e597be7379effed172df8a59bf3e2fc6
