CLIENT_HANDSHAKE_TRAFFIC_SECRET 11134e2681f5f41f6e680481b4d9a31d9757d4b483caf37a18126a66a420f5e4 854e98c0575004fec5ff94e0497ffc4e7d2fff8ed42ce1c456ab4073c7809b4d
SERVER_HANDSHAKE_TRAFFIC_SECRET 11134e2681f5f41f6e680481b4d9a31d9757d4b483caf37a18126a66a420f5e4 9dd4a5cda9ceb82c30fa828c3b68e0708ee927edbebe4aa194b1ae49f7966b78
CLIENT_TRAFFIC_SECRET_0 11134e2681f5f41f6e680481b4d9a31d9757d4b483caf37a18126a66a420f5e4 c7960ee1392ad479f1265c961bd46345cad78adee2f5044cd254e98102b2886a
SERVER_TRAFFIC_SECRET_0 11134e2681f5f41f6e680481b4d9a31d9757d4b483caf37a18126a66a420f5e4 7c6f96b619b52d7b251dd5377bebfedb3042755bce77f7a28110de8bb6dc1d22
EXPORTER_SECRET 11134e2681f5f41f6e680481b4d9a31d9757d4b483caf37a18126a66a420f5e4 95cc1a5bbc3d9cc6ebf052574397a155987f2152592b8f954a16f211e590876b
CLIENT_HANDSHAKE_TRAFFIC_SECRET 140c09ae0fd8d81414010af411d3da846c37f9efbd78d178d79f85910447b79d c5b222655329d225457b127537ff7a475057adfe9f59696d591250595d0cd2c1
SERVER_HANDSHAKE_TRAFFIC_SECRET 140c09ae0fd8d81414010af411d3da846c37f9efbd78d178d79f85910447b79d 3b54c1c6d082238f4a1a8c4457029fccb6e2d7205c3f17a270d4e6f1f295931b
CLIENT_TRAFFIC_SECRET_0 140c09ae0fd8d81414010af411d3da846c37f9efbd78d178d79f85910447b79d 7786f3f58c365ddefb7ef8883f7f8ab44b469115d61969c0adc8d28e6d9643e4
SERVER_TRAFFIC_SECRET_0 140c09ae0fd8d81414010af411d3da846c37f9efbd78d178d79f85910447b79d 82fea89a8c06e460c7a169cb8522dc1a29fc7584ef59c2ba53edbfb7024d79a6
EXPORTER_SECRET 140c09ae0fd8d81414010af411d3da846c37f9efbd78d178d79f85910447b79d 95bf408c0e29741d9b2aa0ca7f42f8ffa811a1125639358eb11f0ce24f6f5023
CLIENT_HANDSHAKE_TRAFFIC_SECRET 7df4be7ba739432a182cef4611d3061db5a6baa173de2f727c1440064cf892eb 4b1fd13206ecf5b49643383be5399e1a0fddb561fa89469f5d62139e4c29b5e8
SERVER_HANDSHAKE_TRAFFIC_SECRET 7df4be7ba739432a182cef4611d3061db5a6baa173de2f727c1440064cf892eb 17c2473df55438be19795837f7d15ff5a3a437a3b9a22cea4f5b03f80e5a0600
CLIENT_TRAFFIC_SECRET_0 7df4be7ba739432a182cef4611d3061db5a6baa173de2f727c1440064cf892eb b42edb6d74ac997081929deb36b604fcf1795ffe50616a857e0192fed9ca8ee6
SERVER_TRAFFIC_SECRET_0 7df4be7ba739432a182cef4611d3061db5a6baa173de2f727c1440064cf892eb 3fa6ca745421a2226ead7bb8a31a0c8af3946d76a7a5e3e37ea42368306bd750
EXPORTER_SECRET 7df4be7ba739432a182cef4611d3061db5a6baa173de2f727c1440064cf892eb 76e029ba97c5ad00b296ca53355dbbe4c6b1a4611bc8c14df6fc693d2202e341
CLIENT_HANDSHAKE_TRAFFIC_SECRET d0b55f503621d5100de62a29e24108bfd7d97a21a323b4650a4a2d873235ec56 1319005ff6ba7149910f17b2503b54f72f86ec7eaf5e93f19aa2a1d86d04ad19
SERVER_HANDSHAKE_TRAFFIC_SECRET d0b55f503621d5100de62a29e24108bfd7d97a21a323b4650a4a2d873235ec56 892f38f78056e4632b3335fd9fce53f4471dc9489a0ac84fe9de7dca896da535
CLIENT_HANDSHAKE_TRAFFIC_SECRET fc4bccf172be06243af49a2c69765b38654182ff81bec6e0bd73f01519d92e14 40d9e76237936aceb239ea60c36300831274013bb810b15946d1ac2b2f5505a6
SERVER_HANDSHAKE_TRAFFIC_SECRET fc4bccf172be06243af49a2c69765b38654182ff81bec6e0bd73f01519d92e14 acb1c57b3ce711e8ed26c623d337451612ede0df8da9bde9c50dff066b89599e
CLIENT_TRAFFIC_SECRET_0 d0b55f503621d5100de62a29e24108bfd7d97a21a323b4650a4a2d873235ec56 ba7e5f9e93c56f42f2130fa5a18f6789529bac7e5b7eb7ee18df24729be6478d
SERVER_TRAFFIC_SECRET_0 d0b55f503621d5100de62a29e24108bfd7d97a21a323b4650a4a2d873235ec56 e62fb20e8ea176bac9f0ecbd348ec6bec75bee1255be4094440ad4bba5527369
EXPORTER_SECRET d0b55f503621d5100de62a29e24108bfd7d97a21a323b4650a4a2d873235ec56 922fe77fd91263a009c94ec9efac2dde14b3f88e987875c5952d129be6dfb3cb
CLIENT_HANDSHAKE_TRAFFIC_SECRET f0b747c504a084f1bb3c2eb38172a8e16409cc6ce31b290ecf60269b3a706bb6 9b308d061e462d6752d5c1a3012c52ecc299d64fdd20194a1a32397c2ac89364
SERVER_HANDSHAKE_TRAFFIC_SECRET f0b747c504a084f1bb3c2eb38172a8e16409cc6ce31b290ecf60269b3a706bb6 4067ed2248726ec4d594465f01db3743784454f22d8faf21b1f0286bc1e16ddc
CLIENT_HANDSHAKE_TRAFFIC_SECRET ec32d0310c3f63d7562df6f75b7434339c810984209d7e46d3b5abe0022bc7b4 dd509757c6d3cb051d6032767c5e9b3fd55535bd8ee456e28a10b54abc2037d0
SERVER_HANDSHAKE_TRAFFIC_SECRET ec32d0310c3f63d7562df6f75b7434339c810984209d7e46d3b5abe0022bc7b4 c99e70f677e8908358599762d30220df9bc19c31d5a8550083a3873d755d95b2
CLIENT_TRAFFIC_SECRET_0 fc4bccf172be06243af49a2c69765b38654182ff81bec6e0bd73f01519d92e14 9e8bc313041e7fd2c11e1e671b90ad157d7a33308f61b7abc10dc9d5267e92ef
SERVER_TRAFFIC_SECRET_0 fc4bccf172be06243af49a2c69765b38654182ff81bec6e0bd73f01519d92e14 6322ba29c27b7f5b2f09be7f9b9c8517e04a3efbe63c9a863f72d20a9b12cf4b
EXPORTER_SECRET fc4bccf172be06243af49a2c69765b38654182ff81bec6e0bd73f01519d92e14 a789a428264ca31eb7b3dd6cfeaf0e90dd3e8e557756640199eabe1173d8f527
CLIENT_TRAFFIC_SECRET_0 ec32d0310c3f63d7562df6f75b7434339c810984209d7e46d3b5abe0022bc7b4 3129e68d646e9fb4d5cc2bba0bb32edfea5ca5ce24b444493415ca48db3f17b8
SERVER_TRAFFIC_SECRET_0 ec32d0310c3f63d7562df6f75b7434339c810984209d7e46d3b5abe0022bc7b4 265a750fd631e78b90bd6dc04af5f915d20c49c8da420f5fc0c82d81575bf75b
EXPORTER_SECRET ec32d0310c3f63d7562df6f75b7434339c810984209d7e46d3b5abe0022bc7b4 9c70e829cb646a66fd9eb17b2b996b922264e1f1c628c1c4fb694133f78d1104
CLIENT_TRAFFIC_SECRET_0 f0b747c504a084f1bb3c2eb38172a8e16409cc6ce31b290ecf60269b3a706bb6 b142f0ab3481526b5fb6351282c3e888d3bcfe7101f13479d5c21b0d4fc705f3
SERVER_TRAFFIC_SECRET_0 f0b747c504a084f1bb3c2eb38172a8e16409cc6ce31b290ecf60269b3a706bb6 ee5165d3e94a76dd176cd2716aeb62ed72246b3702cddec60eff937e8a6d93e0
EXPORTER_SECRET f0b747c504a084f1bb3c2eb38172a8e16409cc6ce31b290ecf60269b3a706bb6 5d0afd12b6eee4d32b201d2f382efe86a3baef9fe38dd7d9263f01697c472c32
CLIENT_HANDSHAKE_TRAFFIC_SECRET 93d8f7a2682554889d3f7efc4ff209ff1b6e0bad27bffb34d115fa98b5075ed3 e81e0197dea1de73a505fe29ae04459272d550e2953fc8895ff9cadfbedc764b
SERVER_HANDSHAKE_TRAFFIC_SECRET 93d8f7a2682554889d3f7efc4ff209ff1b6e0bad27bffb34d115fa98b5075ed3 9765eeaaac0f08947f7617e47710ce55ae7325479ece63f0f61e9cbbd47d6874
CLIENT_TRAFFIC_SECRET_0 93d8f7a2682554889d3f7efc4ff209ff1b6e0bad27bffb34d115fa98b5075ed3 30ea6da8a7633097c95f3b8c6bb8a76948cdcca2ecde4bb1d81dcce47732c7aa
SERVER_TRAFFIC_SECRET_0 93d8f7a2682554889d3f7efc4ff209ff1b6e0bad27bffb34d115fa98b5075ed3 8cb9f0a357406bb76cac6012d11441bc3653081b5e17ee4a63a3e88697f560bf
EXPORTER_SECRET 93d8f7a2682554889d3f7efc4ff209ff1b6e0bad27bffb34d115fa98b5075ed3 744513701c572d442bddd028b3df63ea86347ec87039d875315a2ef18efa9e1a
CLIENT_HANDSHAKE_TRAFFIC_SECRET b3f25d61a6af204f1d0430e1b49b9a2e738ba41204a3167658bbec9da806d62a 06b96e302408915fe789a43305a10cc59e7556cd8a9146efb09885b9c7af3407
SERVER_HANDSHAKE_TRAFFIC_SECRET b3f25d61a6af204f1d0430e1b49b9a2e738ba41204a3167658bbec9da806d62a f0c2fc7e2673852253f5f4e112de7ec9c0b44c76770df5279fac77c3ab3b3e3f
CLIENT_TRAFFIC_SECRET_0 b3f25d61a6af204f1d0430e1b49b9a2e738ba41204a3167658bbec9da806d62a 954985496f0b324d34e2d82c4674f787d8d590838bae66cfe440025b0e718868
SERVER_TRAFFIC_SECRET_0 b3f25d61a6af204f1d0430e1b49b9a2e738ba41204a3167658bbec9da806d62a 71fe58af2f651edecc2ba1a672cedbccccb9c440531ed1687efe583cbcaadee0
EXPORTER_SECRET b3f25d61a6af204f1d0430e1b49b9a2e738ba41204a3167658bbec9da806d62a 99ec22a5277a13159d0b05204830c4cc98545f550fcd14825d9e54cf96d1d9a1
CLIENT_HANDSHAKE_TRAFFIC_SECRET 40edf38a077fa57d2c4a74c0b228e4ef94e8d0bac137a3f21ae5462eca86e804 44f047e6e840b59b1dc929d8c0fee19881481693fa0507b03dbe90164988737f
SERVER_HANDSHAKE_TRAFFIC_SECRET 40edf38a077fa57d2c4a74c0b228e4ef94e8d0bac137a3f21ae5462eca86e804 752a12a0475a2f019800036e815c408e0c30b9109b9253c7c0d5bd0d93292b4d
CLIENT_TRAFFIC_SECRET_0 40edf38a077fa57d2c4a74c0b228e4ef94e8d0bac137a3f21ae5462eca86e804 085aac7467e381c853bd8d9e8e19045082a5876f09390d11c133c44652ea4715
SERVER_TRAFFIC_SECRET_0 40edf38a077fa57d2c4a74c0b228e4ef94e8d0bac137a3f21ae5462eca86e804 f6b37879e5bf88b056effb319244763e99df1ad54e6a680483e74015dfed6e3a
EXPORTER_SECRET 40edf38a077fa57d2c4a74c0b228e4ef94e8d0bac137a3f21ae5462eca86e804 5704d83e49f9fec34338f645e9cd3ecc5f7f1f0b958a1e088eae8ba3241f523d
CLIENT_HANDSHAKE_TRAFFIC_SECRET 5797e3baef327a910e9587dcbbae2fad26a43135a98fcd10ecc4b5c0feef2867 e43eda4aa69a37730c52fc918d9a8dbf222c3d4ab64791de9482704cfd3b54c2
SERVER_HANDSHAKE_TRAFFIC_SECRET 5797e3baef327a910e9587dcbbae2fad26a43135a98fcd10ecc4b5c0feef2867 f8b5b46d154f07416441e030a0db2a9c4848595b9773add777592fb1c54740b2
CLIENT_TRAFFIC_SECRET_0 5797e3baef327a910e9587dcbbae2fad26a43135a98fcd10ecc4b5c0feef2867 4a2bba3448d664f5c6e041a63ca48ebbabe8dbc41566bfa8ad8a77eb1888dcc6
SERVER_TRAFFIC_SECRET_0 5797e3baef327a910e9587dcbbae2fad26a43135a98fcd10ecc4b5c0feef2867 d6c8b06b09c856afec3d7a2427ac8dad5dce3a89b8d358dc2a45a9465cde3666
EXPORTER_SECRET 5797e3baef327a910e9587dcbbae2fad26a43135a98fcd10ecc4b5c0feef2867 40808a4a742f315cb7df9b77b2b824fd394ce57ce29d5cccaf3420f4f9268c2f
CLIENT_HANDSHAKE_TRAFFIC_SECRET 6d23fef0d4bc6ef6881cb99f861012aefec252c0e0e34b4e1ff7575e3d9d5134 9b8eabacae8920aab58db7ad23621118ed0b1d47861a215fe09ff355806282b6
SERVER_HANDSHAKE_TRAFFIC_SECRET 6d23fef0d4bc6ef6881cb99f861012aefec252c0e0e34b4e1ff7575e3d9d5134 dc0247b8c99f1ce9916c4119fe6fd670dbc0c676248238c2b23467f1c8b0412f
CLIENT_HANDSHAKE_TRAFFIC_SECRET ff7ad9ee43354943b378982b53e810547bd34cd80208e8a0f36e9f7facf43831 f50428844b4ebe207486987db061a3507aee8dd0e9722fe0b7a22e807a84dc41
SERVER_HANDSHAKE_TRAFFIC_SECRET ff7ad9ee43354943b378982b53e810547bd34cd80208e8a0f36e9f7facf43831 f55e3c571b972f7b5001e1188473d567862726cc4978da1f13aeef5163cfaf96
CLIENT_TRAFFIC_SECRET_0 6d23fef0d4bc6ef6881cb99f861012aefec252c0e0e34b4e1ff7575e3d9d5134 2779bb8a044a7f3227c6f6c60fb20c923a681ea396c4279fdc999294bca837ed
SERVER_TRAFFIC_SECRET_0 6d23fef0d4bc6ef6881cb99f861012aefec252c0e0e34b4e1ff7575e3d9d5134 7e3e8fc83229cdfa15a78255ab64e4e04f6962a8888eb93f864373077b3d70b4
EXPORTER_SECRET 6d23fef0d4bc6ef6881cb99f861012aefec252c0e0e34b4e1ff7575e3d9d5134 3fd7fe4d9f8215102e3e048a37dc0dece8f6b06266e46045b599f1c2b6fcd64c
CLIENT_TRAFFIC_SECRET_0 ff7ad9ee43354943b378982b53e810547bd34cd80208e8a0f36e9f7facf43831 f1d07175e89a8ed3580c562d024515be9f32658aab586c2249f528a380413a83
SERVER_TRAFFIC_SECRET_0 ff7ad9ee43354943b378982b53e810547bd34cd80208e8a0f36e9f7facf43831 a1b079abd74a10a2ea0e5800e4c6e46b6b6d7bf01c38bdb61ccf53e7cfc05fe1
EXPORTER_SECRET ff7ad9ee43354943b378982b53e810547bd34cd80208e8a0f36e9f7facf43831 6bcd1135c376ab27108226fe32695d4229675e92473b443f9cfb9bed4a6a79b2
CLIENT_HANDSHAKE_TRAFFIC_SECRET c1337e08bac307847bfd6527f6f1e20c88d2248ef3f807d3d114362925b77207 af528bd7f51356b474cb1913fb1cca4a7e05d1c2eb642089cde07b2d2407d718
SERVER_HANDSHAKE_TRAFFIC_SECRET c1337e08bac307847bfd6527f6f1e20c88d2248ef3f807d3d114362925b77207 004c8b71fbddcd8a7bf5e48428e3f86b528bc13d946ec245944c00dd355f40f9
CLIENT_HANDSHAKE_TRAFFIC_SECRET 4b8fb3da39a5517481dc4015789be27dca0883c011dd2ec2094ef90aff7fb725 ed357d364bbbfffe7ff1cf0da0e5499b5a47114477567a67ac14bc5b78339956
SERVER_HANDSHAKE_TRAFFIC_SECRET 4b8fb3da39a5517481dc4015789be27dca0883c011dd2ec2094ef90aff7fb725 3a68e40a202dceb1ee91772a2a73fc9f7a5c3238cd673a4a22ae2299626da11a
CLIENT_TRAFFIC_SECRET_0 4b8fb3da39a5517481dc4015789be27dca0883c011dd2ec2094ef90aff7fb725 545f8aa490961633156a794005b814fe383a9599592b06b001897dc3def4983e
SERVER_TRAFFIC_SECRET_0 4b8fb3da39a5517481dc4015789be27dca0883c011dd2ec2094ef90aff7fb725 9cc8505c753712a9259292c1cd4e6fc6c1a78441c57039e611029d3af5638754
EXPORTER_SECRET 4b8fb3da39a5517481dc4015789be27dca0883c011dd2ec2094ef90aff7fb725 6ac9b7a9fac3fdd942d54c25e49d54fa4eac0c93b66b5b0e6554d65d7e3caa28
CLIENT_TRAFFIC_SECRET_0 c1337e08bac307847bfd6527f6f1e20c88d2248ef3f807d3d114362925b77207 9881b2d0fbc8df98e77549e633b872318bbd8aa2e7151f960cd49bd6c86ad8eb
SERVER_TRAFFIC_SECRET_0 c1337e08bac307847bfd6527f6f1e20c88d2248ef3f807d3d114362925b77207 8e45aed4b4fe8d0fd32d4e5bddbfaeef2cc300cc27f85549dc2fbe6108df0d50
EXPORTER_SECRET c1337e08bac307847bfd6527f6f1e20c88d2248ef3f807d3d114362925b77207 984491680fe73cfcfaa4e2f92baf647ffbc76f1be13367de785d91ef12e278f4
CLIENT_HANDSHAKE_TRAFFIC_SECRET 636eccf21fc10741d6ee636c09dc4d04e135e29186bc1ef737e83d0dcbdda404 8889e01515128930d6898d73fb6f3419da91bd90d6c2ea3adbc8fd8e9c679160
SERVER_HANDSHAKE_TRAFFIC_SECRET 636eccf21fc10741d6ee636c09dc4d04e135e29186bc1ef737e83d0dcbdda404 a06c889b49df51e6dbdf3c194ef46c8ed5ffcb3c1a5446a51cdf9e441033792c
CLIENT_TRAFFIC_SECRET_0 636eccf21fc10741d6ee636c09dc4d04e135e29186bc1ef737e83d0dcbdda404 cc36ecf818864dd835417bb607166c2ae778b6787d02c3a3e899ab46fe55f383
SERVER_TRAFFIC_SECRET_0 636eccf21fc10741d6ee636c09dc4d04e135e29186bc1ef737e83d0dcbdda404 01c5dfa1352685ab5e34b578d6e7941604f7c13c09606f7ced66612d764384c2
EXPORTER_SECRET 636eccf21fc10741d6ee636c09dc4d04e135e29186bc1ef737e83d0dcbdda404 ab30d425bf8d60191896cf8e8220f255aa2936aa13c40fa8ae9f3723bd783a91
CLIENT_HANDSHAKE_TRAFFIC_SECRET 3de803b819c60dbc7ca8e958d88969cf189cccc79d9f75844c2dff57053e7d91 fcd25c3657cc713332500fbca174c5722b8c3c2c34dd3d7bdebaa7b6ea3fc1dd
SERVER_HANDSHAKE_TRAFFIC_SECRET 3de803b819c60dbc7ca8e958d88969cf189cccc79d9f75844c2dff57053e7d91 980a969bc07759320ee30746b3918bc79814850c48ed75ed0553d73f137a8e3a
CLIENT_TRAFFIC_SECRET_0 3de803b819c60dbc7ca8e958d88969cf189cccc79d9f75844c2dff57053e7d91 224defb53f14a223616073c50de2238d6953b769fcd6a4b9c1f7028b7508885e
SERVER_TRAFFIC_SECRET_0 3de803b819c60dbc7ca8e958d88969cf189cccc79d9f75844c2dff57053e7d91 33821cec4e22fab8a672ce7ff3e8f686a57f9a730dcb9ee01e9513a6e9410c2a
EXPORTER_SECRET 3de803b819c60dbc7ca8e958d88969cf189cccc79d9f75844c2dff57053e7d91 0a45f79c63304966a0cf9da3d7d062efbed7a5f335195a882fd88355432d4b65
CLIENT_HANDSHAKE_TRAFFIC_SECRET 57f5dfd14d53ab72ee19486d6c3320b4a54e938fb2dcf69d477667c60dc59c4a b7b370f5ad9c106bd73c3ac7d43cc5eef5c03ed917bc2539124f2586ffcbf0f5
SERVER_HANDSHAKE_TRAFFIC_SECRET 57f5dfd14d53ab72ee19486d6c3320b4a54e938fb2dcf69d477667c60dc59c4a b996c1c0350c8ab31cb12a5b0882abfb1fd650551eea47e8dbacddbfb957027b
CLIENT_TRAFFIC_SECRET_0 57f5dfd14d53ab72ee19486d6c3320b4a54e938fb2dcf69d477667c60dc59c4a 7a55cb29eb2076b1ff68b7e24091ebebb6757ba95fcbcec3b15d41ce641f6d9f
SERVER_TRAFFIC_SECRET_0 57f5dfd14d53ab72ee19486d6c3320b4a54e938fb2dcf69d477667c60dc59c4a b50ce87e0f192e4f08e3aea00b1bf50eef79c5d358e3166942c96dabb3eea8c5
EXPORTER_SECRET 57f5dfd14d53ab72ee19486d6c3320b4a54e938fb2dcf69d477667c60dc59c4a 79688ec2b4089281422c4d8f5ff3874544272b0661199437cc75eac18a60084b
CLIENT_HANDSHAKE_TRAFFIC_SECRET 846e4d46a1574e129c6365e4f61dafda6dd2c3d3cee15b428dae423047aae8e7 335890007e10cc58ce7dbb269da7be675a04fdc9242503afa95ffed63cd4d0bf
SERVER_HANDSHAKE_TRAFFIC_SECRET 846e4d46a1574e129c6365e4f61dafda6dd2c3d3cee15b428dae423047aae8e7 a4190d64573339563fc6546b2520e7990e7925ee118dc22a23b903064b9e9ee7
CLIENT_HANDSHAKE_TRAFFIC_SECRET 6b1f944a2ec2cc3ad9965f6fabe1b730d76b8b0e6ac9a9aeb203f49ef2e4149d 484ac64288e08fbe966394fed9863849e804a2902c60ea44d52384a1416fbd6d
SERVER_HANDSHAKE_TRAFFIC_SECRET 6b1f944a2ec2cc3ad9965f6fabe1b730d76b8b0e6ac9a9aeb203f49ef2e4149d 13e4105b8ec26118d9cb880592489cefbea15533f50a30d235d90ece9d71b34b
CLIENT_TRAFFIC_SECRET_0 846e4d46a1574e129c6365e4f61dafda6dd2c3d3cee15b428dae423047aae8e7 5f468a88cc52bfc51be9de8964fd0734b9ea33a7a5c8ca525ff51786926c274d
SERVER_TRAFFIC_SECRET_0 846e4d46a1574e129c6365e4f61dafda6dd2c3d3cee15b428dae423047aae8e7 01deae6a7e1ff55a7bf6a6333b2f4535e3796236e5602fda4bc66df847e14141
EXPORTER_SECRET 846e4d46a1574e129c6365e4f61dafda6dd2c3d3cee15b428dae423047aae8e7 9ffd48eb468fe61fb328feb375c099f8767485fd15d0efaa44c70542a5303ee6
CLIENT_TRAFFIC_SECRET_0 6b1f944a2ec2cc3ad9965f6fabe1b730d76b8b0e6ac9a9aeb203f49ef2e4149d 68f6f7d77e3841f71efeef0b1446eb83333328022cefbe7d0daa289c01fdf657
SERVER_TRAFFIC_SECRET_0 6b1f944a2ec2cc3ad9965f6fabe1b730d76b8b0e6ac9a9aeb203f49ef2e4149d 0a577461cb9c2c07d32884ec697917dd999d211970b31a52cdbc55314be2d526
EXPORTER_SECRET 6b1f944a2ec2cc3ad9965f6fabe1b730d76b8b0e6ac9a9aeb203f49ef2e4149d ef8bc953dc3d0b90870409b0da9c07a410c3ab4ba7554ad59bb69242a7473b49
CLIENT_HANDSHAKE_TRAFFIC_SECRET d30a4f24e6b768383d92a8e2180005ec00628611e0784411146dd963b8d4711b 786f759e7e0352b2c805c00a897d4fb09bf585a22872c17bff3b4a04e2a14458
SERVER_HANDSHAKE_TRAFFIC_SECRET d30a4f24e6b768383d92a8e2180005ec00628611e0784411146dd963b8d4711b 1a843090db595b4bdf9b83af2bddd137b8e92ca8f07c0fea56b1ca2feec3d18d
CLIENT_TRAFFIC_SECRET_0 d30a4f24e6b768383d92a8e2180005ec00628611e0784411146dd963b8d4711b 309cc0ed1ef8f81022af217bef809ba3ecdd6b64478b88df3cf9bab7fe727f34
SERVER_TRAFFIC_SECRET_0 d30a4f24e6b768383d92a8e2180005ec00628611e0784411146dd963b8d4711b 50be63b40167de9248f4cffb51399b7f4aaf43a1aca39eb522df005a7b1f0a0d
EXPORTER_SECRET d30a4f24e6b768383d92a8e2180005ec00628611e0784411146dd963b8d4711b 9083bc702e349048cf507589c9c0caf64c0356de1c0a35767a4ae59e4f21fabb
CLIENT_HANDSHAKE_TRAFFIC_SECRET a98e7382ad534ccf41a89a50c7fdc76a51796735b756c0da289ab43ce3071ce1 8064e9e5e88d8f4386856f6f4cf8781c75a3596264faf2338529eccfc03a65d0
SERVER_HANDSHAKE_TRAFFIC_SECRET a98e7382ad534ccf41a89a50c7fdc76a51796735b756c0da289ab43ce3071ce1 d421c60047f0a667f094b20505efc5a143f80a9efc5828561b547f5a1b912feb
CLIENT_TRAFFIC_SECRET_0 a98e7382ad534ccf41a89a50c7fdc76a51796735b756c0da289ab43ce3071ce1 97864f36d3216d2af1de6a11e4f7a51b2668cec3ab5c28421c7cae4051425f89
SERVER_TRAFFIC_SECRET_0 a98e7382ad534ccf41a89a50c7fdc76a51796735b756c0da289ab43ce3071ce1 bb53fdeed83d2e98d6e5be9d1f9be37ffbc4a26d95051a89fbca48baf1b9c502
EXPORTER_SECRET a98e7382ad534ccf41a89a50c7fdc76a51796735b756c0da289ab43ce3071ce1 fae5189dad838cb25e2a0c0a7029f23187596e3e129b5c498f1779484971da46
CLIENT_HANDSHAKE_TRAFFIC_SECRET 7132a69e4d996ab876f4de9c68e3b0b4985b9ee147a0fcc64e0dea9c6530c9df 1a8b2b475ea977847698b93160778260d88558862f97fbc4253bc52872e260eb
SERVER_HANDSHAKE_TRAFFIC_SECRET 7132a69e4d996ab876f4de9c68e3b0b4985b9ee147a0fcc64e0dea9c6530c9df 17735c72c8b7d8cfe5fc9ec25aa742d19340c4bbc213219d8c6755a48044c9c9
CLIENT_TRAFFIC_SECRET_0 7132a69e4d996ab876f4de9c68e3b0b4985b9ee147a0fcc64e0dea9c6530c9df 865a1877d13a4516c0e7080ecb35b077020ea33db5f05ce3000eefcfdf74da38
SERVER_TRAFFIC_SECRET_0 7132a69e4d996ab876f4de9c68e3b0b4985b9ee147a0fcc64e0dea9c6530c9df 2032040fbd47fd9fdab0388defc0bf366f8943d1b4e0a7bafd6eeb4e9da374d4
EXPORTER_SECRET 7132a69e4d996ab876f4de9c68e3b0b4985b9ee147a0fcc64e0dea9c6530c9df 44f4ad233f801fc63ce3ae4966a8f3e4dbccdba1224402821be0f64469387ace
