CLIENT_HANDSHAKE_TRAFFIC_SECRET 463be3c5212347181e92eeb1e262fcf14f51e2b52567d797c4e84819080bfc8e 3f3741346e0d542a2b3aa11aea24e33cb3d070f667e20f1fb775b23a904cb592
SERVER_HANDSHAKE_TRAFFIC_SECRET 463be3c5212347181e92eeb1e262fcf14f51e2b52567d797c4e84819080bfc8e 9ed00b40dd194de40edfac926f7b9774c4e2c16f16b530119f4e5b06d632be69
CLIENT_TRAFFIC_SECRET_0 463be3c5212347181e92eeb1e262fcf14f51e2b52567d797c4e84819080bfc8e b8d742b41082c0e079b93ee1f359b33a4316719ab8ebcadc5f6d657e844e0231
SERVER_TRAFFIC_SECRET_0 463be3c5212347181e92eeb1e262fcf14f51e2b52567d797c4e84819080bfc8e 950afa010d0f54687c41c3fa94c978ea5c0a774d73c394791f6cc37c907149ff
EXPORTER_SECRET 463be3c5212347181e92eeb1e262fcf14f51e2b52567d797c4e84819080bfc8e e1d5805a12a7fecc726ddca8b7053264f2c0e9549b640f12f3a9ce25de1bb08f
CLIENT_HANDSHAKE_TRAFFIC_SECRET 990ec03ad4aa9b784321128a8c6b2fc9547ecda54d2b003e187292106990c52e 561cb53becb944ba2b6bb273494c7ae61b7480fcba204dde37a1b91b7cfccffe
SERVER_HANDSHAKE_TRAFFIC_SECRET 990ec03ad4aa9b784321128a8c6b2fc9547ecda54d2b003e187292106990c52e c689836ce45174926b43e9dbfd5f5f9328adff7c6e7a2d1c13a263f79ba55d9e
CLIENT_TRAFFIC_SECRET_0 990ec03ad4aa9b784321128a8c6b2fc9547ecda54d2b003e187292106990c52e 68b51e9778480fc14b5ae9752afa2ef0697ecc48fa5c9d224b4ade5d215f1c01
SERVER_TRAFFIC_SECRET_0 990ec03ad4aa9b784321128a8c6b2fc9547ecda54d2b003e187292106990c52e 56e5c37647ee2e7eea0edc9e9dc032839323671d99776d9d7f5c4e2485dc4b81
EXPORTER_SECRET 990ec03ad4aa9b784321128a8c6b2fc9547ecda54d2b003e187292106990c52e a518178bff8fae27bd36f86f3324b70cb6465227d4b0b54ec755ae3beba76db1
CLIENT_HANDSHAKE_TRAFFIC_SECRET 7557abdbb7e930dd1099a8605e810e93b2a82a1c7439ed0bb66c6afc2ecec451 7e63b0c7f3a8ed5e06c87369b92549197edbb81be3e677f12483d130b845660a
SERVER_HANDSHAKE_TRAFFIC_SECRET 7557abdbb7e930dd1099a8605e810e93b2a82a1c7439ed0bb66c6afc2ecec451 3110d5404189e3c3d390a985f2e29401d1934f791d0b7c6cb408d17bc5c7c7a2
CLIENT_TRAFFIC_SECRET_0 7557abdbb7e930dd1099a8605e810e93b2a82a1c7439ed0bb66c6afc2ecec451 277ddfac8673957b79412f5f3a2463a46e3c601eb2c475b3958abb80ef88fa10
SERVER_TRAFFIC_SECRET_0 7557abdbb7e930dd1099a8605e810e93b2a82a1c7439ed0bb66c6afc2ecec451 6a5bf49002eee8679a0c737bd4e6ccd7a989e7db627b8a7f390b6e0c63dfdb49
EXPORTER_SECRET 7557abdbb7e930dd1099a8605e810e93b2a82a1c7439ed0bb66c6afc2ecec451 4a9e26a2ba40b6894781837640aaa5ba34608e2167c1586e7a524d21c4024710
CLIENT_HANDSHAKE_TRAFFIC_SECRET ad389ed0165615ab148ebd0a10864a6e4352799b41b3b1f0287d48d971540d9a b942dc0eaf2854ef749d25fc0d22bba1d055365b343b2d8d35a42650a5827ead
SERVER_HANDSHAKE_TRAFFIC_SECRET ad389ed0165615ab148ebd0a10864a6e4352799b41b3b1f0287d48d971540d9a fbab2ccdd52f55eb8e070b73c8b3502464ff1b1dbbd2936f44ddeb86d766dec8
CLIENT_TRAFFIC_SECRET_0 ad389ed0165615ab148ebd0a10864a6e4352799b41b3b1f0287d48d971540d9a 9c4afc9fa576b42ccdf297cab6fa583f32749ad869c5b81c670bdc731269bbe5
SERVER_TRAFFIC_SECRET_0 ad389ed0165615ab148ebd0a10864a6e4352799b41b3b1f0287d48d971540d9a 469fefe422177fce87ddcc681c4f6db2e5c4fcfe51c5b34bb458684ae15878ba
EXPORTER_SECRET ad389ed0165615ab148ebd0a10864a6e4352799b41b3b1f0287d48d971540d9a b2284fcbb55d981d511a31f99a6ffed23723eae54d77f48756884eb99cea090c
CLIENT_HANDSHAKE_TRAFFIC_SECRET 14a0f6be632f24c872624ac9082cb9b444016dbf69d05468624f8985c80eff8b b1c5cf5698a9fcb8d140a5fe2b41aa93c7ddf974b116a0ad46654834ba0a0245
SERVER_HANDSHAKE_TRAFFIC_SECRET 14a0f6be632f24c872624ac9082cb9b444016dbf69d05468624f8985c80eff8b 50872f5adf7ba00d98f5d29594ba3a4ca25f3e7697e7df888f5a1b1c4a10d8ff
CLIENT_TRAFFIC_SECRET_0 14a0f6be632f24c872624ac9082cb9b444016dbf69d05468624f8985c80eff8b 8c6bb07e01218e7cff626fc01436d3c55caefb6c2390145a3b52758f8fcb0c9d
SERVER_TRAFFIC_SECRET_0 14a0f6be632f24c872624ac9082cb9b444016dbf69d05468624f8985c80eff8b 1b544e3a0af10c84fec89deea8dc2e5acc71d045d8371add871b9170c7295082
EXPORTER_SECRET 14a0f6be632f24c872624ac9082cb9b444016dbf69d05468624f8985c80eff8b 7ad758dec056b092c3b6ca3984a7d40f8d0aae0eb8dbdf77e594e9f42fa9c450
CLIENT_HANDSHAKE_TRAFFIC_SECRET c566858fdefdc240ba89b612e446523c8dda271c8d2b24fdb4f04367670a19f0 d7f763d3b9645c3aac5c84f86d592b9ea391a8a368900b44db563de27f05ff4d
SERVER_HANDSHAKE_TRAFFIC_SECRET c566858fdefdc240ba89b612e446523c8dda271c8d2b24fdb4f04367670a19f0 3cabffe4732a6f34102cb16edbf9d6a7d996277d437a14839f985f6a8f58e5f0
CLIENT_TRAFFIC_SECRET_0 c566858fdefdc240ba89b612e446523c8dda271c8d2b24fdb4f04367670a19f0 1b2a4ae0bd36b23b89b9faf7eda126a36feffddbe6eb1ef4b8d001b33abe6897
SERVER_TRAFFIC_SECRET_0 c566858fdefdc240ba89b612e446523c8dda271c8d2b24fdb4f04367670a19f0 0a2c28442ed319d400e5642aa9cc7c9b98b7ddb797ef2fbaa4f6409719bc69c1
EXPORTER_SECRET c566858fdefdc240ba89b612e446523c8dda271c8d2b24fdb4f04367670a19f0 fa61e52ac70a801e68212847e3e6a0a760a41c72d8292a233ab6acf0221ae89f
CLIENT_HANDSHAKE_TRAFFIC_SECRET afbd782891e284c9d666e20af76d27034427bf43a296527365e1157b64582bf2 1f61de5081b4f6450ae89ec39ca910a8426083d56221e14a36e444e9e9be0a03
SERVER_HANDSHAKE_TRAFFIC_SECRET afbd782891e284c9d666e20af76d27034427bf43a296527365e1157b64582bf2 ba1247b7cbd274e6c499276bf5c8e66055677f4011108702eb652f85593c8a23
CLIENT_TRAFFIC_SECRET_0 afbd782891e284c9d666e20af76d27034427bf43a296527365e1157b64582bf2 65fc668ceeccfcda39c4ee60b0a89d56953e2572d6e4937a5fd32a91562654b2
SERVER_TRAFFIC_SECRET_0 afbd782891e284c9d666e20af76d27034427bf43a296527365e1157b64582bf2 bb631c91375271097746eb7a61461d75ffc9aa79f2783b6323a2ae831a76eedc
EXPORTER_SECRET afbd782891e284c9d666e20af76d27034427bf43a296527365e1157b64582bf2 53ebec8e6f936381f952fe5924fdfa6cb51f9d414ad52fc19fae278100d65969
CLIENT_HANDSHAKE_TRAFFIC_SECRET b8e94a83a8c06ef70a0ab1f64d8bc14cff91f70c867ffde96f63e8a03b9e0d1a 4088dae4a301ee7a7c387d574b95629d86d8137bc867c18a5a8ca164ded32580
SERVER_HANDSHAKE_TRAFFIC_SECRET b8e94a83a8c06ef70a0ab1f64d8bc14cff91f70c867ffde96f63e8a03b9e0d1a 26e724ea481fddf26ab6c644a629b32cedf3a08e5f03d4acc6987035c1ad0140
CLIENT_TRAFFIC_SECRET_0 b8e94a83a8c06ef70a0ab1f64d8bc14cff91f70c867ffde96f63e8a03b9e0d1a b381f49dfa49a0f34eb98addf228cabdb386642d7eeeb30c9b2f5fe653427809
SERVER_TRAFFIC_SECRET_0 b8e94a83a8c06ef70a0ab1f64d8bc14cff91f70c867ffde96f63e8a03b9e0d1a 1071b93d1c74664335fa18e35e83e844d75ea423ef75bf1ce6cc084e1e34fa56
EXPORTER_SECRET b8e94a83a8c06ef70a0ab1f64d8bc14cff91f70c867ffde96f63e8a03b9e0d1a fe18573d4d4ac6e295d83a3901a9442c341312dba29075f74ba517db32954f79
CLIENT_HANDSHAKE_TRAFFIC_SECRET 8623e8876fbac59a735125218817361d75208d5098f55a805b5dd4b9e7366113 aa09a0b5365113b773023761b322c3f1cd2730d6733b4e076e83c00084862c5c
SERVER_HANDSHAKE_TRAFFIC_SECRET 8623e8876fbac59a735125218817361d75208d5098f55a805b5dd4b9e7366113 457aac94a7ca81f5fa99368201cbd3deb008a576fcb1af0c4e7bd46bed15144b
CLIENT_TRAFFIC_SECRET_0 8623e8876fbac59a735125218817361d75208d5098f55a805b5dd4b9e7366113 d4f28030b9ce3ae706ece7eedc792602bb05b3853b4555a2a6598760419cbb7c
SERVER_TRAFFIC_SECRET_0 8623e8876fbac59a735125218817361d75208d5098f55a805b5dd4b9e7366113 26b556e5d3b24287d263d5533199f4e8c553cb4446b1c284828d2540ef84770f
EXPORTER_SECRET 8623e8876fbac59a735125218817361d75208d5098f55a805b5dd4b9e7366113 73e29884c1c0802d4cacdcbe21027ec0517cf10f52bc0ecd498fe24e2bf35e88
CLIENT_HANDSHAKE_TRAFFIC_SECRET 838142942f06a9e97d5a0caf7922babb26ccf6a3860d203beebb100fcfa21ab7 dd708a95847be7665cfa44a2ccedc3be7a4be21629e95157ecf0000c5b6837d1
SERVER_HANDSHAKE_TRAFFIC_SECRET 838142942f06a9e97d5a0caf7922babb26ccf6a3860d203beebb100fcfa21ab7 392322e450b36d2a82a6f1b85e7f3fcaa9205dfde781d338e6c7f18fdd4859ba
CLIENT_TRAFFIC_SECRET_0 838142942f06a9e97d5a0caf7922babb26ccf6a3860d203beebb100fcfa21ab7 7771a7bfa450541e05abcfe4fbb5d5366cd273e69c8b2202e98ff517197fd75c
SERVER_TRAFFIC_SECRET_0 838142942f06a9e97d5a0caf7922babb26ccf6a3860d203beebb100fcfa21ab7 5c418c325310ac28948a137e48ace58c794cd5557cc270e48437aa53b0b1d862
EXPORTER_SECRET 838142942f06a9e97d5a0caf7922babb26ccf6a3860d203beebb100fcfa21ab7 49690e3a062004f8fa05b220da88de082c53574acdad766e58e974691965108b
CLIENT_HANDSHAKE_TRAFFIC_SECRET a8dd0545be4352b4e7554deb151eb1418d1eed395452320e4d55c13981b5da06 f05065be3ce898ac565773d93504312cb7e8c6f9a4975af769bb436332bc8714
SERVER_HANDSHAKE_TRAFFIC_SECRET a8dd0545be4352b4e7554deb151eb1418d1eed395452320e4d55c13981b5da06 6feb730ac4b5ad1bdb457f1b615af53cd9f191110b686d676474a8f33bc95388
CLIENT_TRAFFIC_SECRET_0 a8dd0545be4352b4e7554deb151eb1418d1eed395452320e4d55c13981b5da06 2c0a2913a6f73d55201bf1fb5f70841fbf436387aab1a7fe69c1a0e1ab1430bf
SERVER_TRAFFIC_SECRET_0 a8dd0545be4352b4e7554deb151eb1418d1eed395452320e4d55c13981b5da06 deb7c1d2dfb1e2b241bd2847a32613ea979eacb2fd31f26632c365c763108fc3
EXPORTER_SECRET a8dd0545be4352b4e7554deb151eb1418d1eed395452320e4d55c13981b5da06 ebf5b9aaea3776db86403be53c031b1a20a877073476269cf418cc50e89dad6e
CLIENT_HANDSHAKE_TRAFFIC_SECRET b05028355308440056cf0120b11d54745d27892d090f6f6bbaaea3cd5e8bba65 6b0d332c3298c5cc2fcda261484b1494370b0f3723bc86cfe68380ecdcc37329
SERVER_HANDSHAKE_TRAFFIC_SECRET b05028355308440056cf0120b11d54745d27892d090f6f6bbaaea3cd5e8bba65 0ea7761d7cbfeb26e17433b5c6a51a69d5212100e6c38c1f271047114640d9a7
CLIENT_HANDSHAKE_TRAFFIC_SECRET 6fd7776f8c3798a0ee06ba79b818fafe1d74c59552b2638c64d3232e85011504 6c6ec1e6346a243a1564c4ed694d3e9030d6986f36a75ac959ccd49fc1fbefaa
SERVER_HANDSHAKE_TRAFFIC_SECRET 6fd7776f8c3798a0ee06ba79b818fafe1d74c59552b2638c64d3232e85011504 41beb39860e2808a59ee44a8279389802f8613e7ec5ca6edc78d1bc9b4e4d516
CLIENT_TRAFFIC_SECRET_0 6fd7776f8c3798a0ee06ba79b818fafe1d74c59552b2638c64d3232e85011504 ae82b47763069506a753b8d9bae13875c2678ae967196caf5e307bdf9587f1af
SERVER_TRAFFIC_SECRET_0 6fd7776f8c3798a0ee06ba79b818fafe1d74c59552b2638c64d3232e85011504 d373bfee9f2ee990a3a4d59414e1ee38817f752abc6acf4f07098d9fdc11601c
EXPORTER_SECRET 6fd7776f8c3798a0ee06ba79b818fafe1d74c59552b2638c64d3232e85011504 bf161028fdee80d8502de4c18a82cc7b0525bdacebe2c6764ec4c2cc71e35878
CLIENT_TRAFFIC_SECRET_0 b05028355308440056cf0120b11d54745d27892d090f6f6bbaaea3cd5e8bba65 e5d77e0899672dae83b169ba286010855924e0d219f7cc066dafdcfac5b4cab2
SERVER_TRAFFIC_SECRET_0 b05028355308440056cf0120b11d54745d27892d090f6f6bbaaea3cd5e8bba65 d49fb3a56dec2ea01d4bb4ca0b12e9cf8cbed9734678465126f08f9b688c22da
EXPORTER_SECRET b05028355308440056cf0120b11d54745d27892d090f6f6bbaaea3cd5e8bba65 e5a56d1edf6f32837ae2f63065bb9a245273e13d4c3436d5c48ae000cd0b01a9
CLIENT_HANDSHAKE_TRAFFIC_SECRET cfceb6aae2919b963a67558e7a154583d9e2f76769707de44419405e043bb413 cffea43fc5048d0dc3d4b574cd3eae238cda23b6d00dfc27f02e81e90cbbdf4a
SERVER_HANDSHAKE_TRAFFIC_SECRET cfceb6aae2919b963a67558e7a154583d9e2f76769707de44419405e043bb413 ff4508a84cc480f28f41c09f2966eed0713de79830933182bb7336b9858d3bdd
CLIENT_TRAFFIC_SECRET_0 cfceb6aae2919b963a67558e7a154583d9e2f76769707de44419405e043bb413 d98006ac65bae102bb16b79cba8862f1bdb4931b1ec92ab86eb48d1f83f155c4
SERVER_TRAFFIC_SECRET_0 cfceb6aae2919b963a67558e7a154583d9e2f76769707de44419405e043bb413 56f0bb7e6d7398a58719564031609be901bb0b6f37fa5463765bdaed96ed8064
EXPORTER_SECRET cfceb6aae2919b963a67558e7a154583d9e2f76769707de44419405e043bb413 4fc0c445d1943cf63ccef3db31a176392f8328536b9d90418d173abd8a39c1ea
CLIENT_HANDSHAKE_TRAFFIC_SECRET 60dd2fe4e9568d29d21ff7e03ab8eb1dece7129daa06c264bb0db3ee5111510c cff75a56075cea1718268d67033efa40b40b4d3a70c10b8df11358c1d6664dd0
SERVER_HANDSHAKE_TRAFFIC_SECRET 60dd2fe4e9568d29d21ff7e03ab8eb1dece7129daa06c264bb0db3ee5111510c 2ebe009e2c942e688fa2e78b51174ae632361b13a5750bf040b36af73d46a721
CLIENT_TRAFFIC_SECRET_0 60dd2fe4e9568d29d21ff7e03ab8eb1dece7129daa06c264bb0db3ee5111510c b6cff5246cfdb8368ecf9f054c6772baaf4ff9a90caa53ed637efbcb1a5d34ef
SERVER_TRAFFIC_SECRET_0 60dd2fe4e9568d29d21ff7e03ab8eb1dece7129daa06c264bb0db3ee5111510c 5e2abadc2018bf16d2a25b0fc98a85060d4375f346264340b61a9178685c0fc9
EXPORTER_SECRET 60dd2fe4e9568d29d21ff7e03ab8eb1dece7129daa06c264bb0db3ee5111510c f3aa983da308ccd1b1b96b9c5af0fe31a59f17429ba3d08e752269ee6bb7895d
CLIENT_HANDSHAKE_TRAFFIC_SECRET a700e9c9736b3cbd753a7049f722825188a6e3edacb419f30de5459cb5d8b59d 28d2c7839f7825553f46abbdd0bd9f292a9691d202729428b689d84ba2bc0249
SERVER_HANDSHAKE_TRAFFIC_SECRET a700e9c9736b3cbd753a7049f722825188a6e3edacb419f30de5459cb5d8b59d 17e9010e419baf5d007931784e894e4ba7266f7aa5dac194aeece7b41d8eadb8
CLIENT_HANDSHAKE_TRAFFIC_SECRET 20b93469cb32ef618d14b3e6aace630653f60153ac0758a51d2d6bd6155181f8 ce0374e9360d74528f1c73bd536fa8675069cef51bd8eff8e66d30c1b4eb166b
SERVER_HANDSHAKE_TRAFFIC_SECRET 20b93469cb32ef618d14b3e6aace630653f60153ac0758a51d2d6bd6155181f8 735a95e2682893bdf305052a1dea97d0e9228de7bced623927bba46d43377127
CLIENT_HANDSHAKE_TRAFFIC_SECRET 3830580565ca18424199f8a365cf7170d3c745971dee5802fe0b485106946c13 551f8723c80b086517db8675bfb9e89c62c52236e4d44e75be5896d015c80b14
SERVER_HANDSHAKE_TRAFFIC_SECRET 3830580565ca18424199f8a365cf7170d3c745971dee5802fe0b485106946c13 44c6e52b2981ecfb81d0d77da7553c1381f8515ece3234dd6180a1ee0af594e6
CLIENT_HANDSHAKE_TRAFFIC_SECRET 38f26b7a9ca10a59fc5d45ea0b061be8c6b08b483721b91b6b58aa9e0d688806 70e17fb1af127e9914678d2471a632638fbff012cda71dfd63a445f81de46063
SERVER_HANDSHAKE_TRAFFIC_SECRET 38f26b7a9ca10a59fc5d45ea0b061be8c6b08b483721b91b6b58aa9e0d688806 83e8c9dbf8b75bbec3546cbb424b7fc6b9954ccb429909f73454fb0c19fae430
CLIENT_HANDSHAKE_TRAFFIC_SECRET e4d90eb85b67782c8040bd44213648da7dbf6e323da7bdc86b9af053ae969158 725fecdf33dadbbee962e16141af33bcedd21ee549dc762d66edb95ead640b92
SERVER_HANDSHAKE_TRAFFIC_SECRET e4d90eb85b67782c8040bd44213648da7dbf6e323da7bdc86b9af053ae969158 21b54b4f93a40a2a544a87270d40654e7be24ff3e01d79d66b86db3d40c36b1c
CLIENT_TRAFFIC_SECRET_0 a700e9c9736b3cbd753a7049f722825188a6e3edacb419f30de5459cb5d8b59d d740c818b1a342a61caff198547724302dcb01ef1e87ee06bcf9b88b23bce281
SERVER_TRAFFIC_SECRET_0 a700e9c9736b3cbd753a7049f722825188a6e3edacb419f30de5459cb5d8b59d efe60294e7595e51226a1c13b504d05988e14edd1e913f8488a142a2245936c9
EXPORTER_SECRET a700e9c9736b3cbd753a7049f722825188a6e3edacb419f30de5459cb5d8b59d 86e83ecd33b2830b13ee826603560e26d645ae47391052c90db0b066574130d0
CLIENT_TRAFFIC_SECRET_0 20b93469cb32ef618d14b3e6aace630653f60153ac0758a51d2d6bd6155181f8 ccb02df19be93ac7af28355ba832a0afca20eba61e7e3e60d079322e57ddca6c
SERVER_TRAFFIC_SECRET_0 20b93469cb32ef618d14b3e6aace630653f60153ac0758a51d2d6bd6155181f8 7433e4fbb31d59022bffb3a09fc9c0715c4b9603fe4506268d53c73e68539e60
EXPORTER_SECRET 20b93469cb32ef618d14b3e6aace630653f60153ac0758a51d2d6bd6155181f8 3471cc00d3e51b4ef5d52e8a5e303c6aa8d723d61d92f23a870c03aa42e5e8fd
CLIENT_TRAFFIC_SECRET_0 38f26b7a9ca10a59fc5d45ea0b061be8c6b08b483721b91b6b58aa9e0d688806 ab13599d2b04f39619e708a369096a27d6b98a397b3db5d5dc85cfc65bc792ed
SERVER_TRAFFIC_SECRET_0 38f26b7a9ca10a59fc5d45ea0b061be8c6b08b483721b91b6b58aa9e0d688806 2eab4dd694c5cae8db231b9404dff73fb5022de483c0084df64c12c984648584
EXPORTER_SECRET 38f26b7a9ca10a59fc5d45ea0b061be8c6b08b483721b91b6b58aa9e0d688806 06403b1431b39112010eb8e8977c97959e23ab1baddf1258c928fb9105c3f7a7
CLIENT_TRAFFIC_SECRET_0 e4d90eb85b67782c8040bd44213648da7dbf6e323da7bdc86b9af053ae969158 cfcc0627623d8a794e6b85f228140baa46951839da5c9b9dd79063382c721267
SERVER_TRAFFIC_SECRET_0 e4d90eb85b67782c8040bd44213648da7dbf6e323da7bdc86b9af053ae969158 66b99eb605370b8f1400c6737c68f8635714bf045ab5b1f7ff49db28fcb71db0
EXPORTER_SECRET e4d90eb85b67782c8040bd44213648da7dbf6e323da7bdc86b9af053ae969158 2dca5ebc344e1451246e921bb568bc66439b566ae44f77d498c4afffa5540dac
CLIENT_TRAFFIC_SECRET_0 3830580565ca18424199f8a365cf7170d3c745971dee5802fe0b485106946c13 3a85c4790ae58f7f25f271e71ac7939017e96c5947e2bcacd798917e4ef4be1b
SERVER_TRAFFIC_SECRET_0 3830580565ca18424199f8a365cf7170d3c745971dee5802fe0b485106946c13 2bb0faf6d5a5ae6e96969550399ba1cd01a5e4f13222299c78a8cbbf273bf4f6
EXPORTER_SECRET 3830580565ca18424199f8a365cf7170d3c745971dee5802fe0b485106946c13 63554d6a9e26894859271ecf0091c2abe1b0096f62003a9966a70afb90817432
CLIENT_HANDSHAKE_TRAFFIC_SECRET e8bc2f8b58b6711e90c9b3d6195bc49910f1454eb2e5e68e6a97e0d86d04ce4c 955bb5941f3f6b2c87978f1cb0e1709e0026bb41020820e5259219939eacd19b
SERVER_HANDSHAKE_TRAFFIC_SECRET e8bc2f8b58b6711e90c9b3d6195bc49910f1454eb2e5e68e6a97e0d86d04ce4c 4250ea16d314efe9a18294348004557e65cbb61ad5684f798fb9437fd51d86a6
CLIENT_TRAFFIC_SECRET_0 e8bc2f8b58b6711e90c9b3d6195bc49910f1454eb2e5e68e6a97e0d86d04ce4c 0c08b9ebd1a80830cd3f26d7a3f220062fef8644213c2917ab4e2942e3663ec7
SERVER_TRAFFIC_SECRET_0 e8bc2f8b58b6711e90c9b3d6195bc49910f1454eb2e5e68e6a97e0d86d04ce4c e5712602a83d050090306c92df9c1efb866a52d7cd3936a5bf9eac0ef4a232cd
EXPORTER_SECRET e8bc2f8b58b6711e90c9b3d6195bc49910f1454eb2e5e68e6a97e0d86d04ce4c 47cd1d8d8c667e055ed1280dc8c50d6c6734a606d494ef6bcc6ade1deda081ef
CLIENT_HANDSHAKE_TRAFFIC_SECRET fc15f449aca363c3dac500db33f99b281b5da8650987340ab56ae1ca5b956b8b 36451cc0198db562395f6697e9aa9967e2f8804032c78b136768f3f17cda50d2
SERVER_HANDSHAKE_TRAFFIC_SECRET fc15f449aca363c3dac500db33f99b281b5da8650987340ab56ae1ca5b956b8b 159747550c5f6670ad8e3190d44686ad1e971d387a203581021ab38da5f438b0
CLIENT_HANDSHAKE_TRAFFIC_SECRET a523afff7698de1741890f780608dcf725e95c1c97188ead0823eb17ca30977e db6123a4edce33144ea2a878f20a266f7434521762b23892b25d1e62874cc684
SERVER_HANDSHAKE_TRAFFIC_SECRET a523afff7698de1741890f780608dcf725e95c1c97188ead0823eb17ca30977e 1d22c1fc58502e9385c26a128b05f402a639ff72ce630dbec8e38e3391f726ff
CLIENT_TRAFFIC_SECRET_0 a523afff7698de1741890f780608dcf725e95c1c97188ead0823eb17ca30977e 921423e3e44374195c357d67a8c4435b0552ad3d3bb2028709355206133bb522
SERVER_TRAFFIC_SECRET_0 a523afff7698de1741890f780608dcf725e95c1c97188ead0823eb17ca30977e 791eeb01a256a63ba474d1593252f0053cf10d613671eccb28faf43a5826fecb
EXPORTER_SECRET a523afff7698de1741890f780608dcf725e95c1c97188ead0823eb17ca30977e 0ea0dce1513666cb82dcb35c84de635985716c52af5842343167ab2487b42b67
CLIENT_TRAFFIC_SECRET_0 fc15f449aca363c3dac500db33f99b281b5da8650987340ab56ae1ca5b956b8b 02f0c7a04d0aa02bfe9e963e694dca3d54719cd591ce9de607721a909b6871d9
SERVER_TRAFFIC_SECRET_0 fc15f449aca363c3dac500db33f99b281b5da8650987340ab56ae1ca5b956b8b a60d896405ded5cfcdcd3777b06e768d4adb3361d29c8e2b97670193b2ccefa7
EXPORTER_SECRET fc15f449aca363c3dac500db33f99b281b5da8650987340ab56ae1ca5b956b8b dc52bb9e7e5dae865ba607ede573146fe5272076d94fc1b4b67208c7f53c5c1a
CLIENT_HANDSHAKE_TRAFFIC_SECRET 4977fbc8c5178b7d0f5fffb8be71001d5675008f073891455730dc51e2288724 e727ffea26ffc12a38866ebbf26c23fe36643395ccf490e430a47191fe0f38c5
SERVER_HANDSHAKE_TRAFFIC_SECRET 4977fbc8c5178b7d0f5fffb8be71001d5675008f073891455730dc51e2288724 9748d0b16a9b1d7769c386b95afd5a1ccfbac638a0c09718e1ab992013bd4a41
CLIENT_TRAFFIC_SECRET_0 4977fbc8c5178b7d0f5fffb8be71001d5675008f073891455730dc51e2288724 bf762e9f32ad933f5d7d7663d282d2d0f42534e935cf4300b1cd578c95b6c2df
SERVER_TRAFFIC_SECRET_0 4977fbc8c5178b7d0f5fffb8be71001d5675008f073891455730dc51e2288724 aaf99849ea3dc72f8ba14f902ef3e873dfa6ec44821bcfb0b5e68274a1e3d84c
EXPORTER_SECRET 4977fbc8c5178b7d0f5fffb8be71001d5675008f073891455730dc51e2288724 c3a34fabf837be9d6f9bf30b514beaf634334478f1e0a9235735771ba6258c94
CLIENT_HANDSHAKE_TRAFFIC_SECRET d71b6063bdbf24bad05ab8727a12f93e89c5a335e9a820088bef49bd07e3f87e 7cdd579d16383cbce17ff594e0ceb200f6d5fe7272b31ce8734d6d2af9ea17f8
SERVER_HANDSHAKE_TRAFFIC_SECRET d71b6063bdbf24bad05ab8727a12f93e89c5a335e9a820088bef49bd07e3f87e 8fed92a5cc1aed6e06d208b9b1dd1758b7993b9afb621226a49b9dfdb2364135
CLIENT_TRAFFIC_SECRET_0 d71b6063bdbf24bad05ab8727a12f93e89c5a335e9a820088bef49bd07e3f87e 863742fd1beb29b7cd279e2826dbc965998a9df19fb0a9c68b9163c87341f7af
SERVER_TRAFFIC_SECRET_0 d71b6063bdbf24bad05ab8727a12f93e89c5a335e9a820088bef49bd07e3f87e 43ab9ce4d4e02f1a3e15fc25782282c649718e2653a58cb3115a920f821a095a
EXPORTER_SECRET d71b6063bdbf24bad05ab8727a12f93e89c5a335e9a820088bef49bd07e3f87e f0a277ed711abd018a1412b21c8c4d70d40bbeccd19367c8159a605951cc0b72
