CLIENT_HANDSHAKE_TRAFFIC_SECRET fb24c7fd82160217fcca5e29d481a2fa1227667c6b9c18b739679ff23cc878a2 ec2feae93daae6c89759f9afd318d3a9f06b05a813f5b798ea8a9a0649699f3e
SERVER_HANDSHAKE_TRAFFIC_SECRET fb24c7fd82160217fcca5e29d481a2fa1227667c6b9c18b739679ff23cc878a2 01eee0f8bd630f1769d8063287ecd161b4031e549a702045bf807b99f38aaabb
CLIENT_TRAFFIC_SECRET_0 fb24c7fd82160217fcca5e29d481a2fa1227667c6b9c18b739679ff23cc878a2 498d1419c536d9d5d479a5321594d451eb9118e1bc5af9dc4a9f70311603f2c2
SERVER_TRAFFIC_SECRET_0 fb24c7fd82160217fcca5e29d481a2fa1227667c6b9c18b739679ff23cc878a2 ce88fb2cee98544f154d143f5f408757e6444fed921a7a010fe1e02bfc74129f
EXPORTER_SECRET fb24c7fd82160217fcca5e29d481a2fa1227667c6b9c18b739679ff23cc878a2 2eea01eb4841724af754baed793829e53ab33b92bc519cee0efa5a22b212cb07
CLIENT_HANDSHAKE_TRAFFIC_SECRET c685be0946d96eae7f22664b7089e19dfaa5f487ba81eba6de8182b10aa9b760 4ce0d658bdd1f5f10603c30684def9f90759e6fc536d06e115cdc07cfd59cc26
SERVER_HANDSHAKE_TRAFFIC_SECRET c685be0946d96eae7f22664b7089e19dfaa5f487ba81eba6de8182b10aa9b760 e8228b295331e72ea061db87cb6dc48b645b37c354d7dd22bce3bb2d8d1ba071
CLIENT_TRAFFIC_SECRET_0 c685be0946d96eae7f22664b7089e19dfaa5f487ba81eba6de8182b10aa9b760 af376a863ceb8ffe74d820cc464b437148268f7caef408c4f42cad1b78f5c653
SERVER_TRAFFIC_SECRET_0 c685be0946d96eae7f22664b7089e19dfaa5f487ba81eba6de8182b10aa9b760 e1eef608646b1b62ad17d52ebbd9af94844890f9bdd6698ae055882624769ed4
EXPORTER_SECRET c685be0946d96eae7f22664b7089e19dfaa5f487ba81eba6de8182b10aa9b760 bf9a025eb07b73fccd8dc4b4b32e665b2de316848d4247f8a22fd569aae5e709
CLIENT_HANDSHAKE_TRAFFIC_SECRET 5142f8c7240cdfbc8b7abf687ca575e3e46b97e86dbd1eb3a58470f2f36751d3 c91004c0089f3d30f7fbe8fd8ff488b9bb6ec5532c2833ee7a6e903725f25cef
SERVER_HANDSHAKE_TRAFFIC_SECRET 5142f8c7240cdfbc8b7abf687ca575e3e46b97e86dbd1eb3a58470f2f36751d3 c796760aae1581798989803dd98542fe9fd629073da9492acb489f92d7810409
CLIENT_TRAFFIC_SECRET_0 5142f8c7240cdfbc8b7abf687ca575e3e46b97e86dbd1eb3a58470f2f36751d3 51828db559294d8f5f165000854f824db43549e5a509282eb4db52cf92baf8bd
SERVER_TRAFFIC_SECRET_0 5142f8c7240cdfbc8b7abf687ca575e3e46b97e86dbd1eb3a58470f2f36751d3 57d7734428e09bcb26afe7a15b7eb1d99a33d8349eab3a5084db5388aac16a23
EXPORTER_SECRET 5142f8c7240cdfbc8b7abf687ca575e3e46b97e86dbd1eb3a58470f2f36751d3 e068847f92b3e13657b180898ec0ce14478cdcf06caa2f70f7744e297b8fb789
CLIENT_HANDSHAKE_TRAFFIC_SECRET d50561be46f86921c5cc9c81082d42769abc99d3084a4eaa8dd5d38bdc50de65 dcce1627bd42ae9bde3dc9847744baeff7d021c75cbce67c5f267f1dc40568e2
SERVER_HANDSHAKE_TRAFFIC_SECRET d50561be46f86921c5cc9c81082d42769abc99d3084a4eaa8dd5d38bdc50de65 54dab41cd7b41f8d5f425521fa12c48363983ef1b6dd9624704842465df2ac77
CLIENT_TRAFFIC_SECRET_0 d50561be46f86921c5cc9c81082d42769abc99d3084a4eaa8dd5d38bdc50de65 ef7801a510f14fc46fe51e11480f225943e967bc7738e065d8294fca406220b7
SERVER_TRAFFIC_SECRET_0 d50561be46f86921c5cc9c81082d42769abc99d3084a4eaa8dd5d38bdc50de65 863764d3941394ab4603ff2828a8eb91235f432a04f1daa9da787bc0a75dc363
EXPORTER_SECRET d50561be46f86921c5cc9c81082d42769abc99d3084a4eaa8dd5d38bdc50de65 d65a7fc02846cedc667e1ee992a72a2e5d72b9e5e79b199a4c51c67304bb3999
CLIENT_HANDSHAKE_TRAFFIC_SECRET ed0ed6c6316993e3adfbc4ab791e9a73dcd78079a221e042e644121a0e194898 af7972817a05a81d80a3534da123b69028005bd20716cbf31b919c96c9fe289b
SERVER_HANDSHAKE_TRAFFIC_SECRET ed0ed6c6316993e3adfbc4ab791e9a73dcd78079a221e042e644121a0e194898 ea91acae4614b3b432e27c4e087a7ac158b7ccb2cad0c94fe5a347488fb1c0ed
CLIENT_TRAFFIC_SECRET_0 ed0ed6c6316993e3adfbc4ab791e9a73dcd78079a221e042e644121a0e194898 8dcc58f68138c2af64f7ea657ea4e1e559067174c0fd3675c85fdf87932d0087
SERVER_TRAFFIC_SECRET_0 ed0ed6c6316993e3adfbc4ab791e9a73dcd78079a221e042e644121a0e194898 70c2173c4a16ed419af58af16b33096f4300614b79ee5b790264ede961159821
EXPORTER_SECRET ed0ed6c6316993e3adfbc4ab791e9a73dcd78079a221e042e644121a0e194898 a8f0f25df04e479190580addc140d8658793069f3200b7f49f5004fbcf2dffa3
CLIENT_HANDSHAKE_TRAFFIC_SECRET 9043783fdda235fc0f6b5f4ebae6f490988f5841ff0e1708cb377cd26edd4302 3930ca6e83a63d91fa8ff555ad39021c0b1be6bd991769781ada41f9c193c25e
SERVER_HANDSHAKE_TRAFFIC_SECRET 9043783fdda235fc0f6b5f4ebae6f490988f5841ff0e1708cb377cd26edd4302 8d14a7419dd5b37dfb85fc2c8f3965e2a32b92efbe69870aefe8792f4e7cf867
CLIENT_HANDSHAKE_TRAFFIC_SECRET 8d93f322b5ee2528e6f8856bd14a9a414f08dae8ecad4dd7329e08898fc2247a 7a0b683b1d3f8aa6998b01b4af8d48a4fc054eb8a24b091e1aaa38b21d3d9136
SERVER_HANDSHAKE_TRAFFIC_SECRET 8d93f322b5ee2528e6f8856bd14a9a414f08dae8ecad4dd7329e08898fc2247a 01d7cdb5e9ce2b34d9aaddfcc6f4f88d4709592897978832e26ef7d13f46b42a
CLIENT_TRAFFIC_SECRET_0 9043783fdda235fc0f6b5f4ebae6f490988f5841ff0e1708cb377cd26edd4302 9875ec404f376b9e05ac03027877d43ea70a5c3bd4c19fe7d6b046c2c9294ef4
SERVER_TRAFFIC_SECRET_0 9043783fdda235fc0f6b5f4ebae6f490988f5841ff0e1708cb377cd26edd4302 1a8e613f6ddabb1cdaf16162aaa14bc03ff7466237fd57922f198525fa6fc0ce
EXPORTER_SECRET 9043783fdda235fc0f6b5f4ebae6f490988f5841ff0e1708cb377cd26edd4302 16c25644c72872bec4059b658f1e1b4ed9f526f3195ffb9e3b5d1a89cc64c18d
