CLIENT_HANDSHAKE_TRAFFIC_SECRET 4db3b138c67a3e2139dae414f982d27162252343e97cdb23f0158853601e3aad 2f8d9bdcadb6d5afb23445112caa8f8fffc5663866d41c924a33cc06831464ea
SERVER_HANDSHAKE_TRAFFIC_SECRET 4db3b138c67a3e2139dae414f982d27162252343e97cdb23f0158853601e3aad 16dac4f2af14829dc3f8edc3531cd83573cf6c26955b5b721e28ef073a608c9e
CLIENT_TRAFFIC_SECRET_0 4db3b138c67a3e2139dae414f982d27162252343e97cdb23f0158853601e3aad 8d5f06dd9110feeb5d830d921176dce9c8f643659180a2ddacd593d9592bf75d
SERVER_TRAFFIC_SECRET_0 4db3b138c67a3e2139dae414f982d27162252343e97cdb23f0158853601e3aad e6ee182ef04bd867f88ea5dc4e1740c0c53ccc053c69481aabc9d854ca995f2e
EXPORTER_SECRET 4db3b138c67a3e2139dae414f982d27162252343e97cdb23f0158853601e3aad b462c55341d6386a49dc78a7b4b5f0569ed0b082a40e577712516e60bcfac529
CLIENT_HANDSHAKE_TRAFFIC_SECRET 8e26a487024a6e79d865c6c097af76aa0d00732bd0488d6f4434b9f476e11aa5 4903e63cebeccc89d3c8f220a389c36bae0fb4f34cef634007dc336970fdf4ed
SERVER_HANDSHAKE_TRAFFIC_SECRET 8e26a487024a6e79d865c6c097af76aa0d00732bd0488d6f4434b9f476e11aa5 84f4fa4209c03e35038ffe923ad0b49f5e5f0d740fe5675a15d7dd1c751cd378
CLIENT_TRAFFIC_SECRET_0 8e26a487024a6e79d865c6c097af76aa0d00732bd0488d6f4434b9f476e11aa5 4820d1e2a722e8d22b7cb5ecb7ba5eaad0561234ecf927ea9809438f4c6175c7
SERVER_TRAFFIC_SECRET_0 8e26a487024a6e79d865c6c097af76aa0d00732bd0488d6f4434b9f476e11aa5 7e01f57f96fc45358100eaf98c3bfb8bf30b32eb96241dc170fdc0e6ab61e121
EXPORTER_SECRET 8e26a487024a6e79d865c6c097af76aa0d00732bd0488d6f4434b9f476e11aa5 d25c94269ea8d03c0d4bb28c2f9b50718c19c58fc667d3a175a25a8e2f9aabef
CLIENT_HANDSHAKE_TRAFFIC_SECRET 9f1ab7523bd55fde020099d3dc50823c52a94d067d00892f400acc29be2ec21a f98760bd8a7e4bfb57fce771fc258429f4d465366220fafaf668f8423f1fda7c
SERVER_HANDSHAKE_TRAFFIC_SECRET 9f1ab7523bd55fde020099d3dc50823c52a94d067d00892f400acc29be2ec21a 86510242ce5656adfe326b67ed4b66587b34e722ef53e0902f540d0a3414a9d5
CLIENT_TRAFFIC_SECRET_0 9f1ab7523bd55fde020099d3dc50823c52a94d067d00892f400acc29be2ec21a 66f1fc0a7da01af18f4b73d32bc6369a172a32dcebbb0cfa57cedb3d5dcb5544
SERVER_TRAFFIC_SECRET_0 9f1ab7523bd55fde020099d3dc50823c52a94d067d00892f400acc29be2ec21a f4409d6b70d67eeb02e4042c8ccc7aea4403858483c7af3ce5ec48e34f4847ee
EXPORTER_SECRET 9f1ab7523bd55fde020099d3dc50823c52a94d067d00892f400acc29be2ec21a 9c48942db644437f72a763e83cc7d2a05c7204b8326602ee045afcdf9659b501
CLIENT_HANDSHAKE_TRAFFIC_SECRET 62f7e498c667190bbf5873860bc01263a95f60c586f7cc22a8cc8f609cd5e3e6 73ebea63d694f76dda1efe7c9bca2879d6f9c7d48c7f52c48a8c5af70ef147cc
SERVER_HANDSHAKE_TRAFFIC_SECRET 62f7e498c667190bbf5873860bc01263a95f60c586f7cc22a8cc8f609cd5e3e6 1dbc12a0be5a30238e7b6f0513bd4bc676b415f91fe8288619e0dbc30905dd1e
CLIENT_TRAFFIC_SECRET_0 62f7e498c667190bbf5873860bc01263a95f60c586f7cc22a8cc8f609cd5e3e6 abbd3d8e7a900c4490b59c4f6029f0823c25327c56fe591c840b211ea7279eb5
SERVER_TRAFFIC_SECRET_0 62f7e498c667190bbf5873860bc01263a95f60c586f7cc22a8cc8f609cd5e3e6 b07fd6fab1f4f0e4606f7ed38ea2e97505f001cf66e831408c0ccab88df957ea
EXPORTER_SECRET 62f7e498c667190bbf5873860bc01263a95f60c586f7cc22a8cc8f609cd5e3e6 0e40b853db2e9ee53d0dff21842f631bd1e1e28126dacd824c4fda55332cab4c
CLIENT_HANDSHAKE_TRAFFIC_SECRET 1f2ccf373ff8675dd611105b947a13798fa318b4d9f12811bf74511c1d82895e 6c6cf397cdb0b6fe5657b12508fe63300b650a35f82aadea04719d54eac5c807
SERVER_HANDSHAKE_TRAFFIC_SECRET 1f2ccf373ff8675dd611105b947a13798fa318b4d9f12811bf74511c1d82895e ecbc101ab77cb23b47c526588f124be6c4c7b4d6179535736d9063b9f9d60cfd
CLIENT_TRAFFIC_SECRET_0 1f2ccf373ff8675dd611105b947a13798fa318b4d9f12811bf74511c1d82895e 51c74f48b021dadbbf6e90148560e4807da6def3f3a3d6266321e69d0376a272
SERVER_TRAFFIC_SECRET_0 1f2ccf373ff8675dd611105b947a13798fa318b4d9f12811bf74511c1d82895e d99553293d5da49a0051d2835ba6d1d6e5c1d15f2c52ad7ad83d7a47b8279b68
EXPORTER_SECRET 1f2ccf373ff8675dd611105b947a13798fa318b4d9f12811bf74511c1d82895e d1a6c75e6bb232ed5ff078e4b073529e49bf19ed6edd38c2ec17f3a0081644d9
CLIENT_HANDSHAKE_TRAFFIC_SECRET 07106a2387424b1050bc76cb950622081f64dae7fb16610f4ee861a77acf7d01 e5420211ff4565a8f2aa249ff1f2f6ead86a31d512168fc8738e0581275c5efb
SERVER_HANDSHAKE_TRAFFIC_SECRET 07106a2387424b1050bc76cb950622081f64dae7fb16610f4ee861a77acf7d01 42e16df1c2b92d752135b8e95f887c31f49e7d48cf3c2f5adb9052184d465230
CLIENT_TRAFFIC_SECRET_0 07106a2387424b1050bc76cb950622081f64dae7fb16610f4ee861a77acf7d01 d0f3ed86747b051b0660f0bcd66ea80efc244bfad5d38bcbf82393f383d0b9c0
SERVER_TRAFFIC_SECRET_0 07106a2387424b1050bc76cb950622081f64dae7fb16610f4ee861a77acf7d01 558bf82659c1fc8fd6f1dba4528ca6094a0b9b9e1e40f1d34b3bd91921107bb1
EXPORTER_SECRET 07106a2387424b1050bc76cb950622081f64dae7fb16610f4ee861a77acf7d01 ccd50667df4ab9b6a419ede1912289e0080822806888242570d68df5297cd398
CLIENT_HANDSHAKE_TRAFFIC_SECRET 5c3ad948034482c11451bdeb671838322605ac91d9cd739fc3f364d244f1d26f 2f5f9fc63ae1217db78c8fc66d5b3783a291a24db0cc111eb3a911997d643276
SERVER_HANDSHAKE_TRAFFIC_SECRET 5c3ad948034482c11451bdeb671838322605ac91d9cd739fc3f364d244f1d26f c7d2196ae2ac3545c38c8688a3120b10a9b72f8ab8df39cb125fd921aae5acda
CLIENT_TRAFFIC_SECRET_0 5c3ad948034482c11451bdeb671838322605ac91d9cd739fc3f364d244f1d26f 7699b7f14027de04e7afcb9c257dae5082edf35c50432c5a32b9c6d62f5400b9
SERVER_TRAFFIC_SECRET_0 5c3ad948034482c11451bdeb671838322605ac91d9cd739fc3f364d244f1d26f a24f5e8ca05c9db5aa4d56ceaa9f5f13ce72349eea6d8468e90be1fbb4511b0e
EXPORTER_SECRET 5c3ad948034482c11451bdeb671838322605ac91d9cd739fc3f364d244f1d26f 52b9aec3bc3f1abf4a5a5d3fb41e91e38f17a434d33a32104ead6765dd86d5b4
CLIENT_HANDSHAKE_TRAFFIC_SECRET 3afeb3d457891ec3841cf5f9acb76302174b8669c49cd337dc99ce9547c30033 9f6a0d73a91c9bb1d47ca030fa7fad2200b8f5c754e2d7c76679619fae7fe972d31f7c541bf9c335d080b14780c49695
SERVER_HANDSHAKE_TRAFFIC_SECRET 3afeb3d457891ec3841cf5f9acb76302174b8669c49cd337dc99ce9547c30033 60ec2bb5b9c16bfe0289dc9984c22739eea1e5825a76d8776915d21fc460b15d6da731af1017cf219356d29d1e49d2b0
CLIENT_TRAFFIC_SECRET_0 3afeb3d457891ec3841cf5f9acb76302174b8669c49cd337dc99ce9547c30033 165267076ccfdfdaf2b8da11d922058ac09444d2e2dbf84eb2002d52d5f59be15dede0169769a12630a51a2f08979c77
SERVER_TRAFFIC_SECRET_0 3afeb3d457891ec3841cf5f9acb76302174b8669c49cd337dc99ce9547c30033 1ac5e7137674f1830410c5c03ce5f38a080b86be0c3184f015331c8ec57af2651ee34715440cca39918e7d92d9dbe221
EXPORTER_SECRET 3afeb3d457891ec3841cf5f9acb76302174b8669c49cd337dc99ce9547c30033 6fe17c3fd1e3b20647b5cf436724814182a0aa19f69e1c9f3a48653643111476d04740fb87338e22c29b76c71be44760
CLIENT_HANDSHAKE_TRAFFIC_SECRET 3a46fbcabd59abad58ff95c5dc554f419d52a9d5d1d6dfca568aa74a9a28a901 b8dcb289ee05400146e738c0fe37cac2577258b18d7ba0344728454e3e29fa77
SERVER_HANDSHAKE_TRAFFIC_SECRET 3a46fbcabd59abad58ff95c5dc554f419d52a9d5d1d6dfca568aa74a9a28a901 92019f2e3fbe44f15979d852cd07e398b77228aba87a86e989d312687cb4e2b3
CLIENT_HANDSHAKE_TRAFFIC_SECRET b9b0db6afcdb5f52dc254ca34231fd9fbf14e35202f3a5b694d4fdf7d604b986 93cb7b0f3acc8583cd8799fa29736eef9954b984dfb7c20d5eb1b919b4f7a99d
SERVER_HANDSHAKE_TRAFFIC_SECRET b9b0db6afcdb5f52dc254ca34231fd9fbf14e35202f3a5b694d4fdf7d604b986 f24df2082f7871c108f27deb89c480d86de9f8e818496b70b8af9fe70eeaed7a
CLIENT_TRAFFIC_SECRET_0 3a46fbcabd59abad58ff95c5dc554f419d52a9d5d1d6dfca568aa74a9a28a901 7fbfcbc608e3fd05644274f3aaa632d9ccb95a469ce3bd36e69bbbb6474ef697
SERVER_TRAFFIC_SECRET_0 3a46fbcabd59abad58ff95c5dc554f419d52a9d5d1d6dfca568aa74a9a28a901 f3fbd96171eea66f81e4e23d99482c5f34eaa180953395ad66da866473b59c81
EXPORTER_SECRET 3a46fbcabd59abad58ff95c5dc554f419d52a9d5d1d6dfca568aa74a9a28a901 c1421ba3d01584ce1881e6049248bdb9a909415ce227f60457cc172df582aa98
CLIENT_TRAFFIC_SECRET_0 b9b0db6afcdb5f52dc254ca34231fd9fbf14e35202f3a5b694d4fdf7d604b986 70007bb9b02e912244835244c0968b703dd92832bdc3cf1c6fd6ea10e372d0db
SERVER_TRAFFIC_SECRET_0 b9b0db6afcdb5f52dc254ca34231fd9fbf14e35202f3a5b694d4fdf7d604b986 47657833676e60aae47d10c2d4b966d603a0d5d0a5b431f7f6847c6dd10e2476
EXPORTER_SECRET b9b0db6afcdb5f52dc254ca34231fd9fbf14e35202f3a5b694d4fdf7d604b986 46c59da2c9cacc01ba9678dbe7e27293f0bafe97cc1f94e3029679a0b11e312a
CLIENT_HANDSHAKE_TRAFFIC_SECRET 41cdcae56b633150429823c42acc27a70d65ffa51c5d3c30c9b03eee99f6aabc 9b5370772d3c9f711c10fb438c67c7fbe6eefc65ee91986d20246239dfa18a61
SERVER_HANDSHAKE_TRAFFIC_SECRET 41cdcae56b633150429823c42acc27a70d65ffa51c5d3c30c9b03eee99f6aabc 4d75a05b3454626cfaee0780ecd6f2aad0a7bda34a84a85327edc310de887880
CLIENT_TRAFFIC_SECRET_0 41cdcae56b633150429823c42acc27a70d65ffa51c5d3c30c9b03eee99f6aabc 827649312e0ff27242876cf0a430f4ce8fc0c9b10b40b948f3a1c21272aba90c
SERVER_TRAFFIC_SECRET_0 41cdcae56b633150429823c42acc27a70d65ffa51c5d3c30c9b03eee99f6aabc a579030f50120e56f7e320f5fdae0f38fcc2b0ebc5fd94fe0d1ed89f23c6ae7d
EXPORTER_SECRET 41cdcae56b633150429823c42acc27a70d65ffa51c5d3c30c9b03eee99f6aabc d5b48c38a58df75d4cffaeb4f960d6bb68a9f8107d341521a82c0332b57f8f95
CLIENT_HANDSHAKE_TRAFFIC_SECRET d59462bdfd82ec803b926dde8e08c39eaaa88502d4f8eeb4c477b69e5d4b6cc1 a3c4e7802bc788ad6d970511962216ab2c6b938493342665489cb02516faadc2
SERVER_HANDSHAKE_TRAFFIC_SECRET d59462bdfd82ec803b926dde8e08c39eaaa88502d4f8eeb4c477b69e5d4b6cc1 e1a9822711d9c2ab186be7920471a2dfdae980ed28679815d8e5f161b34b887c
CLIENT_TRAFFIC_SECRET_0 d59462bdfd82ec803b926dde8e08c39eaaa88502d4f8eeb4c477b69e5d4b6cc1 4ae2b79467a5d36f46e534d1f061d2cd6370f8778f2de1fa370aed4de15d89d6
SERVER_TRAFFIC_SECRET_0 d59462bdfd82ec803b926dde8e08c39eaaa88502d4f8eeb4c477b69e5d4b6cc1 200e6ca10b7688aa2998ae37465baa35a30cfdcac980657a98fb5ea6301624e3
EXPORTER_SECRET d59462bdfd82ec803b926dde8e08c39eaaa88502d4f8eeb4c477b69e5d4b6cc1 c48b7f99633c36de2b5788413d7adbb7a66026967394decbdd42f1d6a9801200
CLIENT_HANDSHAKE_TRAFFIC_SECRET e01df11b00e6d7e8a4d9f568f791e410faf0214c7a2a05b4e7544c1ea1d443b3 cf821eb459df2fcf7e7fda7d113051c9e7d58645dc9c693950fa124a0e0b528a
SERVER_HANDSHAKE_TRAFFIC_SECRET e01df11b00e6d7e8a4d9f568f791e410faf0214c7a2a05b4e7544c1ea1d443b3 fd358c9d002cde31b48227a0ab1c7849b628ebac6e737cbbf3eacc61cf94e873
CLIENT_TRAFFIC_SECRET_0 e01df11b00e6d7e8a4d9f568f791e410faf0214c7a2a05b4e7544c1ea1d443b3 64f828ce8e04b481ae03eea605353cbbddd1210e5c82f3fe48d814435f884f60
SERVER_TRAFFIC_SECRET_0 e01df11b00e6d7e8a4d9f568f791e410faf0214c7a2a05b4e7544c1ea1d443b3 a83636018d826ee14209e9cf51f3b47a73fd8c3db96e81065f04edead406c164
EXPORTER_SECRET e01df11b00e6d7e8a4d9f568f791e410faf0214c7a2a05b4e7544c1ea1d443b3 fcb19908e4bdbec19193e9c5105566e15fd648a60d7f37f1f58df08a3731169a
CLIENT_HANDSHAKE_TRAFFIC_SECRET 5ac4e97dc0f9e178f1929aadf8bb5b60170358c863ad80f4a0714bcd745fe7cd a67171399c3391067fe0f1ed3f928dbbee53cbf7896e0bb7d5bfb5bbe6ee6f7f
SERVER_HANDSHAKE_TRAFFIC_SECRET 5ac4e97dc0f9e178f1929aadf8bb5b60170358c863ad80f4a0714bcd745fe7cd 4ced16a385c177c6634fdb11a22c6289088628e7d516a8054f3612c8ebe7bb7b
CLIENT_TRAFFIC_SECRET_0 5ac4e97dc0f9e178f1929aadf8bb5b60170358c863ad80f4a0714bcd745fe7cd ddc2288ce3ebd4db1b18b141aa8c8096d087f7df0f245670588ab090e2bcc968
SERVER_TRAFFIC_SECRET_0 5ac4e97dc0f9e178f1929aadf8bb5b60170358c863ad80f4a0714bcd745fe7cd 3fe528fc5701277ed76814b7a2ce5ce0bdfe5fe54c6c7fea4d35b2019ea76765
EXPORTER_SECRET 5ac4e97dc0f9e178f1929aadf8bb5b60170358c863ad80f4a0714bcd745fe7cd 3b54db242c59dbf53148175929ee4d4abb09941e54f3e5a573081455cfb20474
CLIENT_HANDSHAKE_TRAFFIC_SECRET 4c3d895b41e31c7defde822a12b22ab02e175e3548737f5b5dda95143fbb448c fb2b64e161b5b8bb862ba4024d9ab53526337b6cb4612c356f4e0c34c7d0bd7f
SERVER_HANDSHAKE_TRAFFIC_SECRET 4c3d895b41e31c7defde822a12b22ab02e175e3548737f5b5dda95143fbb448c 4c9a2fb0a9ca6f17a73f6cfb704d4270eec208df8f0a629304a2fa31a11900db
CLIENT_TRAFFIC_SECRET_0 4c3d895b41e31c7defde822a12b22ab02e175e3548737f5b5dda95143fbb448c ebfc1804b32a888de48977f5a1efa17cbfe2ab66c6d14f0f3a904d41ec81d0ae
SERVER_TRAFFIC_SECRET_0 4c3d895b41e31c7defde822a12b22ab02e175e3548737f5b5dda95143fbb448c c33872e96c6af6ebe9211fe7c48bea91bccba38008152e2c1c3659f5d175bd0d
EXPORTER_SECRET 4c3d895b41e31c7defde822a12b22ab02e175e3548737f5b5dda95143fbb448c f11e4dbd12ba41a91b35335790f6ea85fdd876d83cead8cbd7d2ea74c88f149f
CLIENT_HANDSHAKE_TRAFFIC_SECRET 7b1d2be25055be6e3bc6e9d0ed078d7656d7a43903ee6c281448d637a8e6d2da 8bb2ed05df762ca23d7fde1907b68eb608578833cfb2b467d2da7ec0cde6f443
SERVER_HANDSHAKE_TRAFFIC_SECRET 7b1d2be25055be6e3bc6e9d0ed078d7656d7a43903ee6c281448d637a8e6d2da edf2053aad64d489946effaf7884062f56f4c1d6f95810eb076c2b68bc3dbad0
CLIENT_TRAFFIC_SECRET_0 7b1d2be25055be6e3bc6e9d0ed078d7656d7a43903ee6c281448d637a8e6d2da 5b1b329745d642120fd8a38934e608371a8eed1f14bb160d5ac28f4d991d8950
SERVER_TRAFFIC_SECRET_0 7b1d2be25055be6e3bc6e9d0ed078d7656d7a43903ee6c281448d637a8e6d2da 96a46ba624aa724a87f6798788097006bbac786bc3e8964d5cbf898c7bbf15a0
EXPORTER_SECRET 7b1d2be25055be6e3bc6e9d0ed078d7656d7a43903ee6c281448d637a8e6d2da a630128884fae8ee2ea008f088260c264aeac65255ab0813ae9a1195a1c7f887
CLIENT_RANDOM 3fdecedbe4630e386565755f225a8763e2704cd25ea04ff4455306d1c9634c12 6a5c8285d322c90f40d510d4e24e9f6ce66879420d5618103cf25f68041ffbad64d53e07c7baee9529498282fc33a994
CLIENT_HANDSHAKE_TRAFFIC_SECRET 1f86181f673ac65880841dfd0264747075ee94c0414d16a543dea78050615938 b7c1664b4c6ed1acba62bfeb609b692623881aa2d545d003dd03f59ff7b96c0d
SERVER_HANDSHAKE_TRAFFIC_SECRET 1f86181f673ac65880841dfd0264747075ee94c0414d16a543dea78050615938 5a18f7e2ace6290c73d0565cadde22af435a85cede58b987a4ca1da9b2dffcbf
CLIENT_TRAFFIC_SECRET_0 1f86181f673ac65880841dfd0264747075ee94c0414d16a543dea78050615938 948e9c1296a6a28ac6ba95ddd418f026434ac331301b999b94843d372c352f15
SERVER_TRAFFIC_SECRET_0 1f86181f673ac65880841dfd0264747075ee94c0414d16a543dea78050615938 4848691d39a6eaa0477cd91505884f9ecbd68b25e97841072c68e9b56c387c40
EXPORTER_SECRET 1f86181f673ac65880841dfd0264747075ee94c0414d16a543dea78050615938 ee875d902784b05d2204155873651911daacbb8939f208791606b8f610bca9e3
CLIENT_HANDSHAKE_TRAFFIC_SECRET 5faaed053a2f705141d83c07437bd35c8d269ae85c3b4bad2888dd9e88429fe6 81ec0f1774bd7bd020a05327596f12c48455dfec050a9fd424a140cc7dbb1a0b
SERVER_HANDSHAKE_TRAFFIC_SECRET 5faaed053a2f705141d83c07437bd35c8d269ae85c3b4bad2888dd9e88429fe6 1549f2638d19aa916d0f8ac45d0073cf9aeddec35f4c9481e5341b1f0858edca
CLIENT_TRAFFIC_SECRET_0 5faaed053a2f705141d83c07437bd35c8d269ae85c3b4bad2888dd9e88429fe6 e6377037b6d6a3b99bce0f901c8c672179d15ab3d4042e3082326981886e4733
SERVER_TRAFFIC_SECRET_0 5faaed053a2f705141d83c07437bd35c8d269ae85c3b4bad2888dd9e88429fe6 2df086d88362ecb6d75bbce25c2c5d849840ccf6657091bdb32b182f82e09297
EXPORTER_SECRET 5faaed053a2f705141d83c07437bd35c8d269ae85c3b4bad2888dd9e88429fe6 654f80d01fead7406125b884b1831f98cbdd39e2c673c5336c566e8e72c6e293
CLIENT_HANDSHAKE_TRAFFIC_SECRET 94bf1a7a34332bebd973662a0d45d65beb1ab477f31eb7071f872eb394b4660a f938cc024f8f52273ef022a465e3f0c186c9bc22118e04e2a7d8a43a609958f6
SERVER_HANDSHAKE_TRAFFIC_SECRET 94bf1a7a34332bebd973662a0d45d65beb1ab477f31eb7071f872eb394b4660a 7f2b2e3c3580395005173aa9c0ca93865fd818f59c4376b92306b1b6926b8059
CLIENT_TRAFFIC_SECRET_0 94bf1a7a34332bebd973662a0d45d65beb1ab477f31eb7071f872eb394b4660a 7bdb7cbc7a20d03a3afca9b4f64a3b838f4335dac167e907f4d9e0a6a7b6641a
SERVER_TRAFFIC_SECRET_0 94bf1a7a34332bebd973662a0d45d65beb1ab477f31eb7071f872eb394b4660a d5ee85352ea5dbd812c7d79afc553c51dead9524a4e4a9f6aee5e1c25ead57ee
EXPORTER_SECRET 94bf1a7a34332bebd973662a0d45d65beb1ab477f31eb7071f872eb394b4660a 6260f8c2760702f24c83b672bc29d208578d988b4f7e6c4ae6ab8e469803d6f4
CLIENT_HANDSHAKE_TRAFFIC_SECRET f822a9633a62f47182f2dba3aa67cc6b7ced48a487c77fb5c84a9f9c782e44db 8792180711858d12a450825634cafad4ce546074ec3cbf2ecbbf780c2e54540d
SERVER_HANDSHAKE_TRAFFIC_SECRET f822a9633a62f47182f2dba3aa67cc6b7ced48a487c77fb5c84a9f9c782e44db 86d8801f0cdf8cec67fb29b836d791dc9da17bda1c9305dc709dec45eaf81eb6
CLIENT_HANDSHAKE_TRAFFIC_SECRET 67a969765544f2aac92912e0fca6aaae652a353cb643b23e8d7f6cf3b747b2f8 b9581f9177c5588cb398f5103602c7eba7ae3d850b06ad9683c37fb7aee56b03
SERVER_HANDSHAKE_TRAFFIC_SECRET 67a969765544f2aac92912e0fca6aaae652a353cb643b23e8d7f6cf3b747b2f8 1a74e3e3ed8d488a82daac995a6f6b7d1d6be866329fc6520e9ca8fe6d9f0589
CLIENT_HANDSHAKE_TRAFFIC_SECRET f1078f2e0114efc62de3bb505a86afececab2385b5983350a558617b5fad05ab a1d9961a97d8509a3184a3e2fb0115ec79a7d374e32edc56a41f3d959b3a25b6
SERVER_HANDSHAKE_TRAFFIC_SECRET f1078f2e0114efc62de3bb505a86afececab2385b5983350a558617b5fad05ab 92872347a30b303afde0bf95e33c4e3b96cdee8d64a77958cbbe291c8c3e65d3
CLIENT_HANDSHAKE_TRAFFIC_SECRET e48d05386c69aa06baf7b19241a5417d66d20a5a27c4cd6c70d231a8f7fd2a4e c2fa3e5c0e42cf10bce0db0150fbcb597f737ae06771ff8af543564d7a1735c2
SERVER_HANDSHAKE_TRAFFIC_SECRET e48d05386c69aa06baf7b19241a5417d66d20a5a27c4cd6c70d231a8f7fd2a4e e952172b1d5837af92ffc52d008b999368d9bfb1bb0d9b6e252927593e4dfe0a
CLIENT_TRAFFIC_SECRET_0 f822a9633a62f47182f2dba3aa67cc6b7ced48a487c77fb5c84a9f9c782e44db ca05aaaf84e7ba0ad2d851eadf5810b96b434003998cc8971cb5e9eda6ad3a54
SERVER_TRAFFIC_SECRET_0 f822a9633a62f47182f2dba3aa67cc6b7ced48a487c77fb5c84a9f9c782e44db 0975fd908c9b2dde9fe6c0c5552ffc3714ee74fa99715bd810df9352fd0946ea
EXPORTER_SECRET f822a9633a62f47182f2dba3aa67cc6b7ced48a487c77fb5c84a9f9c782e44db 7293d8e32de124e18a54da60357771aef4abf72ec5b67d89951032f9bd761703
CLIENT_TRAFFIC_SECRET_0 67a969765544f2aac92912e0fca6aaae652a353cb643b23e8d7f6cf3b747b2f8 878fecfe4c2b08dd0e44feb79b6affef585cb0c894943cf2657923d80188752d
SERVER_TRAFFIC_SECRET_0 67a969765544f2aac92912e0fca6aaae652a353cb643b23e8d7f6cf3b747b2f8 9d28b6015ae16834f66190302f89a8a5b2727885573e84f42ab8f2321df52cca
EXPORTER_SECRET 67a969765544f2aac92912e0fca6aaae652a353cb643b23e8d7f6cf3b747b2f8 f63965a1092edcece0c34541987b21d7cb0f21cdd300dcd6c6528d3fb7777e03
CLIENT_TRAFFIC_SECRET_0 f1078f2e0114efc62de3bb505a86afececab2385b5983350a558617b5fad05ab 9fe2c6e14eea0ad5079c1a04c0aa3d67715a04911377d5b2123997d01a6e5ebb
SERVER_TRAFFIC_SECRET_0 f1078f2e0114efc62de3bb505a86afececab2385b5983350a558617b5fad05ab a843f45373ec72686c2d8ae641346c7e00db457d700edfca0a057dbd6e688a4e
EXPORTER_SECRET f1078f2e0114efc62de3bb505a86afececab2385b5983350a558617b5fad05ab 450f86886e02a21254406c21d3c8c211ed586654a656c4475dd3a908a465aa16
CLIENT_TRAFFIC_SECRET_0 e48d05386c69aa06baf7b19241a5417d66d20a5a27c4cd6c70d231a8f7fd2a4e 7e8d632894ce07fb05b6c02e147d4debc00626cfb1910ec6f0e612e4bb286178
SERVER_TRAFFIC_SECRET_0 e48d05386c69aa06baf7b19241a5417d66d20a5a27c4cd6c70d231a8f7fd2a4e 66cd1e0622adf6a84044ab1a88a6b1c32fb2702cc32113f9c643da761ddf9b8a
EXPORTER_SECRET e48d05386c69aa06baf7b19241a5417d66d20a5a27c4cd6c70d231a8f7fd2a4e 0736ef92eb9ccdaa327fc846e8b851bcd1163dabc88ae0298d01500338646ed1
CLIENT_HANDSHAKE_TRAFFIC_SECRET 278df4dac82921c6e36463d20e9c1675cd7fc6446e629c2942cbbd567d119e03 0956ea47b7ea45609d2118e7deed4257ffa05aa37fed2e32593347873d624b08
SERVER_HANDSHAKE_TRAFFIC_SECRET 278df4dac82921c6e36463d20e9c1675cd7fc6446e629c2942cbbd567d119e03 13d6109f64855d8d102f6161b48137a4e16d260c4206dadfddf54e8cc6a873d5
CLIENT_TRAFFIC_SECRET_0 278df4dac82921c6e36463d20e9c1675cd7fc6446e629c2942cbbd567d119e03 40fbbb33411d805491447d72038096ee6ee8062587d40beb648042c3a5b91692
SERVER_TRAFFIC_SECRET_0 278df4dac82921c6e36463d20e9c1675cd7fc6446e629c2942cbbd567d119e03 e1dde27c7ac19bc929d7615b7aac414138ea360a14cc8e651ebdb3e46afd0156
EXPORTER_SECRET 278df4dac82921c6e36463d20e9c1675cd7fc6446e629c2942cbbd567d119e03 2a0e67ba1d8d32ca42a2be025f8d9e35ec75be1f8c0814ec93847920491db5da
CLIENT_HANDSHAKE_TRAFFIC_SECRET e4177c1b09b6aaf3e6933ef8f1340c232fedf41fc0c3ea1edfaf7e002cd4390c 0d7a00c7e2eb51e1610ff70993ee4ac9521c110ad684ed17c9123ee77ccf9a16
SERVER_HANDSHAKE_TRAFFIC_SECRET e4177c1b09b6aaf3e6933ef8f1340c232fedf41fc0c3ea1edfaf7e002cd4390c c043b129038b8277e59510ecb22962be34caaad5bd8ab7cf07b471d178d93e21
CLIENT_TRAFFIC_SECRET_0 e4177c1b09b6aaf3e6933ef8f1340c232fedf41fc0c3ea1edfaf7e002cd4390c 49457cbde36b85aa10d85dad856856357e0cbef82ad45799b99acf8168f2a28a
SERVER_TRAFFIC_SECRET_0 e4177c1b09b6aaf3e6933ef8f1340c232fedf41fc0c3ea1edfaf7e002cd4390c cbcb9c08c76b3fff687029a4440d0228df147a1bb66610e1bd5cea28104e1ef5
EXPORTER_SECRET e4177c1b09b6aaf3e6933ef8f1340c232fedf41fc0c3ea1edfaf7e002cd4390c fb03826f9b34eb469231d58a5d01c6bf44ff1d67377069d4a8e82fab9180a962
CLIENT_HANDSHAKE_TRAFFIC_SECRET 7d72c256496b9d43e065f828ace5340ece76824102f0d4104765068ca4023cdd 1d05d195de78a4b1b9db8302397570029d3f6377090f9fb525d3dd67b2cf39b3
SERVER_HANDSHAKE_TRAFFIC_SECRET 7d72c256496b9d43e065f828ace5340ece76824102f0d4104765068ca4023cdd f7992d7ba920c1271c3206d90f0e1277b53adfc705647b057795282c9cc159da
CLIENT_TRAFFIC_SECRET_0 7d72c256496b9d43e065f828ace5340ece76824102f0d4104765068ca4023cdd f0bd9cbae0b99d14f936b6a6d410e9bc549f6a1c67d00ca03aca40925d30a36c
SERVER_TRAFFIC_SECRET_0 7d72c256496b9d43e065f828ace5340ece76824102f0d4104765068ca4023cdd 5c0741b58d9e94853887c332d5c257a73773d8fd10a0d8f7cd32cde27b5b81c9
EXPORTER_SECRET 7d72c256496b9d43e065f828ace5340ece76824102f0d4104765068ca4023cdd 187ae9e741236510494e37d59598cbd843de2799cea71bbad259f5ac00ac9262
CLIENT_HANDSHAKE_TRAFFIC_SECRET 07cdda0d91ae8b34f7ac21ad35b71195329b13359b4af5e75e149a8fd61b19d2 bb3bc712ef9fe3bbc38a31cabffe1779787757951d1fb168dee35c2495481390
SERVER_HANDSHAKE_TRAFFIC_SECRET 07cdda0d91ae8b34f7ac21ad35b71195329b13359b4af5e75e149a8fd61b19d2 e3f160c7770038b6f109b92245ca48768f10cfa41c41fafd67a818d3dab0da66
CLIENT_TRAFFIC_SECRET_0 07cdda0d91ae8b34f7ac21ad35b71195329b13359b4af5e75e149a8fd61b19d2 c90e188850da5258d92ce1a6d82ec33e40d7796efeeeded91a734e822e2d506d
SERVER_TRAFFIC_SECRET_0 07cdda0d91ae8b34f7ac21ad35b71195329b13359b4af5e75e149a8fd61b19d2 365228db0da4b80c073bf4705d635ce7d772564db673107fdc6ef314e9f8ca3a
EXPORTER_SECRET 07cdda0d91ae8b34f7ac21ad35b71195329b13359b4af5e75e149a8fd61b19d2 62ad4a3b62b4de4b6de897a2fbe2467501e5c6f63fe38a1f25b7702e88c2ed62
CLIENT_HANDSHAKE_TRAFFIC_SECRET ace9e89a640ce98cc279ffee0befa5127c6dd433a67c230883e54a6b377e98a1 8dad9c79a99bab6ec4ce5b5a04169591f390a48b57fb777ded7074160db251f0
SERVER_HANDSHAKE_TRAFFIC_SECRET ace9e89a640ce98cc279ffee0befa5127c6dd433a67c230883e54a6b377e98a1 e918e4caec87ce0207c44bbe734eae9f2920f89411dd4a673d520502325ac49a
CLIENT_TRAFFIC_SECRET_0 ace9e89a640ce98cc279ffee0befa5127c6dd433a67c230883e54a6b377e98a1 7a3aeba55bf9517646bb05ddd2392a4e8f738a7049269c13b831c25e8b23f904
SERVER_TRAFFIC_SECRET_0 ace9e89a640ce98cc279ffee0befa5127c6dd433a67c230883e54a6b377e98a1 905fdd4e5054a14e477b8471a34d678c41554b327a2111df0b3e3d1debf55832
EXPORTER_SECRET ace9e89a640ce98cc279ffee0befa5127c6dd433a67c230883e54a6b377e98a1 157156e3e793ed0899553e2a11bb5b3aacbbaa4968787a300654938aa31c66b6
CLIENT_HANDSHAKE_TRAFFIC_SECRET 04de9ab56ac35d20edf06efdd3f242385b7cb97b7db2fa089c79bca3b703ce2e 55ea94dedafeeec4ff9a353db1a24f29f29c3310354ae5ae7ede1fac7ec4f336
SERVER_HANDSHAKE_TRAFFIC_SECRET 04de9ab56ac35d20edf06efdd3f242385b7cb97b7db2fa089c79bca3b703ce2e 4a957edb4ffda1f2f7cc72295442f02ecb9691d6ba5be099768ee5798673574b
CLIENT_TRAFFIC_SECRET_0 04de9ab56ac35d20edf06efdd3f242385b7cb97b7db2fa089c79bca3b703ce2e 9906c410dd457713356c66aa31eaf8e29ef75c9e02aaa740326973bde9b34139
SERVER_TRAFFIC_SECRET_0 04de9ab56ac35d20edf06efdd3f242385b7cb97b7db2fa089c79bca3b703ce2e d2e20942c443fbb68a7633b6ea74d01dc5ac96b8a8b2b50cb4ce0549c47ead24
EXPORTER_SECRET 04de9ab56ac35d20edf06efdd3f242385b7cb97b7db2fa089c79bca3b703ce2e b9328559b503b8990bf39f89e14a1a08f2cc3292696245872b3386ea97291c99
CLIENT_HANDSHAKE_TRAFFIC_SECRET e407e905af3f53c41762fd35572ee29f3b814d7f03dc9e8966eb5014b4c251d5 d95b80b6d50d5e84871197e54af2af4a0ca1c629c40c03ae393a5bf15baafc93
SERVER_HANDSHAKE_TRAFFIC_SECRET e407e905af3f53c41762fd35572ee29f3b814d7f03dc9e8966eb5014b4c251d5 174b468723bd32e89be00a428704e5d66979ac6286441651ff3be488da16407a
CLIENT_TRAFFIC_SECRET_0 e407e905af3f53c41762fd35572ee29f3b814d7f03dc9e8966eb5014b4c251d5 4de08ac0ea7deb7aef95457a415b8dfe438e6a7674a29f02f805f3e969c046ae
SERVER_TRAFFIC_SECRET_0 e407e905af3f53c41762fd35572ee29f3b814d7f03dc9e8966eb5014b4c251d5 d24624e378de5a020173f37a81144b8c0d6699eed563c921fb0263dc9e6f7859
EXPORTER_SECRET e407e905af3f53c41762fd35572ee29f3b814d7f03dc9e8966eb5014b4c251d5 e6be7a38799910ce9faeaea98da5e3eaa7925eac063758484d2c14dfe0c73455
