CLIENT_HANDSHAKE_TRAFFIC_SECRET 0c46653f69c00a2ec49e94b1ce3648b6153bbb5e459ab40ff63ac506f8b7585d 5f57b002e137868d02836a6e47dd6ed423189bf301459d00aad0a6060a741ca6
SERVER_HANDSHAKE_TRAFFIC_SECRET 0c46653f69c00a2ec49e94b1ce3648b6153bbb5e459ab40ff63ac506f8b7585d 140b5eca6619219b968161dde6e75b62dfbfd327646f42c82dec1f6eb5714eb0
CLIENT_TRAFFIC_SECRET_0 0c46653f69c00a2ec49e94b1ce3648b6153bbb5e459ab40ff63ac506f8b7585d e8634909b567a90789ce00f429c26a54b278291c0ea00ebebbf4090aa2db1de1
SERVER_TRAFFIC_SECRET_0 0c46653f69c00a2ec49e94b1ce3648b6153bbb5e459ab40ff63ac506f8b7585d b4b16406a8426dae7209026ffc7c08158746a4ea1dcd15a18d970ee10fe20109
EXPORTER_SECRET 0c46653f69c00a2ec49e94b1ce3648b6153bbb5e459ab40ff63ac506f8b7585d 3068503f7591495956bacb0013b5affba1dd04bb57be535ad14aca20ee2661dd
CLIENT_HANDSHAKE_TRAFFIC_SECRET 2a9127eb9513b9c51d54e8c23ebe267a0d20bbe16a2693ac6da9d01f2c56db1a ab46ad067d1417d4b4a2c82b3ae23361fcddfb4e52c47267e0dbb9c4834f3cae
SERVER_HANDSHAKE_TRAFFIC_SECRET 2a9127eb9513b9c51d54e8c23ebe267a0d20bbe16a2693ac6da9d01f2c56db1a c91a67a9c9517994d7beb37b793e2c17abfe2bb98a191cad103f2599492e481e
CLIENT_TRAFFIC_SECRET_0 2a9127eb9513b9c51d54e8c23ebe267a0d20bbe16a2693ac6da9d01f2c56db1a 0f708d1b7ae50bcf9ac8287186484667cf104a199434bbf4bf3dd7079eff962e
SERVER_TRAFFIC_SECRET_0 2a9127eb9513b9c51d54e8c23ebe267a0d20bbe16a2693ac6da9d01f2c56db1a db7856deaed6ef2793c37c3465af34739336c4936486775692da5706cc8f491f
EXPORTER_SECRET 2a9127eb9513b9c51d54e8c23ebe267a0d20bbe16a2693ac6da9d01f2c56db1a 2d432466aff77131a39bd2343abca0039a4bb513806e06934c62eb320a834f27
CLIENT_HANDSHAKE_TRAFFIC_SECRET 801aae86bb26658803b445baf47bca8cb418957d83268be52489de1346b7ca46 245b5f1256d457ab9ec76e1e206b5c3a544d2e4c9b7865a5debde84dd72b5489
SERVER_HANDSHAKE_TRAFFIC_SECRET 801aae86bb26658803b445baf47bca8cb418957d83268be52489de1346b7ca46 5447f83b00dcc4a7457569eda80689472b0dbff81e730821fb4541d88eb55efe
CLIENT_TRAFFIC_SECRET_0 801aae86bb26658803b445baf47bca8cb418957d83268be52489de1346b7ca46 0e691ca5f47ab60a961366998e751efe7daa9f036a05a21de299e7878391714b
SERVER_TRAFFIC_SECRET_0 801aae86bb26658803b445baf47bca8cb418957d83268be52489de1346b7ca46 e0034854f8a381807ea80ca9a4bcfacd14a9cec1b6a4275d7f5aed7174550f9f
EXPORTER_SECRET 801aae86bb26658803b445baf47bca8cb418957d83268be52489de1346b7ca46 a3f1323664139d2f7699afd0f9c484ba15dd538aba4fdec15a8081ee0103dd4b
CLIENT_HANDSHAKE_TRAFFIC_SECRET e8ae4549cb57711f77e7fad3e9197c6c5c74526722741ee3a26ebdba77f9051e 7faf41e9bce510db2acc5239cde4da41fa2a53d932896c17bb23225ce90fba97
SERVER_HANDSHAKE_TRAFFIC_SECRET e8ae4549cb57711f77e7fad3e9197c6c5c74526722741ee3a26ebdba77f9051e 45667487c3da25eaa25cbbefc298bc8e39ed216e032dccdba8513fa06051ac74
CLIENT_TRAFFIC_SECRET_0 e8ae4549cb57711f77e7fad3e9197c6c5c74526722741ee3a26ebdba77f9051e c17b3c8c693e8b0666c5b89edd91eb0aaa54ef7b556a15125930f38a7e843da6
SERVER_TRAFFIC_SECRET_0 e8ae4549cb57711f77e7fad3e9197c6c5c74526722741ee3a26ebdba77f9051e 7c33b290d45affd0f5469daf228f549f8db61c07bd7cac8b81fa74675dd51f7c
EXPORTER_SECRET e8ae4549cb57711f77e7fad3e9197c6c5c74526722741ee3a26ebdba77f9051e b2f61ab75a62b26351e906f7b3bcd59c4626abfe13711a3bd1769b53b0331b7c
CLIENT_HANDSHAKE_TRAFFIC_SECRET 7bb8810de1be1772b323fa10323951a65c3f7922c21df8de74f824ad3d4a020b 1e6f8d7699533bcd7580dc90abad1c460966d58407eb15526e0cc47cf07ffd6c
SERVER_HANDSHAKE_TRAFFIC_SECRET 7bb8810de1be1772b323fa10323951a65c3f7922c21df8de74f824ad3d4a020b 1011b7db9bd53198a7df89fe1462b87b6a71f19fc4727637e689632534ff327d
CLIENT_TRAFFIC_SECRET_0 7bb8810de1be1772b323fa10323951a65c3f7922c21df8de74f824ad3d4a020b f45a66d929ec71dc12beef01db8afb83eb5d0da6f3e1d3bfe53dbb52b9070fde
SERVER_TRAFFIC_SECRET_0 7bb8810de1be1772b323fa10323951a65c3f7922c21df8de74f824ad3d4a020b c7388cdfd001b4429bb46db1af108ff556bc3982fdfe8eaf267db4c103c57f2e
EXPORTER_SECRET 7bb8810de1be1772b323fa10323951a65c3f7922c21df8de74f824ad3d4a020b 11e8a574d412060a2d69bca4d592738963ab26b7e6ef01fc65b1c20ceef1da19
CLIENT_HANDSHAKE_TRAFFIC_SECRET e0adfd2f6a553f87ded007d8eb5745c0d599186e8065503fce59430560ac390e 3e74a05d1c6972c8dd95e8e180e813cc07de5298c0f16c48d3557aecc6750a67
SERVER_HANDSHAKE_TRAFFIC_SECRET e0adfd2f6a553f87ded007d8eb5745c0d599186e8065503fce59430560ac390e ab365c25f322d96e4311d26f82d295553ec0195615b2b38ce3c3810985e718c6
CLIENT_HANDSHAKE_TRAFFIC_SECRET 2eab6aa2bc5b95ff00bf19077ff86bc9ce25b15bece641dd27427a3d38df234d 673478bb76062d536b0bca7ed84334fbf2bba4f5f85361c12fbc669590cc5b49
SERVER_HANDSHAKE_TRAFFIC_SECRET 2eab6aa2bc5b95ff00bf19077ff86bc9ce25b15bece641dd27427a3d38df234d 9bd8601176fae87227c82c93592a76606650d74a17f9921fda95ba4fcb2b11c7
CLIENT_TRAFFIC_SECRET_0 e0adfd2f6a553f87ded007d8eb5745c0d599186e8065503fce59430560ac390e 62d80118bfdbc0fca957b61cdeb26dfabfa9f7d3223b2a933f99c7a68c62dc15
SERVER_TRAFFIC_SECRET_0 e0adfd2f6a553f87ded007d8eb5745c0d599186e8065503fce59430560ac390e 1078c0164c3bba6f587db4393ecebe25e7e445d407f131017c66ae1acd32ecb7
EXPORTER_SECRET e0adfd2f6a553f87ded007d8eb5745c0d599186e8065503fce59430560ac390e ec3dde4c1a68dea346f443389f70e53055359f30d4ccbcceb40a1b8eb801336d
CLIENT_TRAFFIC_SECRET_0 2eab6aa2bc5b95ff00bf19077ff86bc9ce25b15bece641dd27427a3d38df234d 28870d0ce8dd3d321122fd82a120e68ea4340cc8aba1bfc5f4d04037434940e1
SERVER_TRAFFIC_SECRET_0 2eab6aa2bc5b95ff00bf19077ff86bc9ce25b15bece641dd27427a3d38df234d 406e1558606fb8a13b29085d3477aeea92b8ad0fbd8d1c6656fee77de864a6fe
EXPORTER_SECRET 2eab6aa2bc5b95ff00bf19077ff86bc9ce25b15bece641dd27427a3d38df234d d0492ff1a2f7aec3185a401eb7cfcff1e753500dbd0d5ce328f4a2b117f792ca
