CLIENT_HANDSHAKE_TRAFFIC_SECRET f34e15fc2ab7e89b052193e24df25366a39498ccc2af585e001cd66b8121fb13 eb1460aa7f9003ceed9bc249dc4c68c46643040cc4549c170734838da57ed35b
SERVER_HANDSHAKE_TRAFFIC_SECRET f34e15fc2ab7e89b052193e24df25366a39498ccc2af585e001cd66b8121fb13 71a99e2fb4a87900f9d355af0d92157baf962fc0a308683f93bcce5c1396d6f7
CLIENT_TRAFFIC_SECRET_0 f34e15fc2ab7e89b052193e24df25366a39498ccc2af585e001cd66b8121fb13 80ef74b877df96eecadc2abca67a8d0c0d823f7c66657f24dedb7a321c40e2c9
SERVER_TRAFFIC_SECRET_0 f34e15fc2ab7e89b052193e24df25366a39498ccc2af585e001cd66b8121fb13 d28979b273a7a8c7fde7f10a9ab6c6a0099bda66dc408ed51d4550efb78dd256
EXPORTER_SECRET f34e15fc2ab7e89b052193e24df25366a39498ccc2af585e001cd66b8121fb13 2fff0ce248f1a636aeccb8c7a6b1c55d4b138d7eeb83bb89a85328a81e11cfe7
CLIENT_HANDSHAKE_TRAFFIC_SECRET c1e930186f1272301cd41b701b180b8c9c8de217eb1f0b12fbfd0d152f6f323f 5705d4369c9bfa46237dc2419958b01f14d3a2c58b4df80cfef35d577f57a03b
SERVER_HANDSHAKE_TRAFFIC_SECRET c1e930186f1272301cd41b701b180b8c9c8de217eb1f0b12fbfd0d152f6f323f 923a21fd9bfab7305643c8a42b733ed21b0912b5678205ebdc3a7636beb53e4b
CLIENT_TRAFFIC_SECRET_0 c1e930186f1272301cd41b701b180b8c9c8de217eb1f0b12fbfd0d152f6f323f 9d6f7b809d4fb14eee7c00e84ba0d1fbe3b2faf1d591fd8142b22b38d514b5fe
SERVER_TRAFFIC_SECRET_0 c1e930186f1272301cd41b701b180b8c9c8de217eb1f0b12fbfd0d152f6f323f 5b4f0952dc7024417da5d5e382a59d6f3427bbaf92f0988013475018f447f177
EXPORTER_SECRET c1e930186f1272301cd41b701b180b8c9c8de217eb1f0b12fbfd0d152f6f323f c142677f91ff3cfdb826ead4ca320cae842bafcbca0b00045fa86ad9b8af0f89
CLIENT_HANDSHAKE_TRAFFIC_SECRET 254483906c2918628dd2c5bd2c1e23be79be3aa0f10097e587d222f76cb6debe ebcc1f8b7106cf3cd6d715cbc1b1d47fe5154a97c94e58ee6ea2df11f4931e1c
SERVER_HANDSHAKE_TRAFFIC_SECRET 254483906c2918628dd2c5bd2c1e23be79be3aa0f10097e587d222f76cb6debe ea137e94c5d35dc86f26cca7206d7799727d472b32d8cb68d2f9124e67804786
CLIENT_HANDSHAKE_TRAFFIC_SECRET 960416c28e363034bf7219fa0c2f0c58971223efd89b1fa2edeab84e927495e9 a569c969479fd66da09d2b68b86097acc222c5d04f923b32f97fa1771ed75132
SERVER_HANDSHAKE_TRAFFIC_SECRET 960416c28e363034bf7219fa0c2f0c58971223efd89b1fa2edeab84e927495e9 235c71b4647f0a3a0fdfb7f341ded1d18e52ad45c7b58967ef47b80728d52a15
CLIENT_TRAFFIC_SECRET_0 254483906c2918628dd2c5bd2c1e23be79be3aa0f10097e587d222f76cb6debe 4bae6e01ddeefe602ae0ee4fa97cf7a7e8378a34bda9749a41e0f1117deef00e
SERVER_TRAFFIC_SECRET_0 254483906c2918628dd2c5bd2c1e23be79be3aa0f10097e587d222f76cb6debe c91f8c88c0af6c84c5a65792b2879d4637e41a8a82c55a38ecd3797a79f0f03f
EXPORTER_SECRET 254483906c2918628dd2c5bd2c1e23be79be3aa0f10097e587d222f76cb6debe 5274eae2fb154c19b10af66c9f97701e2823279b24af39dd6d6f806e4dc0210c
CLIENT_TRAFFIC_SECRET_0 960416c28e363034bf7219fa0c2f0c58971223efd89b1fa2edeab84e927495e9 854e76facf5b38c3deb547427b45a9c282f3d28a2ef728f0648dc56a08f4a1ec
SERVER_TRAFFIC_SECRET_0 960416c28e363034bf7219fa0c2f0c58971223efd89b1fa2edeab84e927495e9 0d0103b82355d9d63beb52ef80931b5d2bad057f6b41bd69b76b279c3e2ef9ea
EXPORTER_SECRET 960416c28e363034bf7219fa0c2f0c58971223efd89b1fa2edeab84e927495e9 ee0e779181e8968b7e0f1c8a2e14960d2805833db3c10ff54a86963be58fa661
CLIENT_HANDSHAKE_TRAFFIC_SECRET 2e0bfcbdc989ab3728e6ad28f73d55ccd54f92fdc3f194267e9f516a219a0098 6ede0a249d34c4632bb07d20d8113fc614bc6a1e947aceb0b8f484c6ce41d0cc
SERVER_HANDSHAKE_TRAFFIC_SECRET 2e0bfcbdc989ab3728e6ad28f73d55ccd54f92fdc3f194267e9f516a219a0098 881ef8e4b70f51adcfe9a5fe023f713cb9d09b5974249bc22cf7982755df2eac
CLIENT_TRAFFIC_SECRET_0 2e0bfcbdc989ab3728e6ad28f73d55ccd54f92fdc3f194267e9f516a219a0098 77b2c5570ff64ead70c2e5bbcc4f4a026669d57bb0a0db3997586c7f019f6ce9
SERVER_TRAFFIC_SECRET_0 2e0bfcbdc989ab3728e6ad28f73d55ccd54f92fdc3f194267e9f516a219a0098 ab0fcfeb24d4ab29e8ba054658108cd29000899cd851c1dafef8b35f66d579a7
EXPORTER_SECRET 2e0bfcbdc989ab3728e6ad28f73d55ccd54f92fdc3f194267e9f516a219a0098 ce95bdfa5da22421a85c59c6b60103c205c17a527c24313fd4cec38d20394fb0
CLIENT_HANDSHAKE_TRAFFIC_SECRET d47de86967458a0a8b5c84d2b1c56427c3f3a8b1cbc48f50ccaada1158096b7d 5ee7c01ecb9a4f3c02838ea954f7310a0d8e6f3337932573f7c1cb61439340df
SERVER_HANDSHAKE_TRAFFIC_SECRET d47de86967458a0a8b5c84d2b1c56427c3f3a8b1cbc48f50ccaada1158096b7d 3966cf489b2f41e543bddf7cb3cd09c4a843a1d414b072b22acdd9499ae91da6
CLIENT_TRAFFIC_SECRET_0 d47de86967458a0a8b5c84d2b1c56427c3f3a8b1cbc48f50ccaada1158096b7d a5ef6eda5da1f1d716dbac59838d6c1318c9a4a8cdde8ec00d88368894a88567
SERVER_TRAFFIC_SECRET_0 d47de86967458a0a8b5c84d2b1c56427c3f3a8b1cbc48f50ccaada1158096b7d 52d2653486e44eb9414a64c124e96e5f1b7b5be4e5709b19d315eafff5c6138c
EXPORTER_SECRET d47de86967458a0a8b5c84d2b1c56427c3f3a8b1cbc48f50ccaada1158096b7d 99bb619ae7709b89270fe9805a9a901c78f22b7cc354e4f69871c303f18265a5
CLIENT_RANDOM 40a4667be7e15954fa73fe9e084a66e22e291f2e946c940b4a466cfad6a19ca1 56b2dece4ef933b001d7754633ac9d5d607b51a1dbe5c3fac4ea222b150772e7d78225a777d8a436697ebcff0026e0d9
CLIENT_HANDSHAKE_TRAFFIC_SECRET 1ffd949889e5e271f204f891ea81a0d4bc9c81fbbde5392c827a408a66d17667 117f26883f6d787888bece58e231cb83920f95695a90cfa3ba0793eba26eec06
SERVER_HANDSHAKE_TRAFFIC_SECRET 1ffd949889e5e271f204f891ea81a0d4bc9c81fbbde5392c827a408a66d17667 1c3f41dd84c49c6767e72bca54c532596b051a45d05a8f7cee5bd8345b33ba58
CLIENT_TRAFFIC_SECRET_0 1ffd949889e5e271f204f891ea81a0d4bc9c81fbbde5392c827a408a66d17667 16c604a9d364f9552b373186241b5b6d4248b54fff1cf33baa44ec30d5425346
SERVER_TRAFFIC_SECRET_0 1ffd949889e5e271f204f891ea81a0d4bc9c81fbbde5392c827a408a66d17667 83978d9a847396c708f71a07ef8bc2b9338ffa62bd63ac3bb196c5ecb6976fbd
EXPORTER_SECRET 1ffd949889e5e271f204f891ea81a0d4bc9c81fbbde5392c827a408a66d17667 b69e56be56ce06abf442acaf79384234313a9564bb49644b2ea4d8271e69ea1f
CLIENT_HANDSHAKE_TRAFFIC_SECRET 3b1021bee3dbabad9021a535b5619a534dcc8794105ac3fce094ab9173c3a5c1 f031a23a37a5b316b2448709dd386373036f33bd66f91e252f99e778c87ed4b8
SERVER_HANDSHAKE_TRAFFIC_SECRET 3b1021bee3dbabad9021a535b5619a534dcc8794105ac3fce094ab9173c3a5c1 e3e76b98a688b4ea599a650b8e8d2ab9eee7acc41a3f4b05ac17499c0c7edfa3
CLIENT_TRAFFIC_SECRET_0 3b1021bee3dbabad9021a535b5619a534dcc8794105ac3fce094ab9173c3a5c1 b437e4d97a06b18d9407fb685e15ee3cad0b27e37258bf425f36fdf3edad88b3
SERVER_TRAFFIC_SECRET_0 3b1021bee3dbabad9021a535b5619a534dcc8794105ac3fce094ab9173c3a5c1 441f036ca4368cc391e646734894dfc1d9c2ee936f6bda716e160a53a394e91b
EXPORTER_SECRET 3b1021bee3dbabad9021a535b5619a534dcc8794105ac3fce094ab9173c3a5c1 e496622010a9b760dc827c93514d0098234d6ad67c1b55e46945e95c11c606e0
CLIENT_HANDSHAKE_TRAFFIC_SECRET 51de6c3a75ea2a3e6a5d5900c52f0ab07d382375cb35d1e03499aef78ee2569a 750ad92b8c9d92d0380de0956193712057e5cabe62fecf1ebcff010696533a9e
SERVER_HANDSHAKE_TRAFFIC_SECRET 51de6c3a75ea2a3e6a5d5900c52f0ab07d382375cb35d1e03499aef78ee2569a 90a265aba83c61a7e9c91568320e43b866398f99785d6c043279fc6486e5af2e
CLIENT_TRAFFIC_SECRET_0 51de6c3a75ea2a3e6a5d5900c52f0ab07d382375cb35d1e03499aef78ee2569a 48bba7d214d1b1645c4360df6fbab0b54062f4caaa2d42f1ec28e7b9b5c0a9f4
SERVER_TRAFFIC_SECRET_0 51de6c3a75ea2a3e6a5d5900c52f0ab07d382375cb35d1e03499aef78ee2569a d5f374b7d498fecd39da056ca0c1da760ee72ca8362f7883288e3e0de60c80c1
EXPORTER_SECRET 51de6c3a75ea2a3e6a5d5900c52f0ab07d382375cb35d1e03499aef78ee2569a 80f4d2344610def1a00e9aa7c1c2b644c146be54eef05271822174d611039343
CLIENT_HANDSHAKE_TRAFFIC_SECRET cf6a47a1e69f6a7a0a4b60a58aa4ba9413a8cc5ae69cfd9870bbb12a4ab688f8 92a70dab20dca4c02d02ecb6ca89644d6fce38d5bc953b0620c42fa6e36f667e
SERVER_HANDSHAKE_TRAFFIC_SECRET cf6a47a1e69f6a7a0a4b60a58aa4ba9413a8cc5ae69cfd9870bbb12a4ab688f8 169a3de70f56617e7f722ecf6c76694a55200a390e702c887d67aa5e1549bafa
CLIENT_HANDSHAKE_TRAFFIC_SECRET f5f600bec9715ee12ca6b24ffe2b4efdebfc6cbbbf7ddb0b690f72b3b2a57e0c 679fdbfc7fb91f5450bbc1e3aba1af95194313679e34be7d1e12fd738e1d1dae
SERVER_HANDSHAKE_TRAFFIC_SECRET f5f600bec9715ee12ca6b24ffe2b4efdebfc6cbbbf7ddb0b690f72b3b2a57e0c cdc3df8394e774ce3596ed870092a58a9d15a1eae55af8516899281609d63f28
CLIENT_TRAFFIC_SECRET_0 cf6a47a1e69f6a7a0a4b60a58aa4ba9413a8cc5ae69cfd9870bbb12a4ab688f8 09050e71a308447fa0cc173be9b8b1b56bce1d2470552d17158f1ca2ee0c586e
SERVER_TRAFFIC_SECRET_0 cf6a47a1e69f6a7a0a4b60a58aa4ba9413a8cc5ae69cfd9870bbb12a4ab688f8 0f9dd6b014cde128b44b29e5b7f98b593e1df99fcb2b1ac37697a93a0c7b35e5
EXPORTER_SECRET cf6a47a1e69f6a7a0a4b60a58aa4ba9413a8cc5ae69cfd9870bbb12a4ab688f8 136b383bd25b9355efc2b522df3c277f7dccdc459cc1cee38671ec3dbc2214eb
CLIENT_TRAFFIC_SECRET_0 f5f600bec9715ee12ca6b24ffe2b4efdebfc6cbbbf7ddb0b690f72b3b2a57e0c d1730b0bfbcfb5195a4ad41e3f0fd5a55f2471b3e9d819a8794dd9323ec80f13
SERVER_TRAFFIC_SECRET_0 f5f600bec9715ee12ca6b24ffe2b4efdebfc6cbbbf7ddb0b690f72b3b2a57e0c c41ee7fd5097323ccbfd317300a06fcc08d84eb7e5031a5f22111d798cefc608
EXPORTER_SECRET f5f600bec9715ee12ca6b24ffe2b4efdebfc6cbbbf7ddb0b690f72b3b2a57e0c fc081b3dd76e783993335bdea8295c0be679ca84da573ba1be07decef06e9777
CLIENT_HANDSHAKE_TRAFFIC_SECRET a416038c926d865840a8b9494ed267a7a84e3835bee246ffbe5d611cec6ed437 e255c5ba661dd01f4750005ca9f1fb39ce68433011fa71d8a9ff09cdfbe8d097
SERVER_HANDSHAKE_TRAFFIC_SECRET a416038c926d865840a8b9494ed267a7a84e3835bee246ffbe5d611cec6ed437 b87e6591bd55eb93725a0aa9433138c8757e41dd4206f74a7ab136aca630ec1d
CLIENT_TRAFFIC_SECRET_0 a416038c926d865840a8b9494ed267a7a84e3835bee246ffbe5d611cec6ed437 28f1eb3c51bea0ea8a6e00b851fad64d96e0cae17a25dfe3419349eeecb3bad0
SERVER_TRAFFIC_SECRET_0 a416038c926d865840a8b9494ed267a7a84e3835bee246ffbe5d611cec6ed437 1a4bcf9e46620d5b85023f2cb8102a2b0eee1fdcacd6a7f6ae3753ff6695ccfb
EXPORTER_SECRET a416038c926d865840a8b9494ed267a7a84e3835bee246ffbe5d611cec6ed437 681bf831a53c0e66ee8a70771b08ab1564ed904416573090c03de1cc41fd3fcb
CLIENT_HANDSHAKE_TRAFFIC_SECRET ef50b49660aa79134ece50062e28c6dcbcbd1c984108a4c5e3e3c87510775197 cc3cde81b875c8f4a56a8c631c333c5ca0bda99ff2d3283802092c72b2c8bbfb
SERVER_HANDSHAKE_TRAFFIC_SECRET ef50b49660aa79134ece50062e28c6dcbcbd1c984108a4c5e3e3c87510775197 4663f37a91d689a1a12a42a30c9110370d7297521bc999a5f71ba5050e4977dd
CLIENT_TRAFFIC_SECRET_0 ef50b49660aa79134ece50062e28c6dcbcbd1c984108a4c5e3e3c87510775197 fdeb0c1a151975c21bcc83cec83e120e884e497eac0bd2afe9a6eb7f1a788b54
SERVER_TRAFFIC_SECRET_0 ef50b49660aa79134ece50062e28c6dcbcbd1c984108a4c5e3e3c87510775197 e6edf7b8080c9b113259ddb836bee1453353d067cde9ca13df3b147a153812d3
EXPORTER_SECRET ef50b49660aa79134ece50062e28c6dcbcbd1c984108a4c5e3e3c87510775197 998cbd7d75acc1a36e91a20bb3c36be2c002e15021a26bcefc670313c0855733
CLIENT_HANDSHAKE_TRAFFIC_SECRET 16becd6f92513df423b8edb43d7327942e3ac7aff1d0e6fc2c142337ed821753 825be69e3cf0cda2af1211c70e8f33c9dada42f3b56f65d2bfd9d9a6b77e8ceb
SERVER_HANDSHAKE_TRAFFIC_SECRET 16becd6f92513df423b8edb43d7327942e3ac7aff1d0e6fc2c142337ed821753 633f88ed02fa57483e2d0809ff21f41554d65700e1454868d08b24760734f3d6
CLIENT_TRAFFIC_SECRET_0 16becd6f92513df423b8edb43d7327942e3ac7aff1d0e6fc2c142337ed821753 dbb4db485f952a7a1a502e7c9d4702e6f6fe6eb1f9a2081bc0f3330cefaaa454
SERVER_TRAFFIC_SECRET_0 16becd6f92513df423b8edb43d7327942e3ac7aff1d0e6fc2c142337ed821753 13f1bc583eb4e95e08f51c94e20c0840857c0270dfe3ddf5a375ba81f6e3a3fc
EXPORTER_SECRET 16becd6f92513df423b8edb43d7327942e3ac7aff1d0e6fc2c142337ed821753 1d14e301e13ad918e5245d317e59d1f679b0a99c9d0e7726daae78e187cfe137
CLIENT_HANDSHAKE_TRAFFIC_SECRET 482308060142e6d977387ef6fc1ccaed0d2ababf6e0334186b0de355bb7bc2d9 3a37147df3381523bd62aca3c4baecdf87716c582bde9cdc55367ddba0ac6096
SERVER_HANDSHAKE_TRAFFIC_SECRET 482308060142e6d977387ef6fc1ccaed0d2ababf6e0334186b0de355bb7bc2d9 c0d31a7f306237d633b3e9136c6c3ac23dcf86fa37e65c93c2268626197354ca
CLIENT_TRAFFIC_SECRET_0 482308060142e6d977387ef6fc1ccaed0d2ababf6e0334186b0de355bb7bc2d9 be267f2676018e2bd9bda48b0c22b6ba2377cb25e6825f74e49f200d76ba46b0
SERVER_TRAFFIC_SECRET_0 482308060142e6d977387ef6fc1ccaed0d2ababf6e0334186b0de355bb7bc2d9 74d414fef4d645730f5381c34b8e61d56f5f15afa0609f3efbde0bbe767930ce
EXPORTER_SECRET 482308060142e6d977387ef6fc1ccaed0d2ababf6e0334186b0de355bb7bc2d9 2aa558cbc938b5932beddca87468e94c455c9c397ac61d75d8f3eef62e473c6d
CLIENT_RANDOM a6fb10694ae963aab28e971ebb15b3136d4296083ebdc943bcaac6144d7dc4b5 ce8ef6513c77ff91424ff845af806090de12a82befc76afddf100b35a5de589de1dd00f3173b8624aafe7c266fa1a2cd
CLIENT_HANDSHAKE_TRAFFIC_SECRET 92da8062821f81a1a63871a46e6549d6ecc334a10ce888265a7f3c2d7c2a9f04 286921253d61f2edaa6eba590d6c720f30c7b3d0f9d2f1d5a623bcaaf00d7eaf
SERVER_HANDSHAKE_TRAFFIC_SECRET 92da8062821f81a1a63871a46e6549d6ecc334a10ce888265a7f3c2d7c2a9f04 b4f0e58061e5f656fd5d9f3c3d8495ba76bf5e1caab2e18c5a9f95ec47aa595c
CLIENT_HANDSHAKE_TRAFFIC_SECRET 58a887cf4d5d13e33bbc88971e45bc040f8294c149e873f7ce2e009b1b8ee63a 2e09ce48fb5ad91e1b44c49bd66bf1edb7f8c1e4a2ffab25a9d68f0703828231
SERVER_HANDSHAKE_TRAFFIC_SECRET 58a887cf4d5d13e33bbc88971e45bc040f8294c149e873f7ce2e009b1b8ee63a c9352ebf21677ad5b63dc64451ddca9f71e3d78bf01cb5b653980be0003e2ff3
CLIENT_TRAFFIC_SECRET_0 58a887cf4d5d13e33bbc88971e45bc040f8294c149e873f7ce2e009b1b8ee63a 4701b0ca46d855f518c32fee8606f5172c063aeadc45749f79fb0fb442068b25
SERVER_TRAFFIC_SECRET_0 58a887cf4d5d13e33bbc88971e45bc040f8294c149e873f7ce2e009b1b8ee63a 0f64bef7b00e23473add50e9ba2812abe049c87143f5b698ce61f0b3d02f18ee
EXPORTER_SECRET 58a887cf4d5d13e33bbc88971e45bc040f8294c149e873f7ce2e009b1b8ee63a fa0574c2ee38565e869a1c9d90c03f8155f5c349a10d6591b2bccf4c1d901edb
CLIENT_TRAFFIC_SECRET_0 92da8062821f81a1a63871a46e6549d6ecc334a10ce888265a7f3c2d7c2a9f04 43df0e99494ed1c6d385ea6afb3060b6fb9421767a9802e4ffadc5f2e39f7be7
SERVER_TRAFFIC_SECRET_0 92da8062821f81a1a63871a46e6549d6ecc334a10ce888265a7f3c2d7c2a9f04 eaebb25718daebc948009f6b815299cbcbbb29b6a03cd9cbbb1bd774fa01e8c1
EXPORTER_SECRET 92da8062821f81a1a63871a46e6549d6ecc334a10ce888265a7f3c2d7c2a9f04 4ed199e7247c38eb084237a5bb780d5189c54ee5d12c1028bfefa0e371bf61df
CLIENT_HANDSHAKE_TRAFFIC_SECRET 9943456f8425dfd8ed706ffbb44bf9b08693b60377a94f55ba7f2e64bb94bba7 5bdedc9e5f2dc501ac63002eb04dffa408c97d89e8b438e955ad32e230a55a9e
SERVER_HANDSHAKE_TRAFFIC_SECRET 9943456f8425dfd8ed706ffbb44bf9b08693b60377a94f55ba7f2e64bb94bba7 d87e64508b7b9dcc9799a49af45db7d25f28a71e5763811bba001e7c4870890c
CLIENT_HANDSHAKE_TRAFFIC_SECRET a58e3358dccf5e6ecbb0b7c70895e0065580991c0d7a5b8448de5aea3c3f1a27 fe3c1117262382fdc727846a677c80cd0b6016978549f81d1c68b074306cf4a7
SERVER_HANDSHAKE_TRAFFIC_SECRET a58e3358dccf5e6ecbb0b7c70895e0065580991c0d7a5b8448de5aea3c3f1a27 174b791e301c6f85d33f754f077dbdb9cc562765b559565d6446ba38b9e93462
CLIENT_TRAFFIC_SECRET_0 a58e3358dccf5e6ecbb0b7c70895e0065580991c0d7a5b8448de5aea3c3f1a27 9be993d7d5edc89e9df503e399544f63e3ed3028f0bef2a7e2c882f2b176f03c
SERVER_TRAFFIC_SECRET_0 a58e3358dccf5e6ecbb0b7c70895e0065580991c0d7a5b8448de5aea3c3f1a27 3bc1809fd5389b5c26de70aac4d1c7beeb8b80481bf53ce3ad36e28e61fadec0
EXPORTER_SECRET a58e3358dccf5e6ecbb0b7c70895e0065580991c0d7a5b8448de5aea3c3f1a27 b7d8f651f00710cd72691190f3aed15ebd3ed837c03cf70792868d2112d73df3
CLIENT_HANDSHAKE_TRAFFIC_SECRET 3677d64cda59badac2139d6dd47729bffa5d422785e39e36328f1a5418cf45f4 207ad3aef71fe2835e0cc0c3c7177d51783bb67ed39e6d70fdc61fff514fd1fc
SERVER_HANDSHAKE_TRAFFIC_SECRET 3677d64cda59badac2139d6dd47729bffa5d422785e39e36328f1a5418cf45f4 baaa5fb22516f76ba9beefb5983638eb49e2accf2a53f220cd54efc9db2a18d6
CLIENT_TRAFFIC_SECRET_0 9943456f8425dfd8ed706ffbb44bf9b08693b60377a94f55ba7f2e64bb94bba7 eec65a4b2b72d2142a423e708a98ee6804452fdeb89a1b574ce7f5e4a0cbba05
SERVER_TRAFFIC_SECRET_0 9943456f8425dfd8ed706ffbb44bf9b08693b60377a94f55ba7f2e64bb94bba7 c8c8e8aedd94fb83162d1de6671ce9a870ef6591079bcd2cd1791b69bea66981
EXPORTER_SECRET 9943456f8425dfd8ed706ffbb44bf9b08693b60377a94f55ba7f2e64bb94bba7 4ab2eacd7ec96b9bffa744f91b02082148d732a9e21936d9de7bc045b7f33876
CLIENT_TRAFFIC_SECRET_0 3677d64cda59badac2139d6dd47729bffa5d422785e39e36328f1a5418cf45f4 df729647bb1313c9368f86770a659b4a2aa03353fe5d8862c57d6a088a1762c8
SERVER_TRAFFIC_SECRET_0 3677d64cda59badac2139d6dd47729bffa5d422785e39e36328f1a5418cf45f4 ae4387ab15db1e615a2309ad212ed3908a40706d8094f06d212e6a1d68a51e9a
EXPORTER_SECRET 3677d64cda59badac2139d6dd47729bffa5d422785e39e36328f1a5418cf45f4 c2ceec0446440c780d8c9ad571f55d8437a17819a8b87f32ec7e613eb16c1781
CLIENT_HANDSHAKE_TRAFFIC_SECRET 39b942023fb1fed7b950a1a9dbcf5bb328fe70008e3112d2cdb5080e9780c757 b6933f838b9daa48d3a6065c0098f963ecbfdedb38abca091024aeda241bf669
SERVER_HANDSHAKE_TRAFFIC_SECRET 39b942023fb1fed7b950a1a9dbcf5bb328fe70008e3112d2cdb5080e9780c757 c6e828d94d222a131c26856c700a1978ca6707228ed07b5312a35bc79a8a3801
CLIENT_TRAFFIC_SECRET_0 39b942023fb1fed7b950a1a9dbcf5bb328fe70008e3112d2cdb5080e9780c757 99b0662113412289cd807ad41125cf73064f4bba6ba45706dbd2dcfb565fbf41
SERVER_TRAFFIC_SECRET_0 39b942023fb1fed7b950a1a9dbcf5bb328fe70008e3112d2cdb5080e9780c757 e2650b741b6279697e076aca218ba6c0f66d044700faee0cf1390eaf7b6f0241
EXPORTER_SECRET 39b942023fb1fed7b950a1a9dbcf5bb328fe70008e3112d2cdb5080e9780c757 73cf433f8efd91b86f2c9a19e573b0ca2a2cbe427456ec8d932d0b703719c5ea
CLIENT_HANDSHAKE_TRAFFIC_SECRET 55a77d667b32a451e83539d577a4cdce21602a779d390a3c5fd2df237648c212 6291b03caee4ddbd55b22b3ee9cd3544b833cfd370c01dae6db4d7e47f6392de
SERVER_HANDSHAKE_TRAFFIC_SECRET 55a77d667b32a451e83539d577a4cdce21602a779d390a3c5fd2df237648c212 288da24b1b71f4972ba2b859858673d4ad94f364c47fabd76643fe252e73719d
CLIENT_HANDSHAKE_TRAFFIC_SECRET 129da75d8061eedbded5da938ead35bdc18efdb8a807a48915c6d162d838a15b 9d960dc4e2caef12c75327ea9bd0ec199e84ee2728a7f540a4efef54c9e4c535
SERVER_HANDSHAKE_TRAFFIC_SECRET 129da75d8061eedbded5da938ead35bdc18efdb8a807a48915c6d162d838a15b faea31efbd25d3f551992bab40b7054641f98e75899d7c3480d9edddebaffb13
CLIENT_TRAFFIC_SECRET_0 55a77d667b32a451e83539d577a4cdce21602a779d390a3c5fd2df237648c212 a79d8c5a368b58ec134548f480d6559dc9de3018594ed210cb5d68c1807fd8de
SERVER_TRAFFIC_SECRET_0 55a77d667b32a451e83539d577a4cdce21602a779d390a3c5fd2df237648c212 4aa7d2a9731adaa9fe7a2403842867bd838bada11592979189666458e7e8433a
EXPORTER_SECRET 55a77d667b32a451e83539d577a4cdce21602a779d390a3c5fd2df237648c212 bfa9343824564e281eb3531aa3d9aa10cfacd5c7fb45de00f5379d45a3279f1e
CLIENT_TRAFFIC_SECRET_0 129da75d8061eedbded5da938ead35bdc18efdb8a807a48915c6d162d838a15b dbedb43adb869776fce55722f6e4ce2f4853ba8a760fbd14466f489c5e3da39a
SERVER_TRAFFIC_SECRET_0 129da75d8061eedbded5da938ead35bdc18efdb8a807a48915c6d162d838a15b f8820eb1ebcd467ce8a184e0987a9005fb4c5efb47abd1e1113ddc88577d5c28
EXPORTER_SECRET 129da75d8061eedbded5da938ead35bdc18efdb8a807a48915c6d162d838a15b 69fc99f3abba6bf073dd2170569d2026e988376a7fc4992606b9e3602d0c12b1
CLIENT_HANDSHAKE_TRAFFIC_SECRET 6e8c4f7566d007bbb45bac75b78055ea95e0c55e4c933b47f6ca6d12cb320041 9591491e78ae6d4cda7b06d936f05fb0f5bafff36786d509eca09bfcbc1f73c0
SERVER_HANDSHAKE_TRAFFIC_SECRET 6e8c4f7566d007bbb45bac75b78055ea95e0c55e4c933b47f6ca6d12cb320041 a38eec97fc1373444f628a6105c288d84d2d6a7f29976a5c29c545d988917c33
CLIENT_TRAFFIC_SECRET_0 6e8c4f7566d007bbb45bac75b78055ea95e0c55e4c933b47f6ca6d12cb320041 690005d7dff492572bec593a2a9c90f464d1492098517350e97cdfe8446fc518
SERVER_TRAFFIC_SECRET_0 6e8c4f7566d007bbb45bac75b78055ea95e0c55e4c933b47f6ca6d12cb320041 417c41cc304f6bcdfbfea74ec74db325add05813f2457e8ba02fa20e32435e57
EXPORTER_SECRET 6e8c4f7566d007bbb45bac75b78055ea95e0c55e4c933b47f6ca6d12cb320041 035689e5b6c2931ae8c4b7e2a226390d1e17639ef42814092bc752d9b426c7be
CLIENT_HANDSHAKE_TRAFFIC_SECRET e92f6437789c0cae4255a3c4ed5bf83ece874555c98757eb3c7ac6c69a871f65 b1daeb90e8d59e04d508b93fc8ec298ef2b70405b4d7d5b8faf6e68067f0a882
SERVER_HANDSHAKE_TRAFFIC_SECRET e92f6437789c0cae4255a3c4ed5bf83ece874555c98757eb3c7ac6c69a871f65 a8e4955f2361203736773a4ad23744b1e6a992df67f29890599c2ea36d3087f8
CLIENT_TRAFFIC_SECRET_0 e92f6437789c0cae4255a3c4ed5bf83ece874555c98757eb3c7ac6c69a871f65 eb76dd5f2ef7495deebe12122a544d980a300200e36adc9202bf678ef69ccc2f
SERVER_TRAFFIC_SECRET_0 e92f6437789c0cae4255a3c4ed5bf83ece874555c98757eb3c7ac6c69a871f65 1d5c9b3466dbc3bc2ba4aa81d4a0a6da36b567a892d440e90026cfad112b1222
EXPORTER_SECRET e92f6437789c0cae4255a3c4ed5bf83ece874555c98757eb3c7ac6c69a871f65 9821f7773998ed8c0e2505124c468b4ab833dab4bc0c44e3ec9b3712ae356c23
CLIENT_HANDSHAKE_TRAFFIC_SECRET 2945272e7bf9822580efc3c596049953e9fc28126c201741e32bf458aa6d49fa e09ddc617901f17c84677029deedd0dbc593d6ad643f9823e9703a385239003c
SERVER_HANDSHAKE_TRAFFIC_SECRET 2945272e7bf9822580efc3c596049953e9fc28126c201741e32bf458aa6d49fa 03933908dc0464726e584eb29da025b60abf6852f2395cbaf5dce26587ef4d4d
CLIENT_TRAFFIC_SECRET_0 2945272e7bf9822580efc3c596049953e9fc28126c201741e32bf458aa6d49fa b12a0ddb3bc4456a2cc5b144564b04acc7c42de54c96e8e4bc9659f29341b8ec
SERVER_TRAFFIC_SECRET_0 2945272e7bf9822580efc3c596049953e9fc28126c201741e32bf458aa6d49fa 754e248fb2739489dc99880b739b9c47df2e3b630f1c058d706bbd36da09adac
EXPORTER_SECRET 2945272e7bf9822580efc3c596049953e9fc28126c201741e32bf458aa6d49fa 569633eddeaf7d4e983e7c07942a2cf6fd9e93a9c4283a9e27f49c0522e0634a
CLIENT_HANDSHAKE_TRAFFIC_SECRET f22c59f865174cf62486760c78168fd0138b9c2a9b1cb33f759fd59214959ca2 44ff30c174547bf09c78f2a145b8dd92f6867f8129c8fceeed111c747425379f
SERVER_HANDSHAKE_TRAFFIC_SECRET f22c59f865174cf62486760c78168fd0138b9c2a9b1cb33f759fd59214959ca2 9b26a0f7c6167f913771a0cd3f28a48bf4bce67b7c34cf6444b697b2f3608aaa
CLIENT_TRAFFIC_SECRET_0 f22c59f865174cf62486760c78168fd0138b9c2a9b1cb33f759fd59214959ca2 0b51863020af01b8250ddbf74fd0bca759e8bc4ffc154122d92721921cb4942c
SERVER_TRAFFIC_SECRET_0 f22c59f865174cf62486760c78168fd0138b9c2a9b1cb33f759fd59214959ca2 5f4858e938206c6f59dedd334691d9c19a1c9476a5bec3fa1977f66725eca68a
EXPORTER_SECRET f22c59f865174cf62486760c78168fd0138b9c2a9b1cb33f759fd59214959ca2 b7a500e3e9d79e7c6f9c3229436454382b44ee204f1c10f0bf2ba9ec555a6a63
CLIENT_HANDSHAKE_TRAFFIC_SECRET 38de0afe668817a7c309be80fb4821d008d34821fce49601614a17fe26fb5cbd 4d3adfeb5f366f7c91e4439706ed97712270945b27cff5e6b350317a779c5480
SERVER_HANDSHAKE_TRAFFIC_SECRET 38de0afe668817a7c309be80fb4821d008d34821fce49601614a17fe26fb5cbd cc77a5112ed205d6e13dfe68a619763fe9c4602eee3b9ff61e801ea6a2732ff4
CLIENT_TRAFFIC_SECRET_0 38de0afe668817a7c309be80fb4821d008d34821fce49601614a17fe26fb5cbd b14166d2172826713da87958cf06625c754789a277f2962d10499e1712e30521
SERVER_TRAFFIC_SECRET_0 38de0afe668817a7c309be80fb4821d008d34821fce49601614a17fe26fb5cbd e639274b016644f0bc0a1f7d9654134152e1adc663c3a35282f12fae456fe6d4
EXPORTER_SECRET 38de0afe668817a7c309be80fb4821d008d34821fce49601614a17fe26fb5cbd 56a62995ff540edefa059c610d6cbc5382c715ad36f9eedfd026e542a86416bc
CLIENT_HANDSHAKE_TRAFFIC_SECRET 2382f80fdd10c18557eaa1fc87630f5fc3714815247e7d81709520c9090ab74e 6bb3e12e16a275696b2799b5fde585ecb21a3d323461f44ff200d824586d948e
SERVER_HANDSHAKE_TRAFFIC_SECRET 2382f80fdd10c18557eaa1fc87630f5fc3714815247e7d81709520c9090ab74e 0f8b76a1a701e84af7c74b116be983e6013b421adff7d392bb150317e47fc323
CLIENT_HANDSHAKE_TRAFFIC_SECRET e67963ce5afcdd64765ff16ea7f526ec0d571fb587495e9ebdcb49584699dc9c f1288b00a1bee1b2d6575019d9e312d650f477b129db5bf4f4d9cfb13a2cf8e0
SERVER_HANDSHAKE_TRAFFIC_SECRET e67963ce5afcdd64765ff16ea7f526ec0d571fb587495e9ebdcb49584699dc9c 4aa860ef384c8471fcd0e29d9760430c42cf34788fedd1d033684acaad4de62b
CLIENT_TRAFFIC_SECRET_0 e67963ce5afcdd64765ff16ea7f526ec0d571fb587495e9ebdcb49584699dc9c dd1636080153a4df250c49110822128a431399264ecbcbf40d7cdff8f2b596aa
SERVER_TRAFFIC_SECRET_0 e67963ce5afcdd64765ff16ea7f526ec0d571fb587495e9ebdcb49584699dc9c 234f0c5627c9300a80f2795ef3f96f669b701655bdf31c3abe86e5b3f4bd31df
EXPORTER_SECRET e67963ce5afcdd64765ff16ea7f526ec0d571fb587495e9ebdcb49584699dc9c 5e0a049aef702903fb45949dbb9cd2ab9fb167f7fd7e92342dab10be0692f9de
CLIENT_TRAFFIC_SECRET_0 2382f80fdd10c18557eaa1fc87630f5fc3714815247e7d81709520c9090ab74e 06aafe0d9d76cd49e105aa41b21a45573081e947d34a6b8801bc96e25def55b0
SERVER_TRAFFIC_SECRET_0 2382f80fdd10c18557eaa1fc87630f5fc3714815247e7d81709520c9090ab74e f3193665c99476cb72c6b79fc088858c225a879a9bcb967383555f185d38ebe9
EXPORTER_SECRET 2382f80fdd10c18557eaa1fc87630f5fc3714815247e7d81709520c9090ab74e 81c012eb026523f4b979f1052a6d77b8f9600e1d0f3dcb9f25ef650150aa0849
CLIENT_RANDOM 640cf58216113cdc76fb89dbdb9d658ab3b2083c286486059e3b7fc4a67ba8f3 85912cce7afe9eb191ecd636ac2f95214be88d9d600683021aaba8be2d78ec9a83e1dd60d7e752d78f4f69defd45363e
CLIENT_HANDSHAKE_TRAFFIC_SECRET e046e09b7b15c005091a517ef4badddc2d6e0168c5a17b1727b7f246e04b65ff 408208065721adf04999ce6370627a580ca3dd5e5a1fee92dc6c2f9a18e269d9
SERVER_HANDSHAKE_TRAFFIC_SECRET e046e09b7b15c005091a517ef4badddc2d6e0168c5a17b1727b7f246e04b65ff fbb03ba1a956876c74f289dbb1c104c754964d8ffab1b50fa0dbf91279c7d0a7
CLIENT_TRAFFIC_SECRET_0 e046e09b7b15c005091a517ef4badddc2d6e0168c5a17b1727b7f246e04b65ff 0ac7315f29fb5807504cdbc36193e7fcaf6d4056171fb64ffc183b617d30938c
SERVER_TRAFFIC_SECRET_0 e046e09b7b15c005091a517ef4badddc2d6e0168c5a17b1727b7f246e04b65ff bdc71516fa76ebaf893486083dcb3073700cdb5f27fff88db44ddb242938144e
EXPORTER_SECRET e046e09b7b15c005091a517ef4badddc2d6e0168c5a17b1727b7f246e04b65ff 83dc6fbae80a08cf0a882591ead01a065e4dbadc76c45e6e8108fa38eb66afce
CLIENT_RANDOM b41437f76ed87fb38183f15c744e8e09439c8261c3ba9279cca2093461d376fe 730ec290ef83277ae7bf1658ffa2ffd6c59d63d99446697b17cdd1322bb8df94b43ba10d55275dbec86cfe06ef23cc8b
CLIENT_HANDSHAKE_TRAFFIC_SECRET b8b7b7bdf48d563f76fff85811ef4b2094aa455a166731bee6c6479d8b0f2483 08c851faf310a79090b21a58275544d74d66334e68b9ef0336a8a63b03886554
SERVER_HANDSHAKE_TRAFFIC_SECRET b8b7b7bdf48d563f76fff85811ef4b2094aa455a166731bee6c6479d8b0f2483 d5fc6f2de3c92be5481836fdaf0a2828d2771261bb7f1847faae1162c04e0910
CLIENT_TRAFFIC_SECRET_0 b8b7b7bdf48d563f76fff85811ef4b2094aa455a166731bee6c6479d8b0f2483 eac8fe6faa0768d179fa475e035dc60deb72d67f9a97d8fde92a12910d428580
SERVER_TRAFFIC_SECRET_0 b8b7b7bdf48d563f76fff85811ef4b2094aa455a166731bee6c6479d8b0f2483 cae15d7a3ec520958637a3ef6b4aabc79a65ebcfed71d7f67d63a1edac25e41a
EXPORTER_SECRET b8b7b7bdf48d563f76fff85811ef4b2094aa455a166731bee6c6479d8b0f2483 86bf0db735baf1639d93f17977650275d5212b43b933a1cec62b52a849648535
