CLIENT_HANDSHAKE_TRAFFIC_SECRET be0357ec7ec001196b53418561d62ee2b1b636c0ad6085e178f69e8d5b56f538 2b898389057a021fdabb6458c7a60cd296c727aa3cc3ffcc5c437555a86a5957
SERVER_HANDSHAKE_TRAFFIC_SECRET be0357ec7ec001196b53418561d62ee2b1b636c0ad6085e178f69e8d5b56f538 e577eaad383d8ea17ec0931ce024f191239806f8798c95bb38247e38019aaa12
CLIENT_TRAFFIC_SECRET_0 be0357ec7ec001196b53418561d62ee2b1b636c0ad6085e178f69e8d5b56f538 2bdcd3b0d77231777569da83ae1d059230d441c3d1afe04b8dcd30f5b435168a
SERVER_TRAFFIC_SECRET_0 be0357ec7ec001196b53418561d62ee2b1b636c0ad6085e178f69e8d5b56f538 7b92c565d774d7cfccc116c2ba92ae0fc8524aeaf67b41844f24ad901bb2e8f8
EXPORTER_SECRET be0357ec7ec001196b53418561d62ee2b1b636c0ad6085e178f69e8d5b56f538 6b8811afa8418a82924f081acb412c912cda437650f416957abe022a010e8801
CLIENT_HANDSHAKE_TRAFFIC_SECRET c46840695e98e1a7b189931b3b69c8f79952d964763e1a34acf6c1fe5e187e36 a398e38fdda0096f2d20df91e328b4f56b2b37cda8057b30b9e78106b9cf09e7
SERVER_HANDSHAKE_TRAFFIC_SECRET c46840695e98e1a7b189931b3b69c8f79952d964763e1a34acf6c1fe5e187e36 aaa9bab90999198d235de2a2baaf425e380f84975c57a01c63f3421b1a616c3a
CLIENT_HANDSHAKE_TRAFFIC_SECRET 581d918f0337955220570a2e8adcb9b06b8fc6e8021e8ec07efd53a8c20301d7 dd4a5f5685e47b3fe2260c90614d2fa8b0cf91db4e3eff14e0b2d0f73dc2197b
SERVER_HANDSHAKE_TRAFFIC_SECRET 581d918f0337955220570a2e8adcb9b06b8fc6e8021e8ec07efd53a8c20301d7 1f66ecd0d02613401db61fdcfc29dbbefd499443d8056d6ec7c588c81a5e7a62
CLIENT_TRAFFIC_SECRET_0 581d918f0337955220570a2e8adcb9b06b8fc6e8021e8ec07efd53a8c20301d7 8d15b236d161bce17fe8122824914ce7ab0ea1705b9955c582533170fe9e9b6c
SERVER_TRAFFIC_SECRET_0 581d918f0337955220570a2e8adcb9b06b8fc6e8021e8ec07efd53a8c20301d7 b51df158636c845b0cc50c5d578166121bf984ae383e80b3a0c7116771d5d21c
EXPORTER_SECRET 581d918f0337955220570a2e8adcb9b06b8fc6e8021e8ec07efd53a8c20301d7 bc9e52638196e4fdb839a479b183cdfd3206dd60d252da7782390c946296bdc7
CLIENT_TRAFFIC_SECRET_0 c46840695e98e1a7b189931b3b69c8f79952d964763e1a34acf6c1fe5e187e36 0f9a5b63caf9fce8bcc4e5d5f018a53afe6db520da9621b1c9dd20760311c91a
SERVER_TRAFFIC_SECRET_0 c46840695e98e1a7b189931b3b69c8f79952d964763e1a34acf6c1fe5e187e36 3e7bd99e4261d5557cff54de3a6772eb9b8984f948b4269305e3d4ae37fe38d4
EXPORTER_SECRET c46840695e98e1a7b189931b3b69c8f79952d964763e1a34acf6c1fe5e187e36 03dc4bad9d7b0d22a57d555c6c581327c174adaf4a514e0953a24cbe40121a3a
CLIENT_HANDSHAKE_TRAFFIC_SECRET 0466b444a6e139ed7594af20792ef84a9b317b70c5e6c3d57ac764b0b9616934 f9920d86bff43715290c6f4d08a8ae43f2433a1ba0c4820fcb91b6e774edbc92f38aebe413d3179577e9d75208c80bc5
SERVER_HANDSHAKE_TRAFFIC_SECRET 0466b444a6e139ed7594af20792ef84a9b317b70c5e6c3d57ac764b0b9616934 4dd9b196d3b6f8adae7ab6611c19fca2f7370c1c0befd81a0668bd1b2abd17b0a9fd48ec425413675c0bb8ad638f5306
CLIENT_TRAFFIC_SECRET_0 0466b444a6e139ed7594af20792ef84a9b317b70c5e6c3d57ac764b0b9616934 7ec388c382447e099a77e3af02babcaf5e6cc0145fbdb1c7e18a9b0906afc560af451e8019f54292e12b43604735c03b
SERVER_TRAFFIC_SECRET_0 0466b444a6e139ed7594af20792ef84a9b317b70c5e6c3d57ac764b0b9616934 a72e9eeadb825b6b4b3b20ae3924c1e02ae44fc5325fd5e4328b6fbc0dd1bad6a31bdbc45fbeeabe1ff9254e150bc47b
EXPORTER_SECRET 0466b444a6e139ed7594af20792ef84a9b317b70c5e6c3d57ac764b0b9616934 ac14f67e36cf9dacc5be90d377a36304c80ae740a96fe89399f8642bfd594b3048f995df1aa1382494dd24fbcaa4de3b
CLIENT_HANDSHAKE_TRAFFIC_SECRET 10abb7ff0356082e7b11390893d8a0595af392c57dad3c96336fe71cf025f443 aaf59812ad5e9276e451cdea3635019a1db7439ca4fabe3f25c9b8c7d543b33b
SERVER_HANDSHAKE_TRAFFIC_SECRET 10abb7ff0356082e7b11390893d8a0595af392c57dad3c96336fe71cf025f443 029478bd412f414ca50d006bab79da83f5a992fb91c76d715c35f737dcd5a6ad
CLIENT_HANDSHAKE_TRAFFIC_SECRET 5cc6f33c31496f8c6b00115725ce0aac14c0757907be524355b6e532927e538b 7d3893a5d3343dfce6861ea3102fa16dbcc8d0b4fcace72b5b7405bffe4758ed
SERVER_HANDSHAKE_TRAFFIC_SECRET 5cc6f33c31496f8c6b00115725ce0aac14c0757907be524355b6e532927e538b 1da3fe1fb58ba4fc33ebed7ab9234eec172081a7a2e853b917486fddf90ed147
CLIENT_TRAFFIC_SECRET_0 5cc6f33c31496f8c6b00115725ce0aac14c0757907be524355b6e532927e538b 8390c97e8801921df5fe1daa6d1e742c796cf07dd9fc8375e20bd745886d20ce
SERVER_TRAFFIC_SECRET_0 5cc6f33c31496f8c6b00115725ce0aac14c0757907be524355b6e532927e538b 7891c0291785e891975cefbab82f844501cae158befefbe0407061052e3cc54c
EXPORTER_SECRET 5cc6f33c31496f8c6b00115725ce0aac14c0757907be524355b6e532927e538b de9e3b3d0c65a3bc3d06b018d42c2ff3f99e76958ec19b713612cd8eeb946e9c
CLIENT_TRAFFIC_SECRET_0 10abb7ff0356082e7b11390893d8a0595af392c57dad3c96336fe71cf025f443 dae35612feb73f9f3ecb404e566ac088c6a85cbeb6396111879b4a9f447ab219
SERVER_TRAFFIC_SECRET_0 10abb7ff0356082e7b11390893d8a0595af392c57dad3c96336fe71cf025f443 3973311665f17131d11d713b905b3d60734321c882cbd63ac0ed288e347be7e4
EXPORTER_SECRET 10abb7ff0356082e7b11390893d8a0595af392c57dad3c96336fe71cf025f443 bcdb6d268bb96f2dbe6d2b98666a05609f61c168e82f12de44f43d8161c949b0
CLIENT_HANDSHAKE_TRAFFIC_SECRET 61ea6bcd580784155744fac88c9144a72918849e514a844f0abca1150e6403de 352d6d026b29c8f9075ecca094aa01cc505df558794d10665333eae11928558c
SERVER_HANDSHAKE_TRAFFIC_SECRET 61ea6bcd580784155744fac88c9144a72918849e514a844f0abca1150e6403de 9ff72bcbcbd6c999f00ac424b17259c7a57e354116d194632ce42d3620625fa4
CLIENT_TRAFFIC_SECRET_0 61ea6bcd580784155744fac88c9144a72918849e514a844f0abca1150e6403de c059c29f861596a06060a1fcd6c424f1e8b6bb8c2655e918c39acf0a7b335cf5
SERVER_TRAFFIC_SECRET_0 61ea6bcd580784155744fac88c9144a72918849e514a844f0abca1150e6403de e228ecdb5704ae47936b3382ac2a779c208c4d8a2797169c894226ccd40f9272
EXPORTER_SECRET 61ea6bcd580784155744fac88c9144a72918849e514a844f0abca1150e6403de fee1eeff47af4716891b14a7984c270f9207930bfe3318797a32f4c83121b6e3
CLIENT_HANDSHAKE_TRAFFIC_SECRET b85b0040a4d17f982fce75e71a22eafa605560c1066915d0f843dd68b7f44af9 3feb4112315188e19c60422aa80d34a2daa8fe4b621e7a2552e1b3fcb1e58f7d
SERVER_HANDSHAKE_TRAFFIC_SECRET b85b0040a4d17f982fce75e71a22eafa605560c1066915d0f843dd68b7f44af9 189ccba41deaa85fe44686c29a035afa92140430335d753e7d55c46c2d161270
CLIENT_TRAFFIC_SECRET_0 b85b0040a4d17f982fce75e71a22eafa605560c1066915d0f843dd68b7f44af9 1463f96470310296c64848dadb41fe157cd8e69147bff6b301c93ad8f04a1ad4
SERVER_TRAFFIC_SECRET_0 b85b0040a4d17f982fce75e71a22eafa605560c1066915d0f843dd68b7f44af9 d0b13b6d24d2215bfc691adcbcd41e345d779df5f14ec0c572883c146afa511d
EXPORTER_SECRET b85b0040a4d17f982fce75e71a22eafa605560c1066915d0f843dd68b7f44af9 84a68b516e2db056d7d2431ed515761a6f1ae280a01fb1e466d2af53eee28023
CLIENT_HANDSHAKE_TRAFFIC_SECRET 95cf2d96211b57876fa30e451f81e699b9633ba4aa328cbd4ccac316be856924 a17f285e8d2cc840f7d572cdcf9d30b0a5aaa0a38f612203d84d1865cd5012b9
SERVER_HANDSHAKE_TRAFFIC_SECRET 95cf2d96211b57876fa30e451f81e699b9633ba4aa328cbd4ccac316be856924 dca92a34944caf8c74f8576f387a9d7a3b41e88ef3eb3d7d8b68e7239148d681
CLIENT_TRAFFIC_SECRET_0 95cf2d96211b57876fa30e451f81e699b9633ba4aa328cbd4ccac316be856924 8dcd9238447c50ce8ffdc5b2b4f37408856e85334ec65d4ce22e744ee1c629d9
SERVER_TRAFFIC_SECRET_0 95cf2d96211b57876fa30e451f81e699b9633ba4aa328cbd4ccac316be856924 9ebae109b2b4960c9b1f4736fa46988728789c8ce3623159dd240bd5056b3ab7
EXPORTER_SECRET 95cf2d96211b57876fa30e451f81e699b9633ba4aa328cbd4ccac316be856924 d46213913cb117a21bef7a8a93ad9a5193a118b9c58ca997410cf229f2d7c7f1
CLIENT_HANDSHAKE_TRAFFIC_SECRET 9aed6ec08d862edde9b0199f8e2971cffeddf64c6a84978d26c7a72289314a83 a6b7bf376e0becbf238be49290c28bf63f7ce08a908d167849e7d039852db362
SERVER_HANDSHAKE_TRAFFIC_SECRET 9aed6ec08d862edde9b0199f8e2971cffeddf64c6a84978d26c7a72289314a83 08fcb65f1f7569f1cde1a2390660e44977bf241be30c4216aa69ecb0d14db378
CLIENT_TRAFFIC_SECRET_0 9aed6ec08d862edde9b0199f8e2971cffeddf64c6a84978d26c7a72289314a83 2d870151e2bafa84d1df4429a607f00326393c87fc7e20b98eb0e050b05fa56b
SERVER_TRAFFIC_SECRET_0 9aed6ec08d862edde9b0199f8e2971cffeddf64c6a84978d26c7a72289314a83 a4f7734755064cfa6a522a6b6ec89357c5b5608c7eb1b640c707b0debe504afc
EXPORTER_SECRET 9aed6ec08d862edde9b0199f8e2971cffeddf64c6a84978d26c7a72289314a83 8c1ebe63b02d017d93f0f4c2c5d44af1fbc0bd7991a5d8133e700ac9eff47552
CLIENT_HANDSHAKE_TRAFFIC_SECRET 03df3ec940067766962293c8b07c65f44d685c0d01e8c38f52658240cf952452 cdf20d5c21f988ab3a874fb621f2e921215ac915f3158dc64d22fb6dd486c7d8
SERVER_HANDSHAKE_TRAFFIC_SECRET 03df3ec940067766962293c8b07c65f44d685c0d01e8c38f52658240cf952452 5e7a503f4ecaf45a13ca55a33f38845aa5d7f21b1b1c43b8a43714ebea6a2156
CLIENT_HANDSHAKE_TRAFFIC_SECRET 553bf3ea8d67c08d90f2941a0f5f540d0af46c73af29cfbf080a348b2cc433d4 ddc36e89bea01a2ffc08350de97a8fde2626ac0700339432aa32f4286abb416d
SERVER_HANDSHAKE_TRAFFIC_SECRET 553bf3ea8d67c08d90f2941a0f5f540d0af46c73af29cfbf080a348b2cc433d4 f3f515eaf11cca1cb800786fb200467c5d7242e5f066acf7a34e64202c611c73
CLIENT_TRAFFIC_SECRET_0 03df3ec940067766962293c8b07c65f44d685c0d01e8c38f52658240cf952452 420a08eb11b1aa056690ca611030f0a748c2a92dc61a72fe14acd4eb1ecc1d12
SERVER_TRAFFIC_SECRET_0 03df3ec940067766962293c8b07c65f44d685c0d01e8c38f52658240cf952452 51b6e6278929642bdc9c4f2f05a6a1bfc880cd2fd9628d1a98e0203959676fd9
EXPORTER_SECRET 03df3ec940067766962293c8b07c65f44d685c0d01e8c38f52658240cf952452 98734cde051992edd02a2825c6af16b1524d9965610932aeec4d1ccab331f2f0
CLIENT_HANDSHAKE_TRAFFIC_SECRET 5e74e5216f729ab6810397eb3030dd148a5e5247e53ceaa9c687ca1af1deaf96 15f388544100549f98cf6474b48138d486863f514e9d0ccb8e42b033c2092e25
SERVER_HANDSHAKE_TRAFFIC_SECRET 5e74e5216f729ab6810397eb3030dd148a5e5247e53ceaa9c687ca1af1deaf96 fc7ae63af39ba5f91fa2f704a3761124cb7b53f3ed853b9278adb4abf1d7f633
CLIENT_HANDSHAKE_TRAFFIC_SECRET 153c567a1c52bc4be8e08acc3d4d48cd259a5efa3a642dc2a61abbbf51fdfcb0 24b487143118ba52ac2c9445a85b4b7d5f6d1b7fab8c97a56d61f5f0c65f3593
SERVER_HANDSHAKE_TRAFFIC_SECRET 153c567a1c52bc4be8e08acc3d4d48cd259a5efa3a642dc2a61abbbf51fdfcb0 b86f33a9a8fd4927309194044b0c14d48fa786eb5a0e2462803cd7d93b560b0b
CLIENT_TRAFFIC_SECRET_0 5e74e5216f729ab6810397eb3030dd148a5e5247e53ceaa9c687ca1af1deaf96 04e261169b6d0c2988e4fed857e493a9430ff81969b7554f5133dcf69e845f06
SERVER_TRAFFIC_SECRET_0 5e74e5216f729ab6810397eb3030dd148a5e5247e53ceaa9c687ca1af1deaf96 1f8330238f19ef2fe210215a51ab8e110b18aa8a4a4a97e60938a4146fd7ff71
EXPORTER_SECRET 5e74e5216f729ab6810397eb3030dd148a5e5247e53ceaa9c687ca1af1deaf96 97c7c98b35372623ada3b2b27107d6e32543812b38a18f22ad2473279d3d8d63
CLIENT_TRAFFIC_SECRET_0 153c567a1c52bc4be8e08acc3d4d48cd259a5efa3a642dc2a61abbbf51fdfcb0 f4fe255c92db54317c42cc4d0a7e0653cccaa0ec1e5660476f34eb35d498b2e6
SERVER_TRAFFIC_SECRET_0 153c567a1c52bc4be8e08acc3d4d48cd259a5efa3a642dc2a61abbbf51fdfcb0 c0221994309755fbe0cf5b0938b714f5666469b1713dd8a2f2e9f7a8ab91862a
EXPORTER_SECRET 153c567a1c52bc4be8e08acc3d4d48cd259a5efa3a642dc2a61abbbf51fdfcb0 899f2b3585a88d5610f005d902dd156769a6da59be272ebd7f9c0c1b5c45f034
CLIENT_HANDSHAKE_TRAFFIC_SECRET c8bac7e7c7e54be698f07653c63f4fe2aa75cb0b1e2556ebdaa93903366a1491 f69e36f334a496ae4b7c484566618403c7e63e9bec694274d4eaf4d8c3fdaa2d
SERVER_HANDSHAKE_TRAFFIC_SECRET c8bac7e7c7e54be698f07653c63f4fe2aa75cb0b1e2556ebdaa93903366a1491 280dd1c0e5ac39952f299b45d8f6b25b3c9c2dff0a02d7f40b7b610cc2271961
CLIENT_RANDOM 0347dafccf32166f1aa09aa1f0c40aa75bf749601bd57a896796a57f10f22ba8 abad4dcbeabd2163008bab2bf5cda24334b9302255ff608ce4d85d2ade2a55fa2348794a71bd2ee1f26d5d9e4faa4acc
CLIENT_TRAFFIC_SECRET_0 c8bac7e7c7e54be698f07653c63f4fe2aa75cb0b1e2556ebdaa93903366a1491 60aac0ff8b8b29bf999066a21b7e4c5b986d6199c0bdd7c1d047060110f1be20
SERVER_TRAFFIC_SECRET_0 c8bac7e7c7e54be698f07653c63f4fe2aa75cb0b1e2556ebdaa93903366a1491 27a2a9d8dd8b3d45b6d212e82f100293ec977fab7a9de8284c44f92493f9aedf
EXPORTER_SECRET c8bac7e7c7e54be698f07653c63f4fe2aa75cb0b1e2556ebdaa93903366a1491 f6ac535d312bf0d316b3e70bc2bdec79408bedcf98a9ebaf632860d35a62f587
CLIENT_HANDSHAKE_TRAFFIC_SECRET 50316e91d49f06505b82e334ab275aff4a610a2bc9c447a01e276e0d34c631fe 2427803a72702cf40996775b6ce6d2517055f9099624cf73e6aff0c0734d0856
SERVER_HANDSHAKE_TRAFFIC_SECRET 50316e91d49f06505b82e334ab275aff4a610a2bc9c447a01e276e0d34c631fe 50fa1a129d390674d4b4494328f83319fa98b193de88c05789f7b89ec80399bd
CLIENT_TRAFFIC_SECRET_0 50316e91d49f06505b82e334ab275aff4a610a2bc9c447a01e276e0d34c631fe 64cfdb919664bd7add85479218fbad149fddfbf2d4c54f516cd3e5384a75a09e
SERVER_TRAFFIC_SECRET_0 50316e91d49f06505b82e334ab275aff4a610a2bc9c447a01e276e0d34c631fe a08017b2e72bb65c579cc4aa88ce41e71d728ced676d0c37852055cf888b5514
EXPORTER_SECRET 50316e91d49f06505b82e334ab275aff4a610a2bc9c447a01e276e0d34c631fe aa79d9612a038544185b4f95f3002dd3c0bdeafcee3f928222e88417141c8d30
CLIENT_HANDSHAKE_TRAFFIC_SECRET e2c7a12b849c9eb6de732e732c60bdec24232f47ff33dd1ec32dd277e80a50de a7051e878506890781b2aa3b4d55c2ab330e4c7f1c8f5a35cd83525365ed45fc
SERVER_HANDSHAKE_TRAFFIC_SECRET e2c7a12b849c9eb6de732e732c60bdec24232f47ff33dd1ec32dd277e80a50de 5975299c48fcb131b9e8f4c23fcf6b633596fb7e614a4698a9ad6d3531c1fda0
CLIENT_TRAFFIC_SECRET_0 e2c7a12b849c9eb6de732e732c60bdec24232f47ff33dd1ec32dd277e80a50de e129a993ec95f02096d03098db380b4ea046ee8f63d094b9a5502ef2d95df811
SERVER_TRAFFIC_SECRET_0 e2c7a12b849c9eb6de732e732c60bdec24232f47ff33dd1ec32dd277e80a50de fba08cfae6135a32726eee28f446773ab8568fba04e30e6b42374abade184815
EXPORTER_SECRET e2c7a12b849c9eb6de732e732c60bdec24232f47ff33dd1ec32dd277e80a50de 259567cbe9eecd9edcfe95983ebd1168ebf5018b5fa488cf7e8ff4b9df85b080
CLIENT_HANDSHAKE_TRAFFIC_SECRET a34802433a04a1d0d27ba8a10eb38f08a9a5495c5fc87e9ef2ccbea7ff9cdb61 6fa65e3e53a86515d68abd65efe9185e8eb71d35f225c43f57fefa76264f8432
SERVER_HANDSHAKE_TRAFFIC_SECRET a34802433a04a1d0d27ba8a10eb38f08a9a5495c5fc87e9ef2ccbea7ff9cdb61 6d9fa55a60bf9f397b9df89febbadcbed98e29314aa08b2fb2f496db14b0a588
CLIENT_TRAFFIC_SECRET_0 a34802433a04a1d0d27ba8a10eb38f08a9a5495c5fc87e9ef2ccbea7ff9cdb61 fcea4da3745c1be46a760ce6c08374784e22547454b20bba545a095bca6c4b2c
SERVER_TRAFFIC_SECRET_0 a34802433a04a1d0d27ba8a10eb38f08a9a5495c5fc87e9ef2ccbea7ff9cdb61 2788696a0f8b082df2f29e333614491e44383d5b67ace65d18cb823f98541491
EXPORTER_SECRET a34802433a04a1d0d27ba8a10eb38f08a9a5495c5fc87e9ef2ccbea7ff9cdb61 8278049011983d23e487eb17f7be1081effa3da5e6455e9467f4c057beacf275
CLIENT_HANDSHAKE_TRAFFIC_SECRET 73e002a5a426ae6ca37c00f9860325cd31c010227b987574deacfe2de77b60c6 065c99f4380d46277408a0d032880611e69d9f51fb36a5a0fe47535cb077d7a9
SERVER_HANDSHAKE_TRAFFIC_SECRET 73e002a5a426ae6ca37c00f9860325cd31c010227b987574deacfe2de77b60c6 4ccc5f791747eafe8e1943f2f49b92924e6f1a36665cd9b8e1de6c1d3b568259
CLIENT_HANDSHAKE_TRAFFIC_SECRET aa5766a19ff6839aaf44cc04d7a2c43790b37cad92d2b0db62177ba6f2612028 41d6b4bc01889da3de0ea63f857bd015ebcb254b0fb99aa9899f4638b0324e43
SERVER_HANDSHAKE_TRAFFIC_SECRET aa5766a19ff6839aaf44cc04d7a2c43790b37cad92d2b0db62177ba6f2612028 f8fcdde001478c8dbfed5e36b5b939c07c9db4f01bb05919b2d51dd103e69808
CLIENT_TRAFFIC_SECRET_0 73e002a5a426ae6ca37c00f9860325cd31c010227b987574deacfe2de77b60c6 63ec67789d7c1a69433aedffad2227ce22e6c563a8de6d956961868f2ee5109e
SERVER_TRAFFIC_SECRET_0 73e002a5a426ae6ca37c00f9860325cd31c010227b987574deacfe2de77b60c6 5e875e7e8e7e95ce4b992a74b2e612a52d80d4a2cfcac9e2325be40ab1c3504f
EXPORTER_SECRET 73e002a5a426ae6ca37c00f9860325cd31c010227b987574deacfe2de77b60c6 e74a53f5fa6b69a072254a6657f24f692321cb111cb6a8248678cefa61fb85e6
CLIENT_TRAFFIC_SECRET_0 aa5766a19ff6839aaf44cc04d7a2c43790b37cad92d2b0db62177ba6f2612028 727028c8eb25f2df180ec6969628c53572b42f846b03caf0c6c629ed8aa041fe
SERVER_TRAFFIC_SECRET_0 aa5766a19ff6839aaf44cc04d7a2c43790b37cad92d2b0db62177ba6f2612028 a6e8ca05b858f3fcd6cce4201a9a2d6f4fb59a44a9462f2bbe04430112375aad
EXPORTER_SECRET aa5766a19ff6839aaf44cc04d7a2c43790b37cad92d2b0db62177ba6f2612028 8b7851b1d5c5d42d252d6a9cf25e6c02cfac343ca2177f2aabfa4730d30b5463
CLIENT_HANDSHAKE_TRAFFIC_SECRET 21bb192bd71f67e388925989b6a929c5a04e985dbcff639822101e3d657df191 87bd1e5f6f5e44c738e4a402b866523ccf32c527a8e3e5daebdef1e943b6cccd
SERVER_HANDSHAKE_TRAFFIC_SECRET 21bb192bd71f67e388925989b6a929c5a04e985dbcff639822101e3d657df191 5bb92623d8eeec659815f26e88e0a6cb90e8b17201aae4bb8b206b966dc6a317
CLIENT_TRAFFIC_SECRET_0 21bb192bd71f67e388925989b6a929c5a04e985dbcff639822101e3d657df191 72b392bd4ebe8ee4187eecb2d21e5b1bbed01d889d52af3bda3e1aae52d8d723
SERVER_TRAFFIC_SECRET_0 21bb192bd71f67e388925989b6a929c5a04e985dbcff639822101e3d657df191 98d4a059f5063d076f05305191929580b55c151498e972fd7928935fff77a6d7
EXPORTER_SECRET 21bb192bd71f67e388925989b6a929c5a04e985dbcff639822101e3d657df191 63ca9068627a898e9b32fcec60c62cd360a6b531a1695359ee422c06bfcbfd60
CLIENT_HANDSHAKE_TRAFFIC_SECRET f151f91a12c3c6ff9c8964fa1ff0d972210933ac993d522fa0e3f6d390d74e6d 118cbf5375909a22814137fef8fbdba4602d576d4e765951a7a1108892ce535a
SERVER_HANDSHAKE_TRAFFIC_SECRET f151f91a12c3c6ff9c8964fa1ff0d972210933ac993d522fa0e3f6d390d74e6d 4d0b2813ad05d36a3738b545a3eb4702ee58837c863db577c970462406f2533a
CLIENT_TRAFFIC_SECRET_0 f151f91a12c3c6ff9c8964fa1ff0d972210933ac993d522fa0e3f6d390d74e6d c6ae630587db025aeb284b8b2bff623ac89e64091aa41fe5ce5d74920b8e128f
SERVER_TRAFFIC_SECRET_0 f151f91a12c3c6ff9c8964fa1ff0d972210933ac993d522fa0e3f6d390d74e6d 77aacab39c399abcd6b1fa792e7c2e154ec1d987e6db8cffead614a1d8c442c8
EXPORTER_SECRET f151f91a12c3c6ff9c8964fa1ff0d972210933ac993d522fa0e3f6d390d74e6d 79f96941f60a6cb9d3eb2c63ed4ea636dc56f0e5a51e06e0266953ed5b62ae77
CLIENT_HANDSHAKE_TRAFFIC_SECRET aab3042fd066dcd6d81f8a76f6c4427c45ac886e9ac7d4cb17e71eee2b83e251 b9e8021d949e5d35526beacf3019cb20c839127ed08a9940ed12117c741e89a0
SERVER_HANDSHAKE_TRAFFIC_SECRET aab3042fd066dcd6d81f8a76f6c4427c45ac886e9ac7d4cb17e71eee2b83e251 a8f3ff7cdf107916ddca074934728b07e075e186806f79cb63620072b8c85918
CLIENT_HANDSHAKE_TRAFFIC_SECRET cda70e6b04d4d266292c847306478240b7a62e5614681857120021300122325d 63e341c2a5d79de7fd4338c91b07b359edec4bd8f991f718b98e4b7e650f0260
SERVER_HANDSHAKE_TRAFFIC_SECRET cda70e6b04d4d266292c847306478240b7a62e5614681857120021300122325d 2609fede38cdfbd5673a737316864d18b055bc7b0fa4f30fa060ac5a228106f7
CLIENT_TRAFFIC_SECRET_0 aab3042fd066dcd6d81f8a76f6c4427c45ac886e9ac7d4cb17e71eee2b83e251 2697cf07453541f86dc11a3e2f5d23bf2a303b800404777cfcdae666d3ac1a80
SERVER_TRAFFIC_SECRET_0 aab3042fd066dcd6d81f8a76f6c4427c45ac886e9ac7d4cb17e71eee2b83e251 c7cb627cbac4277b9a3cc28f030766124b8c20af005b9aa4374aa4308f00bd14
EXPORTER_SECRET aab3042fd066dcd6d81f8a76f6c4427c45ac886e9ac7d4cb17e71eee2b83e251 b1347a765ce4fc837bdfbb50ae5f7ab565b90956140e9b3d751e2935681f0282
CLIENT_TRAFFIC_SECRET_0 cda70e6b04d4d266292c847306478240b7a62e5614681857120021300122325d 04e23ce7512d4d6f73781bb48b72281ff9501c0718ce214c55fae76c1674ee42
SERVER_TRAFFIC_SECRET_0 cda70e6b04d4d266292c847306478240b7a62e5614681857120021300122325d 9a32e9fe68702e378f1a17df76e94681fd31cff0f9fffb7b6292bf992f22050e
EXPORTER_SECRET cda70e6b04d4d266292c847306478240b7a62e5614681857120021300122325d 6ecdb86492d26fa091f251abb47a4cb3b2811241041d738082849d809a11aa1b
CLIENT_HANDSHAKE_TRAFFIC_SECRET 7f2976bcf11731ce6f97620f8cde1b4c1b3e97d1ca613ffbe2bf932c7b9ab56c a5b11ba8386fbcee9711f04c0863c399f57f7807eab3268352a7eec96e07f4d9
SERVER_HANDSHAKE_TRAFFIC_SECRET 7f2976bcf11731ce6f97620f8cde1b4c1b3e97d1ca613ffbe2bf932c7b9ab56c 0e58f6af066b50dd1f38ed42f499ef34b65e4b0a4f6742f3db89efad11d414e6
CLIENT_TRAFFIC_SECRET_0 7f2976bcf11731ce6f97620f8cde1b4c1b3e97d1ca613ffbe2bf932c7b9ab56c 2557500740f7ec243690ad20529434e96c29c6f4681db7863d7826d48366ba33
SERVER_TRAFFIC_SECRET_0 7f2976bcf11731ce6f97620f8cde1b4c1b3e97d1ca613ffbe2bf932c7b9ab56c d205eb16b9112cf8cd4745595000b9edcf9c0cbdde126c0a041fc8d970b8187e
EXPORTER_SECRET 7f2976bcf11731ce6f97620f8cde1b4c1b3e97d1ca613ffbe2bf932c7b9ab56c 98c1a277865c9b3da64ea7ffcefd33c1c8893fc2f16abb3d305a8df60e38892f
CLIENT_HANDSHAKE_TRAFFIC_SECRET 14418bb3d15ec145ed41ab3f5022a51a10201adb90ee0c5f4553120cbadfd6a7 063fdac746233c9032f561b6d3bf1aef5c4185c1d7a92c883540a04ad9a1d434
SERVER_HANDSHAKE_TRAFFIC_SECRET 14418bb3d15ec145ed41ab3f5022a51a10201adb90ee0c5f4553120cbadfd6a7 f05c0861b91870ce0556358511f824241dc4d429931a1e3fc167b147d7742f9a
CLIENT_TRAFFIC_SECRET_0 14418bb3d15ec145ed41ab3f5022a51a10201adb90ee0c5f4553120cbadfd6a7 4d75f577cf0e9fdf9cff826fb75e9bf9269654affb38a4fda869c243f199d7ea
SERVER_TRAFFIC_SECRET_0 14418bb3d15ec145ed41ab3f5022a51a10201adb90ee0c5f4553120cbadfd6a7 c6d84aa636d8cf7e21f0547a0bfbbda40cb440703a9ab7b8bda11bfaf29bf5c9
EXPORTER_SECRET 14418bb3d15ec145ed41ab3f5022a51a10201adb90ee0c5f4553120cbadfd6a7 382055eb63bf47f2e87b32ca2ecfc784a8b2584f11f5d2d79274d84c10812f68
CLIENT_HANDSHAKE_TRAFFIC_SECRET f391edfd6f940959d7cd89a8c3e3499f2ed8241df80644f3bec92345bc678781 3a215399c35a7c8762609b285e55824595d08a2fa0230f04239e4c7cec1d5823
SERVER_HANDSHAKE_TRAFFIC_SECRET f391edfd6f940959d7cd89a8c3e3499f2ed8241df80644f3bec92345bc678781 203374b37c97f70891277c16633196794a049b8b18b3ce68023be221813d2992
CLIENT_TRAFFIC_SECRET_0 f391edfd6f940959d7cd89a8c3e3499f2ed8241df80644f3bec92345bc678781 933bd1755e1ddb1f6656e3c9a5b7bf4027a10cf0c9c8092c10be55a6b32a61b8
SERVER_TRAFFIC_SECRET_0 f391edfd6f940959d7cd89a8c3e3499f2ed8241df80644f3bec92345bc678781 82e9717e884da4e680f0fb02d86d4f035cda946ecd386618c63e8a5b00da362f
EXPORTER_SECRET f391edfd6f940959d7cd89a8c3e3499f2ed8241df80644f3bec92345bc678781 e39d284af2e7ff4adede82f789ecb3eace90fe1a45c8afe6bd79ca0900e63401
CLIENT_HANDSHAKE_TRAFFIC_SECRET e5c7455269c6bf60245320ca615ce5956ee0e97f7bf593d7ae70ddf78413d62d bbc31c13767c58916d862830cef28d2a985bcd4f4e9cf7dff359945f8028928a
SERVER_HANDSHAKE_TRAFFIC_SECRET e5c7455269c6bf60245320ca615ce5956ee0e97f7bf593d7ae70ddf78413d62d c94677ee7040556aa63c2c19e383c2dcdc16746f36fb6cf2a54cc2c51aa43094
CLIENT_TRAFFIC_SECRET_0 e5c7455269c6bf60245320ca615ce5956ee0e97f7bf593d7ae70ddf78413d62d 52fc580c96faf31efc3d9261b1976bcec1a9c62416b1ac9d60a187cd1e916e0a
SERVER_TRAFFIC_SECRET_0 e5c7455269c6bf60245320ca615ce5956ee0e97f7bf593d7ae70ddf78413d62d 8c0b154b93a33066d511416546dd2d809caf089ad17e8506f9050d694eac28cc
EXPORTER_SECRET e5c7455269c6bf60245320ca615ce5956ee0e97f7bf593d7ae70ddf78413d62d a6e7fd5412ea817fef88259743549279d4d59e9f170c5e7a98ba5daed28fb682
CLIENT_HANDSHAKE_TRAFFIC_SECRET 0f115e65c42c7ed08ed2e7364be0b96d71cbfd21706caa228f541a1643608cda 00db9910faa06ef50a16ad2b33c873add122c023e14573299563edaabbdb22b2
SERVER_HANDSHAKE_TRAFFIC_SECRET 0f115e65c42c7ed08ed2e7364be0b96d71cbfd21706caa228f541a1643608cda 4259d6aae371025c779f121afa0d73be4657d83125446d8326a4c33ba3293bc2
CLIENT_TRAFFIC_SECRET_0 0f115e65c42c7ed08ed2e7364be0b96d71cbfd21706caa228f541a1643608cda 230460ed20ce08363adcb2edb7652cb034ea2f1713263223538a88deb75126ab
SERVER_TRAFFIC_SECRET_0 0f115e65c42c7ed08ed2e7364be0b96d71cbfd21706caa228f541a1643608cda 362ecf4eb66aabea5f73918fb26f4bd754e0f27f3a764192357823cf3aeec0fe
EXPORTER_SECRET 0f115e65c42c7ed08ed2e7364be0b96d71cbfd21706caa228f541a1643608cda ed923c864991b3dee379d92df7fc116e06bd6a73fd8ceb5b99a003b97d55832f
CLIENT_HANDSHAKE_TRAFFIC_SECRET 19b340a8bfb9644a282fbf2d15ac0dee29d7b77b29f58493ca6ab5dfbd8c5340 1edd2767b826d1e18de27901c63df372b5cbe72310dab3c86d46b231df54e84ddd90dc0d3c62a7af011d38201e316dad
SERVER_HANDSHAKE_TRAFFIC_SECRET 19b340a8bfb9644a282fbf2d15ac0dee29d7b77b29f58493ca6ab5dfbd8c5340 ad17c2555c4ce68eace131ce418b2ebaa1641c471877e57f1cb50301edfe744708f23519ba18e0edff73e718278b4f6f
CLIENT_TRAFFIC_SECRET_0 19b340a8bfb9644a282fbf2d15ac0dee29d7b77b29f58493ca6ab5dfbd8c5340 a38070d43665fd94e6307e18f576bbe85cea7253ada05880a4e32fed9ab00223c41e9678d2b1b9feb98f0d7d120d272f
SERVER_TRAFFIC_SECRET_0 19b340a8bfb9644a282fbf2d15ac0dee29d7b77b29f58493ca6ab5dfbd8c5340 a8cd38441842fded0f36fd9f6d21333c35f626fdbef8d348d19634b06bf29b39f1f02f022a1dc4483b800e096dd35801
EXPORTER_SECRET 19b340a8bfb9644a282fbf2d15ac0dee29d7b77b29f58493ca6ab5dfbd8c5340 6121182720d680b09acf6113edf1dcac9583ccaad7f53e66f3b816585697c26413aa0b0d5f2a0a59a3533e5f0d87da2d
CLIENT_HANDSHAKE_TRAFFIC_SECRET 498a603191c85e97690d3ec7bd5f3549984d99eeacdd5dee7bd45c305307706d 93f2384bb948d346f9f195a1eedd36deb8882f6ef0e0f552d7a4357071066272
SERVER_HANDSHAKE_TRAFFIC_SECRET 498a603191c85e97690d3ec7bd5f3549984d99eeacdd5dee7bd45c305307706d 3f149239d1d75ac278d6ae6ca858bc6ae0af53cc2f3f6f93359088faf7221897
CLIENT_TRAFFIC_SECRET_0 498a603191c85e97690d3ec7bd5f3549984d99eeacdd5dee7bd45c305307706d b82ffe9356ebfde69420c1c9efa86944023a7aed7481003d4af5046f5a469ab3
SERVER_TRAFFIC_SECRET_0 498a603191c85e97690d3ec7bd5f3549984d99eeacdd5dee7bd45c305307706d d422b4d17a50b814cff3c1b057ad93b429a158041dd675854fbc8d371a7f6ed4
EXPORTER_SECRET 498a603191c85e97690d3ec7bd5f3549984d99eeacdd5dee7bd45c305307706d c729b83d48c347a9ab04f82f220137fc969a9419b0c96f7f628d88fbdc4a7d38
