CLIENT_HANDSHAKE_TRAFFIC_SECRET 8343036795554a4b86d937c71a0cd4cdb0d092d720272c0ab4a0a3c694995a76 04eb03e85cc74f0fed6744c440e75acb661efeaaa117161941fb0669e128e042
SERVER_HANDSHAKE_TRAFFIC_SECRET 8343036795554a4b86d937c71a0cd4cdb0d092d720272c0ab4a0a3c694995a76 457c8594caa7db8e62919cf33ba938dd2267e5ab7c60622692f7a57dad49a40b
CLIENT_TRAFFIC_SECRET_0 8343036795554a4b86d937c71a0cd4cdb0d092d720272c0ab4a0a3c694995a76 3556036be36ff05b976024cadfa5ad305a745aa4cba6a8c46a3746a03fef5a62
SERVER_TRAFFIC_SECRET_0 8343036795554a4b86d937c71a0cd4cdb0d092d720272c0ab4a0a3c694995a76 25d38a012b69f0ae439e173d98a530d8701286b08177ac3bd632e1766a45c7df
EXPORTER_SECRET 8343036795554a4b86d937c71a0cd4cdb0d092d720272c0ab4a0a3c694995a76 caa48ee0c1ddae057b05f9423e19362a706b8e5d7e100ad5faa04464239d9904
CLIENT_HANDSHAKE_TRAFFIC_SECRET c50a7276d2ac09e4112e29587aede0858f5b681403d73d4670cfd27a0e41c120 a31d13c69a135b5d3efbb4efedc725285ff31b209aa3d58cb6f282a92d052a1b
SERVER_HANDSHAKE_TRAFFIC_SECRET c50a7276d2ac09e4112e29587aede0858f5b681403d73d4670cfd27a0e41c120 5b5a33f0c3a31d7b1cf22ed9e265d1bdf0962b58828f2ba9fdeb9e8827d9e1c8
CLIENT_TRAFFIC_SECRET_0 c50a7276d2ac09e4112e29587aede0858f5b681403d73d4670cfd27a0e41c120 01f50de485343f8d3c7b59ee39cf33f26aaf221d920470ca61d035afb441d73a
SERVER_TRAFFIC_SECRET_0 c50a7276d2ac09e4112e29587aede0858f5b681403d73d4670cfd27a0e41c120 9cdcd6ecff5a7b2058d49ddc304970d7fc3c18c4fc94fe1aea8d345ea14d9322
EXPORTER_SECRET c50a7276d2ac09e4112e29587aede0858f5b681403d73d4670cfd27a0e41c120 165ff1ed77ddcd49143b6bb3bb35d2831aff5797b54a502b5481e2701dfc4482
CLIENT_HANDSHAKE_TRAFFIC_SECRET 8af62ed693de6d9562db63df8917b94e0ffe485c28640f567055de84fab03a70 528358c5ec13725713607498cf1a65fa0e9266a1496ea516fb58de23ce4a9e3e
SERVER_HANDSHAKE_TRAFFIC_SECRET 8af62ed693de6d9562db63df8917b94e0ffe485c28640f567055de84fab03a70 5f85888caa3757bb6a3022b5e0692cb419da1d51bd8f1c266687c89fe848b7e5
CLIENT_TRAFFIC_SECRET_0 8af62ed693de6d9562db63df8917b94e0ffe485c28640f567055de84fab03a70 feb63a7ba9189c826696c76deb33bdea054aa24a137c0314eb65eb38df232fac
SERVER_TRAFFIC_SECRET_0 8af62ed693de6d9562db63df8917b94e0ffe485c28640f567055de84fab03a70 dc105e10ba18674287b36498b7886ea55860e21cd20e449bb3141c7236d88d67
EXPORTER_SECRET 8af62ed693de6d9562db63df8917b94e0ffe485c28640f567055de84fab03a70 4944bb0f469b0c61e7e163e3fe8a5756dcbfdb3dd73c5e1799dbbea3e0d886cd
CLIENT_HANDSHAKE_TRAFFIC_SECRET c0a187e22ce603afbd42fc834849492149ff8452ff0467f1527e028bdeb92367 a03e43fefc3c2d2f6485dcd85519ec800a2eea48d29ce7214238901996b39387
SERVER_HANDSHAKE_TRAFFIC_SECRET c0a187e22ce603afbd42fc834849492149ff8452ff0467f1527e028bdeb92367 63f0aef188c43a140705843573b1f503ba74b900198e838df8cc955c6d0c0eb7
CLIENT_TRAFFIC_SECRET_0 c0a187e22ce603afbd42fc834849492149ff8452ff0467f1527e028bdeb92367 3bbf9c7c9793b572ee32ee49a273b4538dd08e9b436c80a40bd081d148c2c473
SERVER_TRAFFIC_SECRET_0 c0a187e22ce603afbd42fc834849492149ff8452ff0467f1527e028bdeb92367 beb2b0ce1ff93347e99ab5892c1c3a7bc4d70760b3a4a1c1a47a98dc07386a33
EXPORTER_SECRET c0a187e22ce603afbd42fc834849492149ff8452ff0467f1527e028bdeb92367 87551180fcf9205af57571c634d7fc9999d068e8c1518d08958eebf9ae0c56fd
CLIENT_HANDSHAKE_TRAFFIC_SECRET 978299938367ac7bdcbf2f79d22f1c409570b12818f16bfc3121070ff269e7b0 314125b117fbd1bf42c58e987be67abf40725cec836f15bb29f6ab3204363ec5
SERVER_HANDSHAKE_TRAFFIC_SECRET 978299938367ac7bdcbf2f79d22f1c409570b12818f16bfc3121070ff269e7b0 8d2630ee5a17615b2996ddc0a0f774c619658378051b1d7ae9ba57fdaf01ba57
CLIENT_TRAFFIC_SECRET_0 978299938367ac7bdcbf2f79d22f1c409570b12818f16bfc3121070ff269e7b0 7eede65f77a286733b0d0505e7914f03d160b6e51c2577155a5b9c11e0b4a17c
SERVER_TRAFFIC_SECRET_0 978299938367ac7bdcbf2f79d22f1c409570b12818f16bfc3121070ff269e7b0 b74c9261e5cd348d09637c4bcd6f221a484f78faa19069701b22b2fde7e1521b
EXPORTER_SECRET 978299938367ac7bdcbf2f79d22f1c409570b12818f16bfc3121070ff269e7b0 a2d5c608250068dcaf335b23cc43bae8696f9ba5143f310b4a2039575d5ea0d2
CLIENT_HANDSHAKE_TRAFFIC_SECRET b3345d19f19d80a05652e37bd0d556c12bc00266d2cea9b1b86cef0238899322 e5a82c22c9a897e5e4dc00bf8e546ce6c86fb09b4f723fec0006938d2a6b17c7
SERVER_HANDSHAKE_TRAFFIC_SECRET b3345d19f19d80a05652e37bd0d556c12bc00266d2cea9b1b86cef0238899322 51d71519a218a8efd9a39d4efb148d24a162f0806358ab3f4e6fc2b815339873
CLIENT_TRAFFIC_SECRET_0 b3345d19f19d80a05652e37bd0d556c12bc00266d2cea9b1b86cef0238899322 c3cec2f1628bdda8fabbddaa42c8f51392b0f1a5524b9827718e8d471db3841b
SERVER_TRAFFIC_SECRET_0 b3345d19f19d80a05652e37bd0d556c12bc00266d2cea9b1b86cef0238899322 a9eb420810c5b47653ad08700644b6ff929f1bf9d565200e4f64420eea19a3fc
EXPORTER_SECRET b3345d19f19d80a05652e37bd0d556c12bc00266d2cea9b1b86cef0238899322 78dd41d4c7ecbe4cfad86f2d72e4cc51a010c646e783ed293fd62fd462c695c4
CLIENT_HANDSHAKE_TRAFFIC_SECRET 77120385f8f6b95bc63e7827a03a7b3dece5667238b15ddc8966138f22a6bc5c 29bccaa188721bd7540cef3e7ffb3e12b6165d27bcf5a6beb641559998034f4d
SERVER_HANDSHAKE_TRAFFIC_SECRET 77120385f8f6b95bc63e7827a03a7b3dece5667238b15ddc8966138f22a6bc5c 622f0a58b4787e9b22215188b5d5fa90855ee51d1c6e30c33cda91ea2b7fd67e
CLIENT_TRAFFIC_SECRET_0 77120385f8f6b95bc63e7827a03a7b3dece5667238b15ddc8966138f22a6bc5c 14b166889224c7b4cb7fa3092474c0aa6765397d4e612f9ae634f498bbd6db42
SERVER_TRAFFIC_SECRET_0 77120385f8f6b95bc63e7827a03a7b3dece5667238b15ddc8966138f22a6bc5c dc9ce184734c4c713e909df42a1e6fd7647346019b2ed14f658e060d0f4c7924
EXPORTER_SECRET 77120385f8f6b95bc63e7827a03a7b3dece5667238b15ddc8966138f22a6bc5c 9872c7a9c66d3e8f38df68f389d424e4e0ff14e560cbf37268d55be271613509
CLIENT_RANDOM c90dd5e4c628c6e4443903c58cd0612f12ea4df76ac570be28443082a4af912a 76684a72cb20f65546edf32926291c828a3b95ffc522b719c38ae0593a2c85cd5b4699a8956b3ad6019ab2bcb2723b1b
CLIENT_HANDSHAKE_TRAFFIC_SECRET dc6fcf218a487a9abc6789bd43c68ea690d65b84adb81c411364511c96d08e62 c364749bf2664a23c1ed78586f21d3aadfd74bef6bc6d87f22a5d1a15fd3d1ef
SERVER_HANDSHAKE_TRAFFIC_SECRET dc6fcf218a487a9abc6789bd43c68ea690d65b84adb81c411364511c96d08e62 18f24491ece36214e31569ed5530c6d6cdfdb6af99b435bab4d2c72771e7176f
CLIENT_HANDSHAKE_TRAFFIC_SECRET f7dcf7a0d9118e19b1e7fe043665e2189c50c2cd500aaf55fc4c917eb81fc83f b9bd545c64e5d03cc583c8851c05a763b54d503f8182fdb100aa4f27c72c9089
SERVER_HANDSHAKE_TRAFFIC_SECRET f7dcf7a0d9118e19b1e7fe043665e2189c50c2cd500aaf55fc4c917eb81fc83f d703a210e6384c6aad13c80616ab4388febf2addb2e0e3ca60f30df706625081
CLIENT_TRAFFIC_SECRET_0 dc6fcf218a487a9abc6789bd43c68ea690d65b84adb81c411364511c96d08e62 0bd7684c654781742e74dba22b65ea3539582cff46a6a34f06df819836a17472
SERVER_TRAFFIC_SECRET_0 dc6fcf218a487a9abc6789bd43c68ea690d65b84adb81c411364511c96d08e62 ec32cfc48abe41b3f640bc4596676ae8e365445c5d299698da386851dd96ed5d
EXPORTER_SECRET dc6fcf218a487a9abc6789bd43c68ea690d65b84adb81c411364511c96d08e62 0d80442bbc97b9a23ab505d1c20c836fbcfa113c1f3852bad8aca6a50d602b52
CLIENT_HANDSHAKE_TRAFFIC_SECRET a79d4813a627ade65c9787e4849c624b0dec6a83e98ce76e4e6f47a2e5adc0fd 3fb9e40566fe41fb3572205aeb4dd11dcd2b76d3c3224a5fa9c65f9f9da068c6
SERVER_HANDSHAKE_TRAFFIC_SECRET a79d4813a627ade65c9787e4849c624b0dec6a83e98ce76e4e6f47a2e5adc0fd 180435e20ede8e2061bf7be9c1f21dbf692e3ddc10858994eaeb2dd7d75e80c8
CLIENT_TRAFFIC_SECRET_0 f7dcf7a0d9118e19b1e7fe043665e2189c50c2cd500aaf55fc4c917eb81fc83f 3135bb87564d4f2c47ac1ef05910df8b1f4850074b35e80a8a5972c4f8887ede
SERVER_TRAFFIC_SECRET_0 f7dcf7a0d9118e19b1e7fe043665e2189c50c2cd500aaf55fc4c917eb81fc83f 435dd2b2d3211a4cbc9eb227fbc00da0faafb179bffdd8b61320dc06acf1c9fb
EXPORTER_SECRET f7dcf7a0d9118e19b1e7fe043665e2189c50c2cd500aaf55fc4c917eb81fc83f 0b8f2616cee41d7d283eac9d64074c15621e89c995f2d3589f9fcbdcb53816b2
CLIENT_HANDSHAKE_TRAFFIC_SECRET e27dd66174594ab3703bcf4a85f484f88db0dfd6740768084731840179d2a765 f37d9a2bafeb95ba9352c5c7fa2dfafc36352c3808e5184624929948c08b81bb
SERVER_HANDSHAKE_TRAFFIC_SECRET e27dd66174594ab3703bcf4a85f484f88db0dfd6740768084731840179d2a765 8a919a44e2b4e70da876df16b1c82623666a3f57e3ed09e1a1489ee1cc5942ab
CLIENT_TRAFFIC_SECRET_0 e27dd66174594ab3703bcf4a85f484f88db0dfd6740768084731840179d2a765 5093a8966197164c991ae86eca2ba35226c85dfac41ca4242f903ebf3b89937e
SERVER_TRAFFIC_SECRET_0 e27dd66174594ab3703bcf4a85f484f88db0dfd6740768084731840179d2a765 efd78cb50a399b8c240c4ef30d2fbf1399fcab3bacec60431a6c5b12e37c44be
EXPORTER_SECRET e27dd66174594ab3703bcf4a85f484f88db0dfd6740768084731840179d2a765 ccf11f6893f24c038622e7b2b14668419d378a70422d4339b254557ffe783e93
CLIENT_TRAFFIC_SECRET_0 a79d4813a627ade65c9787e4849c624b0dec6a83e98ce76e4e6f47a2e5adc0fd e88938fb98079d5822e7e07a2029adcb696fdd0a6182446759e062c7830647a9
SERVER_TRAFFIC_SECRET_0 a79d4813a627ade65c9787e4849c624b0dec6a83e98ce76e4e6f47a2e5adc0fd aeb5288233e62d03ab1fa9cac7284366f52d94a8dcf01c7399f3116afbe62ca1
EXPORTER_SECRET a79d4813a627ade65c9787e4849c624b0dec6a83e98ce76e4e6f47a2e5adc0fd ef318094bf37d09e57dd40005258024dc4b3241d547ca870cf7430a2d3047969
CLIENT_HANDSHAKE_TRAFFIC_SECRET 99168cb0e801e4a89d25a4223305d06b39dff2d56a7f7734f77c8e34ea525242 cbe8961db033d951d07b837cd9d15e87f758c7132aba3d3b4914f231c2975d32
SERVER_HANDSHAKE_TRAFFIC_SECRET 99168cb0e801e4a89d25a4223305d06b39dff2d56a7f7734f77c8e34ea525242 0a39a599c2cdf27b3f22bd97dd203683e290773178beca2cb0f9cc749543c9f6
CLIENT_HANDSHAKE_TRAFFIC_SECRET 14ce22724221932d7be1dece7af07215eb87240a04cea827a45fe8e9b0e2f29a a87ab02e6fb5767a79d362c162f43943b7cc51224e175062fb6e1c1fef535705
SERVER_HANDSHAKE_TRAFFIC_SECRET 14ce22724221932d7be1dece7af07215eb87240a04cea827a45fe8e9b0e2f29a 14bf3a3c4c0406e96cfdabe0906519f32fbd052865ef81dba4adeb9aeeea8be2
CLIENT_TRAFFIC_SECRET_0 99168cb0e801e4a89d25a4223305d06b39dff2d56a7f7734f77c8e34ea525242 5829d9963389788a09eba8d302f0db430b0df8516ea6880063f484a5e82355e5
SERVER_TRAFFIC_SECRET_0 99168cb0e801e4a89d25a4223305d06b39dff2d56a7f7734f77c8e34ea525242 78322ff28dd68178c05ea424176e57eb7337c9c9f90fef101df81baf0e11aabb
EXPORTER_SECRET 99168cb0e801e4a89d25a4223305d06b39dff2d56a7f7734f77c8e34ea525242 8edef328d6b8cc75118be02bec086c8e503790f7e454eb06f70b4bd6a232fd44
CLIENT_HANDSHAKE_TRAFFIC_SECRET 4c22a17a7003fcd1075d4fea5f23594102ee5510b6854bd6ef15e09da801e93a dd0da8b108fa853f953e55a1d857d4547e90b9246f87e8e7ee8f02ced81d8e7e
SERVER_HANDSHAKE_TRAFFIC_SECRET 4c22a17a7003fcd1075d4fea5f23594102ee5510b6854bd6ef15e09da801e93a 728f1bcbbb8cd002bc815cbb94dbf2a9bc76a0192a223a4bf32cd514aba4f078
CLIENT_TRAFFIC_SECRET_0 14ce22724221932d7be1dece7af07215eb87240a04cea827a45fe8e9b0e2f29a c3f878e0d0745145c365cc19c1f0e1d990f8a6466565ab98eda15a1775c3338a
SERVER_TRAFFIC_SECRET_0 14ce22724221932d7be1dece7af07215eb87240a04cea827a45fe8e9b0e2f29a baf72c3a08c1bcf0de286f9c95e914e3de61613c2d8bdd33bbf6b614d9107b86
EXPORTER_SECRET 14ce22724221932d7be1dece7af07215eb87240a04cea827a45fe8e9b0e2f29a b9c3e240d1a58ac9df1ab03a88cef92e18c76844a0066390f9c1e8e31a17932a
CLIENT_TRAFFIC_SECRET_0 4c22a17a7003fcd1075d4fea5f23594102ee5510b6854bd6ef15e09da801e93a 75213fac330233b7aaa5fbcaaddec6202e55ef5f5d4607d8f01bd040ed3e1223
SERVER_TRAFFIC_SECRET_0 4c22a17a7003fcd1075d4fea5f23594102ee5510b6854bd6ef15e09da801e93a 7c403d8cba13a06029b190b22fb8388d7422ab4df53c8fbfb104459d138cd736
EXPORTER_SECRET 4c22a17a7003fcd1075d4fea5f23594102ee5510b6854bd6ef15e09da801e93a 24aa4b3590db3b6835fb025811c6f976403125409d91d1fc71d5d59c9f85340e
CLIENT_HANDSHAKE_TRAFFIC_SECRET e3e6036eca1e6d8f669422c8dc47c0d408ba01e17bbc575bc1bbc9b25c04e49b d7df7b14d97a0e01a6e758dcf86fdc14e943495af4d4749b8f028519766d307a
SERVER_HANDSHAKE_TRAFFIC_SECRET e3e6036eca1e6d8f669422c8dc47c0d408ba01e17bbc575bc1bbc9b25c04e49b 09657486373b8d8b341e1cea2b8c65b67fee256cab0d7bbc72694cab9a1354ee
CLIENT_TRAFFIC_SECRET_0 e3e6036eca1e6d8f669422c8dc47c0d408ba01e17bbc575bc1bbc9b25c04e49b e6fcdf946c6f80bbc0b8110c782318cb35bf30b8c497f53b644b8784fecd04ae
SERVER_TRAFFIC_SECRET_0 e3e6036eca1e6d8f669422c8dc47c0d408ba01e17bbc575bc1bbc9b25c04e49b 848aafbb99635bf04212a07296e6e8c0e926330c069a2f231196de2822863509
EXPORTER_SECRET e3e6036eca1e6d8f669422c8dc47c0d408ba01e17bbc575bc1bbc9b25c04e49b 1f73efab1ebee93f0705c8facef4ed79c6994bb396d8290e819745bc64371707
CLIENT_HANDSHAKE_TRAFFIC_SECRET 409d7098b92e62eeff09fddcb74adc28b814efd86d39c8ec2aaf22cc0ad64775 961adec79f49062ab829a106989c9fbca97f3415119ca3430c019c0d612e5de4
SERVER_HANDSHAKE_TRAFFIC_SECRET 409d7098b92e62eeff09fddcb74adc28b814efd86d39c8ec2aaf22cc0ad64775 44babda314c582b687f130f1262883b9f45be4c2d9efae6c2d00b2ea1ad35949
CLIENT_TRAFFIC_SECRET_0 409d7098b92e62eeff09fddcb74adc28b814efd86d39c8ec2aaf22cc0ad64775 f975a374bcf26de3ed4a6a9714c5de6086d178f3e0199c9a92b0e44ef84413d5
SERVER_TRAFFIC_SECRET_0 409d7098b92e62eeff09fddcb74adc28b814efd86d39c8ec2aaf22cc0ad64775 81c3756887fbeffe724992f5736d807d28d119edf096700050dc13b0052be223
EXPORTER_SECRET 409d7098b92e62eeff09fddcb74adc28b814efd86d39c8ec2aaf22cc0ad64775 00c481f7705c04002a0d8d9467d3a79fe11d910fd3ff014633dbde56ba4fcd81
CLIENT_HANDSHAKE_TRAFFIC_SECRET d4c0886ce06b47b002599726180a963d45d389f36a6092fd2bfb297d91fa5f8b e8e9381981171c23aae2bd0f350ae7ad1f998492532a5d342def4a60405cddca
SERVER_HANDSHAKE_TRAFFIC_SECRET d4c0886ce06b47b002599726180a963d45d389f36a6092fd2bfb297d91fa5f8b 27c51c4849c328ec5c87e84c63107d91a7e0a043e01e73eb6c7d1dd76aede3c1
CLIENT_TRAFFIC_SECRET_0 d4c0886ce06b47b002599726180a963d45d389f36a6092fd2bfb297d91fa5f8b b992b820159132b81d2073f25ec346bb6e07b37cdcf04238e1e816410d847739
SERVER_TRAFFIC_SECRET_0 d4c0886ce06b47b002599726180a963d45d389f36a6092fd2bfb297d91fa5f8b fd4bfced34605571dc9db3671c788b7d5efcd8a6ed877ed4d7c52d475717dbb7
EXPORTER_SECRET d4c0886ce06b47b002599726180a963d45d389f36a6092fd2bfb297d91fa5f8b 8f0e0612646d07645f2689e6bb8fb19299824537977469313d99c8f465fc6a3b
CLIENT_HANDSHAKE_TRAFFIC_SECRET 6431c6bb1468aebd98e66b5692847d65e7047aef96ec1aea7b2a9e6ef3cd5d6d 0b5b3302e3946f3bd21fd7b4fc6ab1fbe309db9a0a416f49c05a0da6c4f9c806
SERVER_HANDSHAKE_TRAFFIC_SECRET 6431c6bb1468aebd98e66b5692847d65e7047aef96ec1aea7b2a9e6ef3cd5d6d d9573ff7717a4165012c90c92e13da7259945765bf114a8797d8f8244563c581
CLIENT_HANDSHAKE_TRAFFIC_SECRET 84ae17a7c03ad40b1fa2cd66cee640667d1eb11963025c75dd5ae0655e47ea0d 3e5b45918f978a4b370eae47811972195887a5d769507d29716d68ec3b267851
SERVER_HANDSHAKE_TRAFFIC_SECRET 84ae17a7c03ad40b1fa2cd66cee640667d1eb11963025c75dd5ae0655e47ea0d d850706e1ed4a24304e5a7706da82f5df9add5d2db3139032cc37109000b3512
CLIENT_TRAFFIC_SECRET_0 6431c6bb1468aebd98e66b5692847d65e7047aef96ec1aea7b2a9e6ef3cd5d6d 3cf31a506e4cf29237d9c2f469e9ad6bae398fab53aafcf9fda6e6e3bfbf8ed9
SERVER_TRAFFIC_SECRET_0 6431c6bb1468aebd98e66b5692847d65e7047aef96ec1aea7b2a9e6ef3cd5d6d 5fb8803df88182a4d3eaa22f4eb2d210943f60cac46fd5254b0ce03f5609c543
EXPORTER_SECRET 6431c6bb1468aebd98e66b5692847d65e7047aef96ec1aea7b2a9e6ef3cd5d6d 0c1757db48b25b67d60cd9ffcd2031724ace5da8107eedd60e47ac35811dfb76
CLIENT_TRAFFIC_SECRET_0 84ae17a7c03ad40b1fa2cd66cee640667d1eb11963025c75dd5ae0655e47ea0d 8982cdb8c1a63bf035707c8b90e4e8e4ff0a83e25c2dbe4db82300d17ce30e0c
SERVER_TRAFFIC_SECRET_0 84ae17a7c03ad40b1fa2cd66cee640667d1eb11963025c75dd5ae0655e47ea0d 2e18ec53310fbb91e7130ec27f74bf3daed86cf4c5c74b0af254c5e0d7aa11b0
EXPORTER_SECRET 84ae17a7c03ad40b1fa2cd66cee640667d1eb11963025c75dd5ae0655e47ea0d 1dff9c93d0ba6e8b2f85e92140d9ced5eefabd8e66b2dace143e72f152cde72b
CLIENT_HANDSHAKE_TRAFFIC_SECRET 67c6a77f43f4419273db49282bc2be559abadf1864e79f263e4b08600c6d3808 9fb8fb429d2a189e5997825695c225af67d2c847dd39856d51bac99bda27451f
SERVER_HANDSHAKE_TRAFFIC_SECRET 67c6a77f43f4419273db49282bc2be559abadf1864e79f263e4b08600c6d3808 21e097cfec5c7249e3437f25f1b79f10e5e60a642a81cea620d23244eee0be2d
CLIENT_TRAFFIC_SECRET_0 67c6a77f43f4419273db49282bc2be559abadf1864e79f263e4b08600c6d3808 db72a9be9a61ddad1ef83bf2e56e339cef63855e9ba2b202ef98dce244ed2c05
SERVER_TRAFFIC_SECRET_0 67c6a77f43f4419273db49282bc2be559abadf1864e79f263e4b08600c6d3808 0a2c16d3ba36168e3b0c5d9819b71b41fa473fcee5218b1d244dda743e01c53c
EXPORTER_SECRET 67c6a77f43f4419273db49282bc2be559abadf1864e79f263e4b08600c6d3808 6c566dbbc4b7a8c29cb22a9e9e320259b6a27f3984947fbcfcb83070b4113394
CLIENT_HANDSHAKE_TRAFFIC_SECRET b1430606b5a2e7aea86d7ecfeda435d32a92e7bfda17f2f48dc11d91577c339a d0e43865a90e71186c36bb35b06b4c44693bd778e96e9223bbbcaae123a8a1c6
SERVER_HANDSHAKE_TRAFFIC_SECRET b1430606b5a2e7aea86d7ecfeda435d32a92e7bfda17f2f48dc11d91577c339a 27c3ea2b7bdc787e1203b05bb3c64180199a8281b97e4615f62e4994e4df65c0
CLIENT_TRAFFIC_SECRET_0 b1430606b5a2e7aea86d7ecfeda435d32a92e7bfda17f2f48dc11d91577c339a cc494478841ef498b81e4d4f4b8b9f7bf49dec6adee1976bf62a6d13f71c5f76
SERVER_TRAFFIC_SECRET_0 b1430606b5a2e7aea86d7ecfeda435d32a92e7bfda17f2f48dc11d91577c339a 62a18c003f74f4489c29fa87c512cc00308df323fcb24cd2418f2ec1b3107032
EXPORTER_SECRET b1430606b5a2e7aea86d7ecfeda435d32a92e7bfda17f2f48dc11d91577c339a 97ce154c45c9d161465f0242172a9b75d90864d72c2da8b3e7d1d1d356352788
CLIENT_HANDSHAKE_TRAFFIC_SECRET 36bcd849e7e3f6186cf37279eed1c5bc9916c31aad52b5d925f20b2f26ef76c9 d4e2b4aafef23bd0af0ab40bc46b0062b6fe5f8566b6fbbbe450b54d50c0c4a0
SERVER_HANDSHAKE_TRAFFIC_SECRET 36bcd849e7e3f6186cf37279eed1c5bc9916c31aad52b5d925f20b2f26ef76c9 11ef1dc69d6a1df6f7c54b69b68c0c983263889b870e65355dc030cf3d1df172
CLIENT_TRAFFIC_SECRET_0 36bcd849e7e3f6186cf37279eed1c5bc9916c31aad52b5d925f20b2f26ef76c9 c4518ab2126b6a06f96bc91114a1dd96b654eb6d5ccc2d644e610dd860b4df3f
SERVER_TRAFFIC_SECRET_0 36bcd849e7e3f6186cf37279eed1c5bc9916c31aad52b5d925f20b2f26ef76c9 1dec6bf6eb556a2bce89092f19ef7c2ede4a14d0c1fbc9df222494e5fbfa69a2
EXPORTER_SECRET 36bcd849e7e3f6186cf37279eed1c5bc9916c31aad52b5d925f20b2f26ef76c9 5cb9602a47b6f842a747c5a9a487c4ffd6eea4db5bdee768e3b428e33e6a2911
CLIENT_HANDSHAKE_TRAFFIC_SECRET 892ef541d6acf3bdac04e4ae4bfe62f9f7a6c03042cec0584e1c89752b0839a4 cc298ea0ea5bded023725c7004361b02d4b4e91fbe57e51b77763058259a918c
SERVER_HANDSHAKE_TRAFFIC_SECRET 892ef541d6acf3bdac04e4ae4bfe62f9f7a6c03042cec0584e1c89752b0839a4 4953c89d038e9bd48458ac50d43060f70a639da1970a6c0568aa05fdc9e7b950
CLIENT_HANDSHAKE_TRAFFIC_SECRET 8f46bf9c9d1d2e1b690b7db24b36450c70c797a927cd887e4e3a6c44626b2f92 954018800e3393f110eacf697bcd7dd9b1fee06b32dc2bf3001c3b34c217e1c0
SERVER_HANDSHAKE_TRAFFIC_SECRET 8f46bf9c9d1d2e1b690b7db24b36450c70c797a927cd887e4e3a6c44626b2f92 5186c095d57b5798a05954e8a6c2f5e44d2ddd1c82f54bfc1c62d68d6f1fe008
CLIENT_TRAFFIC_SECRET_0 892ef541d6acf3bdac04e4ae4bfe62f9f7a6c03042cec0584e1c89752b0839a4 594213fe69a57ac81e70d690697b3ce87542c7aee0f61779918840f57700b3f0
SERVER_TRAFFIC_SECRET_0 892ef541d6acf3bdac04e4ae4bfe62f9f7a6c03042cec0584e1c89752b0839a4 b1386444291e820a99a8a60ba6a46ac57ddab4d2000178ee342c0a9b664c1775
EXPORTER_SECRET 892ef541d6acf3bdac04e4ae4bfe62f9f7a6c03042cec0584e1c89752b0839a4 f0ad34ad33d59c3a9374c4561fcc35a743d4c65c70e29ddfc25216870a3600c4
CLIENT_HANDSHAKE_TRAFFIC_SECRET 59acd6d854feacecd13052488fc820de47ed96ccb0e1a6e772c2aec6b4243769 a2e8a0c42d00fb4f07a768e21e21bd11618022cce48a0ffe580be76157b56730
SERVER_HANDSHAKE_TRAFFIC_SECRET 59acd6d854feacecd13052488fc820de47ed96ccb0e1a6e772c2aec6b4243769 6ddc7b117d04c755c7b9f90597c9b0c7ca7fbbe18c6c772132ce5d09914a104d
CLIENT_TRAFFIC_SECRET_0 8f46bf9c9d1d2e1b690b7db24b36450c70c797a927cd887e4e3a6c44626b2f92 465a640839bc54f654b3a83b695da06661a2ef65bc378b9c36f8d53428efa82d
SERVER_TRAFFIC_SECRET_0 8f46bf9c9d1d2e1b690b7db24b36450c70c797a927cd887e4e3a6c44626b2f92 a920eba3bea563ce1beb0bab49250376078b0cf8dcf0bbbd3ad339347b3aed06
EXPORTER_SECRET 8f46bf9c9d1d2e1b690b7db24b36450c70c797a927cd887e4e3a6c44626b2f92 a60d55654ad57f0cacbdb9eb0830d106ae4c199af201f3027b396bb39e46f98c
CLIENT_TRAFFIC_SECRET_0 59acd6d854feacecd13052488fc820de47ed96ccb0e1a6e772c2aec6b4243769 e73ae2d073ad6db7327569d1be90812d978a5419bdce7da390dea5991564ebe8
SERVER_TRAFFIC_SECRET_0 59acd6d854feacecd13052488fc820de47ed96ccb0e1a6e772c2aec6b4243769 ebaf7e225ffc32fc1ca4f2d4c7a0d7b6e17694786a0b2e3eb7e9d8b799d17928
EXPORTER_SECRET 59acd6d854feacecd13052488fc820de47ed96ccb0e1a6e772c2aec6b4243769 424025c2681e01248d69a44888c98312e994cc88f6d0bc43369ea5c86929c0f5
CLIENT_HANDSHAKE_TRAFFIC_SECRET c718986595044a99015eea6127f582b2920addef0ca55fa26b42c8ccd05bb1c3 8a96322f33fba86b42d6ac91ee162b668053b96bdf88d50a440c59a1d890b322
SERVER_HANDSHAKE_TRAFFIC_SECRET c718986595044a99015eea6127f582b2920addef0ca55fa26b42c8ccd05bb1c3 f2a61b14a2b6fbf100c250c83c7bb5698844f555f6acd1d3df5d29cc3e021e99
CLIENT_HANDSHAKE_TRAFFIC_SECRET a570637f9701a863f8148d0fb89629aa380eb60874fa87a4cc860da5da80533c 7357add7f67d3be6c5a8ed046efd3cb6e350777ba1147000733d7df767a2658e
SERVER_HANDSHAKE_TRAFFIC_SECRET a570637f9701a863f8148d0fb89629aa380eb60874fa87a4cc860da5da80533c 2b4b31e9a98114c18653dcb1916d01748cadf93c1ced8e62bf562c37edf234cd
CLIENT_HANDSHAKE_TRAFFIC_SECRET 1c655d89bca642c739f90de2d1ece93ad78957f01d24dbb5191e8a29897f8bc3 f57d93f22f92edca815296057a3674366d7a529ef7e9662696bc13cba0a47dc9
SERVER_HANDSHAKE_TRAFFIC_SECRET 1c655d89bca642c739f90de2d1ece93ad78957f01d24dbb5191e8a29897f8bc3 286eee8667cfae4f49845840ad6a2872ca2eed59c5642bd3bb2a00f5c17ab1c1
CLIENT_TRAFFIC_SECRET_0 c718986595044a99015eea6127f582b2920addef0ca55fa26b42c8ccd05bb1c3 0cb818c8e263f3ae004fb6b7720c7c48de56ae09193eacc8da569a9e3ceed349
SERVER_TRAFFIC_SECRET_0 c718986595044a99015eea6127f582b2920addef0ca55fa26b42c8ccd05bb1c3 9386df8c3902fad47076fa2882f5dcb172b3e56feda4d903a80ad4d58259fa3e
EXPORTER_SECRET c718986595044a99015eea6127f582b2920addef0ca55fa26b42c8ccd05bb1c3 5919b964c55bc20d605527dc19bdda6fa942a71af7015986c8baf78f7c498b58
CLIENT_TRAFFIC_SECRET_0 a570637f9701a863f8148d0fb89629aa380eb60874fa87a4cc860da5da80533c 0c3bb4f948ad31977bb188d516f46089e2a6dbcc06e221b3ba7c556b0d47954d
SERVER_TRAFFIC_SECRET_0 a570637f9701a863f8148d0fb89629aa380eb60874fa87a4cc860da5da80533c 46bf29c0076b5ba2f28f109470f95fbd9b552628bb8a6c49c2a7e9d9d7f5642b
EXPORTER_SECRET a570637f9701a863f8148d0fb89629aa380eb60874fa87a4cc860da5da80533c 8ef33449f041a8887e91c419c89042e4a457d03c9f4b52045defd952765e0357
CLIENT_TRAFFIC_SECRET_0 1c655d89bca642c739f90de2d1ece93ad78957f01d24dbb5191e8a29897f8bc3 0a7b8bb20a0e567d043d3ad4dce8ecd3fde7bf06e903d444a25260df79a84e39
SERVER_TRAFFIC_SECRET_0 1c655d89bca642c739f90de2d1ece93ad78957f01d24dbb5191e8a29897f8bc3 49835d97dfcc3b6206bed8f02266e5b4d0d92aaffaf4eca4080d2068677f0639
EXPORTER_SECRET 1c655d89bca642c739f90de2d1ece93ad78957f01d24dbb5191e8a29897f8bc3 8b3c7f921b9724ea49e61f9c6bf23c999bdbc1d767149e886ddb7ee6a39d538b
CLIENT_HANDSHAKE_TRAFFIC_SECRET a0b914ea9b9f18445eda8467f996c8f0264222a774ff37990662faaa7dfceb34 c42b6f1292c3e2ae09144c4dc5925f8169665195c9efc3a1ca49d30e05303839
SERVER_HANDSHAKE_TRAFFIC_SECRET a0b914ea9b9f18445eda8467f996c8f0264222a774ff37990662faaa7dfceb34 12988e581b6f38be57f080abfb2d634289d2d7e2456a3fcf511cfa135cf78e10
CLIENT_TRAFFIC_SECRET_0 a0b914ea9b9f18445eda8467f996c8f0264222a774ff37990662faaa7dfceb34 a587752e2893527c1a792cc8504f357fe6f9f3b00b0708814160b08ac38957fe
SERVER_TRAFFIC_SECRET_0 a0b914ea9b9f18445eda8467f996c8f0264222a774ff37990662faaa7dfceb34 e23a55479e48e84e733bf8a54ead39d8e8d8f1269f3dfd878755686e6b6c1414
EXPORTER_SECRET a0b914ea9b9f18445eda8467f996c8f0264222a774ff37990662faaa7dfceb34 dcdc0a97df12090b9df421da46883717cf95f806cd16a62577bbaae56694c1dd
CLIENT_HANDSHAKE_TRAFFIC_SECRET cd7f0cf37bc8115a00191716641f1057cfe2548d70bbcc1f9c65bdb1a7939b74 9c62e625fb247e7c017fe885730622f32aabf123dd16f1e33618e350ed3ce215
SERVER_HANDSHAKE_TRAFFIC_SECRET cd7f0cf37bc8115a00191716641f1057cfe2548d70bbcc1f9c65bdb1a7939b74 6d7cbc398ec8c30c7848ffb8497f08acb76a28e76067dd66cb3ffe1762aea34d
CLIENT_HANDSHAKE_TRAFFIC_SECRET f942ca4d1f22d43eea6ae28bf3476f49e58a2c72358462806a03aec988711539 9e0931d8b016e5e204dc1b40d91e2200aa60339f8c4bd74a1afca0b3d9608b83
SERVER_HANDSHAKE_TRAFFIC_SECRET f942ca4d1f22d43eea6ae28bf3476f49e58a2c72358462806a03aec988711539 6b071585f84e11bd6c278d9f9514263e5bfba2aa0ca02788d7bb859439df0673
CLIENT_TRAFFIC_SECRET_0 cd7f0cf37bc8115a00191716641f1057cfe2548d70bbcc1f9c65bdb1a7939b74 4872d40d444c9183d22004df7d133a01a910928ef1b7c81ee7e08c834034d88d
SERVER_TRAFFIC_SECRET_0 cd7f0cf37bc8115a00191716641f1057cfe2548d70bbcc1f9c65bdb1a7939b74 fcf61c80e44344c422910b969a9485cececb3401da57cd68de601162f0c2d164
EXPORTER_SECRET cd7f0cf37bc8115a00191716641f1057cfe2548d70bbcc1f9c65bdb1a7939b74 12e898ddded69818b6822fe4887628312a2151731691064ce99ea3a093b40238
CLIENT_TRAFFIC_SECRET_0 f942ca4d1f22d43eea6ae28bf3476f49e58a2c72358462806a03aec988711539 40b0c58dd63e38f997e404c6ded6e72c6a38fa112dfbb62411dfc91fde7c4c41
SERVER_TRAFFIC_SECRET_0 f942ca4d1f22d43eea6ae28bf3476f49e58a2c72358462806a03aec988711539 13eaa5621f0a3b56322b6c0de15067cd2cfb0338d328e6005a93636e3e86fb8a
EXPORTER_SECRET f942ca4d1f22d43eea6ae28bf3476f49e58a2c72358462806a03aec988711539 aca3ce27177112e65a85d7e95a5fe0c618bd02411b5ce32eea1124d7168edacc
CLIENT_HANDSHAKE_TRAFFIC_SECRET f53eb3b4e21d8db04602fdb2f6365dd96f56ddf86c21a810b337cb9e2b977fd8 677bf9f8b6a8eb5e856e464271e83b53f584ed7fa25794b9eee613f43481d5e6
SERVER_HANDSHAKE_TRAFFIC_SECRET f53eb3b4e21d8db04602fdb2f6365dd96f56ddf86c21a810b337cb9e2b977fd8 dc8bfa64f50dab5a8887b090a4f932c9b43766e509c9c85dff275ff8b1686961
CLIENT_TRAFFIC_SECRET_0 f53eb3b4e21d8db04602fdb2f6365dd96f56ddf86c21a810b337cb9e2b977fd8 b9b9cac2db8e76206fbe1873c998273411ddcf0c7aaf58580bd6390f22583205
SERVER_TRAFFIC_SECRET_0 f53eb3b4e21d8db04602fdb2f6365dd96f56ddf86c21a810b337cb9e2b977fd8 0f9c0dfeb4503c4497fde7f2edb8ae13e3cbc7d5305215ee680852640b5e1141
EXPORTER_SECRET f53eb3b4e21d8db04602fdb2f6365dd96f56ddf86c21a810b337cb9e2b977fd8 55d4972afbf2ec33e7b02117ba6dbe7a134cfd128f78a49bcedc177e19c71445
CLIENT_HANDSHAKE_TRAFFIC_SECRET 0b4999cd15c7bbe42edd08cadf5cbbcde13f1eb1e032b27a1459390c26236527 156f19482c0f6c48e49e1deec46c48f62eddf134bd85de372fa32d5b48d53e78
SERVER_HANDSHAKE_TRAFFIC_SECRET 0b4999cd15c7bbe42edd08cadf5cbbcde13f1eb1e032b27a1459390c26236527 a30353e6268fe04742733ced3d2fe2c357d3a68e80fea5bb4e18f6c6d6c2072b
CLIENT_HANDSHAKE_TRAFFIC_SECRET 64fa9c9e7ef075071bde5cce0d56211ebaf217c76eb7e7784b628cafb9b9ff93 89b4f1da6e442d2a7e857aeff9796313cc94cb8bea448aebbb03c58c8459c043
SERVER_HANDSHAKE_TRAFFIC_SECRET 64fa9c9e7ef075071bde5cce0d56211ebaf217c76eb7e7784b628cafb9b9ff93 c5042224a8571475feda8796a0ce7bde8eecc326c12e57ece1fa0cee4fbb0c6c
CLIENT_TRAFFIC_SECRET_0 64fa9c9e7ef075071bde5cce0d56211ebaf217c76eb7e7784b628cafb9b9ff93 70c5f7120d5e398139e3c3284578d375d74bea6e5ef3e757a6deeb0cf814a9ae
SERVER_TRAFFIC_SECRET_0 64fa9c9e7ef075071bde5cce0d56211ebaf217c76eb7e7784b628cafb9b9ff93 8cd1c4ffb1bc2415701e36af8fbd4975c420dec981294f30404832db4c926673
EXPORTER_SECRET 64fa9c9e7ef075071bde5cce0d56211ebaf217c76eb7e7784b628cafb9b9ff93 b300e0949e1d827499f84e2d37511499a2cefd851afcc51f2fd235e44f228846
CLIENT_TRAFFIC_SECRET_0 0b4999cd15c7bbe42edd08cadf5cbbcde13f1eb1e032b27a1459390c26236527 c33c16c2fc3924cc0409440d388aeb57cd63abbf69c44f185d473cea81da04f9
SERVER_TRAFFIC_SECRET_0 0b4999cd15c7bbe42edd08cadf5cbbcde13f1eb1e032b27a1459390c26236527 1d05898ccd28a33785a71bc60dbda0e03be6fa962fb051727a283e13f58d5404
EXPORTER_SECRET 0b4999cd15c7bbe42edd08cadf5cbbcde13f1eb1e032b27a1459390c26236527 e74a23d6ec8a6cde665855f47e0418a2466dfe13b3a00b428349a9327ebb848d
CLIENT_HANDSHAKE_TRAFFIC_SECRET a9a36e6833a68ab0c9ee1785006ec0a5d22b440ace388117efe1080e1b251ad3 cff6636675779f05878d56e4d4d3d9bbd3c8f70f821899ccf1e816254688c397
SERVER_HANDSHAKE_TRAFFIC_SECRET a9a36e6833a68ab0c9ee1785006ec0a5d22b440ace388117efe1080e1b251ad3 33938c9f51b13e36ace40f4adaa5cd9c175ec157d8672755c5e16915c6528b8a
CLIENT_TRAFFIC_SECRET_0 a9a36e6833a68ab0c9ee1785006ec0a5d22b440ace388117efe1080e1b251ad3 f57075998c1591bbca75780b9e53e48e7eb186218da3bf0445c36f0105cb531a
SERVER_TRAFFIC_SECRET_0 a9a36e6833a68ab0c9ee1785006ec0a5d22b440ace388117efe1080e1b251ad3 2a51d6cad2eef470cc7054b16a194f18011fd6357740b6343c92ec4f37efa44b
EXPORTER_SECRET a9a36e6833a68ab0c9ee1785006ec0a5d22b440ace388117efe1080e1b251ad3 e95375b23e98b1ca657f86b9479ad51cb1e0e1ed3fc330736c51587f30f0b0da
