CLIENT_HANDSHAKE_TRAFFIC_SECRET af9e8779fce4911159284af912ec5c36d2791ecce00ed03e1ccdc2b340eeed93 bf02b40b33e523b6232ca66c6dee418741e457110d046dca684bc654c7ec615d
SERVER_HANDSHAKE_TRAFFIC_SECRET af9e8779fce4911159284af912ec5c36d2791ecce00ed03e1ccdc2b340eeed93 39ebf6956f6cc1b26f8e85610c61752e6cda81b01f096e9dd989c163cc77e5d6
CLIENT_TRAFFIC_SECRET_0 af9e8779fce4911159284af912ec5c36d2791ecce00ed03e1ccdc2b340eeed93 8ff56a1b35423292df60509f6053b62d60be05a45587b5776c4cbef048575926
SERVER_TRAFFIC_SECRET_0 af9e8779fce4911159284af912ec5c36d2791ecce00ed03e1ccdc2b340eeed93 4bb8c03e93a0c6cfedd754beb3a83e716df9e9911c2eba3fd43706880740fd1b
EXPORTER_SECRET af9e8779fce4911159284af912ec5c36d2791ecce00ed03e1ccdc2b340eeed93 aa12db55ef63ca92960861dc2c61fa00a117264ac8d56b608ab686a6f0fa978f
CLIENT_HANDSHAKE_TRAFFIC_SECRET 3c939c50032cdf505da91f3938b2a4366788328971a6b493573f0398a34a9e63 434f9b54392d2f08d6a0ed2f68a7dbb85d8ce2783450c3a514b467fa85297d84
SERVER_HANDSHAKE_TRAFFIC_SECRET 3c939c50032cdf505da91f3938b2a4366788328971a6b493573f0398a34a9e63 1c77e0bd32c9e4a8dddfeb46c6637e659fae44693d92fd5af7e7eae9f7991d02
CLIENT_TRAFFIC_SECRET_0 3c939c50032cdf505da91f3938b2a4366788328971a6b493573f0398a34a9e63 4302399c975094489fb118dc38d051731818891feb7a4b3c61d0cb9365770b2f
SERVER_TRAFFIC_SECRET_0 3c939c50032cdf505da91f3938b2a4366788328971a6b493573f0398a34a9e63 f6feb4f90c628fd6e6743d6e5a492d79580903f58e9a47e63d54e4bcfe3eae37
EXPORTER_SECRET 3c939c50032cdf505da91f3938b2a4366788328971a6b493573f0398a34a9e63 8f95c122f12364a1e576d57809409c2b0bf8605b3691282b3225665e3d9277cb
CLIENT_HANDSHAKE_TRAFFIC_SECRET 6ce97de79b0dc42ed883c022cc1a4a655f7b093f61207aea1c99028ffb02b1f9 500ff4815695069cfe78bd5130b8a01ee9631163f06150e7ddcd0e4aef7cca98
SERVER_HANDSHAKE_TRAFFIC_SECRET 6ce97de79b0dc42ed883c022cc1a4a655f7b093f61207aea1c99028ffb02b1f9 06622fef7e76b0cc4b132f0ed43889b7ceba27eeacc25d8a826e78a513114ae1
CLIENT_HANDSHAKE_TRAFFIC_SECRET 4acf11a62cab862ad70a916a622c8ce19ef409ed5de2c6e9db39bdb87f200b90 699363a39221c2e7d0108e3b9d119cf332debadeebf3916d85e8ad5bb7ef80c1
SERVER_HANDSHAKE_TRAFFIC_SECRET 4acf11a62cab862ad70a916a622c8ce19ef409ed5de2c6e9db39bdb87f200b90 ab26fce15d8b7e1f251d9a54303e20016baf02d56d6fb81f3db5d69c632ffb44
CLIENT_TRAFFIC_SECRET_0 6ce97de79b0dc42ed883c022cc1a4a655f7b093f61207aea1c99028ffb02b1f9 f2fa4bfb21648642aef4bc531335554d59616cd6e2d8001e7db97d024fef0fdb
SERVER_TRAFFIC_SECRET_0 6ce97de79b0dc42ed883c022cc1a4a655f7b093f61207aea1c99028ffb02b1f9 69fb5825c7801afa74a33aff20291b70adb0b34e12bdd20e76daa15a07486536
EXPORTER_SECRET 6ce97de79b0dc42ed883c022cc1a4a655f7b093f61207aea1c99028ffb02b1f9 8cbf312e91ea8c1f5f7a99f41a041d6feb9588c1bc3d731f8f89c615f9b3330b
CLIENT_TRAFFIC_SECRET_0 4acf11a62cab862ad70a916a622c8ce19ef409ed5de2c6e9db39bdb87f200b90 92c2d2378b67653fa168b6ac82ee15befdc457c4f0117871d7b063e5b75f7888
SERVER_TRAFFIC_SECRET_0 4acf11a62cab862ad70a916a622c8ce19ef409ed5de2c6e9db39bdb87f200b90 bf2dd0a37b27604697d9f732435e4ae9a90cad3e0451d0f1ea0c2915154c636a
EXPORTER_SECRET 4acf11a62cab862ad70a916a622c8ce19ef409ed5de2c6e9db39bdb87f200b90 dc711d99031bc3a2b32eb9121e991ccbe2b7508de62cc578837cbafd055456bf
CLIENT_HANDSHAKE_TRAFFIC_SECRET 0a984ba644eca052fc970809555b8379e132f7f14d64028a7cb5fec55f272c5b b851622f8e6208a08a88027bbd3230ffb914bb8e03c26a20a94634d86a755140
SERVER_HANDSHAKE_TRAFFIC_SECRET 0a984ba644eca052fc970809555b8379e132f7f14d64028a7cb5fec55f272c5b 75ecb176b49045b32de67f28be6044c442ca283178eaa43f4cf556f09b97589b
CLIENT_TRAFFIC_SECRET_0 0a984ba644eca052fc970809555b8379e132f7f14d64028a7cb5fec55f272c5b 7698ba3e649633fe14bc09253acb53804e5181c2e77dbb30b1ba861351154e6c
SERVER_TRAFFIC_SECRET_0 0a984ba644eca052fc970809555b8379e132f7f14d64028a7cb5fec55f272c5b ad1c98c5fe0f11501d2550b4305fd69fc5057b6aa26704649d58eb1f3ef8adf9
EXPORTER_SECRET 0a984ba644eca052fc970809555b8379e132f7f14d64028a7cb5fec55f272c5b 4004ca51cc55e8fb668170ff420200454f7537535ec694349085ccf7acee5f87
CLIENT_HANDSHAKE_TRAFFIC_SECRET 84fa1a8d96872d2e6b14555e7fd3b6e657662478892747e402639c80f85b8e42 f8017d9e0e08b0b0076f95eb94486ec9064e3560356b6947005da345c3d28355
SERVER_HANDSHAKE_TRAFFIC_SECRET 84fa1a8d96872d2e6b14555e7fd3b6e657662478892747e402639c80f85b8e42 8fa26766819a638502626703c65cc4ff4000679ee91c94767cce24c9bb2cca0b
CLIENT_TRAFFIC_SECRET_0 84fa1a8d96872d2e6b14555e7fd3b6e657662478892747e402639c80f85b8e42 41d7c85b7aac52ab57273edaf96516933c4a7c66e7736a7de561b8a00dc062c8
SERVER_TRAFFIC_SECRET_0 84fa1a8d96872d2e6b14555e7fd3b6e657662478892747e402639c80f85b8e42 5e89cd654c8d863c267895c7c0f8c35edc80fb0b17605e805b32b7b670e2a67b
EXPORTER_SECRET 84fa1a8d96872d2e6b14555e7fd3b6e657662478892747e402639c80f85b8e42 754f2455f75cf87c02c4996cbff78f8961bb509eabde57521f8d78bc3defbfd5
CLIENT_HANDSHAKE_TRAFFIC_SECRET 11ab288997a02ce8cf8f1b443054c7b4c0bc30e1d5e8f4db8c9754c8db2c70f2 eff451a91e74eace5975558dbd0b36f3ee8e5b6ccd385e1c5cc2cc4adf9a58a6
SERVER_HANDSHAKE_TRAFFIC_SECRET 11ab288997a02ce8cf8f1b443054c7b4c0bc30e1d5e8f4db8c9754c8db2c70f2 2475f18e915b7a42437084d0d4bbb8cd159e4547b21125a2f9543dbba29829d7
CLIENT_TRAFFIC_SECRET_0 11ab288997a02ce8cf8f1b443054c7b4c0bc30e1d5e8f4db8c9754c8db2c70f2 7ef3605b2ef4a24ab899263a639a0e93039e337a7bb54438971c8c1c99fda832
SERVER_TRAFFIC_SECRET_0 11ab288997a02ce8cf8f1b443054c7b4c0bc30e1d5e8f4db8c9754c8db2c70f2 4153b9179477b6d29c6175132e5fb5baec86bd8b8568535be24ad73f02a612a6
EXPORTER_SECRET 11ab288997a02ce8cf8f1b443054c7b4c0bc30e1d5e8f4db8c9754c8db2c70f2 e8870d8496952d4fecaa099d80acc989ed38316e88c1dcbe0b2de3c8343b16d9
CLIENT_HANDSHAKE_TRAFFIC_SECRET c303493bb4f4894d2648c3ba53c8ae6452997e5be0d020238cc468bb86f10928 4daacedd9b0bceaff11e0dc22e7f85441b1db55425c33868af5506ce21b8d997
SERVER_HANDSHAKE_TRAFFIC_SECRET c303493bb4f4894d2648c3ba53c8ae6452997e5be0d020238cc468bb86f10928 0b3ff7f21bf2a14f7bafb6d4b8ee76d1953d12c34b4319a84fe4f2821de3d259
CLIENT_TRAFFIC_SECRET_0 c303493bb4f4894d2648c3ba53c8ae6452997e5be0d020238cc468bb86f10928 f9bfdc2fc6d8d53fdaeeb6c11bbf93e3275ba3d3f2f70e9bc12592a303da3599
SERVER_TRAFFIC_SECRET_0 c303493bb4f4894d2648c3ba53c8ae6452997e5be0d020238cc468bb86f10928 6e3ec90ddbd32fbd98458a52b5acbb619e33bbfe0a95575f3d25739694bf2c1f
EXPORTER_SECRET c303493bb4f4894d2648c3ba53c8ae6452997e5be0d020238cc468bb86f10928 9a685ad4dceddb7b569f23674bc0e9ab0eb70b3eb4b372e508ef68f9983550b3
