CLIENT_HANDSHAKE_TRAFFIC_SECRET 12650f8e9420d6e3d5dfbf7ce25d3d7beb1bbdc5ea67065c33e814dae6b25968 f8b5f81da44230f2d78cfefce07fa284ac33dadd2d51dd4085dc15394406d697
SERVER_HANDSHAKE_TRAFFIC_SECRET 12650f8e9420d6e3d5dfbf7ce25d3d7beb1bbdc5ea67065c33e814dae6b25968 5591d8dc82dd20201f609ce801bf04e992c26ec38f74962aab9ebf7b79d14563
CLIENT_HANDSHAKE_TRAFFIC_SECRET aa4a0a644dcd8b48898c18153afff211aaa9616df9010f50d208884577bc2df0 667dbf2b2c0197f0861c9a1cbca170f77e98a3619b8c21f59e84af8f29282644
SERVER_HANDSHAKE_TRAFFIC_SECRET aa4a0a644dcd8b48898c18153afff211aaa9616df9010f50d208884577bc2df0 7416d87976f15632aa16f3e7f0324daf43a948421569801285ea53d6ef14c882
CLIENT_TRAFFIC_SECRET_0 12650f8e9420d6e3d5dfbf7ce25d3d7beb1bbdc5ea67065c33e814dae6b25968 fc27c90970fbd161ef39053ad098f3f3e2b200933c610b70866eb794b35ab559
SERVER_TRAFFIC_SECRET_0 12650f8e9420d6e3d5dfbf7ce25d3d7beb1bbdc5ea67065c33e814dae6b25968 942a5e3779764f4cfeee85b4d905e9a5424f7cc5aef6f0321883ebe05e12456c
EXPORTER_SECRET 12650f8e9420d6e3d5dfbf7ce25d3d7beb1bbdc5ea67065c33e814dae6b25968 519f45ef71252737c4986188930397a1af8544707e13c780e02905f057cb4788
CLIENT_TRAFFIC_SECRET_0 aa4a0a644dcd8b48898c18153afff211aaa9616df9010f50d208884577bc2df0 15a98056e29a6725c6b4538753fa621485e5e6190792ac9d5ee80fb6fdc80ad0
SERVER_TRAFFIC_SECRET_0 aa4a0a644dcd8b48898c18153afff211aaa9616df9010f50d208884577bc2df0 c09613c498194812e5af43c2f85ca77eecb76cb31dab16f87892aad795b7ce1e
EXPORTER_SECRET aa4a0a644dcd8b48898c18153afff211aaa9616df9010f50d208884577bc2df0 c9f0332d257b9916f91c9f1ddcebf1a415348ff49f969b984c6bbf2ed19957ed
CLIENT_HANDSHAKE_TRAFFIC_SECRET 499147c33f1baf8eeed5f375e6757cc18e04c5cb948691061019c2ca1be78bdc a1584ef05104acf27282af43d377a36b03c595533a6f12c3b332f69f19d81ca4
SERVER_HANDSHAKE_TRAFFIC_SECRET 499147c33f1baf8eeed5f375e6757cc18e04c5cb948691061019c2ca1be78bdc be89519c4abadf3f9061d2f1f0b50aadca020860f207f17cb11996ce8debb6af
CLIENT_TRAFFIC_SECRET_0 499147c33f1baf8eeed5f375e6757cc18e04c5cb948691061019c2ca1be78bdc e2e2adaac69ef5da2ff6a8eb372a8216507121398e76d53ebc5725a7900e9d3a
SERVER_TRAFFIC_SECRET_0 499147c33f1baf8eeed5f375e6757cc18e04c5cb948691061019c2ca1be78bdc fe5261d7530eafa611fad17550860106f15e3b51d64bca55d95f39cb033c30cc
EXPORTER_SECRET 499147c33f1baf8eeed5f375e6757cc18e04c5cb948691061019c2ca1be78bdc 4a6da8bef1047f8e17b8f438ec5746b3b0e05c6730e21b307db8cdda348b1e49
CLIENT_HANDSHAKE_TRAFFIC_SECRET cc67e2f191468e71dc73eb27f820e7cb1d0661b1bb3ce36d78d844aad0c17caa 6b119bf0401146e26d28693a990a37f2e70a8294631945cfc22fac33a42b0f14
SERVER_HANDSHAKE_TRAFFIC_SECRET cc67e2f191468e71dc73eb27f820e7cb1d0661b1bb3ce36d78d844aad0c17caa d2ef1552a8adbee8a9b8b73106f06a8256be16c147447f6a5435d06ea6cf994f
CLIENT_TRAFFIC_SECRET_0 cc67e2f191468e71dc73eb27f820e7cb1d0661b1bb3ce36d78d844aad0c17caa 16ccdce13467309bb6c93242daa379ecd96611d527368f9ad97d2e33af68af4f
SERVER_TRAFFIC_SECRET_0 cc67e2f191468e71dc73eb27f820e7cb1d0661b1bb3ce36d78d844aad0c17caa c3c38364b4380d01004cd4ed8180cdad7bbcc99695facee02249d04ffa79ca6e
EXPORTER_SECRET cc67e2f191468e71dc73eb27f820e7cb1d0661b1bb3ce36d78d844aad0c17caa 9d0871f693ae21d74cb39fd772e12b62215666e76e64e3b3fd497ec317edfda5
CLIENT_HANDSHAKE_TRAFFIC_SECRET 05ae6a2cca8f91da27252f57992756a7d91cee2811258510645375f21342ca59 0f2c5ad007bd13e5f6ed589584136da34ca85af503288cdb23491e21a45a3b84
SERVER_HANDSHAKE_TRAFFIC_SECRET 05ae6a2cca8f91da27252f57992756a7d91cee2811258510645375f21342ca59 cb506356b3363d2f790d58a065af3d3675acae2a1759aa5b2446904a2230a6a6
CLIENT_TRAFFIC_SECRET_0 05ae6a2cca8f91da27252f57992756a7d91cee2811258510645375f21342ca59 d267788e0ddf2a75f47211cd9808ac299910adb371d4ac343838e445d67d2be4
SERVER_TRAFFIC_SECRET_0 05ae6a2cca8f91da27252f57992756a7d91cee2811258510645375f21342ca59 f1671def58a35b070cb59a2f996f75dc8fa7fd00df1939aaab4cdbb3e9115a8a
EXPORTER_SECRET 05ae6a2cca8f91da27252f57992756a7d91cee2811258510645375f21342ca59 1963dd563df69e6a8cd9f31e738ea419c5d27324adc8cafb9ad2b83d408c3a06
CLIENT_HANDSHAKE_TRAFFIC_SECRET f7cff5aad93cee6cd13f12f6c38bcfe32ccfeafd413f33b1b27e2e3aefebc6ba 657b00cd8f0886fe551dc75a6eaa51ecafff61dcb23ffc451a63e4b15a8708c1
SERVER_HANDSHAKE_TRAFFIC_SECRET f7cff5aad93cee6cd13f12f6c38bcfe32ccfeafd413f33b1b27e2e3aefebc6ba 4597a222da653fff78f97b47be6017394bf6cc979a3ceb8c44053bdd186b52f2
CLIENT_TRAFFIC_SECRET_0 f7cff5aad93cee6cd13f12f6c38bcfe32ccfeafd413f33b1b27e2e3aefebc6ba 04d9ad984e405a12d9c856ad1086b969191fb81bd3617a9fda57651281ebe3f3
SERVER_TRAFFIC_SECRET_0 f7cff5aad93cee6cd13f12f6c38bcfe32ccfeafd413f33b1b27e2e3aefebc6ba 7d720eedff861f0413e30cba7011e5daaef4713575c48c2ea3de6893513196c5
EXPORTER_SECRET f7cff5aad93cee6cd13f12f6c38bcfe32ccfeafd413f33b1b27e2e3aefebc6ba 1e51d514063516faab49d4332eb431dce693ab825ef251862440a4859a9dcad8
CLIENT_HANDSHAKE_TRAFFIC_SECRET 5f1bf4fb5d254854ac2ef45cc4d7741cc99527d6f638f23a3e3330dec5e10f80 b4efed2504e5244d9eeb5a47cfe491330833ef2f9f98186769614a51f9204aae
SERVER_HANDSHAKE_TRAFFIC_SECRET 5f1bf4fb5d254854ac2ef45cc4d7741cc99527d6f638f23a3e3330dec5e10f80 8b9e6284cbed9a7b0fd3ebd9bea9d8063c438ba9d0008b8312451af0a0c493cf
CLIENT_TRAFFIC_SECRET_0 5f1bf4fb5d254854ac2ef45cc4d7741cc99527d6f638f23a3e3330dec5e10f80 cb2fefb346af530866a250f26985218b2c0c30ffe859bbcdaf5854db593e7afa
SERVER_TRAFFIC_SECRET_0 5f1bf4fb5d254854ac2ef45cc4d7741cc99527d6f638f23a3e3330dec5e10f80 a29a343f3ffa232df7ff423e2a8a6c7165823d2ea230b8ec45f4ed03df2c6867
EXPORTER_SECRET 5f1bf4fb5d254854ac2ef45cc4d7741cc99527d6f638f23a3e3330dec5e10f80 4f21effa572675e6965421ff24e984921ecc989ce4e085c29deda49d9d21b3e9
CLIENT_HANDSHAKE_TRAFFIC_SECRET 5371792448e596bfd5492064df5ad3b577f6decdfd4c67591426d19a52a5dfa6 7e60b046c15f60c0194ebb22c8566a93338f6ab683e55158f61a639528be5861
SERVER_HANDSHAKE_TRAFFIC_SECRET 5371792448e596bfd5492064df5ad3b577f6decdfd4c67591426d19a52a5dfa6 caebbc1f55b8a302fde0f94628a65820a0503f754618b22e60d7904eb451bfe7
CLIENT_TRAFFIC_SECRET_0 5371792448e596bfd5492064df5ad3b577f6decdfd4c67591426d19a52a5dfa6 2e114d961d40b34093cf6f35daa725c3c42dc66319c580295fd0e20128ef8e94
SERVER_TRAFFIC_SECRET_0 5371792448e596bfd5492064df5ad3b577f6decdfd4c67591426d19a52a5dfa6 d53fcf90e9acf110cbd23eddbe4003498d8f0d1531175e03dbd201c85f56683c
EXPORTER_SECRET 5371792448e596bfd5492064df5ad3b577f6decdfd4c67591426d19a52a5dfa6 0dd4ddf7817e0e32649eac9f43c103641dc8b2f12af0bc8a4a6ce7521641abaa
CLIENT_HANDSHAKE_TRAFFIC_SECRET c1376d90561d05ce672aa6eb6e7fc353b6a830743078dc6ceaae26e5c6dfc4e8 3bde5701861578fbe9639c62bc10f051a6b29cb6acf16b2137211627125c6143
SERVER_HANDSHAKE_TRAFFIC_SECRET c1376d90561d05ce672aa6eb6e7fc353b6a830743078dc6ceaae26e5c6dfc4e8 4fd16601897cd8e502ca03194281d961cbe9507cb906e9319cae50cbaa058b61
CLIENT_HANDSHAKE_TRAFFIC_SECRET 97c966d07d418f202d1f0c3ae283a9a3ae76b8ae3160edcdf60b2ce9c022cfa9 030571273f81e08e64c093aaf2bf3666dee26191ef3fa40e60ef37b381ce64ec
SERVER_HANDSHAKE_TRAFFIC_SECRET 97c966d07d418f202d1f0c3ae283a9a3ae76b8ae3160edcdf60b2ce9c022cfa9 460319ed825164bdb45cab513061ea337db455cb47e3d3847f8eec113f25d06d
CLIENT_TRAFFIC_SECRET_0 c1376d90561d05ce672aa6eb6e7fc353b6a830743078dc6ceaae26e5c6dfc4e8 3bbada22eef751d8dc9aae4ee5a2b1f24f983e5a9fb2f67e29930ea08d971c5d
SERVER_TRAFFIC_SECRET_0 c1376d90561d05ce672aa6eb6e7fc353b6a830743078dc6ceaae26e5c6dfc4e8 a62a5efb82c8d6fb7ad3ac725debd7223aaa1d186e26a07097f9229b560a146d
EXPORTER_SECRET c1376d90561d05ce672aa6eb6e7fc353b6a830743078dc6ceaae26e5c6dfc4e8 0341fb8f6160dcf70d076413134d7be860b7925a294552de45d7a328ed77d566
CLIENT_TRAFFIC_SECRET_0 97c966d07d418f202d1f0c3ae283a9a3ae76b8ae3160edcdf60b2ce9c022cfa9 7657d9eca29dd0a60a2e8ae06a8aa1db2a4eee0e466f1422eeb9932b10378fe3
SERVER_TRAFFIC_SECRET_0 97c966d07d418f202d1f0c3ae283a9a3ae76b8ae3160edcdf60b2ce9c022cfa9 2d9a0e9d05b5ab56f008a303faf458df546f7cb4c64d8f59d9d024804c93b227
EXPORTER_SECRET 97c966d07d418f202d1f0c3ae283a9a3ae76b8ae3160edcdf60b2ce9c022cfa9 c9d85c92b7c5540115885bb3aa2e7051b491fefecba4116503702b024baa4ff3
CLIENT_HANDSHAKE_TRAFFIC_SECRET 65ed31be10635d0240965389be50b94e1abd15099f6db02185ecb5444a78d85f f47ca8b4b5b56c3e4b590cb579470069e3af4d4dcef77cfa518f90ebb3c16bc2
SERVER_HANDSHAKE_TRAFFIC_SECRET 65ed31be10635d0240965389be50b94e1abd15099f6db02185ecb5444a78d85f efcbf3266362c44db75b9cce3ca996244000272c718d6230b342c8e177ca588e
CLIENT_TRAFFIC_SECRET_0 65ed31be10635d0240965389be50b94e1abd15099f6db02185ecb5444a78d85f 6f8708649697e169c317d61aa1520a3f35d0f405da0e0bf6e6062bae1e6c0378
SERVER_TRAFFIC_SECRET_0 65ed31be10635d0240965389be50b94e1abd15099f6db02185ecb5444a78d85f 70e24e6e2172ab0fd9708f7d1b0b5fd46b39c810dbec8e7417da34d72ec71a98
EXPORTER_SECRET 65ed31be10635d0240965389be50b94e1abd15099f6db02185ecb5444a78d85f 5112104a2b3e6429e491505bbe877c8ad0c94dfe36ac355c8ab262b25cf0c759
CLIENT_HANDSHAKE_TRAFFIC_SECRET e381ad97b24452ecb413b9c0bf8ce8f20f69feeb4016e8c814f87c5a3a7d706e ca549c064649e9fab377fac61a3d680565da857c8fe5dc42242bfdaa748a29e0
SERVER_HANDSHAKE_TRAFFIC_SECRET e381ad97b24452ecb413b9c0bf8ce8f20f69feeb4016e8c814f87c5a3a7d706e dc9e8a03c8d67e94d579c2572adbc54d6837cb1b654ff64e70908abda519272a
CLIENT_TRAFFIC_SECRET_0 e381ad97b24452ecb413b9c0bf8ce8f20f69feeb4016e8c814f87c5a3a7d706e 7893cf12168f7951b4a24f3093f7b54417b084f67fcef8ae78eb0ec744c8692e
SERVER_TRAFFIC_SECRET_0 e381ad97b24452ecb413b9c0bf8ce8f20f69feeb4016e8c814f87c5a3a7d706e c04297e717b83f5c5fd07eb7ffc98e103e485f1f421ef8f06cd516d6703e7fbf
EXPORTER_SECRET e381ad97b24452ecb413b9c0bf8ce8f20f69feeb4016e8c814f87c5a3a7d706e f1d59694fe9d34178c6bb33d88ae3121dd48d5b4a02834c7f9b83d539036d92a
CLIENT_HANDSHAKE_TRAFFIC_SECRET 26c1ded2b0b6269f27387411c2b83ddf6726aec6ed38eefa2d4acbfc04983ea3 31f247dbbc6f2b48935b089ce854630a681b0092bada8c2a960d583e39c3b5ed
SERVER_HANDSHAKE_TRAFFIC_SECRET 26c1ded2b0b6269f27387411c2b83ddf6726aec6ed38eefa2d4acbfc04983ea3 89f3f95e94360d656fe8608373252746c6bb19dac8ae70ef893531b2ceca41cd
CLIENT_TRAFFIC_SECRET_0 26c1ded2b0b6269f27387411c2b83ddf6726aec6ed38eefa2d4acbfc04983ea3 91c9e353e49054a83e8ba172b6c5e5d30360585ca2b2b6cf6171cac5fe6d31cc
SERVER_TRAFFIC_SECRET_0 26c1ded2b0b6269f27387411c2b83ddf6726aec6ed38eefa2d4acbfc04983ea3 56760d08b830565066d10bef8349614211fce97346517779a56330cb079de875
EXPORTER_SECRET 26c1ded2b0b6269f27387411c2b83ddf6726aec6ed38eefa2d4acbfc04983ea3 15f045069a5ad4426c05860ca5af69cf48b4bd4378d5390fe2620205b69f7966
