CLIENT_HANDSHAKE_TRAFFIC_SECRET 9af0ac3275dd290effb968dc4151724ac60ced5f68942f7afdf7cc3540997e7c 68a0a29840bfe761d9c673d9bea1fa6512a9b77cee18a5ad69df4e6c32cc9409
SERVER_HANDSHAKE_TRAFFIC_SECRET 9af0ac3275dd290effb968dc4151724ac60ced5f68942f7afdf7cc3540997e7c af9b4e5d18e596e90f09de09127ef6dfda1520a0db1d6e6d90dd459f3f3b2a61
CLIENT_TRAFFIC_SECRET_0 9af0ac3275dd290effb968dc4151724ac60ced5f68942f7afdf7cc3540997e7c 3269c245daa2c1b83e3ffcb4283f45c0303febeca05d31869994bed1e9c9f630
SERVER_TRAFFIC_SECRET_0 9af0ac3275dd290effb968dc4151724ac60ced5f68942f7afdf7cc3540997e7c 0534f5530ad11adf96a9837e1e61639fa288516e81795a6ecca67be0242b74ba
EXPORTER_SECRET 9af0ac3275dd290effb968dc4151724ac60ced5f68942f7afdf7cc3540997e7c aba95ac903f72e47ece5c88f0f70aa75921cfb12d1cd9fd1b786c8b079e5d85b
CLIENT_HANDSHAKE_TRAFFIC_SECRET bc27272ea115257adee2c8b3123fbdf477394d2500a33cc08df85b5ac23986f9 bd3e0fff6a8a58ffa6029185d2f321b490e68d4b0e637a11450049599d03fc8e
SERVER_HANDSHAKE_TRAFFIC_SECRET bc27272ea115257adee2c8b3123fbdf477394d2500a33cc08df85b5ac23986f9 670703ca5bfc55aa6a65c9754284c55e8e399e98d1d400ab03934a82ba04735f
CLIENT_TRAFFIC_SECRET_0 bc27272ea115257adee2c8b3123fbdf477394d2500a33cc08df85b5ac23986f9 186f1d80082b75b4467fc4096530de1bae9e8c92f2813c658bb395b0b385a5ef
SERVER_TRAFFIC_SECRET_0 bc27272ea115257adee2c8b3123fbdf477394d2500a33cc08df85b5ac23986f9 bd24f58c8ef7286d684c86ddbe35a4d0abce54a266fc7ca63e2d95f524539ee7
EXPORTER_SECRET bc27272ea115257adee2c8b3123fbdf477394d2500a33cc08df85b5ac23986f9 d13b2da842700d476d2f5b6d0287481061519791c4b54652ce470b7762c15270
CLIENT_HANDSHAKE_TRAFFIC_SECRET 21fc112170223abfbb0c829feb6145fa94b81a8f8e66ae0e78ea834046e7b432 4f807aa519ac3401dc22b2c1d7f2b0995fb24260654a60b6764d54a63a59257c
SERVER_HANDSHAKE_TRAFFIC_SECRET 21fc112170223abfbb0c829feb6145fa94b81a8f8e66ae0e78ea834046e7b432 4a95096ba6a2326a720229de088f805b810f878ea8187a067783a1a70cc3d6cb
CLIENT_TRAFFIC_SECRET_0 21fc112170223abfbb0c829feb6145fa94b81a8f8e66ae0e78ea834046e7b432 fa6c233fc73a3740ea1f564bade99874929e2425b65b30791aebe8866610f538
SERVER_TRAFFIC_SECRET_0 21fc112170223abfbb0c829feb6145fa94b81a8f8e66ae0e78ea834046e7b432 1fed21e11effe9050ff52fef729776d53bcafdd801555930dfdbc344d5f40fac
EXPORTER_SECRET 21fc112170223abfbb0c829feb6145fa94b81a8f8e66ae0e78ea834046e7b432 45196c56e618efd2d3c63d3133eb0d62de0fdf831ff71d13b6605f05b4c823bd
CLIENT_HANDSHAKE_TRAFFIC_SECRET 7abd42f1af3938ad15c390b2d835f4631e3daf380d76deb2204be6ee7bea75d8 30f8b50ee4da257ac25ae204a56a62b42c19961dcfaf055c65f35e2e5e5aa342
SERVER_HANDSHAKE_TRAFFIC_SECRET 7abd42f1af3938ad15c390b2d835f4631e3daf380d76deb2204be6ee7bea75d8 1f369ac9e43ab42017d88de4b30e488b41d43ac73e7fe18cad57fa553dd12944
CLIENT_HANDSHAKE_TRAFFIC_SECRET 7da7646dce2888c4017929b142a573c5ea1c08e4e8c400978c2a0b64fdfa16ad 7fc794c26e40ada6c22b6dafea0268b9487c2659cb5b477298e2ce155ad0b71a
SERVER_HANDSHAKE_TRAFFIC_SECRET 7da7646dce2888c4017929b142a573c5ea1c08e4e8c400978c2a0b64fdfa16ad b7f8def959f6a828b141cf1ece3122b0a470aa312d9024a3381585cfb9190ea8
CLIENT_TRAFFIC_SECRET_0 7abd42f1af3938ad15c390b2d835f4631e3daf380d76deb2204be6ee7bea75d8 e6bc30a2aca98778623b85fdcf91948e4851bfc51534bf30782cb0af4f53004b
SERVER_TRAFFIC_SECRET_0 7abd42f1af3938ad15c390b2d835f4631e3daf380d76deb2204be6ee7bea75d8 8be355f01caba6636990ff0345e885d4b9dd12b356cf3652b6e35229b1d80ec0
EXPORTER_SECRET 7abd42f1af3938ad15c390b2d835f4631e3daf380d76deb2204be6ee7bea75d8 41f1177130b7fbeaa4805a309abe72c3b53d0c81cf3b6dc0ecbb06d229baf674
CLIENT_TRAFFIC_SECRET_0 7da7646dce2888c4017929b142a573c5ea1c08e4e8c400978c2a0b64fdfa16ad ca4a45910ddbfb61bc80f0308b9b9ce64010731327dfd8ce3560e79a1a9c95e7
SERVER_TRAFFIC_SECRET_0 7da7646dce2888c4017929b142a573c5ea1c08e4e8c400978c2a0b64fdfa16ad 7e6428528c4c69d222bf4e2b625e0d3586ad0cb3cb71d32d9116a18a333e4fc2
EXPORTER_SECRET 7da7646dce2888c4017929b142a573c5ea1c08e4e8c400978c2a0b64fdfa16ad 708d0c375d82e0985560a4339764389609f490687e0ca229f3cf110dc4c371ce
CLIENT_HANDSHAKE_TRAFFIC_SECRET c40f45d9ae32d402d169166e5df4fea00c9a74593ed2d6040d5b780450bb5d4d 1f44737a60d28c8bf4e2de9a3a075b04911d08715dba9c1d3cf1a9d61f3ff763
SERVER_HANDSHAKE_TRAFFIC_SECRET c40f45d9ae32d402d169166e5df4fea00c9a74593ed2d6040d5b780450bb5d4d 648e513a970001ac4583f8ea8f4c8997ddf591ea954713fea1d2a3b9617265da
CLIENT_TRAFFIC_SECRET_0 c40f45d9ae32d402d169166e5df4fea00c9a74593ed2d6040d5b780450bb5d4d 1ef2f89711c290a9c0d47fc713e85606864ec178f85d0ade6ce6d34a18e16963
SERVER_TRAFFIC_SECRET_0 c40f45d9ae32d402d169166e5df4fea00c9a74593ed2d6040d5b780450bb5d4d 2ffd3208bd9e8b3be00f4aa808a645708d7ec61b5364cbac8091b1172cbee2f1
EXPORTER_SECRET c40f45d9ae32d402d169166e5df4fea00c9a74593ed2d6040d5b780450bb5d4d c870ee1d93e7efa1a27ab3ab332d52469ed2322b5929a3ffbffe9b1331d2f208
CLIENT_HANDSHAKE_TRAFFIC_SECRET 02624de80fa3f5ba7ad7b6c6bd5ce050ad19976749a9c38ace8e53448f807579 c11b5e5482e64218fd768ddf3744f7bffae41d3e482f8f164f412432f3e53c95
SERVER_HANDSHAKE_TRAFFIC_SECRET 02624de80fa3f5ba7ad7b6c6bd5ce050ad19976749a9c38ace8e53448f807579 d90d80b08a1786c4d73553d5b56231a18b538cd9e1cd4f40a0d8fa08ca64b392
CLIENT_HANDSHAKE_TRAFFIC_SECRET 30006fa0d5f6cce8e178c502541db4c57c2bc460465a73115a669108d409f1f7 120b07792f36fb828a37d6896fc982183c144526d0a1dbfe824401583e5a4aed
SERVER_HANDSHAKE_TRAFFIC_SECRET 30006fa0d5f6cce8e178c502541db4c57c2bc460465a73115a669108d409f1f7 86c357189744ea6aa1142b353c2fc75dda2543efeba4978943ded1ae5d459175
CLIENT_TRAFFIC_SECRET_0 30006fa0d5f6cce8e178c502541db4c57c2bc460465a73115a669108d409f1f7 8bdc78349ec4bdf8ce0ec3eb68629f9c41e62d2720b334d959c0083d07247594
SERVER_TRAFFIC_SECRET_0 30006fa0d5f6cce8e178c502541db4c57c2bc460465a73115a669108d409f1f7 85d649e9690b389474aa03a7ebe4d5a653108b368ad6c42e903fcc1185b5b963
EXPORTER_SECRET 30006fa0d5f6cce8e178c502541db4c57c2bc460465a73115a669108d409f1f7 5a9474f7a5c9c93d2c1526487fd1461865be46052b54d3f18d6b601ab270de83
CLIENT_TRAFFIC_SECRET_0 02624de80fa3f5ba7ad7b6c6bd5ce050ad19976749a9c38ace8e53448f807579 c2659a590b2ea34d2ef0f241fadcdb7b7a401c44a2cf7f2d97a552e86aa10f4f
SERVER_TRAFFIC_SECRET_0 02624de80fa3f5ba7ad7b6c6bd5ce050ad19976749a9c38ace8e53448f807579 683e06cc534ae49a43e06aaee094df85e639ff76874836cee2c728e68a7ae92c
EXPORTER_SECRET 02624de80fa3f5ba7ad7b6c6bd5ce050ad19976749a9c38ace8e53448f807579 24ba31e8ba7000ed1b7b6c54fa0e0438f3701e3cd4cff76cf9e28cf83e5380f9
CLIENT_HANDSHAKE_TRAFFIC_SECRET e9acf894dd2494f4c3e5bc6430bf434eafea819250ae6940add516ec67bbbe5a e053629ef3e9be56271351bca7c6b2064ec269f19138b0418bcea50745b63286
SERVER_HANDSHAKE_TRAFFIC_SECRET e9acf894dd2494f4c3e5bc6430bf434eafea819250ae6940add516ec67bbbe5a b6be9a4dce4f092f4e1784681d4cc354631cb0659b7501cb599a8b3162f9f9ec
CLIENT_TRAFFIC_SECRET_0 e9acf894dd2494f4c3e5bc6430bf434eafea819250ae6940add516ec67bbbe5a 79748c9c5be75fe376f8902e38fe3d7a0350d38077917096fc75759ac2e492d6
SERVER_TRAFFIC_SECRET_0 e9acf894dd2494f4c3e5bc6430bf434eafea819250ae6940add516ec67bbbe5a 0d4c139aa0e6732711d2929ac87a1e28c49e547ea7b66f309a51a6a9afe54cda
EXPORTER_SECRET e9acf894dd2494f4c3e5bc6430bf434eafea819250ae6940add516ec67bbbe5a 952fcbaf65b6807c53c7f439be7dc30b536552db97f79c0c9cb0a626fdd19308
CLIENT_RANDOM df7e985493d15dbf3451034114fdc03967a859cc5f198e920e44d6e9c6d8362a 5ac0ccc847b0e064eb83c261c5b36d51fec8d218eb2be9659f5031a6ea724ad2c02daae3dfcd13d82bbce6e284d04842
CLIENT_HANDSHAKE_TRAFFIC_SECRET b7c02ad98a0046c44031d1f608f849c3ec57cd655dd662d763766c0579ff73c1 ed4fb6c52acd2909a59f7aafd689a5e73dc0e33687564fad3e39add191537254
SERVER_HANDSHAKE_TRAFFIC_SECRET b7c02ad98a0046c44031d1f608f849c3ec57cd655dd662d763766c0579ff73c1 04fa1a70fdc845536d081c57479048107af0953b3cb2200dd5af69b8f71b1fd7
CLIENT_TRAFFIC_SECRET_0 b7c02ad98a0046c44031d1f608f849c3ec57cd655dd662d763766c0579ff73c1 a2d65f9584cea9019c3ae8bb6b0537244eac252d0d0aa851001f9146f01df991
SERVER_TRAFFIC_SECRET_0 b7c02ad98a0046c44031d1f608f849c3ec57cd655dd662d763766c0579ff73c1 ec88b88c811435c852f85f4163843986a34e456aa6f9753c9f1664e3826beab3
EXPORTER_SECRET b7c02ad98a0046c44031d1f608f849c3ec57cd655dd662d763766c0579ff73c1 05a6f18a409432db700e94deaceb95fe91660ac28be8feecb700da035b9c9d2a
CLIENT_HANDSHAKE_TRAFFIC_SECRET fb1fa29940c5288c559483ff51a045e8b8f38f988f4f86bd7458f6721a03a55f 4dd79c44bc33a181b7e3a933c04747728a29b0f1322f9e146841928fc0742ae6
SERVER_HANDSHAKE_TRAFFIC_SECRET fb1fa29940c5288c559483ff51a045e8b8f38f988f4f86bd7458f6721a03a55f 45095345cddaba7ef76a24d5a56908cb5151493a227d5287395659209048f990
CLIENT_TRAFFIC_SECRET_0 fb1fa29940c5288c559483ff51a045e8b8f38f988f4f86bd7458f6721a03a55f eff1c965be5f9d4bf42677b9f4e135a2653051283cf5aea217f78c4185331434
SERVER_TRAFFIC_SECRET_0 fb1fa29940c5288c559483ff51a045e8b8f38f988f4f86bd7458f6721a03a55f 97191ddfe4b3682488119cdf46dd7d43230c12a12b6fe3571a92499bac41c8fb
EXPORTER_SECRET fb1fa29940c5288c559483ff51a045e8b8f38f988f4f86bd7458f6721a03a55f 8f3dc80a12b4c213625b7d3a25039734c88dafa859a39beded7b6cd75373a3b4
CLIENT_HANDSHAKE_TRAFFIC_SECRET 511c98a1d9cc08ca8f63a721d777e22a89f9ce2a42286e6c328f4196543a01ed b6cf81083b166514f2c7e869832f372b4fb3f45b92a36e7652ab97b13c82e1e7
SERVER_HANDSHAKE_TRAFFIC_SECRET 511c98a1d9cc08ca8f63a721d777e22a89f9ce2a42286e6c328f4196543a01ed 48904cc69b7a14a4646f559321781819d61e818e279deb0c7be2c4c0fe86c794
CLIENT_HANDSHAKE_TRAFFIC_SECRET c243f8f0599318c3e6b5a8e2a6841f2471098d78c96302ee14df217730122ce9 092a7e5d14d96d72f911bc6b09359c2a22e98da4662f5880ec54d6c156ecdb96
SERVER_HANDSHAKE_TRAFFIC_SECRET c243f8f0599318c3e6b5a8e2a6841f2471098d78c96302ee14df217730122ce9 22be81716d8439fdb0ddf07819d2f26ce83bf05f3000e9dee4c0ef950ac89c23
CLIENT_TRAFFIC_SECRET_0 511c98a1d9cc08ca8f63a721d777e22a89f9ce2a42286e6c328f4196543a01ed 094ff2e9ba3826ca10694327bb9501e89fd190bf5b0c7e8bc2d36add51277f8f
SERVER_TRAFFIC_SECRET_0 511c98a1d9cc08ca8f63a721d777e22a89f9ce2a42286e6c328f4196543a01ed ddf3210aaaa97394e74673748197969f5cabf59abae7df1a0b7af4dcef4897e2
EXPORTER_SECRET 511c98a1d9cc08ca8f63a721d777e22a89f9ce2a42286e6c328f4196543a01ed c1609bca383eb52618503850f787ab2cd88530cec69b99dc22f1f27dcbb602a9
CLIENT_HANDSHAKE_TRAFFIC_SECRET 04eca1859f74224a9e0133d7b88bd0bbc7a8580d3ddefd31192788a569525e4a 18df2fbc82dcc6d98187d4cc254996005db191bbbd4b3c38789221e4a54a9c3a
SERVER_HANDSHAKE_TRAFFIC_SECRET 04eca1859f74224a9e0133d7b88bd0bbc7a8580d3ddefd31192788a569525e4a 5b7b1ac50c725610dec642a2e9b2da4e73c58bfc9bf3da86e39763fef6450a3b
CLIENT_TRAFFIC_SECRET_0 04eca1859f74224a9e0133d7b88bd0bbc7a8580d3ddefd31192788a569525e4a 732bf2f71f05034826a628522f4b32cd5c33b64824b9fd3f1f3bec8ef3e133d9
SERVER_TRAFFIC_SECRET_0 04eca1859f74224a9e0133d7b88bd0bbc7a8580d3ddefd31192788a569525e4a fbae202cd61376abb44f25fe533e9c452a2b3d4ee9b5ad03f5e30d67c27f44a5
EXPORTER_SECRET 04eca1859f74224a9e0133d7b88bd0bbc7a8580d3ddefd31192788a569525e4a c7ed66c15d32e3890bf6997ac4882a04d04596318c15a61a521b787efc5ed9aa
CLIENT_TRAFFIC_SECRET_0 c243f8f0599318c3e6b5a8e2a6841f2471098d78c96302ee14df217730122ce9 74eaa2497e3cbad049ddce6c4f8ff8859f426dd5de6bcdda82096e8a6ace7336
SERVER_TRAFFIC_SECRET_0 c243f8f0599318c3e6b5a8e2a6841f2471098d78c96302ee14df217730122ce9 b64ab578cd5fbf5c995d7a238f5e2b464120f674237682696b1627a8bfc937a4
EXPORTER_SECRET c243f8f0599318c3e6b5a8e2a6841f2471098d78c96302ee14df217730122ce9 fb2200a4d38ba586cba103a268c27cbf05c553947271acb6468f816dc8119cee
CLIENT_HANDSHAKE_TRAFFIC_SECRET b8752cb2ded40add63b6ed163db964db535afa35eb007d8c57b8ea27b1db0ef3 e719f537a8b721eb773e9d52a3edea7f2cadefd98a66cd2fe8954288e543ad83
SERVER_HANDSHAKE_TRAFFIC_SECRET b8752cb2ded40add63b6ed163db964db535afa35eb007d8c57b8ea27b1db0ef3 08be1778334bfd3aa8771f2003336b3c27d6cb1180d913c596e1a01aac48ffad
CLIENT_TRAFFIC_SECRET_0 b8752cb2ded40add63b6ed163db964db535afa35eb007d8c57b8ea27b1db0ef3 0517201a5aef223e80ebbdc6fb456a7a08d4ee5e097d538653aad423acc57ac1
SERVER_TRAFFIC_SECRET_0 b8752cb2ded40add63b6ed163db964db535afa35eb007d8c57b8ea27b1db0ef3 25e9956f21981b8e25d0874587409fb1f64653c953b5b0a36ad01476220a982f
EXPORTER_SECRET b8752cb2ded40add63b6ed163db964db535afa35eb007d8c57b8ea27b1db0ef3 e077042b77e6ec3571711d6fccfa73a2f7ef5600a26274d2183d93b0c546c1c9
CLIENT_RANDOM 451cf9260a8b841fd198afc4b70449346fd42be6db12768962b99f0ef6698d20 717ba9c7f78fe2d58e16a822637c0c09ae4cc0a2b006448711442a5f005583f0f22bbe03924bfbb618cd271fc15d5892
CLIENT_HANDSHAKE_TRAFFIC_SECRET a35e0a64295d4d072793b6804502421ed64dd7ba2abb031552349f4b88f2d5b4 a91aded7e67f1b018585566abec1643a0f2de266f4b4d6178e69ce8dd06b7748
SERVER_HANDSHAKE_TRAFFIC_SECRET a35e0a64295d4d072793b6804502421ed64dd7ba2abb031552349f4b88f2d5b4 cbe9359ae31edf353c66dcad9accfe22949730a2c6ef69de5919e82340fcd6f4
CLIENT_TRAFFIC_SECRET_0 a35e0a64295d4d072793b6804502421ed64dd7ba2abb031552349f4b88f2d5b4 28977d11987d885b4b11c271e63bcb815515e64217705d1a52889f9f52d0c7db
SERVER_TRAFFIC_SECRET_0 a35e0a64295d4d072793b6804502421ed64dd7ba2abb031552349f4b88f2d5b4 3590182e5088a267cc5852d641d49cbd846399550cf69adaf6652abf55fb6b78
EXPORTER_SECRET a35e0a64295d4d072793b6804502421ed64dd7ba2abb031552349f4b88f2d5b4 67c08c5af6279a9b28b91282459a4fe16dbd84c59180eb5c3dbd3d561e4420b4
CLIENT_HANDSHAKE_TRAFFIC_SECRET d7906b2d687b486a5326dd63ff8ec2f9bc34a59abe49dd43ce5840f600f0f25e 6e61eef274af2c6c4cb5806c63bb108499808fdf6ac578df48384279dec9f83c
SERVER_HANDSHAKE_TRAFFIC_SECRET d7906b2d687b486a5326dd63ff8ec2f9bc34a59abe49dd43ce5840f600f0f25e 39aa028bbdf2eea734183148eecff8be51e5c772dad9b930d626a26d9563107e
CLIENT_TRAFFIC_SECRET_0 d7906b2d687b486a5326dd63ff8ec2f9bc34a59abe49dd43ce5840f600f0f25e ff954c0d5da2ebd375f2ac305f880669082664edeaa2d07a3dbc067c3cbb757d
SERVER_TRAFFIC_SECRET_0 d7906b2d687b486a5326dd63ff8ec2f9bc34a59abe49dd43ce5840f600f0f25e 6ac575c1fa5affd0843f024b5ab5b6837956860b981ee9004a9d131fcdfd2a39
EXPORTER_SECRET d7906b2d687b486a5326dd63ff8ec2f9bc34a59abe49dd43ce5840f600f0f25e 6ed1f0e55d174d602cb9507eaed9dbbd3d9d3e1783598a4b24819602db7a46f7
CLIENT_HANDSHAKE_TRAFFIC_SECRET 5b6bc3df2c3e2a94c65ef7f7351b292834255b5e5e11606a417ebe8fe2c1a26c 4da73813eacbcd164f30804ab7bd11f3ad8d7b663580390910f5fae57962cc4d
SERVER_HANDSHAKE_TRAFFIC_SECRET 5b6bc3df2c3e2a94c65ef7f7351b292834255b5e5e11606a417ebe8fe2c1a26c 36098f1a2a3177a70ec54ebc89d16aea59fb8df2373f441664bd3db23412f15b
CLIENT_TRAFFIC_SECRET_0 5b6bc3df2c3e2a94c65ef7f7351b292834255b5e5e11606a417ebe8fe2c1a26c e72f4818624d02c243050861bef4519bdfabf6189d2ede68786bde759eaa3f75
SERVER_TRAFFIC_SECRET_0 5b6bc3df2c3e2a94c65ef7f7351b292834255b5e5e11606a417ebe8fe2c1a26c a7ed29081a2cf852581686484f37da70fe990332019b57b13c381363bc062555
EXPORTER_SECRET 5b6bc3df2c3e2a94c65ef7f7351b292834255b5e5e11606a417ebe8fe2c1a26c 845fe48da3b43db8837d1d65b572e994e1033826e907665b8e083212fb569f28
CLIENT_HANDSHAKE_TRAFFIC_SECRET ac15e3d2be93ed2fa5de73ec47544b8291a86c49fca3e0ab696420590ce5bf40 5651ca00d25b511d9a50c0c8c91e311c84a8ec9a02bca254bf0087ca9d7387ff
SERVER_HANDSHAKE_TRAFFIC_SECRET ac15e3d2be93ed2fa5de73ec47544b8291a86c49fca3e0ab696420590ce5bf40 f2013696104e2b328906b9e5a5f95a2146fcfc35bb4b9b7255ffcda98a9719f3
CLIENT_TRAFFIC_SECRET_0 ac15e3d2be93ed2fa5de73ec47544b8291a86c49fca3e0ab696420590ce5bf40 9bbe50c08d6a08d0de4b5920950fa0a8c144a493e63f0bfc101183c1eef8047c
SERVER_TRAFFIC_SECRET_0 ac15e3d2be93ed2fa5de73ec47544b8291a86c49fca3e0ab696420590ce5bf40 00e142ff279931b966b59bf26fe79b551db8d2e1b4cb0d132ae856c5ced481a2
EXPORTER_SECRET ac15e3d2be93ed2fa5de73ec47544b8291a86c49fca3e0ab696420590ce5bf40 ba441205d06faa4834159bf20ab5b4d93ae308e49aa0a75ac3360cec13a92ccf
CLIENT_HANDSHAKE_TRAFFIC_SECRET d50889df083df328186db3582e4e68c465bee028966039645895ec0a97073c3f eb9a087a63f5abd99f065ef774ca5373ba27e9d5bd9851e2197f9d6f32d10ebe
SERVER_HANDSHAKE_TRAFFIC_SECRET d50889df083df328186db3582e4e68c465bee028966039645895ec0a97073c3f a57ad86182887ebb2805de022bbf3bc45db1d600962bc4175c1182fb0190184e
CLIENT_TRAFFIC_SECRET_0 d50889df083df328186db3582e4e68c465bee028966039645895ec0a97073c3f 7cc8d1f25b81214b835c0d404f7332a5fdd8c0cfbce2f672016f85d0b63f151f
SERVER_TRAFFIC_SECRET_0 d50889df083df328186db3582e4e68c465bee028966039645895ec0a97073c3f 0f7d671c22d54a86e3f7a40f311bf077a5ffea5f69d0db29a92783c7784df08d
EXPORTER_SECRET d50889df083df328186db3582e4e68c465bee028966039645895ec0a97073c3f 1723eb5f96181b0f2e3607f7022e6e4f86d2c5b171c7983dec8d5ef1a31e0ecf
CLIENT_HANDSHAKE_TRAFFIC_SECRET 693c1a209b04a22c49edc990da3be1ddd998008699d963538c48996d42c66cfc ba8261da2f1e5a7ba6972a5ec3690747abcb071094f917f9a13fcfd206967307
SERVER_HANDSHAKE_TRAFFIC_SECRET 693c1a209b04a22c49edc990da3be1ddd998008699d963538c48996d42c66cfc 197b03bb30c7e7ce553a000bb6d306ca8670eb0cf0d4f50fc87cf3bb165ca531
CLIENT_TRAFFIC_SECRET_0 693c1a209b04a22c49edc990da3be1ddd998008699d963538c48996d42c66cfc 2cc3ef8121856b86ac5d3462a0b392c703adc61321ff695f51b911447fd953b6
SERVER_TRAFFIC_SECRET_0 693c1a209b04a22c49edc990da3be1ddd998008699d963538c48996d42c66cfc fe3f7289f2d7e0737b079d3671ad514082f8db49418336e59ebab4a796916549
EXPORTER_SECRET 693c1a209b04a22c49edc990da3be1ddd998008699d963538c48996d42c66cfc 9545fdee0d1fe87717d7536655bde60cb295bd7cabe7f783e0c83ab5894c03b5
CLIENT_HANDSHAKE_TRAFFIC_SECRET 0801f407440a107b853682c1992644d610b5a7573c0be32bc2dc3b8992bb3f40 69b4745aad7d20d52ea2c7cb089d7550fe754e290129989d22b3fc0a76b24c49
SERVER_HANDSHAKE_TRAFFIC_SECRET 0801f407440a107b853682c1992644d610b5a7573c0be32bc2dc3b8992bb3f40 ed871452994c93a5f754c7e53134333803f009853f3fb5e4c58af039a7241eb7
CLIENT_TRAFFIC_SECRET_0 0801f407440a107b853682c1992644d610b5a7573c0be32bc2dc3b8992bb3f40 df3e6a224bac8b946c9b7c8a096f5f8ca9d90d39beaeed3d88566f0432deb285
SERVER_TRAFFIC_SECRET_0 0801f407440a107b853682c1992644d610b5a7573c0be32bc2dc3b8992bb3f40 ee1e89b5ceaa1f98d65c8dd39d463f78dfa70edbeb5c5582d3563f78a55ec8e5
EXPORTER_SECRET 0801f407440a107b853682c1992644d610b5a7573c0be32bc2dc3b8992bb3f40 8b6eab2981027d4253743ed990d15efea3bf5e1e0469bffb52b0979771d5a1fe
CLIENT_HANDSHAKE_TRAFFIC_SECRET a9cbc9f81f052d13bf2ca7d025af6e943aa05736bf842570407473def865ccce 2a04558cbed0cf9c54d17ca95617a196f7a33b0a7f4ecd66cb80d0b845fa1f9e
SERVER_HANDSHAKE_TRAFFIC_SECRET a9cbc9f81f052d13bf2ca7d025af6e943aa05736bf842570407473def865ccce 83183f5494ad5cbf3a1677da35896c7b00fba42751cf9e622190662c15269bbc
CLIENT_TRAFFIC_SECRET_0 a9cbc9f81f052d13bf2ca7d025af6e943aa05736bf842570407473def865ccce 73bd74b4062b794e002f9feffc21536496c5874a6ea1023a904d4a5a0ca02c4e
SERVER_TRAFFIC_SECRET_0 a9cbc9f81f052d13bf2ca7d025af6e943aa05736bf842570407473def865ccce f588df4c7375afa892334b6dcd5f92761f99d8077d17a2511199a0d157406ef7
EXPORTER_SECRET a9cbc9f81f052d13bf2ca7d025af6e943aa05736bf842570407473def865ccce add480de2b762756d40deef560ba162c5104e29dbb187fbdc209fa06013628f0
CLIENT_HANDSHAKE_TRAFFIC_SECRET a0577a09839c4b3134623177d008d66c04cf8ac0951614e8747774ce7fc50803 fa58bdc5138b1ffa747b3e614f543bed93d58bfab305e370c11905d4924b4fd6
SERVER_HANDSHAKE_TRAFFIC_SECRET a0577a09839c4b3134623177d008d66c04cf8ac0951614e8747774ce7fc50803 9a0e9028eb9b0401a0136a2f0c100e9f8ecbc5799bb193e0c954b21820e9d7ab
CLIENT_TRAFFIC_SECRET_0 a0577a09839c4b3134623177d008d66c04cf8ac0951614e8747774ce7fc50803 d7dd9e0a7d2e6f0ab1e49065935c6976e031af00c3983a488651c7382450aa6d
SERVER_TRAFFIC_SECRET_0 a0577a09839c4b3134623177d008d66c04cf8ac0951614e8747774ce7fc50803 dae3daff2ff3896d71a336a21c9d823de9519523755c997c2a27eedc0b163850
EXPORTER_SECRET a0577a09839c4b3134623177d008d66c04cf8ac0951614e8747774ce7fc50803 9f6c43a42d303e1f0f6934565b1f711ab673a84dea592c8e5aca21fa8f082738
CLIENT_HANDSHAKE_TRAFFIC_SECRET 0cb0e1f7891e20165bcb5999c03a572683f4f494be804af6769d042d6566da74 2d12870a5115feb65f90517a616919e91cf205a6e369b7a918f884a1a0ab634b
SERVER_HANDSHAKE_TRAFFIC_SECRET 0cb0e1f7891e20165bcb5999c03a572683f4f494be804af6769d042d6566da74 64957e00599f53057dab4d43bae258d5da46a2f7e8171b4407f4f66ad28e8024
CLIENT_TRAFFIC_SECRET_0 0cb0e1f7891e20165bcb5999c03a572683f4f494be804af6769d042d6566da74 c3625e3fc0a86a002d0b4eb8faae86d553616ee4f3435e415506ca4927ba8bf8
SERVER_TRAFFIC_SECRET_0 0cb0e1f7891e20165bcb5999c03a572683f4f494be804af6769d042d6566da74 aa1cdb4823ac4819a5c08a80acce2c131df06e04c137ab7736504172269f4153
EXPORTER_SECRET 0cb0e1f7891e20165bcb5999c03a572683f4f494be804af6769d042d6566da74 1a2aa4ce454755227a287c2998ced146146a620d90478762331954f2d40e9412
CLIENT_HANDSHAKE_TRAFFIC_SECRET af3422927275ac78a2060be86a418225cdbd1c696215367848a25392d475df7b e2b7801edd4015c8d81bcc9f54d980d8c9eca5ef78750d7cfb52917717e6d1c0
SERVER_HANDSHAKE_TRAFFIC_SECRET af3422927275ac78a2060be86a418225cdbd1c696215367848a25392d475df7b 0e251d5f271953fa26203d42c1a1e685a3d5091cacb3095082589aeade4ccda3
CLIENT_RANDOM efe5289b48cb44de993e7eb71891a7a3642065d8ff32cae1540be3c8e32f2a15 d7aed1b4d211f33bee301a8f4d35502ba94cafbdb27bfc7e96afc0e45f4c4dcd181410cf0d834b8a2ef0830320bf7f33
CLIENT_TRAFFIC_SECRET_0 af3422927275ac78a2060be86a418225cdbd1c696215367848a25392d475df7b 3f6ed3ea1fd734864557396bcc0ed34c62c1aa8b5d222db5d6b1bc185ac7c47f
SERVER_TRAFFIC_SECRET_0 af3422927275ac78a2060be86a418225cdbd1c696215367848a25392d475df7b cd0f46b7423bfd756a0fdf9b5b6a31c58cf5db3f62e746e19416d60d5a52da90
EXPORTER_SECRET af3422927275ac78a2060be86a418225cdbd1c696215367848a25392d475df7b e71745198157b11ee7db5eeebf87d6ee0350efd31d9501bc4b5030328cba0281
CLIENT_HANDSHAKE_TRAFFIC_SECRET d7ac241a97deed7a18234e694ea69c2f9fcd1705495246d17c9b7cb815151ef6 8036fc80e2f736a5daf32cb5734b060390ca8d35c1b0a1bc9c99c3d5fe714243
SERVER_HANDSHAKE_TRAFFIC_SECRET d7ac241a97deed7a18234e694ea69c2f9fcd1705495246d17c9b7cb815151ef6 59ad3e5c5d53ad2f10c64132feb4e8ed3fb277565eb0fc25cbc010a21a702b3b
CLIENT_TRAFFIC_SECRET_0 d7ac241a97deed7a18234e694ea69c2f9fcd1705495246d17c9b7cb815151ef6 2b6fbdcd7f514ca01a8fd5bca94f149809c881fd86512cbb900a93fa79368325
SERVER_TRAFFIC_SECRET_0 d7ac241a97deed7a18234e694ea69c2f9fcd1705495246d17c9b7cb815151ef6 9ec5f3090ee94b9c433452eb90b32e0f12d534c49c0c048e27a583ce5525153d
EXPORTER_SECRET d7ac241a97deed7a18234e694ea69c2f9fcd1705495246d17c9b7cb815151ef6 b94311095ad46db89c48d440b7646dfd0db5b213f9f73000d97baa2d03152773
CLIENT_HANDSHAKE_TRAFFIC_SECRET 3a91aeb8b02904f08a2d6105d49f3307cc7cb4306db828c68f0276f8712ab7b1 fbc894e39f02b22ae791824385cb3b8babd8ca9931f56e4d9d75936f57e189cf
SERVER_HANDSHAKE_TRAFFIC_SECRET 3a91aeb8b02904f08a2d6105d49f3307cc7cb4306db828c68f0276f8712ab7b1 99309edea504f85dda26d0cce9becf12b3ff125d4c40299ed258f12dc227d570
CLIENT_HANDSHAKE_TRAFFIC_SECRET 6b51dfc73f13772be67cc7032c037d9d3bbcf0af0f65cf847ccc323c6c0a1206 d2a927dfc493e403a189bce5b6f322070ccedd7d53fca2a9d3b98f8767cdcd8c
SERVER_HANDSHAKE_TRAFFIC_SECRET 6b51dfc73f13772be67cc7032c037d9d3bbcf0af0f65cf847ccc323c6c0a1206 e8a65b43a46cb43536bdb3a7a4da12f38be8424f4b7f87132a04430dc19d19af
CLIENT_TRAFFIC_SECRET_0 6b51dfc73f13772be67cc7032c037d9d3bbcf0af0f65cf847ccc323c6c0a1206 d10a095d8dca7b598690327c2d7897e59bf504c4f65e7eaab418827592a8fda9
SERVER_TRAFFIC_SECRET_0 6b51dfc73f13772be67cc7032c037d9d3bbcf0af0f65cf847ccc323c6c0a1206 eb01abf41906696725ffbebabcd852e3298089366627c0c642d9b4ad6614ddff
EXPORTER_SECRET 6b51dfc73f13772be67cc7032c037d9d3bbcf0af0f65cf847ccc323c6c0a1206 a76b1411ecc3fa611272bfc99eff5c58c38191dbb664ff2248573c78a6e4150d
CLIENT_TRAFFIC_SECRET_0 3a91aeb8b02904f08a2d6105d49f3307cc7cb4306db828c68f0276f8712ab7b1 6bc0eb5be92ecfe55283cc541b1b5531c7980d371e5f601b49c5c424f54a3a05
SERVER_TRAFFIC_SECRET_0 3a91aeb8b02904f08a2d6105d49f3307cc7cb4306db828c68f0276f8712ab7b1 880a6a09ad7d0efba6531226d74a01f530ebc3ddab8c40d7514ea2f5e56d9102
EXPORTER_SECRET 3a91aeb8b02904f08a2d6105d49f3307cc7cb4306db828c68f0276f8712ab7b1 03e061f264fd53d11c4f80b65dcfa0c629cc9403e4ccaf41ef077a4224c46d2c
CLIENT_HANDSHAKE_TRAFFIC_SECRET cce7502067054390895900de40f38040c8a4049bfd7cad16535b300f1844df0e 981177b8e49023b53dcdb08a36552b6f51c69b579a78e38b8b2dbe81133f4214
SERVER_HANDSHAKE_TRAFFIC_SECRET cce7502067054390895900de40f38040c8a4049bfd7cad16535b300f1844df0e 48dd93981f3a7360500af29f2ab1fd943e141425fb36c4a042ecac3c473a75e1
CLIENT_TRAFFIC_SECRET_0 cce7502067054390895900de40f38040c8a4049bfd7cad16535b300f1844df0e 3a497ca359dafb781a5ded1f85db0a90019c22f84c7df00a8ca8eb05fedff55e
SERVER_TRAFFIC_SECRET_0 cce7502067054390895900de40f38040c8a4049bfd7cad16535b300f1844df0e ea9d358cf70c22fd86674f6e5711055bf4a143d60c02f0d8076667b1059b1b2d
EXPORTER_SECRET cce7502067054390895900de40f38040c8a4049bfd7cad16535b300f1844df0e 3806624f6db265336f935a2f9c46b40603424a49fb821a8214430bc7f4dccf93
CLIENT_HANDSHAKE_TRAFFIC_SECRET ba5a3a4c227a8ad38ba13e9d5190863079bd776302070c4344f9cc4807136eab 214824faaf88827287164154dcf184f05ae28f80a4c424fc9e33a8775837a6341d4b5eb0fa5fe40ce68fb5cfbe5c583c
SERVER_HANDSHAKE_TRAFFIC_SECRET ba5a3a4c227a8ad38ba13e9d5190863079bd776302070c4344f9cc4807136eab 43f2f4878fc4b781fc5af10e2634c4979ac4254bf95f9c9498561e1261dfc7459c5436deefea3932d4a0eb99eb03ea95
CLIENT_TRAFFIC_SECRET_0 ba5a3a4c227a8ad38ba13e9d5190863079bd776302070c4344f9cc4807136eab c27e89a6fc949466b734516ea6546d3ed144aae52ff862dcd9d05919f86d300b85eea64923dcab8c81d3b393b63d63db
SERVER_TRAFFIC_SECRET_0 ba5a3a4c227a8ad38ba13e9d5190863079bd776302070c4344f9cc4807136eab 37a6cf654e74ef2cfb2aee0a57b327aff97e2afd0112ff35fc77aa1319183425d3ee80d413519f31210ccb8dade5909d
EXPORTER_SECRET ba5a3a4c227a8ad38ba13e9d5190863079bd776302070c4344f9cc4807136eab 0fbc01cd439c092d9a1514a9b237b5b29218d4a750ec79ef1187a6fbedadf77bc666fc9889b4c88f5c7da6d3ea425adf
CLIENT_HANDSHAKE_TRAFFIC_SECRET c9bc3fc96b89cf9e1e66530fd4159c862d25a52013dea432fac6ff90dd65e9bc 959ae1bfe3ec5fcbe1d2eb6584f9318ecad8e2cfa04e64e0b670eca8901d47ea
SERVER_HANDSHAKE_TRAFFIC_SECRET c9bc3fc96b89cf9e1e66530fd4159c862d25a52013dea432fac6ff90dd65e9bc 8f27ade50a85866e2f3948c96cba1ca794d98175f2a8b8f4b78affab71dd8c3c
CLIENT_TRAFFIC_SECRET_0 c9bc3fc96b89cf9e1e66530fd4159c862d25a52013dea432fac6ff90dd65e9bc 3a80dadf70712612297b583b72dad55b963a56c9728a1b1c604f05a445c6469f
SERVER_TRAFFIC_SECRET_0 c9bc3fc96b89cf9e1e66530fd4159c862d25a52013dea432fac6ff90dd65e9bc 442af668f1a929b73241054cf03e2a8f640aabe7732cc48cc241dd248719ca66
EXPORTER_SECRET c9bc3fc96b89cf9e1e66530fd4159c862d25a52013dea432fac6ff90dd65e9bc c0b43713a02d15888d987f4e73613732699baf90aec92f55a05ec28610e885bb
CLIENT_RANDOM 5872421d8be2bc11672c173f643868347f5f65d181dc97b72ba0b972a5a9a6ab 7cf3b8df0818491f16940a90b608e922f0495d8fea60c0a9ef39a08761780a62f8ed2bed8915c18625adbe1e81f59a0a
CLIENT_RANDOM 54bc0b1ce595fb88245b7a9804b7e7938a18d67112863244613a2b9dafc80a4e f17691ce9301dfe574fbefad1c3e71c8592327af8d76746b418690e704ba6e478ea5e5d8a5f5975986cd77557846b779
CLIENT_HANDSHAKE_TRAFFIC_SECRET d1ec2dc22fca0191beddc1f8e776ba98169362407adb1f655d92a763ff059c2d 7a274d487fbc62f912cc67a7f8527a5c086f88ef9e2d9b5d1b063b7bea780abb
SERVER_HANDSHAKE_TRAFFIC_SECRET d1ec2dc22fca0191beddc1f8e776ba98169362407adb1f655d92a763ff059c2d 6caa3b32d4561daf7d3915a881f7317d4f756fc48eafe6052fe4eb76248144fa
CLIENT_TRAFFIC_SECRET_0 d1ec2dc22fca0191beddc1f8e776ba98169362407adb1f655d92a763ff059c2d bd19e237f116763a79dcc2c69fab0ee58d4f79763d48ee2f0f3f5a83728f6a6a
SERVER_TRAFFIC_SECRET_0 d1ec2dc22fca0191beddc1f8e776ba98169362407adb1f655d92a763ff059c2d 8010218dee12da20eb95a99a51029d1edb36db2e0e28a34e2e520af7e0a49ba6
EXPORTER_SECRET d1ec2dc22fca0191beddc1f8e776ba98169362407adb1f655d92a763ff059c2d ada6052e9354fbb28a1d9a6f353d496e4c2e9d64bc1631692983d79b1a0735a9
CLIENT_HANDSHAKE_TRAFFIC_SECRET 0a5d44052d1b5838643914cd370fce0d39f4cee94b953ddc9984fd40fc42c52e 3709994a23a24da5c2a402a02733e5045fbb4504835801f63e723accc36341eb
SERVER_HANDSHAKE_TRAFFIC_SECRET 0a5d44052d1b5838643914cd370fce0d39f4cee94b953ddc9984fd40fc42c52e 00fe32b68c22d4053936abcc669fe59245aef29b3a72e8d61181f11b4b0daf58
CLIENT_TRAFFIC_SECRET_0 0a5d44052d1b5838643914cd370fce0d39f4cee94b953ddc9984fd40fc42c52e 7f2fb2168a6a77bfd6847a8154d06307e5ab5b20a1da1bb042b01d1ce6eb8bd8
SERVER_TRAFFIC_SECRET_0 0a5d44052d1b5838643914cd370fce0d39f4cee94b953ddc9984fd40fc42c52e dd151bd0cf75eca305dd88f3bb181ddad818e52b0fbd1445f79c60e4c8ed9980
EXPORTER_SECRET 0a5d44052d1b5838643914cd370fce0d39f4cee94b953ddc9984fd40fc42c52e 18ceb74d7b0e0d30a9c7b8baa610a2c24350f9b0c1c51e8bff0f795104085545
CLIENT_RANDOM 34af07fa4cfb959165cac77932cdc18846eae691f4c2f9152ce2f307c212841e ec8c8343f688a2f78359cb510ddf381e1bd6aac87255ef418efd90cb88e512a51c5bb8b8fbfe55e8af8d9a2e448c8321
CLIENT_RANDOM d867ca1fb4cc8b717aabd74953b7ff7a5b32e72e9a1dd3722b8cfccab030efe1 7d1420472aa29a67f801ca8f82ef9fa8cf2e145561a9134d9af8b4a4ebd474a251b56cffc94f181b7058d021c438f00b
CLIENT_HANDSHAKE_TRAFFIC_SECRET 32c7f7a5fc1acf70408f1040c3cca8b58b0e1a2e30322b82afa22e419930c34a cb4ed7294ac4b9d9521d31aa41457b83fc8dd5bd435148be4ac4fea695c082f6
SERVER_HANDSHAKE_TRAFFIC_SECRET 32c7f7a5fc1acf70408f1040c3cca8b58b0e1a2e30322b82afa22e419930c34a 2f5ded56d38ed67c9796c78b67e8164040d7cf477d30914c9dcf7f40490ee283
CLIENT_TRAFFIC_SECRET_0 32c7f7a5fc1acf70408f1040c3cca8b58b0e1a2e30322b82afa22e419930c34a e378cc4ca2929958d40e59ce124e3c249df1121accff3abed20780cb8bf7d592
SERVER_TRAFFIC_SECRET_0 32c7f7a5fc1acf70408f1040c3cca8b58b0e1a2e30322b82afa22e419930c34a b7ca9fc8f5c2bb44bdc899212137e180576fd89d29e3693d20e59bf4f22d8a96
EXPORTER_SECRET 32c7f7a5fc1acf70408f1040c3cca8b58b0e1a2e30322b82afa22e419930c34a 783c463ad1d2dff719a109058c0d68b3643b968f5ffb3371668a6e1deb7b3868
CLIENT_HANDSHAKE_TRAFFIC_SECRET ee34070130f770583e84831ba3f477d0805f098722e262106ca5c91fb4e6c276 7f8ba86170451ab47621adb8f5baf4f7d6f79146d390dfd55057d88d717bf946
SERVER_HANDSHAKE_TRAFFIC_SECRET ee34070130f770583e84831ba3f477d0805f098722e262106ca5c91fb4e6c276 21752ea346d87cf474a0d777d9da0943289e78027dfc8c64dafa0c512986c60f
CLIENT_TRAFFIC_SECRET_0 ee34070130f770583e84831ba3f477d0805f098722e262106ca5c91fb4e6c276 10d5b341e09d28daadbf1f7e453df459933076f0de8611b00a2f07df4dd92201
SERVER_TRAFFIC_SECRET_0 ee34070130f770583e84831ba3f477d0805f098722e262106ca5c91fb4e6c276 388e3fdf61a6560cd111bb845865ade5659339e5ba7d8c709c719ddcae3941cf
EXPORTER_SECRET ee34070130f770583e84831ba3f477d0805f098722e262106ca5c91fb4e6c276 4942e928f3dec0258197f4e4219ef0683baeae180084bb3b9128cad1cd1bc190
