CLIENT_HANDSHAKE_TRAFFIC_SECRET 1553b93429f023de3764d54b98c1adc0b44d74c572b93607050b486649d977a7 56fdf894c1a5724af882a2983070a1813157500fe905e4dc94315970af3280ce
SERVER_HANDSHAKE_TRAFFIC_SECRET 1553b93429f023de3764d54b98c1adc0b44d74c572b93607050b486649d977a7 e0a8ef8033a7910c08abb5e433668592b29a8f83e30aaf0f9937b064690bd7bc
CLIENT_TRAFFIC_SECRET_0 1553b93429f023de3764d54b98c1adc0b44d74c572b93607050b486649d977a7 c301790efc646f25211110beace4a7b90bc4d720bb6a926af10941959e720065
SERVER_TRAFFIC_SECRET_0 1553b93429f023de3764d54b98c1adc0b44d74c572b93607050b486649d977a7 6d00f2207c5668ec5165a4800ccc9fd1dfcb34be963dd3505341d1fc8ba51c78
EXPORTER_SECRET 1553b93429f023de3764d54b98c1adc0b44d74c572b93607050b486649d977a7 b17201a627c5662d2803f10fb14d89606a5a1284a563992e5ac57e43c17d5d2e
CLIENT_HANDSHAKE_TRAFFIC_SECRET 075356afadc2ba66d204b8a679de0f557ba10f89394a84efa1665e1f1e4d01d1 63ee6120f267e644fff3e0d7d6f8b389892801e11105f550b4bdbfab569d099b
SERVER_HANDSHAKE_TRAFFIC_SECRET 075356afadc2ba66d204b8a679de0f557ba10f89394a84efa1665e1f1e4d01d1 8dcff0bfa0c02962baa7963e7ebc8ef816274a8ed12f75f4cda62c916652fc82
CLIENT_TRAFFIC_SECRET_0 075356afadc2ba66d204b8a679de0f557ba10f89394a84efa1665e1f1e4d01d1 a0dc5c830562be3215fbd6a6fd63021f46a4096c73cf730feee519fd738c7df2
SERVER_TRAFFIC_SECRET_0 075356afadc2ba66d204b8a679de0f557ba10f89394a84efa1665e1f1e4d01d1 c1c6734ee3013d45d9ab23ad6c7dba43b1cc4542da63b8b54b071742110fdbdf
EXPORTER_SECRET 075356afadc2ba66d204b8a679de0f557ba10f89394a84efa1665e1f1e4d01d1 6c4381f4218888bfd42a1685860198713321db2f8509592e8574c396e4474f3e
CLIENT_HANDSHAKE_TRAFFIC_SECRET 1467b3269f62a9c5e35fd6b18ff6ce8ef564948480fdce647fde2c26fac52825 9345f01c8c083961cea65d287722f85bf42344746d10c6da2e950b9328ef368d
SERVER_HANDSHAKE_TRAFFIC_SECRET 1467b3269f62a9c5e35fd6b18ff6ce8ef564948480fdce647fde2c26fac52825 54e54a43aab1921e65d5738e20f3730d3776ff0e51dde812ae0fadd1bd738e01
CLIENT_TRAFFIC_SECRET_0 1467b3269f62a9c5e35fd6b18ff6ce8ef564948480fdce647fde2c26fac52825 68c96ced9618c4fee647ebfeeacca5da55ce56ae359dbdd5b572f4177c97227e
SERVER_TRAFFIC_SECRET_0 1467b3269f62a9c5e35fd6b18ff6ce8ef564948480fdce647fde2c26fac52825 b1979a51793dd0afeaa81ca103a4c8b51a6dc357853cb02ff834665e00048b3d
EXPORTER_SECRET 1467b3269f62a9c5e35fd6b18ff6ce8ef564948480fdce647fde2c26fac52825 cbfeba0c5ae7712faf4e12b5367f1d1b5e2086992b6e0b1dbfab2b17aaea75a8
CLIENT_HANDSHAKE_TRAFFIC_SECRET 9f25955cf24c981ced67ccc7c5d33714a621132c6d97fe664904a2ea3e4bdbe2 22948d7fa52b3c41a2be8cc39ff3a06d8dd4da84dfc0b9e450f28e067317e168
SERVER_HANDSHAKE_TRAFFIC_SECRET 9f25955cf24c981ced67ccc7c5d33714a621132c6d97fe664904a2ea3e4bdbe2 609339983b73d57337da10977887862c6740876367731887c9466db771f9de30
CLIENT_TRAFFIC_SECRET_0 9f25955cf24c981ced67ccc7c5d33714a621132c6d97fe664904a2ea3e4bdbe2 dd799547be9d3ed051157f772d24cc8e7d9a2b1b83189bab54ed5fd645ced87f
SERVER_TRAFFIC_SECRET_0 9f25955cf24c981ced67ccc7c5d33714a621132c6d97fe664904a2ea3e4bdbe2 9e04ea5b178b8bed5a06612b65b7b5d959033a9efbbb51dc0dcf5f36b8a2b90e
EXPORTER_SECRET 9f25955cf24c981ced67ccc7c5d33714a621132c6d97fe664904a2ea3e4bdbe2 f71163a0b65af77c82adb0e5aa56eb9e9b892097588db86c682c3db4083628ae
CLIENT_HANDSHAKE_TRAFFIC_SECRET 085155c2a6716f69a7b6d66d1d4eaca2478f4cbe6aa156e17d685e45d6719590 0645559f23a235d09119ad6aa21b465a7329802c3ae455d7157b9891c8ad182d
SERVER_HANDSHAKE_TRAFFIC_SECRET 085155c2a6716f69a7b6d66d1d4eaca2478f4cbe6aa156e17d685e45d6719590 d30a238d62e8d4b16030f7377dd2d8008d9190b991da0018da2ee3ed0b8c6f8d
CLIENT_HANDSHAKE_TRAFFIC_SECRET b25278f83a89798fdc85346972a922f8ba5c9a4c77917a79df5edbab1e8864e1 4655039d11d3b428503131510645ab8f29c60af4b28c193e665235cc6a2f28f4
SERVER_HANDSHAKE_TRAFFIC_SECRET b25278f83a89798fdc85346972a922f8ba5c9a4c77917a79df5edbab1e8864e1 b76cb41585cb8c4136835fc92ecd9b2ebc7ae22af6c8601b68e894c3c05dadc4
CLIENT_TRAFFIC_SECRET_0 085155c2a6716f69a7b6d66d1d4eaca2478f4cbe6aa156e17d685e45d6719590 5df138e2031ca23450846574dca4d969c7f6eaffdbc40a98e7ea488f89282041
SERVER_TRAFFIC_SECRET_0 085155c2a6716f69a7b6d66d1d4eaca2478f4cbe6aa156e17d685e45d6719590 3a2733aadf2bed2c13bd576511052625517453e0a1f68ac79eda44af7d77b470
EXPORTER_SECRET 085155c2a6716f69a7b6d66d1d4eaca2478f4cbe6aa156e17d685e45d6719590 75d370fdcfbce4aab9b6750358939bc4b94b619d7000930a3a0f3ae216982d57
CLIENT_TRAFFIC_SECRET_0 b25278f83a89798fdc85346972a922f8ba5c9a4c77917a79df5edbab1e8864e1 bc9ca2a4290156658c3ce4cf5af30b634f0eee8cd340715f8a9ffe5060189cca
SERVER_TRAFFIC_SECRET_0 b25278f83a89798fdc85346972a922f8ba5c9a4c77917a79df5edbab1e8864e1 191a1382cb0e7fe52076d2f14ba4f0f84da965f5f2bc52c16dfdd8678949dfa4
EXPORTER_SECRET b25278f83a89798fdc85346972a922f8ba5c9a4c77917a79df5edbab1e8864e1 0b4ef328f2af1a82f96d7d5c778733ad73be1c18ed73de95e8ece620f7776678
CLIENT_HANDSHAKE_TRAFFIC_SECRET e0e232bb671e084f14aa5bfdf7e4becc94ffd7ae8f36f657f2dac7c4f6d37d81 489f6f08f9f9e88c8b9dde0f374edff89e6e712b281e320dee5e4fc00664881a
SERVER_HANDSHAKE_TRAFFIC_SECRET e0e232bb671e084f14aa5bfdf7e4becc94ffd7ae8f36f657f2dac7c4f6d37d81 cc87e3f7580c48862e0cdf83d8508b056ee87980d17b846abe60758e911ee5db
CLIENT_TRAFFIC_SECRET_0 e0e232bb671e084f14aa5bfdf7e4becc94ffd7ae8f36f657f2dac7c4f6d37d81 e0a607c6928aecd220b07e01f886d45dfda4d5518dc185b6225fcafad1040df3
SERVER_TRAFFIC_SECRET_0 e0e232bb671e084f14aa5bfdf7e4becc94ffd7ae8f36f657f2dac7c4f6d37d81 6e0082e2f6c9f61244fce8e073e015687c9d77994b2555b8d67fab6893124d63
EXPORTER_SECRET e0e232bb671e084f14aa5bfdf7e4becc94ffd7ae8f36f657f2dac7c4f6d37d81 cd988ad8dfcaf857929f6c8f574af34634595f0bd69d2b3a47098a239d4a591d
CLIENT_RANDOM 6420e5d4374b723c8b8aba241d56a2467a9adf1295f6aaa768ec6887749ee1c0 7087c0f497791a38bb24b962f04e29585554772d075de937c4af947fa6bd89998e88592ba5abb388711bb2e1c18dd31c
CLIENT_HANDSHAKE_TRAFFIC_SECRET 6c1a57ab20ada55d336bed102a60a520919c0b4dd9e7d0ddf21b66b3b6c0df21 a26dd756367bfc852a60ae9bf766f6967e0a29572ad3221b62419cfded493a21
SERVER_HANDSHAKE_TRAFFIC_SECRET 6c1a57ab20ada55d336bed102a60a520919c0b4dd9e7d0ddf21b66b3b6c0df21 941ac40e8120af0c086264d5e6e1e69cac2c8ac23807942ae1449010c7ce635b
CLIENT_HANDSHAKE_TRAFFIC_SECRET 6c4d92d1c9a8fd7f5951c39013eaa798ee7c4867fd0011d9787391b911ec35fb 0a06367dc1c93184872ffef639b8d28ffab1715a1085dbc1771c0af1975adbf2
SERVER_HANDSHAKE_TRAFFIC_SECRET 6c4d92d1c9a8fd7f5951c39013eaa798ee7c4867fd0011d9787391b911ec35fb ea0487534b11ee093bfb7714a539f375d317d7bf28dfba6066fb74e2e5250548
CLIENT_TRAFFIC_SECRET_0 6c1a57ab20ada55d336bed102a60a520919c0b4dd9e7d0ddf21b66b3b6c0df21 da60681263de4b7c0d4ff47da4930b74a0e141ac69cf85b39e597bbf9c20dfc3
SERVER_TRAFFIC_SECRET_0 6c1a57ab20ada55d336bed102a60a520919c0b4dd9e7d0ddf21b66b3b6c0df21 620cb14897dffd30465e50f067e50a7a590142e51a17c0e2023a9bb255573afe
EXPORTER_SECRET 6c1a57ab20ada55d336bed102a60a520919c0b4dd9e7d0ddf21b66b3b6c0df21 7baf5092b626cd9d23e1bf23f40bf8cb6d40cfabc41c495501e266b728f3474f
CLIENT_TRAFFIC_SECRET_0 6c4d92d1c9a8fd7f5951c39013eaa798ee7c4867fd0011d9787391b911ec35fb 9971e557b085bdbab509d3babb862ad72dfdf775a6966431c0fa6d90fe609e67
SERVER_TRAFFIC_SECRET_0 6c4d92d1c9a8fd7f5951c39013eaa798ee7c4867fd0011d9787391b911ec35fb ce34ad26a8b2ddd98611fac497a1d17644e2b8d89096a0b708e20ab53bc9c831
EXPORTER_SECRET 6c4d92d1c9a8fd7f5951c39013eaa798ee7c4867fd0011d9787391b911ec35fb 8f5d424be1ccf7eafa8f002f3556a9ffcde89af7434f1353a2e17359746f79e7
CLIENT_RANDOM be0007122dfb4649c8f18b580513da70201cb200d74f88a40c3a5c08ff1cc155 88a0c20844104c7d03788cf06c1d8e2f8a54f50a6d97e0802a6af2c1e95e1c21f234c59d523d5bd9be78146aa56f6401
