CLIENT_HANDSHAKE_TRAFFIC_SECRET 50c5757fef11a7c1cd0da6e738c48b08c38474a8f5e1988c68b4fe43ab5981bb 09bea02e4014cab5870ba6cfc7b07bf0bfe385802c969016d6b7da40b92f49d4
SERVER_HANDSHAKE_TRAFFIC_SECRET 50c5757fef11a7c1cd0da6e738c48b08c38474a8f5e1988c68b4fe43ab5981bb 4f838d1bfcff56c9763fe5c315d985f6c5193462931d06f0120dcfb9f388fd23
CLIENT_HANDSHAKE_TRAFFIC_SECRET d765283620dccfbc344225647fa92677485af8b6687e5f67f65b7b2ff18e2cc9 6c69ef595300dae41fe1a1fbfbc74488694c6cd5ad1b2ad168feec646bbfcc80
SERVER_HANDSHAKE_TRAFFIC_SECRET d765283620dccfbc344225647fa92677485af8b6687e5f67f65b7b2ff18e2cc9 fe27c72c94f95e492ff8d94b61f2bf4b40ee67fb3bc9ecda14d0712c1ad8a864
CLIENT_TRAFFIC_SECRET_0 50c5757fef11a7c1cd0da6e738c48b08c38474a8f5e1988c68b4fe43ab5981bb 9ab2ab7c4c8ab69e726601b3d39244c340e7924e747f272545fd8dd6999214e4
SERVER_TRAFFIC_SECRET_0 50c5757fef11a7c1cd0da6e738c48b08c38474a8f5e1988c68b4fe43ab5981bb 83b9d372a0b5233182d32d6216f65d5dbe6cebc1651d90fd3a50b6b28395683c
EXPORTER_SECRET 50c5757fef11a7c1cd0da6e738c48b08c38474a8f5e1988c68b4fe43ab5981bb acc09c089b9bd19d74a994f0856e15a54256db053ebb3632a482b350de0f5c4f
CLIENT_TRAFFIC_SECRET_0 d765283620dccfbc344225647fa92677485af8b6687e5f67f65b7b2ff18e2cc9 62291655d13a5f655c84f55bc856fc13874e9c7a231de5912d616eb74dbdb362
SERVER_TRAFFIC_SECRET_0 d765283620dccfbc344225647fa92677485af8b6687e5f67f65b7b2ff18e2cc9 0805ed85f3681cea3dc57f7a8621a287ed7470a5f007e27109744a59d49be28a
EXPORTER_SECRET d765283620dccfbc344225647fa92677485af8b6687e5f67f65b7b2ff18e2cc9 ef977476a4186f9cc2467b658e4b4159c6237d9fd1bdb7de132fc61860e92ea1
CLIENT_HANDSHAKE_TRAFFIC_SECRET 43f4c1c65803fb7947e3d12fcd3b8200817e496d1d238e658a0a2cdc309cb46a 5e4d75f785e7ec0a4598c231a945142ca88dc48a38c803ced3bdafa2cca84504
SERVER_HANDSHAKE_TRAFFIC_SECRET 43f4c1c65803fb7947e3d12fcd3b8200817e496d1d238e658a0a2cdc309cb46a 2ae056c5df2533a06432dd50c5d7986fc9af5e09e435a462642481bd90555b3c
CLIENT_TRAFFIC_SECRET_0 43f4c1c65803fb7947e3d12fcd3b8200817e496d1d238e658a0a2cdc309cb46a ba1387c48f2858a63ece407b8d841af0e061dbdb89f40851157399f2490087b1
SERVER_TRAFFIC_SECRET_0 43f4c1c65803fb7947e3d12fcd3b8200817e496d1d238e658a0a2cdc309cb46a ffec854cfa989040fd2b6e9ae5412114c0530803bd02e0f4e2eaa6335e5bacc8
EXPORTER_SECRET 43f4c1c65803fb7947e3d12fcd3b8200817e496d1d238e658a0a2cdc309cb46a 6a60f15d0d741c25403d6ffe7d159ad8fce0ba7bd1e13a6cc85c2c5265c4866f
CLIENT_HANDSHAKE_TRAFFIC_SECRET 721a54f6766d83a634131a4f9ea37e06a76fd8fcc284b7aa8a9992fbcfb1ae58 8aa282fafd3f281ff2d408c21ab5df7ff4d703e3ff17e383fb30854dec9a4b53
SERVER_HANDSHAKE_TRAFFIC_SECRET 721a54f6766d83a634131a4f9ea37e06a76fd8fcc284b7aa8a9992fbcfb1ae58 a581a2fb393ce62e1ac3809b40c0aff4b61cdbbf45f586fd8b36d15a934d75ff
CLIENT_TRAFFIC_SECRET_0 721a54f6766d83a634131a4f9ea37e06a76fd8fcc284b7aa8a9992fbcfb1ae58 9647bc0e7405df7bf278f37d23de60e029ad0a75a2d143f2aa20be7b0fd3ac51
SERVER_TRAFFIC_SECRET_0 721a54f6766d83a634131a4f9ea37e06a76fd8fcc284b7aa8a9992fbcfb1ae58 0df44e62045721510b660b46e09b93d6a9b01e6e353e9c2fa6db52d670f11a20
EXPORTER_SECRET 721a54f6766d83a634131a4f9ea37e06a76fd8fcc284b7aa8a9992fbcfb1ae58 a6187553769d042adeee958503b034b7685399b9b462215612314c27e3f8d3e7
CLIENT_HANDSHAKE_TRAFFIC_SECRET c3a0b1d3f5e9c1f8dc783bfd244c146d36a28234c735c2e91450315c25b565de 95a1b86f83cc5f34b6b66da3436c55fe05ce4331c9fd7d7f621c6a1795c8ac1d
SERVER_HANDSHAKE_TRAFFIC_SECRET c3a0b1d3f5e9c1f8dc783bfd244c146d36a28234c735c2e91450315c25b565de 274dce015ca39d8d673b5c1ed803fec7779cb24a7e6b50b21883d83fae2e57ce
CLIENT_TRAFFIC_SECRET_0 c3a0b1d3f5e9c1f8dc783bfd244c146d36a28234c735c2e91450315c25b565de 247ad3885215d7e4337ede4d43ea4487d48810d2da0ed9983f48d75facc2ee14
SERVER_TRAFFIC_SECRET_0 c3a0b1d3f5e9c1f8dc783bfd244c146d36a28234c735c2e91450315c25b565de 8000f2b9a9c77c1ee84206ffdb4abf087687219068c0faab7a020d840eb25885
EXPORTER_SECRET c3a0b1d3f5e9c1f8dc783bfd244c146d36a28234c735c2e91450315c25b565de 9a4f7268ecaa667d5aca71b463eceb0f347ab78bb81aeb54819b1ec6842fe9a5
CLIENT_HANDSHAKE_TRAFFIC_SECRET 9dc28e58941536ffd1d7886ad6ea87356c8d4aa7228c677d07254696a16f30b0 fa5cc6f23261dfee761888ae327e9c62ef4ee97d32e160d827e438d3bce9ba0b
SERVER_HANDSHAKE_TRAFFIC_SECRET 9dc28e58941536ffd1d7886ad6ea87356c8d4aa7228c677d07254696a16f30b0 37d6ab0bcd8b24ed9d70478778f3e9b0d0aa663b893924f38e8b4d91b41b07b3
CLIENT_TRAFFIC_SECRET_0 9dc28e58941536ffd1d7886ad6ea87356c8d4aa7228c677d07254696a16f30b0 22aa161b2651e3dfcebd62f78ad8f69a7e48bb90dc52a2b49fcbb7a45bd96969
SERVER_TRAFFIC_SECRET_0 9dc28e58941536ffd1d7886ad6ea87356c8d4aa7228c677d07254696a16f30b0 93b8c598cf967fcbf2bf158eb9c2e994cd571b02a9359997db6cf5cf7cf4b62d
EXPORTER_SECRET 9dc28e58941536ffd1d7886ad6ea87356c8d4aa7228c677d07254696a16f30b0 e9ad2ffdb9ad1189168ebd63381275c97c846e46da9851f803d86120350c8788
CLIENT_HANDSHAKE_TRAFFIC_SECRET 013569b3c810f5cf99d409654105e8db0b7ac30b1cf8567e872153c7ce694b84 6063ede5196742feb63eb16a8fc848478f7266a5733686cae27a98b6a2b63fae
SERVER_HANDSHAKE_TRAFFIC_SECRET 013569b3c810f5cf99d409654105e8db0b7ac30b1cf8567e872153c7ce694b84 322db7095be8919fc8578506a1ba65423549ad4d717014780a8a0b18d974d895
CLIENT_TRAFFIC_SECRET_0 013569b3c810f5cf99d409654105e8db0b7ac30b1cf8567e872153c7ce694b84 f0c1d8a0aee886178ce30793deb28a06842a2529a4f45efce2180220f6c5736b
SERVER_TRAFFIC_SECRET_0 013569b3c810f5cf99d409654105e8db0b7ac30b1cf8567e872153c7ce694b84 526a247a4537082a3b1e6d6d1766458472d428c5b221ea6281d2e0fc2a648ccc
EXPORTER_SECRET 013569b3c810f5cf99d409654105e8db0b7ac30b1cf8567e872153c7ce694b84 971839a7bc62858467c0f0f5a4074f33bb409eff49d01702ea8453218af07fd9
CLIENT_HANDSHAKE_TRAFFIC_SECRET 356161f0c63b8e47e448b6303b640f34372ed6bfe3501720306f262985ebf067 302776e47dbdf2c39e0e9fa332db60eb1c93e89e7ae1d70b928a86d10d0e084b
SERVER_HANDSHAKE_TRAFFIC_SECRET 356161f0c63b8e47e448b6303b640f34372ed6bfe3501720306f262985ebf067 cc26335a0a193f0c350ef531c0eeff19e3d52d61852f0c025177d248a9e5a5d7
CLIENT_TRAFFIC_SECRET_0 356161f0c63b8e47e448b6303b640f34372ed6bfe3501720306f262985ebf067 cdd09242e853b6c697ef6f6b06ea5215015a2afe06cc3cf830b9973b589854b5
SERVER_TRAFFIC_SECRET_0 356161f0c63b8e47e448b6303b640f34372ed6bfe3501720306f262985ebf067 6356d6cbeb2380a2099aec63ccce93ef04fe2ed9b9099e48a15aa0f54d6c1e52
EXPORTER_SECRET 356161f0c63b8e47e448b6303b640f34372ed6bfe3501720306f262985ebf067 96c882abc3e7c32edbcbf78c30e292b17fc6c77315ba1d0cb0d3069fb5ea5c30
CLIENT_HANDSHAKE_TRAFFIC_SECRET dffbcc9ac3cc48a6577194a3cade724a2f0129d560cf0e6dd8bb9971d2ea93dc 5fe224eacec7c19e37ac67a01d390ec72a3286885b8ee57b88f433b302b858cc
SERVER_HANDSHAKE_TRAFFIC_SECRET dffbcc9ac3cc48a6577194a3cade724a2f0129d560cf0e6dd8bb9971d2ea93dc b77bb5fb858a63d4de39b2b683b658df328e4c6415d1af3641a5e1ad9f210fa2
CLIENT_HANDSHAKE_TRAFFIC_SECRET 3181286471a2bb84d9be4ae8bcb76e4c49a38deed40936f53d14db62c2f75587 8f9121c313fb0ee6c5e6db9b52ab9175f9ac84554888b84d2267a762875f7232
SERVER_HANDSHAKE_TRAFFIC_SECRET 3181286471a2bb84d9be4ae8bcb76e4c49a38deed40936f53d14db62c2f75587 d896729314059654edf47c45a04adbe94e16d36e6a8e3585664180557e0625b6
CLIENT_TRAFFIC_SECRET_0 dffbcc9ac3cc48a6577194a3cade724a2f0129d560cf0e6dd8bb9971d2ea93dc 5658ee5af4dfd834f538b75d15def411fec9a9a38106e65ab18bd35e44c0a323
SERVER_TRAFFIC_SECRET_0 dffbcc9ac3cc48a6577194a3cade724a2f0129d560cf0e6dd8bb9971d2ea93dc 629ac30e5ebcce5507a5a9a76d598a86c581a5dedd234aa5ee69e19ff52e7b4b
EXPORTER_SECRET dffbcc9ac3cc48a6577194a3cade724a2f0129d560cf0e6dd8bb9971d2ea93dc d7651583836533a5cad7d06c61514803342263ca6ba6bf215a2b6118072ea0f3
CLIENT_TRAFFIC_SECRET_0 3181286471a2bb84d9be4ae8bcb76e4c49a38deed40936f53d14db62c2f75587 2542db7f6d755498e652b7c6d348d0df299b53daaa3839b20d21bb273e54c10d
SERVER_TRAFFIC_SECRET_0 3181286471a2bb84d9be4ae8bcb76e4c49a38deed40936f53d14db62c2f75587 db05f0020fb8e5e81f60d3e058c51aac79315d636af7399b0412e83e0a867447
EXPORTER_SECRET 3181286471a2bb84d9be4ae8bcb76e4c49a38deed40936f53d14db62c2f75587 47aa4677e14c64a8dbfa7559bb87902e125cc7dc163a08f5ed1b6fe6b00661b5
CLIENT_HANDSHAKE_TRAFFIC_SECRET 29f9059a23d44a28105d59f657a248b1972bf1808c0ca507e04d1e48ef340410 29e1cfcb0dc14b7683d59a6ef068ce81dbfce02c8c487c9b99372d8c7191339c
SERVER_HANDSHAKE_TRAFFIC_SECRET 29f9059a23d44a28105d59f657a248b1972bf1808c0ca507e04d1e48ef340410 988278a6d5d4f880d37ebb5e4560239f3208a795aa2d32cde1e5c35b99343d15
CLIENT_TRAFFIC_SECRET_0 29f9059a23d44a28105d59f657a248b1972bf1808c0ca507e04d1e48ef340410 184a98dfe2dd90206855cdf5bcc3d85aad6b4d734de24784210e779a474006da
SERVER_TRAFFIC_SECRET_0 29f9059a23d44a28105d59f657a248b1972bf1808c0ca507e04d1e48ef340410 1e16242da67d8bb4f4bc29c3a2cc7433affe7a23500cfc375688037dd8e8e6e2
EXPORTER_SECRET 29f9059a23d44a28105d59f657a248b1972bf1808c0ca507e04d1e48ef340410 aba218b1d5ce92ce27902dab36da4125d68906ba77a4ca31a508b812038f2856
CLIENT_HANDSHAKE_TRAFFIC_SECRET 91dd4641f175babd29c13d99f3480cc9cd05c644c164422f5457053b0bcd0c7c dbe38b209e55ed4234d34d6a44e28e764d3137cb571e5079813904e359446eef
SERVER_HANDSHAKE_TRAFFIC_SECRET 91dd4641f175babd29c13d99f3480cc9cd05c644c164422f5457053b0bcd0c7c 034e09af8a9c1278e1c0163c32447f263a5b8c5e20b581448f3b177f7e8243b8
CLIENT_TRAFFIC_SECRET_0 91dd4641f175babd29c13d99f3480cc9cd05c644c164422f5457053b0bcd0c7c 64f6908cbd7deb140578d3889b94012dc20962350328590139df1c57d2a32c3c
SERVER_TRAFFIC_SECRET_0 91dd4641f175babd29c13d99f3480cc9cd05c644c164422f5457053b0bcd0c7c 6eca2aaad248c7f1fc17377e39b9f669d95d44cc692bccb2f36980cc0b4f9ba8
EXPORTER_SECRET 91dd4641f175babd29c13d99f3480cc9cd05c644c164422f5457053b0bcd0c7c 3359a7176f4c0fa4d7b5c93bba351fcb5f5e3e2c5ab77d8dc6df90bbc73bd8ae
CLIENT_HANDSHAKE_TRAFFIC_SECRET dd00f3e98414767501b0496c0c12f78ab2faf83e56db8eb9c512c42ecddccfff 74b327a5c2b82a785c5c374362b2eddfc5d7f17a45104a9c107b9cfac0f039a3
SERVER_HANDSHAKE_TRAFFIC_SECRET dd00f3e98414767501b0496c0c12f78ab2faf83e56db8eb9c512c42ecddccfff 932f99abb174b8e3795cba75ec9e208dfa055955f5652e91b5478f719b538d44
CLIENT_TRAFFIC_SECRET_0 dd00f3e98414767501b0496c0c12f78ab2faf83e56db8eb9c512c42ecddccfff 80df2955433c94992d47cb4fbf49a90446f3fd83a03be6f256bc59b98d65b5c3
SERVER_TRAFFIC_SECRET_0 dd00f3e98414767501b0496c0c12f78ab2faf83e56db8eb9c512c42ecddccfff 0569103af50e9827ce620a1e17118d50730c0be09b7b2ae59a244d8bb983de4e
EXPORTER_SECRET dd00f3e98414767501b0496c0c12f78ab2faf83e56db8eb9c512c42ecddccfff a51dcebf8ca1e831499a9aea0de8bff855c50ced40febccd4419e88db2a39704
CLIENT_HANDSHAKE_TRAFFIC_SECRET 9ca1e3a774b6ae53346291c090ea8a139c58657d34316ca4c240e85e04ea4ddf 35f31da59f27c63a0ab045dfed5717176f781fcc4aa65a4e399e86ff02f42b48
SERVER_HANDSHAKE_TRAFFIC_SECRET 9ca1e3a774b6ae53346291c090ea8a139c58657d34316ca4c240e85e04ea4ddf be5b8e5c2cbcbe6d4d44abb745845aafe91a888c7180c6f5f9c4d1e07a0a836d
CLIENT_TRAFFIC_SECRET_0 9ca1e3a774b6ae53346291c090ea8a139c58657d34316ca4c240e85e04ea4ddf 0f03afa0e4951f4a31697c087de04846327b206a28fac81146ce498d39fb50df
SERVER_TRAFFIC_SECRET_0 9ca1e3a774b6ae53346291c090ea8a139c58657d34316ca4c240e85e04ea4ddf 289cbf1527b7a85c36ed333506f11a011953e20e4bbd34d4326a46c52facfc08
EXPORTER_SECRET 9ca1e3a774b6ae53346291c090ea8a139c58657d34316ca4c240e85e04ea4ddf 62e5d945a64df9bd38d773461e5af18d48e89feea811cca0cd64e6da16014910
CLIENT_HANDSHAKE_TRAFFIC_SECRET b5f80618871701974940b35804ac92c649f9b9ac1007d248cc2a7778b6f02a1d f5a86780df64f8179fae224360013b3b05f04a69d80d2cc2c665fe5dac98e81a
SERVER_HANDSHAKE_TRAFFIC_SECRET b5f80618871701974940b35804ac92c649f9b9ac1007d248cc2a7778b6f02a1d 68bda7beac64b68ed7d4d06815bf55a501f85e408691a65b5be3bc4a0eab7f5e
CLIENT_HANDSHAKE_TRAFFIC_SECRET 770e2c70a6c8c472de2397e3ffedf5eaf1267fde77b25c605cfde144de4a6f2a 829d7f1f25a0118d5ff6caed1e2a855e236569d8699afa47082fc83cb85323fe
SERVER_HANDSHAKE_TRAFFIC_SECRET 770e2c70a6c8c472de2397e3ffedf5eaf1267fde77b25c605cfde144de4a6f2a 0c7e6e4ffdc093dc221aee9f01e4ead4e6db20437dde05498e178ab884a99fbe
CLIENT_TRAFFIC_SECRET_0 b5f80618871701974940b35804ac92c649f9b9ac1007d248cc2a7778b6f02a1d 454207cf6e002ef18842187caa3f415edf4a81a994eb93f8fb696d4abfa6fd5a
SERVER_TRAFFIC_SECRET_0 b5f80618871701974940b35804ac92c649f9b9ac1007d248cc2a7778b6f02a1d 4b3e7a1a82dffea1249ac3aacd41bc41be28ae5cf73f95a79407dd1d9f7e4dfe
EXPORTER_SECRET b5f80618871701974940b35804ac92c649f9b9ac1007d248cc2a7778b6f02a1d 9ed54483274ded4a9cae5cfb7e807498eabbe2b8860f7a2be2e8c954c05b7204
CLIENT_TRAFFIC_SECRET_0 770e2c70a6c8c472de2397e3ffedf5eaf1267fde77b25c605cfde144de4a6f2a 83861c463ede60fb8617f1d045eeb4415f39faadd9182610f86f6456ac97c099
SERVER_TRAFFIC_SECRET_0 770e2c70a6c8c472de2397e3ffedf5eaf1267fde77b25c605cfde144de4a6f2a a72fc52cff6a8f7b5cca3ba0a98aac6156d0ce2b7785248ba75f0a7bc3e6fadc
EXPORTER_SECRET 770e2c70a6c8c472de2397e3ffedf5eaf1267fde77b25c605cfde144de4a6f2a 074552d21114e6e7c70534756a433b16ad4612ee3ef5e2bfd9e6052b9490d995
CLIENT_HANDSHAKE_TRAFFIC_SECRET 8576cacf3853c806a09dce917edd8feace16d2e6820de4652cb395a141f4e45e d9d6941d459979bf58518a853a24b9cf38e383310b6e9566a45e6a1ab2e1c396
SERVER_HANDSHAKE_TRAFFIC_SECRET 8576cacf3853c806a09dce917edd8feace16d2e6820de4652cb395a141f4e45e bd54e71fee6949a04b01eb66236a5f1f884db66d42d9deba9bac9b85cc44b728
CLIENT_TRAFFIC_SECRET_0 8576cacf3853c806a09dce917edd8feace16d2e6820de4652cb395a141f4e45e 66fd12213a9dbb548de36badc7fa3defe053ad213739a040641219d431a75ac2
SERVER_TRAFFIC_SECRET_0 8576cacf3853c806a09dce917edd8feace16d2e6820de4652cb395a141f4e45e 6cb476c0904348f621faa4c588689cc1e68df7ca93fea3e0eca5f60cbd614fe9
EXPORTER_SECRET 8576cacf3853c806a09dce917edd8feace16d2e6820de4652cb395a141f4e45e 62dfbea436f3dd58df1ae49799a0e42c8c6c33f43c90a401e8a86125a98b908a
CLIENT_HANDSHAKE_TRAFFIC_SECRET fde5a3f66912f1f5b3373c58c159c29832b1f4e6e134a3b9dd79b9a23a97576f 947b9e309a52de2fdc81489c76173573c604d1a8a7606608ba884c34c866293ac90bb9b4f44ca588dc1f1fc80a82e131
SERVER_HANDSHAKE_TRAFFIC_SECRET fde5a3f66912f1f5b3373c58c159c29832b1f4e6e134a3b9dd79b9a23a97576f 5f2da0cf48caa3a7d46b19e39ac98ccb3ec48d8b7a11385a42260597ad2ccbddf9a7880eb3b3cd1bea2faad7cd9c795e
CLIENT_TRAFFIC_SECRET_0 fde5a3f66912f1f5b3373c58c159c29832b1f4e6e134a3b9dd79b9a23a97576f 67168e4d6775910f11a58ad3154765deeac2ba5f4ede6ed61cd5d74483e333a84c3ef9122eca1084cc9fd0732c57ea64
SERVER_TRAFFIC_SECRET_0 fde5a3f66912f1f5b3373c58c159c29832b1f4e6e134a3b9dd79b9a23a97576f 0c2c34e98b87a33ac2d2787a1fc4bc3f3477b453d162bc22a34d5d3698dfafd450c99d99aa6387d804bc768c1430450d
EXPORTER_SECRET fde5a3f66912f1f5b3373c58c159c29832b1f4e6e134a3b9dd79b9a23a97576f fd1756e0b00b2f25ec60100922730e027946a4c2d76500a8fe28126a8bd4fb80f78adcb99ca3f9c219958211d2a0d8e9
CLIENT_RANDOM 7b64965b08f135d45e6eff26b082af7dfba4ea0d86fb56747f146552d2edc96b f2fc12c7f15fbf9163c4c8ab35bb2d5d2ee2e055f9607f5468c8bb814502ac0910582528d2e4429e89f60f26de22603d
CLIENT_RANDOM 8c1a498c6341836b18064c4110392bb21af5a2832bc0043e2eab397e19de9374 bb7be9ceb9a59ed0de599f8bd3e10887c1744b4e7ff6a5478b47c71aba7a24b58c9000cb2089432bb3b0a10ec5430f3f
CLIENT_HANDSHAKE_TRAFFIC_SECRET 47442ee85841780c931febd1b1b18664005208a8a19aecc2ad13b4e81026eec7 61ebd437f144721e8b5f3132f5d53847155f669b254cc6daa2440312aa87880b
SERVER_HANDSHAKE_TRAFFIC_SECRET 47442ee85841780c931febd1b1b18664005208a8a19aecc2ad13b4e81026eec7 bd06aa9a7c53265ffca47322b48f012346a1888c626138fb9abf6c55949c7a4d
CLIENT_TRAFFIC_SECRET_0 47442ee85841780c931febd1b1b18664005208a8a19aecc2ad13b4e81026eec7 1fe3cd4e9f39ebe0c446569f91acf3d7d6d17745d448b458918049865060b7ca
SERVER_TRAFFIC_SECRET_0 47442ee85841780c931febd1b1b18664005208a8a19aecc2ad13b4e81026eec7 84948085f7c1cf676f238f44021f627e3b1b139ddc1e1d7a0bf12af081554414
EXPORTER_SECRET 47442ee85841780c931febd1b1b18664005208a8a19aecc2ad13b4e81026eec7 6613f7358e1fe51c7db2f5f89befbd989a5ef2915aa52ad7468f9711ff3a21f2
CLIENT_HANDSHAKE_TRAFFIC_SECRET cb8f1895c0d7ae9599107b86b48680794dab6931ce7296792b98e1eb2d0ce328 c5362449b5f8ab1158eeb7384cd93e577a716dcb257ee83f63fe6fddf6017393
SERVER_HANDSHAKE_TRAFFIC_SECRET cb8f1895c0d7ae9599107b86b48680794dab6931ce7296792b98e1eb2d0ce328 5857f7134a1635cd6e28e2f579a400f0c5d517e0ac5125aef710a5d86d92356a
CLIENT_TRAFFIC_SECRET_0 cb8f1895c0d7ae9599107b86b48680794dab6931ce7296792b98e1eb2d0ce328 9c04ac34b15cff33245270e1b43aa76874b2878c683b125c0a9c33b522b5735a
SERVER_TRAFFIC_SECRET_0 cb8f1895c0d7ae9599107b86b48680794dab6931ce7296792b98e1eb2d0ce328 fddc52a5bd9fd370711b769e6c83d2e3d87b97330f92479a3a4d2cc2ab43e030
EXPORTER_SECRET cb8f1895c0d7ae9599107b86b48680794dab6931ce7296792b98e1eb2d0ce328 f2a6d64114b0519eb687f493485c221bc1130f1f13c68f177d7340cf6df30643
