CLIENT_HANDSHAKE_TRAFFIC_SECRET 20f39979bf678f56528785599937b0b4cf3726990931054b86cf0f8502b7f84d 9eee1d1c5335c479cb5c43e600b3f18ec1dd7a469f43342023795dc192735d6a
SERVER_HANDSHAKE_TRAFFIC_SECRET 20f39979bf678f56528785599937b0b4cf3726990931054b86cf0f8502b7f84d a27ceafd206d909fc64af961cc8944fc7ca552ace5fa55f130fe08208d6af77c
CLIENT_TRAFFIC_SECRET_0 20f39979bf678f56528785599937b0b4cf3726990931054b86cf0f8502b7f84d 5c29e7d3bff937511b58ea34e68546123da6e91d744ce61628a5bbc3f315c92c
SERVER_TRAFFIC_SECRET_0 20f39979bf678f56528785599937b0b4cf3726990931054b86cf0f8502b7f84d 16d10421ef410a1c0991df109024d4bcfbc3083cbc62102950bd53b78d372d56
EXPORTER_SECRET 20f39979bf678f56528785599937b0b4cf3726990931054b86cf0f8502b7f84d e5e9ba35d1d08897f90a04ad0994f160d9d5575f5fda0f596ec40297e6cb44ce
CLIENT_HANDSHAKE_TRAFFIC_SECRET 80dc61f5d5e53e28930033a0e04c1bfa606d016ff933dec062b924a1d3cfc796 2791c3ffc5f94e57281e184ddea0b1f4c51cead0df8158d1bc8a3d353a2a487e
SERVER_HANDSHAKE_TRAFFIC_SECRET 80dc61f5d5e53e28930033a0e04c1bfa606d016ff933dec062b924a1d3cfc796 215246720f8653ed5e3a7cee7ce9efa9215beeeab30eada83fa870f6bba78251
CLIENT_HANDSHAKE_TRAFFIC_SECRET 91b624e07cc1e8c36ce3151f093e89dc30f93e7de62268ae1f1baa2fde3b3f65 197a93ecc3bc8485efee03730b714934b417220103912fa544047e3c98a845b2
SERVER_HANDSHAKE_TRAFFIC_SECRET 91b624e07cc1e8c36ce3151f093e89dc30f93e7de62268ae1f1baa2fde3b3f65 166ebe7d66ed9af45794df39c2cc93ff4198002c46ecad4bcd2ac06c3bf4a9f3
CLIENT_TRAFFIC_SECRET_0 80dc61f5d5e53e28930033a0e04c1bfa606d016ff933dec062b924a1d3cfc796 c508da13456e08fc96b9bbba91237a822a4051dad49717cc243819ce69e6f1da
SERVER_TRAFFIC_SECRET_0 80dc61f5d5e53e28930033a0e04c1bfa606d016ff933dec062b924a1d3cfc796 d80c8a4a9b4ff963a40c3cb37cb164cbfa4272bf956e3255ce2c8c8c18bc512a
EXPORTER_SECRET 80dc61f5d5e53e28930033a0e04c1bfa606d016ff933dec062b924a1d3cfc796 58e386595171305d5bfef9f31fdb6050f26391ba2d048d95e88f92579c3c49bc
CLIENT_TRAFFIC_SECRET_0 91b624e07cc1e8c36ce3151f093e89dc30f93e7de62268ae1f1baa2fde3b3f65 bd9d7c9eb303f3429f1e7793503c773be8d311c767536da9d1c76010eaf925dd
SERVER_TRAFFIC_SECRET_0 91b624e07cc1e8c36ce3151f093e89dc30f93e7de62268ae1f1baa2fde3b3f65 b060937de84ab5e59ebbe9e1be217efc045806d3ae8ff491ea7853f66a153867
EXPORTER_SECRET 91b624e07cc1e8c36ce3151f093e89dc30f93e7de62268ae1f1baa2fde3b3f65 9773635e30952f1e69bc99b6f0b4089dae3272e870ed73313bcfc026111461c6
CLIENT_HANDSHAKE_TRAFFIC_SECRET 47e7beb63f406b001c49cf0a10a08241604beffa1bd47ea078e8ce3fa3d1cc46 0c93a4dfc79fcde402704344c6395a332ac85978fb2ef6c61a8e3b5c1ad6491b
SERVER_HANDSHAKE_TRAFFIC_SECRET 47e7beb63f406b001c49cf0a10a08241604beffa1bd47ea078e8ce3fa3d1cc46 63e109d26e65771056df03ff5d217c2355be982232faf5b45efda8a7bf3830c0
CLIENT_TRAFFIC_SECRET_0 47e7beb63f406b001c49cf0a10a08241604beffa1bd47ea078e8ce3fa3d1cc46 15a9761aa822600bed1c7ae1eba914701b4b5183840e319e106e3862805005fc
SERVER_TRAFFIC_SECRET_0 47e7beb63f406b001c49cf0a10a08241604beffa1bd47ea078e8ce3fa3d1cc46 a2131aee060abb56fe7cd341ec7ed2bba438b3e37681ce70629f29f6c4edcae1
EXPORTER_SECRET 47e7beb63f406b001c49cf0a10a08241604beffa1bd47ea078e8ce3fa3d1cc46 e404e733d16f4cbc5bf0cb7c429d3e24127a74fc295bd63324b0bba10a28f8de
CLIENT_HANDSHAKE_TRAFFIC_SECRET ad9b0d9c5db7034c633380ef8a126817049132c949ac01007d6ead91db98c124 fb1353cd3f26f1e1bb9027332511760f3a0a51357dedde70c0253490e3315451
SERVER_HANDSHAKE_TRAFFIC_SECRET ad9b0d9c5db7034c633380ef8a126817049132c949ac01007d6ead91db98c124 e4f7a60d8b487f0cc8c73633dbdc77aeb8c6cb2923f0b73a4e07f4a36e07873e
CLIENT_TRAFFIC_SECRET_0 ad9b0d9c5db7034c633380ef8a126817049132c949ac01007d6ead91db98c124 fe10c89ea82b497fd77c4680edc880453749d9e3adff0a98da7f73e937b11380
SERVER_TRAFFIC_SECRET_0 ad9b0d9c5db7034c633380ef8a126817049132c949ac01007d6ead91db98c124 a8facca3e9e2870c8f4167dafcdde169ad09b47745f8b4bb0cde38c566df6ffd
EXPORTER_SECRET ad9b0d9c5db7034c633380ef8a126817049132c949ac01007d6ead91db98c124 60961e404b50ba750e482910e9c474f160a6ac98b2b62a4470a87000f7d46891
CLIENT_HANDSHAKE_TRAFFIC_SECRET c0e2abc65ae15b635f335b5b6b53b5d65a83a6b97159f37e3d881edbff662c2a 2c8f4cff7a5cb029bd4cbf5ea3fbd129c44b685b0edb1da9dca022398eac2fdb
SERVER_HANDSHAKE_TRAFFIC_SECRET c0e2abc65ae15b635f335b5b6b53b5d65a83a6b97159f37e3d881edbff662c2a 295993d7d1ed6b73bd7a60c0254259ec16546fc857b82d4a0b1cb16a52d98cb5
CLIENT_TRAFFIC_SECRET_0 c0e2abc65ae15b635f335b5b6b53b5d65a83a6b97159f37e3d881edbff662c2a 28efef0f4dec74b00d2e678401b663cdfeccfe9620158308ff92e2432603ddd0
SERVER_TRAFFIC_SECRET_0 c0e2abc65ae15b635f335b5b6b53b5d65a83a6b97159f37e3d881edbff662c2a d5e926965b3b2c17b2f59f48fbb0ce18b32172d3791cb25781179fb55ebd1383
EXPORTER_SECRET c0e2abc65ae15b635f335b5b6b53b5d65a83a6b97159f37e3d881edbff662c2a a4c21b398f5c7eb342064f7b1becec29d5242e0fa387309b63fe98b046338d99
CLIENT_HANDSHAKE_TRAFFIC_SECRET efe5650e54a87cdce7601b74ff795044740fe61d2125ae3cecfa502f23512da4 842b0dbe71ad3caa26a1393ddc262a6e520a3af6554c828265afe326e1b9a605
SERVER_HANDSHAKE_TRAFFIC_SECRET efe5650e54a87cdce7601b74ff795044740fe61d2125ae3cecfa502f23512da4 1056c468a6b5b2492fc26576c33ee2668f570373d05264a209d89d30169d2cb6
CLIENT_TRAFFIC_SECRET_0 efe5650e54a87cdce7601b74ff795044740fe61d2125ae3cecfa502f23512da4 78aca53c078012e49536d0671c0f0dbecc74116631d41369e32ef26a27045d57
SERVER_TRAFFIC_SECRET_0 efe5650e54a87cdce7601b74ff795044740fe61d2125ae3cecfa502f23512da4 b74f0ee56824f368390ce92a339f91a4148b6f4b4bdac134db3976d9efbd8475
EXPORTER_SECRET efe5650e54a87cdce7601b74ff795044740fe61d2125ae3cecfa502f23512da4 b13d047b5d7c5c5f0c58a83ef9e3ab8edff728cf3867791739fae5a2d2df7c62
CLIENT_HANDSHAKE_TRAFFIC_SECRET 46abe605c72a7373083a145ee43111773dffce528a731f43794b3ab4692d9168 e073c56a361196a7406e1dc39b86543c3e8b115168a7c1c5a590b7d9608cd5b4
SERVER_HANDSHAKE_TRAFFIC_SECRET 46abe605c72a7373083a145ee43111773dffce528a731f43794b3ab4692d9168 41672e644f69fce4c1c8115d7a0156c5a764cc114cf126c289c419dff49b26d1
CLIENT_TRAFFIC_SECRET_0 46abe605c72a7373083a145ee43111773dffce528a731f43794b3ab4692d9168 eff38d008dab9ea20b09b54082e211755b081e8384906834a0180d7878df257b
SERVER_TRAFFIC_SECRET_0 46abe605c72a7373083a145ee43111773dffce528a731f43794b3ab4692d9168 e4f08104e429386860f79e1bf0c4053b814145fbd9b2ae98342ad92b60083e61
EXPORTER_SECRET 46abe605c72a7373083a145ee43111773dffce528a731f43794b3ab4692d9168 d4e5d6e9010e3fae20bb5a5605e8c366dd06d8ee6073728c85ebbe8a6d65121a
CLIENT_HANDSHAKE_TRAFFIC_SECRET 60af96aea6184e9a271b9f77df000d2c2454dcdab41deb8e64919d6995f21ef8 1ba6ffd8a2455afbf056af76c74da9c0f487010c7d7eaf3ce151e8e088b4657d
SERVER_HANDSHAKE_TRAFFIC_SECRET 60af96aea6184e9a271b9f77df000d2c2454dcdab41deb8e64919d6995f21ef8 0e9aa9e2f5d15ebe73153ef885958d306601ddbcf54930a987c2cc0f1cdd2c85
CLIENT_TRAFFIC_SECRET_0 60af96aea6184e9a271b9f77df000d2c2454dcdab41deb8e64919d6995f21ef8 522d8c26be718121c2c33f40f782ee5a5f2611097bb231e368b9a198a71874c3
SERVER_TRAFFIC_SECRET_0 60af96aea6184e9a271b9f77df000d2c2454dcdab41deb8e64919d6995f21ef8 e6d3465cf47a8127a8c244eeb49d06b1499044d5e134f56092a0946a4fcfd9b5
EXPORTER_SECRET 60af96aea6184e9a271b9f77df000d2c2454dcdab41deb8e64919d6995f21ef8 bef0429beb1a1f1e9ef904ae0359d8aed6e339e5759f5fa154e45113db2578ee
CLIENT_HANDSHAKE_TRAFFIC_SECRET 0b8dcedf27a8beaeed60b6911ce7eb19ccae7864cd1c47b10ce3cb20bdfd4aa1 e8acc7f1a0f3eb01e254bb7970b3fe038ebca63f36f9fd70769aafe48788a98d
SERVER_HANDSHAKE_TRAFFIC_SECRET 0b8dcedf27a8beaeed60b6911ce7eb19ccae7864cd1c47b10ce3cb20bdfd4aa1 b33d9598c96f935a4feb07218fdf34b28d03c6c331b8f4ee54a9efb71343a001
CLIENT_TRAFFIC_SECRET_0 0b8dcedf27a8beaeed60b6911ce7eb19ccae7864cd1c47b10ce3cb20bdfd4aa1 e3adcb0c26a99a0acf9993504b19aace1f2c20cc8d9baa634ada31d4f9b5ef54
SERVER_TRAFFIC_SECRET_0 0b8dcedf27a8beaeed60b6911ce7eb19ccae7864cd1c47b10ce3cb20bdfd4aa1 cdd12990183ff9661576565db48102706c5c45a01b83b5b424c20a3537469390
EXPORTER_SECRET 0b8dcedf27a8beaeed60b6911ce7eb19ccae7864cd1c47b10ce3cb20bdfd4aa1 35f3dae8f4acfeacebbc348df06e13a54bc287e2cb4a8319c3edfe9110ca46be
CLIENT_HANDSHAKE_TRAFFIC_SECRET 0e03f2a87af32d3f05e813ac6736ce53223344ec2feedc4a6487bbeffb4b3b23 8e055948c0add998733df6425eb4f36d81ab3fe2ec1ffa3d15bb452f6468094e
SERVER_HANDSHAKE_TRAFFIC_SECRET 0e03f2a87af32d3f05e813ac6736ce53223344ec2feedc4a6487bbeffb4b3b23 a7c45d1644e7005279ffc3d8bfbdc81eb80588bd796b98c4e8851d1badd83f1d
CLIENT_TRAFFIC_SECRET_0 0e03f2a87af32d3f05e813ac6736ce53223344ec2feedc4a6487bbeffb4b3b23 8d97c8dc02d7dbc250a27cbc4da2b9962c47d1891e392972386cf4c0df6b8e6d
SERVER_TRAFFIC_SECRET_0 0e03f2a87af32d3f05e813ac6736ce53223344ec2feedc4a6487bbeffb4b3b23 2864b62e986c7742e48c62ab0a9f191f70485ec0cca958123db4a01a020aaa9b
EXPORTER_SECRET 0e03f2a87af32d3f05e813ac6736ce53223344ec2feedc4a6487bbeffb4b3b23 25b749ab5a66e96a3e79cd10e58227d3ee274b31a53c521fb36d09965c3f4513
CLIENT_HANDSHAKE_TRAFFIC_SECRET 2bf683eff7bac7fff6ed162fbd67320122661f4a8fec58934b6f0cd939bc7033 da43460b444a979022364cbebbadc8a7719bee84639ac5500cbfec716f0b36fc
SERVER_HANDSHAKE_TRAFFIC_SECRET 2bf683eff7bac7fff6ed162fbd67320122661f4a8fec58934b6f0cd939bc7033 ce6d889f02efedf3b083ebd16996b27334b507856e2134d5fa31aa643744de8c
CLIENT_TRAFFIC_SECRET_0 2bf683eff7bac7fff6ed162fbd67320122661f4a8fec58934b6f0cd939bc7033 8006f03ed0036c7abfe7f7b7dffbe901c40e0e314c25f2a7a2735a83263a9e47
SERVER_TRAFFIC_SECRET_0 2bf683eff7bac7fff6ed162fbd67320122661f4a8fec58934b6f0cd939bc7033 565157d75c473b364e1706caab210aa4540e6ca6aece07b0a5a6b1f0cdebf8f1
EXPORTER_SECRET 2bf683eff7bac7fff6ed162fbd67320122661f4a8fec58934b6f0cd939bc7033 1af359c321a2f9fb0b82d32f85254efa85e6a1a22ee05ca6768a80ac78b3a0aa
CLIENT_HANDSHAKE_TRAFFIC_SECRET cd4ec130250c5358346a9fe1dde8e2e5050cae9ff123042710919a0f54a5a7e2 7d09f9059a6d877e73c034bb209c0b2adfcfb5c5c0ee7aca87f6e941a9633623
SERVER_HANDSHAKE_TRAFFIC_SECRET cd4ec130250c5358346a9fe1dde8e2e5050cae9ff123042710919a0f54a5a7e2 a947a482b95d1897f0b1caad8513410f2a23f62248333f988de3bd8e657ae303
CLIENT_TRAFFIC_SECRET_0 cd4ec130250c5358346a9fe1dde8e2e5050cae9ff123042710919a0f54a5a7e2 d44255f6f1155ea31cc39acf5d0253b5acf605f47e2853ab763bfdb2ebc275b0
SERVER_TRAFFIC_SECRET_0 cd4ec130250c5358346a9fe1dde8e2e5050cae9ff123042710919a0f54a5a7e2 7c92133814cb6651fe8da447413bf589e1bba10b61d4e1c386a678f06dee10fb
EXPORTER_SECRET cd4ec130250c5358346a9fe1dde8e2e5050cae9ff123042710919a0f54a5a7e2 789cb8edc772ad68c00c8424ea45103a6be98ec3f1163eba16bab2b36e5d4ad8
CLIENT_HANDSHAKE_TRAFFIC_SECRET 5b6e2323b7680664ba3ae82ba927e874c4dcc2ba7c8ed0da2053f17746511ac8 98e4b590ed998bf5cae997c187eecfcbe33113463bf6fb801fad0e5ba85095ad
SERVER_HANDSHAKE_TRAFFIC_SECRET 5b6e2323b7680664ba3ae82ba927e874c4dcc2ba7c8ed0da2053f17746511ac8 ff4864826b9e956cf9d12c6318df3a214e93971912718146569d519239d009be
CLIENT_TRAFFIC_SECRET_0 5b6e2323b7680664ba3ae82ba927e874c4dcc2ba7c8ed0da2053f17746511ac8 f3b7639445101b585c04c354107032c210a019de93f42c5a1036ac9b28fc9700
SERVER_TRAFFIC_SECRET_0 5b6e2323b7680664ba3ae82ba927e874c4dcc2ba7c8ed0da2053f17746511ac8 f4aa0440fd0379c5172255b90f2bc199c4e8e2b7d35fb34b98d3f2e5c6d2a4ed
EXPORTER_SECRET 5b6e2323b7680664ba3ae82ba927e874c4dcc2ba7c8ed0da2053f17746511ac8 d9b09ffc40f3c1dfbd7453f04049b78225bbce8151a4d6127e8363a93d81c7c7
CLIENT_HANDSHAKE_TRAFFIC_SECRET 4392b119524884d7ac7804e8124ef6a03bdccc8610f2654eff77bc3b6642f6be 2f00728d0b4f23c9e5b0e5153fdd28dab46b47864776407fe44e76037c9023e7
SERVER_HANDSHAKE_TRAFFIC_SECRET 4392b119524884d7ac7804e8124ef6a03bdccc8610f2654eff77bc3b6642f6be e1ee6b7c6f9ae5f7d3ec5ff90be3165ffa35a4776612af57d52345fb94f788d3
CLIENT_HANDSHAKE_TRAFFIC_SECRET 874bdb68ddfd066d10a8cb7dbd9309415670dbc9ae53d8b4bdd202cb787cce99 617996eab13b7268f6dbbae19cb4272ad0a90076f35d0c8566e8f943c3511391
SERVER_HANDSHAKE_TRAFFIC_SECRET 874bdb68ddfd066d10a8cb7dbd9309415670dbc9ae53d8b4bdd202cb787cce99 da9d79ce884c5e72862ed12e2fc666331c6c80a3b8ceba30805c786c8ff59561
CLIENT_HANDSHAKE_TRAFFIC_SECRET 91676d4d7dcb829bad032bbd1aa04767573e01eefc1775c26aab38b63a283945 7b9f1851465506df5fa6529f360ebea824c033ba1dd3c3e0032ed7265de76e6c
SERVER_HANDSHAKE_TRAFFIC_SECRET 91676d4d7dcb829bad032bbd1aa04767573e01eefc1775c26aab38b63a283945 162779121969f1cc33e209e4593f0d28d45d46810a303756c8ccc866f4be9a75
CLIENT_HANDSHAKE_TRAFFIC_SECRET 0583ae3378ccc0bfb01657edad25dfeeb059ad8afcfa96b909fb5cdf7ab94e9d 9e89a148caff33384e7e81b68ce6c60c6d516ab5ec5fc4bba8e2e36b409555cb
SERVER_HANDSHAKE_TRAFFIC_SECRET 0583ae3378ccc0bfb01657edad25dfeeb059ad8afcfa96b909fb5cdf7ab94e9d 24d8b26304a8ea1a1ad7a13bb97e90d6c8d2f01b4f441cfe16d382988899e535
CLIENT_TRAFFIC_SECRET_0 4392b119524884d7ac7804e8124ef6a03bdccc8610f2654eff77bc3b6642f6be 12a9a67d73d7618105dca1a2604b571342e48e6acb06f179891108225c1b6ff8
SERVER_TRAFFIC_SECRET_0 4392b119524884d7ac7804e8124ef6a03bdccc8610f2654eff77bc3b6642f6be f9cb650bcd9ba1a073d5a618246bac7330e391c0a5c2a8f1254629694510fb80
EXPORTER_SECRET 4392b119524884d7ac7804e8124ef6a03bdccc8610f2654eff77bc3b6642f6be 8030a3312b86d1fc6d150c6e15191285acdf01a9e98da367b450e45f92ee7597
CLIENT_TRAFFIC_SECRET_0 874bdb68ddfd066d10a8cb7dbd9309415670dbc9ae53d8b4bdd202cb787cce99 b076c1378241d5a36f407ce208d906f08b1a271c19389988c05646f25658df14
SERVER_TRAFFIC_SECRET_0 874bdb68ddfd066d10a8cb7dbd9309415670dbc9ae53d8b4bdd202cb787cce99 09f2f6ab15f3120a001d03c4e3aff011aa0de669dc923b8a6e957f5a1a78c22c
EXPORTER_SECRET 874bdb68ddfd066d10a8cb7dbd9309415670dbc9ae53d8b4bdd202cb787cce99 e96e4029e68e17aac5cacc370781a16579a3c8c75bbaccf0e26e197477c942dd
CLIENT_TRAFFIC_SECRET_0 91676d4d7dcb829bad032bbd1aa04767573e01eefc1775c26aab38b63a283945 636f5785039208af470bae0b6f7fc61a3ee4dff413d66b7af35181acbd14760c
SERVER_TRAFFIC_SECRET_0 91676d4d7dcb829bad032bbd1aa04767573e01eefc1775c26aab38b63a283945 f165a9a555bba9037b70e9dd94943e60c6e429095f66847891ab8fb779ed0bdf
EXPORTER_SECRET 91676d4d7dcb829bad032bbd1aa04767573e01eefc1775c26aab38b63a283945 86ce67b926f0f41cb44234a93ba88c3d8e20a49d13f3dbf1aaa00e9e8c13873f
CLIENT_TRAFFIC_SECRET_0 0583ae3378ccc0bfb01657edad25dfeeb059ad8afcfa96b909fb5cdf7ab94e9d cfcade26fa41769336ff4369b77606c98616fb13b58271093e4019d59f80eca1
SERVER_TRAFFIC_SECRET_0 0583ae3378ccc0bfb01657edad25dfeeb059ad8afcfa96b909fb5cdf7ab94e9d 4eb683ebcadf0fa67a31dc56090a6a48f9653dbe2c8fe2dddb4cf4ca552b5486
EXPORTER_SECRET 0583ae3378ccc0bfb01657edad25dfeeb059ad8afcfa96b909fb5cdf7ab94e9d 02abb3a235bd8bd1ec9c6b7da309e77f9d8c197a26a8901943a9ad307e82520c
CLIENT_HANDSHAKE_TRAFFIC_SECRET ddc85fe7527927bd24e6bb48aefcf0bb718380073ea8f4439cb75d1852c0cfad 404c2e782295f275674b2ff1ab3b546b657693455b48423bc84c9b227e7bda93
SERVER_HANDSHAKE_TRAFFIC_SECRET ddc85fe7527927bd24e6bb48aefcf0bb718380073ea8f4439cb75d1852c0cfad 3c993c2bf252950b959f103e653363aa6c4258a9b09133028207db08965e083d
CLIENT_TRAFFIC_SECRET_0 ddc85fe7527927bd24e6bb48aefcf0bb718380073ea8f4439cb75d1852c0cfad 37d521f050d09f7bd3409fbbdc139a4e7df84c417fcd26f298996fdb4d7ce2b6
SERVER_TRAFFIC_SECRET_0 ddc85fe7527927bd24e6bb48aefcf0bb718380073ea8f4439cb75d1852c0cfad 0d4cee90cbfb369f71f1508bd3205a27b18d5deec47ef3bfa5dd1c628a3733c6
EXPORTER_SECRET ddc85fe7527927bd24e6bb48aefcf0bb718380073ea8f4439cb75d1852c0cfad c4c7177021187b6f3f5ca0d5673e7a47be552abf967e5665cf3504c0698bd23e
CLIENT_HANDSHAKE_TRAFFIC_SECRET 94e0655cc3855b95eb90057ba7954802186821d57f64babfe52205a6984c6cb5 f23da8825ffd0a860d17cbcb960af16412d19e36f39a32ee2338e1b6b0011a7d
SERVER_HANDSHAKE_TRAFFIC_SECRET 94e0655cc3855b95eb90057ba7954802186821d57f64babfe52205a6984c6cb5 ab8b7348f17d6dcc36c24b704c2f61ca1e325322ffb8ca2df703ab6479ff40e3
CLIENT_TRAFFIC_SECRET_0 94e0655cc3855b95eb90057ba7954802186821d57f64babfe52205a6984c6cb5 cc74048a13b6c5b45e52fa055454e9b750b4f51d78cdc0053d57ffafe976a57a
SERVER_TRAFFIC_SECRET_0 94e0655cc3855b95eb90057ba7954802186821d57f64babfe52205a6984c6cb5 153d210acaf0eaa3cc2a594d007e0aa2139abd2d2755e486f2c85c7308942f6d
EXPORTER_SECRET 94e0655cc3855b95eb90057ba7954802186821d57f64babfe52205a6984c6cb5 e0fa6b2472feb96e8fede0157734ca94d16b13b16d6a1430814ec40ab1ed7772
CLIENT_HANDSHAKE_TRAFFIC_SECRET a2da769222f2560bdb64a5d7cbebb5fef2145df470f00bb888c23f3e47b9d1de 46b51b8e1c44562b4166bc1718571b2cdcd01466d6d0066b08517bddf2e056b3
SERVER_HANDSHAKE_TRAFFIC_SECRET a2da769222f2560bdb64a5d7cbebb5fef2145df470f00bb888c23f3e47b9d1de 7531c21d1513de22ca3f865c4aacf915123bf37ee0d35647c3221cf5125eeacc
CLIENT_RANDOM c1e45557e1b5c5c9baf9aacfa2fcb13e3d409174827248a9276568b60478fefe 05c105ad218844aad44c59b40be484e5a19e5ece86df9088d2c48bd0661523d23a94da10917118d955e61bbe920b54c0
CLIENT_TRAFFIC_SECRET_0 a2da769222f2560bdb64a5d7cbebb5fef2145df470f00bb888c23f3e47b9d1de e944c09954efe122b2d7aa484b469b7b1f8b106408ff9d9258d24e6f7c01a4fb
SERVER_TRAFFIC_SECRET_0 a2da769222f2560bdb64a5d7cbebb5fef2145df470f00bb888c23f3e47b9d1de f875b82b531df04bd0e04af7293b35c00cf51c1a8ae700ea3385b503dc801c83
EXPORTER_SECRET a2da769222f2560bdb64a5d7cbebb5fef2145df470f00bb888c23f3e47b9d1de 5057feba539824b11f1b1fe1537ffb4e7ddfa10ca8c373893ee1c33bc5671b3c
CLIENT_HANDSHAKE_TRAFFIC_SECRET 51376297f942db87cd1585880913c2f3a55d295eb75729dd09b1d985700f9699 90083a8521bb86f840cbb5aad8c27c6b5bb79dca3509439cf02d0fdbba1df3c3
SERVER_HANDSHAKE_TRAFFIC_SECRET 51376297f942db87cd1585880913c2f3a55d295eb75729dd09b1d985700f9699 b97957f020f80c10cb95f649ad652bd62064759d07cedceaae4b7454d86ab9cb
CLIENT_TRAFFIC_SECRET_0 51376297f942db87cd1585880913c2f3a55d295eb75729dd09b1d985700f9699 5d20e3eca15432a1868f1fcbd195875b32b37ecd9c14ee97c52686826be11ddd
SERVER_TRAFFIC_SECRET_0 51376297f942db87cd1585880913c2f3a55d295eb75729dd09b1d985700f9699 a392b49c5c32bdce4c62abf34532a210fa88a87eb341ef5b8e99fe42e07a1f09
EXPORTER_SECRET 51376297f942db87cd1585880913c2f3a55d295eb75729dd09b1d985700f9699 8dc328f4860ab4f5527f00026e089acc7668326941dc3d12984f148ef6ce05e0
CLIENT_HANDSHAKE_TRAFFIC_SECRET d7ced8780d01c716047a278f8f2947d765e5f02b671646dfdef554835e1222c9 c5001b56bf1e465aa7a283e41d9aae943574d70cda3e4a7ca9e07597084de843
SERVER_HANDSHAKE_TRAFFIC_SECRET d7ced8780d01c716047a278f8f2947d765e5f02b671646dfdef554835e1222c9 c3c39f7609941cd77d934419499e8dc802539dd0e623c3a634d23c97ed7dbf4e
CLIENT_TRAFFIC_SECRET_0 d7ced8780d01c716047a278f8f2947d765e5f02b671646dfdef554835e1222c9 dc939d408da8aa45bf52ddc10b5994b202feca2d1f956e51280ba31ad7ceb2e6
SERVER_TRAFFIC_SECRET_0 d7ced8780d01c716047a278f8f2947d765e5f02b671646dfdef554835e1222c9 5acde424879fed05d39116250cb6720c5f130d836a76854a87e7c20dc5c3bca0
EXPORTER_SECRET d7ced8780d01c716047a278f8f2947d765e5f02b671646dfdef554835e1222c9 d37528ed6871b53a865d4f598fbcb41574e5d2971151cc67c3494d64cbdd6cfe
CLIENT_HANDSHAKE_TRAFFIC_SECRET 4246e4d1f7570fa4e3be059c56cfc69f8e0e66a90a459ae70ba458f02bf47ca7 c2b48a68f1c90d3acd05aa868d5ec33ea4e4d45a56a7a118f11e1f1fad490571
SERVER_HANDSHAKE_TRAFFIC_SECRET 4246e4d1f7570fa4e3be059c56cfc69f8e0e66a90a459ae70ba458f02bf47ca7 cbe8f6bc8e34f246d047380eb0badb4a559f058e39266fb9efb81a13fdf6f861
CLIENT_HANDSHAKE_TRAFFIC_SECRET 1afd5bb17ddc29b1fb44886da4f677b84a1a64963cc1c66a35ef39777f3add01 9a80881ae3ad17598940d855e24d77b7b3d76c8371ab504966d43b39046097dd
SERVER_HANDSHAKE_TRAFFIC_SECRET 1afd5bb17ddc29b1fb44886da4f677b84a1a64963cc1c66a35ef39777f3add01 aef63d1a57e5c17a74368527fb87c016820802fef1ee7c3d61dad8539ddcd93d
CLIENT_HANDSHAKE_TRAFFIC_SECRET e154d9c12ec3337eacd28a5cb943d27f0887560b505b7b7f7f739da02518d2b2 a1b1d5ee1c0bea78bbd2187d4010b9362b2ffc3ed838b7c398df9fa1b0808d4f
SERVER_HANDSHAKE_TRAFFIC_SECRET e154d9c12ec3337eacd28a5cb943d27f0887560b505b7b7f7f739da02518d2b2 a2dad025afb641f8138e66d3af6863d9058f9691193ffdcebd7a8e2fb93dd4be
CLIENT_HANDSHAKE_TRAFFIC_SECRET f19c5245f6f00d597c3ffbe1b2ed88e3ac48bce2b11662eabb4021d902dd0745 a259726bba1cd8d2bead3a6874946ea1cdae6c5c21a2aabe44cb5fc56af9bcc2
SERVER_HANDSHAKE_TRAFFIC_SECRET f19c5245f6f00d597c3ffbe1b2ed88e3ac48bce2b11662eabb4021d902dd0745 af8c4e0c2af19fca945f4042363a20aaaada03fad15584c1f1f8c544ae3143c4
CLIENT_TRAFFIC_SECRET_0 4246e4d1f7570fa4e3be059c56cfc69f8e0e66a90a459ae70ba458f02bf47ca7 1ffbf21f763d0d8f74fed54930cc7e3bdeffb8f5d5bb68ef145e4b52cc16a1c7
SERVER_TRAFFIC_SECRET_0 4246e4d1f7570fa4e3be059c56cfc69f8e0e66a90a459ae70ba458f02bf47ca7 83e22e5bf88496676ac2abae94c22af7e64d1863534eac7243d42e11142393dd
EXPORTER_SECRET 4246e4d1f7570fa4e3be059c56cfc69f8e0e66a90a459ae70ba458f02bf47ca7 5d75182fd8b3fd841245ed5b84c4ed0aa10b018485644a099ffade3a9df2cce3
CLIENT_TRAFFIC_SECRET_0 1afd5bb17ddc29b1fb44886da4f677b84a1a64963cc1c66a35ef39777f3add01 29499d182a5759a9cac72bf91da0a4f0fe4b4a384af26b9b2110b0798e6f8bfb
SERVER_TRAFFIC_SECRET_0 1afd5bb17ddc29b1fb44886da4f677b84a1a64963cc1c66a35ef39777f3add01 bfae487794a664379e661e4c45c8e84c89959739fee50b385bcfa0be0d15dbfa
EXPORTER_SECRET 1afd5bb17ddc29b1fb44886da4f677b84a1a64963cc1c66a35ef39777f3add01 dfc79eca0182fdd81719c92e892affcc5b8c291efae202ac67bbd2d9a99f7e01
CLIENT_TRAFFIC_SECRET_0 f19c5245f6f00d597c3ffbe1b2ed88e3ac48bce2b11662eabb4021d902dd0745 614a601a49cd39b5368545f3b5570a77ffe298704df48670b83e44469ebb15c8
SERVER_TRAFFIC_SECRET_0 f19c5245f6f00d597c3ffbe1b2ed88e3ac48bce2b11662eabb4021d902dd0745 33b592ef1e779a2f4f8df87bba290965aafc462a0e61927b4bf0522f4f0ec510
EXPORTER_SECRET f19c5245f6f00d597c3ffbe1b2ed88e3ac48bce2b11662eabb4021d902dd0745 3a223256cf70aa82a6cd0cfda02d5dd313aa55b06b720bc4046c1caa976b7eca
CLIENT_TRAFFIC_SECRET_0 e154d9c12ec3337eacd28a5cb943d27f0887560b505b7b7f7f739da02518d2b2 bc6d7c0fa2639067bb06817ef76519f0d6274e755b7698f677af7758cbeacc26
SERVER_TRAFFIC_SECRET_0 e154d9c12ec3337eacd28a5cb943d27f0887560b505b7b7f7f739da02518d2b2 779904352763ca10aa60831812170a0487421da81e898bd58a9fe0e86239eb3a
EXPORTER_SECRET e154d9c12ec3337eacd28a5cb943d27f0887560b505b7b7f7f739da02518d2b2 6fb0e2c60e5f2cae1c9f0810b66d068afc1f528c0d769d2bfd7e0db133482e85
CLIENT_HANDSHAKE_TRAFFIC_SECRET f154fb3d8737f3dbb26b3fe6bade9c772602d5f74f4ff1b130a4b9dbb86491e4 783e995fac9bbaa6e74809ec00bfd370d91e870175c209a0125e84b6229e738f
SERVER_HANDSHAKE_TRAFFIC_SECRET f154fb3d8737f3dbb26b3fe6bade9c772602d5f74f4ff1b130a4b9dbb86491e4 ddbf7181b713623f043b7d491dedefc97a39c6881334107acf5351129a8f8cd4
CLIENT_HANDSHAKE_TRAFFIC_SECRET 0b449ba6f601e9c2795d381d832c8554a6a1c9a4b1084aad76693c34ac0161bf c4c5de16b39a06063627d9237e9eb0413e98cd243471dbe2e8c6c5ac90f3bf7d
SERVER_HANDSHAKE_TRAFFIC_SECRET 0b449ba6f601e9c2795d381d832c8554a6a1c9a4b1084aad76693c34ac0161bf 9cadb1060ac888e2f36feb3884fc5105cc020bdd4ed1957913b52576f55270da
CLIENT_TRAFFIC_SECRET_0 f154fb3d8737f3dbb26b3fe6bade9c772602d5f74f4ff1b130a4b9dbb86491e4 f111f429d5cafba1d6533ae37d3f2c68c96bbb2100f4beccc7ca3c9b11100fc9
SERVER_TRAFFIC_SECRET_0 f154fb3d8737f3dbb26b3fe6bade9c772602d5f74f4ff1b130a4b9dbb86491e4 fe13904ed7e952207aa7e294a72b247db9f71f1780d8f3fd5675c4a21550a391
EXPORTER_SECRET f154fb3d8737f3dbb26b3fe6bade9c772602d5f74f4ff1b130a4b9dbb86491e4 13a3a11f6415f7200820a6e9f496134b2e55a326dda86674367c2b65e1efac57
CLIENT_TRAFFIC_SECRET_0 0b449ba6f601e9c2795d381d832c8554a6a1c9a4b1084aad76693c34ac0161bf fb5bbe2aaa2bf68c5ea4518b12c61586e52f111069dbd2619391779dd136f497
SERVER_TRAFFIC_SECRET_0 0b449ba6f601e9c2795d381d832c8554a6a1c9a4b1084aad76693c34ac0161bf 78c9c12e634d0cd2021ead3bcc6040a912948a8ce4510d8ab97757d93c0207ed
EXPORTER_SECRET 0b449ba6f601e9c2795d381d832c8554a6a1c9a4b1084aad76693c34ac0161bf 46fc2538ff0d1fb7d735a583ee92d5811c3dddcbf1d7dc12e4fa98883a58bf00
CLIENT_HANDSHAKE_TRAFFIC_SECRET 1f5bda0e5aa8b7624a72653156fbc15ae345dfc90a41515b552c5e3bbe6e2ef6 564437c4cc3fb1ef04aec1bbf484b7d1e2502896b7135281ee14e40218b4fac2
SERVER_HANDSHAKE_TRAFFIC_SECRET 1f5bda0e5aa8b7624a72653156fbc15ae345dfc90a41515b552c5e3bbe6e2ef6 4095c6853dae95368a71cf51e4087b20beaa1d6bc9187605cd8a9b7fee7b10cb
CLIENT_HANDSHAKE_TRAFFIC_SECRET b9de8d36956852fe4455467ef10667ff2c8c106a1b67aa272dda7c0706a45dc8 e85e78cee1365df784eb4d05f4a16453d5f5ec90a348ca66ab2b6a16b973ed56
SERVER_HANDSHAKE_TRAFFIC_SECRET b9de8d36956852fe4455467ef10667ff2c8c106a1b67aa272dda7c0706a45dc8 8b2fb13ed63b42f7ed6630d71226a044fc97d558d582593104d34b74f903d024
CLIENT_TRAFFIC_SECRET_0 1f5bda0e5aa8b7624a72653156fbc15ae345dfc90a41515b552c5e3bbe6e2ef6 10a82b95af87cedd70f0f906349ba8836ad9edf35ae4a6914b2566b370f2e5e1
SERVER_TRAFFIC_SECRET_0 1f5bda0e5aa8b7624a72653156fbc15ae345dfc90a41515b552c5e3bbe6e2ef6 13ab66778d041644ba1d64023abe3ad96836df7adb5ae4441088264a79e81a45
EXPORTER_SECRET 1f5bda0e5aa8b7624a72653156fbc15ae345dfc90a41515b552c5e3bbe6e2ef6 b2162f86bde2c061bf59a6b784ad4904cc587646aa973e67e4a1951996bb75ad
CLIENT_TRAFFIC_SECRET_0 b9de8d36956852fe4455467ef10667ff2c8c106a1b67aa272dda7c0706a45dc8 cef71eadb14eae530d8a495715fa961a85c8916b532e354ce5e2b2c3b92784fe
SERVER_TRAFFIC_SECRET_0 b9de8d36956852fe4455467ef10667ff2c8c106a1b67aa272dda7c0706a45dc8 02d01a0541e3b4e948de66d8f2dfc3ab148ab8cf431e9041ade97fb4c6d8501e
EXPORTER_SECRET b9de8d36956852fe4455467ef10667ff2c8c106a1b67aa272dda7c0706a45dc8 6514c63b499e1b11272b8fe4776b6471d3a8d9be409b8c9a091c78137bbd6911
CLIENT_HANDSHAKE_TRAFFIC_SECRET 4631586dbd0ef53ca8a82e346a001a1a02898879acd616039c1481bc9dbbea89 0e4f9448926e74c29a85b978eae95214dc5731f40cef257089facbb542cd4b44
SERVER_HANDSHAKE_TRAFFIC_SECRET 4631586dbd0ef53ca8a82e346a001a1a02898879acd616039c1481bc9dbbea89 6f8cd7ceb25d31475c0c75cd3566c866b2d0030912aa62d52b26b82582a8daec
CLIENT_TRAFFIC_SECRET_0 4631586dbd0ef53ca8a82e346a001a1a02898879acd616039c1481bc9dbbea89 70a4d64cb66dfef61bb5e9e32578f87279313697de72432dba79504958d3206c
SERVER_TRAFFIC_SECRET_0 4631586dbd0ef53ca8a82e346a001a1a02898879acd616039c1481bc9dbbea89 473ac8cf0d0557b58a3c123cb5caefc21185b86136559bfb1be7a20f8be7a2fa
EXPORTER_SECRET 4631586dbd0ef53ca8a82e346a001a1a02898879acd616039c1481bc9dbbea89 bb13e692f4c4d50959e867d628215e6afab09065ef212aaa4ad85c94e113287b
CLIENT_HANDSHAKE_TRAFFIC_SECRET d26f93b4ca466ed682ebeff1f493256eec0a0a8ae6bcb1127ae839fd2887a43d db2fcb678540ddfed108f96677ca969dbe3bb9eb3960389622bac66c5188344d
SERVER_HANDSHAKE_TRAFFIC_SECRET d26f93b4ca466ed682ebeff1f493256eec0a0a8ae6bcb1127ae839fd2887a43d 3b8aec4fac14f306a3aa3cbd6a4aed8b5a9b795c717fe379c0f215e0979a9b9b
CLIENT_TRAFFIC_SECRET_0 d26f93b4ca466ed682ebeff1f493256eec0a0a8ae6bcb1127ae839fd2887a43d 6903c060417ffe7d5a92c67288ca189f9546aa8e2e982d0bc5e94c1dc0014f05
SERVER_TRAFFIC_SECRET_0 d26f93b4ca466ed682ebeff1f493256eec0a0a8ae6bcb1127ae839fd2887a43d e1526d221ac91a3022d36d6e2b06524a14664e073a45cd587119d8cbbcc9f6d9
EXPORTER_SECRET d26f93b4ca466ed682ebeff1f493256eec0a0a8ae6bcb1127ae839fd2887a43d d127daa6fad4bbb57bcb4229a0cb9f0ff80b23d6efa7cff5a745c117072de623
CLIENT_HANDSHAKE_TRAFFIC_SECRET d37003e2ae5a3eb8f57496679a316b70990a25d15cadd4ca2847077474417a9d a4b0fca17835daa5a3cb1b9530f77889bed41f2413421d0e8aef09ad0f4cdc92
SERVER_HANDSHAKE_TRAFFIC_SECRET d37003e2ae5a3eb8f57496679a316b70990a25d15cadd4ca2847077474417a9d d05a301d0a95f72cca35dff7e6547872ec5379f05691a731f6337ef6a94398ee
CLIENT_TRAFFIC_SECRET_0 d37003e2ae5a3eb8f57496679a316b70990a25d15cadd4ca2847077474417a9d b4cbc6051c5ce58426bbbebbceb58d44fffa6942ea668b1a0416072f78cfa562
SERVER_TRAFFIC_SECRET_0 d37003e2ae5a3eb8f57496679a316b70990a25d15cadd4ca2847077474417a9d ab17a0dc3e60d469e88f31f8fcdc4e8844309216cba60bb79a20173d928b4f2a
EXPORTER_SECRET d37003e2ae5a3eb8f57496679a316b70990a25d15cadd4ca2847077474417a9d b1e967522d626e427c58f52d94352b47b2c6b01a6a1ddfe90b4fafeb8e6d1780
CLIENT_HANDSHAKE_TRAFFIC_SECRET ee3d68b8d795f23d56ac8548ce258d90f032e6ef5be0382c9828674cdd963fd0 17707e4571222bd6f221d1f26f3b5e8f96869d6a0d94288f4b6eac798c87bfcb
SERVER_HANDSHAKE_TRAFFIC_SECRET ee3d68b8d795f23d56ac8548ce258d90f032e6ef5be0382c9828674cdd963fd0 4c099cd995220d2591073afbbc77f5fca9671ee1af1bb116f4396df747836523
CLIENT_TRAFFIC_SECRET_0 ee3d68b8d795f23d56ac8548ce258d90f032e6ef5be0382c9828674cdd963fd0 e096c2b13b7aa80eb6fa58eb3f2f50683439fad65faf9d8de4b2a8d3b4dff804
SERVER_TRAFFIC_SECRET_0 ee3d68b8d795f23d56ac8548ce258d90f032e6ef5be0382c9828674cdd963fd0 9929b678c7ebc8efb862b5e41417b8cde803cec11aa09b0694df4b70bbd73b60
EXPORTER_SECRET ee3d68b8d795f23d56ac8548ce258d90f032e6ef5be0382c9828674cdd963fd0 ddb4dcd6dddb565488efcbe811f0df0d13d5a5afd50cdd62019aa3b675090335
CLIENT_HANDSHAKE_TRAFFIC_SECRET 8f8e8ac4c0ca1dbbe8e1561b2a26c99b1a6af370640593eb75572baef7ec9855 0d15476efc973026155d5939bc3191da7d36240adca0c9ba18bb0f4fa7f8c9db
SERVER_HANDSHAKE_TRAFFIC_SECRET 8f8e8ac4c0ca1dbbe8e1561b2a26c99b1a6af370640593eb75572baef7ec9855 ec166d50be4b786f9a0d2635ec4fe2f1c1120d083bac723b54566212df874708
CLIENT_HANDSHAKE_TRAFFIC_SECRET 3acfd5d36b1fc35a8f5b344843ee340bf5fcc60acd738b2f30aaeed3c7646053 96155da73dc18477bdf0f25979af90767ea505bc9586507ec6fabf8346397cfc
SERVER_HANDSHAKE_TRAFFIC_SECRET 3acfd5d36b1fc35a8f5b344843ee340bf5fcc60acd738b2f30aaeed3c7646053 d60eef06da421b854471629f8a98809d0f25d826be77e92128cb4d902329410d
CLIENT_TRAFFIC_SECRET_0 8f8e8ac4c0ca1dbbe8e1561b2a26c99b1a6af370640593eb75572baef7ec9855 096fce792ed6109ff52625fbfa9feec461cda8a614d079530cf6b92b9194934d
SERVER_TRAFFIC_SECRET_0 8f8e8ac4c0ca1dbbe8e1561b2a26c99b1a6af370640593eb75572baef7ec9855 6fc846232a702c221a070e5516f97707dbc84699892f8f8be14e40a33d00686e
EXPORTER_SECRET 8f8e8ac4c0ca1dbbe8e1561b2a26c99b1a6af370640593eb75572baef7ec9855 0bdc13a0ab939d6379fd017c958dd04360e7d2c0046cfcf9a6050104bf534d7b
CLIENT_TRAFFIC_SECRET_0 3acfd5d36b1fc35a8f5b344843ee340bf5fcc60acd738b2f30aaeed3c7646053 a648104e195cbf8f91215030cf28fde69f46b7e0f489a3b6febfc7e71a648c88
SERVER_TRAFFIC_SECRET_0 3acfd5d36b1fc35a8f5b344843ee340bf5fcc60acd738b2f30aaeed3c7646053 6b74ad7f26016e77f97f3ef02b84ef160c7b9a2de5d9d0f7b13ce4dccc778cee
EXPORTER_SECRET 3acfd5d36b1fc35a8f5b344843ee340bf5fcc60acd738b2f30aaeed3c7646053 cc96f0177c203f1f33d8c2f0d244e8057b2b07297cb8fc7ea0f2af25d968a1f9
CLIENT_HANDSHAKE_TRAFFIC_SECRET c0db8d2463d0666dcbf427e0e5a8b42966a28ce9ccb42a2ec0773bbed4d56bec 417c906574d83b70d6a864fe27153e1ed6d52314fdfede694d9cad50efaee7a9
SERVER_HANDSHAKE_TRAFFIC_SECRET c0db8d2463d0666dcbf427e0e5a8b42966a28ce9ccb42a2ec0773bbed4d56bec beebd2c559d3847920428d62ac6245d9210fb0a959ab4d10ca88c92edd2f7f70
CLIENT_TRAFFIC_SECRET_0 c0db8d2463d0666dcbf427e0e5a8b42966a28ce9ccb42a2ec0773bbed4d56bec 1e6192d38ced49341cc4ddca0ba4e9126505db7f42c82383cf2ab5500b26fb78
SERVER_TRAFFIC_SECRET_0 c0db8d2463d0666dcbf427e0e5a8b42966a28ce9ccb42a2ec0773bbed4d56bec 55e74957e893e90bba023eccf13b11d0dee3af3f614ef23f018e17bffed695d2
EXPORTER_SECRET c0db8d2463d0666dcbf427e0e5a8b42966a28ce9ccb42a2ec0773bbed4d56bec de7d3c2bcb5a57120d4f3ae7a73520fee1b1ddc08721e27f990e9f2f5459bac3
CLIENT_HANDSHAKE_TRAFFIC_SECRET 4916b1e768a3e8b65c9fe3f0b9a38e996dbfd13f30330b14479b84b2f93e28e3 fd14e6119688aac9e413c427f4c04d417fccc18199a46127f20f96e8983adbeb
SERVER_HANDSHAKE_TRAFFIC_SECRET 4916b1e768a3e8b65c9fe3f0b9a38e996dbfd13f30330b14479b84b2f93e28e3 1e8854a6706a640cebe892b39f94ce7b50d3d8a668d1a6b87a23a0f7921b1b85
CLIENT_TRAFFIC_SECRET_0 4916b1e768a3e8b65c9fe3f0b9a38e996dbfd13f30330b14479b84b2f93e28e3 9594192d78be68cc0c00fdf373c5c8352824971671334b0b0bcf6cbd85261a77
SERVER_TRAFFIC_SECRET_0 4916b1e768a3e8b65c9fe3f0b9a38e996dbfd13f30330b14479b84b2f93e28e3 36ecf14ead1b6117875483a7f386f8aa088fa7f522de8725861dca48eece8295
EXPORTER_SECRET 4916b1e768a3e8b65c9fe3f0b9a38e996dbfd13f30330b14479b84b2f93e28e3 bbb416b11cec8851b3147eae88b6ea0a0b8ef830d5e6b883cb0394d641cd7ced
CLIENT_HANDSHAKE_TRAFFIC_SECRET fc585d2274fe3501a3d5e8529c7e9f1619fa9319af98caafffc0b81b0cdc1c5e 5eceabfa168b37a8b83364dd858d29b48f6d11802a609947c03dbaf9c33d2974
SERVER_HANDSHAKE_TRAFFIC_SECRET fc585d2274fe3501a3d5e8529c7e9f1619fa9319af98caafffc0b81b0cdc1c5e 9070f597ee4d6c360130cc0ec2d43bf133a56fadd2777d113f5bc6736aa58147
CLIENT_TRAFFIC_SECRET_0 fc585d2274fe3501a3d5e8529c7e9f1619fa9319af98caafffc0b81b0cdc1c5e 7fcc0cc29a71500933958a49e3ce688ca25cb5702b7faf11874e45b76cd1afa7
SERVER_TRAFFIC_SECRET_0 fc585d2274fe3501a3d5e8529c7e9f1619fa9319af98caafffc0b81b0cdc1c5e 4875a5cb44c033b40e6484df90796e172f23b8d15f62bd2eb5ede983d2d6b4d4
EXPORTER_SECRET fc585d2274fe3501a3d5e8529c7e9f1619fa9319af98caafffc0b81b0cdc1c5e ebd9d6579bfa5246bb7a3891470a1390c5153636a8edb18e26e1c3d24b74a8b8
CLIENT_RANDOM 30b1875389b216dece7c60f417254d214c31b0df1207f89b8992a8f08cf243e0 9adb28dd81192c4ce2167532e8413ccef700fc54e931fc772c175d6d549a5f64469a408a96d30a60cd20d36060292635
CLIENT_HANDSHAKE_TRAFFIC_SECRET dc7856dd5f7c110360b8eea03a603f1dd567bb5470555540b6446f9be3cc917a 03388a6e632033a50e57f53f2b262367affe9f51db0df01cdd53d60fae9ecdca
SERVER_HANDSHAKE_TRAFFIC_SECRET dc7856dd5f7c110360b8eea03a603f1dd567bb5470555540b6446f9be3cc917a e96f7facfc4f36f90618ea75e3844d033a74e3fccfda06b01e521553574c64fa
CLIENT_HANDSHAKE_TRAFFIC_SECRET 44f4d0fa1c5f70238a38a3d74c56efdedeeb0fd40176ab39756537afa64f9159 30376ea66e26af7717afac851653d1fef6ae018a01b3b13432e327bd6a166e74
SERVER_HANDSHAKE_TRAFFIC_SECRET 44f4d0fa1c5f70238a38a3d74c56efdedeeb0fd40176ab39756537afa64f9159 3ac29bd27e68e3f6f7bfb7336a57f696aa8ea24a921da461d52d1699a5ced0e6
CLIENT_TRAFFIC_SECRET_0 dc7856dd5f7c110360b8eea03a603f1dd567bb5470555540b6446f9be3cc917a 2b6b41d2746cc6ab27e4f888c3f8e2c0141185f881e89aa3f793717be685360f
SERVER_TRAFFIC_SECRET_0 dc7856dd5f7c110360b8eea03a603f1dd567bb5470555540b6446f9be3cc917a 4926e7c48c2d73eb8a507eb1c4e83e01038e7de893017d750330337ba0fe8ef8
EXPORTER_SECRET dc7856dd5f7c110360b8eea03a603f1dd567bb5470555540b6446f9be3cc917a 07e54f467cf54b559b19383a27c8a977b7c7a617596bda089f1cd6b0d0ee7c74
CLIENT_TRAFFIC_SECRET_0 44f4d0fa1c5f70238a38a3d74c56efdedeeb0fd40176ab39756537afa64f9159 ee7f1909a286e0ad9f3570deceb2bb03fbc5bb3d1124a8193f8e09bf58ae37a5
SERVER_TRAFFIC_SECRET_0 44f4d0fa1c5f70238a38a3d74c56efdedeeb0fd40176ab39756537afa64f9159 300dd2f4e773f3d297aea6a3d77cef8be25eaed4dc5574398187386b4b5824af
EXPORTER_SECRET 44f4d0fa1c5f70238a38a3d74c56efdedeeb0fd40176ab39756537afa64f9159 bff7bc602c396f09994bdad231f8ea6fd5d9223bc3385f9f77c937966caf3d8c
CLIENT_HANDSHAKE_TRAFFIC_SECRET afc8970b3ccc2f03e7a16be61b3da7feba838be95290398472322e7a29615e6b 22c57bf6f6c62192df17f5fd085012759e4ff1e7f181befad3819b4b5318dc39
SERVER_HANDSHAKE_TRAFFIC_SECRET afc8970b3ccc2f03e7a16be61b3da7feba838be95290398472322e7a29615e6b f5815b1df56ff7d0c3141ecfbfcc54c876266fd6e54b87e8eafdb3535a297f1a
CLIENT_TRAFFIC_SECRET_0 afc8970b3ccc2f03e7a16be61b3da7feba838be95290398472322e7a29615e6b 6b5781b77665c0037792a05cb1be78c02602531431250c729e93e5a80bf4ccae
SERVER_TRAFFIC_SECRET_0 afc8970b3ccc2f03e7a16be61b3da7feba838be95290398472322e7a29615e6b 758eae3bf48f8f334737be552ff643344f062cbaf45713e1fcf61228660b52c2
EXPORTER_SECRET afc8970b3ccc2f03e7a16be61b3da7feba838be95290398472322e7a29615e6b a47d37f2a2397f80b594389a12e222a5677474d09896d212787f786e4eb67713
CLIENT_HANDSHAKE_TRAFFIC_SECRET 1973b3aed8aa2dce12e81fa3e56565bfe72412b39b4c821ec86d6cef3ed8a05b e35ffa92bc2834fa3852e4de2d1a757076d0a216a18bad3f623053f1d6cae605
SERVER_HANDSHAKE_TRAFFIC_SECRET 1973b3aed8aa2dce12e81fa3e56565bfe72412b39b4c821ec86d6cef3ed8a05b 7b56d27014d8beb03604a719d8a04df85fee31d31890d7d5063ec376c7e9d68c
CLIENT_TRAFFIC_SECRET_0 1973b3aed8aa2dce12e81fa3e56565bfe72412b39b4c821ec86d6cef3ed8a05b 5bb3391985dd744cd6e729515c6b4f5cb7518c5766037ff3bbe878f0a889a741
SERVER_TRAFFIC_SECRET_0 1973b3aed8aa2dce12e81fa3e56565bfe72412b39b4c821ec86d6cef3ed8a05b 4a2e1aa6d4687caf71c1944dfe24cda80a79e60173f2670dea4fe943d550898f
EXPORTER_SECRET 1973b3aed8aa2dce12e81fa3e56565bfe72412b39b4c821ec86d6cef3ed8a05b 252e0009bafccf03878e4238049f7a8804a80c4f3cb29faf828b8ae77f27cc95
CLIENT_HANDSHAKE_TRAFFIC_SECRET 04035398e3aaea25a3260ac167e9b7469398fe997ccbc326eec6b88ead4fea4d 9905f3980828a2a9d21f54789e90f951293372939f259f69359c74b9522e11df
SERVER_HANDSHAKE_TRAFFIC_SECRET 04035398e3aaea25a3260ac167e9b7469398fe997ccbc326eec6b88ead4fea4d 71f069c792cbdf610df4473b489bcc7c5a0b268319913907db25d3186f6df683
CLIENT_TRAFFIC_SECRET_0 04035398e3aaea25a3260ac167e9b7469398fe997ccbc326eec6b88ead4fea4d 075c589e5de6935aeec8d192fecdf465cc2ea0828f7329adcfde2c435a2b8617
SERVER_TRAFFIC_SECRET_0 04035398e3aaea25a3260ac167e9b7469398fe997ccbc326eec6b88ead4fea4d 2fb46ec02228743232026b4731458244eb9a0fa9062f5a769a42ba5acd4323b8
EXPORTER_SECRET 04035398e3aaea25a3260ac167e9b7469398fe997ccbc326eec6b88ead4fea4d 86d91627d762178ee3798030b01fc7113b9ee2776d04e97c001fccbea3f134ba
CLIENT_HANDSHAKE_TRAFFIC_SECRET b5ccd560d2564aa6aa93b97bcb92af86262e98bb3ae8e227ffb94dd625937954 2ceb417c4705cc20e22d394c9794dc2fefde1b5e41a4ae17603a6581ec58fb00
SERVER_HANDSHAKE_TRAFFIC_SECRET b5ccd560d2564aa6aa93b97bcb92af86262e98bb3ae8e227ffb94dd625937954 29b24b3d778a918a258ea40557bb408f952c9ec05d6b4f9e2a1fd5814b46d89e
CLIENT_TRAFFIC_SECRET_0 b5ccd560d2564aa6aa93b97bcb92af86262e98bb3ae8e227ffb94dd625937954 a30e82e8a6ffc833367f7d25fd6ff976424f1ae558eb5d920f9798c139831c20
SERVER_TRAFFIC_SECRET_0 b5ccd560d2564aa6aa93b97bcb92af86262e98bb3ae8e227ffb94dd625937954 acfc9c30a191d13f8482075d2af3d20688d68e3b692ca9648be255a302662491
EXPORTER_SECRET b5ccd560d2564aa6aa93b97bcb92af86262e98bb3ae8e227ffb94dd625937954 5642325b1d48d33744f3ddb1f7fc535698e9f65adb9c0a9d4e9a627986cf0816
CLIENT_HANDSHAKE_TRAFFIC_SECRET 2b247513fdb5764fbea7c0cc4ee818f44b183fe26dabbf21831cee5a0dd08993 9451ac336148341284b4e7bd48ac0bf9a006fc2055c372a7f0677424a6a3e461
SERVER_HANDSHAKE_TRAFFIC_SECRET 2b247513fdb5764fbea7c0cc4ee818f44b183fe26dabbf21831cee5a0dd08993 2c7d58196805b27d8fa46d7c43f6d1636871e7fc6074e0af8192c4ebf715a934
CLIENT_TRAFFIC_SECRET_0 2b247513fdb5764fbea7c0cc4ee818f44b183fe26dabbf21831cee5a0dd08993 fb5db98e305707b61ba90c67626a46fd1ff68b0f29f34abb1b60e359779267e7
SERVER_TRAFFIC_SECRET_0 2b247513fdb5764fbea7c0cc4ee818f44b183fe26dabbf21831cee5a0dd08993 7c15c39ae6795cb99f8371ed718bb13a83a8d53043d4f9710f964772d4af36d6
EXPORTER_SECRET 2b247513fdb5764fbea7c0cc4ee818f44b183fe26dabbf21831cee5a0dd08993 f3377fdb9b0e04a15e22ecba8a1d4c8516b8ae09c72e7b10656715c776bb04e4
CLIENT_HANDSHAKE_TRAFFIC_SECRET d644bff4049e8aa3c022224d737130de2e2cf8a1b51383eb786b95c7eeaad097 4e39e9586d41c912882649b02fe7cbf8750d8ccfa8e0042af41976def5dfbdeb
SERVER_HANDSHAKE_TRAFFIC_SECRET d644bff4049e8aa3c022224d737130de2e2cf8a1b51383eb786b95c7eeaad097 f2233aff0ec52ee95350ac8db1740bf8df39f2b146874f09e36aa0b6d49425a5
CLIENT_TRAFFIC_SECRET_0 d644bff4049e8aa3c022224d737130de2e2cf8a1b51383eb786b95c7eeaad097 bd9ce5e42af04ffe2fdb944bfb7d5f4c2963b9c0fdc9c7fde14f3daeb4eeae14
SERVER_TRAFFIC_SECRET_0 d644bff4049e8aa3c022224d737130de2e2cf8a1b51383eb786b95c7eeaad097 3d6e388536cb91ab81993a54bfd3c28153e6e9c50b92310ae5db7b45513b9fde
EXPORTER_SECRET d644bff4049e8aa3c022224d737130de2e2cf8a1b51383eb786b95c7eeaad097 986e5f5074f2918b63710ea9dd8849d2f3eb84617fbf8255306a64ec79f2b809
CLIENT_HANDSHAKE_TRAFFIC_SECRET 1b6925018fae981901bde497c34454e06dc3cccee664de514b23e28576c4c93c 87a27295963893b532eef5ef946519dc80d149fd56120f39bd5e755100e828a5
SERVER_HANDSHAKE_TRAFFIC_SECRET 1b6925018fae981901bde497c34454e06dc3cccee664de514b23e28576c4c93c e40c0d3459291e4c97c90104bf1aa67d6d8880963ac8d86d0cfbf048d7f4437e
CLIENT_HANDSHAKE_TRAFFIC_SECRET d089b782af7c24ed7c8029bbc248af4ceebde0eff5985cd0956c2e2c8939a430 bcf7cb0d9d1ca55c77fcdca1aa8faa9deb388e197beac0ff0bfc710c639e9933
SERVER_HANDSHAKE_TRAFFIC_SECRET d089b782af7c24ed7c8029bbc248af4ceebde0eff5985cd0956c2e2c8939a430 6d07df87a26b0771c4aa2a98386b187e195213ecc28a6301a1ce696013a6cf9a
CLIENT_TRAFFIC_SECRET_0 1b6925018fae981901bde497c34454e06dc3cccee664de514b23e28576c4c93c 69ec9fede58988707ab43918e834a361f58113b3463c1348b6f5f1dd21b9f22a
SERVER_TRAFFIC_SECRET_0 1b6925018fae981901bde497c34454e06dc3cccee664de514b23e28576c4c93c 889c34d8635e234561718734a5cc01e03ba40e86e1e7a8231b6e95c502095ad9
EXPORTER_SECRET 1b6925018fae981901bde497c34454e06dc3cccee664de514b23e28576c4c93c f977ad67d6b2cd0485670a13ced6a10523584dd34c65094895192dba44a37438
CLIENT_TRAFFIC_SECRET_0 d089b782af7c24ed7c8029bbc248af4ceebde0eff5985cd0956c2e2c8939a430 d96c59f9356f30300394d66869bab19cac7633583465e2cf86b7a2d932961d44
SERVER_TRAFFIC_SECRET_0 d089b782af7c24ed7c8029bbc248af4ceebde0eff5985cd0956c2e2c8939a430 4c0bd93aaa90157dc1475dcd2b990d932c287a44ce0330a7dd91985b64ced9d4
EXPORTER_SECRET d089b782af7c24ed7c8029bbc248af4ceebde0eff5985cd0956c2e2c8939a430 9eeb79b1f881e4307b585b8b0ed989d3d8f04a693c262ce12983a7ee3f546a12
CLIENT_HANDSHAKE_TRAFFIC_SECRET d291814d5a6a707d18c8f84146d19034192b832fd929d4aad68929f80efebeb5 61ea5663fdf8006c39fb5fbd14d8a3e7375c61ebd960f9e7c7d7f8ae5e3f9082
SERVER_HANDSHAKE_TRAFFIC_SECRET d291814d5a6a707d18c8f84146d19034192b832fd929d4aad68929f80efebeb5 d166261ddb5ca624948610feecc45df5b21d6bf3a5dfd947198f8d7d0f6d90d0
CLIENT_TRAFFIC_SECRET_0 d291814d5a6a707d18c8f84146d19034192b832fd929d4aad68929f80efebeb5 35b044f5a50549c7f82630d54a42fcbfbe613c53c9b2fb0ce6c8c988afbb82a4
SERVER_TRAFFIC_SECRET_0 d291814d5a6a707d18c8f84146d19034192b832fd929d4aad68929f80efebeb5 9daaefaa1202f161ebc799084b459b6bb36e2a4c896d757244070eb3daec1000
EXPORTER_SECRET d291814d5a6a707d18c8f84146d19034192b832fd929d4aad68929f80efebeb5 3af59611abe5cc5f6bda50f3e9bf5bb154044850d188ad6dfe21497057e1bc22
CLIENT_HANDSHAKE_TRAFFIC_SECRET 61667b0530dcd99c63c7cbc750a0e4c92d7c3a3bc1190d7567a3dd7060956557 c597282490f7777101cb42bd737673a080199e2039b5735cdac0afafb512c1d1
SERVER_HANDSHAKE_TRAFFIC_SECRET 61667b0530dcd99c63c7cbc750a0e4c92d7c3a3bc1190d7567a3dd7060956557 f30888fff2102a68600e2c2e8d11b0e619dd6216eb0d793b420c3f5df35387df
CLIENT_TRAFFIC_SECRET_0 61667b0530dcd99c63c7cbc750a0e4c92d7c3a3bc1190d7567a3dd7060956557 eb5b31a7c53654e22d18312473f04caeb16355f6b56cfed5d0acce921cb84cff
SERVER_TRAFFIC_SECRET_0 61667b0530dcd99c63c7cbc750a0e4c92d7c3a3bc1190d7567a3dd7060956557 ed4e2d521ed1d00218829338820d2942d3a3a67cf145cd836b8336263e49bca9
EXPORTER_SECRET 61667b0530dcd99c63c7cbc750a0e4c92d7c3a3bc1190d7567a3dd7060956557 2199e58ef9d31d004723580234ae4dc1d7c36c678be283abdbd9dfec64884317
CLIENT_HANDSHAKE_TRAFFIC_SECRET ae2c62106196eaac17bf16f3d86b2390505f74da5944b6796e3e95b8c52f5b9c a2067ab4f239297ae61bdd20b303bfea808767f2ff1a640d41fe96e3b8bdebdc
SERVER_HANDSHAKE_TRAFFIC_SECRET ae2c62106196eaac17bf16f3d86b2390505f74da5944b6796e3e95b8c52f5b9c 08aad5366184778170a68040dcdff3be3ea8ae05d655ade31c8ebbf07ad63c23
CLIENT_TRAFFIC_SECRET_0 ae2c62106196eaac17bf16f3d86b2390505f74da5944b6796e3e95b8c52f5b9c 7b83f2dc722faf5e8ddf328ac9fa9daf2d13ab74a7bc5906865b2e20ea31a7e9
SERVER_TRAFFIC_SECRET_0 ae2c62106196eaac17bf16f3d86b2390505f74da5944b6796e3e95b8c52f5b9c ca773284403a70df59af99b76254fd8c6439087c667aa7779b56f651dc0a457c
EXPORTER_SECRET ae2c62106196eaac17bf16f3d86b2390505f74da5944b6796e3e95b8c52f5b9c d469fa45f0b7493d0bd64ae82ed22008746fa93fcc08a68ce59aa3ae853eb05f
CLIENT_HANDSHAKE_TRAFFIC_SECRET c3c77ec974f02dd884b04ab3672ad136422e1e9560c40578df0e8cac1b61f699 af439909ff5b4165bc261b26772f0a3dcc5c38818a4ce971b696289afbffdce0
SERVER_HANDSHAKE_TRAFFIC_SECRET c3c77ec974f02dd884b04ab3672ad136422e1e9560c40578df0e8cac1b61f699 1942a11feaa1c7eb52a9fd64d1a175b85aff080b1dd5c4577270598444d4ae76
CLIENT_HANDSHAKE_TRAFFIC_SECRET ca5f3879a81e90919e32d783f3cf2944e1bdc9055004950ce741116b3881387f 121d7a51c1120d7a998553e271f9cc7d84dda0f6287127b03d51454aef1d3cb2
SERVER_HANDSHAKE_TRAFFIC_SECRET ca5f3879a81e90919e32d783f3cf2944e1bdc9055004950ce741116b3881387f 59878d874ec71896b50c45990a41db25764fe334a90c659ca5a60e902ce86e94
CLIENT_HANDSHAKE_TRAFFIC_SECRET dbcf9a08a9ae63c2e7df2857d0d87dd60df3b880cfcd646ee44f938b2f34db72 155ecf76d897ac4a9b0a104488679d809b6c0979de056193cea6724aa9e1db21
SERVER_HANDSHAKE_TRAFFIC_SECRET dbcf9a08a9ae63c2e7df2857d0d87dd60df3b880cfcd646ee44f938b2f34db72 c2222545fce171527511cbf9d1544a7475c8a288a24634d02cfa2f9a792258b5
CLIENT_TRAFFIC_SECRET_0 c3c77ec974f02dd884b04ab3672ad136422e1e9560c40578df0e8cac1b61f699 291d82e10a0fbdaeb49529fbf9f965ae5da2d621442cb00b60bb9a0af0798a70
SERVER_TRAFFIC_SECRET_0 c3c77ec974f02dd884b04ab3672ad136422e1e9560c40578df0e8cac1b61f699 5559cd9268304b2fe2bdba7f13bc13a4d7212ae2bc706ca2814a1dee0a6bff43
EXPORTER_SECRET c3c77ec974f02dd884b04ab3672ad136422e1e9560c40578df0e8cac1b61f699 e436803ef5129901f89046af1bc3f2236bbade43541914504e04090efc24dcd9
CLIENT_TRAFFIC_SECRET_0 ca5f3879a81e90919e32d783f3cf2944e1bdc9055004950ce741116b3881387f a6ce6fff656fc741fdfcbc65180d8d197cfddc6308465c393d809e9de4f57206
SERVER_TRAFFIC_SECRET_0 ca5f3879a81e90919e32d783f3cf2944e1bdc9055004950ce741116b3881387f c820d97196898138e064db3862f4b445700ff397c0125e882704b3838bf4d7b6
EXPORTER_SECRET ca5f3879a81e90919e32d783f3cf2944e1bdc9055004950ce741116b3881387f ed9b1410452fbd349f262b4303946c7530a6dd99e2cf0db4f8fbe21e56de01a5
CLIENT_TRAFFIC_SECRET_0 dbcf9a08a9ae63c2e7df2857d0d87dd60df3b880cfcd646ee44f938b2f34db72 f788a1ec304ffbe9b1ee9e6c569fa039b7bcf73186b62da27527ed0b292281e6
SERVER_TRAFFIC_SECRET_0 dbcf9a08a9ae63c2e7df2857d0d87dd60df3b880cfcd646ee44f938b2f34db72 78de957d7ecb96706716816054565785c25ba1803f65bdfce5d5d5126fc2afda
EXPORTER_SECRET dbcf9a08a9ae63c2e7df2857d0d87dd60df3b880cfcd646ee44f938b2f34db72 027d131d2e5fcc6a0090adaf6246ddc3a1c7ab70d8383008f38eafcb56577cb6
CLIENT_HANDSHAKE_TRAFFIC_SECRET a912a5d97b6f719b21c5b8fd0dcc9e7dc7d785bd8140f8c44a0f7f5d9ccb40a5 6b75d1d556c08b1973b6183550211d60fd7355833ea6c3e45f075204e1a7dbb0
SERVER_HANDSHAKE_TRAFFIC_SECRET a912a5d97b6f719b21c5b8fd0dcc9e7dc7d785bd8140f8c44a0f7f5d9ccb40a5 79c8099f297eff52e0ac04aeb8a5122727bfa12e0467301299b0f92ae5d2e50b
CLIENT_TRAFFIC_SECRET_0 a912a5d97b6f719b21c5b8fd0dcc9e7dc7d785bd8140f8c44a0f7f5d9ccb40a5 9b858a6aa6ba991d9fd0d3c61d6368be91b73840bffbb3db9a4331af64ce7490
SERVER_TRAFFIC_SECRET_0 a912a5d97b6f719b21c5b8fd0dcc9e7dc7d785bd8140f8c44a0f7f5d9ccb40a5 c170d91e00953d10c592fe5e6ae4b7481c10cf2b04c8a552172a91dad1b9855d
EXPORTER_SECRET a912a5d97b6f719b21c5b8fd0dcc9e7dc7d785bd8140f8c44a0f7f5d9ccb40a5 01ada613b442a5f14e1411e8bc7f1bad20a063b7b52eb85d8bd727c2bbefe65e
CLIENT_HANDSHAKE_TRAFFIC_SECRET 1631530281342939580f71f7d320e4ce4930ceb604b5c695ecacb44f6196bb05 c78305bca352bc2da32bf01ff49adc1958fb62423a92c1a36cfb80465efff780
SERVER_HANDSHAKE_TRAFFIC_SECRET 1631530281342939580f71f7d320e4ce4930ceb604b5c695ecacb44f6196bb05 5e8aeae523620bf5053aeb10bdb41cb68e5cfb28a5200bf5c5f581acdce75d92
CLIENT_TRAFFIC_SECRET_0 1631530281342939580f71f7d320e4ce4930ceb604b5c695ecacb44f6196bb05 61a940b4d026a534abc4f8e97fed4229a243bbd367ec2f96307d09a342703347
SERVER_TRAFFIC_SECRET_0 1631530281342939580f71f7d320e4ce4930ceb604b5c695ecacb44f6196bb05 acf4ffa97d4e34d82789bf42b5d2e00eea3f98a7b08800c6b1132e2fbb9feef5
EXPORTER_SECRET 1631530281342939580f71f7d320e4ce4930ceb604b5c695ecacb44f6196bb05 dff9e3a6bdce47203600251cde6102c2e15245c2673078aa4b420ea154327161
CLIENT_HANDSHAKE_TRAFFIC_SECRET 925440e90c7f4fda068260df36d0acf12d767efe73523acc1b80e3373cf6ad31 80a45c3e187d68c90abdfe7c52638fdceabf6af4c6025107905f03cd4eb0e91b
SERVER_HANDSHAKE_TRAFFIC_SECRET 925440e90c7f4fda068260df36d0acf12d767efe73523acc1b80e3373cf6ad31 df0eef307c754b149b2d8bee1bdb41bf2dc0bb6a7636720f60f53a1ed1f73cd6
CLIENT_TRAFFIC_SECRET_0 925440e90c7f4fda068260df36d0acf12d767efe73523acc1b80e3373cf6ad31 f8f5253b8827d8228506721257c89aef00409e18e406bb92282d608c768835a5
SERVER_TRAFFIC_SECRET_0 925440e90c7f4fda068260df36d0acf12d767efe73523acc1b80e3373cf6ad31 bcff847de2184912c7ecd43e9c8c2b03aa4c0871b6dbe6120efaf91ec0fbbade
EXPORTER_SECRET 925440e90c7f4fda068260df36d0acf12d767efe73523acc1b80e3373cf6ad31 ccd75ec83da3282e695aa34a9766e8c413b16a4b5670cc59429cf36ff12cb79e
CLIENT_HANDSHAKE_TRAFFIC_SECRET 205b60aadbb85293836e325155497a16a96fa6754cc142e20dab6757a8ca009b 0a223cd962cc6d4f84fb30effc3f18b2536591ea7cc731426b0769d854f328b1
SERVER_HANDSHAKE_TRAFFIC_SECRET 205b60aadbb85293836e325155497a16a96fa6754cc142e20dab6757a8ca009b 2ec3073e3693047cb605b9f5efc48f1934329d21998dcd3bac615e756ad03027
CLIENT_TRAFFIC_SECRET_0 205b60aadbb85293836e325155497a16a96fa6754cc142e20dab6757a8ca009b ad3a34cbf9d39388cc248124d380d13034e084a08dfcff6384062331a232bece
SERVER_TRAFFIC_SECRET_0 205b60aadbb85293836e325155497a16a96fa6754cc142e20dab6757a8ca009b 2ab0ce311a6df105d1f126fd69cb017142164edfb54249b1306e70211be215c0
EXPORTER_SECRET 205b60aadbb85293836e325155497a16a96fa6754cc142e20dab6757a8ca009b 2ae86888dc058c3e4c4dadfa1baa88bf76e947f8c52ee878bdd69e4e8a23183c
