CLIENT_HANDSHAKE_TRAFFIC_SECRET e591a833eba476b15a3a17853569bdf6bb435a3d6f856c817e1ee404e04feab0 ca5006d6270cd90e0183aa86780b63457514cfe13f8b0d2099fa6768c8f7c3f91c2844dc401e4db139b2eb4c9da68141
SERVER_HANDSHAKE_TRAFFIC_SECRET e591a833eba476b15a3a17853569bdf6bb435a3d6f856c817e1ee404e04feab0 880aca2669ef83cb3a37ac81fcb55d9e92e69b959745c9325b29e764ae1d51f0b165d7d03cacda8d527291bef6fc15f0
CLIENT_TRAFFIC_SECRET_0 e591a833eba476b15a3a17853569bdf6bb435a3d6f856c817e1ee404e04feab0 175c658bff255ec3221ae9a5b8f5230a0ffd58654cf5fe666b9e474adaecbdc493fed9d6189a643e0340d53491fe16ad
SERVER_TRAFFIC_SECRET_0 e591a833eba476b15a3a17853569bdf6bb435a3d6f856c817e1ee404e04feab0 b1b5a7584bba337add7eca85627ca6c8d871387d113c75e1a1ca78376d1ae7458875d601cccff7798c8fe8ecf090bb82
EXPORTER_SECRET e591a833eba476b15a3a17853569bdf6bb435a3d6f856c817e1ee404e04feab0 546af88528565a4abe3e0c8c1cc232865a019dbfcc46673ccad0dfdc230872fce14cf923e88d0123bfb3c6e284ced476
CLIENT_HANDSHAKE_TRAFFIC_SECRET 12ef65351cda9d41213f8db6bfe6a6baf35991911799f9ae6b34bda29a24acd7 42708e5de93379762601e0204b6da992addef6a9a59416067f2e071f3f74208e
SERVER_HANDSHAKE_TRAFFIC_SECRET 12ef65351cda9d41213f8db6bfe6a6baf35991911799f9ae6b34bda29a24acd7 e867199ea259b4c9806e7073dfd729e59244a9a5d398169fe152e77555aeebc8
CLIENT_TRAFFIC_SECRET_0 12ef65351cda9d41213f8db6bfe6a6baf35991911799f9ae6b34bda29a24acd7 331e40abf233b51b630697169a9bdb8d61f78fc6fb97db7bac472c1a321f3fbc
SERVER_TRAFFIC_SECRET_0 12ef65351cda9d41213f8db6bfe6a6baf35991911799f9ae6b34bda29a24acd7 4ae29e19f42d083181cf9f0256197bcc6f9aa0c423c5a6af264d2059c1ae3b50
EXPORTER_SECRET 12ef65351cda9d41213f8db6bfe6a6baf35991911799f9ae6b34bda29a24acd7 4102d9424cd04f0f07837b148543d92d8887f29c749888ad4dcda9e1c8da2f86
CLIENT_HANDSHAKE_TRAFFIC_SECRET bde3c9dbb9bf0258c257da3115202021a219b948bbfce2978cea72136895692c 026979088dbd5ce02d8170c5673d24b100af46b794beb8f1b007127257da018a
SERVER_HANDSHAKE_TRAFFIC_SECRET bde3c9dbb9bf0258c257da3115202021a219b948bbfce2978cea72136895692c a38fea77fbbb7a888431cd5282b0227ab35db5a0686fce50083d1cc55c583ce6
CLIENT_HANDSHAKE_TRAFFIC_SECRET a1d08febb41b8f93233116f6ba791eb4f559395e40926f4d638829ab68097a3f 09b926d1ba7ebe3beab498ee2e39ff0dc655429ae886bba8338bf0b64c273eb2
SERVER_HANDSHAKE_TRAFFIC_SECRET a1d08febb41b8f93233116f6ba791eb4f559395e40926f4d638829ab68097a3f 0ff489b70f3c224aa6306aec60db74766a2b26b0c6304aaa40407ccfac2d45f6
CLIENT_TRAFFIC_SECRET_0 bde3c9dbb9bf0258c257da3115202021a219b948bbfce2978cea72136895692c b97bd59fcf11a5b5b7eed88c8c21bdf911ece94cdd65a1a1371b1eff77ee751d
SERVER_TRAFFIC_SECRET_0 bde3c9dbb9bf0258c257da3115202021a219b948bbfce2978cea72136895692c cf09cd75f7af5a5375f71dd2a84d71a11f5a8f944765975b8b3e039c0e62080f
EXPORTER_SECRET bde3c9dbb9bf0258c257da3115202021a219b948bbfce2978cea72136895692c f1d646c30631dea277f68c7472bb1fef742e97ecad64f5ed3bc87134575c76aa
CLIENT_TRAFFIC_SECRET_0 a1d08febb41b8f93233116f6ba791eb4f559395e40926f4d638829ab68097a3f d065e867299d39e21fafa7c100718a78917420161e91ff78d520688758daa886
SERVER_TRAFFIC_SECRET_0 a1d08febb41b8f93233116f6ba791eb4f559395e40926f4d638829ab68097a3f 8d73a5182ea2dbd27d3267de8993d8d12dbadd610a935e61d53cd857a4cb532b
EXPORTER_SECRET a1d08febb41b8f93233116f6ba791eb4f559395e40926f4d638829ab68097a3f 491c828e38929b8ed02b00f55af7102b92bdea3daa359dc762ea1e4d680c7a0e
