CLIENT_HANDSHAKE_TRAFFIC_SECRET 47c6bad2fa5b71fee2180daeca34a0d979a671d022651389cb5f3dfcbbcf2b8e 37ae05ee761870729051c1b02d3067dd9472ec0f1cb12ab363a55798b816b12f
SERVER_HANDSHAKE_TRAFFIC_SECRET 47c6bad2fa5b71fee2180daeca34a0d979a671d022651389cb5f3dfcbbcf2b8e dfd32f3f8f4cb4c29e9cd3ea58248faacf29e5fd7e78280481d598b9d882f6d9
CLIENT_TRAFFIC_SECRET_0 47c6bad2fa5b71fee2180daeca34a0d979a671d022651389cb5f3dfcbbcf2b8e a3f42be5ce1a7e3ed8b19a6ae2faa2aa8063c032ff0ad5d2e4ac789c72f6e319
SERVER_TRAFFIC_SECRET_0 47c6bad2fa5b71fee2180daeca34a0d979a671d022651389cb5f3dfcbbcf2b8e f30c46adee312979cf04b44f46c44c1ac21be4d7f4f62d36149c59c91c3e8ae9
EXPORTER_SECRET 47c6bad2fa5b71fee2180daeca34a0d979a671d022651389cb5f3dfcbbcf2b8e 531633be3440e761c20f71546dba13867ba57e3323fcd71833625a6f38c88df5
CLIENT_HANDSHAKE_TRAFFIC_SECRET cf209cedecb7fd4a51a99ed310f9e3de9c16c8e6b674538f4d51b409761f7988 5a0c10cb66279072d3121526e2be65176be5c4587baa2332d0cabae88f19e6c8
SERVER_HANDSHAKE_TRAFFIC_SECRET cf209cedecb7fd4a51a99ed310f9e3de9c16c8e6b674538f4d51b409761f7988 ba3d86c3e3352bfcb2eace3af18ff23b618aa883110f8bb131c95ee178bdaeba
CLIENT_TRAFFIC_SECRET_0 cf209cedecb7fd4a51a99ed310f9e3de9c16c8e6b674538f4d51b409761f7988 036a6de9bc08301592a967d3e482f73b53345145305205bd5eb5d87dd743770a
SERVER_TRAFFIC_SECRET_0 cf209cedecb7fd4a51a99ed310f9e3de9c16c8e6b674538f4d51b409761f7988 83ce76aa83e99142ed42034ccddbff6c5b959ce1177ad18e7900daac388ff657
EXPORTER_SECRET cf209cedecb7fd4a51a99ed310f9e3de9c16c8e6b674538f4d51b409761f7988 1f0a722cdf800e315fca9940c980a04692e947c8c49b0c54b3956484fa1240c0
CLIENT_HANDSHAKE_TRAFFIC_SECRET b6c5f49996edf3eec694e859abc020301e5b6a6b447bb3c83ccbd358b53e6a85 108227a4ce935006393b30a82b61bbe97c306ccbe54a5aaa825aa05148a32fd9
SERVER_HANDSHAKE_TRAFFIC_SECRET b6c5f49996edf3eec694e859abc020301e5b6a6b447bb3c83ccbd358b53e6a85 0b973ae3822a01bee5b2c0423314e7e2a247768f8d8eea240ce16d6060efd8b6
CLIENT_TRAFFIC_SECRET_0 b6c5f49996edf3eec694e859abc020301e5b6a6b447bb3c83ccbd358b53e6a85 d8889b187a15c14c1ccc4df7cea685abefb41684fb7b778368e9190f78eb8b61
SERVER_TRAFFIC_SECRET_0 b6c5f49996edf3eec694e859abc020301e5b6a6b447bb3c83ccbd358b53e6a85 7b3ccb39f0fbe52acb90d32ad5abe0a3b0155cab7977fd11e67f8988e21d0130
EXPORTER_SECRET b6c5f49996edf3eec694e859abc020301e5b6a6b447bb3c83ccbd358b53e6a85 45db3a5143641a645ec4ef6a842e03ea4ab2c34218535c5764cee1859945058e
CLIENT_HANDSHAKE_TRAFFIC_SECRET 61937f2e11734d7fa98912543328d0ff3767a4becccea74a4a347109ef54cbc4 c145964cab17f15c740f62a47632b93e6d7626c7279dd7904262b023d39adea4
SERVER_HANDSHAKE_TRAFFIC_SECRET 61937f2e11734d7fa98912543328d0ff3767a4becccea74a4a347109ef54cbc4 1cfedc4731977ad19c603f174d37afd707904c07e0fe56d7e7f928a1b6149ca5
CLIENT_TRAFFIC_SECRET_0 61937f2e11734d7fa98912543328d0ff3767a4becccea74a4a347109ef54cbc4 bcb8be29b3e82eb18fde622f58fc959bfcddf82be2afdb9600d62b907c041fac
SERVER_TRAFFIC_SECRET_0 61937f2e11734d7fa98912543328d0ff3767a4becccea74a4a347109ef54cbc4 41e259d0c9ff05baf1f9f87d8769231ee3d2662a635f39bc2e885bda76a8ece4
EXPORTER_SECRET 61937f2e11734d7fa98912543328d0ff3767a4becccea74a4a347109ef54cbc4 da08bfe238e15ce9d4b0e464334e7feb8f5ae3cacefd63a23978ce120e710daa
CLIENT_HANDSHAKE_TRAFFIC_SECRET 015265f05d9c187a609397dbc61e020aaefb2f399c31deca890a527285412e82 8ff01c5b35a363c42646fcf21c1bc6769b622d1188a8a5cd2d7776fdf2951313
SERVER_HANDSHAKE_TRAFFIC_SECRET 015265f05d9c187a609397dbc61e020aaefb2f399c31deca890a527285412e82 cb4d9f4e75a98f86e7a56fc493b3f48a324c0f780b153add9cc8695e950ea91a
CLIENT_TRAFFIC_SECRET_0 015265f05d9c187a609397dbc61e020aaefb2f399c31deca890a527285412e82 04827d6cc708e2f9de0e0a7ab4ccb3bf93d4142f55e1e63b6ff33da1bfccb4f7
SERVER_TRAFFIC_SECRET_0 015265f05d9c187a609397dbc61e020aaefb2f399c31deca890a527285412e82 5e19c9b765c08b5c57dd29925cf2837963263a967a349745eea34e7bb8cb4c5a
EXPORTER_SECRET 015265f05d9c187a609397dbc61e020aaefb2f399c31deca890a527285412e82 ec5e7bb0667185f110ced87f1c0aa92b934e9853442442c61fa1040cb98d425c
CLIENT_HANDSHAKE_TRAFFIC_SECRET c4f8b4e127a57bf64f404b4f02d40068a2cf7716d4157d8d15b2a843ccaaba2a 6f743ad16f27b4ff71b4ab418df1e001b61ae693615cdb1b2434395a102623f9
SERVER_HANDSHAKE_TRAFFIC_SECRET c4f8b4e127a57bf64f404b4f02d40068a2cf7716d4157d8d15b2a843ccaaba2a e74eb80df8e083935d3ff67e8c7edbfa5dd8f20cc0df7e30bec1cddab6b6c1e3
CLIENT_TRAFFIC_SECRET_0 c4f8b4e127a57bf64f404b4f02d40068a2cf7716d4157d8d15b2a843ccaaba2a 7fb7950cf0d73a2e7dabff4e5b030bddcd2f4925dc2625bb2c4ea162515b146a
SERVER_TRAFFIC_SECRET_0 c4f8b4e127a57bf64f404b4f02d40068a2cf7716d4157d8d15b2a843ccaaba2a b6f9b435d2d062ce7438cf3b4d61dd088b664c1027393ea85b7a0aaf96e75ef1
EXPORTER_SECRET c4f8b4e127a57bf64f404b4f02d40068a2cf7716d4157d8d15b2a843ccaaba2a ac073f7d7270e800a7cde2611662506a3701a07fc1bc950b6f66c03cbe8f1281
CLIENT_HANDSHAKE_TRAFFIC_SECRET 680ff767172de012184cc57f35b5e9c9eabad03bae6da0df3b9b951591a10360 8dc25aec97bb3d1bf9393c8f28428daa800b73577884b92ddeb205482df62ef3
SERVER_HANDSHAKE_TRAFFIC_SECRET 680ff767172de012184cc57f35b5e9c9eabad03bae6da0df3b9b951591a10360 0f9b2ac3ec4cccf5215e626b3e631cd74bf19166ad7f98b50263d52050ccef46
CLIENT_TRAFFIC_SECRET_0 680ff767172de012184cc57f35b5e9c9eabad03bae6da0df3b9b951591a10360 38368b07932f4273e295ed0acd325c1041c3fc515cc689c70a7f23266590228c
SERVER_TRAFFIC_SECRET_0 680ff767172de012184cc57f35b5e9c9eabad03bae6da0df3b9b951591a10360 25bcd4d7ca9c36e27cba85c6146bcb16033db1f33a9211d2d727883f00e5c818
EXPORTER_SECRET 680ff767172de012184cc57f35b5e9c9eabad03bae6da0df3b9b951591a10360 b6aefe95c12e11e5eacaa9748d0ae5cda11a4960c88ca7ec6336329c278bcef8
CLIENT_HANDSHAKE_TRAFFIC_SECRET 50348622df404256ae3d620bf7d71bbc9c03a193f6cd2b6d71f7ffbdf8f9622e fe0f4e8140486a7b97d980cd2cf4aa4c35b102bb3aa1635345303ea4a1164baa
SERVER_HANDSHAKE_TRAFFIC_SECRET 50348622df404256ae3d620bf7d71bbc9c03a193f6cd2b6d71f7ffbdf8f9622e 92dccef8fac191d7258d36010cbb6a1e114a32fe5744a817fca6cefda088c9fc
CLIENT_TRAFFIC_SECRET_0 50348622df404256ae3d620bf7d71bbc9c03a193f6cd2b6d71f7ffbdf8f9622e f7eb33d21d6e704e0e4364d26eeb1341bb9121d73e700c0c2b003a15731d951d
SERVER_TRAFFIC_SECRET_0 50348622df404256ae3d620bf7d71bbc9c03a193f6cd2b6d71f7ffbdf8f9622e 6187981c71a048996d840117b7991bad100aad014520ef02e6c24a2428077fc4
EXPORTER_SECRET 50348622df404256ae3d620bf7d71bbc9c03a193f6cd2b6d71f7ffbdf8f9622e 34dd0d8e0d634206e93c1d38cd3b8a7f390662e3a4dc999b55d7272d18aa1ea6
CLIENT_HANDSHAKE_TRAFFIC_SECRET 83de45b3629b3f035344a56ba5a5b04d9562029df17b9ec3593115c684623bda b063fd291dae8952f7d3e7d0aed10a2869c871e1cb79c7fd6e3161ee85947c8f
SERVER_HANDSHAKE_TRAFFIC_SECRET 83de45b3629b3f035344a56ba5a5b04d9562029df17b9ec3593115c684623bda 843ca9447cc8ef223cded538d55832473f4e1f096f3462839b2753552f1f986b
CLIENT_TRAFFIC_SECRET_0 83de45b3629b3f035344a56ba5a5b04d9562029df17b9ec3593115c684623bda dd9b6554a754bb804dada56ed88eba0c4beb6340a50dfa9e8cb69d6b1af39c1b
SERVER_TRAFFIC_SECRET_0 83de45b3629b3f035344a56ba5a5b04d9562029df17b9ec3593115c684623bda 65aee4a2ed51eeff5b56887505d3bfbb885e63a3c06e99961f8663877c7c4b08
EXPORTER_SECRET 83de45b3629b3f035344a56ba5a5b04d9562029df17b9ec3593115c684623bda 96262bcf72ebb72cabd8524aa02ed422372b65fc49199de7ef07d36bd123ff8e
CLIENT_HANDSHAKE_TRAFFIC_SECRET 8e3e99008f4d62854f6e530009a7ae2135cc446907ea7c5cf593755693151497 b383b20aa609b3da978b53e0aeac466b45c76b2ff34cf9a2e6fa8831f71344b4
SERVER_HANDSHAKE_TRAFFIC_SECRET 8e3e99008f4d62854f6e530009a7ae2135cc446907ea7c5cf593755693151497 b82c8b02940e06ad3b20349c6dc0efcbd9afaf430a4bc835ba23f13aee9c349a
CLIENT_TRAFFIC_SECRET_0 8e3e99008f4d62854f6e530009a7ae2135cc446907ea7c5cf593755693151497 a9159dabd09826e1565f589932a4b15231f50d7a31448cbf58a95712b7854dfe
SERVER_TRAFFIC_SECRET_0 8e3e99008f4d62854f6e530009a7ae2135cc446907ea7c5cf593755693151497 1e58fb78bfa8b3dfbce5decccaea5f80bc9174aea0b3327b52a2163a9792bd7b
EXPORTER_SECRET 8e3e99008f4d62854f6e530009a7ae2135cc446907ea7c5cf593755693151497 ef0f27a122bcf78a9531ed86962704b9df90a8d7cc680e13fd544e1042905f2b
