CLIENT_HANDSHAKE_TRAFFIC_SECRET 43737fd2bcb7ec424dca9d7c6daf2e05bdc2f052bf91aa29421d6f49233772ed 4fa9c4ee253b6a58bfcf1cb0a18c1f4b7894c1a6e8940816cc739dcd3c10ce02
SERVER_HANDSHAKE_TRAFFIC_SECRET 43737fd2bcb7ec424dca9d7c6daf2e05bdc2f052bf91aa29421d6f49233772ed c5240d4cbbfe3754b9489166e6d05ee69c365904b52c62f9f2a4664bbe2abb2d
CLIENT_HANDSHAKE_TRAFFIC_SECRET 3d40237d27e02fcc85a07cba7c08ab4ddf3ac569151f22c017b3c864eea1a82a 98792bcabe0e0c3e2adbe2c4d655f3743d563221a9697e6c25914f19b5712989
SERVER_HANDSHAKE_TRAFFIC_SECRET 3d40237d27e02fcc85a07cba7c08ab4ddf3ac569151f22c017b3c864eea1a82a 7da4089834689985758d33e53cb1bcc057c136d0d50b46bd25af3d124aaac379
CLIENT_TRAFFIC_SECRET_0 43737fd2bcb7ec424dca9d7c6daf2e05bdc2f052bf91aa29421d6f49233772ed e0601e3e76a44ba59f64ef3b0eadde9c0d4a1032026ea1f74c92ce1154cfd2bc
SERVER_TRAFFIC_SECRET_0 43737fd2bcb7ec424dca9d7c6daf2e05bdc2f052bf91aa29421d6f49233772ed bd1ad275a37e9b1df57651cafa92033d82403d934c65e97727f11e2578d8ef9a
EXPORTER_SECRET 43737fd2bcb7ec424dca9d7c6daf2e05bdc2f052bf91aa29421d6f49233772ed ec0bdb2582e7c81162f18c2390fd6217e15e9f024e18f70badf25f8631e1c499
CLIENT_TRAFFIC_SECRET_0 3d40237d27e02fcc85a07cba7c08ab4ddf3ac569151f22c017b3c864eea1a82a b433e3223c883086f86cd7f308ac35cbfe258225d9ad6d166b009671582edcbb
SERVER_TRAFFIC_SECRET_0 3d40237d27e02fcc85a07cba7c08ab4ddf3ac569151f22c017b3c864eea1a82a 6699f38ee258162356616b27f8ff19cf882bd4bb3863a91e78f2b7185227cfdb
EXPORTER_SECRET 3d40237d27e02fcc85a07cba7c08ab4ddf3ac569151f22c017b3c864eea1a82a 26756292a1a8ae4b642e0cfb125273dd93205f062eedbdd4f37d59b8f52aefb8
CLIENT_HANDSHAKE_TRAFFIC_SECRET 524526c190777b44377233096f79141d1a3a08512b9535437d0305932a799c14 acdf2db5d9bfef3a7c2c0b99768eacd18859e2c919ec1ce4d1a2eb3450689941188dc541a3c4831d7005de77e8eb01e7
SERVER_HANDSHAKE_TRAFFIC_SECRET 524526c190777b44377233096f79141d1a3a08512b9535437d0305932a799c14 edc2de731a49176064011ffad38308989a8663b745425dc0704c5afda2eac81703081b15c0b2aa046d6fa37f46f5575e
CLIENT_TRAFFIC_SECRET_0 524526c190777b44377233096f79141d1a3a08512b9535437d0305932a799c14 4001e758a72a844bd47848e22855085f692c0a958e4c6cee48699488e3b52b63ef884f723405c49b23417204c1064789
SERVER_TRAFFIC_SECRET_0 524526c190777b44377233096f79141d1a3a08512b9535437d0305932a799c14 a582a3cd7fc728d9ae2e7688b791b0c1b019ad254032d4033f81df63b7bc20786071dfdc4635a876313d734e2e06d2d5
EXPORTER_SECRET 524526c190777b44377233096f79141d1a3a08512b9535437d0305932a799c14 1d6a20786be0fd41fa0427179573222efb0dc3a5c7164088bbd9f43d6e6528075340b8632d537f4f7d4a5162b23183ed
CLIENT_HANDSHAKE_TRAFFIC_SECRET 70b5c6736a2c4464f250064666552d65a2a557176fa0717eb902e7ed31c439b2 ccd5a3712a8888b9288b86a7ad81932f1ca7f3c3e32a58f522dec51b48e80f68
SERVER_HANDSHAKE_TRAFFIC_SECRET 70b5c6736a2c4464f250064666552d65a2a557176fa0717eb902e7ed31c439b2 da368b854a247e3740e289eab1a7bc6249ebc0d3ce4cdcda6fea548dc52f5476
CLIENT_TRAFFIC_SECRET_0 70b5c6736a2c4464f250064666552d65a2a557176fa0717eb902e7ed31c439b2 185d2ca1af72ae7573c3f86b955a8527854d7cd42102f5efc4ebffdfcd790ab1
SERVER_TRAFFIC_SECRET_0 70b5c6736a2c4464f250064666552d65a2a557176fa0717eb902e7ed31c439b2 307939524c6df4f5d013c9c42268da5f7dbec283d07ac4899a981619aa43af5a
EXPORTER_SECRET 70b5c6736a2c4464f250064666552d65a2a557176fa0717eb902e7ed31c439b2 b74d9c1863b8579fdc6b6a200a2fd222874d474fdbb2eab8fb71f4a648087397
CLIENT_HANDSHAKE_TRAFFIC_SECRET 56e5d1e1c00de929be59c8b7bc35273dcc79465fe42dceb1589ecf307b89a265 0853a694a131255ba8a46cb8593444f0f7571119008ecff0eda4da956ed61e6d
SERVER_HANDSHAKE_TRAFFIC_SECRET 56e5d1e1c00de929be59c8b7bc35273dcc79465fe42dceb1589ecf307b89a265 ad3398e4a9a188c9d2330539d92c423a8013e50513fc94c32a97c4ad3e5eaafb
CLIENT_TRAFFIC_SECRET_0 56e5d1e1c00de929be59c8b7bc35273dcc79465fe42dceb1589ecf307b89a265 089474c6dc6a3c519a3113a99fdb37aa3ea4e3c4f36faa668ec4b01b78d43773
SERVER_TRAFFIC_SECRET_0 56e5d1e1c00de929be59c8b7bc35273dcc79465fe42dceb1589ecf307b89a265 7998426ad80dcb538eec399da5778c776ab11ba39e78a623fe96d1e82494db02
EXPORTER_SECRET 56e5d1e1c00de929be59c8b7bc35273dcc79465fe42dceb1589ecf307b89a265 9c64f0542a2c91cd98aba2efb672fef336e65dc8020d9e3998a5d343296186ab
CLIENT_HANDSHAKE_TRAFFIC_SECRET 8795a9921887960715bcdd8dff5ae9c62f6c0b572a046c46f4ca23296cc07462 d7dde8c48a23a133000ae6a55b920a916970a066cb924bd998cd25f58c01c9c7
SERVER_HANDSHAKE_TRAFFIC_SECRET 8795a9921887960715bcdd8dff5ae9c62f6c0b572a046c46f4ca23296cc07462 72d73588f0e5b26f0070e5c02b86271f038310376ba8bc89b071d4fd662f0923
CLIENT_HANDSHAKE_TRAFFIC_SECRET 84f58a4006abaaf672274383c40abefc73a6cb7e77776cab5c349209c8656679 06f9d77b254be80b2b9c194b83dfebaf6878b6208bd3e040658c1fc628ef0963
SERVER_HANDSHAKE_TRAFFIC_SECRET 84f58a4006abaaf672274383c40abefc73a6cb7e77776cab5c349209c8656679 2fa2f344dd9a778a61023c6e85bf9da1a80ee95bcc31350c07e4761229b27775
CLIENT_HANDSHAKE_TRAFFIC_SECRET bb8a2e749b3a3362d019113633f0254d2c81ea66b9025551464645053efda6ab 7b2c8d59a42c5cc14ddf96daade7ad3accb763b11aa4384ab526b77d5f1a11f5
SERVER_HANDSHAKE_TRAFFIC_SECRET bb8a2e749b3a3362d019113633f0254d2c81ea66b9025551464645053efda6ab 0c0ce835931d26b533d7babfb5eb528e82de0d775396565d590234327bc02109
CLIENT_HANDSHAKE_TRAFFIC_SECRET 5fb197f6d4c6b1958c5484c1ea68335f3da313bfb1ea0a8a916a578312ba3762 b64dcef460eb110bf4347da94cd1618fd18ff7029adb84ba5b89b59eed57ff32
SERVER_HANDSHAKE_TRAFFIC_SECRET 5fb197f6d4c6b1958c5484c1ea68335f3da313bfb1ea0a8a916a578312ba3762 63529accb56f0328780fc6bdcc14d396246b2e1df1893d1641bfc5acd03ef553
CLIENT_TRAFFIC_SECRET_0 8795a9921887960715bcdd8dff5ae9c62f6c0b572a046c46f4ca23296cc07462 77054f03b3312eee83bf219bfb806e82f92ffb45d9a8041a4e28277cdf7d167c
SERVER_TRAFFIC_SECRET_0 8795a9921887960715bcdd8dff5ae9c62f6c0b572a046c46f4ca23296cc07462 20b059847a2f9bef5a20350b32d6ca2aac250406039e763b288135d7cafcf436
EXPORTER_SECRET 8795a9921887960715bcdd8dff5ae9c62f6c0b572a046c46f4ca23296cc07462 1ca43902864c5c710463f2d63e851a018c16a1f662828dbb11f456e2591965a2
CLIENT_TRAFFIC_SECRET_0 84f58a4006abaaf672274383c40abefc73a6cb7e77776cab5c349209c8656679 5f74776f05644fb5a21f5ddc5f2f1ac669f909f5f0e4b061ee054a69caefcaf3
SERVER_TRAFFIC_SECRET_0 84f58a4006abaaf672274383c40abefc73a6cb7e77776cab5c349209c8656679 a5d5f1adbe5b1282de16d3361306ac696b1bfb3c5e9dff81fa6c4cef4914a83b
EXPORTER_SECRET 84f58a4006abaaf672274383c40abefc73a6cb7e77776cab5c349209c8656679 3f6e207a99709e2322874ac029c30249ee8c733fbdafa8c1577becf29977d660
CLIENT_TRAFFIC_SECRET_0 bb8a2e749b3a3362d019113633f0254d2c81ea66b9025551464645053efda6ab 718ed18b9507f05ef1667de13e156bd0d23ebca6796b40d5ee63e3e09e4dd0d2
SERVER_TRAFFIC_SECRET_0 bb8a2e749b3a3362d019113633f0254d2c81ea66b9025551464645053efda6ab b5e09ebe5b507bc7b45ec8ca72d3596d6ab34ffcdfade407264b3c63724daf3f
EXPORTER_SECRET bb8a2e749b3a3362d019113633f0254d2c81ea66b9025551464645053efda6ab cba52c174d1b69f47f356a9a7575ab164266656055423a152666b3dcd985c4f5
CLIENT_TRAFFIC_SECRET_0 5fb197f6d4c6b1958c5484c1ea68335f3da313bfb1ea0a8a916a578312ba3762 fcf9f5501a9d109976e7d1816cc1f06bd51cdf63259c56820d3f3fd83fd17458
SERVER_TRAFFIC_SECRET_0 5fb197f6d4c6b1958c5484c1ea68335f3da313bfb1ea0a8a916a578312ba3762 6d37b58133aeeb964958d79c21a800433f6ea0525c146fb86e269add3c7a747b
EXPORTER_SECRET 5fb197f6d4c6b1958c5484c1ea68335f3da313bfb1ea0a8a916a578312ba3762 daac4d96141702497c964a5270e84c9f49028b5f9b7deaef8e5fbb026ac1f004
CLIENT_HANDSHAKE_TRAFFIC_SECRET 4ae7eb10d7288d7045787833380ced1c15eb8c5bcf22a58c7c55bcd81b7ba530 f296b2d206c03cefd38fbcf858bab8c8f819cad630b49b47120e4a9d798c2d04
SERVER_HANDSHAKE_TRAFFIC_SECRET 4ae7eb10d7288d7045787833380ced1c15eb8c5bcf22a58c7c55bcd81b7ba530 ccfe24fcfb7db5d6d5b86d4cc7a2aa9869c0e91e12436f85cc3707cf9d6070a1
CLIENT_TRAFFIC_SECRET_0 4ae7eb10d7288d7045787833380ced1c15eb8c5bcf22a58c7c55bcd81b7ba530 75a05876eda750833d72b693d2d6103d9c9bc959f0266216704ac477db4e032e
SERVER_TRAFFIC_SECRET_0 4ae7eb10d7288d7045787833380ced1c15eb8c5bcf22a58c7c55bcd81b7ba530 8e8d467ca4b908d8a0ee91aaa88cc182b034cc6c3f2b79a11d71af9a93b5237e
EXPORTER_SECRET 4ae7eb10d7288d7045787833380ced1c15eb8c5bcf22a58c7c55bcd81b7ba530 4ad378d0a6dfc33fcaa7961112340809494efc9893630c6385ddf8f93c9785bb
CLIENT_HANDSHAKE_TRAFFIC_SECRET e09954d8244031251f12fbb9f88e99579456de4a59a523e4f278e65e897fa465 d766f2e0a6dfcb4711069a5861a7bc7e2e2b30d7c843787db44b8716dc2f603d
SERVER_HANDSHAKE_TRAFFIC_SECRET e09954d8244031251f12fbb9f88e99579456de4a59a523e4f278e65e897fa465 f24325481ff15a2b8a0828112696a2dc3477664ddcd5358fe483e645a4f0afe6
CLIENT_TRAFFIC_SECRET_0 e09954d8244031251f12fbb9f88e99579456de4a59a523e4f278e65e897fa465 0695e17b19ad8634529374a13685c788150bf0b7ed1f0bed654f10268f3fe7aa
SERVER_TRAFFIC_SECRET_0 e09954d8244031251f12fbb9f88e99579456de4a59a523e4f278e65e897fa465 f7c9c3d96f422a51b01684167c04e30391ec10f7fa2480223293df160a435585
EXPORTER_SECRET e09954d8244031251f12fbb9f88e99579456de4a59a523e4f278e65e897fa465 15635f6f23bd1b46744036a0165408a7471f52ad30186125beea60ac36c9ec43
CLIENT_HANDSHAKE_TRAFFIC_SECRET 288c6ae34044005457a9eee8c15d089346c8a935ea28530ccab6d1bc0d461406 6d60776343021e59d00a6822437e0513c04b7c2f8cd0dee3512541b19686363c
SERVER_HANDSHAKE_TRAFFIC_SECRET 288c6ae34044005457a9eee8c15d089346c8a935ea28530ccab6d1bc0d461406 198ab8f753b39b7a9d87c82c2c52da64a787f34b8d69062b27a6a49de63bd89f
CLIENT_HANDSHAKE_TRAFFIC_SECRET cb1ca3de528ad7e5cb19d025a6018c7675861274cca7070261abf85c57a6d1f7 a2e87dc1311f60912b009e9d1feaa7bc1d020368619ffb3a2f8950e035bd6f41
SERVER_HANDSHAKE_TRAFFIC_SECRET cb1ca3de528ad7e5cb19d025a6018c7675861274cca7070261abf85c57a6d1f7 2d3d414696abebce3ecaee59560b1051eec75693ac5329fffda64144619ab6c2
CLIENT_TRAFFIC_SECRET_0 288c6ae34044005457a9eee8c15d089346c8a935ea28530ccab6d1bc0d461406 0f665f844339454b28629df8ed8a193b1d27efcf5e5e74a3ebb816b0aa6dfd3f
SERVER_TRAFFIC_SECRET_0 288c6ae34044005457a9eee8c15d089346c8a935ea28530ccab6d1bc0d461406 ba475561c06ed0631074d4cec619b6bc09051489d4947c155f0d9ea7f294fa24
EXPORTER_SECRET 288c6ae34044005457a9eee8c15d089346c8a935ea28530ccab6d1bc0d461406 0ea8db5dfbe0c7c778e47f7404d1bfcf97fe58326204a67f070b91ae3db92668
CLIENT_TRAFFIC_SECRET_0 cb1ca3de528ad7e5cb19d025a6018c7675861274cca7070261abf85c57a6d1f7 d07a7ce577985e7744894c63f2512212b570aa6943315b81c89df31ee4b15fbd
SERVER_TRAFFIC_SECRET_0 cb1ca3de528ad7e5cb19d025a6018c7675861274cca7070261abf85c57a6d1f7 fd5e72b65d2c6e7ec66d512b7493428d749a621e0e25248c920fb0386309603a
EXPORTER_SECRET cb1ca3de528ad7e5cb19d025a6018c7675861274cca7070261abf85c57a6d1f7 4777f99af5ea9d6d353c756a0767a9ea8cb96900493626cdd0723c7476d14400
CLIENT_HANDSHAKE_TRAFFIC_SECRET 6c302e953b49a1c25423c67b07978927eba5736e12fed1548574211c90ddc21d cb5af26a5d70c8cc3fb39613c498e09e3c422f0bd9993935f0f5a3321a9b63f6
SERVER_HANDSHAKE_TRAFFIC_SECRET 6c302e953b49a1c25423c67b07978927eba5736e12fed1548574211c90ddc21d 5945f103cd3469ea3b06a83555266e91d4af2a4cc355b170b23772ff4b837dec
CLIENT_TRAFFIC_SECRET_0 6c302e953b49a1c25423c67b07978927eba5736e12fed1548574211c90ddc21d b3d335884ef5646bc42d0fcc6ec97fae451aa5b21d5ae7a6b120336ab66dd35c
SERVER_TRAFFIC_SECRET_0 6c302e953b49a1c25423c67b07978927eba5736e12fed1548574211c90ddc21d bc5f30f152eca986797b8a49c16dfcd255db509443edc6d525b0e82747c33306
EXPORTER_SECRET 6c302e953b49a1c25423c67b07978927eba5736e12fed1548574211c90ddc21d 814882ba91d3a3e7fc4650059e4305853ab74b02655d3cc00c61168dac1eb93c
CLIENT_HANDSHAKE_TRAFFIC_SECRET b368831c0479e2acc441ca05af0c751576d1fd22f6219543851e45cba6593067 fb1bc08ddadec48ec179fbf63fbd57c1730b6977e53022fb053c3d37436928a0
SERVER_HANDSHAKE_TRAFFIC_SECRET b368831c0479e2acc441ca05af0c751576d1fd22f6219543851e45cba6593067 c8dead84ec0d9c2a315110e408ce8deeb303a889c50ae33509348aeb60bed3b3
CLIENT_TRAFFIC_SECRET_0 b368831c0479e2acc441ca05af0c751576d1fd22f6219543851e45cba6593067 c6ecae1ee40be8c939c62ef1aad5fdbfba2ee2c92ebe9d94138a4e9f4f3a69bb
SERVER_TRAFFIC_SECRET_0 b368831c0479e2acc441ca05af0c751576d1fd22f6219543851e45cba6593067 c63193a15e62068a905bc14150ef12af8d4e3de1f66f64da37c833070ec00953
EXPORTER_SECRET b368831c0479e2acc441ca05af0c751576d1fd22f6219543851e45cba6593067 b4d8cfcb08cd224fad8e5e3d2a7707dd5a7bc53840e134f3b80d911662a8c920
CLIENT_RANDOM 7b09ec0a10fdf99810eaec43801dd70a61a99a44bbf2057ae3d21deb6705be89 0f236817031debfc9bfe89b1561380d43cd47efc20e092489991f7680a3ac5d463c1df6921dfa7ed111660d4b16e99cb
CLIENT_HANDSHAKE_TRAFFIC_SECRET 9f878315e92c21777b98dafe1645bf61afe3df35b3e92c9c933ec08c96b85500 bad6cc64f3213a2a41f040c8a1d6afb98b0ffbe07f0e53c7c2faf7e40faed535bf3e8d9eccaab235e303d0d0bb41563a
SERVER_HANDSHAKE_TRAFFIC_SECRET 9f878315e92c21777b98dafe1645bf61afe3df35b3e92c9c933ec08c96b85500 eec4608bcb777cd2f19e07679287faf13deffcf210f86c2904535a2533810d9b8fa022cab81357dd925d95df57cd5816
CLIENT_TRAFFIC_SECRET_0 9f878315e92c21777b98dafe1645bf61afe3df35b3e92c9c933ec08c96b85500 fbc69bb9f47d3c0da992db66bc7ad58713cd56e46e27f41c39ca08eabb504412f1f207b430f5de1164d0e40adb843590
SERVER_TRAFFIC_SECRET_0 9f878315e92c21777b98dafe1645bf61afe3df35b3e92c9c933ec08c96b85500 6e399a09243df1ac426684622fc45af6c36a0cf8c8342ee7a0532c09e66ee0f4f890cb2a71464d25ad0e767262ec2a06
EXPORTER_SECRET 9f878315e92c21777b98dafe1645bf61afe3df35b3e92c9c933ec08c96b85500 2793ff0dd996d6b49abf89881cc2a6c590f7fea89f7d2c65d5c17f42b9cc7733bc2d92323c07127c6f21ebfece16f83a
CLIENT_HANDSHAKE_TRAFFIC_SECRET 7a14cd371f188f616c662bc458b1b13907498ef182c52e76beadb230ef30550a e4b317158c35ee3d253f216125775b51ff13997249a75fdc466cc0ae9765fff5
SERVER_HANDSHAKE_TRAFFIC_SECRET 7a14cd371f188f616c662bc458b1b13907498ef182c52e76beadb230ef30550a 5af5bb0fd3c155335993104ceb34e46b7ba60b1501714adb6e49cc926dd50087
CLIENT_HANDSHAKE_TRAFFIC_SECRET 263243c44050b0a5389901b77ae1382a1414193b36c16f87786112051ce3a822 b9e6af3689f1271684421f7db246ead717cc53f5f6c8c95f231585b0ef3d94435bc090f80105aad01bc960a34e282987
SERVER_HANDSHAKE_TRAFFIC_SECRET 263243c44050b0a5389901b77ae1382a1414193b36c16f87786112051ce3a822 3e942d9c5465cb159b90644a8781fa37326409fa628cefbc6697fd0f3735a9918ba51c189cd39cbf4f23d58b24ba396d
CLIENT_TRAFFIC_SECRET_0 263243c44050b0a5389901b77ae1382a1414193b36c16f87786112051ce3a822 d238aa766bb5f9cd91bf1c101d9765394be973d746b80d1740b93db337ae543131f910c753022739013e7eb68710c847
SERVER_TRAFFIC_SECRET_0 263243c44050b0a5389901b77ae1382a1414193b36c16f87786112051ce3a822 c4a27f2d03735bb3ec9da6fd14f48497230351280ba284edc476028a298b0b7e791c5286a86b487ef5e472dca297c25f
EXPORTER_SECRET 263243c44050b0a5389901b77ae1382a1414193b36c16f87786112051ce3a822 c028434cfa1bcd2fe5f25c022049d46c7c9233de02a9e19868ecd20fb665f0ee9f3c4d6815d759428026afeba959e73f
CLIENT_TRAFFIC_SECRET_0 7a14cd371f188f616c662bc458b1b13907498ef182c52e76beadb230ef30550a 8e2f6985194d33f6fbf00747a613a926c2a33565742220559c9fcfc47565b353
SERVER_TRAFFIC_SECRET_0 7a14cd371f188f616c662bc458b1b13907498ef182c52e76beadb230ef30550a ee740ea3450e51f178b3e13d42badb8b1d49f55f8a2b4797b8e730ef220a47af
EXPORTER_SECRET 7a14cd371f188f616c662bc458b1b13907498ef182c52e76beadb230ef30550a 487ee34d2304844aa3cbe6e9f4b7e65422e10b50ff16e0af3252623a3514b92c
CLIENT_HANDSHAKE_TRAFFIC_SECRET 384cc05958218065805f973532fd2da9b10026f0af58e75ae72519080161baf1 5b1bf2081b1cf6653724a42b0a5c8b7109049e118bf931f63b6491f2aecfef42
SERVER_HANDSHAKE_TRAFFIC_SECRET 384cc05958218065805f973532fd2da9b10026f0af58e75ae72519080161baf1 cf2b0b02391ab5e8658a62e09936af2a6fee01b9aefa57ba8712ea1255b764a2
CLIENT_TRAFFIC_SECRET_0 384cc05958218065805f973532fd2da9b10026f0af58e75ae72519080161baf1 bcb43ce18ba4faf7692a00438ed1ba7fde28ca4af77165a15f364d347758d8c9
SERVER_TRAFFIC_SECRET_0 384cc05958218065805f973532fd2da9b10026f0af58e75ae72519080161baf1 29f3ef20e46669e1e510c5a8b124f4bcf82e9be41df63ed7bf56fd34876558fe
EXPORTER_SECRET 384cc05958218065805f973532fd2da9b10026f0af58e75ae72519080161baf1 2898d03de63ed0ff85f24f76006ea88a5c0308dec02e324d39c8c5f623963120
CLIENT_HANDSHAKE_TRAFFIC_SECRET 59b7912c65138048b306451ec73602039e24f125098dade23622e958273d552b 4aa126c5295b2bc26fe55fef55ce3cbd63380ba3aeae7ae6bea8e71322a0d2e5
SERVER_HANDSHAKE_TRAFFIC_SECRET 59b7912c65138048b306451ec73602039e24f125098dade23622e958273d552b 06b24c839a60f50b659f593cc84141db52f0800c148d179c0baddcbbc084f6b1
CLIENT_HANDSHAKE_TRAFFIC_SECRET cdd20e5d02c4cf09b849f5c105ee07ecb08a3d9c52707cef70a653d9ae71fefd f2666d92bac5032cc904802b6fe1a0f7fff6a7ccfbcc1b8f3d16e51d96079295
SERVER_HANDSHAKE_TRAFFIC_SECRET cdd20e5d02c4cf09b849f5c105ee07ecb08a3d9c52707cef70a653d9ae71fefd 11bfaef033f2f323a0ae3450f5b17a95976d88cbd3c9b4edc1edcf47ac5e6c77
CLIENT_TRAFFIC_SECRET_0 59b7912c65138048b306451ec73602039e24f125098dade23622e958273d552b 9a933b8c0aba9e64b77826b87324713d408079832fa220f91f0cca88afb8d697
SERVER_TRAFFIC_SECRET_0 59b7912c65138048b306451ec73602039e24f125098dade23622e958273d552b 536bdcff786399fcd7c489ecf55fa1fc0b5352f33b47b3e23ad503cd3a9c87d2
EXPORTER_SECRET 59b7912c65138048b306451ec73602039e24f125098dade23622e958273d552b c41b778264770cb151a766e21915eff90b80b9215a39b5c175970f2aaab2334a
CLIENT_TRAFFIC_SECRET_0 cdd20e5d02c4cf09b849f5c105ee07ecb08a3d9c52707cef70a653d9ae71fefd ddb4c4bb583105355a02d95b3244df19eeccc1bc72ad268935e1d03229cadfee
SERVER_TRAFFIC_SECRET_0 cdd20e5d02c4cf09b849f5c105ee07ecb08a3d9c52707cef70a653d9ae71fefd 8ee485f528f477c0d27c94875aec62988f26d7fa2443b1d6ffa5bbbfc4d094fd
EXPORTER_SECRET cdd20e5d02c4cf09b849f5c105ee07ecb08a3d9c52707cef70a653d9ae71fefd 153c48e888ab4ff38ba929b9a0634bd90215094366f6276bcba78b6ce502ff57
CLIENT_HANDSHAKE_TRAFFIC_SECRET e2ab3154ee71b0a646cf599f6400001bd49f88a52bedf7a47038b3265255fd7b eacfdc13ee47c984af2800cc53639fba14fca4b7bf05e65afc5bbfce87573867
SERVER_HANDSHAKE_TRAFFIC_SECRET e2ab3154ee71b0a646cf599f6400001bd49f88a52bedf7a47038b3265255fd7b 48ff4770afb2deb9c80bb67f9cfa088d9d4aa4ea456c832436ae1a1c7378b976
CLIENT_TRAFFIC_SECRET_0 e2ab3154ee71b0a646cf599f6400001bd49f88a52bedf7a47038b3265255fd7b d49135b641f49abfc0de86d733d5808df9228afa46d0b0f210108ede577836b7
SERVER_TRAFFIC_SECRET_0 e2ab3154ee71b0a646cf599f6400001bd49f88a52bedf7a47038b3265255fd7b b6b27ef2e6b2e486caa495ef6550dbce1d5ccd386fc958e96cfe0bd94af02f60
EXPORTER_SECRET e2ab3154ee71b0a646cf599f6400001bd49f88a52bedf7a47038b3265255fd7b 39ca9031f0da4a1a807484a7134b3da4872d5393f96c7ccb8ac53f4cf6d28b0f
CLIENT_HANDSHAKE_TRAFFIC_SECRET d4b31ed69a2afc1ffa22d80c26f391a19439aa6ea9f6acedc88f30dd340f4d1e 3d407c439d07ba545329a34591b192d0959b112b1aec2738155e633156d82553
SERVER_HANDSHAKE_TRAFFIC_SECRET d4b31ed69a2afc1ffa22d80c26f391a19439aa6ea9f6acedc88f30dd340f4d1e 7a3865ceba90b17ded0f1ab65f68e28656039d624e6c0f0ba49e0e5b54d59d67
CLIENT_TRAFFIC_SECRET_0 d4b31ed69a2afc1ffa22d80c26f391a19439aa6ea9f6acedc88f30dd340f4d1e f0c0e7455eb0f5c1e61f7f8e9a38fa03d559f00ec84199d6c627c81e63e183b7
SERVER_TRAFFIC_SECRET_0 d4b31ed69a2afc1ffa22d80c26f391a19439aa6ea9f6acedc88f30dd340f4d1e c90e5627ef935e4a2ae5ed0600605dd4bde66978dd97a85dffd7669542c0f2b2
EXPORTER_SECRET d4b31ed69a2afc1ffa22d80c26f391a19439aa6ea9f6acedc88f30dd340f4d1e 1ab080aa3fcb87b2ceb77a66b37efd0202a569d26aa759746d47d8314e11ce22
CLIENT_HANDSHAKE_TRAFFIC_SECRET 50750e2a60dbfafbb9d15c34a8b549cf179a3c4f632d5741a0d6ba30821b1d4e 4ae89a33d264f4525cc598f7a1a29959dd0028a0bd72af33e2f2136916d3429e
SERVER_HANDSHAKE_TRAFFIC_SECRET 50750e2a60dbfafbb9d15c34a8b549cf179a3c4f632d5741a0d6ba30821b1d4e 582fbec0148f4165a7023bb0490aaa033dba9e04989056146aba835bd4735f1c
CLIENT_TRAFFIC_SECRET_0 50750e2a60dbfafbb9d15c34a8b549cf179a3c4f632d5741a0d6ba30821b1d4e 5ba86cdab4ebfb82288f27b02ff52cce164018d4f2350185c084d9048dfb832e
SERVER_TRAFFIC_SECRET_0 50750e2a60dbfafbb9d15c34a8b549cf179a3c4f632d5741a0d6ba30821b1d4e 19e33b7e524f22c7d2acb9bec7f3da9ea61b42e50b1e543575920181f9fe0c8f
EXPORTER_SECRET 50750e2a60dbfafbb9d15c34a8b549cf179a3c4f632d5741a0d6ba30821b1d4e 8de0591cb930b1dc95ccf7a60ccaba5a4c82d808d54a255a18e58d793e09b1e6
CLIENT_HANDSHAKE_TRAFFIC_SECRET 2cea6717bd44318dea76510bf1cac7af3e35133959878c9c49556c09e2b28620 90370eab1c549f443ad0289d02c0e132b2c0cfd045e8689b66c19f57c9734fbc
SERVER_HANDSHAKE_TRAFFIC_SECRET 2cea6717bd44318dea76510bf1cac7af3e35133959878c9c49556c09e2b28620 03fe1bfe6ecc83a77b7e7b8e4a72ea954c7410f9cff8f0bc202fd8af3eb682fa
CLIENT_TRAFFIC_SECRET_0 2cea6717bd44318dea76510bf1cac7af3e35133959878c9c49556c09e2b28620 af63444ab777a25687bf73f7b1a16cc472ad6b64495fdfbe340f1e6eb7ed7143
SERVER_TRAFFIC_SECRET_0 2cea6717bd44318dea76510bf1cac7af3e35133959878c9c49556c09e2b28620 b07761177bd6d850d0df4bdf5f051529382643de60d9e13f51084975269c9456
EXPORTER_SECRET 2cea6717bd44318dea76510bf1cac7af3e35133959878c9c49556c09e2b28620 7e1f067f541c2daffd6a6c134573cafbc1c3c0cd35dd44d77772f2be0f0e3098
CLIENT_HANDSHAKE_TRAFFIC_SECRET b49ca787b6b3d9060846f480123fc70f177db56a531b0060e558bb913d58ec7a 89fae13e7a2e258842323857bed01791ec849b6a97526f2b34a55b6b94211863
SERVER_HANDSHAKE_TRAFFIC_SECRET b49ca787b6b3d9060846f480123fc70f177db56a531b0060e558bb913d58ec7a 09e2a8cac15cb48705c2964085a0f01c04fe3e7cf5f431746c0480a487e84980
CLIENT_TRAFFIC_SECRET_0 b49ca787b6b3d9060846f480123fc70f177db56a531b0060e558bb913d58ec7a 3a3d8e0c74050a92f96df73f594b417f991a4d2e81d8212c590e052b22b814dd
SERVER_TRAFFIC_SECRET_0 b49ca787b6b3d9060846f480123fc70f177db56a531b0060e558bb913d58ec7a 5f37e01ffe349e1946e15ec31967a28390d29aaacbd2ac6e44deb40d5484b8e0
EXPORTER_SECRET b49ca787b6b3d9060846f480123fc70f177db56a531b0060e558bb913d58ec7a 2129ebdd3dd6111233f264bc042e8c957671b000a2fb66a19e0bc01aa0a78103
CLIENT_HANDSHAKE_TRAFFIC_SECRET b195f76c6e0160d6f77b4169011151b4c48572207955393308f4e11d7b9a03fd d2d261f12030063b7b7ac170610b65821a6180f7d27da080fc2c89826dd82b0d
SERVER_HANDSHAKE_TRAFFIC_SECRET b195f76c6e0160d6f77b4169011151b4c48572207955393308f4e11d7b9a03fd d1cc5177aa4e4e0b266a0e4fa3df14b95b0c85e003ce4d5ad67bed627eba0aef
CLIENT_TRAFFIC_SECRET_0 b195f76c6e0160d6f77b4169011151b4c48572207955393308f4e11d7b9a03fd bb6fac6d556d56e1c13772ae0e6e9707bbad36d9b7364891f7aa174f41922acc
SERVER_TRAFFIC_SECRET_0 b195f76c6e0160d6f77b4169011151b4c48572207955393308f4e11d7b9a03fd 57f8922fb4b3dc489330101cedfb4c448e7c90ddc3214485392e9aefe930525a
EXPORTER_SECRET b195f76c6e0160d6f77b4169011151b4c48572207955393308f4e11d7b9a03fd ae13a5b2901ac372d2f841f53bfc3d9f04802edc24af669b6136c362eb57fa8c
CLIENT_HANDSHAKE_TRAFFIC_SECRET c0b4eccb92c82424f3ff220c4cbad56438e8b06528249611d9d796551e9229ad 4303a145fd247d19eca8f0cb9cb07462110d83834f0f4a0a1a4da8d64237d282
SERVER_HANDSHAKE_TRAFFIC_SECRET c0b4eccb92c82424f3ff220c4cbad56438e8b06528249611d9d796551e9229ad 8540f1b9d51531efd467b0dc687915a32d6a48d7b305daa7b34c6cacd0097540
CLIENT_TRAFFIC_SECRET_0 c0b4eccb92c82424f3ff220c4cbad56438e8b06528249611d9d796551e9229ad 7941f96cc6c0b7006850b5de0e0cf113708d2d1c33119043dfe4478a9e3e270f
SERVER_TRAFFIC_SECRET_0 c0b4eccb92c82424f3ff220c4cbad56438e8b06528249611d9d796551e9229ad 8944adb1d44bc7a0e856c997623c67efab580b22277ab8620a57688a96a645cc
EXPORTER_SECRET c0b4eccb92c82424f3ff220c4cbad56438e8b06528249611d9d796551e9229ad 4b54880bc90c67eca969e004e4f6b503c740a616587f9ac7b3113343461f2cb5
CLIENT_HANDSHAKE_TRAFFIC_SECRET fafc03e063b44d3d1791854bd252c5f08225de7f059bfd33a9969690bad5142a fd9cdae853fa4ba1305b002fb34d2b5ca67f7c838e2ec608e0dd6d2a01152ae9
SERVER_HANDSHAKE_TRAFFIC_SECRET fafc03e063b44d3d1791854bd252c5f08225de7f059bfd33a9969690bad5142a 84b5bfee49c7ea6705d8779436a11559b5cfd4529e3ce7331eecf83cfccddea9
CLIENT_TRAFFIC_SECRET_0 fafc03e063b44d3d1791854bd252c5f08225de7f059bfd33a9969690bad5142a bde714dbf79f90783dff37f2495195b4f01dbf8d1d286d63e4b66e81ae731ef3
SERVER_TRAFFIC_SECRET_0 fafc03e063b44d3d1791854bd252c5f08225de7f059bfd33a9969690bad5142a d473661dcad26d4d83a4c25fda4a01af07b24c9e8270a43c62d6110c0db1c12f
EXPORTER_SECRET fafc03e063b44d3d1791854bd252c5f08225de7f059bfd33a9969690bad5142a bd6c97f90a3b58f05dc6ef4ce10901e49c3fb3da62ab4d3f7d1f4395d67f4658
CLIENT_RANDOM 23591c7dd276ce5c798f27fb3a8eca0c2c7531e697095ba776e75fd08414d3e6 d701a6798ac1f90068806bc156143bb5afd5b05805eaccafd39a10d1dd5fa75daa68349ca051e77c40e92e07b11e1ee1
CLIENT_RANDOM c2825ff9e1e9b6e4d3c17b44af63f117d0d23e20dcb2fb1685f73dfa6593af47 e3a66829b73884cda6fbe3da6c6f8d76a74805dd493be156762a38b07e43da0104a14956945d711e4f71b6d98c06140b
CLIENT_RANDOM 7244996f311acb6e9a1aaa33c671187c5bc2fb96ab626cd8dfd2d3716da5d45a ea0429ad4bf684d754216ccfc01d9426a32ba6c1c2c4b7fc0ec368561e0e7b3d54d0e1297d01b79543a91e759baedaf4
CLIENT_HANDSHAKE_TRAFFIC_SECRET 2fbe607c62d4034ff2a3e3cd8013df376f60e5d546dac9951ba25d43da4af37a 1f4b30ed30a0a5bb4824697ccd1ddc47e1c7c36440634c01ba64177fb8d4ac078b0d8471355c3d730b66447df08ee4cb
SERVER_HANDSHAKE_TRAFFIC_SECRET 2fbe607c62d4034ff2a3e3cd8013df376f60e5d546dac9951ba25d43da4af37a 7f2a30a2424e34e131b8aaea92a5422babd4a584a18320e829e2b9d5f06c53b7e583a7a6c673c413869c6888a003da9c
CLIENT_TRAFFIC_SECRET_0 2fbe607c62d4034ff2a3e3cd8013df376f60e5d546dac9951ba25d43da4af37a 1a25c2b9b49a4f6e4a7ce56c59a00eba646154680a8a436e2f2ca00b9fd50d72736ae99f06deba81a62b06a7c2f4856f
SERVER_TRAFFIC_SECRET_0 2fbe607c62d4034ff2a3e3cd8013df376f60e5d546dac9951ba25d43da4af37a fab9d4c5bcecf41628535760d87fc8a3c564bc347bbbfd2969f9732d55f218a22090cb77051e40e62a0a673908ada7c0
EXPORTER_SECRET 2fbe607c62d4034ff2a3e3cd8013df376f60e5d546dac9951ba25d43da4af37a 9b01aebdc2634fce97db989cf4e55381d8e9330d7aef11112f894a76e9f204ba1538b2c6e6bc87094c4f03f5398965b2
CLIENT_RANDOM c299451678d5ff3c0f6a18100128df9fddda2ed30f0eb2abed6dabc064223c28 00283dd0d3c622ac27a28f34c017207ea159444c110a7771f69ffb245ddb7aa366f8e6aa902e3d867752a3035f4950f1
CLIENT_HANDSHAKE_TRAFFIC_SECRET 3f3b0f1e0f4ac77a8c108ee32e42cb7beeaa1603937b7ccee8da357c578d1843 bc1044214a4d953cd672da40f72247cffcacda4648b5cac5cedaf10676081854
SERVER_HANDSHAKE_TRAFFIC_SECRET 3f3b0f1e0f4ac77a8c108ee32e42cb7beeaa1603937b7ccee8da357c578d1843 418383e86be2a6ae90a5b69fca7af9bcfacd9e40233e1561ce17a63bf49796dd
CLIENT_HANDSHAKE_TRAFFIC_SECRET e30df9d9c8e2745e7580e01b0f37436f7eb14e343cb57fedc1032213f803e528 7c4fbf7446ad6935a3879d21fa86975a699caecbe33f1bcd42f3ea467f16bd03
SERVER_HANDSHAKE_TRAFFIC_SECRET e30df9d9c8e2745e7580e01b0f37436f7eb14e343cb57fedc1032213f803e528 f1111e084b9774e0840f9e36b624b9a61523de6d4bddb14153fb13db211a2813
CLIENT_TRAFFIC_SECRET_0 3f3b0f1e0f4ac77a8c108ee32e42cb7beeaa1603937b7ccee8da357c578d1843 d3885be17dedc224ab47245658f3351ae9f1cb91dd87efface4a9746673ba73b
SERVER_TRAFFIC_SECRET_0 3f3b0f1e0f4ac77a8c108ee32e42cb7beeaa1603937b7ccee8da357c578d1843 95319784ed74e520b71a96a19df07f1bc1ca19a2f138f8e06ed2c529cb35c180
EXPORTER_SECRET 3f3b0f1e0f4ac77a8c108ee32e42cb7beeaa1603937b7ccee8da357c578d1843 1c9ac9e2f3d8cf6b628418cbf854533421105a6366dece08a8c381867d2de358
CLIENT_TRAFFIC_SECRET_0 e30df9d9c8e2745e7580e01b0f37436f7eb14e343cb57fedc1032213f803e528 5e3ee66c999d6dc1ddbc28985c744ad87161bc25598b887e4a4140ac9ee477a8
SERVER_TRAFFIC_SECRET_0 e30df9d9c8e2745e7580e01b0f37436f7eb14e343cb57fedc1032213f803e528 01d6dbd2928c0a359df3f6361fcb91b355f1028bb6fba1e5a0deed97ee4a5cdc
EXPORTER_SECRET e30df9d9c8e2745e7580e01b0f37436f7eb14e343cb57fedc1032213f803e528 6d455beac7d07cdb992025cb4561deebe646f36d5c2cc2413783a4c8f73a39eb
CLIENT_HANDSHAKE_TRAFFIC_SECRET 3350a7b2a3aba6ce0e50b0592a89891433905ae2570f3db6d221d099d23fb1a9 e85fc6becc5b550c874640da4f5455c5a229c1d6c20f09a427d5d792998abc73
SERVER_HANDSHAKE_TRAFFIC_SECRET 3350a7b2a3aba6ce0e50b0592a89891433905ae2570f3db6d221d099d23fb1a9 22e3df155de15c7dfa00650c19ab4240ce34e954850623d454ad747d8cf256e4
CLIENT_TRAFFIC_SECRET_0 3350a7b2a3aba6ce0e50b0592a89891433905ae2570f3db6d221d099d23fb1a9 5f852aa1fb83dc544fb1dbd7c9d9787c84e33cf1e33853a9db4fa58f60a8ae8f
SERVER_TRAFFIC_SECRET_0 3350a7b2a3aba6ce0e50b0592a89891433905ae2570f3db6d221d099d23fb1a9 edc9f44dbb16cfe6a1dd24d07e2eaee09426d1874e0018c7ee1ceb0bc0de2864
EXPORTER_SECRET 3350a7b2a3aba6ce0e50b0592a89891433905ae2570f3db6d221d099d23fb1a9 6fb6bc65774771803abf38e4fb411132f77bfb93661357412b9b1e1b3938ce2b
CLIENT_HANDSHAKE_TRAFFIC_SECRET 6cf93cd49bec4ce4470c71c8a27900c0516bc04a860525aa24ed7dcfeb073432 1380a2804df5f74d54284e341435e6d744d0a257652a025961d00707a41ca3cc
SERVER_HANDSHAKE_TRAFFIC_SECRET 6cf93cd49bec4ce4470c71c8a27900c0516bc04a860525aa24ed7dcfeb073432 eb9677a4007210edcc72300bcede6472408b233238de8b1bb21962a78c6aa9dc
CLIENT_TRAFFIC_SECRET_0 6cf93cd49bec4ce4470c71c8a27900c0516bc04a860525aa24ed7dcfeb073432 3a240fd425c5a6457a90c5dc41c74f5fea2651e95baa46da18d57407c6834333
SERVER_TRAFFIC_SECRET_0 6cf93cd49bec4ce4470c71c8a27900c0516bc04a860525aa24ed7dcfeb073432 8c98894b26686ba1ec8e2af1be5779e99ea4e5556bd8cf8e77c3be5c8969f363
EXPORTER_SECRET 6cf93cd49bec4ce4470c71c8a27900c0516bc04a860525aa24ed7dcfeb073432 0359c6168c47aa38fe0916716716e9b7182d540678a51dc15f0488a7bf2ece11
CLIENT_HANDSHAKE_TRAFFIC_SECRET 81b5b3439874348ac6ca2c1ecedcf7ec65c41243bc1f030addfb9b06886a10c5 b24e4d9d11b249e7aab14065c60c0ae41c8e66c4448457cd0c576b6db27ecfbeb5c1a601c65ab48f3f28d6ed9f0b16f3
SERVER_HANDSHAKE_TRAFFIC_SECRET 81b5b3439874348ac6ca2c1ecedcf7ec65c41243bc1f030addfb9b06886a10c5 264cff2e031e89952933a0d54ba447532e52694a6591345bfb5a6dc49941adf192a1ca25009f27f77533fc6de99f9b51
CLIENT_TRAFFIC_SECRET_0 81b5b3439874348ac6ca2c1ecedcf7ec65c41243bc1f030addfb9b06886a10c5 0c0635bccc430b4e928a3f1d731a09a2476d05a8ac188758bb51772a619d4519f19432755ae516461123f736124e1f3a
SERVER_TRAFFIC_SECRET_0 81b5b3439874348ac6ca2c1ecedcf7ec65c41243bc1f030addfb9b06886a10c5 a62f57385dd70454bee861347355a16910fc1c9245bc318d1d2e39dd6ae7a88d2b8c912b2fec4839e779fee6adc11ce0
EXPORTER_SECRET 81b5b3439874348ac6ca2c1ecedcf7ec65c41243bc1f030addfb9b06886a10c5 5aeb29059c5248be4d94d997592b005ce156f29753161f2e149ac827efa26462be8d8dcc0b1c79e8bbf8a0fb68a9f07b
CLIENT_HANDSHAKE_TRAFFIC_SECRET 04946a2d0693a6f7c0904577e9c7c288d5119dbe5089fc7bdf0bd51318593078 8b40533c3686d1aa20cd0f75ec00592b4a468a4c0ac6745853abb3f2b1a79f8c
SERVER_HANDSHAKE_TRAFFIC_SECRET 04946a2d0693a6f7c0904577e9c7c288d5119dbe5089fc7bdf0bd51318593078 e340c1c404bea8c9aa61d9264198e7597a6b280bb16c386b02e5b18f603f9e8f
CLIENT_HANDSHAKE_TRAFFIC_SECRET 4caa5a940e96ef17509eab674b0438a2704465cb3568960e9ac3c836adbfd2b7 c94a226c671c5d8663b7ef95466b0d994a0830f6b55d0d664be762fccec13380
SERVER_HANDSHAKE_TRAFFIC_SECRET 4caa5a940e96ef17509eab674b0438a2704465cb3568960e9ac3c836adbfd2b7 46448267827a76ccd3b4819aca3f16f6c6ce1282f80010aea807d2224651b5f1
CLIENT_HANDSHAKE_TRAFFIC_SECRET 01947ea1227a88ebc6f9f542ae6400ba92e1117d0f5d2f622ee47bd705ea2a6e 8b3595e314f50b07a5f51ba358b88cae17dfecccd7a258fc70912ca048506e54
SERVER_HANDSHAKE_TRAFFIC_SECRET 01947ea1227a88ebc6f9f542ae6400ba92e1117d0f5d2f622ee47bd705ea2a6e fae0ca6fcd5d3276a6e9d603561e1bfa81f23d8e8685877ea3c94b463e93eace
CLIENT_TRAFFIC_SECRET_0 04946a2d0693a6f7c0904577e9c7c288d5119dbe5089fc7bdf0bd51318593078 8ec71d9883b271b9a64ba2f63efa146f92bc5dcbc3c8db15c2e3117f092ccb6a
SERVER_TRAFFIC_SECRET_0 04946a2d0693a6f7c0904577e9c7c288d5119dbe5089fc7bdf0bd51318593078 6baa0a506ec27303f6328ac54fb62b3ec4864552db1da9d51b87c4f145bea660
EXPORTER_SECRET 04946a2d0693a6f7c0904577e9c7c288d5119dbe5089fc7bdf0bd51318593078 63f5587895a6cb1d3d5e367802dc6ed144473f1cabf2ea3a4e56425654c94e82
CLIENT_TRAFFIC_SECRET_0 4caa5a940e96ef17509eab674b0438a2704465cb3568960e9ac3c836adbfd2b7 b26e274739bbdc69f09741c140e434fc6e8d3c220143103ac6f3da17bdb2eaef
SERVER_TRAFFIC_SECRET_0 4caa5a940e96ef17509eab674b0438a2704465cb3568960e9ac3c836adbfd2b7 cdd9bec7f428931f9011c0bd7a4dd60d2b986627e73242adf61981746a607ee9
EXPORTER_SECRET 4caa5a940e96ef17509eab674b0438a2704465cb3568960e9ac3c836adbfd2b7 31b730119fb6854f829133bee55a9f001ae5679ee3e2683c5c7bb057092e3ff2
CLIENT_TRAFFIC_SECRET_0 01947ea1227a88ebc6f9f542ae6400ba92e1117d0f5d2f622ee47bd705ea2a6e 61a766d9332d7d4623ae956fd2f876f9e1aa8e806f0323af49e83618ed069b27
SERVER_TRAFFIC_SECRET_0 01947ea1227a88ebc6f9f542ae6400ba92e1117d0f5d2f622ee47bd705ea2a6e d4a2ea71e4ebba339f86b21615554649a8989604d1bc1293413d0eb014847f6b
EXPORTER_SECRET 01947ea1227a88ebc6f9f542ae6400ba92e1117d0f5d2f622ee47bd705ea2a6e ff60d3c9c687e51645aeefbe504ae91ac612cdaf22e6316f62e375e49284e637
CLIENT_HANDSHAKE_TRAFFIC_SECRET 625cd2e6613c3a10b8e18189840f6afb9bafcc6099febce5e3a664356a415139 b3118853af018f0e45030296a5e3a169a8158b59c6bc7f38ba3f287d925c10f2
SERVER_HANDSHAKE_TRAFFIC_SECRET 625cd2e6613c3a10b8e18189840f6afb9bafcc6099febce5e3a664356a415139 6371df1785bb8b6e134e5d0d8e8c40cfbf4ad77f2931b35d063c03d82cfa2d40
CLIENT_TRAFFIC_SECRET_0 625cd2e6613c3a10b8e18189840f6afb9bafcc6099febce5e3a664356a415139 4bbac1aae5154325fb2eb69bc5d2e4d41b3f4c7ceddc90f859f7a0da194cf5a9
SERVER_TRAFFIC_SECRET_0 625cd2e6613c3a10b8e18189840f6afb9bafcc6099febce5e3a664356a415139 c5a929604b05ef09b8712098323c250ac974a84f999c57fda09e53e4af40ba09
EXPORTER_SECRET 625cd2e6613c3a10b8e18189840f6afb9bafcc6099febce5e3a664356a415139 9110bf113aac99f95a2bffe2cfc187e6325531fcb645f59d82724bfb3c546170
CLIENT_HANDSHAKE_TRAFFIC_SECRET d89c5da8fcb846c67b85d1a197a0c5c9d5e168d8c95c74b7f20829abc71f926a d51940f02be56d7089b8bc92df0b549ae5d995d734d07b771e4d42302c4d785c
SERVER_HANDSHAKE_TRAFFIC_SECRET d89c5da8fcb846c67b85d1a197a0c5c9d5e168d8c95c74b7f20829abc71f926a 8059395ff8f6acca89e86feec10ae07e7d939be415352bdd1d627793b2d105f8
CLIENT_TRAFFIC_SECRET_0 d89c5da8fcb846c67b85d1a197a0c5c9d5e168d8c95c74b7f20829abc71f926a 13eca9be66e9024ced1a3ae129f6f33e46c36d5428d6586f5ea078d3dac408ad
SERVER_TRAFFIC_SECRET_0 d89c5da8fcb846c67b85d1a197a0c5c9d5e168d8c95c74b7f20829abc71f926a a9ba0dddae5c095166158476c3d035348449c163cc0cecc974ae9a14b047276a
EXPORTER_SECRET d89c5da8fcb846c67b85d1a197a0c5c9d5e168d8c95c74b7f20829abc71f926a a4ce849db83cc739de245adc4f3cce28fd976e077920e41d18b54264b3bec23d
CLIENT_HANDSHAKE_TRAFFIC_SECRET bc7ab4ef76b50e6384d5f2f308ce013888540427483b869aea973652b6ba050c 32a40daac0844992dfa8a1a019d4b3d5e028e8f35ac734319cfc819e5c946d65
SERVER_HANDSHAKE_TRAFFIC_SECRET bc7ab4ef76b50e6384d5f2f308ce013888540427483b869aea973652b6ba050c 83b8e0fba2c26c5c49c1a467170bcf47f0c103fabb01f87fcbb6167dd6165a0d
CLIENT_TRAFFIC_SECRET_0 bc7ab4ef76b50e6384d5f2f308ce013888540427483b869aea973652b6ba050c 122f05e68f6204cb7aa46de1e8ec41b8220af9ac63c19a11c495032790a1397c
SERVER_TRAFFIC_SECRET_0 bc7ab4ef76b50e6384d5f2f308ce013888540427483b869aea973652b6ba050c 50416ed6da601b24c6ffd1a498819f3f95c2647cc8e2ddb5c880c951cb7e5dd0
EXPORTER_SECRET bc7ab4ef76b50e6384d5f2f308ce013888540427483b869aea973652b6ba050c a184aa6f5dcbe3b3bfe55d30506dbd1460a69a9e65eaa11f87a407c34ec4c3bb
CLIENT_HANDSHAKE_TRAFFIC_SECRET 20c700f71fd8ece631a219d00420ded2fd9b38b9f779255cf8afbad99d528ddf f55c7f22782a492356aac8e2c42954df342cfc464504ca43b90a449c374862c3
SERVER_HANDSHAKE_TRAFFIC_SECRET 20c700f71fd8ece631a219d00420ded2fd9b38b9f779255cf8afbad99d528ddf bf3114646a1861ff407bb1690cf36ca7769774a065040c6642f6284705003df0
CLIENT_TRAFFIC_SECRET_0 20c700f71fd8ece631a219d00420ded2fd9b38b9f779255cf8afbad99d528ddf 496fbe85924e910294844f034c3fc23254186fba953fbb408d1a9b71f6baa72c
SERVER_TRAFFIC_SECRET_0 20c700f71fd8ece631a219d00420ded2fd9b38b9f779255cf8afbad99d528ddf 102fa427be678effe70fd5e41b6eaf6b4a47f976004f7e05c440130b05eb7043
EXPORTER_SECRET 20c700f71fd8ece631a219d00420ded2fd9b38b9f779255cf8afbad99d528ddf 66ddd187bffc794821eac7800328285c5699c9c997b74070b3fd53aef520472c
CLIENT_HANDSHAKE_TRAFFIC_SECRET ead4e3a936e5db33b188306f4db0e04d1f876f861bc022beb82a3afca0499463 01666934efe7ae46c963f0fcdde73c5a49eb70257085490d2533ef8f0406a681
SERVER_HANDSHAKE_TRAFFIC_SECRET ead4e3a936e5db33b188306f4db0e04d1f876f861bc022beb82a3afca0499463 fabf777cd15238de9bbbfa1149a374df94d0a010c0bea96093b4afbc8043c837
CLIENT_TRAFFIC_SECRET_0 ead4e3a936e5db33b188306f4db0e04d1f876f861bc022beb82a3afca0499463 08a5207ccec08ee4c01576003e96c399a8f69cba8c572f90ccab6750ff184acb
SERVER_TRAFFIC_SECRET_0 ead4e3a936e5db33b188306f4db0e04d1f876f861bc022beb82a3afca0499463 680aa04034a02b1fdbce15c8aab6d571b9c45cb759093db50cf5773f702d835e
EXPORTER_SECRET ead4e3a936e5db33b188306f4db0e04d1f876f861bc022beb82a3afca0499463 c32e11b0e8d4004de4b6c7cf29b5fc93a13dcfa6ac31481688b2d1a592ff3d74
CLIENT_HANDSHAKE_TRAFFIC_SECRET d12f3990525fe2c750a77d149ac15412588ccf2e5c58b6e15a14fa658f809281 ebd283f217979500280e976f4e71b2851d803d37b5e3e591719be76dff692e81
SERVER_HANDSHAKE_TRAFFIC_SECRET d12f3990525fe2c750a77d149ac15412588ccf2e5c58b6e15a14fa658f809281 4ba984e8278306e8ea38c388433aea6f6c752ee5dbb6e305632b88687796e3b6
CLIENT_TRAFFIC_SECRET_0 d12f3990525fe2c750a77d149ac15412588ccf2e5c58b6e15a14fa658f809281 cbc4e53e3e55d98b052ad2d0ec80a44698a7c4fdd7bcd46faaac2ad35bc22e1c
SERVER_TRAFFIC_SECRET_0 d12f3990525fe2c750a77d149ac15412588ccf2e5c58b6e15a14fa658f809281 e2ac3beb776ff043318200cd7a7a1841112fdad69ca5dd40bd777522ea536fde
EXPORTER_SECRET d12f3990525fe2c750a77d149ac15412588ccf2e5c58b6e15a14fa658f809281 0a5ad2b8d8026606ec203840d8d39443612fe19b7c24a16b68110b6770d34e67
CLIENT_HANDSHAKE_TRAFFIC_SECRET 744be224fa1f3131a3564dab5df474b67ab4edd93dd67c0fff993b87c53542bc cd380900031b5ef80fb56388a0f4b222fe17ec965d98886f6a4e5cc0c4ec318e
SERVER_HANDSHAKE_TRAFFIC_SECRET 744be224fa1f3131a3564dab5df474b67ab4edd93dd67c0fff993b87c53542bc d151814b0a957093b8f941f2011530917b0adf383f88a26f2e60ae0056e8ce7b
CLIENT_TRAFFIC_SECRET_0 744be224fa1f3131a3564dab5df474b67ab4edd93dd67c0fff993b87c53542bc 55292c946b1267df8f29a10576acc3e8efa2bae3250c5a2e9ec25abd559d313c
SERVER_TRAFFIC_SECRET_0 744be224fa1f3131a3564dab5df474b67ab4edd93dd67c0fff993b87c53542bc e65e0400e8d7e3d9da50d91c12b8ddf65fe12b11422b9c2c97f0e1b211ca18b2
EXPORTER_SECRET 744be224fa1f3131a3564dab5df474b67ab4edd93dd67c0fff993b87c53542bc 0ae19553470e9c9ef75b14bb3bf9aa68d3a8aeebfb51c0e8d7006d8f84b19ea3
CLIENT_HANDSHAKE_TRAFFIC_SECRET 7250b5ce4ccfdb00b4d0a80c5af214beea9095cd91004a0ae08411ffbb83ac8b 64c315de97e439f35c33e5166610ca8b247de5c42eede407562c709d4b60d88a
SERVER_HANDSHAKE_TRAFFIC_SECRET 7250b5ce4ccfdb00b4d0a80c5af214beea9095cd91004a0ae08411ffbb83ac8b 88eadf9f49ad2f1ec41c0dd0f9f75b06b042e8a799c36df12c2548ca70e0d920
CLIENT_HANDSHAKE_TRAFFIC_SECRET 9daf7bd692bffb58a9dcf7f190e4e797ef39a3af60fb88a91427628ca3ad4897 33a9bd16ecb8d9f14b610d3a32240fcbc88a0c854d601326188dcad814127970
SERVER_HANDSHAKE_TRAFFIC_SECRET 9daf7bd692bffb58a9dcf7f190e4e797ef39a3af60fb88a91427628ca3ad4897 4a4153813606b3b851032f760f206dfb1a295715523a5f11896a00102195e1c4
CLIENT_TRAFFIC_SECRET_0 9daf7bd692bffb58a9dcf7f190e4e797ef39a3af60fb88a91427628ca3ad4897 b21bae93bd48ed0b40a9a6f3fd92642b091ffe301853108d203b62a339a55c4a
SERVER_TRAFFIC_SECRET_0 9daf7bd692bffb58a9dcf7f190e4e797ef39a3af60fb88a91427628ca3ad4897 4f11bbc5f97af88af643e85d083650197424db33108b4d1c8dfea6968292dcdb
EXPORTER_SECRET 9daf7bd692bffb58a9dcf7f190e4e797ef39a3af60fb88a91427628ca3ad4897 cb7164046f40948434bf8f2f35b8e0f7356b6c17792d551c1a1a5799e8e78b1d
CLIENT_TRAFFIC_SECRET_0 7250b5ce4ccfdb00b4d0a80c5af214beea9095cd91004a0ae08411ffbb83ac8b dce9a0f98d1c69009ab854f7d2b9308c350a1cc2f160aecc02670fca32cc63a5
SERVER_TRAFFIC_SECRET_0 7250b5ce4ccfdb00b4d0a80c5af214beea9095cd91004a0ae08411ffbb83ac8b 0ca37553f2564ee5a69b62e3c26122ea097b3db7437f2059c78c6ea9af226778
EXPORTER_SECRET 7250b5ce4ccfdb00b4d0a80c5af214beea9095cd91004a0ae08411ffbb83ac8b be70962fb35466b5d0a2c8e7f349783496205aa2879141c987f4ceab09ceca2f
CLIENT_HANDSHAKE_TRAFFIC_SECRET 7bee3082ad85d8ea27e670dc8cd811ffd8fefdf35866922df08faf76c33b24a2 2d43bc6c398d5e35eabbb59c1aa2db25513254c0fe6ced2efe9a0b3b1b024b6d
SERVER_HANDSHAKE_TRAFFIC_SECRET 7bee3082ad85d8ea27e670dc8cd811ffd8fefdf35866922df08faf76c33b24a2 aedd4633776a6709ae11988086a1237f6b710988799949bd18257494ab6ca316
CLIENT_TRAFFIC_SECRET_0 7bee3082ad85d8ea27e670dc8cd811ffd8fefdf35866922df08faf76c33b24a2 4220d9ddadf1ca538d40c1bfcce60b52de894577c6274418a19d7bdb0c29a0da
SERVER_TRAFFIC_SECRET_0 7bee3082ad85d8ea27e670dc8cd811ffd8fefdf35866922df08faf76c33b24a2 8a5177665129c5daf4a2b0f6a0de8255a91362abfa1dd0695ce2c8949c8a4906
EXPORTER_SECRET 7bee3082ad85d8ea27e670dc8cd811ffd8fefdf35866922df08faf76c33b24a2 d3c09611a76ccb60702073518c6df5a85a14f1319ebebba011d39612a3f93316
CLIENT_HANDSHAKE_TRAFFIC_SECRET cc7a0569b8398ad16b860bfdd616e75c5e6302641f4cd97904c3994da8da77cc c72f6c4c3694c501a4c2de3f98967fdb6acbcb6874dbf2dda5ae6c41dcdf5c78
SERVER_HANDSHAKE_TRAFFIC_SECRET cc7a0569b8398ad16b860bfdd616e75c5e6302641f4cd97904c3994da8da77cc 1713e495cede6320c2f9bde190ae74824025ad2d1f975dd58ec2fada1d24dd38
CLIENT_TRAFFIC_SECRET_0 cc7a0569b8398ad16b860bfdd616e75c5e6302641f4cd97904c3994da8da77cc 6eba97cf51c6a30f4afa55037c27d324b295b5a64014f8dcf77c43cb1c09b253
SERVER_TRAFFIC_SECRET_0 cc7a0569b8398ad16b860bfdd616e75c5e6302641f4cd97904c3994da8da77cc 28866213b7d65007b61433f4059652340404648cb392a77419171d681c2dc67a
EXPORTER_SECRET cc7a0569b8398ad16b860bfdd616e75c5e6302641f4cd97904c3994da8da77cc 7973e9a157d401a1e1d32df77c492a1892d6a87e9ab5ca9a8f2896ffacd40e94
CLIENT_HANDSHAKE_TRAFFIC_SECRET b9fd656a7a865345949d068568fe590c112d2edae379520983811029ee88825f 5586e64b68afd6631e0fd393247bd5f086ce9ea8ab47b6eb166697edaea2bb35
SERVER_HANDSHAKE_TRAFFIC_SECRET b9fd656a7a865345949d068568fe590c112d2edae379520983811029ee88825f 5229e8da04ab6756178646edcca2810b244af27ffa42c13981798ca99f1873b6
CLIENT_TRAFFIC_SECRET_0 b9fd656a7a865345949d068568fe590c112d2edae379520983811029ee88825f 4df78d8bd3f5b8659ac21f1253c7fb6b591b443ce2981fc389a6b4897e2c5e27
SERVER_TRAFFIC_SECRET_0 b9fd656a7a865345949d068568fe590c112d2edae379520983811029ee88825f 4f24d404a1a994294fd8f977aff84f828bcd3fb9bef41086f499e9992f61ecc7
EXPORTER_SECRET b9fd656a7a865345949d068568fe590c112d2edae379520983811029ee88825f f8ada9ecf809c1862dd86dbb88e898e35a420f816ae539d38aa0b85fd9ea43ee
CLIENT_HANDSHAKE_TRAFFIC_SECRET 875ffac31bfcd8e517142d1ccd7db05e636b4727c8fb256f1857db4a2d31d6a7 4adede81fae25ba4d139eb55a9029b1884e9447cbaa4054436a91d4ab26d35cf
SERVER_HANDSHAKE_TRAFFIC_SECRET 875ffac31bfcd8e517142d1ccd7db05e636b4727c8fb256f1857db4a2d31d6a7 ce72c13159a5f40f81c95aeb16e704791ab8e0d27764b70ad1d8f4a37d36fdb2
CLIENT_TRAFFIC_SECRET_0 875ffac31bfcd8e517142d1ccd7db05e636b4727c8fb256f1857db4a2d31d6a7 e61a0ab7ad49672d6ddd3512921f4c4cdcb95a6b20051b594cddfac1109b8abb
SERVER_TRAFFIC_SECRET_0 875ffac31bfcd8e517142d1ccd7db05e636b4727c8fb256f1857db4a2d31d6a7 b459e553f2d9243a24fb89f970f304964cb1f81cfae1430c6bfddce85f850939
EXPORTER_SECRET 875ffac31bfcd8e517142d1ccd7db05e636b4727c8fb256f1857db4a2d31d6a7 bafc6d40604525b7b31767955e047608e81daed1b8c538f0b677076bb333a640
CLIENT_HANDSHAKE_TRAFFIC_SECRET 0fef0c16456095a216115a6a57fedc0d6da2ed2f5bb49c30b0f96fb095557d97 44d704bcdefddc9614c87611916887992992164a84081e23a19633b3540a0f9b
SERVER_HANDSHAKE_TRAFFIC_SECRET 0fef0c16456095a216115a6a57fedc0d6da2ed2f5bb49c30b0f96fb095557d97 9d8f565ee46be724c03efb2d15e768b78b3783d9c73864036b275b6761ce23c3
CLIENT_TRAFFIC_SECRET_0 0fef0c16456095a216115a6a57fedc0d6da2ed2f5bb49c30b0f96fb095557d97 8c54b1a2ec119f2e4d4d2081dadf567a78d542a808ce5caeef58e4ee78c3966f
SERVER_TRAFFIC_SECRET_0 0fef0c16456095a216115a6a57fedc0d6da2ed2f5bb49c30b0f96fb095557d97 d648523cdef966b6739febe865eefbbc4c43b59867f6bcd67e153f7237ac0c44
EXPORTER_SECRET 0fef0c16456095a216115a6a57fedc0d6da2ed2f5bb49c30b0f96fb095557d97 ebc057222f84c07100132c4176023a9cc4afd23d08ea6d3e28fec02144e3dab3
CLIENT_HANDSHAKE_TRAFFIC_SECRET 10e1c0ac6ccf3953a88aa41fda2ca70482c6f7fc7100b040bcd9eff09b1d406d 6d1eeb62d383c33346605938457cb306e1830fc001f7a7bc3b9f2fd6dc7b7aaf
SERVER_HANDSHAKE_TRAFFIC_SECRET 10e1c0ac6ccf3953a88aa41fda2ca70482c6f7fc7100b040bcd9eff09b1d406d ea3e5cb6b5f11933bc6afd05ce82253ddcc3e6ede5493ee12e3d90fe3b885aa1
CLIENT_TRAFFIC_SECRET_0 10e1c0ac6ccf3953a88aa41fda2ca70482c6f7fc7100b040bcd9eff09b1d406d eb4339027b2936b4fc82edd795dcb171023b74503ff939d7f47ad8895ffe3604
SERVER_TRAFFIC_SECRET_0 10e1c0ac6ccf3953a88aa41fda2ca70482c6f7fc7100b040bcd9eff09b1d406d 66c9c42c62a326c057cf0bef6d9118a9593859a382bfa99f023edd97b30dee4e
EXPORTER_SECRET 10e1c0ac6ccf3953a88aa41fda2ca70482c6f7fc7100b040bcd9eff09b1d406d a8062167217ff85c555f1756e9eeefd13f32e4ae83ece328e303628f57c352d3
CLIENT_HANDSHAKE_TRAFFIC_SECRET da8364688992367f2fe5ba88d970a30390f7885191ba5bffacb1d4ef4cd15ba2 3c13d29a743d76bc23f044a33cc028e8394f598f9bda845625f7c315604cff1335d434975d8ac279eb2b19ee4a0154d0
SERVER_HANDSHAKE_TRAFFIC_SECRET da8364688992367f2fe5ba88d970a30390f7885191ba5bffacb1d4ef4cd15ba2 35e5776ba4863e0dddd7e427df1c1454fc552248d3e25d32836aeb5831b3ff51ede658c3d29063eed5144c01f51b2559
CLIENT_HANDSHAKE_TRAFFIC_SECRET 2893c8476efb6ad982a5db80eb8736fe4da604e0d1a3bc755f591c2f833beefa 35886a799c59bc233afca655d6e04f6aa625d9774ae0d0b2f2e9a0c65f71b4fc76fae2fee0579618ebbf4e3d0711f29c
SERVER_HANDSHAKE_TRAFFIC_SECRET 2893c8476efb6ad982a5db80eb8736fe4da604e0d1a3bc755f591c2f833beefa 24bbe21788eb8359ec24161578c7a28b91df605cfa16c885848cc4de440c4c4d78b341bbb1cb303d19b6f2eb4b5f35f4
CLIENT_TRAFFIC_SECRET_0 da8364688992367f2fe5ba88d970a30390f7885191ba5bffacb1d4ef4cd15ba2 c8a7a8024a8f2a1ced70edd8519ad9d1f7b7c00e578420b36eb892cd61e6f5538594b3ec6226c0c30086423e8ef2222f
SERVER_TRAFFIC_SECRET_0 da8364688992367f2fe5ba88d970a30390f7885191ba5bffacb1d4ef4cd15ba2 baf6d08af92a98249a92022183ceb9d424c6e77c680489c71f0bff41fd5d8abf6e84f7c33d2a34cb17d20258e4169577
EXPORTER_SECRET da8364688992367f2fe5ba88d970a30390f7885191ba5bffacb1d4ef4cd15ba2 765dde592f3d317aaa6d7f540e313715afe30d50d7c3c72393e0306509ad06aabe79b6a1d9f36b6f2b0502fdf322b4dc
CLIENT_TRAFFIC_SECRET_0 2893c8476efb6ad982a5db80eb8736fe4da604e0d1a3bc755f591c2f833beefa f48b7c794e4c0dc3550b2603ef8bbe404c1dc3263d5ffc5fd283c6210919f1c412a4ece060e40af6d49dfc237721b64b
SERVER_TRAFFIC_SECRET_0 2893c8476efb6ad982a5db80eb8736fe4da604e0d1a3bc755f591c2f833beefa 5cc343a0e01714e1fd863d532c8cae05831bac039b66b985af5ae657f2a3e4cd3f5969e903a988c8bb9bf415805dae91
EXPORTER_SECRET 2893c8476efb6ad982a5db80eb8736fe4da604e0d1a3bc755f591c2f833beefa fe2f4cdec91307e43728217e4108b00e24ad4f007b27e2924205f52688509dfca8cefa075bf897df32438f3ac89a2504
CLIENT_HANDSHAKE_TRAFFIC_SECRET a33c9c804268868b8018138a69345aa93f082c304daeffdf6e086d7637241f19 1284b58744083575ace1cb30a742804e686de5b834055c1ef89cab6a65874698
SERVER_HANDSHAKE_TRAFFIC_SECRET a33c9c804268868b8018138a69345aa93f082c304daeffdf6e086d7637241f19 5fc3a5503b444ed61eb938f0f3514b73cf0076f7be4cf6601bf3bef5b5cfee1b
CLIENT_TRAFFIC_SECRET_0 a33c9c804268868b8018138a69345aa93f082c304daeffdf6e086d7637241f19 d56f496c4dc011e98f870f6d7a0d70ae3d2dc61fa9a4d81d285eb8c159290440
SERVER_TRAFFIC_SECRET_0 a33c9c804268868b8018138a69345aa93f082c304daeffdf6e086d7637241f19 27dd4d460d5f28ba0482c677b2806c634dbc1cf1f8a0ea9a9dd2cf9cc253d7f0
EXPORTER_SECRET a33c9c804268868b8018138a69345aa93f082c304daeffdf6e086d7637241f19 b4f22f61fcee5df8a2fea7b2717984550fee01858893f371af6874f1240defc4
CLIENT_HANDSHAKE_TRAFFIC_SECRET 378eebd3b271cb177b8ec5849b0493f07eb39c43bbb8a4d2acb7ef742e40b1aa 897ea53f4d18a69f1e0ecc91c143ed5544ce4580519aacf0d17ed48784c621fb893def1b5a8836b92ceffc09da1e2bcf
SERVER_HANDSHAKE_TRAFFIC_SECRET 378eebd3b271cb177b8ec5849b0493f07eb39c43bbb8a4d2acb7ef742e40b1aa a010902a243fa427f46400d2ee38414f86368f9293cfe3af9757db65ef94291e188b4ec468315719f86d6bfe820607ce
CLIENT_TRAFFIC_SECRET_0 378eebd3b271cb177b8ec5849b0493f07eb39c43bbb8a4d2acb7ef742e40b1aa 10131333cba821c0a8a56cbb29eed1b8e7885fdafcc698b4678f5e53a1c07da52d9a89833a4e84f9a37a98d7eb4ac7b3
SERVER_TRAFFIC_SECRET_0 378eebd3b271cb177b8ec5849b0493f07eb39c43bbb8a4d2acb7ef742e40b1aa b9d1c52dbedb144decc98883bc5ae7bddf28150ce7d629e3501d3b645e0388bc790e9c634ad6183c0283e8777064810f
EXPORTER_SECRET 378eebd3b271cb177b8ec5849b0493f07eb39c43bbb8a4d2acb7ef742e40b1aa bb0e79d4eb4a4e477195d7cbaa233a8fddcc650c102149ad6e87658bf9c43258ee124dc0072b0e297bde920d7787a898
CLIENT_HANDSHAKE_TRAFFIC_SECRET 6a3740dc3a30c054a50bd55db5da459a7ad34f40ff54295e86002c0c36d1c48c 50557f213ea1230d6d0e63772199f794f8beb0dab74d5243f2b812b842d20543
SERVER_HANDSHAKE_TRAFFIC_SECRET 6a3740dc3a30c054a50bd55db5da459a7ad34f40ff54295e86002c0c36d1c48c afdc4e4ef09312bd1eab312e7867a55bc6d31da0682a87ff4f8d59f05f4a86e3
CLIENT_TRAFFIC_SECRET_0 6a3740dc3a30c054a50bd55db5da459a7ad34f40ff54295e86002c0c36d1c48c d3f984a07b2fe5da75ff614fcf1aad06f66985e71fb200abf159b6defdde7a69
SERVER_TRAFFIC_SECRET_0 6a3740dc3a30c054a50bd55db5da459a7ad34f40ff54295e86002c0c36d1c48c db65a04235ab8b980ed205e561a2d1c165399dcc9768d20b6a5091d6804de049
EXPORTER_SECRET 6a3740dc3a30c054a50bd55db5da459a7ad34f40ff54295e86002c0c36d1c48c a9667c5fee453764fcc0ece36b1c07b7dfbc2d07add429e280f07eaf55502c6f
CLIENT_HANDSHAKE_TRAFFIC_SECRET 0d2c1aebae6a16a5c5333cdbbdfb9a7243c9db30c1e375b0cb325636f5e580f0 cde19c1e8d2106c649b50b00505f5e515d265d358876b8cd34acdff0a5f4ad40
SERVER_HANDSHAKE_TRAFFIC_SECRET 0d2c1aebae6a16a5c5333cdbbdfb9a7243c9db30c1e375b0cb325636f5e580f0 a51663d8f61f442aae2c16a6e0fcb06f6e7198c597cf989c048946d88d8e7187
CLIENT_TRAFFIC_SECRET_0 0d2c1aebae6a16a5c5333cdbbdfb9a7243c9db30c1e375b0cb325636f5e580f0 a0b463eae1901b61518ad2168a15a71601183055697c13f4e5a7261616964fc5
SERVER_TRAFFIC_SECRET_0 0d2c1aebae6a16a5c5333cdbbdfb9a7243c9db30c1e375b0cb325636f5e580f0 975023f04c54ed29a310dffc3d7a721d7b23c8456bd86d5d0d54cf80b11b557e
EXPORTER_SECRET 0d2c1aebae6a16a5c5333cdbbdfb9a7243c9db30c1e375b0cb325636f5e580f0 f1651593ef5f7e6c1ce46ef139b8858a478ede12f848b0ceb98e00bc22cb746a
