CLIENT_HANDSHAKE_TRAFFIC_SECRET 58b1020b2389bd1029d72a2ce8124c54bd73ba3817080f2a556c52189ff74f74 a67f07b63a33dbb6c0034424b8544c3e7a223a04cb69135322f0285b240dfcda
SERVER_HANDSHAKE_TRAFFIC_SECRET 58b1020b2389bd1029d72a2ce8124c54bd73ba3817080f2a556c52189ff74f74 d64910fc4d6263f28510788a907de92a65450c9cc8e6e2d05a3327d2a21b13d0
CLIENT_TRAFFIC_SECRET_0 58b1020b2389bd1029d72a2ce8124c54bd73ba3817080f2a556c52189ff74f74 829c33a19f88047955a3570cff828a7eb72289c9a20cf0b698ce8a29111955cc
SERVER_TRAFFIC_SECRET_0 58b1020b2389bd1029d72a2ce8124c54bd73ba3817080f2a556c52189ff74f74 c6373e754990cac9ac58d4b33d0454b4e0d4cf435f5bedfe1bea8f0a4e74a193
EXPORTER_SECRET 58b1020b2389bd1029d72a2ce8124c54bd73ba3817080f2a556c52189ff74f74 3166cd85fd169cf93359753b5802e83a2bdd4001526fd6d9b31dd3f13e70e123
CLIENT_HANDSHAKE_TRAFFIC_SECRET 98017e7b8049940672502386f1f4fac5c8becf13d1bfc6d6ce9bca286029a888 d730c3b35bcc58d1dca4d93334c293f0ffda9eda7c8e40c00b8dd05ac3d89480
SERVER_HANDSHAKE_TRAFFIC_SECRET 98017e7b8049940672502386f1f4fac5c8becf13d1bfc6d6ce9bca286029a888 fb52e79ddf84ae322ced4f7f9a73e2e087aed70aff7b05079b349bf6d5595fd8
CLIENT_TRAFFIC_SECRET_0 98017e7b8049940672502386f1f4fac5c8becf13d1bfc6d6ce9bca286029a888 a9496933ef009189eb2f85e7ca1a80ba293a4a231c911ef2fe5d40393f2911c7
SERVER_TRAFFIC_SECRET_0 98017e7b8049940672502386f1f4fac5c8becf13d1bfc6d6ce9bca286029a888 73f5a0cec79dd72479f4d23ad1a286ca2754cc755e8556db66bedc78c27171e6
EXPORTER_SECRET 98017e7b8049940672502386f1f4fac5c8becf13d1bfc6d6ce9bca286029a888 b5f469b680d19f42c8d9d50eae2e099f14de6e9004129b92d405059cb669474b
CLIENT_HANDSHAKE_TRAFFIC_SECRET ae436afe27df05a41a7a8b54c911d66d0c8cdd7f724d2ce0d4b7277ea68a8a8f ff7d2616c84ca4ee1d9a6c874098200e6e708b1e4c671440b3752ec98a99f8cc
SERVER_HANDSHAKE_TRAFFIC_SECRET ae436afe27df05a41a7a8b54c911d66d0c8cdd7f724d2ce0d4b7277ea68a8a8f 4f65eb7979d7af4bd33160ad12d5131102ea6f106ab8089cd86e45314009a98c
CLIENT_TRAFFIC_SECRET_0 ae436afe27df05a41a7a8b54c911d66d0c8cdd7f724d2ce0d4b7277ea68a8a8f 8f1b4808bec22d1b205f4a0d7a6313d33459579d122060663972c1925c3bdc0a
SERVER_TRAFFIC_SECRET_0 ae436afe27df05a41a7a8b54c911d66d0c8cdd7f724d2ce0d4b7277ea68a8a8f 0f55a2cecc255c7526a9a5a1da24730faaf99c3b3ed59f25e078ddadab60caaf
EXPORTER_SECRET ae436afe27df05a41a7a8b54c911d66d0c8cdd7f724d2ce0d4b7277ea68a8a8f 191099e73304e729db62cf17a367fbd91fcbdaec5fd3f23cb7fb6d724e575402
CLIENT_RANDOM 6c66d77947528549fc17fc0772587f17893ab1081007dab676df6a6ffdba8869 069ba6bd3f3dc3db552ccbead848ca4a3ad37ab5e22d785e3f65ab042efd61dc9709cfeee8304331dec70ded38f6fd9f
CLIENT_HANDSHAKE_TRAFFIC_SECRET 77f58f82c026732978d9763c232d4ad34e9102748084258a31eb74d2d3fe6244 09c31fbe5aa95df791f08fe6c092b5e4948aa3a741cc818250147e791c115653
SERVER_HANDSHAKE_TRAFFIC_SECRET 77f58f82c026732978d9763c232d4ad34e9102748084258a31eb74d2d3fe6244 053d4fbcd7fca9b1d9da94aa15aedcb924f0399a9237cadc0bd3267a4b0bd16d
CLIENT_TRAFFIC_SECRET_0 77f58f82c026732978d9763c232d4ad34e9102748084258a31eb74d2d3fe6244 1d7da943b7994bc582a59d6a6dcef18c0a368295037b4dc4fdf2ddd70df8b917
SERVER_TRAFFIC_SECRET_0 77f58f82c026732978d9763c232d4ad34e9102748084258a31eb74d2d3fe6244 6c8df2c4a317c96399bbf27af93495c2745833a40a0d94cdbcb027f60fda923b
EXPORTER_SECRET 77f58f82c026732978d9763c232d4ad34e9102748084258a31eb74d2d3fe6244 1bc0ee5d6732bdd15fca1d445e51df223b9b6c25025def0ddb86acabeb401b6c
CLIENT_HANDSHAKE_TRAFFIC_SECRET 998c3c5ff1cf5927e00bf48c04dae2f333144641a443529606614d0dd9d7e896 d91976224e6d104acabb1dce04113a40c2ddb3fb1577d3d74ffc10cb7a289792
SERVER_HANDSHAKE_TRAFFIC_SECRET 998c3c5ff1cf5927e00bf48c04dae2f333144641a443529606614d0dd9d7e896 3755565020005e8010075733e5b390b5a062775cd2cf783efb400bd53e08b47b
CLIENT_TRAFFIC_SECRET_0 998c3c5ff1cf5927e00bf48c04dae2f333144641a443529606614d0dd9d7e896 2568d6f4a96f257fb53164887b69941a6746e0e74308333a8d0d3c4ff897615f
SERVER_TRAFFIC_SECRET_0 998c3c5ff1cf5927e00bf48c04dae2f333144641a443529606614d0dd9d7e896 f3c84e04834208d53721f571e5641676c7e652cd76e0f0bd689be56040b16ca8
EXPORTER_SECRET 998c3c5ff1cf5927e00bf48c04dae2f333144641a443529606614d0dd9d7e896 7f5aef37e7919bb9b8d119d1b47a3a899d6dafffc4a4de403f835bb6fac78b09
CLIENT_RANDOM 8d9e9a8e0f5126073661b220a00e1da2b1b380d7706d95119276ef726432c93b e0bfb794aca370203bb2d486881e61381d72c799d24e139ad24189c0660802b30ed5fe06ce40377bc72c5230dcf75324
CLIENT_RANDOM 0ceb0dd9ee0564bace61796f7f5c9d263d6476305e02003bbec7fd4cad772447 bcea6699cafd3dfa001bf1cfa18c10b9d59bfc98e6aeab8e4ebbba4a71f4955675a2b7ece57eab1f886a0fb64215b67e
CLIENT_HANDSHAKE_TRAFFIC_SECRET 98f787f5f0655db4dbbc483a72e85441a4d256045cc51d2d704c0796321e7860 7939b73cca5079985b1a06e902fe8b469beb426886df923d04c5fc68eb2920e2
SERVER_HANDSHAKE_TRAFFIC_SECRET 98f787f5f0655db4dbbc483a72e85441a4d256045cc51d2d704c0796321e7860 3e95abd3f45294a1c16355a598afde3aca5b7986c693c05b809860133352445e
CLIENT_TRAFFIC_SECRET_0 98f787f5f0655db4dbbc483a72e85441a4d256045cc51d2d704c0796321e7860 6e07b256d0085908d750a8b5a1f662c160fe016312b4ba6fc2385e692d94471e
SERVER_TRAFFIC_SECRET_0 98f787f5f0655db4dbbc483a72e85441a4d256045cc51d2d704c0796321e7860 da90b7da701a65c5e9378698e91917334e3168b861c0790cf2c767ba920d4b2d
EXPORTER_SECRET 98f787f5f0655db4dbbc483a72e85441a4d256045cc51d2d704c0796321e7860 3251af92b9ef3e9a5ec6c5f35d4063858b26efbe9ab80d2ad0632fe681767cd8
CLIENT_HANDSHAKE_TRAFFIC_SECRET c71a5ee086d01f30e2e82ae06fe57b6d01b9f1bdde437b595163dfe5bbfb64f4 9bea52d72096086c98ae71dadc15892e768f2f11ab0400504070dc030b665d14
SERVER_HANDSHAKE_TRAFFIC_SECRET c71a5ee086d01f30e2e82ae06fe57b6d01b9f1bdde437b595163dfe5bbfb64f4 952cce75071c0fa797b8d1a721ea9e416923241249356effe9cc95da50d4c392
CLIENT_TRAFFIC_SECRET_0 c71a5ee086d01f30e2e82ae06fe57b6d01b9f1bdde437b595163dfe5bbfb64f4 673541f104df3ec48e199319a0deabb4fbc78fc02d68441778ba9fb410444713
SERVER_TRAFFIC_SECRET_0 c71a5ee086d01f30e2e82ae06fe57b6d01b9f1bdde437b595163dfe5bbfb64f4 d15a0be50c0faf72c4c80757a69ff03135139991707deaf4a51ee1bcf9a54b34
EXPORTER_SECRET c71a5ee086d01f30e2e82ae06fe57b6d01b9f1bdde437b595163dfe5bbfb64f4 c163028c8e00c7a6c4d90996041c5bc2b8bb163880acc64001152e8e6642c419
CLIENT_RANDOM e2bcb3e8d236ba8e3bac7bb05a5d2b8ed6cbf1bd0b8bb21211eaf01943120ffd da4ff6a9dd27cd89c4e0acd87b57cd5d4a6ef6e31ca4c9f6668a0671d48963515ddf60530379f1cb58e4116bbafb78f7
CLIENT_RANDOM df8e7e3042cca3f1392eed4d87624386c7df3335c9048bf837b178bbe2bf0482 fce4c0a54dfc10d8b359af0aa022d731911660b13852c7a77df861e4a24441b746a705e1d5dbca4195330034c070a6fb
CLIENT_HANDSHAKE_TRAFFIC_SECRET 4c74fffe28bd3b4ad13d2d24df23395dd386e88c35300d6ab855eab860f1cf21 90b16c9ca8dd4712552f58e9237004b93df7235a23161d187749cd7269b1a940
SERVER_HANDSHAKE_TRAFFIC_SECRET 4c74fffe28bd3b4ad13d2d24df23395dd386e88c35300d6ab855eab860f1cf21 7fe15e30bd34f0f523a54a92870787e90f2d53fd529679320fac80a2ce8a48f1
CLIENT_TRAFFIC_SECRET_0 4c74fffe28bd3b4ad13d2d24df23395dd386e88c35300d6ab855eab860f1cf21 607cb95440da5761064b474456dd0fe4e76361dc93df98872aa866b09716c541
SERVER_TRAFFIC_SECRET_0 4c74fffe28bd3b4ad13d2d24df23395dd386e88c35300d6ab855eab860f1cf21 188f0beff15054b56c2a6a0bc2a0d52e4781a9783d5f6754dc6af570f6571b1d
EXPORTER_SECRET 4c74fffe28bd3b4ad13d2d24df23395dd386e88c35300d6ab855eab860f1cf21 5dd62530dcbdf667fa50054177661109dbeefa20b5e76ad1ceff79b54e9709f4
CLIENT_HANDSHAKE_TRAFFIC_SECRET a59767359fbaa74d56c1037ea1aa6c4b098106b52944e5037ddd1a0142e77d33 336684d93d54390165e7cf04a0aa49a5d573c03702a5027afd9dec086365dd99e6a11f1b8726ae6bd3ca63dff6094f89
SERVER_HANDSHAKE_TRAFFIC_SECRET a59767359fbaa74d56c1037ea1aa6c4b098106b52944e5037ddd1a0142e77d33 cc4f775f11b3cfadb00b2012702a46f1707591015f0d12524ccd4b134fb9b3485f3858d2c8465d418702dde9708963c4
CLIENT_TRAFFIC_SECRET_0 a59767359fbaa74d56c1037ea1aa6c4b098106b52944e5037ddd1a0142e77d33 d1d126e369f166dd182059ddde34762bdc484221522f6a98ff3cb31cd2ff4c1464af1579d7133f723539652be78ae769
SERVER_TRAFFIC_SECRET_0 a59767359fbaa74d56c1037ea1aa6c4b098106b52944e5037ddd1a0142e77d33 e6704af76f6a6273efb1d40b3511106716a0253cce162e66f959459549066059f534108bbe9e0e458ba2d773b3406ab3
EXPORTER_SECRET a59767359fbaa74d56c1037ea1aa6c4b098106b52944e5037ddd1a0142e77d33 a7a9c9f6521e5678450a25667fe197c45951877c20ea1ec34dac1f30a531f8cba7404903e571f33d94089bb880806dad
CLIENT_RANDOM 5f339bd6d58aa2e3934850d01ad0192fbde206755bf72cb9f098d06dcba98fd4 54d1a1c0360da0d5264b6ad526ea8cf00b136cb46de19ca93f171232a4ab14962dc625e07e37a8612ee33f563c779377
CLIENT_HANDSHAKE_TRAFFIC_SECRET 366e5df1a355c32a76bcbfbc30ce2f59e98c15dc4fef704ea4f800a12b1ff31a bd32bf110ddb051603ac4395d7499069d894d61091ac9cf0dfaf44725f402637
SERVER_HANDSHAKE_TRAFFIC_SECRET 366e5df1a355c32a76bcbfbc30ce2f59e98c15dc4fef704ea4f800a12b1ff31a 83f2223d5ba3634f879b736828f592836e6dada07d9292822805678e49e4d190
CLIENT_TRAFFIC_SECRET_0 366e5df1a355c32a76bcbfbc30ce2f59e98c15dc4fef704ea4f800a12b1ff31a b49e1445c5aa86b256d068404a095e7bb2c3d9af48848f8bd79a186084fcfb49
SERVER_TRAFFIC_SECRET_0 366e5df1a355c32a76bcbfbc30ce2f59e98c15dc4fef704ea4f800a12b1ff31a 4e0f0163e06a9e82cdf1a18ee245348536d8bc73f148ade43ca48d1ec43d40b5
EXPORTER_SECRET 366e5df1a355c32a76bcbfbc30ce2f59e98c15dc4fef704ea4f800a12b1ff31a 9bab61025f5aad138c1be801dbc1c1bccf4bef908fa74fc2ef737b7b8e5d6035
