CLIENT_RANDOM f1c78b08cbe8c344be6d674acfca8b7439073d36e07fe33856166cc5d04020f7 19165876723ed718c27ea7342e26ac38a66127a135f209cafa1a9ebe5207f6d7ee81980737a4b6bc33e3a49c063961b9
CLIENT_RANDOM 21986736145f7519f0461bddb6fa5b0c55eed190012f769d54d3dc5f55a9da57 4c19926702716e63ff82543261b9091308518f7c4e3d765b2d6e66f2ff3314a18eb967ecbc3ad8949a58d9947fb8c643
CLIENT_HANDSHAKE_TRAFFIC_SECRET f8af515a8f97b287ac026831f9644b04dc7260defcb8ab0b7ad083a1d46130f1 d66e930d9cca35b8e9034c164bc91b092c232ef17e6796d92a6f09a67ff7acf5
SERVER_HANDSHAKE_TRAFFIC_SECRET f8af515a8f97b287ac026831f9644b04dc7260defcb8ab0b7ad083a1d46130f1 269eb3eac482f9439ee50ddfc2ca3ae674316bb3eb9242d0b4ea4c57b7d2b897
CLIENT_TRAFFIC_SECRET_0 f8af515a8f97b287ac026831f9644b04dc7260defcb8ab0b7ad083a1d46130f1 1f4ed1745ece06cedb7bb995e187e98737625ba2b5af3c28d9bae6e8d9dde238
SERVER_TRAFFIC_SECRET_0 f8af515a8f97b287ac026831f9644b04dc7260defcb8ab0b7ad083a1d46130f1 083658ab00687e5c3a9a7f8a86aaacf09f745bdf8e7a541435c04f8dcd41073b
EXPORTER_SECRET f8af515a8f97b287ac026831f9644b04dc7260defcb8ab0b7ad083a1d46130f1 f329aebced7137ba043901854adc34c0fe4b4d21be0473176f94630b6cd1b97a
CLIENT_HANDSHAKE_TRAFFIC_SECRET 7336a043bf0358ff0ef1e6641c6e48898b04a6db0ca93635a349a2b4f5e8472a 639a5b1595defbd190921080ba67abb79f02849bd2ca43799761a23d69125d85
SERVER_HANDSHAKE_TRAFFIC_SECRET 7336a043bf0358ff0ef1e6641c6e48898b04a6db0ca93635a349a2b4f5e8472a 64cee486e4ba465d11b30fe9764c8b22ee68d1ed30ff50de69816a86e256d01b
CLIENT_TRAFFIC_SECRET_0 7336a043bf0358ff0ef1e6641c6e48898b04a6db0ca93635a349a2b4f5e8472a 9f524b17ba4f2a108cd73f607f324b9e26d37d3fb745726cf9b65187e5827977
SERVER_TRAFFIC_SECRET_0 7336a043bf0358ff0ef1e6641c6e48898b04a6db0ca93635a349a2b4f5e8472a e848dd76ce65833f5a8e77ce542d53ec4eed5156addae8b4e01b918a54e3e6f1
EXPORTER_SECRET 7336a043bf0358ff0ef1e6641c6e48898b04a6db0ca93635a349a2b4f5e8472a ce54f4b50320670480e188a221c80877000fc3efea1f1fe54ac78d2462aa7745
CLIENT_HANDSHAKE_TRAFFIC_SECRET 69bc457eaabaf2926e7487a583a598a27bb43f403186fc546dba0aa6e29dd87e 09e16bdc6086c7f6d032c4db1ec55d6adc32227dcb92b0a2c18c54b013d12e8d
SERVER_HANDSHAKE_TRAFFIC_SECRET 69bc457eaabaf2926e7487a583a598a27bb43f403186fc546dba0aa6e29dd87e 743e6b399fc2eebed7f45f7d7259172dbb0d294e7c5ade44a9a42b37f113a8b7
CLIENT_RANDOM e6a6fe7ca126c15fe55f1ec6412c0ab393dc7de52a6f2992328b50013abcd1d3 4c19926702716e63ff82543261b9091308518f7c4e3d765b2d6e66f2ff3314a18eb967ecbc3ad8949a58d9947fb8c643
CLIENT_RANDOM 3fe95fc18fb5d9dc5df885681bff56c52641d154557d5ed78c2ed9b1d8875891 4c19926702716e63ff82543261b9091308518f7c4e3d765b2d6e66f2ff3314a18eb967ecbc3ad8949a58d9947fb8c643
CLIENT_RANDOM 433a976ff114f21ac44653d15dd3b13c9d07e7da1eed7e666a961332b5b78c1c 4c19926702716e63ff82543261b9091308518f7c4e3d765b2d6e66f2ff3314a18eb967ecbc3ad8949a58d9947fb8c643
CLIENT_RANDOM a8af80cebec28eba88d922c120f1744c8a256cfce0f13efbda253a31726c153e 4c19926702716e63ff82543261b9091308518f7c4e3d765b2d6e66f2ff3314a18eb967ecbc3ad8949a58d9947fb8c643
CLIENT_HANDSHAKE_TRAFFIC_SECRET b481cc38f3ab3342d1f2b48bdd67c3d9a8d2f25cafa5df3d315cd9e95ab9b8d0 072d0083c629be799b3f4113b3d8e53e84dbac547ac88813b43eb8258b0b388c
SERVER_HANDSHAKE_TRAFFIC_SECRET b481cc38f3ab3342d1f2b48bdd67c3d9a8d2f25cafa5df3d315cd9e95ab9b8d0 3c2c45cbee403a838f47758b42518232b03926947ac78786e4767e6bb126eeed
CLIENT_TRAFFIC_SECRET_0 b481cc38f3ab3342d1f2b48bdd67c3d9a8d2f25cafa5df3d315cd9e95ab9b8d0 3e77bca65cd1b5e9144614705e327d64ea9b42b76e5955036d30fff2d50c3ea9
SERVER_TRAFFIC_SECRET_0 b481cc38f3ab3342d1f2b48bdd67c3d9a8d2f25cafa5df3d315cd9e95ab9b8d0 a07d1c83f7b053cc2db369cead31da78ddba7f88eeb254e98b7b789b4e369731
EXPORTER_SECRET b481cc38f3ab3342d1f2b48bdd67c3d9a8d2f25cafa5df3d315cd9e95ab9b8d0 cdb69e8afa608fd545a60f05d08577b27a9399846739da4de466bcd171986342
CLIENT_HANDSHAKE_TRAFFIC_SECRET 6a8511c087ffdcfa2db889b39f4e5193f4e87bf1429e8fdeda5a945c6883c0e2 6742d06109bd6d7f46d644a8ed514509b6288b1781f8002c81e27deb02cc0726
SERVER_HANDSHAKE_TRAFFIC_SECRET 6a8511c087ffdcfa2db889b39f4e5193f4e87bf1429e8fdeda5a945c6883c0e2 dee462932dc2ab14fed6baa005948a370f0ad07b5da4ada41f66247e1dea3378
CLIENT_TRAFFIC_SECRET_0 6a8511c087ffdcfa2db889b39f4e5193f4e87bf1429e8fdeda5a945c6883c0e2 b0414bb0182bde66dd9232f74ff609aa7f65c63e1fcd2f73829a1f52f5dfb08b
SERVER_TRAFFIC_SECRET_0 6a8511c087ffdcfa2db889b39f4e5193f4e87bf1429e8fdeda5a945c6883c0e2 f06ca011627131c42f4a39a51249dc6e49a66efa6967f853d3230890a145242c
EXPORTER_SECRET 6a8511c087ffdcfa2db889b39f4e5193f4e87bf1429e8fdeda5a945c6883c0e2 55cdb495ca199c3d6204869d104ea1c9af023c381185607ba0950d106f88664b
CLIENT_HANDSHAKE_TRAFFIC_SECRET 754b734f13d2d98a51eb11870c7cd6b70d1e8aef163c9f9f5ebee7efebc16609 56e9424a884942b1ea055c5285cd10026ec9b846b9045a5e0b7a399ebf0ed188
SERVER_HANDSHAKE_TRAFFIC_SECRET 754b734f13d2d98a51eb11870c7cd6b70d1e8aef163c9f9f5ebee7efebc16609 6e0eabedb38742631b49c3e1a8f942d0cc92c3b6d7290004f59df1657eec30d8
CLIENT_TRAFFIC_SECRET_0 754b734f13d2d98a51eb11870c7cd6b70d1e8aef163c9f9f5ebee7efebc16609 80590b0d3669674ffcf5af2434d7133fed459fa8469e4e84c7ad98298bc0cdd3
SERVER_TRAFFIC_SECRET_0 754b734f13d2d98a51eb11870c7cd6b70d1e8aef163c9f9f5ebee7efebc16609 db0d122c2ecda279c4e5aefb4aa709de16b5244ab29850e8da9571f9c09844cb
EXPORTER_SECRET 754b734f13d2d98a51eb11870c7cd6b70d1e8aef163c9f9f5ebee7efebc16609 71e04cb83e889f3ec684fce218cbfbe49e5c42e7f0935ac1570b1626f061678d
CLIENT_HANDSHAKE_TRAFFIC_SECRET bbb778aecddafb6cbd58653d92097a906aea13564e6b9a5de1a48912685d8cf0 7e7762a0167993b4c0c84dd9adc88bb13a809b01e6a971bca9ec8363df1bab1d
SERVER_HANDSHAKE_TRAFFIC_SECRET bbb778aecddafb6cbd58653d92097a906aea13564e6b9a5de1a48912685d8cf0 ee9cd1b948f83adf92366a6a08cf4810113442317b1519f751ffeff3cab2fec9
CLIENT_HANDSHAKE_TRAFFIC_SECRET ac23d90305c922991906b222ed21b0e0db52fca1c64b7e3d10eaa8d810d0cfc6 4d91a5f720fc603104553c75aee8a75f2602c3774c385941645f96ff8b713a5b
SERVER_HANDSHAKE_TRAFFIC_SECRET ac23d90305c922991906b222ed21b0e0db52fca1c64b7e3d10eaa8d810d0cfc6 3218e21f8c4c133243c733d3d64cf5b8e5ab3200570f29133a565929d7436078
CLIENT_TRAFFIC_SECRET_0 bbb778aecddafb6cbd58653d92097a906aea13564e6b9a5de1a48912685d8cf0 11c437bdad9ce6a121f4003706dbed5f2c3ef44cfd2195502b5169a3d2d08a14
SERVER_TRAFFIC_SECRET_0 bbb778aecddafb6cbd58653d92097a906aea13564e6b9a5de1a48912685d8cf0 5fd1932c7b4cf7a6b5488018858089833ca8a9deefc035da58d0458f87a0f4fe
EXPORTER_SECRET bbb778aecddafb6cbd58653d92097a906aea13564e6b9a5de1a48912685d8cf0 35de191a1ae7b91957f9656dd26a8c10f3d0f910949ada4bfcc34c7a78936995
CLIENT_TRAFFIC_SECRET_0 ac23d90305c922991906b222ed21b0e0db52fca1c64b7e3d10eaa8d810d0cfc6 c4deebaf6e7d6b49cd2c97f8997f7f00335fc8d910892a0fe0d46cc04367beb9
SERVER_TRAFFIC_SECRET_0 ac23d90305c922991906b222ed21b0e0db52fca1c64b7e3d10eaa8d810d0cfc6 9856b2fee013c88d7ecfe4d9916b19d9710d487a5c97a6fdca5382cb12c99971
EXPORTER_SECRET ac23d90305c922991906b222ed21b0e0db52fca1c64b7e3d10eaa8d810d0cfc6 344468404cf45cf683880a8c459d59113fe08f9d2dc556ca0e0f6250e8a3cbd8
CLIENT_HANDSHAKE_TRAFFIC_SECRET 0aceb60817aa9c5d99f72a075a11e46fc90792d8f4033654f7111727bcaa87d5 6537bb318af1b82c707556c40a00a3acddcbd15e36f3318791cee9cdd4e6fdea
SERVER_HANDSHAKE_TRAFFIC_SECRET 0aceb60817aa9c5d99f72a075a11e46fc90792d8f4033654f7111727bcaa87d5 40067cd3187336855687c2ace892df1247e5ad5b57eb9ce50593cb2d9a6f7c8f
CLIENT_TRAFFIC_SECRET_0 0aceb60817aa9c5d99f72a075a11e46fc90792d8f4033654f7111727bcaa87d5 1cb9c209d70abbcb55bd2e026102172dbf67204339df6b648e82844c74696b47
SERVER_TRAFFIC_SECRET_0 0aceb60817aa9c5d99f72a075a11e46fc90792d8f4033654f7111727bcaa87d5 2d877b396172e7beb30ff1549b865c066f4b5378e225185d3749f9c311b4a4c2
EXPORTER_SECRET 0aceb60817aa9c5d99f72a075a11e46fc90792d8f4033654f7111727bcaa87d5 f76d2ad63d8af43dc16359ce601b629064074221eafeb23ad20c04e1327922ed
CLIENT_HANDSHAKE_TRAFFIC_SECRET 7cba904a01f5775a7e63e132ded2905f354dd359e7619421196599dc0b497ac7 bfafb5d283d53e4b53cd82f5f732d1aef11a7e8f792648505c1e5a3f835f87a9
SERVER_HANDSHAKE_TRAFFIC_SECRET 7cba904a01f5775a7e63e132ded2905f354dd359e7619421196599dc0b497ac7 b54770c9ae5572d9a983b46544764c9a031e78f678a99a5ebda989942a325070
CLIENT_TRAFFIC_SECRET_0 7cba904a01f5775a7e63e132ded2905f354dd359e7619421196599dc0b497ac7 196da3201a37c0e0dae365e1cc04280cfab86463e1f239f44f1a9cd15592b4bc
SERVER_TRAFFIC_SECRET_0 7cba904a01f5775a7e63e132ded2905f354dd359e7619421196599dc0b497ac7 c7bda7d98b5cca7e2d26e075f2512343b2cf04bf71cd1249bd7efc91d8c4db87
EXPORTER_SECRET 7cba904a01f5775a7e63e132ded2905f354dd359e7619421196599dc0b497ac7 c569f66554e0fb0c9e285b8d7c7679a05f63226a8a54c1fa9e68289f7c1a8735
CLIENT_HANDSHAKE_TRAFFIC_SECRET 72ac4d438bb3d1d04bbab52cf5e111b367ae8bbdc62a522de81f0650f4c3c930 9655187f5088adeea0490a9f6afdfb28c9bfcc8266808aca91a75ce9a46ec20b
SERVER_HANDSHAKE_TRAFFIC_SECRET 72ac4d438bb3d1d04bbab52cf5e111b367ae8bbdc62a522de81f0650f4c3c930 29c0a211d1d94e14e6b54429d46f15b4add82c08c3362ed5012a21417d7fa55d
CLIENT_TRAFFIC_SECRET_0 72ac4d438bb3d1d04bbab52cf5e111b367ae8bbdc62a522de81f0650f4c3c930 8d07c789c9271b16dc37b467153786ef2e910e9efbf1cf62a2841f7ff60e55b1
SERVER_TRAFFIC_SECRET_0 72ac4d438bb3d1d04bbab52cf5e111b367ae8bbdc62a522de81f0650f4c3c930 803d2af731f4cd0de472fcb2471cc274302aefc53030d5369cbe0f42d71d2530
EXPORTER_SECRET 72ac4d438bb3d1d04bbab52cf5e111b367ae8bbdc62a522de81f0650f4c3c930 78008651b6a9d7c0fc6b5cc889b5b3ebbc5bc1cecd5f16999a1bf74aa1a2f4af
CLIENT_HANDSHAKE_TRAFFIC_SECRET e154a73a1136ee3d6cc3d6ef4937191092df9d066d7f09fa552f2a3725ca5441 948ed0b31662c74d550981bc80be7febbad5ef63c22c0a1d0835a3fa0ead6ad9
SERVER_HANDSHAKE_TRAFFIC_SECRET e154a73a1136ee3d6cc3d6ef4937191092df9d066d7f09fa552f2a3725ca5441 0a90dd5ff9dfc49125eb28e364aa4fa857ba86211d873892f29e96e89d6ea24e
CLIENT_TRAFFIC_SECRET_0 e154a73a1136ee3d6cc3d6ef4937191092df9d066d7f09fa552f2a3725ca5441 f3c27504ebd024df664c7c884c95ed22036799538cb002f3a774f131146ac3b3
SERVER_TRAFFIC_SECRET_0 e154a73a1136ee3d6cc3d6ef4937191092df9d066d7f09fa552f2a3725ca5441 5da5f9cf46bb58a627b6ef83ba73e38b6173135e379fad5f2be760bc3454eae2
EXPORTER_SECRET e154a73a1136ee3d6cc3d6ef4937191092df9d066d7f09fa552f2a3725ca5441 494fbfb229eaa361207e908e169002950bd996f2f1e7fe3047ddb5b7461c31bc
CLIENT_HANDSHAKE_TRAFFIC_SECRET 1a634b8bd0b5cc3cce673fbc7de329336deac38d71666161c85966cf9d5fe727 75c5ae31d0a4b4d0b074aaf97dd237bfbff90f8b9c540acdb18874cad9fac227
SERVER_HANDSHAKE_TRAFFIC_SECRET 1a634b8bd0b5cc3cce673fbc7de329336deac38d71666161c85966cf9d5fe727 73e58c2881f4b5f417b27c45d08e2d6815d61a816096430f131dcbeebe3bfeaf
CLIENT_TRAFFIC_SECRET_0 1a634b8bd0b5cc3cce673fbc7de329336deac38d71666161c85966cf9d5fe727 798154eac8bb22a6766f22fa12bbb6c2732ce7995f61d72e55074f8c8850559a
SERVER_TRAFFIC_SECRET_0 1a634b8bd0b5cc3cce673fbc7de329336deac38d71666161c85966cf9d5fe727 95a7d31e4e3c97981060ad76dca178e6151ce8746e86aacf64bf6fd3b1a4843f
EXPORTER_SECRET 1a634b8bd0b5cc3cce673fbc7de329336deac38d71666161c85966cf9d5fe727 e1fda9fae2e802b01c74a643e4801f87e025a47b842de51de26b85417fc84f5f
CLIENT_HANDSHAKE_TRAFFIC_SECRET 4460dba67cf4179b1621c617bf8dd63547c46f4f9ae65064ac80f73d5d176462 b7334caa7730af9fa62e95696126013086528d3300821f57ab1c35aaebd9e30b
SERVER_HANDSHAKE_TRAFFIC_SECRET 4460dba67cf4179b1621c617bf8dd63547c46f4f9ae65064ac80f73d5d176462 72cd910442ba437920064cb31de26ae629fa167637beb8101ad46aa1977c1107
CLIENT_TRAFFIC_SECRET_0 4460dba67cf4179b1621c617bf8dd63547c46f4f9ae65064ac80f73d5d176462 8e35a02582da83cd1aee355706ab653d9f8f2a2ddb1ab62e96f20356301fb9cf
SERVER_TRAFFIC_SECRET_0 4460dba67cf4179b1621c617bf8dd63547c46f4f9ae65064ac80f73d5d176462 c72846c2488630806b6f66f8c4291e26a1da2f58e5b508aced06284141a16c84
EXPORTER_SECRET 4460dba67cf4179b1621c617bf8dd63547c46f4f9ae65064ac80f73d5d176462 a37cc4e9ba98785996952bd4d856257baf199654d8b91389b58e59f06252414b
