CLIENT_HANDSHAKE_TRAFFIC_SECRET ce240c18b6c6057b5452e148f9a7710b5bef66735402e8d40e90a40821d105c6 bfbdc3f3cf844f914d8ee99b4c3ae8333bae571c838656eefc71f8167f3ee2731a410406b63e0287273665b9481b4687
SERVER_HANDSHAKE_TRAFFIC_SECRET ce240c18b6c6057b5452e148f9a7710b5bef66735402e8d40e90a40821d105c6 ca048ef9474f10c2ce4c297336cc73cb3f3152a82f1ea8999b5eb632055a9e6f086e599b391fbfd9128c721499015287
CLIENT_TRAFFIC_SECRET_0 ce240c18b6c6057b5452e148f9a7710b5bef66735402e8d40e90a40821d105c6 9f3540f7dea89da045faff173520f193ccfd935958e7214c69576ef20f670c05f0b391e342684496b1c6276ce4427a53
SERVER_TRAFFIC_SECRET_0 ce240c18b6c6057b5452e148f9a7710b5bef66735402e8d40e90a40821d105c6 4565523f793c685de22c27c09f42219728d7319dbfa84329e98ca8bcdf4778308458410cee3e18fee9bae7f212e8b531
EXPORTER_SECRET ce240c18b6c6057b5452e148f9a7710b5bef66735402e8d40e90a40821d105c6 7d359612aa325fba76035324669a7f702e9e17834f5e6439a468bba2aabf76de6603e4d7deb5c31261704e590cced6b8
CLIENT_HANDSHAKE_TRAFFIC_SECRET d573286d360be82f83e091615d02c6ed20d0b67682433fce81760e5763d03f56 bbed9d6546783848bb68938f98b5853363ae2efdd8beacfb07719b81564f08be579b40d6c1601dc5329769a2d144860e
SERVER_HANDSHAKE_TRAFFIC_SECRET d573286d360be82f83e091615d02c6ed20d0b67682433fce81760e5763d03f56 033addabb8f107925806c4429303fbc4767c29d9bd16bf1175a8ac3f3342044d641f316e6a47b42e04b9908daa15842c
CLIENT_TRAFFIC_SECRET_0 d573286d360be82f83e091615d02c6ed20d0b67682433fce81760e5763d03f56 0c84593e91adde9fff92929ffacf071edf3a2c03e7f5e92d9991d0e11e954bffd49116487dea4cf8eabf1f3b7c86eafa
SERVER_TRAFFIC_SECRET_0 d573286d360be82f83e091615d02c6ed20d0b67682433fce81760e5763d03f56 7186104413837b86860e32a5d148ec4d8d1b296377a32d15adc802f757ba1ba7cf67fc273eace26e24bb4e0e1be43045
EXPORTER_SECRET d573286d360be82f83e091615d02c6ed20d0b67682433fce81760e5763d03f56 1a2abc539dad45b59b5fed0f675c346a47ebfa75d2d89f8d6ffbbd98ec98ddd9104219160a9d54e70b7e16172e4a200c
CLIENT_HANDSHAKE_TRAFFIC_SECRET 9e94fb5b77d9dfc869ce9fe7b34008376697926aad480bc73e48f22f825c8073 b39215451e620d153c4e3ad3e81247d1232887488492cf847160d58c586a3e6d69d1eaa85ddac1dadb7a5c3f2c807d09
SERVER_HANDSHAKE_TRAFFIC_SECRET 9e94fb5b77d9dfc869ce9fe7b34008376697926aad480bc73e48f22f825c8073 035546accc1c496c27b40af622a7c5a97f2a695a1ab1b45e15dbafdaba6e284cd75b9999a6e870b108d543d22d6bd898
CLIENT_TRAFFIC_SECRET_0 9e94fb5b77d9dfc869ce9fe7b34008376697926aad480bc73e48f22f825c8073 2c32a458c3471b065caaf5a728744ff4b2d4b33b374185b6be2ae0a98db024dc13c9a7ba4f99c7ac64b65aa82e459468
SERVER_TRAFFIC_SECRET_0 9e94fb5b77d9dfc869ce9fe7b34008376697926aad480bc73e48f22f825c8073 bacd5419a2ab5f9996aaa71cf6037565f846e9d830e916cc99d3e062132ca6f04f623db94b44ee56200d9342c55b73cc
EXPORTER_SECRET 9e94fb5b77d9dfc869ce9fe7b34008376697926aad480bc73e48f22f825c8073 11da35405e96b86c37d5c8c52204b647b6b2ad71bf80cfd0c6472cb1e72b5f46f6529ab169c338bf6209dea47348d45d
CLIENT_HANDSHAKE_TRAFFIC_SECRET 01089eb8785cfb40e215bc6d6eb17e30070691384c1bf8f1567dd4469d1b846b 47c0875ad5fd4bf6683f3dfddc90502dbe4dde22cda9dbf5d4a2f0b0b2a7a569bf6a693f759a5b1e0428b63936c8ffd9
SERVER_HANDSHAKE_TRAFFIC_SECRET 01089eb8785cfb40e215bc6d6eb17e30070691384c1bf8f1567dd4469d1b846b e17732fe315f550fa747b4d7d4ca0a11f5ee71069ad5f8caabc378e3a1fe866bfe62d0ceed446229b718cde9204acac6
CLIENT_TRAFFIC_SECRET_0 01089eb8785cfb40e215bc6d6eb17e30070691384c1bf8f1567dd4469d1b846b e986c39771e54ab2eda515ad8bbec504502fbfecd76e162309a23fc58b18fdde06f07b955e97f146d8ba8a9479f79223
SERVER_TRAFFIC_SECRET_0 01089eb8785cfb40e215bc6d6eb17e30070691384c1bf8f1567dd4469d1b846b 65af31f7d2355e94467bf3116b18cd9ef46130a24487d949e65091a2716a71464b9557f3135382f82c94c6e25161e1c9
EXPORTER_SECRET 01089eb8785cfb40e215bc6d6eb17e30070691384c1bf8f1567dd4469d1b846b ff9f3dd09b9a008479a72b5d5a2310152edb73f30b9944b5337f269b8f152b6c7739a48aaf822b878b6af957f8219c3f
CLIENT_HANDSHAKE_TRAFFIC_SECRET 00cb94c8fc49151e916635face4c52ea1b9c3feac0ebed7a273042b5c849ddf8 ec10c703384314f2ad3a254a8ff787dcf495dd277e728afdffee45d929101f7d27c69448bbdc02d8f2c226da0ca46b23
SERVER_HANDSHAKE_TRAFFIC_SECRET 00cb94c8fc49151e916635face4c52ea1b9c3feac0ebed7a273042b5c849ddf8 9b40e75398cb81bd00673bc673894361ef9712da56f8fbdfc8e0171f3fd70189ea036a48ea91d4cce315c9cd69d21878
CLIENT_TRAFFIC_SECRET_0 00cb94c8fc49151e916635face4c52ea1b9c3feac0ebed7a273042b5c849ddf8 fe25b5b719903e828ecf3d3a2215daf7aa074c60b8399afba596685b96498f01fc13f4ceecbeec7345f94e2f275f2b83
SERVER_TRAFFIC_SECRET_0 00cb94c8fc49151e916635face4c52ea1b9c3feac0ebed7a273042b5c849ddf8 40ed596c88839edc8e37007fc37a85f57ee73d607aa83376e28beb9a24951201fdb7d3de0d82be0febe093f4bc9439dc
EXPORTER_SECRET 00cb94c8fc49151e916635face4c52ea1b9c3feac0ebed7a273042b5c849ddf8 9ee4b66d4218f328eaaf654324025913823ad84bd5b697f78690b2409e6aca5208e7cbfaf2d1331b2f5e707049d1fe2a
CLIENT_HANDSHAKE_TRAFFIC_SECRET 9e8cf41fd3a440d8892b7dfc2207e3065586204f95f67ca99b502ea1afef3299 9968ff726381884e9237c5fe8f9d0c238618cb1792beb9e64abab80b35d981c9bfc4f2ce4251124601c9756f1f73e707
SERVER_HANDSHAKE_TRAFFIC_SECRET 9e8cf41fd3a440d8892b7dfc2207e3065586204f95f67ca99b502ea1afef3299 6ca689def0702ecba55bcb65ca0cd168f43c2fadbf4ab3ff7a37d59f965ce189354d7626a52243cd039011d8ec18c244
CLIENT_TRAFFIC_SECRET_0 9e8cf41fd3a440d8892b7dfc2207e3065586204f95f67ca99b502ea1afef3299 ded38d1c5c14c0e2023596f992710635bde847f99c695110db1a09ad0bc07b696a43c75fba92ed0119f6230934b66ba7
SERVER_TRAFFIC_SECRET_0 9e8cf41fd3a440d8892b7dfc2207e3065586204f95f67ca99b502ea1afef3299 1570132eac2c703be57f824152274423d640a71c3b0824a0bab544e11d431cb3385f6bda9fa60a75d152b7df37ea9a1b
EXPORTER_SECRET 9e8cf41fd3a440d8892b7dfc2207e3065586204f95f67ca99b502ea1afef3299 40b9670975c6f9a15538064e071770af97e195ac7b9341ea3f362b963a9f7e0cb7dd9c3d710ef22b517169852c24e741
CLIENT_HANDSHAKE_TRAFFIC_SECRET 77b4fa561a4af667a6d785f2ec18998d8aa3a970de00ed6906de32d7ff0be3c1 aab9c80f9dadbbb36cec1f13d4e0ac5a9df6ce345bf2b37246973c8a3db50c50
SERVER_HANDSHAKE_TRAFFIC_SECRET 77b4fa561a4af667a6d785f2ec18998d8aa3a970de00ed6906de32d7ff0be3c1 c7698453a4882663ed9c3cc1ea6f482fb32e1f8e63569404d636035faa0c2601
CLIENT_HANDSHAKE_TRAFFIC_SECRET 0e02f4fe09de21a3503f9d88c5749da38881608b0db2c787dce5e40d9457b04d b9592c27f5c0aa1116a0c03893655bb7a6cf61612c9a2e1005065985f1339524
SERVER_HANDSHAKE_TRAFFIC_SECRET 0e02f4fe09de21a3503f9d88c5749da38881608b0db2c787dce5e40d9457b04d b8e01ad2e81aeaaaa9280b4a6471493b7930705988407b1cb7a3aa533c09ebec
CLIENT_TRAFFIC_SECRET_0 77b4fa561a4af667a6d785f2ec18998d8aa3a970de00ed6906de32d7ff0be3c1 a7a8e8559c1a1d18d251e1814522e046497376c776c0544005c1a97d22bd7236
SERVER_TRAFFIC_SECRET_0 77b4fa561a4af667a6d785f2ec18998d8aa3a970de00ed6906de32d7ff0be3c1 89f87ec458b7556b4a8b70305607f9ad1cad602db437e509ed8827c5cc38e435
EXPORTER_SECRET 77b4fa561a4af667a6d785f2ec18998d8aa3a970de00ed6906de32d7ff0be3c1 3368c76384f442006af902aa789b2e11846c5ba662f6d5bb4a5be235109af437
CLIENT_TRAFFIC_SECRET_0 0e02f4fe09de21a3503f9d88c5749da38881608b0db2c787dce5e40d9457b04d b38c7050e5a2c6ec0ff6ca8bd795bb387d0eb76a9aed7cd54b647fad60c6fdba
SERVER_TRAFFIC_SECRET_0 0e02f4fe09de21a3503f9d88c5749da38881608b0db2c787dce5e40d9457b04d f492191c880ab19149b85e703a53bbf0cfd5b6bdb5c5b013e57e328e7b7d5d40
EXPORTER_SECRET 0e02f4fe09de21a3503f9d88c5749da38881608b0db2c787dce5e40d9457b04d fa56af43a5637bc2e79ecc9425ad04f6921d889606c0de4d3f200b86ed39a7a3
CLIENT_HANDSHAKE_TRAFFIC_SECRET b0674dd9ae3c38ed9eab32a5ac02cc8f6dd81d34865284060c47e0705ca63518 06105cb98b0bd95aa81e300b20e15489f9c275b9f4dffc5a31325c90c64f9315
SERVER_HANDSHAKE_TRAFFIC_SECRET b0674dd9ae3c38ed9eab32a5ac02cc8f6dd81d34865284060c47e0705ca63518 5c298b6c46aef1c448acfd7c4b428fb48d93f1c577188d522eb728c1c1852af5
CLIENT_TRAFFIC_SECRET_0 b0674dd9ae3c38ed9eab32a5ac02cc8f6dd81d34865284060c47e0705ca63518 a7e48ba6b23fe030b20f76469fd78c0ee39ef401eeebb8132b278ccb1cc88f84
SERVER_TRAFFIC_SECRET_0 b0674dd9ae3c38ed9eab32a5ac02cc8f6dd81d34865284060c47e0705ca63518 9ac54e06d7809d0ba027b3105bb2c2d5b2bdf11936adfc1d1d02c6b0887f3b1a
EXPORTER_SECRET b0674dd9ae3c38ed9eab32a5ac02cc8f6dd81d34865284060c47e0705ca63518 c283d7b5a557655c12880a5fe0857c81b737c5a0bec0861abcda573d00e6a978
CLIENT_HANDSHAKE_TRAFFIC_SECRET e7a0f1be42cec22982f043cda8f9813d9d782886c1eab037ea1a7f4cd209cdf2 80d521a59e32614194297c0c266f0443bb6d656812eb2644acbb8f53a1b108ca
SERVER_HANDSHAKE_TRAFFIC_SECRET e7a0f1be42cec22982f043cda8f9813d9d782886c1eab037ea1a7f4cd209cdf2 18bea15322c4adc5c30e74fec890e05a1d96b567dcaba59778549d0adb09c8fd
CLIENT_TRAFFIC_SECRET_0 e7a0f1be42cec22982f043cda8f9813d9d782886c1eab037ea1a7f4cd209cdf2 3a7107d19d4b96ed97a95cb34fa7c180a5327625cd447f98993ee2b9eeb37dd4
SERVER_TRAFFIC_SECRET_0 e7a0f1be42cec22982f043cda8f9813d9d782886c1eab037ea1a7f4cd209cdf2 9620925df750947dc29ec7dcc694db42b3e667e247ddebf774d5d1e26f0029cf
EXPORTER_SECRET e7a0f1be42cec22982f043cda8f9813d9d782886c1eab037ea1a7f4cd209cdf2 93666e783c8c017638ac14e3afc2538f97bab237816b7b98e703bf069dd0c7ef
CLIENT_HANDSHAKE_TRAFFIC_SECRET 8fde68179c34bc52a01a50a416e0b744f8692cc291ebc1ab9be9d39d9284cf28 19d6ff4fbcc9ce90a10e1104d6a21f620caee39df11cc2e9395c324b0e12adcb
SERVER_HANDSHAKE_TRAFFIC_SECRET 8fde68179c34bc52a01a50a416e0b744f8692cc291ebc1ab9be9d39d9284cf28 51d083199a819836b07b236a70535fa6da9605711f3bd93b1aef2fb3ca8114cc
CLIENT_TRAFFIC_SECRET_0 8fde68179c34bc52a01a50a416e0b744f8692cc291ebc1ab9be9d39d9284cf28 68d498e57f7b01c3ac8ddd97cb1e240c453e2bb5c0fabd296225d7a03c622aac
SERVER_TRAFFIC_SECRET_0 8fde68179c34bc52a01a50a416e0b744f8692cc291ebc1ab9be9d39d9284cf28 be25a7004f2b5129b7ffddb4d25f9106ce2cce86f6a1afcdbea6d1678c32d804
EXPORTER_SECRET 8fde68179c34bc52a01a50a416e0b744f8692cc291ebc1ab9be9d39d9284cf28 0e7541782c35164ac44c2ab87eca8e358b4d588d7c5d87dac820e1c59a8d9ab6
CLIENT_HANDSHAKE_TRAFFIC_SECRET a18836f4ef0943d1d1cada5b7728413872aad68d17c1bca6281c22db9c746672 37c90a6b060264348c3dfaec489be982403dfefd5e3c0d980ab69060eb8233c4
SERVER_HANDSHAKE_TRAFFIC_SECRET a18836f4ef0943d1d1cada5b7728413872aad68d17c1bca6281c22db9c746672 1afb19a690f1170927c47635a8304b7ffa8d1ae14498186c9c453562e0e593e3
CLIENT_TRAFFIC_SECRET_0 a18836f4ef0943d1d1cada5b7728413872aad68d17c1bca6281c22db9c746672 7c654b297ce15373b2c2a8b9d630abe8736a4cdc732556cbeeba9eff254624be
SERVER_TRAFFIC_SECRET_0 a18836f4ef0943d1d1cada5b7728413872aad68d17c1bca6281c22db9c746672 5580a6f7bc1d9ab43fad9bec65219f88294092e4ea49550082a1bc1f2a354b70
EXPORTER_SECRET a18836f4ef0943d1d1cada5b7728413872aad68d17c1bca6281c22db9c746672 0cf15fb3f5f2ea6aad2cc2668a3ac599c855b5d364ccb74fd7640cbda71f5368
CLIENT_HANDSHAKE_TRAFFIC_SECRET 8bac84f6bf0c7f74d2621262ca1a8a35aecabb59093ed49c311a892aa46ab56e af44262f9b82628076616164cb9dd4cefb6751b0e282639fbeaa882a52b3c921
SERVER_HANDSHAKE_TRAFFIC_SECRET 8bac84f6bf0c7f74d2621262ca1a8a35aecabb59093ed49c311a892aa46ab56e 4b771183c5b0c4314a49f0c6059ba2fdcca4b70adbba7a87b7d9ffc8c28389ac
CLIENT_TRAFFIC_SECRET_0 8bac84f6bf0c7f74d2621262ca1a8a35aecabb59093ed49c311a892aa46ab56e df5366ce24ce7d844e1cb1b46b0609f3022b92ee9b024d2e8688ab5a02e18854
SERVER_TRAFFIC_SECRET_0 8bac84f6bf0c7f74d2621262ca1a8a35aecabb59093ed49c311a892aa46ab56e ded7709da4c9a573d817c8322ed62a6c375e3f84c7d1ea005116f79a62eaf3b4
EXPORTER_SECRET 8bac84f6bf0c7f74d2621262ca1a8a35aecabb59093ed49c311a892aa46ab56e 117a3aba3c7bd435aceabe82b1bd10319545b944e327ec3d20f0981bfe657d20
CLIENT_HANDSHAKE_TRAFFIC_SECRET f52c187785fc11e693458e81f1357304a8ec63a937cbf36675b603d66cce0a57 a1f766f4d5a84be6635e21f2e00b31318f7a8e4e9d3028a98bf4b98c37c461ba
SERVER_HANDSHAKE_TRAFFIC_SECRET f52c187785fc11e693458e81f1357304a8ec63a937cbf36675b603d66cce0a57 11573a9194d65c81e9e2f5fba6bf8938d42941336e43d1841a3add93a85f0b7c
CLIENT_TRAFFIC_SECRET_0 f52c187785fc11e693458e81f1357304a8ec63a937cbf36675b603d66cce0a57 49edd152da68cfee303901312fe0ffef7d45aecb7dab502ca3e5cd91146108e6
SERVER_TRAFFIC_SECRET_0 f52c187785fc11e693458e81f1357304a8ec63a937cbf36675b603d66cce0a57 a92797fcd0b65e29dca4d5fb5357aafc8289909fd62333d54bacf60ece7b0ccb
EXPORTER_SECRET f52c187785fc11e693458e81f1357304a8ec63a937cbf36675b603d66cce0a57 ea09230cec7a5524edcb0ed599bdcac5b83f59a430fc1d7c59970ce5251acfd5
CLIENT_HANDSHAKE_TRAFFIC_SECRET 553d2293c1f4068543a1c819b97885c70be070fd7a38854c01732481658427b7 40b15982d5806b67a5709e27b53a1030c1a06687dbfcbf49d27bc9c6756eb397
SERVER_HANDSHAKE_TRAFFIC_SECRET 553d2293c1f4068543a1c819b97885c70be070fd7a38854c01732481658427b7 33981a942d698e2426aed58955e955973c4e9cedb4dd335d3cfac4f11485cabc
CLIENT_TRAFFIC_SECRET_0 553d2293c1f4068543a1c819b97885c70be070fd7a38854c01732481658427b7 1f3a5449dd48801e9479b733beb9b38fb6d2ed28414d308aaf1ab3b5dc095dcd
SERVER_TRAFFIC_SECRET_0 553d2293c1f4068543a1c819b97885c70be070fd7a38854c01732481658427b7 9c8e784a6cdca031b627ba416ef8cb6730c0b631d972efc3f1402b3328a00e4f
EXPORTER_SECRET 553d2293c1f4068543a1c819b97885c70be070fd7a38854c01732481658427b7 e8949ab3f07a489669686a515ac32e5b784afb3b321bfabdc87acac92da0b0a5
CLIENT_HANDSHAKE_TRAFFIC_SECRET 03b62bf5ccefbe8c3a6c0631242a09651f967dd68f961311ff9876964bbe6555 8bdd47a4ae2dfc7001a76fae95c834d732f7dcadca62aa67b0cc914178aed741
SERVER_HANDSHAKE_TRAFFIC_SECRET 03b62bf5ccefbe8c3a6c0631242a09651f967dd68f961311ff9876964bbe6555 8c914d446a5438c9e2b76009b86adcb0314faf1b4244b93e84612f27836090f2
CLIENT_TRAFFIC_SECRET_0 03b62bf5ccefbe8c3a6c0631242a09651f967dd68f961311ff9876964bbe6555 eb4884839c6471bbf990c22bffce28dfbf5dcf3c0960f09038ba4aaafcb99854
SERVER_TRAFFIC_SECRET_0 03b62bf5ccefbe8c3a6c0631242a09651f967dd68f961311ff9876964bbe6555 aa124236cd29425c1d49288d279761f51bfc47906a42bb0e8e055f2bf895874c
EXPORTER_SECRET 03b62bf5ccefbe8c3a6c0631242a09651f967dd68f961311ff9876964bbe6555 b296fb2edae9d47aa02c387765c41442aa3d4dd3e9632f579176e4de02f38347
CLIENT_HANDSHAKE_TRAFFIC_SECRET f7e9f63ddf710db415ea4111bb35cc7c0dbe414873fbf5d98f8916e21b61bdfe 989bdb01198ca7bd5977f07e0626db3af0ee836abaf4ef00b73581ac1e969621
SERVER_HANDSHAKE_TRAFFIC_SECRET f7e9f63ddf710db415ea4111bb35cc7c0dbe414873fbf5d98f8916e21b61bdfe 3b6ca01d309f935eab274ffed849fddaab9c7c277604d8215d936254527b80b3
CLIENT_TRAFFIC_SECRET_0 f7e9f63ddf710db415ea4111bb35cc7c0dbe414873fbf5d98f8916e21b61bdfe a19d894b057d4e354919e9c0abe3e73f1f7545414c308743aec4006447160ab6
SERVER_TRAFFIC_SECRET_0 f7e9f63ddf710db415ea4111bb35cc7c0dbe414873fbf5d98f8916e21b61bdfe 968a181e41709183e89e0759c84f205e109a6733f50b348109425224475f719c
EXPORTER_SECRET f7e9f63ddf710db415ea4111bb35cc7c0dbe414873fbf5d98f8916e21b61bdfe 43030d2092d208c3945ba356b58451be03e8b12166415ad1a927c01daec19ace
CLIENT_HANDSHAKE_TRAFFIC_SECRET 633d374a394ef6af83e53ceb54a7b576f992ffe70d1ff15d46470eec66ff61d9 b8b489001e1b642276be78fbbafca4e570bcd0e44185f8f5defa0501e22bcb86
SERVER_HANDSHAKE_TRAFFIC_SECRET 633d374a394ef6af83e53ceb54a7b576f992ffe70d1ff15d46470eec66ff61d9 bfdcf1a90bc1845c18e4411b00f3e4c242741deaaa05f4e9f6b9c12179432e33
CLIENT_HANDSHAKE_TRAFFIC_SECRET 609d11f7bf9684fb01efdcd48906694fff55eee3516735bdc05e2eca431666b5 ecd442c8955c87b0670488fd24b4c4e0b40e3d6e94ce2bcd97c23aaf0d5ba904
SERVER_HANDSHAKE_TRAFFIC_SECRET 609d11f7bf9684fb01efdcd48906694fff55eee3516735bdc05e2eca431666b5 52638593ec4fbbabfc0a890dbabf3e5f90c1e563598a49b753c161004b78e37b
CLIENT_TRAFFIC_SECRET_0 633d374a394ef6af83e53ceb54a7b576f992ffe70d1ff15d46470eec66ff61d9 444fb79e7afef512e5b344556c48ab871424d2daf3bde0b8e1dadcac82569637
SERVER_TRAFFIC_SECRET_0 633d374a394ef6af83e53ceb54a7b576f992ffe70d1ff15d46470eec66ff61d9 01f97ae2a939741dab9b3d45505b8ce18aa0dce65037f5ca6ad46ef3c6be324c
EXPORTER_SECRET 633d374a394ef6af83e53ceb54a7b576f992ffe70d1ff15d46470eec66ff61d9 eaa138448b746ad0e5ea03e33cef4f2d79ebe6ceecb67479b1557d46c255be61
