CLIENT_HANDSHAKE_TRAFFIC_SECRET 515e8c2aa867bd5fa2c3f7ec77062964ba8e6049e8457513f420138e49a6a810 510fcbb0c73b6db5619eefc2f92c4d9da1ca1ed76bb69c990ca2dda572735333
SERVER_HANDSHAKE_TRAFFIC_SECRET 515e8c2aa867bd5fa2c3f7ec77062964ba8e6049e8457513f420138e49a6a810 716a97751e099e8275505fe756ef45df6448e4222cf712aa8630a85627c9ddb5
CLIENT_TRAFFIC_SECRET_0 515e8c2aa867bd5fa2c3f7ec77062964ba8e6049e8457513f420138e49a6a810 3cf3b375ea0e2b48209f2312d250116d45ad607e6ba71cf2f653efd431c5990b
SERVER_TRAFFIC_SECRET_0 515e8c2aa867bd5fa2c3f7ec77062964ba8e6049e8457513f420138e49a6a810 3f47070ba048d1e6d716af928e461fc351ac91ea705383ff4f53aeb54a46f165
EXPORTER_SECRET 515e8c2aa867bd5fa2c3f7ec77062964ba8e6049e8457513f420138e49a6a810 e7e03dc2f691c2353befeeb80b5381ab6cf8ea128f3a4bbc87a9581b14079f23
CLIENT_HANDSHAKE_TRAFFIC_SECRET 712b4a007b8ca9521e9d955d67aeb266a6b8107c5112565794e62f65c385bb62 83ed5025c577cd5cf12a18831a9a13fc1cb20af497183345768c4c06bfbb0eed
SERVER_HANDSHAKE_TRAFFIC_SECRET 712b4a007b8ca9521e9d955d67aeb266a6b8107c5112565794e62f65c385bb62 ee7c8186b29c009f2af4f90137e5b0f1e8bc7bea916badaffd9bc56f43c1464d
CLIENT_TRAFFIC_SECRET_0 712b4a007b8ca9521e9d955d67aeb266a6b8107c5112565794e62f65c385bb62 d7b75cc06abd9bbb5ea9f8cedba1c6c00315f9c7b908b3c7fb5c71e8c45d37e8
SERVER_TRAFFIC_SECRET_0 712b4a007b8ca9521e9d955d67aeb266a6b8107c5112565794e62f65c385bb62 15697963079756c9d4ceb58405fc0787a454d5fe035fcbe2ecaf039cfde1c8de
EXPORTER_SECRET 712b4a007b8ca9521e9d955d67aeb266a6b8107c5112565794e62f65c385bb62 8d165c4fd6f5b22b7be2ab4088090d93a2599bd86a7e7f9f78f9d8246da3f834
CLIENT_HANDSHAKE_TRAFFIC_SECRET 7474f4b0ce9594bc77efce2e74a50843668d62df779305c5443ae4d12b483be8 b24613967d97e2e6fb702a18dd6d71c0f854fa7c37cae823345a897b94e08233
SERVER_HANDSHAKE_TRAFFIC_SECRET 7474f4b0ce9594bc77efce2e74a50843668d62df779305c5443ae4d12b483be8 96e2b6a156cabf93a9f1ff5664a401afa750b47d259080e4091626ab8af926a5
CLIENT_TRAFFIC_SECRET_0 7474f4b0ce9594bc77efce2e74a50843668d62df779305c5443ae4d12b483be8 a9d771a568de65fad5e769956afa97fca3cce864871925c7de36a8a7023584d3
SERVER_TRAFFIC_SECRET_0 7474f4b0ce9594bc77efce2e74a50843668d62df779305c5443ae4d12b483be8 b54dd11361f1440b853e5d19e24bbd1feaa8eeaa0e66ccb6d7c1af58e2c3c382
EXPORTER_SECRET 7474f4b0ce9594bc77efce2e74a50843668d62df779305c5443ae4d12b483be8 140305d9bad4bbaeec13ae0d2c3fa3e85879f8853cc8a8a22f5a3b4ca8d9dddf
CLIENT_HANDSHAKE_TRAFFIC_SECRET dae2c03d8b3897f2b347e83bcd3bd4ffedde18bbeb177170f40f024a57bc47af a98fdb519ea654cc6b3296d5281b7167f587b87d4c9f3dc5a8203f928f300052
SERVER_HANDSHAKE_TRAFFIC_SECRET dae2c03d8b3897f2b347e83bcd3bd4ffedde18bbeb177170f40f024a57bc47af 86b5cf7e4e66713ba4dcaed1ff89309575ac23010298aa400d9dcd231a8869ab
CLIENT_TRAFFIC_SECRET_0 dae2c03d8b3897f2b347e83bcd3bd4ffedde18bbeb177170f40f024a57bc47af e9d216dbe6cc560e5a2d67fd5ed6324abb69bbfe37021cb86276213da3249e11
SERVER_TRAFFIC_SECRET_0 dae2c03d8b3897f2b347e83bcd3bd4ffedde18bbeb177170f40f024a57bc47af 1ef3a5cee2535245244f41f73b3dc87a27054e67704d1ca81bcc09a91a44c711
EXPORTER_SECRET dae2c03d8b3897f2b347e83bcd3bd4ffedde18bbeb177170f40f024a57bc47af 6693bf1f5f8fd03923f785536e89f786de255f8a6b29387a83896c0a224114ec
CLIENT_HANDSHAKE_TRAFFIC_SECRET f491fb1c08dd97636223de9fb06bd8ea41ffb12945d4e3dbbb7ba17c2276e1db d5b8592523f26420cbe9d8a3bb663481b489abf55b0fd37baaf3ebcf2ecc6c5b
SERVER_HANDSHAKE_TRAFFIC_SECRET f491fb1c08dd97636223de9fb06bd8ea41ffb12945d4e3dbbb7ba17c2276e1db eb14fdca5dfb1a8a53558eff986dd8d884fcd015bb6f83ee5601707f431038e5
CLIENT_TRAFFIC_SECRET_0 f491fb1c08dd97636223de9fb06bd8ea41ffb12945d4e3dbbb7ba17c2276e1db 83b0f0655c057a8e09718c699aa641f5deaa4f6f40b55f8a1d725eaef098e8fe
SERVER_TRAFFIC_SECRET_0 f491fb1c08dd97636223de9fb06bd8ea41ffb12945d4e3dbbb7ba17c2276e1db 35d9cc218f5abb3e90696bcfc625172da5d093dfa2c8363be21e819773796e96
EXPORTER_SECRET f491fb1c08dd97636223de9fb06bd8ea41ffb12945d4e3dbbb7ba17c2276e1db ee95b2691024009f65299f1517e3120b075981fd7e3dcb6dbe79ec6f5a128409
