CLIENT_HANDSHAKE_TRAFFIC_SECRET 85ff45df22ad85e43547f104362986d86f1942de989d471a60ac4616060b1f61 4b42cef840c2be0d296923300f575cc6cb0277078cb324355ca51d1bf40da978
SERVER_HANDSHAKE_TRAFFIC_SECRET 85ff45df22ad85e43547f104362986d86f1942de989d471a60ac4616060b1f61 3335c3592e225f68ffcf9853987fca3e75a6d39eb4a4a8aea8ea9939f236a99b
CLIENT_TRAFFIC_SECRET_0 85ff45df22ad85e43547f104362986d86f1942de989d471a60ac4616060b1f61 4250546005b3ac043f0a814d3908e973e5f943f296bad6803e4762d67da1b475
SERVER_TRAFFIC_SECRET_0 85ff45df22ad85e43547f104362986d86f1942de989d471a60ac4616060b1f61 1c803a8406ec25a3318304712fec9299fb29ee5f299f8134cd4dfe1bc18825a4
EXPORTER_SECRET 85ff45df22ad85e43547f104362986d86f1942de989d471a60ac4616060b1f61 d93eae7516cc7e936827332f75edcfa305e40e0549da2396d6c3ff2860306d5c
CLIENT_HANDSHAKE_TRAFFIC_SECRET ea52fc818696bc1635a1e38e515b2fc8b7728e6cdf27a281d47b077113584e17 b399708575a8985c14645e0f1ff41fbeb73bf56c4242b7537bbc047aa36a2716
SERVER_HANDSHAKE_TRAFFIC_SECRET ea52fc818696bc1635a1e38e515b2fc8b7728e6cdf27a281d47b077113584e17 d84598841900ed58a83eed5e8004b28dc0df1ff2a3c0b2d8b1d2d48c866d842d
CLIENT_TRAFFIC_SECRET_0 ea52fc818696bc1635a1e38e515b2fc8b7728e6cdf27a281d47b077113584e17 4b00451fd20ba01ad6a8cdb87192fd6de39cbedc82e1e8e20cb213f437cfe1ee
SERVER_TRAFFIC_SECRET_0 ea52fc818696bc1635a1e38e515b2fc8b7728e6cdf27a281d47b077113584e17 12830b73b28a587a9b5ec6f0ea733571923de7870cde306d15265c5eaab225b0
EXPORTER_SECRET ea52fc818696bc1635a1e38e515b2fc8b7728e6cdf27a281d47b077113584e17 f9f3358b004a208ca629d8c4a90967192a9fa347b90a2948dacd1489c2bdcd0f
CLIENT_HANDSHAKE_TRAFFIC_SECRET e7db0c86c3666e85bd803c6fc524a0dde51e18d3f82b0b51de2504100d996253 611337e7a961017c6bb271e5f9a1bd154b0c0e27d5c8aa158d486d3ab627f021
SERVER_HANDSHAKE_TRAFFIC_SECRET e7db0c86c3666e85bd803c6fc524a0dde51e18d3f82b0b51de2504100d996253 f3e41be902c5671dcecec6151acc0c66ec0073acb0e07243de74b5955aa86b5e
CLIENT_HANDSHAKE_TRAFFIC_SECRET c0caa8dd027f1faf7a809ef10d94d095b6b447995d0cca981830e964f645a951 61da6e1a8dadcab73626d98a631de857e8037b8c3e0563f21453c062fb0d3b66
SERVER_HANDSHAKE_TRAFFIC_SECRET c0caa8dd027f1faf7a809ef10d94d095b6b447995d0cca981830e964f645a951 e543ddb92815b3542adf266a8448e3ff5291b436a8f0f1cf0069ba651c097b6a
CLIENT_HANDSHAKE_TRAFFIC_SECRET 07ecdc7b926e51db84c50de32540f5be76665ab76bf59aeccfdcf1c89261f2a7 00cd423161b4869c0bca9dfc9a3f40620a79826a560186b802a6c7d497cafee9
SERVER_HANDSHAKE_TRAFFIC_SECRET 07ecdc7b926e51db84c50de32540f5be76665ab76bf59aeccfdcf1c89261f2a7 0f7477459e986a10fbb7aa84145d004c5e093c79331941c85358b1c84c8b6220
CLIENT_TRAFFIC_SECRET_0 e7db0c86c3666e85bd803c6fc524a0dde51e18d3f82b0b51de2504100d996253 d0e9d9878ee0c7e2ea8f37c55eb310e4a590ceaa601627deb52d461cba57579e
SERVER_TRAFFIC_SECRET_0 e7db0c86c3666e85bd803c6fc524a0dde51e18d3f82b0b51de2504100d996253 ed9240951752985d52662b2d32402e599fef6cf49e8c6367246f4f66a9ac89c7
EXPORTER_SECRET e7db0c86c3666e85bd803c6fc524a0dde51e18d3f82b0b51de2504100d996253 bf467fe9b40b85f39d6a290b559be3f6597c69db2175db6febffb1ce69f00d57
CLIENT_TRAFFIC_SECRET_0 c0caa8dd027f1faf7a809ef10d94d095b6b447995d0cca981830e964f645a951 7f30059e871794391a3ea8ebc9acc147ec9c0edbdecc11bdff033f819bd7707f
SERVER_TRAFFIC_SECRET_0 c0caa8dd027f1faf7a809ef10d94d095b6b447995d0cca981830e964f645a951 04a20eb3062674d9d5885c051ec252b96535a2786e0829e9abae3b24cefaeb00
EXPORTER_SECRET c0caa8dd027f1faf7a809ef10d94d095b6b447995d0cca981830e964f645a951 4314a9541d45a7165f2fc530e63e873a02f63391c6f6f30c9bf81f3df20c730a
CLIENT_TRAFFIC_SECRET_0 07ecdc7b926e51db84c50de32540f5be76665ab76bf59aeccfdcf1c89261f2a7 2cd4063a4163af56590e7f54420fcb32399c94a5f2cc14099babca01f8478a86
SERVER_TRAFFIC_SECRET_0 07ecdc7b926e51db84c50de32540f5be76665ab76bf59aeccfdcf1c89261f2a7 14462e9adcaabf06b2adae14c780792630d4fba2615c906f8e5ba8195fba00a6
EXPORTER_SECRET 07ecdc7b926e51db84c50de32540f5be76665ab76bf59aeccfdcf1c89261f2a7 afb4e88f13ee9e097272701b8e6f68b0840311933c6fe68b18e0c235524ee9d5
CLIENT_HANDSHAKE_TRAFFIC_SECRET 8174fd2d582882821bb1ce39ec29448cbb4076c5b8ce9bca0f84ca554ba416a7 daba178b0ea2c952d850167d21a68e4d163178d389f541294642d6be69363c3a
SERVER_HANDSHAKE_TRAFFIC_SECRET 8174fd2d582882821bb1ce39ec29448cbb4076c5b8ce9bca0f84ca554ba416a7 968c4942922421d8f40ab55e6f4a0ea1971707962f2f602985632751264608c2
CLIENT_TRAFFIC_SECRET_0 8174fd2d582882821bb1ce39ec29448cbb4076c5b8ce9bca0f84ca554ba416a7 6acbe5790f60c5214d8c55cf208d8712c3e0ee11056d1830facb03eff68f99f5
SERVER_TRAFFIC_SECRET_0 8174fd2d582882821bb1ce39ec29448cbb4076c5b8ce9bca0f84ca554ba416a7 f5a11898dcf11efa9647d726d17128ab92419ddccf3e251f3fb4bd32fc266b4a
EXPORTER_SECRET 8174fd2d582882821bb1ce39ec29448cbb4076c5b8ce9bca0f84ca554ba416a7 ddbc0130ae61345f6e2bc00860545099866f05b00586fd7ff0d40e0bbbe52018
CLIENT_HANDSHAKE_TRAFFIC_SECRET 8065e4b14e850434e4dfc46b7837742230a63c0bf960fb3301847181a84f1171 92f9e94f79bec960049e3057338968552b9787db8a5fdd3230a40f3bc15c9796
SERVER_HANDSHAKE_TRAFFIC_SECRET 8065e4b14e850434e4dfc46b7837742230a63c0bf960fb3301847181a84f1171 fc610cd98bec7f3a28c0c91347c3044f23f65633a6ac112dcac145fb8c68de57
CLIENT_HANDSHAKE_TRAFFIC_SECRET 43cc7860b89cfe66e606ed62ae63ddcf6dceca0075acee89e40aaf9024dd66c0 06023eeea039217c80cd34d6529a8fe5dc01e1f412428b1e698a01d3aa8243c9
SERVER_HANDSHAKE_TRAFFIC_SECRET 43cc7860b89cfe66e606ed62ae63ddcf6dceca0075acee89e40aaf9024dd66c0 8a646fb714baa64cb9e074eee297f1c3d595ed4a741d41db6a3dfaf3c94c7235
CLIENT_TRAFFIC_SECRET_0 8065e4b14e850434e4dfc46b7837742230a63c0bf960fb3301847181a84f1171 8b355229edfb8afdd7e7c7d15bfb01739a20beeced91509178a496bd994d824f
SERVER_TRAFFIC_SECRET_0 8065e4b14e850434e4dfc46b7837742230a63c0bf960fb3301847181a84f1171 7e3686dffab702c7d33894ee06dedc8a0875254d69664fe0e7b23ca4b84842c8
EXPORTER_SECRET 8065e4b14e850434e4dfc46b7837742230a63c0bf960fb3301847181a84f1171 b21a6ec8add03eb5d4d5d40960ca243f4d2bc6fc9c4bc686e99c44f63ebbc893
CLIENT_TRAFFIC_SECRET_0 43cc7860b89cfe66e606ed62ae63ddcf6dceca0075acee89e40aaf9024dd66c0 690d00b08b9574cc49e00814f96980a7957e13b7cebdb13ca77d64fecacc28cf
SERVER_TRAFFIC_SECRET_0 43cc7860b89cfe66e606ed62ae63ddcf6dceca0075acee89e40aaf9024dd66c0 15919de60016fb646f57145c38ccaa34640f629c6d29e944dcb2b3d898e8b59d
EXPORTER_SECRET 43cc7860b89cfe66e606ed62ae63ddcf6dceca0075acee89e40aaf9024dd66c0 2d0009faf89b207dce8b8ca661e6138571f56e3acbe8a95c8773b821f3b3b782
CLIENT_HANDSHAKE_TRAFFIC_SECRET 1caaa62ac901564392a435cd76f0e65d0374eba6fd912578b6423544551873ee 749aac6418e85abd996f79367080e278cbb9e570b55fa3f606d87d8cfba8d278
SERVER_HANDSHAKE_TRAFFIC_SECRET 1caaa62ac901564392a435cd76f0e65d0374eba6fd912578b6423544551873ee 53c087e07934bb7f0be488c4563cb47024b9753179746bfd0669d2a9f1dd00fa
CLIENT_HANDSHAKE_TRAFFIC_SECRET f2084c7b3069e9ddef5d1a54d3afbd85a1fa578becfd7db2b6be4bf0a6ad8ce1 b728201ccef1021d7c062afa7925d84b90042bc960d8783c5b9cca6fca8a4efa
SERVER_HANDSHAKE_TRAFFIC_SECRET f2084c7b3069e9ddef5d1a54d3afbd85a1fa578becfd7db2b6be4bf0a6ad8ce1 5e414611c2feb1a3459706cd5fe3237f72ae8b19bff8f23d5ca9085ab2fd067f
CLIENT_TRAFFIC_SECRET_0 1caaa62ac901564392a435cd76f0e65d0374eba6fd912578b6423544551873ee 807f132944f51ae0aab143769c8ebea56097896ded2c1fcc96015d3f4dc4f4c3
SERVER_TRAFFIC_SECRET_0 1caaa62ac901564392a435cd76f0e65d0374eba6fd912578b6423544551873ee 539d88dc022cbdf561006fabf5f15df5b278920c6646139e0a64fb30b690a178
EXPORTER_SECRET 1caaa62ac901564392a435cd76f0e65d0374eba6fd912578b6423544551873ee b0b72af2b72dabe8003af647cd0d209b1c7a265e3dc3cbc32e16d0cc4fabdc92
CLIENT_TRAFFIC_SECRET_0 f2084c7b3069e9ddef5d1a54d3afbd85a1fa578becfd7db2b6be4bf0a6ad8ce1 e6312ee5f8bcf987c1a868fbfebd28e8ae3e59c7fa92b380f9205c9044484745
SERVER_TRAFFIC_SECRET_0 f2084c7b3069e9ddef5d1a54d3afbd85a1fa578becfd7db2b6be4bf0a6ad8ce1 76f5e490a2779a7e71d2f8ff69678562d2425e5d51f214ccc3f18258f5dae706
EXPORTER_SECRET f2084c7b3069e9ddef5d1a54d3afbd85a1fa578becfd7db2b6be4bf0a6ad8ce1 9c0107a7e363d032679dcfd6b46db13acc5f5f952b9d0bbce7ec4c600e18d05e
CLIENT_HANDSHAKE_TRAFFIC_SECRET 07a0378ec1418ae04695343bcbd606bde8972be1254a9dea5354fbdea1c4eb5b 517d60781726028d2b168ab5fa98204163d9b38452186f2f16eb2b8ea7e8d2a8
SERVER_HANDSHAKE_TRAFFIC_SECRET 07a0378ec1418ae04695343bcbd606bde8972be1254a9dea5354fbdea1c4eb5b 2df874358f5f76a44da7d5b8ac0192a410f7a3d79e449609fd6ee814f2aa7265
CLIENT_TRAFFIC_SECRET_0 07a0378ec1418ae04695343bcbd606bde8972be1254a9dea5354fbdea1c4eb5b f3e52652330b3e873ec67202fb5c2963e9f9726d402f11213fc183e5dc2bc203
SERVER_TRAFFIC_SECRET_0 07a0378ec1418ae04695343bcbd606bde8972be1254a9dea5354fbdea1c4eb5b 2d05ee5bf1b9661d9cd091fb58f06a61ebbecfbbed390de837f962ef4cfc70b2
EXPORTER_SECRET 07a0378ec1418ae04695343bcbd606bde8972be1254a9dea5354fbdea1c4eb5b 6140a71a5eeedd6a65a463e52b6db57e8f42592c3ffa451bebe5e02f42a6cbf3
CLIENT_HANDSHAKE_TRAFFIC_SECRET 59cec10bc017a4ebd85e943b0b72a051eddabbfc00060182498fdc6bc8f44dbb 366ef4c21ea33b6a9f8c8de3f09baf76131e850d11818b970d75ae7a31aa65f3
SERVER_HANDSHAKE_TRAFFIC_SECRET 59cec10bc017a4ebd85e943b0b72a051eddabbfc00060182498fdc6bc8f44dbb ac34c4e118e84daefa7453789b7ed60d80c705b7be7d17c0290b13774194dcc7
CLIENT_TRAFFIC_SECRET_0 59cec10bc017a4ebd85e943b0b72a051eddabbfc00060182498fdc6bc8f44dbb 0501af5585049e6b46341e9202148115a4f7829a1b59eafc215b527c40b5b0b8
SERVER_TRAFFIC_SECRET_0 59cec10bc017a4ebd85e943b0b72a051eddabbfc00060182498fdc6bc8f44dbb 0e2c5f4a1384982c019e9f108ad83d8809d0f6c3beaf3a62f634d27e4dab995c
EXPORTER_SECRET 59cec10bc017a4ebd85e943b0b72a051eddabbfc00060182498fdc6bc8f44dbb e79cf2e9ba0203971bc4d3d74a6071a374e3364e82300e51f39cfdc573636df4
CLIENT_HANDSHAKE_TRAFFIC_SECRET 12cf095e6564968c32c25e1b5da00a9154dbb1b75f2ab0d76445ad786b4a6336 ea078acc0d6b97e19143e2558804df3a0259e29a6336a4d40bd2c02249c257cf
SERVER_HANDSHAKE_TRAFFIC_SECRET 12cf095e6564968c32c25e1b5da00a9154dbb1b75f2ab0d76445ad786b4a6336 9b2c3e04f95796476e85f6ba56e9d53742c982e687b946cba0f9ca3323e0f1a6
CLIENT_HANDSHAKE_TRAFFIC_SECRET 612278814e94e69364548dabcd60dcc116c2cddb46e4b671c8678bffd3b8d450 182f26caf333291274cfa45604ee40ce5d547441df777abcb608c2068fd481cf
SERVER_HANDSHAKE_TRAFFIC_SECRET 612278814e94e69364548dabcd60dcc116c2cddb46e4b671c8678bffd3b8d450 f6b81b63683d3700549ee1ae7d5566d9e2f2711b13d84cef0df17ff8aa5f62ed
CLIENT_TRAFFIC_SECRET_0 12cf095e6564968c32c25e1b5da00a9154dbb1b75f2ab0d76445ad786b4a6336 2eeef37792587ac55dfc06cdd5861fd55ce319c4227ae134823997fd22b6ab9a
SERVER_TRAFFIC_SECRET_0 12cf095e6564968c32c25e1b5da00a9154dbb1b75f2ab0d76445ad786b4a6336 416d0f6dc46705dc704c710d32b9419392ed8617842922b1023a13cace2c8361
EXPORTER_SECRET 12cf095e6564968c32c25e1b5da00a9154dbb1b75f2ab0d76445ad786b4a6336 436c58e4e46f26ad3c3e2042ade61addb53b686afa4451697d89bc983cd1e352
CLIENT_TRAFFIC_SECRET_0 612278814e94e69364548dabcd60dcc116c2cddb46e4b671c8678bffd3b8d450 503e0dfa9abf73366bb7f3a9ed691fa52b6aee83cb7f9b6dcda31b69f30c5461
SERVER_TRAFFIC_SECRET_0 612278814e94e69364548dabcd60dcc116c2cddb46e4b671c8678bffd3b8d450 263cebbd0b1e2be2c57af21e37daebdcceb06a26c1b34d12ad0ea40c1fb61fb5
EXPORTER_SECRET 612278814e94e69364548dabcd60dcc116c2cddb46e4b671c8678bffd3b8d450 c6639faee4634e29072c1de45a64cdced264b4667df01cf2ff8e1a857eb2cd75
CLIENT_HANDSHAKE_TRAFFIC_SECRET b84439215a26ea41cc6b5dabc9025e31f8d634310408b0660b104167a726624f 7a15a9616a7c67e9da75b7628b98774228f1c5b4bcb4f07c71c5494ed9e8fb9b
SERVER_HANDSHAKE_TRAFFIC_SECRET b84439215a26ea41cc6b5dabc9025e31f8d634310408b0660b104167a726624f e30e83f2e8fe3b5274973f8be22924e1a1aab22577f972805e81869df243ce25
CLIENT_TRAFFIC_SECRET_0 b84439215a26ea41cc6b5dabc9025e31f8d634310408b0660b104167a726624f 04bb94d730d6941994c2240200e5ca0bc0971cf6dd8463efaa536d0529a123c9
SERVER_TRAFFIC_SECRET_0 b84439215a26ea41cc6b5dabc9025e31f8d634310408b0660b104167a726624f 0bd61fd920241effdf2f5977b1d1de637eb84e6eef3639725f0fb2ded0672462
EXPORTER_SECRET b84439215a26ea41cc6b5dabc9025e31f8d634310408b0660b104167a726624f 7803b71210b62474cdc056d13388e4577fd1771eae1a447702db5e5b7b349117
CLIENT_HANDSHAKE_TRAFFIC_SECRET 3998b73b4fbdd6befd8f527b4e6cb22a80a54d1e1f3af109a99263bc49cc9d74 7703816a559b301228a5df534ffd3e128078de5b78f51f95af83b410deef87f4
SERVER_HANDSHAKE_TRAFFIC_SECRET 3998b73b4fbdd6befd8f527b4e6cb22a80a54d1e1f3af109a99263bc49cc9d74 2796a0ba57e7134a94cca9c337e18e59868ebfa7529d1c5e90311e953c6226e8
CLIENT_TRAFFIC_SECRET_0 3998b73b4fbdd6befd8f527b4e6cb22a80a54d1e1f3af109a99263bc49cc9d74 6d86367e788aefcde84ea00440882c4124497dea9ffa3fede3d87f40c11615ff
SERVER_TRAFFIC_SECRET_0 3998b73b4fbdd6befd8f527b4e6cb22a80a54d1e1f3af109a99263bc49cc9d74 685a3b8e5774c3d2096644cdb343b70cf1aa9ba54ba706adcb5aafae74f31e4e
EXPORTER_SECRET 3998b73b4fbdd6befd8f527b4e6cb22a80a54d1e1f3af109a99263bc49cc9d74 1db7a1d3fdaba821c7c17222a4945570b5d7574aa0c40fdd1abd2d4361bfccd0
CLIENT_HANDSHAKE_TRAFFIC_SECRET 50f3f7064430e11ec2ac55bc9b67a23587931b576e57db1a987be90c7518f7ce e229699cfb249694d47c0e7e37c13ba58985741f1b2faa14ca4e37f937e455c0
SERVER_HANDSHAKE_TRAFFIC_SECRET 50f3f7064430e11ec2ac55bc9b67a23587931b576e57db1a987be90c7518f7ce dccbf006e3bbfde8899f94025cacaa49dadeb50990830301a58d353dd475f4b3
CLIENT_TRAFFIC_SECRET_0 50f3f7064430e11ec2ac55bc9b67a23587931b576e57db1a987be90c7518f7ce a08ec45065dd43687f072a6ae3391f5ee61156f8a3dadda6a4d9af398ef2c8ec
SERVER_TRAFFIC_SECRET_0 50f3f7064430e11ec2ac55bc9b67a23587931b576e57db1a987be90c7518f7ce 325bb03ebd71d1276fee6633a3a714605d985b4670196193b2602826701084a8
EXPORTER_SECRET 50f3f7064430e11ec2ac55bc9b67a23587931b576e57db1a987be90c7518f7ce 1157352817bea03725adaf4286fa0f95996d6da45b3bff922fdc8febc6b7bce2
CLIENT_HANDSHAKE_TRAFFIC_SECRET ed2a11b41966796a470f562f2c2f3057fdd4f922b08959604a6a8de914c7a7b1 e1298423c892bc9d32922d97f0a6b2bcb5733ca72775e04757ac9137b211e2aa
SERVER_HANDSHAKE_TRAFFIC_SECRET ed2a11b41966796a470f562f2c2f3057fdd4f922b08959604a6a8de914c7a7b1 ea2eb6f64d419b50b1107623d1e65219893a2604f370ae0aaabb83e2c0dfc4cf
CLIENT_TRAFFIC_SECRET_0 ed2a11b41966796a470f562f2c2f3057fdd4f922b08959604a6a8de914c7a7b1 eba3046720cc0e6224e86d9f7d380230be9dd5d39084aad23f4f09177d16fa3c
SERVER_TRAFFIC_SECRET_0 ed2a11b41966796a470f562f2c2f3057fdd4f922b08959604a6a8de914c7a7b1 d9079f0e57100d72894954d2772078b1050efe2a8c8f9335b26854820a031387
EXPORTER_SECRET ed2a11b41966796a470f562f2c2f3057fdd4f922b08959604a6a8de914c7a7b1 25a9bc513f3e01e283deeb4da15fdd9d97b9ff0cdc2dd2ba8902b4eac251c10f
CLIENT_HANDSHAKE_TRAFFIC_SECRET c44d751db7cf9a373f6dee0e97bed6c03f0aa03d64015ac537b23b85258b400d af80114b8e7b7ecef480bd50c1813a08a348789839a8469a3c65a0b46a8ae13c
SERVER_HANDSHAKE_TRAFFIC_SECRET c44d751db7cf9a373f6dee0e97bed6c03f0aa03d64015ac537b23b85258b400d ac27ca392782693f10a4cc5c0fe23a4489c80394a926871d63066c79f250f590
CLIENT_TRAFFIC_SECRET_0 c44d751db7cf9a373f6dee0e97bed6c03f0aa03d64015ac537b23b85258b400d 57f17eddf009d00368a8a45edab6b9966c90ef29734783144b04e28a68aff86d
SERVER_TRAFFIC_SECRET_0 c44d751db7cf9a373f6dee0e97bed6c03f0aa03d64015ac537b23b85258b400d 7b23abf95fddcbc328f0a0f05801b896d8638cdce98dd6ac272bbff2dfe99fd7
EXPORTER_SECRET c44d751db7cf9a373f6dee0e97bed6c03f0aa03d64015ac537b23b85258b400d 86beaf26b8e1068ec6aeeb769e4f0752c85b105169f579ad30d086bf570b33b2
CLIENT_HANDSHAKE_TRAFFIC_SECRET c006d486ee4e113e470a597948205784da5ba072d0513793a20b4bc65bb855fc 6570432c82d3de1f80e9a0badb5dd39564388df369bad1cfbe5f16ee23dcb937
SERVER_HANDSHAKE_TRAFFIC_SECRET c006d486ee4e113e470a597948205784da5ba072d0513793a20b4bc65bb855fc eda216f178d77c5100d00fe3290106f3cdf3e84bcbf9d8e26b83d8b2e74e1764
CLIENT_TRAFFIC_SECRET_0 c006d486ee4e113e470a597948205784da5ba072d0513793a20b4bc65bb855fc 02895e6f8574e82351bd5c2a97d79552b990fdc189eec9ce8046b129089b2e45
SERVER_TRAFFIC_SECRET_0 c006d486ee4e113e470a597948205784da5ba072d0513793a20b4bc65bb855fc b6e7938f9e89ed73170e2231a0cbbe74f96c2b48a0bb8753c5c1dcab03ef7642
EXPORTER_SECRET c006d486ee4e113e470a597948205784da5ba072d0513793a20b4bc65bb855fc 5502c2186ad7b2def856cedff811157b3d2900797706030cb523dd60e21dad16
CLIENT_HANDSHAKE_TRAFFIC_SECRET 85442c78b057d2939d043d15ac031df5d652a485dc170e9a5a5a73d25595666a 99aa0597c9a97fc3cff514bc51f440265513300cdf86ac410052423a428ad802
SERVER_HANDSHAKE_TRAFFIC_SECRET 85442c78b057d2939d043d15ac031df5d652a485dc170e9a5a5a73d25595666a b603ddecc3b4eb5912c8de212553ef2710e4850bacd773c2b15a68dcac424725
CLIENT_TRAFFIC_SECRET_0 85442c78b057d2939d043d15ac031df5d652a485dc170e9a5a5a73d25595666a bd6adca07946b308f8f83cf133241ec3002d943a6ccbdf5b8c7020be94a15e29
SERVER_TRAFFIC_SECRET_0 85442c78b057d2939d043d15ac031df5d652a485dc170e9a5a5a73d25595666a 138d97e286bd2c6b114ebf560d25dc35c768c816aa60796dea1e6d8e0a0e3169
EXPORTER_SECRET 85442c78b057d2939d043d15ac031df5d652a485dc170e9a5a5a73d25595666a 4fcd1081a32140c9fdb452647344be82144b2edb6897f525bd7be12caade99fe
CLIENT_HANDSHAKE_TRAFFIC_SECRET 0679386b4ad1acbfe8f2c938d802783da89df2cf4fa3dd00ec33bbb4d25807e9 408bf9139418053dcdf1568de6cc1daf2a8f5cba3012bae90475199b54a985cc
SERVER_HANDSHAKE_TRAFFIC_SECRET 0679386b4ad1acbfe8f2c938d802783da89df2cf4fa3dd00ec33bbb4d25807e9 53f07728dedbfd017ae459980d11a51039b82b2b2c8c5a5393dcdd48e7ce438c
CLIENT_TRAFFIC_SECRET_0 0679386b4ad1acbfe8f2c938d802783da89df2cf4fa3dd00ec33bbb4d25807e9 04683d55a3bfccfb5031deadb7789256d03ec218dbe41884cad5b5a1ef45fcd3
SERVER_TRAFFIC_SECRET_0 0679386b4ad1acbfe8f2c938d802783da89df2cf4fa3dd00ec33bbb4d25807e9 d271962138e87beedf1915cc03313c949d8677ee4042c63b31b25799e8d04c7d
EXPORTER_SECRET 0679386b4ad1acbfe8f2c938d802783da89df2cf4fa3dd00ec33bbb4d25807e9 c43c925aa0902f54c7c0469c036d8f02cef91359ab9d78a98842812f57704240
CLIENT_HANDSHAKE_TRAFFIC_SECRET f5d3f59499a073752bce80e0e61f60bf59387bd0ee0dd4d9110325d5086edeea 5e9aad4cf460b919e9daede7e45513cd5bbe19fb09d8df6395814ae72062bda47ace0465034bba7546f2abc2ff17f533
SERVER_HANDSHAKE_TRAFFIC_SECRET f5d3f59499a073752bce80e0e61f60bf59387bd0ee0dd4d9110325d5086edeea edf644bcadfefe803bc7d7156ae22a471cf7694d49b1e1e531d5611ac48b3b5503c3aee0b72e4d5a5fed30dec5cd91e2
CLIENT_TRAFFIC_SECRET_0 f5d3f59499a073752bce80e0e61f60bf59387bd0ee0dd4d9110325d5086edeea 72450b905ac03fa919482b1a0ffd974b0b60e25d986dc86b74154237a36ec44db75104e9a6921bdcd2bd0935266c3333
SERVER_TRAFFIC_SECRET_0 f5d3f59499a073752bce80e0e61f60bf59387bd0ee0dd4d9110325d5086edeea 4bdfaa302b1e29c7f08ac1a6fc331beeda0a3e5a48fb41c5e12bf44a812819ce70d853f33cdf34288f295fd1f6e9fe69
EXPORTER_SECRET f5d3f59499a073752bce80e0e61f60bf59387bd0ee0dd4d9110325d5086edeea a3d3518831c3c562f2b03906e15a8fdb1b6993edbd8118c24c8430c3ba7fdac555d1a6b223c43c3375afd1eebc78920c
CLIENT_HANDSHAKE_TRAFFIC_SECRET f71c6904f555236852bb0cb10ef73b5321da9000435a7eb843b932899cdf13d4 c5200d0fd1f1cb39a6dbe8428d10ade456c2b23ab1d27c30193e41470ab5cd44
SERVER_HANDSHAKE_TRAFFIC_SECRET f71c6904f555236852bb0cb10ef73b5321da9000435a7eb843b932899cdf13d4 a6db0033925d1b2b7c279a716ea410ef5e2f7c58d9fa19074df90461c29c52a3
CLIENT_TRAFFIC_SECRET_0 f71c6904f555236852bb0cb10ef73b5321da9000435a7eb843b932899cdf13d4 97c97dcff17ed8908671fa7c89677fd45790351bddb12bc5fbb1e068c3c4da74
SERVER_TRAFFIC_SECRET_0 f71c6904f555236852bb0cb10ef73b5321da9000435a7eb843b932899cdf13d4 ad4f1db21bdeec201de4effbcdce6c3ac796403437b4ccbd11f1d2406745f4cb
EXPORTER_SECRET f71c6904f555236852bb0cb10ef73b5321da9000435a7eb843b932899cdf13d4 29e7830ed2ba9079315628915af1d92bc9a4e28355874abc6151eb89724e9b53
CLIENT_HANDSHAKE_TRAFFIC_SECRET 37b6a9dfcb74b82aaf41d7f34f6229377e111fa5203b879c03928ef4de702f14 376323ce99cee63012c10edb3ace83c7ceae3eb6d3b6d7866a5dec9dd4882b97
SERVER_HANDSHAKE_TRAFFIC_SECRET 37b6a9dfcb74b82aaf41d7f34f6229377e111fa5203b879c03928ef4de702f14 7f73ee5d0c6ebba362ea0c9b00f596d9ead6887207fa932a4ce1a99d522cdeb0
CLIENT_TRAFFIC_SECRET_0 37b6a9dfcb74b82aaf41d7f34f6229377e111fa5203b879c03928ef4de702f14 f6317a7ce61caf1544bd2da9c0a25de1878f41b4a6e9134ac1b3fcc9cc6130f2
SERVER_TRAFFIC_SECRET_0 37b6a9dfcb74b82aaf41d7f34f6229377e111fa5203b879c03928ef4de702f14 e6da05106070cd7611db9677999689f710c4d7c11348e24eba7ad530ea53cb56
EXPORTER_SECRET 37b6a9dfcb74b82aaf41d7f34f6229377e111fa5203b879c03928ef4de702f14 65300a87840fe7614aea0b10a4eb97b5197e87e945fe212a36f0a122b088dbf3
CLIENT_HANDSHAKE_TRAFFIC_SECRET 5eb6d8ad279d24c844c6ce37e844c7008959e01d2334f610ce591f077e6895db 73a581f0307fd4ed5f5fcdcb3faa885fd0216f37ffd89eac8be4def4220f7d7d
SERVER_HANDSHAKE_TRAFFIC_SECRET 5eb6d8ad279d24c844c6ce37e844c7008959e01d2334f610ce591f077e6895db 12c5f1de1e8dcd2e1a7f735e2e2bbd4fc97de2a9fae21b4ce8c10e2fa38a91ba
CLIENT_TRAFFIC_SECRET_0 5eb6d8ad279d24c844c6ce37e844c7008959e01d2334f610ce591f077e6895db 8ed22afc4d4dbaa511f385ac5bdc642ea6bb809aa86248516ca2770b47b81fb1
SERVER_TRAFFIC_SECRET_0 5eb6d8ad279d24c844c6ce37e844c7008959e01d2334f610ce591f077e6895db 1b1a52b920c483cd222b4db8e4c3cb20b282929894630a2edab3229cf7375e3e
EXPORTER_SECRET 5eb6d8ad279d24c844c6ce37e844c7008959e01d2334f610ce591f077e6895db 15a2c81aa21b71322b904550f74d78c65215d311248e09bd033b6202182c3e9f
CLIENT_HANDSHAKE_TRAFFIC_SECRET cc87c6821c3c686e651fa2ac2f6198968f56d7afe2252ca3b8c483cb180068ba b8986096729af57e8e1af9740314defcecb2ab88ba7b13bf26afc468bba6573e
SERVER_HANDSHAKE_TRAFFIC_SECRET cc87c6821c3c686e651fa2ac2f6198968f56d7afe2252ca3b8c483cb180068ba c7ed284efc130a53fc2eede52406165bb6371a61c873bd269cd97b2cea409d2d
CLIENT_TRAFFIC_SECRET_0 cc87c6821c3c686e651fa2ac2f6198968f56d7afe2252ca3b8c483cb180068ba 5c2dbf541ad2d5a1c0bef51eef84a08f1acbe1e9bf106b84f20b46a45b3d6dde
SERVER_TRAFFIC_SECRET_0 cc87c6821c3c686e651fa2ac2f6198968f56d7afe2252ca3b8c483cb180068ba 2132d26e622eeb44b97bcb64ad03900d39feb367b5b5dbfcbe5e0ceddfca9f6d
EXPORTER_SECRET cc87c6821c3c686e651fa2ac2f6198968f56d7afe2252ca3b8c483cb180068ba 24f6a80764af0f552570c2199c05aab5f3bcee45847c6e0878b527a4c1d677b9
CLIENT_HANDSHAKE_TRAFFIC_SECRET 05ff4ddffb2cb580b6b76439efc05cf01613f1234acdca0ae710ad2d762d42b1 bf9daf1324761246f85641cc0430b93dd12e3762d2c4afb9ea0465ddee9f8d6a
SERVER_HANDSHAKE_TRAFFIC_SECRET 05ff4ddffb2cb580b6b76439efc05cf01613f1234acdca0ae710ad2d762d42b1 f68c9615a148afc2a8c74d6fc242341adc9ce95a23bcaf3b70215d5cb4bb3e27
CLIENT_TRAFFIC_SECRET_0 05ff4ddffb2cb580b6b76439efc05cf01613f1234acdca0ae710ad2d762d42b1 431046c8a6499851e2c131d0a2d1fd2d425ed75dc9202171f6e28b5c1a4198b7
SERVER_TRAFFIC_SECRET_0 05ff4ddffb2cb580b6b76439efc05cf01613f1234acdca0ae710ad2d762d42b1 47656ff8df17fe2ec938c91f5f9b809c16d2f96634bf0e72814a579836dd1ba8
EXPORTER_SECRET 05ff4ddffb2cb580b6b76439efc05cf01613f1234acdca0ae710ad2d762d42b1 6de5edb4f977ada0aef932fc9702d308d1f4febbeab4c491d5ee7145b235958b
CLIENT_HANDSHAKE_TRAFFIC_SECRET 713963a09f0f12b60aa3adb0443dc2972c83e14dc8a9fb433318ab1623088b97 dedec4c52e855420c73e72bf9627b33b660fcff64c2d174d83034591bb08b283
SERVER_HANDSHAKE_TRAFFIC_SECRET 713963a09f0f12b60aa3adb0443dc2972c83e14dc8a9fb433318ab1623088b97 e6d67a0d3f6b595f77ab9f0d4d415e2f31084186ed91d0aa11d1c99274155ddd
CLIENT_TRAFFIC_SECRET_0 713963a09f0f12b60aa3adb0443dc2972c83e14dc8a9fb433318ab1623088b97 6ac7a6bd1fe94e91294294065dbcf80259c84313d5480a4ca9a65f27e63bd4a8
SERVER_TRAFFIC_SECRET_0 713963a09f0f12b60aa3adb0443dc2972c83e14dc8a9fb433318ab1623088b97 2279875153b0a49dac631893defe88525305a0889792ac9743ef234d6a4671f9
EXPORTER_SECRET 713963a09f0f12b60aa3adb0443dc2972c83e14dc8a9fb433318ab1623088b97 071b50058004c8dded88a9e8fc4e2f23b8f620a4201f81d0b1d21656722309f4
CLIENT_HANDSHAKE_TRAFFIC_SECRET 4a606b2662bf99458e151b53475f7c5afb055bcb3cbef60903ba5a97f2bac162 4951c591b4408ca1c46fc5576782fcc17d137db513a5ccccc66016b70121f8db
SERVER_HANDSHAKE_TRAFFIC_SECRET 4a606b2662bf99458e151b53475f7c5afb055bcb3cbef60903ba5a97f2bac162 83e8af0ebe0fe25292d656e0f04c16dbe0757625568e7234d32d984971652872
CLIENT_TRAFFIC_SECRET_0 4a606b2662bf99458e151b53475f7c5afb055bcb3cbef60903ba5a97f2bac162 6eff37b82494a57a759632f968ff4627c64dc3d98129cd7019857e97cab5cf87
SERVER_TRAFFIC_SECRET_0 4a606b2662bf99458e151b53475f7c5afb055bcb3cbef60903ba5a97f2bac162 5af50ba232954ee9c6c2c3c074278eb8f50b8946bcb78660dea8f290e83d810d
EXPORTER_SECRET 4a606b2662bf99458e151b53475f7c5afb055bcb3cbef60903ba5a97f2bac162 1ddd8eedf8246351cb6f47fbadebe36d6ef67ef2508a5364b24968567db6ce97
CLIENT_RANDOM 37fb957c4dbe1382d1bfc6d786ce124f5bf7b537a8e37f3273f07b85672c86ef a45cf2ecba74a41717aadd029e54a9fa46f9887e0ffd9064ae39da8d021ffd905da19cda8b483858586093eeddc4ecf1
CLIENT_HANDSHAKE_TRAFFIC_SECRET 969a6e2bc050c94e6d88107c64476b3f2af4da38a05adcdd023978f687c59c87 a269a2e95aaa958a40a43df90fbb32aeb5c8445656f1074e3414716fbbf0ca0a
SERVER_HANDSHAKE_TRAFFIC_SECRET 969a6e2bc050c94e6d88107c64476b3f2af4da38a05adcdd023978f687c59c87 5bccd23efa93bf5f21bd26de954aae0804d728c30b31f8e446de93e973a4e47b
CLIENT_TRAFFIC_SECRET_0 969a6e2bc050c94e6d88107c64476b3f2af4da38a05adcdd023978f687c59c87 857cce8f703a533ad3c9475d20cf6543bcf09e46c50eb82ccf071f8faaa77b23
SERVER_TRAFFIC_SECRET_0 969a6e2bc050c94e6d88107c64476b3f2af4da38a05adcdd023978f687c59c87 56125929eb0d62cf76041de6e4fb2a76a0b52120f55f75dc5184f305ebc97d1e
EXPORTER_SECRET 969a6e2bc050c94e6d88107c64476b3f2af4da38a05adcdd023978f687c59c87 ff6acde4f6665fb0d11ec069cf5bc8eb9fc83d061399fe8777ef7c8bd0760b6b
CLIENT_HANDSHAKE_TRAFFIC_SECRET 31971875735c443745f986aa23517862496807baac4ba91591b0f87eabe725cd 84ed7d1604ff65e6fb5b1538653a8e64a6b6c8864141800203129c74e26f38b2
SERVER_HANDSHAKE_TRAFFIC_SECRET 31971875735c443745f986aa23517862496807baac4ba91591b0f87eabe725cd 52cfd3e992f84920003262bbe7c8c08a2ebb6ebe1cf645788be0ded75346c649
CLIENT_HANDSHAKE_TRAFFIC_SECRET 73dcecd34c7f94a20d0788e9d9df14323d727bb011d9d6ed9fda934f3bf10a68 abc4de141de1c67d9a0625675854a7762082dc7572e40db5d96825a5950cd41b
SERVER_HANDSHAKE_TRAFFIC_SECRET 73dcecd34c7f94a20d0788e9d9df14323d727bb011d9d6ed9fda934f3bf10a68 93cd6748c6f2b9d49e34dca71355b1850f7c602b54b4bcdec20eb3bfa6b1062c
CLIENT_TRAFFIC_SECRET_0 73dcecd34c7f94a20d0788e9d9df14323d727bb011d9d6ed9fda934f3bf10a68 0d7f115eaafece0dec7a49299ed6c7a1a75c8fa3ff61444989c2c4917dfa8de9
SERVER_TRAFFIC_SECRET_0 73dcecd34c7f94a20d0788e9d9df14323d727bb011d9d6ed9fda934f3bf10a68 eee2b7a12ac275e64275b782ee642e341aa9542342f4d90c5c3e4f925a390b14
EXPORTER_SECRET 73dcecd34c7f94a20d0788e9d9df14323d727bb011d9d6ed9fda934f3bf10a68 f9e401feefcab3c6ece3ab499abbe40975ec3089577f3e723a68edb78b1e7335
CLIENT_TRAFFIC_SECRET_0 31971875735c443745f986aa23517862496807baac4ba91591b0f87eabe725cd 329e930a2a01a6ef52c1ec1362de0719e2e58685722e6223e2756c0ac7201bac
SERVER_TRAFFIC_SECRET_0 31971875735c443745f986aa23517862496807baac4ba91591b0f87eabe725cd d9454e7ae5466815bb8125fbac88302f2a14ff28b0e39279e2c1d224c3b3d930
EXPORTER_SECRET 31971875735c443745f986aa23517862496807baac4ba91591b0f87eabe725cd 1d7e01ba85212ff5bb0f1bd4ce7811fc29250e62f47b89bbc2bbe21ea033b0ae
CLIENT_HANDSHAKE_TRAFFIC_SECRET 6713ac40b6f69f62ccd1dcc10efa30dd750718b9a3f61a95240e4ed05fd42062 b31b33791838bb81c6a9447836733990c11a1481b3ec9b81e6103ba7686647b0
SERVER_HANDSHAKE_TRAFFIC_SECRET 6713ac40b6f69f62ccd1dcc10efa30dd750718b9a3f61a95240e4ed05fd42062 a8830a017b5f0842fddf86ee6f9de2466f0bd72d98500bbbb5a8b2fcf1af4590
CLIENT_TRAFFIC_SECRET_0 6713ac40b6f69f62ccd1dcc10efa30dd750718b9a3f61a95240e4ed05fd42062 fbb3b9641fe29f3798d36db20b35c35b2491749c10538eeaa74cbc038de23c89
SERVER_TRAFFIC_SECRET_0 6713ac40b6f69f62ccd1dcc10efa30dd750718b9a3f61a95240e4ed05fd42062 0439dfffb8a18fab4384d00c12f22a66e913ac18f040828e31103c51685a5ee8
EXPORTER_SECRET 6713ac40b6f69f62ccd1dcc10efa30dd750718b9a3f61a95240e4ed05fd42062 15f7dcb16c3ea9e1b90a231d0e356aa2cc0aba99a4c776e5a0c312a4933e1718
CLIENT_HANDSHAKE_TRAFFIC_SECRET 0f9560215a5639af170baaa1610acad05c1206efc7515045fa14a5c375144fcf e81f11b2a7df76b36fecba8940cb160a7a380a5cf8740c55d3b213a89f0028e9
SERVER_HANDSHAKE_TRAFFIC_SECRET 0f9560215a5639af170baaa1610acad05c1206efc7515045fa14a5c375144fcf 71b263e37a97c7e7829c6619a4b96fcec7dfa8e36e6efdc6b0814097d01f0c27
CLIENT_TRAFFIC_SECRET_0 0f9560215a5639af170baaa1610acad05c1206efc7515045fa14a5c375144fcf 7112960f19f9484c54b4ce40e43cb6965cea34bb6e784dcf98b770d3e1407ef5
SERVER_TRAFFIC_SECRET_0 0f9560215a5639af170baaa1610acad05c1206efc7515045fa14a5c375144fcf 682eeef8009b8d764cd4a6e5fa900f2b4bdb54b13981de3cdbcce5dda6be4336
EXPORTER_SECRET 0f9560215a5639af170baaa1610acad05c1206efc7515045fa14a5c375144fcf 7e700e44b882dc750c1829162dc15fabf8f17a14575bb2d2f8a2d450ada1fcf5
CLIENT_HANDSHAKE_TRAFFIC_SECRET e690069878784f9f0f0a405d783f132ad3b463d86ec2f204a8b155e553408aa4 29dc5f45888589f6d003df463d9bea4f76713fbca12cc3be8b3a79fa10d6f75d
SERVER_HANDSHAKE_TRAFFIC_SECRET e690069878784f9f0f0a405d783f132ad3b463d86ec2f204a8b155e553408aa4 f075757ee2505d64f1bd0c53d254ace5ef7302cde73ccf1988a863f829aa262e
CLIENT_TRAFFIC_SECRET_0 e690069878784f9f0f0a405d783f132ad3b463d86ec2f204a8b155e553408aa4 a294744a3539f71067a848094b474ecf148f656ec5d6ba482c56298ac1596226
SERVER_TRAFFIC_SECRET_0 e690069878784f9f0f0a405d783f132ad3b463d86ec2f204a8b155e553408aa4 cef1bff0e244a5bbfffb622ca0f44093d00d78f0b041b5f53751058d8bd9e811
EXPORTER_SECRET e690069878784f9f0f0a405d783f132ad3b463d86ec2f204a8b155e553408aa4 6e9309bcd7005ec572e3a4ec079806c88c3dd91b910f6d728cbf8dfafcc64db8
CLIENT_HANDSHAKE_TRAFFIC_SECRET 5f4fba6955be6107111275b0aff4d27eb2efb3bd806b5ad84e18e370c2165a76 4c2598b2c8b4fd6f88d50504e4cdbca769d552ff6b90abda2612c1326dd2446d
SERVER_HANDSHAKE_TRAFFIC_SECRET 5f4fba6955be6107111275b0aff4d27eb2efb3bd806b5ad84e18e370c2165a76 71217ef036a0b000bcac16227bd1680259082ae3797156982d4f87dd4b5a9f89
CLIENT_HANDSHAKE_TRAFFIC_SECRET 5fcc646853d446a2e8e623479aaea97ce16b3118ad417bc57100571e574cea39 d5196aff79b039f65679a30cb315b0706a2d8526eb97796b5a4969b58cc22336
SERVER_HANDSHAKE_TRAFFIC_SECRET 5fcc646853d446a2e8e623479aaea97ce16b3118ad417bc57100571e574cea39 f18dae7e1351cf0ae955fefc28764550bcc620f9ea1b3236a57b9850ebb72fbb
