CLIENT_HANDSHAKE_TRAFFIC_SECRET 445ab2c51fef50335dfdaf0e36bf531f41eb51b1a98a1f25730f70164e6a73b8 b782403b7bc18acf92af637e7a3165f8b25f66f908e3a3d0445742fbe006fa24
SERVER_HANDSHAKE_TRAFFIC_SECRET 445ab2c51fef50335dfdaf0e36bf531f41eb51b1a98a1f25730f70164e6a73b8 cb14aaef912272c18ab4c83a9253f72d12bd7fa0db9a336ee5c0313b6f1c329e
CLIENT_TRAFFIC_SECRET_0 445ab2c51fef50335dfdaf0e36bf531f41eb51b1a98a1f25730f70164e6a73b8 eaee22dc3efe87c3c261656beadc3099c3fbf39c2a10156c8af44badd8a61d9c
SERVER_TRAFFIC_SECRET_0 445ab2c51fef50335dfdaf0e36bf531f41eb51b1a98a1f25730f70164e6a73b8 094fad90e07dc7a94541ea42c3fec5944fcf7dffd35ff4511788daab31f04421
EXPORTER_SECRET 445ab2c51fef50335dfdaf0e36bf531f41eb51b1a98a1f25730f70164e6a73b8 3904a183ec29f86aeeb2c0b37d7253730c705c24a177c4dc3ac10bcf7d68f888
CLIENT_HANDSHAKE_TRAFFIC_SECRET 8e4bf22c8448bef92c1704af4c59a737e8814a0f0a970c3a21bac3047ce58e60 d280f56ef6a5122f51da33951f3afc192f2ef4f56995b7cc10e06f4d8af013d7
SERVER_HANDSHAKE_TRAFFIC_SECRET 8e4bf22c8448bef92c1704af4c59a737e8814a0f0a970c3a21bac3047ce58e60 155fd11a9fb47936f20bfdc24655df3814d7b1036dce580d4f4ae6ab77fca7c3
CLIENT_TRAFFIC_SECRET_0 8e4bf22c8448bef92c1704af4c59a737e8814a0f0a970c3a21bac3047ce58e60 6f96d66d72b43c672bae3fbe283f6a62a5c38249e08a0557642ecdbe85b7ebf8
SERVER_TRAFFIC_SECRET_0 8e4bf22c8448bef92c1704af4c59a737e8814a0f0a970c3a21bac3047ce58e60 546f556b6ee979ec225a2016beceddb82160b7a056a4c6490bc614d3c516e0eb
EXPORTER_SECRET 8e4bf22c8448bef92c1704af4c59a737e8814a0f0a970c3a21bac3047ce58e60 efec613c731c0766b362fa9b96f19fd6044f10abc7fa9391070c9536cd646aef
CLIENT_RANDOM e99eb78477037c1e06722cab773fba737c45f08d6cc38414aabb126cd110bb18 bbc89cf5e12c8c9ab6abbd47e0cc3b3a71c3036a9323526e21573dfb4baa54ac3ac231ae1eed8feaf578d21c4971febc
CLIENT_HANDSHAKE_TRAFFIC_SECRET f16f75bdea65cf83e1732359ff14a91ec5818cfc69f29d2a24a034a0bfbc736b b4663c5964f00185115fbf4ee8897323b5e144de50c15d2e84e67c833cb98e82
SERVER_HANDSHAKE_TRAFFIC_SECRET f16f75bdea65cf83e1732359ff14a91ec5818cfc69f29d2a24a034a0bfbc736b ed9f664e1d626da184e404677eec00ac37f8ed8daff102e05d3b8fe9599475b5
CLIENT_TRAFFIC_SECRET_0 f16f75bdea65cf83e1732359ff14a91ec5818cfc69f29d2a24a034a0bfbc736b 0c61dd48aab7acc52d934ad2814275d65c6bbd0e5ee1d5d9b4a5ea85d2d5237e
SERVER_TRAFFIC_SECRET_0 f16f75bdea65cf83e1732359ff14a91ec5818cfc69f29d2a24a034a0bfbc736b de8545fd7395c59ac432a9720d59c739969b267548df3e8a70962c8fc88c3be6
EXPORTER_SECRET f16f75bdea65cf83e1732359ff14a91ec5818cfc69f29d2a24a034a0bfbc736b 40f8766837ce89b443582c6d878999e9dc9fa1c801dd09f7a54ed509dc8fcd59
CLIENT_HANDSHAKE_TRAFFIC_SECRET c6dba5723320ad1b13911328fbf67939e891519a8c8a57bc880db96fa894d745 e2a541b7e97410d049ad515ed54445fd904c529f8d2ba2c607422756548bf9c2
SERVER_HANDSHAKE_TRAFFIC_SECRET c6dba5723320ad1b13911328fbf67939e891519a8c8a57bc880db96fa894d745 5558b2d99f6ef95b7eadf4e906d3d95ee2d5492c8d67a781dcb1f1f9f02c3884
CLIENT_TRAFFIC_SECRET_0 c6dba5723320ad1b13911328fbf67939e891519a8c8a57bc880db96fa894d745 08a210d9fc302a723219af38c16647891534b6e6f507b4e04ab79877929d3fe5
SERVER_TRAFFIC_SECRET_0 c6dba5723320ad1b13911328fbf67939e891519a8c8a57bc880db96fa894d745 c22497e6d287cf660f8d645d86cecfd73513ad3adad6a7cda10c5bdc3f3dc23a
EXPORTER_SECRET c6dba5723320ad1b13911328fbf67939e891519a8c8a57bc880db96fa894d745 63cdeb180fa223968457e480a0363f7d7b17971ec96f28d67b0f8ae628ba07ff
CLIENT_HANDSHAKE_TRAFFIC_SECRET c1b9abe1328a21d8d1a50f44725d89def786b2cc313b38dd67ac4301e3f299da edeb048dd5d8c9fb865b49db5ea90f8c3e5abee48e0322df48b3ff721ea48b49
SERVER_HANDSHAKE_TRAFFIC_SECRET c1b9abe1328a21d8d1a50f44725d89def786b2cc313b38dd67ac4301e3f299da 7e78ebc13f41983a5e9a94a759e985ed1be40911cb0edbb294843132059e590d
CLIENT_TRAFFIC_SECRET_0 c1b9abe1328a21d8d1a50f44725d89def786b2cc313b38dd67ac4301e3f299da 6ae0737781fd3712b8df0791228b92d79985d1e01486ab2cbceb885f5b03e853
SERVER_TRAFFIC_SECRET_0 c1b9abe1328a21d8d1a50f44725d89def786b2cc313b38dd67ac4301e3f299da b0c45ae77eb1fe40c9517e2beec2dcf534f104fc4254eecde17354376189821a
EXPORTER_SECRET c1b9abe1328a21d8d1a50f44725d89def786b2cc313b38dd67ac4301e3f299da 1b6850b5143cd74427d70221c302c844cac889a4dc77a73e31ab1f373c1a9aa3
CLIENT_HANDSHAKE_TRAFFIC_SECRET 2fe302bd3398d12ba977b52b40480c40c7ea688a5b6df571633053796d5c6503 aa471c00a0d92e66808590925918fa90a92de183293a8ab78df073dbe358ef90
SERVER_HANDSHAKE_TRAFFIC_SECRET 2fe302bd3398d12ba977b52b40480c40c7ea688a5b6df571633053796d5c6503 bbf34268252a654b7151dbc90e315386c76ce427368ff6e367b9c10a3db8aa22
CLIENT_TRAFFIC_SECRET_0 2fe302bd3398d12ba977b52b40480c40c7ea688a5b6df571633053796d5c6503 ddce05ed357ba7da286a204deb1f843431575be05a1a9d1e1b01c6eeed4f25fc
SERVER_TRAFFIC_SECRET_0 2fe302bd3398d12ba977b52b40480c40c7ea688a5b6df571633053796d5c6503 44d4ac069b1cfccf67cc69d3fd18c8b0965c3bc4b967daa0baee442349aa203b
EXPORTER_SECRET 2fe302bd3398d12ba977b52b40480c40c7ea688a5b6df571633053796d5c6503 38837ff098ffaa8f08e284050226ee9f71dd1061a9ecac3ba75b9feddf613a7b
CLIENT_HANDSHAKE_TRAFFIC_SECRET e8d61d64730bd9b797f42c1ed28bf311cf23b42a1d2e61d2e2fa08f9f2d0e2e3 87359f079a78e5f12bf940e12bbfba4130133174e38b979ead346eaa37ba4bc4
SERVER_HANDSHAKE_TRAFFIC_SECRET e8d61d64730bd9b797f42c1ed28bf311cf23b42a1d2e61d2e2fa08f9f2d0e2e3 6c2e74aa8efdab33de1c02630b73943914abaa3974783ffd6846073f3dd44adf
CLIENT_HANDSHAKE_TRAFFIC_SECRET 86f5b46648fa6587e38b509cdf007f0d29c63770054e2c40147c3fa55ef51aac 27efb994b734cc523f16b477911cb4ecbc8f83500e4cf0b6de8e8a619023d7c4
SERVER_HANDSHAKE_TRAFFIC_SECRET 86f5b46648fa6587e38b509cdf007f0d29c63770054e2c40147c3fa55ef51aac a8474a30ad1edab1d4420ba428d7f739bdf7328964d353d53d3a4df7ef9dbe61
CLIENT_TRAFFIC_SECRET_0 86f5b46648fa6587e38b509cdf007f0d29c63770054e2c40147c3fa55ef51aac 2ab13223c4c53970d23b297344015ee7d4c4cc11fc182a10b2ff72f8de7eafb9
SERVER_TRAFFIC_SECRET_0 86f5b46648fa6587e38b509cdf007f0d29c63770054e2c40147c3fa55ef51aac d7292ea03e678b3de0959a6b441a9741e1be7167493c2ad3a350ab32d04fa21e
EXPORTER_SECRET 86f5b46648fa6587e38b509cdf007f0d29c63770054e2c40147c3fa55ef51aac 7a34cfed85ce4139a41c91a353a07aa1cb11c11a9e37fe50910de1f260ca0f88
CLIENT_TRAFFIC_SECRET_0 e8d61d64730bd9b797f42c1ed28bf311cf23b42a1d2e61d2e2fa08f9f2d0e2e3 7d7c22ef613ebc0707a4b5b3b99186380570c7e4d0c24f9975a946b076e4c45f
SERVER_TRAFFIC_SECRET_0 e8d61d64730bd9b797f42c1ed28bf311cf23b42a1d2e61d2e2fa08f9f2d0e2e3 af74ba3df981e13968b9f5ec5b394ccf5ae16d15d84a40f31b1992b11358a982
EXPORTER_SECRET e8d61d64730bd9b797f42c1ed28bf311cf23b42a1d2e61d2e2fa08f9f2d0e2e3 c400d38e642a02a840eeb66c3c9bb54dfdc31824d884c8392887fe2764f66666
CLIENT_HANDSHAKE_TRAFFIC_SECRET 08bc85cdd38d2df1975c64d7074408bd120c99a41f861d4cf25917f02dc78d2f 7fb6a2e78d61496824946bb3ed54e49d474183b257cfd6a69674866445bcf0d7
SERVER_HANDSHAKE_TRAFFIC_SECRET 08bc85cdd38d2df1975c64d7074408bd120c99a41f861d4cf25917f02dc78d2f ce37693b7ba0a1f67015094bd8c68b3f94801cee881cbdea906ed025b7f119cf
CLIENT_TRAFFIC_SECRET_0 08bc85cdd38d2df1975c64d7074408bd120c99a41f861d4cf25917f02dc78d2f 5b31d510eecf9cee5bab7e0f9af1ce799bb519c131a20946be8c7279a443e6fa
SERVER_TRAFFIC_SECRET_0 08bc85cdd38d2df1975c64d7074408bd120c99a41f861d4cf25917f02dc78d2f e3e336815dfe919dcebdc4e01826a68d57f3d4e1385c3e92906a09d2d93a6919
EXPORTER_SECRET 08bc85cdd38d2df1975c64d7074408bd120c99a41f861d4cf25917f02dc78d2f 2f96e35d7c10a0128823cdbb1b42f76844fed5cddcbb5af7528ef632eced8efd
CLIENT_HANDSHAKE_TRAFFIC_SECRET 1687325a666a6cb68f04fca7b2e1ad4ef55681eeb0318c7a26add961e763b6d5 98849fc2ab46e771a5a8c0eb63ed6f7aa615a71aa35c10679456f9e197c76681
SERVER_HANDSHAKE_TRAFFIC_SECRET 1687325a666a6cb68f04fca7b2e1ad4ef55681eeb0318c7a26add961e763b6d5 039d1c20a545938b8eda3ceb9e441b4a24f28ec5fd1f65288e79917d5bf7c3e4
CLIENT_TRAFFIC_SECRET_0 1687325a666a6cb68f04fca7b2e1ad4ef55681eeb0318c7a26add961e763b6d5 9a54589972a90d111c5dfcac2f5575e564c976f98efc4c8a89d143d5c862228b
SERVER_TRAFFIC_SECRET_0 1687325a666a6cb68f04fca7b2e1ad4ef55681eeb0318c7a26add961e763b6d5 0afa6c858c3125bc2b7505b4525e7e5031c868244d71f0603825da81c7181c13
EXPORTER_SECRET 1687325a666a6cb68f04fca7b2e1ad4ef55681eeb0318c7a26add961e763b6d5 bd2ad83ed532b3ca153565098eeacce00f7434ff8252ace79bc724cb70a92abe
CLIENT_HANDSHAKE_TRAFFIC_SECRET 67c238f9153bcdde7352ce880a855f82c3de9ef23fb90013c6d3c50469671358 5bd9062d82c7fdb09a0180b82c26b100c795e2b1015a61815dca91eed083c43e
SERVER_HANDSHAKE_TRAFFIC_SECRET 67c238f9153bcdde7352ce880a855f82c3de9ef23fb90013c6d3c50469671358 e1dce5b1de562fc62a3db9b7f9d087bab42aa582140ccfd33b4392863b4da69f
CLIENT_HANDSHAKE_TRAFFIC_SECRET 7b50662f1efd7e1b83363c5b731264696d11623bd41231a64711cb0f69f0bfa6 7bef36e911b54ec9d403ce8e92bfdc5fa773aff8bffb149b130ab9f180044871
SERVER_HANDSHAKE_TRAFFIC_SECRET 7b50662f1efd7e1b83363c5b731264696d11623bd41231a64711cb0f69f0bfa6 f543b5745ba5399effa3e3af6073fae8207c1a22edd6173ae2c2e703185dbfc3
CLIENT_TRAFFIC_SECRET_0 67c238f9153bcdde7352ce880a855f82c3de9ef23fb90013c6d3c50469671358 4d28c66f83272ffff2dca35dba30eb5baa446d17e005766e061fbe63346976f7
SERVER_TRAFFIC_SECRET_0 67c238f9153bcdde7352ce880a855f82c3de9ef23fb90013c6d3c50469671358 090e8b3d7f965f35708911c3860145110a0c3eefe8ffd4492790c8ffe89c1c09
EXPORTER_SECRET 67c238f9153bcdde7352ce880a855f82c3de9ef23fb90013c6d3c50469671358 a4399124f945e54e4894af989c943beb07150241c0ecfe3c228047e1b16911a7
CLIENT_RANDOM c510dc8798484730378492e376250035ddaa985cbb8a0676e3b2a09edc8564cc 00b38fd5a660f603bb10cde910b57a709fa815f65a619e683302f56e0de984038db51f36bd136b8a88c6604b564221e0
CLIENT_TRAFFIC_SECRET_0 7b50662f1efd7e1b83363c5b731264696d11623bd41231a64711cb0f69f0bfa6 a18d1c4f52a177fae23eced8261329be38c019284d5c08244965bd8c12b370ed
SERVER_TRAFFIC_SECRET_0 7b50662f1efd7e1b83363c5b731264696d11623bd41231a64711cb0f69f0bfa6 678eb5d023ea55b574b19e2cf08a9015b807cea71974eb10039f4de643d19094
EXPORTER_SECRET 7b50662f1efd7e1b83363c5b731264696d11623bd41231a64711cb0f69f0bfa6 84e4c9b481684c625206bafb053d54ad0b141db32e6a66ba481148d3fe94c8a8
CLIENT_RANDOM 7fca9a454454a4dcc2dd60c96343e305718b958179f139e8c19a403b6b53d0cc 3c8a740979ae2bb6e2eea62d62f08ba68f55ce5a2ade020966e2000d893594952628749709c186f5822a178fc037f3b3
CLIENT_HANDSHAKE_TRAFFIC_SECRET 300ae5135e998e0eb8bbc4677f5654700c02e9ea91320188854a02518ea14a6c 16653acbb85531bf122da14882f89fa3db20489c3bea1b3b004b5781c687faa2
SERVER_HANDSHAKE_TRAFFIC_SECRET 300ae5135e998e0eb8bbc4677f5654700c02e9ea91320188854a02518ea14a6c a40b15a5f983c7a2878341d47a956d6b19bcd7938a296f9a0658c0fd7b4fa7c0
CLIENT_TRAFFIC_SECRET_0 300ae5135e998e0eb8bbc4677f5654700c02e9ea91320188854a02518ea14a6c 3d06ce8a00495ebefb2d5298e79905767f47900c5ec5d71a66fecb161ddcadf2
SERVER_TRAFFIC_SECRET_0 300ae5135e998e0eb8bbc4677f5654700c02e9ea91320188854a02518ea14a6c 6ff6a18f22c724ba04fb740fda198731f22080bd2e626bb643a77bd613402d6e
EXPORTER_SECRET 300ae5135e998e0eb8bbc4677f5654700c02e9ea91320188854a02518ea14a6c 0363b7180e48f86071406910107600b9f3ae6bbedb5f867ad9efdb43ba994b93
CLIENT_HANDSHAKE_TRAFFIC_SECRET 46fb941ddc09522320454e2c1a97102def9ddb701689c429a2f4199c9b95f19e ee3665ca0268421b35303e7ca0165b43fd9c797d11044677c0abc78877c9edc2
SERVER_HANDSHAKE_TRAFFIC_SECRET 46fb941ddc09522320454e2c1a97102def9ddb701689c429a2f4199c9b95f19e 9b382ad304463e54c9b91d605572973eb4b0495b21cdd865e2872d32e6e7d800
CLIENT_HANDSHAKE_TRAFFIC_SECRET bc650866d18227fc189633308f987f1017ba570ff39aefed44a18af19416efec c02ef30634f0d371946494e2256b33f430e003aa1ae653a9cfad75cd3119b63d
SERVER_HANDSHAKE_TRAFFIC_SECRET bc650866d18227fc189633308f987f1017ba570ff39aefed44a18af19416efec 8b93f5a66b2757ef42e2e9a5a31ba7dad9090544d8b1138689bf18554d5a7650
CLIENT_TRAFFIC_SECRET_0 46fb941ddc09522320454e2c1a97102def9ddb701689c429a2f4199c9b95f19e 92fc307c4b0c432165f747b82f0416d9b73764a989ab70b962a6b0c1cd3851bf
SERVER_TRAFFIC_SECRET_0 46fb941ddc09522320454e2c1a97102def9ddb701689c429a2f4199c9b95f19e a97494b58d32f0f0bae603f4ad3d3ba8da318e51bb577d6370427ae07c3a6ed4
EXPORTER_SECRET 46fb941ddc09522320454e2c1a97102def9ddb701689c429a2f4199c9b95f19e eac6d06ec6a661d753def4f9a3f7040caabd5b7e62c89767481af302f59b17ee
CLIENT_TRAFFIC_SECRET_0 bc650866d18227fc189633308f987f1017ba570ff39aefed44a18af19416efec f731129940e1a1661c282ed21cdee0be5cb4eb3ddafa75da5c8787a7ab38b160
SERVER_TRAFFIC_SECRET_0 bc650866d18227fc189633308f987f1017ba570ff39aefed44a18af19416efec 6431109f172899fe9ed7e31c1d70b16ddd9fb47d5b1466dbe7036eddba4ef2e4
EXPORTER_SECRET bc650866d18227fc189633308f987f1017ba570ff39aefed44a18af19416efec 9cfea1f5412923f96622e8d052aa595fe440055970ca591453a8177210b319f7
CLIENT_HANDSHAKE_TRAFFIC_SECRET 4d0a9197a91434f9cadc1c4cd8c2f64bb4a23a11070117a9f05d1a105996dea0 31edab1dd8a948bc4b87a4a46375ac7cce73ed81c220e08cca0a83e42779ad3d
SERVER_HANDSHAKE_TRAFFIC_SECRET 4d0a9197a91434f9cadc1c4cd8c2f64bb4a23a11070117a9f05d1a105996dea0 ad822c68d671c468867e54df91bd2b796733600409baf75563c6bb0af0589d9c
CLIENT_TRAFFIC_SECRET_0 4d0a9197a91434f9cadc1c4cd8c2f64bb4a23a11070117a9f05d1a105996dea0 1e9cf01a230e3afe7b4942203f41dd4d9d1f8c6d8b5e2d35b1e12bc516dc1df3
SERVER_TRAFFIC_SECRET_0 4d0a9197a91434f9cadc1c4cd8c2f64bb4a23a11070117a9f05d1a105996dea0 cf98b71d6fcfd33a1f8c908b457ed441e921a07938dbc9bdbe85401c4195ad07
EXPORTER_SECRET 4d0a9197a91434f9cadc1c4cd8c2f64bb4a23a11070117a9f05d1a105996dea0 2d5cbd38a3625b2b977d4c68f91d50986bb033f2dbcfb2b70ab6580892b6444d
CLIENT_HANDSHAKE_TRAFFIC_SECRET 4defe9e09ed3855e7e50e0826556bcb692e55933f41db6f8adb213edf8277315 170a79d3e7053e7fc69440743674b907d2ee59794e5fad08014eb1c989f53909
SERVER_HANDSHAKE_TRAFFIC_SECRET 4defe9e09ed3855e7e50e0826556bcb692e55933f41db6f8adb213edf8277315 e96f7f8a7e9f538739bd58b737282652cf5e9be22999ecd41fca11455e27a544
CLIENT_TRAFFIC_SECRET_0 4defe9e09ed3855e7e50e0826556bcb692e55933f41db6f8adb213edf8277315 dfa147f3431833f6d26485fad7857a2177fefe2682bf1bc2de2afb8b18ad8b10
SERVER_TRAFFIC_SECRET_0 4defe9e09ed3855e7e50e0826556bcb692e55933f41db6f8adb213edf8277315 ee8e3f2677f8804deb34bebc39321bc291f951009152fe94e0660c53c8e51dcf
EXPORTER_SECRET 4defe9e09ed3855e7e50e0826556bcb692e55933f41db6f8adb213edf8277315 990c9df26d684644489bc9087c7cff3cdde30012c8188c772eca28bb45a4400a
CLIENT_HANDSHAKE_TRAFFIC_SECRET 8d0703b19a7bf18ff3cad9ad0fa583045e9ed4eb925ba2f535b4a31cdf483253 b31122b29d5791181fb7fbc587909f8825d785ad78967ae33d87628dfab77355
SERVER_HANDSHAKE_TRAFFIC_SECRET 8d0703b19a7bf18ff3cad9ad0fa583045e9ed4eb925ba2f535b4a31cdf483253 4aaaa64c270dde9cb28f5efa58dd65be3fece1b705539cb7f65b4ae31e007972
CLIENT_TRAFFIC_SECRET_0 8d0703b19a7bf18ff3cad9ad0fa583045e9ed4eb925ba2f535b4a31cdf483253 85ab0e44ef9b87b258dbf49d6f4e0608aaca6f641457ae96fbe9407b38a580a9
SERVER_TRAFFIC_SECRET_0 8d0703b19a7bf18ff3cad9ad0fa583045e9ed4eb925ba2f535b4a31cdf483253 17f83549a36f5ef900e4fdc28f25f59317ef5921c4c6a5e30bac0be4e3bdc9da
EXPORTER_SECRET 8d0703b19a7bf18ff3cad9ad0fa583045e9ed4eb925ba2f535b4a31cdf483253 d7afc91a3ef01c76645112f0a4facc8b7c9f16aebf96ee6ef7a3034c2a40b3bb
CLIENT_HANDSHAKE_TRAFFIC_SECRET 91910d0b7fdc8ac437d98294aa3d9ed910b221edf4dc3acf7a967cd5b089d157 bc9212b9d9158f62714f56052cac193e3a2251fc371070a8888be6c4f095fee1
SERVER_HANDSHAKE_TRAFFIC_SECRET 91910d0b7fdc8ac437d98294aa3d9ed910b221edf4dc3acf7a967cd5b089d157 28c6a23689da51996715dad61c570b57f674f48b9193ddb4c193a7f00dae24b0
CLIENT_TRAFFIC_SECRET_0 91910d0b7fdc8ac437d98294aa3d9ed910b221edf4dc3acf7a967cd5b089d157 383e592b2e1332b6637e8420ead7382a018512541fd9a71b6d74be48ba4b9380
SERVER_TRAFFIC_SECRET_0 91910d0b7fdc8ac437d98294aa3d9ed910b221edf4dc3acf7a967cd5b089d157 f67b546a792e2f7dc990d771b225e827474f8fe6e1b4e9024e335e7c88cb2d76
EXPORTER_SECRET 91910d0b7fdc8ac437d98294aa3d9ed910b221edf4dc3acf7a967cd5b089d157 7962bd15e2d8cf1a8f0c1b1170ec71d67a916000c78ddf303ccb3f3089d020b7
CLIENT_HANDSHAKE_TRAFFIC_SECRET 8fbe0eb685ff3dd09183ffd4e0290c7413ec0638e6b95b6c05bb801457a0628f 42818f5b33e7633f6d2b327f0fc9f6cc004f08df943e9982174c3ee51f65e153
SERVER_HANDSHAKE_TRAFFIC_SECRET 8fbe0eb685ff3dd09183ffd4e0290c7413ec0638e6b95b6c05bb801457a0628f 4fcf8dc0e1ff5b04d094219ca56e45c29a4e708b5b168625bb67cecdf86eaee3
CLIENT_TRAFFIC_SECRET_0 8fbe0eb685ff3dd09183ffd4e0290c7413ec0638e6b95b6c05bb801457a0628f fe6da8d6d52454a2f4e851e864e38f5eb977337affcb2e9f8cf23f5e06ef2990
SERVER_TRAFFIC_SECRET_0 8fbe0eb685ff3dd09183ffd4e0290c7413ec0638e6b95b6c05bb801457a0628f 6e116f2482b5205037d463ab68b9887f887536d20b0696cc59e9690077db4ef0
EXPORTER_SECRET 8fbe0eb685ff3dd09183ffd4e0290c7413ec0638e6b95b6c05bb801457a0628f 78fc4a24fccaeb58293a7c39c6bc3b672192028fc5f0ffabf2317f6d0b4c4d34
CLIENT_HANDSHAKE_TRAFFIC_SECRET 0591173cd692401b2c36026264039d6d4695b2a584849e7f578fd57d9d88f640 bf7717e2fabe2a5ab37aed5e06c062be3e0f3cc98522fc91122cf17abf3a3ed6
SERVER_HANDSHAKE_TRAFFIC_SECRET 0591173cd692401b2c36026264039d6d4695b2a584849e7f578fd57d9d88f640 264bb1b67dc2c9bddee7ac92a988822b43c379d48fb2555ab3b8ec08fd42eed7
CLIENT_TRAFFIC_SECRET_0 0591173cd692401b2c36026264039d6d4695b2a584849e7f578fd57d9d88f640 5e58546264aaf85dacaa95f4a1a5c6c54a846e672c3f8ff3bffd4f29f6338487
SERVER_TRAFFIC_SECRET_0 0591173cd692401b2c36026264039d6d4695b2a584849e7f578fd57d9d88f640 588b301e8ad7d208b3c550fe65367386d9b9f686157f2dfcf558937aaf405869
EXPORTER_SECRET 0591173cd692401b2c36026264039d6d4695b2a584849e7f578fd57d9d88f640 0b6a9b18c89afcbd43a942004674929f39c4e8d00daac557ed8aa9208eee6151
CLIENT_HANDSHAKE_TRAFFIC_SECRET aa4907b0b8dd10bf208044a5c9dc3a26ccb17b54309446076a88e7093fe4ee55 94fd4601cb98e09ab981091ff240dcb61df03754081c2aee2eb04d77b189d8c4
SERVER_HANDSHAKE_TRAFFIC_SECRET aa4907b0b8dd10bf208044a5c9dc3a26ccb17b54309446076a88e7093fe4ee55 b76f3a4461887a7d66578f6563e8a992e50878bfb888719d2a798cfc211c99bb
CLIENT_TRAFFIC_SECRET_0 aa4907b0b8dd10bf208044a5c9dc3a26ccb17b54309446076a88e7093fe4ee55 bb85c0537e20b881cf923297f155d27dd8f4b2e494ccd3618b8bcc20306e2a80
SERVER_TRAFFIC_SECRET_0 aa4907b0b8dd10bf208044a5c9dc3a26ccb17b54309446076a88e7093fe4ee55 5554c11ec7fce337b75ed1c00d1aafdbc9bccabc3c63c7e1321b87e160500c1b
EXPORTER_SECRET aa4907b0b8dd10bf208044a5c9dc3a26ccb17b54309446076a88e7093fe4ee55 e82a0457e92c74ad761d2f20436323c051b6332ddd456d9e7c042bd07c5367b3
CLIENT_HANDSHAKE_TRAFFIC_SECRET d47c96ef62df8fc0c19e2b219f40a1b0382e661b8dd85767a12d6fd43b4c595b e62e8c66a408b682315066ffc7ea1e4cabaee5bea4c9ab3a85c5887b025f0a3d
SERVER_HANDSHAKE_TRAFFIC_SECRET d47c96ef62df8fc0c19e2b219f40a1b0382e661b8dd85767a12d6fd43b4c595b 27b626dcf659511b253f4b36e72ff4521cfaef548092010c6219fde330c5ed49
CLIENT_TRAFFIC_SECRET_0 d47c96ef62df8fc0c19e2b219f40a1b0382e661b8dd85767a12d6fd43b4c595b d028f27e0877c753360f7984e080fafa2e7440e69f9cb12a29ea72c7e8c248d0
SERVER_TRAFFIC_SECRET_0 d47c96ef62df8fc0c19e2b219f40a1b0382e661b8dd85767a12d6fd43b4c595b 7cf59709bc5b1864567a92a0a5f50722f5c7f0a92493287acf25a0c46079b224
EXPORTER_SECRET d47c96ef62df8fc0c19e2b219f40a1b0382e661b8dd85767a12d6fd43b4c595b f85a2e9bed0306e881a5e92a39bf5adf53799be4cfae9b2105b3857b006e818e
CLIENT_HANDSHAKE_TRAFFIC_SECRET 804ca733304af6df2691a0d0b0a3a0a00185b99b7a2ef2821bbeb69f199e0e1e dcf35057eaa9b31f385b244cef19f0e320684265286be61a6c5b7e22b0df602a
SERVER_HANDSHAKE_TRAFFIC_SECRET 804ca733304af6df2691a0d0b0a3a0a00185b99b7a2ef2821bbeb69f199e0e1e a11827a93abf6a243ffa1143cb93106b0c0496a4db8b9c1411fc6ba16bf12ef0
CLIENT_TRAFFIC_SECRET_0 804ca733304af6df2691a0d0b0a3a0a00185b99b7a2ef2821bbeb69f199e0e1e 3b10a00f2c592eb99226fc6a313a1d9bdeb2eaff25bc2a7dd901858d096a5a70
SERVER_TRAFFIC_SECRET_0 804ca733304af6df2691a0d0b0a3a0a00185b99b7a2ef2821bbeb69f199e0e1e 3dc594544187ac4b96e8e9b9c20694f8ee6e1d1dc376c259f47d6e19313ecd39
EXPORTER_SECRET 804ca733304af6df2691a0d0b0a3a0a00185b99b7a2ef2821bbeb69f199e0e1e 4038c45f508e999af9c11a022d9fd78b0f3fdcb369fc20ce3040404abdb04737
CLIENT_HANDSHAKE_TRAFFIC_SECRET 3bced803e063674224e08fe4ba34e282befad24542c5b3b0bd82c032d5fb1b9b 3707dcf4fb0a6ecfde6840bbc971cb59a8be746c68f7e8bd2b039d90da977c59
SERVER_HANDSHAKE_TRAFFIC_SECRET 3bced803e063674224e08fe4ba34e282befad24542c5b3b0bd82c032d5fb1b9b 8949a0186760033abb3000a7c4d0a3168e5be6d9553c98257f5d933dbfa420ed
CLIENT_TRAFFIC_SECRET_0 3bced803e063674224e08fe4ba34e282befad24542c5b3b0bd82c032d5fb1b9b 506758efb73e92b0b88dc947cfabfc16950381a0fb26a340dfb04508a6d11db1
SERVER_TRAFFIC_SECRET_0 3bced803e063674224e08fe4ba34e282befad24542c5b3b0bd82c032d5fb1b9b d15ef1d9550bdbbca1b449c648cfe183f4bcba0a404e97596eee57554f5f53a6
EXPORTER_SECRET 3bced803e063674224e08fe4ba34e282befad24542c5b3b0bd82c032d5fb1b9b a3d554b8059386014788ba4f2068db52c578c5def09ec0200347def0a1487c85
CLIENT_HANDSHAKE_TRAFFIC_SECRET 003b4ee64a8fa5b65aaec0fb62d3b69c1a38b2f2cc3630013203c72e2ff7b502 c3f6dd53c209d35e56f9b952bb7fbfd8e39de871d67a66ed094d9187c090855a
SERVER_HANDSHAKE_TRAFFIC_SECRET 003b4ee64a8fa5b65aaec0fb62d3b69c1a38b2f2cc3630013203c72e2ff7b502 8743aafa8c57396e756091226a630797abb69ae92503eb751763794413a96b37
CLIENT_TRAFFIC_SECRET_0 003b4ee64a8fa5b65aaec0fb62d3b69c1a38b2f2cc3630013203c72e2ff7b502 020f2097b232053f4e678c7ea956216bf42cd631ad4c89e7bf0b93cfc2b38186
SERVER_TRAFFIC_SECRET_0 003b4ee64a8fa5b65aaec0fb62d3b69c1a38b2f2cc3630013203c72e2ff7b502 acfd7dc8525a882e0ef50d510ab3a80f986ff9a335ce1c2df64a563d35066c2a
EXPORTER_SECRET 003b4ee64a8fa5b65aaec0fb62d3b69c1a38b2f2cc3630013203c72e2ff7b502 6d2e261bb6b197fcc2e230ff8ee581d0bc7b602e235bb3044d1e4ec0a2cc2b00
CLIENT_HANDSHAKE_TRAFFIC_SECRET 7fa2eb3ee916e3b9111f6920e0b896c7bd944cdb73828bcf3ecabaeabdd5990f 40229c236a4cdbb1f99b9187894e2aa08c8881dcfe92c874fc28c40378eb641a
SERVER_HANDSHAKE_TRAFFIC_SECRET 7fa2eb3ee916e3b9111f6920e0b896c7bd944cdb73828bcf3ecabaeabdd5990f abb6476c2d6103c0f66afc9bb572ced36aa8534d8cf736d07426ecd9ab3a6a95
CLIENT_TRAFFIC_SECRET_0 7fa2eb3ee916e3b9111f6920e0b896c7bd944cdb73828bcf3ecabaeabdd5990f 3811fc720b1a3f0fff5ce5145da2cdaac47ce72d5c2d8964c866d05c4b233f67
SERVER_TRAFFIC_SECRET_0 7fa2eb3ee916e3b9111f6920e0b896c7bd944cdb73828bcf3ecabaeabdd5990f 82b543e602c061df012ad7eb2a7e5a0d5d5aeaed49d04659f6c939dc71dba83e
EXPORTER_SECRET 7fa2eb3ee916e3b9111f6920e0b896c7bd944cdb73828bcf3ecabaeabdd5990f 757538056765a324d9836f7a1cce002dae0cb1d424b59aee0965c9a0962fda43
CLIENT_HANDSHAKE_TRAFFIC_SECRET 2be03a1f5bce06a6507456f3db5a4ebeb25384e40a2c9c8f57cd3cc1b672d21f 2a8704ede233da04970eb3c0f5fa3cdf4be3a9a8af641ad61557a12359bca9a1
SERVER_HANDSHAKE_TRAFFIC_SECRET 2be03a1f5bce06a6507456f3db5a4ebeb25384e40a2c9c8f57cd3cc1b672d21f 523d7d67fce1b76ff3683c98e8ce88a75ec6625b8a512d3e5ddb1f4453f87c55
CLIENT_HANDSHAKE_TRAFFIC_SECRET e0733c73a62cf58b13dc0a5a534b1196527eee3f194511ea235db336dff51f83 41b611543aebbf0b6400f70e9b51dac43bb937a27a208c694831f1c66b7ab799
SERVER_HANDSHAKE_TRAFFIC_SECRET e0733c73a62cf58b13dc0a5a534b1196527eee3f194511ea235db336dff51f83 d33059144dcce058e4d9958bda8be1e4b4541bfce2ccfb6e61a91c0882c1f018
CLIENT_HANDSHAKE_TRAFFIC_SECRET 0dedae3e4f99623a43e7272aacb3cca468e0164c140724d3da6c25a99702a2dc 3ab7fba6e61e34559b64d681f1b225beb140833a266b7e207ebaed6f2c41eea2
SERVER_HANDSHAKE_TRAFFIC_SECRET 0dedae3e4f99623a43e7272aacb3cca468e0164c140724d3da6c25a99702a2dc 7ba22e22d6c7a0e17eb0cc45014ad36d21e57d0299164b3fe4b79878f58bca48
CLIENT_HANDSHAKE_TRAFFIC_SECRET 80b9789775dbc4cdbc4f7777fcfbb9a98cb5c314ad98ba6b86cbee16552b37be a60d46b79a09404b6ab20ec06e3a43c9c3b04bdbfe3e2ced11ba22b000dfdc20
SERVER_HANDSHAKE_TRAFFIC_SECRET 80b9789775dbc4cdbc4f7777fcfbb9a98cb5c314ad98ba6b86cbee16552b37be 5eae480d7ca602ba1253d8863f83cfd6a2b8d218585c1282cc74130c172bd41c
CLIENT_TRAFFIC_SECRET_0 2be03a1f5bce06a6507456f3db5a4ebeb25384e40a2c9c8f57cd3cc1b672d21f 2eb7821d7b09c575ffa44deb22f876682a5af30b64a493ab187d1144fb3d2b34
SERVER_TRAFFIC_SECRET_0 2be03a1f5bce06a6507456f3db5a4ebeb25384e40a2c9c8f57cd3cc1b672d21f a9c0dc95e06abf36a843c300dce1bab55254cad16a0fd3989fe0dbea4e858e1a
EXPORTER_SECRET 2be03a1f5bce06a6507456f3db5a4ebeb25384e40a2c9c8f57cd3cc1b672d21f 6c2138fa1bb62d9552d1e2e49f5a9bfe4e4d8675aabaa11f56e35c65759e8240
CLIENT_TRAFFIC_SECRET_0 0dedae3e4f99623a43e7272aacb3cca468e0164c140724d3da6c25a99702a2dc 2406060677a63158d98fef9a3bad50bd0c1122c504fa65635405c8692f803f10
SERVER_TRAFFIC_SECRET_0 0dedae3e4f99623a43e7272aacb3cca468e0164c140724d3da6c25a99702a2dc a26d50c9bb1560cd1eabc7064efe1601dcc1d6f398e697b2a034b4ed66128159
EXPORTER_SECRET 0dedae3e4f99623a43e7272aacb3cca468e0164c140724d3da6c25a99702a2dc 85b20a2d634afb3d5681eeef931839232ae19d480fc4a02452eaadf3c35f7e82
CLIENT_TRAFFIC_SECRET_0 e0733c73a62cf58b13dc0a5a534b1196527eee3f194511ea235db336dff51f83 f13da4d4b9edc4bf4b1b69d7d7cd017927f948d21459c4abb8fe14f0889c1277
SERVER_TRAFFIC_SECRET_0 e0733c73a62cf58b13dc0a5a534b1196527eee3f194511ea235db336dff51f83 fd026c24ca643411834ec86d7a7fe9d96c71be03399460e5e7fae40b6687bb19
EXPORTER_SECRET e0733c73a62cf58b13dc0a5a534b1196527eee3f194511ea235db336dff51f83 0d0b1470ceea99245a31f0f34799f6f7a47278645ab2466c2d0e7520fdcfc5f6
CLIENT_RANDOM bd3c74a82a3f8847be257e0b53a8c441eed630a6eff7f4d23b2953020a1e86e3 0afb810a96e9d442277ab0453a8d4e24c81d02ee0853095f759fe02d3e795b9ac5cc8cb95871ca745da0d26c2e2c65e1
