CLIENT_HANDSHAKE_TRAFFIC_SECRET d8f0e758618107e8f8cd095ca3b700dcf52376444dbb51642b6f1cbb30b0d196 464f740d1481c1a0e0c11ce7adb85d6913eadd2db259740d214839538b4ebadf
SERVER_HANDSHAKE_TRAFFIC_SECRET d8f0e758618107e8f8cd095ca3b700dcf52376444dbb51642b6f1cbb30b0d196 87214ad681574834e7d4e1b9fbf13db14dabae737ad2b3fd954b4bec4b484d36
CLIENT_TRAFFIC_SECRET_0 d8f0e758618107e8f8cd095ca3b700dcf52376444dbb51642b6f1cbb30b0d196 06a8d350c67d8844124dc96b15174033a4ce0ed627b37f4e75f0e3d24d3eb0a2
SERVER_TRAFFIC_SECRET_0 d8f0e758618107e8f8cd095ca3b700dcf52376444dbb51642b6f1cbb30b0d196 c94e6316f33bb1d2f1f77f61b7ccd1e6e1a64f0e99560c0751175b0ccc1ce080
EXPORTER_SECRET d8f0e758618107e8f8cd095ca3b700dcf52376444dbb51642b6f1cbb30b0d196 927452a74cfd37f16d89bae0a727ede5183bd3a67ea89a538ffc8340c4ad36c5
CLIENT_HANDSHAKE_TRAFFIC_SECRET 43bcbc9147610575def9f2d4e1bdcf23661e078357d57cf47f965270f1b08946 d4059e9a36d63b84c904927783a4494730b47bc0d60066ca5f2c79317865d3e7
SERVER_HANDSHAKE_TRAFFIC_SECRET 43bcbc9147610575def9f2d4e1bdcf23661e078357d57cf47f965270f1b08946 ac9ab8cf18c7599093bb8e0bf87097163379d6a40ccf1a15b02d72f147ec1dc2
CLIENT_TRAFFIC_SECRET_0 43bcbc9147610575def9f2d4e1bdcf23661e078357d57cf47f965270f1b08946 4cd986ca621ac9800765aedc6fb4ee8911d61a9fa4e9f7511be0bcf36057deec
SERVER_TRAFFIC_SECRET_0 43bcbc9147610575def9f2d4e1bdcf23661e078357d57cf47f965270f1b08946 87ae6e4b2836e3c74d830071266ecd20babf7d82441c75483ef39fd4ca47b695
EXPORTER_SECRET 43bcbc9147610575def9f2d4e1bdcf23661e078357d57cf47f965270f1b08946 5a50bdc0ca0dfa9f2d45b7735e585f13686fd4c38d8f6534344954e94f86f491
CLIENT_HANDSHAKE_TRAFFIC_SECRET 466d8821a91b4acfce253a5c0c9383b9ad06204f56fa45a85c5439b1348193ec a5ddb968783af876c3f240d8435499c8ac9d1c73e8ea0a865f99b3ce00d5751b
SERVER_HANDSHAKE_TRAFFIC_SECRET 466d8821a91b4acfce253a5c0c9383b9ad06204f56fa45a85c5439b1348193ec 4bb404b07e9b15f9c705a050feac7ba87eb1025e855e61c8801b5eabb9c1c2c9
CLIENT_TRAFFIC_SECRET_0 466d8821a91b4acfce253a5c0c9383b9ad06204f56fa45a85c5439b1348193ec 21e7afb86808e9615fdada42bd805a8e08dd23c9da75639b31048c3496b86aed
SERVER_TRAFFIC_SECRET_0 466d8821a91b4acfce253a5c0c9383b9ad06204f56fa45a85c5439b1348193ec 8dbc7ab385405af282689b1d83091c901b1e279cf18d739972ab01f3ec4ae85c
EXPORTER_SECRET 466d8821a91b4acfce253a5c0c9383b9ad06204f56fa45a85c5439b1348193ec cf539f648948099bc9c4f9b4077cc7ddf1dcae78052d2a1b16253a68c51b64a5
CLIENT_HANDSHAKE_TRAFFIC_SECRET f8b85c35f04ea5cb75505a5dfcce134e0485af02393182a8967d1c93123cbacc ba8f5ef672181a573f863fdf7deee0fe63033eddc2d1ee512f3c885f0d8e075c
SERVER_HANDSHAKE_TRAFFIC_SECRET f8b85c35f04ea5cb75505a5dfcce134e0485af02393182a8967d1c93123cbacc 0508fc978d924bf0a796cbb6c990da4d59c361fdde0f2028cc0a0465ee9c4014
CLIENT_TRAFFIC_SECRET_0 f8b85c35f04ea5cb75505a5dfcce134e0485af02393182a8967d1c93123cbacc c01efa44c195d0d5cb7815c357c2a2a78b2736f5333ec7db09b5374f80e51d75
SERVER_TRAFFIC_SECRET_0 f8b85c35f04ea5cb75505a5dfcce134e0485af02393182a8967d1c93123cbacc 144a7942ec5801f864222b9064e1b32f0be1148f6b5e271a47b766d1944fcbb2
EXPORTER_SECRET f8b85c35f04ea5cb75505a5dfcce134e0485af02393182a8967d1c93123cbacc 8dff01968e3ea456e3f6a03b414d3070064fb25a9fd75fff90dd8ebf05a3ee03
CLIENT_HANDSHAKE_TRAFFIC_SECRET c0f30cc933e2faa4029ff8671a455407976065a9766db46a04eb7d1d30047eb5 f128a74e43a9ae4ddb4f12f75a4438e62c62833d40efc8e5cf4d6e537e2a8dac
SERVER_HANDSHAKE_TRAFFIC_SECRET c0f30cc933e2faa4029ff8671a455407976065a9766db46a04eb7d1d30047eb5 42d8bdbdd9b4ad3f35feb1255278f5212d1f693009dd3e45c26ba0d4c7da2394
CLIENT_TRAFFIC_SECRET_0 c0f30cc933e2faa4029ff8671a455407976065a9766db46a04eb7d1d30047eb5 60c30f10d6aa2d65ff4f5df3a0bfafdce7abe6745e2dddb5af0872d33d838062
SERVER_TRAFFIC_SECRET_0 c0f30cc933e2faa4029ff8671a455407976065a9766db46a04eb7d1d30047eb5 dcaebff11c58e841898818487c0f067c23c4bfaac2345b386277996b18e11739
EXPORTER_SECRET c0f30cc933e2faa4029ff8671a455407976065a9766db46a04eb7d1d30047eb5 97dd3e1ffa51f7aa1006261bfb7b326e5174141d5d981959b3f16950b9091b9f
CLIENT_HANDSHAKE_TRAFFIC_SECRET 03f656ec38d979b5c3861112e1bf45b583e67b69a238e874484d417006a8ae18 9c96437706353568628b6b68c12ce7111f2aa1b0f3eb26cb8f1de0381b0eb4a4
SERVER_HANDSHAKE_TRAFFIC_SECRET 03f656ec38d979b5c3861112e1bf45b583e67b69a238e874484d417006a8ae18 c9b9a236b7e3c806898795c44ac2d67369d7253f5a2dcc93834e6c89f0c4027f
CLIENT_TRAFFIC_SECRET_0 03f656ec38d979b5c3861112e1bf45b583e67b69a238e874484d417006a8ae18 ce9ef34e885e3865b9017a6e228e3e6a5f8ff89d48290e79df71827ddf80fb8b
SERVER_TRAFFIC_SECRET_0 03f656ec38d979b5c3861112e1bf45b583e67b69a238e874484d417006a8ae18 751e4fb312c0379428ec6b73a82ed80875e55ccacc71e540b2b58880f2cd4283
EXPORTER_SECRET 03f656ec38d979b5c3861112e1bf45b583e67b69a238e874484d417006a8ae18 bffb1740fadad3cb2de7b81f227fb0cef5a129ce3bddaa27d69bbbd3f596d068
CLIENT_HANDSHAKE_TRAFFIC_SECRET 15ce8de623b19f2cd4028c4bafa7936ae8c73cd8b315174d10cd3939668f9d8b 73abf9a3806d77dc3ba49c2aaf220233470b493b72f357592b254255cd3b0b4d
SERVER_HANDSHAKE_TRAFFIC_SECRET 15ce8de623b19f2cd4028c4bafa7936ae8c73cd8b315174d10cd3939668f9d8b 3a70efd0f5c9fe83aa0f7affe5889414b9a06cfcde8e0732e3c2756a70b5c290
CLIENT_TRAFFIC_SECRET_0 15ce8de623b19f2cd4028c4bafa7936ae8c73cd8b315174d10cd3939668f9d8b 0951c37f6716f22e9d659131eb73eee47eb81db86fe647d35e7d888826824f40
SERVER_TRAFFIC_SECRET_0 15ce8de623b19f2cd4028c4bafa7936ae8c73cd8b315174d10cd3939668f9d8b 7dafec2e5d92ab14c320a8ff1bc3c9829bae524b3d4d7b2ff42800d089f96e8a
EXPORTER_SECRET 15ce8de623b19f2cd4028c4bafa7936ae8c73cd8b315174d10cd3939668f9d8b 72e416ef402252a3c9fb49a048e043e2fac9cb6bd04bc0ea74d2661636a72eb7
CLIENT_HANDSHAKE_TRAFFIC_SECRET 99dd4a80ea985f5452745d347b4f114b30fa573c517af1d07a4ad0ef493bceab af57683473074d3a8702ba864af2b5a709c4aa8d378325796d521060f927739a
SERVER_HANDSHAKE_TRAFFIC_SECRET 99dd4a80ea985f5452745d347b4f114b30fa573c517af1d07a4ad0ef493bceab 9933195ca85cb98ce00f4a926845a3e777c78c8e8d3811f8c13dfef49c0d0741
CLIENT_TRAFFIC_SECRET_0 99dd4a80ea985f5452745d347b4f114b30fa573c517af1d07a4ad0ef493bceab 2aae7ec79a0630048fe854ebe587ef4ee6dacea7fbacbcd4eb1178dfe01cafdb
SERVER_TRAFFIC_SECRET_0 99dd4a80ea985f5452745d347b4f114b30fa573c517af1d07a4ad0ef493bceab 2e66b0aa7348f1ed23b4005922fa350a3aa547645c1e280c4068493dd1e12717
EXPORTER_SECRET 99dd4a80ea985f5452745d347b4f114b30fa573c517af1d07a4ad0ef493bceab b5daf251109813728f388d129fbab2b926493d90e98bdbc7dd689597a7539954
CLIENT_RANDOM bf1bf0cb3bc1ac65a9392f3456a83b1aaaa5297df5f2123ddb9fc204e810c0ba 3b6acb1469107c347a017f77c4ed61b534e0401b4fc355d3d65b3ed913218371241fef811ae136d7de61d9e845d65e11
CLIENT_RANDOM 56acbb0c0dd9111009065ee6ce78434af8ed5fb13e048ac456b9efc45b005dc9 083b16364cf6241239209a4a448afc3fd3123f8bcc34585c94193b2d2a5d9aec5568fdc36d7ea2a70f8a1ed2b213ee74
CLIENT_HANDSHAKE_TRAFFIC_SECRET 363dc1bdad1d88208ddcfe10db798542810d5108c46b318580446b7ede21e707 7e2fc32f14db57765d2799e4af26be6ec002b855c92ef4a7fa7034be0f01080c
SERVER_HANDSHAKE_TRAFFIC_SECRET 363dc1bdad1d88208ddcfe10db798542810d5108c46b318580446b7ede21e707 7f464312762388da0d027479160d10eb4e76507e1e1c65dbe6fd0490da781e11
CLIENT_TRAFFIC_SECRET_0 363dc1bdad1d88208ddcfe10db798542810d5108c46b318580446b7ede21e707 428a46fa4a1eef80d59ef183086de554fb8642ac3d1697001c9ed93356c35a94
SERVER_TRAFFIC_SECRET_0 363dc1bdad1d88208ddcfe10db798542810d5108c46b318580446b7ede21e707 74c847c887cd4b97b3f6348730b18a9846afa963f6815954ad6d6c6515f93cac
EXPORTER_SECRET 363dc1bdad1d88208ddcfe10db798542810d5108c46b318580446b7ede21e707 55f79da385d7e838da6664fc2803b311faeef0bd6915576e94c55bf46d0feed8
CLIENT_HANDSHAKE_TRAFFIC_SECRET 1d085447b98ee5b9ac99817a1f7f35da9bdc4ea29f98ad4ec826713a90b0b79b 3502ddc8efe190022ee4988dfb989c2f96920a8ec14f7a082e612b7bc10563eb
SERVER_HANDSHAKE_TRAFFIC_SECRET 1d085447b98ee5b9ac99817a1f7f35da9bdc4ea29f98ad4ec826713a90b0b79b 11c3d4360e0acb918a54a4ead062accaf5507858dce826ed90961f920ecb24fd
CLIENT_TRAFFIC_SECRET_0 1d085447b98ee5b9ac99817a1f7f35da9bdc4ea29f98ad4ec826713a90b0b79b c9c983c5deb628d3b7a899bddbe5a11016ddc5542a97e5fe6e2eee473581e303
SERVER_TRAFFIC_SECRET_0 1d085447b98ee5b9ac99817a1f7f35da9bdc4ea29f98ad4ec826713a90b0b79b b271a914dc006975d66f7a3d387520fbae7c0c76c3a6e3b10e00b9fcd077381f
EXPORTER_SECRET 1d085447b98ee5b9ac99817a1f7f35da9bdc4ea29f98ad4ec826713a90b0b79b 01ab3d68c4fdc61373138b446e7133c548b256be24e7ce943b0f7bfeaea84dd3
CLIENT_HANDSHAKE_TRAFFIC_SECRET f1207ef763403f67f473217a656120453a6916657cd4f57c994ee86731a6940a 66130b5339a98c0eda1cce5e81342c02b6f8f20bf8fe229c92bd25e08d42604e
SERVER_HANDSHAKE_TRAFFIC_SECRET f1207ef763403f67f473217a656120453a6916657cd4f57c994ee86731a6940a 8095f318b43f5e8030bff8b0a5852fa9fa8322a617a3c617889105b10d70b9f8
CLIENT_TRAFFIC_SECRET_0 f1207ef763403f67f473217a656120453a6916657cd4f57c994ee86731a6940a 7c7ddd105730be36b308bf45b0fc3e54cec6b33a9c6f7776333400313fa5fa21
SERVER_TRAFFIC_SECRET_0 f1207ef763403f67f473217a656120453a6916657cd4f57c994ee86731a6940a 5b0486e6b44992780b0102e904852a86944eeba77a64ed730231990bedecb10a
EXPORTER_SECRET f1207ef763403f67f473217a656120453a6916657cd4f57c994ee86731a6940a 303580341b59fecd5934959d9caac6d2fe356809a1c27c9c829f871f54327cda
CLIENT_HANDSHAKE_TRAFFIC_SECRET 88460ef531a3489ae783788b5c42d3b3be27fbceaf4000379019d121171ebddb 4b2bdc95c5a8f82d114c5341ea23170f64026e4106c8521f1183e6e378400e4a
SERVER_HANDSHAKE_TRAFFIC_SECRET 88460ef531a3489ae783788b5c42d3b3be27fbceaf4000379019d121171ebddb 1ae4dab635c318c7b8635293a2a132b7ebe891bbbd668290c0413da13f810f41
CLIENT_HANDSHAKE_TRAFFIC_SECRET 5443df41dc513cd5bfad5ba9683c00b0e7b424da296de148819173854a153fdc 735a73398cac6853e6e27eaf5ecb9668d1eb2b2bbf347dac28464e1578bcf4af
SERVER_HANDSHAKE_TRAFFIC_SECRET 5443df41dc513cd5bfad5ba9683c00b0e7b424da296de148819173854a153fdc e54715b3a93c62de9b7fadb7f575501286124cbe487fd7993a82965c5aaf32ef
CLIENT_TRAFFIC_SECRET_0 88460ef531a3489ae783788b5c42d3b3be27fbceaf4000379019d121171ebddb ccd9a754e96d0a4ccb611a4e35d69f4cd909761e53ee45b355bef8b314f5a6fb
SERVER_TRAFFIC_SECRET_0 88460ef531a3489ae783788b5c42d3b3be27fbceaf4000379019d121171ebddb 77c9f184a53dcbcd622abd8b3c09cc510934c07d7448999512fb790c89c454aa
EXPORTER_SECRET 88460ef531a3489ae783788b5c42d3b3be27fbceaf4000379019d121171ebddb 1e3c648f365cec30a3d5a7ae8d993d2c873db01024ca2c69925429c41a3b0985
CLIENT_TRAFFIC_SECRET_0 5443df41dc513cd5bfad5ba9683c00b0e7b424da296de148819173854a153fdc 1c66928d71774f3b716268f474b6b21c66d7043133dc5da19a5ed52f8504a267
SERVER_TRAFFIC_SECRET_0 5443df41dc513cd5bfad5ba9683c00b0e7b424da296de148819173854a153fdc 2767ff6b16beda6f2a80d42c5f6fced315ece7b814e96197020f6b610fa77477
EXPORTER_SECRET 5443df41dc513cd5bfad5ba9683c00b0e7b424da296de148819173854a153fdc b02bc1bb067ef4ccbe46b6b21484f23d50a82c90a0ff1612e968d025cb3f3aed
CLIENT_HANDSHAKE_TRAFFIC_SECRET 5f9833509a0bae4d2142e2f6dfe867c20c1ea97a37619a3bff51f5ade0bd7fd2 cb20e88e42e6e5dea66ff26647cd38ade1f908eecd77ee52a1400e338af7a79b
SERVER_HANDSHAKE_TRAFFIC_SECRET 5f9833509a0bae4d2142e2f6dfe867c20c1ea97a37619a3bff51f5ade0bd7fd2 c8762808c6633a43ae8d593d4b7a67e2956cef61d60a6a34e53e4fe118f53901
CLIENT_TRAFFIC_SECRET_0 5f9833509a0bae4d2142e2f6dfe867c20c1ea97a37619a3bff51f5ade0bd7fd2 8310cc831b524f2e9b5c1bc5cf8ba5a56c3a8b76da58b47e8d092d884dbe53a1
SERVER_TRAFFIC_SECRET_0 5f9833509a0bae4d2142e2f6dfe867c20c1ea97a37619a3bff51f5ade0bd7fd2 07d8c95ac40097806e418122727b7be6be616efe0c5bcd7c9022062e901e233e
EXPORTER_SECRET 5f9833509a0bae4d2142e2f6dfe867c20c1ea97a37619a3bff51f5ade0bd7fd2 1494726bd5ced546edca1b105d572ec8670cdd1086c5c45af4a91950b20fcb03
CLIENT_HANDSHAKE_TRAFFIC_SECRET 2db041e57a7a15af3dd3fc63738cb24708ee6d15aac118e0f10695d39c938f4b f00da436f717907926500b893f221861debca621cbbdef5027979ab33f7f5c6a
SERVER_HANDSHAKE_TRAFFIC_SECRET 2db041e57a7a15af3dd3fc63738cb24708ee6d15aac118e0f10695d39c938f4b 3b2b4809f2ddbd9304ef1cdba1ab8c198069cb57167bb235d57eb2f4e7b73920
CLIENT_TRAFFIC_SECRET_0 2db041e57a7a15af3dd3fc63738cb24708ee6d15aac118e0f10695d39c938f4b 6e8ff5bc05dff60830abd7dfa0279a55c24de9116e529b2e2532c8836b63c638
SERVER_TRAFFIC_SECRET_0 2db041e57a7a15af3dd3fc63738cb24708ee6d15aac118e0f10695d39c938f4b fcebe2f7f80087f5bdac1b9ef44d0fe3b995a5ed8d17ff3424631a04de0747f2
EXPORTER_SECRET 2db041e57a7a15af3dd3fc63738cb24708ee6d15aac118e0f10695d39c938f4b 484f606dc8305d41a6738c2dcb45222f3f64d571b8e4df18f36b3b65eee340d7
CLIENT_HANDSHAKE_TRAFFIC_SECRET b65297c35dcfac7d1b0ec418cc6492b45fb07f685734446f06af63fa4166e747 c10f137260be27c752f5c694b1ba2682b417545dcfed4ca231e8e53f7e6135fa
SERVER_HANDSHAKE_TRAFFIC_SECRET b65297c35dcfac7d1b0ec418cc6492b45fb07f685734446f06af63fa4166e747 0b133f63bcf280ff9301cbc912fcaedda84419c273b2ffe6136cf065795a05f5
CLIENT_TRAFFIC_SECRET_0 b65297c35dcfac7d1b0ec418cc6492b45fb07f685734446f06af63fa4166e747 bd9e8c368f8e199de96972063444fb9e720ccb88eb57ef9c1f875b2f3c364e7e
SERVER_TRAFFIC_SECRET_0 b65297c35dcfac7d1b0ec418cc6492b45fb07f685734446f06af63fa4166e747 e23dc625b3dcb44a59c07ecb3f74255153a3d367cba0500f079d1949e835508a
EXPORTER_SECRET b65297c35dcfac7d1b0ec418cc6492b45fb07f685734446f06af63fa4166e747 6c55039cff613f409d3cb4bb554d6ca9dba2b855a9cbfb455b7942631fb2fb06
