CLIENT_HANDSHAKE_TRAFFIC_SECRET 73c9f7fd50c618eb295e552a390ff461e43d47f17bb00688d09f50c31e2bf51c 4a692399b2322c96a1c03be83afeb4bf1e28b0db3207029708f9dbe63ca7857d
SERVER_HANDSHAKE_TRAFFIC_SECRET 73c9f7fd50c618eb295e552a390ff461e43d47f17bb00688d09f50c31e2bf51c 8038c5c00ce9c1d062c5b9d9a37a9f2eb226137481c2b262b5cede982b681b36
CLIENT_TRAFFIC_SECRET_0 73c9f7fd50c618eb295e552a390ff461e43d47f17bb00688d09f50c31e2bf51c 3f406507a1529cdc5877113021360dcf1e23585974fc5a9a3878db682613172d
SERVER_TRAFFIC_SECRET_0 73c9f7fd50c618eb295e552a390ff461e43d47f17bb00688d09f50c31e2bf51c 014ab058d375f08dd27705847f4c6f8544c125c794439615f7cbf6b2a42ee7cd
EXPORTER_SECRET 73c9f7fd50c618eb295e552a390ff461e43d47f17bb00688d09f50c31e2bf51c 32873476246cdfbe4237a0678e96613f6fac5dc0e625e70f585fbb890314780d
CLIENT_HANDSHAKE_TRAFFIC_SECRET 23163abfe08ebcc7cb60dab5624aa3a02fbb2a0d2071d214f0d5de07299d5e65 5ca27a0f35cac005a8c3d4eb4c55461c07cb26f19e38ea76a62e1e708a461d65
SERVER_HANDSHAKE_TRAFFIC_SECRET 23163abfe08ebcc7cb60dab5624aa3a02fbb2a0d2071d214f0d5de07299d5e65 f7f7f749c788d83942259606c1fb60e4b090a8b2ef776b36c491872db6d03df3
CLIENT_TRAFFIC_SECRET_0 23163abfe08ebcc7cb60dab5624aa3a02fbb2a0d2071d214f0d5de07299d5e65 d79e58078e433029b84800c97dfe1d4565908617f60494a53f7d5f7f8f2a91b1
SERVER_TRAFFIC_SECRET_0 23163abfe08ebcc7cb60dab5624aa3a02fbb2a0d2071d214f0d5de07299d5e65 66e9528b5db8cca1d20080af0fc9445044d9d060998c302530a01dec0cf1f6f3
EXPORTER_SECRET 23163abfe08ebcc7cb60dab5624aa3a02fbb2a0d2071d214f0d5de07299d5e65 395e37e108ccfdefca7bc580b3742fe7aa5f6bf073558831805685e71979ed91
CLIENT_HANDSHAKE_TRAFFIC_SECRET 9ba76c4c523d3ab5c002d399b55cd09eef11f3529bc1d2aca330441c143ffab8 e5c47010eae9cf7464cdb0056b9c0bf7f55907f363817cc4a6a3802ba82f1c39
SERVER_HANDSHAKE_TRAFFIC_SECRET 9ba76c4c523d3ab5c002d399b55cd09eef11f3529bc1d2aca330441c143ffab8 f4a87a027d58910d45203845ca7ec117aa464c6ca98b7b72a5216c8573b6f720
CLIENT_TRAFFIC_SECRET_0 9ba76c4c523d3ab5c002d399b55cd09eef11f3529bc1d2aca330441c143ffab8 10d4df2f7218ce9259770ae2615fc23014f732d1b341794be8fb3b1375415527
SERVER_TRAFFIC_SECRET_0 9ba76c4c523d3ab5c002d399b55cd09eef11f3529bc1d2aca330441c143ffab8 a14bd2be6e6aca4c049a28ff93591f967a3690fdcfa46b04012db195ae1cc94a
EXPORTER_SECRET 9ba76c4c523d3ab5c002d399b55cd09eef11f3529bc1d2aca330441c143ffab8 2e1b8b3a3b8d861e1dc5e457ed5c7d04ac50ba81ea1c53f16e700b687db75cd8
CLIENT_HANDSHAKE_TRAFFIC_SECRET 6567b2ae3d51df2ff56c4a05ac4688214787ddc7cef108d5f0e5ad53edb59b34 66f50a8186089f3aa2908d0a0803aeaaa14a40283357b1a7686eb4f8da899c23
SERVER_HANDSHAKE_TRAFFIC_SECRET 6567b2ae3d51df2ff56c4a05ac4688214787ddc7cef108d5f0e5ad53edb59b34 c3bff3b8237bfbf7d8e6b76dbd22d4ad58d07785e26729756ab3ad6736ed0200
CLIENT_TRAFFIC_SECRET_0 6567b2ae3d51df2ff56c4a05ac4688214787ddc7cef108d5f0e5ad53edb59b34 0157e6ebd3e9cdffb54897061e73bbe7bb9ea6eb435e62c4968c2be002b7a2f1
SERVER_TRAFFIC_SECRET_0 6567b2ae3d51df2ff56c4a05ac4688214787ddc7cef108d5f0e5ad53edb59b34 9e035c5c13bae7e5c535494ca013dfa9898a02962f365869bb97c07c6c25989e
EXPORTER_SECRET 6567b2ae3d51df2ff56c4a05ac4688214787ddc7cef108d5f0e5ad53edb59b34 455d9268e5b06db999f4f0ce62cb3db90b084beb8778a4d81e1a11ecc6a88e79
CLIENT_HANDSHAKE_TRAFFIC_SECRET b3f06290fd9d6640cdfccba170e0db2e066c6ea76b10611727f04c72a46798cf f165997570b696c140c46cbb4b2aa60f9d0fd9283fcdcc88d826e37291096794
SERVER_HANDSHAKE_TRAFFIC_SECRET b3f06290fd9d6640cdfccba170e0db2e066c6ea76b10611727f04c72a46798cf acdb861abb1aeaa4effc76dd92b0cd38513cf85055bdc36c3056289862b1828d
CLIENT_TRAFFIC_SECRET_0 b3f06290fd9d6640cdfccba170e0db2e066c6ea76b10611727f04c72a46798cf 54bd33c4d776bc9e3422c241afa03c109c5a05bce07d35051358422e244f6d23
SERVER_TRAFFIC_SECRET_0 b3f06290fd9d6640cdfccba170e0db2e066c6ea76b10611727f04c72a46798cf 71d14ac334c09c1bf0ccb5cfcf164fd3fa52a9aff6367dcd41e9e8028d4408ee
EXPORTER_SECRET b3f06290fd9d6640cdfccba170e0db2e066c6ea76b10611727f04c72a46798cf 2be7af269f97f7fe38d80b86d65f3cf5dd97cdf1f9c21188c43c5a72f436e2e9
CLIENT_HANDSHAKE_TRAFFIC_SECRET 35534f55d27fd89d4400494dce845bc188e38a81ab23b946bfeccadf67e59274 39f2e16bda578aa6667b998c0f2c9543b7025fe67c0031b30ad7be83bf871d4c
SERVER_HANDSHAKE_TRAFFIC_SECRET 35534f55d27fd89d4400494dce845bc188e38a81ab23b946bfeccadf67e59274 c9fe898b418634d45878656014518a527c10b2e473886913a601c18f9b1076fe
CLIENT_TRAFFIC_SECRET_0 35534f55d27fd89d4400494dce845bc188e38a81ab23b946bfeccadf67e59274 df9a2769dfedd3677bab364eb2dbbb61e820028569b544cad7489af131b42e3b
SERVER_TRAFFIC_SECRET_0 35534f55d27fd89d4400494dce845bc188e38a81ab23b946bfeccadf67e59274 c3cc113eeda0a0a31bf8c8e540e73b5ff0ccd51f4009bbe7f55a9695e110ee0e
EXPORTER_SECRET 35534f55d27fd89d4400494dce845bc188e38a81ab23b946bfeccadf67e59274 274905300308796ee02827ee6ee67eed2f99edd33a7cd3bbf7ec768f03cb58ff
CLIENT_HANDSHAKE_TRAFFIC_SECRET fe388e5e6d4844a297f54eded6639ada8a66de9a062586c38033a3b4b21da1d4 c4fd41ecc598538fc05923ae9acc4431ac1d27bb2f41788b3a4a70cf72c1b94f
SERVER_HANDSHAKE_TRAFFIC_SECRET fe388e5e6d4844a297f54eded6639ada8a66de9a062586c38033a3b4b21da1d4 cd00b10d686cce60f0e84ef75bad3e80af961d702ee801d5d8d1e7b91e9bf2e0
CLIENT_TRAFFIC_SECRET_0 fe388e5e6d4844a297f54eded6639ada8a66de9a062586c38033a3b4b21da1d4 6d4c7dd40d92226575286f7cd7d9b97d327e22dac16bb6d53dddb40b58d04256
SERVER_TRAFFIC_SECRET_0 fe388e5e6d4844a297f54eded6639ada8a66de9a062586c38033a3b4b21da1d4 763d89658b6a689ea7003ebdc220d16e95f8694e1561d9ef43b0a7e2de3fb574
EXPORTER_SECRET fe388e5e6d4844a297f54eded6639ada8a66de9a062586c38033a3b4b21da1d4 f2058c93461c2cfab62c4bb6a05c04509ab595b3b81e9ec458affe612a93784f
CLIENT_HANDSHAKE_TRAFFIC_SECRET 1771d68f4f88bf414541df69b815beda821813ac70fe8745339221186e691023 ccbe60a26d4f9ebd50679e7e496375dd2b7cfe0c43dda96eb6b1019477de0a1e
SERVER_HANDSHAKE_TRAFFIC_SECRET 1771d68f4f88bf414541df69b815beda821813ac70fe8745339221186e691023 32dd23c444163dd8681d33d521b563a650cb3665de4eb7adbc3fd869063afa23
CLIENT_TRAFFIC_SECRET_0 1771d68f4f88bf414541df69b815beda821813ac70fe8745339221186e691023 9149c654905ee55995692a7a652f4970bb963bbb06178ad4fe87da256c68ff29
SERVER_TRAFFIC_SECRET_0 1771d68f4f88bf414541df69b815beda821813ac70fe8745339221186e691023 cf40af2cb44c16dd5eb0972af37597a30332d563551a71fb6d30f650510da570
EXPORTER_SECRET 1771d68f4f88bf414541df69b815beda821813ac70fe8745339221186e691023 e72c2dd84a0322a2f59f59cd3e08ee13745840fe36871f66317b8340386f9187
CLIENT_HANDSHAKE_TRAFFIC_SECRET 4186a8056f2d3e7bb1705be145c026f9f48c4eeb0ac3e2783f9fbf42e4884a8b 13f28d7ee9c11a8a0d10b417897f1e39bd00dd779303660800781e519f9a1a0e
SERVER_HANDSHAKE_TRAFFIC_SECRET 4186a8056f2d3e7bb1705be145c026f9f48c4eeb0ac3e2783f9fbf42e4884a8b fff4a0045bcb431d5c54c9c41a559529fa63ed6cef84f68bb7d631d6d246e1b6
CLIENT_TRAFFIC_SECRET_0 4186a8056f2d3e7bb1705be145c026f9f48c4eeb0ac3e2783f9fbf42e4884a8b 59ab4bbd390917bd61e15854cc4496a6f64c884846b73c8f774dce0ea44c4ed7
SERVER_TRAFFIC_SECRET_0 4186a8056f2d3e7bb1705be145c026f9f48c4eeb0ac3e2783f9fbf42e4884a8b 5fd5e2f18c20405508783629294c7e2f36288655d661110d7cd753e13a679597
EXPORTER_SECRET 4186a8056f2d3e7bb1705be145c026f9f48c4eeb0ac3e2783f9fbf42e4884a8b c691d707ee5bb4b6597435a99c2c907f47a2406e57b7c7e219efd4139ef3009a
CLIENT_RANDOM 329bfc04586dc4744da76123713f20808ec9e8571ed1bb688b7f06802ddffdcf 19bcf4df9c496af86b012ff42b615a3870ff7c96ae6f7eba052894c64584221845e6835c1b373b7abc495f3026f2e8c2
CLIENT_HANDSHAKE_TRAFFIC_SECRET 356a4af183d1e40e0b20c062445bfa59a9fb76d859e82d9ffb2bc236bc333c60 fca8126ed5a49634c5fe0e9a9924ea003b571e2fc6678e20d0a1ac805ba432f0
SERVER_HANDSHAKE_TRAFFIC_SECRET 356a4af183d1e40e0b20c062445bfa59a9fb76d859e82d9ffb2bc236bc333c60 79cbc5c4d06f669bb392778d2002232b6041713aff37b0e73a10ad5214eb4b9a
CLIENT_TRAFFIC_SECRET_0 356a4af183d1e40e0b20c062445bfa59a9fb76d859e82d9ffb2bc236bc333c60 4bbc7f91a56599c8a8d5f015d675bed4d1bdf872ce51370d989feeb8abc5d58d
SERVER_TRAFFIC_SECRET_0 356a4af183d1e40e0b20c062445bfa59a9fb76d859e82d9ffb2bc236bc333c60 c0dd0ef658b8adc41828e4e3ffa50935fc7696aca2ec8b8710dc31514837a596
EXPORTER_SECRET 356a4af183d1e40e0b20c062445bfa59a9fb76d859e82d9ffb2bc236bc333c60 9de1a12d5bb228700e7d10ed1ea05e4f30d0cf4c1d5884d1eb00f10fdcdbb690
CLIENT_HANDSHAKE_TRAFFIC_SECRET 8acaad1f1a49a3295dc38fe867e1b3e038a11ce542832d94e09ec734c7620c7d 8a4ab78a28a30674a4aebee134ef6256464b064e9353865590a9b2eb0f86f81a
SERVER_HANDSHAKE_TRAFFIC_SECRET 8acaad1f1a49a3295dc38fe867e1b3e038a11ce542832d94e09ec734c7620c7d f37f916d6efe73268746b146a70f2ff4fbe16a8c9d72320ed31fad74301a4b65
CLIENT_TRAFFIC_SECRET_0 8acaad1f1a49a3295dc38fe867e1b3e038a11ce542832d94e09ec734c7620c7d c6d83e01d11334f1083364d87763bb43ff35977aa581da8d1ab5c7ce9f7960ac
SERVER_TRAFFIC_SECRET_0 8acaad1f1a49a3295dc38fe867e1b3e038a11ce542832d94e09ec734c7620c7d c1a6d6eb186fd811c5ed07ee9a528c8ca280edd481572aa160cdf68fc91edaeb
EXPORTER_SECRET 8acaad1f1a49a3295dc38fe867e1b3e038a11ce542832d94e09ec734c7620c7d 3a94c8dc92e9dea4a5fa09da034d29b12c071bbfb122e288ab4f6892e1ea112d
