CLIENT_HANDSHAKE_TRAFFIC_SECRET 3d3925d32ec1528a0b6d80f09446d4c1cf45e4873824d2e8d0b6133b27dcb568 20434d10ac801d80272ada617c1d9ac7ab5dee1b2a20fa4c9e51c125ac02aa1c
SERVER_HANDSHAKE_TRAFFIC_SECRET 3d3925d32ec1528a0b6d80f09446d4c1cf45e4873824d2e8d0b6133b27dcb568 897bbf145040c60f064d4fa19f9141b9b2c035fedc5666a78cf82982329d4076
CLIENT_TRAFFIC_SECRET_0 3d3925d32ec1528a0b6d80f09446d4c1cf45e4873824d2e8d0b6133b27dcb568 9cbcf3f2d77fdaa78b7d6c2485835365b9c7df7607b0ea36e8b4b53340d0f30a
SERVER_TRAFFIC_SECRET_0 3d3925d32ec1528a0b6d80f09446d4c1cf45e4873824d2e8d0b6133b27dcb568 46ab08fb45081f379989ecb1ef6e7e46165a46e59cf925b3c166b560c4cbaef7
EXPORTER_SECRET 3d3925d32ec1528a0b6d80f09446d4c1cf45e4873824d2e8d0b6133b27dcb568 5cff9d81ea6cf188346202efc45fe1e85c1d8fd67953a919a331ecc8c140ca5b
CLIENT_HANDSHAKE_TRAFFIC_SECRET a83721111007898c74a3efb0c5bb0523115fcd32e7093dbbd72daefba60a4307 6aa959956ed613e60d0e8c5022c40e9fe8e2152c72a3c039f17dfef53e630e62d5a222c80aaeb00bd2c4fab342070035
SERVER_HANDSHAKE_TRAFFIC_SECRET a83721111007898c74a3efb0c5bb0523115fcd32e7093dbbd72daefba60a4307 e9f55909be0c7030fe851e50bb127e7751ef41e1c3b9bc18db30a2f42f08ba21464136d64c2c659ea7504b63c9ca4e67
CLIENT_TRAFFIC_SECRET_0 a83721111007898c74a3efb0c5bb0523115fcd32e7093dbbd72daefba60a4307 f67100395d822f34bfa5f2167ea61cd02f49a049895e20b2ae5d6d377261a2d357b43c322e5055f6617ecd191fdad737
SERVER_TRAFFIC_SECRET_0 a83721111007898c74a3efb0c5bb0523115fcd32e7093dbbd72daefba60a4307 f1f33cc3acef8cd3c13e091b3aafea87286c87dbed93ee55b1079b0bd1d9ed37697087433c614ef538e0744c602cd797
EXPORTER_SECRET a83721111007898c74a3efb0c5bb0523115fcd32e7093dbbd72daefba60a4307 42738d56721a84ab41d3e8e97a2330c27b2c335d4b2bf8af8986566dad02824b30ba10f7e43a85d389230ad96b0a3106
CLIENT_HANDSHAKE_TRAFFIC_SECRET f09dd49ad08c8a544be88528f763b751fe3ee4cfc832130d1883b4d3144f7580 50cba53bacd133e9c02bb9b74bb291c2dece9c682b3ffa6b4f6965d9baeb56ba
SERVER_HANDSHAKE_TRAFFIC_SECRET f09dd49ad08c8a544be88528f763b751fe3ee4cfc832130d1883b4d3144f7580 636882e69fdf50935e700d0dd01d433d64e208880c64f18e6a4d8f71baa7a02c
CLIENT_TRAFFIC_SECRET_0 f09dd49ad08c8a544be88528f763b751fe3ee4cfc832130d1883b4d3144f7580 017f4ef79f00a8691c39d0720b0b6e7bdf290dd3ea20d4ff8bbcc29edfd109f8
SERVER_TRAFFIC_SECRET_0 f09dd49ad08c8a544be88528f763b751fe3ee4cfc832130d1883b4d3144f7580 35758b5b9a1727782a7ff63a1cfb45595f673e0347d03cf2b38ada3e6a1a291d
EXPORTER_SECRET f09dd49ad08c8a544be88528f763b751fe3ee4cfc832130d1883b4d3144f7580 b1a780c2fe94db217990d56facdd21719256040e5ffbfb344d5fb27c8c56e5d0
CLIENT_HANDSHAKE_TRAFFIC_SECRET 9cbbdd67df24087301c58170da9c85dd55dc4538969ba2989a3795b029203ba1 1a11c0ac815b84c8496235dd2c9bee2f8571781c6b5abbf2adcea1d4cf0b8cdd
SERVER_HANDSHAKE_TRAFFIC_SECRET 9cbbdd67df24087301c58170da9c85dd55dc4538969ba2989a3795b029203ba1 e440965a9bd52b262e2ff537a38dea459f60dac86a940e5fd75a18b04f1aed7e
CLIENT_TRAFFIC_SECRET_0 9cbbdd67df24087301c58170da9c85dd55dc4538969ba2989a3795b029203ba1 413a5f1262ba6070d29196a68a376f414a3c49a6db046248804ff830a22cfd14
SERVER_TRAFFIC_SECRET_0 9cbbdd67df24087301c58170da9c85dd55dc4538969ba2989a3795b029203ba1 a45684626001ff5ef7364b6383d329e6f6c135be67617ebc6e40b00027dc6a6b
EXPORTER_SECRET 9cbbdd67df24087301c58170da9c85dd55dc4538969ba2989a3795b029203ba1 6edb6c84c442727899759ea3db2932150140b6fd9619eb09ea4a72efd83aa509
CLIENT_HANDSHAKE_TRAFFIC_SECRET d33c673c0e726335e6dcaa53884e583eb565142ba2e20d7f97ea9fbd2bb49d50 e916ba0b3335af9b07a2ed97643c0a38b5f81289e90a67af1c1eecdc6fa4290d
SERVER_HANDSHAKE_TRAFFIC_SECRET d33c673c0e726335e6dcaa53884e583eb565142ba2e20d7f97ea9fbd2bb49d50 e97966a4c3350058b3d6738e205aa8eb7eb41a9313b2040e77d5f8167c778433
CLIENT_TRAFFIC_SECRET_0 d33c673c0e726335e6dcaa53884e583eb565142ba2e20d7f97ea9fbd2bb49d50 efa75a1286d0715484a4afdb3a2dab1ef93ebc232ce8e4141f4a8ba2bb1f406d
SERVER_TRAFFIC_SECRET_0 d33c673c0e726335e6dcaa53884e583eb565142ba2e20d7f97ea9fbd2bb49d50 9c62ee6194693c9c24ea5a4000aeae82c92bddd99b6c10a10dbf687e454d7cbe
EXPORTER_SECRET d33c673c0e726335e6dcaa53884e583eb565142ba2e20d7f97ea9fbd2bb49d50 88e99e3f839b571ba8e509d1d1a63cbf177208ec81264bc451f0c3bc28b53cbb
CLIENT_HANDSHAKE_TRAFFIC_SECRET 9bb988ef93b9e7b5a0c47df3a12ebd1028348e7eb9172d601a6d75716a7d72a6 fe343af232339123f267c627ca6c4c54d4ed8f2ffda275eb4c36b768d10d2982
SERVER_HANDSHAKE_TRAFFIC_SECRET 9bb988ef93b9e7b5a0c47df3a12ebd1028348e7eb9172d601a6d75716a7d72a6 9154f6e752e500d463cb129fa1a273fc1bb7997ac29a3ae7a3df441a50b3b45d
CLIENT_HANDSHAKE_TRAFFIC_SECRET c05a0dc5c55a3ea7f1d7ccc7a2301e2f9afed6d7f7581e2787d397683df46925 27c669254e1811f90772690fe00f89253528b0ff903bb2b89fa1d1fae5a89717
SERVER_HANDSHAKE_TRAFFIC_SECRET c05a0dc5c55a3ea7f1d7ccc7a2301e2f9afed6d7f7581e2787d397683df46925 e3f87fb24d2cce601943f0512ca183ff08e2087ab73f2fd3959e71ab9631e5aa
CLIENT_HANDSHAKE_TRAFFIC_SECRET b93933e5a43a51ab55b4c77d282fc900c72fa5c57dfcac205d15146f82e646e9 41a2b46fbcb4265ae61d4d5d01ec3843b7def04e41496e99c707f729e997862c
SERVER_HANDSHAKE_TRAFFIC_SECRET b93933e5a43a51ab55b4c77d282fc900c72fa5c57dfcac205d15146f82e646e9 44771828987e756a744db16236b9cfd7f215764e8c2133f12bcb9abbd3d7b2dd
CLIENT_TRAFFIC_SECRET_0 9bb988ef93b9e7b5a0c47df3a12ebd1028348e7eb9172d601a6d75716a7d72a6 eed28b8debecf32d20ffa14cb152e859a2e990de3cbcd7bd31e2fc9dd75343b5
SERVER_TRAFFIC_SECRET_0 9bb988ef93b9e7b5a0c47df3a12ebd1028348e7eb9172d601a6d75716a7d72a6 117b1fe749235066e873b411db02e47fb7ce70bc95e2c8d3e9d0363b55f953aa
EXPORTER_SECRET 9bb988ef93b9e7b5a0c47df3a12ebd1028348e7eb9172d601a6d75716a7d72a6 2741c4e516b259440d03b4a4b3e554025aa0b79b7ab1203101cc1328c4404073
CLIENT_TRAFFIC_SECRET_0 b93933e5a43a51ab55b4c77d282fc900c72fa5c57dfcac205d15146f82e646e9 185a0b4a1fe6f442139f961db400131534cf1eea4669d91ae209526fdb59c92f
SERVER_TRAFFIC_SECRET_0 b93933e5a43a51ab55b4c77d282fc900c72fa5c57dfcac205d15146f82e646e9 520178ec4f3f726244b25ecffe23c31faee1aea441b572fef52c2aa8c1e79dc1
EXPORTER_SECRET b93933e5a43a51ab55b4c77d282fc900c72fa5c57dfcac205d15146f82e646e9 d4ec521e726f6ab4a4a56fe8ec6c0e8bc2cafe40dffc7cd2fcff1fe7d527e3ae
CLIENT_TRAFFIC_SECRET_0 c05a0dc5c55a3ea7f1d7ccc7a2301e2f9afed6d7f7581e2787d397683df46925 9b871b2fbe366a1d21d23421574456227be5a2112e746b288f17fe1ebc7cd9ab
SERVER_TRAFFIC_SECRET_0 c05a0dc5c55a3ea7f1d7ccc7a2301e2f9afed6d7f7581e2787d397683df46925 6b73778448862dfd3dc164e3b6b0dcab81aff4e4a41ee185a3d8b60f8840eaed
EXPORTER_SECRET c05a0dc5c55a3ea7f1d7ccc7a2301e2f9afed6d7f7581e2787d397683df46925 6bd7c4f8046477724b3feb90c5a5041abaa28596c0ee9cdb589f8ca14fc137b0
CLIENT_HANDSHAKE_TRAFFIC_SECRET df1089f370c26d739a1318907fb6c78515da9cab1e3a4243527f7c52d3bece4a 3a56b4cdd34d5d387780e7f07e391bae04f1402912c535cbf8decf57774ccf03
SERVER_HANDSHAKE_TRAFFIC_SECRET df1089f370c26d739a1318907fb6c78515da9cab1e3a4243527f7c52d3bece4a 41f9e8836662c10b81e141c16c6727a184664d95bdf3bcd6edf317529dbff149
CLIENT_TRAFFIC_SECRET_0 df1089f370c26d739a1318907fb6c78515da9cab1e3a4243527f7c52d3bece4a d87a575251162a9a9c0a2d6bb2c23591b025f10606d07cdb799ac45103b1a0ec
SERVER_TRAFFIC_SECRET_0 df1089f370c26d739a1318907fb6c78515da9cab1e3a4243527f7c52d3bece4a 6461b4f79a407cd1e9aba54b7ba92d90c762b00c60e8768ca88c2381a75ac263
EXPORTER_SECRET df1089f370c26d739a1318907fb6c78515da9cab1e3a4243527f7c52d3bece4a cd00171886515677bad4b90381e59c7e65e3d80bad47cd205abfc1ea108b710e
CLIENT_HANDSHAKE_TRAFFIC_SECRET dfe5188a57601487af11349ffc96291004d388db753b383b9bfc343bb349bfa1 9223817c54fe38e1d2f5c8811a4b39f5b0ba4d59485a1981bab73f9a83db3158
SERVER_HANDSHAKE_TRAFFIC_SECRET dfe5188a57601487af11349ffc96291004d388db753b383b9bfc343bb349bfa1 27f37a7244c5cf33814bc32b3c8265a7066d3f2562e412e9a36aff4e6a7fadf9
CLIENT_TRAFFIC_SECRET_0 dfe5188a57601487af11349ffc96291004d388db753b383b9bfc343bb349bfa1 198d1aab7ccf8e37fe2b305d324f3a0a03071e95844e52ae08248d83e17645d2
SERVER_TRAFFIC_SECRET_0 dfe5188a57601487af11349ffc96291004d388db753b383b9bfc343bb349bfa1 e65113013b27ef61910aa59fe83cbdc0b762dbbb09cbda81e9f6d403e240cca7
EXPORTER_SECRET dfe5188a57601487af11349ffc96291004d388db753b383b9bfc343bb349bfa1 ac2a7e4689af9a5c0f83e1bcec415db67de81c1542eebebb054099b455dcbac2
CLIENT_HANDSHAKE_TRAFFIC_SECRET d9a3eb7333ad1639c64e010887e354db606ef18a3293135411ff63a15f3f27ce 0775348bf26b454f2a5a6cec6b923bcad260b64c73ef4c6075407253c7aecd32
SERVER_HANDSHAKE_TRAFFIC_SECRET d9a3eb7333ad1639c64e010887e354db606ef18a3293135411ff63a15f3f27ce f96a9182fcdc6c1ae3d16e177f92761468897253e110ae16a35be8eddbe92194
CLIENT_TRAFFIC_SECRET_0 d9a3eb7333ad1639c64e010887e354db606ef18a3293135411ff63a15f3f27ce e8cebb87fe1afa8bc06448ed36903c3346b2e9a50632436532728857cd745120
SERVER_TRAFFIC_SECRET_0 d9a3eb7333ad1639c64e010887e354db606ef18a3293135411ff63a15f3f27ce ff8f7440654e392da332bb5f949abc57f71c8944d07ce45db3294c97e3c0d6cb
EXPORTER_SECRET d9a3eb7333ad1639c64e010887e354db606ef18a3293135411ff63a15f3f27ce 4abb1334fdf0d8486d966f227d7a2c8034c62dfb9aed5a2448ee369c7d8f8c60
CLIENT_RANDOM 2d4d44b4357ef561b8e8d6792542a545d147848f106810b15028bd10d7472e8c fb4515c72758c39ad8bf925d2247977c2a9ae7324667465c46cfd3495fa866d4c0a0550c1fd201c3837668f26ad36b59
CLIENT_HANDSHAKE_TRAFFIC_SECRET b39d242cc52ac8b251691933a7518a0a6ed711c127ae5fba8e319108c3b342dd cd37d66a934866cb00ddbcc9717750d75845024024b92bdfec0b70257ffd1333
SERVER_HANDSHAKE_TRAFFIC_SECRET b39d242cc52ac8b251691933a7518a0a6ed711c127ae5fba8e319108c3b342dd 5b524b2266c3b77a2dbe6a9c40c9f23b732bd03d0f71413b436a1385aeab1369
CLIENT_TRAFFIC_SECRET_0 b39d242cc52ac8b251691933a7518a0a6ed711c127ae5fba8e319108c3b342dd 8208f03c1e3a9dd2a8f0bb13cfc0010fef7bdb4af6666fc76d41fda8639d91fc
SERVER_TRAFFIC_SECRET_0 b39d242cc52ac8b251691933a7518a0a6ed711c127ae5fba8e319108c3b342dd 98d5ee726f205b712589e26930fe1fa772244fd853e164f4d024757bcae25d88
EXPORTER_SECRET b39d242cc52ac8b251691933a7518a0a6ed711c127ae5fba8e319108c3b342dd 8338e666d1f7747f862c7435b7b4971bb8a934614058e322bd5f21dd86e1292e
CLIENT_HANDSHAKE_TRAFFIC_SECRET 3bc853c0a84abe5d3ce5bdc0604587f77fcb3afd3bacf2ba2fe8aaf8b47f4e4e 23bb5a987aadf8d7c0b1bb3bc92411d045fa80e4ae0d70d9daf316b22860f8b1
SERVER_HANDSHAKE_TRAFFIC_SECRET 3bc853c0a84abe5d3ce5bdc0604587f77fcb3afd3bacf2ba2fe8aaf8b47f4e4e 19503ff7348344bba640550097d8899f1bc213afed3cb4211cdbc9e7e6206c89
CLIENT_TRAFFIC_SECRET_0 3bc853c0a84abe5d3ce5bdc0604587f77fcb3afd3bacf2ba2fe8aaf8b47f4e4e 25a26a45706c1e52d94a1e20c34fbedc1f0b2195bf80209ee7fb4508064e3688
SERVER_TRAFFIC_SECRET_0 3bc853c0a84abe5d3ce5bdc0604587f77fcb3afd3bacf2ba2fe8aaf8b47f4e4e 816efafaf1f4d428890fb273b320c7b11fd0dd91c38eac6c688be114d2f32064
EXPORTER_SECRET 3bc853c0a84abe5d3ce5bdc0604587f77fcb3afd3bacf2ba2fe8aaf8b47f4e4e 36bdbf0abf4d44e948b1d1eec8c7bd04780432f0df9402e9c2590d7985e825b7
CLIENT_RANDOM 1aaa24aa2924db2747dc2a55378d75c9f5ce30a14769fa603800617d4c6ae479 f7e79691cf537e71abd91cd8477b1d1a5cf77906e75c92072b46bf669464ef341730ead24f3f810a71ca52f55d7e1dae
CLIENT_RANDOM 2a4d0296a181f265d77a519a61dfc18c491b9b7fb4b94c9126dd044a19cb176a d27ed09fb1a4b04e431e87ff5b9c0f9e514cec94d0c73e6e5a0806404673e4579a45298a601571ade781bef3a9f20aa3
CLIENT_HANDSHAKE_TRAFFIC_SECRET ec476058f8cf7e13e3c9e265519a0802e1cccacb35ed7effdec21b14a1c33bb3 ffca02c7b920075972169afd31aa54ec8cb03f076496d6f470ebff9836d073c9
SERVER_HANDSHAKE_TRAFFIC_SECRET ec476058f8cf7e13e3c9e265519a0802e1cccacb35ed7effdec21b14a1c33bb3 5479ea0fbe297e768c3dd7cb06d421aa4037eb8f9bbe56ec9f96c476760a1faf
CLIENT_TRAFFIC_SECRET_0 ec476058f8cf7e13e3c9e265519a0802e1cccacb35ed7effdec21b14a1c33bb3 04497733286f93d2f57b24b83bad5026ac5869c79cd9f68d3d2898d86a42afe6
SERVER_TRAFFIC_SECRET_0 ec476058f8cf7e13e3c9e265519a0802e1cccacb35ed7effdec21b14a1c33bb3 cd48eb785e479fb85b2f69ac885ababee6373114cb96298a6198ba71a62b1861
EXPORTER_SECRET ec476058f8cf7e13e3c9e265519a0802e1cccacb35ed7effdec21b14a1c33bb3 066519dc600e2dcae41e22b4f7fffb209dfac76f435f7b7d5b2dab0ec8c9dae6
CLIENT_HANDSHAKE_TRAFFIC_SECRET a15de81120411a6c3f03ef469e3be55d8117c0142633b56a98b8a7e9977c8d06 408a78c1052c3838b9f8d806242234cd664017543db5bf428bef312556694dee
SERVER_HANDSHAKE_TRAFFIC_SECRET a15de81120411a6c3f03ef469e3be55d8117c0142633b56a98b8a7e9977c8d06 7e039391e6434f19fd00ed57c38da90290f2c407e5681230c2126a37d9ef2a8c
CLIENT_TRAFFIC_SECRET_0 a15de81120411a6c3f03ef469e3be55d8117c0142633b56a98b8a7e9977c8d06 0860998368ca18e5ba3cd5299734c1208ccd8a8bf412a4572b0ddbbd27a40ec7
SERVER_TRAFFIC_SECRET_0 a15de81120411a6c3f03ef469e3be55d8117c0142633b56a98b8a7e9977c8d06 9bf7b02b07fb0526e047250de8f066ba7c8a4cd1823fd8c600e7f19beb70232f
EXPORTER_SECRET a15de81120411a6c3f03ef469e3be55d8117c0142633b56a98b8a7e9977c8d06 2cb4224637be2dceccc41e558f1df903aadc57fb761725c2cb6d0e769dabb82f
CLIENT_HANDSHAKE_TRAFFIC_SECRET 8e93e0e959d2dc23c397134ffb6d51d3a2c29f0510d44421b345e5fdec8052fd 24b661baec2fc22d4c485c4b27ff2ddcbb0a39f624be268e3e5a8c343b1201c0
SERVER_HANDSHAKE_TRAFFIC_SECRET 8e93e0e959d2dc23c397134ffb6d51d3a2c29f0510d44421b345e5fdec8052fd a0cb9d2ac922395277d32fe725ff8191c7d6682b1b787ea019816c0fc3ea4b41
CLIENT_TRAFFIC_SECRET_0 8e93e0e959d2dc23c397134ffb6d51d3a2c29f0510d44421b345e5fdec8052fd adcc578e3f1f4707a2c62d4703b5837ec4a658fbd3f657b016612eaacf7f3764
SERVER_TRAFFIC_SECRET_0 8e93e0e959d2dc23c397134ffb6d51d3a2c29f0510d44421b345e5fdec8052fd 8ad1ae425ac3492f4791497b4c2900b0ddade088833ff360616442cfbef4b988
EXPORTER_SECRET 8e93e0e959d2dc23c397134ffb6d51d3a2c29f0510d44421b345e5fdec8052fd 7ebc0e974518225347572924879c000d7d2656b448ffeb9d9b32bbaa2def4b46
CLIENT_HANDSHAKE_TRAFFIC_SECRET afd2b3b1364cc8d23eb47be4faa140b76444d0bc44dded07cc037907f64d7e0e 514e85779ee3a2b0c32cf5facf9085de2fd9b9825af6877a813d712d2921e2f1
SERVER_HANDSHAKE_TRAFFIC_SECRET afd2b3b1364cc8d23eb47be4faa140b76444d0bc44dded07cc037907f64d7e0e dd24f46503a1408983c3f1ca00da709a10b956061abf89b21401a78d411187e5
CLIENT_TRAFFIC_SECRET_0 afd2b3b1364cc8d23eb47be4faa140b76444d0bc44dded07cc037907f64d7e0e b34513ccd272505e9764e028638f4866624fd1639b831638c2f9851550ba8ac3
SERVER_TRAFFIC_SECRET_0 afd2b3b1364cc8d23eb47be4faa140b76444d0bc44dded07cc037907f64d7e0e 199838a241d224830edaaadfc17c64bfa49a33a5eab438079db6a9d521176198
EXPORTER_SECRET afd2b3b1364cc8d23eb47be4faa140b76444d0bc44dded07cc037907f64d7e0e b1d53cead873c9466cba570306fb08e1ea2eb3571d57afb3e2429d9ff913de19
CLIENT_RANDOM 125a4e1ac07ad8f94e279e4c40b6bb77b8114759f60a0fcfd4f973250e692320 68b12153c4ccbdec6e172484156666fb7a7230be934b51917a2fc425a742fd33bf486e5e8d05efb40309bd78f1095e58
CLIENT_HANDSHAKE_TRAFFIC_SECRET 79946699f9d2b42ee4c3c41d2003ba76683ac7fe77fb1bda104fe40565bc07e0 6a6bad55ae91f6477b7e0b745f5292ca4a4409bb28097a9daa6b36bba15aaf97
SERVER_HANDSHAKE_TRAFFIC_SECRET 79946699f9d2b42ee4c3c41d2003ba76683ac7fe77fb1bda104fe40565bc07e0 8d1d6f2a3b7d6a6ba6fcf6134cfbd0ae29b0795fa89516a07e026e1a37a2f6e8
CLIENT_TRAFFIC_SECRET_0 79946699f9d2b42ee4c3c41d2003ba76683ac7fe77fb1bda104fe40565bc07e0 e8d89d1884e3c71b0929997ae1027adab43514754cedeb2e1cadd3f4a9377a9e
SERVER_TRAFFIC_SECRET_0 79946699f9d2b42ee4c3c41d2003ba76683ac7fe77fb1bda104fe40565bc07e0 82a8648e56cd29fe9ca3cd201306c348c744b93913bbef08c6a1457c7714d6aa
EXPORTER_SECRET 79946699f9d2b42ee4c3c41d2003ba76683ac7fe77fb1bda104fe40565bc07e0 4a145194859349f621045a1f87b0b15e020ab4b63b5556cf101cafc2c6150e1d
CLIENT_HANDSHAKE_TRAFFIC_SECRET 7c951eabe32fadbe37dd67a4c5df13b2851823a2fd6268d946857a6a82c9ae66 87784011af69c1c192cfe7f0bd04eadc51a6a9cee08f1928778c6ec701c12842
SERVER_HANDSHAKE_TRAFFIC_SECRET 7c951eabe32fadbe37dd67a4c5df13b2851823a2fd6268d946857a6a82c9ae66 18a460a9d42c36cb7b298cb1a9a1e2c09607a4ff402d6fe4ce275703b502b517
CLIENT_TRAFFIC_SECRET_0 7c951eabe32fadbe37dd67a4c5df13b2851823a2fd6268d946857a6a82c9ae66 a661c25702251b087fef54a1a9e23b98131428022e9db4cb1a83360e828854f5
SERVER_TRAFFIC_SECRET_0 7c951eabe32fadbe37dd67a4c5df13b2851823a2fd6268d946857a6a82c9ae66 f671822e325e684b6921a58ac0076daa24d69e51145db8d9f3c16e433934e71f
EXPORTER_SECRET 7c951eabe32fadbe37dd67a4c5df13b2851823a2fd6268d946857a6a82c9ae66 ff514b36ff372ea180447e60dd8a9207d0cae19291c4c54f04399d823e440af4
CLIENT_HANDSHAKE_TRAFFIC_SECRET d7afe493e61ff45cea3463d7093f8ea1d071d206510e4bca05f17ef867a8ff98 b37f3e5d446413d2ad614d018b372fe508da168ced6f352d0d3a1cef1c78f1be
SERVER_HANDSHAKE_TRAFFIC_SECRET d7afe493e61ff45cea3463d7093f8ea1d071d206510e4bca05f17ef867a8ff98 f891f04ff93f4512a9a01395d90f6fd9c20283708d9dd2740a3a2e87a07b736d
CLIENT_HANDSHAKE_TRAFFIC_SECRET 7014748054e9f52ce8a17a59386edfd3d07270f28655c28212367eb013e6a665 e2007c950e2ea53524b9bf78fcb5a523cf6ea2fdf7355e3296f17cac18f66895
SERVER_HANDSHAKE_TRAFFIC_SECRET 7014748054e9f52ce8a17a59386edfd3d07270f28655c28212367eb013e6a665 3c40b1e093df18d6231f69cbf39089415bd932ecac10d8f4ac7e1ec03ba6465d
CLIENT_TRAFFIC_SECRET_0 d7afe493e61ff45cea3463d7093f8ea1d071d206510e4bca05f17ef867a8ff98 b6eee07a25efef39806cada3be7d3123ac40f17fb84bfacac8bb05be3855a20c
SERVER_TRAFFIC_SECRET_0 d7afe493e61ff45cea3463d7093f8ea1d071d206510e4bca05f17ef867a8ff98 abdc2027b19aaa59ec84e5155b0ae5f3020486430b462ad4848b1f58f4ca3ca9
EXPORTER_SECRET d7afe493e61ff45cea3463d7093f8ea1d071d206510e4bca05f17ef867a8ff98 c15b0ed771c9da417b0d3576faeb9fcb3c7232839e35270a9a6996dbf04fe096
CLIENT_TRAFFIC_SECRET_0 7014748054e9f52ce8a17a59386edfd3d07270f28655c28212367eb013e6a665 5358647f4e245e5d890fb410709abcf30fe7939f5cb8e780f5a83acb2b195398
SERVER_TRAFFIC_SECRET_0 7014748054e9f52ce8a17a59386edfd3d07270f28655c28212367eb013e6a665 18e0fcc5b3dedcc9fbdc468229a82c5ab7962b2210dd62d77c14552f5fd298ef
EXPORTER_SECRET 7014748054e9f52ce8a17a59386edfd3d07270f28655c28212367eb013e6a665 1261c7370ea14718c07d43e711d1b4b996aebafc64e5ba76981e72cd47c1dc03
CLIENT_HANDSHAKE_TRAFFIC_SECRET 11d1eaa39b8b887bd4e539039d98bcc7c5741f7e88de91aee42885ce4577b48f 8cf15d5ac8fb3c70e32a68796e4aac5ae9ec6a3fb88b2ca9a0f909a9a008140a
SERVER_HANDSHAKE_TRAFFIC_SECRET 11d1eaa39b8b887bd4e539039d98bcc7c5741f7e88de91aee42885ce4577b48f e2f5b4346aaf02c55ebe8e2c7a47755c524e8120a0cb69e1affe8b431e938137
CLIENT_TRAFFIC_SECRET_0 11d1eaa39b8b887bd4e539039d98bcc7c5741f7e88de91aee42885ce4577b48f a3dc6ce2f405a015793430e6acb2cab5f691bb95bb4d92a17e9ea469f2af83f6
SERVER_TRAFFIC_SECRET_0 11d1eaa39b8b887bd4e539039d98bcc7c5741f7e88de91aee42885ce4577b48f 0b3edc5c645f9f37547cc4b2dcf4acc64f392baede3394144d7bf3bd1a9172ea
EXPORTER_SECRET 11d1eaa39b8b887bd4e539039d98bcc7c5741f7e88de91aee42885ce4577b48f f81507af51a1129c3abdcc17236bf30e44ea75f83e1c320887373bacb996a64e
CLIENT_HANDSHAKE_TRAFFIC_SECRET c8ec460ab2c81232aec795225515ec85dc5392b194c62d251ba4444c61960a6f 756385d7c0029377d2d0c6b8ee26187a0ebde538fe613bb10d711927b72dae67
SERVER_HANDSHAKE_TRAFFIC_SECRET c8ec460ab2c81232aec795225515ec85dc5392b194c62d251ba4444c61960a6f 77009a70771e94ca30a4f5f77000f681f5bf99c0314f3fecb19cb0e48747f4ef
CLIENT_HANDSHAKE_TRAFFIC_SECRET 9a7d6065fd79d65eb8d56eac6d1014e8f5721274bf59cd98728fbb5cde6efd34 646eb011f0d36a6372b09beaab1789b27a23cb7471250234443e6d185eeaed38
SERVER_HANDSHAKE_TRAFFIC_SECRET 9a7d6065fd79d65eb8d56eac6d1014e8f5721274bf59cd98728fbb5cde6efd34 6fe3a78b166d1a19712485c21ad5f09af42f06e3ca33b6e32952d864a9cf6e0b
CLIENT_TRAFFIC_SECRET_0 c8ec460ab2c81232aec795225515ec85dc5392b194c62d251ba4444c61960a6f 4ef66c764b4980e4b11409d6fca579b2e1a02b117628f97fd50564b635a46a3f
SERVER_TRAFFIC_SECRET_0 c8ec460ab2c81232aec795225515ec85dc5392b194c62d251ba4444c61960a6f 10361024785c5d05578424882371f2df972d3effe71f66d3a33c85e56e063447
EXPORTER_SECRET c8ec460ab2c81232aec795225515ec85dc5392b194c62d251ba4444c61960a6f 65daf9663e57742cdb6bc0450bc8ec76b576f5cb2abf644dfcd2669dd0751765
CLIENT_TRAFFIC_SECRET_0 9a7d6065fd79d65eb8d56eac6d1014e8f5721274bf59cd98728fbb5cde6efd34 e6598ff4d7d01cecb25430b60ab719cce1dc7a21b2d44c35e2e285958a88625b
SERVER_TRAFFIC_SECRET_0 9a7d6065fd79d65eb8d56eac6d1014e8f5721274bf59cd98728fbb5cde6efd34 eb46e325711317f12cdf76c21e6919222414c8ed79385d88c27aa8e393ebd9f2
EXPORTER_SECRET 9a7d6065fd79d65eb8d56eac6d1014e8f5721274bf59cd98728fbb5cde6efd34 245891efe24dba6765a885b28f1932626a326b7e698ddb0380fd13d8a0f84b31
CLIENT_RANDOM 3c21c7f6e17508e0043edc6079316c06d7305d6b10905e9fa3e1e019e6c5b8fb 80954fceb39bea87aa3f9e3ef2019733b825e93f21937fa08b9f513bd8e352b0c111c76938a6b9603df48ab2c1ae00b8
CLIENT_RANDOM 4e5388f49ab05c077be1b393a5c2ea51d8561793120fd4e923fe78a3cf1b8a4c d27ed09fb1a4b04e431e87ff5b9c0f9e514cec94d0c73e6e5a0806404673e4579a45298a601571ade781bef3a9f20aa3
CLIENT_RANDOM d077008e05efef6fb9ce2ca482f01abf456c779c48b7f7e567bffa1b2358fd0e 7032e239c316497845792aca32935fd05fd1b4bc406ad215478af1f32ebaaa547ac701d7327956a5fcb6d82521384315
