CLIENT_HANDSHAKE_TRAFFIC_SECRET 7bfc4111ea3d90e02018c3cf2220a076ecf220fa5422a10f74d38993bcff86cb 0acf6c0f73b714ae21f4736e8d53045bccfe33feb7e389b3ef0cc62a999b3675
SERVER_HANDSHAKE_TRAFFIC_SECRET 7bfc4111ea3d90e02018c3cf2220a076ecf220fa5422a10f74d38993bcff86cb 2c4ee09234c9f0a5b28b26ab04b95552f8366ad870415f29e3b8a52df8a70ef6
CLIENT_TRAFFIC_SECRET_0 7bfc4111ea3d90e02018c3cf2220a076ecf220fa5422a10f74d38993bcff86cb 2260e30703398e37db62f3faac54b47f9480b4307664012f0b8c0af36a464568
SERVER_TRAFFIC_SECRET_0 7bfc4111ea3d90e02018c3cf2220a076ecf220fa5422a10f74d38993bcff86cb 512db591d8d7a9eefc79dce75c45e67d166dcf3121b7ee0f59f73787baf5141d
EXPORTER_SECRET 7bfc4111ea3d90e02018c3cf2220a076ecf220fa5422a10f74d38993bcff86cb 2f7c3a36bbe58f6d2bd18dd1f4a1a3bf8cf42694372560d1622e0ba87671d7a8
CLIENT_HANDSHAKE_TRAFFIC_SECRET 50c69c7ecade98192e89db8209fe5a8b9821c93488b849f9232399c6bc1db833 a5ef59a7d8ed3be9b83ea4d4873f29475a4cda044ceaa7b262cae7a1e066eb00e632c081df84266c09ce1867712a72e4
SERVER_HANDSHAKE_TRAFFIC_SECRET 50c69c7ecade98192e89db8209fe5a8b9821c93488b849f9232399c6bc1db833 c258f8b6cedb512790c876f4bf4176c663277aa1ebad9b0603cd20a86eaa8ea7c365c19affcbe7838d081dbcb389fcf6
CLIENT_HANDSHAKE_TRAFFIC_SECRET e237d39640679c074d065a5ae21e323ccdeccbed2695d82b9c361d35dfe3d16f bb9e7816f2d57a2e0d0d252ec1a782cb74b36c3155e2cbddbdc409fc5c2ddff41fdfe57315cc9608edf857b9c8d03a97
SERVER_HANDSHAKE_TRAFFIC_SECRET e237d39640679c074d065a5ae21e323ccdeccbed2695d82b9c361d35dfe3d16f 50ff346d4972832c7d83539113ac0768c14bcf9ea88167c834c221c8ae5519dc0cac50f509902c80ea8cad507da5883c
CLIENT_TRAFFIC_SECRET_0 50c69c7ecade98192e89db8209fe5a8b9821c93488b849f9232399c6bc1db833 1047bb8399583b05e87456571e27e732ed9cba1d0ee5f9d3dfba651d3262722b1a6a34b846e67a6094bd0de5a170edae
SERVER_TRAFFIC_SECRET_0 50c69c7ecade98192e89db8209fe5a8b9821c93488b849f9232399c6bc1db833 a7f4485621c2615cc5e372d6e9a2d47cbb649a1bcf9ef02b298c50cc68b8ef24082dd04f537af61f0f6d1492f3f7e5ba
EXPORTER_SECRET 50c69c7ecade98192e89db8209fe5a8b9821c93488b849f9232399c6bc1db833 b58b581db62949cba63f733b35cc667a5cfb61ed723765e1acd762b9ee7aec3a32e1dab3a600c49f9592ff8732009633
CLIENT_TRAFFIC_SECRET_0 e237d39640679c074d065a5ae21e323ccdeccbed2695d82b9c361d35dfe3d16f a0f245b134ca126f53753ba53cf2e29d006c2861df7fba241dae1aea8478c9d46b222af3ec48f58d6a678544e3ca6e8f
SERVER_TRAFFIC_SECRET_0 e237d39640679c074d065a5ae21e323ccdeccbed2695d82b9c361d35dfe3d16f d4c603803f02a4e623ca219e3a552e09a0daa32d69e8298ffaa890b40239681deebd5920c1aa397f674c5cb183473d00
EXPORTER_SECRET e237d39640679c074d065a5ae21e323ccdeccbed2695d82b9c361d35dfe3d16f d8085af7b444ac2645272f74528b1edea695ac592cb2fd75a15447f30d59aae043368ea589f49edb5bc6bb34c46f2246
CLIENT_HANDSHAKE_TRAFFIC_SECRET 1642608fafd8dc80604d993ddd7bc22dc739d07bfd2595320c6007711b54a51e b963a8cacc2d3c59b0985b9b6cfa0f675e3e173116e735c15f3a46e14db9bf52
SERVER_HANDSHAKE_TRAFFIC_SECRET 1642608fafd8dc80604d993ddd7bc22dc739d07bfd2595320c6007711b54a51e 0cf183c6b5e79c17591dc3f05ff6469bbf09de98cb1871c7745a9c343283d444
CLIENT_TRAFFIC_SECRET_0 1642608fafd8dc80604d993ddd7bc22dc739d07bfd2595320c6007711b54a51e 3e8a8ae67d6b0fdafe673f0dbe9d0ca068e3799fcd9044bfd28fc008e059bbf5
SERVER_TRAFFIC_SECRET_0 1642608fafd8dc80604d993ddd7bc22dc739d07bfd2595320c6007711b54a51e 141f7d3ce64b833df85bd37e13893468774f2d22f9ff0704f221493bd37c5c3d
EXPORTER_SECRET 1642608fafd8dc80604d993ddd7bc22dc739d07bfd2595320c6007711b54a51e f40094c8280044eb7f8dd6a9e1e4822f247824062b2b96513b3eb1acd316b535
CLIENT_HANDSHAKE_TRAFFIC_SECRET 2439a5bbd41f46e3cce61864043e499d0b56eaabc0221bf05bfce2c7225e38de 07808251016c1ef2c222ae6529e3f186e67d7ef778b26c6d5de2f8f869130a4c
SERVER_HANDSHAKE_TRAFFIC_SECRET 2439a5bbd41f46e3cce61864043e499d0b56eaabc0221bf05bfce2c7225e38de d5ddca022c08ab1f78662c2c2715ad3ba59acb270e134981c6c4166a8c13e5ad
CLIENT_TRAFFIC_SECRET_0 2439a5bbd41f46e3cce61864043e499d0b56eaabc0221bf05bfce2c7225e38de 9db336494fc61ace5b7714d6ecd40bae5fc4d68386dc034cf10853354346602f
SERVER_TRAFFIC_SECRET_0 2439a5bbd41f46e3cce61864043e499d0b56eaabc0221bf05bfce2c7225e38de 763bace30d5a22c62f7bebbb1bedba3f1b1c17713b86b9cbc14cf2db0edddc70
EXPORTER_SECRET 2439a5bbd41f46e3cce61864043e499d0b56eaabc0221bf05bfce2c7225e38de 8e189d10ec2e6c20f2df3a76be0efcd442b7675924038f57158aa5198efe6ed3
CLIENT_HANDSHAKE_TRAFFIC_SECRET 3809a8f09618dda4a72fe8c95e8e1a115c4c774cd550083b3a64ed17dcedf6af b01a3b071a2ab2277f94650c6c33aa9ef5846e8c8f8d766f2c18ae5d48831235
SERVER_HANDSHAKE_TRAFFIC_SECRET 3809a8f09618dda4a72fe8c95e8e1a115c4c774cd550083b3a64ed17dcedf6af 6e50922af0d633ea573d45406f34772b2f7f5facdfa1d5b016611710b5383369
CLIENT_TRAFFIC_SECRET_0 3809a8f09618dda4a72fe8c95e8e1a115c4c774cd550083b3a64ed17dcedf6af 85e551f0e3649406160484feac153206ba478f4effd497af60faa9ef03b0e86f
SERVER_TRAFFIC_SECRET_0 3809a8f09618dda4a72fe8c95e8e1a115c4c774cd550083b3a64ed17dcedf6af 7a01d6f567287719704ce5b4fdd7cb03fd46c4bfa7846dcfa6be702aedf41665
EXPORTER_SECRET 3809a8f09618dda4a72fe8c95e8e1a115c4c774cd550083b3a64ed17dcedf6af cf2d44ee7ea17d06d49655b1ae4afcc227ba0f32ea83316fe7a7441bd985f8c4
CLIENT_HANDSHAKE_TRAFFIC_SECRET 9e48d8915a2817012a2511f3357bd0b7c059b3975913d1a30c2956258ce03944 3258ed2ac0bdfbe285454a4af86e3f69528d0bb1cda7abdef242a21399afd641
SERVER_HANDSHAKE_TRAFFIC_SECRET 9e48d8915a2817012a2511f3357bd0b7c059b3975913d1a30c2956258ce03944 f1e0079d9e844fa275b7491906016df3d8c7caaffc5381f531b9b23f0bd84c4e
CLIENT_TRAFFIC_SECRET_0 9e48d8915a2817012a2511f3357bd0b7c059b3975913d1a30c2956258ce03944 beaee1fb3b280b0518bb8ef762e5dca19fcd7433b727079428cfa5f743ff502a
SERVER_TRAFFIC_SECRET_0 9e48d8915a2817012a2511f3357bd0b7c059b3975913d1a30c2956258ce03944 5590e26ac08bdba4f701f3c8ceb405f92946ad76cfec7cce9acaba32a80152b8
EXPORTER_SECRET 9e48d8915a2817012a2511f3357bd0b7c059b3975913d1a30c2956258ce03944 93be8884940ed831fb49c7f6d89181851bd59f3f9f0d600303b5f55ffc5fead1
CLIENT_HANDSHAKE_TRAFFIC_SECRET 25301f07a986b77d2db5e8b478340a1ef5cb66da270a49c6fedd392876d3f486 0bad3d61a964cd936633560ba01be38c1ca31c8a3095d1414a3f431e8f0405c66e1e42426e87eabf37344591aae1e1d2
SERVER_HANDSHAKE_TRAFFIC_SECRET 25301f07a986b77d2db5e8b478340a1ef5cb66da270a49c6fedd392876d3f486 383df4891d9f73d9955b109869b80ef20086d49acbce0ff74dbb871de4cec238a871bb15bd031b4d16acb29397a741cd
CLIENT_HANDSHAKE_TRAFFIC_SECRET 11929f429386b9e187e688928a9aeea68f1f56f00e4b15482c9969c361135858 3e1a57422e13ff7f6fe1f538d82b4e38aaa854ecf6d9b8f5ca8441023ae6a71734ed246d331465e69483bfcd18162a2c
SERVER_HANDSHAKE_TRAFFIC_SECRET 11929f429386b9e187e688928a9aeea68f1f56f00e4b15482c9969c361135858 c9d3dc0bcc31a444bc4495fd1097e438f074fb20da0f5e568263b1de2b47432a528032cae28866196c61e3ea07737b19
CLIENT_TRAFFIC_SECRET_0 25301f07a986b77d2db5e8b478340a1ef5cb66da270a49c6fedd392876d3f486 ad12ce86a2749797ee90b2582df8cddd69c3bdfeb8bb7b89bc7d110e7de420d26868727170222a34fa122fe7b07c11a8
SERVER_TRAFFIC_SECRET_0 25301f07a986b77d2db5e8b478340a1ef5cb66da270a49c6fedd392876d3f486 b69c038a93d08a0894a7de06e247f053482875b2bd1ba704ed016b6742248919590ccf66c8296869e3805275bb458d7f
EXPORTER_SECRET 25301f07a986b77d2db5e8b478340a1ef5cb66da270a49c6fedd392876d3f486 c394fbba72f2118c45c9aff4c7aabb11d061be18ba7074081fdd0e6ef7e33e9b4d28443ebf786cafe42baf3cada92a86
CLIENT_TRAFFIC_SECRET_0 11929f429386b9e187e688928a9aeea68f1f56f00e4b15482c9969c361135858 fec776a79598f2ade2d5ae942adfe2115abfc9e981240e8c0f81fb2bb7e973c9ff4ea134b5fbc6103a8c88a3af2c5ae8
SERVER_TRAFFIC_SECRET_0 11929f429386b9e187e688928a9aeea68f1f56f00e4b15482c9969c361135858 e322b267568578a3d296e3c1028cc9f44e71739da188bdd3c8e93fd36106ac7c34c4ad24a261f7cff2cebe64782825da
EXPORTER_SECRET 11929f429386b9e187e688928a9aeea68f1f56f00e4b15482c9969c361135858 51233cec88355f15dc3655e3d3e61de0f55b57b65d64c03a8ccdf50057d156c439ebf361d2a00046f1f63113fdfe264e
CLIENT_HANDSHAKE_TRAFFIC_SECRET 42f469bf44efc5151f05a3d871f363802c1cfae13b6c7da5929a2b384b573182 c34386dbd4e2277686166303524fbc4cfb8d98b2488e54ded8d463ae9052312a
SERVER_HANDSHAKE_TRAFFIC_SECRET 42f469bf44efc5151f05a3d871f363802c1cfae13b6c7da5929a2b384b573182 c752a8b0b3e728462522a6ba1fa4d14e01fee4dd68f4b1cf5afb959c32c56693
CLIENT_TRAFFIC_SECRET_0 42f469bf44efc5151f05a3d871f363802c1cfae13b6c7da5929a2b384b573182 3076e4b75b7100cc3a42e7ab7801b805ae613c6ea8d527791278c1f77058010d
SERVER_TRAFFIC_SECRET_0 42f469bf44efc5151f05a3d871f363802c1cfae13b6c7da5929a2b384b573182 f10a8ce8d260108a622aaa15882a8afa7db9305d62e5b8aaf8357ca03207c14f
EXPORTER_SECRET 42f469bf44efc5151f05a3d871f363802c1cfae13b6c7da5929a2b384b573182 13129b12ed81304411a437ac943f13da3efbdff3507203c22511b48bb0076e47
CLIENT_HANDSHAKE_TRAFFIC_SECRET e42a090a5c9e1815813dda80d13e4be91eba815ac0a931492b2c9d64e76cbc06 f9152fcdab05c2002fe3b650b4f652b0b3ec1828410862ea0ccc4bf17f43c3c9
SERVER_HANDSHAKE_TRAFFIC_SECRET e42a090a5c9e1815813dda80d13e4be91eba815ac0a931492b2c9d64e76cbc06 46822ef286c5956b82109ca56f7b5a0b60959e2b2d9ba752f7bbb0cbd6a3a61a
CLIENT_TRAFFIC_SECRET_0 e42a090a5c9e1815813dda80d13e4be91eba815ac0a931492b2c9d64e76cbc06 eb1ce58b05bd2ca01fc3f9503baba072dee7754c3c070664cbadf57ad3dc3c64
SERVER_TRAFFIC_SECRET_0 e42a090a5c9e1815813dda80d13e4be91eba815ac0a931492b2c9d64e76cbc06 bdf724f0ceb5e36ca56cf28f41ca1fa63c51368915f558fe75ab23770119a918
EXPORTER_SECRET e42a090a5c9e1815813dda80d13e4be91eba815ac0a931492b2c9d64e76cbc06 f40431e274bcf77c591e18a3ae2b23f4ed183052ed3bb200a245f04b4312acd9
CLIENT_HANDSHAKE_TRAFFIC_SECRET 1aaa84f18f0a3a61cb1a9707b041e0e9c7d20461b594c386c6f36323b9b16e3f 4c269906d98d015e33e1731a110e6637af504458a5363e8ef3e5a623cb1e1922
SERVER_HANDSHAKE_TRAFFIC_SECRET 1aaa84f18f0a3a61cb1a9707b041e0e9c7d20461b594c386c6f36323b9b16e3f c5c97be7fc68b0d41dd2e9fcb99eeb5ed68728a8e1549b848d9c84cee9c5099e
CLIENT_TRAFFIC_SECRET_0 1aaa84f18f0a3a61cb1a9707b041e0e9c7d20461b594c386c6f36323b9b16e3f c4b5be0eca719bba083a0f5acd408c1d8e1327bf7f54422227a8ecd7f0a30d56
SERVER_TRAFFIC_SECRET_0 1aaa84f18f0a3a61cb1a9707b041e0e9c7d20461b594c386c6f36323b9b16e3f d629042dcbb9cbfb1bb67253182d476b33a634d73cdc4b9621a18b9c3735a765
EXPORTER_SECRET 1aaa84f18f0a3a61cb1a9707b041e0e9c7d20461b594c386c6f36323b9b16e3f b15654a41cf7beb164c0c9b8e350a6fdcf2778464dee89f1abae671aa0560380
CLIENT_HANDSHAKE_TRAFFIC_SECRET 35f741de51f26f40ad2312ac8c031fb7bcc120f5bf344edf7998d8d46eea3962 9b5311a0fdafd857f4307ef566c15dc545f92740b4c178a8d3568449af1db311
SERVER_HANDSHAKE_TRAFFIC_SECRET 35f741de51f26f40ad2312ac8c031fb7bcc120f5bf344edf7998d8d46eea3962 bfc06ea02cef9c966601437cbc76c14789365a5a9d23a00f75aca1e25b17310e
CLIENT_TRAFFIC_SECRET_0 35f741de51f26f40ad2312ac8c031fb7bcc120f5bf344edf7998d8d46eea3962 3a4953d7d0236933c17341e7f3cec55b0dc679a3bc0cd1ad63819bce0424ddf7
SERVER_TRAFFIC_SECRET_0 35f741de51f26f40ad2312ac8c031fb7bcc120f5bf344edf7998d8d46eea3962 c07280f3455fb69d9187f1736c05fc59c1d45c528d345eb6998188e5166069b8
EXPORTER_SECRET 35f741de51f26f40ad2312ac8c031fb7bcc120f5bf344edf7998d8d46eea3962 934f1436b050c310f93aa4127aad2c504d74e7e1759f4a91f85532b88e9a80b7
CLIENT_HANDSHAKE_TRAFFIC_SECRET 9ed3e59f6f33b7a73f05e4c5386e45e71e904e38e39229d06942c6ced9481159 758d847a6abd0421a10b6caa686451e0eed4fd88f2a17430d0b0491b0d6458a3
SERVER_HANDSHAKE_TRAFFIC_SECRET 9ed3e59f6f33b7a73f05e4c5386e45e71e904e38e39229d06942c6ced9481159 50fa6d9f682b11e7471958f3dd596a7fcd53b5abce8320cd034dd10c3a6924a3
CLIENT_TRAFFIC_SECRET_0 9ed3e59f6f33b7a73f05e4c5386e45e71e904e38e39229d06942c6ced9481159 148c6c3fda0c86e822c4e425c8236babe242a71352db215807c03a1de92fd2dc
SERVER_TRAFFIC_SECRET_0 9ed3e59f6f33b7a73f05e4c5386e45e71e904e38e39229d06942c6ced9481159 a3a241f9e5f48b869e78ced9c5f9b55736e67a9cb2f8915d785cf8baf36c232b
EXPORTER_SECRET 9ed3e59f6f33b7a73f05e4c5386e45e71e904e38e39229d06942c6ced9481159 205592e9bc7b8c73dce95d21f84c32537407b7398582a3ae8e71130a054a038a
CLIENT_HANDSHAKE_TRAFFIC_SECRET 5148debf54f539008fe288166c2b05ee4a8b57d9107f51f9f63d1b2907cd328e 7810806a61311b54615e13162fbeaf1313fbf12e02198c06dc75a04505a74541
SERVER_HANDSHAKE_TRAFFIC_SECRET 5148debf54f539008fe288166c2b05ee4a8b57d9107f51f9f63d1b2907cd328e d99e365e6a730ef1b6c4a9b689caac40b5ac68b651bf36d0afdb95a6f6928990
CLIENT_TRAFFIC_SECRET_0 5148debf54f539008fe288166c2b05ee4a8b57d9107f51f9f63d1b2907cd328e 67ac9a2b4058b883265546dd5dff7efc90e53d9fc0debc512b3ed40588b880b8
SERVER_TRAFFIC_SECRET_0 5148debf54f539008fe288166c2b05ee4a8b57d9107f51f9f63d1b2907cd328e 9f9385d097f50a8c34b68ead9e0ab4405ee4d93e75e844cf9778b42c39f20bec
EXPORTER_SECRET 5148debf54f539008fe288166c2b05ee4a8b57d9107f51f9f63d1b2907cd328e ee59fe50f93f923d5e4bb37b1844a15baf8b423c430df166e0bcc714d568daa7
CLIENT_HANDSHAKE_TRAFFIC_SECRET a43ef1f4798328df565b7dfb06cdfbc2747fad1e7e46d553591091dea06df7aa ffb25d3b0319a763b139137c6d949aec2a03129f7da31794ee17219243d735e3
SERVER_HANDSHAKE_TRAFFIC_SECRET a43ef1f4798328df565b7dfb06cdfbc2747fad1e7e46d553591091dea06df7aa d10ff46c9b21ad8ce6971ab2c9852923f2348c2898c5a151cae6283080baf7a2
CLIENT_TRAFFIC_SECRET_0 a43ef1f4798328df565b7dfb06cdfbc2747fad1e7e46d553591091dea06df7aa 5356f8709571cedb9f749f0cff2b36889a23073c02b3aa54134b903bdee074da
SERVER_TRAFFIC_SECRET_0 a43ef1f4798328df565b7dfb06cdfbc2747fad1e7e46d553591091dea06df7aa e44ff20ffb44940669cea95a481d9f75c68565c69a9911dc26d9537ed77649dc
EXPORTER_SECRET a43ef1f4798328df565b7dfb06cdfbc2747fad1e7e46d553591091dea06df7aa 036b7b37a71dd96407c934bc0fcf4703333029ff586fb2d9caccbb766f20d8cd
CLIENT_HANDSHAKE_TRAFFIC_SECRET 929b7720eac4c2dc5b62949cea868e1e07b4aea50b2c67355d09d8efd290d154 a7fd99ae850366b8ba71b175f5385779b4962be0a935838dcc7f50724aea674d
SERVER_HANDSHAKE_TRAFFIC_SECRET 929b7720eac4c2dc5b62949cea868e1e07b4aea50b2c67355d09d8efd290d154 9ac3e67e625c2e303f372f2756ac5cb2d248eb18d98f91e6314b32bd8d06f09f
CLIENT_TRAFFIC_SECRET_0 929b7720eac4c2dc5b62949cea868e1e07b4aea50b2c67355d09d8efd290d154 b08fa69a02f5fac9bde16d77ad8de117d00483040519ec107879427fd015b9f7
SERVER_TRAFFIC_SECRET_0 929b7720eac4c2dc5b62949cea868e1e07b4aea50b2c67355d09d8efd290d154 a67793615549155dd9bc10a59e12e16715988eccb426d57cd21e6072d8f4d280
EXPORTER_SECRET 929b7720eac4c2dc5b62949cea868e1e07b4aea50b2c67355d09d8efd290d154 a1a5b3a85774cc17c0d30be69e3116da6b9e259994e4df815c1933cbd3973e0b
CLIENT_HANDSHAKE_TRAFFIC_SECRET 7529cc72a46bab64d2fc7df6a7ffdcb2fcc3381a2c329ac56fe9275a7e0e3b99 c835ede70269d734db9b75d65321f44b2b566f9a9472590f367e6538d6d66ed2
SERVER_HANDSHAKE_TRAFFIC_SECRET 7529cc72a46bab64d2fc7df6a7ffdcb2fcc3381a2c329ac56fe9275a7e0e3b99 f25c49a19ddec0231252ee86db638c2ab06e0416a2c5061a7a03642cd104f82d
CLIENT_TRAFFIC_SECRET_0 7529cc72a46bab64d2fc7df6a7ffdcb2fcc3381a2c329ac56fe9275a7e0e3b99 24c146b071f3ed040b3e06d96cfa0c21fe948019d76cac309c269f3136a304a8
SERVER_TRAFFIC_SECRET_0 7529cc72a46bab64d2fc7df6a7ffdcb2fcc3381a2c329ac56fe9275a7e0e3b99 9e5a4ce84e1525925de8fa67a7fec61041e0269a435cbcd67f75c85c8225183c
EXPORTER_SECRET 7529cc72a46bab64d2fc7df6a7ffdcb2fcc3381a2c329ac56fe9275a7e0e3b99 4bbbc97deb194c43e0fbca7c042eb81cba4f6846441ff9eb894db22638ae5264
CLIENT_RANDOM 9fba99a38b8afe391177bbe2647d43def683ea28241d5e0c32ba473c15c63f92 55e17b103f1d67ce2c79ec6d86dd0a4f54ac2c34dbb651f91251683f0ff5f7ccaca1eebe7981e4d0cce5e096f9a97cc5
CLIENT_RANDOM b1dcae1be7e0d52313b7a9f33cd0055589abd598fc7b3d23c61ff3848d754479 c4501376f0b8f8752b35a2000a72beb1f45a48072bbbd3bb36dcb769a406fed388709fe0e0c7ead909063bc5e0b5b4b1
CLIENT_HANDSHAKE_TRAFFIC_SECRET 3c8c8067fad2e83c433c2a0b58386db45c76e2bfccbc7892195c4d09155fad85 20c3738bf8062442b9aedd9f9120e765dd15043c08b1a90878f03befd042cf3b
SERVER_HANDSHAKE_TRAFFIC_SECRET 3c8c8067fad2e83c433c2a0b58386db45c76e2bfccbc7892195c4d09155fad85 0d07e0357b67a7c8a1676823030d08b02279b551147a70e1e9b0f21b3898af44
CLIENT_TRAFFIC_SECRET_0 3c8c8067fad2e83c433c2a0b58386db45c76e2bfccbc7892195c4d09155fad85 c7d3654acaacf24117856a6ce028c55247e37c6ef154d715ccece125c9078ecd
SERVER_TRAFFIC_SECRET_0 3c8c8067fad2e83c433c2a0b58386db45c76e2bfccbc7892195c4d09155fad85 fb47c0ee6fb6e9d815f8c171cfbda4abe1ebd1540a4971fb66720144f2f94a03
EXPORTER_SECRET 3c8c8067fad2e83c433c2a0b58386db45c76e2bfccbc7892195c4d09155fad85 ec09ffbf00f38952ad323c31dfc19083fcd5679180d75f162f09aad46449a12f
CLIENT_HANDSHAKE_TRAFFIC_SECRET 4b98e0600ce37d18a886b1b995c340e83ce4549bcfd575bbf5a878d93b3fa604 ad29f8f6e54c7b26070b138d22e43d10443b01ac555e44f034381158407a9b8d
SERVER_HANDSHAKE_TRAFFIC_SECRET 4b98e0600ce37d18a886b1b995c340e83ce4549bcfd575bbf5a878d93b3fa604 a310937501ab6c087b81dad131b14fa32d00ad72c7ff808ff8c59af6458063ed
CLIENT_TRAFFIC_SECRET_0 4b98e0600ce37d18a886b1b995c340e83ce4549bcfd575bbf5a878d93b3fa604 bb5a05a44522cf5682eafe8e87f3a47f2333b98d889801a97c4c3d2c85875083
SERVER_TRAFFIC_SECRET_0 4b98e0600ce37d18a886b1b995c340e83ce4549bcfd575bbf5a878d93b3fa604 48c9e97fd54b50a9acc75530aa14471adf4d748ec9991abc595ca944f5334057
EXPORTER_SECRET 4b98e0600ce37d18a886b1b995c340e83ce4549bcfd575bbf5a878d93b3fa604 9a89cefc314d7896b767b088fd79f711b388fdfc36bed0828138a6ee3e3d14ef
CLIENT_HANDSHAKE_TRAFFIC_SECRET 5fdd70f73500113cd0f2ac0900e53d93fcf1894e419dcdb1de303401a86b74a5 eebb01fbc4e8fa494eed7cad8fa38770adbb682e6426ecb72986353addb14395
SERVER_HANDSHAKE_TRAFFIC_SECRET 5fdd70f73500113cd0f2ac0900e53d93fcf1894e419dcdb1de303401a86b74a5 444435555cd60808ccd7681d555402543be22185e07a82b5d8464ad9a576552e
CLIENT_TRAFFIC_SECRET_0 5fdd70f73500113cd0f2ac0900e53d93fcf1894e419dcdb1de303401a86b74a5 aad09307d35ce34e6b03e22b59b92287d15d1a911ba253bb3c3448dabb54eb6c
SERVER_TRAFFIC_SECRET_0 5fdd70f73500113cd0f2ac0900e53d93fcf1894e419dcdb1de303401a86b74a5 b7cc04d1bbe78f46f09835b5ee6fba33e76794ebea9ef4d8e1d073fad97fb08b
EXPORTER_SECRET 5fdd70f73500113cd0f2ac0900e53d93fcf1894e419dcdb1de303401a86b74a5 1466b5e6ff586bb6d3ee3e3f3727c01be5722b2f05aff37b346ae303c70cc857
CLIENT_HANDSHAKE_TRAFFIC_SECRET 201dd575ffc6ee1debac9b7680417659ea2b1f85fcb8d8529e1c7a3d4af977dc 1d3a65eadf98681e5f61db3661e82c591aad6b4a69e7744d99b866cc52ca3cc7
SERVER_HANDSHAKE_TRAFFIC_SECRET 201dd575ffc6ee1debac9b7680417659ea2b1f85fcb8d8529e1c7a3d4af977dc 614aa852b9e03c1e633135b32992dca48ada5affe9ce1aa32b11f0227b61fd94
CLIENT_TRAFFIC_SECRET_0 201dd575ffc6ee1debac9b7680417659ea2b1f85fcb8d8529e1c7a3d4af977dc 96c85dedcc7b27f17dfddc288c2a6c6ba8f5d4e3e54cb5a426418464995fcd64
SERVER_TRAFFIC_SECRET_0 201dd575ffc6ee1debac9b7680417659ea2b1f85fcb8d8529e1c7a3d4af977dc 82ca2b5be22616f717f4b97ded4798cbd08f019e689e9e8fdca08b1671b4a140
EXPORTER_SECRET 201dd575ffc6ee1debac9b7680417659ea2b1f85fcb8d8529e1c7a3d4af977dc c3d777613142dd08b0def675a082eeab5b71403a8839b455cb3efbcf51ffd89f
CLIENT_HANDSHAKE_TRAFFIC_SECRET c2cc86ab4f0b02600c975a1c207b4bb509c626ea8db68c7f2e9bb9c901caf46a 71911f8bda1380a6dc798627c9639c7835674177d672c79ed43af0e2531a9797
SERVER_HANDSHAKE_TRAFFIC_SECRET c2cc86ab4f0b02600c975a1c207b4bb509c626ea8db68c7f2e9bb9c901caf46a 44cf1347a4a40dd38db92e1b7e2bcf7a2441ef468c6a6c2c2d9ab00aead0f09c
CLIENT_TRAFFIC_SECRET_0 c2cc86ab4f0b02600c975a1c207b4bb509c626ea8db68c7f2e9bb9c901caf46a 4f3159bf14a1ce39fe4dbbffebf1825e2b380815d62665921143a90ce31c5a6f
SERVER_TRAFFIC_SECRET_0 c2cc86ab4f0b02600c975a1c207b4bb509c626ea8db68c7f2e9bb9c901caf46a 6939f9e4bc30d3b2af8154aee718ef3b1d4f3e16d8f181e7b39c8771ef07dfde
EXPORTER_SECRET c2cc86ab4f0b02600c975a1c207b4bb509c626ea8db68c7f2e9bb9c901caf46a cc8b4e89dd3e3d2b490eab3417026f1c93edae28548118cc1ed6502877132b88
CLIENT_HANDSHAKE_TRAFFIC_SECRET 3ebaf10d9ac489a16bc384b6be857aefc2b0a24550e7175bfe7869b6fc8c96bf 678258b3a072d780cc564635f220b46ea3e65e0b2cdb14f5bcadd979ea7bec9f
SERVER_HANDSHAKE_TRAFFIC_SECRET 3ebaf10d9ac489a16bc384b6be857aefc2b0a24550e7175bfe7869b6fc8c96bf be3a470399ec707ffb7c3fc75c59c7cab2904360139c52730cda80ee21f9f798
CLIENT_TRAFFIC_SECRET_0 3ebaf10d9ac489a16bc384b6be857aefc2b0a24550e7175bfe7869b6fc8c96bf 0ff485882c6ae5b3847cf4cb32cc591691d2d40097807f02b6d8329d2b6d0de2
SERVER_TRAFFIC_SECRET_0 3ebaf10d9ac489a16bc384b6be857aefc2b0a24550e7175bfe7869b6fc8c96bf 062c65fda49f49f6c3851200a70826822dac7532ee04e170042782c3a91a60c5
EXPORTER_SECRET 3ebaf10d9ac489a16bc384b6be857aefc2b0a24550e7175bfe7869b6fc8c96bf 16d83fc670659ce0265277c461498eadcb5a9a5c1015845c8e450df306e110fb
CLIENT_HANDSHAKE_TRAFFIC_SECRET 357461cb7c4581af5085dcda8b1b17ef4fe02ea0e8b321818da21f9fda84098d b5e87e51191c6934c03c268aac3792b9f1c09fac2334f7dd331217307acaa1e0
SERVER_HANDSHAKE_TRAFFIC_SECRET 357461cb7c4581af5085dcda8b1b17ef4fe02ea0e8b321818da21f9fda84098d 09c5622ceb1368ab41b4fde407346b37efcb3d1cd0b865079347d8aaaad87581
CLIENT_TRAFFIC_SECRET_0 357461cb7c4581af5085dcda8b1b17ef4fe02ea0e8b321818da21f9fda84098d a730c3df1519e32512da9008df4aaa36a530db74d2da5af02ac7006c8fd9b976
SERVER_TRAFFIC_SECRET_0 357461cb7c4581af5085dcda8b1b17ef4fe02ea0e8b321818da21f9fda84098d 155d6884c1cae286fe41246e28250a0e04eaa487a911c8ef8b41dfcd2d4f48b2
EXPORTER_SECRET 357461cb7c4581af5085dcda8b1b17ef4fe02ea0e8b321818da21f9fda84098d 35a2061cd897b53ea36b08681e4c4e0c18c06ea1e23eddcb681dca85f4aa0aff
CLIENT_HANDSHAKE_TRAFFIC_SECRET f0f7370c97a20dcb40e844d1f15dfa12358a404006c931fdc86741ce4973a861 89951d8c98bddad178b2d73323ecd7eecc1d74c2894f724522f981b0fd9b2636
SERVER_HANDSHAKE_TRAFFIC_SECRET f0f7370c97a20dcb40e844d1f15dfa12358a404006c931fdc86741ce4973a861 5eb973120bdf04110d97d4358b69afa5a7a3805bfd14c5cb9c65db3ae34a64a4
CLIENT_TRAFFIC_SECRET_0 f0f7370c97a20dcb40e844d1f15dfa12358a404006c931fdc86741ce4973a861 dcec4cc94740c2d9157af52903c7343c61912644d9ae49a50d63a0182ebee902
SERVER_TRAFFIC_SECRET_0 f0f7370c97a20dcb40e844d1f15dfa12358a404006c931fdc86741ce4973a861 91f754f8e8e104a04558e820a91e7c98db3db03da07795257fce17694a425064
EXPORTER_SECRET f0f7370c97a20dcb40e844d1f15dfa12358a404006c931fdc86741ce4973a861 a66995905b65fc1df23513ba4fcfeb202fcb0462b83d63ac4e16e9663455d919
CLIENT_HANDSHAKE_TRAFFIC_SECRET 738a9872205789d7828ac81269f354781ccc6845d9edda7dc8057f5d3003591e cb6e9902a8c6f97febcdcff3e754ae8a7673400c170f657ba4931e91801206a8
SERVER_HANDSHAKE_TRAFFIC_SECRET 738a9872205789d7828ac81269f354781ccc6845d9edda7dc8057f5d3003591e 81044194b00237fdeca376a393ec633bd5a7cfc82422431bae5531b24a8e8248
CLIENT_TRAFFIC_SECRET_0 738a9872205789d7828ac81269f354781ccc6845d9edda7dc8057f5d3003591e 910c52ba8c897dfd0392e5791f5d97c0e14007f0d031855b0fafdf2295cc46e9
SERVER_TRAFFIC_SECRET_0 738a9872205789d7828ac81269f354781ccc6845d9edda7dc8057f5d3003591e b726f22d49133bf97a6706d05d9cd94e6d87327c5eac54d72c3a4158a474bd47
EXPORTER_SECRET 738a9872205789d7828ac81269f354781ccc6845d9edda7dc8057f5d3003591e 8b41bbc387b234fa651bd6de895fd3684776b4692978f20e2fc48ef7921c48f2
CLIENT_HANDSHAKE_TRAFFIC_SECRET d3aa9de3cf4189f57ea4c536e9d719530e4eb247eee18604f47054adbaf4fbd7 e40055590e54394a1bf13080842d7a31c896bc59eec5136def7c8a5c05da9316
SERVER_HANDSHAKE_TRAFFIC_SECRET d3aa9de3cf4189f57ea4c536e9d719530e4eb247eee18604f47054adbaf4fbd7 9677966e8cdfc5ecbe195cc5a110fce68c2099bccbb9b13db7c8abde5548b5a8
CLIENT_TRAFFIC_SECRET_0 d3aa9de3cf4189f57ea4c536e9d719530e4eb247eee18604f47054adbaf4fbd7 e285efb398883d6448879791ba050b500bc9653bc815360cda3632f2020ec290
SERVER_TRAFFIC_SECRET_0 d3aa9de3cf4189f57ea4c536e9d719530e4eb247eee18604f47054adbaf4fbd7 48814ba67196032118d2039b1b7278c7e3ccadd1505346ac746306823581bad1
EXPORTER_SECRET d3aa9de3cf4189f57ea4c536e9d719530e4eb247eee18604f47054adbaf4fbd7 fefc717cf5bb539d4631b4d19cc457e99565afef4685020cfd0740b62458d2f8
CLIENT_HANDSHAKE_TRAFFIC_SECRET 3fcd397076870bf14a6e523b537af086b6a742c9033463a5120285ccf5235366 259cce0684984fcca10399d474bb20b0a2456c35e51066b469c8123dd161efea
SERVER_HANDSHAKE_TRAFFIC_SECRET 3fcd397076870bf14a6e523b537af086b6a742c9033463a5120285ccf5235366 38f61c0383ed53d64c1d402f96f48fe4f327de00b1c90a6c77a2dc9785faa9fc
CLIENT_HANDSHAKE_TRAFFIC_SECRET afc3ef2c5510416eab0696762cedffc6064e4ed5426d77436e1ee45d9fccb854 466c077492108f36e11d54e16f1e4093f88a89f06ba7111095a284d5e5108d35
SERVER_HANDSHAKE_TRAFFIC_SECRET afc3ef2c5510416eab0696762cedffc6064e4ed5426d77436e1ee45d9fccb854 acba5d10a850076195a11d36d9486df9482568e475f1bb21f8ab5b6387a13195
CLIENT_TRAFFIC_SECRET_0 3fcd397076870bf14a6e523b537af086b6a742c9033463a5120285ccf5235366 0e45596e0167df4d3fc698a2d20d664545f1e0b891162ec8d6d0a82e1b7f97c7
SERVER_TRAFFIC_SECRET_0 3fcd397076870bf14a6e523b537af086b6a742c9033463a5120285ccf5235366 4d0ee317faf4a2c0dc031353622e92ab794376d017c8f7de8372218733c24108
EXPORTER_SECRET 3fcd397076870bf14a6e523b537af086b6a742c9033463a5120285ccf5235366 78c516b919d163240c5ae05de21142acbaf1bf7495122ae84d6d04f5237f4cba
CLIENT_TRAFFIC_SECRET_0 afc3ef2c5510416eab0696762cedffc6064e4ed5426d77436e1ee45d9fccb854 ab4e6e38ff9b7ca0844d0b2efc4c504f85a22da6e13aa2f8558c8c8640d7c407
SERVER_TRAFFIC_SECRET_0 afc3ef2c5510416eab0696762cedffc6064e4ed5426d77436e1ee45d9fccb854 f7a818b2c0fe849a1f981e31066ffe44d6327426387b193549cb03b4f9cff2e1
EXPORTER_SECRET afc3ef2c5510416eab0696762cedffc6064e4ed5426d77436e1ee45d9fccb854 88e9db310a9fff5cb313b50c625a064239a5cb3afc6759500c6406636fa44da4
