CLIENT_RANDOM 5203470c14b8943069123e22d82c9730caff53cead590bcc609a77a8c8613729 a468d3603f808eaab9b57870c88791feb051aef240d5f1eadca52bb79f4983b038929f5972d70933b3d810da2cd418d7
CLIENT_HANDSHAKE_TRAFFIC_SECRET 235b8c9d947a9f255d27decbf15e51c22a517720fe3f95a4c129b65564cf738d dcbedf38f6b59f1a8dc699f21100f4f2c866182b3f48bb8dddbbecf31f9c7342
SERVER_HANDSHAKE_TRAFFIC_SECRET 235b8c9d947a9f255d27decbf15e51c22a517720fe3f95a4c129b65564cf738d 3b4c7e1456b46cf878f5b235b1013306e296879ed4f5a9f9daafc3c74a3645b8
CLIENT_TRAFFIC_SECRET_0 235b8c9d947a9f255d27decbf15e51c22a517720fe3f95a4c129b65564cf738d f4e3d4cd8fda4f9205fcf5186c6518ce8f9f329c09e87f48447b70e27f8f6c67
SERVER_TRAFFIC_SECRET_0 235b8c9d947a9f255d27decbf15e51c22a517720fe3f95a4c129b65564cf738d 2284a24b730a6c18e0ca1237b3e6499d95258889080fdbed6dff41143cb8a007
EXPORTER_SECRET 235b8c9d947a9f255d27decbf15e51c22a517720fe3f95a4c129b65564cf738d 49d2e5574bd00bb652333bc5b357ac0ae6b39f88979e1427104e42c2f3a2d787
CLIENT_RANDOM e949539d8dbbd29bb218a760b96acadd7e1e321fcea20fea299c0b6cf85455ed 72b3adae7b09645bbbe711ad137895794e4c8e5a424c0a248f43342302d8c3b2db256e101a3eff53145d91ace876a39f
CLIENT_HANDSHAKE_TRAFFIC_SECRET 43bbc770e1c2d1097f4d2273fa20f4c5840d2f5182b99c3def2cdb24b1f2ecd5 4c5fddebb1036bdf75959e1a739840db47785d3cddfa3cf64db1138766f2b789
SERVER_HANDSHAKE_TRAFFIC_SECRET 43bbc770e1c2d1097f4d2273fa20f4c5840d2f5182b99c3def2cdb24b1f2ecd5 9d9257e0e13ba60579117769552a898330675d2907641be77dafe51cd4b675fe
CLIENT_TRAFFIC_SECRET_0 43bbc770e1c2d1097f4d2273fa20f4c5840d2f5182b99c3def2cdb24b1f2ecd5 8036e878a3eb32d56317b9772c1e65e1c66a6a9bc51c0d9406a5fef726f6ca64
SERVER_TRAFFIC_SECRET_0 43bbc770e1c2d1097f4d2273fa20f4c5840d2f5182b99c3def2cdb24b1f2ecd5 b36ec5b11ec782666e6472e60064d8244d7acd038df980ebe8d7afec8ce91304
EXPORTER_SECRET 43bbc770e1c2d1097f4d2273fa20f4c5840d2f5182b99c3def2cdb24b1f2ecd5 c4110a158b8d81af4806a8d9a50b94c4e73269d9cce754a7b362da669e47a375
CLIENT_HANDSHAKE_TRAFFIC_SECRET a552913be314542e5e2c349c1aa1c054174d637220c205d772115974f40206bc 62bb66b4c471eed8242099d089487145b6d7ec154847043e99d0f5e2c1340616
SERVER_HANDSHAKE_TRAFFIC_SECRET a552913be314542e5e2c349c1aa1c054174d637220c205d772115974f40206bc d6fd4bec9b6d335bbbb5c47d348099b77619c3554e06e285e659dc1db9dd36f1
CLIENT_TRAFFIC_SECRET_0 a552913be314542e5e2c349c1aa1c054174d637220c205d772115974f40206bc a3ffe0b69aaa17720302f5c1f24a4cafde0f55bf6d05f881714dd35007c93329
SERVER_TRAFFIC_SECRET_0 a552913be314542e5e2c349c1aa1c054174d637220c205d772115974f40206bc 4d9e30db75bfed475a40a22085d3978bde1ba4cd6652bcc18d0e493c685c9e7c
EXPORTER_SECRET a552913be314542e5e2c349c1aa1c054174d637220c205d772115974f40206bc a35abe726f0df8ac8d02b2814f4d10f3d6acb6d2a3c090463b4620d831dbbfe5
CLIENT_HANDSHAKE_TRAFFIC_SECRET a2bc55972aa2936392c777f18ee3e965599aac340edd541ef0827f2ddaebff3e 49a258f2a5ea7ff332dad519d41aef46ca04159ea3845a7e098de22e8088392b
SERVER_HANDSHAKE_TRAFFIC_SECRET a2bc55972aa2936392c777f18ee3e965599aac340edd541ef0827f2ddaebff3e a5e803bf7a4d67c02787aa3cd95f93edd577934f65e7fc80493a6fd0d23b28ab
CLIENT_HANDSHAKE_TRAFFIC_SECRET 38d66face6647ba10231427dd4fb462f6336e02f5c37c7ab6b277983feee3538 ba2b7449566896d85ce8d71f7000f4e90aa1caa58128aaaec6b05456699640ad
SERVER_HANDSHAKE_TRAFFIC_SECRET 38d66face6647ba10231427dd4fb462f6336e02f5c37c7ab6b277983feee3538 ba5f79211fcdd0b4ba949953c94da30ba145c1ba64da290bac79db01344261f4
CLIENT_TRAFFIC_SECRET_0 a2bc55972aa2936392c777f18ee3e965599aac340edd541ef0827f2ddaebff3e 76a7d6b8a6ca47c49718b7b909e72a6a9f1e87144182d2acc8f468af517a47e7
SERVER_TRAFFIC_SECRET_0 a2bc55972aa2936392c777f18ee3e965599aac340edd541ef0827f2ddaebff3e 21c82c6dc2c55aed7ea49b9f76497a64277f708b0f572a5567fb4919d4c2e264
EXPORTER_SECRET a2bc55972aa2936392c777f18ee3e965599aac340edd541ef0827f2ddaebff3e 054a736b49d7f0a5d9fbb30670d10e43e0bc52f02fbab1b2f38d917f5e3aa708
CLIENT_TRAFFIC_SECRET_0 38d66face6647ba10231427dd4fb462f6336e02f5c37c7ab6b277983feee3538 dc44d8f345410374313954fe1bcb491664e8778d89997c1c5a23cc75bb8da5f9
SERVER_TRAFFIC_SECRET_0 38d66face6647ba10231427dd4fb462f6336e02f5c37c7ab6b277983feee3538 2f29733182a375a84e70a9c8b57dce0ca431ed1e7923c25ac90d4b827816cd24
EXPORTER_SECRET 38d66face6647ba10231427dd4fb462f6336e02f5c37c7ab6b277983feee3538 90875553db50fc89834f34a9676cac7972a369afd7d2256d202b4af8198e1f6c
CLIENT_HANDSHAKE_TRAFFIC_SECRET d985ca7e26edea4abfb44e086259e4e806a81b9ea90b219f937a00b6cdc4461a 8cec98057e70b6e4f23857a296d6a95e21525006f28de971fa12881c7e01973c
SERVER_HANDSHAKE_TRAFFIC_SECRET d985ca7e26edea4abfb44e086259e4e806a81b9ea90b219f937a00b6cdc4461a 378f76c5c2b72f1f927a7745433b0b7609331de070fda0a55de37698c319b411
CLIENT_TRAFFIC_SECRET_0 d985ca7e26edea4abfb44e086259e4e806a81b9ea90b219f937a00b6cdc4461a ed9641ecb183a952a007dd80165e375f7270aebc05f39f06aa40f0df7dbe669c
SERVER_TRAFFIC_SECRET_0 d985ca7e26edea4abfb44e086259e4e806a81b9ea90b219f937a00b6cdc4461a 8c412110f9d29e3c5ca2b77e7ec805ec50f1bb40699c87e744c70facb680a2ce
EXPORTER_SECRET d985ca7e26edea4abfb44e086259e4e806a81b9ea90b219f937a00b6cdc4461a 4583d8c431b8866c20c7372e0f51f4a62e7557bad8fd9d5a04d8568c1b6cbc8e
CLIENT_HANDSHAKE_TRAFFIC_SECRET 7e9f23ed3657e5ca312d25884b3aa83744e8f48e9b703291545f9843b00fd56c 3dc41a816cc97da1d29d7d3c054bf1e41d3fa97aea3e712e3661bf51ac12f31a
SERVER_HANDSHAKE_TRAFFIC_SECRET 7e9f23ed3657e5ca312d25884b3aa83744e8f48e9b703291545f9843b00fd56c 7e21c78425ad648e50d21297f3a6646a84d6689cceeac11e83f5f2b3a5733aba
CLIENT_HANDSHAKE_TRAFFIC_SECRET b85192642a3d2c4dad7f0ccb424e288eb021c38c5c3e68a202cc724d5638c903 83a7734d48a75529e8ffacb8cdf9a379653ce9b0c15eac175a89bb4d1fe977a5
SERVER_HANDSHAKE_TRAFFIC_SECRET b85192642a3d2c4dad7f0ccb424e288eb021c38c5c3e68a202cc724d5638c903 6c8702a6fd95054c8a582c87d121d72727a9364ff44261d639390584fbf6c5ef
CLIENT_TRAFFIC_SECRET_0 7e9f23ed3657e5ca312d25884b3aa83744e8f48e9b703291545f9843b00fd56c 50dda70e1203f9196d226069833ecb4c2ad4c05a8127376c94f778681ef4e392
SERVER_TRAFFIC_SECRET_0 7e9f23ed3657e5ca312d25884b3aa83744e8f48e9b703291545f9843b00fd56c b7cc9a11d6bdd04a892fb1c6f7ad56e47ca63b954423088e1dda3369a905d101
EXPORTER_SECRET 7e9f23ed3657e5ca312d25884b3aa83744e8f48e9b703291545f9843b00fd56c dbc6ac8317bf2fc78284995be54a24e12033510d35b47f1ae57cf9f4a99bfa1d
CLIENT_TRAFFIC_SECRET_0 b85192642a3d2c4dad7f0ccb424e288eb021c38c5c3e68a202cc724d5638c903 b62acf01c4c68589e392e3924900d6fb3c55550625de66acf13123c153d04aca
SERVER_TRAFFIC_SECRET_0 b85192642a3d2c4dad7f0ccb424e288eb021c38c5c3e68a202cc724d5638c903 18dcad4331dc8a7d09f48d09d22cfd0f7eee4f3cb6a11721ceb9c802aa951205
EXPORTER_SECRET b85192642a3d2c4dad7f0ccb424e288eb021c38c5c3e68a202cc724d5638c903 539f251303c1c9035d4691ba6049044848cfe155aaffdf9f2641ad1da01b0535
CLIENT_HANDSHAKE_TRAFFIC_SECRET 2aeca5774d3a852cb1f40ef44e2c9e60c90559c0a3b1aeea14875ad0370e5409 5b25981398243343ee52894d0819d9666bb714dd220058d51d75550bea2b88ec
SERVER_HANDSHAKE_TRAFFIC_SECRET 2aeca5774d3a852cb1f40ef44e2c9e60c90559c0a3b1aeea14875ad0370e5409 cbae666a7d1c7f842320b07ae893a34becdc6b361759f78017aaae6d88b6ff05
CLIENT_TRAFFIC_SECRET_0 2aeca5774d3a852cb1f40ef44e2c9e60c90559c0a3b1aeea14875ad0370e5409 621f7c87d01a2105565fdc9bb07248eac0f3904588466b1958aee0f0ba794645
SERVER_TRAFFIC_SECRET_0 2aeca5774d3a852cb1f40ef44e2c9e60c90559c0a3b1aeea14875ad0370e5409 6f821f8835e7725c066402dea638deaef75cc106d2cab782a0c88efea788f4a5
EXPORTER_SECRET 2aeca5774d3a852cb1f40ef44e2c9e60c90559c0a3b1aeea14875ad0370e5409 7effdcfc04bf509794e67ddc21111dbd66a3eab7ddaf1c03c77d14ed022f0046
CLIENT_HANDSHAKE_TRAFFIC_SECRET 9a8a9f5819056ba94805240290db2dd373e234e4a9022228a4434a295c484fb8 5f14ffed45ec1f7b2958edcc71d2ad327394fe10d28b8f298337756eaf1950ba
SERVER_HANDSHAKE_TRAFFIC_SECRET 9a8a9f5819056ba94805240290db2dd373e234e4a9022228a4434a295c484fb8 fb7c3048fe8360688591e376a510570c6a4704c20814dbaae4d3e6b8c006e5ca
CLIENT_TRAFFIC_SECRET_0 9a8a9f5819056ba94805240290db2dd373e234e4a9022228a4434a295c484fb8 c66435243a8358c9ea87f345add2c574888368b6af65d9f1b8fc245a0137c7d4
SERVER_TRAFFIC_SECRET_0 9a8a9f5819056ba94805240290db2dd373e234e4a9022228a4434a295c484fb8 48d2ef68566f4d3a63e18e706eb5ccb50de918df4c602f0c889ca2515b30bade
EXPORTER_SECRET 9a8a9f5819056ba94805240290db2dd373e234e4a9022228a4434a295c484fb8 8902eb03dbe20ab62b2b607b267507a4f5cbcc1d832081b724a31d5c8052e18c
CLIENT_HANDSHAKE_TRAFFIC_SECRET 4b1289340f6c44d6458e811f9a04d21a3002ae39b34699bf807aefb270fd3eb2 f6659cbb0fea0627715e97eb7309280be8e6006266c3204e428bf07f1099e218
SERVER_HANDSHAKE_TRAFFIC_SECRET 4b1289340f6c44d6458e811f9a04d21a3002ae39b34699bf807aefb270fd3eb2 dffecc8539ffca4fb0b7591ae1c0a99ea669a854b2ffc049b71bafa89bdef7ab
CLIENT_TRAFFIC_SECRET_0 4b1289340f6c44d6458e811f9a04d21a3002ae39b34699bf807aefb270fd3eb2 28cc1671a7525823d4f69afca09cd0d780eeb239a29f577d187339aa9719e7be
SERVER_TRAFFIC_SECRET_0 4b1289340f6c44d6458e811f9a04d21a3002ae39b34699bf807aefb270fd3eb2 68de2cb23f800611ccbb738adfc8ba15aa525b601325ee0bfc7ad84af9ae6db3
EXPORTER_SECRET 4b1289340f6c44d6458e811f9a04d21a3002ae39b34699bf807aefb270fd3eb2 62b406c5e5c7a65f2693d4cf28f634bd69d4333af11a85d2dff77e4368bb1b7f
CLIENT_HANDSHAKE_TRAFFIC_SECRET 467125d7fad93f38d6701254e9961e87a9446a24c672cb01b496b8cd484ec42b a559714a4ee93002cb05cf6307181c4faa6006dc1c25735e6d769951212436c37789155a77c5209a3cdb7cb4197029f2
SERVER_HANDSHAKE_TRAFFIC_SECRET 467125d7fad93f38d6701254e9961e87a9446a24c672cb01b496b8cd484ec42b bc54421fb43c1923993ef75a2a3c61f06df602dfd26829972c75663df403e9e2bf246471bf7915d0cdfa61fa021d9d87
CLIENT_HANDSHAKE_TRAFFIC_SECRET 13662c3db6b89984ca4beda67fce33b7d229c9e9e58e123e03c21ddafb7997eb 3409a32007436f2338abb46fc02741cf41323815f04d64c14d114dc796111542805c8f050b6f563e42637eb8fa9e0d5b
SERVER_HANDSHAKE_TRAFFIC_SECRET 13662c3db6b89984ca4beda67fce33b7d229c9e9e58e123e03c21ddafb7997eb 268d714e11465ab5daf07ada90a1c9ba0a3781b7b903d91a0351307414aa104a53b558769e9000492f3b5c64446eb5a4
CLIENT_TRAFFIC_SECRET_0 467125d7fad93f38d6701254e9961e87a9446a24c672cb01b496b8cd484ec42b 993f1785d733f7a559ece3932499f72a0933e7e9b5bf934985da7350bc26ee69dbb246f38692aa3b2754d3b1c8e4f0eb
SERVER_TRAFFIC_SECRET_0 467125d7fad93f38d6701254e9961e87a9446a24c672cb01b496b8cd484ec42b c4b91476a5fe885d369fdd71dc3268275a5aa801db0d56886b8936c008b5bc73be66b71d2b873f0116ce3d6fdae8c8b2
EXPORTER_SECRET 467125d7fad93f38d6701254e9961e87a9446a24c672cb01b496b8cd484ec42b b5e7b00b4d0433bc136083c6b8ddcd034aa2584f72103bc29e48b6f5b57b839d01f134fdb895f8b3c4f92608bd4e3efa
CLIENT_HANDSHAKE_TRAFFIC_SECRET 87578755ef8fef7a25a76fc5a8e51f0ddeb96d8b7d75c328804a2186f08b9f63 601e7d8ab9ed17d1f7e649e477a9a2f66cd6b12caa04b4681ab3551368898845270631caa65d1834abb8226d5d05a6a0
SERVER_HANDSHAKE_TRAFFIC_SECRET 87578755ef8fef7a25a76fc5a8e51f0ddeb96d8b7d75c328804a2186f08b9f63 1c479ad77ff4c254916457e2342a2dfe14c837358943ea384e18c667d867eb8ad921ae81f74d0b6bffcb1063b527874d
CLIENT_TRAFFIC_SECRET_0 87578755ef8fef7a25a76fc5a8e51f0ddeb96d8b7d75c328804a2186f08b9f63 0a991715f345a7f082a21fb2923c7eddbfcbb728cf6a351e65cfe90deb7fb1954111657c589003e21052a56451d87054
SERVER_TRAFFIC_SECRET_0 87578755ef8fef7a25a76fc5a8e51f0ddeb96d8b7d75c328804a2186f08b9f63 a25d5c6cc124de6cebc30ddfa453f99e8d400f275054aa4853010d648fe8ceaefb9886215817ed72e3a8285a7ce1a12a
EXPORTER_SECRET 87578755ef8fef7a25a76fc5a8e51f0ddeb96d8b7d75c328804a2186f08b9f63 253720c234314d4ea19526e0e0cf831201cfa795e092e222e40a56a4b1e94a9f9cd51805de181ab577eb4c2e3dd86c2e
CLIENT_HANDSHAKE_TRAFFIC_SECRET e0e90c97609f3f6002796d8f29084198b149e22c2c483fff1b9d610833de6e57 10c9a69444dcaccba33d81ea2cb82f0eadd41a27a064f536b950a776ceb2b1e52e672b8859873e5d8547b38611723c58
SERVER_HANDSHAKE_TRAFFIC_SECRET e0e90c97609f3f6002796d8f29084198b149e22c2c483fff1b9d610833de6e57 994721c08ea641a3274d0b699cdfc8422764e232ac4f38e42af3144b123f6088aa018f4804fe5569c6bdf0c490152b11
CLIENT_TRAFFIC_SECRET_0 e0e90c97609f3f6002796d8f29084198b149e22c2c483fff1b9d610833de6e57 40eaef97fb6298a49e0527968bafc55fbcd781b53898ba76dd54ae2cc204a96d2a1c71f723be17fd322ab7e8db0eaf39
SERVER_TRAFFIC_SECRET_0 e0e90c97609f3f6002796d8f29084198b149e22c2c483fff1b9d610833de6e57 36426e024ed1bea5b04141e4de8d647d6f49884b8ab3d6e7909ae1006beae6c092a6751ffee33b19cbcb11cbbc50d0bd
EXPORTER_SECRET e0e90c97609f3f6002796d8f29084198b149e22c2c483fff1b9d610833de6e57 81653b9f17839878fee261d98a86694e3053ba3ebb7055b61af54ab650010e59cbabf1d95ec70bc2613b79d2c89b4601
CLIENT_HANDSHAKE_TRAFFIC_SECRET 6591dbe607448320d81c7743f15effe7c6088ab64e6cf037a99dbcefd94d0b4d 11d84cd84b2df8f294a9ea1978cbe325dac56feae3abf3981283b81624c8efb01a5a734b4367237d3a3394095d9d67c6
SERVER_HANDSHAKE_TRAFFIC_SECRET 6591dbe607448320d81c7743f15effe7c6088ab64e6cf037a99dbcefd94d0b4d b06e3b3a3ef19d1de051a7522347f2e10d800d74ad03a186adb6979dc9bcc040170dc22598502b064b53f47050a791ab
CLIENT_TRAFFIC_SECRET_0 6591dbe607448320d81c7743f15effe7c6088ab64e6cf037a99dbcefd94d0b4d 49f67e428c5264878153e2652a8d2139b3cd31c939434d7285f30d0721be36f41fc17b8c968a91775b404e361e922e3f
SERVER_TRAFFIC_SECRET_0 6591dbe607448320d81c7743f15effe7c6088ab64e6cf037a99dbcefd94d0b4d 51376d5d3df3447af6f9b5613e05236dd68471525f6feb521afc3a3ebcf99248cf2cdc38e372fc8a274013f02c19cf01
EXPORTER_SECRET 6591dbe607448320d81c7743f15effe7c6088ab64e6cf037a99dbcefd94d0b4d a6516c1a44f5b5055fdd143250db9244d6d5bbca84f5bfcfd3655cf934b9fb28346a7b0df884ddd04498eec0ed5e3f08
CLIENT_HANDSHAKE_TRAFFIC_SECRET 329ec439f35153b07d61c6482f7e448f0bed08bac063105a9c2cc7b1b1347973 dab0f23551c929eb246830ba714af10cbc41e84be7354ed7340ec61effd64c0ed9f7ca5c7498c52d8effbc4a29a2a07d
SERVER_HANDSHAKE_TRAFFIC_SECRET 329ec439f35153b07d61c6482f7e448f0bed08bac063105a9c2cc7b1b1347973 cb44c43187899bd2f17f8b9f9b960037c36ece89a52088da88d1ddce4ea3c1e2228b78d5bc8c42ef395504741b7be733
CLIENT_TRAFFIC_SECRET_0 329ec439f35153b07d61c6482f7e448f0bed08bac063105a9c2cc7b1b1347973 b5605761423be1e773af7ee735325013df96df209a78b601180d7a7b5919c7ded980aa3d19ed1264f394b2f571a3815d
SERVER_TRAFFIC_SECRET_0 329ec439f35153b07d61c6482f7e448f0bed08bac063105a9c2cc7b1b1347973 c181049a1242ea2da454d7d8e51ad95bb5b9431ec3d1d5cd8ea7792f6eda2fcd5b8d9934958802d36dc58e2115d63b1f
EXPORTER_SECRET 329ec439f35153b07d61c6482f7e448f0bed08bac063105a9c2cc7b1b1347973 661ca809612ab7d824af01eb712519cb8d88c77a9f1619c2e18ff10225b32c02bf434dd40d39f0ac5d265d7e24325f59
CLIENT_TRAFFIC_SECRET_0 13662c3db6b89984ca4beda67fce33b7d229c9e9e58e123e03c21ddafb7997eb 944eb8ecf3d3cc7f0ccf3e871b35296f333e49328024dc32cdecf3e9f71e1979c6fa568dc570b085b4fdc0c99ebc1167
SERVER_TRAFFIC_SECRET_0 13662c3db6b89984ca4beda67fce33b7d229c9e9e58e123e03c21ddafb7997eb 34bbdac054a800b8a98a843cb9b8440e6ad4f1d97d9e14b89ace1ff43590dd16e4159eb6cdc36f993337c877128923c1
EXPORTER_SECRET 13662c3db6b89984ca4beda67fce33b7d229c9e9e58e123e03c21ddafb7997eb 3ca6f920d8ed265ba003e65fede3a337558d8942671180097a7dc7137011d445a7e922add2ec712d730448afc5f3c949
CLIENT_HANDSHAKE_TRAFFIC_SECRET ef262db8f9d7c2b657cca29783b6a91f73e0990eda99483ee7b3d707c0835876 aed0e6c13c4a72179ef13ce4dcc48058302544ac75c86f7c10eea112121f10d6
SERVER_HANDSHAKE_TRAFFIC_SECRET ef262db8f9d7c2b657cca29783b6a91f73e0990eda99483ee7b3d707c0835876 34b997ce69f754caa3949e2625e1d58d2742cdab08ad757ffc7c734ed018e45e
CLIENT_TRAFFIC_SECRET_0 ef262db8f9d7c2b657cca29783b6a91f73e0990eda99483ee7b3d707c0835876 08c547a2c7b9cf26dc8d9981617f5a4b8e1736828375b31c7036275ef085b04b
SERVER_TRAFFIC_SECRET_0 ef262db8f9d7c2b657cca29783b6a91f73e0990eda99483ee7b3d707c0835876 17f9aca8a909ae02b76c91d609ce7d660928e44b1867afd2c15adc6c55b42fac
EXPORTER_SECRET ef262db8f9d7c2b657cca29783b6a91f73e0990eda99483ee7b3d707c0835876 2a729ce32e10cee713e2df3fb0468ec5f384183223d9aab6af7384928d0f261c
CLIENT_HANDSHAKE_TRAFFIC_SECRET c2a0aa661e4779fb3c3018315aa99e61357757c103ad1ebd11109dcf19bbf9a1 fc3424c53298a1f9dc673bdc5d616a02957cc49e5f420e66e564b7ae98ce3d0c
SERVER_HANDSHAKE_TRAFFIC_SECRET c2a0aa661e4779fb3c3018315aa99e61357757c103ad1ebd11109dcf19bbf9a1 fec94bcb753f199217a6aebb92aae56569fb6c219b241576a1e8c32e959ca94a
CLIENT_TRAFFIC_SECRET_0 c2a0aa661e4779fb3c3018315aa99e61357757c103ad1ebd11109dcf19bbf9a1 8fffa752a80f00fae9aeaf03cbcf66cf0bc17343b0f57922e973d45e9d11bcb0
SERVER_TRAFFIC_SECRET_0 c2a0aa661e4779fb3c3018315aa99e61357757c103ad1ebd11109dcf19bbf9a1 94d21116f4d7fd90975b18715ec7a274a2749a0f28f93e04d144ec4668181cff
EXPORTER_SECRET c2a0aa661e4779fb3c3018315aa99e61357757c103ad1ebd11109dcf19bbf9a1 447b80102f2f79831c167a48ab05fa828e9ce486ac82edd5ada1c977184bd6a9
CLIENT_HANDSHAKE_TRAFFIC_SECRET 5d173dc7b1ad739da098867017ad156c90798a4825241b4097f0f1c0bf33aca6 ed129d9e7f15c3a91b81a73aba51d5523815fe5107c5459aa8d343ba7006624b
SERVER_HANDSHAKE_TRAFFIC_SECRET 5d173dc7b1ad739da098867017ad156c90798a4825241b4097f0f1c0bf33aca6 e989d83d8acfc79f3e9b198b6d97d2f55db28f44c345e8716a3e58586f4bdd52
CLIENT_TRAFFIC_SECRET_0 5d173dc7b1ad739da098867017ad156c90798a4825241b4097f0f1c0bf33aca6 e164102b5feea6d11ba3c19877e47c1260a59213eeee28bb43e9e4884b02c53c
SERVER_TRAFFIC_SECRET_0 5d173dc7b1ad739da098867017ad156c90798a4825241b4097f0f1c0bf33aca6 61437013ff68308f97acd0de1f1231edc7e6579b44c6e36af6ce43d01808b0f3
EXPORTER_SECRET 5d173dc7b1ad739da098867017ad156c90798a4825241b4097f0f1c0bf33aca6 231440d0d0cc9c51c50f8181d6a6822ce991e9ebff3b0e7d4bdf1d63d19651ec
CLIENT_HANDSHAKE_TRAFFIC_SECRET 20436101cee454e52a342413d5795e871ac77e0e8a9e56cbc93defe2d3951edc 225e101bbcadf3268104818c1bccd48e12e14d9b9df45d294011b36a6979b085
SERVER_HANDSHAKE_TRAFFIC_SECRET 20436101cee454e52a342413d5795e871ac77e0e8a9e56cbc93defe2d3951edc 72f93e99a96578dcbf2abf63f68fecd773441420f00c606f6a10fec8480602ef
CLIENT_TRAFFIC_SECRET_0 20436101cee454e52a342413d5795e871ac77e0e8a9e56cbc93defe2d3951edc 0a355c55e68763e1b2d639902551c0fddcb56411878c2535dbadde3521dbc7f7
SERVER_TRAFFIC_SECRET_0 20436101cee454e52a342413d5795e871ac77e0e8a9e56cbc93defe2d3951edc c1787d76a6376678293228506b8ff8e8341a6bb3d6118036d6288433f796a1da
EXPORTER_SECRET 20436101cee454e52a342413d5795e871ac77e0e8a9e56cbc93defe2d3951edc b3892f25dcfabafed52bc454bcedc01bba90cd97e7fa4ba170640b1947db98b5
CLIENT_HANDSHAKE_TRAFFIC_SECRET 6c181516a8aca1fcd4d11823ad4582d182dc26fbaa36ce1155a1f3ab85334a0e 56708a3701d294b3be591bc83cdd28ad7e1075c549bd06531b044c630fd640d6
SERVER_HANDSHAKE_TRAFFIC_SECRET 6c181516a8aca1fcd4d11823ad4582d182dc26fbaa36ce1155a1f3ab85334a0e 8bcf4d2d7ebe40650a0177d02cfa375794b0566681ac40752261df40fd0b2f58
CLIENT_TRAFFIC_SECRET_0 6c181516a8aca1fcd4d11823ad4582d182dc26fbaa36ce1155a1f3ab85334a0e 42179200b2036207acb6eb77a23aa35e00d80e5535a200ca1abd85df074cc681
SERVER_TRAFFIC_SECRET_0 6c181516a8aca1fcd4d11823ad4582d182dc26fbaa36ce1155a1f3ab85334a0e 05a4e3c62aafdd13febb164ef1be96f651ffec80bf47ee3933164ede2d68c962
EXPORTER_SECRET 6c181516a8aca1fcd4d11823ad4582d182dc26fbaa36ce1155a1f3ab85334a0e 4bfd034e98a516cdff765e60a03382bb0f3f0d59d17fa4b1389fdd42cd51a5cc
CLIENT_HANDSHAKE_TRAFFIC_SECRET ca4fd332767432d6103282420b2b47f8692c4704de3797cb5a32f8fe65cfb756 ebbc90c4bd1b839ef18618511b7b880c3e5c25dcdb072a816ae6853da208b70f
SERVER_HANDSHAKE_TRAFFIC_SECRET ca4fd332767432d6103282420b2b47f8692c4704de3797cb5a32f8fe65cfb756 45b89e7f8b11ac4812bad3ccdd4b3a69e42daa2d230334f7cdbec3edbd6d70a5
CLIENT_TRAFFIC_SECRET_0 ca4fd332767432d6103282420b2b47f8692c4704de3797cb5a32f8fe65cfb756 11e144bb4e1720e86f6058617bee063ef0314628db0a8c116f7adf5ffb6267d2
SERVER_TRAFFIC_SECRET_0 ca4fd332767432d6103282420b2b47f8692c4704de3797cb5a32f8fe65cfb756 c377244251999889d5f53c28f5ba71041e4932b287e8b53f446c2c1126056743
EXPORTER_SECRET ca4fd332767432d6103282420b2b47f8692c4704de3797cb5a32f8fe65cfb756 29b4d2b41590fbec13f9cff4c18a519bf4611a780dc144ba1e5751c5f2829311
CLIENT_HANDSHAKE_TRAFFIC_SECRET 7db1a10004731526e50ee263aef4ce5bd831fecb74b877c3e110c2ac786e2dff ab3025c903689f2cca15fdb11dcd6dc099e7aaac67648010e3ace55fb2b86259
SERVER_HANDSHAKE_TRAFFIC_SECRET 7db1a10004731526e50ee263aef4ce5bd831fecb74b877c3e110c2ac786e2dff a2d34930fa3614b7d1d4de12c71ccef3d28f14be31a03ecacc4700287b6d703b
CLIENT_HANDSHAKE_TRAFFIC_SECRET 430b44f492a11dc5f5761b784d3815f9f926a4f0091296c67f6912424e009e53 5d5c805cabdacc92ab90ed6b3bcdb3d2857a90495c1eb77918888095570419ef
SERVER_HANDSHAKE_TRAFFIC_SECRET 430b44f492a11dc5f5761b784d3815f9f926a4f0091296c67f6912424e009e53 c550bd126947bde9b118d0f7dd81c43d47394ca013a55cf090fa066ec9534f8d
CLIENT_TRAFFIC_SECRET_0 7db1a10004731526e50ee263aef4ce5bd831fecb74b877c3e110c2ac786e2dff 90c01f762371dae870c8a75a69909e6c3f44fa30b92fc8a9bd47710904870213
SERVER_TRAFFIC_SECRET_0 7db1a10004731526e50ee263aef4ce5bd831fecb74b877c3e110c2ac786e2dff 3e7ed106864aa894033871e691a8cc5e71a108ecefc345c860ccdbacc162ee4d
EXPORTER_SECRET 7db1a10004731526e50ee263aef4ce5bd831fecb74b877c3e110c2ac786e2dff 7fac5bdfb1da9359402410e5a79d5d9ccd4fd5292b7cce01c868eb3800c36fe9
CLIENT_TRAFFIC_SECRET_0 430b44f492a11dc5f5761b784d3815f9f926a4f0091296c67f6912424e009e53 5ca853c9d032f1ba168d4a8ccbcd2e927a9883bd678e9fff4a4aa4a65c2b4251
SERVER_TRAFFIC_SECRET_0 430b44f492a11dc5f5761b784d3815f9f926a4f0091296c67f6912424e009e53 dffcbd66547b14e92489d13b2e8295bd2bc24a59134a0d517d54c00ff9c0f972
EXPORTER_SECRET 430b44f492a11dc5f5761b784d3815f9f926a4f0091296c67f6912424e009e53 c5612f74f7c4dc2a0e93619641b46a38814c52409e2d0484df50dc8820b9bf76
CLIENT_HANDSHAKE_TRAFFIC_SECRET c94aef4c8618bbfd4c71533b7fde4ea345658ce582f1efc93b15e24cb26736ce f31549d75cf51d1d20a8a183d985d90da892e9cad3c982b584126005c8f41207
SERVER_HANDSHAKE_TRAFFIC_SECRET c94aef4c8618bbfd4c71533b7fde4ea345658ce582f1efc93b15e24cb26736ce 880f57c5f103390620bf82742225395d50061cb40d56728207703f0f68ac0635
CLIENT_TRAFFIC_SECRET_0 c94aef4c8618bbfd4c71533b7fde4ea345658ce582f1efc93b15e24cb26736ce da9599ccc2e23d8adced2175a728bc1f51827ba0e3e41af6a8a7fd22d75cd520
SERVER_TRAFFIC_SECRET_0 c94aef4c8618bbfd4c71533b7fde4ea345658ce582f1efc93b15e24cb26736ce 67f4a471195e2010b59a7313e860b883ee92522f720838d79d6cca80ce940605
EXPORTER_SECRET c94aef4c8618bbfd4c71533b7fde4ea345658ce582f1efc93b15e24cb26736ce 9f5ce1aa2d0f47a54f1f71500038aea5108113810f03ddab9b558db1313a6687
CLIENT_HANDSHAKE_TRAFFIC_SECRET 1bfefe2e8be09faa2f26c044c19cbfc1460c7a226d314ee54e55c313284ff07b eeb686c78354e2701a3e069b17b29d167045be72ff45ec4d65ba92882c77cd53
SERVER_HANDSHAKE_TRAFFIC_SECRET 1bfefe2e8be09faa2f26c044c19cbfc1460c7a226d314ee54e55c313284ff07b c3768461ac4469da74ac1b47ed48bab5d6087d909d10c54366beb3aae51754f7
CLIENT_TRAFFIC_SECRET_0 1bfefe2e8be09faa2f26c044c19cbfc1460c7a226d314ee54e55c313284ff07b 1b171dc1a4c606154f4633cc86285282ee1e7f6870a2889ee3b2ac84726b2cb2
SERVER_TRAFFIC_SECRET_0 1bfefe2e8be09faa2f26c044c19cbfc1460c7a226d314ee54e55c313284ff07b 022584bf25df1b06a79d654108cb6dbc81e4144cb83600eef0b26433fe266440
EXPORTER_SECRET 1bfefe2e8be09faa2f26c044c19cbfc1460c7a226d314ee54e55c313284ff07b 70b8e2ab102d76f1838d18632dd4dcc7ce737999667affd0a744b43d2c8c9e79
CLIENT_HANDSHAKE_TRAFFIC_SECRET 86376610f02b913c80859d71f27fea7e3240d36018f98ce5db4834ac0e15075f fa16a7693348c28415a2eee8a70d078bf57e0815b1565c57e47cb4b5b3006134
SERVER_HANDSHAKE_TRAFFIC_SECRET 86376610f02b913c80859d71f27fea7e3240d36018f98ce5db4834ac0e15075f b330e9eac21b3931e26e8c80f3891732b1957b87675ce6b6330a9528ac7ccd60
CLIENT_TRAFFIC_SECRET_0 86376610f02b913c80859d71f27fea7e3240d36018f98ce5db4834ac0e15075f 85859f3c328bb15cb7453e607a0082d24a7be99ca7f8061bd24bdacd0eb5ce58
SERVER_TRAFFIC_SECRET_0 86376610f02b913c80859d71f27fea7e3240d36018f98ce5db4834ac0e15075f bdea70b5dbe956e2b0a3b2d2c421ab050f4207330e5829b69e92f20aa6336df5
EXPORTER_SECRET 86376610f02b913c80859d71f27fea7e3240d36018f98ce5db4834ac0e15075f a54af978bc1db333c2db2c9a86c36eaab62bf6a5e7736e173f0df36e5b5c5267
CLIENT_HANDSHAKE_TRAFFIC_SECRET 236764dbd50a6f7d2d3014cdc2fbb8899e12472a36ac29f21d354ca0b4034617 8b47f7dd2042ffb3b35352a76ae148bc13e6cd8045a0a34c900409b9f25477d4
SERVER_HANDSHAKE_TRAFFIC_SECRET 236764dbd50a6f7d2d3014cdc2fbb8899e12472a36ac29f21d354ca0b4034617 dd5b202caf67666c7fde568db93264c8fd86388e080c458579534bf3f118a807
CLIENT_TRAFFIC_SECRET_0 236764dbd50a6f7d2d3014cdc2fbb8899e12472a36ac29f21d354ca0b4034617 edc09750688d3cac534b82c47dde28a3d3ee1cb0ff6aff3fe0d36bc94c052538
SERVER_TRAFFIC_SECRET_0 236764dbd50a6f7d2d3014cdc2fbb8899e12472a36ac29f21d354ca0b4034617 60b1ce75c3375f60efee294fd84a61ad82c3de4d64cdaa5674c4f64984d19ea6
EXPORTER_SECRET 236764dbd50a6f7d2d3014cdc2fbb8899e12472a36ac29f21d354ca0b4034617 5f24e28aa7ee061ec660a5e889b6455133fd565815c0d62eb4f8dc4d28c94634
CLIENT_HANDSHAKE_TRAFFIC_SECRET 5d70b599ed298b9296cd2d3195c54f73dfae0eef60423d46b9694e8ab942fa34 65a1bb99c3e1f830c59a0824520ca071746658af87b9e65b975160d952310f5e
SERVER_HANDSHAKE_TRAFFIC_SECRET 5d70b599ed298b9296cd2d3195c54f73dfae0eef60423d46b9694e8ab942fa34 7d867181757dfbe21ad09ae830b89e763e60f670c9104a1afbb2b1e80bec437c
CLIENT_TRAFFIC_SECRET_0 5d70b599ed298b9296cd2d3195c54f73dfae0eef60423d46b9694e8ab942fa34 390a26489f00fc39c693a787f54fb57c6d8fb27278c22f86dae16a42fc981bec
SERVER_TRAFFIC_SECRET_0 5d70b599ed298b9296cd2d3195c54f73dfae0eef60423d46b9694e8ab942fa34 fde5395a93044ebf1bd396ec7fe1766a1fce14255ffbc5ec06485ad7be25b2ac
EXPORTER_SECRET 5d70b599ed298b9296cd2d3195c54f73dfae0eef60423d46b9694e8ab942fa34 7577f4c400c0f2b624ce64a03234808c2eded620aaa8e4dc9bc41273f8a30797
CLIENT_HANDSHAKE_TRAFFIC_SECRET 4ae6f4557a244b0fc9789de07183605449b9f94c89ad52abae0b4a6443b1e1c2 f4079065d49f5be2a4a6767bd6b9e5fdd468336d9864170959fad8ba5b5d8803
SERVER_HANDSHAKE_TRAFFIC_SECRET 4ae6f4557a244b0fc9789de07183605449b9f94c89ad52abae0b4a6443b1e1c2 0e1a14887a1752fed38418e1f0eff59d8f00f5b7d59c00eaab197cb23b92125e
CLIENT_HANDSHAKE_TRAFFIC_SECRET 801f37415b7ccbd15adaebf54b505e1cc716c424b66d96b3bae2d87067692d82 94659c37e4d585234c2f8fbcb7d6e5062cebd3aa1fd7fa5ea7bc5b05df80d64f
SERVER_HANDSHAKE_TRAFFIC_SECRET 801f37415b7ccbd15adaebf54b505e1cc716c424b66d96b3bae2d87067692d82 4954576fff052c6158d3678977d7ebdcce67325879dc3d8ca9881b280719f81a
CLIENT_TRAFFIC_SECRET_0 801f37415b7ccbd15adaebf54b505e1cc716c424b66d96b3bae2d87067692d82 720bcdd2c99aa581be14c369ccd334d17066c0e7be86a4a3c9ca1e1fd400e40f
SERVER_TRAFFIC_SECRET_0 801f37415b7ccbd15adaebf54b505e1cc716c424b66d96b3bae2d87067692d82 9bef49c8d3667b8ac6d7f347756bc41aec3442ae8b99ad527153b2856ff36307
EXPORTER_SECRET 801f37415b7ccbd15adaebf54b505e1cc716c424b66d96b3bae2d87067692d82 727750d46eee0280f16fc0961e8aa7bcede1dd522aaf7541d03adaca57f762c7
CLIENT_HANDSHAKE_TRAFFIC_SECRET 50c623cf71210d60595c725199578deff0fbee6efc6ba3c2dec2844bef432c17 d744608c9e259c03b0a5f71583680d75d2ed39c726c798c9495dcfbaab055b8f
SERVER_HANDSHAKE_TRAFFIC_SECRET 50c623cf71210d60595c725199578deff0fbee6efc6ba3c2dec2844bef432c17 3a3adbac09e3937f5afd435d33f996fc8352379ed5ad1c141eec54e6e40b7580
CLIENT_TRAFFIC_SECRET_0 50c623cf71210d60595c725199578deff0fbee6efc6ba3c2dec2844bef432c17 819ddd49fda14bb5be032de0b599a650e657207bd8083647ec507bc127b7368c
SERVER_TRAFFIC_SECRET_0 50c623cf71210d60595c725199578deff0fbee6efc6ba3c2dec2844bef432c17 66b16c082d6713c35a6247230daa1dcae87faecdcede197bbfa0d072aa125759
EXPORTER_SECRET 50c623cf71210d60595c725199578deff0fbee6efc6ba3c2dec2844bef432c17 8e8931472f76a6ccc576b4e88528f302bbe5711972d7bfba6be9d830e19a609f
CLIENT_TRAFFIC_SECRET_0 4ae6f4557a244b0fc9789de07183605449b9f94c89ad52abae0b4a6443b1e1c2 affd7ad1e17777cd1530bb98b5d7fd47037ac2097c6fc1a63003966f9a390004
SERVER_TRAFFIC_SECRET_0 4ae6f4557a244b0fc9789de07183605449b9f94c89ad52abae0b4a6443b1e1c2 8bc7d7c46fd7e8cb558b9a19db9fd6313a279782c2d235d752df3723fa0dc99a
EXPORTER_SECRET 4ae6f4557a244b0fc9789de07183605449b9f94c89ad52abae0b4a6443b1e1c2 0323bb5438952dc1323683cd0a1c4c997daaac608459697695161627ca96156a
CLIENT_HANDSHAKE_TRAFFIC_SECRET 618c6d0b6e2d5af3e17c1181f4d88e7c1ff3919dc1c5e9a5395c64dbc7077a88 ba858a9ec87ee0ad16e7cb1c11732b5c56bdc0683069806c13958669dd406f2a
SERVER_HANDSHAKE_TRAFFIC_SECRET 618c6d0b6e2d5af3e17c1181f4d88e7c1ff3919dc1c5e9a5395c64dbc7077a88 0dda05de01286d81c2cbea0277d4bfa395b5010a890ebf2e2f4f72041c0cb56b
CLIENT_TRAFFIC_SECRET_0 618c6d0b6e2d5af3e17c1181f4d88e7c1ff3919dc1c5e9a5395c64dbc7077a88 e92cc8044f15150285146566e0c690d3ff2efbe646043b3ada4fd56177fa9594
SERVER_TRAFFIC_SECRET_0 618c6d0b6e2d5af3e17c1181f4d88e7c1ff3919dc1c5e9a5395c64dbc7077a88 af1ef7cfa95560eac26a53583b324af2eda88167ee7abf7342a43cf229b6915e
EXPORTER_SECRET 618c6d0b6e2d5af3e17c1181f4d88e7c1ff3919dc1c5e9a5395c64dbc7077a88 b11d0229ba07bd8025a98698d6e2b657f15f14353fcb65958efdafd1777e7c32
CLIENT_HANDSHAKE_TRAFFIC_SECRET 621ddb77e65e8fdf4e3b42e4e5ab670dc03d52f2fa605996da08ab3db6600c53 fd7244e27769610b38c70da762674cc2899407800d010fbcb5613fae3efa75fa
SERVER_HANDSHAKE_TRAFFIC_SECRET 621ddb77e65e8fdf4e3b42e4e5ab670dc03d52f2fa605996da08ab3db6600c53 6306fbd283aa5472772b86ce34ae99366efb78a43a2172cfd9e4a5cc5282018a
CLIENT_TRAFFIC_SECRET_0 621ddb77e65e8fdf4e3b42e4e5ab670dc03d52f2fa605996da08ab3db6600c53 f02da1e825a4a57286549efe4c5059beed1b1cbc6bd5d24639e4d980f9b12526
SERVER_TRAFFIC_SECRET_0 621ddb77e65e8fdf4e3b42e4e5ab670dc03d52f2fa605996da08ab3db6600c53 6e971ed5ab7a45cd4a624eeb6cc6cc29866f2b066fa4f5620605b0c3880f2b5e
EXPORTER_SECRET 621ddb77e65e8fdf4e3b42e4e5ab670dc03d52f2fa605996da08ab3db6600c53 84237794318326d2320701c7b6c40399f747d501d2c7cca5098e5260edbd3a78
CLIENT_HANDSHAKE_TRAFFIC_SECRET 66f9c81e05fecc25cff3ddc6d0a20058214f8fc4e78d02a5504ed3555c33590e 3f3496ac85d220a0e73294ec9fcb23e7ed2f8583e7c63c622c5a444cd0b5c0a6
SERVER_HANDSHAKE_TRAFFIC_SECRET 66f9c81e05fecc25cff3ddc6d0a20058214f8fc4e78d02a5504ed3555c33590e a50cd35987dbfdb396c123d4ef7ef209c1f71b45b3116f3ec17cda656bf7120a
CLIENT_TRAFFIC_SECRET_0 66f9c81e05fecc25cff3ddc6d0a20058214f8fc4e78d02a5504ed3555c33590e 43ed2a27d08f2f6feb33e10af9f9814cca1a7996810216959f70f5784d5c6bda
SERVER_TRAFFIC_SECRET_0 66f9c81e05fecc25cff3ddc6d0a20058214f8fc4e78d02a5504ed3555c33590e 535d3872ad4005aae0f703481b56f1e2c5834609f914b9f30131846361a196d6
EXPORTER_SECRET 66f9c81e05fecc25cff3ddc6d0a20058214f8fc4e78d02a5504ed3555c33590e 4acfe7898e91c94bdbb8c36b22005b0e9104eaeaa4bf91924d2a6d40aeee359f
CLIENT_HANDSHAKE_TRAFFIC_SECRET 8a6e24267f82aa7457d22dd2df57370c4d967a5d0df5e9b0b49ed50db879ebdb b1c2002af1ae76e7b7fb5e476a49068beb8713f62c006cf600f2dc61e7bce3bd
SERVER_HANDSHAKE_TRAFFIC_SECRET 8a6e24267f82aa7457d22dd2df57370c4d967a5d0df5e9b0b49ed50db879ebdb a4777398de6cbd50c739af4ee1d66cee0550ef881899f516374035d7cec2c5ac
CLIENT_HANDSHAKE_TRAFFIC_SECRET 7ff1d713f6b48093567ebfe811bb489f0db58fa4be6b92eaed27ade845992c1e acc668ff3be104f00cd7921e67a4e321533682a9bb1ab80b1ab2012c3e338f24
SERVER_HANDSHAKE_TRAFFIC_SECRET 7ff1d713f6b48093567ebfe811bb489f0db58fa4be6b92eaed27ade845992c1e 8bfd81c64e67dd3d8b882d6f8d617b18ccc3d5e5e3bda2d841a6fe1cf37545f6
CLIENT_TRAFFIC_SECRET_0 8a6e24267f82aa7457d22dd2df57370c4d967a5d0df5e9b0b49ed50db879ebdb 280e7aae1f468b26f0b5e0f2ee6b22abd310be7bb013b4277fcd07c2779ebd76
SERVER_TRAFFIC_SECRET_0 8a6e24267f82aa7457d22dd2df57370c4d967a5d0df5e9b0b49ed50db879ebdb 115cfe04239b90be0062068f160881b600734f659fc3d0f89ad83283ef170345
EXPORTER_SECRET 8a6e24267f82aa7457d22dd2df57370c4d967a5d0df5e9b0b49ed50db879ebdb 9eaa8c898bc5f995fae16bba49c6b4d3730dfcab1f80235bbc974dcfbd03fcdd
CLIENT_TRAFFIC_SECRET_0 7ff1d713f6b48093567ebfe811bb489f0db58fa4be6b92eaed27ade845992c1e 8b7c348a1df98226d4c4c7e19a84c1bc892706daef659d9b999797a83fdf7d6a
SERVER_TRAFFIC_SECRET_0 7ff1d713f6b48093567ebfe811bb489f0db58fa4be6b92eaed27ade845992c1e 63ce8820b748aabb9f4c4c516e9325b5284514b72bc1fe74e7830d67a7f1711d
EXPORTER_SECRET 7ff1d713f6b48093567ebfe811bb489f0db58fa4be6b92eaed27ade845992c1e 50ab9becf57832d853ca3e89ce8283161af55f0bce4e53989452534fc6dbcf83
CLIENT_HANDSHAKE_TRAFFIC_SECRET 8e871292796328b456a825861473073603523ab11194f962fc92bdf7f395b8c8 58ce8e17005098409bad9ace3e4e85f8089c6788d6b3f1362bc8b408764eb4f0
SERVER_HANDSHAKE_TRAFFIC_SECRET 8e871292796328b456a825861473073603523ab11194f962fc92bdf7f395b8c8 b73c75a9a93adfecd8667bd8f09a0eaa3eb6a675994bc4cdbd99ecba728a5abf
CLIENT_TRAFFIC_SECRET_0 8e871292796328b456a825861473073603523ab11194f962fc92bdf7f395b8c8 9f101ac623811d650454ef2670c3437b01b759756ff386b3ea495434daf60fbb
SERVER_TRAFFIC_SECRET_0 8e871292796328b456a825861473073603523ab11194f962fc92bdf7f395b8c8 25b9433a0818b2f63042970a2b0bc25b5b9f8612208a58f9fc9c10fe943e1eab
EXPORTER_SECRET 8e871292796328b456a825861473073603523ab11194f962fc92bdf7f395b8c8 fbe310bdcd4b03e3d42d53613163f4acca67a1d90377ecbfeb12ad78d3fd5d92
CLIENT_HANDSHAKE_TRAFFIC_SECRET f5b4c4dd2b15488dde50c8b10e9c481cf15b85e13588c5487284465ab76892de 4e8906e4ceccf0f5465f350def537169fbf8fb754865d41e7aaefda42748810e
SERVER_HANDSHAKE_TRAFFIC_SECRET f5b4c4dd2b15488dde50c8b10e9c481cf15b85e13588c5487284465ab76892de 0e2702cf25c956e185aca8b5ce9ad5ed7f5d95e1c47d722473b3f0c390eea771
CLIENT_TRAFFIC_SECRET_0 f5b4c4dd2b15488dde50c8b10e9c481cf15b85e13588c5487284465ab76892de da7e1e5f56f0daa86bd031853713d0aff85ccc7cce58a528227e0e1483acab6d
SERVER_TRAFFIC_SECRET_0 f5b4c4dd2b15488dde50c8b10e9c481cf15b85e13588c5487284465ab76892de 6315bcc19623230b9016a945aaae2782fa0c59514e976f39734a53838f297f64
EXPORTER_SECRET f5b4c4dd2b15488dde50c8b10e9c481cf15b85e13588c5487284465ab76892de bdab5143ee1a588c186188926ea0b3938fe83ad37efbf69da98f203d319138e5
CLIENT_HANDSHAKE_TRAFFIC_SECRET 89c9d3c4eb9fe64799e89aab7e844d83538b1394f8363f59a114b9062315e772 54c4b1da946b5437bc70c5dbaa77788507f49f78521770284c13136fb3e495ba
SERVER_HANDSHAKE_TRAFFIC_SECRET 89c9d3c4eb9fe64799e89aab7e844d83538b1394f8363f59a114b9062315e772 3362681e376f4edcaecfd499ea319cb7c75802c986ba7ef87e7fa72f2b219295
CLIENT_TRAFFIC_SECRET_0 89c9d3c4eb9fe64799e89aab7e844d83538b1394f8363f59a114b9062315e772 cb97b71a5092cf44c2a37c1783839d43707734518b3e4f1ac3c64833a97852fc
SERVER_TRAFFIC_SECRET_0 89c9d3c4eb9fe64799e89aab7e844d83538b1394f8363f59a114b9062315e772 f45b69eda5e3736e4601cb2a71ea265a9b98cf290077fbe6c9b0bd1575a252e6
EXPORTER_SECRET 89c9d3c4eb9fe64799e89aab7e844d83538b1394f8363f59a114b9062315e772 e2b7e10349a14006b0c40c632d853a17800554ea107dbbb789ff90bdf5cf55fc
CLIENT_RANDOM 8cb945df823c6d161c6b3a7a24f9f6d32794c8d45f9bcc43a77fb44cced78faa f3bff8e08319258b2a279e6be7b5e6c824e3e6b0cf381026bdf8538f525a63b4ef2a6a373d6136f8030cfcf4d5b385c3
CLIENT_RANDOM 3cc08c96c18a30f0aac190377cd088bfcf549fec773609d014790827e1b39666 c65515e93eb5effdc3badc2a69c6b4c3e7523f171e2bf5a1f29e0cfc763c0834ccfc67f453f1aee44d9a9322a21d2aa9
CLIENT_RANDOM cf982cd1399be863041b12e1eb8cbdf72da163f77580e8128707d9e5af27b81c 04bd2b6f21e607d96c991eb9aa21011df1d5feba78aead35ee49745741060de2394a1ab2049de7f78c19ec9c0d1647c0
CLIENT_RANDOM ddc7a8de80b481d55d68c637459ef9f8724ee11409d17c718fe23673135ae2a8 17b269735ba8d6051e4ff1c19ae0593016e8d1c8c5ca5733b6bbbbe14adec21779c0677ca5229dc18b3147075e2c89a6
CLIENT_RANDOM a7f3bb733814a0fcea7b1edcd02a6c590877eb3e2bc8b5302014b26d861aff78 0c39db74b0867406d62aff797a585739fc98f428acf809948e8be8032804df64020b32af005a14c3132b422eadf7f9fd
CLIENT_RANDOM c3702c4e87fcdff4028a3b04c8294bbed2603a1174da06ec236243b045732357 1ef66ad890e9d649da2c5d85a04ebe4347d6376d5ad783314fa4d144a2dd264264514e26727306a9e6caf732001ac347
CLIENT_RANDOM 31b73dc1584bada3b36c7ffee7e4afd7e162eb8299a1e194ff12af2c61470afc 5bef404a1760b6c45c230ddfcf32b48d8aad7ded54407119a54740bc09bbc27406dc6b64cc8f782afb30018d3d9bd7fc
CLIENT_RANDOM 30efbd4a833f4bc98a3a28bccb9551a5d5f44d70055532e3c4461262a1556b93 edb338131c3377b026e91ac0e123d5b4adcbf9a1588d3256b1e12fa11a0c33c80236f297ca9710e8bcbd73f0859b69b1
CLIENT_HANDSHAKE_TRAFFIC_SECRET e8e53e9d9e97ba0c652313a8686f6407bf7b5af8ee1e3aed54280d97449bf9f8 b6c5cfb86db21ec115e4298a23108d868a3affccf45096a983b88018950817aa
SERVER_HANDSHAKE_TRAFFIC_SECRET e8e53e9d9e97ba0c652313a8686f6407bf7b5af8ee1e3aed54280d97449bf9f8 f839863c1290d029ca3a5ef701b4f25a1ee8cd1bde63a8b7b204ebcc8583873f
CLIENT_TRAFFIC_SECRET_0 e8e53e9d9e97ba0c652313a8686f6407bf7b5af8ee1e3aed54280d97449bf9f8 171c2445d01012f1e186c859b7766309a0fab67b99dbaf13cec306a4b6654050
SERVER_TRAFFIC_SECRET_0 e8e53e9d9e97ba0c652313a8686f6407bf7b5af8ee1e3aed54280d97449bf9f8 33a14e7d5b8b5f1df0fbd64d623e918516571abe44e81e91b29587ce198a5490
EXPORTER_SECRET e8e53e9d9e97ba0c652313a8686f6407bf7b5af8ee1e3aed54280d97449bf9f8 014e8f9a974771091cad567b4901aff8fc74b878ec3b25634aa2ced2e880787d
CLIENT_RANDOM 578c5ac9ff903256bf62c7b5686d0be58230fbf647bcd66640218ef487becdaa d4d096ad24868066f7cf56596c3c126ce27f5fbcd07504e8104738a70cc62b542b80f0eae3e8b16de0871399edcf6b89
CLIENT_RANDOM 7262c41788681ddc2621608d5bcf2bb9e619211a5e88004d87dd6a62a654f3eb 7995f3ea3c139d35f29bafa05f27c09e9d3844fd23f51f34c08d7f549ef36105d6eb600ae7a92c3a1a447e682dc50455
CLIENT_HANDSHAKE_TRAFFIC_SECRET b8e1927cfdf1941f15a3fac4c04d0a76f4f7ce0353d40240169b94e270d3ce5b 54babff9ca0631096f789ab81a7bcfb7a44bba83fc99c8ea905506294be8116c
SERVER_HANDSHAKE_TRAFFIC_SECRET b8e1927cfdf1941f15a3fac4c04d0a76f4f7ce0353d40240169b94e270d3ce5b 2210bef39743f190dc6ac797525c70e2d4eaf78806e576864fe6e3fd0fb3775e
CLIENT_TRAFFIC_SECRET_0 b8e1927cfdf1941f15a3fac4c04d0a76f4f7ce0353d40240169b94e270d3ce5b 5f1551b9360dcbecfc1a22744315307e61954feaffc237fcb90a12d7dd6f0eae
SERVER_TRAFFIC_SECRET_0 b8e1927cfdf1941f15a3fac4c04d0a76f4f7ce0353d40240169b94e270d3ce5b 66277f847d069fb6c37fc299b298abf7825870bcd3fafab4d050e9e3ba4bbc91
EXPORTER_SECRET b8e1927cfdf1941f15a3fac4c04d0a76f4f7ce0353d40240169b94e270d3ce5b f1b29527ecbcd45b8003128764ed6d4df07c4733d60435a96e7b91af3c7a6595
CLIENT_RANDOM be6fa2bd2dd07e08662e64efe8ee336b1d6c8ced56dace1431d05e098e1cb411 212aacf4eac695d38f6ee0188b9b5f29f4c9d4ccfb3b7ede8d6dad2f98f81ea063ff6252b01c1b6bcd5075f1cf735c93
CLIENT_RANDOM be5d1d6cdb444580d9a7ac665b63a8974e34a66046e8c48ca4b07c6ec18335aa 0f7a0b827ef2aaccbf00d61e261c653675e62afac608d34b5423c50bf4caf3d17a5fa353cb505138e0266dc1f8e951d9
CLIENT_HANDSHAKE_TRAFFIC_SECRET 296b4bb77e9b3b343d96d65f79302f93f813910dc0d7454730466b34b858f95b 6ff751bc0c04e51632103dc30b291f1bb5b868fd87577dcee13a75bc5ee6317e
SERVER_HANDSHAKE_TRAFFIC_SECRET 296b4bb77e9b3b343d96d65f79302f93f813910dc0d7454730466b34b858f95b 20b6671162094a4fb353f649330c8aa2809d9b10d3ebf618e561cb73a3ab97dc
CLIENT_TRAFFIC_SECRET_0 296b4bb77e9b3b343d96d65f79302f93f813910dc0d7454730466b34b858f95b b60549f9defe6599963b2771167d441e12f59fb7b234ca7a41e94c044776762e
SERVER_TRAFFIC_SECRET_0 296b4bb77e9b3b343d96d65f79302f93f813910dc0d7454730466b34b858f95b b8b862d99558cfed13ad0eeb5d7635be394bd82a85665c9a32848fc0ea68ad83
EXPORTER_SECRET 296b4bb77e9b3b343d96d65f79302f93f813910dc0d7454730466b34b858f95b a1e528a060690b3f61e8177c6766e5f78ed2433fe03ed8e4ce0cea6d21a1026c
