CLIENT_HANDSHAKE_TRAFFIC_SECRET 81710ea12baf4e359cef55de337819cb390ea0eb7836a95341a1a08946c8877e 407dd1a953a6c0b8a449cc85a670f11818b67f65114fa02429822726b20aa199
SERVER_HANDSHAKE_TRAFFIC_SECRET 81710ea12baf4e359cef55de337819cb390ea0eb7836a95341a1a08946c8877e dd53c57adcd2368a25595d1dec39be6d934778dd0569b2a566873ee2b4688ec5
CLIENT_TRAFFIC_SECRET_0 81710ea12baf4e359cef55de337819cb390ea0eb7836a95341a1a08946c8877e 19488e51dd77bcf70d3db8083427e22d5a8c5f91b3fc1d99b72e629b6d2356f9
SERVER_TRAFFIC_SECRET_0 81710ea12baf4e359cef55de337819cb390ea0eb7836a95341a1a08946c8877e 9208dce44a003718a4acf16321dbc30a1d4ead8eecbdd5263c683868c1c4b4fd
EXPORTER_SECRET 81710ea12baf4e359cef55de337819cb390ea0eb7836a95341a1a08946c8877e 24a0a6a8564db8ae47d0abf631cd5e2c0457ee290cf895afcc2df6cbcd79f5b3
CLIENT_HANDSHAKE_TRAFFIC_SECRET 0ce39e620a68e10c233a4a9956b7675672757d0ebc478d1d1fb8ebd0845b7373 7de1af610b2911526142d82455f5016fa5cd9570dcf494cd0e533ce00f79b4e6
SERVER_HANDSHAKE_TRAFFIC_SECRET 0ce39e620a68e10c233a4a9956b7675672757d0ebc478d1d1fb8ebd0845b7373 1b05d46bef5f73c12ced9551f541c6483e5d54ccffeff43c33039d8b20402fdd
CLIENT_TRAFFIC_SECRET_0 0ce39e620a68e10c233a4a9956b7675672757d0ebc478d1d1fb8ebd0845b7373 5be80b98f1146a1289249998a336fc6b9ab8e893eba57aed274f6df240203345
SERVER_TRAFFIC_SECRET_0 0ce39e620a68e10c233a4a9956b7675672757d0ebc478d1d1fb8ebd0845b7373 f3cd084adcbe7b98bb5ec69ba6f1a7abba9a62ba074d6f9d2b95f84713dbb664
EXPORTER_SECRET 0ce39e620a68e10c233a4a9956b7675672757d0ebc478d1d1fb8ebd0845b7373 6af5576467f0c9a8803f9e877664e4e8764b3318ca81d2d87aa801edb363e1b3
CLIENT_HANDSHAKE_TRAFFIC_SECRET b3a9f843c89bc7edb61bc6f3c8e2111c5267a215f44ab7e486df39d5cb7cca20 1fea89ee89eee3aad14056e6da51177d142271fb8958303dc4c1669d01491e6d
SERVER_HANDSHAKE_TRAFFIC_SECRET b3a9f843c89bc7edb61bc6f3c8e2111c5267a215f44ab7e486df39d5cb7cca20 8ac2fde8a5432cb7f49a0b73529ff9e91a460ce8e4532e1122d45342de59bfc6
CLIENT_TRAFFIC_SECRET_0 b3a9f843c89bc7edb61bc6f3c8e2111c5267a215f44ab7e486df39d5cb7cca20 28dd57e8268ea92a2f4771857c5df1f3b9e7383bff4df62e9364005104e76d7c
SERVER_TRAFFIC_SECRET_0 b3a9f843c89bc7edb61bc6f3c8e2111c5267a215f44ab7e486df39d5cb7cca20 e7088d567a792c086f12eae774ead6677dcf8e1e881da4d2ea5e11967573fcf1
EXPORTER_SECRET b3a9f843c89bc7edb61bc6f3c8e2111c5267a215f44ab7e486df39d5cb7cca20 66e53f5ddb6c3c99c9ce609e018f1f402b598b9463f2f0cf0707156911351a98
CLIENT_HANDSHAKE_TRAFFIC_SECRET 48801d1fa921c6177e53e46d9db53fd02d4bd2eba771b5cc0ae7ea260c9db628 df5477f19267e3f0b828d7854201be62a6a8d11bc96a8a37fcf424f0bdadc7be
SERVER_HANDSHAKE_TRAFFIC_SECRET 48801d1fa921c6177e53e46d9db53fd02d4bd2eba771b5cc0ae7ea260c9db628 b6d502aceeac9a42d034fe191c81ccbe7aa4c38f2b92885e64a43b5646543a99
CLIENT_TRAFFIC_SECRET_0 48801d1fa921c6177e53e46d9db53fd02d4bd2eba771b5cc0ae7ea260c9db628 075d97e8544f86b0597c385b664e39a5bb39af84fa0cefddc21b578fb7dd325f
SERVER_TRAFFIC_SECRET_0 48801d1fa921c6177e53e46d9db53fd02d4bd2eba771b5cc0ae7ea260c9db628 81da6c8987ce4f4e5032729f023d80277f9c4ad2cb4b037bed1988da42502174
EXPORTER_SECRET 48801d1fa921c6177e53e46d9db53fd02d4bd2eba771b5cc0ae7ea260c9db628 27237a3035ca26be1a565f56f66e5d3943e3947135aea81b3af50366d7faedf5
CLIENT_HANDSHAKE_TRAFFIC_SECRET cc0278b782a140351186dafa584748570276fd2c02932f4909a2ebf8c7a5f26d 73333963f683016fba5d89ee3b07d8427a338a8261137ff18f660108fb982e6f
SERVER_HANDSHAKE_TRAFFIC_SECRET cc0278b782a140351186dafa584748570276fd2c02932f4909a2ebf8c7a5f26d 681c2ec3f11160b8c858e3532e39ef7f783a42f7c9c53ef7f3c14efa649a24ce
CLIENT_TRAFFIC_SECRET_0 cc0278b782a140351186dafa584748570276fd2c02932f4909a2ebf8c7a5f26d 6d656928f74d6a0d46c36f37baa0d240bdc522c1b8bab10210694aeb6a0ae3b7
SERVER_TRAFFIC_SECRET_0 cc0278b782a140351186dafa584748570276fd2c02932f4909a2ebf8c7a5f26d e4bb2294fc44aa4d2fa38329fec2f2f8d064e9727fdbe7c5948d1d7fb5810e10
EXPORTER_SECRET cc0278b782a140351186dafa584748570276fd2c02932f4909a2ebf8c7a5f26d 8fc8d67bf0a74b1742b6063ce5754f9b0176cb94ef4937a98503aba15d2c4ea4
CLIENT_HANDSHAKE_TRAFFIC_SECRET c034aa68191057adc301906cb56c593dbf89d2df9c351b5b8b947085a8b5d341 ea2fd1dd55d5bcd5eea78fc363db9f2ec87feebc167328cd0c46e8afef4919e9
SERVER_HANDSHAKE_TRAFFIC_SECRET c034aa68191057adc301906cb56c593dbf89d2df9c351b5b8b947085a8b5d341 5071722d08d09455620bbeba7628cfd82794efa8a5ceeb18a0b4a318df4b71ba
CLIENT_TRAFFIC_SECRET_0 c034aa68191057adc301906cb56c593dbf89d2df9c351b5b8b947085a8b5d341 dadc4a7b417fa223bd1af6992cc50fb3f693661a3a2231c952d6195fa9cd687b
SERVER_TRAFFIC_SECRET_0 c034aa68191057adc301906cb56c593dbf89d2df9c351b5b8b947085a8b5d341 97b54b826a1d3ba8b7bbae4f7ad3fbf9a4cdc04df7bedb315be71721e2597c3e
EXPORTER_SECRET c034aa68191057adc301906cb56c593dbf89d2df9c351b5b8b947085a8b5d341 99b8d9c8b189c3b2484aa619868c38066dd577e7409793efa0dbf3711c303b12
CLIENT_HANDSHAKE_TRAFFIC_SECRET f05099faacbbd88444b2a0dcf9f0d0eb2487e3c229efaeacf31cce79cb53e900 29588861f85d49e7dc61d7bc57b5c21899cbbba99cafa27185a8b1f71da7a84b
SERVER_HANDSHAKE_TRAFFIC_SECRET f05099faacbbd88444b2a0dcf9f0d0eb2487e3c229efaeacf31cce79cb53e900 bb8780a3872799e0af85123ddf481b3500a3caa17bc9ad3d7149f72f390bf51e
CLIENT_TRAFFIC_SECRET_0 f05099faacbbd88444b2a0dcf9f0d0eb2487e3c229efaeacf31cce79cb53e900 6a5f703453a37e15b89810458c31bc83fdcb68bc6b6255dd38e893d23a8e26ae
SERVER_TRAFFIC_SECRET_0 f05099faacbbd88444b2a0dcf9f0d0eb2487e3c229efaeacf31cce79cb53e900 364b9d2c5f6da8ecf715ccc5f2595fae2efcbe2f3cf91c381d636a553e0df3fc
EXPORTER_SECRET f05099faacbbd88444b2a0dcf9f0d0eb2487e3c229efaeacf31cce79cb53e900 614bd4ad1e7d8cdbbdc104488ce68d056ee46bbaf11afa552e11b87097bb8ae5
CLIENT_HANDSHAKE_TRAFFIC_SECRET 6be394121f8460a928afb707f28bbc4df11733735a321c67c1bcd0bb26e2c16c 878de201663f920622f7f9368cee0cea4bde4de242e489ffda46ab04f51b40e1
SERVER_HANDSHAKE_TRAFFIC_SECRET 6be394121f8460a928afb707f28bbc4df11733735a321c67c1bcd0bb26e2c16c 68d1391de89f0a19e39358a2228f0c80652c3b4ef1c97380ae68bc5213d97367
CLIENT_TRAFFIC_SECRET_0 6be394121f8460a928afb707f28bbc4df11733735a321c67c1bcd0bb26e2c16c d4ee1ac2e4c1cae659f58624a8f28b2bda1fc72bbff566bb9ee4b81f82d4ccb4
SERVER_TRAFFIC_SECRET_0 6be394121f8460a928afb707f28bbc4df11733735a321c67c1bcd0bb26e2c16c 68ea44c80795ce9baf4c544f79ad1e2fc56b272a049be6912a35861be756c0d0
EXPORTER_SECRET 6be394121f8460a928afb707f28bbc4df11733735a321c67c1bcd0bb26e2c16c 6ed4c78d57d17ed6f53c5ec3971597cbae77ca4071090dee8549f0b857d3025f
