CLIENT_HANDSHAKE_TRAFFIC_SECRET ccbcab157b593fa99d0372500db45967b437384282d2967af1da9a06b027318e 9226c7e6b9e81f141434b6492a2a60c848072d546e054df0d108a8229ac38874
SERVER_HANDSHAKE_TRAFFIC_SECRET ccbcab157b593fa99d0372500db45967b437384282d2967af1da9a06b027318e 19cad63479c72c96298020d5ad8dc26ed23a674cfaf628938258d9ef576c19cb
CLIENT_TRAFFIC_SECRET_0 ccbcab157b593fa99d0372500db45967b437384282d2967af1da9a06b027318e 95528f33558aaf8407ccdab234e5211265db6dd8839e019de93290bfc36cbcdf
SERVER_TRAFFIC_SECRET_0 ccbcab157b593fa99d0372500db45967b437384282d2967af1da9a06b027318e b861cf8b663f2d83168b18aa13d2b016bfe409a37606dac828e1d9959a0f48c1
EXPORTER_SECRET ccbcab157b593fa99d0372500db45967b437384282d2967af1da9a06b027318e 0c992bd6888499087bb2e980612a783675f6567f563ff47e6b9e5a0a2c1dad99
CLIENT_HANDSHAKE_TRAFFIC_SECRET a345e33c70934985c7c01b7876e4ae6b41b9652956826fdc5db90d4c24a4b960 27839cb9689a254aaef3bcb984a62662e490309871c853f6453174f5fe70bf2f
SERVER_HANDSHAKE_TRAFFIC_SECRET a345e33c70934985c7c01b7876e4ae6b41b9652956826fdc5db90d4c24a4b960 10b05e02ec1bfa74a6ca0a59202ef0ac2505e0eb4792e52d119e7d69745471df
CLIENT_TRAFFIC_SECRET_0 a345e33c70934985c7c01b7876e4ae6b41b9652956826fdc5db90d4c24a4b960 5cc74d81331f113bba21867ccb22d1c6a025835f0cf94a7bcd3484376d3e186e
SERVER_TRAFFIC_SECRET_0 a345e33c70934985c7c01b7876e4ae6b41b9652956826fdc5db90d4c24a4b960 ece09a2e6be90d8895318c0707178beef02aa9ce8ab5cd36cf5a432424ffa330
EXPORTER_SECRET a345e33c70934985c7c01b7876e4ae6b41b9652956826fdc5db90d4c24a4b960 458be422a96ffac85fb81e6ab3347f18670022ca346561911c773c2d0eded4ce
CLIENT_HANDSHAKE_TRAFFIC_SECRET 396297491e6aa143502a8f0d32ce5d41270fb394cf3927d40e855d13d49a6bb8 f3e62725f00bd5e885b4583aa98aedec0a809a12e5d3815a26ef3b6640e320bf
SERVER_HANDSHAKE_TRAFFIC_SECRET 396297491e6aa143502a8f0d32ce5d41270fb394cf3927d40e855d13d49a6bb8 ea21d823253d2ac3fb3d49e1ccb78cca1bd21b96685d90956efb4c7e971639c0
CLIENT_TRAFFIC_SECRET_0 396297491e6aa143502a8f0d32ce5d41270fb394cf3927d40e855d13d49a6bb8 3bd88ea6b991303835b9a5dfde50c8faae8e206025a833a68bd08a68da791fa9
SERVER_TRAFFIC_SECRET_0 396297491e6aa143502a8f0d32ce5d41270fb394cf3927d40e855d13d49a6bb8 c8a97bc0e9b4597d67ae1985ead635a7bb94c566717a4d2b00503030d6d0b397
EXPORTER_SECRET 396297491e6aa143502a8f0d32ce5d41270fb394cf3927d40e855d13d49a6bb8 ce84236867f82dafa2a2d923f799b565a6bfbce8fccd0d0381d0739bbc606834
CLIENT_HANDSHAKE_TRAFFIC_SECRET 25f7331e2f8f7f586b7a231cf1fc9aa7591afd9f887aedaadce452a05ca05e87 b72a4e37d7b40cfb99e6aae2f0294314e1d7d4440f84bd01b5c6491f277186ed
SERVER_HANDSHAKE_TRAFFIC_SECRET 25f7331e2f8f7f586b7a231cf1fc9aa7591afd9f887aedaadce452a05ca05e87 552e5d9d89ff7cf8da784c8ea91e88ec06b8b2170262afc7b27a1650cfe76bbe
CLIENT_TRAFFIC_SECRET_0 25f7331e2f8f7f586b7a231cf1fc9aa7591afd9f887aedaadce452a05ca05e87 180931a0f51ac3fd214f6e5626848798bbb085a19c5fa411f152b9db8d49eb00
SERVER_TRAFFIC_SECRET_0 25f7331e2f8f7f586b7a231cf1fc9aa7591afd9f887aedaadce452a05ca05e87 9e7bfafa95d8cd314a6f4954c3fc5deed9076eced2d9edde6b67b439c9930e74
EXPORTER_SECRET 25f7331e2f8f7f586b7a231cf1fc9aa7591afd9f887aedaadce452a05ca05e87 d3781658c5354fb388e837c47513a393108decdb9eaaa15f29571e4d698f3f9a
CLIENT_HANDSHAKE_TRAFFIC_SECRET 044a1772254119188b7f260346b72caa029b459b4fb99abfb4f7948b75e7e61b a3602e2287a5a06d40e8c0c905de452631666af4bb45792f09be942ab1355ae6
SERVER_HANDSHAKE_TRAFFIC_SECRET 044a1772254119188b7f260346b72caa029b459b4fb99abfb4f7948b75e7e61b 30026a682f146a39572d845d60a7dd1186f2b7a88a359840f89e6c61a371bc37
CLIENT_HANDSHAKE_TRAFFIC_SECRET 7e09dc2c3b75d6350861405fee26d57267fb5f43caa2d4a171ca8e5ea363568f d0d5a458a52dfeb6d8ad9429300a6a5a308f11b6cf1cde28ea49e32801df8e5e
SERVER_HANDSHAKE_TRAFFIC_SECRET 7e09dc2c3b75d6350861405fee26d57267fb5f43caa2d4a171ca8e5ea363568f a32f773cc38f048d5ffd6066175a7878e31e225b82697800320898bba41ba471
CLIENT_TRAFFIC_SECRET_0 044a1772254119188b7f260346b72caa029b459b4fb99abfb4f7948b75e7e61b 3b67584bbb2e8d653edcb736a6b48c5734faa3050112a71b89ccd5e3be14f4d6
SERVER_TRAFFIC_SECRET_0 044a1772254119188b7f260346b72caa029b459b4fb99abfb4f7948b75e7e61b 0730831d72000c0c736367dfefc38574d82d7efc16583cdd4de6987e102e733e
EXPORTER_SECRET 044a1772254119188b7f260346b72caa029b459b4fb99abfb4f7948b75e7e61b d966dc89853dcc6bb26401469748c8974b1226e372ab3c9c4db0f7ed1df75e71
CLIENT_TRAFFIC_SECRET_0 7e09dc2c3b75d6350861405fee26d57267fb5f43caa2d4a171ca8e5ea363568f ab471e61102ce6c9bf8e1b2feb06d6c720f07364f65bef311478a9232b01cb6b
SERVER_TRAFFIC_SECRET_0 7e09dc2c3b75d6350861405fee26d57267fb5f43caa2d4a171ca8e5ea363568f 567b13e835fc6ce76fa6fb8a43408331e7888978e1db38c5fe26ed0cd1e508ea
EXPORTER_SECRET 7e09dc2c3b75d6350861405fee26d57267fb5f43caa2d4a171ca8e5ea363568f 87c21e83f505c9bd7ed59d7482b1b308c3a1e382850983e0098f0467926ba0b3
CLIENT_HANDSHAKE_TRAFFIC_SECRET 32a55b23d73b49387a48e68f96eb6db241fc44dabc7b8742bd72d58f8324fb38 1c4b3e04be6bc8f5545fabbe4b03b12ece80314ff4a566035047a85547bc3a7f
SERVER_HANDSHAKE_TRAFFIC_SECRET 32a55b23d73b49387a48e68f96eb6db241fc44dabc7b8742bd72d58f8324fb38 78d4189f0554568e1f0793b18be90cbd65a08e753e951d3b03dc17d72f8919c3
CLIENT_TRAFFIC_SECRET_0 32a55b23d73b49387a48e68f96eb6db241fc44dabc7b8742bd72d58f8324fb38 05a089575bfef164c16c339d344c56b6ec7eef96bb8fc3db20a0d5c8d2bf50f5
SERVER_TRAFFIC_SECRET_0 32a55b23d73b49387a48e68f96eb6db241fc44dabc7b8742bd72d58f8324fb38 15de1edaf5a791151d473a97f31ed3802b3e70bc106991c711069a939002136d
EXPORTER_SECRET 32a55b23d73b49387a48e68f96eb6db241fc44dabc7b8742bd72d58f8324fb38 efbfc0daad92fe186684e4e60e869c518d3c36a2dba8ad34a0ad6953a095f03e
