CLIENT_HANDSHAKE_TRAFFIC_SECRET b0a6cc12ca9b224ceb61bfb12f9db092f34061991c4cb734afb95ded25f24422 5778339c746f52cdb74acd9aea1d61a4a136d667ab08117b906d69377416e3f2
SERVER_HANDSHAKE_TRAFFIC_SECRET b0a6cc12ca9b224ceb61bfb12f9db092f34061991c4cb734afb95ded25f24422 d65ccad92dbbfe460dd5c9c4cbff79feb8d0f6443a411786e85c682975e0f10a
CLIENT_TRAFFIC_SECRET_0 b0a6cc12ca9b224ceb61bfb12f9db092f34061991c4cb734afb95ded25f24422 c9a7800e8823cef0896829704b76eb46bb69e35225b79bbdeb8c35873fe51b45
SERVER_TRAFFIC_SECRET_0 b0a6cc12ca9b224ceb61bfb12f9db092f34061991c4cb734afb95ded25f24422 5f76ac2beb2f776941be671ffde503d79b99663ba4d17fcd23d2a1d0cd7aa010
EXPORTER_SECRET b0a6cc12ca9b224ceb61bfb12f9db092f34061991c4cb734afb95ded25f24422 572d1ccfcd74114d82cf0b9fa493f19e05eb6e3bdd1d4ca5dc657d609980fe0c
CLIENT_HANDSHAKE_TRAFFIC_SECRET 0a4051749518466abd23b88708a5fc04cf53a6d36a69ceb18a1248c8c38cc61d 0f1b447301be114ec4742f5be0674457d216d253a6405798b069ee3498af6d97
SERVER_HANDSHAKE_TRAFFIC_SECRET 0a4051749518466abd23b88708a5fc04cf53a6d36a69ceb18a1248c8c38cc61d 5dc0da5425c26495f720985917a82eb78dc3fee1cfff61c8cfd90617c6a4fadb
CLIENT_TRAFFIC_SECRET_0 0a4051749518466abd23b88708a5fc04cf53a6d36a69ceb18a1248c8c38cc61d 8cb68d0e76cac0fc12f3f79e649ad5728625eb44f35ae532de9de88b3e1a6f19
SERVER_TRAFFIC_SECRET_0 0a4051749518466abd23b88708a5fc04cf53a6d36a69ceb18a1248c8c38cc61d 537289ec15e42fa853e2daa98a8f492aaf3856fa5c1564353c7128b3658c0fb2
EXPORTER_SECRET 0a4051749518466abd23b88708a5fc04cf53a6d36a69ceb18a1248c8c38cc61d acea4f34dac595f67acf7d1a2822cb3a5c8d166439c77a0d93c4cb8fa48e92e4
CLIENT_HANDSHAKE_TRAFFIC_SECRET bf87cac7681e0aef145adea6b776b3daa4c7e1762a04ee236776c0ef8e0e3380 73137cb6a702c5c19f5f387acbb40d1352d0ca8536556abd3c73e0e44baed01f
SERVER_HANDSHAKE_TRAFFIC_SECRET bf87cac7681e0aef145adea6b776b3daa4c7e1762a04ee236776c0ef8e0e3380 5f7b9b0aac671b3f587a9573a04710917292f7c2473198f46d41fdd6b4d3f2ba
CLIENT_TRAFFIC_SECRET_0 bf87cac7681e0aef145adea6b776b3daa4c7e1762a04ee236776c0ef8e0e3380 91afca049ffb0d4ed090b8201466a24a4dc4c0ff00a7187d6902fe114c141b5a
SERVER_TRAFFIC_SECRET_0 bf87cac7681e0aef145adea6b776b3daa4c7e1762a04ee236776c0ef8e0e3380 d7a84a75f0be16d504f58c0b23449fa6be287be5caf428e843d8625adee8b461
EXPORTER_SECRET bf87cac7681e0aef145adea6b776b3daa4c7e1762a04ee236776c0ef8e0e3380 184fc26502c39b3b53bf4e021408bbd36f45006242e783c554db069195c98340
CLIENT_HANDSHAKE_TRAFFIC_SECRET c4de76c3a07b75f48d01a12ab7525ac3ae8dbd71181dbade1376f3e46a870f81 052a1202c816225ba5ec4e2927b7466a6df6a0f4483dccf0837f6f56c590af83
SERVER_HANDSHAKE_TRAFFIC_SECRET c4de76c3a07b75f48d01a12ab7525ac3ae8dbd71181dbade1376f3e46a870f81 bbb7327894cd0e010b32938fc6114d8593a07890f84fdbab47ee4bb069111039
CLIENT_TRAFFIC_SECRET_0 c4de76c3a07b75f48d01a12ab7525ac3ae8dbd71181dbade1376f3e46a870f81 b112ff070f50451253af74bc688e871fef9e529244fbbe753e2516d6bacfb169
SERVER_TRAFFIC_SECRET_0 c4de76c3a07b75f48d01a12ab7525ac3ae8dbd71181dbade1376f3e46a870f81 83fd4e62356659f472ddd01547e9abb9da5538beb7a2476678f6bef9b838ba86
EXPORTER_SECRET c4de76c3a07b75f48d01a12ab7525ac3ae8dbd71181dbade1376f3e46a870f81 bba09b033ef5d66bbc7f9c244b3ce4c0d19747d339f2d3a1f0c6f1a89d82a07a
CLIENT_HANDSHAKE_TRAFFIC_SECRET 52a67ead96dda4208c2677864b91698dfc59609ac5b359ebb187f57e5b79c13f 0a86c406902f2caad870a5bac6f6f9febae82e5d0ab0a6cbfe7d02ac08081bd5
SERVER_HANDSHAKE_TRAFFIC_SECRET 52a67ead96dda4208c2677864b91698dfc59609ac5b359ebb187f57e5b79c13f 17b4c3504826a58d40688dd689405755722a90192479e06bce0457a67a6b1f25
CLIENT_HANDSHAKE_TRAFFIC_SECRET 39648ca2a7bbe00c3c380f07053f3b89c4c9781fe7cec43e82099293bb27b942 e87925dcae987572e054cc56a8a426fb67c67c61b75103cc691acc0398748ece
SERVER_HANDSHAKE_TRAFFIC_SECRET 39648ca2a7bbe00c3c380f07053f3b89c4c9781fe7cec43e82099293bb27b942 5ac7763e22b0c85a1980ef99a6375f0601b9e46e609c1ef73b7c03b9c8704b6e
CLIENT_TRAFFIC_SECRET_0 39648ca2a7bbe00c3c380f07053f3b89c4c9781fe7cec43e82099293bb27b942 02881f60485e6b6deb849401927c1a18c319c2067a7b4037d546a3ed2d939309
SERVER_TRAFFIC_SECRET_0 39648ca2a7bbe00c3c380f07053f3b89c4c9781fe7cec43e82099293bb27b942 f3257eed008d86e2d5a811687860ced589c05bdde6e90f2927bb057b3edf4043
EXPORTER_SECRET 39648ca2a7bbe00c3c380f07053f3b89c4c9781fe7cec43e82099293bb27b942 6ccd972e085ae666323c29de71a2488a4b18ec9a4dff5c2b9b1fc09e069f5651
CLIENT_TRAFFIC_SECRET_0 52a67ead96dda4208c2677864b91698dfc59609ac5b359ebb187f57e5b79c13f 398827d58dfef4c01f20046076693b8917ffba8717a8871f1a0032e1dd31b1d5
SERVER_TRAFFIC_SECRET_0 52a67ead96dda4208c2677864b91698dfc59609ac5b359ebb187f57e5b79c13f 9d262a754aff28571d8101588607b3b674bb2df74f631c2d9edc0bbb50bd04d2
EXPORTER_SECRET 52a67ead96dda4208c2677864b91698dfc59609ac5b359ebb187f57e5b79c13f 3420de834de70666d2992d2e09ed5919fcd06414497fe30c1eec7fa7c9c1190e
CLIENT_HANDSHAKE_TRAFFIC_SECRET 943787d2b4e19c200955f247ce76a3c40a0adc7f062b28102f85550441c3cf4d f40f31388e108f2ed1ecc2643a383383cd7e226ad50ad60636950c411310bf12
SERVER_HANDSHAKE_TRAFFIC_SECRET 943787d2b4e19c200955f247ce76a3c40a0adc7f062b28102f85550441c3cf4d 44c388bb4c8b1677c4fc16c0e14468d6ca04d5112261960af44b3dbba4effdee
CLIENT_TRAFFIC_SECRET_0 943787d2b4e19c200955f247ce76a3c40a0adc7f062b28102f85550441c3cf4d 023c417bc4d51e7a9b138798c0d6d192c6be238d3bd748859f5c8e165f1b42fd
SERVER_TRAFFIC_SECRET_0 943787d2b4e19c200955f247ce76a3c40a0adc7f062b28102f85550441c3cf4d 731a84c7c659c84d1a596b9b1ed04849dab1065c9dc5d43885a3dbeab99bf7b6
EXPORTER_SECRET 943787d2b4e19c200955f247ce76a3c40a0adc7f062b28102f85550441c3cf4d ac7742ebf35b1715dd3e9f96234c7dc45afbc715d6425cf2834b75eb26c76607
CLIENT_RANDOM 5a8e59301723088a450319ff1ef0d968cf1491d725ef403b8b8f0fd67d47e3ac bafa3c3bebbc8440335b824fc24f967ad9848636f58580a5d45142dc64e02eef1f4ee7d17571d79ca092782094a7eb67
CLIENT_HANDSHAKE_TRAFFIC_SECRET dea4cb0f7daff6af130cc50993d54d1b4cc49b5d025b01c3b3a85b7abe993731 1ca4a1ab204eef0b53e94b744338ca1e0680bf2558dcc1afc1b0b011f5ce91fa
SERVER_HANDSHAKE_TRAFFIC_SECRET dea4cb0f7daff6af130cc50993d54d1b4cc49b5d025b01c3b3a85b7abe993731 c8ffb2cd587a64f7e9a759c7f7dc53b13c9939b0d68f3450a2d4af5a46ee8f98
CLIENT_TRAFFIC_SECRET_0 dea4cb0f7daff6af130cc50993d54d1b4cc49b5d025b01c3b3a85b7abe993731 fd1036084fda71c58500f53f85498bed012bb4443bad8974128e4fd5c782b791
SERVER_TRAFFIC_SECRET_0 dea4cb0f7daff6af130cc50993d54d1b4cc49b5d025b01c3b3a85b7abe993731 fa291dc2dfa218dbf620ea6a27bed84eefb45713e9b5fb2650c8d5ddf4f7119d
EXPORTER_SECRET dea4cb0f7daff6af130cc50993d54d1b4cc49b5d025b01c3b3a85b7abe993731 71720208725f52f237adf2837e407609f8d1bf956aeb98ef293ecfbb983f6e4b
CLIENT_HANDSHAKE_TRAFFIC_SECRET 8679319a7e060a48424d596541250ddc952fe39dae143794f74139994ce96a8f e930124be5db6337931e3054e8b23bde5d92fa80b91b8c1657aecb86d2f937dc
SERVER_HANDSHAKE_TRAFFIC_SECRET 8679319a7e060a48424d596541250ddc952fe39dae143794f74139994ce96a8f 856597580396d3f415f2002ddb54d9b4f34a7c2d8149e29669df463120a8d706
CLIENT_TRAFFIC_SECRET_0 8679319a7e060a48424d596541250ddc952fe39dae143794f74139994ce96a8f 680cad39cca3eae95485556901ba9433820982778a514b4ec444dc3889db78b9
SERVER_TRAFFIC_SECRET_0 8679319a7e060a48424d596541250ddc952fe39dae143794f74139994ce96a8f a9c361d6f0ebddacd00e746e9546d0ede8353d620874bd102ed9be1c17548f49
EXPORTER_SECRET 8679319a7e060a48424d596541250ddc952fe39dae143794f74139994ce96a8f 8f53060e7ee55511fbfe754deabe8d36047f9a9d58d21da5c09e6c454781aea6
CLIENT_HANDSHAKE_TRAFFIC_SECRET 33f92d1955d2a03202a6aa01c4c8e31dec0ef144d5df01b73e37e032b4904897 b5a2cd3a284050e5246f276509dae3b95b3a255c747944a84cbcab700361362e
SERVER_HANDSHAKE_TRAFFIC_SECRET 33f92d1955d2a03202a6aa01c4c8e31dec0ef144d5df01b73e37e032b4904897 9f9835fef47407e910f4529ff2ff1632e4b6fb7e5cf3d9bd42e4c367c4011d7e
CLIENT_TRAFFIC_SECRET_0 33f92d1955d2a03202a6aa01c4c8e31dec0ef144d5df01b73e37e032b4904897 5a3df64b719a0416e6dfc7ed5223863f9fd389b533d7303961b4f0866dec39a5
SERVER_TRAFFIC_SECRET_0 33f92d1955d2a03202a6aa01c4c8e31dec0ef144d5df01b73e37e032b4904897 817171be4940713dd62194b6405b7f02d0a7fc11f18082af682e7caedfab4d5e
EXPORTER_SECRET 33f92d1955d2a03202a6aa01c4c8e31dec0ef144d5df01b73e37e032b4904897 6aa2a5cea5db147e090987601cbe0b672650d33632dcc297924f57f17b7460df
CLIENT_HANDSHAKE_TRAFFIC_SECRET 36e8b0c2606ac842013df50b92ac1825e4b4ec78a2d28cbc9467c697990e07ca 43fefda18134b48bb8ad977cc21e66e7448e713e452f95c319f066d4673bb355
SERVER_HANDSHAKE_TRAFFIC_SECRET 36e8b0c2606ac842013df50b92ac1825e4b4ec78a2d28cbc9467c697990e07ca eb17af7812515746d7ae0813e2ad51a19b795c91248646c5a74e7ecd43cd0f4b
CLIENT_TRAFFIC_SECRET_0 36e8b0c2606ac842013df50b92ac1825e4b4ec78a2d28cbc9467c697990e07ca eefcf84e5462e7827f74b44b3eb7f14b88a15782693c33f6c794739f474cd724
SERVER_TRAFFIC_SECRET_0 36e8b0c2606ac842013df50b92ac1825e4b4ec78a2d28cbc9467c697990e07ca 6794952b0cbe5e501241abd50a59064f8876fb76ece627acfef70f5e33bd6481
EXPORTER_SECRET 36e8b0c2606ac842013df50b92ac1825e4b4ec78a2d28cbc9467c697990e07ca a39f92e2671073a05b2b00f4db1dde4d48b4722b4fc1ad29566ddbda33844c78
CLIENT_HANDSHAKE_TRAFFIC_SECRET 79e57b11037c740dedbbd909e3e604885eb58a3e638a6b037af71e19510e0b5c cb19daa64dbc716a72366338e1e1b0a4cb3854c26f60f7476728ba8b0f3d343d
SERVER_HANDSHAKE_TRAFFIC_SECRET 79e57b11037c740dedbbd909e3e604885eb58a3e638a6b037af71e19510e0b5c 1031c4c9f588d4b4df185f0ac2578503821534388b0c7c87081bbe63145570fc
CLIENT_TRAFFIC_SECRET_0 79e57b11037c740dedbbd909e3e604885eb58a3e638a6b037af71e19510e0b5c 077aaa14f65912f2920461c8fb7dddf31490dbc75eac312d596e88ff0b8176cd
SERVER_TRAFFIC_SECRET_0 79e57b11037c740dedbbd909e3e604885eb58a3e638a6b037af71e19510e0b5c 3babfa2edcb8798c3b8abe27a9d1371f7093e08e888fef01ae008f57a55605a8
EXPORTER_SECRET 79e57b11037c740dedbbd909e3e604885eb58a3e638a6b037af71e19510e0b5c 7a63e7494fc76c4673b8c019dba18fa0381b7ddea98953ff48e1990884f1d679
CLIENT_HANDSHAKE_TRAFFIC_SECRET 33859cca69f5a59c3483ee13011ad209db92f3ee814b088205814fc751c56172 2b954585e8a1b11646ff01aff870a017ee80c8bc3b5f338c904ae50ccd87f7c9
SERVER_HANDSHAKE_TRAFFIC_SECRET 33859cca69f5a59c3483ee13011ad209db92f3ee814b088205814fc751c56172 57a741e35e5c13516323c3168da0be2412f2ad98335dba978b8d3655c76e0493
CLIENT_TRAFFIC_SECRET_0 33859cca69f5a59c3483ee13011ad209db92f3ee814b088205814fc751c56172 29498a70f6e9bcd3ec4f4f448e317325a6487bcf72e4fe052fd083df29a7b626
SERVER_TRAFFIC_SECRET_0 33859cca69f5a59c3483ee13011ad209db92f3ee814b088205814fc751c56172 4c9ad63f08225bb53033b3e134bf519732901f314e5e9aa4c4d4201ac101db21
EXPORTER_SECRET 33859cca69f5a59c3483ee13011ad209db92f3ee814b088205814fc751c56172 52478a0c228a719d2965084c88e6579402a2b3161b8b3f69a99dbba65ce8a95d
CLIENT_HANDSHAKE_TRAFFIC_SECRET 54cb1d0ad3059ae340d1b94f8c4ee084991f675d6eecbd261babefb2b6f66bce 6fa7e2117d31fef38495c1711dc20f45c1f9550552cd00c078b4521a2684d06a
SERVER_HANDSHAKE_TRAFFIC_SECRET 54cb1d0ad3059ae340d1b94f8c4ee084991f675d6eecbd261babefb2b6f66bce 502191bd09fae370e02976424255a3278631e5c6eb60b689f7a87356f7ef20e0
CLIENT_TRAFFIC_SECRET_0 54cb1d0ad3059ae340d1b94f8c4ee084991f675d6eecbd261babefb2b6f66bce c994c21ce0e83a11053fcfdfd5cfe48b74315c4cfd825ff6f100c7281fcb4c45
SERVER_TRAFFIC_SECRET_0 54cb1d0ad3059ae340d1b94f8c4ee084991f675d6eecbd261babefb2b6f66bce 2d4dae400df09e5727b0e9fd491aaef7ae6418b5333aa99ff0b0df2b5cc30190
EXPORTER_SECRET 54cb1d0ad3059ae340d1b94f8c4ee084991f675d6eecbd261babefb2b6f66bce fa19d72463daf36222c7ff56179792c4c0343b31de0edd20e27389627237bee1
CLIENT_HANDSHAKE_TRAFFIC_SECRET d10ba405393fee2316e49bf73a0ab107fef725ab5c69f00eaa0a0f89fdd112ca 7090c4b7aa2ed5dac3fefd35defa03e93913bb70037d2afc834ffcdd0947bf17
SERVER_HANDSHAKE_TRAFFIC_SECRET d10ba405393fee2316e49bf73a0ab107fef725ab5c69f00eaa0a0f89fdd112ca 22f1cc7df47033025435f286650a2a892bcdff2c25ebd8b97d26b925b8b053fe
CLIENT_TRAFFIC_SECRET_0 d10ba405393fee2316e49bf73a0ab107fef725ab5c69f00eaa0a0f89fdd112ca 8fc0bf8cb47ae32bb0e37e1e8c18bee2d9fd04334bc31509bea8f966b1826a1b
SERVER_TRAFFIC_SECRET_0 d10ba405393fee2316e49bf73a0ab107fef725ab5c69f00eaa0a0f89fdd112ca e8832a57b537107b790715ec5ce522c8bf59e3b82cf7c77b0885dd8d9b7ae8b3
EXPORTER_SECRET d10ba405393fee2316e49bf73a0ab107fef725ab5c69f00eaa0a0f89fdd112ca 0d9a03c3aae2d6c6d52b183dfd286fb2aee5060c51b76c0f20fae4d5ff08917f
CLIENT_HANDSHAKE_TRAFFIC_SECRET ac8b4ed278b8731e46673d1898a1123fd5ea2670fc81677683c94b30a53a0bdf 085113030cdc8342a2d90dc551da100a5ee7f5148eb8b0e79d176b5b09d4118d
SERVER_HANDSHAKE_TRAFFIC_SECRET ac8b4ed278b8731e46673d1898a1123fd5ea2670fc81677683c94b30a53a0bdf ff07c4b86aede59f61625260fda3d9b9f2b6472d1b2534347edcf1a452eee3de
CLIENT_TRAFFIC_SECRET_0 ac8b4ed278b8731e46673d1898a1123fd5ea2670fc81677683c94b30a53a0bdf 55070ffff200558179afbac8514f0ab59dc775fdb8e85df58651afb48f1cd18a
SERVER_TRAFFIC_SECRET_0 ac8b4ed278b8731e46673d1898a1123fd5ea2670fc81677683c94b30a53a0bdf 545f5d50a76f5685b1ad14cb0b077d5f69d6ce63a2ca996560a05ebe2b42c3f0
EXPORTER_SECRET ac8b4ed278b8731e46673d1898a1123fd5ea2670fc81677683c94b30a53a0bdf 3b7ef4e3e20e0e4ad9ea1fe1bf6f62427ab3b0c8a61fd987a41d5908b5bc8ed5
CLIENT_HANDSHAKE_TRAFFIC_SECRET 2c3530f2f15ca58a1f0483368002cb916d07d91bd6f93043c54cc04323675094 59be9d59bec07a2dd4f4abecfc7b4a499af963eea4e7a35151a099d96efd66035bd5d7639453341d1df46be4aacbc86e
SERVER_HANDSHAKE_TRAFFIC_SECRET 2c3530f2f15ca58a1f0483368002cb916d07d91bd6f93043c54cc04323675094 3c174a4aa97fb9be3f2fd9a0709df7a1fdea42c9588c4adc56d17d26393b92c66d68f99f2e7ee3c8038f8fdc48512780
CLIENT_HANDSHAKE_TRAFFIC_SECRET b7ef535e15a46ed2ed8259b66b98c14a302617bebe5c45656f113a862cf2b7cb 6ddbaabe6ee17e51b8a8b73b9e70938a211926b4930ea9ddfc236d1cb44eb0e63c587e15649019aea623d9e5f40d2aa3
SERVER_HANDSHAKE_TRAFFIC_SECRET b7ef535e15a46ed2ed8259b66b98c14a302617bebe5c45656f113a862cf2b7cb 4243b367c93ca989536f8388d8238a42496227400d03aa60c84efe19a0b8c4ea3bfc8a90490d570926d588280155cf17
CLIENT_HANDSHAKE_TRAFFIC_SECRET d0b6d9ad8f195d154ea5b4f282808496a782d650d9ef71d23430b814727cfc91 91d80e72a91638fc1a54ce1aa725b43244abb75f116f29995ead76400efaa6fd3b877e12c63d47f6c116e2648a41fc5e
SERVER_HANDSHAKE_TRAFFIC_SECRET d0b6d9ad8f195d154ea5b4f282808496a782d650d9ef71d23430b814727cfc91 39ee45a2b5638147265696bf06d82a2f7af4e92e91e733797ef400f032b2ae754bc3c7e3265138f5b32dc3f3e5d838a8
CLIENT_TRAFFIC_SECRET_0 2c3530f2f15ca58a1f0483368002cb916d07d91bd6f93043c54cc04323675094 eb292468c784c4ac79efa1352c3158024e7becbf6cc123cc1c1fac5df7ab0fbc8da42bb280cdf1f50fba9aa46dd4d1d2
SERVER_TRAFFIC_SECRET_0 2c3530f2f15ca58a1f0483368002cb916d07d91bd6f93043c54cc04323675094 910113f69e2f76454ac4d106ec11a702d50196811e21b2b34232637bbd68234c538c04f7de7ee6863599113f7f8ccc4f
EXPORTER_SECRET 2c3530f2f15ca58a1f0483368002cb916d07d91bd6f93043c54cc04323675094 7e73cffc563fb905e66f0945d2706ae725d0e264aa9add6f7fb28c67201cbb2c05ead55ee111a76aaba10f9eefd14dc1
CLIENT_TRAFFIC_SECRET_0 b7ef535e15a46ed2ed8259b66b98c14a302617bebe5c45656f113a862cf2b7cb 5ec15c3440ef73d37a5f95b5cd286f6eb9e5b102fa5b729135629204e814f4f68f8944ec1eac844dadd9ba50661dd48b
SERVER_TRAFFIC_SECRET_0 b7ef535e15a46ed2ed8259b66b98c14a302617bebe5c45656f113a862cf2b7cb d481fa07608bb99d212bb961fe161e63abc4cfd8a0d39ae90a8c268abe564536a2768befb082a6f4f0362a09179773b6
EXPORTER_SECRET b7ef535e15a46ed2ed8259b66b98c14a302617bebe5c45656f113a862cf2b7cb aced46c91cd4076dfc2297331228a2030ac38e09416b7e09081bd9a17b7f4fc818fe7d70a6d18dface4a6cd3089f37d5
CLIENT_TRAFFIC_SECRET_0 d0b6d9ad8f195d154ea5b4f282808496a782d650d9ef71d23430b814727cfc91 683798e8f2d81bd2911e0712810620ce450d11d1ac2dbbffa23ff95687483aca19bfef88a5a2d11c0604c74968ff3781
SERVER_TRAFFIC_SECRET_0 d0b6d9ad8f195d154ea5b4f282808496a782d650d9ef71d23430b814727cfc91 a514299b7229b55b72d68157b5ba88b6f69d7b03c0055d2a0c16d4a729b685a0471a342e2c2a743cd78c0f81b99ca360
EXPORTER_SECRET d0b6d9ad8f195d154ea5b4f282808496a782d650d9ef71d23430b814727cfc91 89365b8bdd86f5ca1ac6c35d7a5a55cbc2a9f18dd76d03e214cefeb13aa1aec2b111b938b181f76450d509c19d599ff8
CLIENT_HANDSHAKE_TRAFFIC_SECRET b508e06a2660734db7905790701c52698b59c7e6ee756bbaddde39e69c1574b4 5bed3ca4c18410f8584ddd34ed6c6d80b8caeeaf1f92e1fa55424a9f0ff66e76
SERVER_HANDSHAKE_TRAFFIC_SECRET b508e06a2660734db7905790701c52698b59c7e6ee756bbaddde39e69c1574b4 344ecd4a7843c06ac358b101f5a38a6075537cfb430ff4a582098b71a826642e
CLIENT_TRAFFIC_SECRET_0 b508e06a2660734db7905790701c52698b59c7e6ee756bbaddde39e69c1574b4 7d03526cc75f55a627ccf88878417334db78bfb3f214ec4f3383f8be66c0250d
SERVER_TRAFFIC_SECRET_0 b508e06a2660734db7905790701c52698b59c7e6ee756bbaddde39e69c1574b4 a07e4aad83d97dbc51c2d7da8d029fac9b77048fc6d5c5e48ab4258c1dddbeab
EXPORTER_SECRET b508e06a2660734db7905790701c52698b59c7e6ee756bbaddde39e69c1574b4 024ba4959587c43e50b5a1cc1ced87d51f5a4b629ac94d44e1daf452b58472ed
CLIENT_HANDSHAKE_TRAFFIC_SECRET 8346fbd0e6d1825e0286d8b21310872343a63309d7035d05b8e6d4d99acfc0cf 32f9ecb5c36056b27f6eef6b5a5e7b189cfee38c7a6a0ca8fe4fcc15695bf6ee
SERVER_HANDSHAKE_TRAFFIC_SECRET 8346fbd0e6d1825e0286d8b21310872343a63309d7035d05b8e6d4d99acfc0cf 6107ec7ef9fc6a2895b4e46a5777097bf3b041cd874f1a0fdcda4547fccdddd0
CLIENT_TRAFFIC_SECRET_0 8346fbd0e6d1825e0286d8b21310872343a63309d7035d05b8e6d4d99acfc0cf 97d2efa9413df0cb4a4882824929138e674ba2bcecabad615df6def34c99b89d
SERVER_TRAFFIC_SECRET_0 8346fbd0e6d1825e0286d8b21310872343a63309d7035d05b8e6d4d99acfc0cf cbf3891b76af68fd6765e4e93b37f2cf8fee8b17b9b9260e2d4206c604f9db8f
EXPORTER_SECRET 8346fbd0e6d1825e0286d8b21310872343a63309d7035d05b8e6d4d99acfc0cf be62fbdffee5dcd1445dc25378367d3557cbf5f311e738d945794231911a5b44
