CLIENT_HANDSHAKE_TRAFFIC_SECRET facb14256d0b657a59ce2365adcfcf671ad28f8e89ee7f76f692a9a880da4050 115bbb11617fe30f683a2641e02e9979a1c649ff119ec61fec4ec30a4bd24da9
SERVER_HANDSHAKE_TRAFFIC_SECRET facb14256d0b657a59ce2365adcfcf671ad28f8e89ee7f76f692a9a880da4050 70b4395a958f9deaecf875b953bd3f82ac2e884017d2769256deae59869b7c17
CLIENT_TRAFFIC_SECRET_0 facb14256d0b657a59ce2365adcfcf671ad28f8e89ee7f76f692a9a880da4050 720412d65a28484aec6a5d9d82cec701e9f106aac8c3aa4f4ab0eae72c8e1ee8
SERVER_TRAFFIC_SECRET_0 facb14256d0b657a59ce2365adcfcf671ad28f8e89ee7f76f692a9a880da4050 98c61eea770bc721c6b791f787411d18390d2fca1e4588e2a7e781ed58d2d76d
EXPORTER_SECRET facb14256d0b657a59ce2365adcfcf671ad28f8e89ee7f76f692a9a880da4050 f8133687ccf7579346760b775678d448352fdc0ee1cc328dc5889eb3ce37f94a
CLIENT_HANDSHAKE_TRAFFIC_SECRET 1fb7ff7d17523cb084636a0aadd066f357f0d15a364a4eef39e71dd14f6ddac1 1374a59785526bb4b6f9d60411014f74a463dbdb9211558753c0bf93d53904ae
SERVER_HANDSHAKE_TRAFFIC_SECRET 1fb7ff7d17523cb084636a0aadd066f357f0d15a364a4eef39e71dd14f6ddac1 744bb5828b438a421287595391920a5a3514ff844068502f90d0a7b4db316fc1
CLIENT_TRAFFIC_SECRET_0 1fb7ff7d17523cb084636a0aadd066f357f0d15a364a4eef39e71dd14f6ddac1 3edc0dcdfab69885d0a177f03f02acdda7c0a5c3a74d01624ec7c203581ccb54
SERVER_TRAFFIC_SECRET_0 1fb7ff7d17523cb084636a0aadd066f357f0d15a364a4eef39e71dd14f6ddac1 2ccdacb1e98f009ba352ad733f596c75d8e9bd5294bd425e56f795bc569fa5ca
EXPORTER_SECRET 1fb7ff7d17523cb084636a0aadd066f357f0d15a364a4eef39e71dd14f6ddac1 37baa7fa2105eb5c3be68f1ec9f0968c61b4a42e49bb6ff09bd88a46a74892d6
CLIENT_HANDSHAKE_TRAFFIC_SECRET 5dc8dc930e8ca8f568a1cddecb02548c368a2969e05e3d24871e7b6092663066 c3de63417eaf97ba57e3d64965856b2cf85a159e4689c0b390a36630c519c99a18b7c6536336c26f4e125a638d171498
SERVER_HANDSHAKE_TRAFFIC_SECRET 5dc8dc930e8ca8f568a1cddecb02548c368a2969e05e3d24871e7b6092663066 2f1b242898be4aedf5c6c6b152f535328b167b638283b88a42614e410b0683f18e2b1911086623f11b473c94480a04f8
CLIENT_TRAFFIC_SECRET_0 5dc8dc930e8ca8f568a1cddecb02548c368a2969e05e3d24871e7b6092663066 a0bbef02b2a7c8252f4ac82fe3ed54ebc25d9eb4d4e3d7242a43585956886006383186b3650af9da4fe11c8ece8555f9
SERVER_TRAFFIC_SECRET_0 5dc8dc930e8ca8f568a1cddecb02548c368a2969e05e3d24871e7b6092663066 6de68d84ade343c3bcd9add8208382ebe3780ada0c8c404f29d3f3d2c03f02a63986a361c9fa9f0a858da8a5efa8e134
EXPORTER_SECRET 5dc8dc930e8ca8f568a1cddecb02548c368a2969e05e3d24871e7b6092663066 c0c4598d66f40d7431aaa3df31e8af8273ede708cd0f66422e6a5325904b5488c4b8b73ca6f0034f19d30ed4002f8d7d
CLIENT_HANDSHAKE_TRAFFIC_SECRET 7a7588486d0bb1d9e32becd8b0682e87d7cd0c6a9fc313c1497685e93097ed29 bd40031b1a37cf5dd63ec7206558621c1305e662aa2a60f61703337462e40edb
SERVER_HANDSHAKE_TRAFFIC_SECRET 7a7588486d0bb1d9e32becd8b0682e87d7cd0c6a9fc313c1497685e93097ed29 68e4686e421e87d3f4ebe251a6e3622de4dfe24c452e49111e2bd1cfbd3959dc
CLIENT_HANDSHAKE_TRAFFIC_SECRET dc1eb432343b84afae77d5be2b4cd0e7ada81fbd42b80dc665d38910f28d13a8 5f4fafdd92bb462a81cdf0318e02009dfb2c8db00165afc86b621d6a01e349a1
SERVER_HANDSHAKE_TRAFFIC_SECRET dc1eb432343b84afae77d5be2b4cd0e7ada81fbd42b80dc665d38910f28d13a8 e4af5358314f1da62e29b8e17b24d21ca398e6dd1d7f5873ac188b774e3c68db
CLIENT_TRAFFIC_SECRET_0 7a7588486d0bb1d9e32becd8b0682e87d7cd0c6a9fc313c1497685e93097ed29 13fea4d94193e41d4f5d71ecea05e55c01f51e07aadd6a20dfb9c7ebbdb271da
SERVER_TRAFFIC_SECRET_0 7a7588486d0bb1d9e32becd8b0682e87d7cd0c6a9fc313c1497685e93097ed29 100bdd041141cc88ecaaf98fbffa8fd1cb6e30a25f495a78f55a770d6c5eb1ed
EXPORTER_SECRET 7a7588486d0bb1d9e32becd8b0682e87d7cd0c6a9fc313c1497685e93097ed29 c1d0b85b1230469c38bdcb78b2795b5c3b6894aa3007bbba592ce0710971583f
CLIENT_TRAFFIC_SECRET_0 dc1eb432343b84afae77d5be2b4cd0e7ada81fbd42b80dc665d38910f28d13a8 07179fab016cb17e26c06e85f4c69f48e1997ca7c43ef6e70010197dbbbcb0fb
SERVER_TRAFFIC_SECRET_0 dc1eb432343b84afae77d5be2b4cd0e7ada81fbd42b80dc665d38910f28d13a8 a715eba91586dd66281c0e54639be59a54bff510fb2adbe0ebf1e04a71f21498
EXPORTER_SECRET dc1eb432343b84afae77d5be2b4cd0e7ada81fbd42b80dc665d38910f28d13a8 326970690226e23255b52ea082085a0a6aeba0d50994b264f2a755d49c8468a5
CLIENT_HANDSHAKE_TRAFFIC_SECRET 8cf644d789bd61ebb41f65308b0c6503695f9c82521e8b44364e192f3715f4d6 e07c2fe41687cd2d878e7aad69406f53928adff04f68e0dd02ecdd9754b46f460183d261fa34689303b37cab53961e99
SERVER_HANDSHAKE_TRAFFIC_SECRET 8cf644d789bd61ebb41f65308b0c6503695f9c82521e8b44364e192f3715f4d6 c33d1b1d6695a940a2e49b368fb5660b56b355e81fc45fae279ead3d838f5d9142b121f5da8fae0d0c7c1f1d546a567b
CLIENT_HANDSHAKE_TRAFFIC_SECRET e0a97ffaa0bfbdf260a3ecf727aebd780f4df61dbbdb63005bbac3eb35f8ee61 c606c34b44eb098e1588569f3af5cacdd67707a200e88b5a51d158db24095f9c05c84528e951fcca87ece54b1efa82e2
SERVER_HANDSHAKE_TRAFFIC_SECRET e0a97ffaa0bfbdf260a3ecf727aebd780f4df61dbbdb63005bbac3eb35f8ee61 3c4bc9d53a07e4465a9bf8e221a9802edf39efe7d256179e3102d2d10f8d0a71777b2e7d302a807ab9099653df89d041
CLIENT_TRAFFIC_SECRET_0 8cf644d789bd61ebb41f65308b0c6503695f9c82521e8b44364e192f3715f4d6 aa0a445c4eebe79d79dc6f50f431f4c1f85c57ab9ee51a4c50cdfa7e94fcf54d78a7b6a1a10a4cdaf86b6efc9643e0d9
SERVER_TRAFFIC_SECRET_0 8cf644d789bd61ebb41f65308b0c6503695f9c82521e8b44364e192f3715f4d6 0d86c2021ca6d04593c029b104c0c4f27c5f21c7ac18bc106567a33f131abf2ab09d0e80517e9d43d287641d37b2ebc9
EXPORTER_SECRET 8cf644d789bd61ebb41f65308b0c6503695f9c82521e8b44364e192f3715f4d6 874c6ba1673bc714bf6b62a1f7f146a466eed56cefde7052a0395da571115ec2576a865009827369ccb9a64c440ff79a
CLIENT_TRAFFIC_SECRET_0 e0a97ffaa0bfbdf260a3ecf727aebd780f4df61dbbdb63005bbac3eb35f8ee61 7fa4763a8150f5f09472803b919887e2411efec4b02197785e0bff78d7b01ca0aecc121b960f7a681988d10bba58c0b1
SERVER_TRAFFIC_SECRET_0 e0a97ffaa0bfbdf260a3ecf727aebd780f4df61dbbdb63005bbac3eb35f8ee61 c5f8200f83d43adaff413c05028dc7c501c025f9c05b55de6f6586e97e52bb782732c7358c49063a171b9287ffb4c1da
EXPORTER_SECRET e0a97ffaa0bfbdf260a3ecf727aebd780f4df61dbbdb63005bbac3eb35f8ee61 1e6c8bea317b24c534eab02844b2c706ff4e9bcf639fd4e1b6e1dd3c0645d14abd6db0248ad9a1f8c22598bd1dbcaee2
CLIENT_HANDSHAKE_TRAFFIC_SECRET ff602f620252a042bb668a6776b91119df133f62acdd416bf0ad706a6a2c6ac3 63df1da57013f45f02e3ba493d4d313cb5c4975c2c2e236c85e465679b5c2a0a
SERVER_HANDSHAKE_TRAFFIC_SECRET ff602f620252a042bb668a6776b91119df133f62acdd416bf0ad706a6a2c6ac3 ca2941bda7fd603d230e594d8c04787a6901cb70694e82372cbc9a55a39954fb
CLIENT_TRAFFIC_SECRET_0 ff602f620252a042bb668a6776b91119df133f62acdd416bf0ad706a6a2c6ac3 a02fbda944164b929de6a7b445c25593d2ccbe952a46040d9ecc073fbc6d24a5
SERVER_TRAFFIC_SECRET_0 ff602f620252a042bb668a6776b91119df133f62acdd416bf0ad706a6a2c6ac3 1a7e9924193834c33425f4172d9411c992d91a620161dc580dfbf65d02f3f7c4
EXPORTER_SECRET ff602f620252a042bb668a6776b91119df133f62acdd416bf0ad706a6a2c6ac3 b7f2b9373a38c69ec9d95445eb0f6369093e84d6b20ac3727f8b9dabe85cdf00
