CLIENT_HANDSHAKE_TRAFFIC_SECRET bb34a203e91adba74b0f0c525efaa11f64f0f0bedb6ffd0dbde6b02e2c3e86e0 343f0a9213d7131834ca5bf62a4f18c05344d412936461bae7c08a9f7871a53a
SERVER_HANDSHAKE_TRAFFIC_SECRET bb34a203e91adba74b0f0c525efaa11f64f0f0bedb6ffd0dbde6b02e2c3e86e0 e39b319dba421b19b769ce11e42c5b36c7275164b47a334af907bff476293e63
CLIENT_HANDSHAKE_TRAFFIC_SECRET 580e21ab1cd3d6aa3f312454edeb5d649e41c372f9477109a5085446c7839b62 3f4492df4230bb8ff8c2853213852d20311913af87c4b9344b6ec6f66f3e5ef8
SERVER_HANDSHAKE_TRAFFIC_SECRET 580e21ab1cd3d6aa3f312454edeb5d649e41c372f9477109a5085446c7839b62 31d612d594b90b4453a667f8724fbad6389abea034af67d36860a0786630ab19
CLIENT_TRAFFIC_SECRET_0 bb34a203e91adba74b0f0c525efaa11f64f0f0bedb6ffd0dbde6b02e2c3e86e0 bfb83d5a97d77c1a8feee7eff192f6bc684f14768fedf46294cbb7d65510a615
SERVER_TRAFFIC_SECRET_0 bb34a203e91adba74b0f0c525efaa11f64f0f0bedb6ffd0dbde6b02e2c3e86e0 38347eeca1130936fdc47614b06932ee73e01c1497af285f88e1bd9c89ed5c67
EXPORTER_SECRET bb34a203e91adba74b0f0c525efaa11f64f0f0bedb6ffd0dbde6b02e2c3e86e0 18d34f7a5d389ea861f65cde580ab6e2fc1284a46f6f8bcd3d68099073f4fe1b
CLIENT_TRAFFIC_SECRET_0 580e21ab1cd3d6aa3f312454edeb5d649e41c372f9477109a5085446c7839b62 2cc4baf6f3fbe7fef1e3c38fb1e263b4de24033fa843492af6ab015819dedf08
SERVER_TRAFFIC_SECRET_0 580e21ab1cd3d6aa3f312454edeb5d649e41c372f9477109a5085446c7839b62 df7c0c8088ad8998014e44dd0e685573665a0d1fdf0989c9610194177ad4d6d4
EXPORTER_SECRET 580e21ab1cd3d6aa3f312454edeb5d649e41c372f9477109a5085446c7839b62 829430b6634633eeef6077b51b13aee90929757032a88d7ab9846d75e982c2aa
CLIENT_HANDSHAKE_TRAFFIC_SECRET 99ee9842e67e82fd6cf7d2197e22cd401eefced849c6694a1a92dd7d8a746eff 346f05a13e18a5f162adb745962b682d07b93bf982e68fe9ac22087fef04c9a7
SERVER_HANDSHAKE_TRAFFIC_SECRET 99ee9842e67e82fd6cf7d2197e22cd401eefced849c6694a1a92dd7d8a746eff cd06eeab74ce4c4a7641d218d3e98adb684668b5a9621a35fb6e6fd0499823aa
CLIENT_TRAFFIC_SECRET_0 99ee9842e67e82fd6cf7d2197e22cd401eefced849c6694a1a92dd7d8a746eff 44fa7972aaaec522b7f7f829c8af53dc293880655ee3a0df31367943c12f47dc
SERVER_TRAFFIC_SECRET_0 99ee9842e67e82fd6cf7d2197e22cd401eefced849c6694a1a92dd7d8a746eff e20bf0ecd1d91453c7ab8aa43d82ed14610e02b598f078735ec02a9d6d10f431
EXPORTER_SECRET 99ee9842e67e82fd6cf7d2197e22cd401eefced849c6694a1a92dd7d8a746eff 8143bc68b9303908ef2cb1237fbcdbc182d3683db29dc1b86128dc585dbdeb0e
CLIENT_HANDSHAKE_TRAFFIC_SECRET 6781fb65acd3766a132489a3cd43e5165f1bee53067e224225c33745502617c3 9864d80ccbe42380bf2e79b5fc1c39f7396beaed38071fa820fac54d9d460dc4
SERVER_HANDSHAKE_TRAFFIC_SECRET 6781fb65acd3766a132489a3cd43e5165f1bee53067e224225c33745502617c3 609a69a4f2f5d68cf638565a5dd699098e5dab4e5b2fd30254528c754897b6a6
CLIENT_TRAFFIC_SECRET_0 6781fb65acd3766a132489a3cd43e5165f1bee53067e224225c33745502617c3 5667ed0f168aed8dd957d146f089c52bed11d643fa1e2658cece395277e13a9e
SERVER_TRAFFIC_SECRET_0 6781fb65acd3766a132489a3cd43e5165f1bee53067e224225c33745502617c3 668ac84a1b624e272ff5ad21b759901b6c62cd732683a27e9fa774c71b95390b
EXPORTER_SECRET 6781fb65acd3766a132489a3cd43e5165f1bee53067e224225c33745502617c3 add650d24c16edb2c578192bfbe166b03e7685c2f5e108f72643780b5850d541
CLIENT_HANDSHAKE_TRAFFIC_SECRET 912f5c7b9042ecbae993e6ebbd60e51258632f991b9a3ce7ee6619b384d98779 1a9923479b0508601ff154b4a3955d692bfba26293c549ec4bbc885fde02fa8e
SERVER_HANDSHAKE_TRAFFIC_SECRET 912f5c7b9042ecbae993e6ebbd60e51258632f991b9a3ce7ee6619b384d98779 7c02618b358dfa550e243e33122884f2e5ff2494970a063f25301132578281b3
CLIENT_TRAFFIC_SECRET_0 912f5c7b9042ecbae993e6ebbd60e51258632f991b9a3ce7ee6619b384d98779 38505b8f6a78200fb4cdb26121c872929ad2f7e23c157912ad9695762fed0c45
SERVER_TRAFFIC_SECRET_0 912f5c7b9042ecbae993e6ebbd60e51258632f991b9a3ce7ee6619b384d98779 71cd8e008133e5265fc0e993df3081071bdcaf1441770ae1ba0d28afea07183a
EXPORTER_SECRET 912f5c7b9042ecbae993e6ebbd60e51258632f991b9a3ce7ee6619b384d98779 cb6578112ee7636c95fe70eef93604b6bd3413af065410a79c38a725116548a3
CLIENT_HANDSHAKE_TRAFFIC_SECRET 94981755735ba9bd6a0af4c89bff0647e3e014ce6399d6e5b89dd5685ce50dac 229c50bcb496c7882e7b7634bf620450ed24ac8c52a9545923a47001de80334a
SERVER_HANDSHAKE_TRAFFIC_SECRET 94981755735ba9bd6a0af4c89bff0647e3e014ce6399d6e5b89dd5685ce50dac 63a2343ea418bebf65cc61c1e9cd7bcfcfc964177f464c4a6a2a88d686ad06c5
CLIENT_TRAFFIC_SECRET_0 94981755735ba9bd6a0af4c89bff0647e3e014ce6399d6e5b89dd5685ce50dac cb8a6374005cb110ffddd8c35d6004602c6ff6283361a0517f319a04e8aeba88
SERVER_TRAFFIC_SECRET_0 94981755735ba9bd6a0af4c89bff0647e3e014ce6399d6e5b89dd5685ce50dac bc21e8371c80297b966721b036eb135b91970b30fe1fce842cd7ed58771eed65
EXPORTER_SECRET 94981755735ba9bd6a0af4c89bff0647e3e014ce6399d6e5b89dd5685ce50dac 4ff831e30d22efdeb74dcfbf2ce8363bd09464738d7a99c172fe17d7a1c02780
