CLIENT_HANDSHAKE_TRAFFIC_SECRET 62332c6ce956c2db3245a01b13a6c72f8304fdca5f3d854803694df3ad5c1689 f4253c2692ba4778e69ccb084a218b4dd430235b8f04fee1587d834001c17403
SERVER_HANDSHAKE_TRAFFIC_SECRET 62332c6ce956c2db3245a01b13a6c72f8304fdca5f3d854803694df3ad5c1689 693f96d8ec774df0afcc25fb0226ccb030fd49d3f9d34324fde7ba0227cc12ba
CLIENT_TRAFFIC_SECRET_0 62332c6ce956c2db3245a01b13a6c72f8304fdca5f3d854803694df3ad5c1689 e9f6e179b85735154b19360e6ecdb057b071cc47b041eb06f2e9254eb2771d37
SERVER_TRAFFIC_SECRET_0 62332c6ce956c2db3245a01b13a6c72f8304fdca5f3d854803694df3ad5c1689 8bc29fb679e6466b57c9a19cfd615be27c2cac9d9dd48f68302e6600a811dded
EXPORTER_SECRET 62332c6ce956c2db3245a01b13a6c72f8304fdca5f3d854803694df3ad5c1689 bc9b3cb1599fd3149f13c73e7905e8027a2847eb098f9e646300480ff9edcaf9
CLIENT_HANDSHAKE_TRAFFIC_SECRET 1dcb62559a5cece84fa1e21e391367dcf010c1d79a4e17f82b58fd65c955bf3c cabf95f14a65becb0731fa74a1673b7c2c74ac911f649628f6fea29f226b4a0a
SERVER_HANDSHAKE_TRAFFIC_SECRET 1dcb62559a5cece84fa1e21e391367dcf010c1d79a4e17f82b58fd65c955bf3c 9bd3292651d9822e86c1da6f294455230eae70b91bc6e8b69518584d6a85d947
CLIENT_TRAFFIC_SECRET_0 1dcb62559a5cece84fa1e21e391367dcf010c1d79a4e17f82b58fd65c955bf3c b65a364de4b589de395458ed56798b9d9308cda6e3d4f34fde3112455b11b33b
SERVER_TRAFFIC_SECRET_0 1dcb62559a5cece84fa1e21e391367dcf010c1d79a4e17f82b58fd65c955bf3c 1c85d7c4f7baf99a559a8d79109bb4a57cdf241cc2e5f19c05d9c878d161ed1b
EXPORTER_SECRET 1dcb62559a5cece84fa1e21e391367dcf010c1d79a4e17f82b58fd65c955bf3c cee501a76c2aa213a1ab4963225da64117209f82e9e2710af0859b8bad267a56
CLIENT_HANDSHAKE_TRAFFIC_SECRET 2da48b48e56a69758eaff917a330b6337d6b9e27871dfdb070cf810778e8e56a ca67ca88cd54a2016faf95a79abcbc933739d29d2a3297c08350d5355cf89627
SERVER_HANDSHAKE_TRAFFIC_SECRET 2da48b48e56a69758eaff917a330b6337d6b9e27871dfdb070cf810778e8e56a a45fbc9b43efe30c03710ab80368ba23374235016c41dcd0585ed7160bc830c5
CLIENT_TRAFFIC_SECRET_0 2da48b48e56a69758eaff917a330b6337d6b9e27871dfdb070cf810778e8e56a 3498b64fa7f2f2d67d3d3527fa4a4d98761938529142f4513a045005e666eeba
SERVER_TRAFFIC_SECRET_0 2da48b48e56a69758eaff917a330b6337d6b9e27871dfdb070cf810778e8e56a 9d817aeb02d4688e8b918aba32aea706573f3af089939325dc477be7a59b6ba4
EXPORTER_SECRET 2da48b48e56a69758eaff917a330b6337d6b9e27871dfdb070cf810778e8e56a 1c9338ccbd144532cad636b5d814101066f413682ae14f76300ef91431f039ca
CLIENT_HANDSHAKE_TRAFFIC_SECRET b84b391d064906a2796382a4b391bad136a6fa8db801b4bc306fe88f4bbeb541 a9dd8f1548b0d1e2cf662d475dee1c2293fdd1d202f5f3797aae052663edc091
SERVER_HANDSHAKE_TRAFFIC_SECRET b84b391d064906a2796382a4b391bad136a6fa8db801b4bc306fe88f4bbeb541 de31b87bb3b6765abc95bf6fe3b3cad620bf90e25caf17a2d8b687f2547811ad
CLIENT_TRAFFIC_SECRET_0 b84b391d064906a2796382a4b391bad136a6fa8db801b4bc306fe88f4bbeb541 9dc73047131c50eda7a5f446ed9a5e21909f2d5ad2c4c0d02e97c3a95fd2af28
SERVER_TRAFFIC_SECRET_0 b84b391d064906a2796382a4b391bad136a6fa8db801b4bc306fe88f4bbeb541 0f25637fcf705f04cda178b8bbe0c08923e16616800625459855ecd14b1ecbf1
EXPORTER_SECRET b84b391d064906a2796382a4b391bad136a6fa8db801b4bc306fe88f4bbeb541 5715df112fc3d889ff8f425e7b77e6338023d7c50d5b2e760dcb48d661b12e93
CLIENT_HANDSHAKE_TRAFFIC_SECRET 284039d65ecc3a07803f6e2998d9da1e69f558566c2d86a8aaec08b8e087f204 ac948731bb642a921b3fbe0722d62e8c87a1c6d38aba507cf183a674f1593751
SERVER_HANDSHAKE_TRAFFIC_SECRET 284039d65ecc3a07803f6e2998d9da1e69f558566c2d86a8aaec08b8e087f204 2aa761d24ccf135d46a8835e5cabf39cab64792f67d3ab372f35ada234031e1a
CLIENT_TRAFFIC_SECRET_0 284039d65ecc3a07803f6e2998d9da1e69f558566c2d86a8aaec08b8e087f204 13c141cdff349f2cafb32e35d8f65bd3a0cd84ba37eeaca973392fe8a1b49453
SERVER_TRAFFIC_SECRET_0 284039d65ecc3a07803f6e2998d9da1e69f558566c2d86a8aaec08b8e087f204 905966492c83e3431ba6a3cf1c433b305bf3f426101cbae040b99bfc837a6e49
EXPORTER_SECRET 284039d65ecc3a07803f6e2998d9da1e69f558566c2d86a8aaec08b8e087f204 99f527aa126414b5bd124a273c7f0b562c1fad62d560adf3e39a4a7eaa7bbb52
CLIENT_HANDSHAKE_TRAFFIC_SECRET 768f8c69bb69154230677804cff1b177044b60d8c35c7995860ddb9e4332a899 1de1e4c71a7c8c30055779c7d97c7e3d964677b12faa47407eb574dba688404f
SERVER_HANDSHAKE_TRAFFIC_SECRET 768f8c69bb69154230677804cff1b177044b60d8c35c7995860ddb9e4332a899 93bceed95babaab981bf52ac1ffdcd7fdca3d58a853e7db8797de9032b8d336c
CLIENT_TRAFFIC_SECRET_0 768f8c69bb69154230677804cff1b177044b60d8c35c7995860ddb9e4332a899 3ec1a3ac7f523e7ec4911da6a73978e3344e80b91ed5fb84f92f7badd1311bc6
SERVER_TRAFFIC_SECRET_0 768f8c69bb69154230677804cff1b177044b60d8c35c7995860ddb9e4332a899 66e65a1ef9971e972e33ae5d954d86a1e82c40b492f8dd87e3c5f265e3e4bce9
EXPORTER_SECRET 768f8c69bb69154230677804cff1b177044b60d8c35c7995860ddb9e4332a899 c05bf71cf0c1187de14194a2f455fcd5dfaa23d5e0562696fe8d1a74175f53cb
CLIENT_HANDSHAKE_TRAFFIC_SECRET 965db7a16de5227db86b2b6bf611ebc69fd8ca37dff23dabffe7d906f4d624b8 8e74b7d26cc5607851ff1b6777573651f6dbd9f2e1a96de08e32e8591576fe9f
SERVER_HANDSHAKE_TRAFFIC_SECRET 965db7a16de5227db86b2b6bf611ebc69fd8ca37dff23dabffe7d906f4d624b8 81baec8b818813f540ae701367cddbc03a4b09fe90cd0d4f10c3d597ba490f04
CLIENT_HANDSHAKE_TRAFFIC_SECRET d4072e88c49456fc8692b3778ee4f08e077850cd3dcb14e2346b6b649af656cc bc0fceaeb87cb8c2e312a7bfddc42f04cdff8969981e4e9b8181616775f28e73
SERVER_HANDSHAKE_TRAFFIC_SECRET d4072e88c49456fc8692b3778ee4f08e077850cd3dcb14e2346b6b649af656cc 7325ec3a6deb31769f1950c39ce0fb9cf12297083b82c43d51acd29f199e3780
CLIENT_TRAFFIC_SECRET_0 965db7a16de5227db86b2b6bf611ebc69fd8ca37dff23dabffe7d906f4d624b8 3ba4877242f264daf0b16c97b43736ee4f989cff738af4b1ec2ec94ef017adb9
SERVER_TRAFFIC_SECRET_0 965db7a16de5227db86b2b6bf611ebc69fd8ca37dff23dabffe7d906f4d624b8 2bc67049196a6bb7e848f47e5d19929e15a5fdb7de4793d7e002ea3aed1486d2
EXPORTER_SECRET 965db7a16de5227db86b2b6bf611ebc69fd8ca37dff23dabffe7d906f4d624b8 c9ca093d182cdc42df983f151addb6388ae7b9f3971ec7edf9bb8dd8a49fadca
CLIENT_TRAFFIC_SECRET_0 d4072e88c49456fc8692b3778ee4f08e077850cd3dcb14e2346b6b649af656cc 3b09167bcd545b9843e3bedf66f3cb3bffedff071ce5bb7697803faf82b3f636
SERVER_TRAFFIC_SECRET_0 d4072e88c49456fc8692b3778ee4f08e077850cd3dcb14e2346b6b649af656cc 76d03cd9b7e7132eb4dd940a6e383e7f555aa9e8e8ba5a602d5d04ad8c3661a0
EXPORTER_SECRET d4072e88c49456fc8692b3778ee4f08e077850cd3dcb14e2346b6b649af656cc b006f59cfe15b50e92ad6a5f26d7c4d77f3ee05218a4b35c29a399f7848f257e
CLIENT_HANDSHAKE_TRAFFIC_SECRET 5002a74e68b08571dc0d3425bc99ccdd819b60ef4b116d707f4faaf8b47c888f ae31f57b8cf146133642716c3832a4552cbc5b02c295fc020b62540a0661f00c
SERVER_HANDSHAKE_TRAFFIC_SECRET 5002a74e68b08571dc0d3425bc99ccdd819b60ef4b116d707f4faaf8b47c888f 4c410c9fd9e37f5fd2b800e7c4a5e3345dffb872405f7dbf6054527a963e83b2
CLIENT_TRAFFIC_SECRET_0 5002a74e68b08571dc0d3425bc99ccdd819b60ef4b116d707f4faaf8b47c888f c33f893649be77c029cc0ca9910e1a2bb1d3c2fb856e17d2719c16bd7452c9b0
SERVER_TRAFFIC_SECRET_0 5002a74e68b08571dc0d3425bc99ccdd819b60ef4b116d707f4faaf8b47c888f 299f10ccc1860e8f089bd6dbecf57018c9b347b2ab5200e4acca3adb65512789
EXPORTER_SECRET 5002a74e68b08571dc0d3425bc99ccdd819b60ef4b116d707f4faaf8b47c888f 184ce0706d5fff8db41d579ad668ab5ec9708bdc20a3b63c5e4d1546fabcd392
CLIENT_HANDSHAKE_TRAFFIC_SECRET 31cbd62902f509a0f2668aec6b13810037d9ed85bc52ac14d8b1bfb7410212cd a0a27376cb69acbb91a8ec6f5ce50a709dc4d44f2525d55138c63b72def254c2
SERVER_HANDSHAKE_TRAFFIC_SECRET 31cbd62902f509a0f2668aec6b13810037d9ed85bc52ac14d8b1bfb7410212cd e8bb58dea6e3dd058db6e134b643a2fad64c5a16a38b60de2e1a4f30ca06a261
CLIENT_TRAFFIC_SECRET_0 31cbd62902f509a0f2668aec6b13810037d9ed85bc52ac14d8b1bfb7410212cd 81fc8d919e5d116c81076097216c87b835caca4aee974e41c4efc70625df14f5
SERVER_TRAFFIC_SECRET_0 31cbd62902f509a0f2668aec6b13810037d9ed85bc52ac14d8b1bfb7410212cd 476ba5c7d30bf681d317c86cd7d7c8cbeb8559fd44d1e53e212be6362eb29ef7
EXPORTER_SECRET 31cbd62902f509a0f2668aec6b13810037d9ed85bc52ac14d8b1bfb7410212cd 957888275685670721b300e96080e584ea4d91d787870b7f78068eaa89ecc86c
CLIENT_HANDSHAKE_TRAFFIC_SECRET b885b3b08eea23d1dd13a73dec0351732a7eae4f3e4499463bedd8aa568a6949 22af2fbfde0c633fcfac386cc192dbe89c719ec97ec44b43384263f60cd4fde3
SERVER_HANDSHAKE_TRAFFIC_SECRET b885b3b08eea23d1dd13a73dec0351732a7eae4f3e4499463bedd8aa568a6949 b46470cb1aa18340d0390e2ae12712bf17c7df7230c9c6cf80db53b1a2a58ce2
CLIENT_HANDSHAKE_TRAFFIC_SECRET f0ad1c7b3325db64594ffb96ab7ead8accb6af5c6a7782ad89981fffbbc496af 813c6889b52e366dcac111ed83fef6be80694a21f055ddbb5dbcd816e8dcbcc0
SERVER_HANDSHAKE_TRAFFIC_SECRET f0ad1c7b3325db64594ffb96ab7ead8accb6af5c6a7782ad89981fffbbc496af 548322cf1deaf80312b932b4f41d5cedfd706c388671f4e04b1427bf756fd3f6
CLIENT_TRAFFIC_SECRET_0 b885b3b08eea23d1dd13a73dec0351732a7eae4f3e4499463bedd8aa568a6949 684da0ced0d6a80484ffb3b212a8a14ee6002644d4620a9a90a77c87435d26fd
SERVER_TRAFFIC_SECRET_0 b885b3b08eea23d1dd13a73dec0351732a7eae4f3e4499463bedd8aa568a6949 c48cbe3f960ea05de04b423f7153d3ab99f9f87b108d64fc7b9aebe65be453cd
EXPORTER_SECRET b885b3b08eea23d1dd13a73dec0351732a7eae4f3e4499463bedd8aa568a6949 3428f2bb8a4a55ef951b877c8dc5f78b3e0edc1d084e98b67ca1919acda88711
CLIENT_TRAFFIC_SECRET_0 f0ad1c7b3325db64594ffb96ab7ead8accb6af5c6a7782ad89981fffbbc496af 94aebf6600ac537cb53abf3e3b68efee917329ac8e12bccfcf5d392d01e6b8bb
SERVER_TRAFFIC_SECRET_0 f0ad1c7b3325db64594ffb96ab7ead8accb6af5c6a7782ad89981fffbbc496af 23155d46174fa84dd7df29f0a337f6372ed31cdbe92db7f4cd471512e2d2f276
EXPORTER_SECRET f0ad1c7b3325db64594ffb96ab7ead8accb6af5c6a7782ad89981fffbbc496af a4bc23cad904772fcf3e8363b89649dc3d38506559376016f63eceab961960f0
CLIENT_HANDSHAKE_TRAFFIC_SECRET 88eaad794bbcdb5c0196fd9c16ef32ebc588f6dc7b8d1d442799a267cc93e48f 09314646fb32395830c38f1337fdf5202000baf579d4f3ebf5ff4edecfc3e59f
SERVER_HANDSHAKE_TRAFFIC_SECRET 88eaad794bbcdb5c0196fd9c16ef32ebc588f6dc7b8d1d442799a267cc93e48f adeedf342370fde3899a4f6e40fe4697cbfb61a0be9c84b667fc70f16d0e1a55
CLIENT_TRAFFIC_SECRET_0 88eaad794bbcdb5c0196fd9c16ef32ebc588f6dc7b8d1d442799a267cc93e48f cd868683ca0bdcd0a18ccc86adb77f2ebb8b4f59c9203c3ff6806faabdd6953e
SERVER_TRAFFIC_SECRET_0 88eaad794bbcdb5c0196fd9c16ef32ebc588f6dc7b8d1d442799a267cc93e48f 0e0344e55da098ceef62cd5f40b43f327e23f4a92a7796f6c309ed837628d2f7
EXPORTER_SECRET 88eaad794bbcdb5c0196fd9c16ef32ebc588f6dc7b8d1d442799a267cc93e48f 43c806d83224dc15da4362071878c53e0ef345da251681ad9b151c224d5d5802
CLIENT_HANDSHAKE_TRAFFIC_SECRET 4623505491553a7fad6dba5b7ef9abb595650e16f0af8a47afdcfe08a58710a8 8579755bad6f715e4b8c0abf05a31e0aab47856ad4c8b7d3b95e8a943ef519de
SERVER_HANDSHAKE_TRAFFIC_SECRET 4623505491553a7fad6dba5b7ef9abb595650e16f0af8a47afdcfe08a58710a8 9afd5670cfeebca364cccdd21787ced4241159835b463de635b2377639ddb84e
CLIENT_TRAFFIC_SECRET_0 4623505491553a7fad6dba5b7ef9abb595650e16f0af8a47afdcfe08a58710a8 f9e001615576d58ab447d30c391b345ee6aaf004c956d6978c0660830dc27a50
SERVER_TRAFFIC_SECRET_0 4623505491553a7fad6dba5b7ef9abb595650e16f0af8a47afdcfe08a58710a8 a9fa140ddbd331b389a81a792fe52e2e14753206606817f17c0177054b0f1b32
EXPORTER_SECRET 4623505491553a7fad6dba5b7ef9abb595650e16f0af8a47afdcfe08a58710a8 793e7951961a49fe31b792263fdc2c93739f3e7c2ea06ff3172bb00947271c05
CLIENT_HANDSHAKE_TRAFFIC_SECRET 00cfb63962e602d2c489b19feabb9fe9bab6d71f5d7043238c305a44a29f0e68 3d601b084a8a2a87aed13d82d6a544c8cc38444c40f7ac80eaa0ef7960b424d9
SERVER_HANDSHAKE_TRAFFIC_SECRET 00cfb63962e602d2c489b19feabb9fe9bab6d71f5d7043238c305a44a29f0e68 26de107c904ca6284cb092a9d6430b0039b53b2114508bf18a820d30b6a9cf33
CLIENT_TRAFFIC_SECRET_0 00cfb63962e602d2c489b19feabb9fe9bab6d71f5d7043238c305a44a29f0e68 e9048efb422829c6c86bd774ed87585365a68111c612be63712c878daa82fb79
SERVER_TRAFFIC_SECRET_0 00cfb63962e602d2c489b19feabb9fe9bab6d71f5d7043238c305a44a29f0e68 469e3d44c29e769c14e494a147ccc43bf6b38f0c06285cf771c87d8b9d90aac6
EXPORTER_SECRET 00cfb63962e602d2c489b19feabb9fe9bab6d71f5d7043238c305a44a29f0e68 bef8cea0dc41312cd4885e3312a9257fb06984445feb4fb433cae5bd1bb03f32
CLIENT_HANDSHAKE_TRAFFIC_SECRET dd8da2fc1a0b578ba35b68a67a18ab237f24d894ad0f8cdef4aaf85699c70968 14de2242db998e11aecab0b90b75bf54631e6fc44bb557e948ec423568b27c2f
SERVER_HANDSHAKE_TRAFFIC_SECRET dd8da2fc1a0b578ba35b68a67a18ab237f24d894ad0f8cdef4aaf85699c70968 e776f44b679d52a6a7a39272cc63088f3f9bc5a748f1a38f3c53bf2a71902120
CLIENT_TRAFFIC_SECRET_0 dd8da2fc1a0b578ba35b68a67a18ab237f24d894ad0f8cdef4aaf85699c70968 55ec323e80a57af2ec3154f4e5f0fddef488f1e4c32bc77d78df4a4014cfc5a2
SERVER_TRAFFIC_SECRET_0 dd8da2fc1a0b578ba35b68a67a18ab237f24d894ad0f8cdef4aaf85699c70968 9b1e23be7e239fa1243744483a251bbfa692361dccb1cd53a0563d9e3280fb4c
EXPORTER_SECRET dd8da2fc1a0b578ba35b68a67a18ab237f24d894ad0f8cdef4aaf85699c70968 3a40601346e6e68277cee891445f57d5b45d20b641450c8b466d1c6d46aa88ad
CLIENT_HANDSHAKE_TRAFFIC_SECRET 4ac85bf569eda937929975ff58129a0f87b47756736c56b57a80033437090bc0 f230f2fa5dccb97104038db6db75288d508a7cd1e6389e0711f94742579465b0
SERVER_HANDSHAKE_TRAFFIC_SECRET 4ac85bf569eda937929975ff58129a0f87b47756736c56b57a80033437090bc0 1a4685e2b165a6fd6f872791c6429e2ff0278b73b893d7740be0f91be05573b5
CLIENT_TRAFFIC_SECRET_0 4ac85bf569eda937929975ff58129a0f87b47756736c56b57a80033437090bc0 3314ebb1af7ddd9d5c04f48ed8a71ad51f80571eb14bbea1c8d6fc9c3d579328
SERVER_TRAFFIC_SECRET_0 4ac85bf569eda937929975ff58129a0f87b47756736c56b57a80033437090bc0 8dc08675265970f8ff8922799448c64f9e829a4ecf2ee4acc41b39b11db50fa2
EXPORTER_SECRET 4ac85bf569eda937929975ff58129a0f87b47756736c56b57a80033437090bc0 85679a7ca07484bacc41ab4a1c9d67177eeb54743112eeeb39e48a87b4c51290
CLIENT_HANDSHAKE_TRAFFIC_SECRET 133222325e012dc101540d83a10f0495c9862f3cdbc1ea1a30f5e76e619de4ef 000b3d53d0be1a4653bc59bb6cce6513868f440e2f7cefe5d9429c20a7a7beeb
SERVER_HANDSHAKE_TRAFFIC_SECRET 133222325e012dc101540d83a10f0495c9862f3cdbc1ea1a30f5e76e619de4ef 4d9b3f324835cfe2d60ac26c810ebe6d7c8b72c4795e04cf2a37b4a925b2aa87
CLIENT_TRAFFIC_SECRET_0 133222325e012dc101540d83a10f0495c9862f3cdbc1ea1a30f5e76e619de4ef 5f073752b7542b65398a26bdce9f53f76078b47c1de8f8e78b1b7406769de378
SERVER_TRAFFIC_SECRET_0 133222325e012dc101540d83a10f0495c9862f3cdbc1ea1a30f5e76e619de4ef b1e36f8bc99df4f01d6221ed31fc698b9a8b33e1187351764e7cdf5d003c67ea
EXPORTER_SECRET 133222325e012dc101540d83a10f0495c9862f3cdbc1ea1a30f5e76e619de4ef 0bbc9f2df9dad48d286bb95595db2828c3aa1791cee9937d4c4711e63434858a
CLIENT_HANDSHAKE_TRAFFIC_SECRET 32940462a5d19ee56088a8175f0bbebf0fc4fd28a1a5478d4d907755f49df80b be8baaf33b969299cb40802921c862cacfbe59a67b6a1a53ffd4e3c742c3e877
SERVER_HANDSHAKE_TRAFFIC_SECRET 32940462a5d19ee56088a8175f0bbebf0fc4fd28a1a5478d4d907755f49df80b 9edbbb525f74a7d4f2c13d3323ed99a7c2eb1048a90a6f604d16cfe64a0525ec
CLIENT_TRAFFIC_SECRET_0 32940462a5d19ee56088a8175f0bbebf0fc4fd28a1a5478d4d907755f49df80b 22c95d2d84046eb1820a04ac422581ade85a8515ea684765b7eb461ce9221671
SERVER_TRAFFIC_SECRET_0 32940462a5d19ee56088a8175f0bbebf0fc4fd28a1a5478d4d907755f49df80b 159603c43b4140f6908812b83b71cabae4601fae2c0095fd9645b365263a6969
EXPORTER_SECRET 32940462a5d19ee56088a8175f0bbebf0fc4fd28a1a5478d4d907755f49df80b ca35696da66938710daa4282441f3cb73e60444bc3733a9bd692c6ef65476d60
CLIENT_HANDSHAKE_TRAFFIC_SECRET f7d11e4441186cbf6514cc97b37a2066c10025e3dc1b4fa6775f68800b698542 8c3a67f0e18dda6a309f516d124c95477691075da751780d7d5abc75635a8132
SERVER_HANDSHAKE_TRAFFIC_SECRET f7d11e4441186cbf6514cc97b37a2066c10025e3dc1b4fa6775f68800b698542 30113425046251a86dc9cc96f9a89118d9c772b815196b233cbc4cdd0b3bc8fd
CLIENT_TRAFFIC_SECRET_0 f7d11e4441186cbf6514cc97b37a2066c10025e3dc1b4fa6775f68800b698542 75fe6e4c0f7d4938fa9b1eedcd527e040811f126d0c2078271b19133ede0cec4
SERVER_TRAFFIC_SECRET_0 f7d11e4441186cbf6514cc97b37a2066c10025e3dc1b4fa6775f68800b698542 32f8f965c382f3b9cf1dadc6768f8b99846f442b0733e199ddda77e1d5d18e73
EXPORTER_SECRET f7d11e4441186cbf6514cc97b37a2066c10025e3dc1b4fa6775f68800b698542 fdf055efe2bf6d8dac43e7e6604d70b603fd710dc97278222117a481c5dad762
CLIENT_HANDSHAKE_TRAFFIC_SECRET 510ab7b2448e342e5a98dd581ab2dc7a2b76fdb40d15f728c73f4c317baee82b a5c0183b07de8c28690c2ffec6b09d373ad539ee211d0b5c996c7624537b787e
SERVER_HANDSHAKE_TRAFFIC_SECRET 510ab7b2448e342e5a98dd581ab2dc7a2b76fdb40d15f728c73f4c317baee82b 026ffac14a8433c3e0cf8ad48e7caa443cfbefee261d1ee167b27b10f89c9efd
CLIENT_TRAFFIC_SECRET_0 510ab7b2448e342e5a98dd581ab2dc7a2b76fdb40d15f728c73f4c317baee82b 5390f1877e6a435958eb62c62e3ba0a0b8737f43231b3fc2e0acb95b4cc37c78
SERVER_TRAFFIC_SECRET_0 510ab7b2448e342e5a98dd581ab2dc7a2b76fdb40d15f728c73f4c317baee82b 3a480ea3d9a2f9fdfcf47e98ea940eefd06dda7399ea3b47234e907be3e75765
EXPORTER_SECRET 510ab7b2448e342e5a98dd581ab2dc7a2b76fdb40d15f728c73f4c317baee82b 759ab0aa204b156680e5e57503430cafcd6bf8a8cb0bf6f35e43128e3fe8847f
CLIENT_HANDSHAKE_TRAFFIC_SECRET 147cc3b0d6da369282b0a6f0f153d60ac0422473018638ae87c7d09897d1ad89 59907b10d65fd85484427b2b07001c18cc8710a9bacf185df6210b7cfca84360
SERVER_HANDSHAKE_TRAFFIC_SECRET 147cc3b0d6da369282b0a6f0f153d60ac0422473018638ae87c7d09897d1ad89 446a082910ea59de2fb4845df7e69fe044ec990e255927afc3732356e8d9fa46
CLIENT_TRAFFIC_SECRET_0 147cc3b0d6da369282b0a6f0f153d60ac0422473018638ae87c7d09897d1ad89 c23b4117b655979af3a5ffe5d4dc7c40cf621a4ad25cb25952df480062c7aa8a
SERVER_TRAFFIC_SECRET_0 147cc3b0d6da369282b0a6f0f153d60ac0422473018638ae87c7d09897d1ad89 b24bc14576bb4cb7e088305d85c551a74968980a114ee018008801a5a036ed1c
EXPORTER_SECRET 147cc3b0d6da369282b0a6f0f153d60ac0422473018638ae87c7d09897d1ad89 ea9002c50434b1ebe9a49130da433f6e3e3dc4ab0fdca1c4881bbf6e7a5a941f
CLIENT_HANDSHAKE_TRAFFIC_SECRET 27c63cbc069e34b8733aaac939d74a0a85b8f3eb2de3bdd15e1699b1a025b318 dda0357149ca1b27a35f5542e74c86b34865ec2bf032dd33d1bf631ea635fcd4
SERVER_HANDSHAKE_TRAFFIC_SECRET 27c63cbc069e34b8733aaac939d74a0a85b8f3eb2de3bdd15e1699b1a025b318 71b754d06db5c23b922b4cbad8820efcf7c6a7233df8fcb0259c82e81808da9c
CLIENT_TRAFFIC_SECRET_0 27c63cbc069e34b8733aaac939d74a0a85b8f3eb2de3bdd15e1699b1a025b318 47d96e2892a77c55c0870e992e6625e861386742357df0c7d85e6e4b52da1f08
SERVER_TRAFFIC_SECRET_0 27c63cbc069e34b8733aaac939d74a0a85b8f3eb2de3bdd15e1699b1a025b318 fdb499da73063c54229b1d3cc2307c706fa962c9af96fcba24aaaf60ec7d3ce1
EXPORTER_SECRET 27c63cbc069e34b8733aaac939d74a0a85b8f3eb2de3bdd15e1699b1a025b318 5f49328c8d3cf930fce737d90bd2b06d1640065698a4c3a3f1b6ad30982a5719
CLIENT_HANDSHAKE_TRAFFIC_SECRET e7bcb2ed090bb8c88748c81b387172f8819128fe88ddd84d06d435480090d45b f60d42a43c0192d08df63d93c2413af156034baafee6f05cb23b6c8132a2f04f
SERVER_HANDSHAKE_TRAFFIC_SECRET e7bcb2ed090bb8c88748c81b387172f8819128fe88ddd84d06d435480090d45b ef89c583081d474e95087f3d01693fb4368ed3d8dd0634df1cbf69eac617fd1b
CLIENT_TRAFFIC_SECRET_0 e7bcb2ed090bb8c88748c81b387172f8819128fe88ddd84d06d435480090d45b 13b6752ffe5f44825ac06959034e5063d0d21436d21403fc411608c8a6cc2dac
SERVER_TRAFFIC_SECRET_0 e7bcb2ed090bb8c88748c81b387172f8819128fe88ddd84d06d435480090d45b 81ad70ebdb1129c97ce0cbaa2dafa6f18b0f6340b53a36927c41d66b65e12f23
EXPORTER_SECRET e7bcb2ed090bb8c88748c81b387172f8819128fe88ddd84d06d435480090d45b 00f16c72b7287abc8db8b1ad30f2fbeb90a30071281e565568f5e8635681df49
CLIENT_RANDOM 59722617b63f36d447b2a35ce7e548596b4c46532eff07957cf0d7c8b48520a7 61a8376da59d38f72d8a853a401bf1e25c1f3f4ed0fba5e6305983da4d25ddd632d0bf7cfa4bac8240be284e786c7111
