CLIENT_RANDOM 6666e65425a064a7b1fd9ad220d75df66dac8023029910861b1442521febd04c ad2de3978ff766b0c38b320d2c65037e459d48f710bf1d095ffa7f2fa52cac41447037963750d3400d2fcc57c7079b0a
CLIENT_RANDOM f6e2a3f305da7de8bf788c5da8db3526a24ce1a98a1517b96e1fb42db5e76e52 ad2de3978ff766b0c38b320d2c65037e459d48f710bf1d095ffa7f2fa52cac41447037963750d3400d2fcc57c7079b0a
CLIENT_RANDOM ce1be01bfc1663867348523fa3a7e13fdfbd674e045fe38d5291d95b3379ef68 ad2de3978ff766b0c38b320d2c65037e459d48f710bf1d095ffa7f2fa52cac41447037963750d3400d2fcc57c7079b0a
CLIENT_RANDOM 00ef2a32aa664374b9e59994911b7223600d707bdd4e021efe973644aa57a3f8 ad2de3978ff766b0c38b320d2c65037e459d48f710bf1d095ffa7f2fa52cac41447037963750d3400d2fcc57c7079b0a
CLIENT_RANDOM f71f19f9f2665e007c325897839b3720af8494412312eee3155abadc14d79103 ad2de3978ff766b0c38b320d2c65037e459d48f710bf1d095ffa7f2fa52cac41447037963750d3400d2fcc57c7079b0a
CLIENT_RANDOM 93755d436572dbc39b2f72445dca1142777170703df907ec1f36789ac960b15f ad2de3978ff766b0c38b320d2c65037e459d48f710bf1d095ffa7f2fa52cac41447037963750d3400d2fcc57c7079b0a
CLIENT_HANDSHAKE_TRAFFIC_SECRET af0eb547ae24256e5dad902d09a8b53ae21c10126998309b66ea34bf5921a203 eadfae3adcf05b2afd3339c75219a7cb0b316df194b4788386c51efee36746bf
SERVER_HANDSHAKE_TRAFFIC_SECRET af0eb547ae24256e5dad902d09a8b53ae21c10126998309b66ea34bf5921a203 12915f95c852fce9aa5bdf255654579312ae677ea3feb8311fa500e672ecf445
CLIENT_TRAFFIC_SECRET_0 af0eb547ae24256e5dad902d09a8b53ae21c10126998309b66ea34bf5921a203 47fef1f0e14383976e5782b1dfa38daf5b843c4577096f7383331ee284371a1b
SERVER_TRAFFIC_SECRET_0 af0eb547ae24256e5dad902d09a8b53ae21c10126998309b66ea34bf5921a203 d2b15a15063be1696b818a76bfc8e8dd4bcc8f83c1591843deecd7faaca541bc
EXPORTER_SECRET af0eb547ae24256e5dad902d09a8b53ae21c10126998309b66ea34bf5921a203 645402405d1861be8717d27b49ee2a35aa7827b075b4db72f4434e80df0f9157
CLIENT_HANDSHAKE_TRAFFIC_SECRET 3077361f1978118031c379fa13ea03cc9aff2d81cfbae5fd5641192049d041d1 edc393b51e16a9f48448d1aec999766c45fe05d2a537c30ce355f02c6007a200
SERVER_HANDSHAKE_TRAFFIC_SECRET 3077361f1978118031c379fa13ea03cc9aff2d81cfbae5fd5641192049d041d1 70c55555d676b48ddea87d7bc261319f7692ff9cc9403c4a37554acbabf1c90a
CLIENT_HANDSHAKE_TRAFFIC_SECRET 40964454ea39c3daf73f073c0167eb7e420a56cd9ed7cb6b7ae455a9e3545ea8 cc79888ee174493f4bf5636439ecbd812fd268473bb7a41649e1a2331b0a7358
SERVER_HANDSHAKE_TRAFFIC_SECRET 40964454ea39c3daf73f073c0167eb7e420a56cd9ed7cb6b7ae455a9e3545ea8 cb4221b6fecf25b175c5a6cac06d1d2ded65233e4fab3af5aeeea9287bcf7868
CLIENT_TRAFFIC_SECRET_0 3077361f1978118031c379fa13ea03cc9aff2d81cfbae5fd5641192049d041d1 744cfaf7d11a2c12a8a42d93f1b4aa1121e68d7f3ac03245bb1ec6245c0c00c7
SERVER_TRAFFIC_SECRET_0 3077361f1978118031c379fa13ea03cc9aff2d81cfbae5fd5641192049d041d1 69f08ee4ec10c7832b997acbe2fb94dff4c68e92345d9936fa8e335d97cf0a19
EXPORTER_SECRET 3077361f1978118031c379fa13ea03cc9aff2d81cfbae5fd5641192049d041d1 e97d27c3c0bfc69b2759ea1b6d0ee94bb0b21833dbf90b78399cc3188324ee85
CLIENT_HANDSHAKE_TRAFFIC_SECRET d6eccb741e854caef839d09f13113004aab190d514314e8a6617935ca0846b16 ba64c3b39da727a9835ce88763e4472273f3089f21e18de1d6875550212efcb7
SERVER_HANDSHAKE_TRAFFIC_SECRET d6eccb741e854caef839d09f13113004aab190d514314e8a6617935ca0846b16 5099d605887af05f9b6a66407f5ee79840e91b6750dbe7ae4dd76a9b9c0141a3
CLIENT_TRAFFIC_SECRET_0 d6eccb741e854caef839d09f13113004aab190d514314e8a6617935ca0846b16 59562aa82d2210b37074b2bcf5e73574ad5431a97896ab594ea94ca58b434136
SERVER_TRAFFIC_SECRET_0 d6eccb741e854caef839d09f13113004aab190d514314e8a6617935ca0846b16 277ad52fc1c8a52f40828895e37fe255108a1049db85d48e3a3bb347f552bcc6
EXPORTER_SECRET d6eccb741e854caef839d09f13113004aab190d514314e8a6617935ca0846b16 76906f7afb67dfc061906657d4abdb5bea68d6008cc0f271687e30df4befa9cb
CLIENT_HANDSHAKE_TRAFFIC_SECRET a18c182e7dc05ff3a8b0c0ba1e8e70b823909c762501a7f959841a7d9ba3dbe6 cc1a1d5b7c25316300e20b4bb5c848ea80017ffa13b132220e247ebbeab6ea77
SERVER_HANDSHAKE_TRAFFIC_SECRET a18c182e7dc05ff3a8b0c0ba1e8e70b823909c762501a7f959841a7d9ba3dbe6 9aae4b0c8a72da8261a2660417e197341aea2d45c6ad555c06d80b3eda77b0d3
CLIENT_TRAFFIC_SECRET_0 a18c182e7dc05ff3a8b0c0ba1e8e70b823909c762501a7f959841a7d9ba3dbe6 3bb06a8be018f73e06052163830dab7ed3bdd5bfb0a49ae05ee551a4641e131d
SERVER_TRAFFIC_SECRET_0 a18c182e7dc05ff3a8b0c0ba1e8e70b823909c762501a7f959841a7d9ba3dbe6 8399cf86485d5fc44a7bc2c3aad356d1b0c26ba442630e8862745dee1e8d9501
EXPORTER_SECRET a18c182e7dc05ff3a8b0c0ba1e8e70b823909c762501a7f959841a7d9ba3dbe6 2628d6d20fa3bb377889ebfaaa4ec37b085ba0270bdc756206ded48fce58f04d
CLIENT_HANDSHAKE_TRAFFIC_SECRET 8da5c25571823bbb4acafa942a9b649ae2581a8490b69d0fcb69e2c6f89890c8 e56bc1a195e520f7d6874f2da2cf889ac1fb2e723824237dcbb01b6539768d35
SERVER_HANDSHAKE_TRAFFIC_SECRET 8da5c25571823bbb4acafa942a9b649ae2581a8490b69d0fcb69e2c6f89890c8 102f4786aa6b20b72e6427885a90d05b02f799e99574ebe3cac4a026014cbd83
CLIENT_HANDSHAKE_TRAFFIC_SECRET ebc09bd359709510bfee29eae6064e695c3cebc68489a7a79ee070262ae1cad2 bdf21182521e288db9228598caf2ca26d882f5a4800c5cad16bd3413e91ccde2
SERVER_HANDSHAKE_TRAFFIC_SECRET ebc09bd359709510bfee29eae6064e695c3cebc68489a7a79ee070262ae1cad2 fed2ef8fd98f81c38582bb4ff228f6e82c7b9a3a73624b4f93bf322f0ce8534d
CLIENT_TRAFFIC_SECRET_0 8da5c25571823bbb4acafa942a9b649ae2581a8490b69d0fcb69e2c6f89890c8 4bc822b7bd02494f0f096e705bce4ddde74c9e1ac2b91a8203945e29785f5bd7
SERVER_TRAFFIC_SECRET_0 8da5c25571823bbb4acafa942a9b649ae2581a8490b69d0fcb69e2c6f89890c8 807fa3edb8b3e22d9c16a715730bd7506ce0bba4a50a29b9d2f32a2bf688dab2
EXPORTER_SECRET 8da5c25571823bbb4acafa942a9b649ae2581a8490b69d0fcb69e2c6f89890c8 a1208801e88c22e0cb16c340601d38819aafe648ef9c919ed74782c7353692de
CLIENT_HANDSHAKE_TRAFFIC_SECRET 0be78d36680a819f53286b8d9d5f9b2edeb1f919a8f831bd1c6e60b26d0b7ae5 e3887b562cd17440f0235c3eb4e4722f7ae40a66536d6015d27872779a61acd9
SERVER_HANDSHAKE_TRAFFIC_SECRET 0be78d36680a819f53286b8d9d5f9b2edeb1f919a8f831bd1c6e60b26d0b7ae5 c1a9922c3c8fc7ef7025890468d4ef7a40201efed5b7459090c8e813052f1734
CLIENT_TRAFFIC_SECRET_0 0be78d36680a819f53286b8d9d5f9b2edeb1f919a8f831bd1c6e60b26d0b7ae5 3fe39a0d8edd16c6a28ea75d4153d002ee1893b67329c686e905a6b686120f38
SERVER_TRAFFIC_SECRET_0 0be78d36680a819f53286b8d9d5f9b2edeb1f919a8f831bd1c6e60b26d0b7ae5 902683931634414062dfe9636ed17edd8be2208208b1ba7bd6a018864548a1c6
EXPORTER_SECRET 0be78d36680a819f53286b8d9d5f9b2edeb1f919a8f831bd1c6e60b26d0b7ae5 66a784386014b7e6e7ebb15cd84303ca51357ac55447fe3f5f5c71e21ed3132b
CLIENT_HANDSHAKE_TRAFFIC_SECRET a5a21136d18d7bbd9c8b7b8f61c0140a84b3e54f0123830a822dd6a52aeac4f7 09176604db328868752e89f4218752586146f658804d03bf58cbab2f2b4e1488
SERVER_HANDSHAKE_TRAFFIC_SECRET a5a21136d18d7bbd9c8b7b8f61c0140a84b3e54f0123830a822dd6a52aeac4f7 a958ce1c9c031558f4648dc320e8ed8750fd3c9564f99f34bd12f179feee213a
CLIENT_TRAFFIC_SECRET_0 a5a21136d18d7bbd9c8b7b8f61c0140a84b3e54f0123830a822dd6a52aeac4f7 86af2abcb989cad8239ec03165975e6fa1e225b17285d70ba3b2d68bff51ddd2
SERVER_TRAFFIC_SECRET_0 a5a21136d18d7bbd9c8b7b8f61c0140a84b3e54f0123830a822dd6a52aeac4f7 d344638dc6190b62a66d272878a31337e41119759785671c5dd329e02aff029a
EXPORTER_SECRET a5a21136d18d7bbd9c8b7b8f61c0140a84b3e54f0123830a822dd6a52aeac4f7 920d5bdb5291ec47ac63b117dd1999141fabdbde79f68ca5df6046a048ff4229
CLIENT_HANDSHAKE_TRAFFIC_SECRET dcfdc1fe35f13cde8d64b0266941bede597b913eb8ec661cb3d0678cef81d65f af6e844945b1c3300cfe7f7689f4be0bf347353a74b361854cf840b5e91d5b4e
SERVER_HANDSHAKE_TRAFFIC_SECRET dcfdc1fe35f13cde8d64b0266941bede597b913eb8ec661cb3d0678cef81d65f 03065bdc8ad716205d4cf557b3dd0d5fbeba75041d2c40717633a31212baf380
CLIENT_TRAFFIC_SECRET_0 dcfdc1fe35f13cde8d64b0266941bede597b913eb8ec661cb3d0678cef81d65f 0babb6cf5eeb74b1b1b56f9ba97e2cb6c63bfa5c8701796074f8206f75e7018a
SERVER_TRAFFIC_SECRET_0 dcfdc1fe35f13cde8d64b0266941bede597b913eb8ec661cb3d0678cef81d65f 89524d0ad7fe6ca066e68360f8fc4082a86af9f07667d1403374d1ee562965e6
EXPORTER_SECRET dcfdc1fe35f13cde8d64b0266941bede597b913eb8ec661cb3d0678cef81d65f 679126c3bc26b1bef8da8cc64ab2c4cf22567fb21c36ed21407797db6f4f29e9
CLIENT_RANDOM 7e016d82d55ea2bcb0b02d3ebdf857e37071c6a5f2d55a340e899e21c7cb2c87 972af530f49128189d97ceeab9e19ebc2e0f911c8557dd966484b4d818a50157e1def4518f3c896b43aaf1e33e3c1116
CLIENT_RANDOM 8d3313c2cbd33163b59a7152c944d6a14acc820d55f52e8d0cd6f0f2d40af964 017c9d4ec516695e85c126a15c0c7f9d37737beaa0a394af6325158f1d5cae907b4d8e14a4f85c670be245c49bf333f1
CLIENT_RANDOM 67f104e97c986cd6770637c2e8107d268d7fa929b1ddd91164683549c764011f bfbb0fe541787cac738bd0c6a11717def60bb28c42c981af61258b0756c430386371411662ba063b8f37a2d1e65bcb19
CLIENT_RANDOM 42dfe458712db8f064cafd6c9d36d9b911adb3a73c5d0f3d5081133d22d26b5e d1ccc0a999baa5e76a682735ce4b1cd041aefcd9548eab0bc16a5fd00fda1efadc5b9dc273a89ab04d64cb890989b49d
CLIENT_RANDOM e88cff01ffd079cd4465dd4243b5a258cc6d5c94ccdd6a2e4f9cbb9e2cde0fc1 83ca17be16964857f7e9f76298133193accc0d41852818ec87969766ced7cb21ea87cc9d1cc4526a074b234ae82175af
CLIENT_RANDOM d8b211ab9c4d85df7efe909038c96bc853c91e1f1757c6c93e554cb050707efc 70fe09ba60f234f7ae2c88f1ff172e15eb044bf44b99fea82e390d52fb92d94add9059651b723122d81682ee0cb85168
CLIENT_HANDSHAKE_TRAFFIC_SECRET 95f9ba8fb36040331533b723f3b5e1512f9d6e20da300f10ae9bff196bec02dd 1e82b8fb4c299aac2997593b86bc03c6e92b0788ede85a5789adc47e56938100
SERVER_HANDSHAKE_TRAFFIC_SECRET 95f9ba8fb36040331533b723f3b5e1512f9d6e20da300f10ae9bff196bec02dd 76b775d8b191cda015d06e48e105c282bd49a52bfbebdf103d01988dee670fd5
CLIENT_TRAFFIC_SECRET_0 95f9ba8fb36040331533b723f3b5e1512f9d6e20da300f10ae9bff196bec02dd 75d45e5cd2a6075df72c34d7674de85e1902828047407b51550fbffb0d6a01de
SERVER_TRAFFIC_SECRET_0 95f9ba8fb36040331533b723f3b5e1512f9d6e20da300f10ae9bff196bec02dd 3aee575813e6e888f520b1cac69dcd589e3e1988e4d0cb13fa213a5e6b6c5f12
EXPORTER_SECRET 95f9ba8fb36040331533b723f3b5e1512f9d6e20da300f10ae9bff196bec02dd 3bef67acd4a93c28bebb264bdfafb1881cb57d598e5c990585d3614ac2868b68
CLIENT_HANDSHAKE_TRAFFIC_SECRET b2ae4fd0b92eb0bc5098abf5bdbf8f3f76567c4a0e3f128e11e10a8373f07ae2 75cc20a5da940ae65e9023791a247c2853858f254534edd92868f3b529c918cd
SERVER_HANDSHAKE_TRAFFIC_SECRET b2ae4fd0b92eb0bc5098abf5bdbf8f3f76567c4a0e3f128e11e10a8373f07ae2 62fdad7132e20b15ba45261897d8210ded5e6290b143e9e957823abc55a77e24
CLIENT_TRAFFIC_SECRET_0 b2ae4fd0b92eb0bc5098abf5bdbf8f3f76567c4a0e3f128e11e10a8373f07ae2 9befa3f34d5613c561f74e2c72e0f69d16d86d24cef91c71cb483e5a1335df7d
SERVER_TRAFFIC_SECRET_0 b2ae4fd0b92eb0bc5098abf5bdbf8f3f76567c4a0e3f128e11e10a8373f07ae2 7cfe883e9bd34d893603a8be891493cdf372b9be5e230bcf28ac14c7a3b3fa81
EXPORTER_SECRET b2ae4fd0b92eb0bc5098abf5bdbf8f3f76567c4a0e3f128e11e10a8373f07ae2 e3796957b851881f424221c4a578e5358d09f9ed7476d2011f5eadb6ca6fb4e0
CLIENT_HANDSHAKE_TRAFFIC_SECRET 2c12984766cbd794b28bcba80870f8e82ee49d4d8a37a7227a5b1122d279b158 c2c04922e0b7be0762bbc7d026b93502b7b4ad3e725cce465e847056b9f20a35
SERVER_HANDSHAKE_TRAFFIC_SECRET 2c12984766cbd794b28bcba80870f8e82ee49d4d8a37a7227a5b1122d279b158 5e0efc92c1a3e97c3f303d7c827b5d434dda19f08ff03af0143b63562b37f7b6
CLIENT_TRAFFIC_SECRET_0 2c12984766cbd794b28bcba80870f8e82ee49d4d8a37a7227a5b1122d279b158 fee8b6c262f9aed7f699d632250b7fcf1073663183076db4911838d1d6840599
SERVER_TRAFFIC_SECRET_0 2c12984766cbd794b28bcba80870f8e82ee49d4d8a37a7227a5b1122d279b158 322811a85a6af900458091bdf88e881b641fc1d4829c346a88b3aebb76d7fab5
EXPORTER_SECRET 2c12984766cbd794b28bcba80870f8e82ee49d4d8a37a7227a5b1122d279b158 18e8d9dda8dd09e445a52d4e225862f551077ff0d8d1a38dd7dba4f6862690ab
CLIENT_HANDSHAKE_TRAFFIC_SECRET 05046804601ff61917f5bd5ad01ea863e86047d0facd2fcfa19d9f0302ffa2e2 f2e3e6f7898d403313df6ba8637543e380bbba535cc8f425c8bb2d9e96150550
SERVER_HANDSHAKE_TRAFFIC_SECRET 05046804601ff61917f5bd5ad01ea863e86047d0facd2fcfa19d9f0302ffa2e2 d277110073fded31aa63dc197c0553c2a7661d538a40a15b6f1ecf30395021dc
CLIENT_TRAFFIC_SECRET_0 05046804601ff61917f5bd5ad01ea863e86047d0facd2fcfa19d9f0302ffa2e2 7958f12b8908108181727947e2fbefd25d656830adf266f99f506b91f72829f9
SERVER_TRAFFIC_SECRET_0 05046804601ff61917f5bd5ad01ea863e86047d0facd2fcfa19d9f0302ffa2e2 393f9c2c1a0be916cd3444574dcb5faab77b0aa46bda5cb5fc731a05dfa3eabb
EXPORTER_SECRET 05046804601ff61917f5bd5ad01ea863e86047d0facd2fcfa19d9f0302ffa2e2 cdd8b2a59d4aa9823a9963406ed965b55ff833680312943c63f492fd59233e0b
CLIENT_HANDSHAKE_TRAFFIC_SECRET 836b7bd3fd1b66a0592d6fe505a8363efc2d93804a1f52bf40294a01c8f154f6 d4a2f7501994c5ff942a2e4cf79f5daf6f53ac35bc6d1fe9afdb843809b35704
SERVER_HANDSHAKE_TRAFFIC_SECRET 836b7bd3fd1b66a0592d6fe505a8363efc2d93804a1f52bf40294a01c8f154f6 5d0b1df83701693dbc79970c305263a810b22dc68ed99c2cb979afe68d661d65
CLIENT_TRAFFIC_SECRET_0 836b7bd3fd1b66a0592d6fe505a8363efc2d93804a1f52bf40294a01c8f154f6 7472013a6d95310023ab3107dd18fc47c1afe4ccdd4fd57496a7d892c6d38ed2
SERVER_TRAFFIC_SECRET_0 836b7bd3fd1b66a0592d6fe505a8363efc2d93804a1f52bf40294a01c8f154f6 450fadcad183eb7e3c3586c9af3fbf9a319990b3d10523e2c94d74fed37b7bf5
EXPORTER_SECRET 836b7bd3fd1b66a0592d6fe505a8363efc2d93804a1f52bf40294a01c8f154f6 00ad4dda18f6021ef6721d0f66ee5f290e81bc3d4dda9f943f948fae64c9495c
CLIENT_HANDSHAKE_TRAFFIC_SECRET cdffe10262aa9d2d7625c4068f39908691c20c87a857aa163a955ec327ef7d15 575967fb9b17374625e0c1a770d47b56851744c6e34a50a0e597d1944eebda25
SERVER_HANDSHAKE_TRAFFIC_SECRET cdffe10262aa9d2d7625c4068f39908691c20c87a857aa163a955ec327ef7d15 fad0bcb22774ba185fa50db620cd01a42143cbda8ef18753909466cfd82cb5a2
CLIENT_TRAFFIC_SECRET_0 cdffe10262aa9d2d7625c4068f39908691c20c87a857aa163a955ec327ef7d15 c0b5b224f42341a1853d58e4e3a9de1a86d6c0b3b2e7cd5c19f9a22f4bd3a676
SERVER_TRAFFIC_SECRET_0 cdffe10262aa9d2d7625c4068f39908691c20c87a857aa163a955ec327ef7d15 154092b2574573bd1419f906c40478c9b6f6f41363f47e725124ea8cab1455d4
EXPORTER_SECRET cdffe10262aa9d2d7625c4068f39908691c20c87a857aa163a955ec327ef7d15 b53e8a60108b80645a4dad8188693011a0c34365c963ce379e0980a75552162e
CLIENT_HANDSHAKE_TRAFFIC_SECRET 0bea4894c7d03b657267a7a7dfac17c17585d39f6616693a451f8325efb40d89 b1c98c8956db6a092dd126cc5d4583197c2ab09d59b9ebfc0e4511bda6505573
SERVER_HANDSHAKE_TRAFFIC_SECRET 0bea4894c7d03b657267a7a7dfac17c17585d39f6616693a451f8325efb40d89 4e860adb366c48d7a5b3fe5d0989589d2df2df7ed232bcc8ce243b1aaafcfbce
CLIENT_TRAFFIC_SECRET_0 0bea4894c7d03b657267a7a7dfac17c17585d39f6616693a451f8325efb40d89 0fe4f3db29a4def259da681c4afc7bab9a83b4b1f7c0c1df83d4f5611b6908e5
SERVER_TRAFFIC_SECRET_0 0bea4894c7d03b657267a7a7dfac17c17585d39f6616693a451f8325efb40d89 3819647a759c2139b095732aadff6d5c57e716588a8ec6a2ba6660ce683b83d7
EXPORTER_SECRET 0bea4894c7d03b657267a7a7dfac17c17585d39f6616693a451f8325efb40d89 eebb6c0b4ea5943b46cea60fa1b4e5d41a562db0cbc217cb308c458afbebf1cf
CLIENT_HANDSHAKE_TRAFFIC_SECRET 376fb91a443bbc703624929a3ec269ae3386d84991ed65bdf4604d97b48ecf30 4d512ff4d81ff80ce96d6d502b170b3c3f2ab5a49fda450ba4ba3b180211c1f7
SERVER_HANDSHAKE_TRAFFIC_SECRET 376fb91a443bbc703624929a3ec269ae3386d84991ed65bdf4604d97b48ecf30 9869a84b1d044d5e8e7a218699bcd3c78b881df25cb4ec385f65a1fee25ca138
CLIENT_TRAFFIC_SECRET_0 376fb91a443bbc703624929a3ec269ae3386d84991ed65bdf4604d97b48ecf30 4d1873834f6203bbfc0656dc87ae2f3696ec531b17919f66ed6f5fd30116196b
SERVER_TRAFFIC_SECRET_0 376fb91a443bbc703624929a3ec269ae3386d84991ed65bdf4604d97b48ecf30 1b0ab130cccc172c2452862bd1cacf3c206ca621b18472ec1f172b09c30d49cc
EXPORTER_SECRET 376fb91a443bbc703624929a3ec269ae3386d84991ed65bdf4604d97b48ecf30 c88170468603218d78c87e69ac33ce07850b964cde0cdf28c61dfc170bb30fcb
CLIENT_HANDSHAKE_TRAFFIC_SECRET fa8e5626bcd5110cc9d17fea2bb0d59bd0d5266063a7c12066b15ad6e49bf18a 3958ca053208beb955fbadeb5e21504a3fa88fdd6673c5e4aa523463bc522954
SERVER_HANDSHAKE_TRAFFIC_SECRET fa8e5626bcd5110cc9d17fea2bb0d59bd0d5266063a7c12066b15ad6e49bf18a a023babe9229e53cf81c9f40f8c4f68a0f74479e84619e19e3b6b9b15e9b1b81
CLIENT_TRAFFIC_SECRET_0 fa8e5626bcd5110cc9d17fea2bb0d59bd0d5266063a7c12066b15ad6e49bf18a 4628af15b540c24941f67d4d118fda897a77fa8900413407b82e0ce6bac55719
SERVER_TRAFFIC_SECRET_0 fa8e5626bcd5110cc9d17fea2bb0d59bd0d5266063a7c12066b15ad6e49bf18a 85728013f8ca67ea262e9ba409d01f47a0db63dc2a4fdef8d4f1719f2dd3f9b4
EXPORTER_SECRET fa8e5626bcd5110cc9d17fea2bb0d59bd0d5266063a7c12066b15ad6e49bf18a 8c8894fa3bbb8a08e5d94b26cc2165d9f6f9dd40001db881995d4213b076874b
CLIENT_HANDSHAKE_TRAFFIC_SECRET 3a378e6c07badca2773431451ea99e28a21ac33398f101852fef273ccd3d733f 11c31db8c4bf5f0a0421f5d94d2d36d3a07fd69912b8a5f78e7932ec80eb0f67
SERVER_HANDSHAKE_TRAFFIC_SECRET 3a378e6c07badca2773431451ea99e28a21ac33398f101852fef273ccd3d733f ff72212f0deaea5babed1b3fb32972dc24d3f2344917586ce2bbf6a52acd2052
CLIENT_TRAFFIC_SECRET_0 3a378e6c07badca2773431451ea99e28a21ac33398f101852fef273ccd3d733f 84fbaea339d066209a371163f493dbfa601f7620b8549a0748b73f9badc04dd0
SERVER_TRAFFIC_SECRET_0 3a378e6c07badca2773431451ea99e28a21ac33398f101852fef273ccd3d733f 0e06c3aaf406a207f2d215134da09eaa0a007f63372d77c16aafa423e50470e1
EXPORTER_SECRET 3a378e6c07badca2773431451ea99e28a21ac33398f101852fef273ccd3d733f f9cfee3853fdd9e4a4b816cb525433a587bf7e0620b0033433fc03e6731ecc14
CLIENT_HANDSHAKE_TRAFFIC_SECRET 43b9df18a09f98804463936900e7e2dd2863c0e467802c9a865372c0938abdcc ccb4c12e8115030c8003c1307d899ae7fd8936f09329d2a9d9078e94e0f2a764
SERVER_HANDSHAKE_TRAFFIC_SECRET 43b9df18a09f98804463936900e7e2dd2863c0e467802c9a865372c0938abdcc db36a0fdaedd65e58a29d8880fe4cb44b3138bca570d7877c0d157b7e8fb4ca3
CLIENT_TRAFFIC_SECRET_0 43b9df18a09f98804463936900e7e2dd2863c0e467802c9a865372c0938abdcc 166944deb3eacc213cd8258d0b93fdddc11103827e667a0d026f29b5f7bf1aa8
SERVER_TRAFFIC_SECRET_0 43b9df18a09f98804463936900e7e2dd2863c0e467802c9a865372c0938abdcc e7ffc95e36cd5a7673bbab13c8c60d8c167ce5c40bcc42f313b656a639711c2d
EXPORTER_SECRET 43b9df18a09f98804463936900e7e2dd2863c0e467802c9a865372c0938abdcc 412495c6187db5f18077e97641458150fb472cffdc64412d9abca86b83c3c350
CLIENT_HANDSHAKE_TRAFFIC_SECRET a7446996cc4ba263dc4c41c4a4bf58f7b8d2535174d6db1982d76e550a16efda a36ee9f57e4e8d06b04a0385d9989436781b011bf43c344ce9c4ca2edaee55ab
SERVER_HANDSHAKE_TRAFFIC_SECRET a7446996cc4ba263dc4c41c4a4bf58f7b8d2535174d6db1982d76e550a16efda 48214799483f9ebb2a6ec7f516c1bafba63a101260072ccb3bb3558d5387ba6c
CLIENT_TRAFFIC_SECRET_0 a7446996cc4ba263dc4c41c4a4bf58f7b8d2535174d6db1982d76e550a16efda 795d2fb3a82a743d9f7c659a30cc629ddf2a5f24b26b152c8053a1705c779995
SERVER_TRAFFIC_SECRET_0 a7446996cc4ba263dc4c41c4a4bf58f7b8d2535174d6db1982d76e550a16efda 599c1acb364a027fea9ea9645f5c48dfbd827a9920383c7ff7839fb099f82799
EXPORTER_SECRET a7446996cc4ba263dc4c41c4a4bf58f7b8d2535174d6db1982d76e550a16efda 9e1f89343cf38fe78de66533451fab52315a894298e2532a4baae82585515214
CLIENT_HANDSHAKE_TRAFFIC_SECRET 16fde12486e9e0fb39809cd8b99435864505b798fb7e06bb72f3d1160cea6672 59e805cde31a65e540a17b13ef56b50ce08185a3880a520da0444f340c7def5d
SERVER_HANDSHAKE_TRAFFIC_SECRET 16fde12486e9e0fb39809cd8b99435864505b798fb7e06bb72f3d1160cea6672 9f51e5e1847423276c8eb9edd225d5121f6bf55d28c13fc5252ccb0e1b989841
CLIENT_TRAFFIC_SECRET_0 16fde12486e9e0fb39809cd8b99435864505b798fb7e06bb72f3d1160cea6672 02cb04fd0d4138acf2eb2da070de54264db0423fc4d4f0497c9cebaba0ef4e13
SERVER_TRAFFIC_SECRET_0 16fde12486e9e0fb39809cd8b99435864505b798fb7e06bb72f3d1160cea6672 45aaa7ae43491fb42d2832d9e07642a98ffb9ef585b09e9dadc5fa7079eef0aa
EXPORTER_SECRET 16fde12486e9e0fb39809cd8b99435864505b798fb7e06bb72f3d1160cea6672 5706fc4a7dd86944922d4d466659df16d19d64bff1d8dd49cb7874afb50be791
CLIENT_HANDSHAKE_TRAFFIC_SECRET 6f04ac9fb35182feaa5404df2fc64bc418cd5f7ac744f4db67900ba1748c2b4a 0214f1a8ed50ae274e85df0db74f38556862b560a0d7c35be41505e2998c0544
SERVER_HANDSHAKE_TRAFFIC_SECRET 6f04ac9fb35182feaa5404df2fc64bc418cd5f7ac744f4db67900ba1748c2b4a de6e7bd8422347df654043440ffb1d2a28cbe21058542a21e383f3e55e58956d
CLIENT_TRAFFIC_SECRET_0 6f04ac9fb35182feaa5404df2fc64bc418cd5f7ac744f4db67900ba1748c2b4a b98b5ee500658c58ac5cd3d1e443622cc097d6b5725e11f6f9ff7e814e6a77a5
SERVER_TRAFFIC_SECRET_0 6f04ac9fb35182feaa5404df2fc64bc418cd5f7ac744f4db67900ba1748c2b4a 7dc6e36cc4bd19fcdeb67c984f273ef2d34ea847e6119a319cfa4b0afb634319
EXPORTER_SECRET 6f04ac9fb35182feaa5404df2fc64bc418cd5f7ac744f4db67900ba1748c2b4a 8573c58a8e3c69fa54f98c31c3c6e68cbb1c718b318d4eea2989a0ee2039e6c0
