CLIENT_HANDSHAKE_TRAFFIC_SECRET 247c1c7a06d34c1fb29c0e9a5db2280ca5fa12163f490a8f5796cb99b0e4a608 74e64c11342d937f32b00eca1a32931c6c7f7bf22c56d53212142b473eed96a9
SERVER_HANDSHAKE_TRAFFIC_SECRET 247c1c7a06d34c1fb29c0e9a5db2280ca5fa12163f490a8f5796cb99b0e4a608 eafa4a7dd3932d51c406609ddadf1f5d93dadd20f938b12e964be535b7c1b450
CLIENT_TRAFFIC_SECRET_0 247c1c7a06d34c1fb29c0e9a5db2280ca5fa12163f490a8f5796cb99b0e4a608 736f6a7bfd386d6a608ac8874dcd3634558bd113461c8074278f8f0d1839ac4a
SERVER_TRAFFIC_SECRET_0 247c1c7a06d34c1fb29c0e9a5db2280ca5fa12163f490a8f5796cb99b0e4a608 2f4014df5d1019453b3992ea2aa742d0b46dff237212823881229d0110c5d646
EXPORTER_SECRET 247c1c7a06d34c1fb29c0e9a5db2280ca5fa12163f490a8f5796cb99b0e4a608 5a23faf8d35e6adb50170895aa5c42976976d163eb83bef59f7c0e72de1c1abc
CLIENT_HANDSHAKE_TRAFFIC_SECRET 2b58631b992c7402942cb770c0c6da2863cf994fb6f57d37220e89c6220fb0d3 cda4f16f5666da5be6c317b588f9c5c3dfa42baf18c3bf5973bdc149f239d837
SERVER_HANDSHAKE_TRAFFIC_SECRET 2b58631b992c7402942cb770c0c6da2863cf994fb6f57d37220e89c6220fb0d3 cb09353fc0d0cbe5645d04ac3c62b284523a2a7e6bade48fdf0b3d0761bc1166
CLIENT_TRAFFIC_SECRET_0 2b58631b992c7402942cb770c0c6da2863cf994fb6f57d37220e89c6220fb0d3 89af56f22618cf1bd993ecc19df1be49513be74b3f0b2e2bde0a7d7011398f1c
SERVER_TRAFFIC_SECRET_0 2b58631b992c7402942cb770c0c6da2863cf994fb6f57d37220e89c6220fb0d3 2c9c1c1c0349f3e17ea07a04ce0c6e20a9428cdeb1dfe850a7da5713183dd7c8
EXPORTER_SECRET 2b58631b992c7402942cb770c0c6da2863cf994fb6f57d37220e89c6220fb0d3 9de276c160f56d93937f10c15322b9b4e76e99da053d23d67e57f08c9fa7a12c
CLIENT_HANDSHAKE_TRAFFIC_SECRET 8e3073b94e946de647564375683d035ef171f67d0357c42f540ab65ec156a335 91384f3ae4fd8ddd49f6f1eae4b2debbde269e9bd4832f8684e02440e3f516be
SERVER_HANDSHAKE_TRAFFIC_SECRET 8e3073b94e946de647564375683d035ef171f67d0357c42f540ab65ec156a335 f584ebe2441e544d7e2af23783870ecfc5b9d40318796b2cd57970ce171552f9
CLIENT_TRAFFIC_SECRET_0 8e3073b94e946de647564375683d035ef171f67d0357c42f540ab65ec156a335 bdb8b4fbb1f4df701cc6e1029f25d66a866bea2a47e3bcca10a6995f80e42602
SERVER_TRAFFIC_SECRET_0 8e3073b94e946de647564375683d035ef171f67d0357c42f540ab65ec156a335 f1b4b8744c9e6f14b0395ddd910f731910550f151644987b8471292276a0634c
EXPORTER_SECRET 8e3073b94e946de647564375683d035ef171f67d0357c42f540ab65ec156a335 4592b63dff66392307b39c10a66c6f1553a5637b983d46f796deecc7b4c9ceb6
CLIENT_HANDSHAKE_TRAFFIC_SECRET 4225042b53e47c84b117663c345169c8628595c70f72db1f3d8801f4ab399517 2f227acfc4fbdabf0e1c6ed98ea33b9f9882339b29ceffb1abf0638b94a9a781
SERVER_HANDSHAKE_TRAFFIC_SECRET 4225042b53e47c84b117663c345169c8628595c70f72db1f3d8801f4ab399517 e175d0b2628517fc2c747dded433ac5b20a6d8ccb4911b3f9460c63863d808d0
CLIENT_TRAFFIC_SECRET_0 4225042b53e47c84b117663c345169c8628595c70f72db1f3d8801f4ab399517 79c467b07b55a9a52a03133871302241bf5cc6a0fcc38e69a47cf0dce1160695
SERVER_TRAFFIC_SECRET_0 4225042b53e47c84b117663c345169c8628595c70f72db1f3d8801f4ab399517 869ee89f787092447d32fb9777e2deaa0e8eb4f4cf628f0b699bbc839234e5e0
EXPORTER_SECRET 4225042b53e47c84b117663c345169c8628595c70f72db1f3d8801f4ab399517 0dd580d05708e31c30304a4f356ebc07d3475427df31f1dd91022cb28be8f570
