CLIENT_HANDSHAKE_TRAFFIC_SECRET f1c018f771dabbaec627d44ed6ddef7a18d1035604de597b7e680e708f5af9aa d3df768b77bd89decd70b90c01471ac0796fe79431972dd229c89db2040f076ac82688b358067c6fab1e06aafb6f7aa6
SERVER_HANDSHAKE_TRAFFIC_SECRET f1c018f771dabbaec627d44ed6ddef7a18d1035604de597b7e680e708f5af9aa 597cad80f1125be83eac9f91407f00013378ff04607d3157b86f69f05dd04e578afbeccf2219936cb4c990498f188fea
CLIENT_TRAFFIC_SECRET_0 f1c018f771dabbaec627d44ed6ddef7a18d1035604de597b7e680e708f5af9aa 7ac555fce037fab01e7f48ba4758f8a1be3c8ff9e8108650e9cb8fce6c004cbe32d93d2a387d15505bdecb214a787721
SERVER_TRAFFIC_SECRET_0 f1c018f771dabbaec627d44ed6ddef7a18d1035604de597b7e680e708f5af9aa b762ac39bfdf9600e5bb55202a856da06dd3a0a7e3d4ac1bbd1e191ce7824a5a9d85da5f6d05b68aeac7da8b70599ba9
EXPORTER_SECRET f1c018f771dabbaec627d44ed6ddef7a18d1035604de597b7e680e708f5af9aa 0e836a001d336a4eae0d5f154e4d07f5f42bc1b16e880132847339bc9f6a306a01fff6f1c5babd53fa7d75efb41c67bd
CLIENT_HANDSHAKE_TRAFFIC_SECRET b298f326bee5ae41a7e5bd8eae5128b31ff79f45075ac00bc0261dc55bd83387 172a52fa22f2a346b8f6bf75add4c10a073166fbbb2a4b11ffdcfc32c6f0fb5ed385e138c70b3d793f6426ea5265eb2e
SERVER_HANDSHAKE_TRAFFIC_SECRET b298f326bee5ae41a7e5bd8eae5128b31ff79f45075ac00bc0261dc55bd83387 34a3a65d717ab2a06251176cc0551853933b40079b1fcf0b866783c5b7f5d1d8a16edea5dc070478ea1ea37f8c05513d
CLIENT_TRAFFIC_SECRET_0 b298f326bee5ae41a7e5bd8eae5128b31ff79f45075ac00bc0261dc55bd83387 9c47e5bf5d70ce393ee5b1efaa8576a73da4b3b8274e6edadafdd16bde8acdcc99d8b4ab8589967ee619e7e0891dc7d3
SERVER_TRAFFIC_SECRET_0 b298f326bee5ae41a7e5bd8eae5128b31ff79f45075ac00bc0261dc55bd83387 3f645abcf06406169a584c8d1b514a881c8e34eb5ca01fa18e486a686bf5e838621d70e1a95122b832133ef6c86d7b8b
EXPORTER_SECRET b298f326bee5ae41a7e5bd8eae5128b31ff79f45075ac00bc0261dc55bd83387 4cba3cbe84aaec98cabbb279c56cd6878ea346708896cc69e74e1f9557d138c251b6e7118651eb95a2f4f8a64899350c
CLIENT_HANDSHAKE_TRAFFIC_SECRET 679cab5ca34f248a0a07dda0123188a2e217e9e7aab4c4e3b8f24cd6fb5232b9 3c4e0ed73ad391740cbb73acacb8ac11b5a899775e61cbd76b0e1c4a8099590c9a2a62e2e9ce40356926265c6ee618a7
SERVER_HANDSHAKE_TRAFFIC_SECRET 679cab5ca34f248a0a07dda0123188a2e217e9e7aab4c4e3b8f24cd6fb5232b9 6142bcb2853fc201baaf069684489de263acf4c7d658b4ffe41975994a0789c20fb945e003c30cd48076ee32864ec4b2
CLIENT_TRAFFIC_SECRET_0 679cab5ca34f248a0a07dda0123188a2e217e9e7aab4c4e3b8f24cd6fb5232b9 9d6a6b7a4277337e1d3c328d4dfaf1a92c9ab3719a5c3d85eef22e7d6b0408609b72183d4224b10ecdc486bded1fe1f9
SERVER_TRAFFIC_SECRET_0 679cab5ca34f248a0a07dda0123188a2e217e9e7aab4c4e3b8f24cd6fb5232b9 2e25142b08aacfaf488fec1143148919f5af2a745c87badc3a825a1ec5bbdabf9a41239776ba7e6c6330bc2be2ee6b5d
EXPORTER_SECRET 679cab5ca34f248a0a07dda0123188a2e217e9e7aab4c4e3b8f24cd6fb5232b9 e0795f82bdc5e0aa74eee76db94ae472d09b1cad1383fa0850aa370379c1f10559de3dc7062f1ef41c710de2b07f0c0d
CLIENT_HANDSHAKE_TRAFFIC_SECRET 0417c41fd6cb4bfcda9b2ddafcbf84b75b7266686f250cecf384f33d28221621 23d48c2c871d81b72491fe490f6c59dc4bbbfbe9a0d58ec2bf38d9d7cecb261f327a29287d145a8ce1dbc62b626c132d
SERVER_HANDSHAKE_TRAFFIC_SECRET 0417c41fd6cb4bfcda9b2ddafcbf84b75b7266686f250cecf384f33d28221621 3f88a5befd6c98d4b9284adf5398c31b00a73a9aea5ea203429f8f9c34808321048198648b623dff51a3bf9b8655b68c
CLIENT_TRAFFIC_SECRET_0 0417c41fd6cb4bfcda9b2ddafcbf84b75b7266686f250cecf384f33d28221621 f2814020f398a9b9a246f4b7c045e7a3eb8a057625ca3204f48edea7e497cf33a8b2d8196067d4923cc9ee6ec0974dd4
SERVER_TRAFFIC_SECRET_0 0417c41fd6cb4bfcda9b2ddafcbf84b75b7266686f250cecf384f33d28221621 d5acc75aa62e18d18acde1c7d715db055a6176bc4248548080e2e7391fa637d60b3bcf372fc54acacac7868185b307c6
EXPORTER_SECRET 0417c41fd6cb4bfcda9b2ddafcbf84b75b7266686f250cecf384f33d28221621 5ddc0728e36db600d234f1220b4f184ba2e996f7bf8ed7a1b634622b32b4f4b751d8374deb1bbd7334f7f3f9b4e65363
CLIENT_HANDSHAKE_TRAFFIC_SECRET 3efddf38a400e02a92a655be9bb2a138a721ec782276617bee321b661e3e84b4 1b90eb32a1b4b5bfa371bba65f7fcd9ad194d8d5e49a73cdfe79001ec7eaf78a97ae695894e84a8426f1e9ad5ebb9690
SERVER_HANDSHAKE_TRAFFIC_SECRET 3efddf38a400e02a92a655be9bb2a138a721ec782276617bee321b661e3e84b4 47a8445edc628136f7310930ceeaa372c35dc5d89fa107e84a1066fd092bc041806cd092f4e3a85b550f5c903999c95b
CLIENT_TRAFFIC_SECRET_0 3efddf38a400e02a92a655be9bb2a138a721ec782276617bee321b661e3e84b4 2473c82eb5e365c5195faca84ed7f4c44451961d013ba4501fb3e418d1c9bdb6f1d2a9d20f5a6808f9fd2408597e91ae
SERVER_TRAFFIC_SECRET_0 3efddf38a400e02a92a655be9bb2a138a721ec782276617bee321b661e3e84b4 9878559149d450900aa7a17c6e96d7dfb84fb9578002afc7fcf657127c3438e9a4b69cc098d2b3d870478ee65f260d89
EXPORTER_SECRET 3efddf38a400e02a92a655be9bb2a138a721ec782276617bee321b661e3e84b4 1fbc2b2fd250c9004a6d0725014e191ab64b8b7639b05ffe84a79ca8a72793ef1d66bda7925881cea17a8d2c84eeb402
CLIENT_HANDSHAKE_TRAFFIC_SECRET 9bea31706cfc25bd8279171eafd65df4bd57ee34d8d409bd41de71900eaaa0c3 426cccca11a5bea66db9c9c3bcb03c655d95492dd97140c7a7d32cff498c086a3eb45beb12c9fff984faa724616de03c
SERVER_HANDSHAKE_TRAFFIC_SECRET 9bea31706cfc25bd8279171eafd65df4bd57ee34d8d409bd41de71900eaaa0c3 4a51be256a3b22890a679053d9346e654bc213b72dc2d99bcbf313c33f5f3419e80221749bab520af8482176c0d49f1b
CLIENT_TRAFFIC_SECRET_0 9bea31706cfc25bd8279171eafd65df4bd57ee34d8d409bd41de71900eaaa0c3 c83896cccb9a7d7a428d0a327145d792ebf9a13455ab3cf78d2b401294fce37a5f1251770f2bc26b1b9fd1ed60b733b2
SERVER_TRAFFIC_SECRET_0 9bea31706cfc25bd8279171eafd65df4bd57ee34d8d409bd41de71900eaaa0c3 cf67cb4ad1e71ef1cf9fa57b37f93b56af027647659f555e69a10f3897933e02be4cb56eecbd64c0fe7e69d79a9af765
EXPORTER_SECRET 9bea31706cfc25bd8279171eafd65df4bd57ee34d8d409bd41de71900eaaa0c3 1875faa2101ee94f4070a8e24e241d05dbbb632c786275a6086b4e73ea0fd6b562a3ea35075486a0c7ce9207093e915a
