CLIENT_RANDOM 41e86f0e3eec614784aa5052be33934a8c911ac78c6fb7f4ec71723f799a7619 b47d7bb41612b09fec2ab3ce36f4c0aeb760f69bb80947384f7101ab29beac17fe793572755268babcf348cb59247307
CLIENT_HANDSHAKE_TRAFFIC_SECRET 77eb0eb11858dfd7f2ca07c1d66c561ad2c319fbe863a63f287cc77ff7e8528e d5c2adc479cfdd72c05ae3e9f90ad72c93e491da66bf5355b102b194e20cf55b
SERVER_HANDSHAKE_TRAFFIC_SECRET 77eb0eb11858dfd7f2ca07c1d66c561ad2c319fbe863a63f287cc77ff7e8528e 0cfffad22acbff8d55b20491ab95a966edb7163ad4fea2c830231b2270090d17
CLIENT_TRAFFIC_SECRET_0 77eb0eb11858dfd7f2ca07c1d66c561ad2c319fbe863a63f287cc77ff7e8528e 211bc995adffb3dadc191a0401c5f2a8651dd7e87fc47a72822f99c6437985df
SERVER_TRAFFIC_SECRET_0 77eb0eb11858dfd7f2ca07c1d66c561ad2c319fbe863a63f287cc77ff7e8528e c0dc27b4b039153358da809e3bd5c109a5894b8427bb79e111e276bb9859989b
EXPORTER_SECRET 77eb0eb11858dfd7f2ca07c1d66c561ad2c319fbe863a63f287cc77ff7e8528e daf8a56b23482945da29904ab14923e95b21da5790aa1f6871a504e14cd7e031
CLIENT_RANDOM 1524ad484307f261fd53c991807bd1118727c81b9553aeb26016d13e87489daa a4190038222819de6dbbadd9fa25c6412ac9cf818590dafcf6d3a4597d28518840a60c1193250a242c8d46988e37aa62
CLIENT_HANDSHAKE_TRAFFIC_SECRET 7d920a464b3924659020da57867c996c0f893d1d4c70855aef7890725ca3e1ae 636455e692730d35a8434e77d7ee8f14b138c9377bb0baf3fb62ded13cf008c7
SERVER_HANDSHAKE_TRAFFIC_SECRET 7d920a464b3924659020da57867c996c0f893d1d4c70855aef7890725ca3e1ae 32749686ee89480b472c01a91a34a01ac7b05a3c456f43f870a3bf2d20aed99d
CLIENT_TRAFFIC_SECRET_0 7d920a464b3924659020da57867c996c0f893d1d4c70855aef7890725ca3e1ae aa7b7acc7ec061c529447f13bb5a3cf81206345f208a5759f756e1d1929e1e43
SERVER_TRAFFIC_SECRET_0 7d920a464b3924659020da57867c996c0f893d1d4c70855aef7890725ca3e1ae 5c500551c1db812613c85adac739b8bfd744ed30ba26b41e3ac1cbe4e2e5a5c6
EXPORTER_SECRET 7d920a464b3924659020da57867c996c0f893d1d4c70855aef7890725ca3e1ae 6214d95ad5fd84bd46c27187108eac2532b4651ad7888c1e37cc5d665fd91475
CLIENT_HANDSHAKE_TRAFFIC_SECRET 0fdd4a0ee7ec11b1c7d136c080baba0b74d4c00176c01db3b231b91ae152a7db 0cd0fb65faed87b81252e3bf4117fb0104865a4f100205ccddb3334fbc79a7bb
SERVER_HANDSHAKE_TRAFFIC_SECRET 0fdd4a0ee7ec11b1c7d136c080baba0b74d4c00176c01db3b231b91ae152a7db 01411c202d017d3e96b92105d781139d45c313e70c439c0d80c95ceb0b827e44
CLIENT_TRAFFIC_SECRET_0 0fdd4a0ee7ec11b1c7d136c080baba0b74d4c00176c01db3b231b91ae152a7db b2953c2f11d966668ca48086fdeca10c145bc53fbfaeedd1739a92aa8ed620c0
SERVER_TRAFFIC_SECRET_0 0fdd4a0ee7ec11b1c7d136c080baba0b74d4c00176c01db3b231b91ae152a7db 1beb5a70ada366b05f021f4f9687f15c7c357711f8559db38e970e35de2fd2a1
EXPORTER_SECRET 0fdd4a0ee7ec11b1c7d136c080baba0b74d4c00176c01db3b231b91ae152a7db 88a94dca3ce977508265c2c4609f7f9a5a7b5a4504d71da8be4fb627345297c7
CLIENT_HANDSHAKE_TRAFFIC_SECRET c0e62b4795e0c070516ce69e4db91e5e9a4fde373fedb177e7b07851bdd70382 780fb495782242f7c1ec1d9aebd923698acf28c7e4b09aeb4e696e6ee4c308b4
SERVER_HANDSHAKE_TRAFFIC_SECRET c0e62b4795e0c070516ce69e4db91e5e9a4fde373fedb177e7b07851bdd70382 685bcdec68aeedd56761b7a90154f011eec572fceb8498d0ec3b63a525bdc123
CLIENT_TRAFFIC_SECRET_0 c0e62b4795e0c070516ce69e4db91e5e9a4fde373fedb177e7b07851bdd70382 797f44bbc3bde29df9bf54aed1d27dba53ef83ff21f659f15486e43427804b66
SERVER_TRAFFIC_SECRET_0 c0e62b4795e0c070516ce69e4db91e5e9a4fde373fedb177e7b07851bdd70382 bf954036e1d752a1435276853a12d3534ee3ce8212e0744c0934999756fae5e2
EXPORTER_SECRET c0e62b4795e0c070516ce69e4db91e5e9a4fde373fedb177e7b07851bdd70382 694cfed6a32308c522f703d16647f1bcedf8b1c4d5880825a4ab6a2cfecf91db
CLIENT_HANDSHAKE_TRAFFIC_SECRET 79c37a173c811b3ea00f08c391679b2fea9a42083e79f173cab9e7dc75ad09ce 191c81663f818601e6e91479c2f866c87d959c75c45fa41a8e781bf0c8a96c92
SERVER_HANDSHAKE_TRAFFIC_SECRET 79c37a173c811b3ea00f08c391679b2fea9a42083e79f173cab9e7dc75ad09ce 86bae42b2cb663d52a3c7b1c2a005557cf359436b684a060138c548fc36927d2
CLIENT_TRAFFIC_SECRET_0 79c37a173c811b3ea00f08c391679b2fea9a42083e79f173cab9e7dc75ad09ce fcef198bd5cad77e25a8ef343ae73b9643793fda4affdcd1fff3bda541d6543f
SERVER_TRAFFIC_SECRET_0 79c37a173c811b3ea00f08c391679b2fea9a42083e79f173cab9e7dc75ad09ce 23f285c417dbb65b96242c596fbae0a9ebc1b25f6abf0d14287723d8ffaf3bf3
EXPORTER_SECRET 79c37a173c811b3ea00f08c391679b2fea9a42083e79f173cab9e7dc75ad09ce d054bc8445dfe5e2ffe26363f1c93417fe48b5eacc901acfdade5db31a23bcfc
