CLIENT_HANDSHAKE_TRAFFIC_SECRET 7dd104dcf0b28136ec15c677d7be63384a68fb4e5af87aaef1d55280281f5312 c6b1deed9db0fef5a0edd249219732de62ed827376accbecbfe74750187e552c
SERVER_HANDSHAKE_TRAFFIC_SECRET 7dd104dcf0b28136ec15c677d7be63384a68fb4e5af87aaef1d55280281f5312 3fdb42909e22af6052d49cc9fc5103902e3951b53c63eb2702a2e3ba0b030593
CLIENT_TRAFFIC_SECRET_0 7dd104dcf0b28136ec15c677d7be63384a68fb4e5af87aaef1d55280281f5312 2db28e312b6d8659835dee9313003d65e64976083d80510e01ebca57ccb4a2ee
SERVER_TRAFFIC_SECRET_0 7dd104dcf0b28136ec15c677d7be63384a68fb4e5af87aaef1d55280281f5312 449c389b522f491634885221fb722524ba7615d1522018d22082e803a2e616c2
EXPORTER_SECRET 7dd104dcf0b28136ec15c677d7be63384a68fb4e5af87aaef1d55280281f5312 0e56ac58ce319a6dcdc0a90e4556eef12ab1117e5decdcf9b163b06fd68a2512
CLIENT_HANDSHAKE_TRAFFIC_SECRET 51c1d591e02b10efd08932a8a15d722446ea27c3ac2eb412906c90f1fb04b536 d882e27be5515b82d72e55f5e8b0867a9519fb2480361f2350a4d9eab76f8e5e
SERVER_HANDSHAKE_TRAFFIC_SECRET 51c1d591e02b10efd08932a8a15d722446ea27c3ac2eb412906c90f1fb04b536 a4e214bf48f6a5d38afea015e19afd0ca5280d837ad5ba60630437129f35002d
CLIENT_TRAFFIC_SECRET_0 51c1d591e02b10efd08932a8a15d722446ea27c3ac2eb412906c90f1fb04b536 1342204916d3fda55a7b7fc2f8b8ec5fbdbd31d429e6ca865b82987c1574ed1b
SERVER_TRAFFIC_SECRET_0 51c1d591e02b10efd08932a8a15d722446ea27c3ac2eb412906c90f1fb04b536 841ee3e2c92b08beaca8bf2b8a17c0c14db6693ef4da72e2ccdd9ff415e3655a
EXPORTER_SECRET 51c1d591e02b10efd08932a8a15d722446ea27c3ac2eb412906c90f1fb04b536 be4b782a69efdbc6adf7f77d6dd5a8e074ee1b41ad101590c51ea5dfd336925b
CLIENT_HANDSHAKE_TRAFFIC_SECRET e265934c9e3ee48fb9113e552baf14aeaf50c52405bf6bbeadae145aeb18908c d67bd777004d1a35cccb22d73dc898d9010e58e8ed1044cb5c077bf0b0b4ba48
SERVER_HANDSHAKE_TRAFFIC_SECRET e265934c9e3ee48fb9113e552baf14aeaf50c52405bf6bbeadae145aeb18908c f80018f1752c319a913a2eed087056fbd92eb8b3dabef2ec3e850df4eeb00249
CLIENT_TRAFFIC_SECRET_0 e265934c9e3ee48fb9113e552baf14aeaf50c52405bf6bbeadae145aeb18908c ac5080dbfbddc5232ae2bb21d09aaf39aa528bf785851d49cfe329aed4d75d59
SERVER_TRAFFIC_SECRET_0 e265934c9e3ee48fb9113e552baf14aeaf50c52405bf6bbeadae145aeb18908c a4161cf2cb414f1e237e2765d142ecf37239a753dc0058fb6ce4f3e9793dd4c0
EXPORTER_SECRET e265934c9e3ee48fb9113e552baf14aeaf50c52405bf6bbeadae145aeb18908c d9a8fde760e322a75a2566b6e7443cd9f0e5597de1dbdcb91716dbe44f8f1b99
CLIENT_HANDSHAKE_TRAFFIC_SECRET 06f049f50dc3bde934ceb8205998cc54c53234ca6854f72089c8a8b761140d6b 7f54edbbc81a872f2a5c05c71cb94d07e3b9f8594fc9fc4dc3b74a5612d1f0da
SERVER_HANDSHAKE_TRAFFIC_SECRET 06f049f50dc3bde934ceb8205998cc54c53234ca6854f72089c8a8b761140d6b 4478937d14341a7a07f9ec9e5aba09c8289e6f622de6932b0cbe631e2649c21e
CLIENT_TRAFFIC_SECRET_0 06f049f50dc3bde934ceb8205998cc54c53234ca6854f72089c8a8b761140d6b d6a9a7060c2cab09aa1a6fde1cfd6fd554e8b5e66613cdb010f9292bcf7ccdc3
SERVER_TRAFFIC_SECRET_0 06f049f50dc3bde934ceb8205998cc54c53234ca6854f72089c8a8b761140d6b 14ffa136998e60925f5586075e29ac22d2cd6fd3b2e9176e008c7b80448c7d2b
EXPORTER_SECRET 06f049f50dc3bde934ceb8205998cc54c53234ca6854f72089c8a8b761140d6b 5093432793f30a79bc8a453b63213c6dd1ad76a13fadfa72d3ef8d16588a63db
CLIENT_HANDSHAKE_TRAFFIC_SECRET 1e6e8d999a49d75a51bce80b5002ec82a1dd27681c80a1d5c5fc05c668081293 54efc4cc348f62513c22d36239985b063c57c691c5697e289ec1d18e150b3ef6
SERVER_HANDSHAKE_TRAFFIC_SECRET 1e6e8d999a49d75a51bce80b5002ec82a1dd27681c80a1d5c5fc05c668081293 0896d9496af8b608c8a4046c98abe4183cd9897f5580e97d8edb00e66fa46875
CLIENT_TRAFFIC_SECRET_0 1e6e8d999a49d75a51bce80b5002ec82a1dd27681c80a1d5c5fc05c668081293 93b15405c67e8d3c6ec3337393f592dbe9b4ec1e035dba84ff0dbdb29499ea6e
SERVER_TRAFFIC_SECRET_0 1e6e8d999a49d75a51bce80b5002ec82a1dd27681c80a1d5c5fc05c668081293 c64782c1da9299a98d1f4ccfb5d99e9aca3875c86179f7cc4814512cf3d34049
EXPORTER_SECRET 1e6e8d999a49d75a51bce80b5002ec82a1dd27681c80a1d5c5fc05c668081293 38a0dd8e22a06c05039a6eaf034c20b87329b51eff8b4bdf0a8f7be6c094883d
CLIENT_HANDSHAKE_TRAFFIC_SECRET 8698a74fb0bf9f107bb62d95de7e42754c109057a361cdae5bac08e8840426ba aa42111d42c661d65a1912aa47eadb35e2c06e1ad842efbd9c999498f5fb629b
SERVER_HANDSHAKE_TRAFFIC_SECRET 8698a74fb0bf9f107bb62d95de7e42754c109057a361cdae5bac08e8840426ba 106ad5c07d4f1f927ca1afaeeb872c1c74199a40093dca9308ae7cf877f32477
CLIENT_TRAFFIC_SECRET_0 8698a74fb0bf9f107bb62d95de7e42754c109057a361cdae5bac08e8840426ba e08d44d385ce81a765253f28c2a51da9dd203d4f8024a7930963b3d466c6fc0d
SERVER_TRAFFIC_SECRET_0 8698a74fb0bf9f107bb62d95de7e42754c109057a361cdae5bac08e8840426ba 3af3d3f1d2578e8db5f2e5996f33e15a627340a9fbff811dc9382a904564b779
EXPORTER_SECRET 8698a74fb0bf9f107bb62d95de7e42754c109057a361cdae5bac08e8840426ba 27385055e439c7fc1ee77f230dfd79dd692a137bb3ed20a9b4f141dbcb098af5
CLIENT_HANDSHAKE_TRAFFIC_SECRET 4e0549c96ff689c70eeac181813dfe01093f5959b841096d240f48954bddbc7e d49222e869e7062cadd5a79504d212c29d94234299f94897aa0827993d4a89f7
SERVER_HANDSHAKE_TRAFFIC_SECRET 4e0549c96ff689c70eeac181813dfe01093f5959b841096d240f48954bddbc7e aa62b6349d166ddbb807afdd69f7194f3d80f8b3c7d9aa5ca21c40304bc14447
CLIENT_TRAFFIC_SECRET_0 4e0549c96ff689c70eeac181813dfe01093f5959b841096d240f48954bddbc7e 8f22b873973a522418f16a9c763ce61559da136485b9b169b6804fe8759d75d2
SERVER_TRAFFIC_SECRET_0 4e0549c96ff689c70eeac181813dfe01093f5959b841096d240f48954bddbc7e 61117f41cb87796bb2aec45cee9b8aeed29f26d7623f0e073fda09ca34d00477
EXPORTER_SECRET 4e0549c96ff689c70eeac181813dfe01093f5959b841096d240f48954bddbc7e b394ba858173fd49f38ef746c96cc3ae7a4829800b0e6660ae7720defdc4741c
