CLIENT_HANDSHAKE_TRAFFIC_SECRET 8a11fe3928c3c50e5767b0a6c299fb20326abf022755100a3a16076dcd9c9b78 eb962652f87869cd4415493282bbfe60d9bb28c6c94e305b2be8d6158fd9b0fa
SERVER_HANDSHAKE_TRAFFIC_SECRET 8a11fe3928c3c50e5767b0a6c299fb20326abf022755100a3a16076dcd9c9b78 ffb9a619e9e727dde5023ecaf0af1e031e3a745200bb5e026c79b6391d9c43f7
CLIENT_TRAFFIC_SECRET_0 8a11fe3928c3c50e5767b0a6c299fb20326abf022755100a3a16076dcd9c9b78 ba4defda77e01a990e145cf8a82f2b46e7468d6e956388c376c452f2c4167afb
SERVER_TRAFFIC_SECRET_0 8a11fe3928c3c50e5767b0a6c299fb20326abf022755100a3a16076dcd9c9b78 180dbfe3b84bc1c18bf68df0e58730aee7015606f0ebc4b800cca692fa75c808
EXPORTER_SECRET 8a11fe3928c3c50e5767b0a6c299fb20326abf022755100a3a16076dcd9c9b78 e8133f420754cab4047e0c018b7abc0d077b8ecfedb9449fd67e0e60eec7525a
CLIENT_HANDSHAKE_TRAFFIC_SECRET 646ba29f65a0e24c1bd0ec1e69bffc2881e58f7d1d679bfb627ba863d2484ffe 44af1d4141220727ebdb9b7e969fdfdde56731381e44c3f4dd15036ad2e5ac5d
SERVER_HANDSHAKE_TRAFFIC_SECRET 646ba29f65a0e24c1bd0ec1e69bffc2881e58f7d1d679bfb627ba863d2484ffe 8024f21614b8d2b6b3a5bd065d9f1c6781ae8283744b6d4324da5fd2906be0a1
CLIENT_TRAFFIC_SECRET_0 646ba29f65a0e24c1bd0ec1e69bffc2881e58f7d1d679bfb627ba863d2484ffe be9dc0eca3013a2524007a1f98196dfc3f90af859339737c2a29b7bc73ac45e1
SERVER_TRAFFIC_SECRET_0 646ba29f65a0e24c1bd0ec1e69bffc2881e58f7d1d679bfb627ba863d2484ffe b99f64e151d7a6cb5c9d03c8bd940af49a544dd6e7024fc9b35dc26e0215112a
EXPORTER_SECRET 646ba29f65a0e24c1bd0ec1e69bffc2881e58f7d1d679bfb627ba863d2484ffe 54a23c4c56b97ee32b67e515129fa2afc18c43e494fc9a3fe3ff315274b31f74
CLIENT_HANDSHAKE_TRAFFIC_SECRET 7a110602b70d0d4900a1518b0bf785dbda83e5fbaa287d3006b2ab3223d77131 9a02cdbf6341a703cc992b7a9c6cd93184c6ecdaff85bfb2d758e5f9af3e6365
SERVER_HANDSHAKE_TRAFFIC_SECRET 7a110602b70d0d4900a1518b0bf785dbda83e5fbaa287d3006b2ab3223d77131 976be88fe2c0c409c037f5b1ad82c5c99599e234ebc460e24fdbef22e73b54ce
CLIENT_HANDSHAKE_TRAFFIC_SECRET 45ed1cdb79ef049beccf0313505e1c85f46662033eb0f08907b0bf0bb8411b0e 4a3e47f262946054173d1a20c369b51ab41eea477e3ed20cb5179bd65e95f6ea
SERVER_HANDSHAKE_TRAFFIC_SECRET 45ed1cdb79ef049beccf0313505e1c85f46662033eb0f08907b0bf0bb8411b0e 16b0d68d4cd289dcd68173f378370b38d8b2357170d7a8efb5a7cd721059f461
CLIENT_TRAFFIC_SECRET_0 7a110602b70d0d4900a1518b0bf785dbda83e5fbaa287d3006b2ab3223d77131 5fc75cc7a56d5236355be97dcfa6f1b3b79d5357f7c6360633e59cdbe340b814
SERVER_TRAFFIC_SECRET_0 7a110602b70d0d4900a1518b0bf785dbda83e5fbaa287d3006b2ab3223d77131 bacf8fb5616423ff3850733b1b2208c4e39a9e0fd47205c2cae89f0cb65dd4a6
EXPORTER_SECRET 7a110602b70d0d4900a1518b0bf785dbda83e5fbaa287d3006b2ab3223d77131 ab894dcb39e3284a07330eb7dee31ec7abe3b10c64dec3dc8d8d7fe3dc8285fa
CLIENT_TRAFFIC_SECRET_0 45ed1cdb79ef049beccf0313505e1c85f46662033eb0f08907b0bf0bb8411b0e 12266a5d239767dcf379ef65cc71bf7d569139cac520276322698f66b1ceb361
SERVER_TRAFFIC_SECRET_0 45ed1cdb79ef049beccf0313505e1c85f46662033eb0f08907b0bf0bb8411b0e 2f5c912584fe45777cb4c504be6dd623535aa35fbf986bcd9c146522d402ffe7
EXPORTER_SECRET 45ed1cdb79ef049beccf0313505e1c85f46662033eb0f08907b0bf0bb8411b0e 33b4eeefee46b0440228149b85c730710c09b65be9f84b3a88edfe80b8b7a50d
CLIENT_HANDSHAKE_TRAFFIC_SECRET 434e36ab19369796e7db373a1def709b70e8369569198f01decfb72a0a888955 49851f415e0be564191c8e20edbcb9e98b1b78d5ef1277dea734c5a8c1cc5513
SERVER_HANDSHAKE_TRAFFIC_SECRET 434e36ab19369796e7db373a1def709b70e8369569198f01decfb72a0a888955 ce9705a3e913191512b3f0f8b539d308c0a3e252c5661ea0be83938abdb0247a
CLIENT_TRAFFIC_SECRET_0 434e36ab19369796e7db373a1def709b70e8369569198f01decfb72a0a888955 0417beb53935293909124955cf2bb5f20ddfcc8bc472d8ba76aebf19f72e25a8
SERVER_TRAFFIC_SECRET_0 434e36ab19369796e7db373a1def709b70e8369569198f01decfb72a0a888955 b9541835e943376e3c9d57b6e10c1dbac84b445d6eb79c857d7787eedc29a1c5
EXPORTER_SECRET 434e36ab19369796e7db373a1def709b70e8369569198f01decfb72a0a888955 8972b7e1823fe4cb3795c12177864a9740cf27fe9558982a562c9ccaf1c31cec
CLIENT_HANDSHAKE_TRAFFIC_SECRET 1dafb49a98e0d90687dae759b3ed790f7d599e35d86cf0888030277e19bd43c9 5de20967f32dbef4926e558b6839e34a572b037fc812684d4d1f3aff01126c864949fbd23a5c670be44ed9053186c769
SERVER_HANDSHAKE_TRAFFIC_SECRET 1dafb49a98e0d90687dae759b3ed790f7d599e35d86cf0888030277e19bd43c9 bcd353efff6b1f4b04d6d107f515c690c3a6a1709a9a69f9566181a759b0b5ec27d12f393b7a4a364175a0eabe8b85da
CLIENT_TRAFFIC_SECRET_0 1dafb49a98e0d90687dae759b3ed790f7d599e35d86cf0888030277e19bd43c9 758be2e09b8cbda37823a4ed925d8b9fcd3fac2d4e412f152db13ee3012d2460c8b5c72be844a76c08391b59670020b2
SERVER_TRAFFIC_SECRET_0 1dafb49a98e0d90687dae759b3ed790f7d599e35d86cf0888030277e19bd43c9 431ab917dd9f330e2690104f0601e06fd34a306d53de54cd73e94ed7f400facb0fd14adb76f81f974820a278c7ba4793
EXPORTER_SECRET 1dafb49a98e0d90687dae759b3ed790f7d599e35d86cf0888030277e19bd43c9 4ea58e9e9d0fbc073445fc0b10f17e1fd6dc06ff856a3c136329af19ec6f30e6e4f3851c1687754604a0c1db4baa96d5
CLIENT_HANDSHAKE_TRAFFIC_SECRET 59b645d1f8f616684683d95f21d5b84c19b89a7755c97125fa018236e13cfb85 9fa209a6577e2b5596afa865e1a0889831b63af5b0187d6d083863bd61dec2e8
SERVER_HANDSHAKE_TRAFFIC_SECRET 59b645d1f8f616684683d95f21d5b84c19b89a7755c97125fa018236e13cfb85 d715b1b2f4596f2726e9c0b4c10877b3b4b2c06716c1815db0f3b1d5a0a43de7
CLIENT_TRAFFIC_SECRET_0 59b645d1f8f616684683d95f21d5b84c19b89a7755c97125fa018236e13cfb85 e64328cd42f9aca7f8698a42815b945ca45d8f6115b2d11caed8d089a4c5a4cd
SERVER_TRAFFIC_SECRET_0 59b645d1f8f616684683d95f21d5b84c19b89a7755c97125fa018236e13cfb85 70bf04beae1c574115a61e774f124060bfee62224eee6efb2b78a023d6e3d2c5
EXPORTER_SECRET 59b645d1f8f616684683d95f21d5b84c19b89a7755c97125fa018236e13cfb85 0e16f592d1adf4aa1b4b377caa79a5a58472ed7f0c7bcf469654bb88e29b23dd
CLIENT_HANDSHAKE_TRAFFIC_SECRET 40c17e660bd90f13d8e3df265c86a816a4b875b873e0e289bf54639ed4e9da90 86c7fcf46844366777b4b2d49ad8d35caf6406d3e188716c66754d29a92d983f
SERVER_HANDSHAKE_TRAFFIC_SECRET 40c17e660bd90f13d8e3df265c86a816a4b875b873e0e289bf54639ed4e9da90 77c37ce2105fbc43bc3094af94a3a63831d573f866124b5114598ee6ad9b603d
CLIENT_HANDSHAKE_TRAFFIC_SECRET 5b0287bb3c6a729feba63ae302bb5890771ef946b88ef4729d1bf6f4aa6ba639 e75a5a706c3aaa865db279b6917bf9ae3acc265447b6cd596828979d8bd6c3e495fcf597a757220848e6d438d8242048
SERVER_HANDSHAKE_TRAFFIC_SECRET 5b0287bb3c6a729feba63ae302bb5890771ef946b88ef4729d1bf6f4aa6ba639 aafe5357010ad0f57c9eee43e17bea3743f037efed05c1fe65a3167b662028db453240abafefc56929839a6ce375fed9
CLIENT_TRAFFIC_SECRET_0 40c17e660bd90f13d8e3df265c86a816a4b875b873e0e289bf54639ed4e9da90 776bd877522d13f8a7aab5a8001533c571e7b553ed3ed01e6996e37e393cb00d
SERVER_TRAFFIC_SECRET_0 40c17e660bd90f13d8e3df265c86a816a4b875b873e0e289bf54639ed4e9da90 b27bb6a0c35fa4aa474cde26bf380beefaa90a228d8d839cf9ad515e4f02b3a1
EXPORTER_SECRET 40c17e660bd90f13d8e3df265c86a816a4b875b873e0e289bf54639ed4e9da90 bd4d23ca1e5c911a7f5f120eb27d6290be7de352789bd6e9947046be5214e154
CLIENT_TRAFFIC_SECRET_0 5b0287bb3c6a729feba63ae302bb5890771ef946b88ef4729d1bf6f4aa6ba639 646d236265745a2099f819541344e25b845dc7f6546f58378e1ec26b57c874a7f18b70f9d28beb4415a58d826be4c1f7
SERVER_TRAFFIC_SECRET_0 5b0287bb3c6a729feba63ae302bb5890771ef946b88ef4729d1bf6f4aa6ba639 90503d4dd1385d7d1a98a1aeca879672f87d5057f504127f17e5ce015958d2f8d0d0c0e021b3d0e0ac4d68ad3c9c439c
EXPORTER_SECRET 5b0287bb3c6a729feba63ae302bb5890771ef946b88ef4729d1bf6f4aa6ba639 1f370b555959201ccc7e0457223fa8c41154a85e090c4799b32fac3333a594eebadeb08b4fc507e7ecebedff5d362074
CLIENT_HANDSHAKE_TRAFFIC_SECRET ebb8d25630157fbebc669da87352d6a33c9eb109030ed25a31ec3f028185e3d4 2bd95ff934d3acb4a768bb30e0c93fe8d183c46b1435ab669ea2498f5165a44f
SERVER_HANDSHAKE_TRAFFIC_SECRET ebb8d25630157fbebc669da87352d6a33c9eb109030ed25a31ec3f028185e3d4 9cbccdbc25c8163511063518df914144e54ea5c887fcc1c1c6c3b36c91a84367
CLIENT_TRAFFIC_SECRET_0 ebb8d25630157fbebc669da87352d6a33c9eb109030ed25a31ec3f028185e3d4 71119a9f6f5e1ae0d6c09330334a9a79a9a7272ff52511e035069cc14437a2d1
SERVER_TRAFFIC_SECRET_0 ebb8d25630157fbebc669da87352d6a33c9eb109030ed25a31ec3f028185e3d4 99c3f674de05a792cebba3e8775580ff1d7942750f2ff189a606c4e718d4b031
EXPORTER_SECRET ebb8d25630157fbebc669da87352d6a33c9eb109030ed25a31ec3f028185e3d4 d95a3c6a289140f5b1280bf40fb8b15db055aeba141324660295a0b46413f46a
CLIENT_HANDSHAKE_TRAFFIC_SECRET 9023e9aba8382b734e8c6bb9a7afc971fdf2e24465a2c2aaf552447d1b21f18f c4dbbd914663326b00400524a1d80d1a4acaa708757402ceab18165b4609d456
SERVER_HANDSHAKE_TRAFFIC_SECRET 9023e9aba8382b734e8c6bb9a7afc971fdf2e24465a2c2aaf552447d1b21f18f f97703429513df8fe1aa0a7ca005e9791cecab5dac1314808b6b698436beea62
CLIENT_HANDSHAKE_TRAFFIC_SECRET 89c44d5de58167afb51c5906c0c20103683a29025bd96e7b241d8f5561f5034d a5697392ff625be72553ffeff20ac4d8e72528304eb0a36c2d90fd1fd3bd6fbb
SERVER_HANDSHAKE_TRAFFIC_SECRET 89c44d5de58167afb51c5906c0c20103683a29025bd96e7b241d8f5561f5034d c2d12278659116094ac9d20f89894dd1322e068259dda20a6ed2ddb4640c108d
CLIENT_TRAFFIC_SECRET_0 9023e9aba8382b734e8c6bb9a7afc971fdf2e24465a2c2aaf552447d1b21f18f a41097dd8f681f7b8b01595b1cc94bc6a8ebb28bdff5022ee8028b649c2e08e6
SERVER_TRAFFIC_SECRET_0 9023e9aba8382b734e8c6bb9a7afc971fdf2e24465a2c2aaf552447d1b21f18f aee8882aa8aa28f05ac45ef3011ce6db0d7312abb3df3c386fc0e6a5b6fcdec8
EXPORTER_SECRET 9023e9aba8382b734e8c6bb9a7afc971fdf2e24465a2c2aaf552447d1b21f18f 479a5900f56934db88bdb4e5f43badf24f0eb0bc902df40a4d34a237388428fa
CLIENT_TRAFFIC_SECRET_0 89c44d5de58167afb51c5906c0c20103683a29025bd96e7b241d8f5561f5034d 0742ee9520d674e5861a1636a162994012f6632288c215d0b8eea1765087bf07
SERVER_TRAFFIC_SECRET_0 89c44d5de58167afb51c5906c0c20103683a29025bd96e7b241d8f5561f5034d c8c1c46541be1dd8a8441f4a60c7668821b94ff21c3a05f1d3511b0f4318f652
EXPORTER_SECRET 89c44d5de58167afb51c5906c0c20103683a29025bd96e7b241d8f5561f5034d 009fc770a72f59f408574836aa1290fa4a06fc3d0defe74d3ac819832012f554
CLIENT_HANDSHAKE_TRAFFIC_SECRET 4e0ff50b579c7769a878f5d7116d753796031e740fb34ace0220b43b02012d4a 3bf216930c4a9e49ce08e4ac1d76d33e9e16e49612a58ff59bc0c0daa2eaf72efdd571a25916b89e4318f25fb30d554f
SERVER_HANDSHAKE_TRAFFIC_SECRET 4e0ff50b579c7769a878f5d7116d753796031e740fb34ace0220b43b02012d4a e4f5c3f0a375bc059d3a69f1f4a0a1a651c439eef7c14f0b11f026a95ef1db858b31e1e483f374e770df498ae16dd569
CLIENT_TRAFFIC_SECRET_0 4e0ff50b579c7769a878f5d7116d753796031e740fb34ace0220b43b02012d4a 6bc5e875c571f33090f9fefc8140519cf3b3028fe221f19b317464cd716cb41360d9ba3d2ae72e3757351cf82e1e271c
SERVER_TRAFFIC_SECRET_0 4e0ff50b579c7769a878f5d7116d753796031e740fb34ace0220b43b02012d4a 663ad75ea142c000a8b5dddce81fa7a287148679e29101ba3c905a1cc45c4c52564bfe77aae75c7a6a744c934ea3c8b8
EXPORTER_SECRET 4e0ff50b579c7769a878f5d7116d753796031e740fb34ace0220b43b02012d4a cf7f5d6174c852dfdd2511485722edbf63a08c4bdb1e0e5d011dc3f625938846fbadd970c391e7af342453d38543b509
CLIENT_RANDOM 8bc11619fb30366a886db82decbd1d2f8548e026cb729c4bac824998054eab3e 1589ae8b61cb6addb3cef082ae116d70b8a26c2e9e0dc6270be1780dbc72ff7bbfe90c9235ae802cfedd3c257413116f
CLIENT_RANDOM 8ce3dcde495b1ef037cd49e8bc0a89fc635a4710b40dab396321047a8d00476b fee9ae5e74e1cf7282f2fb447f274b77eea35b8b768c464ea6f1d5f88a4e288270a5962aa997a9335b2105e718025028
CLIENT_HANDSHAKE_TRAFFIC_SECRET 1c5af4b4b5c01732f980307df81c01e0e257fb6d2061239d0d39ac4a1408027c 61a47754f5b609fda3bc1983e61f6f2684917d4e7c25fb648c895c06230c4786
SERVER_HANDSHAKE_TRAFFIC_SECRET 1c5af4b4b5c01732f980307df81c01e0e257fb6d2061239d0d39ac4a1408027c b03114da5217ab5a048f0af70ad42bb98d538925bd99b8b700e0584c63dfc847
CLIENT_TRAFFIC_SECRET_0 1c5af4b4b5c01732f980307df81c01e0e257fb6d2061239d0d39ac4a1408027c b09e7f07bdc6b40b170693f16402bf72dd98846d426cfe686a6297de8e10a568
SERVER_TRAFFIC_SECRET_0 1c5af4b4b5c01732f980307df81c01e0e257fb6d2061239d0d39ac4a1408027c 584c2731d59108c1cd5cddb2aaf3072c84e83ba2af5ad87447bb867f7792892d
EXPORTER_SECRET 1c5af4b4b5c01732f980307df81c01e0e257fb6d2061239d0d39ac4a1408027c 7910b547f52655028a130e33106690f87cb7c1189513af1f507518bc0a514b93
CLIENT_HANDSHAKE_TRAFFIC_SECRET 42cf77f5c4ce1a72bcdbfcfeb60d1d9511b028463b5234f56af3d9556e79338b 7dae96ef3ff783bdb52eaaf3ae5fd50102aa03162249095b7f889baaada58e5f
SERVER_HANDSHAKE_TRAFFIC_SECRET 42cf77f5c4ce1a72bcdbfcfeb60d1d9511b028463b5234f56af3d9556e79338b 00416b01c86dec0b7f4691d1a1e9ad3762db1a5374666b07058d6eef8822eb89
CLIENT_TRAFFIC_SECRET_0 42cf77f5c4ce1a72bcdbfcfeb60d1d9511b028463b5234f56af3d9556e79338b 795c2d61c178a38239f5994938d32492a3c6370467175960f97dc280124b18ae
SERVER_TRAFFIC_SECRET_0 42cf77f5c4ce1a72bcdbfcfeb60d1d9511b028463b5234f56af3d9556e79338b 91ed1a2b48d3aa0bfa76e589b75ad51ac5c9e8ba6b0d22fb7a2e890783dbc995
EXPORTER_SECRET 42cf77f5c4ce1a72bcdbfcfeb60d1d9511b028463b5234f56af3d9556e79338b 93e7b7a8e32488f95a225dff7565d1f69d1e548b089c08a65019c4751ca1de1f
CLIENT_HANDSHAKE_TRAFFIC_SECRET c2b9dda0716467a74f9fc8ebae6d6987118c39bd431abd0a9bb5db04a082d397 c0c3f7e6c000bce1901f3a05f138fd26b0ac640b38ca7a7725aaa9ceed70bceb
SERVER_HANDSHAKE_TRAFFIC_SECRET c2b9dda0716467a74f9fc8ebae6d6987118c39bd431abd0a9bb5db04a082d397 319b5b0ea1db77dae9b6cbc5a58383d81effa492e9a7a833a50281b4dd688a43
CLIENT_TRAFFIC_SECRET_0 c2b9dda0716467a74f9fc8ebae6d6987118c39bd431abd0a9bb5db04a082d397 ec65b8909dfc7ea2e74bd0be829e2c653cbb2a05eeda5508b4a5bfe3564975d1
SERVER_TRAFFIC_SECRET_0 c2b9dda0716467a74f9fc8ebae6d6987118c39bd431abd0a9bb5db04a082d397 b5dd32a3e4383f37d441cc89a39b2c20156ce92ba1ea045a62abda58aed2cbd9
EXPORTER_SECRET c2b9dda0716467a74f9fc8ebae6d6987118c39bd431abd0a9bb5db04a082d397 56400d69c6256fad22aecd82803fac2576ef18ed4373a136a2fede28087a55d6
CLIENT_HANDSHAKE_TRAFFIC_SECRET 48df60b7b20c5518c0ffa9d259001eee2633a216336fc853e6f99edea8a8e414 4461560b1253b588e761f0dbc5b5688df52baeb27f1a4f15e3ed03191eb210bc
SERVER_HANDSHAKE_TRAFFIC_SECRET 48df60b7b20c5518c0ffa9d259001eee2633a216336fc853e6f99edea8a8e414 14ffd5cc3eb6dd688df1b74ed14f919ae0b08f74240a5020475cc23f86ca82f0
CLIENT_TRAFFIC_SECRET_0 48df60b7b20c5518c0ffa9d259001eee2633a216336fc853e6f99edea8a8e414 c53192b4c9e4d9536ddc893eaffc3f08b31775b62c92d57495466c27afa68d95
SERVER_TRAFFIC_SECRET_0 48df60b7b20c5518c0ffa9d259001eee2633a216336fc853e6f99edea8a8e414 93b0c799d890f0f230bc9ca804390ed068efe6c81977acea0d13506edbf19a76
EXPORTER_SECRET 48df60b7b20c5518c0ffa9d259001eee2633a216336fc853e6f99edea8a8e414 d130e5eb29a438ee98577855371c6fbb5712f6b4f610fa86270213aaed7dd177
CLIENT_HANDSHAKE_TRAFFIC_SECRET 997ebbccc05727d7addd4d55bd2755fec2bec41de07895385e1e5b28718faa5a 9083d0f8f87a8d4b2be9c5e4b26c9130c80ac066ca2c844a250f12232bda39b9
SERVER_HANDSHAKE_TRAFFIC_SECRET 997ebbccc05727d7addd4d55bd2755fec2bec41de07895385e1e5b28718faa5a 38be84cb110824455420cb18629699dbbf62bdecd28782e8093245a87dad4cfc
CLIENT_TRAFFIC_SECRET_0 997ebbccc05727d7addd4d55bd2755fec2bec41de07895385e1e5b28718faa5a 97e2053c67ac54827cef8e6be8252fa1ee70116a5e8561bb1644323ce7713f53
SERVER_TRAFFIC_SECRET_0 997ebbccc05727d7addd4d55bd2755fec2bec41de07895385e1e5b28718faa5a 523bbfcec968d828ab063d38963c1b294fbc5d0c8d3528dbe7666283721784fe
EXPORTER_SECRET 997ebbccc05727d7addd4d55bd2755fec2bec41de07895385e1e5b28718faa5a c2834dfb0cea3fdc5ca414f3f6b303db746039782f2e1c176de32467ed562598
CLIENT_HANDSHAKE_TRAFFIC_SECRET a7d9ef2013aab3b7f7c3db978b89c6f70f59569332a3e15ba891c42143e94477 41b52fe3086e6e8b15478a6f9ad18f04518c1cdd89c837a96f36d5a3850c2daa
SERVER_HANDSHAKE_TRAFFIC_SECRET a7d9ef2013aab3b7f7c3db978b89c6f70f59569332a3e15ba891c42143e94477 c53bf8a528f059623359845c6fe604900d4db415b45226103d0f38e3fe6e28af
CLIENT_TRAFFIC_SECRET_0 a7d9ef2013aab3b7f7c3db978b89c6f70f59569332a3e15ba891c42143e94477 f759356af0293c03bf9d87c94d12d626ca66fcab0904dacbcda357db167c646b
SERVER_TRAFFIC_SECRET_0 a7d9ef2013aab3b7f7c3db978b89c6f70f59569332a3e15ba891c42143e94477 dc86d75a65de9d105f7929bda6dbd903cf36dfdaa0a4284919efb292063f94ff
EXPORTER_SECRET a7d9ef2013aab3b7f7c3db978b89c6f70f59569332a3e15ba891c42143e94477 f164b98f5c8b832ca33819410d6661603d9a72a28bedc6bf5782667e409e2f2b
CLIENT_RANDOM 9995c38bb54601bf89646bd457f40fc2725c945fcc0652fa042d3bdb6d0f811d 65dcbc6b43e021d286497ec92e7bb9658a933816a07d0f9bde333092735025ae3bcde183a6b9e47654c34057a39d5a00
CLIENT_RANDOM 797265389774ce2719777f63e7926f1c7272a1d96ed6481a8fb5a5ecea8e1e37 b54700c1673c4abbaf76ce8751258b4a27a973484b89897e7e7381755f9d3ed594a52487221609e61aa226e86fb659b9
CLIENT_RANDOM 09e8ae5f801b1e0ca90381501de695481b00b7f3c9d75cef69403faa75cdc2d1 facdb5a6f7e0600067dc0dacb3dea45f9886f7a8f2b6c7d353b40ffbae0590c4156d097f16bc1298910445e204ee20a2
CLIENT_RANDOM 24a6d9edf251dcda2ea438a7fd311e151f2bdee2b86903d752b8633cc8fba416 473218a74155ae6397de231accc94ac2fa85b0b9cccf0c1f64e578ce2ef889f05c77243565f5472bf9d5223f0f9f5008
CLIENT_HANDSHAKE_TRAFFIC_SECRET 79f8d6d1025606bdb7e5e4ac0119fd5cd2ea537802a343f561f2200ee4e99bde d0c1aafc3b8d048b84b6e8d6039bfe39da2815e44c02bbc2b9570dfb02c77f0e
SERVER_HANDSHAKE_TRAFFIC_SECRET 79f8d6d1025606bdb7e5e4ac0119fd5cd2ea537802a343f561f2200ee4e99bde 5c0e140f7107007159e582af4c04684df0e3d2261376f7d2c6ec2ac5067edc50
CLIENT_TRAFFIC_SECRET_0 79f8d6d1025606bdb7e5e4ac0119fd5cd2ea537802a343f561f2200ee4e99bde 501515761336ec92650a267fc9fe8af8cbcfe3224684197448509c611445ccd6
SERVER_TRAFFIC_SECRET_0 79f8d6d1025606bdb7e5e4ac0119fd5cd2ea537802a343f561f2200ee4e99bde aae6100e8f6064e60ea7e534d1766a0813e7cd618476c72f2580bd2e1d3f3806
EXPORTER_SECRET 79f8d6d1025606bdb7e5e4ac0119fd5cd2ea537802a343f561f2200ee4e99bde 3216e5206e1941ed0162e475535dee067845dc1dcdf8dac2306cbbd6581fe28a
CLIENT_HANDSHAKE_TRAFFIC_SECRET e0b4f63b8eab766ce888e4efba4e7b746da94e4a6b71b2c8ec844f2918a9d74a dc4a87b7c1d5784aec64391b3fb2add77d7e8c30ceac99fb6a6c134b97b105767b519bac9daa72fe10d047b5620498d1
SERVER_HANDSHAKE_TRAFFIC_SECRET e0b4f63b8eab766ce888e4efba4e7b746da94e4a6b71b2c8ec844f2918a9d74a 2ef4ebbefc4f5dc257aeb25a4df9490b0381d113d0b976d0a68cc099bc5d2ab34b494f31010e5b62843f3b9d672ac1e9
CLIENT_TRAFFIC_SECRET_0 e0b4f63b8eab766ce888e4efba4e7b746da94e4a6b71b2c8ec844f2918a9d74a 0c02422620e3ef6de5624082463beb825dd7c90c1d66133c9044fc21bd66eb41bfdb338423108bb3ccf492a8b9b5f72b
SERVER_TRAFFIC_SECRET_0 e0b4f63b8eab766ce888e4efba4e7b746da94e4a6b71b2c8ec844f2918a9d74a 95b27e49de0552760c0a4404c3316cc5f85674477b91acec859e6b1adb567c2cf6f7cbd0165ef6c60b57d6c221668c4d
EXPORTER_SECRET e0b4f63b8eab766ce888e4efba4e7b746da94e4a6b71b2c8ec844f2918a9d74a 9d90b56654d1f1efbd4ab38829cd9c74edbf9561096a70ddd94c4813beb7f3ea829eb47a4037ac08dcfa984f39662cc2
