CLIENT_HANDSHAKE_TRAFFIC_SECRET 861d76f9c930da406d4b205ec82d55b1c02ab42cb6835bd3a9dda40fd5fe8c60 4f8671bc21132319b6c25d46ed5fed2702a7b95937cd8e2fe30ffc31a7476c00
SERVER_HANDSHAKE_TRAFFIC_SECRET 861d76f9c930da406d4b205ec82d55b1c02ab42cb6835bd3a9dda40fd5fe8c60 ca7d146677474c3285a5380d48c573453b25082fb3391e5532d836d1b97b3350
CLIENT_TRAFFIC_SECRET_0 861d76f9c930da406d4b205ec82d55b1c02ab42cb6835bd3a9dda40fd5fe8c60 124ac86417ccb92340e7f4520eedc315c95b38a4de36a89c4593690d50fc7e8a
SERVER_TRAFFIC_SECRET_0 861d76f9c930da406d4b205ec82d55b1c02ab42cb6835bd3a9dda40fd5fe8c60 87568f4e41d7565df0837ffe3a9605d8493808a9b74b95390be0ed0b6de9dba5
EXPORTER_SECRET 861d76f9c930da406d4b205ec82d55b1c02ab42cb6835bd3a9dda40fd5fe8c60 97747bff30fadaf39c95ba0cd04a436629bdb21cec4ed9259be28b37ccd577ff
CLIENT_HANDSHAKE_TRAFFIC_SECRET 967ef85af77998b8aea51f94e4f6350701588ac749d61bd0b9ca799a85b450be 951fb986cb54786ba693ac56837378524b5c5ce36030c0e2a88c37614258b2eb
SERVER_HANDSHAKE_TRAFFIC_SECRET 967ef85af77998b8aea51f94e4f6350701588ac749d61bd0b9ca799a85b450be b554fb243d69a957daddb3aec624190b51091d87a9a61660666317cd322e215d
CLIENT_TRAFFIC_SECRET_0 967ef85af77998b8aea51f94e4f6350701588ac749d61bd0b9ca799a85b450be 2918f5cddfbe00acb5fe01ef7550d7b7da9e4ddabb3fcd0955c191f6d52c65c1
SERVER_TRAFFIC_SECRET_0 967ef85af77998b8aea51f94e4f6350701588ac749d61bd0b9ca799a85b450be 65e8cbb15d48a503ce16fb983a79219cfa1253ead8cde9455ee8f25fc146833d
EXPORTER_SECRET 967ef85af77998b8aea51f94e4f6350701588ac749d61bd0b9ca799a85b450be c102f341b6ffc1b55bfa2736c093d4fd8c38d85ca5998c6a88e353af5fd5b0c8
CLIENT_HANDSHAKE_TRAFFIC_SECRET ec51190a1bf314acc50c61c0d2ae1fa1eec5ef5d732d765ad70cce71ece88818 723ac393aa3b6fda978bacb1b57ad3cdf580b490e6fd5f2d531d650b1a8bd185
SERVER_HANDSHAKE_TRAFFIC_SECRET ec51190a1bf314acc50c61c0d2ae1fa1eec5ef5d732d765ad70cce71ece88818 d7fea7221ca56b66ce60813911765158e285b5a1ef70a67512d334bb8dfb05b5
CLIENT_HANDSHAKE_TRAFFIC_SECRET b0bff090ba669b75dff32b205672db2a0e59ee4947b02de4b57929526b8442ca 8943108f23c18ce9c5dd0dd04f1e6831606a4bac3b64cc3cc8a9ccbe2c44e185
SERVER_HANDSHAKE_TRAFFIC_SECRET b0bff090ba669b75dff32b205672db2a0e59ee4947b02de4b57929526b8442ca 8d5ce56b2926c515739adcec3a53553320e8da6fc153a58a859a6d2b9e5e6d49
CLIENT_TRAFFIC_SECRET_0 ec51190a1bf314acc50c61c0d2ae1fa1eec5ef5d732d765ad70cce71ece88818 7cfffa0c5bb709422539270fa209fd190e1b7eee64671ee7e7b878269c6c13da
SERVER_TRAFFIC_SECRET_0 ec51190a1bf314acc50c61c0d2ae1fa1eec5ef5d732d765ad70cce71ece88818 93b02414a44741f1d49e02396ee02bc38a94f0bd093e13997c57e101196bcd57
EXPORTER_SECRET ec51190a1bf314acc50c61c0d2ae1fa1eec5ef5d732d765ad70cce71ece88818 421f399e1dcce420dd1ee8aa96e21e19f5e6d99780b4b4224c8c2319d9be72ef
CLIENT_HANDSHAKE_TRAFFIC_SECRET e9c60b11cd6ec81e5a0acdf9aab0e7bf7dc8efaca36855b5a45368c26dcec5ab b2c22146c3c3de40446bfd50743b093d96e4041ffd791039da4685a5c8a305c8
SERVER_HANDSHAKE_TRAFFIC_SECRET e9c60b11cd6ec81e5a0acdf9aab0e7bf7dc8efaca36855b5a45368c26dcec5ab eeabc5e680d01164cffa542de40ad8417feb4b11d8e7f5c551ab9f3586981884
CLIENT_TRAFFIC_SECRET_0 e9c60b11cd6ec81e5a0acdf9aab0e7bf7dc8efaca36855b5a45368c26dcec5ab 5564c827689bee5e65641b471f03b2268eee674f29e83d788e30a141eb593f02
SERVER_TRAFFIC_SECRET_0 e9c60b11cd6ec81e5a0acdf9aab0e7bf7dc8efaca36855b5a45368c26dcec5ab 78021edbf03018cc238d02c409fb81da7a98c090213847a8a82c1efb5c0ee396
EXPORTER_SECRET e9c60b11cd6ec81e5a0acdf9aab0e7bf7dc8efaca36855b5a45368c26dcec5ab d81ae8724b4e2b6cd0d713f9140cacd8cfe3224b521682aa55244923566a11dd
CLIENT_HANDSHAKE_TRAFFIC_SECRET 361451a7b352c4e442812c517ef7bb2209e388512168295f8debdd296d06669b 2a9deb5920dc11ee9e3dd64d4d0653d645a1ed617e4234445de773713e01830c
SERVER_HANDSHAKE_TRAFFIC_SECRET 361451a7b352c4e442812c517ef7bb2209e388512168295f8debdd296d06669b c566bb17b4706fbb8cdaa196437db6973d0ff9d8d6ca619975d381d0fa845799
CLIENT_HANDSHAKE_TRAFFIC_SECRET 094c8765081b3e8e141270d8fe1ef1135a06d2d9104a9dcb719d0a04b863dbb7 dbc46ca23043604839ce71902363187742a14359e9965b58c7a16d7b571fb68f
SERVER_HANDSHAKE_TRAFFIC_SECRET 094c8765081b3e8e141270d8fe1ef1135a06d2d9104a9dcb719d0a04b863dbb7 67d6c30c5b0289ca621fb92cd82f49342e56bf1e6c1447559118b089673bca6c
CLIENT_TRAFFIC_SECRET_0 361451a7b352c4e442812c517ef7bb2209e388512168295f8debdd296d06669b adf752b2565dbea347d01edd18f44d1ec560f9ae3d5da3b1550da40859619187
SERVER_TRAFFIC_SECRET_0 361451a7b352c4e442812c517ef7bb2209e388512168295f8debdd296d06669b bf0e29b6d2bf3cd985357bb0063d371cc9b03ff7a71c1375f6cc5e1402e8af96
EXPORTER_SECRET 361451a7b352c4e442812c517ef7bb2209e388512168295f8debdd296d06669b 46ea0030368c9afa493fb873bed8955cad918608574c5b27a9b8ee178e49ef38
CLIENT_TRAFFIC_SECRET_0 094c8765081b3e8e141270d8fe1ef1135a06d2d9104a9dcb719d0a04b863dbb7 e16abc1715f20bda70a4d7297a4fac859373e39aa4cbeb7f9d518776873bdf4d
SERVER_TRAFFIC_SECRET_0 094c8765081b3e8e141270d8fe1ef1135a06d2d9104a9dcb719d0a04b863dbb7 45cd3cb7b650ea9c3b90b7c6af610f33f14721c5d3a3120c1536f2e01ee084f0
EXPORTER_SECRET 094c8765081b3e8e141270d8fe1ef1135a06d2d9104a9dcb719d0a04b863dbb7 16709e876c1067f8122965b93780954e1a8246b84c9fd09e37d1b48eacec2663
CLIENT_HANDSHAKE_TRAFFIC_SECRET 4e1b802f9c8ce38d22f74c0f3c2864095e892092293ec227d11878a18fdd128a e217cbe9d28b2b8f12eee6e3ac26e2a050a410c41badbb64a0e634530f6e1774
SERVER_HANDSHAKE_TRAFFIC_SECRET 4e1b802f9c8ce38d22f74c0f3c2864095e892092293ec227d11878a18fdd128a aa1649c889b3408f5d71cabca8a003ddec1a3a05d46ba7a27cfbaebe7056432b
CLIENT_TRAFFIC_SECRET_0 4e1b802f9c8ce38d22f74c0f3c2864095e892092293ec227d11878a18fdd128a f35a37e0163c0e23e20046caafefc33f7124b432928472395a20d668d0172cd6
SERVER_TRAFFIC_SECRET_0 4e1b802f9c8ce38d22f74c0f3c2864095e892092293ec227d11878a18fdd128a 3fe2cbd84085132f56e5ef6bfb1bf9822e55372246953f10b5d00273bf27726e
EXPORTER_SECRET 4e1b802f9c8ce38d22f74c0f3c2864095e892092293ec227d11878a18fdd128a 64cd123b8bce343d9b02dbb99efa05bd9e2fccc2f3967c1654ff06ae9cf5bc18
CLIENT_HANDSHAKE_TRAFFIC_SECRET a86ddd849849e3aeb8ae237d89b341c747b1c195ff179214382b0144cff5623a 3a93bd9a9f0e5cb42ad8209906ab66a92802bd54c950593be2c3d431d39897e0
SERVER_HANDSHAKE_TRAFFIC_SECRET a86ddd849849e3aeb8ae237d89b341c747b1c195ff179214382b0144cff5623a e6a180acabb9778d8cb689ef0bd655ab31e1e4c7f6b49e1005b63bd72d47e83c
CLIENT_TRAFFIC_SECRET_0 a86ddd849849e3aeb8ae237d89b341c747b1c195ff179214382b0144cff5623a 02d9556833bb4b3c07a0403623738287dfd9aa9de93f8386a822938ba5a791fd
SERVER_TRAFFIC_SECRET_0 a86ddd849849e3aeb8ae237d89b341c747b1c195ff179214382b0144cff5623a 65cf4ced03cb6944d92bad385fbf60cfa5ebf5c67a0aa683d32d7ad60d1d4221
EXPORTER_SECRET a86ddd849849e3aeb8ae237d89b341c747b1c195ff179214382b0144cff5623a a1924585cefe4c742643cbccb25454be912bd17d6b5710f9966138c1db1587c2
CLIENT_HANDSHAKE_TRAFFIC_SECRET 93898d81be5c1e3f7417f4c7d9acdff8d1540672e03f5161d623ff334d6b108a 46ac41fb70a19bb8276fb3930886e335ee2b1bfaaa7c662ae151f2e75b336a6a
SERVER_HANDSHAKE_TRAFFIC_SECRET 93898d81be5c1e3f7417f4c7d9acdff8d1540672e03f5161d623ff334d6b108a 944edd06b280289041f23b59e2e381a223b3a96afdb074c2cccb425fa636c8cc
CLIENT_TRAFFIC_SECRET_0 93898d81be5c1e3f7417f4c7d9acdff8d1540672e03f5161d623ff334d6b108a 46a808b249696a4c764a61179466e453342f099b16ddc1307776df148005f1b7
SERVER_TRAFFIC_SECRET_0 93898d81be5c1e3f7417f4c7d9acdff8d1540672e03f5161d623ff334d6b108a 9d71d14efe313cbb8c9b8f96750aaf032019d6c80d7dc573eacc641e7a2a6e4d
EXPORTER_SECRET 93898d81be5c1e3f7417f4c7d9acdff8d1540672e03f5161d623ff334d6b108a 0764d3972bce9e16f6e4b54771721dacd46b513731175d1fce8f698a73b37f22
CLIENT_HANDSHAKE_TRAFFIC_SECRET 308ff77bcf4f7e8c5c6ac3e97947768ceef0274a3e08d321ff3febf05bd0ca32 30b0fd22de9a64b2dd337f75fd2e8846c94aa43a618cdfbd8c485fe2414915bc
SERVER_HANDSHAKE_TRAFFIC_SECRET 308ff77bcf4f7e8c5c6ac3e97947768ceef0274a3e08d321ff3febf05bd0ca32 8a919c1d58c54ead795138509208d61c9d3129e77731ab3161a244c2a0812d88
CLIENT_TRAFFIC_SECRET_0 308ff77bcf4f7e8c5c6ac3e97947768ceef0274a3e08d321ff3febf05bd0ca32 e6d5d79891dadc37afae0cc21f5c031c67f9773e2851b31c2ad1bd8e26a6e2ae
SERVER_TRAFFIC_SECRET_0 308ff77bcf4f7e8c5c6ac3e97947768ceef0274a3e08d321ff3febf05bd0ca32 e3bb4e12f2b378ea339afffd4080ef1e1d730de6782107eae8b482f3081fd05b
EXPORTER_SECRET 308ff77bcf4f7e8c5c6ac3e97947768ceef0274a3e08d321ff3febf05bd0ca32 b3d63264943027d74cec9af09ff7ea24bc86792c8f873e3312edf1f91ac27442
CLIENT_HANDSHAKE_TRAFFIC_SECRET a56b59131b63b821375f3af74b113250d9cf8cb777de12f3784c044e4febc9e6 19d13b841a4b1d558f90681c003d9673178eb808ef191890bd3ce37006f60508
SERVER_HANDSHAKE_TRAFFIC_SECRET a56b59131b63b821375f3af74b113250d9cf8cb777de12f3784c044e4febc9e6 b2b972d940a7077aabb5b3b12474828a690ae963950c37ea10e3e0c520cd60d9
CLIENT_TRAFFIC_SECRET_0 a56b59131b63b821375f3af74b113250d9cf8cb777de12f3784c044e4febc9e6 ce0d2e935b7c8c82ab53d97def40058e241c9b8238ef8a1d92f0225284f806b6
SERVER_TRAFFIC_SECRET_0 a56b59131b63b821375f3af74b113250d9cf8cb777de12f3784c044e4febc9e6 5ed05ac10c015ac9ee06d1f610de7266747a40d6f083544e38365678f5f1839a
EXPORTER_SECRET a56b59131b63b821375f3af74b113250d9cf8cb777de12f3784c044e4febc9e6 56b452b8e76e25b448289f04290bc0e4924adbdce04548b73bdb0e64061b4d95
CLIENT_HANDSHAKE_TRAFFIC_SECRET 25757c918e174a3870f7de5239986558869766d67ae5078058e25b6949e74468 e5d7aba3bcc8337814f8698c17e7c0b18970aac800b998aeffb89c633f39beeb
SERVER_HANDSHAKE_TRAFFIC_SECRET 25757c918e174a3870f7de5239986558869766d67ae5078058e25b6949e74468 12e96af4e4d62e0345c5cd215973bf43e18572969b77babcab24c83efa66e0bd
CLIENT_TRAFFIC_SECRET_0 25757c918e174a3870f7de5239986558869766d67ae5078058e25b6949e74468 ceba75f568c16e04ae95aa50806100d7028a69ac2beea727d51d21d689b3eeb8
SERVER_TRAFFIC_SECRET_0 25757c918e174a3870f7de5239986558869766d67ae5078058e25b6949e74468 314b9da005661040cb360b0c26b3cdc8f781a858bdb3dd592d9a07eca45ae2d1
EXPORTER_SECRET 25757c918e174a3870f7de5239986558869766d67ae5078058e25b6949e74468 c842c66c1f1e371f0dc4556f5f47ca51ffbf8a9fc0e771f1889f99df9891f1ce
CLIENT_HANDSHAKE_TRAFFIC_SECRET 85e9a55022123e02cb1cd241ebbbb2abeeb44ffc0216f9db8a069c89cf55d96b 5bb3da29bb664c46c1fe6bc8c098f773fd7c2d7a95141c260a3d55d67cb14686
SERVER_HANDSHAKE_TRAFFIC_SECRET 85e9a55022123e02cb1cd241ebbbb2abeeb44ffc0216f9db8a069c89cf55d96b 2f36507f7ecb8e3dabab7e422c9436994ed9c5f5dd18c563994162a66521a96c
CLIENT_TRAFFIC_SECRET_0 85e9a55022123e02cb1cd241ebbbb2abeeb44ffc0216f9db8a069c89cf55d96b 04e9794f6c7caa7d4636f09ca105a404fe7b73ebf638f9c2cf879528d70b437c
SERVER_TRAFFIC_SECRET_0 85e9a55022123e02cb1cd241ebbbb2abeeb44ffc0216f9db8a069c89cf55d96b 0ba66dfebe162c5d13c07770b0025bff5ff0f5a482373d1e22832a38173220f6
EXPORTER_SECRET 85e9a55022123e02cb1cd241ebbbb2abeeb44ffc0216f9db8a069c89cf55d96b 1ddb620742c9f0fa37975a7b64aaf0727b8155b3c05c05c9b8e56111c4f7e53c
CLIENT_HANDSHAKE_TRAFFIC_SECRET 8c5b1410a68d5847e0d0907e316378de507d0300f05e68f6f199535fcf1087f5 6ebf34e1120d7231244ef37064182375c43c28fa52b9a3efdf7cec15f2c368b7
SERVER_HANDSHAKE_TRAFFIC_SECRET 8c5b1410a68d5847e0d0907e316378de507d0300f05e68f6f199535fcf1087f5 1bcb1a00ef5c93f41dd7b7a174a333b9ea04fe215c703a9c6e8074508282c1d2
CLIENT_TRAFFIC_SECRET_0 8c5b1410a68d5847e0d0907e316378de507d0300f05e68f6f199535fcf1087f5 f1e3a2f75eaa15032b229c7b8a8ac235e1b56ecb23d74cc9ff33a91d260da024
SERVER_TRAFFIC_SECRET_0 8c5b1410a68d5847e0d0907e316378de507d0300f05e68f6f199535fcf1087f5 8d582a2964ea3584b735b193d1fbcc662f8f2dde92cc5394274bd9319b07f542
EXPORTER_SECRET 8c5b1410a68d5847e0d0907e316378de507d0300f05e68f6f199535fcf1087f5 f8b01e82a0198031a9a10097bf451abc265c2961f864a4e852c1d5d41a839dba
CLIENT_RANDOM cb5a022ddb3d9b8a4cc3616b9ca2dddd804087606bc3af080f7d396ec68f53ff 4bfacf7544f73a55b4a172f13038981c002da5b78eacda387113f6a040ca278647ceae5fbc20ece5ed99148d6d859a85
CLIENT_RANDOM ff19a3df2fee77d36106e74120057be7292230597690fce7a74560c173352650 51beea784aa21e50e19036a04dd3ecf0eab124cbf7325b526f95e7d5ae82d7d1d82172f8a0d73ba5b18d66ac43dafe71
CLIENT_HANDSHAKE_TRAFFIC_SECRET 2e48b71adbe6b0d8598fd27f5be0fc0804673ef128cd3f513ae0005f116860c1 96d682211400eeee0c9abe829b9a971e892b03c6a44566d3e2c1495fb9476f65
SERVER_HANDSHAKE_TRAFFIC_SECRET 2e48b71adbe6b0d8598fd27f5be0fc0804673ef128cd3f513ae0005f116860c1 0dba1c939615a34be22d390b7b767d4ed6a88e4350b476052a4bc773a60e2da2
CLIENT_TRAFFIC_SECRET_0 2e48b71adbe6b0d8598fd27f5be0fc0804673ef128cd3f513ae0005f116860c1 e8d757b29445a6c34097e4fc218c0a1faef060a23355b19a823d8c71d0c6d72a
SERVER_TRAFFIC_SECRET_0 2e48b71adbe6b0d8598fd27f5be0fc0804673ef128cd3f513ae0005f116860c1 14d9bce023d58398c6d3e0c9937d19d96c575708e6aa16c14c0d6bc2976dadd5
EXPORTER_SECRET 2e48b71adbe6b0d8598fd27f5be0fc0804673ef128cd3f513ae0005f116860c1 ca6321334f8fea199f13b168f29595114a179f2959ccf2b555ecf04fea4d4fad
CLIENT_HANDSHAKE_TRAFFIC_SECRET 3fe6d9950eca64fc0da1a09ae140ace87c170570e9365614b6303d480e3600a0 6047dbe3579fb3a6c6138abcaa90940005044d1e205e9f6aaf0273db38587d20
SERVER_HANDSHAKE_TRAFFIC_SECRET 3fe6d9950eca64fc0da1a09ae140ace87c170570e9365614b6303d480e3600a0 763074bca48c499d560defd6b50cb798041614e725544f694902fea467184c06
CLIENT_TRAFFIC_SECRET_0 3fe6d9950eca64fc0da1a09ae140ace87c170570e9365614b6303d480e3600a0 3bb77e87c2d8193b737341d40ea64da49f540c13485a9065bbf4cd2f67cab552
SERVER_TRAFFIC_SECRET_0 3fe6d9950eca64fc0da1a09ae140ace87c170570e9365614b6303d480e3600a0 c198027b01dcec4135b4fd7128277f16c27bb2c3aed3f3bf60998eac069c87b6
EXPORTER_SECRET 3fe6d9950eca64fc0da1a09ae140ace87c170570e9365614b6303d480e3600a0 9662dfb091ab603149beb212469c1cdbd0fb7e21b8a69576b1171b1f103c1150
CLIENT_HANDSHAKE_TRAFFIC_SECRET 69628f4f3241a5dd9c0e4945c300020df65fce7c607a6db89e318f5e8f5728cd 5c12bddd719be251689515e6080f93270a37050e8a0c0c90d97a3b3f44941854
SERVER_HANDSHAKE_TRAFFIC_SECRET 69628f4f3241a5dd9c0e4945c300020df65fce7c607a6db89e318f5e8f5728cd e2ab1d875b81e13084e2832203b6385e33ec8efbf31789744dcc2d7975bb7760
CLIENT_TRAFFIC_SECRET_0 69628f4f3241a5dd9c0e4945c300020df65fce7c607a6db89e318f5e8f5728cd 4438ae032e231fa6e30f5f0a69f935d1d6aeb9a12859db030d3a42bfb6f48ca3
SERVER_TRAFFIC_SECRET_0 69628f4f3241a5dd9c0e4945c300020df65fce7c607a6db89e318f5e8f5728cd c25f0224cc368c2a69f5f9e3bcad5ea723860f22b78f9e75b7cc5e9f0c6ddd87
EXPORTER_SECRET 69628f4f3241a5dd9c0e4945c300020df65fce7c607a6db89e318f5e8f5728cd bc93d2f64a46033ce97c18f04e7f3a9cc40307b1a811ec2b02b4fa5d0920494e
CLIENT_HANDSHAKE_TRAFFIC_SECRET cf202d61b001bb85b10ce8c3ed5b6eff98d5133399bb3cc557ae476f0c453be7 a3fbc23488285fdaa47c0f6c4614a2c0c7a13dcb4e695407f09b60a66d836d8b
SERVER_HANDSHAKE_TRAFFIC_SECRET cf202d61b001bb85b10ce8c3ed5b6eff98d5133399bb3cc557ae476f0c453be7 bb1f9891b85cd5622597e4d938ebe74f7a62d82212b57c4c3789789f2fb53e6e
CLIENT_TRAFFIC_SECRET_0 cf202d61b001bb85b10ce8c3ed5b6eff98d5133399bb3cc557ae476f0c453be7 f1ea06d3dea790bacae5c836b29d2e418bee275211b30379b4ba61b7f4bd65f3
SERVER_TRAFFIC_SECRET_0 cf202d61b001bb85b10ce8c3ed5b6eff98d5133399bb3cc557ae476f0c453be7 3236cc2337b7d6948110a7007486cb13d5d984a2ec47f9d9a57a1478b69dcc67
EXPORTER_SECRET cf202d61b001bb85b10ce8c3ed5b6eff98d5133399bb3cc557ae476f0c453be7 6129c6b0f7c6a05c8477f2aa41d9a3fedf7981319ec1fab4cfb2fdd04afde886
CLIENT_HANDSHAKE_TRAFFIC_SECRET f0dd8bc2b0299fbb77b39520edc18e88286d63854f46984d96ee3ae5953f3380 cff72b8ce56ddd6135b9b6a4e1a9490317290283f48038a136288bfce951929c
SERVER_HANDSHAKE_TRAFFIC_SECRET f0dd8bc2b0299fbb77b39520edc18e88286d63854f46984d96ee3ae5953f3380 7093755277403b55256a486968cdb6762f18ed986c61c8d594a780da69d9f7c5
CLIENT_TRAFFIC_SECRET_0 f0dd8bc2b0299fbb77b39520edc18e88286d63854f46984d96ee3ae5953f3380 0f0a3ceebcfb0f9bb4e1da898deb1cf0f1d164d5019fe369132c0409c01744e3
SERVER_TRAFFIC_SECRET_0 f0dd8bc2b0299fbb77b39520edc18e88286d63854f46984d96ee3ae5953f3380 626fbaf7300cd105c9d685262c471ff0424f54e9ca699e545136eafada955133
EXPORTER_SECRET f0dd8bc2b0299fbb77b39520edc18e88286d63854f46984d96ee3ae5953f3380 d5b967bc488069014d7bcec3c5e3cc49a873ddd0e01214ff8efc089d8d26bdc0
CLIENT_HANDSHAKE_TRAFFIC_SECRET 8e7b7ef93f750e870789e02ab12f2332feec478db8c9016cd8c5c903756ca9cc c3e4e1b0b3d4e37f41579c8348930e0b7dacc6094290e098b134306a0abdbc74
SERVER_HANDSHAKE_TRAFFIC_SECRET 8e7b7ef93f750e870789e02ab12f2332feec478db8c9016cd8c5c903756ca9cc 362a57c8b856c607400f1bf090c14956bf28de1bc3be005073bee9f9ccfc3fba
CLIENT_TRAFFIC_SECRET_0 8e7b7ef93f750e870789e02ab12f2332feec478db8c9016cd8c5c903756ca9cc 121eedbe90f75339774d0226ff75eec96226c18d4511aae543b0e9ac215cf07b
SERVER_TRAFFIC_SECRET_0 8e7b7ef93f750e870789e02ab12f2332feec478db8c9016cd8c5c903756ca9cc aa1579b5866e6dcce1b5b38879d678e158cfc3b0389d9970619842504b6eebd2
EXPORTER_SECRET 8e7b7ef93f750e870789e02ab12f2332feec478db8c9016cd8c5c903756ca9cc da162fc86628067c1ed65c95fe731a452be9155bc92b3daa0242fdd03d9e7d19
CLIENT_HANDSHAKE_TRAFFIC_SECRET fc8600b62d93faf8937be5d407568c62a60f0daa7897b8aca56d131712ffa079 4fe7ef8a4b6c7e9ee19ce3c8758cd0ec09ccb6c76b2107b59789fb19010cf33c
SERVER_HANDSHAKE_TRAFFIC_SECRET fc8600b62d93faf8937be5d407568c62a60f0daa7897b8aca56d131712ffa079 4c1bef7ee0381b7736453853326dafc5bdbd614e2ab7057a227e7154ef192168
CLIENT_RANDOM bce7b14ea11ee886ddfc96c57eea345d28e2bc149be9d404309e8881c2735ff7 8658d3182d8ec9a50362fe05db670732a0035f3369f7bcb87f246d3b3eb6552be9404489bc5739cff1c24399a8d11cf1
CLIENT_TRAFFIC_SECRET_0 fc8600b62d93faf8937be5d407568c62a60f0daa7897b8aca56d131712ffa079 73e693c00eaba30d2ba89d090101120b2231999cb59fc681e2dd5a1622f234dd
SERVER_TRAFFIC_SECRET_0 fc8600b62d93faf8937be5d407568c62a60f0daa7897b8aca56d131712ffa079 b36ba6ad5a24342e28b3d00e8b30736b2ae51602d6062bed7b0d7580de079d0b
EXPORTER_SECRET fc8600b62d93faf8937be5d407568c62a60f0daa7897b8aca56d131712ffa079 021a40ce17d597a4d8071ea3d367cc33eb6822a90a4631e3b386aaef7ea0f449
CLIENT_HANDSHAKE_TRAFFIC_SECRET f72760b4b4dca6ab42443d8af983cc481bd6c2a71715bc7673a4b46a16b53e8d 7aab2701258eaceee3a6d5f4e0ef18cac6c3aa10b713655807eef56a39927aa9
SERVER_HANDSHAKE_TRAFFIC_SECRET f72760b4b4dca6ab42443d8af983cc481bd6c2a71715bc7673a4b46a16b53e8d 3ce29e5671d1a63b0ca51bb4c3c2ba0ff01a9cfc7565d506449e0c160a06133b
CLIENT_TRAFFIC_SECRET_0 f72760b4b4dca6ab42443d8af983cc481bd6c2a71715bc7673a4b46a16b53e8d 88780de1f6ad8526dc6c3fe4a961dcae4343ba6269a584e9ec79cafe1109bc6c
SERVER_TRAFFIC_SECRET_0 f72760b4b4dca6ab42443d8af983cc481bd6c2a71715bc7673a4b46a16b53e8d e6270dd96a5c9ee3e7a003392cf3892886313623da1dbfe4d438326d10b7a306
EXPORTER_SECRET f72760b4b4dca6ab42443d8af983cc481bd6c2a71715bc7673a4b46a16b53e8d 7e9fefcf4ec8e8d5dc9449385514daba84021a04cce4742f6edaed44de092a15
CLIENT_HANDSHAKE_TRAFFIC_SECRET 5944617b5d4ec50c3f479896805dd72be6f6739901782a4154363ef80f242f28 3f29c6e2377d408e035e17ad88df950f9aab425363ddc7526b3e505e80a6e255
SERVER_HANDSHAKE_TRAFFIC_SECRET 5944617b5d4ec50c3f479896805dd72be6f6739901782a4154363ef80f242f28 2c1f4a4b160d857ccbb3a68dc4310abe9d4e6e6a33649b0dc59d842921ca94cb
CLIENT_TRAFFIC_SECRET_0 5944617b5d4ec50c3f479896805dd72be6f6739901782a4154363ef80f242f28 37bdc9838a35128eb84645b4bea7d6ce29e83ecef439b595a81a056fd53b8c01
SERVER_TRAFFIC_SECRET_0 5944617b5d4ec50c3f479896805dd72be6f6739901782a4154363ef80f242f28 5b1785ede23952718d96d3f4420ac1cda9b86cc08f92b01b539ef788d1c61ad0
EXPORTER_SECRET 5944617b5d4ec50c3f479896805dd72be6f6739901782a4154363ef80f242f28 36ae0496c44df83ee96285bd292c36ebaef566c1982c5058d51f642b7c27ec22
CLIENT_HANDSHAKE_TRAFFIC_SECRET 0da3c8fb9515a9c8f67ffc58c5109100ab4f97dbb619adb35d83028ed5e940d2 7011d682ec15f3e77f78b1edcf0756d2db85e5e012205afd1be6d1fb40c7b8ee
SERVER_HANDSHAKE_TRAFFIC_SECRET 0da3c8fb9515a9c8f67ffc58c5109100ab4f97dbb619adb35d83028ed5e940d2 1204c0ef5dae0bac525fa9bd3d2b850e73badcd637af05f740ff2f8342886864
CLIENT_TRAFFIC_SECRET_0 0da3c8fb9515a9c8f67ffc58c5109100ab4f97dbb619adb35d83028ed5e940d2 5108a03a7648d562f74b7ded94a7cf49d8ea92e258a3f931cef64ed4646071f7
SERVER_TRAFFIC_SECRET_0 0da3c8fb9515a9c8f67ffc58c5109100ab4f97dbb619adb35d83028ed5e940d2 847c41a7e83a1eff99001edd2af3f596c5707709c490fcff6bd160007bad1596
EXPORTER_SECRET 0da3c8fb9515a9c8f67ffc58c5109100ab4f97dbb619adb35d83028ed5e940d2 670bb24b7dcc8fb304071f9bd8956c34dd2e096002062529f136c33bc8cdd405
CLIENT_HANDSHAKE_TRAFFIC_SECRET 6c649fc508a624d6d77c3757a51856fe418a1a2c0f04d51db82a131a84f373e6 0f2718a5cd3adec33f80b0013f55575526eecce37d71e4cc2aaab4591363849f
SERVER_HANDSHAKE_TRAFFIC_SECRET 6c649fc508a624d6d77c3757a51856fe418a1a2c0f04d51db82a131a84f373e6 999cc0ea404917dcfa383c4eebb1fabcc2e3817f00d9962201654c3debd131f1
CLIENT_TRAFFIC_SECRET_0 6c649fc508a624d6d77c3757a51856fe418a1a2c0f04d51db82a131a84f373e6 d3afb05be896e5e31d48b999eeda448b1b40f10f19652191580bfc21bdfaf6c6
SERVER_TRAFFIC_SECRET_0 6c649fc508a624d6d77c3757a51856fe418a1a2c0f04d51db82a131a84f373e6 94648c9d04af9ea1f866a4e9d1e6535d18455797a93d1593c78e2a2c0b00b656
EXPORTER_SECRET 6c649fc508a624d6d77c3757a51856fe418a1a2c0f04d51db82a131a84f373e6 5b66adbfa3e137cdf1b4a59ee230e37733e965113d123402bd309b80d05a519d
CLIENT_HANDSHAKE_TRAFFIC_SECRET 6f22dbae06692362066c69b1bcbdc4971c62341fc802acea395249421ec5b1c6 670056f5af49e328c95021ad6b4c83aed6479edc2b3fcfce05fb77498a800fee
SERVER_HANDSHAKE_TRAFFIC_SECRET 6f22dbae06692362066c69b1bcbdc4971c62341fc802acea395249421ec5b1c6 31fb68caaea99053cb172adb6b1c28310beea73c641cb7c9b007111f6f7ebaf1
CLIENT_TRAFFIC_SECRET_0 6f22dbae06692362066c69b1bcbdc4971c62341fc802acea395249421ec5b1c6 4b5a2c874cc0e173597bd0e22fc432b65e2e3832cad5b79d91fddbb1d18779c9
SERVER_TRAFFIC_SECRET_0 6f22dbae06692362066c69b1bcbdc4971c62341fc802acea395249421ec5b1c6 b30ef5b7d62a1d07af5a1d48ba8c5b59b036de7ff527f883921f8e50a07f6930
EXPORTER_SECRET 6f22dbae06692362066c69b1bcbdc4971c62341fc802acea395249421ec5b1c6 4f8b6aaaae893502222bc3feb461d11ef84b323d6564b5a20d9a0c40bddb6e82
CLIENT_RANDOM 1d3d0c803c3141141959f143042b767a11e0675c3737bf6eae2540e9d5624f5e dbd05ca577e75979b373f7e6f830fcb60fba133be7c91b43424649acd659e711fb37f0c4869b55dc652abf0f120b185b
CLIENT_HANDSHAKE_TRAFFIC_SECRET 20a9d61f77d5f7320ce0cc347e9e5985fdf77278bcd494208e6c7885b98a0622 8ae55c739f3228cdea7e8bf221d57d6929116600bc897df24f6dca875fced1ac
SERVER_HANDSHAKE_TRAFFIC_SECRET 20a9d61f77d5f7320ce0cc347e9e5985fdf77278bcd494208e6c7885b98a0622 ff12f9cbcec20d63f7975458db806043ed3d00d4f6183d39fefcc7b5aafb3a76
CLIENT_RANDOM 05ee3dd65b711575760614fea829d374d75866cf5a43e06d39e2b431f38c347d 02462e9aba8192e1c07a0d2fb73d4aa25181db689c3a8223280971f3023dd0a4fbab72a5a032be8bd490f26d7a722f95
CLIENT_TRAFFIC_SECRET_0 20a9d61f77d5f7320ce0cc347e9e5985fdf77278bcd494208e6c7885b98a0622 2663c4e003f4969d063c559348a0481a786f20f192507e51114a1ad2facff422
SERVER_TRAFFIC_SECRET_0 20a9d61f77d5f7320ce0cc347e9e5985fdf77278bcd494208e6c7885b98a0622 02e2043646733b50ed5ce0a7a67cc1752a3e47d700df9911dc57ae971dc39896
EXPORTER_SECRET 20a9d61f77d5f7320ce0cc347e9e5985fdf77278bcd494208e6c7885b98a0622 bcf952c1c03b1e9bc06f2eca863b43f2914019e84bffefb97cbdb52bb687bbea
CLIENT_HANDSHAKE_TRAFFIC_SECRET e65071b71c06feb79f493220cbbbdda18b1d183bb79db5041682d9d543c273e5 25df46f04900d4e1a4fabeed4e9ebb24794290214acd812de606a109bd797f50
SERVER_HANDSHAKE_TRAFFIC_SECRET e65071b71c06feb79f493220cbbbdda18b1d183bb79db5041682d9d543c273e5 2a622ecb6bc4d54f913ad4b44aa96e572e6a9057bd56280fbec85dfe7531177b
CLIENT_TRAFFIC_SECRET_0 e65071b71c06feb79f493220cbbbdda18b1d183bb79db5041682d9d543c273e5 cef87cad0a57a9f1adf6695f987dbe033d880ac27b1281e0558166b1674df39d
SERVER_TRAFFIC_SECRET_0 e65071b71c06feb79f493220cbbbdda18b1d183bb79db5041682d9d543c273e5 67a02da9547502604081edeb588641eba5581575da470fc2d8d20347bdc94885
EXPORTER_SECRET e65071b71c06feb79f493220cbbbdda18b1d183bb79db5041682d9d543c273e5 74a848b08d4841cd79aa9e1d256406b2026a3cd892b81efdf719003e385dbdc2
CLIENT_HANDSHAKE_TRAFFIC_SECRET 5d5dc07ad3fc3f04b6f208532dedaaceb4c09e2e3a0a21eaa3a4a94960195bc8 f2f34d0849672875eced85d99bf9274e60fb428a314350a1da4bc9c15d157e8c
SERVER_HANDSHAKE_TRAFFIC_SECRET 5d5dc07ad3fc3f04b6f208532dedaaceb4c09e2e3a0a21eaa3a4a94960195bc8 dc992f242c8b076a04cedcdc68461f9a23eecdcfe35daac1d1b49bd60279ca29
CLIENT_TRAFFIC_SECRET_0 5d5dc07ad3fc3f04b6f208532dedaaceb4c09e2e3a0a21eaa3a4a94960195bc8 583b1fdcf9327a40ea3bab41a8322246ec66d76b953af8054f9d59a42cd43c3d
SERVER_TRAFFIC_SECRET_0 5d5dc07ad3fc3f04b6f208532dedaaceb4c09e2e3a0a21eaa3a4a94960195bc8 8035a42b817639c58809a98ec2004f6479677ecd6c665a3837f342a94b7ca9da
EXPORTER_SECRET 5d5dc07ad3fc3f04b6f208532dedaaceb4c09e2e3a0a21eaa3a4a94960195bc8 1ed75b57c605e669adfea8d85fe5449b4439265d53d3034964cd78bfeb979513
CLIENT_HANDSHAKE_TRAFFIC_SECRET 41a57041a2267faa7935dbec7ad0961b9acd5b69b7730108ba2d1bee4d779315 faee56c08e432f86af0512fe19139a0504f4fb1efc5ae30017a7ca07e505e249
SERVER_HANDSHAKE_TRAFFIC_SECRET 41a57041a2267faa7935dbec7ad0961b9acd5b69b7730108ba2d1bee4d779315 6f61ddf117e1be5331a3a90e969d1fb67648c072e9c1115c3ff68aefa2d1770b
CLIENT_TRAFFIC_SECRET_0 41a57041a2267faa7935dbec7ad0961b9acd5b69b7730108ba2d1bee4d779315 b468294ee5ea4c07f661533262ea620531f541317b19de3241aeaac62db63641
SERVER_TRAFFIC_SECRET_0 41a57041a2267faa7935dbec7ad0961b9acd5b69b7730108ba2d1bee4d779315 0c242b0a14f40f48facf533beb91d7fa6c8c696c8e5f649be4786a1bc45031fa
EXPORTER_SECRET 41a57041a2267faa7935dbec7ad0961b9acd5b69b7730108ba2d1bee4d779315 d09dd417c7f106b70fe39dda939a5fc5fdf57d467ac6af4f45a43a9482f0bef8
CLIENT_HANDSHAKE_TRAFFIC_SECRET da6436208b093b10d48fd079604389c8b0487a07f510f0e76437b184f8a67868 8c25524237bd36bb251f4c95eba98c07d31ea14eb1ea06a62da1c7608390b8a3
SERVER_HANDSHAKE_TRAFFIC_SECRET da6436208b093b10d48fd079604389c8b0487a07f510f0e76437b184f8a67868 512418185c4c28e51e0aa097b45de52ef2abe64c4ac00f2249f153cff0050bcb
CLIENT_TRAFFIC_SECRET_0 da6436208b093b10d48fd079604389c8b0487a07f510f0e76437b184f8a67868 57c4694b93cf60ce24f818f9c4a6899e240352bac13bc70017bf627c645f9c87
SERVER_TRAFFIC_SECRET_0 da6436208b093b10d48fd079604389c8b0487a07f510f0e76437b184f8a67868 d604e05f4f7f72f5e67a21660f60fb55be1ed598af475171560641bf37a87751
EXPORTER_SECRET da6436208b093b10d48fd079604389c8b0487a07f510f0e76437b184f8a67868 d669dc867941f837d7076c668e669d38085d80cb46dec3eb9319aed8e36e39b7
CLIENT_HANDSHAKE_TRAFFIC_SECRET ef0ecf747d0bb62587f2f8dfd372e3f7935732bbc73d90862aa693f3c6b8c4c9 52d041581f3e881fa63ce9a3bb5ee7e5146372638431c8e3a221bbf2c65ac036
SERVER_HANDSHAKE_TRAFFIC_SECRET ef0ecf747d0bb62587f2f8dfd372e3f7935732bbc73d90862aa693f3c6b8c4c9 93201d4ea07265df40f85df40173479545ee1cdf42f65734ada9b0cc705d14e6
CLIENT_TRAFFIC_SECRET_0 ef0ecf747d0bb62587f2f8dfd372e3f7935732bbc73d90862aa693f3c6b8c4c9 1113addf889308e4346e2b5e1a4b0b0e7a8b7169a9f2b0d2d0522f07f890dc2b
SERVER_TRAFFIC_SECRET_0 ef0ecf747d0bb62587f2f8dfd372e3f7935732bbc73d90862aa693f3c6b8c4c9 2aa34e2176e180b8ae1fa0576f758aa1e5f23259cf7bd3e54db717a7f2d27280
EXPORTER_SECRET ef0ecf747d0bb62587f2f8dfd372e3f7935732bbc73d90862aa693f3c6b8c4c9 ed713fe3b2c8f1884262be0182cba42b781bd6c6958e6e3f5d2abc93f6e5940f
CLIENT_HANDSHAKE_TRAFFIC_SECRET 230356e293f4cbd05564df70f14308074795534f6a5c1fb1dab8f3abf31fa8f7 f28e657ba2844ba81e3d0d890830a2cf4a22db227b47c668637a8d48a789d624
SERVER_HANDSHAKE_TRAFFIC_SECRET 230356e293f4cbd05564df70f14308074795534f6a5c1fb1dab8f3abf31fa8f7 76fb66e16ddc91b09a9a12b9f2c058425a09eed39e14ace7b8f1b11ce7f8ab88
CLIENT_TRAFFIC_SECRET_0 230356e293f4cbd05564df70f14308074795534f6a5c1fb1dab8f3abf31fa8f7 d57340467ba1f3ad2aeac305bac92740578d2dedbdc7c3152b5ee47df4ec3589
SERVER_TRAFFIC_SECRET_0 230356e293f4cbd05564df70f14308074795534f6a5c1fb1dab8f3abf31fa8f7 c055a4f00e6e41da58cdededccab5094e17ef8bb65bc7d6f3d6cd82e1626733c
EXPORTER_SECRET 230356e293f4cbd05564df70f14308074795534f6a5c1fb1dab8f3abf31fa8f7 a27547627db2b4bed9ef117abe79531045c8f35cf7ac67e77d2b2baf90885bca
CLIENT_HANDSHAKE_TRAFFIC_SECRET 37a001574c5c8736ceb4b1583fa06ad3a3933cc820c85955b56e0cb7d5e58952 293c2b2e07019b0152c6622b297c75d35b55e247fc1ccf46eaff008c65bad9a8
SERVER_HANDSHAKE_TRAFFIC_SECRET 37a001574c5c8736ceb4b1583fa06ad3a3933cc820c85955b56e0cb7d5e58952 42ae7c701a51a8df205b681dc57dd61df0109929b7d5e5efe0415a632252ca6a
CLIENT_TRAFFIC_SECRET_0 37a001574c5c8736ceb4b1583fa06ad3a3933cc820c85955b56e0cb7d5e58952 5535cbb46e06d6d089aca74d124e4ffbd28d83344ee9d2fa848a89a0284932de
SERVER_TRAFFIC_SECRET_0 37a001574c5c8736ceb4b1583fa06ad3a3933cc820c85955b56e0cb7d5e58952 2ce0012d4b132ac1232ff641772de040685be7918f6602a5a2aa99a3ee898682
EXPORTER_SECRET 37a001574c5c8736ceb4b1583fa06ad3a3933cc820c85955b56e0cb7d5e58952 622107fecdf7976caf3ec8d6bc321f6a0051e12505ff439e6a94e66f0f93ef2e
CLIENT_HANDSHAKE_TRAFFIC_SECRET 548867be29f77cc0c61bae230a879de0d0d543af5b0ed4ca07c313b97c38d964 43f35af983b4e5a3edfc12a2dcfcdf5c87a653c98a033d6658573de6516f08dd
SERVER_HANDSHAKE_TRAFFIC_SECRET 548867be29f77cc0c61bae230a879de0d0d543af5b0ed4ca07c313b97c38d964 2da4a36a0dcd12847d044f48925b26c002e2e6c4f82ab3f45219b3bcad987ae1
CLIENT_TRAFFIC_SECRET_0 548867be29f77cc0c61bae230a879de0d0d543af5b0ed4ca07c313b97c38d964 07412a199d2c1b008811aa1cc7daaa8e984a9f7cbcee3e99a7e5f076584e4508
SERVER_TRAFFIC_SECRET_0 548867be29f77cc0c61bae230a879de0d0d543af5b0ed4ca07c313b97c38d964 bc2992992a9354671bce5d8e31785422c7179f99f47f0544906caec056564004
EXPORTER_SECRET 548867be29f77cc0c61bae230a879de0d0d543af5b0ed4ca07c313b97c38d964 0a58800f8a765760874a78eb9b7e78dd71e359115bb6713ed3a899fdebeb5607
CLIENT_HANDSHAKE_TRAFFIC_SECRET dd7e5845b2efeb4a418e6a5cdd222dc0f63ffe67e0b08795ba82d72537574330 60b344b29dd0553658b737bfb67f2464972462d9174c459431d49e267ed10d62
SERVER_HANDSHAKE_TRAFFIC_SECRET dd7e5845b2efeb4a418e6a5cdd222dc0f63ffe67e0b08795ba82d72537574330 da39b65ec1b1c6122193d1b14bd9477523bea2a2aec68cfde6121acadcef78ad
CLIENT_TRAFFIC_SECRET_0 dd7e5845b2efeb4a418e6a5cdd222dc0f63ffe67e0b08795ba82d72537574330 a9cb901ea5714cba2c378cc576c14eac2e1dcbaef13096d7c35907f8a1700dba
SERVER_TRAFFIC_SECRET_0 dd7e5845b2efeb4a418e6a5cdd222dc0f63ffe67e0b08795ba82d72537574330 010f49c658a947f1a4f39b894ddb99d264b05e69b8756c497ea570c6e3bb726b
EXPORTER_SECRET dd7e5845b2efeb4a418e6a5cdd222dc0f63ffe67e0b08795ba82d72537574330 e2c591198258d588fcb34a6c238f92467e05a72c4fe79a2825fbcb4d12d2f89c
