CLIENT_HANDSHAKE_TRAFFIC_SECRET e2c1f23f618fd6ee7e9abc7d6ac9cf8fa503d6531d56e55713a10a5cf750b399 2f915449503cef02c41f57af36353423da416148ca91530b638c9537390236b7
SERVER_HANDSHAKE_TRAFFIC_SECRET e2c1f23f618fd6ee7e9abc7d6ac9cf8fa503d6531d56e55713a10a5cf750b399 b8066d3d2a9d4f2e71319ad1e672c84d1f315332db4350f905bf774c533e7941
CLIENT_TRAFFIC_SECRET_0 e2c1f23f618fd6ee7e9abc7d6ac9cf8fa503d6531d56e55713a10a5cf750b399 958cddd41c0da8549b50a45eee2c58f5f83330b0ba94f7af58705c6a71f551ba
SERVER_TRAFFIC_SECRET_0 e2c1f23f618fd6ee7e9abc7d6ac9cf8fa503d6531d56e55713a10a5cf750b399 aa3ecdeca81c47e9e86dc686cf403bd311001e8a97075e56f7575952d6170754
EXPORTER_SECRET e2c1f23f618fd6ee7e9abc7d6ac9cf8fa503d6531d56e55713a10a5cf750b399 0e59e179b0572cd094c5c77af1ec96b3d37a7b48ab258407b5ed21280af7f516
CLIENT_HANDSHAKE_TRAFFIC_SECRET e2ee719e86c941df98de02a15fc13b8fb12b41761253ce43eb0cec3da3bcfb70 75ee590dde759bbae4ab3557e78996ad34c489166ab36ede7ed2747cb3f6a962
SERVER_HANDSHAKE_TRAFFIC_SECRET e2ee719e86c941df98de02a15fc13b8fb12b41761253ce43eb0cec3da3bcfb70 07cf8d682f3654333ff8e557fb26c1d65ef50c2a6058b130b972aaa7740228de
CLIENT_TRAFFIC_SECRET_0 e2ee719e86c941df98de02a15fc13b8fb12b41761253ce43eb0cec3da3bcfb70 de18cb25dd930bdcb1b605f0c0cc651b6e1a7c4a354a919440de8ade5e8e7897
SERVER_TRAFFIC_SECRET_0 e2ee719e86c941df98de02a15fc13b8fb12b41761253ce43eb0cec3da3bcfb70 636da14a3f3ba3830d1f93ce9c0a3072e24976378d28c692b6aef9f900aecd4b
EXPORTER_SECRET e2ee719e86c941df98de02a15fc13b8fb12b41761253ce43eb0cec3da3bcfb70 18514fc791936538e60ef71197991e79350d0d54a872974f43304efa34f470e8
CLIENT_HANDSHAKE_TRAFFIC_SECRET 7270907f280f53864fd6231c7d5ee7cb833f9a2c9c2500ef93836c1fbced2c0e 3c70f387c083ecc878cb2db18e380916b08aea7fe6ced9dca1ac52379814ebbe
SERVER_HANDSHAKE_TRAFFIC_SECRET 7270907f280f53864fd6231c7d5ee7cb833f9a2c9c2500ef93836c1fbced2c0e 2415bd200d0f3c1daeadaf490cfce5fe1a8415ab954c344f4cdbe10444c5ab11
CLIENT_TRAFFIC_SECRET_0 7270907f280f53864fd6231c7d5ee7cb833f9a2c9c2500ef93836c1fbced2c0e 3a8a7e3bb0209ad589331a003c9503eeb6468201a0471be1120f940d6f54a03b
SERVER_TRAFFIC_SECRET_0 7270907f280f53864fd6231c7d5ee7cb833f9a2c9c2500ef93836c1fbced2c0e 61dcff4ddcced0897675afd4d91a1f92bd68734d96b8b415574451905c5c52fd
EXPORTER_SECRET 7270907f280f53864fd6231c7d5ee7cb833f9a2c9c2500ef93836c1fbced2c0e 10b73ef0d1ac12fd4623da7c43b9b1c69cabb114cc097b9eab5cb3a358889a6c
CLIENT_HANDSHAKE_TRAFFIC_SECRET b6777a6a5a353c49a38c6570c8a109dac076ec6d90a44ef8f9714aef7ef6a811 bba0a37ac200d72e7fd0c9434af9f201773ed70854d7c9c086c0957365c75f68
SERVER_HANDSHAKE_TRAFFIC_SECRET b6777a6a5a353c49a38c6570c8a109dac076ec6d90a44ef8f9714aef7ef6a811 cc7797a404fe03dd897a3af65691e6daf3f51dd528105ed4c394da1d342c3fde
CLIENT_TRAFFIC_SECRET_0 b6777a6a5a353c49a38c6570c8a109dac076ec6d90a44ef8f9714aef7ef6a811 3ac8316e8be90d0f962f0f85ce0cd2124ef4b5beca9fdc0261660898ae4b2a5d
SERVER_TRAFFIC_SECRET_0 b6777a6a5a353c49a38c6570c8a109dac076ec6d90a44ef8f9714aef7ef6a811 dc3dfdaefd9b1a6d9cec84221352ee895966680c88b448f86727c07ae1d2e996
EXPORTER_SECRET b6777a6a5a353c49a38c6570c8a109dac076ec6d90a44ef8f9714aef7ef6a811 7dd2df72c29daf1930e1041795842266718a41bf4d5e15e4b8e26bfd1f87ef19
CLIENT_HANDSHAKE_TRAFFIC_SECRET 896c74beee6aff4345959068cd0c43975a4f95992f7a4e0834e61ad2dc80c84f b7a63ef7e7f15d849cf04275739a02966e14cf22c35a4d4f9047dd5de257fdbb
SERVER_HANDSHAKE_TRAFFIC_SECRET 896c74beee6aff4345959068cd0c43975a4f95992f7a4e0834e61ad2dc80c84f 98c976054057cfff3cea263b69ed163200989c52a70943f5bbd90ed7e36c89a1
CLIENT_TRAFFIC_SECRET_0 896c74beee6aff4345959068cd0c43975a4f95992f7a4e0834e61ad2dc80c84f d673bdde153797e7cb4063393c425acbaf537df8eadffc87e6dfd37c62fe45a7
SERVER_TRAFFIC_SECRET_0 896c74beee6aff4345959068cd0c43975a4f95992f7a4e0834e61ad2dc80c84f 901e04a7928d1dadba696dace32505271d097ee3d7eb0e2e272dbec5c245ff56
EXPORTER_SECRET 896c74beee6aff4345959068cd0c43975a4f95992f7a4e0834e61ad2dc80c84f a8cfafb2fb7bfdc25a112c765ee688199c7e4bd6ab5ef9954a81b18ede332f22
CLIENT_HANDSHAKE_TRAFFIC_SECRET d186501062e89b402687c5b7731dd57d88299f92a7384d22f5041d05bf0fc631 988dc1a07ad995ff424448401730b1fe6d571a7c6431177892ec82c9e5a9e73e
SERVER_HANDSHAKE_TRAFFIC_SECRET d186501062e89b402687c5b7731dd57d88299f92a7384d22f5041d05bf0fc631 c2d44de35c261e5bfd9cbad542e0f6e91c2e4ab787ebc0152b050a5c89b0c441
CLIENT_TRAFFIC_SECRET_0 d186501062e89b402687c5b7731dd57d88299f92a7384d22f5041d05bf0fc631 b3d44c09db3cde880f3c43d16b682746e9dca629834dea634ffcc7b82a2384ff
SERVER_TRAFFIC_SECRET_0 d186501062e89b402687c5b7731dd57d88299f92a7384d22f5041d05bf0fc631 3ac5a36487c8cc1d424815fc85cb692a8e1e001172fd9fe4f2eadcf7b65e46c3
EXPORTER_SECRET d186501062e89b402687c5b7731dd57d88299f92a7384d22f5041d05bf0fc631 68011a9d322edaa4900fd04d4e0c4972b258e4762eb338b9cad41c7b5ac2bd60
CLIENT_HANDSHAKE_TRAFFIC_SECRET 532a03f59b3df9c3abbb48225f116f4addc4f100ffa271af130588e38cffd7ed 596801571f9c32f9297c2618a3026be9168e4c6e1187f57135a08bfc79af441c
SERVER_HANDSHAKE_TRAFFIC_SECRET 532a03f59b3df9c3abbb48225f116f4addc4f100ffa271af130588e38cffd7ed fa2de451525edfd1ffdfdcb578ac4425b2c3a5e90dc9690212f0fa3645677a12
CLIENT_TRAFFIC_SECRET_0 532a03f59b3df9c3abbb48225f116f4addc4f100ffa271af130588e38cffd7ed c5a8d6565d8661fd5efcae4e83ad909559b350350fb58cbc2f659ee2dd550959
SERVER_TRAFFIC_SECRET_0 532a03f59b3df9c3abbb48225f116f4addc4f100ffa271af130588e38cffd7ed 51ba6601acf1b9b7a1e0251c90af5b8060a8740ce194cbd1c4dd8583aafa784c
EXPORTER_SECRET 532a03f59b3df9c3abbb48225f116f4addc4f100ffa271af130588e38cffd7ed 6ce0edb1f7697c34117fe025344d9e18d3afb2af1f24fc40d6737902bc0b2dac
