CLIENT_HANDSHAKE_TRAFFIC_SECRET a7beed7e3827900d88718bd4db9626428f2c23cf4d113c4eb12475ad2159a347 ad012dd51ab537ad8926a1343262b8837c5c3f3ce768154cb7e78382cc20d331
SERVER_HANDSHAKE_TRAFFIC_SECRET a7beed7e3827900d88718bd4db9626428f2c23cf4d113c4eb12475ad2159a347 38c8b483ef536b7734c67809c439402f274c23bc6ae09f6496adfbad848d2680
CLIENT_TRAFFIC_SECRET_0 a7beed7e3827900d88718bd4db9626428f2c23cf4d113c4eb12475ad2159a347 ee3577161932291ba4b56e5a862e74ee931431e04fcebaf9ed2cee4c01c69550
SERVER_TRAFFIC_SECRET_0 a7beed7e3827900d88718bd4db9626428f2c23cf4d113c4eb12475ad2159a347 1f92dc771bd79ef5923f97744e7d00df542ea2f1904e439ff3beb87d89ee7b1e
EXPORTER_SECRET a7beed7e3827900d88718bd4db9626428f2c23cf4d113c4eb12475ad2159a347 398b7ac0fe4504dc5098992061ea7b4902adc35ccd0416eee6a643f65f9d8ab0
CLIENT_HANDSHAKE_TRAFFIC_SECRET 7fc53371e2b79815805075967eb80ca425da51e5e14f0f49c55f98ec9cdc2c04 856e770419d12065810893be0fbc7bf2871844801eb1262b75591b43044ee6ba
SERVER_HANDSHAKE_TRAFFIC_SECRET 7fc53371e2b79815805075967eb80ca425da51e5e14f0f49c55f98ec9cdc2c04 a24f92a19af4a6823c42b9fa9f99d9dd133675374b8b05c006a2fa0414619291
CLIENT_TRAFFIC_SECRET_0 7fc53371e2b79815805075967eb80ca425da51e5e14f0f49c55f98ec9cdc2c04 03c4e9b1a8c797144833fe28d24b7f558fdaf9e8b52155dcd7b3658c1435cb14
SERVER_TRAFFIC_SECRET_0 7fc53371e2b79815805075967eb80ca425da51e5e14f0f49c55f98ec9cdc2c04 991c939705c6e236631330ff313d3bb78291295bdb97a8b40ae92cff4be8af33
EXPORTER_SECRET 7fc53371e2b79815805075967eb80ca425da51e5e14f0f49c55f98ec9cdc2c04 b383afd0ff685f897a8dbb74d392ed4b03a265908d777be14a20d4abb7c479bc
CLIENT_HANDSHAKE_TRAFFIC_SECRET 96b558063521654b475dd6d8134fc82e43c1f71aac4c05839d7c607fe38a8943 46812672672b92c2cad0dea471f4214f6a47fc12cc60246dc45fe62a0bcd789d
SERVER_HANDSHAKE_TRAFFIC_SECRET 96b558063521654b475dd6d8134fc82e43c1f71aac4c05839d7c607fe38a8943 741c14d89fda0a756e3b69971504e1177b88a598282179d9f62fadea12dda2e4
CLIENT_TRAFFIC_SECRET_0 96b558063521654b475dd6d8134fc82e43c1f71aac4c05839d7c607fe38a8943 f675941331d05a505512c1d5430c972e701b5e2af27d8ea386e9888d51ef4b93
SERVER_TRAFFIC_SECRET_0 96b558063521654b475dd6d8134fc82e43c1f71aac4c05839d7c607fe38a8943 011f409262959264e9e911a862a17c15e11d4398e46b57bf64587efd8e73f25e
EXPORTER_SECRET 96b558063521654b475dd6d8134fc82e43c1f71aac4c05839d7c607fe38a8943 f3939fb499cbc32453766f31bc8fd506efc8894bc3c46540dd4cfe120c96c252
CLIENT_HANDSHAKE_TRAFFIC_SECRET e3a76f5abc06e2f3c2d663ef63177bd0a052d4745e8b5831b4a50c5b8ec1b427 8fdc44bf0a21c99dd43bee78d494711b62356af31a5ac8a7b8fcbb5a33b02145
SERVER_HANDSHAKE_TRAFFIC_SECRET e3a76f5abc06e2f3c2d663ef63177bd0a052d4745e8b5831b4a50c5b8ec1b427 b780bef97d68f9c451f030612fc08acba51292f39dd65050d81978e9284df19c
CLIENT_TRAFFIC_SECRET_0 e3a76f5abc06e2f3c2d663ef63177bd0a052d4745e8b5831b4a50c5b8ec1b427 eeccb58dd2dfbf0fb0e91c852754b5c7a04d2c64e7d9a2114057ffd3b9da7e1f
SERVER_TRAFFIC_SECRET_0 e3a76f5abc06e2f3c2d663ef63177bd0a052d4745e8b5831b4a50c5b8ec1b427 31e02a4fb8c623b618c2e13f313cf75c8f5406e2a0a3e17d84aa61d1dbb3aac4
EXPORTER_SECRET e3a76f5abc06e2f3c2d663ef63177bd0a052d4745e8b5831b4a50c5b8ec1b427 9d28b2ad46265731a67beffd0d5a2459bb8540f3affd25fcd96405f02143db2d
CLIENT_HANDSHAKE_TRAFFIC_SECRET 2aed93ab957a09a864a56439801542df99142222f206ca4212e960f67f89bead e5ac1a6ab849815a7d32f09108c0fdf9273b23bd4098fa4955a10dfefe0320fd
SERVER_HANDSHAKE_TRAFFIC_SECRET 2aed93ab957a09a864a56439801542df99142222f206ca4212e960f67f89bead 6080c656aae9adfa4791da355d2366ff01adf6354b2d5d29a827ab23d92e0c47
CLIENT_TRAFFIC_SECRET_0 2aed93ab957a09a864a56439801542df99142222f206ca4212e960f67f89bead 82a7ffd9e00dc4e60f11d3612ade76e384f139bf62e07244e014963452b63919
SERVER_TRAFFIC_SECRET_0 2aed93ab957a09a864a56439801542df99142222f206ca4212e960f67f89bead d091df4921f5131bb942bf5f2b94384209919f22a0280387720d833fa0f406a5
EXPORTER_SECRET 2aed93ab957a09a864a56439801542df99142222f206ca4212e960f67f89bead d1da685cb89f30f253289d02f18ed6cc35e38d39cdf267f5abf07d636e1ecd16
CLIENT_HANDSHAKE_TRAFFIC_SECRET b534aafa19f5cc242283eecfa9223d7666f5c6d1f78212417ffed573aab11341 e6a845588260d015585a6e3ee461ea81d4c8cc50b8275999ce25f2d66dfe39fd
SERVER_HANDSHAKE_TRAFFIC_SECRET b534aafa19f5cc242283eecfa9223d7666f5c6d1f78212417ffed573aab11341 6f5482dae861bebe4cef5df5041a79c368a076cf35d7ff14be174da9bc170945
CLIENT_HANDSHAKE_TRAFFIC_SECRET 9ec9abec4bfd7b201ed50e60a2ad719c7f4294ff60217a80c4dbf2e057202611 bce624e68b86ba76b25d38eeb646295434fdc3a9fa6cd4d392e32a2b17b07008
SERVER_HANDSHAKE_TRAFFIC_SECRET 9ec9abec4bfd7b201ed50e60a2ad719c7f4294ff60217a80c4dbf2e057202611 9fa1cc685be12358973a297402ef1cd5f61f3744beb911d8fe0f3ccdd660bec9
CLIENT_TRAFFIC_SECRET_0 b534aafa19f5cc242283eecfa9223d7666f5c6d1f78212417ffed573aab11341 f459b49e613cee0f1410d7d41033ca7f5fb030f5209b68d8050937845be3495e
SERVER_TRAFFIC_SECRET_0 b534aafa19f5cc242283eecfa9223d7666f5c6d1f78212417ffed573aab11341 595182361e052969ec8a27e611954fcf85dd0a032a9c5a316a45e086814948df
EXPORTER_SECRET b534aafa19f5cc242283eecfa9223d7666f5c6d1f78212417ffed573aab11341 42bcaebff54b61b546155a208049f06e6c75f1627d3c8d980603bfe8bdf93094
CLIENT_TRAFFIC_SECRET_0 9ec9abec4bfd7b201ed50e60a2ad719c7f4294ff60217a80c4dbf2e057202611 14c669611216ec6996c9066cbfa36f9e3751c10bb6ae14b5b1fa3bf08fd3a496
SERVER_TRAFFIC_SECRET_0 9ec9abec4bfd7b201ed50e60a2ad719c7f4294ff60217a80c4dbf2e057202611 a8dcf63f68d97f65e4d65cab7606199040c6e20e136ef24bcbd043bab6858c75
EXPORTER_SECRET 9ec9abec4bfd7b201ed50e60a2ad719c7f4294ff60217a80c4dbf2e057202611 60a75b40d8c8bba89bede6126b48b47d8e6c69668c45bcb025aeed1000308cf2
CLIENT_HANDSHAKE_TRAFFIC_SECRET c21be70bc3ad211a713c1af9789683e5cb926874d74da4367e403216dc5da533 89214eabe5f67ae9feea89a2a6a61e42941a69edc7d1735be74dd6bb1cc543cb
SERVER_HANDSHAKE_TRAFFIC_SECRET c21be70bc3ad211a713c1af9789683e5cb926874d74da4367e403216dc5da533 84bde32e842984646e32e9856d43804b5e1627ed243dfe00a343e835ca0119fb
CLIENT_TRAFFIC_SECRET_0 c21be70bc3ad211a713c1af9789683e5cb926874d74da4367e403216dc5da533 335ab6383dc8e052f3ca284827e42ddf7ae58197e7c4b8570e90750a0637f84d
SERVER_TRAFFIC_SECRET_0 c21be70bc3ad211a713c1af9789683e5cb926874d74da4367e403216dc5da533 36a845507456974cd7c9922289ec20584498e564c3c9cce1c6903c44c506220b
EXPORTER_SECRET c21be70bc3ad211a713c1af9789683e5cb926874d74da4367e403216dc5da533 2338b6d9687b727db8bdb633a52cbd22d68e2a29e9bc7924102f8a76cfc56015
CLIENT_HANDSHAKE_TRAFFIC_SECRET 63e824135c08993be5cb87344d304b4b6a55bbeb9c23d8f42b94dcce4a0064fc 9811eac0fd94dcc0523c07d5201e44a6276e71f5db94ee9bcf86cc2637efae0e
SERVER_HANDSHAKE_TRAFFIC_SECRET 63e824135c08993be5cb87344d304b4b6a55bbeb9c23d8f42b94dcce4a0064fc 66526cd3983b36504f9c786d0383975cf6007cc14c0a138fcc0fb23ea12bc137
CLIENT_TRAFFIC_SECRET_0 63e824135c08993be5cb87344d304b4b6a55bbeb9c23d8f42b94dcce4a0064fc a3e3d33035a969d553dccb1ffa8bf5f4f593a39a0a82b34dc30671604730841c
SERVER_TRAFFIC_SECRET_0 63e824135c08993be5cb87344d304b4b6a55bbeb9c23d8f42b94dcce4a0064fc 78919af7cfb31ecd4c7772866cdd2261b8dfa27a99e34e0eafc14e7dff6de735
EXPORTER_SECRET 63e824135c08993be5cb87344d304b4b6a55bbeb9c23d8f42b94dcce4a0064fc 5b94be5651293abe274c339d284682d5eb334e47488127efbb198657e4f00984
CLIENT_HANDSHAKE_TRAFFIC_SECRET 93cff558e0b3ceb80759556371fc6aa3fdb0d5ffb3a5ae60f59b891ca2997483 9a6d9c46e0b84b3e2f298f84a5667449b8bea317525535ce47a65b8103f03af9
SERVER_HANDSHAKE_TRAFFIC_SECRET 93cff558e0b3ceb80759556371fc6aa3fdb0d5ffb3a5ae60f59b891ca2997483 07173ee767a527019e7b0ef9e87d8f548da7bbccc7d6e6d82334e3531056cf49
CLIENT_TRAFFIC_SECRET_0 93cff558e0b3ceb80759556371fc6aa3fdb0d5ffb3a5ae60f59b891ca2997483 439412db7f9e2bc5fb37abd831a2049edc218c1a68ef09e99eefe4acc71a977d
SERVER_TRAFFIC_SECRET_0 93cff558e0b3ceb80759556371fc6aa3fdb0d5ffb3a5ae60f59b891ca2997483 a544b3ac833eb6a7e556b957191be48de56de70150cbd9d0b9e976c59f06c52b
EXPORTER_SECRET 93cff558e0b3ceb80759556371fc6aa3fdb0d5ffb3a5ae60f59b891ca2997483 58c9228616d950132f7cc303eb9c651ef6ab79ed6bf934d72fbcb3f2b68eaad3
CLIENT_HANDSHAKE_TRAFFIC_SECRET cbc39cb8ff6c6f7853c760b21e233c26177e4768acad67577eea61225999bcba 2e342d69064358790d5f9482156a2f9322e01c1d499bc01b30cfab3ebedad91d
SERVER_HANDSHAKE_TRAFFIC_SECRET cbc39cb8ff6c6f7853c760b21e233c26177e4768acad67577eea61225999bcba 710208e1a214801ea1d33a9e822cc38af291efe4f05b27ba95396b89691e9535
CLIENT_TRAFFIC_SECRET_0 cbc39cb8ff6c6f7853c760b21e233c26177e4768acad67577eea61225999bcba f06f717aed6c35c42fa90bd76c9a9f87fc330e3da51701e168cdd0e91b3d18da
SERVER_TRAFFIC_SECRET_0 cbc39cb8ff6c6f7853c760b21e233c26177e4768acad67577eea61225999bcba 182d5873d7142195ebd2c83aad03e0c2ace47a78f89370ed8f1d3f77d03e028f
EXPORTER_SECRET cbc39cb8ff6c6f7853c760b21e233c26177e4768acad67577eea61225999bcba 30a505d1c096566f5542f348ba2f35054ee1b565a31f7de11a3ebcabebe5ff9c
CLIENT_HANDSHAKE_TRAFFIC_SECRET 32331f85bd008bc33ea4e54317dbd912b5ed1e2007960cf4dfea9ee96fdf1b5e 92ef91102192accbd1d913e916ec8dac2a9b6d5e4953b4bad80d4483e2e96ab9
SERVER_HANDSHAKE_TRAFFIC_SECRET 32331f85bd008bc33ea4e54317dbd912b5ed1e2007960cf4dfea9ee96fdf1b5e a850cb38e0eaeff0476f931f2e5942245178a20bd754d8d757cd7daa631d769b
CLIENT_TRAFFIC_SECRET_0 32331f85bd008bc33ea4e54317dbd912b5ed1e2007960cf4dfea9ee96fdf1b5e 9e6c0f26e72ad1856bcab8ee698a7b7b411114fc1b58c3aaeda52f0780af8864
SERVER_TRAFFIC_SECRET_0 32331f85bd008bc33ea4e54317dbd912b5ed1e2007960cf4dfea9ee96fdf1b5e 373f1e8a1b8474f3cfdedb0074d1a13ab27b3a9cab2183e3f58182a514fa439a
EXPORTER_SECRET 32331f85bd008bc33ea4e54317dbd912b5ed1e2007960cf4dfea9ee96fdf1b5e 510f5617efa9fbf281e943d48e5d2dc3ac07b9f37455cbcfbb43794697da8dad
CLIENT_HANDSHAKE_TRAFFIC_SECRET a2e91a62d945b349ab4c25b06942783883be1b208e583f41aadaed74d7169b46 e011684347272b34e1e65953d7dfde8b863fdca9aeabc7d3c6348fad7a302c897ce5c5bf79a32a12c9772e7d97fdf482
SERVER_HANDSHAKE_TRAFFIC_SECRET a2e91a62d945b349ab4c25b06942783883be1b208e583f41aadaed74d7169b46 2dc5faa931ba554d156c516976ad94b8559cc5b47a60b10517e275ecd8d740728c8cc04d274653ffb4728d20a7cf8cbd
CLIENT_TRAFFIC_SECRET_0 a2e91a62d945b349ab4c25b06942783883be1b208e583f41aadaed74d7169b46 dfbb66c2cdfeb59dbe0eea2b16b60350f8cd71b050ff6e1779de41c2261524568331e1620a2949fc6becf4a369d6711f
SERVER_TRAFFIC_SECRET_0 a2e91a62d945b349ab4c25b06942783883be1b208e583f41aadaed74d7169b46 1438e250d6018c9323281e8391815a66a70fce2c66d5f90b1cac6fd81a138ae33638c6e83c3270415e121bf96dea43e9
EXPORTER_SECRET a2e91a62d945b349ab4c25b06942783883be1b208e583f41aadaed74d7169b46 74f3bff13eb77c50fc4f910f9464367c90ac7016f9a10f851e09be7304b776db6fec8b17028e05b3bab1acfbfe9c2d09
CLIENT_HANDSHAKE_TRAFFIC_SECRET 093d854c12157b4c0b66e021409f9e8f7b08151a828fa17b5b296f6775cded3b 9ad33d98eac7e40b39fbbf46e9089ce427ebabe5b804ea37d0e8a575f3aa67d7
SERVER_HANDSHAKE_TRAFFIC_SECRET 093d854c12157b4c0b66e021409f9e8f7b08151a828fa17b5b296f6775cded3b cbec813c852733aa41c656169ff3aa1f6f3ea10b46d9079df27b1016ce2f37ea
CLIENT_TRAFFIC_SECRET_0 093d854c12157b4c0b66e021409f9e8f7b08151a828fa17b5b296f6775cded3b 42135ee751d20e2e2f76fc45831ad047236395d53a707db5b5b5f9883ef31f08
SERVER_TRAFFIC_SECRET_0 093d854c12157b4c0b66e021409f9e8f7b08151a828fa17b5b296f6775cded3b c98fa500c02d23c5c354709a3cd52906d4bc63efabef8e58d33bdcdd86cfad02
EXPORTER_SECRET 093d854c12157b4c0b66e021409f9e8f7b08151a828fa17b5b296f6775cded3b 3fcd1f0cb4a2cdc835cbd332bc912841ac04762da2c587fa8aa9f3b7a7b7e6b0
CLIENT_HANDSHAKE_TRAFFIC_SECRET a34c8f1fc08f01bc9abc425014a40ed2bc808fbcc1d770532d0658b8e03c5575 73015af0489094cbe16efd4bfc5ef10e7e8caa2829472549bfccc26dd1b3c4c3
SERVER_HANDSHAKE_TRAFFIC_SECRET a34c8f1fc08f01bc9abc425014a40ed2bc808fbcc1d770532d0658b8e03c5575 467fec2954ad1182eb951ba18d5e665d4844076a5cd225434a4a042d96424f8c
CLIENT_TRAFFIC_SECRET_0 a34c8f1fc08f01bc9abc425014a40ed2bc808fbcc1d770532d0658b8e03c5575 1d34fc7abd18d16b170528cad65834ff897cb456c4569bd9611f5f92db51d468
SERVER_TRAFFIC_SECRET_0 a34c8f1fc08f01bc9abc425014a40ed2bc808fbcc1d770532d0658b8e03c5575 0d128823460f7856458dc6879c262adcb25d0241a24130b5e916e7bd89648ddb
EXPORTER_SECRET a34c8f1fc08f01bc9abc425014a40ed2bc808fbcc1d770532d0658b8e03c5575 d4609814cc267adb7f4fbc1cf21e9787257d31df09cb1815150a971bd268f5ed
CLIENT_HANDSHAKE_TRAFFIC_SECRET 940e76f0a68e8eeca62c02a5bd625b2d5aba76b12556dad0c48cd98dae4c83a4 2ed63c41c8c5206a97d609460d08a7c8f7a2d6ed3b20ca646762556f448e23a0
SERVER_HANDSHAKE_TRAFFIC_SECRET 940e76f0a68e8eeca62c02a5bd625b2d5aba76b12556dad0c48cd98dae4c83a4 9ddb2c0254d14c94cc20b78234412b1645174cc1d2a1de82874b21603afc6ef4
CLIENT_TRAFFIC_SECRET_0 940e76f0a68e8eeca62c02a5bd625b2d5aba76b12556dad0c48cd98dae4c83a4 956c1d0ae3fb29cb7abb43799c6ecc2bd1183d476e824680051c1dc9b79ad45d
SERVER_TRAFFIC_SECRET_0 940e76f0a68e8eeca62c02a5bd625b2d5aba76b12556dad0c48cd98dae4c83a4 c222bff434cae4c84ded2b84d38d3c09ddbf625957fafd7c4aa9d0a945ef3730
EXPORTER_SECRET 940e76f0a68e8eeca62c02a5bd625b2d5aba76b12556dad0c48cd98dae4c83a4 0a9ea4baf2fe91592aba7cf9dcdac1a9111a4655a04d04dbe56a87cc8ee64032
CLIENT_HANDSHAKE_TRAFFIC_SECRET bc8eb5e52bc5617e0f4e4e0030bce63f334ccb0ebb422509aebb0758c7ff5101 ca90c276ffc68198c021583c1e3c17a5f973b9a6b0d74287c4086d8a31bf63de
SERVER_HANDSHAKE_TRAFFIC_SECRET bc8eb5e52bc5617e0f4e4e0030bce63f334ccb0ebb422509aebb0758c7ff5101 2446e6aa6cda7d8f993a568d962b29150a7390f10a7f049003c0af61d12e3364
CLIENT_TRAFFIC_SECRET_0 bc8eb5e52bc5617e0f4e4e0030bce63f334ccb0ebb422509aebb0758c7ff5101 2404f3cd72e958307cfe697414888a935343b85d80ac6d9d75958736464d1679
SERVER_TRAFFIC_SECRET_0 bc8eb5e52bc5617e0f4e4e0030bce63f334ccb0ebb422509aebb0758c7ff5101 1673c29fc7efe0ac91ed18e7ade3f161633f57483202ec06546ec58bcd31d3dd
EXPORTER_SECRET bc8eb5e52bc5617e0f4e4e0030bce63f334ccb0ebb422509aebb0758c7ff5101 3bc723df90d915e141357b6dfe9b3dfb41355bd0ab2fc0c3525e781ab634d834
CLIENT_RANDOM 31b28e4c05ed68f7be0b926c576021597af1dc352ac3824ac0a25e711d577a5c d852a2b8c0a098355dd7a22facac36be2c919c108d6ad5f7620af23bdd18ed1f53f4d5f42aece5496a2bb93d2c174034
CLIENT_HANDSHAKE_TRAFFIC_SECRET dd3605cba1de163c9f98fb1fe44006a39da6acf8c4ee5aad69d9d355eabca216 72399e45cd550fb35062d5996ab8bb9b55e9bcdb74cccd42bb24b6c337c92a49
SERVER_HANDSHAKE_TRAFFIC_SECRET dd3605cba1de163c9f98fb1fe44006a39da6acf8c4ee5aad69d9d355eabca216 789b8a1604fa13e9dcbad2130362b12c0f3d2d3ef4149c857738df5de6d78b50
CLIENT_HANDSHAKE_TRAFFIC_SECRET cab91c79c9dbd2c14af4c04a0f2fd92c61b2922e1d140e55222ca0d44f39e436 108ed3e16bb68a7a660115d5f7c4fc042f47a7071adfa089dc441c460d8824dd
SERVER_HANDSHAKE_TRAFFIC_SECRET cab91c79c9dbd2c14af4c04a0f2fd92c61b2922e1d140e55222ca0d44f39e436 f6f0e629c1faebedbaf8a1d6fdf4ad795fb87dfcef0c359608ae738758d90191
CLIENT_TRAFFIC_SECRET_0 dd3605cba1de163c9f98fb1fe44006a39da6acf8c4ee5aad69d9d355eabca216 991d9177f446aff80914f35cf6a500a151d1f582d751600bca80a133ef6681d8
SERVER_TRAFFIC_SECRET_0 dd3605cba1de163c9f98fb1fe44006a39da6acf8c4ee5aad69d9d355eabca216 a6e8d0e7188a5024b4e29b392d74ed4014f9e8fa45cf7fea013768cef67b64e0
EXPORTER_SECRET dd3605cba1de163c9f98fb1fe44006a39da6acf8c4ee5aad69d9d355eabca216 80df7d07fbb1475a08f7bc71534c9f4f7009824e349e1a4b54605786c58639b7
CLIENT_TRAFFIC_SECRET_0 cab91c79c9dbd2c14af4c04a0f2fd92c61b2922e1d140e55222ca0d44f39e436 4ee175fcc33cefd2719c201efabe989fd353366f4ac95fbf69220ee2d6c4b156
SERVER_TRAFFIC_SECRET_0 cab91c79c9dbd2c14af4c04a0f2fd92c61b2922e1d140e55222ca0d44f39e436 c00e637adfb607ea92fe327bc166dcd4db05f4a6b9c6679454decf15e13ab478
EXPORTER_SECRET cab91c79c9dbd2c14af4c04a0f2fd92c61b2922e1d140e55222ca0d44f39e436 b4c47bd23ceeabba6bdeeca0754d6b58af079ef44617bffe92301e45cac821c4
CLIENT_HANDSHAKE_TRAFFIC_SECRET aa9c252624105a7a8fc9dd4e3c579a0b888cd35cfe2c2555892473250df3739c 73ba15351da6696097a94d54010315194afc5d2f8985ba40f799b0f96a03413189bb745accebc166da68b6955e53bae2
SERVER_HANDSHAKE_TRAFFIC_SECRET aa9c252624105a7a8fc9dd4e3c579a0b888cd35cfe2c2555892473250df3739c 13a30992eda79c36cbf60d10f4a9bde54418b2456bb8be441df3ba34aefa24e551f9b4fb2f6048fbdec78de81b77f105
CLIENT_TRAFFIC_SECRET_0 aa9c252624105a7a8fc9dd4e3c579a0b888cd35cfe2c2555892473250df3739c 76b35b85a58e930c58d41211321b80026d07126bfe14fdfdddf968974f919f9bc6d4cba87e57ddf7f6f696738caead9c
SERVER_TRAFFIC_SECRET_0 aa9c252624105a7a8fc9dd4e3c579a0b888cd35cfe2c2555892473250df3739c 1773478ec7c8f002814da71dc1e009744ca095e6238c321856ca4700ccbae84aa65ecf41542e0e35a7c98e1b8b7d71db
EXPORTER_SECRET aa9c252624105a7a8fc9dd4e3c579a0b888cd35cfe2c2555892473250df3739c a13b42ebfeeed08db9b0318be5101aa98fcae8d9a0a307564f56f5cdf70f34a324f472d7bb752771e7905356f8c7aceb
CLIENT_HANDSHAKE_TRAFFIC_SECRET 0a4296b824f82de0b23d0ca7baed61bfd31ee49cdeb856fc78a662c24b275906 dae57ecd9ea7cbe77a57284a7175916e29c039ff32ac848f8f059aaa6c12a11f
SERVER_HANDSHAKE_TRAFFIC_SECRET 0a4296b824f82de0b23d0ca7baed61bfd31ee49cdeb856fc78a662c24b275906 016d9962e586e0a8b921c122328dd52094a45fa82cd5c2221ebad5fc3a6d1aa3
CLIENT_HANDSHAKE_TRAFFIC_SECRET fde912b086427f575d1dc63f04a6776e0d39c962e8bee5622a45ea8bd1a11a89 73ac8954852b017e1f5b3d8a457e92a0ec1a3797fd1d0a556069788c8c77b934
SERVER_HANDSHAKE_TRAFFIC_SECRET fde912b086427f575d1dc63f04a6776e0d39c962e8bee5622a45ea8bd1a11a89 4c11a4c2e0c272ccae304e4a47cff8309a289a0279418acbd7729a79a47da325
CLIENT_TRAFFIC_SECRET_0 0a4296b824f82de0b23d0ca7baed61bfd31ee49cdeb856fc78a662c24b275906 ca0cfbc070c3e1c7dafca2309119d6c44d9cd2ba446d3a2ad86115cfd2709328
SERVER_TRAFFIC_SECRET_0 0a4296b824f82de0b23d0ca7baed61bfd31ee49cdeb856fc78a662c24b275906 14efffe23b152669284757c5be20d7e81f751800c8df1e5e1f8348a81df5bcef
EXPORTER_SECRET 0a4296b824f82de0b23d0ca7baed61bfd31ee49cdeb856fc78a662c24b275906 365016c0e9fbb3da1546515e3d9fd463d752cd4f7badc6ac9be706740a89ff1c
CLIENT_TRAFFIC_SECRET_0 fde912b086427f575d1dc63f04a6776e0d39c962e8bee5622a45ea8bd1a11a89 acadfcc2cbe59db443b6355ff1ea2fd3bf9c81ada27acda5a8e68f49e558f2d9
SERVER_TRAFFIC_SECRET_0 fde912b086427f575d1dc63f04a6776e0d39c962e8bee5622a45ea8bd1a11a89 2beb3da5b7d31292e5feaa11bb4d38a349608a803395a81da6cf5142561660f2
EXPORTER_SECRET fde912b086427f575d1dc63f04a6776e0d39c962e8bee5622a45ea8bd1a11a89 81cf1c6bb8b7e67f24875c99e04a8db55b961b3832eef993b1aa37771fb23faf
CLIENT_HANDSHAKE_TRAFFIC_SECRET 2c60946978b1cb3433c31cf45d01e0ede1bebcfec11cd57a3e3995cfa2fcc5cb d0df44a1fc0d602b7b0953efa3bfe6c69933bcccfac27de05a242b837ca87fe6
SERVER_HANDSHAKE_TRAFFIC_SECRET 2c60946978b1cb3433c31cf45d01e0ede1bebcfec11cd57a3e3995cfa2fcc5cb dc909157ee855614ad2558a722c1189580fcfe6345662258ff9b1cced07a2473
CLIENT_TRAFFIC_SECRET_0 2c60946978b1cb3433c31cf45d01e0ede1bebcfec11cd57a3e3995cfa2fcc5cb dfc9c5f652c91efd85308d311edaa382083a2b5c8a8bf34f135693dd1c83f651
SERVER_TRAFFIC_SECRET_0 2c60946978b1cb3433c31cf45d01e0ede1bebcfec11cd57a3e3995cfa2fcc5cb 75df2361c2beafa9a9790c5cea36b944121f20135b6fff362690a0ea53882873
EXPORTER_SECRET 2c60946978b1cb3433c31cf45d01e0ede1bebcfec11cd57a3e3995cfa2fcc5cb 66a9190eb3e330f421c377a1b078d6fee48b07af2941239ebadf0d5792ccc966
CLIENT_HANDSHAKE_TRAFFIC_SECRET 3ef2b380c8048b0c059b831098ab659a1d92e918b23d6c693bdda08d3bb731b7 a7997ab953863a87f54078881d9b17192429ab23b70cf8d6f395401870d99b11
SERVER_HANDSHAKE_TRAFFIC_SECRET 3ef2b380c8048b0c059b831098ab659a1d92e918b23d6c693bdda08d3bb731b7 c6d602e904c3ee5992292e35a7b32fcccd656bfcb4d87250661adbc6fe53ea2a
CLIENT_TRAFFIC_SECRET_0 3ef2b380c8048b0c059b831098ab659a1d92e918b23d6c693bdda08d3bb731b7 17da6a7b2bbf96f355db9d8d63569dabb6c629d40759f90f1cd6c46d0b929d7b
SERVER_TRAFFIC_SECRET_0 3ef2b380c8048b0c059b831098ab659a1d92e918b23d6c693bdda08d3bb731b7 7869a4b50ae71bed56fab676ddd2993eece466370cd723416bb3d453eca1b108
EXPORTER_SECRET 3ef2b380c8048b0c059b831098ab659a1d92e918b23d6c693bdda08d3bb731b7 8ff1878d9346200cecb2bdee654de3d53bd0d6f71494888b376c402cb550cb6b
CLIENT_HANDSHAKE_TRAFFIC_SECRET f74c36ff87957f4a52e15f7b17f3e4d490b70d0cdb44b07772e59ff97c5d2586 0a9398d5330a6febc2d60d37b833a24347a835853fca4a2d98ebaa289795b240
SERVER_HANDSHAKE_TRAFFIC_SECRET f74c36ff87957f4a52e15f7b17f3e4d490b70d0cdb44b07772e59ff97c5d2586 e425bb1aba6f74a8bb2b469d602d2c5af1d0a62dbe37177f771b2a02d85f9c0f
CLIENT_TRAFFIC_SECRET_0 f74c36ff87957f4a52e15f7b17f3e4d490b70d0cdb44b07772e59ff97c5d2586 277c7906eaaab0eb67fd5cb9e0b7792e89a7b4b129344e237aea7b737e3eaeb2
SERVER_TRAFFIC_SECRET_0 f74c36ff87957f4a52e15f7b17f3e4d490b70d0cdb44b07772e59ff97c5d2586 c154be05a8c071004af85fce2026061e20d059df5d3ec6c66338ef3ee43e0223
EXPORTER_SECRET f74c36ff87957f4a52e15f7b17f3e4d490b70d0cdb44b07772e59ff97c5d2586 fa1a4b72ee191b3b2bfe4c8015132eff5211a47b8c78a6a18632028d5453232b
CLIENT_HANDSHAKE_TRAFFIC_SECRET ffe9233154063027c44dfecd6ba969d4bc65fded70d63b67fea6c919c488703a f93aee08e6a68b8024406385bd2ce3a7d149bfa9d3f277f9643bed19117064ee
SERVER_HANDSHAKE_TRAFFIC_SECRET ffe9233154063027c44dfecd6ba969d4bc65fded70d63b67fea6c919c488703a 25f1007f0a9613c6974cb80e1d4c8508eac0b8c1c27e99971c70d91037387cba
CLIENT_TRAFFIC_SECRET_0 ffe9233154063027c44dfecd6ba969d4bc65fded70d63b67fea6c919c488703a e341e83e2106b8a55c0795a17c51f1547b777816c7c5ad18548140dafd20f2d2
SERVER_TRAFFIC_SECRET_0 ffe9233154063027c44dfecd6ba969d4bc65fded70d63b67fea6c919c488703a 823a99ca4e7e31653e1da475ae7d8947280f6b30d480b6ca01c45c08a9b12a7c
EXPORTER_SECRET ffe9233154063027c44dfecd6ba969d4bc65fded70d63b67fea6c919c488703a d2b321c8f73186278b55b7eb6f7c89c3ce68ef0234f34de1887ae9d851acab89
CLIENT_HANDSHAKE_TRAFFIC_SECRET a184aadd7132d67968fb3c40772625cd193b159c03386c8cac7df63f2efdec5b 849be226cdff01b2f18a508148c465e544024c7c1b4e9d921c6c6380b7ef9daf
SERVER_HANDSHAKE_TRAFFIC_SECRET a184aadd7132d67968fb3c40772625cd193b159c03386c8cac7df63f2efdec5b 9a188d962431d507bc034bc6d3b95b5a0dc74221d8e881bb092ebe790af3814e
CLIENT_TRAFFIC_SECRET_0 a184aadd7132d67968fb3c40772625cd193b159c03386c8cac7df63f2efdec5b c414d561e814a923fd8f1a197972519ee98c5d30a8b99dd7709fc82f058d6040
SERVER_TRAFFIC_SECRET_0 a184aadd7132d67968fb3c40772625cd193b159c03386c8cac7df63f2efdec5b c122729ca75799a369656994262fd5124aecb448cd7a0e10abfca337de7acfaa
EXPORTER_SECRET a184aadd7132d67968fb3c40772625cd193b159c03386c8cac7df63f2efdec5b 8926b90acd6534fcb6cddfd66d241d140e39ac292fc3442a2248b6eeafcc7d08
CLIENT_HANDSHAKE_TRAFFIC_SECRET 8a8eb978877c823555a670968e367dcc4c8e2fbc71de1301c47f3d45cc88b727 d8eb5c5a852aa09cbad6b3cff09419ef518faa48517f929ce0172a460af7128e
SERVER_HANDSHAKE_TRAFFIC_SECRET 8a8eb978877c823555a670968e367dcc4c8e2fbc71de1301c47f3d45cc88b727 4501d3479bff663ff195b8932b7ed42903ddc282fa24c68b1922a0393b574961
CLIENT_HANDSHAKE_TRAFFIC_SECRET 197adee04cc69166af39ae38e8b1cd5b0e1ace0e37cc88bb55a3b0b56eb7f40e 4e01a80669bf55de684c69a8283b7da8063fe763b9e38e7a1e0c7c5a205fa7c58e7e582cd3a1a8bc2432c900a892c53a
SERVER_HANDSHAKE_TRAFFIC_SECRET 197adee04cc69166af39ae38e8b1cd5b0e1ace0e37cc88bb55a3b0b56eb7f40e 3be58db4d436b29b414c174eae57f2f2ea8b433fdbd2eed3c63881faee39fcf2099d42058f69079add43a584e90585b0
CLIENT_TRAFFIC_SECRET_0 197adee04cc69166af39ae38e8b1cd5b0e1ace0e37cc88bb55a3b0b56eb7f40e 2db2e27107672455a9d0eee94a04ffd9a363b9653c0d4c4fab5cd5cf7337ef9d3417340b686ff2bb4de8f3e4f2e90a45
SERVER_TRAFFIC_SECRET_0 197adee04cc69166af39ae38e8b1cd5b0e1ace0e37cc88bb55a3b0b56eb7f40e 7d6f64f0251135a74c26fbb2daf012e8dec65b6a96445576920b2683ed4d3181cfb81c209abf6fce162961c4a0b1d161
EXPORTER_SECRET 197adee04cc69166af39ae38e8b1cd5b0e1ace0e37cc88bb55a3b0b56eb7f40e 9f06c73c58a3a780e9b4e3c818642ecabf536f6878ac78977d40add814a7cd5fa33add00b31284206e73d0774855f523
CLIENT_TRAFFIC_SECRET_0 8a8eb978877c823555a670968e367dcc4c8e2fbc71de1301c47f3d45cc88b727 256d5511028ca513396aed503efa25842c4517dd5ffd5f3d7be9e33446bff5a0
SERVER_TRAFFIC_SECRET_0 8a8eb978877c823555a670968e367dcc4c8e2fbc71de1301c47f3d45cc88b727 2f64416ca40186e370e91b3b6ad32c9e7b2f88644fe1bbc92aefba970545b595
EXPORTER_SECRET 8a8eb978877c823555a670968e367dcc4c8e2fbc71de1301c47f3d45cc88b727 17d745b60559d0ca0257b80eb21ec554f5b3c851c7633e5679d7eea60f155f79
CLIENT_HANDSHAKE_TRAFFIC_SECRET 5f1aafbdd3bf0278f5443438557cc914e7768833e78fcd28bf6a05b13cacdf59 747875bbda9ed21830c439a3823eb05a00b9e17e7d66261963286175bd1b88ce
SERVER_HANDSHAKE_TRAFFIC_SECRET 5f1aafbdd3bf0278f5443438557cc914e7768833e78fcd28bf6a05b13cacdf59 9879bf595e5fab46f8ba778784b5f99aa7cc57bfd5671b7f785b5a39005688f4
CLIENT_TRAFFIC_SECRET_0 5f1aafbdd3bf0278f5443438557cc914e7768833e78fcd28bf6a05b13cacdf59 fd3aab8cabdd64ff577bdf49092f91ffd8b9d01f80287ef67790f892bff7499f
SERVER_TRAFFIC_SECRET_0 5f1aafbdd3bf0278f5443438557cc914e7768833e78fcd28bf6a05b13cacdf59 eb16f1c61899dc04be2c4ba6af5ef5ceb9b2716e33bf5b887e0a0a6ad795b0cf
EXPORTER_SECRET 5f1aafbdd3bf0278f5443438557cc914e7768833e78fcd28bf6a05b13cacdf59 a469e53a447dfdb03486bc4e98deffc2a747e97edd3c068167d1266101740311
CLIENT_HANDSHAKE_TRAFFIC_SECRET 61b368eb3f7a9b7671e2545a0769bf1a7f3a7421cbcd5d403969312ed5539731 b4c3ffadf7f1208908bcea58e64d3b49e4cc03ef26bbd071c567a55c36edeb99
SERVER_HANDSHAKE_TRAFFIC_SECRET 61b368eb3f7a9b7671e2545a0769bf1a7f3a7421cbcd5d403969312ed5539731 e80e192393fe7789cee03053f1e6c22b8b15e2b3b68b36ea764841c2e016ce02
CLIENT_TRAFFIC_SECRET_0 61b368eb3f7a9b7671e2545a0769bf1a7f3a7421cbcd5d403969312ed5539731 1436d6f459bbc9d925fcbf56d378c29473d74d0ca3c07f1ccf69a745653ebb26
SERVER_TRAFFIC_SECRET_0 61b368eb3f7a9b7671e2545a0769bf1a7f3a7421cbcd5d403969312ed5539731 24a3a5f8a1205a5ab96ccb9fcf2c8b757ed5f12f2076b2b6efb1231deaf6f6b0
EXPORTER_SECRET 61b368eb3f7a9b7671e2545a0769bf1a7f3a7421cbcd5d403969312ed5539731 c11e61b044895789cd835e57893e61a5927b0bba259b852a7975e16ab7e713a8
CLIENT_HANDSHAKE_TRAFFIC_SECRET 732ef29cb0b24d4e8e28a7bb575beb942d3717e9936ece8d874cd63f479b8051 263b15bf866a3027756c60077437ef186bec18540e0f2318d4b1838b6d842cc7
SERVER_HANDSHAKE_TRAFFIC_SECRET 732ef29cb0b24d4e8e28a7bb575beb942d3717e9936ece8d874cd63f479b8051 fa0c5c71e67ebdcb6b1feac58e146e62653ce8b16894395a143c5ee7142a7430
CLIENT_TRAFFIC_SECRET_0 732ef29cb0b24d4e8e28a7bb575beb942d3717e9936ece8d874cd63f479b8051 d5e9fc53b8e602550979696743360d7d079da097bfc4d9cbcb0b7f0fbf165c00
SERVER_TRAFFIC_SECRET_0 732ef29cb0b24d4e8e28a7bb575beb942d3717e9936ece8d874cd63f479b8051 7483eca2a514c826354d88f12f062757f9c312f4d0844ee1d0b525ed9f35012e
EXPORTER_SECRET 732ef29cb0b24d4e8e28a7bb575beb942d3717e9936ece8d874cd63f479b8051 ff32dfad880dab6eb474cb0742ef54b1d96aa1c01b9b08f6e4482b36e3b1ebe6
CLIENT_HANDSHAKE_TRAFFIC_SECRET c60f80efa8f88da8a614445ebdcf392b00a94cfbad84830762edd6b4f1fcc3f9 d39b2e6f1b8319dc1c36b4d07eabcddff015a25d8a884cf229a3eaca8209d9a4b0184c887fcf1b75050a56ac68091dd4
SERVER_HANDSHAKE_TRAFFIC_SECRET c60f80efa8f88da8a614445ebdcf392b00a94cfbad84830762edd6b4f1fcc3f9 dce82d3182021a9d88c6ae5bc7ca3b77f7dada76cfcdb09eae8d09c4552208075b563c90396a0adbd9243f5ca611eb1b
CLIENT_TRAFFIC_SECRET_0 c60f80efa8f88da8a614445ebdcf392b00a94cfbad84830762edd6b4f1fcc3f9 cd672ea8d625e9143d4ae836e253b2ca5d76890130b452a32c6cf6e9165a93523fa76a6802191be2c5d50d946af8ace5
SERVER_TRAFFIC_SECRET_0 c60f80efa8f88da8a614445ebdcf392b00a94cfbad84830762edd6b4f1fcc3f9 4cc065411bc9775a0f6c2948abba4cfa6cd912a6421b6194385d1c2db5e8e14051a0c00ec35211f54890580374070dcc
EXPORTER_SECRET c60f80efa8f88da8a614445ebdcf392b00a94cfbad84830762edd6b4f1fcc3f9 a2ebe6ff237c17b6eba85bdd6a2df821e4bd00f4b078adab2f9542ca6092f8cad5ca52037ce75485880df39c0263b34d
CLIENT_HANDSHAKE_TRAFFIC_SECRET 5d6a0fc0041741adde94d3ad58e4ff2715f1278b0dcfeb0a48b7a3e2aa44ae82 0e1f1ee9c0ce538a97557ea597a2e2a3f3a832945576b6a43c84e5903602315d
SERVER_HANDSHAKE_TRAFFIC_SECRET 5d6a0fc0041741adde94d3ad58e4ff2715f1278b0dcfeb0a48b7a3e2aa44ae82 1b16bc973057d2ed72fc7da897eff6565910e1c5b868c9f3c9e79eed1c42f7e9
CLIENT_TRAFFIC_SECRET_0 5d6a0fc0041741adde94d3ad58e4ff2715f1278b0dcfeb0a48b7a3e2aa44ae82 964438602fe8349ad6a93d77d853d72e26a04b7fa67f9071f6cce4f9415daf8d
SERVER_TRAFFIC_SECRET_0 5d6a0fc0041741adde94d3ad58e4ff2715f1278b0dcfeb0a48b7a3e2aa44ae82 594df13ca181420117cad51d444c3c4c1933f6e843fd4cfa3e81ee6f6b26bf11
EXPORTER_SECRET 5d6a0fc0041741adde94d3ad58e4ff2715f1278b0dcfeb0a48b7a3e2aa44ae82 af209e26372408f5267a62fee24e327f8bf0542c563e3b5eae6a9ad1e4a3d92d
CLIENT_HANDSHAKE_TRAFFIC_SECRET b1dcb966e16c7dbade7e497bbd94b5d25a4fa023de0a7b15b951b1046e06ae3c 133e44e960303150995cafce6defeacbd65bd973388d29285005d4cc01f2a54f
SERVER_HANDSHAKE_TRAFFIC_SECRET b1dcb966e16c7dbade7e497bbd94b5d25a4fa023de0a7b15b951b1046e06ae3c 20ecbabbad500a2b92d1732a6562c3a3f9c10df41b6c1dbd58bc66a5ce84cd65
CLIENT_TRAFFIC_SECRET_0 b1dcb966e16c7dbade7e497bbd94b5d25a4fa023de0a7b15b951b1046e06ae3c 91489bf0534b2673d460672863a75026a69e00f342d4163d791d53af717c5bc8
SERVER_TRAFFIC_SECRET_0 b1dcb966e16c7dbade7e497bbd94b5d25a4fa023de0a7b15b951b1046e06ae3c 7de006ad26b47a00eda31a4e0166cc96d6295a9461cf66b0936ce12d4d922aa0
EXPORTER_SECRET b1dcb966e16c7dbade7e497bbd94b5d25a4fa023de0a7b15b951b1046e06ae3c 99bc7193baa4bae5c77aa9fc541e329c35f9b0cfb02c43a9cb403f8e8bffddb5
CLIENT_HANDSHAKE_TRAFFIC_SECRET 9765b524a99ef4eca27ce76aec3f6de71a805526abc3f3a73a8308b2c40d194f 4123b3faf3f279d890a0133eb05b77050fdb850cde9738a8ea7016d94eee35ee
SERVER_HANDSHAKE_TRAFFIC_SECRET 9765b524a99ef4eca27ce76aec3f6de71a805526abc3f3a73a8308b2c40d194f 33e38112bd3fde459601c3285cd8b7dd2410f4db5ebd0bd007c2515f502b8f48
CLIENT_TRAFFIC_SECRET_0 9765b524a99ef4eca27ce76aec3f6de71a805526abc3f3a73a8308b2c40d194f c3570dab99e173639efe9712c81559fae351ba4c8cb9c6332b8fc87006a979de
SERVER_TRAFFIC_SECRET_0 9765b524a99ef4eca27ce76aec3f6de71a805526abc3f3a73a8308b2c40d194f 3669f749762446c1ba830b37a99fe392118c5ba0672f2934e70d074ab116669b
EXPORTER_SECRET 9765b524a99ef4eca27ce76aec3f6de71a805526abc3f3a73a8308b2c40d194f 8952018e8ffb3f204d2f1e920cb885533876b0f8890be7f51fe2c3b4f6663c8d
