CLIENT_HANDSHAKE_TRAFFIC_SECRET a71312aa42a59ef698ce131d431a01342a3544652c37d888e13c4794e674f390 d90e35c5bb0e4114519046ca0ff60765f5fd6a9279fe7690059511f08a202624
SERVER_HANDSHAKE_TRAFFIC_SECRET a71312aa42a59ef698ce131d431a01342a3544652c37d888e13c4794e674f390 ae91302928b325e4bc20c1559d384c93d409cb6872b4f95589ccc603b1bff70e
CLIENT_TRAFFIC_SECRET_0 a71312aa42a59ef698ce131d431a01342a3544652c37d888e13c4794e674f390 b04b6ba07e625601e30aedb2410d5dc93e4e85012a89f11c0d14e82144743956
SERVER_TRAFFIC_SECRET_0 a71312aa42a59ef698ce131d431a01342a3544652c37d888e13c4794e674f390 b5c33b68612e371ab334e2c5668a59fa8da071a6d8624fc1982ab4d394a96c39
EXPORTER_SECRET a71312aa42a59ef698ce131d431a01342a3544652c37d888e13c4794e674f390 27e2ef0424e8c250ed1e320f670bac68ae84c2fcf271b1af4d1ed8c468627621
CLIENT_HANDSHAKE_TRAFFIC_SECRET 660f3cb11610b5afd979c57309793399dc90a276c0d34e74921f9275b9f557e6 3113a61f6e0231a983ed9bd53eda478a3845baa2406f7b91252f354742f1a6ba
SERVER_HANDSHAKE_TRAFFIC_SECRET 660f3cb11610b5afd979c57309793399dc90a276c0d34e74921f9275b9f557e6 76a174f23ba9cc7c0ca756dfe31a2ca6f92207a69809626e7d6010910c44cd71
CLIENT_TRAFFIC_SECRET_0 660f3cb11610b5afd979c57309793399dc90a276c0d34e74921f9275b9f557e6 20bbc80d1f6a00bc701aa03f37095410947b52e6e95025852612c3bbb4b2ad19
SERVER_TRAFFIC_SECRET_0 660f3cb11610b5afd979c57309793399dc90a276c0d34e74921f9275b9f557e6 f1a01deef4a84ddb6fbe6463e4901ef44b69c1996dea5f799ece371ba4384bf2
EXPORTER_SECRET 660f3cb11610b5afd979c57309793399dc90a276c0d34e74921f9275b9f557e6 f19ffcc2494c5ada52a8076445dfe7dcba279ec53ccf2bd657636d13c8dde478
CLIENT_HANDSHAKE_TRAFFIC_SECRET f635cde7b7f05e1574c6220456565fb8efa2152a94c35c520efc15951dd9a119 b6128cee8e94c26f40ce76b1412b2e13800f58fee21064c8bf4ca4497a744963
SERVER_HANDSHAKE_TRAFFIC_SECRET f635cde7b7f05e1574c6220456565fb8efa2152a94c35c520efc15951dd9a119 80d617a553eaa97b083095ddda93e02eaedaab7fe90af3ae37016907bec57b8c
CLIENT_TRAFFIC_SECRET_0 f635cde7b7f05e1574c6220456565fb8efa2152a94c35c520efc15951dd9a119 6adfd61c1e5f754398185aafa5f7b534bae63bc76cea275fa03b9d3e0f2a6fea
SERVER_TRAFFIC_SECRET_0 f635cde7b7f05e1574c6220456565fb8efa2152a94c35c520efc15951dd9a119 0e876eaa01706de9bf46ce8e3af015fb6caf329c2ab41bc62f8842ca1ee7b455
EXPORTER_SECRET f635cde7b7f05e1574c6220456565fb8efa2152a94c35c520efc15951dd9a119 a618914d37aa943483ccbba57a3468d1e114835745afaf1356e529603d5a9c4c
CLIENT_HANDSHAKE_TRAFFIC_SECRET 17fa4690a4245bc04b7910fa8f312f76df66615d84419ca63bcc0fed7003c2bf 8e6e3d75af5413a01164a1023d44f2f01def0a585fd07f6500326af11c90b94e
SERVER_HANDSHAKE_TRAFFIC_SECRET 17fa4690a4245bc04b7910fa8f312f76df66615d84419ca63bcc0fed7003c2bf e59a2626a84f4c9be4585320f4d73cc630f1500c0c17a13a15bad9ea91192f0a
CLIENT_TRAFFIC_SECRET_0 17fa4690a4245bc04b7910fa8f312f76df66615d84419ca63bcc0fed7003c2bf fff90a69146bbce9a88b6140da003ad65c57da13b344a6ac0378477ebdf8d76d
SERVER_TRAFFIC_SECRET_0 17fa4690a4245bc04b7910fa8f312f76df66615d84419ca63bcc0fed7003c2bf 0ade7d3306bb0720676a11092f257c7c888702eae73f898f8826be634cbd2382
EXPORTER_SECRET 17fa4690a4245bc04b7910fa8f312f76df66615d84419ca63bcc0fed7003c2bf 0dc7202802f12b45e012997b141052e20c4efcb4e874644014dba2438e95863c
CLIENT_HANDSHAKE_TRAFFIC_SECRET 29d6ecaa1b46e5deda53296b025817ff8f75f184ac77beafd04222ed693772ef 01f84eefd9b82a4041c0bdc4753ca308b87929df6dba63f2b91241c7d1feb24e
SERVER_HANDSHAKE_TRAFFIC_SECRET 29d6ecaa1b46e5deda53296b025817ff8f75f184ac77beafd04222ed693772ef 6c84daa0f027b1d65a7a2a846083964e43aa30c88bebe7c7f893debc82ff9495
CLIENT_TRAFFIC_SECRET_0 29d6ecaa1b46e5deda53296b025817ff8f75f184ac77beafd04222ed693772ef d7c747ae13527c0a3d9618995db06ab1d66e3f4df43c6cf545f85f774f4e0814
SERVER_TRAFFIC_SECRET_0 29d6ecaa1b46e5deda53296b025817ff8f75f184ac77beafd04222ed693772ef 3613be5dc8e693dec87519919e6e9697595a5a0eed8f35901b61c186db61b3f4
EXPORTER_SECRET 29d6ecaa1b46e5deda53296b025817ff8f75f184ac77beafd04222ed693772ef 897bff675a65bdfaa2dd64030fcc35c72128173bc3d1e7391d6936eb86f308c9
CLIENT_HANDSHAKE_TRAFFIC_SECRET 5e2a49efa99538133be53530df299562f5fd5e74d071f0af5ee95efa2cbfd9cd 2169d6c4a8d1101eb99f8305d68b25083120d49df13263114b3328bf886e1b02
SERVER_HANDSHAKE_TRAFFIC_SECRET 5e2a49efa99538133be53530df299562f5fd5e74d071f0af5ee95efa2cbfd9cd dd3c694269a5e4f5ca30b52df16f6eae254ec0c65b117880de4a8af3b97835be
CLIENT_TRAFFIC_SECRET_0 5e2a49efa99538133be53530df299562f5fd5e74d071f0af5ee95efa2cbfd9cd 74fedc00d888dce8194c45648af6de08c7e9d232e2293a72e6dad094535ea6bb
SERVER_TRAFFIC_SECRET_0 5e2a49efa99538133be53530df299562f5fd5e74d071f0af5ee95efa2cbfd9cd aabfe6bd6f852d224379dfa4609d5d80b0db1e10ed08dffd58f5a7b72280652a
EXPORTER_SECRET 5e2a49efa99538133be53530df299562f5fd5e74d071f0af5ee95efa2cbfd9cd c8fb4330fb8c14c93c535a1844cb90ff924a9594c7c20ed827981ef470de8f4f
CLIENT_HANDSHAKE_TRAFFIC_SECRET 43a715b62bb507f66ad56daeb2c1104222a09bd379468bb503cd11af6bec1a09 e6f43d5f4221efcff24236e208ea7169ec106a335b40726f57f38cc34912efb1
SERVER_HANDSHAKE_TRAFFIC_SECRET 43a715b62bb507f66ad56daeb2c1104222a09bd379468bb503cd11af6bec1a09 bc177c4a0b052531f3d658164b33ff88c36e4b486e0aa37d221152ebb276b314
CLIENT_TRAFFIC_SECRET_0 43a715b62bb507f66ad56daeb2c1104222a09bd379468bb503cd11af6bec1a09 812591c58d3c8c47f9d1aea7808e50f67d30f5dd61f7f8b18a3bb978a3b9a4c1
SERVER_TRAFFIC_SECRET_0 43a715b62bb507f66ad56daeb2c1104222a09bd379468bb503cd11af6bec1a09 bb5b5909b16e2aaf4f936326f79f3a4b9dd02aa4ed70b595b0bbd3861486a6fc
EXPORTER_SECRET 43a715b62bb507f66ad56daeb2c1104222a09bd379468bb503cd11af6bec1a09 cfb0dd35f60bdebd64a7174569592eded60f4b09f3beae275566aa34186b0958
