CLIENT_HANDSHAKE_TRAFFIC_SECRET 8735261f08d60d48e67aaef168fa95a0738c0f90e51fb93afe831be978a51038 89b5250acff2b523d89ee79534bdd4f38f2fdf6ed802712da7f2e84a4455a62b
SERVER_HANDSHAKE_TRAFFIC_SECRET 8735261f08d60d48e67aaef168fa95a0738c0f90e51fb93afe831be978a51038 6d7c1c82324ef3248e0aeae6778ff8d1d7cda5b0bf5185283ca627c54984b690
CLIENT_TRAFFIC_SECRET_0 8735261f08d60d48e67aaef168fa95a0738c0f90e51fb93afe831be978a51038 dcd80e9a64d36f2f558872382bea6347911f2a2d605e7f2aa1474117a963deab
SERVER_TRAFFIC_SECRET_0 8735261f08d60d48e67aaef168fa95a0738c0f90e51fb93afe831be978a51038 a8efbfc86de9194fba3a0bbc9ca76d01b9671c9a4dccd691867107c8393a41a4
EXPORTER_SECRET 8735261f08d60d48e67aaef168fa95a0738c0f90e51fb93afe831be978a51038 7c796307705ce6469a823e6efe0a8a1b26e532b74d77b03cb118f738ca365d57
CLIENT_HANDSHAKE_TRAFFIC_SECRET d329055604d758041067f918086db8baf1752e8468330ab4712eda6fb4cd9102 9f62dd050d06103994170a48f221fcea691a9405d0c5567c4188e8b3706ed1c2
SERVER_HANDSHAKE_TRAFFIC_SECRET d329055604d758041067f918086db8baf1752e8468330ab4712eda6fb4cd9102 ab95771ca28d5ce5d0a4ef346a2b0bd6897028c8199a94655866a99c1dedb7da
CLIENT_TRAFFIC_SECRET_0 d329055604d758041067f918086db8baf1752e8468330ab4712eda6fb4cd9102 529746d796036b755232ffc62afe4a227687a6ff5d404458d0f802bce0cb486b
SERVER_TRAFFIC_SECRET_0 d329055604d758041067f918086db8baf1752e8468330ab4712eda6fb4cd9102 1cd4463558ff5ec5093583ed184c08e7268443b7459198d060e4c31f070bcd83
EXPORTER_SECRET d329055604d758041067f918086db8baf1752e8468330ab4712eda6fb4cd9102 3d2de329d8111e6173af25d00f79f49ba6573cc702ae5e55d090b52c0b4f8fc6
CLIENT_HANDSHAKE_TRAFFIC_SECRET 225e1305024f26aa84cb643722693ce778bde44d23622e665878bf3b0f4a1afa 06fc865ce2d26c9c0437e46473ba64bc8c077d5756139006f85da257cff76308
SERVER_HANDSHAKE_TRAFFIC_SECRET 225e1305024f26aa84cb643722693ce778bde44d23622e665878bf3b0f4a1afa 189af6fc5433ff2a05e33f013d61ee9f29bcfc9e1e30f4839be12780b46a7b1c
CLIENT_TRAFFIC_SECRET_0 225e1305024f26aa84cb643722693ce778bde44d23622e665878bf3b0f4a1afa 44b93c231a9040293f1ef4500b2e1ab2a0708d60b83cf5eb668504d7fd4d7632
SERVER_TRAFFIC_SECRET_0 225e1305024f26aa84cb643722693ce778bde44d23622e665878bf3b0f4a1afa 9cd7792ba10f08a4e22ac7f0a1c130805a86e974255710241d45212f9d8e3325
EXPORTER_SECRET 225e1305024f26aa84cb643722693ce778bde44d23622e665878bf3b0f4a1afa 735be579e870920499402250ae6da7535b64ae9314fc42cb2c688e8594fa0bfc
CLIENT_HANDSHAKE_TRAFFIC_SECRET aefee756c834b27f99058542a209dd7757309f527b74fd89f107b607231202c9 d62b7ba4553fc0f87a3fbfb2e810f97e46dc0922a522de62364519fe53a146e0940c7bb4dcdb0351c5189232bd22f926
SERVER_HANDSHAKE_TRAFFIC_SECRET aefee756c834b27f99058542a209dd7757309f527b74fd89f107b607231202c9 0f8cf6c73d2706beffe944f1b082849b281218cbde2465fe101624123486a950d0660256abfe43bac10bf31565d5a1cd
CLIENT_TRAFFIC_SECRET_0 aefee756c834b27f99058542a209dd7757309f527b74fd89f107b607231202c9 2b22c74b8c98128ec0a4e126958a7b78f31986bc740587167fb187a4ffc006ee87944d8b4c36cd504dfff100ba333ca2
SERVER_TRAFFIC_SECRET_0 aefee756c834b27f99058542a209dd7757309f527b74fd89f107b607231202c9 b774d7dfb54fe50519dfa0a9ee6b496272e29c91f9ae95ead5906030c55af7ccf50a376d03c9af3dc0589ce42d7bb226
EXPORTER_SECRET aefee756c834b27f99058542a209dd7757309f527b74fd89f107b607231202c9 80a0060cbd0f0ebb528aabac1218134cc05a4666d85ac31673e118aba2b8d2bbfdde1b0db20058bf4d15b7bf21ff9c45
CLIENT_HANDSHAKE_TRAFFIC_SECRET 87b51fe204fd43e8838a0b9191ea109152a35922771b0cb3fd16da3d01785cf0 e7dc7626d448021c13e657eaaadaf80ddf885cf833e501e9449b2e883ffa4e5c
SERVER_HANDSHAKE_TRAFFIC_SECRET 87b51fe204fd43e8838a0b9191ea109152a35922771b0cb3fd16da3d01785cf0 6113c2a5755ecf2c7c75c51a848ba6e33807b5d449cbfe616e6a0ac9e7a6f3f9
CLIENT_TRAFFIC_SECRET_0 87b51fe204fd43e8838a0b9191ea109152a35922771b0cb3fd16da3d01785cf0 641da4bf2bad64046a539191bbc7da85028629f7270d28491f5aa25b995a7866
SERVER_TRAFFIC_SECRET_0 87b51fe204fd43e8838a0b9191ea109152a35922771b0cb3fd16da3d01785cf0 c31178ff6597219146cdc984bc9f42ba8231a514fb4df68271405b5f3715617b
EXPORTER_SECRET 87b51fe204fd43e8838a0b9191ea109152a35922771b0cb3fd16da3d01785cf0 46b4087ec4fa52b6915eea1e5f3f01cd1a42e9d63fc7cc06b79d2ac078618f3b
CLIENT_HANDSHAKE_TRAFFIC_SECRET 6e7da5eba381295a423efdfc648a099d6d6e98eae8a45055c2f54ed09b39ad49 cc1f0a5717093bc0a428909bbcb369017b6715367ad4b244069ec87e49268157
SERVER_HANDSHAKE_TRAFFIC_SECRET 6e7da5eba381295a423efdfc648a099d6d6e98eae8a45055c2f54ed09b39ad49 925a4a019c6b3938f656a3662dcdfeb17999c278aa39d2f5e20e0287f0f2bbd6
CLIENT_HANDSHAKE_TRAFFIC_SECRET 3884a18a1c4b96406007336239b80a4dfd346992834a4027538e07894176f5b0 35fd62da0320b77d110e2e9d6d7bf23406c99607b5177b80a0d91d94c71824ac
SERVER_HANDSHAKE_TRAFFIC_SECRET 3884a18a1c4b96406007336239b80a4dfd346992834a4027538e07894176f5b0 3eeb6a5b16434e53e1df2afbdcd044c3ee54db9ecc85d499dabb775e931cdd3c
CLIENT_TRAFFIC_SECRET_0 6e7da5eba381295a423efdfc648a099d6d6e98eae8a45055c2f54ed09b39ad49 970d8c045518ee645f3b2ec5af12491f93f5c605325c80a131df72b6427a8bbe
SERVER_TRAFFIC_SECRET_0 6e7da5eba381295a423efdfc648a099d6d6e98eae8a45055c2f54ed09b39ad49 f4daa59bf84b1bcc8473898a20bfba56887b8bbc1671136ab964993c3e11900b
EXPORTER_SECRET 6e7da5eba381295a423efdfc648a099d6d6e98eae8a45055c2f54ed09b39ad49 f9da1d321b517777e080ee80c3bab1c36f8ad87a90e963ea4fb241b587ee5bf3
CLIENT_TRAFFIC_SECRET_0 3884a18a1c4b96406007336239b80a4dfd346992834a4027538e07894176f5b0 87ebd9ad234cbb551e9c8e66b4c7f9cf7ed6827f54cf5b225b282d96be17ee4b
SERVER_TRAFFIC_SECRET_0 3884a18a1c4b96406007336239b80a4dfd346992834a4027538e07894176f5b0 7b6c851e0a2fe573a6c7a65728e77b178963677d9af8749af4db5791c5c249e0
EXPORTER_SECRET 3884a18a1c4b96406007336239b80a4dfd346992834a4027538e07894176f5b0 55cb48f311a35c9d3d57546cf7b6ab5d2e508bd2b45948389854613bd6185bad
CLIENT_HANDSHAKE_TRAFFIC_SECRET a095c3b24f56b625cd48a95661fa0ae3f0ed71e59697e4cf86a511a7c96126de e278a238cf39f214cf3363a5ec35792a205ed5792a6b546393936dff7e14d9af
SERVER_HANDSHAKE_TRAFFIC_SECRET a095c3b24f56b625cd48a95661fa0ae3f0ed71e59697e4cf86a511a7c96126de e877ba262cba341c9fd3a9f51a3c94798e2a229a7ae45ef04fc4bb506a0508c4
CLIENT_TRAFFIC_SECRET_0 a095c3b24f56b625cd48a95661fa0ae3f0ed71e59697e4cf86a511a7c96126de 9e76a0592b5b767a6f8fd5e95fea467da8a1993bf175ac46e6bd2dc03956ad96
SERVER_TRAFFIC_SECRET_0 a095c3b24f56b625cd48a95661fa0ae3f0ed71e59697e4cf86a511a7c96126de fc0f27d0fecb7c2559785a0376c980cdc680f03484a4f77842f4a0677f4008e5
EXPORTER_SECRET a095c3b24f56b625cd48a95661fa0ae3f0ed71e59697e4cf86a511a7c96126de 1d786a72d03a1e979259af575bbac5a880736197d468dece7a79c7fe378c4533
CLIENT_HANDSHAKE_TRAFFIC_SECRET 071418c655e6fa717232d832db439275b1074432bec31cfab2f724acff7e7149 669aff4dd94d49b3c8fb93c370b7ac440818894e8f81ab7ab859aaedaebd0ccf
SERVER_HANDSHAKE_TRAFFIC_SECRET 071418c655e6fa717232d832db439275b1074432bec31cfab2f724acff7e7149 15eedd721264e4638a742ce2cbb7d68c9b0aa3ae4275d1645f06b9487e79c18f
CLIENT_HANDSHAKE_TRAFFIC_SECRET 0654611aca04fafa925ed912627bd592afdab11a8d81521bd0723e8076d7bc50 9cecca8de8d7687e180a70b785f771b66cddc4814515c48ccdb398582fef75c4
SERVER_HANDSHAKE_TRAFFIC_SECRET 0654611aca04fafa925ed912627bd592afdab11a8d81521bd0723e8076d7bc50 f90fe92dd19d4702df8b516befd9b9a35378c96600c4a1e56d3096364764ee25
CLIENT_TRAFFIC_SECRET_0 071418c655e6fa717232d832db439275b1074432bec31cfab2f724acff7e7149 fa608567f670412177350b3304799932418ae16cd2424597a555c116da52d4d9
SERVER_TRAFFIC_SECRET_0 071418c655e6fa717232d832db439275b1074432bec31cfab2f724acff7e7149 24f684eb99b011919e00ebe057c1d8e19503ff3d3956de2bd1e3675116c627f3
EXPORTER_SECRET 071418c655e6fa717232d832db439275b1074432bec31cfab2f724acff7e7149 fff2e3b0e8a20d7b5ea1e3494b53956c754eb076ca845fc628ba9f7893a59d50
CLIENT_TRAFFIC_SECRET_0 0654611aca04fafa925ed912627bd592afdab11a8d81521bd0723e8076d7bc50 4a70b2364fb08df7813e1879e743df43def0d5b410b2b4759f13242e8f585033
SERVER_TRAFFIC_SECRET_0 0654611aca04fafa925ed912627bd592afdab11a8d81521bd0723e8076d7bc50 b0acc27974b5f98a620b9692386a8c48c075cff7bd1f7d8fa94bf98f4a81ad30
EXPORTER_SECRET 0654611aca04fafa925ed912627bd592afdab11a8d81521bd0723e8076d7bc50 36ca11fa9533ef174a8abc4509d8cb67b54fbe357e4a608269889825769bb988
CLIENT_HANDSHAKE_TRAFFIC_SECRET a33943c9cadfa0d6a0f0b91241756174b7a4a7a3b93347e8eb09cb2e817a8aa7 8811b501f2493bf6601b0f5a08fef7cc1e682f5fc5e53231aeb32eebe2caac15
SERVER_HANDSHAKE_TRAFFIC_SECRET a33943c9cadfa0d6a0f0b91241756174b7a4a7a3b93347e8eb09cb2e817a8aa7 93e1626c7ee3d87656969a71d3fc1fe16cb0102a688507e80d034f67f1cc8cbd
CLIENT_HANDSHAKE_TRAFFIC_SECRET b5a09f8cd09ba0bce78fcb1bf898b42ab985108f870d29aea1a4d8bf96519a32 6258820e59db0da04233f0bebc71edf402ab923f6f63752317ea218392694344
SERVER_HANDSHAKE_TRAFFIC_SECRET b5a09f8cd09ba0bce78fcb1bf898b42ab985108f870d29aea1a4d8bf96519a32 faa493edb2a4bc776a0fd752b8286adbd4ff6ebfe80dbdda23fb1b9ac35b65be
CLIENT_HANDSHAKE_TRAFFIC_SECRET a0aa20e8df30ddbca34836bda8342c7194360cb6ba5a5fde8fdfd37640627abb 0cb7e999c7ceb2fb262c1960b770f463a977fc7a25e705d88732d3710e6fa861
SERVER_HANDSHAKE_TRAFFIC_SECRET a0aa20e8df30ddbca34836bda8342c7194360cb6ba5a5fde8fdfd37640627abb 6059493747837b42fe44b0ecc869df493d69613efd1c593bbbaa25c66fff63cf
CLIENT_TRAFFIC_SECRET_0 a33943c9cadfa0d6a0f0b91241756174b7a4a7a3b93347e8eb09cb2e817a8aa7 42f1d0d4341f341549aee428448f84b6b3978b2cb76da252e5c34433f57bc625
SERVER_TRAFFIC_SECRET_0 a33943c9cadfa0d6a0f0b91241756174b7a4a7a3b93347e8eb09cb2e817a8aa7 e3ef259a6ce67be88f8c09af5a37336ce49e18bbf5796c343f6765d94c4d3205
EXPORTER_SECRET a33943c9cadfa0d6a0f0b91241756174b7a4a7a3b93347e8eb09cb2e817a8aa7 451bca679aa5818ee994c516500e53bdb128ac96c1ee9a5b2667072aa44df42d
CLIENT_TRAFFIC_SECRET_0 a0aa20e8df30ddbca34836bda8342c7194360cb6ba5a5fde8fdfd37640627abb 8b242c87ac014da2ed9442eac970680631ff24aac55b1a05efb18d4c33af6fa5
SERVER_TRAFFIC_SECRET_0 a0aa20e8df30ddbca34836bda8342c7194360cb6ba5a5fde8fdfd37640627abb cac55ce0596c369335f83f92f46e74722e763dea4ddb2820bb9b5a81d13377ba
EXPORTER_SECRET a0aa20e8df30ddbca34836bda8342c7194360cb6ba5a5fde8fdfd37640627abb 2f93c0f9084138e3660e551a0b5fc3ccd35315efda5769ca4d022fed8792e64b
CLIENT_TRAFFIC_SECRET_0 b5a09f8cd09ba0bce78fcb1bf898b42ab985108f870d29aea1a4d8bf96519a32 7322d7f8bd4ccf9467f61cff49175322548d6c26c4c9a1ae7f352515609b983d
SERVER_TRAFFIC_SECRET_0 b5a09f8cd09ba0bce78fcb1bf898b42ab985108f870d29aea1a4d8bf96519a32 8f84bc9c9e3183b885593c7bf40d563d199524b0579371e73cf407bf60f68132
EXPORTER_SECRET b5a09f8cd09ba0bce78fcb1bf898b42ab985108f870d29aea1a4d8bf96519a32 71edf91bbf5639863f550a101d9959ed09332297af1e93e4e43bcf410eb7dd7f
CLIENT_HANDSHAKE_TRAFFIC_SECRET b86fe5d4459f438768384c9145129956f0fa002b290d0cfa157dec78e965664f e20d0f9708a3095cb9cd1b5bea5533aab77813dfef1891df4d00bf9a0ae0a1b9
SERVER_HANDSHAKE_TRAFFIC_SECRET b86fe5d4459f438768384c9145129956f0fa002b290d0cfa157dec78e965664f 9c9f77ecb94f95e6415a2c8260d2a22580e9a7d32a17ed4a3b6e9c020cd0dc99
CLIENT_TRAFFIC_SECRET_0 b86fe5d4459f438768384c9145129956f0fa002b290d0cfa157dec78e965664f aaf2343924fe0348f7c2a28f5e79f0a8dafb29800d9b5f7c13c942df3f2ca478
SERVER_TRAFFIC_SECRET_0 b86fe5d4459f438768384c9145129956f0fa002b290d0cfa157dec78e965664f f7bc2ba20ce883591eb1d50c087cf5f2dc47fd273ac5f82153f2e89f2ff0fbe2
EXPORTER_SECRET b86fe5d4459f438768384c9145129956f0fa002b290d0cfa157dec78e965664f 1b4129c93654acd75c4c492576e758b6c1690e949d7fb7e487321e1f07b49b48
CLIENT_RANDOM 449b0d32e9b3b2788e4c2662efcf23d0bbd11299ea93df1df7e1f324b16532d2 c09c8912260525c714b64967d2154b8033091aa3670a1fc0b17f1098ff9667d0e7da47af7d7fdcf4259f30053954abe8
CLIENT_HANDSHAKE_TRAFFIC_SECRET 13eb04ea5a606121ee4cdca64698f3050f5e18ffe3fd8893a1e11c1aff4456e5 7e86204d9191081a33fc87b1d041b0189321f004f54544ae5df296fc915672bf
SERVER_HANDSHAKE_TRAFFIC_SECRET 13eb04ea5a606121ee4cdca64698f3050f5e18ffe3fd8893a1e11c1aff4456e5 4067b1493e3175c97610935eacb922862ff49d63a983c0d1bdfd29883e13bc4f
CLIENT_HANDSHAKE_TRAFFIC_SECRET 234c691d7c2718a21e71f9367cf63d4254df4954dcfeeb142175f7eb27797ab8 884fbfd7d038f30e7f2430adc986bfc7649e4da3f16f7132433e0b2ffaa16b21
SERVER_HANDSHAKE_TRAFFIC_SECRET 234c691d7c2718a21e71f9367cf63d4254df4954dcfeeb142175f7eb27797ab8 483b45856bcdc217efb8a887c3d971e0e7ce89ba4ae92a6d79119bc5d4e86a39
CLIENT_TRAFFIC_SECRET_0 234c691d7c2718a21e71f9367cf63d4254df4954dcfeeb142175f7eb27797ab8 02fcfe711901ec8b072b111729f2386591b3ee079ea08fd21ed9b8592a6101db
SERVER_TRAFFIC_SECRET_0 234c691d7c2718a21e71f9367cf63d4254df4954dcfeeb142175f7eb27797ab8 03ba15c22561e9e6b3e1e93f4d842ee04eb1f0a2842d034f85e6f4c8cfbacb65
EXPORTER_SECRET 234c691d7c2718a21e71f9367cf63d4254df4954dcfeeb142175f7eb27797ab8 06fa94a4a5ef67f6e91b4520c062d05026be350b35a3c864d7d7cfcc23dc95ae
CLIENT_TRAFFIC_SECRET_0 13eb04ea5a606121ee4cdca64698f3050f5e18ffe3fd8893a1e11c1aff4456e5 f8c62475d5639c5899c735f03d9812965fac43016eed1a86734e495b428032a0
SERVER_TRAFFIC_SECRET_0 13eb04ea5a606121ee4cdca64698f3050f5e18ffe3fd8893a1e11c1aff4456e5 785accc6490333ad466985ce1db69c26b1298f253d5b7a105bdbd186f2990a35
EXPORTER_SECRET 13eb04ea5a606121ee4cdca64698f3050f5e18ffe3fd8893a1e11c1aff4456e5 2b19651330824d1fa4a9c8100fb1e3004c16a3ea14c5a14eba3c660933abbc4b
CLIENT_HANDSHAKE_TRAFFIC_SECRET 078ea6f1b9cb6252ae099d4f07743e7d28f268ce0a98d95cb7977e25cfe9cc05 087f513a25a8f5763fe9eb578c8c2453426226b6abf98f4572a1a424ad57029c
SERVER_HANDSHAKE_TRAFFIC_SECRET 078ea6f1b9cb6252ae099d4f07743e7d28f268ce0a98d95cb7977e25cfe9cc05 66fc31fe9808afdcd570df17eae6f7625be200377d6802407ee12fbf0db71cd8
CLIENT_TRAFFIC_SECRET_0 078ea6f1b9cb6252ae099d4f07743e7d28f268ce0a98d95cb7977e25cfe9cc05 9ad1b95436568ef8b4bfb4445a11a432d100eebe9b31009f5bd03d14bae3f4bf
SERVER_TRAFFIC_SECRET_0 078ea6f1b9cb6252ae099d4f07743e7d28f268ce0a98d95cb7977e25cfe9cc05 6d0f8b0197c8ba1863d3d51e65aa7617409d985ea18d22f69555610d999f7335
EXPORTER_SECRET 078ea6f1b9cb6252ae099d4f07743e7d28f268ce0a98d95cb7977e25cfe9cc05 c29ac0b508c46b8f0b0963d65f4864c8b1fb7e8d91dca46deec752695952c408
CLIENT_HANDSHAKE_TRAFFIC_SECRET e76926211c8cb4b7a1603f4e134e602b2b14072d6de5b86a01b5a00decfcd7bf e552982b41fe2ceefc4ec6164c6770914593ef834e85cbe7390e0fed2d1db220
SERVER_HANDSHAKE_TRAFFIC_SECRET e76926211c8cb4b7a1603f4e134e602b2b14072d6de5b86a01b5a00decfcd7bf 65a7be65adab62556f03eb84f02950eee32896da85b3862a132e8c4a19ddb4a2
CLIENT_TRAFFIC_SECRET_0 e76926211c8cb4b7a1603f4e134e602b2b14072d6de5b86a01b5a00decfcd7bf b12928bcfcd66f41267f3727c4e7795491c28c34da92b4203e6d62118877dda3
SERVER_TRAFFIC_SECRET_0 e76926211c8cb4b7a1603f4e134e602b2b14072d6de5b86a01b5a00decfcd7bf cb300a7cc960970f170ed525c615d5f20cfaae2afdb1942ba8c2f46a03ca3afb
EXPORTER_SECRET e76926211c8cb4b7a1603f4e134e602b2b14072d6de5b86a01b5a00decfcd7bf 99b61f9ccb65a14a3a3c2b61d93960ee3f14430fa1adea7010bb0325de50f843
CLIENT_HANDSHAKE_TRAFFIC_SECRET adff84ae8cb1483d74033efa956f8bf3d1ede13b2ef5d7a5a355aa7a2a80e962 d1fdd3988f4c6f84f131563b1b18246f34f236a04d64f713fd5bc568e9acc018
SERVER_HANDSHAKE_TRAFFIC_SECRET adff84ae8cb1483d74033efa956f8bf3d1ede13b2ef5d7a5a355aa7a2a80e962 fdacfa869bdbf7d012987307f48a20ab782df578fdc257d044a25bd9addab035
CLIENT_TRAFFIC_SECRET_0 adff84ae8cb1483d74033efa956f8bf3d1ede13b2ef5d7a5a355aa7a2a80e962 56254b261a0d6b20d6824364749cc2f1858492ac4d5e3dcebc45f5fa7fcebb02
SERVER_TRAFFIC_SECRET_0 adff84ae8cb1483d74033efa956f8bf3d1ede13b2ef5d7a5a355aa7a2a80e962 dde1fa12693e72c039c8b28f7f5cef04f8f7056355e4df4a6068b6a9d743cf22
EXPORTER_SECRET adff84ae8cb1483d74033efa956f8bf3d1ede13b2ef5d7a5a355aa7a2a80e962 357c0a702a255355714426612b5dca9479f1d5acb10199d209f228eb766d97df
CLIENT_HANDSHAKE_TRAFFIC_SECRET c7cf8e26ef1736a743c9593be73e8d02e336cecb89b6572a38f5c9d65cd71a17 cd4d78dd6dcbc2f98fb4dadd20a75eaa06b57986c03d6447a887f0c7b3b197c5
SERVER_HANDSHAKE_TRAFFIC_SECRET c7cf8e26ef1736a743c9593be73e8d02e336cecb89b6572a38f5c9d65cd71a17 4045d4e25b5844a2ad7d6aec2bb300df8affe2c4d6278c8cb796d5fdbe0632ff
CLIENT_TRAFFIC_SECRET_0 c7cf8e26ef1736a743c9593be73e8d02e336cecb89b6572a38f5c9d65cd71a17 3ce89cf5640559a1263fea20dcd84a46acf7dc008ab1bfa9bb632e570e8180fa
SERVER_TRAFFIC_SECRET_0 c7cf8e26ef1736a743c9593be73e8d02e336cecb89b6572a38f5c9d65cd71a17 27509ffb489cede97f724bf4131a4c727010149744a12bd9dfc35b979735cc10
EXPORTER_SECRET c7cf8e26ef1736a743c9593be73e8d02e336cecb89b6572a38f5c9d65cd71a17 fa04712fc840c5dcdb838e3d249c8747665d07e4e03649d740d5aae1d4ff4979
CLIENT_RANDOM 5cf91a96e27214ced3db95585751b17ee72a93fdd4703ef75559fd39304875b2 5a36c6444e44bc0ff7dfbe0372b230d131e92028a3e91438e61f1f89ada3780323846cba37176ceac435e027203a6d42
CLIENT_HANDSHAKE_TRAFFIC_SECRET 624dc9db1ed8c3ce2bff5e54029a88ff1898bcb2d6f0451433458a28ce0486d9 71816cc67caec427b2e29a8c6023ad504e07e43d9ec89430847aa0cf0a745c96
SERVER_HANDSHAKE_TRAFFIC_SECRET 624dc9db1ed8c3ce2bff5e54029a88ff1898bcb2d6f0451433458a28ce0486d9 b69f80a3842aefec4ee998c7a8f43e160a9b0422039cfa371610228eaf5fd9da
CLIENT_TRAFFIC_SECRET_0 624dc9db1ed8c3ce2bff5e54029a88ff1898bcb2d6f0451433458a28ce0486d9 561f6cc74a222173d6e917f60c5c012adcb32883d979af19842d693d88e083b4
SERVER_TRAFFIC_SECRET_0 624dc9db1ed8c3ce2bff5e54029a88ff1898bcb2d6f0451433458a28ce0486d9 4f4dd5b6355cb105f26c4f43938ed8b6586b43a1de645407dc13106a4afa41f7
EXPORTER_SECRET 624dc9db1ed8c3ce2bff5e54029a88ff1898bcb2d6f0451433458a28ce0486d9 db0ca8fd1367bfd85d67eb7c84438ed388abd2b767ec8cfe85f81f41dcae83c4
CLIENT_HANDSHAKE_TRAFFIC_SECRET 090df0489e2c9ee0555871a759821b89bde666d61919d15660b55c818747c9bb 93e7a33d49620644013362103f0e289079ce0c4bf36a306da9ec83966d8a393c
SERVER_HANDSHAKE_TRAFFIC_SECRET 090df0489e2c9ee0555871a759821b89bde666d61919d15660b55c818747c9bb 74ccb4af473ee51478b16b387bb80612353e8ce85d664357e8fa848b552e7afa
CLIENT_TRAFFIC_SECRET_0 090df0489e2c9ee0555871a759821b89bde666d61919d15660b55c818747c9bb c8009ec9c9ea845f2a9d3c5397424ccc7635d9a1de6f1b5e8c0393572f8dc144
SERVER_TRAFFIC_SECRET_0 090df0489e2c9ee0555871a759821b89bde666d61919d15660b55c818747c9bb 9a036c2db66f78103fdd60e9cca33a12c7d8cb785d69dc556e758dfc02c26295
EXPORTER_SECRET 090df0489e2c9ee0555871a759821b89bde666d61919d15660b55c818747c9bb f14d5bcbd496231bd49ea9eee7a45152eca2562ccb59e8f13fa39152055e3738
CLIENT_HANDSHAKE_TRAFFIC_SECRET ed0315ec00f2e1241311e16f2fe1b5ed0da77436a1f848895358ff0475f83bb7 aceb4ff35f25d674e3ed23b291efbd2c73c531d05097d878105bfca992fe7641
SERVER_HANDSHAKE_TRAFFIC_SECRET ed0315ec00f2e1241311e16f2fe1b5ed0da77436a1f848895358ff0475f83bb7 dca05045cce4039f61528f747c95c0ae8f6c6efd0d1a0167d8c3684a5db8069f
CLIENT_TRAFFIC_SECRET_0 ed0315ec00f2e1241311e16f2fe1b5ed0da77436a1f848895358ff0475f83bb7 f7699448e9acb4b2faa592ea5e40ac158660e15e1dc4fd1cf0b3f1f3311dc711
SERVER_TRAFFIC_SECRET_0 ed0315ec00f2e1241311e16f2fe1b5ed0da77436a1f848895358ff0475f83bb7 4d5f348cd3022ae7e99cecb424f23202c0d414439e4c0a1a0e2b021d49a9db5d
EXPORTER_SECRET ed0315ec00f2e1241311e16f2fe1b5ed0da77436a1f848895358ff0475f83bb7 0390a3b939ec66e1d0c0760de5211fc84baebeb06bbe2aba63425e3e85ec3bd6
CLIENT_HANDSHAKE_TRAFFIC_SECRET a07a34a7f3b743788c78c195b784134b0efdc53bebd6e74e0ead534e4f3758a6 383e007af97de0a8cbdcb02ebc885b605ba95f9754e9b99ad98d8b0d284c874a
SERVER_HANDSHAKE_TRAFFIC_SECRET a07a34a7f3b743788c78c195b784134b0efdc53bebd6e74e0ead534e4f3758a6 0014c104f9e7ed24f4503124a58f33a7447cef30bd36fe633d0f492e5aba45d9
CLIENT_TRAFFIC_SECRET_0 a07a34a7f3b743788c78c195b784134b0efdc53bebd6e74e0ead534e4f3758a6 d9914b1944088b03eeddbffa20d85285993a5d2fa1ec1cd9f087563fca4d3e3b
SERVER_TRAFFIC_SECRET_0 a07a34a7f3b743788c78c195b784134b0efdc53bebd6e74e0ead534e4f3758a6 f14ecd4a8e9af87e6112cfa9f8e5286fcadbdea5d266bb4cec78bc9bfae89c0a
EXPORTER_SECRET a07a34a7f3b743788c78c195b784134b0efdc53bebd6e74e0ead534e4f3758a6 ff675fcb2b3e0ab6c7ce4bfb1ead0cb4c75285218a1237770d2135b8ebfb6ce9
CLIENT_HANDSHAKE_TRAFFIC_SECRET 1a17f439145b6442dd599668ea7e54f10e200e24cf28a59aec14d930461ce75c 2bbe8685f8661b311973895ca729298f3ce225ad51da5a6edc43202aeebc1e4b
SERVER_HANDSHAKE_TRAFFIC_SECRET 1a17f439145b6442dd599668ea7e54f10e200e24cf28a59aec14d930461ce75c e62bcb24abc8ec7ebd82104ea9e6b5606941c0833694fb4133428b94bb86209c
CLIENT_TRAFFIC_SECRET_0 1a17f439145b6442dd599668ea7e54f10e200e24cf28a59aec14d930461ce75c aa241be3b1e1662c9df6b613586440ec6ff49f16615564f108c4dfb789033cf6
SERVER_TRAFFIC_SECRET_0 1a17f439145b6442dd599668ea7e54f10e200e24cf28a59aec14d930461ce75c d57583ccf8e95a0e8153692bb6355503c124f3b0d226325701308c6c747e5f8f
EXPORTER_SECRET 1a17f439145b6442dd599668ea7e54f10e200e24cf28a59aec14d930461ce75c c161c1747bbf3b269f2c10a48364b5ac0d7554ed5c2c981af7ee8dbf070710a7
CLIENT_HANDSHAKE_TRAFFIC_SECRET fdc57046bf66eaa6d5e7545de5eeae5371d78c62d4e2650eeb654ee9f08159ab 5635e160eaafd0034472981e50367389bb9674faa466da13cab008d635c7673c
SERVER_HANDSHAKE_TRAFFIC_SECRET fdc57046bf66eaa6d5e7545de5eeae5371d78c62d4e2650eeb654ee9f08159ab 513fdb359be709ae9a99c8521f367a89a832c746c39a6223c9b9a3455bbcd001
CLIENT_TRAFFIC_SECRET_0 fdc57046bf66eaa6d5e7545de5eeae5371d78c62d4e2650eeb654ee9f08159ab 0080dff60918d2b766736a4f76e41ad814c25b9e07040a228e1d73f735d8061b
SERVER_TRAFFIC_SECRET_0 fdc57046bf66eaa6d5e7545de5eeae5371d78c62d4e2650eeb654ee9f08159ab 84f50e00a429dbc7ee2aa2690ea1e3dc7a6d59e62474c1f9e2e12afe19792514
EXPORTER_SECRET fdc57046bf66eaa6d5e7545de5eeae5371d78c62d4e2650eeb654ee9f08159ab c4fb3c5a14be3d3c7282f42493fe771d9fa2567ae264963db054cf33dbaad7df
CLIENT_HANDSHAKE_TRAFFIC_SECRET f9a45307b91bf6f773e6b6944c9541435bdee1ef0e9f51054d0119339d35e023 c8b31b5f75ff5f430c875149317fb171045f4232d02fa94699c1488a8c43d368
SERVER_HANDSHAKE_TRAFFIC_SECRET f9a45307b91bf6f773e6b6944c9541435bdee1ef0e9f51054d0119339d35e023 4c2d158a3d54cbae08a2dd57653327f9a66bdc3a28b61f755af2d03ac51499f2
CLIENT_HANDSHAKE_TRAFFIC_SECRET 176557a4de210b0d13462e0b98f9fdae42aa1a3ff58d5bb950775d863505bb2a d77d41f09f4c2f05b88faac73c65ed9492c3e61abea84d97263adf2cc547c675
SERVER_HANDSHAKE_TRAFFIC_SECRET 176557a4de210b0d13462e0b98f9fdae42aa1a3ff58d5bb950775d863505bb2a 2ef48b8e10c67eebda7a0de47c77f202afd3b85eed01c1e922b8dfab1080d09e
CLIENT_TRAFFIC_SECRET_0 176557a4de210b0d13462e0b98f9fdae42aa1a3ff58d5bb950775d863505bb2a 4b1614c05fc256f7a6c643b6ce29b814dfa17e6190a48498811063271c5a7b7c
SERVER_TRAFFIC_SECRET_0 176557a4de210b0d13462e0b98f9fdae42aa1a3ff58d5bb950775d863505bb2a 7cfc2cf0ff5472404eb06e5e50571a938521e44ca90fd7c6dade9b491a23267e
EXPORTER_SECRET 176557a4de210b0d13462e0b98f9fdae42aa1a3ff58d5bb950775d863505bb2a 93f2696ef913752d2756ebd939771f70fac20e5bc49c207c6b0c899e657bbd39
CLIENT_TRAFFIC_SECRET_0 f9a45307b91bf6f773e6b6944c9541435bdee1ef0e9f51054d0119339d35e023 0336fcf101f29128e76b2f8005f0213641770b2c6039618ef345ec5ab425fd42
SERVER_TRAFFIC_SECRET_0 f9a45307b91bf6f773e6b6944c9541435bdee1ef0e9f51054d0119339d35e023 3d4de55e997c9a2ee0003e0f19d536ad0ba8e6c20d0adefc93f561632e99a1af
EXPORTER_SECRET f9a45307b91bf6f773e6b6944c9541435bdee1ef0e9f51054d0119339d35e023 6f24e24ee298dc52e76add2d15c93f9a77d71f8e5c1b6ad34b2a7711bb7ebdab
CLIENT_HANDSHAKE_TRAFFIC_SECRET f61584e049d04fefbbaf5b394584a3fa2815083d121802e911dcc70040f0bb23 03a34378c018359b89e1fd9c2f520653d8d5cc2157ea591b671a24eb90f05cf9
SERVER_HANDSHAKE_TRAFFIC_SECRET f61584e049d04fefbbaf5b394584a3fa2815083d121802e911dcc70040f0bb23 b869a3abd62730282d2a6114b2b60d76974fd84b2ed865fe227140de861bc14c
CLIENT_TRAFFIC_SECRET_0 f61584e049d04fefbbaf5b394584a3fa2815083d121802e911dcc70040f0bb23 3b88c4f47bb559b8593574099c505c4b382123f875e23c2afccc7b819d1b1a7b
SERVER_TRAFFIC_SECRET_0 f61584e049d04fefbbaf5b394584a3fa2815083d121802e911dcc70040f0bb23 2278795a3eee72f3d4d0cc9518888f25a2dd052d937ec10bcf82a57047306a5c
EXPORTER_SECRET f61584e049d04fefbbaf5b394584a3fa2815083d121802e911dcc70040f0bb23 db9e38c2826497f0083ca0179659042a4858479a06cb303e6192f4e54644904a
CLIENT_HANDSHAKE_TRAFFIC_SECRET 66205c0e0f1fbad223d3a26da6989bb9f79371fd4dfce02358066887e2c165b5 72cc74c135635dc5f23a915ffdd43758491226a76a66ceba8198b48c083e9f18
SERVER_HANDSHAKE_TRAFFIC_SECRET 66205c0e0f1fbad223d3a26da6989bb9f79371fd4dfce02358066887e2c165b5 28dbdef3577b8058b1d5e9fcf1a36e6ec920e3be57a00b53fcd016289df74217
CLIENT_TRAFFIC_SECRET_0 66205c0e0f1fbad223d3a26da6989bb9f79371fd4dfce02358066887e2c165b5 6bec1a4cb5376c8d181601ca86b09dd682699966a2c1b70fc8268478b018fc79
SERVER_TRAFFIC_SECRET_0 66205c0e0f1fbad223d3a26da6989bb9f79371fd4dfce02358066887e2c165b5 2e1fe137247b4413434dd96ea07d5b59c7bd7281a8617ac39fc60521e2b1bf20
EXPORTER_SECRET 66205c0e0f1fbad223d3a26da6989bb9f79371fd4dfce02358066887e2c165b5 6327530ffc67c22755b5b140def756f081d6f7b7a29f0312fa6eaa322a84b636
CLIENT_HANDSHAKE_TRAFFIC_SECRET 0e9e385bd79236c81188eaaee076c3ccd57dc4b71c7171205b4f2bd64fe50e66 82998de48c3fa7c1ef1eb39f6748ae77167ec3f5e55f13bbc0ace76a07626d7e
SERVER_HANDSHAKE_TRAFFIC_SECRET 0e9e385bd79236c81188eaaee076c3ccd57dc4b71c7171205b4f2bd64fe50e66 263d7943942eafc2b520f585adaa0f939eb4bc1d07c21bc598acd050653db4d9
CLIENT_TRAFFIC_SECRET_0 0e9e385bd79236c81188eaaee076c3ccd57dc4b71c7171205b4f2bd64fe50e66 6237d347421f136179a056339d7d5d04a8c2d034ac833c0ce4024ecd508056be
SERVER_TRAFFIC_SECRET_0 0e9e385bd79236c81188eaaee076c3ccd57dc4b71c7171205b4f2bd64fe50e66 f0a075d786d3b56037a9ac243d7bcc1478b5040041188cb3b046022d842e6030
EXPORTER_SECRET 0e9e385bd79236c81188eaaee076c3ccd57dc4b71c7171205b4f2bd64fe50e66 2859f1743033a9d6b565751a1a007ab499f63dc18bb4bafbf5be54151042980f
