CLIENT_HANDSHAKE_TRAFFIC_SECRET 00eb98bd47744c02ebbd9e04780d8016614800b27e96445d7478104e9d1e4a08 468479e8c1df423e72656943aac5a777b155f73d5590ee6aa7a6fe31ff442894
SERVER_HANDSHAKE_TRAFFIC_SECRET 00eb98bd47744c02ebbd9e04780d8016614800b27e96445d7478104e9d1e4a08 ce0810efe2d5d19dfc8674b8c63fa99b0e09bed578d054cb715d74c9e08acae9
CLIENT_TRAFFIC_SECRET_0 00eb98bd47744c02ebbd9e04780d8016614800b27e96445d7478104e9d1e4a08 a0ed438fad2fb20eac1b75985e33be794c064a35ca4a588b5d578fee89d32871
SERVER_TRAFFIC_SECRET_0 00eb98bd47744c02ebbd9e04780d8016614800b27e96445d7478104e9d1e4a08 cbd6d11e55ba96820b602609e70e21888d3055aca1b514190a6035a4853ab4e6
EXPORTER_SECRET 00eb98bd47744c02ebbd9e04780d8016614800b27e96445d7478104e9d1e4a08 ac4c93a3d94c327b24687f8967e65faaaac90abb34a16dfe91248c6509ce93eb
CLIENT_HANDSHAKE_TRAFFIC_SECRET 998b6e81fa5884e0a70c9dbdcc1fd94b8ee03f8258b6d60898105e29770a088d a6b32057042cee9eb88057b024a289cff0d568e3c8173e05be47e4b5a5665f10
SERVER_HANDSHAKE_TRAFFIC_SECRET 998b6e81fa5884e0a70c9dbdcc1fd94b8ee03f8258b6d60898105e29770a088d 4f84148557d48c479c477242b478a3046c052be6fc1ef3712d57b3439463cf93
CLIENT_TRAFFIC_SECRET_0 998b6e81fa5884e0a70c9dbdcc1fd94b8ee03f8258b6d60898105e29770a088d 99126c3a9614e54b90b3661555a04fe20014226080e61e4ca584081c43b5b17f
SERVER_TRAFFIC_SECRET_0 998b6e81fa5884e0a70c9dbdcc1fd94b8ee03f8258b6d60898105e29770a088d a73ad10624ac9d2e23f09b1b249994ec799b44f9392562b9f77280816f34ed36
EXPORTER_SECRET 998b6e81fa5884e0a70c9dbdcc1fd94b8ee03f8258b6d60898105e29770a088d d82e61df6c1cf2e772812a324199e472a8d43676dbdf39f23764e97d01ac3ca6
CLIENT_HANDSHAKE_TRAFFIC_SECRET b7ce05647a5a27429cfc9ab950b11edfdda81a4a728e211250fdea11dff21950 13bc19bd1433a5145541bc5ed025f520699b1f77ca9916a6c88d5b71c244f079
SERVER_HANDSHAKE_TRAFFIC_SECRET b7ce05647a5a27429cfc9ab950b11edfdda81a4a728e211250fdea11dff21950 d4527e03321a9c1001e8fbf8724d50bc00ffe5fdf8f90e69aaf3fb09a01208b9
CLIENT_TRAFFIC_SECRET_0 b7ce05647a5a27429cfc9ab950b11edfdda81a4a728e211250fdea11dff21950 cda253ecefd8dd7367d0f477060e560a77b211d8a29f8f7353df521bcc7778e1
SERVER_TRAFFIC_SECRET_0 b7ce05647a5a27429cfc9ab950b11edfdda81a4a728e211250fdea11dff21950 1fc4be97a121c3ce2ad7fbf4a41cf319d405b7fddc9e9e7a54d24b0d879d446c
EXPORTER_SECRET b7ce05647a5a27429cfc9ab950b11edfdda81a4a728e211250fdea11dff21950 dcd112d11f2214d431aea7b5ecfa6dbc798c6654f949e786a63392f1f351822e
CLIENT_HANDSHAKE_TRAFFIC_SECRET b2ea217feef3919d0db8648fb7bbd47d7fdb1aa025072aaf2ac741e7176e1bd3 b93e7dc708717089a52d7c37254f702700289519e176ffef8f1c49d4db1dbb6fc62f37645175903524940afaf752ea79
SERVER_HANDSHAKE_TRAFFIC_SECRET b2ea217feef3919d0db8648fb7bbd47d7fdb1aa025072aaf2ac741e7176e1bd3 cea9217fa9ae7f0703f211020f19f68cc5bfa6417827a117b50b559764458134dfdb44fc6911faaa222143d57fad3ead
CLIENT_TRAFFIC_SECRET_0 b2ea217feef3919d0db8648fb7bbd47d7fdb1aa025072aaf2ac741e7176e1bd3 0251173443cbc14d93ff563327b489b83e9604c9f7524a4fe592dbc4176fa0d203d514feb9440d53fd3127f8c763cee2
SERVER_TRAFFIC_SECRET_0 b2ea217feef3919d0db8648fb7bbd47d7fdb1aa025072aaf2ac741e7176e1bd3 bb6c1582668baef57a479fa4f849ff5a320b35074d785a63dae993e8a0972e204dd601b84207e5781f1c395aca3bc1d3
EXPORTER_SECRET b2ea217feef3919d0db8648fb7bbd47d7fdb1aa025072aaf2ac741e7176e1bd3 8e6bdd33d7f25404e8323666674399abf561e3b881691b33652d0b01165d2699aee1bf14dde606992003fe0e4d6f764f
CLIENT_HANDSHAKE_TRAFFIC_SECRET d83408a81acd5ac53f5173bbdb9c607b113aff76ce9472b3ac124871c666544f c1af7953a163651e0a29a04968cf2559580d96b1da7537a900acf8c069e44bbe
SERVER_HANDSHAKE_TRAFFIC_SECRET d83408a81acd5ac53f5173bbdb9c607b113aff76ce9472b3ac124871c666544f a44538e23162ef6e6ba69d174f29b263adc3a5889b6a277da41a568f91738ac1
CLIENT_TRAFFIC_SECRET_0 d83408a81acd5ac53f5173bbdb9c607b113aff76ce9472b3ac124871c666544f 29fe39c8c2ed506b326bab29ea5180583568447316eb273f5336fd20b212db73
SERVER_TRAFFIC_SECRET_0 d83408a81acd5ac53f5173bbdb9c607b113aff76ce9472b3ac124871c666544f a4fc8247a4d74b815c5646884c9051d12c4baf8a5b151e76228625e992547f27
EXPORTER_SECRET d83408a81acd5ac53f5173bbdb9c607b113aff76ce9472b3ac124871c666544f b5fc59924d4aae5b2f767207d2a1276d096206578f7bff2703b68b7d888cbf65
CLIENT_RANDOM ab94606a555a940c7164e251e08badfcb796504393200283c2043d08f3991d42 d70105e388a2c36df25263229e79117ce5482e2af64c6f20f2c2b8347d1171d0befd06564ed026c1895608128419ed34
CLIENT_HANDSHAKE_TRAFFIC_SECRET 5e2fc72a73b9e0102e7fa4fc1f62fe62237ea95ceebff6ed08cc305bb542f108 4b733b2b4985e2931d1a48f0daaa3b1e6b5ba09da141eb30f4cb7217c3d2d0ad
SERVER_HANDSHAKE_TRAFFIC_SECRET 5e2fc72a73b9e0102e7fa4fc1f62fe62237ea95ceebff6ed08cc305bb542f108 b4267c11ca66296867aee07197a0d4ee36ebad55c2e2b276890268e36e582ed5
CLIENT_TRAFFIC_SECRET_0 5e2fc72a73b9e0102e7fa4fc1f62fe62237ea95ceebff6ed08cc305bb542f108 b7400f52917d54954ab444f10c57eb96997b12150f45e8bc6dcfda384c1e5438
SERVER_TRAFFIC_SECRET_0 5e2fc72a73b9e0102e7fa4fc1f62fe62237ea95ceebff6ed08cc305bb542f108 f7e729585120dd9a772acec82ece4b3ae813b3f33900ad0124a8894909c0f88d
EXPORTER_SECRET 5e2fc72a73b9e0102e7fa4fc1f62fe62237ea95ceebff6ed08cc305bb542f108 527db1209b969074afca9bd0bb52ff296a8d463d3e80714e1dddd6b44878ca4f
CLIENT_HANDSHAKE_TRAFFIC_SECRET b168b4128da90e2b0a440f3be928d43a7eef1cb217b4bac7538134ecdb5423ef 399211bcb20c12997ad169afe65524fa35d069080aad9956d0dfa34a92abf567
SERVER_HANDSHAKE_TRAFFIC_SECRET b168b4128da90e2b0a440f3be928d43a7eef1cb217b4bac7538134ecdb5423ef cd1d1db890f4d98c3298eb89ddc30d54602274681ea89c8f372768ea9a8aeb7e
CLIENT_TRAFFIC_SECRET_0 b168b4128da90e2b0a440f3be928d43a7eef1cb217b4bac7538134ecdb5423ef 70e51b864734220e53aa763e26b844dfa1375ae08972b52e2eb191a478470579
SERVER_TRAFFIC_SECRET_0 b168b4128da90e2b0a440f3be928d43a7eef1cb217b4bac7538134ecdb5423ef e22c86d6d7fac9614bdab9b4fb8d6fbfa208db7609c68ca94b0ccaea3cbb1947
EXPORTER_SECRET b168b4128da90e2b0a440f3be928d43a7eef1cb217b4bac7538134ecdb5423ef 5be7c76084c89e325728230a0105eda1f63e0ec454210c642f0e4c149889fd5b
CLIENT_HANDSHAKE_TRAFFIC_SECRET c3d934a38304eea60d0d675792f307cefb3f56ec2e45919976452db837deebea ed29f851f9b2a97fa2ae8a4c3b637a458bd18ed86f9f007482b8633f1bdc8f268694ce7bb0ad1a8925c41fd71b5edf0b
SERVER_HANDSHAKE_TRAFFIC_SECRET c3d934a38304eea60d0d675792f307cefb3f56ec2e45919976452db837deebea 328f4b94adc5ad9b376687a47942937e954694b4d35a5936d331266874173401e8bd33f4a437497b72b426b94ae7aa19
CLIENT_TRAFFIC_SECRET_0 c3d934a38304eea60d0d675792f307cefb3f56ec2e45919976452db837deebea 255ad08e1d878de13beb3d29addf09be4e57150f63a6e06c92377ffc219387929d881003053fdeac2ea4fccf57220043
SERVER_TRAFFIC_SECRET_0 c3d934a38304eea60d0d675792f307cefb3f56ec2e45919976452db837deebea 89fa708bcae7106857dc73626805694bb2097ce927800cc04a69559800bf50cbfcf97bbe937f0ddf6202809af7e15a3e
EXPORTER_SECRET c3d934a38304eea60d0d675792f307cefb3f56ec2e45919976452db837deebea 2ad88a0671bfb4ceb307fc5fe579273193dd64629b1cb4a53ad56f44b8d36d423e5422e0f4faa23acfa1719ca88cbd3a
CLIENT_HANDSHAKE_TRAFFIC_SECRET 598ead566f508e39c97c3120cabadeeeedccfcb1b45425a7580e1be31811c4d0 d1a40e5ca9db204f85628548fac47ea12ffda57dab5ecf7a7bc9ebbf258f766d886eaea4785863013e11df26573fb6bf
SERVER_HANDSHAKE_TRAFFIC_SECRET 598ead566f508e39c97c3120cabadeeeedccfcb1b45425a7580e1be31811c4d0 3d3dbb1f8a6af05a898f008c4d1a938094f1cfac48dc576c6e2340be250060178a35067e2af2ae4b0b1245150a4ef3cf
CLIENT_TRAFFIC_SECRET_0 598ead566f508e39c97c3120cabadeeeedccfcb1b45425a7580e1be31811c4d0 8b79c618a0fe9c00ff274b6750936c967f77c85dabb912297132c053868e00c329653670dfdcb250c49d213f26c34eac
SERVER_TRAFFIC_SECRET_0 598ead566f508e39c97c3120cabadeeeedccfcb1b45425a7580e1be31811c4d0 da86b803ae3cd2f75dcbd35a18d65026322abf7a89ed9c3762b5c852fb451c76f610fe69017ffe3eff01c094374576ef
EXPORTER_SECRET 598ead566f508e39c97c3120cabadeeeedccfcb1b45425a7580e1be31811c4d0 5e811ee306009c6047a7a3decb2824acded1385af17bc5e6799ca143a06e7b5fa4e86a61c541ff6702f2c4ccb838c21e
CLIENT_RANDOM 69510370a569a836b1bd77f14d2af66eb56f81eb5b29598624224939457b8129 fa1e6ed74bcc45d25792fc79f67e24e45a242cf7a92076f9d440b869388a0a81cecb1e5fae5eb67846193bb1b27169e2
CLIENT_HANDSHAKE_TRAFFIC_SECRET 69896106ddd0c64187cbfa9cf53c93b9a3cb190e60c016c8a79164c4512a5179 dc17c1d5b9cc50380618041248e4f6be544393bbc2791127378f57d224ccbf7e5b1d18548a8eb68f13f0a6436491afde
SERVER_HANDSHAKE_TRAFFIC_SECRET 69896106ddd0c64187cbfa9cf53c93b9a3cb190e60c016c8a79164c4512a5179 8e9f144559fd3215ff26f2a49d4a879618d570d53b3da25e5fee7f18f3388ce63e7fdd94590d1b06c02f8eb811fd50af
CLIENT_TRAFFIC_SECRET_0 69896106ddd0c64187cbfa9cf53c93b9a3cb190e60c016c8a79164c4512a5179 04ffd6ce95b1eb7fe232f1e9387dea5eac3e0d9c086e3f2e67285b5c55ce1114779a87c0b33f791a2b06748428bdb20d
SERVER_TRAFFIC_SECRET_0 69896106ddd0c64187cbfa9cf53c93b9a3cb190e60c016c8a79164c4512a5179 358fed269533552117715afee9d341cfd94a7784901c8d6555056e48f2769fc8196411125fae3a302555b5ff2e5c4200
EXPORTER_SECRET 69896106ddd0c64187cbfa9cf53c93b9a3cb190e60c016c8a79164c4512a5179 2e42e1823f2a1f6da5cb6162af3f14b7b89b9e04fb1bf4620c61dde6698ea7ec1c84bf7e4c6761f5a1bc26c294bf88f7
CLIENT_HANDSHAKE_TRAFFIC_SECRET 2164fbaaa3b299ad77d84e223fd0ec11d815a66191dd9470072bf7ef44707442 bfa5458b33cd71967da8d6dabfd4e0f47eabb74d2e10e4c3b68b8c9f1d4cfb4175a9f088148c86b32fa995ceb073984a
SERVER_HANDSHAKE_TRAFFIC_SECRET 2164fbaaa3b299ad77d84e223fd0ec11d815a66191dd9470072bf7ef44707442 62a983021451add0e0ceeb7f20528f9faef651a188546b30b77dfeaa874f328303acae86e6d564abdbcb059eedc2701d
CLIENT_TRAFFIC_SECRET_0 2164fbaaa3b299ad77d84e223fd0ec11d815a66191dd9470072bf7ef44707442 9d8345f36c291312f280a8aaa4378fbceb637144a902384f50973aecf0407890d4d396ad45d0ec67dad2f1806d0109de
SERVER_TRAFFIC_SECRET_0 2164fbaaa3b299ad77d84e223fd0ec11d815a66191dd9470072bf7ef44707442 707cbd5cfc72e0f44157ecdf7d5ec7b2618d763aecee335b70bf4e6cdbddc7c83629f7466b9e06cd99b14bc2d81ae8e8
EXPORTER_SECRET 2164fbaaa3b299ad77d84e223fd0ec11d815a66191dd9470072bf7ef44707442 bd40bdafcf7ec4c352a118d4b37760f85d8981579b02b3d1242a1a330e7f15b6a82d29f42d0882b19d66832ab873fd4e
