CLIENT_HANDSHAKE_TRAFFIC_SECRET 41ce71079ddac1a8e5ff5c518ba57111c98590b8b2c54d3f7db1498aaeff7321 d88a30f79f93d9bc19f05f1163877b0bdee87454ce72a2994d4b0b040f9d0c92b2667a0988596bfe3d7a78998bc17ab9
SERVER_HANDSHAKE_TRAFFIC_SECRET 41ce71079ddac1a8e5ff5c518ba57111c98590b8b2c54d3f7db1498aaeff7321 6c4e107add5c55ae116a5db48c26dde3bd8b325b4b134db72fd6c4e95047a3f333e284626fdb8b7ddac192fa4d9259a7
CLIENT_TRAFFIC_SECRET_0 41ce71079ddac1a8e5ff5c518ba57111c98590b8b2c54d3f7db1498aaeff7321 da4ab56b7f288fcfe79b92b2b91be1e81125900ba680309c915c3d82e15c1d223da4c8e78ef564e073eb24c19e60b41c
SERVER_TRAFFIC_SECRET_0 41ce71079ddac1a8e5ff5c518ba57111c98590b8b2c54d3f7db1498aaeff7321 4cf44f3478fa36df78931df894a654595853cb1e5387e78cfb50cd1dbb8c7c64ff34f20dda1935d4ca59784f2e86645a
EXPORTER_SECRET 41ce71079ddac1a8e5ff5c518ba57111c98590b8b2c54d3f7db1498aaeff7321 c32038c9e1814f893e7b10c45789822fa544bba63a27b9b867c13fa5c4527715c85db8803d379f4f880c4dcc0ddb4d9c
CLIENT_HANDSHAKE_TRAFFIC_SECRET d07b754cf1559ab3eee771de689dd6cf0b5651ebe2af488bf55ef4ea05b75199 72efd286b90623d3a552d85791da262f4d688a9284ab16200c39282ef0fd5a87cf6848f9b60e6a02fe4fbc11082912dc
SERVER_HANDSHAKE_TRAFFIC_SECRET d07b754cf1559ab3eee771de689dd6cf0b5651ebe2af488bf55ef4ea05b75199 03967a2e086401f4517a4bda3d35826464f4001a3eaf0c6b6f42f1046853512ce8fa7167b6ebc3449bdb4b5f60131b24
CLIENT_HANDSHAKE_TRAFFIC_SECRET aecd019266132b61a7984e7074b530d7ac5520abba4bf96e1d2af82bbcc96278 f4d0f3996b4ec63d61115b089f6bf007cb2640a6f1d4e303f0d0f1abaa6da3d93c8bf29477448388de2909aa4ddf6141
SERVER_HANDSHAKE_TRAFFIC_SECRET aecd019266132b61a7984e7074b530d7ac5520abba4bf96e1d2af82bbcc96278 005fb258902a7fc58b68d3d1c07519130a093788edb6759e02040ec4e9acb6bcf73001f4f945243896fc226236f8322b
CLIENT_HANDSHAKE_TRAFFIC_SECRET 7fd4eeb35ecb6e10b67faa23e5a91785cbbb841837f32a2e97081a77cfa1f96a 8af21596a532221d86ad12c287703cc660c457d941b60839ccb0d8b2a9a36419c68e7bf65b8baebc7c7dd5c031f0094c
SERVER_HANDSHAKE_TRAFFIC_SECRET 7fd4eeb35ecb6e10b67faa23e5a91785cbbb841837f32a2e97081a77cfa1f96a 9bb35ff2c4cbe2f2358d7fd9e66bd09f51309ce1e12be73f5a2ccb1cbc70e99050b62266bfd81c8b3e118485c3882a0d
CLIENT_HANDSHAKE_TRAFFIC_SECRET 046031c820d366c56b977762c7f6990b356047e0c373a9f55ddb69217410eaaf 0173de85eae455db5306f55e7d91cbe250294f5adb89fe1d7aac68ac1d8a96cf467e519aae23cdb9b49f79e955255a21
SERVER_HANDSHAKE_TRAFFIC_SECRET 046031c820d366c56b977762c7f6990b356047e0c373a9f55ddb69217410eaaf ed668d2ee9ee4b88192cd0025bdc31247afad85427b818ef667a5073bbd9cd62b422d77d3be88ea98b53ece51b79935f
CLIENT_HANDSHAKE_TRAFFIC_SECRET 13022f2fedd6889de18e09300b55e4356ca8dfb500b40c1c631c2237a58dc196 c9d9639526fbaf421d4f8994f254ad8cce0066c0cfdec866bf8410ff027ad5d3c45579e3bc55dfd75093837a9dc6eaa8
SERVER_HANDSHAKE_TRAFFIC_SECRET 13022f2fedd6889de18e09300b55e4356ca8dfb500b40c1c631c2237a58dc196 73f0b65cbf8e84c2c0d4d0b2dd35e3939aeab5046ca8fef1a8a069512cd4fe08ac0e5afa52061e51f5dc12f5c1902559
CLIENT_TRAFFIC_SECRET_0 aecd019266132b61a7984e7074b530d7ac5520abba4bf96e1d2af82bbcc96278 15f7a9d9b9f3400229278660f3b09a81440bd06aab7e0e8a2a79a7bfffe51e35ed76fb57b4ca2d46e9c35657e46a23c8
SERVER_TRAFFIC_SECRET_0 aecd019266132b61a7984e7074b530d7ac5520abba4bf96e1d2af82bbcc96278 53aa36564478a4f0c1f40bb3ea49f357b07dc6952c6845fc0fdcb9f7da01a4eecb9a33df0914b5c9ff011f5a8ae9e132
EXPORTER_SECRET aecd019266132b61a7984e7074b530d7ac5520abba4bf96e1d2af82bbcc96278 033cf7fb97822653e269cc7a14aa49c516a8e8f4dbbaf9162703db44da2261a957f4e9515ad05fca12f78994a76a005c
CLIENT_TRAFFIC_SECRET_0 d07b754cf1559ab3eee771de689dd6cf0b5651ebe2af488bf55ef4ea05b75199 9e927dacc10f36ee59a25ec369b21623ce282370349f8d0534a578d315b1e41d179b0d1dc95996a0ef8d9830c1d7d9dd
SERVER_TRAFFIC_SECRET_0 d07b754cf1559ab3eee771de689dd6cf0b5651ebe2af488bf55ef4ea05b75199 f7f54b261997c3756a93a1d89eebdfbea70043f3a28854417eebf55453bdff1299d2c3fc0d5218c512d9fb22e9f7208a
EXPORTER_SECRET d07b754cf1559ab3eee771de689dd6cf0b5651ebe2af488bf55ef4ea05b75199 f386c6e58d4f4466d579b57698ee79d2fe1d6947ba823c6ba4338e331755571ed01d0a34d60a13ca53adbe639401ee01
CLIENT_TRAFFIC_SECRET_0 7fd4eeb35ecb6e10b67faa23e5a91785cbbb841837f32a2e97081a77cfa1f96a d4c0cf5e97325c936d1a3451d726384e45f4915eb614cfe73a9072d84ebf8506b6f2b04a548a12fd5200cc76ac909491
SERVER_TRAFFIC_SECRET_0 7fd4eeb35ecb6e10b67faa23e5a91785cbbb841837f32a2e97081a77cfa1f96a 9d027ded1781ed4f3cfafd0690b787a65cf337cb6d2aeab8f3eb971c2565afdeca48ea04e606c41a51dd313a4acab1bc
EXPORTER_SECRET 7fd4eeb35ecb6e10b67faa23e5a91785cbbb841837f32a2e97081a77cfa1f96a 48e7193f3b6aa15aa41c5f674aa33fd3255a060c106625366c7a2bd20865130fb92f1cc6a99a118c9aca9dfa03834db5
CLIENT_TRAFFIC_SECRET_0 13022f2fedd6889de18e09300b55e4356ca8dfb500b40c1c631c2237a58dc196 f459b55100fec82a86c630e79fc0ffc3cf8dd352caa628a76a64ff04af9350b8776ac1332c3d822fa071d02b3e658b0a
SERVER_TRAFFIC_SECRET_0 13022f2fedd6889de18e09300b55e4356ca8dfb500b40c1c631c2237a58dc196 3feb3907eea51a93c3f8938cfc1aa676a6e0ac7a8328d00a57dd2abaf0d78369c394a49b47eaa970de4f864e6010927b
EXPORTER_SECRET 13022f2fedd6889de18e09300b55e4356ca8dfb500b40c1c631c2237a58dc196 efc54c023f25144c0995037203d3655d752db34505dc3a51b752819e23446f0293b52787110e9052c6ab1df947037511
CLIENT_TRAFFIC_SECRET_0 046031c820d366c56b977762c7f6990b356047e0c373a9f55ddb69217410eaaf 169defa2688bba3940d45a155e2553f4a1100ed05777f3ed5febad76a0cef6f5fbf659e334f3e398bbb79c676ff30589
SERVER_TRAFFIC_SECRET_0 046031c820d366c56b977762c7f6990b356047e0c373a9f55ddb69217410eaaf 07ac68b3964d1dbd39d7164e3bdb16f96d815c22b482425e7fae000e5448bed1c6d562be252d3516e7b17bcf8769590b
EXPORTER_SECRET 046031c820d366c56b977762c7f6990b356047e0c373a9f55ddb69217410eaaf 677121e336a7d8085b00a4d4a828da61f122ae2ac1b0c5f7329daf34c369351a67b2bc004aca9fb8dc7830a7131513d0
CLIENT_HANDSHAKE_TRAFFIC_SECRET 08840654ca9e6ca8533ccabdf6fc3635136f51ea1c16be166d1012ab4bec54b3 64caf17f57eac8bbbdf24cd56db9197862f1c9a29735e36aa9fb8618452dffa3a0d6ba47d8b08a88fa18896a7e712362
SERVER_HANDSHAKE_TRAFFIC_SECRET 08840654ca9e6ca8533ccabdf6fc3635136f51ea1c16be166d1012ab4bec54b3 9090fa7eeda8fe2c9cba62c288457524dcf4a5ad6252d78bfea075fc2a5f43dffaf451a0bfd911c341b7860497ab74c2
CLIENT_TRAFFIC_SECRET_0 08840654ca9e6ca8533ccabdf6fc3635136f51ea1c16be166d1012ab4bec54b3 3699aa7f369d50531c524a7ef6ea5e84a424466c8ef0a6301c17bb286513fd4c323b8451830fa83ec5df40a6a48d06df
SERVER_TRAFFIC_SECRET_0 08840654ca9e6ca8533ccabdf6fc3635136f51ea1c16be166d1012ab4bec54b3 16d9b1a0b8cefea87aed48610e18fceedf87d6dd5ac5b66631c040b49e52ebc0180bd8d7276f60f438a1f9dd2193ecb7
EXPORTER_SECRET 08840654ca9e6ca8533ccabdf6fc3635136f51ea1c16be166d1012ab4bec54b3 9704f7c022de1f91ce54f2bd71d0341e4586f4b2e59d8044953a3cc6af13672e306c4d97b5cd9a9d6a41cef2635cac57
