CLIENT_HANDSHAKE_TRAFFIC_SECRET 4736ae61ec4fd1225fe01b95fde03821bb04b8744339ab04cd6605d929da158c 99451ad5799bf2bc885aef1fc941cda57ed3b2f54f18db7bd594fe0c39d7690a
SERVER_HANDSHAKE_TRAFFIC_SECRET 4736ae61ec4fd1225fe01b95fde03821bb04b8744339ab04cd6605d929da158c 7d02de0ba6f24f1ef67cdc5c58d211bd47f8b8deb33f4e575e7c8536f4bf060e
CLIENT_TRAFFIC_SECRET_0 4736ae61ec4fd1225fe01b95fde03821bb04b8744339ab04cd6605d929da158c 72730449f5d14832aaa2cb89de6302329b9337077967d22bbf27e8bc524c9d4e
SERVER_TRAFFIC_SECRET_0 4736ae61ec4fd1225fe01b95fde03821bb04b8744339ab04cd6605d929da158c f09e63ad62b0264cc7b91990ae6edfbf16afd6c11aa057e4b9235322d29c8e2a
EXPORTER_SECRET 4736ae61ec4fd1225fe01b95fde03821bb04b8744339ab04cd6605d929da158c e4093eb7b406040dcd1fd1324a50b1a850df7722c24966dbf874e2a72b408789
CLIENT_HANDSHAKE_TRAFFIC_SECRET 6967a4941218d47cc1ac5db795cf72e7773ffd4f51b2833c86bf72e93f7c8615 5233722a2f7d8679b40ebf93d1d8b2a694b77304af3defadaa7d34887a2d2664
SERVER_HANDSHAKE_TRAFFIC_SECRET 6967a4941218d47cc1ac5db795cf72e7773ffd4f51b2833c86bf72e93f7c8615 f9109d7fb4eeee7cf579eb17bea9fd1791c306033d168a2b1ffb04c02304c82f
CLIENT_TRAFFIC_SECRET_0 6967a4941218d47cc1ac5db795cf72e7773ffd4f51b2833c86bf72e93f7c8615 6974fdc433bde6b869212d9f48891644513989360151590eb975d295586915ec
SERVER_TRAFFIC_SECRET_0 6967a4941218d47cc1ac5db795cf72e7773ffd4f51b2833c86bf72e93f7c8615 686628ca41855dc093788e450127caf8b61b32b0716d3b02087f7cb20bd0ba4f
EXPORTER_SECRET 6967a4941218d47cc1ac5db795cf72e7773ffd4f51b2833c86bf72e93f7c8615 6f4b1c3da1e0d189fb9fa5e38ef8fa79c52d56954e68fdf11b147a8c8bd9274f
CLIENT_RANDOM 26b54213068dbefa759807b09ea75c19d51e8848722555d8d11650af7731b400 f0b5922de64121f597e3dc0e2d266db961d228e8fc72cc4b0ed02b4a550837c0e5ef0aeeec90e7951ceee88d7c4e7d74
CLIENT_HANDSHAKE_TRAFFIC_SECRET 49ca41c373d5663cd735c8938c4986427c7c3f326c2d2c7d8b0f0472eda0c9c5 90ffd8009ce6054e56a95c01b06c66d8b4ce510a32e803c3bcefe9e4dc00bc89
SERVER_HANDSHAKE_TRAFFIC_SECRET 49ca41c373d5663cd735c8938c4986427c7c3f326c2d2c7d8b0f0472eda0c9c5 7fd08b40f504a32113959b8a017a10d964549d6096473e5368dde79a5e93bc58
CLIENT_TRAFFIC_SECRET_0 49ca41c373d5663cd735c8938c4986427c7c3f326c2d2c7d8b0f0472eda0c9c5 dd881b76002570699ce8028d0378127613359dc372d41b96f2b4a2dd42ba19b4
SERVER_TRAFFIC_SECRET_0 49ca41c373d5663cd735c8938c4986427c7c3f326c2d2c7d8b0f0472eda0c9c5 a2ee53a65b521382ec2b7936667565742ea64b1ae88464bcd9677b289ae3b57a
EXPORTER_SECRET 49ca41c373d5663cd735c8938c4986427c7c3f326c2d2c7d8b0f0472eda0c9c5 00ec2cfe7306d8a558efb508bf7ed4ed707902c6980730d3ad653241e5341f3a
CLIENT_RANDOM 8163857b3fdefc146685d25e7d253a0a52b3b174bbab522fb6c706312361a601 921277eb2856d8049deca0a7cff09c51ab38fd4c4835e3e251f9c9901ac95a51d87e496d5cabb195fdea4dc260cfeee4
CLIENT_HANDSHAKE_TRAFFIC_SECRET e45acd714f9b410e16b436912ffd87abc9f2cff2573ffb1f27a75674bd1e520f 5ac859d3b8d74e149c471ae15bc5dd474e2d8518861e730f224b405bca165aebed943f00a482bb2845c5d075d2979799
SERVER_HANDSHAKE_TRAFFIC_SECRET e45acd714f9b410e16b436912ffd87abc9f2cff2573ffb1f27a75674bd1e520f 0625e83017b1a62512760453899afadc9b79da4c514b642320f778447024f3c60b7468fe5966c1dbcbbcb9dd346504b0
CLIENT_TRAFFIC_SECRET_0 e45acd714f9b410e16b436912ffd87abc9f2cff2573ffb1f27a75674bd1e520f a3b7e8c9a016e02d1bc568ec49ed5def1ffe580e76c0051a1938355e45f37b7e74b429b9c2e6f2db1787523c1720dda0
SERVER_TRAFFIC_SECRET_0 e45acd714f9b410e16b436912ffd87abc9f2cff2573ffb1f27a75674bd1e520f 34ac6ffc930238521a2f551b3af4d48581b0f37e9c4f68efe1d3ea93d5dba9e56fc2f23fe32605c539a796c4702cd5f2
EXPORTER_SECRET e45acd714f9b410e16b436912ffd87abc9f2cff2573ffb1f27a75674bd1e520f ba3b5b477236e0fdd8257a651228b23af1593f2027059a493f9a181ac1baf3cf920a95cdbd711bb5309d13e26052ba5e
CLIENT_HANDSHAKE_TRAFFIC_SECRET ea5342df105f02ff9e8f75cb1b6cd68af731f8d1156333d3cc9abd34ee77b7fe 2baaad9fedc8c13dd80dfc0cb5037b839c87cec5959a3bbce82bc6f8608d7dd9caae7bc0e067168d0476d7401cc83e90
SERVER_HANDSHAKE_TRAFFIC_SECRET ea5342df105f02ff9e8f75cb1b6cd68af731f8d1156333d3cc9abd34ee77b7fe c4aa5eacb0f2280b478bbbd7261583462aafbd57feb93c768556a38fdee903f1c78a29ee805dd383e1f57add5fcb40eb
CLIENT_HANDSHAKE_TRAFFIC_SECRET bdc33dd5f3c84d11b1a51291886692eb5914d73e220593dd9f0023ac22a0531f 31580c7309b1e8a858fb205ae20e1fae7d9df03dc658fe5a9e64937586af483eb3f10e96a703225e7c3250784e4a9c6d
SERVER_HANDSHAKE_TRAFFIC_SECRET bdc33dd5f3c84d11b1a51291886692eb5914d73e220593dd9f0023ac22a0531f 7af16b74e00ff035752d0ffe6808b71676f98f7d90e525d95874de5476f04f7e0cc680c72f2f43b8105794608e08191e
CLIENT_TRAFFIC_SECRET_0 bdc33dd5f3c84d11b1a51291886692eb5914d73e220593dd9f0023ac22a0531f fd579f072f21b01f89a61a8f1ec62f527b87789066a32c22011bc3ccb23f2dd49bb4a37bccd276367d716ab8bacb0e6d
SERVER_TRAFFIC_SECRET_0 bdc33dd5f3c84d11b1a51291886692eb5914d73e220593dd9f0023ac22a0531f d844cdd71503629d14deeeeff27e469e05e04059e521cd1a0ff3a6e7a83cceadef4786116f1c719a1f050cfbcf0d6b1b
EXPORTER_SECRET bdc33dd5f3c84d11b1a51291886692eb5914d73e220593dd9f0023ac22a0531f d34c9bb69389c2c69224b9b118090d7caae633f9246257b863bdd0a8104f74f134f2fa24a44cea7e0108500fb3eb7c43
CLIENT_HANDSHAKE_TRAFFIC_SECRET 2210fe2207e93f35afc1845f7167822461d53565cc6a1ea45c3287360a2214c1 942d6d7886d7264c00e6399cab2cc3c7af440f16a742dbf7a847635cc33d18acb479c7aed3f238cac0fb0a370ec9641c
SERVER_HANDSHAKE_TRAFFIC_SECRET 2210fe2207e93f35afc1845f7167822461d53565cc6a1ea45c3287360a2214c1 d7ef66e635d1c0107928c78a7c1a47b8ad90678084ee2eb84c0121f8dd423dd79fc0081a5f53a874ebd4550b67521251
CLIENT_TRAFFIC_SECRET_0 2210fe2207e93f35afc1845f7167822461d53565cc6a1ea45c3287360a2214c1 e076ab6fd95df1ff408db0cb8d0fcc3b2124ff880d2ab066e8df544bb513639e7d350ceeb54cbc00fec83e4e0aec356f
SERVER_TRAFFIC_SECRET_0 2210fe2207e93f35afc1845f7167822461d53565cc6a1ea45c3287360a2214c1 006079f7e3f910c3eadc3979cc25924d8f84174806425127ccebf793ddf25f651bdc16af980e823016a42b4457c16dc7
EXPORTER_SECRET 2210fe2207e93f35afc1845f7167822461d53565cc6a1ea45c3287360a2214c1 ce611d802a80dd651412a3ae7af9e3fc5b94030c6afafc5549116605fd677bd520fb17f8b5d9c97659cd06e380d31afc
