CLIENT_HANDSHAKE_TRAFFIC_SECRET dff0f34ea56713739afbf85b295dc20a78e4124134d170c4a230965e898192a4 42707e26d38cab7afcfda31f513a044df8d7e2e18419e676100c563e1b94b7b7
SERVER_HANDSHAKE_TRAFFIC_SECRET dff0f34ea56713739afbf85b295dc20a78e4124134d170c4a230965e898192a4 72fc02d4b12a2891f5f35d95db407d4352910c38d473bbe00a00309f8ae3fac5
CLIENT_TRAFFIC_SECRET_0 dff0f34ea56713739afbf85b295dc20a78e4124134d170c4a230965e898192a4 d2210a10f21a5adab97c61057a92d341281a343d04138ebf17308c9ae37dbcb5
SERVER_TRAFFIC_SECRET_0 dff0f34ea56713739afbf85b295dc20a78e4124134d170c4a230965e898192a4 3bd0f70f1de285899148b8eceaab082dce8999b882727184f10f1f0a374128f5
EXPORTER_SECRET dff0f34ea56713739afbf85b295dc20a78e4124134d170c4a230965e898192a4 418b118746dff7ebcd80bbb510a07045cf70e873409526c72b4e45c447edd7fe
CLIENT_HANDSHAKE_TRAFFIC_SECRET dbe51c70945346e8fe5d8357a64f64982f5c24539d0058f481189889d4d0830f f85ec908d7836e859b2a5a3e2f09daaa5d1ebc5f46b606982a4093f7c3ee8c62
SERVER_HANDSHAKE_TRAFFIC_SECRET dbe51c70945346e8fe5d8357a64f64982f5c24539d0058f481189889d4d0830f cc9f931085c5e6df70bfdbe6ea14ac95fd96748be904a21bdd84fea0c0fd2fbb
CLIENT_TRAFFIC_SECRET_0 dbe51c70945346e8fe5d8357a64f64982f5c24539d0058f481189889d4d0830f 9770b268857e01910c1af4aba2e15bd22db05765b4eee1a635fbdc00d407096b
SERVER_TRAFFIC_SECRET_0 dbe51c70945346e8fe5d8357a64f64982f5c24539d0058f481189889d4d0830f 399978d9373522ce20d0a65455a2654850735f7c4ff35731d67cf92e3a4851a8
EXPORTER_SECRET dbe51c70945346e8fe5d8357a64f64982f5c24539d0058f481189889d4d0830f c023e438092f3939a23ac72366696d0bb605c5c46678b75c6c86d9d75cda426f
CLIENT_HANDSHAKE_TRAFFIC_SECRET 2d509ccb61ec2c7d9cfa5e951090d00b805293399625277e261d049da9682380 8aa5536724caaf2b7e7144821043618831ea63135046791b641cbcbbdd3603ee
SERVER_HANDSHAKE_TRAFFIC_SECRET 2d509ccb61ec2c7d9cfa5e951090d00b805293399625277e261d049da9682380 281b432bce90f3c10992dcca8590e79ba1096a141881e4465b79eeaa77681bcd
CLIENT_TRAFFIC_SECRET_0 2d509ccb61ec2c7d9cfa5e951090d00b805293399625277e261d049da9682380 858c2d404683ae1cc86deba3d9d21dc81ad2be9550f6c5fd8ed1933e2ab45add
SERVER_TRAFFIC_SECRET_0 2d509ccb61ec2c7d9cfa5e951090d00b805293399625277e261d049da9682380 6af42bca0d19848ff309c820533e4804478de9b9e73854da66c011b0614f1e9d
EXPORTER_SECRET 2d509ccb61ec2c7d9cfa5e951090d00b805293399625277e261d049da9682380 37728b68cab3c2ebcb0c2b09133938bb7b2a831d3a3e0db49aaf2b65ce3a6246
CLIENT_HANDSHAKE_TRAFFIC_SECRET 46144405bb18a26b676b290326600695886ae9e1784ccf1b977180ada8977812 ee94ac4aa7fd2c3773619e95c4657b46bdf069b3eb3907ab72656514e18538f4
SERVER_HANDSHAKE_TRAFFIC_SECRET 46144405bb18a26b676b290326600695886ae9e1784ccf1b977180ada8977812 347eae151ee8a9fd5e1d83925efebe8ff97338272fa94a4e0ad65527f3c08cc3
CLIENT_TRAFFIC_SECRET_0 46144405bb18a26b676b290326600695886ae9e1784ccf1b977180ada8977812 919c798e0a473cebddeb16c7ee31681918af02320a47c93ddfc68e9ceca7a9ba
SERVER_TRAFFIC_SECRET_0 46144405bb18a26b676b290326600695886ae9e1784ccf1b977180ada8977812 7ccaf6a5e28a05dbf1809d2fb78898cac46a3856376d74a378900d75523182ff
EXPORTER_SECRET 46144405bb18a26b676b290326600695886ae9e1784ccf1b977180ada8977812 05cad65496292c6bd2b7ac380c556efdf1a3484e9c3c73b1e01c6901c586b16a
CLIENT_HANDSHAKE_TRAFFIC_SECRET 30c755f621b68fcd3f8f3810eaf7f381254faaaf84237cb5f54ac18f348eae7d 2c5c1b1ef583fb04a2169714da5bdc82034d5b031e1e9cead26da75848bfd3a6
SERVER_HANDSHAKE_TRAFFIC_SECRET 30c755f621b68fcd3f8f3810eaf7f381254faaaf84237cb5f54ac18f348eae7d 3fc760a0fcaf83ccecb109fb635792861d4479511fbfa39b057896dcec4d0c1f
CLIENT_TRAFFIC_SECRET_0 30c755f621b68fcd3f8f3810eaf7f381254faaaf84237cb5f54ac18f348eae7d d6a4455f4a3f5142779ad189236c9131c13b9cc05c11f30b98e6fbebd3a0efaf
SERVER_TRAFFIC_SECRET_0 30c755f621b68fcd3f8f3810eaf7f381254faaaf84237cb5f54ac18f348eae7d 33a61d919da2a62eab6e761724069b6cfaf0ae04fe9a462269cc0dc8889a6d6c
EXPORTER_SECRET 30c755f621b68fcd3f8f3810eaf7f381254faaaf84237cb5f54ac18f348eae7d f6aa953aedd11dc695f09515c224a890c18ce77d3e5d1d5464a23aef2a7040c7
CLIENT_HANDSHAKE_TRAFFIC_SECRET 852938976fee98662738038d20ebdeddd78235a5ead1f43574adb519b496dc0c 367b2d392a975edc050fe1dc41103296cf3d5e4e2aee65f28465c77e746cf533
SERVER_HANDSHAKE_TRAFFIC_SECRET 852938976fee98662738038d20ebdeddd78235a5ead1f43574adb519b496dc0c 20c3377897f6af3197f97343b0cdcde309cff9605a011a449dc290f7696904c4
CLIENT_TRAFFIC_SECRET_0 852938976fee98662738038d20ebdeddd78235a5ead1f43574adb519b496dc0c 120bc28b50b58834015f7f0a72b6c6749925a138992f8961c40f7194440b7f57
SERVER_TRAFFIC_SECRET_0 852938976fee98662738038d20ebdeddd78235a5ead1f43574adb519b496dc0c 4eb4ff5fc880831eeaa587b3226585c003ee44dffa1857f923060f7422a2a17e
EXPORTER_SECRET 852938976fee98662738038d20ebdeddd78235a5ead1f43574adb519b496dc0c f487da4c164aab8ebd0ff720154b809beaed122d9b5b1e0a5888f59bef2c6e5a
CLIENT_HANDSHAKE_TRAFFIC_SECRET 556b16124df46a498ae21fd5aa3fc3fee3df76cd59d9d04e5a8c4872dc91b3b5 c4bd10598f5b86e6467bf2f525bf40265c88272381e746fef3a164e3c7c19e0a
SERVER_HANDSHAKE_TRAFFIC_SECRET 556b16124df46a498ae21fd5aa3fc3fee3df76cd59d9d04e5a8c4872dc91b3b5 20b3ea2a95e3856fd9340aaa4398b7bc5ce1bf7fc5dc32b98993a24548bad423
CLIENT_TRAFFIC_SECRET_0 556b16124df46a498ae21fd5aa3fc3fee3df76cd59d9d04e5a8c4872dc91b3b5 7c5e5071234621b8c0f6be9aaa85fef224875cf4b3211ded809815b57634c595
SERVER_TRAFFIC_SECRET_0 556b16124df46a498ae21fd5aa3fc3fee3df76cd59d9d04e5a8c4872dc91b3b5 658c534122f0075df988ccefde0f22384cba4a7b7e05c2663dda25472dac1c32
EXPORTER_SECRET 556b16124df46a498ae21fd5aa3fc3fee3df76cd59d9d04e5a8c4872dc91b3b5 a27e0caf358cc58ba1070355c7cbfda12b1c0fabd93e485de6ecad3dc55f9b7e
CLIENT_RANDOM b14c4198e157c0e864e5cd2c268f38b7b876a5bd266899a232d51593ee60a858 b24715e4ec01aa3aad4b4df14a60992f437f27120c76dc6453559e06cc05844f494da468400717222511556b1c5d6e1a
CLIENT_HANDSHAKE_TRAFFIC_SECRET 034050cb61069c9c51828c90c0fd588f73022d005eeeab43e24ccd1ee83cd220 fad9937cc164fe2b51a0a355a6bc80bb60c58c7a6bd592c1ae03b4d88782c6f6
SERVER_HANDSHAKE_TRAFFIC_SECRET 034050cb61069c9c51828c90c0fd588f73022d005eeeab43e24ccd1ee83cd220 98cde484e8e7c912ede9285f421d1a98d4dd27cf1bc7ccf6273e592d78bedd9a
CLIENT_TRAFFIC_SECRET_0 034050cb61069c9c51828c90c0fd588f73022d005eeeab43e24ccd1ee83cd220 3a32db43d618cc7a92c97d0ce52cb37f9c6918fcd05e9e707b7a96fa1e7aa35d
SERVER_TRAFFIC_SECRET_0 034050cb61069c9c51828c90c0fd588f73022d005eeeab43e24ccd1ee83cd220 109cd7bbca25905c806cd5dbeaa678b8254d35e571346df6bcb88e65b47237d8
EXPORTER_SECRET 034050cb61069c9c51828c90c0fd588f73022d005eeeab43e24ccd1ee83cd220 ad96d6c81bf005d299256ccac9b435da3c34447668daaf5bf8f3fd31740ed77e
CLIENT_HANDSHAKE_TRAFFIC_SECRET 2dae4d098d7dc14719dcf4a8902c33ccd5f1aeaca1ae4a986c554c15f9849d55 6b2dda6a68284fe27578407f1e1e4e821d9670b1163e82aaf9ccb90bbddbe420
SERVER_HANDSHAKE_TRAFFIC_SECRET 2dae4d098d7dc14719dcf4a8902c33ccd5f1aeaca1ae4a986c554c15f9849d55 89d8274fb07ae139f0f5cbb55774888f06757e5876a079f16423be65f1dd3ec1
CLIENT_TRAFFIC_SECRET_0 2dae4d098d7dc14719dcf4a8902c33ccd5f1aeaca1ae4a986c554c15f9849d55 05b1ac9a378c4b8769f72caec94c6f3e0b7e27af7541b86059338da6599e3c35
SERVER_TRAFFIC_SECRET_0 2dae4d098d7dc14719dcf4a8902c33ccd5f1aeaca1ae4a986c554c15f9849d55 b4259c91e1d4bdb09def2bf951f28a34e5cee178e79499e4974eb02bb202ecb3
EXPORTER_SECRET 2dae4d098d7dc14719dcf4a8902c33ccd5f1aeaca1ae4a986c554c15f9849d55 de6c88c2bb99a14fef4d6c0fbe8fbcf4d7765afe1636d3887cda191f5251dd89
CLIENT_HANDSHAKE_TRAFFIC_SECRET ad32b441fd5156076d22a87f1264bf68484c4cb945d32fbb2336048bc547e5fa 2a2bf227c6f647ed8a5d4ec0405577fe508435e214f26ef4f6a2ea3530380f8f
SERVER_HANDSHAKE_TRAFFIC_SECRET ad32b441fd5156076d22a87f1264bf68484c4cb945d32fbb2336048bc547e5fa ab662d49122cd9a65357e3644accc3dc211fadf44154caff0fb002b12ec91df5
CLIENT_TRAFFIC_SECRET_0 ad32b441fd5156076d22a87f1264bf68484c4cb945d32fbb2336048bc547e5fa 0c114b969d23aab4291f0d7545033a5e649b9aa54807a5e3e8c055813709275e
SERVER_TRAFFIC_SECRET_0 ad32b441fd5156076d22a87f1264bf68484c4cb945d32fbb2336048bc547e5fa ec0366a0f90c9ddaf713abe5d8a127a33957cc1427246d756446ec120b3c7ef5
EXPORTER_SECRET ad32b441fd5156076d22a87f1264bf68484c4cb945d32fbb2336048bc547e5fa a761b2aed45f1a1d289979f5bae15a330815181710bf0aede9cab9960772f9a3
CLIENT_HANDSHAKE_TRAFFIC_SECRET 38ab89626c24c55308f23acf428fa483fa4db0e4f688df920ce167eb919e8ff3 91ee2c5fee734512fe3dc8d4c2bdf600e1d2df3e4a9914ea77607b2cec98e5ff
SERVER_HANDSHAKE_TRAFFIC_SECRET 38ab89626c24c55308f23acf428fa483fa4db0e4f688df920ce167eb919e8ff3 f3da540c5aab3f7b22600f1067f555626fa8228ed078d1e53cd940bd23a7180b
CLIENT_HANDSHAKE_TRAFFIC_SECRET 871ff35c9f958dafda1bf50bb6b78b1ea671a07b1478ce360dcdc1e0259a4bdf 670a15c16cef1d71074d1c78861a2aac6199bbb89c1dd3604d082f8e96a6e633
SERVER_HANDSHAKE_TRAFFIC_SECRET 871ff35c9f958dafda1bf50bb6b78b1ea671a07b1478ce360dcdc1e0259a4bdf f9b332563849a9e274c09b307b9d9306a3df55d01ee10c65af2de8400549b3be
CLIENT_TRAFFIC_SECRET_0 871ff35c9f958dafda1bf50bb6b78b1ea671a07b1478ce360dcdc1e0259a4bdf a741b507257552f8e35fb0746c9a9b1ca4872e40348d26626fb97ae9aec2a0ae
SERVER_TRAFFIC_SECRET_0 871ff35c9f958dafda1bf50bb6b78b1ea671a07b1478ce360dcdc1e0259a4bdf 8dc5680750f6b2889adaa477efd1fe77d615793dc5dd1ce66c113f42ff424518
EXPORTER_SECRET 871ff35c9f958dafda1bf50bb6b78b1ea671a07b1478ce360dcdc1e0259a4bdf 2a6e43d61eaac7b413b5c8197fae4ec3b0164acc1f60e5ebaf693bce3c1ad855
CLIENT_TRAFFIC_SECRET_0 38ab89626c24c55308f23acf428fa483fa4db0e4f688df920ce167eb919e8ff3 c789db49405ac2cb58c472f5aeeefe6c235ac5bd623462e0c551f90f0c776c13
SERVER_TRAFFIC_SECRET_0 38ab89626c24c55308f23acf428fa483fa4db0e4f688df920ce167eb919e8ff3 330af960fa36e2611c0104c66f135c2c6349f101d3758e779b389f507afb0c1f
EXPORTER_SECRET 38ab89626c24c55308f23acf428fa483fa4db0e4f688df920ce167eb919e8ff3 59dc37a7ef20d63ea374e5d2d3dc5613166a32965a2edbc3428e50f2a81ef45d
CLIENT_HANDSHAKE_TRAFFIC_SECRET 10487e01e1359da55c3456a643215be9be8c62d6dfb32c2eaa30a21889c00d83 1ad19a6778cb0f8a6c5d1ce96406a12eaec1282a4bd6402c5acc91d7bc4d01a8
SERVER_HANDSHAKE_TRAFFIC_SECRET 10487e01e1359da55c3456a643215be9be8c62d6dfb32c2eaa30a21889c00d83 59dbe936f210da2541195fa4547d24b7250b9ed3e1e88b2921222b10b4e284d4
CLIENT_TRAFFIC_SECRET_0 10487e01e1359da55c3456a643215be9be8c62d6dfb32c2eaa30a21889c00d83 48e12953b7616f3724d6d142376e0078beea4c223086a80a01170fe3bbc32d36
SERVER_TRAFFIC_SECRET_0 10487e01e1359da55c3456a643215be9be8c62d6dfb32c2eaa30a21889c00d83 d2079886158f85cd96797c85efc98c3c7693b8374c20aae003e0110ac006c14d
EXPORTER_SECRET 10487e01e1359da55c3456a643215be9be8c62d6dfb32c2eaa30a21889c00d83 833c627cc05a5e4c52a22f461c364ee0748ecfd38c3d0816990b7c928c13d3b6
CLIENT_RANDOM c60a6c727f3a05653eae23633fb67e0b18036cc71569e19bf10918a5e4e325d1 4dc5d6237b92bc59e1653705fc72257e06a7cb4e0c7865ec4698a3c220a7669b6a5a8f676611583afe3acbb0ef87ccb3
CLIENT_HANDSHAKE_TRAFFIC_SECRET b20efe8718ce9249ab0b94a5a71f0f8ab6746acfdd7b6267c856c3314b845baa be69be0d82767fd4a95422398860b360e34db091d6e187d0dc39b9fa91bbe435
SERVER_HANDSHAKE_TRAFFIC_SECRET b20efe8718ce9249ab0b94a5a71f0f8ab6746acfdd7b6267c856c3314b845baa 5a3a33f08115076df1118a27bb2465db7301b72d501b24426cd2e4faa73888e3
CLIENT_TRAFFIC_SECRET_0 b20efe8718ce9249ab0b94a5a71f0f8ab6746acfdd7b6267c856c3314b845baa 188c43dfa7f70077af370d87abd62bf42dfbd6161277772955f2c1e37fd059d5
SERVER_TRAFFIC_SECRET_0 b20efe8718ce9249ab0b94a5a71f0f8ab6746acfdd7b6267c856c3314b845baa 4875695914e09c117a291496f77f9be22da0cd209f024969477f4585c0d0b568
EXPORTER_SECRET b20efe8718ce9249ab0b94a5a71f0f8ab6746acfdd7b6267c856c3314b845baa 0e6f6cb348377ae075e158b73ea37291d647f3f21c7afb81a21150d1ce7083c3
CLIENT_RANDOM 11ed2aab2b164d56524de793a25c69536d124b1184f8c489a2ac77cf71b87d4d e2457319d5d96696401599d5d4770e1846f3e1acc3393317986928219c1a7bf86f6eb9c6a4c6e3385e97ff53752a549a
CLIENT_RANDOM d6f38f07e673c94390aec2296a860d66db0ac083d26717ffccab1ff56a3b46b4 57a0b861f9410d5233f86d19fd93b3b605459403829d97c2c56aa52c25f66554f9fa05f1dae9bf0a3e0a133b5803e1ba
CLIENT_HANDSHAKE_TRAFFIC_SECRET 3382940f7526620e6de1eafc607f4d82c7bf85356a6f357ea2145a99d9f51e57 8d2b2da36f6c1b692d61803c1c487d116d0290fda10499e3b5362d65417fb29d
SERVER_HANDSHAKE_TRAFFIC_SECRET 3382940f7526620e6de1eafc607f4d82c7bf85356a6f357ea2145a99d9f51e57 e72ece4ed4ee772af46735a75e5626796114c2ce57ed3bef74f8bae4a76efb52
CLIENT_HANDSHAKE_TRAFFIC_SECRET 4679be204f8485891ad68bd3ae8cc8623ad9355a13f86caf9b4566d18eca1917 e901bcffd591dd182a3c006b01367f525b90d9cb0af11509a873406194fd4078
SERVER_HANDSHAKE_TRAFFIC_SECRET 4679be204f8485891ad68bd3ae8cc8623ad9355a13f86caf9b4566d18eca1917 09fae87e836b673a67e9979908b0dd24af0d40e3448d89a23305f695cbed4306
CLIENT_TRAFFIC_SECRET_0 4679be204f8485891ad68bd3ae8cc8623ad9355a13f86caf9b4566d18eca1917 ea30a29f172e9d73330cb17cdbc9608516c9163d7a637a75f034e513b4820f18
SERVER_TRAFFIC_SECRET_0 4679be204f8485891ad68bd3ae8cc8623ad9355a13f86caf9b4566d18eca1917 cba1091fecf4f600284aed9f90c0f822f2c1c0cce6631389dbbffef277186be7
EXPORTER_SECRET 4679be204f8485891ad68bd3ae8cc8623ad9355a13f86caf9b4566d18eca1917 e0101f1afeb0f1f03477e1e9fd56fce5fa1397a614abae4f9e5d0146992dc854
CLIENT_TRAFFIC_SECRET_0 3382940f7526620e6de1eafc607f4d82c7bf85356a6f357ea2145a99d9f51e57 2ec7f3ed39ad176b558f3f5444d4859b67ced90ad6c3dfb9d5d4bea09f9a97c4
SERVER_TRAFFIC_SECRET_0 3382940f7526620e6de1eafc607f4d82c7bf85356a6f357ea2145a99d9f51e57 f03fbe73a1b5550afdaa9a9625d0060722f6a596b5381a090de5f2e3b25260ac
EXPORTER_SECRET 3382940f7526620e6de1eafc607f4d82c7bf85356a6f357ea2145a99d9f51e57 ae41f880b4b2f572f8dc8a202510a09d1990be4a603d25acf23a971680842168
CLIENT_HANDSHAKE_TRAFFIC_SECRET 9939f90adfa5600b953d5dddc2180f43719fe0bbf7e0b26e828b3e3cc1812429 1955a5adf54f51d163da9f6d81b3334eaf3456687b6342043b915fd974b2a598
SERVER_HANDSHAKE_TRAFFIC_SECRET 9939f90adfa5600b953d5dddc2180f43719fe0bbf7e0b26e828b3e3cc1812429 2d8ce06601981de89b6ea2638f03b7d97a16a8568b55b1227ff89e973c7bc93e
CLIENT_TRAFFIC_SECRET_0 9939f90adfa5600b953d5dddc2180f43719fe0bbf7e0b26e828b3e3cc1812429 5fd3b8a254f5a7c27e6a7cd0447f9d88c765350cbc80e99f57c82630e28f5eab
SERVER_TRAFFIC_SECRET_0 9939f90adfa5600b953d5dddc2180f43719fe0bbf7e0b26e828b3e3cc1812429 60b5c02d0e840a00b34ed33e5ec887dc390777600da2e4d9b95932879e47588a
EXPORTER_SECRET 9939f90adfa5600b953d5dddc2180f43719fe0bbf7e0b26e828b3e3cc1812429 68505f6ba9e375cfdae56f69a769b19ed03377a004b4792a2c11f87bd162ad49
CLIENT_HANDSHAKE_TRAFFIC_SECRET 74bd8f4cf56f7b3d23d11a1bcdc118e268aa6bf7bbfc0486a9480bea44b29354 86dbfc1f8d60fa03ab03b5cb0c9af7de74b365085ff5882d79c847e82e04b22f
SERVER_HANDSHAKE_TRAFFIC_SECRET 74bd8f4cf56f7b3d23d11a1bcdc118e268aa6bf7bbfc0486a9480bea44b29354 ce6169edb525c19c91b5999f33c3a1a53e72dc07a5142ba1ae78523226b77987
CLIENT_HANDSHAKE_TRAFFIC_SECRET 7e91ce9239c7979cdd96dda0c8e0553642ef3cfa305beb2c93fdd78a8afe8cb4 0eec9d10cfe23439a6ac3987a09abeccb4866c573d478aa630054accdfa64307
SERVER_HANDSHAKE_TRAFFIC_SECRET 7e91ce9239c7979cdd96dda0c8e0553642ef3cfa305beb2c93fdd78a8afe8cb4 1ddfca338e23f3f84feedc231256db92520d845f76ef204bfb4db7fa40c1c2b3
CLIENT_HANDSHAKE_TRAFFIC_SECRET e71284dcf64a08270307d9c48295d7c4ab53e2a71cb52811211fdd031ae8195c 8e5e0d06f47ec166a897838b4f08b61dbfe2eaa106a3349c8b1deade830dd500
SERVER_HANDSHAKE_TRAFFIC_SECRET e71284dcf64a08270307d9c48295d7c4ab53e2a71cb52811211fdd031ae8195c 97f43e844904e16d20a1aa338728e75292611d12b1fe2e1875c9099951a875e5
CLIENT_TRAFFIC_SECRET_0 74bd8f4cf56f7b3d23d11a1bcdc118e268aa6bf7bbfc0486a9480bea44b29354 e2e2fcad562d2c671408994b3c4adb47313c2886c07648b714411fc6b84142f5
SERVER_TRAFFIC_SECRET_0 74bd8f4cf56f7b3d23d11a1bcdc118e268aa6bf7bbfc0486a9480bea44b29354 e54476e42641d63e12291780a4d8f7ccc26d0f240d141917e485a99997b2b83d
EXPORTER_SECRET 74bd8f4cf56f7b3d23d11a1bcdc118e268aa6bf7bbfc0486a9480bea44b29354 698cb7b0c60e223442be425aa04864f3f479259285f4b0056eb5e1a66642aaa2
CLIENT_TRAFFIC_SECRET_0 7e91ce9239c7979cdd96dda0c8e0553642ef3cfa305beb2c93fdd78a8afe8cb4 fae8281f5a828aff5bad726830506e6989b55f37b4062143fb1ddf9e6d9d1207
SERVER_TRAFFIC_SECRET_0 7e91ce9239c7979cdd96dda0c8e0553642ef3cfa305beb2c93fdd78a8afe8cb4 14f5e899c56a008758e73d546a6c75e5c1668021d67ab812ca635ed6db35a8be
EXPORTER_SECRET 7e91ce9239c7979cdd96dda0c8e0553642ef3cfa305beb2c93fdd78a8afe8cb4 e7386ff2f050bc5adbfdda5783970d40fe9df99ebda9355f62db4db598e7fdfb
CLIENT_TRAFFIC_SECRET_0 e71284dcf64a08270307d9c48295d7c4ab53e2a71cb52811211fdd031ae8195c 4eef2ff12fd581d8fc9123402a3156de21fd56ec66157d5c97ba47fc7fcf3bd8
SERVER_TRAFFIC_SECRET_0 e71284dcf64a08270307d9c48295d7c4ab53e2a71cb52811211fdd031ae8195c 37d24306278c30d9322f089d33da8cde661cd6371a0ad750b46c3753241ab012
EXPORTER_SECRET e71284dcf64a08270307d9c48295d7c4ab53e2a71cb52811211fdd031ae8195c c17ea0756540a18a8aac1c1743e1ec66553da91514856c8917067be596cda587
CLIENT_HANDSHAKE_TRAFFIC_SECRET 2d757650b649a7b9e264a4778106f9a791968274e98e5e86d4f46cc430926710 fccbac92b861b4a6873859a212f043c7ce50ab6725532a5ba8ad85c5548c4421
SERVER_HANDSHAKE_TRAFFIC_SECRET 2d757650b649a7b9e264a4778106f9a791968274e98e5e86d4f46cc430926710 7bed3e01c8f4132c6d16d45b649faa91511bccbe36b159b88ad7c00185b3fd27
CLIENT_TRAFFIC_SECRET_0 2d757650b649a7b9e264a4778106f9a791968274e98e5e86d4f46cc430926710 86c762c99456d24745ecd2bfa9a7198a53ac652ca9ffd24d695389c6469e259c
SERVER_TRAFFIC_SECRET_0 2d757650b649a7b9e264a4778106f9a791968274e98e5e86d4f46cc430926710 44b19cb58566df5bfd09a757530b469319e56aae727df4a9b3a2b9c35eb9bcc3
EXPORTER_SECRET 2d757650b649a7b9e264a4778106f9a791968274e98e5e86d4f46cc430926710 a74c69a2d4a4b4029b0fb8033bac95d51e8ca45858a2e3af5c4b499dd01fb9fa
CLIENT_HANDSHAKE_TRAFFIC_SECRET 3efb18f73b26387e573c5abe7853a0c3bd7e22f28419d10f0fd42a01c54bffed a1653fdaecbc4152eca00fdd689dd195879a21db8b2295cd6bd87f16c25802f5
SERVER_HANDSHAKE_TRAFFIC_SECRET 3efb18f73b26387e573c5abe7853a0c3bd7e22f28419d10f0fd42a01c54bffed 898cbe66a310592009dc808a9e6ab3f65d910f60839432961e98e70550f735d4
CLIENT_TRAFFIC_SECRET_0 3efb18f73b26387e573c5abe7853a0c3bd7e22f28419d10f0fd42a01c54bffed f442bd6e515fe776bb22657a11d3f23cd8cae93fd89df72f9723f84f3198c8bc
SERVER_TRAFFIC_SECRET_0 3efb18f73b26387e573c5abe7853a0c3bd7e22f28419d10f0fd42a01c54bffed 337ca99a73f37177b909be6820833f45e5cf9adefbb7b6bc64fa031d3fdf512c
EXPORTER_SECRET 3efb18f73b26387e573c5abe7853a0c3bd7e22f28419d10f0fd42a01c54bffed 48178be8c5591a725059d593f580b5f27ea5920abe785cd21cd7ce12aaed666d
