CLIENT_HANDSHAKE_TRAFFIC_SECRET f2d57143fd1b91332199a84efa7b5ad96acb3e9a5299b023d9d76474af39ddc4 5d7e710f0c3f98ffac1ed9a47c2fbb2b6237d472749113ba14f836a380f95ec2
SERVER_HANDSHAKE_TRAFFIC_SECRET f2d57143fd1b91332199a84efa7b5ad96acb3e9a5299b023d9d76474af39ddc4 8d9793a291932a9b7a1b34b32d3f703bc84d6b8a6a717eba9a6153b231eb4e8c
CLIENT_TRAFFIC_SECRET_0 f2d57143fd1b91332199a84efa7b5ad96acb3e9a5299b023d9d76474af39ddc4 7429f0489b7df27d9bac0daced104edfcd0ebb1a7c9cc242a9b9c42f8160ff03
SERVER_TRAFFIC_SECRET_0 f2d57143fd1b91332199a84efa7b5ad96acb3e9a5299b023d9d76474af39ddc4 178aa66ac7e2c8ff1ab625ce2d40a77cd538d60ae6878961b5d8e5b2cfb89aae
EXPORTER_SECRET f2d57143fd1b91332199a84efa7b5ad96acb3e9a5299b023d9d76474af39ddc4 c4003d19f9f17029a2b0c68abb1db2a7106f6502710e742441711d030d1e4d44
CLIENT_HANDSHAKE_TRAFFIC_SECRET 798dcb47be393711bddd6a078c3c52b56312566b7d196c2cbc1c96daf89f2091 a4daefaec7ce9b7ffcca709b94d3053a18ca1b71533f9ebe6cab3b5dc5753af3
SERVER_HANDSHAKE_TRAFFIC_SECRET 798dcb47be393711bddd6a078c3c52b56312566b7d196c2cbc1c96daf89f2091 33ded04a54089fbf0da9ef548b25b1bf7eff3efc5fa55b7e5576097b91888c5e
CLIENT_TRAFFIC_SECRET_0 798dcb47be393711bddd6a078c3c52b56312566b7d196c2cbc1c96daf89f2091 bdc06de25a507366a45c43e1aa6b176987bd897cb7a562709d4310428a8bb902
SERVER_TRAFFIC_SECRET_0 798dcb47be393711bddd6a078c3c52b56312566b7d196c2cbc1c96daf89f2091 74564a65b86377ce90450d8329af6e777a8923f28d9f53b505a36acf1f622aab
EXPORTER_SECRET 798dcb47be393711bddd6a078c3c52b56312566b7d196c2cbc1c96daf89f2091 0e68d40e43c08881ad576bb9b3840afd37cb04d270ed72b42f3203ee0be1b615
CLIENT_HANDSHAKE_TRAFFIC_SECRET 66efea5520f5fe4fc38cc1f8191bebd15e1762281556b011a589d720fe25abbb 79a6ba3efae586a3859ad6ae9f7c64e70c5fde04ba353004074f6a4d15f32b29
SERVER_HANDSHAKE_TRAFFIC_SECRET 66efea5520f5fe4fc38cc1f8191bebd15e1762281556b011a589d720fe25abbb 8ca0cc4a4028d81b0c474226ee7ceea7aaaeb42cd6222ae4fa500bf37198c02c
CLIENT_TRAFFIC_SECRET_0 66efea5520f5fe4fc38cc1f8191bebd15e1762281556b011a589d720fe25abbb 2f6dbd0d7fa2c2ab1278bc52ae3f326f169acafe73beb5d126e02dfc6be58aad
SERVER_TRAFFIC_SECRET_0 66efea5520f5fe4fc38cc1f8191bebd15e1762281556b011a589d720fe25abbb 76b36740bca66f8e934bb2c432ec9905c2ae2b36fb55f781347374a68f86dff1
EXPORTER_SECRET 66efea5520f5fe4fc38cc1f8191bebd15e1762281556b011a589d720fe25abbb d6bd754d21fe64f7e1eb2ca5b61535586676e6152a699772b178d39ad986861b
CLIENT_HANDSHAKE_TRAFFIC_SECRET 7c1a3d26b04db993d82b06b194532cd88b2090ec88d1a19712033aa629aa4893 d4747d7a592ab058ab22e20ed26d2d04535124b5815412c7f8da4b5666de91bc
SERVER_HANDSHAKE_TRAFFIC_SECRET 7c1a3d26b04db993d82b06b194532cd88b2090ec88d1a19712033aa629aa4893 18a5f540be888905187817909377ea7a18d662142f8147852708aa9002516edc
CLIENT_TRAFFIC_SECRET_0 7c1a3d26b04db993d82b06b194532cd88b2090ec88d1a19712033aa629aa4893 c9e2f3f3a0e366dc962741238cecaad7dee7ae6f50ea2db1b0b694ed9ac27223
SERVER_TRAFFIC_SECRET_0 7c1a3d26b04db993d82b06b194532cd88b2090ec88d1a19712033aa629aa4893 1f107a0bd4a211f4f1834fbf0e7595ae1acad5e6570e64c03f6e83cf5a7276dc
EXPORTER_SECRET 7c1a3d26b04db993d82b06b194532cd88b2090ec88d1a19712033aa629aa4893 5fb84efb4ebd2db4b9aa78f66532ab7fb91fa65ed4f38f81322d1494025f759b
CLIENT_HANDSHAKE_TRAFFIC_SECRET cadfba50de84c2c8810c368aafee9409940f08af55f8bc2164d4a7c513819cc4 36365b6e62d291530966f2d94a603d7e12199f5b34a9a74b52cc5e5c112b85ba
SERVER_HANDSHAKE_TRAFFIC_SECRET cadfba50de84c2c8810c368aafee9409940f08af55f8bc2164d4a7c513819cc4 592a751543cce0bb48accdf9b9377331342b74f85f181b7bb461d8cafbb5ad38
CLIENT_TRAFFIC_SECRET_0 cadfba50de84c2c8810c368aafee9409940f08af55f8bc2164d4a7c513819cc4 1f360be194e674f215f51031c981c6313fd53c2fb0592839585c0c70e0f0d0e7
SERVER_TRAFFIC_SECRET_0 cadfba50de84c2c8810c368aafee9409940f08af55f8bc2164d4a7c513819cc4 71fa67f86baa36936cdf6eeceecbc3b74a2a6736b14badea5bbfb4e0e606a846
EXPORTER_SECRET cadfba50de84c2c8810c368aafee9409940f08af55f8bc2164d4a7c513819cc4 d0bac4a9ce8c2d336ac85aa8b7c086418410811a8231228921231c5d09670129
CLIENT_HANDSHAKE_TRAFFIC_SECRET 8068ace86b3fd2de32161d300ab40f7161396a6728ad2a580841abd2f44b20b5 a3732a706ae7fde1fcad9481266dcc75d3f7e403e130cad7fb2e4be678d1c43d
SERVER_HANDSHAKE_TRAFFIC_SECRET 8068ace86b3fd2de32161d300ab40f7161396a6728ad2a580841abd2f44b20b5 9887df805f61728f5806be962a753453350a43040c21a81425cb6cd966935d7b
CLIENT_TRAFFIC_SECRET_0 8068ace86b3fd2de32161d300ab40f7161396a6728ad2a580841abd2f44b20b5 5aaec595621bd69e9caa2270b130fe7c35db1da3ad395f6b7a185431f8197644
SERVER_TRAFFIC_SECRET_0 8068ace86b3fd2de32161d300ab40f7161396a6728ad2a580841abd2f44b20b5 4c43100a6f307cdc8d8f65c92b3e0d6b766d4de097a67ae7e481e33694736103
EXPORTER_SECRET 8068ace86b3fd2de32161d300ab40f7161396a6728ad2a580841abd2f44b20b5 52d438c8bd44140d9a75f37ea37c0e1cd09fbe8139c265e7638ddbe5e8c27969
CLIENT_HANDSHAKE_TRAFFIC_SECRET 45742816b0e700087ab51427e74cd96bb549c7e5e62742afa00836fbe515f85d 5565bd0ad981fc0ab7d73d26b3d9d6e95c18d60fa36f8de65f541d88b4467fd6
SERVER_HANDSHAKE_TRAFFIC_SECRET 45742816b0e700087ab51427e74cd96bb549c7e5e62742afa00836fbe515f85d a9abd426ff986fb2da755c2931c968cbc98f1d461fb71ad80611c90a403db5ac
CLIENT_TRAFFIC_SECRET_0 45742816b0e700087ab51427e74cd96bb549c7e5e62742afa00836fbe515f85d 5c76eb1eb4c93896b148a838e4835ef60f30cf4067a07f25283f7321509aa7ad
SERVER_TRAFFIC_SECRET_0 45742816b0e700087ab51427e74cd96bb549c7e5e62742afa00836fbe515f85d 7d496da8fb88a3c21af392de1d54639cb4ebb17c9ae2953bbf346ce92ba5f28c
EXPORTER_SECRET 45742816b0e700087ab51427e74cd96bb549c7e5e62742afa00836fbe515f85d f462ebeaa898688e36c0a0fbf44fdf539cd5f58667ad5ef1c501b7865fed4391
CLIENT_HANDSHAKE_TRAFFIC_SECRET b34ee7d8696c3ede5b9f1eba5ee1a8389f067b51c0cfccb784e20e63cd162070 41442ed5092851aad3a7101986b84ea997b09b7c0bf850fb252d3fdc320c7263
SERVER_HANDSHAKE_TRAFFIC_SECRET b34ee7d8696c3ede5b9f1eba5ee1a8389f067b51c0cfccb784e20e63cd162070 b8e607480bbae7cfe5e110ece3218d5f2b085a1a980180f31ba7fe64a97f2a3c
CLIENT_HANDSHAKE_TRAFFIC_SECRET 618b06b61d41586e77f5994385984c76b8179fbe4645ef2674f11f44c7f34f1d 514348f485cd1e520410c025cf3e288f81896b009fb7d17c00e1686b1260aa1c
SERVER_HANDSHAKE_TRAFFIC_SECRET 618b06b61d41586e77f5994385984c76b8179fbe4645ef2674f11f44c7f34f1d 0f4e266919d3daa03dc2f79a72b75b91638e3f90fe510b1868b42ba94413f14e
CLIENT_TRAFFIC_SECRET_0 b34ee7d8696c3ede5b9f1eba5ee1a8389f067b51c0cfccb784e20e63cd162070 cb6e6a55ec308fad45dab4944daccd24901aa516b650879eda7557ab8b5d0979
SERVER_TRAFFIC_SECRET_0 b34ee7d8696c3ede5b9f1eba5ee1a8389f067b51c0cfccb784e20e63cd162070 629ace7b0860c42e41d577908b7ed2d29cb84da9417efc2c6e2c16668e0d9c92
EXPORTER_SECRET b34ee7d8696c3ede5b9f1eba5ee1a8389f067b51c0cfccb784e20e63cd162070 3bdeef19ff12f47a30e69ac52ae25baed275b569b4a86cbfa8d7c8797e44017c
CLIENT_TRAFFIC_SECRET_0 618b06b61d41586e77f5994385984c76b8179fbe4645ef2674f11f44c7f34f1d 0166ca68efb686ea324bee55fd68a49507f6e69f512c4e8d5f89dfb9440979ae
SERVER_TRAFFIC_SECRET_0 618b06b61d41586e77f5994385984c76b8179fbe4645ef2674f11f44c7f34f1d 0172ebcc2a0a525026f219a68339ded839d066b6ab932854bed7b3ed1876cb29
EXPORTER_SECRET 618b06b61d41586e77f5994385984c76b8179fbe4645ef2674f11f44c7f34f1d ecd392a99b1c1fa46e48acb001ccba7774089155f8ce82e4f21dc6e13fa88949
CLIENT_HANDSHAKE_TRAFFIC_SECRET 1c168c76398fb6223f3cd7f15668fe588c8d98a0cebef0039085ac670e68db68 4199260b4b5d834be7b4a21f877c010fa46293f77408d4e9d334812b8b399bc984222bae58b9c7fc51ab6a2eedceac3e
SERVER_HANDSHAKE_TRAFFIC_SECRET 1c168c76398fb6223f3cd7f15668fe588c8d98a0cebef0039085ac670e68db68 0979eb04532913e152be837a4d48ba43904052bdee5e40fff0dd6e733513619e1e35cf2944a2bed344cb2a034daf424f
CLIENT_HANDSHAKE_TRAFFIC_SECRET f69af304f430a76baeec6b5a905c93b74f67e761d0c7713feb3881eebefd100b 192fa90a5e087c6ca4c9284b4f95e96ce7fbcc9b1f831433dacac910b389359c
SERVER_HANDSHAKE_TRAFFIC_SECRET f69af304f430a76baeec6b5a905c93b74f67e761d0c7713feb3881eebefd100b d8841a25e20ce0ac47bce70caa8f6683684930f3191272d41372fc188aefc0c6
CLIENT_TRAFFIC_SECRET_0 1c168c76398fb6223f3cd7f15668fe588c8d98a0cebef0039085ac670e68db68 436a372cffb44554b2fffbe29a0a8c70045f379fc71b9e3e09bb7d5052341628a7d1b74770e6a2f04705fd7ef698eb5d
SERVER_TRAFFIC_SECRET_0 1c168c76398fb6223f3cd7f15668fe588c8d98a0cebef0039085ac670e68db68 c81f3ed234896ef89e27945689586f0c88f7054ab206b6e555718b1575330ac5612470dbbd603d7424286d9718bca0af
EXPORTER_SECRET 1c168c76398fb6223f3cd7f15668fe588c8d98a0cebef0039085ac670e68db68 e8cef1cb7fd50e1cd0df8c34ddd3b2a0aa87104f4fe6d64eb0c5936b6c9e60c72af255da621d8430a2d07f5795299a6b
CLIENT_TRAFFIC_SECRET_0 f69af304f430a76baeec6b5a905c93b74f67e761d0c7713feb3881eebefd100b 561a4da3116a80c3ad7eeba11cafc6a0a48ff1ec9bfdaa50c2b4aee43b56ddb1
SERVER_TRAFFIC_SECRET_0 f69af304f430a76baeec6b5a905c93b74f67e761d0c7713feb3881eebefd100b 2e4745d07fcbf0eef34a90faf3a09d653fef27497f7d53ee1cc5c607df9af2f2
EXPORTER_SECRET f69af304f430a76baeec6b5a905c93b74f67e761d0c7713feb3881eebefd100b f2238f37576b011385d7351e7e939409dafccecb880df616258d92c846532e05
CLIENT_HANDSHAKE_TRAFFIC_SECRET 2498cedab752cbaac5f4d25bb04f6f9343a2b0645ac1b62549d32f14a79a9ec2 513676fda8aab1ee44db7c52993a285eb34015bda9f76d3ec6727cc397a602ad
SERVER_HANDSHAKE_TRAFFIC_SECRET 2498cedab752cbaac5f4d25bb04f6f9343a2b0645ac1b62549d32f14a79a9ec2 5bb98a0b283c00d317d7764862dd4062f7fcd3980b9d419bf2484412bd7eed44
CLIENT_HANDSHAKE_TRAFFIC_SECRET dd9c3ac41507562d2cc63b5967f04a2a1e179f2a1dcb6570f9f4ba58ab78817e bd6f09e46086915070cc85a468b7b58c728ec29b25c984a23ade80ebfa2be886
SERVER_HANDSHAKE_TRAFFIC_SECRET dd9c3ac41507562d2cc63b5967f04a2a1e179f2a1dcb6570f9f4ba58ab78817e 573465a52a0cbb944a093134eb19ffcb1170e198ca539c2c95efa1a6c932f11e
CLIENT_HANDSHAKE_TRAFFIC_SECRET c5cba059b5ae36df69b93d2034b35494babdb9d824b8d67530bc88309b87fea0 aaf97637c6ad4004a8504876f95e48c1e5ae99c257237f417c10c243562511c6
SERVER_HANDSHAKE_TRAFFIC_SECRET c5cba059b5ae36df69b93d2034b35494babdb9d824b8d67530bc88309b87fea0 d6a3051828550a82f12b80a31ff044013cab70c8e8046e05dd71b04d6332ffd1
CLIENT_TRAFFIC_SECRET_0 2498cedab752cbaac5f4d25bb04f6f9343a2b0645ac1b62549d32f14a79a9ec2 40ae1d087dccde58a44d70477ecd4298fd5f94ce2d394df67a514a045d3abbeb
SERVER_TRAFFIC_SECRET_0 2498cedab752cbaac5f4d25bb04f6f9343a2b0645ac1b62549d32f14a79a9ec2 903c2fdbae8d62a950459ab8b6af07e7daad39917193709a07796e6e6a92e3af
EXPORTER_SECRET 2498cedab752cbaac5f4d25bb04f6f9343a2b0645ac1b62549d32f14a79a9ec2 1f869aa1075bc4c26432e371a9c41c96ef09c778e9b9d0614061472f35a6a49c
CLIENT_TRAFFIC_SECRET_0 c5cba059b5ae36df69b93d2034b35494babdb9d824b8d67530bc88309b87fea0 207e097f4ae3a5c2bced805693ab4e0c97486a62525fe97323d543350aa5b756
SERVER_TRAFFIC_SECRET_0 c5cba059b5ae36df69b93d2034b35494babdb9d824b8d67530bc88309b87fea0 1b30eef55b0d8c728069d132c8f51b7b44e499b08313bd16f5998dd01d75f2bf
EXPORTER_SECRET c5cba059b5ae36df69b93d2034b35494babdb9d824b8d67530bc88309b87fea0 bac2eef48477c897f38e6520495daaddfe91321328db6dcce6fba9e1b72d99f0
CLIENT_TRAFFIC_SECRET_0 dd9c3ac41507562d2cc63b5967f04a2a1e179f2a1dcb6570f9f4ba58ab78817e 21f62fbf0287eaaa453f49ecee2c3fb3ecbbf65e5f6f9ebe1fdf23c4dda50aad
SERVER_TRAFFIC_SECRET_0 dd9c3ac41507562d2cc63b5967f04a2a1e179f2a1dcb6570f9f4ba58ab78817e 0fe0237477138d1d2561a089873d78942cabfa6e5394f160420fc285e24acea9
EXPORTER_SECRET dd9c3ac41507562d2cc63b5967f04a2a1e179f2a1dcb6570f9f4ba58ab78817e 266d7d934db9e69267cf08823020d86c99285facf3ae50e77ef83bc1aecb5771
CLIENT_HANDSHAKE_TRAFFIC_SECRET b5aa1f2e7b98df8a3f6f9b342d61f5df1b318e1f194d71f463cfa8c7410d0ceb 673f3153b6d6a2f56290587bd332c1c127249148079b8f63fadd1b3ee85bff22
SERVER_HANDSHAKE_TRAFFIC_SECRET b5aa1f2e7b98df8a3f6f9b342d61f5df1b318e1f194d71f463cfa8c7410d0ceb f8fb04f063f5f50788a65024f76ee685b47e1f833da6baa92f6edb0171c7c7f0
CLIENT_TRAFFIC_SECRET_0 b5aa1f2e7b98df8a3f6f9b342d61f5df1b318e1f194d71f463cfa8c7410d0ceb 4a5c92c3d1c20c2154ed1e58a13b53e22fda9ff9d946e2776f3a390c91d4cabe
SERVER_TRAFFIC_SECRET_0 b5aa1f2e7b98df8a3f6f9b342d61f5df1b318e1f194d71f463cfa8c7410d0ceb 9ef40ab8cc43e8accff185e000933b4c7af075245381b96374770e50e9666561
EXPORTER_SECRET b5aa1f2e7b98df8a3f6f9b342d61f5df1b318e1f194d71f463cfa8c7410d0ceb d969142a1da4bbbaf8513df4ef979304ba80da0188149dcae992941beecbef97
CLIENT_HANDSHAKE_TRAFFIC_SECRET 4c1999d15f7f922b0e574d3ed5e785504b9fe49bb8350f36380ce836a214f046 d910ac7dbe453f0032843dc04d4db8846b1fbaa34ae03e1dcff92ceef66ee879
SERVER_HANDSHAKE_TRAFFIC_SECRET 4c1999d15f7f922b0e574d3ed5e785504b9fe49bb8350f36380ce836a214f046 ee3126b6851f4bf8904a8d56fe1fe649bb9072a2d80078e69e78dada390f5f41
CLIENT_HANDSHAKE_TRAFFIC_SECRET fa762a56cc3bd4d65c7c1aab7206c2be197e5b81b487947bcf5769b2b5754ca4 4670edfe78f09575a515a5634693842bc82372f6db72c29799a758cd9ef88099
SERVER_HANDSHAKE_TRAFFIC_SECRET fa762a56cc3bd4d65c7c1aab7206c2be197e5b81b487947bcf5769b2b5754ca4 6a5fca489751bd0d15b29f36fb13ce3003856843ba39db6b3e46de7a2e56df76
CLIENT_HANDSHAKE_TRAFFIC_SECRET 19c20d8ab9901d4a879507789ae39d02ef7a4d3db4bde89b8b6e3c3f1fe8f1f3 6957c00c4b0d07de1e8b3f638703ebd6b1f4ba57a27cae26089704967758c953
SERVER_HANDSHAKE_TRAFFIC_SECRET 19c20d8ab9901d4a879507789ae39d02ef7a4d3db4bde89b8b6e3c3f1fe8f1f3 b3644717af8e1723ec8fc7c1c2d93a4de007f637e1782f5b6a178c4becd16fb9
CLIENT_TRAFFIC_SECRET_0 19c20d8ab9901d4a879507789ae39d02ef7a4d3db4bde89b8b6e3c3f1fe8f1f3 73266dd107d9fd39e5dfb5f340e33d8c63eb9de02c4812fe0c983c70451e8011
SERVER_TRAFFIC_SECRET_0 19c20d8ab9901d4a879507789ae39d02ef7a4d3db4bde89b8b6e3c3f1fe8f1f3 383a4709a0d3f99e35b2ae53cdbac3472cf146780aae137bb725b7871a0a6892
EXPORTER_SECRET 19c20d8ab9901d4a879507789ae39d02ef7a4d3db4bde89b8b6e3c3f1fe8f1f3 da23932199b9e4347958d8e713ce0a615ff42a5142b03a6c0e9a2dd1bb5a3ba2
CLIENT_TRAFFIC_SECRET_0 4c1999d15f7f922b0e574d3ed5e785504b9fe49bb8350f36380ce836a214f046 0942fae06e040e525a033f87bd57c4447df6605f2c67d475a17ec87509d4806b
SERVER_TRAFFIC_SECRET_0 4c1999d15f7f922b0e574d3ed5e785504b9fe49bb8350f36380ce836a214f046 0497ca6bf99372339f5aceae330e9e25adea4befa0c248dd11f70afb37e9b2b2
EXPORTER_SECRET 4c1999d15f7f922b0e574d3ed5e785504b9fe49bb8350f36380ce836a214f046 7ec6fddcbbfaf709d16f80707741f8cec23fc7a9400ce028002ab26355f6b80b
CLIENT_TRAFFIC_SECRET_0 fa762a56cc3bd4d65c7c1aab7206c2be197e5b81b487947bcf5769b2b5754ca4 22e4d0b3d7bfa6043fa9233e801a9a8ec8413f1038eb716c4577735d654b5bd0
SERVER_TRAFFIC_SECRET_0 fa762a56cc3bd4d65c7c1aab7206c2be197e5b81b487947bcf5769b2b5754ca4 efc5d7918ec936caa53218b578b49e306f42ab38bf3a04fe068322ea27f44898
EXPORTER_SECRET fa762a56cc3bd4d65c7c1aab7206c2be197e5b81b487947bcf5769b2b5754ca4 f6ceac8fdc20865a18db9523879b99bf977e971283936fcd64eadc09068a433c
CLIENT_HANDSHAKE_TRAFFIC_SECRET d03685ef9653cdcccbf023010dafa8ea26b946c523ba173520b6b2c2878c2e93 af322c85ac1b837d1332b2971e4c31e9105ad928e1fd3f0b50d247081da40436
SERVER_HANDSHAKE_TRAFFIC_SECRET d03685ef9653cdcccbf023010dafa8ea26b946c523ba173520b6b2c2878c2e93 715bf36df950a4139d408979f6feb831ef27373e686a87e5376509ba9b88c72c
CLIENT_TRAFFIC_SECRET_0 d03685ef9653cdcccbf023010dafa8ea26b946c523ba173520b6b2c2878c2e93 2710a2863f8186fcb683d9af8ab58529e4f4d3b7817f4fede8b521a4f95b362f
SERVER_TRAFFIC_SECRET_0 d03685ef9653cdcccbf023010dafa8ea26b946c523ba173520b6b2c2878c2e93 fe6c91d3f6455f30bd9f039e1c24c13d53ca2a628c34b8d756b6d20ea6f82d4e
EXPORTER_SECRET d03685ef9653cdcccbf023010dafa8ea26b946c523ba173520b6b2c2878c2e93 a2424bcc0e61b1423faa45bc09beb7d7a49eb88137942c48ee0219ed4f34854f
CLIENT_HANDSHAKE_TRAFFIC_SECRET 01bab7519e9d47441fccb1694534740ab145dbe1afa2759cdb3b50b64a0bb4db f107b6ed8eff783678264a6e58d36a638c7f2d2a3637a05e9aa4d5a590cc696e
SERVER_HANDSHAKE_TRAFFIC_SECRET 01bab7519e9d47441fccb1694534740ab145dbe1afa2759cdb3b50b64a0bb4db ca85893be2dbb97d0f0668102312f86c5f93f9542b0f0f1f4a900911e84119aa
CLIENT_HANDSHAKE_TRAFFIC_SECRET 0875f872fd965c72000335de20500f4a0694a1a367dc7d2dc8f444b6cdb926d3 42361725cbab02a497e5bed932a80d17f8cdd4e8185859dcfebb4818a6e407a3
SERVER_HANDSHAKE_TRAFFIC_SECRET 0875f872fd965c72000335de20500f4a0694a1a367dc7d2dc8f444b6cdb926d3 45b7e33e7f09603763eef6f664a7cf65a85925306adbd3bbb52f4834a8de7aba
CLIENT_TRAFFIC_SECRET_0 01bab7519e9d47441fccb1694534740ab145dbe1afa2759cdb3b50b64a0bb4db 43f4faf48136af2de18e5ff639abe4ef053c2c130e6ba67cf16a99cc768e4419
SERVER_TRAFFIC_SECRET_0 01bab7519e9d47441fccb1694534740ab145dbe1afa2759cdb3b50b64a0bb4db b092a527e2c29592f7d68d48962564c39ba5c02a76a9b779c775824132651749
EXPORTER_SECRET 01bab7519e9d47441fccb1694534740ab145dbe1afa2759cdb3b50b64a0bb4db e75f8cdeb65a554778c183d6c43e41dfcb81a60244253b37ff1a39fbfabcde5e
CLIENT_TRAFFIC_SECRET_0 0875f872fd965c72000335de20500f4a0694a1a367dc7d2dc8f444b6cdb926d3 6960fc4f1afc415876c5e9aedefda226cf9fa6e87194b940c0652e39d83977d4
SERVER_TRAFFIC_SECRET_0 0875f872fd965c72000335de20500f4a0694a1a367dc7d2dc8f444b6cdb926d3 0cd7cff81e09e3002b08a1651eb0ce35295d5400efb6835b3b4cc3d78d5e1d91
EXPORTER_SECRET 0875f872fd965c72000335de20500f4a0694a1a367dc7d2dc8f444b6cdb926d3 df9ddfca9d0226838f42f2c6e509128f17d2cc166fbacd353b59f0d736761f53
CLIENT_HANDSHAKE_TRAFFIC_SECRET 90dcd6f6099c48fc728290c94b94681b01e969307e9d853805a03f84f1dd70e4 30f6211c8fe02ade1611b7d7a338454ec49ef8d138ce1e421ed7169fdd977214
SERVER_HANDSHAKE_TRAFFIC_SECRET 90dcd6f6099c48fc728290c94b94681b01e969307e9d853805a03f84f1dd70e4 840e4c107398a775ad6b4a4244f7d24e9a00fdbf1f855384a7e211852ec2df6e
CLIENT_TRAFFIC_SECRET_0 90dcd6f6099c48fc728290c94b94681b01e969307e9d853805a03f84f1dd70e4 06c2c2d0fb8010ebb5745d7cf571ce2b20699d5a3d6d49d315ae8300abffc883
SERVER_TRAFFIC_SECRET_0 90dcd6f6099c48fc728290c94b94681b01e969307e9d853805a03f84f1dd70e4 0212038df7f0efc32b635deee2c4555188c45edf40c9cd766781c00162e9888f
EXPORTER_SECRET 90dcd6f6099c48fc728290c94b94681b01e969307e9d853805a03f84f1dd70e4 8b5be542d1b194ae11420ccc73da183bdf7cbb2a0a84009a6c17aa636a7071b6
CLIENT_HANDSHAKE_TRAFFIC_SECRET 4a0b753ace7241951129c6f5f87aafd64730a48bfce3fb01a4197a57822d5f7a 48cefab4c054c3ee0844686ff45f4428963e4e8d3a2ab3f786b7801d0d76b9ca
SERVER_HANDSHAKE_TRAFFIC_SECRET 4a0b753ace7241951129c6f5f87aafd64730a48bfce3fb01a4197a57822d5f7a 8538670bca0197aa1bd0b8f6acb143a9e936d4c48cd8e162cf78651fdc75a4ec
CLIENT_TRAFFIC_SECRET_0 4a0b753ace7241951129c6f5f87aafd64730a48bfce3fb01a4197a57822d5f7a ad4ded0023a93e393f914b94eec261884c6e3192ed680eeb42c190e02e512100
SERVER_TRAFFIC_SECRET_0 4a0b753ace7241951129c6f5f87aafd64730a48bfce3fb01a4197a57822d5f7a 2add539934d552f3ab3c23666516f2c03ba15eee6a651a73028a8afa4333eeef
EXPORTER_SECRET 4a0b753ace7241951129c6f5f87aafd64730a48bfce3fb01a4197a57822d5f7a 4844c78fe8619df53fa618aa8920dcaeaf564552727b2e1e04ef9869b31d7bb0
CLIENT_HANDSHAKE_TRAFFIC_SECRET ab586f8cd3acf61f49d751260147797d27339d9d78912914f9de05d5d6cb8405 3d5d7d3c2393a9aba6fc9f93898de83063f494279ad5bc4096bd5c8a513bf8af
SERVER_HANDSHAKE_TRAFFIC_SECRET ab586f8cd3acf61f49d751260147797d27339d9d78912914f9de05d5d6cb8405 8d17f5fbda8ef185229167dcf1690ec95d5edc800f473f8eb7d58a8a5b40a87a
CLIENT_HANDSHAKE_TRAFFIC_SECRET 7317f29e2e5c5952baed97c154ce521f19856bb41a997829b2896630f826e6d3 180815bb3797af588ff0e83c486c1d8451ff3a340fbb5eac38df2532e7185782
SERVER_HANDSHAKE_TRAFFIC_SECRET 7317f29e2e5c5952baed97c154ce521f19856bb41a997829b2896630f826e6d3 6474fc1a223c8ea40a47cd3d2b7e71c2be6983269bf0987d6db9cda18004a334
CLIENT_TRAFFIC_SECRET_0 ab586f8cd3acf61f49d751260147797d27339d9d78912914f9de05d5d6cb8405 b8bd245272d6e7333f049ca616b623ded35faf07d6c4a058c2f66c9d65324430
SERVER_TRAFFIC_SECRET_0 ab586f8cd3acf61f49d751260147797d27339d9d78912914f9de05d5d6cb8405 aea82e70d7941f6dca8c352a624d950674a3b6f4a2aead8bd3eedc0515a607e4
EXPORTER_SECRET ab586f8cd3acf61f49d751260147797d27339d9d78912914f9de05d5d6cb8405 60618199358545dbf95642c757ecf53441da47737b1e64a3d877706166373745
CLIENT_TRAFFIC_SECRET_0 7317f29e2e5c5952baed97c154ce521f19856bb41a997829b2896630f826e6d3 3589195f36bc976811e9c950842dbfef0948869dd17084c8b71563b9f6492d29
SERVER_TRAFFIC_SECRET_0 7317f29e2e5c5952baed97c154ce521f19856bb41a997829b2896630f826e6d3 f0db59a72c6c975385261016f0a0c4aa43d638ff4717bfc1837f4ebea8a55d82
EXPORTER_SECRET 7317f29e2e5c5952baed97c154ce521f19856bb41a997829b2896630f826e6d3 a5c51bc72184f38ba0bc77dfaa35611518144a373085b7f61c80d58c0ab0e3a0
CLIENT_HANDSHAKE_TRAFFIC_SECRET 36381b7b7d82f9370be91e817fc359d9014b34a0e15393eeb7f680de1dda3b9f f259fa0648455f0779121807cf4aed28619197612d21b0e287a198c837f08c2a
SERVER_HANDSHAKE_TRAFFIC_SECRET 36381b7b7d82f9370be91e817fc359d9014b34a0e15393eeb7f680de1dda3b9f f58e6a96b223a8962e15dd55ac1847a833decbaab495d798082ebd837c57fac4
CLIENT_TRAFFIC_SECRET_0 36381b7b7d82f9370be91e817fc359d9014b34a0e15393eeb7f680de1dda3b9f b0ba0b9a3569d8af6187303aa9dc761e14ea52debcb5df54190b891d22d1f9e4
SERVER_TRAFFIC_SECRET_0 36381b7b7d82f9370be91e817fc359d9014b34a0e15393eeb7f680de1dda3b9f e83157642bef07e25e22b53d826c2153385c08522ca78d190409d049514d7941
EXPORTER_SECRET 36381b7b7d82f9370be91e817fc359d9014b34a0e15393eeb7f680de1dda3b9f fa37aaa596a6f7cdf31e596f0b3f6f7c38dc744d53a60280396256498111b386
CLIENT_HANDSHAKE_TRAFFIC_SECRET 5842859dd31fa59cf965dfd11d7031388305831c01fdef24b67b36aee6690454 1cf0170eb3390a5fda7e9559733f19adf08f864b61d51d658e87019801862637
SERVER_HANDSHAKE_TRAFFIC_SECRET 5842859dd31fa59cf965dfd11d7031388305831c01fdef24b67b36aee6690454 724a83cda7194f6fae19df4ff02f9e88e32a056336608020ca9d074507c37633
CLIENT_TRAFFIC_SECRET_0 5842859dd31fa59cf965dfd11d7031388305831c01fdef24b67b36aee6690454 f36c43fb7ef4fe7c46dea7c59b9395137c514c33f5462b4be8a6ce792308adc0
SERVER_TRAFFIC_SECRET_0 5842859dd31fa59cf965dfd11d7031388305831c01fdef24b67b36aee6690454 7992c9cb26be3b45badc3207e378beb2c12a6982eac205fd892d8f4bf23fd9ad
EXPORTER_SECRET 5842859dd31fa59cf965dfd11d7031388305831c01fdef24b67b36aee6690454 7c5706f7f4397c7684c37a5d2d864d2646650db1ddadc24552e1846a47466c3a
CLIENT_HANDSHAKE_TRAFFIC_SECRET 090502a6fe22b5bf5791db1eeb527cf0745531152bf6eb1851bd7798770ed53d 307973a8f94f9ac90134dfecbe1190f3f05c338d12efc8cb12b720613dadec15
SERVER_HANDSHAKE_TRAFFIC_SECRET 090502a6fe22b5bf5791db1eeb527cf0745531152bf6eb1851bd7798770ed53d 3ad29efe033d2c184d526227500fb5919441be37f5b3d489ad9de49741b0922f
CLIENT_HANDSHAKE_TRAFFIC_SECRET aa11a0fa77b857187dda8e67efce5071cdae7deef77e40e7cd121b1bbc8469ce 32f076d3b24c55f0006f4f2501c1a042761d51efef82c0e5e263008ee18d0ce2
SERVER_HANDSHAKE_TRAFFIC_SECRET aa11a0fa77b857187dda8e67efce5071cdae7deef77e40e7cd121b1bbc8469ce 311bf168216f958170f004e4aa1e61887cabae97fd338e2fc3f3e60ab301953e
CLIENT_TRAFFIC_SECRET_0 aa11a0fa77b857187dda8e67efce5071cdae7deef77e40e7cd121b1bbc8469ce ea68112e570f47055ff37a310df517759ac27ed8f93331369cebec09eda1e34d
SERVER_TRAFFIC_SECRET_0 aa11a0fa77b857187dda8e67efce5071cdae7deef77e40e7cd121b1bbc8469ce 88972080ddcd90fceb5cf4fe48a98982ddea2a6cf5752d9cf42ca6b61c755aab
EXPORTER_SECRET aa11a0fa77b857187dda8e67efce5071cdae7deef77e40e7cd121b1bbc8469ce 09a36f005061a6ba234526a037fbba25622878c80db97dc597fcb3120ef2f568
CLIENT_TRAFFIC_SECRET_0 090502a6fe22b5bf5791db1eeb527cf0745531152bf6eb1851bd7798770ed53d 9fd0c0051042ee975231a21a42dc6a1903674cc6d7e1b5689e5545529d0a3c7c
SERVER_TRAFFIC_SECRET_0 090502a6fe22b5bf5791db1eeb527cf0745531152bf6eb1851bd7798770ed53d 42aee68b28c135c844407c9702fbcbe9b66715f1e618706ef379463af5b42fc7
EXPORTER_SECRET 090502a6fe22b5bf5791db1eeb527cf0745531152bf6eb1851bd7798770ed53d 81d36ec07b36022bdaf60544e55af96a182ed6a29cbe7d8ac352e61583aea860
CLIENT_HANDSHAKE_TRAFFIC_SECRET edec8ae678edc2ad926d8f8050fef2d264da57e6369904c4828b116047dad3cc 50bcc367b8c563db82fb0f9a38e4ce51b5c3fae0c2d4d9d9736475fef7809a30
SERVER_HANDSHAKE_TRAFFIC_SECRET edec8ae678edc2ad926d8f8050fef2d264da57e6369904c4828b116047dad3cc 921baeaa2530ed8f6b52ac9b15fcc839c9042cc7081b332268d19f6e93da0796
CLIENT_TRAFFIC_SECRET_0 edec8ae678edc2ad926d8f8050fef2d264da57e6369904c4828b116047dad3cc 339fa866e4a55b1af81d7c4d0720f981bdc1b0f0ac8b1ea305ad15901a12318c
SERVER_TRAFFIC_SECRET_0 edec8ae678edc2ad926d8f8050fef2d264da57e6369904c4828b116047dad3cc 4eabab32d4eae347bf7a0974fea28f9c2239fc472440d3ecd51152986afc67c7
EXPORTER_SECRET edec8ae678edc2ad926d8f8050fef2d264da57e6369904c4828b116047dad3cc 840053de05c2980b222ccfa68f10318e630bb68e12450aeb3320584a8e3f0894
CLIENT_HANDSHAKE_TRAFFIC_SECRET c3737fa71c77fa1d0d59a47e8ae9bcde46f08f7ad7384b50023bd81bef2760cc 2e8ebcb6cb8e93b30d22c960e63d4d5a7c96dfbec7dc46877921401a1e044694
SERVER_HANDSHAKE_TRAFFIC_SECRET c3737fa71c77fa1d0d59a47e8ae9bcde46f08f7ad7384b50023bd81bef2760cc b6b076dfb9aed1f51ccc8abb9be685ee5757c34ce0ca3d808ead1020daa51d8b
CLIENT_TRAFFIC_SECRET_0 c3737fa71c77fa1d0d59a47e8ae9bcde46f08f7ad7384b50023bd81bef2760cc 08d5c262b3b66d43734b986eb9dd6310a81f83acdd38504f558ba131388107c7
SERVER_TRAFFIC_SECRET_0 c3737fa71c77fa1d0d59a47e8ae9bcde46f08f7ad7384b50023bd81bef2760cc c367b56e3838652be32943ba2c908e071ef5860e9e615d4f40634093e8427676
EXPORTER_SECRET c3737fa71c77fa1d0d59a47e8ae9bcde46f08f7ad7384b50023bd81bef2760cc a94e86e6fc7b9ad1bb745b892be0687de159bce0e0d34faf437e75bf202caef5
CLIENT_HANDSHAKE_TRAFFIC_SECRET 89d96b598ac6ba5b4a3c6816d8cfe2aa69b3a1f144eddf591e5da0f2bd6fc632 3794fca32a4875493c3f4651f7334df5f12e0d90b0eaaff34909f1a7b1c05f31
SERVER_HANDSHAKE_TRAFFIC_SECRET 89d96b598ac6ba5b4a3c6816d8cfe2aa69b3a1f144eddf591e5da0f2bd6fc632 9ece8e005a8da49da60d77075df74babb54f1776135f1e5929860bc9a3239d18
CLIENT_TRAFFIC_SECRET_0 89d96b598ac6ba5b4a3c6816d8cfe2aa69b3a1f144eddf591e5da0f2bd6fc632 bb41d4c0d37b579c0caaf2ebef895a8c0c6b7b143f6ec5d713aac099d48c3510
SERVER_TRAFFIC_SECRET_0 89d96b598ac6ba5b4a3c6816d8cfe2aa69b3a1f144eddf591e5da0f2bd6fc632 9271bd37141e82c46f4ed6f5035907615445d569c404306376b3da9ce16dcabc
EXPORTER_SECRET 89d96b598ac6ba5b4a3c6816d8cfe2aa69b3a1f144eddf591e5da0f2bd6fc632 0213923c2d56e2efbeabaee8a0549e398e2e750132b09fd3ef685b4e8db937b7
CLIENT_HANDSHAKE_TRAFFIC_SECRET 12980eeb9efdb2430b3cb7810b0ad6b9c0511fbd213bb5934a7456b6f27f24cc 39224d56677a39e5776969bb80218967590a30c9864fd85dd4a8736841eb6193
SERVER_HANDSHAKE_TRAFFIC_SECRET 12980eeb9efdb2430b3cb7810b0ad6b9c0511fbd213bb5934a7456b6f27f24cc 6df76ad2c3dddc54588b8c5a949a26ddec203edfe5c2621cc9ad62b2b71d82e8
CLIENT_TRAFFIC_SECRET_0 12980eeb9efdb2430b3cb7810b0ad6b9c0511fbd213bb5934a7456b6f27f24cc ae8af7e33748921aa3ff85691c6dce67d61c2d509c0f1b5a2f9d9cdb9102ee5e
SERVER_TRAFFIC_SECRET_0 12980eeb9efdb2430b3cb7810b0ad6b9c0511fbd213bb5934a7456b6f27f24cc 362f7e6d19c5a9c870586815095c43cf51595eae9cab839e3ccf1afd10186fde
EXPORTER_SECRET 12980eeb9efdb2430b3cb7810b0ad6b9c0511fbd213bb5934a7456b6f27f24cc 1785b63837a0289b85d3e2a1ae406166a05c7ebcd7f78acad0d01660b74ba612
CLIENT_HANDSHAKE_TRAFFIC_SECRET 6e1b34239077d7bc8ae683f21a6761c7e344768c5b300c87499cd0a2177d290a 055d934fc80258e480dcd8aa826437a40011da8c113266e61e13678d1cd964fc
SERVER_HANDSHAKE_TRAFFIC_SECRET 6e1b34239077d7bc8ae683f21a6761c7e344768c5b300c87499cd0a2177d290a d1243d6ad9c0f9adebb4178b61932535005704af71c22f4553c05d3729f138a2
CLIENT_TRAFFIC_SECRET_0 6e1b34239077d7bc8ae683f21a6761c7e344768c5b300c87499cd0a2177d290a 4bdb7afda0ea1155c6c08f8affbcd685a4f16c4aaa88cd3bfbe1bc2b41438375
SERVER_TRAFFIC_SECRET_0 6e1b34239077d7bc8ae683f21a6761c7e344768c5b300c87499cd0a2177d290a 20e79c446b9ac5d3fc518e8d8e1ca8b7b862a0b500a634ae69ee264453c7045f
EXPORTER_SECRET 6e1b34239077d7bc8ae683f21a6761c7e344768c5b300c87499cd0a2177d290a 6c8e52da44f77237718a2bd50b79aab53aecd09b96741656daab510d8485a825
CLIENT_HANDSHAKE_TRAFFIC_SECRET 3deaa70230266fb06a317676c04f521be140536fcff3fbf25fb7e3c90d633bfa 20f55457c15b68c5a1c969dcea5141b76f36b37548e8e88d58fc2eba33c12f4a
SERVER_HANDSHAKE_TRAFFIC_SECRET 3deaa70230266fb06a317676c04f521be140536fcff3fbf25fb7e3c90d633bfa 0a1db5bc5be1817fbe3fa7fbbfabcc7bd133ed11f1e7608e95efebff9c186065
CLIENT_TRAFFIC_SECRET_0 3deaa70230266fb06a317676c04f521be140536fcff3fbf25fb7e3c90d633bfa 03f8d5470f3eed860eef9b6ee4189e411f55db3045ae092a8ed7ea969931defc
SERVER_TRAFFIC_SECRET_0 3deaa70230266fb06a317676c04f521be140536fcff3fbf25fb7e3c90d633bfa 4379272e439b5f0b1f58f000ff362ff935727ebadfc202d45178f36871448d96
EXPORTER_SECRET 3deaa70230266fb06a317676c04f521be140536fcff3fbf25fb7e3c90d633bfa b5a001cda1ef276e6ef017750cb2f10560b80674d71d3efb94aa1dcbd8fd4f60
CLIENT_HANDSHAKE_TRAFFIC_SECRET 97e647b26a0a8ded8c8b87ddecef741102aeac4f4b4b2ec887e714983294c946 b0b97ac58b62acadc2a3dd2606ed9bdc980319013e88a5944ad3ee1c29bb3a17
SERVER_HANDSHAKE_TRAFFIC_SECRET 97e647b26a0a8ded8c8b87ddecef741102aeac4f4b4b2ec887e714983294c946 7fc969e67d22e52c4886a11cb4cfff8ffb6eb5e28bddf49c50439c4725f595b8
CLIENT_HANDSHAKE_TRAFFIC_SECRET 3020306f3eedb1d22b8289850004f99f9dfb9f2dbbb05447696a46cfe7e25f21 203b571057c41f9a12aa214d20437ed4cfae53f0aedb84127211abd9e224f4ec
SERVER_HANDSHAKE_TRAFFIC_SECRET 3020306f3eedb1d22b8289850004f99f9dfb9f2dbbb05447696a46cfe7e25f21 ca9e89a718cb2a1454ae3074086dec80b88c4e19b64b948c5eb9df88ed1a667c
CLIENT_TRAFFIC_SECRET_0 97e647b26a0a8ded8c8b87ddecef741102aeac4f4b4b2ec887e714983294c946 d6d0510284caff375d1b5d324b9dd1feb94f6022b95c7f1326cc72fdfaa83ccf
SERVER_TRAFFIC_SECRET_0 97e647b26a0a8ded8c8b87ddecef741102aeac4f4b4b2ec887e714983294c946 c9fb0351848cb1c53645308aa8ce3c99c417c2164cf1c19d9f74868d8d24143b
EXPORTER_SECRET 97e647b26a0a8ded8c8b87ddecef741102aeac4f4b4b2ec887e714983294c946 346e2c15fa36db2773e2f454578e9a550a90e626f747945545f3462c2073b559
CLIENT_TRAFFIC_SECRET_0 3020306f3eedb1d22b8289850004f99f9dfb9f2dbbb05447696a46cfe7e25f21 5f088cf0cf3863e4a184498c1831556f2ed84ab286de27ade6f97ccd1026df8f
SERVER_TRAFFIC_SECRET_0 3020306f3eedb1d22b8289850004f99f9dfb9f2dbbb05447696a46cfe7e25f21 d9072e022046ae4602ffb38678dafbe8b1157c85eeac7537b8d7e31b4f7096ec
EXPORTER_SECRET 3020306f3eedb1d22b8289850004f99f9dfb9f2dbbb05447696a46cfe7e25f21 7884b81c4564b5605f31f25231034cfce8427b203eecd51c93a9eea67af76f0d
CLIENT_HANDSHAKE_TRAFFIC_SECRET da84f3365e1d80f37556d11f56d1dc2f0736cf1eeca92bf96456f82ae7246756 ee638bc47a80660a667a4d3888d85b80fcc6d79a6aec31dc1348e2fca3774998
SERVER_HANDSHAKE_TRAFFIC_SECRET da84f3365e1d80f37556d11f56d1dc2f0736cf1eeca92bf96456f82ae7246756 d605a760c9a460b6189432c5b0574c3c14047891e679e7c2eb2435ac5fde4f61
CLIENT_TRAFFIC_SECRET_0 da84f3365e1d80f37556d11f56d1dc2f0736cf1eeca92bf96456f82ae7246756 caa1088a183782b7f2fa7155795c85c99860817ea50529e30757ce97ad8fac61
SERVER_TRAFFIC_SECRET_0 da84f3365e1d80f37556d11f56d1dc2f0736cf1eeca92bf96456f82ae7246756 6ea6f539457cc27866aa5a2d8b6875679ff6d5411d9162c09432cc776100cac6
EXPORTER_SECRET da84f3365e1d80f37556d11f56d1dc2f0736cf1eeca92bf96456f82ae7246756 5e60ecf37c7d36077fa17c92cef08267854122d0c31a6b1e25fb050516a742fd
CLIENT_HANDSHAKE_TRAFFIC_SECRET b67a1ce6609397c77e105ecd7a278c80f4686b5e635943974788c5a7743b6afe 5d843636dbff0b61e5156998d5a0a064a8244d685d31e200b21cf61e73a5904927ce28c189a6d0f51470f40c3e678f77
SERVER_HANDSHAKE_TRAFFIC_SECRET b67a1ce6609397c77e105ecd7a278c80f4686b5e635943974788c5a7743b6afe 60a512f98f685fd0a1ffb25db84e7b59ead54863959f81685393ba9eea699923ac8c41543314cbb5b60725f05d646df9
CLIENT_TRAFFIC_SECRET_0 b67a1ce6609397c77e105ecd7a278c80f4686b5e635943974788c5a7743b6afe c61560ff92b03e264c30a3fc3a7aa23e56c4e60ba0ca651c3a839c42d8009882fe79c84833fc971bd5e2a3c41b6f3a84
SERVER_TRAFFIC_SECRET_0 b67a1ce6609397c77e105ecd7a278c80f4686b5e635943974788c5a7743b6afe e6309eb88bf3474a103d7b9f9d1b82546646750302cfe1246ffca4eeff1b82695660dcdcd4d48d3739e47a33423d07ef
EXPORTER_SECRET b67a1ce6609397c77e105ecd7a278c80f4686b5e635943974788c5a7743b6afe 6d537be72c475459d539ed4faf630bebfed1e8f14295acbe2641a83969fd972bfaf5ace9371ff0771a077ad4caacfc05
CLIENT_RANDOM dd5b302cf604c4f02ca8cb5fe3d9d6a1dba3cff5cbb32f6ea556773dbcb9d236 59ce5d54311bbae8bf74e15bf85106fe4780014556cabf0ded17712b8e836e2094898f08bf95f937fc2d4760cc1a405a
CLIENT_HANDSHAKE_TRAFFIC_SECRET e9ca78b21b88fc3411ea8f5d08b0625fb0ed20e0af0bd0e0bf9895e18cbe9d62 ffa13b78deb006189bb185d5f5c22c833644a935a0509da80886aec8877894810fd740629ca03327555bed0429f0bc56
SERVER_HANDSHAKE_TRAFFIC_SECRET e9ca78b21b88fc3411ea8f5d08b0625fb0ed20e0af0bd0e0bf9895e18cbe9d62 0ff2df8e5886377ac7bf10a5128f0c9ad9858e829ef77586c44cd7ce76dce969e65a8427f0f6334817a514a0929b6fda
CLIENT_TRAFFIC_SECRET_0 e9ca78b21b88fc3411ea8f5d08b0625fb0ed20e0af0bd0e0bf9895e18cbe9d62 8b9ca5d65f3ea3ec6d4470d27405548a0a74d99bde22c4040c43923624c2938049fa420dc4714a4a01bcf56568a845c4
SERVER_TRAFFIC_SECRET_0 e9ca78b21b88fc3411ea8f5d08b0625fb0ed20e0af0bd0e0bf9895e18cbe9d62 061df3e4d8e43bf23dba200718a4bd913e885143937131871e1d91543a01bdbd3ca7defb6606e50aa5a715a6cd8dcadc
EXPORTER_SECRET e9ca78b21b88fc3411ea8f5d08b0625fb0ed20e0af0bd0e0bf9895e18cbe9d62 21fc8e723e00fb146af2ddb0994d26a39a4cfa00363ee9744c4785c552da9d95c11a168bef51498ea24d958b26ae5061
CLIENT_HANDSHAKE_TRAFFIC_SECRET 3478a94d175c65da84e5db4a8200357cedd498114af279c1d2e116f2f6f4302b d5e1e4ae1488dd4f96725d3366abb32c1c20b0eef3ec43915d2d8309bfa04a78a9aded7cdabc6c05fe2e94920732921a
SERVER_HANDSHAKE_TRAFFIC_SECRET 3478a94d175c65da84e5db4a8200357cedd498114af279c1d2e116f2f6f4302b c2f465af1eacd9af45c5c2e7d64b148b98226b8e16c1ad820fa6a324a1c9fe047b485fc17f1f6707dec8f1e34f345227
CLIENT_TRAFFIC_SECRET_0 3478a94d175c65da84e5db4a8200357cedd498114af279c1d2e116f2f6f4302b 005d1a47e8711a4e1837aa6ee019cee0c568b3c47024ffd6ebcde4bafb54251ac4677f63f0118e61d7f37cc01d7846b5
SERVER_TRAFFIC_SECRET_0 3478a94d175c65da84e5db4a8200357cedd498114af279c1d2e116f2f6f4302b 50e1a2d3bb683983b2867c7af8fd7eeea0b11411a1d7747eb3353a5986769ad5e779f80c368d6916b82efabeb556f058
EXPORTER_SECRET 3478a94d175c65da84e5db4a8200357cedd498114af279c1d2e116f2f6f4302b f88e3aee026c1083ab224584d43004fd0e4eb8ec4dea22921444cfd496249808a38072eb2c25680ef21064d85d422fb1
CLIENT_RANDOM 8691401422ee3115ebef42ae8046917621078aa11a01046cc620d25612abcd6b f79b06c0ac540817aacfe364b713d4fe4a2ee676fd7847323e59cbb212f89b0b1426cc87336fac7459f48541b330f908
CLIENT_RANDOM 8354ca0f84299d0cdb26cb82fba2a6095c6c526f6873ed6ca2203701a31ec833 fff67e29361d20f3a0784bd4ea0ce1a1532395f0e0f4eb611d9e5b1294c90c5877dcbdef09f615e32db780f2ea8fa468
CLIENT_HANDSHAKE_TRAFFIC_SECRET 00a0f30d60eb2946ccddb8a5e74ca29ffdd44083db178ec5850d637f19cf8a4e 060aa6c2bbd51678b930def41be2d3e6cb2564d040e65822743a9893d88af84f
SERVER_HANDSHAKE_TRAFFIC_SECRET 00a0f30d60eb2946ccddb8a5e74ca29ffdd44083db178ec5850d637f19cf8a4e 77e620f5878b68b5fc66ab6816c1f562a622b2d11bbc881d83c1a1f677576351
CLIENT_TRAFFIC_SECRET_0 00a0f30d60eb2946ccddb8a5e74ca29ffdd44083db178ec5850d637f19cf8a4e 7cc334edf57bc732cc51d09ccfc92f45bd400c88833b8d2d63d6a2b2d985d38c
SERVER_TRAFFIC_SECRET_0 00a0f30d60eb2946ccddb8a5e74ca29ffdd44083db178ec5850d637f19cf8a4e f8800f8e4f630dc02e9eee1e4c6cae3956e233a62452aa6a34d669359c96090a
EXPORTER_SECRET 00a0f30d60eb2946ccddb8a5e74ca29ffdd44083db178ec5850d637f19cf8a4e 1d2f7bbcb5bf214b96ecf4b68a9480e82bd4a1c158b137b87ffb8bf8da4847c5
CLIENT_HANDSHAKE_TRAFFIC_SECRET 14a18f5fd9dccc727e2c01543322bf58f56466d0da399cb58622732f0d6d6bce 6ee9c3f7475de7fa954552fea327b7491f19494e5aa3d0b03404454412d15f65
SERVER_HANDSHAKE_TRAFFIC_SECRET 14a18f5fd9dccc727e2c01543322bf58f56466d0da399cb58622732f0d6d6bce 19bd017266b0b74794bf1e7b87a32b5db0b570a16fc9a0e93e20acd01cecc1dd
CLIENT_TRAFFIC_SECRET_0 14a18f5fd9dccc727e2c01543322bf58f56466d0da399cb58622732f0d6d6bce ec411cca150b2aecb2c52b94a4a139478a7dbc2a8f9a89d020aa08cd65852557
SERVER_TRAFFIC_SECRET_0 14a18f5fd9dccc727e2c01543322bf58f56466d0da399cb58622732f0d6d6bce ea921a7669e08a11464d1eaefbd8da770d782ba8b94fa9ebd3b5494d23e45bfc
EXPORTER_SECRET 14a18f5fd9dccc727e2c01543322bf58f56466d0da399cb58622732f0d6d6bce e63098374723929f9f8ee4cde7263ab5d76cb2a87cfc722bb656f385646c2f38
CLIENT_RANDOM 6b78e77c054dffff992079956245800e272e137e80c2bc30e80e39c841ad52ba b84a4d5cdce0c105ffefaaeb7cccd34eb46bfca16361f838b5034471a481b72ab9310be82831a6e8d191ebea00637e31
CLIENT_RANDOM 4f4644c13abde11cb756490e0f46bec50096b1418ae27258fa97ef8d456de58c f4f95ab67b444f3e12b6dbe79726369f26e0b250e09da5ad22586e7c6a4b071eed329b078b37bd56ce3bbcb563576ff2
CLIENT_HANDSHAKE_TRAFFIC_SECRET fae6264e5eea2fca49e9775e4550ae19625ac41eb74117b631aba56138418712 0707cd7f99c6165b3f40dd731e702817de76761af08f5973d1dbd5d26183416b
SERVER_HANDSHAKE_TRAFFIC_SECRET fae6264e5eea2fca49e9775e4550ae19625ac41eb74117b631aba56138418712 a51467017526a5661d2281bac7d3630adcb22442c916dff122fae7791d0aef6f
CLIENT_TRAFFIC_SECRET_0 fae6264e5eea2fca49e9775e4550ae19625ac41eb74117b631aba56138418712 2ef9b9767b1277f045f111b2a80a5417064fe6a220bcc0ba868c763a0a80f82c
SERVER_TRAFFIC_SECRET_0 fae6264e5eea2fca49e9775e4550ae19625ac41eb74117b631aba56138418712 a7dd34d13292b4e359fec8bb57dc9ca9a3d038db3f4a69265fa112b05fb77ca2
EXPORTER_SECRET fae6264e5eea2fca49e9775e4550ae19625ac41eb74117b631aba56138418712 12daf8469a146347bd1ad1c4fd94c0765d8db002ace3af9c6222fab78c5eeb46
CLIENT_HANDSHAKE_TRAFFIC_SECRET df10df90783294bb523f9e38822422126b084fdbea09f478314568e61e0a861c 9ff642b85860cde56f1e0e49c74252bc71a4b08f77d458c00b2b16f14a0eb936
SERVER_HANDSHAKE_TRAFFIC_SECRET df10df90783294bb523f9e38822422126b084fdbea09f478314568e61e0a861c d582ee7aa7fe5b918b538063c5ab4dcd0921e81ce6e8f9c731b3637f13bf803e
CLIENT_TRAFFIC_SECRET_0 df10df90783294bb523f9e38822422126b084fdbea09f478314568e61e0a861c 5bcdd3c188f4950e778af6a0e6650855eda472b818e1f64172a6f68d3f97b5b1
SERVER_TRAFFIC_SECRET_0 df10df90783294bb523f9e38822422126b084fdbea09f478314568e61e0a861c 565c10313bf3d5a4e771270e1b49e5c203dcd882448fa78f44cf9c46b2943086
EXPORTER_SECRET df10df90783294bb523f9e38822422126b084fdbea09f478314568e61e0a861c 75ff377754f9c0d9b6e724c12d5a688ae8208156e3127e180aca51d2e1cf1783
CLIENT_HANDSHAKE_TRAFFIC_SECRET 60c8c324e3c69529dfcc3d2996d200d4e5a13d001f9b30e2771dc409fd3225c0 7738ef4da6c4e7cbcec910f0cdcb741ccc00d74f42cc363f93445a7e8649f009
SERVER_HANDSHAKE_TRAFFIC_SECRET 60c8c324e3c69529dfcc3d2996d200d4e5a13d001f9b30e2771dc409fd3225c0 8fb75b9f36fe3aac53be50bc41d781a147ed559f201aed9df3b2ec2a60f21bcc
CLIENT_TRAFFIC_SECRET_0 60c8c324e3c69529dfcc3d2996d200d4e5a13d001f9b30e2771dc409fd3225c0 ef3464f1d449a8b5c814170f22134174905c764a6bbc5e6460fdf4048f191b92
SERVER_TRAFFIC_SECRET_0 60c8c324e3c69529dfcc3d2996d200d4e5a13d001f9b30e2771dc409fd3225c0 ea3b6bb5173639e0eecd96aae12a2039d9188406cf19144fad5b7df18b4014dd
EXPORTER_SECRET 60c8c324e3c69529dfcc3d2996d200d4e5a13d001f9b30e2771dc409fd3225c0 f4bc6d18c19c6a2db5819e5fffef9eacb55bbf92d298e7deb16aba337f19370c
CLIENT_RANDOM abf632aa7dea2aeb17f5088d4974873500a2a458c15d337d679702db18890131 f458842e4383c0d2f632bd7ed902d31fc18d6993d3bbe0bef57a7b47275c87bb7c8d7c6484ae31895da17857e9ab82a6
CLIENT_HANDSHAKE_TRAFFIC_SECRET a08291a5f15def123f17e1235ae85569fa9d7b346f421f97aaf4dbd08124e943 f1a4df699a24171fbcdc44a45fe77e04956ce8e9d605b892f4618a38ef9aded2
SERVER_HANDSHAKE_TRAFFIC_SECRET a08291a5f15def123f17e1235ae85569fa9d7b346f421f97aaf4dbd08124e943 402570d6edde07ec7169d0adff32dd6dc8630fbe6cb7ace0fb2bf6c9d5ca7154
CLIENT_HANDSHAKE_TRAFFIC_SECRET dd28e05ebe96553fa7c955becf88be1fe0d71d084cf3eef23a473a48392da31e 367c390ab1145b09c23d7863b58fa521532b06bfa6545877afe81e1e955577cd
SERVER_HANDSHAKE_TRAFFIC_SECRET dd28e05ebe96553fa7c955becf88be1fe0d71d084cf3eef23a473a48392da31e 374acc4d2a67eb5792203ae26d482a0a54c6c40f430e6b8898513dd5974714b2
CLIENT_HANDSHAKE_TRAFFIC_SECRET 029affab6a3d652dd7f569f1467bdfa7736b6cabb7e5cfda4be9de6f33ba02bb 41388941af637ed211b28323d5404fe97678bc1e3bf13d8735a1f66948472322
SERVER_HANDSHAKE_TRAFFIC_SECRET 029affab6a3d652dd7f569f1467bdfa7736b6cabb7e5cfda4be9de6f33ba02bb 0e6e1f5d31f14e6680d48a98644cd6f996e1c675107479d547b456d42be44b02
CLIENT_TRAFFIC_SECRET_0 a08291a5f15def123f17e1235ae85569fa9d7b346f421f97aaf4dbd08124e943 1d45afa17bc2145ef3d2c066f01b883c64c6c4e43acecaa99d4ba653e3350e3a
SERVER_TRAFFIC_SECRET_0 a08291a5f15def123f17e1235ae85569fa9d7b346f421f97aaf4dbd08124e943 881af702b479f1957d964a640c032cfbe2887bcba040164a02c6f29d0d260e3d
EXPORTER_SECRET a08291a5f15def123f17e1235ae85569fa9d7b346f421f97aaf4dbd08124e943 326185362c1b142f5c5b2e0c895b581b1096173b98f6824c8f9cd5e035d54e5b
CLIENT_TRAFFIC_SECRET_0 dd28e05ebe96553fa7c955becf88be1fe0d71d084cf3eef23a473a48392da31e 3940614470b755f364ed0324d27c5178e3b71a308b87e2b8ef9798e412fa8dbd
SERVER_TRAFFIC_SECRET_0 dd28e05ebe96553fa7c955becf88be1fe0d71d084cf3eef23a473a48392da31e f101bfea70ca1846bb3a1ced88864882dcd00b2f3d53a086a3b0abbe921f77b0
EXPORTER_SECRET dd28e05ebe96553fa7c955becf88be1fe0d71d084cf3eef23a473a48392da31e 192ab9b9e458dc58081951cf8adc6b0976a80e23e7e94f3a7bf55fd50df96b08
CLIENT_TRAFFIC_SECRET_0 029affab6a3d652dd7f569f1467bdfa7736b6cabb7e5cfda4be9de6f33ba02bb 1606beda0a466daccdd407157a4b9d740e8deabedd386a47bc872438b4696248
SERVER_TRAFFIC_SECRET_0 029affab6a3d652dd7f569f1467bdfa7736b6cabb7e5cfda4be9de6f33ba02bb bfc5b879824653464fdf704f4277adfd1ee8d8f83b5e4e47aa2066fa11b9b521
EXPORTER_SECRET 029affab6a3d652dd7f569f1467bdfa7736b6cabb7e5cfda4be9de6f33ba02bb 88e5dcbc91413f5b83833fadc610c049ad7f2ca8d16dc8a79a8c7fa200cf2fb3
