CLIENT_RANDOM dc9d61267025c32e86deda3a4199862046e0693759188604316ac2f6437be611 9efdf69a6b67b7bd06378fad43abf4d1b7bc68a6cfba59c76556c3cf284efa9141f1a96ffaf6fe4aa567ce8eba64b9a8
CLIENT_HANDSHAKE_TRAFFIC_SECRET 155470b492860d15142b9202163cd1b3354ffade4194eff9e88cc0a39fe7fab0 0e17e6706e763522d3f80dd90aca14848e3f1c7c48c94b3927ecb74eec9ddcad
SERVER_HANDSHAKE_TRAFFIC_SECRET 155470b492860d15142b9202163cd1b3354ffade4194eff9e88cc0a39fe7fab0 6ce1fac121b90ab4e620e40e7b25bb19796838a4da785ca041a526fcee9ad0e0
CLIENT_TRAFFIC_SECRET_0 155470b492860d15142b9202163cd1b3354ffade4194eff9e88cc0a39fe7fab0 9184c0ecd89dc83a728279a5a91ce1a2a93c958417fa5c6b68347d6dd171aff4
SERVER_TRAFFIC_SECRET_0 155470b492860d15142b9202163cd1b3354ffade4194eff9e88cc0a39fe7fab0 6db9c42968b551552265bf2ce72906493ea3edd54c5b73c5de66f73662a54492
EXPORTER_SECRET 155470b492860d15142b9202163cd1b3354ffade4194eff9e88cc0a39fe7fab0 b19e1f6ae5085f737f840b70dd715e927449cffe39106d27ea7293b47f8b699e
CLIENT_HANDSHAKE_TRAFFIC_SECRET c7c4966f7a6c2923a79515dcda0db7ec65d55d8eda81105391293ac7ec1796a2 9d3061a44a5febee4c14cd7672912b36fb20852b91a0d4f263496ccb2e5387b3
SERVER_HANDSHAKE_TRAFFIC_SECRET c7c4966f7a6c2923a79515dcda0db7ec65d55d8eda81105391293ac7ec1796a2 915296071ccf631592bfe1f5727661f10e2b0a78d8c92e55629fca8f149d7646
CLIENT_TRAFFIC_SECRET_0 c7c4966f7a6c2923a79515dcda0db7ec65d55d8eda81105391293ac7ec1796a2 3df1a2871842d4efd43610b44e9ac882c9fe08699b764dcc95c2c1d153f0b4ea
SERVER_TRAFFIC_SECRET_0 c7c4966f7a6c2923a79515dcda0db7ec65d55d8eda81105391293ac7ec1796a2 e2a334eb8b3aee7d97c0304f6ee0523fa8742966391ca1826b68cf32229d7fc6
EXPORTER_SECRET c7c4966f7a6c2923a79515dcda0db7ec65d55d8eda81105391293ac7ec1796a2 20611cdab3ddf8fed6b59879471a80b2c9f5a1776a1148b3d31ee20172f1357d
CLIENT_HANDSHAKE_TRAFFIC_SECRET 6753ce21b88e1f0718dd3f4ebb2e1a9576f5b9bc2ca3dea5c13cafd3e669a398 afc18ecd55a5a41f400f6f0a2a7fdf82f5004600ce05a86f1511b4b7e093bcab
SERVER_HANDSHAKE_TRAFFIC_SECRET 6753ce21b88e1f0718dd3f4ebb2e1a9576f5b9bc2ca3dea5c13cafd3e669a398 824d2ac802cfc39110c8e23df33c2cd4e34309ed6325d39241aa82a6ec414d72
CLIENT_TRAFFIC_SECRET_0 6753ce21b88e1f0718dd3f4ebb2e1a9576f5b9bc2ca3dea5c13cafd3e669a398 e579943325b3fbfb26a1fbf283213c692d7a4ebfc18ae969b81339ef1e0a03e9
SERVER_TRAFFIC_SECRET_0 6753ce21b88e1f0718dd3f4ebb2e1a9576f5b9bc2ca3dea5c13cafd3e669a398 9aeb87f17b0e53290be8eabb72eb7325a767514cbcf0960cc846d21d106911ff
EXPORTER_SECRET 6753ce21b88e1f0718dd3f4ebb2e1a9576f5b9bc2ca3dea5c13cafd3e669a398 3cc99f98f90fb51f96a663ceb46861127767d397a68eed747786379a52156123
CLIENT_RANDOM 9e8300ffb8875c3c3968db55606e1f3d28e8aae8ffae472ae3101e218f0ec98d 5d099a6f80f10feccac8d8fdbf97458bf4cc0ec9522b8f31e16709dd063f261b44d046ee3537356c155d814f8892e8dd
CLIENT_RANDOM 2072b54ed20a8c167b37f2a9d1072d7d912f4a39aef9be9a877f79063870a564 2e9937695833f9cf0b71477e1c568bf6900803a02a0e294e29e4856e15f82421db5c15557130e55e886e5d030ead876a
CLIENT_HANDSHAKE_TRAFFIC_SECRET 73265f95886dab2c1841abd2b50ce14bae7763a3b1230a20cd83f192673a032e 660a2922e9d5141e59355bdd93739855b64954f1ee2e90549d3d8ddffe193800
SERVER_HANDSHAKE_TRAFFIC_SECRET 73265f95886dab2c1841abd2b50ce14bae7763a3b1230a20cd83f192673a032e 339c5f657ccaec08ff69de24fe5a0cca7a27912c3106c5ba658a15733154d2f3
CLIENT_TRAFFIC_SECRET_0 73265f95886dab2c1841abd2b50ce14bae7763a3b1230a20cd83f192673a032e 991669ef5384febf04648a9cf1e6e7995421e9b7dc336546e4d218617a1fd173
SERVER_TRAFFIC_SECRET_0 73265f95886dab2c1841abd2b50ce14bae7763a3b1230a20cd83f192673a032e e85728a8883d2100fffb975f3201d81396fd22f6a1307a6f89c98d2779cc0ba8
EXPORTER_SECRET 73265f95886dab2c1841abd2b50ce14bae7763a3b1230a20cd83f192673a032e 9a824857085e8f58fdf57673e9212abdd62178acff117ee4aaccb93500a6256b
CLIENT_HANDSHAKE_TRAFFIC_SECRET 59f522b600e736c9cf836689c40959eb4167100976309588e8bbbcf2d18c5db0 063f0e95324d75502fc0a22e7f7b5133b20d59ed50c534860bc9e070721d3da1
SERVER_HANDSHAKE_TRAFFIC_SECRET 59f522b600e736c9cf836689c40959eb4167100976309588e8bbbcf2d18c5db0 1090d3801a15046c41662dea11aa106ed30bbf9d3baddbaa2687667303ed750b
CLIENT_TRAFFIC_SECRET_0 59f522b600e736c9cf836689c40959eb4167100976309588e8bbbcf2d18c5db0 f5f9c374cd4cd8d56320484a67501289e6db323f1fbef4a096a5aa64e1c59519
SERVER_TRAFFIC_SECRET_0 59f522b600e736c9cf836689c40959eb4167100976309588e8bbbcf2d18c5db0 c78b575d78930b6d1dd87f6ce32123e89a4f7c613d1986f9111d0e88ab2cd748
EXPORTER_SECRET 59f522b600e736c9cf836689c40959eb4167100976309588e8bbbcf2d18c5db0 c8a84f6980d7323b065c5c5c9d0310d9ae37ed86b53eda437d1c1851aaa56bad
CLIENT_HANDSHAKE_TRAFFIC_SECRET fe255a3d26f1d0cfa40c0569c6d9157eb809b6b28edf725be50a4f775a45f600 7470010aae3c8ab2c49bb000d6097fcef0ce879f55e2888f24193da3d47088a7
SERVER_HANDSHAKE_TRAFFIC_SECRET fe255a3d26f1d0cfa40c0569c6d9157eb809b6b28edf725be50a4f775a45f600 a753f9119bc3e1ae127cc4eaeec344682dbe844c580ab79b2044663a7474b9e9
CLIENT_TRAFFIC_SECRET_0 fe255a3d26f1d0cfa40c0569c6d9157eb809b6b28edf725be50a4f775a45f600 1b6d4b564224f698ca788dc72cb5d1e8b7e84298a3867af74b92c2e75cf3984d
SERVER_TRAFFIC_SECRET_0 fe255a3d26f1d0cfa40c0569c6d9157eb809b6b28edf725be50a4f775a45f600 eb551aa3a40cfe3d3ec27a7335ca779c4ccacdd505a6eb3b8dd6a9ed8a8468af
EXPORTER_SECRET fe255a3d26f1d0cfa40c0569c6d9157eb809b6b28edf725be50a4f775a45f600 3051da3ab47430cd132b0d2aeb5dd18bb60f13e338c36f58eb436ddbb2baf918
CLIENT_HANDSHAKE_TRAFFIC_SECRET 02f9e7d2398bd2c6df57fd9e5259d39fe0bedb50f7c0679e55c25372ca1ada2b 393824139526ebd3c768707db65164bf8404df34a5841b5d672c09baf36790a8
SERVER_HANDSHAKE_TRAFFIC_SECRET 02f9e7d2398bd2c6df57fd9e5259d39fe0bedb50f7c0679e55c25372ca1ada2b 04117cecfe4d77331544261de875016128dc4499563580e7c0b2d1ea5b3beaad
CLIENT_TRAFFIC_SECRET_0 02f9e7d2398bd2c6df57fd9e5259d39fe0bedb50f7c0679e55c25372ca1ada2b 2c26695ed9ce2910b2ed239e0b857347ebed402db3070d71386a09f3cbb00985
SERVER_TRAFFIC_SECRET_0 02f9e7d2398bd2c6df57fd9e5259d39fe0bedb50f7c0679e55c25372ca1ada2b a9c5d73b55d596db3bb6ef2f282e4053b04f39cffbeb1927f49906a334631308
EXPORTER_SECRET 02f9e7d2398bd2c6df57fd9e5259d39fe0bedb50f7c0679e55c25372ca1ada2b 0d4141ea737358d1b545a0f7f44485c018c9f44f07868763f4b521c0d77ec32f
CLIENT_HANDSHAKE_TRAFFIC_SECRET d6b07286c3a9adc90dc2c3e25fc5453b4bd71b3032b07dca137b7ae8c6236b04 44ff9010a6bd23072ccdba6a78fa1028b158c650f59a6be81984b0276969543a
SERVER_HANDSHAKE_TRAFFIC_SECRET d6b07286c3a9adc90dc2c3e25fc5453b4bd71b3032b07dca137b7ae8c6236b04 5463da7a7ab25268047a1d5564fde4fbc4238402bf41057ac4bbf0590cf6c457
CLIENT_HANDSHAKE_TRAFFIC_SECRET c908b1f6054850b6c79c1444193e3502b31dc14454936ff2bd3650fbbdee6d9c 7e2ce1490ded285bfbad9d366b21786586bac60a6cff6c5e8805e3366e970895
SERVER_HANDSHAKE_TRAFFIC_SECRET c908b1f6054850b6c79c1444193e3502b31dc14454936ff2bd3650fbbdee6d9c c35129e6961c400f9dd790d98f2f1ef9f432f4bd47df0a1f166a95452f084578
CLIENT_TRAFFIC_SECRET_0 d6b07286c3a9adc90dc2c3e25fc5453b4bd71b3032b07dca137b7ae8c6236b04 013641d09c86209a4234c10f7184df204e8d7b5ee371b4ea32fbb2328b8accaf
SERVER_TRAFFIC_SECRET_0 d6b07286c3a9adc90dc2c3e25fc5453b4bd71b3032b07dca137b7ae8c6236b04 c1dcf2dc37eb68100e9e561bef1b01445a658cbe613f8832010ba4dde642cd44
EXPORTER_SECRET d6b07286c3a9adc90dc2c3e25fc5453b4bd71b3032b07dca137b7ae8c6236b04 a555fcc5ab5f5662d8e065024e95abb18306b00b1c1674025b22a9bae99fa414
CLIENT_TRAFFIC_SECRET_0 c908b1f6054850b6c79c1444193e3502b31dc14454936ff2bd3650fbbdee6d9c c54d2594be0d29e58b2e8ecc4f8c5283f832489d91d8c78df8c66572a9d06979
SERVER_TRAFFIC_SECRET_0 c908b1f6054850b6c79c1444193e3502b31dc14454936ff2bd3650fbbdee6d9c 449c3cc9f51078ed578cee906eec75a7419ddfd6815e9a79f66c0ee31fa3c9d1
EXPORTER_SECRET c908b1f6054850b6c79c1444193e3502b31dc14454936ff2bd3650fbbdee6d9c e748b42d3301660e5e104103fcfd2fdce8f2e757b0039ca63e33149556b54a79
CLIENT_RANDOM 7ad6f3f5caddd841146929b24cf86bfeb98c836ec298d79e51a3d2dee61a76c0 b601c40f5d1792ffbae981f96a73be3ac68c94d6d0e1968ef8cc747f1a774b669ee5c0261d1f8f6dca9052e488a52c0e
CLIENT_RANDOM 3f89c96cde25af06592183ddbabd457062fbfc8cb3c8bdcca7ef915648de7fd8 f07221d9736b06ede63f778625633f47d0993057f08ed5ad1a2ac3d5570a779b2d6242512f89b434d9175beb5ab70aa2
