CLIENT_HANDSHAKE_TRAFFIC_SECRET 36c44fb66ab58eff7a9df1bbce282ed849142a52b3d38da4b469364fac619112 99f6466f93293628642b9899d1c96a0d7975f7c89284314168a4aac116f2d1bf
SERVER_HANDSHAKE_TRAFFIC_SECRET 36c44fb66ab58eff7a9df1bbce282ed849142a52b3d38da4b469364fac619112 99928019ec758b1a99c80f90b97012aa818422b5adf9037f35e9e6f81ce41528
CLIENT_TRAFFIC_SECRET_0 36c44fb66ab58eff7a9df1bbce282ed849142a52b3d38da4b469364fac619112 ecf148a9eaea8f04000677832f34426f77064c6c977d3de40fc59f0f46878d40
SERVER_TRAFFIC_SECRET_0 36c44fb66ab58eff7a9df1bbce282ed849142a52b3d38da4b469364fac619112 b6065650be342beb03ec749ed27edffee7ac608e84562735ab13e0314c1686a1
EXPORTER_SECRET 36c44fb66ab58eff7a9df1bbce282ed849142a52b3d38da4b469364fac619112 838eb01669313823490186e5e21119c151fa95bc4b2b81d710a8c828048087bf
CLIENT_HANDSHAKE_TRAFFIC_SECRET 31421012b0176bf09a8176b68f298c2b86b2b391d6023164423a870a0464c314 74f746b4ecf7d1e700dbc6cf2e6a8382d8d6ec538e7a459adc4d71dbe9a4e4f6
SERVER_HANDSHAKE_TRAFFIC_SECRET 31421012b0176bf09a8176b68f298c2b86b2b391d6023164423a870a0464c314 781174b14e90ae2ac5d7f7ee90e6fb49724f6bae46a183304d80bc2a3e676b17
CLIENT_TRAFFIC_SECRET_0 31421012b0176bf09a8176b68f298c2b86b2b391d6023164423a870a0464c314 81e230f02128dcade2ca38a90c44d13eba6c49b3a112e98a014507d258064dd2
SERVER_TRAFFIC_SECRET_0 31421012b0176bf09a8176b68f298c2b86b2b391d6023164423a870a0464c314 2eef905722a1995a04bd3fd5511c5ca68a26a43e8dc3af9a09e607fde5d19a4f
EXPORTER_SECRET 31421012b0176bf09a8176b68f298c2b86b2b391d6023164423a870a0464c314 a3882d0fe01a82a42be301de7080b9a633c204115b62fc28ea1d5c9eeafdcf62
CLIENT_HANDSHAKE_TRAFFIC_SECRET 95f4611d628d279f011928a6f13a09a0bfef4d0cdac8cc0f8e46d7e188d2cf19 702c7a9690b8e18c49038cea5db7e16ad2a6364cdb017633b32f0f9a7ec6e485
SERVER_HANDSHAKE_TRAFFIC_SECRET 95f4611d628d279f011928a6f13a09a0bfef4d0cdac8cc0f8e46d7e188d2cf19 5effc31084a886cf803902cf0805544439f7e2be9834fd83dd092aa6c96a1cf9
CLIENT_TRAFFIC_SECRET_0 95f4611d628d279f011928a6f13a09a0bfef4d0cdac8cc0f8e46d7e188d2cf19 630201c290f17e164524f8a3eb17f7d06a6c9b9d2750e87f21f723d261e65560
SERVER_TRAFFIC_SECRET_0 95f4611d628d279f011928a6f13a09a0bfef4d0cdac8cc0f8e46d7e188d2cf19 f8d5c17e9d408d4302610cdd49d82d68d8b2690c28e6deff65b1a9ff6d558f3d
EXPORTER_SECRET 95f4611d628d279f011928a6f13a09a0bfef4d0cdac8cc0f8e46d7e188d2cf19 3307e73b34127c6069f5a78defc6c82383a109132a5af91ac9a5627b1fe9ac40
CLIENT_HANDSHAKE_TRAFFIC_SECRET 19821a4b004ed45aed0aaa575ac698d31ef1536dba303524d95c197e34405264 30cfb2f0e5ed826dab2bcf7a19e4e486228c78109cff29413eba0ca442900966
SERVER_HANDSHAKE_TRAFFIC_SECRET 19821a4b004ed45aed0aaa575ac698d31ef1536dba303524d95c197e34405264 ae546865ecfbc495a7329124303e861ade509120ab00305afb7a9b361543ce78
CLIENT_TRAFFIC_SECRET_0 19821a4b004ed45aed0aaa575ac698d31ef1536dba303524d95c197e34405264 743ca94f8700f3c25004085181523f87e8a4ef8e8da148860a503cf1501f8f4a
SERVER_TRAFFIC_SECRET_0 19821a4b004ed45aed0aaa575ac698d31ef1536dba303524d95c197e34405264 0104824f459b99f6888b4525bbb20878bad765cefae08e65208b6fd6e7d0394a
EXPORTER_SECRET 19821a4b004ed45aed0aaa575ac698d31ef1536dba303524d95c197e34405264 c1ecce5ace3bc4a8f440670d25a3365aa6f6a9a24ff32521a596a02d79b3289f
CLIENT_HANDSHAKE_TRAFFIC_SECRET 78ccb785413fa2c003df2c14397d5e0cad562572829ce3b5fdcc918b41d23d5e 445e878c64d2e8214c65a1138198880af0f01595053703d8b3262bddbf622721
SERVER_HANDSHAKE_TRAFFIC_SECRET 78ccb785413fa2c003df2c14397d5e0cad562572829ce3b5fdcc918b41d23d5e e1460085d268a893c8cff0e39da53faad121e1f7327794428aff7b6f0ef87f67
CLIENT_TRAFFIC_SECRET_0 78ccb785413fa2c003df2c14397d5e0cad562572829ce3b5fdcc918b41d23d5e 054c9e7b744e38e1b2f8b698d486981413748c4d1bb02b9a109565cdbf1d834b
SERVER_TRAFFIC_SECRET_0 78ccb785413fa2c003df2c14397d5e0cad562572829ce3b5fdcc918b41d23d5e c10d5375dd8e5b2fc651ebc80502a82685810d2f66ee54de26af53a78e616bb7
EXPORTER_SECRET 78ccb785413fa2c003df2c14397d5e0cad562572829ce3b5fdcc918b41d23d5e 3bfbb95590eb6e71d2cb921c29518d69b5ac9b22c0a2080fbfb903a85ff10d5d
CLIENT_HANDSHAKE_TRAFFIC_SECRET ed0af484587c9ad4faa1abb32e994902fc0197ccdf7cfe14f7212cdcc64b83b3 f5f37f2158a2d21affb9d0fecb809db23cebe18b54721587f5afe45192804344
SERVER_HANDSHAKE_TRAFFIC_SECRET ed0af484587c9ad4faa1abb32e994902fc0197ccdf7cfe14f7212cdcc64b83b3 ac9c9996723f864de8f56a2d02ce5f185b7d5fb303c27ad98fd12a29eaf6de84
CLIENT_TRAFFIC_SECRET_0 ed0af484587c9ad4faa1abb32e994902fc0197ccdf7cfe14f7212cdcc64b83b3 b45c8b6172308f9bed35889bc35f7dfffd87cad1c31ba91be2f4a1e5638d3445
SERVER_TRAFFIC_SECRET_0 ed0af484587c9ad4faa1abb32e994902fc0197ccdf7cfe14f7212cdcc64b83b3 115b2345fbe765314ddb08e11de7e4f893a3aaf4aef2c9a5476e6e1d2781630d
EXPORTER_SECRET ed0af484587c9ad4faa1abb32e994902fc0197ccdf7cfe14f7212cdcc64b83b3 03185feacff6985375cc7827d1b47949219860ceaf58957ad1db4085e4bf9146
CLIENT_HANDSHAKE_TRAFFIC_SECRET d991bd5dd45400806046f244423cfbf547dd44250ad44b52941481cd1a95bafb 3ecd64dfd9f44331fe8940b6d32d8c8313c67d303ac09405f5f6905a5091171c
SERVER_HANDSHAKE_TRAFFIC_SECRET d991bd5dd45400806046f244423cfbf547dd44250ad44b52941481cd1a95bafb be0a92a4027fa9a910cbdf34b3e4b0aede8e60d0ca690e6116dfa564a3c738fd
CLIENT_TRAFFIC_SECRET_0 d991bd5dd45400806046f244423cfbf547dd44250ad44b52941481cd1a95bafb c5b77e3c4585625c4cea33daa17201f7b42fd84e1a814e99a3cc06502869afdc
SERVER_TRAFFIC_SECRET_0 d991bd5dd45400806046f244423cfbf547dd44250ad44b52941481cd1a95bafb 6f66229f92d089149321fa578b5dd8edb6eebe5762cd15fa37340756c9b85403
EXPORTER_SECRET d991bd5dd45400806046f244423cfbf547dd44250ad44b52941481cd1a95bafb 981945a74248489d37265a61e18da116844db49255faa4730ec8c385a50f71a3
CLIENT_RANDOM d8adcc1a49302d7adb23e5d1eee4f4108f242b36c3f9e5bf64e147f6cf8e20ea 1b08640732baf27b2ba00363c794c9e0a89897185a81d26cb66392df03e0a091f937fea15b1ebc17167b364669886521
CLIENT_RANDOM 1fcbd041f1de3c5ed3e08b7287b74fd059d009317f5574f726eb7094eebcfed8 a73581f64832ee85bcd36d8014a23351f3fef59358c6376612c4d68a9399315e98726c37e082374e2c84c63e6d6b88f5
CLIENT_RANDOM 3046fc4dccf4fec7a30d42c980885e2c3699d05ce8a249b75843191692cc8606 065392117c4f033727c0c0b679a4c6ce95c081c6a5e2078f872e5addc40f9214a1ca6278ce06100f99b511e9daed24a7
CLIENT_HANDSHAKE_TRAFFIC_SECRET 09a60649dd11a589a3528d54baf56511e7e41efc4fa4e40f4f38753220e41d4c 91d4b533e4fd45a6c20dc25f326ef15c7dbcee998e78d822363ed2ad1f66ae87
SERVER_HANDSHAKE_TRAFFIC_SECRET 09a60649dd11a589a3528d54baf56511e7e41efc4fa4e40f4f38753220e41d4c b74473ebbf4e63037e0955fc11ca79b8ba52ec7788862b9c8810f55b30c4960a
CLIENT_TRAFFIC_SECRET_0 09a60649dd11a589a3528d54baf56511e7e41efc4fa4e40f4f38753220e41d4c aa7efca959cc9460f0fcd7321623404c5bccf21b331ad556ab500249c0252601
SERVER_TRAFFIC_SECRET_0 09a60649dd11a589a3528d54baf56511e7e41efc4fa4e40f4f38753220e41d4c a407e62deb0c6d21b560f65c2157f9f448a30c4c816237a84df69cea30d509b7
EXPORTER_SECRET 09a60649dd11a589a3528d54baf56511e7e41efc4fa4e40f4f38753220e41d4c 21c62a7e32247a80b80fc156c49a6f26aa65d1bcbd523bb1450c23d241742def
CLIENT_HANDSHAKE_TRAFFIC_SECRET 1969afbfe06e371587e8439a24a9e59b3c47c2e80b3751222ead771d2502cc07 58061857e60a7255c439a6202e21f954bf1d335d7d165bac174e2832d10af740
SERVER_HANDSHAKE_TRAFFIC_SECRET 1969afbfe06e371587e8439a24a9e59b3c47c2e80b3751222ead771d2502cc07 08f8ff1496a0da96ecfda0c14285c4faee57cf706c9aafec5a6d1338277c4abe
CLIENT_TRAFFIC_SECRET_0 1969afbfe06e371587e8439a24a9e59b3c47c2e80b3751222ead771d2502cc07 66783449b9f798d394c704ca9b97604754d0e9624cededa7b77ef430cd273054
SERVER_TRAFFIC_SECRET_0 1969afbfe06e371587e8439a24a9e59b3c47c2e80b3751222ead771d2502cc07 e4c83df60e543a665285ac95070fdc0d47ec1a3a2f1dc6d9154abc36f60546c0
EXPORTER_SECRET 1969afbfe06e371587e8439a24a9e59b3c47c2e80b3751222ead771d2502cc07 ccb8832b9d4d96ce39d9a43e741b624e43b00ed975b1935690d2fd4a201f64b4
CLIENT_RANDOM cb6a3feeb08288e1d76b3665ff95f61d4ed6f210f4c4381433d15f9a5a51145b 4cf419bc60ac97c949d9294f84074bee740a4f15fadbaab812ccccf449b66e4344c73cd831be2d271820c6aa7296976a
CLIENT_RANDOM 25ddc4ada192d7640d75af4ad2693d180512870f1623202e3394fd78b8d77e18 bff0557839c3a22890eed8a6375d5979557489f6bc4b6fa7dccad68017350f57d0a53d6c7f399d69f70606a385cea0d6
CLIENT_RANDOM 5570248364fedd671147badd86d309ee1d21b667423b8afb3496ecfcefe6aac3 065392117c4f033727c0c0b679a4c6ce95c081c6a5e2078f872e5addc40f9214a1ca6278ce06100f99b511e9daed24a7
