CLIENT_HANDSHAKE_TRAFFIC_SECRET a146c48c33ba9e6c9638e0a520a55262c7965083641c96eecb0def66df52e6d8 8815559366f0658abf70b509cc8028b43f7762663a89b21a07ee60fbe0f3a320fc10c1ae99ecbbf7c6acec144f8c7cd3
SERVER_HANDSHAKE_TRAFFIC_SECRET a146c48c33ba9e6c9638e0a520a55262c7965083641c96eecb0def66df52e6d8 a8723974bbdb9f1037dade71614c6dc88646e5964257c979c03033bdc7800a09f2750b1a59514244bc92c63badd51d5a
CLIENT_TRAFFIC_SECRET_0 a146c48c33ba9e6c9638e0a520a55262c7965083641c96eecb0def66df52e6d8 6f5bd0d4b07a52a9ef3141c0352e97222366129a352d521dc8cdfc44b4e07a38803bf6c0351ff44d1672f209de7e1e91
SERVER_TRAFFIC_SECRET_0 a146c48c33ba9e6c9638e0a520a55262c7965083641c96eecb0def66df52e6d8 e4d5644134d185c6034a04095344060ba7089605946daa75242478733a68ddd9605c519909cf10f7e1b36b28e8329e6d
EXPORTER_SECRET a146c48c33ba9e6c9638e0a520a55262c7965083641c96eecb0def66df52e6d8 d674d7104680d1fa69ad143b21d5f7eb881221fb0a29510ea23d9f2eac81cd8bac9784b39e01095872ee7f0eef7d6ffb
CLIENT_HANDSHAKE_TRAFFIC_SECRET 867c6ca50211de073527203d11bf3e792294d1ae1f32196745b628f5282fccc9 bd2274486bc7033c5f35637d1818c4cf9291008dbb578cadafda78a5cc69e1bc32d8fea8d1a492c2e98cb94aceca2733
SERVER_HANDSHAKE_TRAFFIC_SECRET 867c6ca50211de073527203d11bf3e792294d1ae1f32196745b628f5282fccc9 8c93ddb6015aa1bb9aadd2533ca988b3b5b038a78b17a709332c275947d08bd3b36e782b3ae936b024cedd98a86ca37a
CLIENT_TRAFFIC_SECRET_0 867c6ca50211de073527203d11bf3e792294d1ae1f32196745b628f5282fccc9 29fbbab9042a121dac05ff42afb2d9945c4b317e6adc6f7d75843685f47e14cb42b404f80de14d4780fc6f8e2061d0c2
SERVER_TRAFFIC_SECRET_0 867c6ca50211de073527203d11bf3e792294d1ae1f32196745b628f5282fccc9 998855697ace2c41b3586e45ebbf982f60871c4a032f2083a2698c24f3b603c54b8624a4e818ebb717354b2f6064d844
EXPORTER_SECRET 867c6ca50211de073527203d11bf3e792294d1ae1f32196745b628f5282fccc9 f8194a2edfe930e3fd2788ed90d1b0e53f6b3272857532c4b8a6cda2d6ab454a1ddcfc428c3ee794660052ded6d19573
CLIENT_RANDOM c1da8cf7bb59822ea8ab80a8dd8cff7917bc35be593182462fb2cbe42b73ec4e 90e2e972ee8296312a863a2ffa96bf508483bf6ea006188fc817719e13497877dd15935f97cb607b9a78604f9d4fc8b7
CLIENT_HANDSHAKE_TRAFFIC_SECRET f5acd595d1b131c398b4d0b94a7e7202ea8e690f6fbbdfdd0c3ca46e791113b3 5e5117af8da99715251211dc536633b3ee19f2d478d2a450f47cf35616563b7321fc51f0afea44c68d25d57235955467
SERVER_HANDSHAKE_TRAFFIC_SECRET f5acd595d1b131c398b4d0b94a7e7202ea8e690f6fbbdfdd0c3ca46e791113b3 e83ebfefb4656a285d8ad12feedf4c38f55af8517b53bad5440a55c88b619f8ce4e579825d8c204f2d9dc72b97b78992
CLIENT_TRAFFIC_SECRET_0 f5acd595d1b131c398b4d0b94a7e7202ea8e690f6fbbdfdd0c3ca46e791113b3 157c440d698d24c0b7fb8dcb7ccff01344be0ac9dbee434a3968be085acc769844e280fb97d1da61596d20f16b80a019
SERVER_TRAFFIC_SECRET_0 f5acd595d1b131c398b4d0b94a7e7202ea8e690f6fbbdfdd0c3ca46e791113b3 c8e053a927eed1f78f64fbb2fd97cc88a9f9501b5f775b19908942b0ee7a5eefed2151e376ac7c33943bd12e6a74ae84
EXPORTER_SECRET f5acd595d1b131c398b4d0b94a7e7202ea8e690f6fbbdfdd0c3ca46e791113b3 0dc0ee761a7bd9a2096026e1dbd5f238e823e952bf03b6111917fe115a114eccf3922b90a467fe6331cc1e3b6c42841c
CLIENT_RANDOM 6b00e56364223160ce7715a1794b92b17da3e96396bf325fddcb31ed14d331f6 efc09cddf82cbdc57f340853a5ff7ffba9b32d9b86fcb61ccaf3a12667d2780f1d5c9c50022f1b5435cfe4c025c89bdf
CLIENT_RANDOM 92c4ae9d63f72d6d2eef0688b86be8df8b902327b630d2b359e5c72ae48d0791 54ab008852f428ad1a4acfbe4e1af3b4d58486a387c7adfed4560dfda97cc4e1e11ea583cd168df82ab5973a9c36979d
CLIENT_RANDOM e26ecfa696369f881a3eaf1d4c000589183612ae68cbb41c5c2fa5eb438961e3 21e340d79d5c0dce7fa13e0c9dc2bc1818154f55fab9007d734a5b0671db3295a4acc6525f9cfee85a2aefa1ca6b4c91
CLIENT_HANDSHAKE_TRAFFIC_SECRET d1f4356cb31ed4f98bf6b0ca88f8366b4b8d1aa81cce8a7a7f4b39e15ed56a77 fb9572db907a673081ff81f4af6d1ad8960b35ec987eb4ad5ec7683fdedf1795
SERVER_HANDSHAKE_TRAFFIC_SECRET d1f4356cb31ed4f98bf6b0ca88f8366b4b8d1aa81cce8a7a7f4b39e15ed56a77 d8fb1eaf987aa17efbcc5185e11e22324f5233edc66ee0acdde51d7451337dc1
CLIENT_TRAFFIC_SECRET_0 d1f4356cb31ed4f98bf6b0ca88f8366b4b8d1aa81cce8a7a7f4b39e15ed56a77 779c1d7712688018fd384fb27cd8525a6608b3ad41322918d73013b6cd96459b
SERVER_TRAFFIC_SECRET_0 d1f4356cb31ed4f98bf6b0ca88f8366b4b8d1aa81cce8a7a7f4b39e15ed56a77 560d3a72a1e82240b93ca778db9dfd7aa9250ec6f813527b42088ef4589561f5
EXPORTER_SECRET d1f4356cb31ed4f98bf6b0ca88f8366b4b8d1aa81cce8a7a7f4b39e15ed56a77 f8c175192c7d78ca58466d25dad8d664e086fe2bb245c0993d8106c492e883ce
CLIENT_RANDOM c6af8bd73bd6418e425961134b10930d2d1640eaa10a9dc2d9a9b698465484e5 41aefc26ffddfa255dc21d2028b1157b87e8ce6d9a4c32a47a48ac685a6c99a96b6b0d072a2526b960ad2b1b602796ea
CLIENT_HANDSHAKE_TRAFFIC_SECRET b194aea7b90c078f92db7e11c8b43ce4cf47783181c08e3f6340c2684f6a8e48 626fdfd307959d0a2a71e5824efb06ce8a3d08f2f3728e5894cf088a3af0dbde
SERVER_HANDSHAKE_TRAFFIC_SECRET b194aea7b90c078f92db7e11c8b43ce4cf47783181c08e3f6340c2684f6a8e48 d92685c5e6e6777d53b0072af41170ac18be31a388a3a68b98eed878445cab67
CLIENT_TRAFFIC_SECRET_0 b194aea7b90c078f92db7e11c8b43ce4cf47783181c08e3f6340c2684f6a8e48 e11859b6882d7258910fadf7f8b659c09b462bb7849410f2f524daf9073f4da6
SERVER_TRAFFIC_SECRET_0 b194aea7b90c078f92db7e11c8b43ce4cf47783181c08e3f6340c2684f6a8e48 51637eecbdd94de0c430515deac950e7b5eea3ebf6227652ad6cb1dd98c1b850
EXPORTER_SECRET b194aea7b90c078f92db7e11c8b43ce4cf47783181c08e3f6340c2684f6a8e48 bf543be024a9be35860763348670ff95cd040b56a58d800763b21b266c535dd1
CLIENT_HANDSHAKE_TRAFFIC_SECRET c632668319ae7cc5e09a1414142e640be3b5305ebac89f4f3570c7e385f3e4cb 7da6b24d8cf2768d258432b068c5ca04bc70dc1fa240667d83d99dbf389e001178be65de966b32ca760e8ceb7d2fe96b
SERVER_HANDSHAKE_TRAFFIC_SECRET c632668319ae7cc5e09a1414142e640be3b5305ebac89f4f3570c7e385f3e4cb 178fee246d2f4cd886ac0e32bc673a0409cef2c98a195c75cdb1a371bd7e4c5df969580bd8801e10021af5554c21a164
CLIENT_TRAFFIC_SECRET_0 c632668319ae7cc5e09a1414142e640be3b5305ebac89f4f3570c7e385f3e4cb c02c64b3b6b1df15cb9b0f2d5fa3f31da103c84a53fa880424a55d8f1b3fa472b5c6cb68a10d163f66ea16a055525867
SERVER_TRAFFIC_SECRET_0 c632668319ae7cc5e09a1414142e640be3b5305ebac89f4f3570c7e385f3e4cb 1d9585079fc620b44eaf2fa371634d738e6b2c019128ec7aa7a6011aa37c186a79f9184931227fb2494a619ab4dcd276
EXPORTER_SECRET c632668319ae7cc5e09a1414142e640be3b5305ebac89f4f3570c7e385f3e4cb 8bfe6d84a9e509b50624de9d84c81df83f98cc519fa3082df4150097f15e40f52ea1677d048b3de926d815ca387eb168
CLIENT_RANDOM 74ddbba64cc4d152ba43bc10ac2f5006d1742a79e1f76d47e8b3ed438a62676d 54e354582f6a95dbcd2cab775b5f6967316c1285cd4c00e7e980038c5d5becb438f191e3a04f9304782b55d48da1916b
CLIENT_HANDSHAKE_TRAFFIC_SECRET c1c5ca1cf07582c357aada4a457b08b3c82dd738446b31979174ce5d0a903d23 6581f61fa1934976d439b7f3e0a0a3383a290e675c97783951ce879260d02b5d
SERVER_HANDSHAKE_TRAFFIC_SECRET c1c5ca1cf07582c357aada4a457b08b3c82dd738446b31979174ce5d0a903d23 3099462eae56648443a376c4b87f0c0c7183cda99c0730feea4823c8ee6a1a9d
CLIENT_HANDSHAKE_TRAFFIC_SECRET a91fd476ae05ae51c4f913ae585ec6770862e195077a677c529da7e9598610a7 02be9228318969bfd1ddab4cfe2ec62fbc7d6342da1955289c182bb2fbd3e627
SERVER_HANDSHAKE_TRAFFIC_SECRET a91fd476ae05ae51c4f913ae585ec6770862e195077a677c529da7e9598610a7 3400d7949f30625a4298ea9dd0023d20c91ef440f1575e2999dea5040c88619a
CLIENT_TRAFFIC_SECRET_0 a91fd476ae05ae51c4f913ae585ec6770862e195077a677c529da7e9598610a7 a3b7fd82751e506c9abb63ea5940056e25029a52fdf9584b5f855744ee3809df
SERVER_TRAFFIC_SECRET_0 a91fd476ae05ae51c4f913ae585ec6770862e195077a677c529da7e9598610a7 d7a5d6b007b34ec68e5a11d87e422b7f586a39bbf25d25a92a00e8a10aabe0fa
EXPORTER_SECRET a91fd476ae05ae51c4f913ae585ec6770862e195077a677c529da7e9598610a7 29e7076e2578a32046f2115cd7ab922029c0a99a70660035d4c6a4ad971279f6
CLIENT_TRAFFIC_SECRET_0 c1c5ca1cf07582c357aada4a457b08b3c82dd738446b31979174ce5d0a903d23 f1799ddae007bdba9e37149f85f06d0d354cedd01f2fe78836a9de218fb6cbe3
SERVER_TRAFFIC_SECRET_0 c1c5ca1cf07582c357aada4a457b08b3c82dd738446b31979174ce5d0a903d23 9ff8523f909c71f9ee259b35bd8e5df3e4fda3eec6c54954cfd33574009e1bae
EXPORTER_SECRET c1c5ca1cf07582c357aada4a457b08b3c82dd738446b31979174ce5d0a903d23 8d9b524e593691f591dc59181fb3fa1de023284b778e114a86c6879678ff3968
CLIENT_RANDOM 639036dea9633a4b789a86b608310d802a4c28e1f373dc92f5ed68c7108b312e caa405216196fc420e4dd6a02b24963f0061757217bb8e155be5102a15f3c525d2ee595d5fb89511c02e3d3f7f638a77
CLIENT_HANDSHAKE_TRAFFIC_SECRET bf578711f40657c8b2ebddfa3a7afa51bafb3e4ba019a203edeab10f45836cf0 b3b36614d822adf1372721893e7cd70e02fd2b0559cdef0075e9956e460926fb
SERVER_HANDSHAKE_TRAFFIC_SECRET bf578711f40657c8b2ebddfa3a7afa51bafb3e4ba019a203edeab10f45836cf0 e6e945fe60c48bc9a84e5dafcde209340afb25cde8613018e3729925d2c78097
CLIENT_TRAFFIC_SECRET_0 bf578711f40657c8b2ebddfa3a7afa51bafb3e4ba019a203edeab10f45836cf0 6ab715af4c4f8df1fa3e9a84aaecd2f417a4ec8ab0f7075c9a3d59ed55369696
SERVER_TRAFFIC_SECRET_0 bf578711f40657c8b2ebddfa3a7afa51bafb3e4ba019a203edeab10f45836cf0 3cde6b0b61519b77cd734db26341d7b395cea20ca841b8d2e37b962ead4dfd67
EXPORTER_SECRET bf578711f40657c8b2ebddfa3a7afa51bafb3e4ba019a203edeab10f45836cf0 ca5add1ad45157ac654af3ca5cd727825e0a979ae13fb94568e604a260638822
CLIENT_HANDSHAKE_TRAFFIC_SECRET 56ccea2c3163eac248134f60665a3a63c4027f16c8424a9a5cdb91b09732e94d 00b3660e6c7415091cc3a854a43323f73968b0c6e3fb229389d0d77092632393
SERVER_HANDSHAKE_TRAFFIC_SECRET 56ccea2c3163eac248134f60665a3a63c4027f16c8424a9a5cdb91b09732e94d cf1df3d63426eb8e614cfef06321f8b77dd32c0c10215578899a5258c597dc30
CLIENT_TRAFFIC_SECRET_0 56ccea2c3163eac248134f60665a3a63c4027f16c8424a9a5cdb91b09732e94d 7ed0b879b6ffe04d7cd3e76307c6d0cc82ef1decc250979de35f0935d22e654a
SERVER_TRAFFIC_SECRET_0 56ccea2c3163eac248134f60665a3a63c4027f16c8424a9a5cdb91b09732e94d f90a683e73207bf6b5e5111c2bcc1a1eec4ae5961d82b2df7c21b6a59c88bf4d
EXPORTER_SECRET 56ccea2c3163eac248134f60665a3a63c4027f16c8424a9a5cdb91b09732e94d 97d9707774b3fdd822612272cf8940e4ee0b979d60675fdbf4a681419b1fe9b8
CLIENT_HANDSHAKE_TRAFFIC_SECRET 2adee4413751780722ef9b974b0232c717f51cae18b13b4340339098f0082977 fd78fe7d7d2efb97115610c7dc9fb5597962da7e9daf110aaed16a89d42d4660
SERVER_HANDSHAKE_TRAFFIC_SECRET 2adee4413751780722ef9b974b0232c717f51cae18b13b4340339098f0082977 62627f06b506e0a07c28f8f8c1afd8dd24d0809315e8fa7202a804a3792eeb38
CLIENT_TRAFFIC_SECRET_0 2adee4413751780722ef9b974b0232c717f51cae18b13b4340339098f0082977 5e8546748edd58672f972a05297fcf6b2b0710c51b30799541b7ced099187a0a
SERVER_TRAFFIC_SECRET_0 2adee4413751780722ef9b974b0232c717f51cae18b13b4340339098f0082977 735e6cea9c827ffebafee4d3235d47919d3e14217e6ebf437e64e61768c80d2a
EXPORTER_SECRET 2adee4413751780722ef9b974b0232c717f51cae18b13b4340339098f0082977 4b7801ff5a68a2dc71b57922e90fc4d90267fa150267fc2c35dacad2c4cbc4dd
CLIENT_HANDSHAKE_TRAFFIC_SECRET 4c8f9d79227b1dbcda7c6e62fa14c295c7ec8c711febeed1ce4c50b960ffebf6 6525a9153f1c9286c2de33936a925e642e8b41337971bdd5f5e92b17f3899443
SERVER_HANDSHAKE_TRAFFIC_SECRET 4c8f9d79227b1dbcda7c6e62fa14c295c7ec8c711febeed1ce4c50b960ffebf6 9da2581b87db0d0416413b3387ae0315f98fec6ee59fdd67760e727c06330282
CLIENT_TRAFFIC_SECRET_0 4c8f9d79227b1dbcda7c6e62fa14c295c7ec8c711febeed1ce4c50b960ffebf6 bb8ee49959b502bb9d011fc7480ddb171daee22d4f5e48e7cb2accb411e0199b
SERVER_TRAFFIC_SECRET_0 4c8f9d79227b1dbcda7c6e62fa14c295c7ec8c711febeed1ce4c50b960ffebf6 bb8afec89a1c83c45d9e5821b39a5142c1fca59f56a07cd7f2fdbdf05934b650
EXPORTER_SECRET 4c8f9d79227b1dbcda7c6e62fa14c295c7ec8c711febeed1ce4c50b960ffebf6 9c80b121adf085b89c2e18ba10beec52fe9bf7cf13c7091663753941766d960c
CLIENT_HANDSHAKE_TRAFFIC_SECRET d6fa81762a223117c1dec67e7a2479ecaf3171f9c43caa3701f657f93bc27c3b 00111036bd7a418057676ce247502d629eb54df5a7c43f95db2e119fe69cc6e3
SERVER_HANDSHAKE_TRAFFIC_SECRET d6fa81762a223117c1dec67e7a2479ecaf3171f9c43caa3701f657f93bc27c3b 297b0243267a0d9102e086a359e616a9bc4dcb9a7c7201ee06ecf5a15938fce3
CLIENT_TRAFFIC_SECRET_0 d6fa81762a223117c1dec67e7a2479ecaf3171f9c43caa3701f657f93bc27c3b b5bdbdccb6ba0d5345907d739f7a2df7b84336945f3355e9f77f994ecb7342f5
SERVER_TRAFFIC_SECRET_0 d6fa81762a223117c1dec67e7a2479ecaf3171f9c43caa3701f657f93bc27c3b 617515764bef663119893b3f29cf1feb15fc201d7f01f22770cee95a285b8187
EXPORTER_SECRET d6fa81762a223117c1dec67e7a2479ecaf3171f9c43caa3701f657f93bc27c3b 878250a282351efa709315e894bd3f508fcac8d658c350fb95c25f6806c6daf1
CLIENT_RANDOM f170b25600d43d8818c7af8aef0daf36d68b53d7b771859e5a07e79757bc0410 b7b760d9802cc3182f38cf6caff4ba27cb32fbe476e196e937c4b6f6269ede6e5f199fe524a6cea82023672c2899c85b
CLIENT_RANDOM 9a7345ddccbefcdcf5c65aa39e41f73c9d907486f80793d178df25a0d5d1ec0d 6d6d9b0e6cf6f8dabcbb06bab1c50d01ae62d0a5e898b67ded9de58d323cba250e1eb8f181065d5af90cd08b9957ee3a
CLIENT_RANDOM 08165529333371838ee83578d473619c2565651c133ed06f29d9fc0ae7f9a389 76e40204266d842089858210a7f4306b0b36baf5816dca1fed2208b80284fc948b50d3aa028fa57dfd1851bdf2d0b53e
CLIENT_HANDSHAKE_TRAFFIC_SECRET 34381281e6b00a94085324781d21a49af3e262a0c39079a41659a2c9dc15a8d2 1b471522ee97e07b26919d83ca98db6ba546cf4f9bb289b70a176675500b03b3
SERVER_HANDSHAKE_TRAFFIC_SECRET 34381281e6b00a94085324781d21a49af3e262a0c39079a41659a2c9dc15a8d2 ea9def866b0717ade8bb243414815663caaa3de2830667868a393a1ff3dbe57a
CLIENT_TRAFFIC_SECRET_0 34381281e6b00a94085324781d21a49af3e262a0c39079a41659a2c9dc15a8d2 e290bf8bb6dbad685d9a17ed7febd06002b2d43793a3868c7c2e91e7b288fc23
SERVER_TRAFFIC_SECRET_0 34381281e6b00a94085324781d21a49af3e262a0c39079a41659a2c9dc15a8d2 d92474cd4234534191042b702b29698dd9b10e48ffabe9b3d00619700d4372ee
EXPORTER_SECRET 34381281e6b00a94085324781d21a49af3e262a0c39079a41659a2c9dc15a8d2 7c3993353cfd9873fa53bfaae748e9ece807bbea7b563ca27bb59c09c9953e9b
CLIENT_HANDSHAKE_TRAFFIC_SECRET 223654e804719444fda445b1393a78a0e836ecbf37aa5ef42991ea08d288c6cd 0a9ee74f5fac7c640af03b16ae431dd61a5046a17db48bf88279490fbf4fa453
SERVER_HANDSHAKE_TRAFFIC_SECRET 223654e804719444fda445b1393a78a0e836ecbf37aa5ef42991ea08d288c6cd cb8496f4fd6493f4eaf914a05e9e28728031d1322cf5252093832513f5181005
CLIENT_TRAFFIC_SECRET_0 223654e804719444fda445b1393a78a0e836ecbf37aa5ef42991ea08d288c6cd 56b95b7683eeb58cf5b89f703e813746ed3e6524898f2da55d4d4a8aa582a51a
SERVER_TRAFFIC_SECRET_0 223654e804719444fda445b1393a78a0e836ecbf37aa5ef42991ea08d288c6cd 06058334d1c6446d5e3f5cd0e7876ebb41622d848b6cea271cd5a7864dcc278d
EXPORTER_SECRET 223654e804719444fda445b1393a78a0e836ecbf37aa5ef42991ea08d288c6cd 49627eaae5d56e3d780ee963aa52f476831d5ad04fbf22c57bb53fc3c5f44d56
CLIENT_HANDSHAKE_TRAFFIC_SECRET 6340631442e994fbca5bd2d4e1cd39e86e197d9112a1de4a78101f7ea7c25f40 08c128557dc720b6a37a7010b74fcfdec9efca06538716e406eeee133d103c66
SERVER_HANDSHAKE_TRAFFIC_SECRET 6340631442e994fbca5bd2d4e1cd39e86e197d9112a1de4a78101f7ea7c25f40 d36e059ad5d3d981f7b3f27f3b30ebd9e60292f1e714db058d254f8c832f932c
CLIENT_TRAFFIC_SECRET_0 6340631442e994fbca5bd2d4e1cd39e86e197d9112a1de4a78101f7ea7c25f40 b94fcccf43e907a76aef00b6bcc3d13bb4a0e49773c14705ba56fc2fa5c93bcf
SERVER_TRAFFIC_SECRET_0 6340631442e994fbca5bd2d4e1cd39e86e197d9112a1de4a78101f7ea7c25f40 dc2da12bd45a3388cb109b3ff5a32d658ad0147ac3577167674e183d2d5a071a
EXPORTER_SECRET 6340631442e994fbca5bd2d4e1cd39e86e197d9112a1de4a78101f7ea7c25f40 89aaa77573f507f3cbb90b87d60edf7577dd5479a543cff03047b2cf5af41ced
