CLIENT_HANDSHAKE_TRAFFIC_SECRET 1ebbe53882a2ee2387ca9c24aa551d3acbdb48ae750d507b7a2d961f1a32b4e5 01e3c5e07bb2651185f906882f0f0cf52f86018fe4db4b455e061e69df1818eb
SERVER_HANDSHAKE_TRAFFIC_SECRET 1ebbe53882a2ee2387ca9c24aa551d3acbdb48ae750d507b7a2d961f1a32b4e5 1b4c334247e6ade816006a58fc4b64349c377de70f968b02dddfd0d2288d352a
CLIENT_TRAFFIC_SECRET_0 1ebbe53882a2ee2387ca9c24aa551d3acbdb48ae750d507b7a2d961f1a32b4e5 f013fe4020d4739df54dbadd4e4677255c4f634dec6e03e3d7ad2208f818dbd9
SERVER_TRAFFIC_SECRET_0 1ebbe53882a2ee2387ca9c24aa551d3acbdb48ae750d507b7a2d961f1a32b4e5 255e7ae66bec6eb893faa81f95470d1aa25e5c3d84a0122e63f3f36988426959
EXPORTER_SECRET 1ebbe53882a2ee2387ca9c24aa551d3acbdb48ae750d507b7a2d961f1a32b4e5 4a629b0ad4160e1dab12fe1921cba537aa220d3189d1f7d6cb048a8a52cfcdac
CLIENT_RANDOM 74b9e1dee2a792ce4d5268b105749c01b5c9ef05dd9258f054bec013e56ba9ee 4405f4f6673b639e60a6046b706db5df06d1a0b8bbcf67c6ba8aad369a43d10ed9413cceb613fd6c3c4253c4edab1ccf
CLIENT_RANDOM eb03976f42c3408e180f5ae19507c5803b7b42c60591f37936cffed2d5b8ac00 1978187ad91cb0b7a463039cdf0b30c430c1a59817505fee8e5d92bfaafae59cb954b0bfa649212ba9d03c0448cdac0a
CLIENT_RANDOM bdcdb40058a9f5d2e09325d102f32d1ee5c35f561918e6507e2ec443da1a8e3f e25fd0cf9b7793df3bfef085c0062599a9038cb880e2578b0bb95e5625edf5d4e6c6193e14bc9df9e005aeb1bca82fe7
CLIENT_RANDOM 84aa2c14099abeb972ec81762bf92fe2af55b2852360de7c6e958ed77931ace2 396d9b231370c3c65bf5aadcbf003d4e7fef6933af00d989713bca7006646ee3c88d5ec8469c140066192edb31435793
CLIENT_RANDOM c8ddd13b87dbfc730dd143a5d02b64f729b53dbf1d4489406efbe253ef2d39d7 fceeae9e66a89ec9fc6c350294a80c8c47ade4a0dbe86790b49cd3ebed8249dea4e85cb2d78db8b8a9fccd09b4d5fe7c
CLIENT_RANDOM 3ce65a484f9b72c3b54760f5bf1920fae1a1150dc896a295209696edc544ef68 79d377ff411f1aa874e1bddd332751113c9ac1d11c0ec0f5fbb0df94f5604d726564a8bba423302edb72da937711c2c2
CLIENT_HANDSHAKE_TRAFFIC_SECRET 3a01eb1c75befd81fb56b34891bbcbf356cce5ecd33b7856856e88be2a187783 ef2291765447c33c1caacbf6d168dff62d06aadb9fbcd55b5b3bb32db320a0b2
SERVER_HANDSHAKE_TRAFFIC_SECRET 3a01eb1c75befd81fb56b34891bbcbf356cce5ecd33b7856856e88be2a187783 45a89456ae5b04a924149ea36d631360a81e2dcfe19095c1f454db3eb84f1a49
CLIENT_TRAFFIC_SECRET_0 3a01eb1c75befd81fb56b34891bbcbf356cce5ecd33b7856856e88be2a187783 c0cada3511cf0a7ead48792af9cb205c90c60e637583a241ff6a8ca9f335e40f
SERVER_TRAFFIC_SECRET_0 3a01eb1c75befd81fb56b34891bbcbf356cce5ecd33b7856856e88be2a187783 a7d1779df83fe469b61623ab14b5362a0e3634043b9fef7b9c919790ece56e12
EXPORTER_SECRET 3a01eb1c75befd81fb56b34891bbcbf356cce5ecd33b7856856e88be2a187783 b26a1cdf149f88cbd4b1aa3971d1424db887af8ff41fa94c2ce399c7ee15a91a
CLIENT_HANDSHAKE_TRAFFIC_SECRET 4479fd8336073a838a8a6b54e322c1942b3fa8825c6e5365b018c2b5fa0a50d5 384623ea757cd7cc795a9830fceab2ced8a614c4fb9780fd04a617a3603a851a
SERVER_HANDSHAKE_TRAFFIC_SECRET 4479fd8336073a838a8a6b54e322c1942b3fa8825c6e5365b018c2b5fa0a50d5 2204ff06c121474e36f65cbe3d8b3408245a23f66f4253ca4405ecb5914d2158
CLIENT_TRAFFIC_SECRET_0 4479fd8336073a838a8a6b54e322c1942b3fa8825c6e5365b018c2b5fa0a50d5 80c8e816c7beea6bcf4466b2bedd664a50c333e20303caa9ec65c3a50b3ceb19
SERVER_TRAFFIC_SECRET_0 4479fd8336073a838a8a6b54e322c1942b3fa8825c6e5365b018c2b5fa0a50d5 92a426f5f7b9fcad6d5523de76ad58a96c08c592ad5c7d32abd8201b52a2bab4
EXPORTER_SECRET 4479fd8336073a838a8a6b54e322c1942b3fa8825c6e5365b018c2b5fa0a50d5 f852eb101a610f9e9add2ecf7ed0ea7ca912753ef00570d0f35153c27bbdec57
CLIENT_HANDSHAKE_TRAFFIC_SECRET 7fdf47fdb0f72e097d815418dc051775f51b12a0b9027d89d354714bc1749973 369b85190d21669506b539bfb60de0e2c6ac6e23c5198a94940e53ffeaf6c946
SERVER_HANDSHAKE_TRAFFIC_SECRET 7fdf47fdb0f72e097d815418dc051775f51b12a0b9027d89d354714bc1749973 6db66c74bca3212b92a84e28fd6e64ca75a7ae22aacd2449c3263453b32f21d6
CLIENT_TRAFFIC_SECRET_0 7fdf47fdb0f72e097d815418dc051775f51b12a0b9027d89d354714bc1749973 0c7f2495a7a78963c125dff29542b5eef99918950e22c116c2a2fbf418d1a571
SERVER_TRAFFIC_SECRET_0 7fdf47fdb0f72e097d815418dc051775f51b12a0b9027d89d354714bc1749973 36d066aa96a0381b4ac0a2493733a1e6eede023c35314920f284af8eb2277079
EXPORTER_SECRET 7fdf47fdb0f72e097d815418dc051775f51b12a0b9027d89d354714bc1749973 48d25035bbd4405870c2567bb9f67c04dc62118ed3de01a173f35b496c23d8d3
CLIENT_HANDSHAKE_TRAFFIC_SECRET 51fbb5629b6186edaf90ba323acca648d625249270f5705e970aeaf0c1554ec9 fd5feaabff677649d9bd8abc74f264ae185f2890c8eab2af29d938041f16ff35
SERVER_HANDSHAKE_TRAFFIC_SECRET 51fbb5629b6186edaf90ba323acca648d625249270f5705e970aeaf0c1554ec9 e98daf85004bc37642a79d594cbed6867c2ecf2858a6c25cf0de4b9462e555ec
CLIENT_TRAFFIC_SECRET_0 51fbb5629b6186edaf90ba323acca648d625249270f5705e970aeaf0c1554ec9 32485ecf7f0260430e45b7d1cd8bd8fe3922b319693a974f29bf46db930827ce
SERVER_TRAFFIC_SECRET_0 51fbb5629b6186edaf90ba323acca648d625249270f5705e970aeaf0c1554ec9 4b84dc5ab81922cd893420353c476977dbd6debe8e5d60f7323d9a9588d9975d
EXPORTER_SECRET 51fbb5629b6186edaf90ba323acca648d625249270f5705e970aeaf0c1554ec9 b790b25665391a3746510142b4bcc59e9cc7d7e84ad125d81e3a1e32e9afd438
CLIENT_HANDSHAKE_TRAFFIC_SECRET cd5180e5dccd36dcb324a7d96ed4bf1709c7729d9ddbfe68e15849a37d4ca0bc 14d903d49daa28fcd9acb9ff88b0c249266f4d24ecd84e88c20edf17e46bcbda
SERVER_HANDSHAKE_TRAFFIC_SECRET cd5180e5dccd36dcb324a7d96ed4bf1709c7729d9ddbfe68e15849a37d4ca0bc b3514fd28bc2d54ceb86cfc34768c6f94bbd6df5d516aca680753f1767a351fb
CLIENT_TRAFFIC_SECRET_0 cd5180e5dccd36dcb324a7d96ed4bf1709c7729d9ddbfe68e15849a37d4ca0bc 3ddb12fe006d0b8d2d5c1b4ee0a6edfddd6a5a2a2e854242bdaf55cac02cb79b
SERVER_TRAFFIC_SECRET_0 cd5180e5dccd36dcb324a7d96ed4bf1709c7729d9ddbfe68e15849a37d4ca0bc fe5e22801fe2318589935a8b422f12028d4dddddc62bbb7acb63ed6ffe7e258b
EXPORTER_SECRET cd5180e5dccd36dcb324a7d96ed4bf1709c7729d9ddbfe68e15849a37d4ca0bc 4df394845ce86d809a68b14ec3c2445512828d1c8f8efbf70c9d33bc64cf7039
CLIENT_HANDSHAKE_TRAFFIC_SECRET f8943186e06d7b2fd7ffc387fbdb1064b6a05f6e09a84a28795e66209f4342cd 22cb72d3e46ff19bf820e9022cba8dab73e9859e20b10a2f4129e36b7f8d2f3b
SERVER_HANDSHAKE_TRAFFIC_SECRET f8943186e06d7b2fd7ffc387fbdb1064b6a05f6e09a84a28795e66209f4342cd 4c21dcd1d77225f76b72ce56d1f41a70b49d7e3d836b5a99b708b9d92b633e84
CLIENT_TRAFFIC_SECRET_0 f8943186e06d7b2fd7ffc387fbdb1064b6a05f6e09a84a28795e66209f4342cd 752380441dd929e0b7d91f8394637f8c19c9b3c18b643b8edf3d97b2942df5e7
SERVER_TRAFFIC_SECRET_0 f8943186e06d7b2fd7ffc387fbdb1064b6a05f6e09a84a28795e66209f4342cd 7a621b46ad4832e4758b09b9201a4b2a42bab091176a0ee69f65c061bee04936
EXPORTER_SECRET f8943186e06d7b2fd7ffc387fbdb1064b6a05f6e09a84a28795e66209f4342cd b8d7622c74a8c9ca5b097b28fe0ae9f835d597ee649880f70911c51b74548163
