CLIENT_RANDOM 06bdb9d083d5847d9b80b26275734b77bcb4535eae8b81e95a218c54b40a2fac 6e7edf5dea100b96817937ab147afd344f3e42ccbb595db4f390102f4d20e44160044f7f5cb4bd1c1f8e728e0e5704fc
CLIENT_RANDOM c608d51a6f74a8abec7a781c42382de042290754efc2e60bafa86eca36b29c21 6e7edf5dea100b96817937ab147afd344f3e42ccbb595db4f390102f4d20e44160044f7f5cb4bd1c1f8e728e0e5704fc
CLIENT_RANDOM 116b6fa46c1bb51ce7042466fbe3f9b93db8eea6113b927339c4fc56368bf418 6e7edf5dea100b96817937ab147afd344f3e42ccbb595db4f390102f4d20e44160044f7f5cb4bd1c1f8e728e0e5704fc
CLIENT_RANDOM 640848af03d381424bc3cbc79265e71e99459105017bac7272e04852ca31e6e5 6e7edf5dea100b96817937ab147afd344f3e42ccbb595db4f390102f4d20e44160044f7f5cb4bd1c1f8e728e0e5704fc
CLIENT_RANDOM 722083263850df85ae14710bf254a6d61f663a7f7541e43917de929f1c6e9fc7 6e7edf5dea100b96817937ab147afd344f3e42ccbb595db4f390102f4d20e44160044f7f5cb4bd1c1f8e728e0e5704fc
CLIENT_HANDSHAKE_TRAFFIC_SECRET 48e034c856e2b6fb46a8d166945cc2e58c45d0fde50e864e8ce28ff92de25f8f d4f15da4e343bed6728d70c874b998b811c066282567e69d7e34f509c1a5bf6a
SERVER_HANDSHAKE_TRAFFIC_SECRET 48e034c856e2b6fb46a8d166945cc2e58c45d0fde50e864e8ce28ff92de25f8f b1fe9e7c56d6a75b0eb30b42b7d868a7d44760bdbbbd189fc31ac76bd1ace99d
CLIENT_HANDSHAKE_TRAFFIC_SECRET 3a59814610b6381cccc4cff129d565594e836575b7b0856a3564418e86889c74 0a130bbe5580cd7f7ba3273399019976898bba26c1ec595d4cc28cb00a02a108
SERVER_HANDSHAKE_TRAFFIC_SECRET 3a59814610b6381cccc4cff129d565594e836575b7b0856a3564418e86889c74 449ada62951e54a2d877599ad33b8ca5afe5cdf4f4aee8cdec84aacccfcd0298
CLIENT_TRAFFIC_SECRET_0 48e034c856e2b6fb46a8d166945cc2e58c45d0fde50e864e8ce28ff92de25f8f 84c43c20c78d08833b69154aa7887ed045806728adcab8b647a5838ab76e893c
SERVER_TRAFFIC_SECRET_0 48e034c856e2b6fb46a8d166945cc2e58c45d0fde50e864e8ce28ff92de25f8f 098835e1796b14ee41141e634c58ee623255010c6d7d403492b4c31453ee8e3d
EXPORTER_SECRET 48e034c856e2b6fb46a8d166945cc2e58c45d0fde50e864e8ce28ff92de25f8f 8fc4cbd81b872a79476b1c22edd9697dae3a7335414d7d213fecdf168ea2cc7f
CLIENT_TRAFFIC_SECRET_0 3a59814610b6381cccc4cff129d565594e836575b7b0856a3564418e86889c74 a5e8ed25c6ca420c5eab1696a3b819e60eb7a90b5555eab4f65057ae715d0340
SERVER_TRAFFIC_SECRET_0 3a59814610b6381cccc4cff129d565594e836575b7b0856a3564418e86889c74 d30899050865be2c0778c1356a287790356937528f517c30949007819200c832
EXPORTER_SECRET 3a59814610b6381cccc4cff129d565594e836575b7b0856a3564418e86889c74 ac29a9aea681b6e92b15a3b35e6503f89e8dbd4d5fbe9131ce39719b90640b44
CLIENT_RANDOM f71a757b6e501dc8365a51b470866fbd28c9d6824c11963120aad8efc5cd9efb 6e7edf5dea100b96817937ab147afd344f3e42ccbb595db4f390102f4d20e44160044f7f5cb4bd1c1f8e728e0e5704fc
CLIENT_RANDOM 69e347f0d9e50fd4905c8edd3b2a2fcb092869ae1e1850408cda2bd19b943329 12f32e59400057621dbf3569fa55b3df07ff88a5eec94ef35026518df77767dc8b02f022859538ba03271b45943a0033
CLIENT_HANDSHAKE_TRAFFIC_SECRET 7a4cb140c81bb3aa92b6ff59498a8cd347e77708763d7b75d56d5fae19f02b1d 0b5c1d492463ee56037f23a388d51e0258f49902a08087c32879123f698c4f96
SERVER_HANDSHAKE_TRAFFIC_SECRET 7a4cb140c81bb3aa92b6ff59498a8cd347e77708763d7b75d56d5fae19f02b1d 32b5849593827a28096ef9981b79b167cbb7f1302f742c3e2df530c278c71f11
CLIENT_TRAFFIC_SECRET_0 7a4cb140c81bb3aa92b6ff59498a8cd347e77708763d7b75d56d5fae19f02b1d 0665fdbe22fe90423b1f9692a1a2e7d607ccc9fdada3886975a2f32560a66ce0
SERVER_TRAFFIC_SECRET_0 7a4cb140c81bb3aa92b6ff59498a8cd347e77708763d7b75d56d5fae19f02b1d 3cc142594100223945daa54b3176a42e3fb8a09d53f2dd212563b76ddb33a707
EXPORTER_SECRET 7a4cb140c81bb3aa92b6ff59498a8cd347e77708763d7b75d56d5fae19f02b1d 56978317908d8abc03b6f01e0aa3845ff2a12a07cd2097de183df84a234e4f45
CLIENT_HANDSHAKE_TRAFFIC_SECRET e7a8f4e65b612f82279850e408ebe763cb8e19db3354d4b6a85f4ad10525ea0d 13e96c7fa7d86f85ffdb7d3507ad2c30c66fe3a92a57a7ef7f68702e949ef628
SERVER_HANDSHAKE_TRAFFIC_SECRET e7a8f4e65b612f82279850e408ebe763cb8e19db3354d4b6a85f4ad10525ea0d 162d91b3f12405bcc970426f466c1b26b74d095bb279117b0145f97c295556cd
CLIENT_TRAFFIC_SECRET_0 e7a8f4e65b612f82279850e408ebe763cb8e19db3354d4b6a85f4ad10525ea0d e8263da047fdeb65ca2867a52b18c54f52031bff57aebe99b50e5c83cd11772c
SERVER_TRAFFIC_SECRET_0 e7a8f4e65b612f82279850e408ebe763cb8e19db3354d4b6a85f4ad10525ea0d e4a4eefd80654d7b036fe79df5e02b7639032092fd65fe044920c29db8eee312
EXPORTER_SECRET e7a8f4e65b612f82279850e408ebe763cb8e19db3354d4b6a85f4ad10525ea0d bac56336d152e52c67d950244bbce293c7b600f669cfa56b53637a1257f96099
CLIENT_HANDSHAKE_TRAFFIC_SECRET 2765abacb4151e098d7a4cd478616ec3b96e82b2b4eead6e7e4908c34901deee 8bb5fa427b82f6b3dd951f600143ceb1c23418a67df042207a5eb4c78ed86fcf
SERVER_HANDSHAKE_TRAFFIC_SECRET 2765abacb4151e098d7a4cd478616ec3b96e82b2b4eead6e7e4908c34901deee a62af24e6afd4a0f08461310b121cbefd367ad850a4dc7cc73bba07d05cff552
CLIENT_TRAFFIC_SECRET_0 2765abacb4151e098d7a4cd478616ec3b96e82b2b4eead6e7e4908c34901deee f0af704b32fbf2eb97816821304249fd40e29ad5da25ec091079bc70fc9a934e
SERVER_TRAFFIC_SECRET_0 2765abacb4151e098d7a4cd478616ec3b96e82b2b4eead6e7e4908c34901deee da3ba8221910a1d506f1d30af7d51a582198a3fb070dfdbc679c4fdb58cc7d11
EXPORTER_SECRET 2765abacb4151e098d7a4cd478616ec3b96e82b2b4eead6e7e4908c34901deee 3b77b9739de8604ab9d81ef0b878b78bf3bcc637d8e9f0f56ecb8431ebb086c7
CLIENT_HANDSHAKE_TRAFFIC_SECRET cda8d15eddc7e6e0c96f1b6205f08157a5a8faadbb6e00185f9fec3995f7b5ca 2ceda9449f260a5c215a38563b2a3cf3bf654de1747f9c32a5b299d3cf041374
SERVER_HANDSHAKE_TRAFFIC_SECRET cda8d15eddc7e6e0c96f1b6205f08157a5a8faadbb6e00185f9fec3995f7b5ca 0ed43e4ef9728b6ea3818f77a0c3d9c42b4bbbc3324d5639e9e6c64e43e01cae
CLIENT_TRAFFIC_SECRET_0 cda8d15eddc7e6e0c96f1b6205f08157a5a8faadbb6e00185f9fec3995f7b5ca 453cf65cf8419fb9a34f6c15ac8039e00c676eba6aeea8bcc1bd10ab641599e3
SERVER_TRAFFIC_SECRET_0 cda8d15eddc7e6e0c96f1b6205f08157a5a8faadbb6e00185f9fec3995f7b5ca 3cb87116d5b1eaa1bb7d94a6ba4f7c7285f361f3535c7fa06a0fb93878dff046
EXPORTER_SECRET cda8d15eddc7e6e0c96f1b6205f08157a5a8faadbb6e00185f9fec3995f7b5ca 905d6962469cfdd8aa5ce987e1a17f03b69f428d2c2c390af6bc3494ab976d2f
CLIENT_HANDSHAKE_TRAFFIC_SECRET f2aaeabf75da5fd8af9babc03fbff7f3830868444020ea5370d5532d82b8caa3 e2fe740f9d25ab32fe7966029095e146ef05037d9d6fb1cda8922f512a89b302
SERVER_HANDSHAKE_TRAFFIC_SECRET f2aaeabf75da5fd8af9babc03fbff7f3830868444020ea5370d5532d82b8caa3 29efbd5488ea550688bcc1222a0c61921b657519f3aeaa7e27ea8ed404f0ee30
CLIENT_TRAFFIC_SECRET_0 f2aaeabf75da5fd8af9babc03fbff7f3830868444020ea5370d5532d82b8caa3 ff48525ad6c7ad0037b3e59df58a7e01487f72bb153fffaf3f1ed56c039641a1
SERVER_TRAFFIC_SECRET_0 f2aaeabf75da5fd8af9babc03fbff7f3830868444020ea5370d5532d82b8caa3 9056856dec5574f01e9e0bcd6f69cddee8a73d63835bf5ad97f414f6be2e7d85
EXPORTER_SECRET f2aaeabf75da5fd8af9babc03fbff7f3830868444020ea5370d5532d82b8caa3 955dcf8ce52fd565da5fdd1289cc305098fdfedc22b5e3a32aa66bac617068fd
CLIENT_HANDSHAKE_TRAFFIC_SECRET a8bf49c3950e33e1c89d2fdeface41c7e928f5ad917e9ebbb86435a1b479cfb0 c7411d81756c4bd170fdf7a6d83d96d11e64d973a70bf8caf62d1a8ce4f1fc1d
SERVER_HANDSHAKE_TRAFFIC_SECRET a8bf49c3950e33e1c89d2fdeface41c7e928f5ad917e9ebbb86435a1b479cfb0 2e0a1caa8a43ae6725d17cb3d2c3814aa894a96b6b8b534ddb3dfb673d3bb273
CLIENT_TRAFFIC_SECRET_0 a8bf49c3950e33e1c89d2fdeface41c7e928f5ad917e9ebbb86435a1b479cfb0 5fd40a69544b95a3e7495fa1559b0ba39d38412835b6e8dc5ceee7b77f437221
SERVER_TRAFFIC_SECRET_0 a8bf49c3950e33e1c89d2fdeface41c7e928f5ad917e9ebbb86435a1b479cfb0 63a5bd4015583b13d2563540c7f9daf29ac02efdcb552a7c797c1134faeb8d1c
EXPORTER_SECRET a8bf49c3950e33e1c89d2fdeface41c7e928f5ad917e9ebbb86435a1b479cfb0 3bfbf81ef1aad7b1841af687091ec3476e3ca8b118b256cecad42596350a8acc
CLIENT_HANDSHAKE_TRAFFIC_SECRET 11b506f57e4160afc8f4fd21d51886465011d85c2d789c095e348f543f5fc1be fcb604e3c5a8fc4b763a2cef0f733f0b3806f8a73dd30e79483b5f1d60538f5f
SERVER_HANDSHAKE_TRAFFIC_SECRET 11b506f57e4160afc8f4fd21d51886465011d85c2d789c095e348f543f5fc1be 503a32ca6d8837ac011c158a0d640e789588d43c428dcc8f757e3236ab3daed6
CLIENT_TRAFFIC_SECRET_0 11b506f57e4160afc8f4fd21d51886465011d85c2d789c095e348f543f5fc1be 9bde2a60a9743c9591cc9648426a32e8f3d9f137f48c721196e4b93dd19c7949
SERVER_TRAFFIC_SECRET_0 11b506f57e4160afc8f4fd21d51886465011d85c2d789c095e348f543f5fc1be 5fef1b971da79de1a2df8081f0f21067ac9505a2fe4567910fdaeb5adb75d89c
EXPORTER_SECRET 11b506f57e4160afc8f4fd21d51886465011d85c2d789c095e348f543f5fc1be 97b612d121a050afae7b0f191a36db20aabb21cafb5909ca6086bca649c3fc5f
CLIENT_HANDSHAKE_TRAFFIC_SECRET 98e470f8a2ddb161ea96d100fd7b47ac1a86b2d17b89e52bdfc8439a3e058138 806f7db9d0a4a7a64c60a290efc114a82ac9d6e0138f6a663d06d80a6eb8f733
SERVER_HANDSHAKE_TRAFFIC_SECRET 98e470f8a2ddb161ea96d100fd7b47ac1a86b2d17b89e52bdfc8439a3e058138 e658a0c9c89b581cc72ae74c7c8693a4943e0d5f0a5e72e23305f090a45d41c8
CLIENT_TRAFFIC_SECRET_0 98e470f8a2ddb161ea96d100fd7b47ac1a86b2d17b89e52bdfc8439a3e058138 3bf71bc79b5ee000f68f56729bede5a6c22489cd82ebc8030e41a976de2a18c0
SERVER_TRAFFIC_SECRET_0 98e470f8a2ddb161ea96d100fd7b47ac1a86b2d17b89e52bdfc8439a3e058138 4f5eb4ff58d649f7c3e5af5d5585cbc0c3a2fa9fe88255090f932081bb18c928
EXPORTER_SECRET 98e470f8a2ddb161ea96d100fd7b47ac1a86b2d17b89e52bdfc8439a3e058138 d67f2c1b49ce1ea552c1bb31e8c6096c0a21c6256f6be30dcb8a6962e7607721
CLIENT_HANDSHAKE_TRAFFIC_SECRET 845a99d491ddd2720942dc08673b7b307fef96868f73a65b155e99ba3f290527 36c85735ea8cc05c457984c0ae5d8f0e545139a592e928b92880a0b90a5c7cbe
SERVER_HANDSHAKE_TRAFFIC_SECRET 845a99d491ddd2720942dc08673b7b307fef96868f73a65b155e99ba3f290527 61423677c4f465fe40b8baaf399613bd2d68006e0abfdea13fd0eb1b68d6597b
CLIENT_TRAFFIC_SECRET_0 845a99d491ddd2720942dc08673b7b307fef96868f73a65b155e99ba3f290527 a612d5b6a4efd5a06c2a0eee2f4d8768b1f0681ed6da1aa3065cda20a7eac439
SERVER_TRAFFIC_SECRET_0 845a99d491ddd2720942dc08673b7b307fef96868f73a65b155e99ba3f290527 66b4d51d4383bee3a5500810c90cc5dcc37d9d79b0036bfde42f83a599552afb
EXPORTER_SECRET 845a99d491ddd2720942dc08673b7b307fef96868f73a65b155e99ba3f290527 d155c2b98af446d402895ce228b55dd99077cdcb73df7a6d0af776c9c43a7788
