CLIENT_RANDOM 0e8038d860b429f4d8256d511022b33c5b9f42ec90bc21d31b5ba7cec142ef59 7dc6518a9d30fd26ef0927f8173cf25bda2117b13a8624dd4a1e1d35593dc27de6c7a4a8460cf2b9a169aa0f0a1a3a2a
CLIENT_RANDOM 52064f0fa5d6948aa5156ceaf0ecae5d9a8d50fee05c034b9d4322baec45b924 7dc6518a9d30fd26ef0927f8173cf25bda2117b13a8624dd4a1e1d35593dc27de6c7a4a8460cf2b9a169aa0f0a1a3a2a
CLIENT_RANDOM 69869ed68a7e264124df6448798ea33c86d072b06073c9a8e76c3038a6d1dbdb 7dc6518a9d30fd26ef0927f8173cf25bda2117b13a8624dd4a1e1d35593dc27de6c7a4a8460cf2b9a169aa0f0a1a3a2a
CLIENT_RANDOM a311747fcabb3a686867b16f3ab28a36941d0b6b5bac6db21f8dccee322eee1d 7dc6518a9d30fd26ef0927f8173cf25bda2117b13a8624dd4a1e1d35593dc27de6c7a4a8460cf2b9a169aa0f0a1a3a2a
CLIENT_RANDOM 1a40d0e1ee9241d241136a59072b90a7dcdc1a96cdfe988ba4bc5d5897c51322 7dc6518a9d30fd26ef0927f8173cf25bda2117b13a8624dd4a1e1d35593dc27de6c7a4a8460cf2b9a169aa0f0a1a3a2a
CLIENT_RANDOM b7128964b1d62e8c940eae5a6cf9619bc6b5d4bb4c2b7aefd85a44323fafd1c8 7dc6518a9d30fd26ef0927f8173cf25bda2117b13a8624dd4a1e1d35593dc27de6c7a4a8460cf2b9a169aa0f0a1a3a2a
CLIENT_HANDSHAKE_TRAFFIC_SECRET 998e9b54a5ff6550169eb656976fb1aaff21c5c5fe0697518403db52a9c970f2 c1f55795b680979c68553fa294d43a52ea0e65d4bbf841859aabdcea1eba0f88
SERVER_HANDSHAKE_TRAFFIC_SECRET 998e9b54a5ff6550169eb656976fb1aaff21c5c5fe0697518403db52a9c970f2 12497ee98ae9cd3ba1c3a831460a24af21cdcda6791025316346dc6052f185c7
CLIENT_TRAFFIC_SECRET_0 998e9b54a5ff6550169eb656976fb1aaff21c5c5fe0697518403db52a9c970f2 a28ca15c7f4a2b1c7f219a9bde2ee69b9516fbad0648e670984f058580ee26ed
SERVER_TRAFFIC_SECRET_0 998e9b54a5ff6550169eb656976fb1aaff21c5c5fe0697518403db52a9c970f2 fb97360027f62a46556d21a48555f12bdf8ccbb9c53a8ca769996fdc92f77e66
EXPORTER_SECRET 998e9b54a5ff6550169eb656976fb1aaff21c5c5fe0697518403db52a9c970f2 a399fe4fb431f9fd622831cd9c8fa87e3cf8d5191df4bcaea396ebafbc9fe75d
CLIENT_HANDSHAKE_TRAFFIC_SECRET e02a26870d7da7ba1df2cb26a664f93205e45dd4f7f43f98bc561c9a1bdf0328 cfd363a0b4663250d42e9087f4977ce51fbad556b817d10e706f9b5ed45312e1
SERVER_HANDSHAKE_TRAFFIC_SECRET e02a26870d7da7ba1df2cb26a664f93205e45dd4f7f43f98bc561c9a1bdf0328 db32c65ced04b78694b8e7452832954baecd9375ac52cebccae087f9139d60a9
CLIENT_TRAFFIC_SECRET_0 e02a26870d7da7ba1df2cb26a664f93205e45dd4f7f43f98bc561c9a1bdf0328 1d4640582dd444211f273dc9ac27fd640ed4ae9bf523116645ca5c86596b9d97
SERVER_TRAFFIC_SECRET_0 e02a26870d7da7ba1df2cb26a664f93205e45dd4f7f43f98bc561c9a1bdf0328 6ceb9275459f8770c28a383d5e12f22d9c09959888ed17360b284d9155b49397
EXPORTER_SECRET e02a26870d7da7ba1df2cb26a664f93205e45dd4f7f43f98bc561c9a1bdf0328 1d1f71e1914878e3a8ef4818f331c3c10fe7f236253cc863d47bee236b8a86cf
CLIENT_HANDSHAKE_TRAFFIC_SECRET a835808fbdd362d1b7ce32d86e90789b38acd7cf6424abbaf997e81a9bed10f4 5434f3f4b9937a5b7245a4ccd525bcea6ee73af0ae158b50da08ac08e56dcc67
SERVER_HANDSHAKE_TRAFFIC_SECRET a835808fbdd362d1b7ce32d86e90789b38acd7cf6424abbaf997e81a9bed10f4 cb6305765eec1974b43d1cd12b53f92623cbff1ce763b3a2b19aefff44073e61
CLIENT_TRAFFIC_SECRET_0 a835808fbdd362d1b7ce32d86e90789b38acd7cf6424abbaf997e81a9bed10f4 5823865553c485ced1b46407a1ae92419393d48f9fc4ba21058c5aa78162bbf7
SERVER_TRAFFIC_SECRET_0 a835808fbdd362d1b7ce32d86e90789b38acd7cf6424abbaf997e81a9bed10f4 970bd37b483df82da49e3ee305c6a93620cdf3c53942950ac61727b246359808
EXPORTER_SECRET a835808fbdd362d1b7ce32d86e90789b38acd7cf6424abbaf997e81a9bed10f4 0affe780fe6224b5bd63369115ae768e10c71814c67150a686c1845d12e850df
CLIENT_HANDSHAKE_TRAFFIC_SECRET 195792f588a7d23e7b1a3a33cb631d716809fe57818ed70cd72c1f02762c75b7 b8991d6593a7657112aecdb63d4a508d2aaf4259a1c33acc134371ff67ee6987
SERVER_HANDSHAKE_TRAFFIC_SECRET 195792f588a7d23e7b1a3a33cb631d716809fe57818ed70cd72c1f02762c75b7 6dd46390de9e3d6641b225c1538ca0e0ad80e6990d7c9d3b65a7e05044a2cfc7
CLIENT_TRAFFIC_SECRET_0 195792f588a7d23e7b1a3a33cb631d716809fe57818ed70cd72c1f02762c75b7 3e27782301df7fba4a35b7c867c341a41cdcfd95080a9a318aac4cf83828354b
SERVER_TRAFFIC_SECRET_0 195792f588a7d23e7b1a3a33cb631d716809fe57818ed70cd72c1f02762c75b7 59602756fa4dab419789d203072960aed251070968b85534bc625250c21feb97
EXPORTER_SECRET 195792f588a7d23e7b1a3a33cb631d716809fe57818ed70cd72c1f02762c75b7 e0a0fbec9e21fae32ad7d2fb3245a97c5182dc0e0f29d3ad296562481905453c
CLIENT_HANDSHAKE_TRAFFIC_SECRET 41165dead9dce4bd0b2c461264e4fb5d51ec580ae38c6368f361a7604a0305b2 2d11320a8545576fcd5d1ceccac2402b2178ce053eed93c2ded6156aaf6a401c5b24db9cdc347d839f753349ad8fe8b4
SERVER_HANDSHAKE_TRAFFIC_SECRET 41165dead9dce4bd0b2c461264e4fb5d51ec580ae38c6368f361a7604a0305b2 0546b62e69585368a5ea2c1a74d58a450ca7e19283093406569a4ddf810ed21c52d215c846e1204c22909a1b69c7f5f3
CLIENT_TRAFFIC_SECRET_0 41165dead9dce4bd0b2c461264e4fb5d51ec580ae38c6368f361a7604a0305b2 910a4f3b5f7822149f26447548f0534545e4dad26312efa3bc6f3f334bdb248053a252213763c177cf05072d2c2196ba
SERVER_TRAFFIC_SECRET_0 41165dead9dce4bd0b2c461264e4fb5d51ec580ae38c6368f361a7604a0305b2 b334e102119adf5faa55308a03e0a8e1f4642ec7ff8a70d2e7f0ec87f7d6d6e4750863cc643c5816cb33afdb3c321ee8
EXPORTER_SECRET 41165dead9dce4bd0b2c461264e4fb5d51ec580ae38c6368f361a7604a0305b2 d628b3204991e97012a2072ab9ec518350bf06c17d4dda05efc2af85e43b5d9cd528c6ea9b3fdc0e333471fa1ffb6dd1
CLIENT_HANDSHAKE_TRAFFIC_SECRET a49975401b19be1f8a0c8c61ef4b147f39f9958c26a6017bfafbaddc152227b0 c0cb758ebab96dba167a2819e0b8cadf31174890bf4dc17286bd0e59bfd346df
SERVER_HANDSHAKE_TRAFFIC_SECRET a49975401b19be1f8a0c8c61ef4b147f39f9958c26a6017bfafbaddc152227b0 1e94182cc06d22f6682d2a6da96533c83e15f6e7ba4cc9df05972f2a3af5089c
CLIENT_TRAFFIC_SECRET_0 a49975401b19be1f8a0c8c61ef4b147f39f9958c26a6017bfafbaddc152227b0 947c9b6df8edc3c2b15d43fcf51a0664ae8d69e43648f6bd15fe789c803707aa
SERVER_TRAFFIC_SECRET_0 a49975401b19be1f8a0c8c61ef4b147f39f9958c26a6017bfafbaddc152227b0 8d568d4a4b2f9d899a9e2cb5b0427d6a829caec3fd17e5745c78515b37f08f6e
EXPORTER_SECRET a49975401b19be1f8a0c8c61ef4b147f39f9958c26a6017bfafbaddc152227b0 5def0501a9711536ad04744f1c98ddde9db1189324de1d709224b89337a2668c
CLIENT_HANDSHAKE_TRAFFIC_SECRET 0a4392cdbd21b802d31acbe46bfbfb919ebcbd00eb5c20f6442c62e2c98fb325 75f014745d68b3b902be512afb702cd4e290ffa9721b80c2f13e44def13a6b3d
SERVER_HANDSHAKE_TRAFFIC_SECRET 0a4392cdbd21b802d31acbe46bfbfb919ebcbd00eb5c20f6442c62e2c98fb325 ea7caa9ab337e4f9bdd62f7fae5757ebf145c27b7cbfc6e5487801bd0a2dcaae
CLIENT_HANDSHAKE_TRAFFIC_SECRET c92ffb26a5dca407b3ac6671d45c888fe3fc2b1686908945cfcab1b037eaf8e1 6b075ed6efeac310243386b4d60d5d76b1f4ee7028ea49effb03560aadfe6ada
SERVER_HANDSHAKE_TRAFFIC_SECRET c92ffb26a5dca407b3ac6671d45c888fe3fc2b1686908945cfcab1b037eaf8e1 1037f497245b737768ba4f8a84da7a6261391ee233bb653d7066f1b30b02c824
CLIENT_HANDSHAKE_TRAFFIC_SECRET d6df0323408affe3e79b6e0d484fc92feaaffaecd2435222a603a32a29261585 1c3657558ae0b5b2134875b88f1c2ce68e2ea9105fe6cc5822a299375be0df8b
SERVER_HANDSHAKE_TRAFFIC_SECRET d6df0323408affe3e79b6e0d484fc92feaaffaecd2435222a603a32a29261585 3a3d802f8a0fc012d011582dae46bb8f4a957ffb1430f5ed4d2cd13a4a89162c
CLIENT_TRAFFIC_SECRET_0 0a4392cdbd21b802d31acbe46bfbfb919ebcbd00eb5c20f6442c62e2c98fb325 38dc829ed6d7b1cad0d69fdbf965dc82e30786cb1dbe58a2460c01627d3a16d8
SERVER_TRAFFIC_SECRET_0 0a4392cdbd21b802d31acbe46bfbfb919ebcbd00eb5c20f6442c62e2c98fb325 fd735eaeb24825b954ea6ed7625fd860ada8f2929053821bfc7e3e94a30c1217
EXPORTER_SECRET 0a4392cdbd21b802d31acbe46bfbfb919ebcbd00eb5c20f6442c62e2c98fb325 ae4a19cf971c65f5fb9174dada0345a308dfd7be6028e0c71ec100139abcd14d
CLIENT_TRAFFIC_SECRET_0 c92ffb26a5dca407b3ac6671d45c888fe3fc2b1686908945cfcab1b037eaf8e1 25e931e44d32a8da3f65ceafa39afc5a19f28c1796f013a62d818e2f5c13a159
SERVER_TRAFFIC_SECRET_0 c92ffb26a5dca407b3ac6671d45c888fe3fc2b1686908945cfcab1b037eaf8e1 171863d7b1a283692876edaadb4080abac2ecaa22d19cb42b2570f7f45fadb17
EXPORTER_SECRET c92ffb26a5dca407b3ac6671d45c888fe3fc2b1686908945cfcab1b037eaf8e1 9435514c35b156691e7ad315ce6f7f3241f04c779c98d4cb9f8934013846acd3
CLIENT_TRAFFIC_SECRET_0 d6df0323408affe3e79b6e0d484fc92feaaffaecd2435222a603a32a29261585 c7200e71d9edd56816774fd5beb7ae766f142cf3bd7aa4eb73cd5d018651e561
SERVER_TRAFFIC_SECRET_0 d6df0323408affe3e79b6e0d484fc92feaaffaecd2435222a603a32a29261585 46bc31468efac52e2b8236f9c7ffa5b8783d28a325a22f34f7e0a7147abfd1ff
EXPORTER_SECRET d6df0323408affe3e79b6e0d484fc92feaaffaecd2435222a603a32a29261585 6205901bba06b9b636676749111ec58de2697323518337b91d81de3b8d0ff365
CLIENT_HANDSHAKE_TRAFFIC_SECRET 1e37c641055149aa9bbc78439c761a2d4d6207a72c7f6358993d0db75bdbcc39 2dbd8ee62d3ce862e2b7572a3c818944effdb901017ebd6a67e6f83363517ea5
SERVER_HANDSHAKE_TRAFFIC_SECRET 1e37c641055149aa9bbc78439c761a2d4d6207a72c7f6358993d0db75bdbcc39 7cfe0dae8841cb5436d28f34c3ebadc9be1bafb3ee677b9ef6d47e40f5323897
CLIENT_TRAFFIC_SECRET_0 1e37c641055149aa9bbc78439c761a2d4d6207a72c7f6358993d0db75bdbcc39 ddcbf89474e06160ed3bf02debbe8f6800c7f7f1df933934fcbf74b2704302d8
SERVER_TRAFFIC_SECRET_0 1e37c641055149aa9bbc78439c761a2d4d6207a72c7f6358993d0db75bdbcc39 9dd1b950088c041406e176d371478020d25d6a68f7bf2254901cd1a159369141
EXPORTER_SECRET 1e37c641055149aa9bbc78439c761a2d4d6207a72c7f6358993d0db75bdbcc39 d98b3ee538771133305d635cdc455ca8492981c1cb7b7e426cbd834a4cdda3d8
CLIENT_HANDSHAKE_TRAFFIC_SECRET 0369cc7eb712224c92732a888a1517729b3d41120eb8d535ed72b2308286e0c8 6b97c6e3dfeb0271e5d50828decfdac320742d804f12b5767946d0967615309c
SERVER_HANDSHAKE_TRAFFIC_SECRET 0369cc7eb712224c92732a888a1517729b3d41120eb8d535ed72b2308286e0c8 0c0823d53179929a71f2c507079b7d6db2b4a4d06f84f6618d42a7a605074be4
CLIENT_TRAFFIC_SECRET_0 0369cc7eb712224c92732a888a1517729b3d41120eb8d535ed72b2308286e0c8 2643301f5db2cf2e347dd99c0765cfd97dc4672638e630101ae81e40f9bf2ec3
SERVER_TRAFFIC_SECRET_0 0369cc7eb712224c92732a888a1517729b3d41120eb8d535ed72b2308286e0c8 ed70d97946bb351b1a11a64c8ba8fb630e54b3ff8de00f7474ff9e380075fe51
EXPORTER_SECRET 0369cc7eb712224c92732a888a1517729b3d41120eb8d535ed72b2308286e0c8 357f7327444b294c1a97090e78c621db3e8c324cb932c0e9d85c4154abe5ec7f
CLIENT_HANDSHAKE_TRAFFIC_SECRET 49d0352dece17d680da5cc49bbfb24f2590d040459df97d84b4451c3e1e03f41 41b618805fea35a8d16c8f283d000165b43c29da89afcd74a83ef85f9fb8b336
SERVER_HANDSHAKE_TRAFFIC_SECRET 49d0352dece17d680da5cc49bbfb24f2590d040459df97d84b4451c3e1e03f41 55360c8ac2867fb8405575dc47c05399fa8c690b64a60b9a0254afe473c497f8
CLIENT_TRAFFIC_SECRET_0 49d0352dece17d680da5cc49bbfb24f2590d040459df97d84b4451c3e1e03f41 938f5237ec5f911070ed4a45d26a2865bac0336faa82c313626a0e64e79b319e
SERVER_TRAFFIC_SECRET_0 49d0352dece17d680da5cc49bbfb24f2590d040459df97d84b4451c3e1e03f41 6c97913c4719b2b1f76a98f0da5fe1b25023ff44a294e46d6a982f586a1c1a37
EXPORTER_SECRET 49d0352dece17d680da5cc49bbfb24f2590d040459df97d84b4451c3e1e03f41 21aa03d6d53b4fe451162d80cacff444db98b625858802443f17ce79a929a2c8
CLIENT_RANDOM 0c546452ba0dbc43e91f549f73560fb59baddd1e32f650f7e64bb6b3445ce339 75eb1cbfd8d6fd35be073dea23a5d889cdae65520bbbd3c1cc267ffe88f5e2a611ca4e5c914a4994faac6f1c1dd090ed
CLIENT_HANDSHAKE_TRAFFIC_SECRET e1cde98d7737e783b3903c717835232a37aebdb75f6e929c179cd3a87e1a61bb 4a4debf21906f27689414d0d98d1c59ba0157013648e751192733210a74b7374
SERVER_HANDSHAKE_TRAFFIC_SECRET e1cde98d7737e783b3903c717835232a37aebdb75f6e929c179cd3a87e1a61bb 6c8eb77d6e968de166122420111744ddf8fd21a93fec824eb865664a3af07979
CLIENT_TRAFFIC_SECRET_0 e1cde98d7737e783b3903c717835232a37aebdb75f6e929c179cd3a87e1a61bb 3238148c0a548b174d97df1f3e0238d36fcade893e8f0ea1b290512a5099bb5c
SERVER_TRAFFIC_SECRET_0 e1cde98d7737e783b3903c717835232a37aebdb75f6e929c179cd3a87e1a61bb 01e799021c8d540ee35f4eb9bffb503d9053b1302207e5c69e70629f7a2473be
EXPORTER_SECRET e1cde98d7737e783b3903c717835232a37aebdb75f6e929c179cd3a87e1a61bb cbf759904c562373152372f5dcbb7147c7978a3bcad030d27d4aacd52ab4ce79
CLIENT_HANDSHAKE_TRAFFIC_SECRET 8fef94ebd81fd465ae7e4ddccd6faad570bce16e3d058ec8b2ce987386ab1e45 9ea6adff26d61413431ad010dd65f36a9fcd8cd80ee83b42d21bf01242a5b39d
SERVER_HANDSHAKE_TRAFFIC_SECRET 8fef94ebd81fd465ae7e4ddccd6faad570bce16e3d058ec8b2ce987386ab1e45 2e6a860d7046518d7bc04c1c6f59689766b1ff6ed2ad92f8186e94b8274766fd
CLIENT_HANDSHAKE_TRAFFIC_SECRET 6056ae9fb3b779e451a55f3296eb62c7cfd6a0db234403afb49f368db6c12c5e 372ef0425db1a77e2a7170023dae5833becaf2eecd32621327b23f3cce162d94
SERVER_HANDSHAKE_TRAFFIC_SECRET 6056ae9fb3b779e451a55f3296eb62c7cfd6a0db234403afb49f368db6c12c5e 89202b9a78e2e108bc85cf09a57b62ac15da27970c36da7a1f53de022aead5db
CLIENT_HANDSHAKE_TRAFFIC_SECRET b0601cd8b78ec18079512c83adede5e95ce5ccce3ac28cac26c3a58602ab5fc8 42cfbaad829144c62214ef491d98a682047a37092057fb49749d4e260cc87485
SERVER_HANDSHAKE_TRAFFIC_SECRET b0601cd8b78ec18079512c83adede5e95ce5ccce3ac28cac26c3a58602ab5fc8 fd7c6b7cfad6567c8562ec274cdc33d5f4f5dbc204f309cca41d1ac39fdc5a9c
CLIENT_TRAFFIC_SECRET_0 8fef94ebd81fd465ae7e4ddccd6faad570bce16e3d058ec8b2ce987386ab1e45 eaf2b105218c34947f6319b85788aff54b127770edd82f912eb3739ba8979dd4
SERVER_TRAFFIC_SECRET_0 8fef94ebd81fd465ae7e4ddccd6faad570bce16e3d058ec8b2ce987386ab1e45 415e49d4baa90151108f38a596e18bcd79c492a9d41c3241327db07fd267cad3
EXPORTER_SECRET 8fef94ebd81fd465ae7e4ddccd6faad570bce16e3d058ec8b2ce987386ab1e45 2d37fc3fbca3c68b1ccfc59fe956513b73839e2e8233a3571e3c6f6c041e37a9
CLIENT_TRAFFIC_SECRET_0 6056ae9fb3b779e451a55f3296eb62c7cfd6a0db234403afb49f368db6c12c5e d96e5de1baa5f698044e1afcefc51c10b400ec00cc388717d642246187b28789
SERVER_TRAFFIC_SECRET_0 6056ae9fb3b779e451a55f3296eb62c7cfd6a0db234403afb49f368db6c12c5e 2133051619ad6511b2a74c86a8aa7bef6ea1a2bdc14c0ded77984eab8e33de80
EXPORTER_SECRET 6056ae9fb3b779e451a55f3296eb62c7cfd6a0db234403afb49f368db6c12c5e 47efac4a685b039cb9c17216b04fc5456d461fdefb8e84ab1e06994c811f90dc
CLIENT_TRAFFIC_SECRET_0 b0601cd8b78ec18079512c83adede5e95ce5ccce3ac28cac26c3a58602ab5fc8 a76417b0753bf9feac63e4e47277602ddff75670c9bc66dbb1c7e6159b22a7a5
SERVER_TRAFFIC_SECRET_0 b0601cd8b78ec18079512c83adede5e95ce5ccce3ac28cac26c3a58602ab5fc8 4d4a8753216e3c3a564214b6dd40f627866c2870db17d23d0c40da7e05026f1f
EXPORTER_SECRET b0601cd8b78ec18079512c83adede5e95ce5ccce3ac28cac26c3a58602ab5fc8 bce37f4d9496f670df57c1b12c980c3034c06a4f4d62bc17e0914b73233bcbb6
CLIENT_HANDSHAKE_TRAFFIC_SECRET a7dc0faa00c0f425fed720cdc287184ff6f65c624ff59559bb0175a1a574c7df a9e28f49fb2f80020d73b6d0046ece4fb1a4407f0b91f677c03c0e73e5721cd0
SERVER_HANDSHAKE_TRAFFIC_SECRET a7dc0faa00c0f425fed720cdc287184ff6f65c624ff59559bb0175a1a574c7df 29c546b2dbfe8c8414ba49fded4923c07c2b699b637eda8f96fe0312d217434e
CLIENT_TRAFFIC_SECRET_0 a7dc0faa00c0f425fed720cdc287184ff6f65c624ff59559bb0175a1a574c7df c1b690bd16befa749689791e5a453671d3c26cf3b60474e17ff59e3d1e480306
SERVER_TRAFFIC_SECRET_0 a7dc0faa00c0f425fed720cdc287184ff6f65c624ff59559bb0175a1a574c7df d1af7355f3f1dfd11fffba45813a4c8ef789a4b220ad6b2afcae3580bbd84900
EXPORTER_SECRET a7dc0faa00c0f425fed720cdc287184ff6f65c624ff59559bb0175a1a574c7df 1d3745e6f6b86bcebaab48ad102fc2cdb875dc5f026f76ee7cfabcb6969b3432
CLIENT_HANDSHAKE_TRAFFIC_SECRET d251cdcda25d6a39c40deaa3a6741a2169400ca28b2926fe865736003ac4fa03 fe6e76576b8d50e7aa9952de215ff28a45a1ce4801b3a34a3cd1775d617980e2dacf90fa791637f3ac161b6e048da6c1
SERVER_HANDSHAKE_TRAFFIC_SECRET d251cdcda25d6a39c40deaa3a6741a2169400ca28b2926fe865736003ac4fa03 e90cb44c2fbf2044cc134dac90c78e6d83f3e77d4d0dbeb5cd1f4f54a562b6b6372220ae1f437bec4fc3dbaa558e020a
CLIENT_TRAFFIC_SECRET_0 d251cdcda25d6a39c40deaa3a6741a2169400ca28b2926fe865736003ac4fa03 08692e71b5a6ea188e5e4eb5bb80f185dd169ff3ecde36946d069ec909de3fbab6f4da8dd3cc5992145af4a19d206032
SERVER_TRAFFIC_SECRET_0 d251cdcda25d6a39c40deaa3a6741a2169400ca28b2926fe865736003ac4fa03 6b72345bdd1fbc538ad9a67215d22728ecac2c8bf7e57de4372d9df0dbdbfc165778db96c47dcdad97486b70b1a90a6a
EXPORTER_SECRET d251cdcda25d6a39c40deaa3a6741a2169400ca28b2926fe865736003ac4fa03 8e733767845d77eda9cdc7dbe996b2a69dc41f299d42dc7e417dc4459a317d385ae7d05c5e8e61368b995d31d09344da
CLIENT_HANDSHAKE_TRAFFIC_SECRET f13c376ce6d7e630afac4565ffe412da8dddfa4f6287e00b67cb33d0e69554ed fd43dc91b5c9ac7dcd6e369ad39943129fdb585d04c61e52146a2bd21ca0a39de5810c7c14f88360375a7cbad1a9f355
SERVER_HANDSHAKE_TRAFFIC_SECRET f13c376ce6d7e630afac4565ffe412da8dddfa4f6287e00b67cb33d0e69554ed be3bef762a8b50b3da3b01d19e9730ce9faf30c26d25d0b6703502a3723d1b15241ae4c0753ef2d5db7b7d762e7daf17
CLIENT_TRAFFIC_SECRET_0 f13c376ce6d7e630afac4565ffe412da8dddfa4f6287e00b67cb33d0e69554ed 002b0058ed152ec471ba9efe317b77ca2914df8e0368e89ff6aafad0d117fdef2ca0e601760a32dd274e05493cdf5146
SERVER_TRAFFIC_SECRET_0 f13c376ce6d7e630afac4565ffe412da8dddfa4f6287e00b67cb33d0e69554ed 733a48df556f5319aea18851c24fb477624fd1b09d90817fb5c06bad4b8b71a7c7c095ea7139071442f6555c61a2a6c7
EXPORTER_SECRET f13c376ce6d7e630afac4565ffe412da8dddfa4f6287e00b67cb33d0e69554ed 1755dfa316d2eb24ffb5183c14d515aa0666354fad3e885cad59cbfd0f64ab7e0fd842723225cc9a5315cd6e020cd524
CLIENT_HANDSHAKE_TRAFFIC_SECRET 9b25efbbeb1375e4395db8d997373123a00ad792b86142f26c97ee2c1b67e714 2a90653bd0ce63c5dbe5ae3b7f366fd20338565463818a25f95e1d8ceee16ddf
SERVER_HANDSHAKE_TRAFFIC_SECRET 9b25efbbeb1375e4395db8d997373123a00ad792b86142f26c97ee2c1b67e714 a96e75fbf4e322278e876611f75708649d0259b0e3ce1c1e99ed7b53d4ddaf9d
CLIENT_TRAFFIC_SECRET_0 9b25efbbeb1375e4395db8d997373123a00ad792b86142f26c97ee2c1b67e714 eda08c5da7818bb9dc6f6161a893cbb0408b9fffffe120e9c17629bed0e124a6
SERVER_TRAFFIC_SECRET_0 9b25efbbeb1375e4395db8d997373123a00ad792b86142f26c97ee2c1b67e714 520ceffa074a437db01f0d19ecaa368692fa55bfd56c422853022ccfd1bd5cc7
EXPORTER_SECRET 9b25efbbeb1375e4395db8d997373123a00ad792b86142f26c97ee2c1b67e714 a1e8075b0b5a9738e2f09c8b69c8c46a92d8fadbf6bf797f513888eb3b9a933f
CLIENT_HANDSHAKE_TRAFFIC_SECRET bd0aee0e9b5dfee2c0decd572664a3f8354810a56fda8e6d80b2a757423fcec3 31bf47a4dfe01f08cd1c7c3a1edb920a28f4867de71702841dae46957dedb509
SERVER_HANDSHAKE_TRAFFIC_SECRET bd0aee0e9b5dfee2c0decd572664a3f8354810a56fda8e6d80b2a757423fcec3 464b089ba5828bbadf5cddf6f5e470521aaba98b32204da1a77b85d8d80e9259
CLIENT_TRAFFIC_SECRET_0 bd0aee0e9b5dfee2c0decd572664a3f8354810a56fda8e6d80b2a757423fcec3 4c825fceaee427d4dd896fb7e518f8a27c90a592f8a08e3428718c31b5de6a7e
SERVER_TRAFFIC_SECRET_0 bd0aee0e9b5dfee2c0decd572664a3f8354810a56fda8e6d80b2a757423fcec3 153b1ccd48535b4375f27bcdf5e6e898fc09a31ac6616aa5b454ca7ecab0ca65
EXPORTER_SECRET bd0aee0e9b5dfee2c0decd572664a3f8354810a56fda8e6d80b2a757423fcec3 6158f712cabb259d01756f083a9fa40fc9e1e4a9e27fd5a88477fef3cf9181e1
CLIENT_HANDSHAKE_TRAFFIC_SECRET 2a63c8291bf616fde5847d611ac5a3be2cdcaf771e9ad0f7353112733368ac5c ada6b2d2b0124c30124f108c9f53b04c99ac87b7e0c31762613cc4cd1ef4938d
SERVER_HANDSHAKE_TRAFFIC_SECRET 2a63c8291bf616fde5847d611ac5a3be2cdcaf771e9ad0f7353112733368ac5c 7f50d3e598fb0d3eb66146b99345e0b00e1ebd571b517f4c6708f1941801bd90
CLIENT_HANDSHAKE_TRAFFIC_SECRET 51b5d6be7f9e0eb7a5c0eb58ceb48028bb3dd0665717e52dcd3d4866eae53ecf 19c110ced317d80d9d66c36387dd31b2eb9b5f9375c5e7ab18422897b9e4bedc
SERVER_HANDSHAKE_TRAFFIC_SECRET 51b5d6be7f9e0eb7a5c0eb58ceb48028bb3dd0665717e52dcd3d4866eae53ecf dafb0d5d87cb624a5b7eb50fd34bbce528c7cdc2fb03a211c03c4971d9365670
CLIENT_TRAFFIC_SECRET_0 51b5d6be7f9e0eb7a5c0eb58ceb48028bb3dd0665717e52dcd3d4866eae53ecf 9c6a47751bb2849cc12951397e036b5bf4357dd4efcd23c5c33d2256e7757da2
SERVER_TRAFFIC_SECRET_0 51b5d6be7f9e0eb7a5c0eb58ceb48028bb3dd0665717e52dcd3d4866eae53ecf 17c113bfed81b5b79c30a8616275508942b2034701ee36b9f15053b86c3e809d
EXPORTER_SECRET 51b5d6be7f9e0eb7a5c0eb58ceb48028bb3dd0665717e52dcd3d4866eae53ecf 0194b476266b3923aeb4b9d78f763c82a6656a7bb91f7c1cb11bf792803b189d
CLIENT_HANDSHAKE_TRAFFIC_SECRET 2f2f190301a9140b5d0ba52ad2325479bf270c753c4fce55ecf9eae783957051 b87b4c660d5ede60832be1ed3ea4100e8632db33f9709e1303669d6255bfea24
SERVER_HANDSHAKE_TRAFFIC_SECRET 2f2f190301a9140b5d0ba52ad2325479bf270c753c4fce55ecf9eae783957051 8d3edb728e1a4e096e17bd09ac5e1179960f52f3ec1df77cef9bf7ed421899b9
CLIENT_TRAFFIC_SECRET_0 2f2f190301a9140b5d0ba52ad2325479bf270c753c4fce55ecf9eae783957051 a217f75dcf2f5501073999488799b912c0d3de28c472a97feba28a2e04f25bfe
SERVER_TRAFFIC_SECRET_0 2f2f190301a9140b5d0ba52ad2325479bf270c753c4fce55ecf9eae783957051 d80efbd5744a203dd26e61fe063d1c5bcbdff681b49180a92738616b07e233a0
EXPORTER_SECRET 2f2f190301a9140b5d0ba52ad2325479bf270c753c4fce55ecf9eae783957051 6520f75ad068b36cb0140fd22ac21289c597c2059d3042780d30454a8c85751d
CLIENT_HANDSHAKE_TRAFFIC_SECRET 6819e57e7a6e3cd666581e758458adcee7d56ad30502bddc9957604434e22562 16a384cda1308451d2bf72816b7798417c774302d0259b0199802b1502be31a0e743d2d6840aa1882b3c04698ad96ad7
SERVER_HANDSHAKE_TRAFFIC_SECRET 6819e57e7a6e3cd666581e758458adcee7d56ad30502bddc9957604434e22562 20121e5e7c48478c17f2a9f172ef7c447665949b0ab49adffdb6c2c0e89cb8c3b771ed9f033eaaf927d6d8e747282959
CLIENT_TRAFFIC_SECRET_0 6819e57e7a6e3cd666581e758458adcee7d56ad30502bddc9957604434e22562 27829041a0fa2db43f26f178f5e771e3f57e130538ebcb7bb0763d0b5a6da46ca41bfd6c28b278f529c8582d018a04e0
SERVER_TRAFFIC_SECRET_0 6819e57e7a6e3cd666581e758458adcee7d56ad30502bddc9957604434e22562 d16f958401dd1b96def9ebc201fdd0e11ddb019c96d78036e68a729d9f8a4953ea633455120016bcff29e15488be00b1
EXPORTER_SECRET 6819e57e7a6e3cd666581e758458adcee7d56ad30502bddc9957604434e22562 c849d6902afbcf90b1413169ebceceb927feb32522f6d01ef217046f6058aa4af8e5c845c83b366c7857a17e19de8dfb
CLIENT_RANDOM dfb06936eea25e152cdb25d5e7b13488265f8aee8bdfb338377c013978dd3268 fb6f910e0c2954bc9a0dda45721e7ac1b001cd260708d52cf907877e7cb4dc059dcde0579413b253b968d5ad9fb76f53
