CLIENT_HANDSHAKE_TRAFFIC_SECRET 5e4e90b741d7fabffd647e7bc05e77e61835967755762eb1e888fc8c0f7b5d76 c7254f016a6f81a29b5fa99d146d73d75419fb50eb1737a699044bab504eeeae
SERVER_HANDSHAKE_TRAFFIC_SECRET 5e4e90b741d7fabffd647e7bc05e77e61835967755762eb1e888fc8c0f7b5d76 2113133bacb0466432c7c3dc776c5d964e8611aac88e7c299c443ca8e1be00af
CLIENT_TRAFFIC_SECRET_0 5e4e90b741d7fabffd647e7bc05e77e61835967755762eb1e888fc8c0f7b5d76 4735fd64530c319632214a00261ac4d2eea8bdd06b1fff3b7486935463433097
SERVER_TRAFFIC_SECRET_0 5e4e90b741d7fabffd647e7bc05e77e61835967755762eb1e888fc8c0f7b5d76 f817f1786da3531f359b1886c710eac7ca5d7b9f0b3daff1afb78c874a9ab5db
EXPORTER_SECRET 5e4e90b741d7fabffd647e7bc05e77e61835967755762eb1e888fc8c0f7b5d76 353156e748a8ecdf2b4c62b2feb09bfe9592beac1f107c288094979a79744674
CLIENT_HANDSHAKE_TRAFFIC_SECRET 4b4bb0f764eea7ed259299acb7f8fd1284a16fc54e5eb6921dd4acaf0f77dc1f 3f93fce642c66d7b7e1549c73b2e34208f760c7f8f35691c8373a7a774fb26f1
SERVER_HANDSHAKE_TRAFFIC_SECRET 4b4bb0f764eea7ed259299acb7f8fd1284a16fc54e5eb6921dd4acaf0f77dc1f 5fbe44e30c43cc56696da9278d138b3b9359444736207139a81d0627ee4c7150
CLIENT_TRAFFIC_SECRET_0 4b4bb0f764eea7ed259299acb7f8fd1284a16fc54e5eb6921dd4acaf0f77dc1f 53e06a49329b6df5b6819652d478b2d730f8aee48f3ba683761fb35520f43703
SERVER_TRAFFIC_SECRET_0 4b4bb0f764eea7ed259299acb7f8fd1284a16fc54e5eb6921dd4acaf0f77dc1f 94100d009b7c40d6a4fc6305314f7a504a153e7beec88faf483382f07dae4e38
EXPORTER_SECRET 4b4bb0f764eea7ed259299acb7f8fd1284a16fc54e5eb6921dd4acaf0f77dc1f 97fc229e51323e8370de10381c82852cc9fc3af452909c646bae0d8b05749767
CLIENT_HANDSHAKE_TRAFFIC_SECRET 66a30b2b71d1f7b84359c41ddb1d3d3aad5600707da4fe838ccf2427afbd713d c4f3df7892b9222e1f8ce07d7c24065f24c3805cdae74984958b81aded209927
SERVER_HANDSHAKE_TRAFFIC_SECRET 66a30b2b71d1f7b84359c41ddb1d3d3aad5600707da4fe838ccf2427afbd713d 8e8d9cafd68e1ab882d3b9032098ba340d506be5e0e31fe4eb1933658da0e27e
CLIENT_TRAFFIC_SECRET_0 66a30b2b71d1f7b84359c41ddb1d3d3aad5600707da4fe838ccf2427afbd713d e033266437feabbd6a39e8e44d807c740bcac8e06d6376e9c21a65bec4454dc2
SERVER_TRAFFIC_SECRET_0 66a30b2b71d1f7b84359c41ddb1d3d3aad5600707da4fe838ccf2427afbd713d c031bfde32a5bca1bbb0cb4738aebbf7739f1045fbd9b0fd55ae3cfed09989d9
EXPORTER_SECRET 66a30b2b71d1f7b84359c41ddb1d3d3aad5600707da4fe838ccf2427afbd713d a9bede75cb61346e72cb1f2455c6921fb7dcc8982ae53d488d924de02144dae2
CLIENT_HANDSHAKE_TRAFFIC_SECRET 5a9decee9b8a1192003e49aa2b97b9bf0ca9952e389ba4d960f62dced6fea419 86db08bf05f164c170aa149745a012c6fa138d3cafd58cf0eceb7c9fd38e6e24
SERVER_HANDSHAKE_TRAFFIC_SECRET 5a9decee9b8a1192003e49aa2b97b9bf0ca9952e389ba4d960f62dced6fea419 f253397370ca0d029f244abfd62cf8aaa2187578afa19548e8be96313538217a
CLIENT_TRAFFIC_SECRET_0 5a9decee9b8a1192003e49aa2b97b9bf0ca9952e389ba4d960f62dced6fea419 90cb2d46da70e100899a89f129f8e5a23e3f0485f2c4371bae9fd32bc2ffae69
SERVER_TRAFFIC_SECRET_0 5a9decee9b8a1192003e49aa2b97b9bf0ca9952e389ba4d960f62dced6fea419 425b77fbeceda62b7cae5cb1816cd3cf677cb3619ec66c416125811113416940
EXPORTER_SECRET 5a9decee9b8a1192003e49aa2b97b9bf0ca9952e389ba4d960f62dced6fea419 1e3ca357d09cadaf7842b7a0398372801bea30291316cd374908b7a2a90cc288
CLIENT_HANDSHAKE_TRAFFIC_SECRET 96c51bcb579199025e39ae9d094e64b4b1bcfef9b1679b5923f3bf5c05eeee11 21c2ed045f9ce2cbb1a0e611f8b60cfe9b8ae6e91c26029515a6a0b4523d3439
SERVER_HANDSHAKE_TRAFFIC_SECRET 96c51bcb579199025e39ae9d094e64b4b1bcfef9b1679b5923f3bf5c05eeee11 1071a0c9d846fb949ba13894a02d0e40c0f60712471c69528552a460ad99727a
CLIENT_TRAFFIC_SECRET_0 96c51bcb579199025e39ae9d094e64b4b1bcfef9b1679b5923f3bf5c05eeee11 a05c3c85a289929a73db6e8533eb55d380e7c85cdb0c615c29ac49286403b789
SERVER_TRAFFIC_SECRET_0 96c51bcb579199025e39ae9d094e64b4b1bcfef9b1679b5923f3bf5c05eeee11 87b115ef62abe14ee8438a76d655ebec48ce5bfd6be8f174b81a22bf6faf8959
EXPORTER_SECRET 96c51bcb579199025e39ae9d094e64b4b1bcfef9b1679b5923f3bf5c05eeee11 2a8e4ebab6242cbc0822b3c8f96187c9baa441e3ab3a0dfaf5655afeef28a676
CLIENT_HANDSHAKE_TRAFFIC_SECRET e4ce634570b8d164d5cc1eae55e9994fd6606056ad1094b121330bd439ce277c 728e0060f9eb07183546b4cb578308126c46965c65d3173078b683a607ec3a13
SERVER_HANDSHAKE_TRAFFIC_SECRET e4ce634570b8d164d5cc1eae55e9994fd6606056ad1094b121330bd439ce277c 9281982fba853c2b26ad30779c76df8ce6ccb90ace32f7b8c3f4cff8bac6183c
CLIENT_TRAFFIC_SECRET_0 e4ce634570b8d164d5cc1eae55e9994fd6606056ad1094b121330bd439ce277c 6573294c997836e0a3a05872e300e13ff78059717f4a1517381597ea3ff808a9
SERVER_TRAFFIC_SECRET_0 e4ce634570b8d164d5cc1eae55e9994fd6606056ad1094b121330bd439ce277c 9e87d53bbe379340ff820b029d14c1f83f962f3613994148afced842d5a9272c
EXPORTER_SECRET e4ce634570b8d164d5cc1eae55e9994fd6606056ad1094b121330bd439ce277c d416d481bde15b5dabb8fe3a75090151264dd57f45124c2c465d2c6bb6d30232
CLIENT_HANDSHAKE_TRAFFIC_SECRET e21b32bf59e28a925584fd5552210d5a32179f6c9c8ee56a4c71f41f62763b56 f8ba87dc3023a762b91b9e41de1777aba57c34d320c20fc025f7e47d875e734e
SERVER_HANDSHAKE_TRAFFIC_SECRET e21b32bf59e28a925584fd5552210d5a32179f6c9c8ee56a4c71f41f62763b56 d7b456b423e2eb2f0dd6c82c7a7229f923dcf9cf314ae8c6bd136e172a3dbc0c
CLIENT_TRAFFIC_SECRET_0 e21b32bf59e28a925584fd5552210d5a32179f6c9c8ee56a4c71f41f62763b56 d8e7403dabd09d35aa1c9d5cea887615e980ce57436107db17bec36ea46cbb4e
SERVER_TRAFFIC_SECRET_0 e21b32bf59e28a925584fd5552210d5a32179f6c9c8ee56a4c71f41f62763b56 de275da8a501f8f658fb0e93a3c31963ef3a483e61cddc3e49e1da197caa5f99
EXPORTER_SECRET e21b32bf59e28a925584fd5552210d5a32179f6c9c8ee56a4c71f41f62763b56 33120f7fc2ae14efdba0abbfbd7e7d0d72c4d37615553e036222670cf169e4bf
CLIENT_HANDSHAKE_TRAFFIC_SECRET 61378f61d2082af5279a60aed20a6563a4a99eac49bf84f7d0b49eaca4976952 5ce628e56ad4aa4e074e5cd4adc92f9b68fcacf18e0a811add0a9f2190808e6d
SERVER_HANDSHAKE_TRAFFIC_SECRET 61378f61d2082af5279a60aed20a6563a4a99eac49bf84f7d0b49eaca4976952 cb57596a4a7b88543aff5b6da17acda05b11b2b35321f8e5654ffcaeb19b07c4
CLIENT_HANDSHAKE_TRAFFIC_SECRET fae60325933b64183fabd28ff98851bddf5128e45a8c933ca160e947a0913942 aeb6ac91f780e1db9c2d084f8ba5d6db04fc2aaa638c5f16be52ad53b638fde6
SERVER_HANDSHAKE_TRAFFIC_SECRET fae60325933b64183fabd28ff98851bddf5128e45a8c933ca160e947a0913942 213e4483d97f58f9227fe08f64c336f34e398388031e76321f6d6ce7e4b9f378
CLIENT_TRAFFIC_SECRET_0 61378f61d2082af5279a60aed20a6563a4a99eac49bf84f7d0b49eaca4976952 fb0821b8a98b8e0539c17100c569082fb9272848257e43fb3359534259d2d239
SERVER_TRAFFIC_SECRET_0 61378f61d2082af5279a60aed20a6563a4a99eac49bf84f7d0b49eaca4976952 f22edc3cfca1927e8ac81fda0fc1fab93b97bb4b455b501046f6518930d292da
EXPORTER_SECRET 61378f61d2082af5279a60aed20a6563a4a99eac49bf84f7d0b49eaca4976952 44a951075e96dc7c7dc4947bb37266afeadd9b90164f091665e7b9ae8b5e4d36
CLIENT_TRAFFIC_SECRET_0 fae60325933b64183fabd28ff98851bddf5128e45a8c933ca160e947a0913942 d7c693fcde57744384bf3da39357e399e108cc985b08ad6827cbe66c0deb89f2
SERVER_TRAFFIC_SECRET_0 fae60325933b64183fabd28ff98851bddf5128e45a8c933ca160e947a0913942 2f70774a91111406612dafc7d41185efad2f430ab64c59a7bf2698da9a45dba6
EXPORTER_SECRET fae60325933b64183fabd28ff98851bddf5128e45a8c933ca160e947a0913942 8c3a2a5fb884427761acb2c9a0f045ec7ec40fbb9747846b31c56141f2f11266
CLIENT_HANDSHAKE_TRAFFIC_SECRET 9171a4a38f54a3bbc2cc8b12c47a678cab9e2b6d50cca8ac27ad188e45d6e134 1eae6a57e88e0b1452c475eccabb6a345452ba9e92dee252369d3452e7292cf1
SERVER_HANDSHAKE_TRAFFIC_SECRET 9171a4a38f54a3bbc2cc8b12c47a678cab9e2b6d50cca8ac27ad188e45d6e134 771ab810a111d34f7a7b8cd08b77441d35967d518c0793281ee944defe088209
CLIENT_TRAFFIC_SECRET_0 9171a4a38f54a3bbc2cc8b12c47a678cab9e2b6d50cca8ac27ad188e45d6e134 a46be476f4bb9e7bce9ac98b53d3d28e4af4b8c34e51b24e92cff75fe5c77243
SERVER_TRAFFIC_SECRET_0 9171a4a38f54a3bbc2cc8b12c47a678cab9e2b6d50cca8ac27ad188e45d6e134 68d2f565bbca55a49e2650685e1a6cb232d99d2f2ca655b7715164db9a85c4de
EXPORTER_SECRET 9171a4a38f54a3bbc2cc8b12c47a678cab9e2b6d50cca8ac27ad188e45d6e134 0ded7fe31eb682d98336bf332dc7e40a654e884ca39bea22bc3e983c80f90008
CLIENT_HANDSHAKE_TRAFFIC_SECRET 0d1fb32407394fd42629bc5f66d404d3b30d318e65493a2b18e0d2fb339e924b 27417d8b6a2bde99df33aca7091da51c2e357c6d66c6c6599feec959ade3c25d
SERVER_HANDSHAKE_TRAFFIC_SECRET 0d1fb32407394fd42629bc5f66d404d3b30d318e65493a2b18e0d2fb339e924b ff7b42e072a5adb5ab27cde87ece5c663eb7e27c8c76344460b890158d92132f
CLIENT_TRAFFIC_SECRET_0 0d1fb32407394fd42629bc5f66d404d3b30d318e65493a2b18e0d2fb339e924b c004f10163ba2c29353f4a2a481a82fd500cfd2b8aa0ca815f8db63face7ebe8
SERVER_TRAFFIC_SECRET_0 0d1fb32407394fd42629bc5f66d404d3b30d318e65493a2b18e0d2fb339e924b 63cff04cccb659655f8ad5f0186870ce02e68c7f59c449a803d4673528efa64c
EXPORTER_SECRET 0d1fb32407394fd42629bc5f66d404d3b30d318e65493a2b18e0d2fb339e924b 0689177b92382cbc2e9bc3de51f9991e6f06c2afbdf98eb53cff5b1c37d948b0
CLIENT_HANDSHAKE_TRAFFIC_SECRET 972b052395da8c1be4f647edd56e47f99e9b28151022c25ae96bb11d8a3fceb7 5ea7cc33abc07b139e1dc44ef0eb756c35bab9aebe4a3f111a88a2e3e985036c
SERVER_HANDSHAKE_TRAFFIC_SECRET 972b052395da8c1be4f647edd56e47f99e9b28151022c25ae96bb11d8a3fceb7 e80e1cb24ac28ea241773b592dc84e1dcc78929b3e395fd71ea3636e27691feb
CLIENT_HANDSHAKE_TRAFFIC_SECRET 5725288fb6a35b21978471092d9197b9014f7b2cb0e5ec0092344a07149b05c6 a0eda9c096c3112205cf6ebb1717fa64bcb79bf5f502b21b6f00466f2e7910a8
SERVER_HANDSHAKE_TRAFFIC_SECRET 5725288fb6a35b21978471092d9197b9014f7b2cb0e5ec0092344a07149b05c6 e97cd602a6c53037c73ab986360ed586962ec20d308fa48f7df6002cd8a7c229
CLIENT_HANDSHAKE_TRAFFIC_SECRET 4c0362646638fb57025a891d63ef5a1e737fa09b2370d299ec02ed3853077066 408b218bba44e57086fd891b631a24befca8b3a6c9a976eef5861230e4c0e3fc
SERVER_HANDSHAKE_TRAFFIC_SECRET 4c0362646638fb57025a891d63ef5a1e737fa09b2370d299ec02ed3853077066 e582ab6248d5fa9de47f7990c145a23822d014d02346c18045a0e2f9e177f057
CLIENT_TRAFFIC_SECRET_0 972b052395da8c1be4f647edd56e47f99e9b28151022c25ae96bb11d8a3fceb7 9ff86a4fb45a03b21b1d666b1401a3fad89db47b658c89f706395f2ad89105d3
SERVER_TRAFFIC_SECRET_0 972b052395da8c1be4f647edd56e47f99e9b28151022c25ae96bb11d8a3fceb7 75ba3ed1c4c6018623cc17eae8dad007bce8ae9bd6070102c2e8ffd5df3ffcbd
EXPORTER_SECRET 972b052395da8c1be4f647edd56e47f99e9b28151022c25ae96bb11d8a3fceb7 7d79ada21b304d109feb13ae3c9e526ca0775684911ba241a2aa412ffba8da7f
CLIENT_TRAFFIC_SECRET_0 5725288fb6a35b21978471092d9197b9014f7b2cb0e5ec0092344a07149b05c6 5c12e265252529d5a37f3c1740f9826f74c1fb15349788f41cbf2a267398f006
SERVER_TRAFFIC_SECRET_0 5725288fb6a35b21978471092d9197b9014f7b2cb0e5ec0092344a07149b05c6 df22692f3245d01f94c2f0c7ebde9aa6dce495d6e93a9b88dddc0c7306c1438a
EXPORTER_SECRET 5725288fb6a35b21978471092d9197b9014f7b2cb0e5ec0092344a07149b05c6 5cad9c19496ed490a2188e706a30448e0328a90f56c54429e9dbdfb86e585adb
CLIENT_TRAFFIC_SECRET_0 4c0362646638fb57025a891d63ef5a1e737fa09b2370d299ec02ed3853077066 b30d6c371f5738df69f50b469273fccb1574a8c7b564a861351176cbac085074
SERVER_TRAFFIC_SECRET_0 4c0362646638fb57025a891d63ef5a1e737fa09b2370d299ec02ed3853077066 29187b5465768954766f299851c3da61752faadba332c5dc78b0fcc4c92c8b0c
EXPORTER_SECRET 4c0362646638fb57025a891d63ef5a1e737fa09b2370d299ec02ed3853077066 edf00722247474b26420aa5339ddb4f971de59d53c360b433f6c4c3617daaef0
CLIENT_HANDSHAKE_TRAFFIC_SECRET 23d6cf52722c633002be267cec3fdc379047eaca49a3869c3a36f990327c184f b073b18170147309f2741e6e2ace33cbfb115cb0001faa9f3d11d4105813dd9d
SERVER_HANDSHAKE_TRAFFIC_SECRET 23d6cf52722c633002be267cec3fdc379047eaca49a3869c3a36f990327c184f 797d6e19d941669b9d4983342319d07c669084dbf25dc65c1917405cf7821679
CLIENT_HANDSHAKE_TRAFFIC_SECRET bcd24c94174f12d064b38c8e091cf1722cc9e4533a2679a642b7ff976c59e41e ee41c929e8cd8bc747794e1bfd185730c403204261291e855520cb7fef57973e
SERVER_HANDSHAKE_TRAFFIC_SECRET bcd24c94174f12d064b38c8e091cf1722cc9e4533a2679a642b7ff976c59e41e 234b2959870ef3f11c2b33155326d341f0f2bb2db5e53899984eeb19fbd80309
CLIENT_TRAFFIC_SECRET_0 bcd24c94174f12d064b38c8e091cf1722cc9e4533a2679a642b7ff976c59e41e 1548ec0bdfe04f499d71a3537b2a91d56d0b5ff1cedf746fa313b3cd8863c85f
SERVER_TRAFFIC_SECRET_0 bcd24c94174f12d064b38c8e091cf1722cc9e4533a2679a642b7ff976c59e41e 2d9a18efb8264eddaf01be96ec548baeae40c791f5938a92c303fab5cdaae58b
EXPORTER_SECRET bcd24c94174f12d064b38c8e091cf1722cc9e4533a2679a642b7ff976c59e41e 3891f02cdcef1a7f29eb0582012d20c259cbcdbd88dcae72868b248f44ea1efd
CLIENT_TRAFFIC_SECRET_0 23d6cf52722c633002be267cec3fdc379047eaca49a3869c3a36f990327c184f 50decae964946d047038561c69ff7160e427dc925dcc1002df85623c62fd8c72
SERVER_TRAFFIC_SECRET_0 23d6cf52722c633002be267cec3fdc379047eaca49a3869c3a36f990327c184f 61ecdb1906cbd48a914066e96d21f7c5278f6a05f87a50a1528510b94f12afaf
EXPORTER_SECRET 23d6cf52722c633002be267cec3fdc379047eaca49a3869c3a36f990327c184f 216cefe08ca7d59c7cd3a56b911cd6561cf9ef6bd457fcb92f5621d46d00e067
CLIENT_HANDSHAKE_TRAFFIC_SECRET 3c6700468d1cf3e22507c0616be575d881b48d913287513175810bee32cab0ca 5386b6a003624ce7e5026fc4a02b9b85215180acc22eb4ca22dc0614a52e8e42
SERVER_HANDSHAKE_TRAFFIC_SECRET 3c6700468d1cf3e22507c0616be575d881b48d913287513175810bee32cab0ca 4badddfd2782f76e57b55953833b8455191a9e5833be45c9bfe662500e6ef190
CLIENT_TRAFFIC_SECRET_0 3c6700468d1cf3e22507c0616be575d881b48d913287513175810bee32cab0ca a426db2247dd0b3514f0fc0775f10af13377b289c2e22782b95d1b72ad2561b4
SERVER_TRAFFIC_SECRET_0 3c6700468d1cf3e22507c0616be575d881b48d913287513175810bee32cab0ca fc0f78b82877f9ac2820b9a1decf22822662c44ec121fffdc99731942d16a004
EXPORTER_SECRET 3c6700468d1cf3e22507c0616be575d881b48d913287513175810bee32cab0ca 33997d4c8322dc2e115032036b85c9d62e2942daf1ee8c680124047a06b3ff0b
CLIENT_HANDSHAKE_TRAFFIC_SECRET 4070e3911f2c47924a9ecc5a4eb76d818f548300d98943714ece57546e333273 f417c8e7af296d231da4058a754b25d85957afc01304ce7c1293186392c11441
SERVER_HANDSHAKE_TRAFFIC_SECRET 4070e3911f2c47924a9ecc5a4eb76d818f548300d98943714ece57546e333273 38b94ca641e4e9d00c31550216cd1c88eb5d8c9465c8cc87b7371b9c32935ed9
CLIENT_TRAFFIC_SECRET_0 4070e3911f2c47924a9ecc5a4eb76d818f548300d98943714ece57546e333273 da9555bca68624bf6c5dcab9fa9a6f6f39440b5570126afc7efa6969a49bb47f
SERVER_TRAFFIC_SECRET_0 4070e3911f2c47924a9ecc5a4eb76d818f548300d98943714ece57546e333273 4ae67f73ab4f9d53b3c94003de9701c249b819ac80ce54d772c9abf933ad618e
EXPORTER_SECRET 4070e3911f2c47924a9ecc5a4eb76d818f548300d98943714ece57546e333273 9dba49340e91e3f6575338c68d36021b483d73fa638a6d44d759fdbd4fa921d2
CLIENT_HANDSHAKE_TRAFFIC_SECRET 1c58de2e7f8e4172307d90637c7e1351dbcf84be88355589ecabd36cc8f281c8 e526d55902e12a9ff5970e088d584229a41f178b900b38acac7ac2a51b6e8974
SERVER_HANDSHAKE_TRAFFIC_SECRET 1c58de2e7f8e4172307d90637c7e1351dbcf84be88355589ecabd36cc8f281c8 54a3b0ed63633fd219b36c48eeac3d6863cdeb481d2807ee2452f1d655026695
CLIENT_HANDSHAKE_TRAFFIC_SECRET 4c276c7a3b7ce191c2e837884a67c558d1acf30b1e7759b04a123772dce47e47 3d0a0a60f1e805c7f0d50cd51d0711cd6d77fe7110389548920a837bf0e4647a
SERVER_HANDSHAKE_TRAFFIC_SECRET 4c276c7a3b7ce191c2e837884a67c558d1acf30b1e7759b04a123772dce47e47 71ce057d6388d3ed487e794a4b12b3eb4a32577c4c33a9f56efea910555930a6
CLIENT_TRAFFIC_SECRET_0 1c58de2e7f8e4172307d90637c7e1351dbcf84be88355589ecabd36cc8f281c8 59f0652339724ecbc74656704fd55eadba6961f68816d554fac97d5e281360e8
SERVER_TRAFFIC_SECRET_0 1c58de2e7f8e4172307d90637c7e1351dbcf84be88355589ecabd36cc8f281c8 cd2e2f5825fe778b98b53a7f89e4d0a0c450ac9055be1e07ed1e3ffbdb1aa708
EXPORTER_SECRET 1c58de2e7f8e4172307d90637c7e1351dbcf84be88355589ecabd36cc8f281c8 62713b183fc2cea25ef5d4474c05e88924f6d4e11c905b62b51f9b900a238000
CLIENT_TRAFFIC_SECRET_0 4c276c7a3b7ce191c2e837884a67c558d1acf30b1e7759b04a123772dce47e47 9de810e0649495dd492daeb924b88b59495156ad2e9d3589fbf8af70dae9efa6
SERVER_TRAFFIC_SECRET_0 4c276c7a3b7ce191c2e837884a67c558d1acf30b1e7759b04a123772dce47e47 d116b6c2a93fe7e7a5d3cf5aa992529163a63d8c681923ee63be34de98fa384f
EXPORTER_SECRET 4c276c7a3b7ce191c2e837884a67c558d1acf30b1e7759b04a123772dce47e47 aacde87e7189fd2036f9a7480d1d0b954e5678e0145209fd3fd5ae0a76e9f07b
CLIENT_HANDSHAKE_TRAFFIC_SECRET 3a1987168bf7b06fc0dfddcaacbb2b54929afddf880c25f2376948cc3624be69 ed962ad434d37b7949daa766ef114cd05f51b49e35b3f8b45691a2cb514c3b79
SERVER_HANDSHAKE_TRAFFIC_SECRET 3a1987168bf7b06fc0dfddcaacbb2b54929afddf880c25f2376948cc3624be69 2ed060ba944ae1b9f86e0fa8e4eed09526fa3d305e15eb8b01efc2fe0cfa0f32
CLIENT_TRAFFIC_SECRET_0 3a1987168bf7b06fc0dfddcaacbb2b54929afddf880c25f2376948cc3624be69 0cd98bd9b97a328598e6a0671b4f09962185bb3f87e21bd305baf560f88b48f5
SERVER_TRAFFIC_SECRET_0 3a1987168bf7b06fc0dfddcaacbb2b54929afddf880c25f2376948cc3624be69 1ef18c44fad384878e4387f5f0d23d6bfff8c7fc8d76da168cf8a1f654caae21
EXPORTER_SECRET 3a1987168bf7b06fc0dfddcaacbb2b54929afddf880c25f2376948cc3624be69 af9f2e699bf1096c6977bb67258c5b253eac3b969dd5e3c2bf459fdec404a836
CLIENT_HANDSHAKE_TRAFFIC_SECRET 6dbba2d83416bc23f2079d19dfe2ed965ede03300df3a556883455455c2d2e29 754dff15032556fceb7620215129b940f865c07b4c212c4819d82666a8374eba
SERVER_HANDSHAKE_TRAFFIC_SECRET 6dbba2d83416bc23f2079d19dfe2ed965ede03300df3a556883455455c2d2e29 45fe6d911f4ef490c71f1c5c1b5476273a62566a0736b60113838024b3fbe368
CLIENT_TRAFFIC_SECRET_0 6dbba2d83416bc23f2079d19dfe2ed965ede03300df3a556883455455c2d2e29 26b23132857c6c149a92fea5f5e5c872f41545b7ca06896463f1f61825ab0593
SERVER_TRAFFIC_SECRET_0 6dbba2d83416bc23f2079d19dfe2ed965ede03300df3a556883455455c2d2e29 33c1637c56b0577d14646acde3d1ddfb631c9c42c19f7358afa8042766a34434
EXPORTER_SECRET 6dbba2d83416bc23f2079d19dfe2ed965ede03300df3a556883455455c2d2e29 29b0777136be3eb8a7b8c1918d9b8a534d320a4613a57cd3c09d7d39637390a9
CLIENT_HANDSHAKE_TRAFFIC_SECRET 7956853e1d05b6ecc739838b3501fd6839b9ba8585fe98564d1554613969e849 a0b2d38e020dc95db742ff20bf8c504d25344193530ef81aa781dd09318b89eb
SERVER_HANDSHAKE_TRAFFIC_SECRET 7956853e1d05b6ecc739838b3501fd6839b9ba8585fe98564d1554613969e849 d1eb9f6c8843e67c5f06bf5c49f85772f990b39f7848b6fbbd97a54f4a76ea29
CLIENT_TRAFFIC_SECRET_0 7956853e1d05b6ecc739838b3501fd6839b9ba8585fe98564d1554613969e849 67a679e6a283b959ed24830d103c8c19846bd67c754ffd40a6eb4e021fcbe77c
SERVER_TRAFFIC_SECRET_0 7956853e1d05b6ecc739838b3501fd6839b9ba8585fe98564d1554613969e849 e4d12f5439796f4109e45eeeaa32d16c3c6f659be86cabf848b7d9584ab2c15b
EXPORTER_SECRET 7956853e1d05b6ecc739838b3501fd6839b9ba8585fe98564d1554613969e849 2f1190c94d8b5eb647de377119fb8c3ad0c6813b620abf36efacbf49efb6ada2
CLIENT_HANDSHAKE_TRAFFIC_SECRET 18b12be9dc60d1bba7eb791c2dacc85bf610aa9b23b8c1b97ff2f887d4bcf977 eec6d586d5c5e744260d8a0707bab0776f85b1b4508834d285f4765bdbeea3ea
SERVER_HANDSHAKE_TRAFFIC_SECRET 18b12be9dc60d1bba7eb791c2dacc85bf610aa9b23b8c1b97ff2f887d4bcf977 c9ad8235ca342af02b2082378f3bdc363bf2a854dd58eea1420d481863ef6b7a
CLIENT_TRAFFIC_SECRET_0 18b12be9dc60d1bba7eb791c2dacc85bf610aa9b23b8c1b97ff2f887d4bcf977 b264e98b86ad82404bf5741ab67707aef9754abd2eb5655e6f00c9c4e9923320
SERVER_TRAFFIC_SECRET_0 18b12be9dc60d1bba7eb791c2dacc85bf610aa9b23b8c1b97ff2f887d4bcf977 4deb43f8d01a7df38b8003d8983bd04298a72dca7a14d58e445384a617d0bf3f
EXPORTER_SECRET 18b12be9dc60d1bba7eb791c2dacc85bf610aa9b23b8c1b97ff2f887d4bcf977 d1dec9730d70ec636f88c755f663bcd47a8748b366a9148e3e4f24e159cc5098
CLIENT_HANDSHAKE_TRAFFIC_SECRET 1f79d7ae669f148478aa91cb9c9b93538ce49d85416b58d88e29950a30f1985b 7761a8383c82c95d13e0a105f70fe49b165b240a3066bbd92f1c89c032562b9f
SERVER_HANDSHAKE_TRAFFIC_SECRET 1f79d7ae669f148478aa91cb9c9b93538ce49d85416b58d88e29950a30f1985b fca41aaa75c2602d95b5e6720b0643deba82d69c951e92dbd940c3a9bed374bb
CLIENT_TRAFFIC_SECRET_0 1f79d7ae669f148478aa91cb9c9b93538ce49d85416b58d88e29950a30f1985b a523ab4257a5ce5f0c7bed422627d273f2d2e0e40fa7077b5eb19fc71d5d6f05
SERVER_TRAFFIC_SECRET_0 1f79d7ae669f148478aa91cb9c9b93538ce49d85416b58d88e29950a30f1985b 7176a8f559e7a44172dbb316f023143f0d07584eb8c6a728d987b92f829f3f46
EXPORTER_SECRET 1f79d7ae669f148478aa91cb9c9b93538ce49d85416b58d88e29950a30f1985b 2c7d23226ee407ab423a0ae7f7178f57ce6ce7fa703d24263566b9b50acd25d7
