CLIENT_HANDSHAKE_TRAFFIC_SECRET 9e7b209cf1521b87ddd87685b3b9a60bcef13c140a771aa64b56409f9e2033fb 238b2328f0229d103bd4f3d10046e033840d76103295a966e1e3e8687d749955
SERVER_HANDSHAKE_TRAFFIC_SECRET 9e7b209cf1521b87ddd87685b3b9a60bcef13c140a771aa64b56409f9e2033fb 1e0919d1d136d7602b98754be4375e444e8f9a6d842b5c37e9e170c8a5c05674
CLIENT_HANDSHAKE_TRAFFIC_SECRET 549dd1e415ba9d8d6816dd7cd7cc8fb3157115f371b942914ddb3c6847ffe33d dd6c8fca8f1033f61b675067dde621e4de09c6283e66bd4c59675b5417962f97
SERVER_HANDSHAKE_TRAFFIC_SECRET 549dd1e415ba9d8d6816dd7cd7cc8fb3157115f371b942914ddb3c6847ffe33d 228f250dd5f3fe13e5dbfbd4e04d788e05d61d189057961167d6e3f38f831f43
CLIENT_HANDSHAKE_TRAFFIC_SECRET 4c0699772dcc8bf0eede0fe71ed862205e1735ec826efe1fb8835b4bec54201b 9d6531456465738b3d41faa1fe89984761ed0897b5099b0a1a77dccb4b36a0bc
SERVER_HANDSHAKE_TRAFFIC_SECRET 4c0699772dcc8bf0eede0fe71ed862205e1735ec826efe1fb8835b4bec54201b 4bcd785150d7c03525599f734c4cabd203e1b8ab6be8a68968a8dd41c68a7997
CLIENT_HANDSHAKE_TRAFFIC_SECRET 8977898ed7f0d8602b29799a3651f86952ba6df2cdf6125065ffef8e239123ee d7ad5d2822a38a6b588dff25b737d73aefebe481784260a5d010e63f4e083efd
SERVER_HANDSHAKE_TRAFFIC_SECRET 8977898ed7f0d8602b29799a3651f86952ba6df2cdf6125065ffef8e239123ee 65c456fe1be1974bbc0f0669b33a4fc6716d6c06f3848daf3ed3618a9a5ff19c
CLIENT_TRAFFIC_SECRET_0 9e7b209cf1521b87ddd87685b3b9a60bcef13c140a771aa64b56409f9e2033fb 7893a033a1b88e9d0f768f79832f77515280f54c6f33fa8b94d9f764e1f15c0d
SERVER_TRAFFIC_SECRET_0 9e7b209cf1521b87ddd87685b3b9a60bcef13c140a771aa64b56409f9e2033fb 2ac29e65344d890c434b4f3fee38b0370c5c1096d3ad5d366a66fd7752cbdac2
EXPORTER_SECRET 9e7b209cf1521b87ddd87685b3b9a60bcef13c140a771aa64b56409f9e2033fb 593ee2596b98e087e68a67b3e0d4d35ff53b75c8ae290892c0532c05436bc2bb
CLIENT_TRAFFIC_SECRET_0 549dd1e415ba9d8d6816dd7cd7cc8fb3157115f371b942914ddb3c6847ffe33d e9ddc34e2a33cb152722af6d5bd56f540cc9c2849ae1b23240f2142386396e7c
SERVER_TRAFFIC_SECRET_0 549dd1e415ba9d8d6816dd7cd7cc8fb3157115f371b942914ddb3c6847ffe33d ad769cb0a04286d026db4002bb0fabecda0522763a8f62ef6cbff865918946d7
EXPORTER_SECRET 549dd1e415ba9d8d6816dd7cd7cc8fb3157115f371b942914ddb3c6847ffe33d b9d64cc2c4a1c9f69718e7c4ecfa8654c692ab52373f8669f016e46677390c38
CLIENT_TRAFFIC_SECRET_0 4c0699772dcc8bf0eede0fe71ed862205e1735ec826efe1fb8835b4bec54201b 1b51743a92a5907a4c7cac31d46a7b8a3961ce4bbde247c9880b6e8bd8fc2d37
SERVER_TRAFFIC_SECRET_0 4c0699772dcc8bf0eede0fe71ed862205e1735ec826efe1fb8835b4bec54201b 23172dd1394a608ffc37ec688b0b97c8d2e8469d4b5a987e2598644cf90bd9e9
EXPORTER_SECRET 4c0699772dcc8bf0eede0fe71ed862205e1735ec826efe1fb8835b4bec54201b 922e7131bb79e621741b8c9fa722d7203bb315f3bbd8ed53bcbf306a73fd9b4b
CLIENT_TRAFFIC_SECRET_0 8977898ed7f0d8602b29799a3651f86952ba6df2cdf6125065ffef8e239123ee 9977e65088a3e14a6e6f0ac49f29c83a7f88bb2e91023244b4049c0b5f2a5c11
SERVER_TRAFFIC_SECRET_0 8977898ed7f0d8602b29799a3651f86952ba6df2cdf6125065ffef8e239123ee 0160e4744c74eec3bc5550a36edd7bb21377676df281467a8ae48507ba687264
EXPORTER_SECRET 8977898ed7f0d8602b29799a3651f86952ba6df2cdf6125065ffef8e239123ee 9c5f348103b3dd5a5660ccd266d1ab22f116db9b219c2ad9ea017bbee47ae4be
CLIENT_HANDSHAKE_TRAFFIC_SECRET ae0f1894f9c19985efa2bc61bbd4838b6fe4e33d630f560ecd9c86a982a6bb45 14c4b2ecd6753033ab3491f2c0c8765a71e7bd7220e8ef9510a06366ff3da1f0
SERVER_HANDSHAKE_TRAFFIC_SECRET ae0f1894f9c19985efa2bc61bbd4838b6fe4e33d630f560ecd9c86a982a6bb45 d9e671ed8905834f0156f7fe60bae738556a04e91927882a29443e25fa4349f7
CLIENT_TRAFFIC_SECRET_0 ae0f1894f9c19985efa2bc61bbd4838b6fe4e33d630f560ecd9c86a982a6bb45 657761384105c15435e92d245ba848509dbf219eb712896502d2a4033641b5b1
SERVER_TRAFFIC_SECRET_0 ae0f1894f9c19985efa2bc61bbd4838b6fe4e33d630f560ecd9c86a982a6bb45 9d6d1aafb983245ec2d7688eefdedd65c7728f0c75654aaba67faddf8bd66d57
EXPORTER_SECRET ae0f1894f9c19985efa2bc61bbd4838b6fe4e33d630f560ecd9c86a982a6bb45 9497ecd4fbe9cf9dc6416474e17b9715657835b8dbd8326456b3c046e337379e
CLIENT_HANDSHAKE_TRAFFIC_SECRET ace2f98bbca698487c5ef431f5c6c9b5413b0a4e2821d01b15ef139cff9357a5 850412b8566202fa156569d9ef5f38156225e6a3d7abb9313f946ffbbca235ad
SERVER_HANDSHAKE_TRAFFIC_SECRET ace2f98bbca698487c5ef431f5c6c9b5413b0a4e2821d01b15ef139cff9357a5 9fd50c4ca32affc9c1526cdd4849c0dcbcf50b13a74c21b93b4e33daa794641f
CLIENT_TRAFFIC_SECRET_0 ace2f98bbca698487c5ef431f5c6c9b5413b0a4e2821d01b15ef139cff9357a5 13ec285383b6adffb7b08fd618878d591427aced4f04361bc4c25322e82dc984
SERVER_TRAFFIC_SECRET_0 ace2f98bbca698487c5ef431f5c6c9b5413b0a4e2821d01b15ef139cff9357a5 adb14651d00a3a5c42c42d345cfc098befe136a877554fc98068ccc8944a58fe
EXPORTER_SECRET ace2f98bbca698487c5ef431f5c6c9b5413b0a4e2821d01b15ef139cff9357a5 46b3b1765b3d6a2045ddae20557e5c49484ed16f7b79e73e82edf2f3f5377793
