CLIENT_RANDOM 042d56d7fa1d4af1848f8a3eddf1f6bd2e0812d7e61bb9a3ef2970b74e0ef41d aa570f071d2b2575e9be845adc6a0df90c6e3088131505e57d7d6e418cf3ce787d9125658caef8691509967282901a52
CLIENT_HANDSHAKE_TRAFFIC_SECRET a89e1cbf64b37af6e79ba4a63bf4be385c0b6657b0a6c94fecedc484a8d5c31d 29bb0345a15740c3eba2c827fc5cede9855b784dfd3b5ad507a77c7f567d0b7d
SERVER_HANDSHAKE_TRAFFIC_SECRET a89e1cbf64b37af6e79ba4a63bf4be385c0b6657b0a6c94fecedc484a8d5c31d aeeadf1c6de10cf69ce16c61070ab18ae54902a7ef959571db1cffe17d861082
CLIENT_TRAFFIC_SECRET_0 a89e1cbf64b37af6e79ba4a63bf4be385c0b6657b0a6c94fecedc484a8d5c31d b4ef65983d61d688f0ad338d1c93239d25a732348a1e62f9c5f29d2f97b7bb53
SERVER_TRAFFIC_SECRET_0 a89e1cbf64b37af6e79ba4a63bf4be385c0b6657b0a6c94fecedc484a8d5c31d 01f3e8f6e2dae568cb307e15a75b5fb38753967d88e4a027030a757d94df85c5
EXPORTER_SECRET a89e1cbf64b37af6e79ba4a63bf4be385c0b6657b0a6c94fecedc484a8d5c31d ac8d02605ecc9582a10e13217cca0cc7712dcfb18cc1c123f983f37d6302a6b6
CLIENT_RANDOM 8ca49ce83c29e0b603bd1c68e102bd91c2bb8661c807d501d5501a72a1cd53d7 7192900b51e28a336876570e0bf6a4f6bdc8e72b3af0f3f1d52dfdee2cc253b8aa809abfbb8d772486a9933a65dcb6dd
CLIENT_HANDSHAKE_TRAFFIC_SECRET 50575a51871492ab79b87c87876627acbf6e15819c35b1e4cf7b46acd136c77b b7c53d93a1170a0830cfde13948e213538e16e59a746478459416172ce241b8c
SERVER_HANDSHAKE_TRAFFIC_SECRET 50575a51871492ab79b87c87876627acbf6e15819c35b1e4cf7b46acd136c77b ce1f7af89cf96681ff0d59046fe12ec45591e1e509f70ba400398ec79176facb
CLIENT_TRAFFIC_SECRET_0 50575a51871492ab79b87c87876627acbf6e15819c35b1e4cf7b46acd136c77b e281b56a29096141e3cf9f4ae0c17fc86c55cf35405fd0de863f7a33bf5222ee
SERVER_TRAFFIC_SECRET_0 50575a51871492ab79b87c87876627acbf6e15819c35b1e4cf7b46acd136c77b bcd3c952f56e51f7a9bde9b090f4523b3e1fda2c37cb5219499f3e5935caf90b
EXPORTER_SECRET 50575a51871492ab79b87c87876627acbf6e15819c35b1e4cf7b46acd136c77b 51c5528a4e40108400bcdb57f765d1998ecf8cbe972638db629f7b92b0a1dc57
CLIENT_HANDSHAKE_TRAFFIC_SECRET 9dbf8e40c2afb56c09ef294affc4156fce39ac5a310202d4907fe43ab06b0102 ba045e3cd393851bd08831d0df5c1a1193aeb59201f571551006d2b6c26d36d6
SERVER_HANDSHAKE_TRAFFIC_SECRET 9dbf8e40c2afb56c09ef294affc4156fce39ac5a310202d4907fe43ab06b0102 93d2bd780e56942e46882187a7453233f51dfdac5555f61f495ab48002d9314a
CLIENT_TRAFFIC_SECRET_0 9dbf8e40c2afb56c09ef294affc4156fce39ac5a310202d4907fe43ab06b0102 22df86570c3d90030601050974fe5bff01929cb07d15ce4ad75ae04463d1a5be
SERVER_TRAFFIC_SECRET_0 9dbf8e40c2afb56c09ef294affc4156fce39ac5a310202d4907fe43ab06b0102 50d7e24e626694cf126ec2387b79b549e17d188b2d277ae42df10829ffaeedf0
EXPORTER_SECRET 9dbf8e40c2afb56c09ef294affc4156fce39ac5a310202d4907fe43ab06b0102 ccf68caf9b56512c0d13213304fab3f97ba8bcb9655b2f4205cd7d7acd8679e2
CLIENT_HANDSHAKE_TRAFFIC_SECRET 7073b43c4faf50c54e53e314f2be5c0bffd2351a8dae41572d5bbf1d99f62624 4f89a16130372a57a08a04f7cbbc0e10a781345fc0a402d7fd213786f35bcffd
SERVER_HANDSHAKE_TRAFFIC_SECRET 7073b43c4faf50c54e53e314f2be5c0bffd2351a8dae41572d5bbf1d99f62624 2dd0529767d29a4781ac382fac44c1655d93ef629736457ddf3cab43d3e373dc
CLIENT_TRAFFIC_SECRET_0 7073b43c4faf50c54e53e314f2be5c0bffd2351a8dae41572d5bbf1d99f62624 b33d4776af15ac8f144bcb5e42a70127ae64694a550ffcfcaabe07b30ba3efe2
SERVER_TRAFFIC_SECRET_0 7073b43c4faf50c54e53e314f2be5c0bffd2351a8dae41572d5bbf1d99f62624 dbf3b5d7edfa7da3400ef80cad9c43196f93cc6eb2b79fe7bb8b5054b758ee1e
EXPORTER_SECRET 7073b43c4faf50c54e53e314f2be5c0bffd2351a8dae41572d5bbf1d99f62624 f3867eda657ac7b28b17867ea147f891df6c57033e98ad826b6ce6e4a509c7e6
CLIENT_HANDSHAKE_TRAFFIC_SECRET b7c79813e39db316a550479c52132801ddf6e96eaed6320e243454679ae3ed91 06e7dca105005899ed888123755f3304019a3c61a2a7225a123cfec3f9997359
SERVER_HANDSHAKE_TRAFFIC_SECRET b7c79813e39db316a550479c52132801ddf6e96eaed6320e243454679ae3ed91 9eadcdf216dbaefdffe5e51af491d5a5ae433799b47d23ff45b403a3acca03ab
CLIENT_TRAFFIC_SECRET_0 b7c79813e39db316a550479c52132801ddf6e96eaed6320e243454679ae3ed91 e5963a0dc880dc6980fff0f50a3722754adb36f251b55b9993e8b48f5562f21a
SERVER_TRAFFIC_SECRET_0 b7c79813e39db316a550479c52132801ddf6e96eaed6320e243454679ae3ed91 4e58be1310078cd53f577064109e6bc9383a3220e9997127a934c70c18e89e61
EXPORTER_SECRET b7c79813e39db316a550479c52132801ddf6e96eaed6320e243454679ae3ed91 68711caa073a0ea80ea8b03fcf6496efda8fd06bc08eb493178b4cdd6ab07c7f
CLIENT_HANDSHAKE_TRAFFIC_SECRET 0a13929fe94aa7ece5d194805cc840e677451796055f90455bc9663c15006c87 0d6b0b94de43e5d83694f41b49939a170b007cfb17640f0b32b2d598265de82b
SERVER_HANDSHAKE_TRAFFIC_SECRET 0a13929fe94aa7ece5d194805cc840e677451796055f90455bc9663c15006c87 c95674cedc8cedc41016651eb759edd998c92d60420a9380a4bf11255583f17b
CLIENT_TRAFFIC_SECRET_0 0a13929fe94aa7ece5d194805cc840e677451796055f90455bc9663c15006c87 52f158525bdc51b8a9a854d1bd1ac4e26979853e4bcab2fc596c089ba717a00c
SERVER_TRAFFIC_SECRET_0 0a13929fe94aa7ece5d194805cc840e677451796055f90455bc9663c15006c87 162b33af1915be15bfe65d30b30029d5a35277e9c99510d7d6fdca6e1168a552
EXPORTER_SECRET 0a13929fe94aa7ece5d194805cc840e677451796055f90455bc9663c15006c87 9bbf0699b99cefb50884fe44718339802ca0a3ed40a98fd3f4cc978ab5d50ef6
CLIENT_HANDSHAKE_TRAFFIC_SECRET b34b0b5ae946cdfd666c6ed788248d42f2e4da71aee36f41da1c70e66f578959 216a261ffb19d364a4da81f92ee72595fddb444bcded3be3a4d08f5de7dd7977
SERVER_HANDSHAKE_TRAFFIC_SECRET b34b0b5ae946cdfd666c6ed788248d42f2e4da71aee36f41da1c70e66f578959 5f84952be2943c61ad98a76ff44658466cfb664d7e4a4eefabcdccf830d03b49
CLIENT_TRAFFIC_SECRET_0 b34b0b5ae946cdfd666c6ed788248d42f2e4da71aee36f41da1c70e66f578959 1583fe995f6aa56fe433496e2c2733e09ee159c64128204cac3438af0433d852
SERVER_TRAFFIC_SECRET_0 b34b0b5ae946cdfd666c6ed788248d42f2e4da71aee36f41da1c70e66f578959 7000f5e3b0367e2e83263bc8e368bf422493e6eab5983e5132386ae57460db7b
EXPORTER_SECRET b34b0b5ae946cdfd666c6ed788248d42f2e4da71aee36f41da1c70e66f578959 5d0025547eb09636f887a6a70249fd87550397b13274bc95478a49ce91bd8141
CLIENT_HANDSHAKE_TRAFFIC_SECRET 105525f310375fa1e17686fdb79ecbd9da07d759ebbdff27758862d3e5de6167 ed470e35ba9fd8a98f6b4a5e5691fffc2fdbafc9d42e75f54a8f3b368f2a5a9c
SERVER_HANDSHAKE_TRAFFIC_SECRET 105525f310375fa1e17686fdb79ecbd9da07d759ebbdff27758862d3e5de6167 266cbcfd38e7dde5643db34917476c868b5d375b7aa3fbaff750bb0e9eb6bc03
CLIENT_TRAFFIC_SECRET_0 105525f310375fa1e17686fdb79ecbd9da07d759ebbdff27758862d3e5de6167 13d6a2f6b99e4782a4b1856437d9d7df0ac6dfcf15b5a30b5e939e314be843f1
SERVER_TRAFFIC_SECRET_0 105525f310375fa1e17686fdb79ecbd9da07d759ebbdff27758862d3e5de6167 e5aca55287f4c10e7caeef223de16fa329fff6fe09fe2048661bd5cffc6a7079
EXPORTER_SECRET 105525f310375fa1e17686fdb79ecbd9da07d759ebbdff27758862d3e5de6167 5fff2e3c14ce1340df0c50a1d3d280c90135c1c05600b9d094fe6e60144fb07c
CLIENT_HANDSHAKE_TRAFFIC_SECRET 17d366dc643dc7d4552f87c2b0c139e0566c0e4decba92bc880d963d7798a224 a97333954e251bc92b6a8b6cb20bf9571cbeb45e943532db2f05f13927e84512
SERVER_HANDSHAKE_TRAFFIC_SECRET 17d366dc643dc7d4552f87c2b0c139e0566c0e4decba92bc880d963d7798a224 496a81be97d68f8562934036fbfb436bade9beaf2bab66bd0b9ab16a61ad041c
CLIENT_TRAFFIC_SECRET_0 17d366dc643dc7d4552f87c2b0c139e0566c0e4decba92bc880d963d7798a224 eaad19e7cee200a2597a107aefb27a4794af27c4207c2e240e25f2531a3aab16
SERVER_TRAFFIC_SECRET_0 17d366dc643dc7d4552f87c2b0c139e0566c0e4decba92bc880d963d7798a224 e62e1634bf58357c4283e3f8ad16f4987d993f405b5530140238c6dc69abe223
EXPORTER_SECRET 17d366dc643dc7d4552f87c2b0c139e0566c0e4decba92bc880d963d7798a224 8800254aa97b7524b0d6006d02913c98429d6c53c259e334d680f6ed8eee5ad8
CLIENT_HANDSHAKE_TRAFFIC_SECRET ddb1f5630d0d393d20a07e3e6b11cdda7df62f4ae4558d966a9d59b38635221a c20915ed039f45ea2fff6cc62b4a0ac3ddd2fb0ba56a3e2adb661fb8edeb3007
SERVER_HANDSHAKE_TRAFFIC_SECRET ddb1f5630d0d393d20a07e3e6b11cdda7df62f4ae4558d966a9d59b38635221a d8877dde42092237960cf67129dc0e6e88bbef704e73885a9d78df5ac162b4ac
CLIENT_TRAFFIC_SECRET_0 ddb1f5630d0d393d20a07e3e6b11cdda7df62f4ae4558d966a9d59b38635221a 8d12d81994950a3c28b55869c808c17f9b97c986daceee8b5c054072f83ee668
SERVER_TRAFFIC_SECRET_0 ddb1f5630d0d393d20a07e3e6b11cdda7df62f4ae4558d966a9d59b38635221a aa044e9f3d11e53a3b1fa1fbe9818feb75b367831b61de891fb066eff9fa98bb
EXPORTER_SECRET ddb1f5630d0d393d20a07e3e6b11cdda7df62f4ae4558d966a9d59b38635221a 45691732552fd05e6a880b3ecada2d88e64977373897f2b20a0e393d5ad9ac24
CLIENT_HANDSHAKE_TRAFFIC_SECRET 98b03db0c6d526edef1f3a094c51d1cc7b28b85de858c26ab3a9b4fc76439793 a31b263e1534c0122bd59bba7c2b378ff65ba5f34db59aada1eb3ec0e8122abf554a1089216f06ab26a303ff583e6175
SERVER_HANDSHAKE_TRAFFIC_SECRET 98b03db0c6d526edef1f3a094c51d1cc7b28b85de858c26ab3a9b4fc76439793 7e8b1458c27e06691f91126d1e11408e161cd0f468f8335723cf318b13a4da45e0637cc965a68f21166508737022531d
CLIENT_HANDSHAKE_TRAFFIC_SECRET ac5c73294d351d4b71bb4ec9f1a936668f013d16d8536dec9f11a6500be79b74 a22e3f739498cef8206a7adbd26d2484492c3b8d8158be00dfa80caf5e991a5f9a7121502eb20eda3a1a3f0e67ed4fb6
SERVER_HANDSHAKE_TRAFFIC_SECRET ac5c73294d351d4b71bb4ec9f1a936668f013d16d8536dec9f11a6500be79b74 0563dd2cc576c26a481dd2359db0268361326c7144d232e2c22d7069e0cad0545a2c65d23683d82cbb56bb70c493293c
CLIENT_HANDSHAKE_TRAFFIC_SECRET 931fba988ca8334fc384ce86143cc1381cc8b26e65381631f434ba8e62cd99a0 0fb91f31f2c64701815e094dbb14691be341e8be6c80d2f883df90742e0436f527e9cd7a21f06f200b2b22d1779e64a0
SERVER_HANDSHAKE_TRAFFIC_SECRET 931fba988ca8334fc384ce86143cc1381cc8b26e65381631f434ba8e62cd99a0 4f3632dfa187327caa01b6101ebd4f2b526de6d52835d04abce9044c5e03d3a0e3279e4fb96774c1cb25fc8e332e355d
CLIENT_TRAFFIC_SECRET_0 98b03db0c6d526edef1f3a094c51d1cc7b28b85de858c26ab3a9b4fc76439793 2b24940c053286688b07fed80179ca131d5f2585161e0564461d2b6c4d056045f8e8837c4eeadf24459a4d11ea8eb88f
SERVER_TRAFFIC_SECRET_0 98b03db0c6d526edef1f3a094c51d1cc7b28b85de858c26ab3a9b4fc76439793 4ddd748b5ce557cd57784be0dce64d0c586b97bd8896bc5ab78c903cb73defece4af98305be45365ef86ea034182b1c2
EXPORTER_SECRET 98b03db0c6d526edef1f3a094c51d1cc7b28b85de858c26ab3a9b4fc76439793 f889cb2e7994e9c7e27e7152c10ae60422092f0833295eecfc94e560eadb68f5de6c99ebf394ef799b4fc49e706962a1
CLIENT_TRAFFIC_SECRET_0 ac5c73294d351d4b71bb4ec9f1a936668f013d16d8536dec9f11a6500be79b74 4a1dbbb2d71cd82366770646b2e4f568f96b94f5d22ababdf4da44145adffd453fb9d199750fa95f8fc528f0c2840c88
SERVER_TRAFFIC_SECRET_0 ac5c73294d351d4b71bb4ec9f1a936668f013d16d8536dec9f11a6500be79b74 f03b076f4b7a7b9725a57193dc589e240870fb970d68db634c471cd7a6705734ca4d2577d1356ae0fc9c1fdacd68884e
EXPORTER_SECRET ac5c73294d351d4b71bb4ec9f1a936668f013d16d8536dec9f11a6500be79b74 884b800e5a4e15f6f523590e67bd74bc517c32de5fd22aff4c789b112a1ff726db989b757d298d4778eb8892f57b10e3
CLIENT_TRAFFIC_SECRET_0 931fba988ca8334fc384ce86143cc1381cc8b26e65381631f434ba8e62cd99a0 19b1747958673148d343df0e97a547e5636cda670a0e9c66939c7f3c36c8cb632e3d512caa14063599b34bb14cdd4aeb
SERVER_TRAFFIC_SECRET_0 931fba988ca8334fc384ce86143cc1381cc8b26e65381631f434ba8e62cd99a0 73f9c724826567c44a93505ea83c8a49c7774c03499272c461fd1884561b67ab03e97109773615281d24dfaa69ef1a1e
EXPORTER_SECRET 931fba988ca8334fc384ce86143cc1381cc8b26e65381631f434ba8e62cd99a0 a09d039bf21c8d43bf2fb1a4010aef35e089b399e4255c22f5d955603e8555f044546abd227f668fccf3bd0b305db92b
CLIENT_HANDSHAKE_TRAFFIC_SECRET 15bca5edee8b49989ff6b01560894f5a32b8ad9a977807f72b345811c28fb640 57232fcd22c1d25db19ec9401100798c5d2899f164e5660209887cc8541e0a81036a906efc2a85a329f82a9c7e4b1516
SERVER_HANDSHAKE_TRAFFIC_SECRET 15bca5edee8b49989ff6b01560894f5a32b8ad9a977807f72b345811c28fb640 33635c44fcac6d53f195a6f61efe2e3d8e31bf57129577268e45057edb1c906e1838b139b56230295acd83db36a580e8
CLIENT_TRAFFIC_SECRET_0 15bca5edee8b49989ff6b01560894f5a32b8ad9a977807f72b345811c28fb640 f993feea482963aad08327d251a94c571e78824738467b78bf991467c0ed064f8675ad0bab34a1bc14669230ea3b8a39
SERVER_TRAFFIC_SECRET_0 15bca5edee8b49989ff6b01560894f5a32b8ad9a977807f72b345811c28fb640 0570da2a8a13735a8e52e16bc8fa3ade30f509583a3262aab2bb7911175e853d0db73230defc97d13cafe1cbc43bfac9
EXPORTER_SECRET 15bca5edee8b49989ff6b01560894f5a32b8ad9a977807f72b345811c28fb640 fd3b05525f64fe24ec00f2a4c5cdae5a763ea5ebb06606633d7f09c235941a50f9ca66abea0e9e333105714fb21b2138
CLIENT_HANDSHAKE_TRAFFIC_SECRET bc6c4a966983aad2c560f024cc220d10af36e02f26554d1943a172ec104e3980 f2c1afa9510d051f9ddd86d65f022cf545fbeef695f1ac5a24c04c92e5757414ab772605fd16e554494eca0f174c1577
SERVER_HANDSHAKE_TRAFFIC_SECRET bc6c4a966983aad2c560f024cc220d10af36e02f26554d1943a172ec104e3980 d131fdf1996a915a4ad7ae3a15e8b333a69cd7e41b72c9862b39dbf74549cc491600c335c82bdbf99cdfa9bfef456d29
CLIENT_TRAFFIC_SECRET_0 bc6c4a966983aad2c560f024cc220d10af36e02f26554d1943a172ec104e3980 136f76a02afc4f4b373b98715b616832fc47c17ca6ff2dceae4b4d90b006d60ef6ddbc77af0f8b3ff0804a5f30094359
SERVER_TRAFFIC_SECRET_0 bc6c4a966983aad2c560f024cc220d10af36e02f26554d1943a172ec104e3980 eae3c8b3e909c41e790560e3129bc8968f56771174a2f81148e935a710ba0a13277aee5f05fede9fb16331b413838b8e
EXPORTER_SECRET bc6c4a966983aad2c560f024cc220d10af36e02f26554d1943a172ec104e3980 88cb0ed07bc072a1c61b738cf1a3a49008eaebd77136b3e9f35ebe67be91130465a61215e192641b3a1eea8244980880
CLIENT_HANDSHAKE_TRAFFIC_SECRET fa46ed8285cca3d9cea2ca6eb4eafe12afe06100e3fc699f5305030945fd4507 af23022428c6a046d336512015c68f09e309c4af3fe4b1834be7521b1847f0f22e209d60923541a910d1cd9c995c3276
SERVER_HANDSHAKE_TRAFFIC_SECRET fa46ed8285cca3d9cea2ca6eb4eafe12afe06100e3fc699f5305030945fd4507 0eb6fdd49d2aeb838424b6638a0ba837aaa039e9998a090c3722992a24fb3ca16af1418621438303089d701afc40451b
CLIENT_TRAFFIC_SECRET_0 fa46ed8285cca3d9cea2ca6eb4eafe12afe06100e3fc699f5305030945fd4507 c70f984a3cf19f2e5aba3857dcc539bb2a8e412f0b96794835ab42204b6f656d6144d29897401da4bfe28f8c50deeb51
SERVER_TRAFFIC_SECRET_0 fa46ed8285cca3d9cea2ca6eb4eafe12afe06100e3fc699f5305030945fd4507 0f8ddbe8aed3ae4e69ff88a943cbd7e835654c056451bfb6c5ce50975ee636ff323ab62069ce977dd928a548256bf014
EXPORTER_SECRET fa46ed8285cca3d9cea2ca6eb4eafe12afe06100e3fc699f5305030945fd4507 497dba7dd60eb348531fea7f830edbfa992afa447875dee409b81eca041b778206e2bd987e954ff950622831dcac7e7e
CLIENT_HANDSHAKE_TRAFFIC_SECRET cdea378c9dfd084948f237fd91ea1df7d616d8e815564513f28fafacae85b1a7 d496c943b347a57b9698788e01af71d963909311595b2d1dca4872b0c6590606
SERVER_HANDSHAKE_TRAFFIC_SECRET cdea378c9dfd084948f237fd91ea1df7d616d8e815564513f28fafacae85b1a7 4f6353921c203970a00f1ab1b95f22fc294597de924f1bd23bec6a8f608e70e9
CLIENT_TRAFFIC_SECRET_0 cdea378c9dfd084948f237fd91ea1df7d616d8e815564513f28fafacae85b1a7 84922f1205e95e8278150d39b5435e0f75814854a86f8ace9bda666cae2864c7
SERVER_TRAFFIC_SECRET_0 cdea378c9dfd084948f237fd91ea1df7d616d8e815564513f28fafacae85b1a7 ee2033fc3ca87a762128383fec490ad1bb08ddda730ea01fb772d4dfbbbd9f7f
EXPORTER_SECRET cdea378c9dfd084948f237fd91ea1df7d616d8e815564513f28fafacae85b1a7 65166eaa0d73138b2b171969189a123b6309db860c20e8d68cf6c00f1ffa4db5
CLIENT_HANDSHAKE_TRAFFIC_SECRET 857a95f1f8d9e6b2ed69dc3ea3cd289c6f43ea8942110856505371d29cf8ddb8 772966a7e7d9c06318a68a5b3ef1221224d25fd100855ed98fe30f66f16aa924
SERVER_HANDSHAKE_TRAFFIC_SECRET 857a95f1f8d9e6b2ed69dc3ea3cd289c6f43ea8942110856505371d29cf8ddb8 21fc508a1b8590a219bb39c6865ab858749e199a4c166ead9bd3e986eadf17f1
CLIENT_HANDSHAKE_TRAFFIC_SECRET 330c5c5cd39729003132b162fc80b54c53fbfeb0e39304f3b21730dfe06afc6a 03c2110d7974ca6cac65ff049949d9feb437476a652174996aedcb8e6d9532a0
SERVER_HANDSHAKE_TRAFFIC_SECRET 330c5c5cd39729003132b162fc80b54c53fbfeb0e39304f3b21730dfe06afc6a d18a79710920ac2ee4503cf25c750d388fb8dd408a21fcee39a516900fa61e79
CLIENT_TRAFFIC_SECRET_0 330c5c5cd39729003132b162fc80b54c53fbfeb0e39304f3b21730dfe06afc6a 259c0e54b1b1e31a905df8ef2eebfa5576d4ae234ea92beef095f0d7910dba76
SERVER_TRAFFIC_SECRET_0 330c5c5cd39729003132b162fc80b54c53fbfeb0e39304f3b21730dfe06afc6a f7a6c28145f7c16868ecae5be7eed81b1ef6cd5aed0c716a05c8f5ff4e365e2d
EXPORTER_SECRET 330c5c5cd39729003132b162fc80b54c53fbfeb0e39304f3b21730dfe06afc6a 17b1fcf02dd153b89e934193b3a552eda786b9dbfef5934119c3fb8d1a1f0ff5
CLIENT_TRAFFIC_SECRET_0 857a95f1f8d9e6b2ed69dc3ea3cd289c6f43ea8942110856505371d29cf8ddb8 60b1cb4de62477dd037cd44a22a95acab350187e1f1566a2814ffbd248412bb7
SERVER_TRAFFIC_SECRET_0 857a95f1f8d9e6b2ed69dc3ea3cd289c6f43ea8942110856505371d29cf8ddb8 d742dc51f1513b9ce932176df61ad3edbfe5adff295c056705aa2a0c37793063
EXPORTER_SECRET 857a95f1f8d9e6b2ed69dc3ea3cd289c6f43ea8942110856505371d29cf8ddb8 2d361fa735000e46122a5b843b2edf609f9b7971f8482e34e3abcb52b60b2546
CLIENT_HANDSHAKE_TRAFFIC_SECRET 3a6b82144859afb3a2e9ccc204d6fa90fe4977f77d534ad89e4d5b5b933fc047 da3b9129a0de318d132472f162e5dd4035f141b6cdc0e8ecba0ff07d8319b928
SERVER_HANDSHAKE_TRAFFIC_SECRET 3a6b82144859afb3a2e9ccc204d6fa90fe4977f77d534ad89e4d5b5b933fc047 94e8ac5f4fd640224861db28b61404ced9369730a05508573165d6924c73c02c
CLIENT_TRAFFIC_SECRET_0 3a6b82144859afb3a2e9ccc204d6fa90fe4977f77d534ad89e4d5b5b933fc047 50aa1f1418f7c71e386ab75224a04f5ec563c68419f88104392cfc1180a1a92b
SERVER_TRAFFIC_SECRET_0 3a6b82144859afb3a2e9ccc204d6fa90fe4977f77d534ad89e4d5b5b933fc047 2553bb2431c4a14d64e178474169cec1b57a92a33358184d18f018c70abc5b23
EXPORTER_SECRET 3a6b82144859afb3a2e9ccc204d6fa90fe4977f77d534ad89e4d5b5b933fc047 13e856443286e694c61efaa2b8efb26ac8c812f7be0c0675f5947cc1fc986785
CLIENT_HANDSHAKE_TRAFFIC_SECRET 2e91f78e0ab118b5377d970077037d71b3a4faec52cab96ff8dfb5b44a000ab6 53efcd2ce4e57c9929d0c0797469d79d4f0402159d21e8e26d4c4aea65ce2879
SERVER_HANDSHAKE_TRAFFIC_SECRET 2e91f78e0ab118b5377d970077037d71b3a4faec52cab96ff8dfb5b44a000ab6 72bc7fb75ed66940a3e95300d1ecd4cf8f4cfea7d746d13bb2aac07a0510a823
CLIENT_TRAFFIC_SECRET_0 2e91f78e0ab118b5377d970077037d71b3a4faec52cab96ff8dfb5b44a000ab6 1494e5d3ffbf7553e966a669f738c8d2902fcd7189330c280b302c0a1250d15f
SERVER_TRAFFIC_SECRET_0 2e91f78e0ab118b5377d970077037d71b3a4faec52cab96ff8dfb5b44a000ab6 af5e4f6aa576a6f066539bb08bb39b19db89c6616b9554b16194da0bc664744e
EXPORTER_SECRET 2e91f78e0ab118b5377d970077037d71b3a4faec52cab96ff8dfb5b44a000ab6 8af63b11bd566192e7aa10ed1cecc2eb89f846918adff8554f32da2bcafe1601
CLIENT_HANDSHAKE_TRAFFIC_SECRET 1398ac975bbb374f3a3122ad80d40eabb6ffa47ac0d832ebcda4d3d6a2200d69 5231c77761d6e93f05526f48d6a15e588019d74337f114cc82e95d2f2777358c
SERVER_HANDSHAKE_TRAFFIC_SECRET 1398ac975bbb374f3a3122ad80d40eabb6ffa47ac0d832ebcda4d3d6a2200d69 60eafe6357b99ef2b143ef5cb69a96c92bef251449289674833c36f453bb382b
CLIENT_HANDSHAKE_TRAFFIC_SECRET 658e2efa772645decd9fbb5bf7bd36471f0c114d8040a24c6b75e283aa5261a0 0fd693c36c880ee10b487c2ceb7a1ef77c329dfccdd1823ce931012b24c48474
SERVER_HANDSHAKE_TRAFFIC_SECRET 658e2efa772645decd9fbb5bf7bd36471f0c114d8040a24c6b75e283aa5261a0 04d811b35c81fa94f799a2f0995e2f99b3f1d9d876d0b7850930b70d553b7572
CLIENT_TRAFFIC_SECRET_0 1398ac975bbb374f3a3122ad80d40eabb6ffa47ac0d832ebcda4d3d6a2200d69 33a0660ecff67c51dd74700293f5847dfcc7057cc5ad4672172b9149cd73d50c
SERVER_TRAFFIC_SECRET_0 1398ac975bbb374f3a3122ad80d40eabb6ffa47ac0d832ebcda4d3d6a2200d69 1346a32e639718def59ac9d48033d7371f7517a022698a70a10831577b2b983a
EXPORTER_SECRET 1398ac975bbb374f3a3122ad80d40eabb6ffa47ac0d832ebcda4d3d6a2200d69 59364af6e0800f8591117ce243762442a980ec3c717bba131208a6040b8af7b9
CLIENT_TRAFFIC_SECRET_0 658e2efa772645decd9fbb5bf7bd36471f0c114d8040a24c6b75e283aa5261a0 dc4dc5b353388b3aa4e0b405c0463578f8a927923dfd9c57aa96fce1c2d70c25
SERVER_TRAFFIC_SECRET_0 658e2efa772645decd9fbb5bf7bd36471f0c114d8040a24c6b75e283aa5261a0 01ec7b5778d40c807179c59f4b435d962b14964949d7e8b020ef13c5d36f6fb7
EXPORTER_SECRET 658e2efa772645decd9fbb5bf7bd36471f0c114d8040a24c6b75e283aa5261a0 6d75b6a054204328a525bb9b6803447cd1ede7b64ac5461fef1c5f6f15345a53
CLIENT_HANDSHAKE_TRAFFIC_SECRET 137616cf965e40f9754c3e29f66c432897194d40564287b588f2e34aff93e138 d1453900e4e27872ae1a3c66111e60ab5f8ee7791f90bf9c948995ec36a1a260
SERVER_HANDSHAKE_TRAFFIC_SECRET 137616cf965e40f9754c3e29f66c432897194d40564287b588f2e34aff93e138 413d5d9a730b6789461594fa3cc62f9d6e36b0684f43e6b7cea73a2e7da37f5a
CLIENT_TRAFFIC_SECRET_0 137616cf965e40f9754c3e29f66c432897194d40564287b588f2e34aff93e138 56674ee4e0fea44479a46f6322b7d8e48953537c56d36e7db0909d9d89ff6f51
SERVER_TRAFFIC_SECRET_0 137616cf965e40f9754c3e29f66c432897194d40564287b588f2e34aff93e138 f831aed0c2c335135f3fc0de6dcbe7d0be35c58d23be094ad529140ea4faaee7
EXPORTER_SECRET 137616cf965e40f9754c3e29f66c432897194d40564287b588f2e34aff93e138 4c4a579e627c01af4bb7f8c133ce63bdc1bf81bbd0f2f1910ed52b42715d43f3
CLIENT_HANDSHAKE_TRAFFIC_SECRET 5afa4e4480fc83a516106f66f2b440da6da78a92182af5e46cfd4a703bf56edc 489c0d4ac917f822327e6fcca0415b0c1aabf848f9a1f94fd0db331e57746f31
SERVER_HANDSHAKE_TRAFFIC_SECRET 5afa4e4480fc83a516106f66f2b440da6da78a92182af5e46cfd4a703bf56edc f10d158cdf0a4620606910f0324104a2d7d12fbb773ab85c2b6a3ace5d99e39f
CLIENT_TRAFFIC_SECRET_0 5afa4e4480fc83a516106f66f2b440da6da78a92182af5e46cfd4a703bf56edc 1b9c3ecf660b4eaf88d626de3bd2dfda93da00d83d1d32ce4e4f895872657e34
SERVER_TRAFFIC_SECRET_0 5afa4e4480fc83a516106f66f2b440da6da78a92182af5e46cfd4a703bf56edc 72c4280ab61d6d5c44ab8c5d428208091cf41e053e54ab53513fb8323a6b3ebd
EXPORTER_SECRET 5afa4e4480fc83a516106f66f2b440da6da78a92182af5e46cfd4a703bf56edc 8da08c5fafa8470a577efbffd4f2ad4c3a2baab3bcca97d0543f3c8b846a0420
CLIENT_HANDSHAKE_TRAFFIC_SECRET 51d0941f9c8d51050b0b187b41ba307bf11de17b502630b2fe5697aeef2ec7ef 0c96081babfec72ce82ac567b64863d0c3412aca8912ecd2a0531145c011c6f2
SERVER_HANDSHAKE_TRAFFIC_SECRET 51d0941f9c8d51050b0b187b41ba307bf11de17b502630b2fe5697aeef2ec7ef de95ef1d3afba1abc2265ea58713bbd4e26c43de026a5e027ade0e47b60a645d
CLIENT_TRAFFIC_SECRET_0 51d0941f9c8d51050b0b187b41ba307bf11de17b502630b2fe5697aeef2ec7ef 656c754af43afe10b62ec69d3d091ee4a057c0713a0eb5bf7ac6683d127218fd
SERVER_TRAFFIC_SECRET_0 51d0941f9c8d51050b0b187b41ba307bf11de17b502630b2fe5697aeef2ec7ef 9a739daea8869b2c1172b9b2a5aa1ea0b28208e0395c7811e8c66d31edd167e2
EXPORTER_SECRET 51d0941f9c8d51050b0b187b41ba307bf11de17b502630b2fe5697aeef2ec7ef 9c247134ebc4a2ddb6d6eef8e5fe30a61b6d28ea17395b8873bf05ccabeaaa90
CLIENT_HANDSHAKE_TRAFFIC_SECRET 1015f0baf80266feaee5875b3a4506cca58a5bf02cd3617ed3b11350a00c992c a467e878184a45d2c2d431fc36c4f51fcd2cd9fb40cbc433b2c048469de77dcb
SERVER_HANDSHAKE_TRAFFIC_SECRET 1015f0baf80266feaee5875b3a4506cca58a5bf02cd3617ed3b11350a00c992c ca2f5590da8e47f2e35420900db2e7506013f9cea915623f0a225a082a5a96ec
CLIENT_TRAFFIC_SECRET_0 1015f0baf80266feaee5875b3a4506cca58a5bf02cd3617ed3b11350a00c992c 23656487b6728f3ccf63d91626ab5a107b477da33240de3c0dbe74ee1f39d0be
SERVER_TRAFFIC_SECRET_0 1015f0baf80266feaee5875b3a4506cca58a5bf02cd3617ed3b11350a00c992c 7410462f66f6e7ff0acb075b8c4f1c1bc1464175884dc12cab756836b03b6cae
EXPORTER_SECRET 1015f0baf80266feaee5875b3a4506cca58a5bf02cd3617ed3b11350a00c992c 60b344c8ad3105209007e33f9e81a2123f4827a7042096b16b588bcd7541c4b7
CLIENT_HANDSHAKE_TRAFFIC_SECRET 0a8cec45c5e16b88684d76a285eedaa69ba968ef4fbe1321065775865d5112a3 cfffb72a09d29027331cc963d424276af541fd19ba1a14bdadde0e82a5f995cf
SERVER_HANDSHAKE_TRAFFIC_SECRET 0a8cec45c5e16b88684d76a285eedaa69ba968ef4fbe1321065775865d5112a3 cc09955b5f30dfcf1194b3c6b7a7d5f64bbd64206f6ad77fbff6b0cc42ebe38c
CLIENT_TRAFFIC_SECRET_0 0a8cec45c5e16b88684d76a285eedaa69ba968ef4fbe1321065775865d5112a3 af88b82b2ed354b3caf7e1fccfd9b1c61c92d20b19f722f996fbb44b102d4f37
SERVER_TRAFFIC_SECRET_0 0a8cec45c5e16b88684d76a285eedaa69ba968ef4fbe1321065775865d5112a3 481196268f2425d09e0951914afbdedc7b42d4f6e67937a2a1a5397a7e3945bd
EXPORTER_SECRET 0a8cec45c5e16b88684d76a285eedaa69ba968ef4fbe1321065775865d5112a3 415b21be984efac5d6c6e52c313ab078c276b2a7ded6d51ea72575b507763c7f
CLIENT_HANDSHAKE_TRAFFIC_SECRET 0178f899b0e15da4d05246df5ebdbfedd8298ed7e01da30832b218ee28986140 e5e11efc0cf5111af00076f2ea4c3663865a6d58f7affddd8304c7cfc0fc1162
SERVER_HANDSHAKE_TRAFFIC_SECRET 0178f899b0e15da4d05246df5ebdbfedd8298ed7e01da30832b218ee28986140 d3d806d1134149dfbc2352beb656d4fbd016cff8368e714c920070498800df6a
CLIENT_TRAFFIC_SECRET_0 0178f899b0e15da4d05246df5ebdbfedd8298ed7e01da30832b218ee28986140 a760c2081f3210075efea07ca484a49ff170a31b796bcbba4162e1c1fe1e5743
SERVER_TRAFFIC_SECRET_0 0178f899b0e15da4d05246df5ebdbfedd8298ed7e01da30832b218ee28986140 ad5e8a868472b034a9117675cf715ed9f603fe5d9a2c8c0151ad716ad8bc2a89
EXPORTER_SECRET 0178f899b0e15da4d05246df5ebdbfedd8298ed7e01da30832b218ee28986140 0b6beada61dcca8359d927c5fd82b010cbab05753a60ce1a68686ff1d624bb6d
CLIENT_HANDSHAKE_TRAFFIC_SECRET f7648680fde2e9cd01e655850fea36b929fc31e8e960f895906afd5259a4a470 b29380002bcc999f6a147a2e64962e9d34bb27b390e263ed75410d7473f64242
SERVER_HANDSHAKE_TRAFFIC_SECRET f7648680fde2e9cd01e655850fea36b929fc31e8e960f895906afd5259a4a470 6050119961bc15499d1d8f0fc8ab796e31852137650dc26e3af3937ff543d14b
CLIENT_HANDSHAKE_TRAFFIC_SECRET 3d88fd4e7687670018d901667cc70f6a45c4c9431a36a9ba4dc8138b3197c720 b43a78ed1a30986d3625169f92d16c5cea9e1330ac92d5b9f50c35596bda39c1
SERVER_HANDSHAKE_TRAFFIC_SECRET 3d88fd4e7687670018d901667cc70f6a45c4c9431a36a9ba4dc8138b3197c720 7edfe94522615c5ca4f7de9a9e063422313d527a087db2e4d3f5c1883f539733
CLIENT_HANDSHAKE_TRAFFIC_SECRET ed9d0162c032fc8fd5a37a4404feeacf8b0e6465f2f963848e51ebda111e8b12 125221abbba003aecae0e979e62771a4e4d98076d493d330f50bde4bc9d947e1
SERVER_HANDSHAKE_TRAFFIC_SECRET ed9d0162c032fc8fd5a37a4404feeacf8b0e6465f2f963848e51ebda111e8b12 7889a4d4104eb8d864270f8e3fa473140b78fead6783913639640b0a04739f76
CLIENT_TRAFFIC_SECRET_0 3d88fd4e7687670018d901667cc70f6a45c4c9431a36a9ba4dc8138b3197c720 67e8bf37228469e2f76fea777b01a782f9dab64efdade909aaac4d3a401bffb9
SERVER_TRAFFIC_SECRET_0 3d88fd4e7687670018d901667cc70f6a45c4c9431a36a9ba4dc8138b3197c720 a15edabf4cb480eae12088820e9d16b9818c4807610961a92d20d3ab8a538e0d
EXPORTER_SECRET 3d88fd4e7687670018d901667cc70f6a45c4c9431a36a9ba4dc8138b3197c720 19aee69be181f79edf3d5bc6f675e104b3b49bea6cf79ac6ff8202005fa15f1a
CLIENT_TRAFFIC_SECRET_0 ed9d0162c032fc8fd5a37a4404feeacf8b0e6465f2f963848e51ebda111e8b12 ed8de2d85aa301845edb868be7ea71a56a1e66b8724ded23c7c08a42a16bb0b8
SERVER_TRAFFIC_SECRET_0 ed9d0162c032fc8fd5a37a4404feeacf8b0e6465f2f963848e51ebda111e8b12 7c3b4d33c1c9c7ad8ebd7228cc345f79a3945610524a1a3b617c554597722105
EXPORTER_SECRET ed9d0162c032fc8fd5a37a4404feeacf8b0e6465f2f963848e51ebda111e8b12 7478e51e65aa203c516144bcb5cacdd0185a91a78b2c4773a06ed54d6d055bc0
CLIENT_TRAFFIC_SECRET_0 f7648680fde2e9cd01e655850fea36b929fc31e8e960f895906afd5259a4a470 31e4addd79a30acdebc2c411154b1d89b529717b679e7202fe43c3338b6e64a2
SERVER_TRAFFIC_SECRET_0 f7648680fde2e9cd01e655850fea36b929fc31e8e960f895906afd5259a4a470 2cf7aee9e9b809c2c899311aa128d9b40f6986ecb58f2deed1814d415b1268fe
EXPORTER_SECRET f7648680fde2e9cd01e655850fea36b929fc31e8e960f895906afd5259a4a470 40f2c7b182560e62700e8f03ff20e8eb0c77d4dd6be08b973ce8a9f82853e766
CLIENT_HANDSHAKE_TRAFFIC_SECRET fa000108c50b0f565e9223d6bb34e6b12330f64d68a1f325166727c8e9b4b3d4 a7bf28cd41ace1370b61c3d41e3e15957c346966fec0028f11a9d35f79d78f74
SERVER_HANDSHAKE_TRAFFIC_SECRET fa000108c50b0f565e9223d6bb34e6b12330f64d68a1f325166727c8e9b4b3d4 78c6bad82d43f99d158200951895ea9fdd9edf4523238cbe847f8e712364522f
CLIENT_HANDSHAKE_TRAFFIC_SECRET f9a35844daa962b305d2559b5693e67561f3aa92cdda79bc5dcd20403eb1feb6 7f7d0690606300d17eb630333b6f7bf7bb08c77a45414bc2cf411a6ff5a5c23a
SERVER_HANDSHAKE_TRAFFIC_SECRET f9a35844daa962b305d2559b5693e67561f3aa92cdda79bc5dcd20403eb1feb6 8c4e669902fe148b03ac3a5319db131b8494321bdf59257d34f7991c003b2efd
CLIENT_TRAFFIC_SECRET_0 fa000108c50b0f565e9223d6bb34e6b12330f64d68a1f325166727c8e9b4b3d4 8b6620c42e1c6171eb73a035cf5b68ae18d8df181eeac94a96fa619ecf2e2fba
SERVER_TRAFFIC_SECRET_0 fa000108c50b0f565e9223d6bb34e6b12330f64d68a1f325166727c8e9b4b3d4 5b90f4e2fdf0cc6bd8af15e75dbc092ed47e02ce8cc21fc30f9045bd6a7685f4
EXPORTER_SECRET fa000108c50b0f565e9223d6bb34e6b12330f64d68a1f325166727c8e9b4b3d4 2fe473ef36218db0a469f1988cbd87b5f88ce440b9a212d8a780483bf51f606c
CLIENT_TRAFFIC_SECRET_0 f9a35844daa962b305d2559b5693e67561f3aa92cdda79bc5dcd20403eb1feb6 2a3fe2b425ed44d953f8e37222b592fa3f0164a4532a2a7b5389c3855c69a58c
SERVER_TRAFFIC_SECRET_0 f9a35844daa962b305d2559b5693e67561f3aa92cdda79bc5dcd20403eb1feb6 8530552600b45d02f04cba5d3bb237878eba6a0a74665ff0ac488424bd48825e
EXPORTER_SECRET f9a35844daa962b305d2559b5693e67561f3aa92cdda79bc5dcd20403eb1feb6 5a93a4457d67a991e1f52927564727d3174dcab7c55da02db4ddc57219090f44
CLIENT_HANDSHAKE_TRAFFIC_SECRET 937ad791516cf3c320a3e464be44342c362ec53ff564304d054e18275e90ef5c f5797dd7e3e355fc5ecc80b8151503762da46bc7012d5457d319de93b7112e63
SERVER_HANDSHAKE_TRAFFIC_SECRET 937ad791516cf3c320a3e464be44342c362ec53ff564304d054e18275e90ef5c 352013acc02b611430273c58554848e3bf9f2630a92eca2e0481c3d2860699b0
CLIENT_TRAFFIC_SECRET_0 937ad791516cf3c320a3e464be44342c362ec53ff564304d054e18275e90ef5c b249a496a4392e46c1708c7605b99ad80dd0018bc910a3c18c9aa497450900a8
SERVER_TRAFFIC_SECRET_0 937ad791516cf3c320a3e464be44342c362ec53ff564304d054e18275e90ef5c 9fe34817efade6d7c3d0ef4b2b3258419974c7f03e5869cd0aa6dee0db93deb5
EXPORTER_SECRET 937ad791516cf3c320a3e464be44342c362ec53ff564304d054e18275e90ef5c ff57fd5ecf681a09fdecafc12172f4e44d41baa4ef34b4d6eb64beac7a9f31ad
CLIENT_HANDSHAKE_TRAFFIC_SECRET 625e13e5a5a421974e5546e1bf5ced7fb28ea76f2265e7ce4cc5150cf871db4c 697fc08cb0331a83101fd34166632df175b0c2a7100f988cf90a964e49476cb2
SERVER_HANDSHAKE_TRAFFIC_SECRET 625e13e5a5a421974e5546e1bf5ced7fb28ea76f2265e7ce4cc5150cf871db4c a460ab689e5515eb418bb150c10578cf280b5c1bdc70d4dd8065e579b53fbf48
CLIENT_TRAFFIC_SECRET_0 625e13e5a5a421974e5546e1bf5ced7fb28ea76f2265e7ce4cc5150cf871db4c c7b2682519eb7a151dabc4bebbd9109840fc24a5221bae3a7f739d4b34b3bb24
SERVER_TRAFFIC_SECRET_0 625e13e5a5a421974e5546e1bf5ced7fb28ea76f2265e7ce4cc5150cf871db4c c2aa644116773e7e899df2bb7a212abad76ea84fc675f49e9458ac6eb1da5107
EXPORTER_SECRET 625e13e5a5a421974e5546e1bf5ced7fb28ea76f2265e7ce4cc5150cf871db4c f8a26a5a31cfdda59501b36dcf069a287c52ab941c086c7d412b704b34228b1b
CLIENT_HANDSHAKE_TRAFFIC_SECRET 0e2d6e1373453e0354eff94e338a6a91bfbe62233939ddd6c4dbeea71bd12990 f5630d75af6df962bba8d5bec622e3559544492a8b4fdff0f3dd260c7aeadfe7
SERVER_HANDSHAKE_TRAFFIC_SECRET 0e2d6e1373453e0354eff94e338a6a91bfbe62233939ddd6c4dbeea71bd12990 cde66ece0c614f6ee28d95c6ae9b144e437951494f98039a3a9e53928cf81153
CLIENT_TRAFFIC_SECRET_0 0e2d6e1373453e0354eff94e338a6a91bfbe62233939ddd6c4dbeea71bd12990 cf0ec9eb8533bf18a4070348258608fbb822d6ae2672ccb05181d19a2f873e4c
SERVER_TRAFFIC_SECRET_0 0e2d6e1373453e0354eff94e338a6a91bfbe62233939ddd6c4dbeea71bd12990 ef4f47be0c4737b5b7cca6b16d453ad39cb14d795a8390b93ba781fd1ce9eeb2
EXPORTER_SECRET 0e2d6e1373453e0354eff94e338a6a91bfbe62233939ddd6c4dbeea71bd12990 7652fe27e51e0a1b45440a7faf3035b3c2e4ec8aa4c256e7f2d9b85a07cd82af
CLIENT_HANDSHAKE_TRAFFIC_SECRET ace00db3697a778c6245613e3e947180ceb32c87dadb29bb6b782b25b7437f57 f040f43445572a37fb95952eb7f3986cde4ae8303883b55cbcbe6a2b9af1bb66
SERVER_HANDSHAKE_TRAFFIC_SECRET ace00db3697a778c6245613e3e947180ceb32c87dadb29bb6b782b25b7437f57 0831a8db59ad4b554427dceb8b6016dc99ad1a710cdab2e7586ba2c43b045817
CLIENT_TRAFFIC_SECRET_0 ace00db3697a778c6245613e3e947180ceb32c87dadb29bb6b782b25b7437f57 8bf72afda6380de64b29bde6a470fc75b78df23c951c628fb4b6376b48d82f37
SERVER_TRAFFIC_SECRET_0 ace00db3697a778c6245613e3e947180ceb32c87dadb29bb6b782b25b7437f57 d57e08d134f1367fa2102ef345ab7ea4dd6125e82f3747d6a09c7e85cad19320
EXPORTER_SECRET ace00db3697a778c6245613e3e947180ceb32c87dadb29bb6b782b25b7437f57 28fddc6e886ec968aced6623fe5ad02d5e27251b3b1dd77fc34a4de107a3e5e4
CLIENT_HANDSHAKE_TRAFFIC_SECRET 89803baf8b10349509683e5ddb53fce9b9c528b1e8c5a959bee41cdd5e7f257d 00ea6dba75a34bc97dc5cd934d3c91518ffee29d548acffcab88fc8438592d8b
SERVER_HANDSHAKE_TRAFFIC_SECRET 89803baf8b10349509683e5ddb53fce9b9c528b1e8c5a959bee41cdd5e7f257d 1105b00b73a0c592b3f24ef9dd8ba79364fa7bd091ca2e35f8f36c1afca3277a
CLIENT_TRAFFIC_SECRET_0 89803baf8b10349509683e5ddb53fce9b9c528b1e8c5a959bee41cdd5e7f257d 0f6a3309d7628e32cac5b31c5180109d2feb431239e1c6b887625b9ca9ef3ad2
SERVER_TRAFFIC_SECRET_0 89803baf8b10349509683e5ddb53fce9b9c528b1e8c5a959bee41cdd5e7f257d 2f86212b7b9a0230b32ee9867a44421af5c7f447501acf64bffc248387fc4cde
EXPORTER_SECRET 89803baf8b10349509683e5ddb53fce9b9c528b1e8c5a959bee41cdd5e7f257d 6caa6022c507b40e285bf1a05371af6926dc03c7614a76fa150edb80261b33db
CLIENT_HANDSHAKE_TRAFFIC_SECRET 7698a2b3ec6b584aca451256476e32f47d982f75e5f147aee2089ba545f55ba5 ee36a54f7d3ab19de913fc241bc42b6c3e122b03bc3e6f67997a74d0b091af56
SERVER_HANDSHAKE_TRAFFIC_SECRET 7698a2b3ec6b584aca451256476e32f47d982f75e5f147aee2089ba545f55ba5 5ab78bec63d8cd80eeb5fdb4d2b49c93bc0fe1c10123aa88003b0ae6960a12fe
CLIENT_TRAFFIC_SECRET_0 7698a2b3ec6b584aca451256476e32f47d982f75e5f147aee2089ba545f55ba5 c63769b247b1fc4c56174d959180705455f0bee93f81387395d58e7dd53d3c26
SERVER_TRAFFIC_SECRET_0 7698a2b3ec6b584aca451256476e32f47d982f75e5f147aee2089ba545f55ba5 d8c41bc89d169cb9cfcc4529aa17c9b26cb84fbb0559e43143d72ef21c181f62
EXPORTER_SECRET 7698a2b3ec6b584aca451256476e32f47d982f75e5f147aee2089ba545f55ba5 5928c0ef9f1ade5c1f89920162b5094ba3f055c169454c3e40c9d8740de833d6
CLIENT_HANDSHAKE_TRAFFIC_SECRET aa9b56611facb0b9c80bc337d74e3af2e620484dcbe7edd2300789a498107b10 a17768c5f5d57d3015649132987a20599b4506324d6ef12c954947763909a565
SERVER_HANDSHAKE_TRAFFIC_SECRET aa9b56611facb0b9c80bc337d74e3af2e620484dcbe7edd2300789a498107b10 93327cdac0a2ad004cfe6ec3f78c67feac1b51b069f3ed28071672b7f6f42978
CLIENT_TRAFFIC_SECRET_0 aa9b56611facb0b9c80bc337d74e3af2e620484dcbe7edd2300789a498107b10 307b2975ecfbac62016be9074e63bd33c5aa6f7d9b31707d79ac5ade64bff6c8
SERVER_TRAFFIC_SECRET_0 aa9b56611facb0b9c80bc337d74e3af2e620484dcbe7edd2300789a498107b10 f82f37f73301fab670b5b315c8eae764dfa838b5f24130b1a87897f54da8bd82
EXPORTER_SECRET aa9b56611facb0b9c80bc337d74e3af2e620484dcbe7edd2300789a498107b10 cf0d5b541b1d9d97f38a7bbd6bb5fbb9e2d16d05f473b9d65a06ad47d8cab4cb
CLIENT_RANDOM 05ed520de7b5486a55e159a6cf6a88bd16c6f2c94ea0efdd25ed6ad88854d8ac 7b2f45f699a8ab48a6c37c57e30605ea7ad69a6b1bc058f5ec7c1871f531a3144ba4bc75945327673eb24939412851af
CLIENT_RANDOM c2850d798ce0b08d95377f6a9dacdc54123983d6f8a299067d97de06124c406a 59c0d9ddfb35f36a9bb7c5166b6d802e45bab30ad31e215d13538abbe1b37a511257302dba9ca721b309359588fbb6e9
CLIENT_RANDOM bfee32bacf9ae53714ccab3994c22ea95b41ed6809a83c79995d74c4ae33519d 84ccf0a7af6b0347354735860b9c8cf55b249b59c2acff0a2e309da14c0601e18814745a0dffad9398adcf83a2204111
CLIENT_HANDSHAKE_TRAFFIC_SECRET ab5c320a7a3a05c0ec94c7070bb591b5b56b365968a1f063f1870bf53e6c71ba 79c95f336e36a40c2434ef1669f139de16d888f14bb99e927d5e8046965fdb6f
SERVER_HANDSHAKE_TRAFFIC_SECRET ab5c320a7a3a05c0ec94c7070bb591b5b56b365968a1f063f1870bf53e6c71ba 566e74bef6dc0d5d7aaad79fcd5d98b542e5ce91d711a54df9bd3f346e140c74
CLIENT_TRAFFIC_SECRET_0 ab5c320a7a3a05c0ec94c7070bb591b5b56b365968a1f063f1870bf53e6c71ba b171a3a4b408bd690edecc11453a045fb4304acbbf3e30f461fe9ee3db4c6f95
SERVER_TRAFFIC_SECRET_0 ab5c320a7a3a05c0ec94c7070bb591b5b56b365968a1f063f1870bf53e6c71ba ae1333e498f874a45ef6d16940355d4c98550d393219df63d5befa9f6b029931
EXPORTER_SECRET ab5c320a7a3a05c0ec94c7070bb591b5b56b365968a1f063f1870bf53e6c71ba 1858465f250110226139bbed8081908152ea3f78c5ba908f46020d9b3fd6682b
CLIENT_HANDSHAKE_TRAFFIC_SECRET 3a642be871fd7cddb5c587833a42bf52c04845f89cca0434012071952d256760 a6a134caca817b2d66e16be3bf99076bccb8e92ea752d8cbee1ead1f64fb2dd6
SERVER_HANDSHAKE_TRAFFIC_SECRET 3a642be871fd7cddb5c587833a42bf52c04845f89cca0434012071952d256760 54c0aeb8cda1be74573e087bc9fedaf5ffbe13ccfe69b1ad2a59ab1bc30426ab
CLIENT_RANDOM f964e8525a43256fab9ceaf6b2a8325ad65a3562bd03d199b541ab719b1fced5 e2de99d7be00736c2f1eec26ab148a7b8411cb26d47d71ea27184b1b8d4f08058a0736f3b2b0f76d5062eb8068b3b9eb
CLIENT_RANDOM 462c583c9f66cccab93b2876cbeffaaa371acf2edb5a312e8db96cdefd5666e1 1ad1e46b77632db3c09deeba462c5aee11db9939e5f61ed8533f3676f10c1c136a0a4597bbfdbc508ed343c133c2fde6
CLIENT_HANDSHAKE_TRAFFIC_SECRET e985e2d5f738966c940952680894f795b11098e4877847406c91353a371a2f59 681b75e144763b5e3298f996b57384b377853a3cd7bb55fdf4d22ee2c303927b
SERVER_HANDSHAKE_TRAFFIC_SECRET e985e2d5f738966c940952680894f795b11098e4877847406c91353a371a2f59 856a1b7e1b60aaefc129a06c8dfb162db51c6e93f12d065336b2e3c85e7520d5
CLIENT_TRAFFIC_SECRET_0 e985e2d5f738966c940952680894f795b11098e4877847406c91353a371a2f59 08026fe44f7e459dad5a7a83bb446226f392eba59125d459c74f59a7c1aa21eb
SERVER_TRAFFIC_SECRET_0 e985e2d5f738966c940952680894f795b11098e4877847406c91353a371a2f59 6cd405455c4f19a9b407bbc6e1c9dbc451687df3e3b132876d864f64d2229d12
EXPORTER_SECRET e985e2d5f738966c940952680894f795b11098e4877847406c91353a371a2f59 a8d89f05760c403ccc25273a92930c2fafd023c3098bce06c0a87e812c62c0dd
CLIENT_RANDOM 55ffeef246883789f0ba0fbb918baa65d673742882bba367a810b302da472192 c6d1fc466b56c0b6ab79681cc92808223d911d6157fe93832bad88480491b690acc421c345071519071f876b0cc2a83f
CLIENT_RANDOM b6638bb0b3bf090d19b0d0bd8df1ff92379484071b378a4f617dd0515680d355 c56d88f1b89573d5be9457d592046f5e1610f600e7ac06c93777fd724541dba9b86895b40c92c71b4f7d7cf9dac71ec6
CLIENT_RANDOM 845924152aa3cba2984f706453c5746386be4e5fb7c3f072280dfbbfb0c44149 82c91d70f20bf851e0c91fc2e2546b37746448ddb52e4f7325764590200686a2c430c15818e1b40f24811516caf8592c
CLIENT_HANDSHAKE_TRAFFIC_SECRET fb875c92516abbda88ac0a9ee1cbed6fe9235feac15a4f0e9bf404e1b3c35e11 e9eace529f60393a55ab15b046aef0f68cecbea94d2d767508463d899e28e80b
SERVER_HANDSHAKE_TRAFFIC_SECRET fb875c92516abbda88ac0a9ee1cbed6fe9235feac15a4f0e9bf404e1b3c35e11 43fcafb3ff98a56286f2f117b3d3ae8f9f7090f7c5aef4ff78493dabcbb414f4
CLIENT_TRAFFIC_SECRET_0 fb875c92516abbda88ac0a9ee1cbed6fe9235feac15a4f0e9bf404e1b3c35e11 a631af75cc7a01eb9c17ae8e4892669713f6e41bb258dfd4e0e538d316ff846f
SERVER_TRAFFIC_SECRET_0 fb875c92516abbda88ac0a9ee1cbed6fe9235feac15a4f0e9bf404e1b3c35e11 53464c0f8b539cd79a5eaee830874f557965a268a4cd77593844b3920cb81529
EXPORTER_SECRET fb875c92516abbda88ac0a9ee1cbed6fe9235feac15a4f0e9bf404e1b3c35e11 c1ffe27545c793c1ce9f8c469fdf928455bbfc85ab73f69277d5b5d48556abb5
CLIENT_RANDOM 4682b3c5a03c25cd963089370c0af3b6949819cffacba17ea81367b4742f1819 c34be30754b8756da9b9347cb4b7f54da3a4841f32f4c47dd1f3abb324801c18f91db04e99d5a5e09026473a2e08d804
CLIENT_RANDOM a28f8141802f3fbb9b8457f9b84353fc9099e4dd34d23bca7cf2f57832442222 c34be30754b8756da9b9347cb4b7f54da3a4841f32f4c47dd1f3abb324801c18f91db04e99d5a5e09026473a2e08d804
CLIENT_HANDSHAKE_TRAFFIC_SECRET a10a6efc3b7714c2c9efffafb7a9046b1a31727904fcf63724b7a796def65ae7 32305c0c7937640e78a9b53180167ad82ecdbeab61aa9437a29f0525f0799994
SERVER_HANDSHAKE_TRAFFIC_SECRET a10a6efc3b7714c2c9efffafb7a9046b1a31727904fcf63724b7a796def65ae7 d93eb0902f7d7987a6462e5ba97b12044c0f6f9b5fa7c68a378e6ddab7865901
CLIENT_TRAFFIC_SECRET_0 a10a6efc3b7714c2c9efffafb7a9046b1a31727904fcf63724b7a796def65ae7 04dc49b7a525baf1c47091d53628898aafe572ae570e999729352dbfcdd70a1d
SERVER_TRAFFIC_SECRET_0 a10a6efc3b7714c2c9efffafb7a9046b1a31727904fcf63724b7a796def65ae7 8f3f1243fc686add64f33545b2cd8d8f4f107ff730dc34e1b7d6e188c43b48cf
EXPORTER_SECRET a10a6efc3b7714c2c9efffafb7a9046b1a31727904fcf63724b7a796def65ae7 854e4ced2ae80cd21870cc3c3676061755f3ffd3b33b976ba97bb4c5f6df9b6f
CLIENT_HANDSHAKE_TRAFFIC_SECRET 201b26bb4d9253c54be6cbf2a5f1156ff8180fd864df34b7755ed66a99d81b65 e273a1078b1ec9fe43444994272b6d55169e1590e3d429e57b58b3b9e0a5be9a
SERVER_HANDSHAKE_TRAFFIC_SECRET 201b26bb4d9253c54be6cbf2a5f1156ff8180fd864df34b7755ed66a99d81b65 43ffd5e32458651dfece7add458f586f2171bd760dfb5e7ee9a25a3e390943b7
CLIENT_TRAFFIC_SECRET_0 201b26bb4d9253c54be6cbf2a5f1156ff8180fd864df34b7755ed66a99d81b65 7663cf83cbff7ce9e52aef3b80eb2be638395cc27f54515bf65f351884db0dde
SERVER_TRAFFIC_SECRET_0 201b26bb4d9253c54be6cbf2a5f1156ff8180fd864df34b7755ed66a99d81b65 7c72d56665fed70f463ed77d1ccf56f3e49c44fd55e8f503b1634006d930d7f8
EXPORTER_SECRET 201b26bb4d9253c54be6cbf2a5f1156ff8180fd864df34b7755ed66a99d81b65 7e6d60694f80fd065f28f25c2c6b0e4c04c55df8ca7a20b7514f3e7eef732375
CLIENT_HANDSHAKE_TRAFFIC_SECRET 7e6c9d86efffae93abd144d59ae02fdef26476ab8dce10c30c9c2c5b947e5b5a f1e3813f6e6fe741120886f6b1e128b8c01d5c6184fcdeced589d4a75508987ed48dab2f0c50da1ae66a010870b76073
SERVER_HANDSHAKE_TRAFFIC_SECRET 7e6c9d86efffae93abd144d59ae02fdef26476ab8dce10c30c9c2c5b947e5b5a a10cf5822e05d87244964fc4ddf069415251aa70afb43134ca3f0fb0486f8efbce00e9f7fffc31e96d7a9b77f3c632dc
CLIENT_TRAFFIC_SECRET_0 7e6c9d86efffae93abd144d59ae02fdef26476ab8dce10c30c9c2c5b947e5b5a 15c6964309ab66e6da213ce7fa98d15959127ef480551fd28134128a23394b5924fcf195ecaa47fefbfe20f78754f412
SERVER_TRAFFIC_SECRET_0 7e6c9d86efffae93abd144d59ae02fdef26476ab8dce10c30c9c2c5b947e5b5a 71f264b81596a741a6b615b7863fac531461e5f798e407267be4f069ee603afef4237212f6209c8dc5f009899e08bdc3
EXPORTER_SECRET 7e6c9d86efffae93abd144d59ae02fdef26476ab8dce10c30c9c2c5b947e5b5a c69f9fbbeda726df35f7ba4b1ad5e9a7b16311c6cb3010efd8ec5a8305206931b6deedac84c3a0db7bf145fc70dcd997
CLIENT_HANDSHAKE_TRAFFIC_SECRET 9c72b9bca820fcc9f69ea78f051fa4766832426227b865ab5003d260e067671c b627c133c2ef260c5796c907beb40b312fed3acda84d36ac5975247d6382da86281b1f9d7e81713afd39ee684a18a4b5
SERVER_HANDSHAKE_TRAFFIC_SECRET 9c72b9bca820fcc9f69ea78f051fa4766832426227b865ab5003d260e067671c 3ef88b8f1d2264ffc158d4468fcdb8e7e3f2843298470967804f401b8c4292abfced409ea468aaa39a0f41030ef84634
CLIENT_TRAFFIC_SECRET_0 9c72b9bca820fcc9f69ea78f051fa4766832426227b865ab5003d260e067671c d9e218d51f4bc4eb9edd9764b1da38ef27256dd9285eed843e1b6002a28dab39191f05fb374a34ca40bb3b3c5465cce3
SERVER_TRAFFIC_SECRET_0 9c72b9bca820fcc9f69ea78f051fa4766832426227b865ab5003d260e067671c 6255a50e78f8afc9e5a5ff6f3c0367e3ada1f99edfb7eed961d0ef341e4a7bbc2d5bf2278e4f56a1a1867acac9efc5da
EXPORTER_SECRET 9c72b9bca820fcc9f69ea78f051fa4766832426227b865ab5003d260e067671c 7010da803991b07e8a3339f9cc39e5aedb3e31172ac2b4d83c6cb14085ec041ee22115434cc2bbf1732bd73b841b1bf8
CLIENT_HANDSHAKE_TRAFFIC_SECRET 3f0e00b9efaed900ff568ff1bc210d33e579e49fa60c79d027efb62498e98bf9 2835a19ca98caec6caac14f2d27d688eede167f1625cb14033fa675b8ae518bca1a1319f4216439caa9284f7c64ba03f
SERVER_HANDSHAKE_TRAFFIC_SECRET 3f0e00b9efaed900ff568ff1bc210d33e579e49fa60c79d027efb62498e98bf9 93534b377470e877930a35cfe1d195318d15f18b579d5978df349438e89a5f9baa3bc62935288525fb7b63f41c7dc04e
CLIENT_TRAFFIC_SECRET_0 3f0e00b9efaed900ff568ff1bc210d33e579e49fa60c79d027efb62498e98bf9 a2af8837ccd58c644af83e237e5da278e897b8c15a25277b8583d03d5da77779cd48b51d135346ede689b02a598da531
SERVER_TRAFFIC_SECRET_0 3f0e00b9efaed900ff568ff1bc210d33e579e49fa60c79d027efb62498e98bf9 ee316b6b6be679bb06abd2cd27f988c5178fe6226d1d416a219302313e020b18dae8570e0f749c345390ac35d02f529e
EXPORTER_SECRET 3f0e00b9efaed900ff568ff1bc210d33e579e49fa60c79d027efb62498e98bf9 771ac872b25e44205fb9700bf101f67487fcb7c23321929736bc9a2c0c99f26f016b00f9a16b4b575453a2d6ed74687e
CLIENT_HANDSHAKE_TRAFFIC_SECRET c97fc26132ca5814710bcb893a70e70b9cc89e8a7413afdc8f82ec2553beb956 201612f84195150c2af000b0eb244804c143a5814b8218576f8753627061ce34f36c3f4b9c9375bd967b315fce668628
SERVER_HANDSHAKE_TRAFFIC_SECRET c97fc26132ca5814710bcb893a70e70b9cc89e8a7413afdc8f82ec2553beb956 57dc8291fad2c54c98d1ddfa37730ae28f59d9eca9a48d1c10fd078adeca7d95456b74625b55b11f9129e8f9986fa0aa
CLIENT_HANDSHAKE_TRAFFIC_SECRET 7fd91841e2f78c936ea99bc8e197c2b7478cf9aea04d8eae1d5f8e2be599c948 5cbccb67be1c4c5cdeeee25322c5899cf5ea0792b87144e61a7982dbb79b38aeca33e8a1f723b864b4e948823a9efe1b
SERVER_HANDSHAKE_TRAFFIC_SECRET 7fd91841e2f78c936ea99bc8e197c2b7478cf9aea04d8eae1d5f8e2be599c948 173a07da01087f9a3acc4ee7991f0ddd5fd830a278cebc5b9e1485d1d919a57767e5b05ce66cc0172dd817f9a4e8ba37
CLIENT_TRAFFIC_SECRET_0 7fd91841e2f78c936ea99bc8e197c2b7478cf9aea04d8eae1d5f8e2be599c948 b00c0653b5ce60c777b9cfa387edd6d79983d1f0b98b82359e13dcb1b87180b003d46b6a302c18cc097931a109a85139
SERVER_TRAFFIC_SECRET_0 7fd91841e2f78c936ea99bc8e197c2b7478cf9aea04d8eae1d5f8e2be599c948 ed364ae0f4b6ea67a535f351a9b53275fa870c4b63acd59fa41b9a9616a450ebcfe1fa36e94d1609ff212c1a9aabdee8
EXPORTER_SECRET 7fd91841e2f78c936ea99bc8e197c2b7478cf9aea04d8eae1d5f8e2be599c948 5a9cb139ab9e4dc2d39936d011070bb543d64661b7bec68449817ba7d021152a86d3fc42f17240f4e4b26ac0a0b16711
CLIENT_TRAFFIC_SECRET_0 c97fc26132ca5814710bcb893a70e70b9cc89e8a7413afdc8f82ec2553beb956 dfb5cdc59c0dd50e76ea7c240284ff6b13bd71b530c4263e7dc68243812ef38daaaeadf8f2cbdddb878b713af5aaf85e
SERVER_TRAFFIC_SECRET_0 c97fc26132ca5814710bcb893a70e70b9cc89e8a7413afdc8f82ec2553beb956 1e1cecb7510b4f8c6ac8fee24071faec36127b0d9eb3945c984466a3b8a2b8833f91da484e155fc10e8bcbfe16ddd9b8
EXPORTER_SECRET c97fc26132ca5814710bcb893a70e70b9cc89e8a7413afdc8f82ec2553beb956 dc96f4e35e59ce71a0096440293485fde1242242c989cf8ec2d725bd5712e578eb5091294686df9c15bd334e591e02fd
CLIENT_HANDSHAKE_TRAFFIC_SECRET e9b4672884d654a971c1dc0ff46d8b3a122c9d16193bada2c29e78c5c33f2731 a0f66cae284f94542763da52a8f1a9d963bc142b1f42d918ed71ee7da2e76d3a928c81d664ee2cb94884c56ac19f5392
SERVER_HANDSHAKE_TRAFFIC_SECRET e9b4672884d654a971c1dc0ff46d8b3a122c9d16193bada2c29e78c5c33f2731 87d72af13bd68cff5b911a896c4f1b1dd4983e8a8c23babdee697ffea58cf997aa46348ea112428812325d3a7e3d9dad
CLIENT_TRAFFIC_SECRET_0 e9b4672884d654a971c1dc0ff46d8b3a122c9d16193bada2c29e78c5c33f2731 62e17711cb31a2462574746687827962b73f38b02ce2b1139dee3a7fb8a22b26d9600b45c4c9b854e2b07fe1a5f7e493
SERVER_TRAFFIC_SECRET_0 e9b4672884d654a971c1dc0ff46d8b3a122c9d16193bada2c29e78c5c33f2731 2be01cc41e5fbe20983dd7327ce631a008435f325521079e24b0134a42d785f9473a03fac6f99068fd1e407118e14f70
EXPORTER_SECRET e9b4672884d654a971c1dc0ff46d8b3a122c9d16193bada2c29e78c5c33f2731 715994b75888fc17ab4d26f954bbb674866cb5fbf5f879f43b42c202d794e3851ed014a241d9b1232f8e6974802f5511
CLIENT_HANDSHAKE_TRAFFIC_SECRET dec3cd85c5d68123b2899e7fb88af81b2b74a9581d615571b30697abefe23b8e e322679807e4f6998c7f488f0b9f87a7b0eeecf38815e1c6ba38e71d3f2c8448
SERVER_HANDSHAKE_TRAFFIC_SECRET dec3cd85c5d68123b2899e7fb88af81b2b74a9581d615571b30697abefe23b8e ca4b0e1c816ebffb7617cee7451dde27d07e25a4f4b5cf5a6264ce05b1b0235e
CLIENT_TRAFFIC_SECRET_0 dec3cd85c5d68123b2899e7fb88af81b2b74a9581d615571b30697abefe23b8e 9c151d0d0fdf6a56007526c47c85e6e703a898028b22c1537c5dbc262a75c073
SERVER_TRAFFIC_SECRET_0 dec3cd85c5d68123b2899e7fb88af81b2b74a9581d615571b30697abefe23b8e 4bba7d5bbc7a31d81c75e14e063f265fbad5aa5d653159fdf8655ee63213a0b5
EXPORTER_SECRET dec3cd85c5d68123b2899e7fb88af81b2b74a9581d615571b30697abefe23b8e 3e145536e9c87445aac51f768f30c40b6f1a4d071db82f3ed7fff5b11967ca79
CLIENT_HANDSHAKE_TRAFFIC_SECRET 2fff8c0e95685856705e0a2d4d8d75afdb5bcf9b4e6be856dc86067a2fdc5fc1 ed5a6bc2a58af1150908f086ada5d84f53b9d671477a09b4873d50d2ecb09f42
SERVER_HANDSHAKE_TRAFFIC_SECRET 2fff8c0e95685856705e0a2d4d8d75afdb5bcf9b4e6be856dc86067a2fdc5fc1 54d9c62312096841dd965d98a3a5b174efc8dc10d77ee62c77a39b4e12b988ed
CLIENT_TRAFFIC_SECRET_0 2fff8c0e95685856705e0a2d4d8d75afdb5bcf9b4e6be856dc86067a2fdc5fc1 c37043681ad2058102124eaad19db18df9ca320305436c13509ab19d823c201d
SERVER_TRAFFIC_SECRET_0 2fff8c0e95685856705e0a2d4d8d75afdb5bcf9b4e6be856dc86067a2fdc5fc1 7a6db8ce8ff2ee3161ddc5f9eed6814d3d2ede8d65415dfbfdbb59907e8f1d70
EXPORTER_SECRET 2fff8c0e95685856705e0a2d4d8d75afdb5bcf9b4e6be856dc86067a2fdc5fc1 f91e08a35892eedce999072a025576cd63a7b2905538f8f7379dc3e8bcbe6d3b
CLIENT_HANDSHAKE_TRAFFIC_SECRET e712d002973b22e8182c9b6941b0409bc9ea10ef281acd35b08d274ae7d9d7b7 05cfd0fc05f636f281675e856baaffcbf8dba30439852a686c3dc18bdf8208d3
SERVER_HANDSHAKE_TRAFFIC_SECRET e712d002973b22e8182c9b6941b0409bc9ea10ef281acd35b08d274ae7d9d7b7 13baf70de4f88ea4ff3b1b6ca12ef9074b5970a152e187798dbced5d7ee1ceb0
CLIENT_HANDSHAKE_TRAFFIC_SECRET 1d1cd98650a1d083e24a4da1144a907763e3df5b3f5472bc832d31aec981905f edc8432269a0fb4bf698ba3e59f475adfd7d7ac047471e76df54af0bdd8f68c5
SERVER_HANDSHAKE_TRAFFIC_SECRET 1d1cd98650a1d083e24a4da1144a907763e3df5b3f5472bc832d31aec981905f c80d994a638140248407c683b4c6c3d2f10453d5bec13a853a6ee6cd2d8f59e0
CLIENT_HANDSHAKE_TRAFFIC_SECRET 938338debc5018db32d9e6fd9ab92f5acfaf9cdba92029593dcd4e6d6494c4e7 d08a4f61e165a5ae9bd82e40f759961fa17a77cc622e0b8c8fa0adb10252f920
SERVER_HANDSHAKE_TRAFFIC_SECRET 938338debc5018db32d9e6fd9ab92f5acfaf9cdba92029593dcd4e6d6494c4e7 8958084fce8a3a63e522699e433683e30693f9a1105cfb2762c407a0abc4dc7a
CLIENT_HANDSHAKE_TRAFFIC_SECRET dc490d4cfce32477194befc10854b9c6921a03e04726607bf3d44f79963055c5 22799ed065c579fda02d9f55417c6a39d98d227ceaa476def5f902eff8e60498
SERVER_HANDSHAKE_TRAFFIC_SECRET dc490d4cfce32477194befc10854b9c6921a03e04726607bf3d44f79963055c5 6c767b018c74f985cc1d719e16e7fdbe31e73a9e42dc8ff03a2ccac2782d0374
CLIENT_HANDSHAKE_TRAFFIC_SECRET 032be832695e81a5f8a626fe20947323982d41a1264c10641cd12044a097b84d 880010db2d16a4248d345937977f44538aaaa1d5006e45fc660dd18a10be2311
SERVER_HANDSHAKE_TRAFFIC_SECRET 032be832695e81a5f8a626fe20947323982d41a1264c10641cd12044a097b84d 93bfd586f59540e8d2080cfecc8a7d0a0fe3be479533cac46a8d2531953debdb
CLIENT_HANDSHAKE_TRAFFIC_SECRET ae02ced0a366730ede84d2049e1d13702805958b163362d3757e6396727065b8 8858f7fee4f5fbe8945ecfd7be8bcb4b7a65e033424ba20a2c8d3de669ea5166
SERVER_HANDSHAKE_TRAFFIC_SECRET ae02ced0a366730ede84d2049e1d13702805958b163362d3757e6396727065b8 301d21e151d67f22bfd52c7998a764705e7ca329e87981b47001950540f40564
