CLIENT_HANDSHAKE_TRAFFIC_SECRET d03ca46f0aef8e44c7947e4e6b5ea8e74926bf163fc71f33feea1e37e3e0f3c4 1ab40ccdbd2322df9b027245d2a267aecc904a2f53e61a01bd8831bc38f0203a
SERVER_HANDSHAKE_TRAFFIC_SECRET d03ca46f0aef8e44c7947e4e6b5ea8e74926bf163fc71f33feea1e37e3e0f3c4 3e702ae2e26641ab868874f2c99d2c50803fe7e7a3d54d8758715d5374cf06ef
CLIENT_TRAFFIC_SECRET_0 d03ca46f0aef8e44c7947e4e6b5ea8e74926bf163fc71f33feea1e37e3e0f3c4 05509fb37b39ea7092d43459fe87e2eac54adfc787b653a22d61329838ed59e4
SERVER_TRAFFIC_SECRET_0 d03ca46f0aef8e44c7947e4e6b5ea8e74926bf163fc71f33feea1e37e3e0f3c4 294f2af39d74107dabc580b1a6aee101d9891be298a42d61c186fa5b15f08c50
EXPORTER_SECRET d03ca46f0aef8e44c7947e4e6b5ea8e74926bf163fc71f33feea1e37e3e0f3c4 ca5642462ab17d9dd3d8ce4c5ea699db49cf661fb525a4248240c2d3d53a44e7
CLIENT_HANDSHAKE_TRAFFIC_SECRET af939376ff2bb8be7ed891874fd632dab86871ed6cce44c99c90d262d300fade 9c9339c9b8b34eabc5a009ebe3995f5843dc60b3aaf29828119e4b85dba27f28
SERVER_HANDSHAKE_TRAFFIC_SECRET af939376ff2bb8be7ed891874fd632dab86871ed6cce44c99c90d262d300fade ef5dacbf336d4d3a678d3e56129f82729748441ac8727d05edf70fdc9e999610
CLIENT_TRAFFIC_SECRET_0 af939376ff2bb8be7ed891874fd632dab86871ed6cce44c99c90d262d300fade 8782b4bdfb292d7aa6b9c9718af838a6a75cb30b5c5dbcc055db422abcdf3128
SERVER_TRAFFIC_SECRET_0 af939376ff2bb8be7ed891874fd632dab86871ed6cce44c99c90d262d300fade 72cf50fdd3a05081b837eef42a6cee03106e31cf77758c89ac4cdbd33b28e736
EXPORTER_SECRET af939376ff2bb8be7ed891874fd632dab86871ed6cce44c99c90d262d300fade dae05ceb9fc812667af2eb83ef31f665ca4c678e86b2a2da75faf0632389311a
CLIENT_HANDSHAKE_TRAFFIC_SECRET c6891d4a06fb1b33339147cbc375bdbc6d34e5f1cc0aa25eafb731bf8871f6fe 7c8b95f5199c28d11ce9a972612f17e7e26a2c9ba3f77a8fd290f7ffe2a551a1
SERVER_HANDSHAKE_TRAFFIC_SECRET c6891d4a06fb1b33339147cbc375bdbc6d34e5f1cc0aa25eafb731bf8871f6fe e11eed59d5c24d7e3669faed3c90e45e5ba67e084fbb44d48c498f19db6d3157
CLIENT_TRAFFIC_SECRET_0 c6891d4a06fb1b33339147cbc375bdbc6d34e5f1cc0aa25eafb731bf8871f6fe 35a058a2c29148a0f8f19372ccf88bdec1803bbcb5f1f63e746c5f6ee925a856
SERVER_TRAFFIC_SECRET_0 c6891d4a06fb1b33339147cbc375bdbc6d34e5f1cc0aa25eafb731bf8871f6fe 37a718e39f66dc204d5430959a80390450bdea3dbb66c86b495fa94af98c8f8e
EXPORTER_SECRET c6891d4a06fb1b33339147cbc375bdbc6d34e5f1cc0aa25eafb731bf8871f6fe b005caccfd0f11990e6b6661790e6363b41941f9b786ccd24fab4be09b98b80a
CLIENT_HANDSHAKE_TRAFFIC_SECRET bd207eb002c87d52b80caafd715476d28c99f5f1f782c97a708bf92963c1662c bbe1cf8b17058cef2645ed5fe7feade535af47a3c68b6c7322c354162f88fddf
SERVER_HANDSHAKE_TRAFFIC_SECRET bd207eb002c87d52b80caafd715476d28c99f5f1f782c97a708bf92963c1662c 6a5f674ffbb2c0f07a792570de616aeb1cb9f9cfd3ccd9618370090a1e238fec
CLIENT_HANDSHAKE_TRAFFIC_SECRET 4e4974fc1e15e2faae5d7b1a6be0376a564ecbffd4221c8e1eb627c1168e95ab e45f0d1eb018df597a2516ed49330d27f1753e503955a0ad29d1feea6cff43b4
SERVER_HANDSHAKE_TRAFFIC_SECRET 4e4974fc1e15e2faae5d7b1a6be0376a564ecbffd4221c8e1eb627c1168e95ab 3e727383849f7eee621b83c4e8b5e8fbecd32eebafbe8ac181fed5953f984dee
CLIENT_TRAFFIC_SECRET_0 bd207eb002c87d52b80caafd715476d28c99f5f1f782c97a708bf92963c1662c 9b54e1b70f5c7556be150ae0950d68bf5528f2c018e69b982e2ca1e8d2bcc1dc
SERVER_TRAFFIC_SECRET_0 bd207eb002c87d52b80caafd715476d28c99f5f1f782c97a708bf92963c1662c b5d15c6ed1b3087296fe3b19d1fc49bb6e32b463a270d11b78c565ac0ed92412
EXPORTER_SECRET bd207eb002c87d52b80caafd715476d28c99f5f1f782c97a708bf92963c1662c 68b7ed2e99991ec4a8799b6b3db1ace5b678f49842fb52e8ee0e21d773b32102
CLIENT_TRAFFIC_SECRET_0 4e4974fc1e15e2faae5d7b1a6be0376a564ecbffd4221c8e1eb627c1168e95ab f1779ebbbd1afea041cf7345a784c314637a0bf94fb5b58996087f7cccfd113a
SERVER_TRAFFIC_SECRET_0 4e4974fc1e15e2faae5d7b1a6be0376a564ecbffd4221c8e1eb627c1168e95ab 0d7a9c99fdc45c814f9f5475508e79768a8e107838cb4aaf1aac6a474d941fbd
EXPORTER_SECRET 4e4974fc1e15e2faae5d7b1a6be0376a564ecbffd4221c8e1eb627c1168e95ab 46a630fd7f6f367b2a4cbbf328bff081fae94d3d16810364e929dbf0d842e3ed
CLIENT_HANDSHAKE_TRAFFIC_SECRET 0b7c7d45fd3b4ad235e82f8b17201f95e6e32dfbcfed0c05d9558b770ef423f0 f4f9a4e9a41ee6f70b74dd778e60fa95eeaece7ad855e98c48807aee62f7e302
SERVER_HANDSHAKE_TRAFFIC_SECRET 0b7c7d45fd3b4ad235e82f8b17201f95e6e32dfbcfed0c05d9558b770ef423f0 4420087b0c87bf108dd7964c0c4815ee3a2d63911ee09662bd610464851cc695
CLIENT_HANDSHAKE_TRAFFIC_SECRET 740e938f6f0a0584bd3fa310d79d75674df30515e709b68158f0c8e4b2d8ce7e f2f985b5d091ee9068c734b977dc95df393c057743f00395e41beb897912a355
SERVER_HANDSHAKE_TRAFFIC_SECRET 740e938f6f0a0584bd3fa310d79d75674df30515e709b68158f0c8e4b2d8ce7e 7dca6d4ba62551c45c56966ec730b9cb58f671f0214f8fa61a85541990ef52aa
CLIENT_TRAFFIC_SECRET_0 740e938f6f0a0584bd3fa310d79d75674df30515e709b68158f0c8e4b2d8ce7e 9fb0013baf7022edf99e89fad60e2188c9e36f4a1e5e8cd79e1178e68c1efde8
SERVER_TRAFFIC_SECRET_0 740e938f6f0a0584bd3fa310d79d75674df30515e709b68158f0c8e4b2d8ce7e 8bc7b445cadae1fb4cd55b6a17f1b51b6549ce5a030c30ab1c29f99beef4d03c
EXPORTER_SECRET 740e938f6f0a0584bd3fa310d79d75674df30515e709b68158f0c8e4b2d8ce7e 68bb16bc4b30308a9bf5ede545df6b46742dc85eabf2ce8753081de443dc1659
CLIENT_TRAFFIC_SECRET_0 0b7c7d45fd3b4ad235e82f8b17201f95e6e32dfbcfed0c05d9558b770ef423f0 1a8e5038bb50004efc715ad688bfc5f2ff8be4c6ae771d9953d422df25f153ea
SERVER_TRAFFIC_SECRET_0 0b7c7d45fd3b4ad235e82f8b17201f95e6e32dfbcfed0c05d9558b770ef423f0 7b461551400b839bbc3e59d42c35a14a0bfac6418d088d622d3d4b7b31076e7f
EXPORTER_SECRET 0b7c7d45fd3b4ad235e82f8b17201f95e6e32dfbcfed0c05d9558b770ef423f0 bf9253a15d6a80b522d8e91d52e18b469492f9594b802bc25d5c6203cbd8af9f
CLIENT_HANDSHAKE_TRAFFIC_SECRET e01aae917584fe1860e4228073a27d726a5873a068a2371d0d40b9c6533be997 e34d4c900b9c18d166c817abaa9beba47dd90076debff52bd5efdb1c295bd31f
SERVER_HANDSHAKE_TRAFFIC_SECRET e01aae917584fe1860e4228073a27d726a5873a068a2371d0d40b9c6533be997 092d67247e0bf8990a7c620ca25fc7aee7a653531049d874852350b9b747611f
CLIENT_HANDSHAKE_TRAFFIC_SECRET a49e028b4aae187bc038d7bbc3ef56c37f6c6fffca654237c544f210ba768e87 428ecc04db5f54a0462e450b95d9260cbc6b9b791cb1796da1c58f830abd4363
SERVER_HANDSHAKE_TRAFFIC_SECRET a49e028b4aae187bc038d7bbc3ef56c37f6c6fffca654237c544f210ba768e87 e06b485e0bc601180cb9d8b1c715c6c090b2d5f169a28eae30ca70afc496347e
CLIENT_TRAFFIC_SECRET_0 a49e028b4aae187bc038d7bbc3ef56c37f6c6fffca654237c544f210ba768e87 0c1275b50775c828e3b4370b73a0585a617c873b4ae3803c6c66894bcd668be3
SERVER_TRAFFIC_SECRET_0 a49e028b4aae187bc038d7bbc3ef56c37f6c6fffca654237c544f210ba768e87 282740a155ae03781af55efcaeaca06287f39e9ef806a3e94dd5622854b50242
EXPORTER_SECRET a49e028b4aae187bc038d7bbc3ef56c37f6c6fffca654237c544f210ba768e87 90921fbf03f5890d03740dad070c1b937afec066b4da4b0d0c46e1369630968b
CLIENT_TRAFFIC_SECRET_0 e01aae917584fe1860e4228073a27d726a5873a068a2371d0d40b9c6533be997 4998f9fa50b8753e80c0831279b53ee1126d51aec150875da4863ee6b4aad19e
SERVER_TRAFFIC_SECRET_0 e01aae917584fe1860e4228073a27d726a5873a068a2371d0d40b9c6533be997 cb759f496e2617d372b88f9170624b528cf55e48ee2ef505d25b850fd90e7be5
EXPORTER_SECRET e01aae917584fe1860e4228073a27d726a5873a068a2371d0d40b9c6533be997 be24026d9cf17432e6883c03659f94cf0c75c5e51e082c1532e8fc881580a36f
CLIENT_RANDOM 10e9ca53f8f413bef814846325066776a54dc81cac917d293b5c466f0ddde5fa 7ee0209a5649df9e69ca0903d8fa2e27c1b7fe32d75c8e94f5fa089998ce2e8b07eb2b3b9f4b3623794d1cc0cbd62186
CLIENT_HANDSHAKE_TRAFFIC_SECRET 60b8ef598044d2f9bcc3d9150d0a85129a708b7d2a47dae6e7af650069359377 5e10c55d3fb516f4b2128009e3fc39963f815f7f81ca0b436514e0e06dd34485
SERVER_HANDSHAKE_TRAFFIC_SECRET 60b8ef598044d2f9bcc3d9150d0a85129a708b7d2a47dae6e7af650069359377 ef75df32f188d78f8f6b091918bf104be9be8d51b6d959b9b4f7ef9f9c73475f
CLIENT_TRAFFIC_SECRET_0 60b8ef598044d2f9bcc3d9150d0a85129a708b7d2a47dae6e7af650069359377 c8df75689b9e9e76862c747296625003939aa325f7bc6cdbbecc54eaac1f8578
SERVER_TRAFFIC_SECRET_0 60b8ef598044d2f9bcc3d9150d0a85129a708b7d2a47dae6e7af650069359377 a822f45cf9dd3197705c9bf3124e542bb1ccca54d36a71e6db7f5604b7c69d19
EXPORTER_SECRET 60b8ef598044d2f9bcc3d9150d0a85129a708b7d2a47dae6e7af650069359377 d1f9daeee0050afe6f3466334a83cf27f7d706691d482088b7488a7a9f84d208
CLIENT_HANDSHAKE_TRAFFIC_SECRET 31da713d5a631e0cb5ef761fb0aa31b65a61a9fe02b2a40a968bcbd70e80a098 54734a865e0a8292d310b7e431d4329b7837c8de27f4cdcef837b60c931c6b33
SERVER_HANDSHAKE_TRAFFIC_SECRET 31da713d5a631e0cb5ef761fb0aa31b65a61a9fe02b2a40a968bcbd70e80a098 4fd6db43d189c9897d739f13f98aee77e514b66b0be56c123dcbfd290a323134
CLIENT_TRAFFIC_SECRET_0 31da713d5a631e0cb5ef761fb0aa31b65a61a9fe02b2a40a968bcbd70e80a098 5f4306b8011f029120be14665d2b2119a7c906713a093fc3fb9919c879b3735a
SERVER_TRAFFIC_SECRET_0 31da713d5a631e0cb5ef761fb0aa31b65a61a9fe02b2a40a968bcbd70e80a098 fae392663646f8c1bebad7b5be7d8537d8d4b7835e054af772574d7575b2f012
EXPORTER_SECRET 31da713d5a631e0cb5ef761fb0aa31b65a61a9fe02b2a40a968bcbd70e80a098 188fde99bcdc786f30da8d75652aee75b9dc9e451fd0816fc7879356bbf82fe6
CLIENT_HANDSHAKE_TRAFFIC_SECRET 74435e3e3b8d3f20985ed11161867b41d2d21d0a074b426771b87ab33af9cccd 7b0384e7ed87503086fe3daf39ebcdcabc3b1fa2aa6a343b296b4ab421194198
SERVER_HANDSHAKE_TRAFFIC_SECRET 74435e3e3b8d3f20985ed11161867b41d2d21d0a074b426771b87ab33af9cccd f7818f284e6f43613f454baa50454e5a2f7a5b16fb2b94519f9b026f7a6dd5b6
CLIENT_TRAFFIC_SECRET_0 74435e3e3b8d3f20985ed11161867b41d2d21d0a074b426771b87ab33af9cccd fa0d7b2c2e38bad6ced0df2a5dee8ad8ce3d14191e86b1acfce113badb8b2ba0
SERVER_TRAFFIC_SECRET_0 74435e3e3b8d3f20985ed11161867b41d2d21d0a074b426771b87ab33af9cccd d2c93b414b4c02a7e385547d95c3c4916e6b14081bbaa47c0a4cdc2089d74cd7
EXPORTER_SECRET 74435e3e3b8d3f20985ed11161867b41d2d21d0a074b426771b87ab33af9cccd 7463606f0f1fd4827ec186aafb7e8b3db6bb1d267cb24f7815dc04c4b0b97da8
CLIENT_HANDSHAKE_TRAFFIC_SECRET a55e4ec574d9fd52954006f1c78f511c05ce0c149f658ad7fee9a8ad8a1bbbe1 f7832ba9ca4c524ac9d4730b93fa966892cbb81eaaf60322a822ae44722c3642
SERVER_HANDSHAKE_TRAFFIC_SECRET a55e4ec574d9fd52954006f1c78f511c05ce0c149f658ad7fee9a8ad8a1bbbe1 0df3d80b4a20bfbb600073329481d094e6b62db549908ca48850d8d6d2c2c384
CLIENT_TRAFFIC_SECRET_0 a55e4ec574d9fd52954006f1c78f511c05ce0c149f658ad7fee9a8ad8a1bbbe1 acd842a997625eb193a13cd46dcbc0ba7edeba2f34b3c6e6de1d143e573be74f
SERVER_TRAFFIC_SECRET_0 a55e4ec574d9fd52954006f1c78f511c05ce0c149f658ad7fee9a8ad8a1bbbe1 e84f32379651ef0deea84e5b2ad1c1315413a576af5b7b96c41a17bd5cc01a50
EXPORTER_SECRET a55e4ec574d9fd52954006f1c78f511c05ce0c149f658ad7fee9a8ad8a1bbbe1 0d6ddb18852464e06704d4b497961b4b6a8856619582e4163859c110550a77bb
CLIENT_HANDSHAKE_TRAFFIC_SECRET 0e6fa70435fe0e33116886d24b4881a3e449391d8005ac2676fcd02d09132404 e2b1def31a69b30d40e8919bf0759764a24853b9ef40d9c9365eb5961ab6bbc8
SERVER_HANDSHAKE_TRAFFIC_SECRET 0e6fa70435fe0e33116886d24b4881a3e449391d8005ac2676fcd02d09132404 6ad3711ea6fe1de55a25e164ddf03a55955aba10706a70b6e6ab7537c48f321c
CLIENT_TRAFFIC_SECRET_0 0e6fa70435fe0e33116886d24b4881a3e449391d8005ac2676fcd02d09132404 145bec1d3fad32102d2ee8af572d8a17c9d7d1821667a68438c4e2264aa62424
SERVER_TRAFFIC_SECRET_0 0e6fa70435fe0e33116886d24b4881a3e449391d8005ac2676fcd02d09132404 cdc55bb1eb720dc43bd2d2d99dd416e181a3c81336eb8d9ca61ff349916c2d23
EXPORTER_SECRET 0e6fa70435fe0e33116886d24b4881a3e449391d8005ac2676fcd02d09132404 529fea4e545772fa3ea9b452b7c504acb2ec14466eeebdd9728fc85995fbbbee
CLIENT_HANDSHAKE_TRAFFIC_SECRET 40d1406055af2afc2bb8d2a580a4c0bee700fba43c12851018e980dae338837f c317b4df15634261fe7c6e3ad3e079940865a8f5a78eb7cf4489e13b67f20ade
SERVER_HANDSHAKE_TRAFFIC_SECRET 40d1406055af2afc2bb8d2a580a4c0bee700fba43c12851018e980dae338837f 008e0ca48fe75733b9b6459e692fe4fc9834ddfa897b98995d305cd0aed21dc5
CLIENT_TRAFFIC_SECRET_0 40d1406055af2afc2bb8d2a580a4c0bee700fba43c12851018e980dae338837f 3d7ce2f0db73fd455c750dce8f2a25e744b08a786b644cdf5b1533349563445c
SERVER_TRAFFIC_SECRET_0 40d1406055af2afc2bb8d2a580a4c0bee700fba43c12851018e980dae338837f cdac1e406c17931a15e61039c820e28c3f2eaa88e75c0ebbd93ab03353421145
EXPORTER_SECRET 40d1406055af2afc2bb8d2a580a4c0bee700fba43c12851018e980dae338837f 431405e231d756e3bc1454738fa6261fe7209874407dbe59efe8d30f06b251ae
CLIENT_HANDSHAKE_TRAFFIC_SECRET 663eb083ca2da5c44afd43e325934313476dcde3400964dde3d647992ceee861 f1539d42e34b8018957e15879eaa3306e31201c3e3c7a1e5961bed6a1ac7edba
SERVER_HANDSHAKE_TRAFFIC_SECRET 663eb083ca2da5c44afd43e325934313476dcde3400964dde3d647992ceee861 aaa2e35c3832818e4a9797c15dee1395116acd6c359b619c693d85e8c236dc6d
CLIENT_TRAFFIC_SECRET_0 663eb083ca2da5c44afd43e325934313476dcde3400964dde3d647992ceee861 cf5b114621cd929d5e41d790d5eb252d77ca999918c8f02a537bfebb2ab8b8ea
SERVER_TRAFFIC_SECRET_0 663eb083ca2da5c44afd43e325934313476dcde3400964dde3d647992ceee861 dabdf4e57904e5b6b526c704bdc26f2d9ea4fadc1223a5f4c5e5ec92a83ad9b4
EXPORTER_SECRET 663eb083ca2da5c44afd43e325934313476dcde3400964dde3d647992ceee861 ffccb131a820c2fb377a1f6acfc8aba05d248f20e53dcd0fe1a88191976cbfa2
CLIENT_HANDSHAKE_TRAFFIC_SECRET 961ba13e485e89f61fff3e529d49e4497dba692496eb23be8ef087068197175e 73e7f0b0375d02093e041f281e3c0fdd9ecde9c018966590687389e97c4ac023
SERVER_HANDSHAKE_TRAFFIC_SECRET 961ba13e485e89f61fff3e529d49e4497dba692496eb23be8ef087068197175e 5543eca0478302d4791996c5eedf3b0d88055501014f9c9021e2be76b9642092
CLIENT_TRAFFIC_SECRET_0 961ba13e485e89f61fff3e529d49e4497dba692496eb23be8ef087068197175e 48c878a4796060cc4dbe196c37f245fc607bb8ba710f347b494441c9dce2e09b
SERVER_TRAFFIC_SECRET_0 961ba13e485e89f61fff3e529d49e4497dba692496eb23be8ef087068197175e 8c32c9b0eda41b0d843f75769292b0a0d4770afdf0e9ca85e3c52c3461ce331e
EXPORTER_SECRET 961ba13e485e89f61fff3e529d49e4497dba692496eb23be8ef087068197175e 1cd73537868431f851d1e5d70e962ddae8c43b8b7ece65a59b0efaa90bf422a3
CLIENT_HANDSHAKE_TRAFFIC_SECRET 7ab48b887198d13ed4679ec9122f531c7f284b46248fa4b64b62b9f5bc016b58 f9ee3015ff2cd5876d566ab35496a1058c441f4a146a92742115423d04d06761
SERVER_HANDSHAKE_TRAFFIC_SECRET 7ab48b887198d13ed4679ec9122f531c7f284b46248fa4b64b62b9f5bc016b58 27c854399c51ee7822325f9a1857032a2edced9c7effe10a7d0797a7dd0f2caa
CLIENT_HANDSHAKE_TRAFFIC_SECRET 769a43770967d22f620019c41ded39d296966d4ddf91694e692a0c99c5eb2efb 9f14837d189df6aabc1f8e5b3ac3ff7edbcefd4ae3c4b4759ae34d495bec7b9a
SERVER_HANDSHAKE_TRAFFIC_SECRET 769a43770967d22f620019c41ded39d296966d4ddf91694e692a0c99c5eb2efb 254b1539e07d113e96389a7b9e256d6b6c306a1f0594b1d230b9985027a1dffd
CLIENT_HANDSHAKE_TRAFFIC_SECRET 0171cf00f7c14c0e12967211521113580daa898e5135d3b51fa9115c77e9f120 f603d3d390bee008e2bac1fccdd289fe76aa67b78465f02276d9ee880490af85
SERVER_HANDSHAKE_TRAFFIC_SECRET 0171cf00f7c14c0e12967211521113580daa898e5135d3b51fa9115c77e9f120 234d55e41e70a3ad6e92d3eefde50d0de21c5a74de67a4e61dd5392ac58f9538
CLIENT_TRAFFIC_SECRET_0 7ab48b887198d13ed4679ec9122f531c7f284b46248fa4b64b62b9f5bc016b58 a0396e97d33294edfa7248d2d03227a719f8a81e97f6f102d98a5a9558dd8e39
SERVER_TRAFFIC_SECRET_0 7ab48b887198d13ed4679ec9122f531c7f284b46248fa4b64b62b9f5bc016b58 d79a61aaf3413384138ed31641f332dbcccc80d319c5d35161176cb690850448
EXPORTER_SECRET 7ab48b887198d13ed4679ec9122f531c7f284b46248fa4b64b62b9f5bc016b58 a8e725c064afd60f8edbad001144d78ed6b6f0204e93c99eef6192dd426f7bdf
CLIENT_TRAFFIC_SECRET_0 769a43770967d22f620019c41ded39d296966d4ddf91694e692a0c99c5eb2efb d828e4a9c6f98f44724400d87f99fb987b98a140d57d6d6320a8a8ffbd837a9a
SERVER_TRAFFIC_SECRET_0 769a43770967d22f620019c41ded39d296966d4ddf91694e692a0c99c5eb2efb 04340beb35f0d2e44e2cf1ddaa1986239c49a40542a57e0f21dee3a76dd56661
EXPORTER_SECRET 769a43770967d22f620019c41ded39d296966d4ddf91694e692a0c99c5eb2efb cffc31c1d885cc5d65d613a67af095067ad7aef45c71ecbc6029105a715bcdab
CLIENT_TRAFFIC_SECRET_0 0171cf00f7c14c0e12967211521113580daa898e5135d3b51fa9115c77e9f120 e8333053f51982c08b2cc030cbf95b63044f57b9ec0dd519139b3aecf90a4c68
SERVER_TRAFFIC_SECRET_0 0171cf00f7c14c0e12967211521113580daa898e5135d3b51fa9115c77e9f120 5937a5032efc018ebc4eb7cf887b6764eb993c3c865bd9a9e83035fea0409a6e
EXPORTER_SECRET 0171cf00f7c14c0e12967211521113580daa898e5135d3b51fa9115c77e9f120 a35f8a54611b8be0265d2173f3a4fc0ca6234846284bab374716033915d5f34e
CLIENT_HANDSHAKE_TRAFFIC_SECRET c7aa3cba8ae6d613feaa8a4115d69df2c01c8ac7e582cc7dfeb54dc8945cb131 945c58b78d384a63f8b36f6ae600323246309cb6030d28fa580694c42ecadade
SERVER_HANDSHAKE_TRAFFIC_SECRET c7aa3cba8ae6d613feaa8a4115d69df2c01c8ac7e582cc7dfeb54dc8945cb131 bf9eb53e455695dfd73796945d820b39e63cf3f60780e5a4d9f8d74a6c104398
CLIENT_TRAFFIC_SECRET_0 c7aa3cba8ae6d613feaa8a4115d69df2c01c8ac7e582cc7dfeb54dc8945cb131 74ed72fd2dd5d75ceb6c71f7d010d5b3fe560a0a5d4510bdf6459bb9922b0e0f
SERVER_TRAFFIC_SECRET_0 c7aa3cba8ae6d613feaa8a4115d69df2c01c8ac7e582cc7dfeb54dc8945cb131 9b2c21dca086f4221dabded25e46eb8b96cd97f77c42643d1b1c52f93515ab8e
EXPORTER_SECRET c7aa3cba8ae6d613feaa8a4115d69df2c01c8ac7e582cc7dfeb54dc8945cb131 eabe224e7f7932a0823ac216ff2361ac5cdd7fa6024f56fece177ba3b4c85d30
CLIENT_HANDSHAKE_TRAFFIC_SECRET af22f25af1cf86f1d4283024c05b0ed80682249b0dae74af83bfa50fef54b62d d350dffd1dc91dcc7262081d2c028310ab0a6222eff18135df66d2db11789908
SERVER_HANDSHAKE_TRAFFIC_SECRET af22f25af1cf86f1d4283024c05b0ed80682249b0dae74af83bfa50fef54b62d 7a848bfc0a7d9378a41bc3b3830157cb30564cdeab22cb338d97c23faa154f91
CLIENT_TRAFFIC_SECRET_0 af22f25af1cf86f1d4283024c05b0ed80682249b0dae74af83bfa50fef54b62d 1fbca720cded6c9f39a95f69b9c77047e709428e2ce35ba4e7ff55b1d6f47284
SERVER_TRAFFIC_SECRET_0 af22f25af1cf86f1d4283024c05b0ed80682249b0dae74af83bfa50fef54b62d 6715177aed11290517794e7f5abca079c75db28b5dfc3ae8072ee5d250a84d41
EXPORTER_SECRET af22f25af1cf86f1d4283024c05b0ed80682249b0dae74af83bfa50fef54b62d b9c54d6dde5eb61fda35ae86f62ca70a7fae8d3ba84eff1313f7cce3968045f4
CLIENT_HANDSHAKE_TRAFFIC_SECRET 97c606c5ba03d1ce503d71766921c8fc8cf61d68a9a30fe4332d0ff07ed2b22f fa23bf221cf86e938d454fedc8c9d2ab7be92a09598ac7b3728f21d03e7c1e7c
SERVER_HANDSHAKE_TRAFFIC_SECRET 97c606c5ba03d1ce503d71766921c8fc8cf61d68a9a30fe4332d0ff07ed2b22f 9444eb4e8ae9e9cc21824ac67431c9aca60d42266b83e45090eee96aa474ec0b
CLIENT_TRAFFIC_SECRET_0 97c606c5ba03d1ce503d71766921c8fc8cf61d68a9a30fe4332d0ff07ed2b22f 2d1334ff4e0d07e498be4dcb2cd8098c39cf6236c37f0d8244e4dbb9e46dde32
SERVER_TRAFFIC_SECRET_0 97c606c5ba03d1ce503d71766921c8fc8cf61d68a9a30fe4332d0ff07ed2b22f f78382238972900f44ab1af05f04289f4d1fdf9b7e6b475e1d94562f795a7620
EXPORTER_SECRET 97c606c5ba03d1ce503d71766921c8fc8cf61d68a9a30fe4332d0ff07ed2b22f 85abec529971eaab93d1e033fe659a74aaeffb478aa67be6cbbf26a747a8132b
CLIENT_HANDSHAKE_TRAFFIC_SECRET fc3efe67267fcbd9441c4d2fbfbdb7fa4b3ebc840398a6b5e654f287828da35a b642f0e94373409812c4349f1050395f2bc463c4bc5e7953a6d524ca89a7d947
SERVER_HANDSHAKE_TRAFFIC_SECRET fc3efe67267fcbd9441c4d2fbfbdb7fa4b3ebc840398a6b5e654f287828da35a 74df79419e1bb21fd12554b9a57af4774969d6bb1c993210be705d50666f3abd
CLIENT_TRAFFIC_SECRET_0 fc3efe67267fcbd9441c4d2fbfbdb7fa4b3ebc840398a6b5e654f287828da35a f5d768a1447dad73ef789da2667f0c77b1482faff516f3206788946ce7b5b440
SERVER_TRAFFIC_SECRET_0 fc3efe67267fcbd9441c4d2fbfbdb7fa4b3ebc840398a6b5e654f287828da35a 07ec4f9ebbe147e24a05634433dacc3d4a9b540d7bde8119ef262540761fbd4d
EXPORTER_SECRET fc3efe67267fcbd9441c4d2fbfbdb7fa4b3ebc840398a6b5e654f287828da35a 0f9a8151b4dfc3ba04b15ec75b6a284ab0af88c6b055d658ff30bf6b3ab3439d
CLIENT_HANDSHAKE_TRAFFIC_SECRET fbb0fff58bbf3fdff1af32076df6ecd5ab21f052042e3e7369789d49723a0191 d1a9caae2e0cc4b890aa58771ef70527ccd49c9747e7b5c522a3f48dfd53f55a
SERVER_HANDSHAKE_TRAFFIC_SECRET fbb0fff58bbf3fdff1af32076df6ecd5ab21f052042e3e7369789d49723a0191 fc8f97ddd7928f35708c5e9984ba758cfc111d0d6e3d732db3bdf8042288e3aa
CLIENT_TRAFFIC_SECRET_0 fbb0fff58bbf3fdff1af32076df6ecd5ab21f052042e3e7369789d49723a0191 26e224fd9a4872da695bf5ebe56ff47ada806164528b436fec6cb70ac9c70f3a
SERVER_TRAFFIC_SECRET_0 fbb0fff58bbf3fdff1af32076df6ecd5ab21f052042e3e7369789d49723a0191 35d5222ff9793901b54e7a6cc2b311f17f87d469e69feff7095a9997c57ff07d
EXPORTER_SECRET fbb0fff58bbf3fdff1af32076df6ecd5ab21f052042e3e7369789d49723a0191 571925ed0f2607d14aea4077f3fe57d8a26d40de272c194d5b4af0a50d9862f4
CLIENT_HANDSHAKE_TRAFFIC_SECRET e79ce129ae2b9d54d1670601fe68d868243f747403592d80fb24ff3dd68187ed 1954dad2b448caf06fc1e14344e5358e0726e087fbe94df76af577da5327ae9d
SERVER_HANDSHAKE_TRAFFIC_SECRET e79ce129ae2b9d54d1670601fe68d868243f747403592d80fb24ff3dd68187ed cdbabcf3473d7dd0c2aa0200783306b96ffc6f32e4f8bd46a1a7d9db1754921d
CLIENT_TRAFFIC_SECRET_0 e79ce129ae2b9d54d1670601fe68d868243f747403592d80fb24ff3dd68187ed d78e1438385a7ad36c28ee836387c5ee9f86de2fa99b367f3300e3e9804d6a6e
SERVER_TRAFFIC_SECRET_0 e79ce129ae2b9d54d1670601fe68d868243f747403592d80fb24ff3dd68187ed 89eeb175fb3663532858d5fa8aaf21ed867f73a5cb0a50bc0228f8929122e8b7
EXPORTER_SECRET e79ce129ae2b9d54d1670601fe68d868243f747403592d80fb24ff3dd68187ed 12cc2a21a5f5ed470c97f10a285d67544fa75949dcf66448f838db4bf38f9856
