CLIENT_RANDOM 39002d8c96d23e0c715df561491f916b792975c7b9b8da265d2ceb16ff3cf230 c8a7540334b034f294856ffbf90a50688612f9b5e318cb17bbbb49c6a252e88e767b6ba8941ec096c0e36b28612dd641
CLIENT_HANDSHAKE_TRAFFIC_SECRET 9d08e3950a165200cfb97e1ad27d9d4b642e361fe07825fba58f63156d1948ef 7f147c7ffef8a73ee5ced4681129086068018688dba919369915e85933ce4676
SERVER_HANDSHAKE_TRAFFIC_SECRET 9d08e3950a165200cfb97e1ad27d9d4b642e361fe07825fba58f63156d1948ef 6dbfd1a4cd23cba5bc999e68cbbf6ccfd992fc999af8d66085cbecad6e5b5a80
CLIENT_HANDSHAKE_TRAFFIC_SECRET 44b010977ce3931ca1b55040170fefb86b301d89e495ba0bb2491e7a58a5893f d6d142e14e263aa971e44b60f77309c145cc8162c3b324a3147b6da781457ffe
SERVER_HANDSHAKE_TRAFFIC_SECRET 44b010977ce3931ca1b55040170fefb86b301d89e495ba0bb2491e7a58a5893f 52443d534d32125e2890f3f3955bb406e9631162a8df9046e44649674fdeb53e
CLIENT_TRAFFIC_SECRET_0 9d08e3950a165200cfb97e1ad27d9d4b642e361fe07825fba58f63156d1948ef b58763b515a1c9c9abfc80559893245448aeaf7574623bd61f81db5c029bd99c
SERVER_TRAFFIC_SECRET_0 9d08e3950a165200cfb97e1ad27d9d4b642e361fe07825fba58f63156d1948ef 1ab272e4e5101093cace87cde60b6cb8e9d74b4bbbc96aca75ce56fee56be892
EXPORTER_SECRET 9d08e3950a165200cfb97e1ad27d9d4b642e361fe07825fba58f63156d1948ef 1ab421b2d4a0c8d7461d1a986e174f60fc249df006ed335935892f1418de992a
CLIENT_TRAFFIC_SECRET_0 44b010977ce3931ca1b55040170fefb86b301d89e495ba0bb2491e7a58a5893f 01137d71272e7b46a28de41caa10b6c2c604206782e1cb81547555dfb537d27a
SERVER_TRAFFIC_SECRET_0 44b010977ce3931ca1b55040170fefb86b301d89e495ba0bb2491e7a58a5893f 40e2a09f83253f8af90b0968548418cca1fdbcf1090c4e0baa878b0104aa0668
EXPORTER_SECRET 44b010977ce3931ca1b55040170fefb86b301d89e495ba0bb2491e7a58a5893f 317599c7aed9cf6b3e39fd14634e72617db36f0e9b5ded5e36dcf4d897460714
CLIENT_HANDSHAKE_TRAFFIC_SECRET ac13f23220ed9ff735062d8939d95b0169be1624ef8ce0633a463cf647af2966 37fdd2a978f611591c667bf150d9c7e8ea93aef14ee98193162a65a2f03f3fdb
SERVER_HANDSHAKE_TRAFFIC_SECRET ac13f23220ed9ff735062d8939d95b0169be1624ef8ce0633a463cf647af2966 b07988ad9dbf6638145954b5bfa3789d67f41e72c48bb3d1367f302881c00ac0
CLIENT_TRAFFIC_SECRET_0 ac13f23220ed9ff735062d8939d95b0169be1624ef8ce0633a463cf647af2966 56eac98fabfb4ef446e9d18b7f8ed3778c77ae2c5bf081b3e36849f8062918e3
SERVER_TRAFFIC_SECRET_0 ac13f23220ed9ff735062d8939d95b0169be1624ef8ce0633a463cf647af2966 ad5219af0f1593b417d1c00defb9699168b98cc3bde8da83bc14f9dcb58e910a
EXPORTER_SECRET ac13f23220ed9ff735062d8939d95b0169be1624ef8ce0633a463cf647af2966 ee0243b1cd20832f0072d25a7f84faf1512fdc534bd3605214756b67c5ad7217
CLIENT_HANDSHAKE_TRAFFIC_SECRET fc8dfc94ad9259562ba09324b913b8ac1f2c473a6ca750d9b5b498b3c3d3bf0b 124525d11492fd62dec1d4f2c77eda5771a7996802630b1f0c2be6e739c7869d
SERVER_HANDSHAKE_TRAFFIC_SECRET fc8dfc94ad9259562ba09324b913b8ac1f2c473a6ca750d9b5b498b3c3d3bf0b 1b09d7e87eaaac36daeba968f01644fb3347ea5a20379a88751ef3b9d929579f
CLIENT_TRAFFIC_SECRET_0 fc8dfc94ad9259562ba09324b913b8ac1f2c473a6ca750d9b5b498b3c3d3bf0b 793b2a5c1d8870467064e428b9c46c7faf1dc62c5756a435f15d232d285b8afd
SERVER_TRAFFIC_SECRET_0 fc8dfc94ad9259562ba09324b913b8ac1f2c473a6ca750d9b5b498b3c3d3bf0b 865dca8c6a1cfa1cce1afcc47f2875fa7f1213593e70a593fb4e3519a16ae793
EXPORTER_SECRET fc8dfc94ad9259562ba09324b913b8ac1f2c473a6ca750d9b5b498b3c3d3bf0b 7f4d77d88f0d01eacdd44d894da9cdb96b6126b2871ee7ca3eb87f16e0b2c595
CLIENT_HANDSHAKE_TRAFFIC_SECRET 2423fe87e9f2d508e7a7e80c7788b4614c98c33a1d130ebac7ea7060410ef9f9 ad5fe00a02d71e8d5a002dc2a32a45a544bddac9821de2f0d75bec2b1a40f0f7
SERVER_HANDSHAKE_TRAFFIC_SECRET 2423fe87e9f2d508e7a7e80c7788b4614c98c33a1d130ebac7ea7060410ef9f9 6ef4f2d3a920d784775756d6348afbd2b8224c7d155a17588b8de25c089647e5
CLIENT_TRAFFIC_SECRET_0 2423fe87e9f2d508e7a7e80c7788b4614c98c33a1d130ebac7ea7060410ef9f9 f77d2c6196a7e1e5fc8806673d9628375d546ad8fde0951865780b878a65d392
SERVER_TRAFFIC_SECRET_0 2423fe87e9f2d508e7a7e80c7788b4614c98c33a1d130ebac7ea7060410ef9f9 be2ecd59a8062edc8cd4ecd38635fd19cce8a8d5d79c0015de3d796605835771
EXPORTER_SECRET 2423fe87e9f2d508e7a7e80c7788b4614c98c33a1d130ebac7ea7060410ef9f9 37bc5d9bf119fcef7461cceaba64fb60464903852c9795d96860292899fd72b8
CLIENT_HANDSHAKE_TRAFFIC_SECRET 6b41dba3abd248c3bbf572fd73d4a1cd54076c0c01623e8cff52a50cce16767c 6521d5c618dbdefa0f1dc069130809166f81f2940ae43cfb46dd79818209a286
SERVER_HANDSHAKE_TRAFFIC_SECRET 6b41dba3abd248c3bbf572fd73d4a1cd54076c0c01623e8cff52a50cce16767c 5858faa93abacaa13dd9f9173bf9cedfba0a6d49a616035cf90cd22c08a009db
CLIENT_TRAFFIC_SECRET_0 6b41dba3abd248c3bbf572fd73d4a1cd54076c0c01623e8cff52a50cce16767c 151bde2c68761fc6bf72cfb1d2683010b1f4858904a840b72579db76713bdf2a
SERVER_TRAFFIC_SECRET_0 6b41dba3abd248c3bbf572fd73d4a1cd54076c0c01623e8cff52a50cce16767c 939d0866df5a056b2a20f46d5be7ba838f09f94e1188e56c2d20864229a2273d
EXPORTER_SECRET 6b41dba3abd248c3bbf572fd73d4a1cd54076c0c01623e8cff52a50cce16767c 0784b1e81d2b1bbb82bcc21991da391811db530dce675f8e11ce6347bfcb8494
CLIENT_HANDSHAKE_TRAFFIC_SECRET 31ad9f228193f9d858502821c8acdaa6de773e46526a17a214db2674279b8578 87f6ff910b0cd06439493bd4c80f7c1eb26a19ac965764fb98667e593deaf1a3
SERVER_HANDSHAKE_TRAFFIC_SECRET 31ad9f228193f9d858502821c8acdaa6de773e46526a17a214db2674279b8578 b7ee10cd21f2d1013c25c4762869f10bf104cc4a9af746f9fe0472c8c6aa656c
CLIENT_TRAFFIC_SECRET_0 31ad9f228193f9d858502821c8acdaa6de773e46526a17a214db2674279b8578 05ee8346ea297dfef6cd94ee09d0643fa0d6eb73cdc7068180c2464bb2ff44c5
SERVER_TRAFFIC_SECRET_0 31ad9f228193f9d858502821c8acdaa6de773e46526a17a214db2674279b8578 f20328ce54e6b3d3c38978e332fdbc15c3ee0c756716eb8e833193a1c384a368
EXPORTER_SECRET 31ad9f228193f9d858502821c8acdaa6de773e46526a17a214db2674279b8578 c13fb887fdbf173d5668992b41fdcbcbe052539d6d07fd36eb522bf968deb207
CLIENT_HANDSHAKE_TRAFFIC_SECRET 255dca094b7ad439ce970e7bc2315eec533b0ae04e65e4f0b9e230507313523e a6dc25539f080ec5e26427ce3ac2d1ea90f5932309049324c427c55f804ccf78
SERVER_HANDSHAKE_TRAFFIC_SECRET 255dca094b7ad439ce970e7bc2315eec533b0ae04e65e4f0b9e230507313523e 7858259f1a5a59b4bd54631df100449a03be8ddbd1c66ea8c0f3840d92879896
CLIENT_TRAFFIC_SECRET_0 255dca094b7ad439ce970e7bc2315eec533b0ae04e65e4f0b9e230507313523e 64817f01ceece7e2a7130d46325fb36339b6c8d447bf6e363894351dc96b73ed
SERVER_TRAFFIC_SECRET_0 255dca094b7ad439ce970e7bc2315eec533b0ae04e65e4f0b9e230507313523e aa982e2eafa6166efabbf111507ed28736f2c73379064c46d9e898533921d72e
EXPORTER_SECRET 255dca094b7ad439ce970e7bc2315eec533b0ae04e65e4f0b9e230507313523e d48936b640b6d661c8e927a14231ec0e280f8d2c9e0a90794296c2d6069bdaa3
CLIENT_HANDSHAKE_TRAFFIC_SECRET 095b2185acd838783466d9946182b8979e1df13d9109f76089f6082f9d58705c 95b1eff7c66309d6564a7705de18cc3974c388702990e913d51c2ea86eaac3a1bae9cb5261830c83266bd8ffe68323dc
SERVER_HANDSHAKE_TRAFFIC_SECRET 095b2185acd838783466d9946182b8979e1df13d9109f76089f6082f9d58705c bd6a8cf20149fb6201c3a8fae153033a722c51c9bf0814806253be0cf31c67347e646f7b1c76d734a9b3fecfbc0083ba
CLIENT_TRAFFIC_SECRET_0 095b2185acd838783466d9946182b8979e1df13d9109f76089f6082f9d58705c 98da8ef8745e6c79089e6d112951ccdd7daa3759cc4c70ed0d62c0f59c1e50b8e59eb95cda5e188e7502789acf0579a2
SERVER_TRAFFIC_SECRET_0 095b2185acd838783466d9946182b8979e1df13d9109f76089f6082f9d58705c 0d509cf75ab992e5350e4a76913c7fa1a482cf025df61a02dc28ca2803a673ae9fb74bb130843dc6aa4895f50153ae7a
EXPORTER_SECRET 095b2185acd838783466d9946182b8979e1df13d9109f76089f6082f9d58705c 47f98073e34b2e2d3161d62331f508f697676418f70a7c69e45f5f2d06f198187f55bbe22881eb64c6cae9f0e0e17d39
CLIENT_HANDSHAKE_TRAFFIC_SECRET 677095c4af2ec7d83fae29c8e6584c6c2cfc39e3f74d62a527f931eb7c9d71ee ad743d7707ee2f135b4c1744dbcc749cccd3de4c336289de3e7ba31f188d8624
SERVER_HANDSHAKE_TRAFFIC_SECRET 677095c4af2ec7d83fae29c8e6584c6c2cfc39e3f74d62a527f931eb7c9d71ee 4c0d5c7e058d3fed81a8f42d268865dea52829e1dfe3a93e86274cb0bd8289a3
CLIENT_TRAFFIC_SECRET_0 677095c4af2ec7d83fae29c8e6584c6c2cfc39e3f74d62a527f931eb7c9d71ee 2cff8e1499f5d896a872ff1fdd7ab98bcf3c0f82e8eeae09156987dbd1fe1a77
SERVER_TRAFFIC_SECRET_0 677095c4af2ec7d83fae29c8e6584c6c2cfc39e3f74d62a527f931eb7c9d71ee 17cc8de74f30179c58ab3db29cb5fd79ac57c7249c082e3033f13fa56d4ecf3a
EXPORTER_SECRET 677095c4af2ec7d83fae29c8e6584c6c2cfc39e3f74d62a527f931eb7c9d71ee a8adcefcda5b71ae92cca601e7f39ef4b58da1a68272de51b7178ed2a5a8ca9b
CLIENT_HANDSHAKE_TRAFFIC_SECRET 0888d5ce8500c6449de1eaa28839c5123ea9dcd93bfb6177e1de0b937f429a52 fe394834d1ad1ac15fc85077a841deed0417347403dee238710a9b750e9b4d5c
SERVER_HANDSHAKE_TRAFFIC_SECRET 0888d5ce8500c6449de1eaa28839c5123ea9dcd93bfb6177e1de0b937f429a52 eb7c4dec98d94da8dc4da772b7f0511f750bb309f9ada2493d69730c4961b4b1
CLIENT_TRAFFIC_SECRET_0 0888d5ce8500c6449de1eaa28839c5123ea9dcd93bfb6177e1de0b937f429a52 695f7d0b70bfcee73b3758d30091552e8056716e0172797c0b84fab2f1a69968
SERVER_TRAFFIC_SECRET_0 0888d5ce8500c6449de1eaa28839c5123ea9dcd93bfb6177e1de0b937f429a52 ca9703e7f33d524c2ee2115833c0a909df61cb3ffa370f5ade2f62de1e513460
EXPORTER_SECRET 0888d5ce8500c6449de1eaa28839c5123ea9dcd93bfb6177e1de0b937f429a52 26714fc92ed6c1f3b01578285ef9257f2cea4d193f1c5ba4f2641328398cec52
CLIENT_HANDSHAKE_TRAFFIC_SECRET 2f5075e02e72d6e1e41678580ed187772e65a07f0bd6b983d0d7302a1563016e d67caa26141a5272a9c1ca398cfea473056de81711537820628fbeb4bfec1e61
SERVER_HANDSHAKE_TRAFFIC_SECRET 2f5075e02e72d6e1e41678580ed187772e65a07f0bd6b983d0d7302a1563016e dddd9943d412b3359628de9cf7504aa0b90e91677590aed2f34cc2a71175ddeb
CLIENT_TRAFFIC_SECRET_0 2f5075e02e72d6e1e41678580ed187772e65a07f0bd6b983d0d7302a1563016e ec60ef0fd5a4babcc325fd3181121fda5504854a749a38ff4a12e17799c2839e
SERVER_TRAFFIC_SECRET_0 2f5075e02e72d6e1e41678580ed187772e65a07f0bd6b983d0d7302a1563016e 63f510d8be765482b3f3c62b450ff2b72ac7dbeea124c1e4f422c2e8b77ac510
EXPORTER_SECRET 2f5075e02e72d6e1e41678580ed187772e65a07f0bd6b983d0d7302a1563016e ae8bc05e34520bdfccf1a6f7ce1d84a20b851bf9f55ba71c309fe122c48dccf7
CLIENT_HANDSHAKE_TRAFFIC_SECRET 3caab0ac816eb8f3f13a4af22e340c289c03b400e22dc78cccdea8b90f6e80f2 57871dec230119d21b0cdc644b4a86688a2b9642cbb2875d2e609dfd6162f797
SERVER_HANDSHAKE_TRAFFIC_SECRET 3caab0ac816eb8f3f13a4af22e340c289c03b400e22dc78cccdea8b90f6e80f2 8764f2f9616c8b10fd7c8ce239c6f33053bebc1c8a968761bab8136b536aed55
CLIENT_TRAFFIC_SECRET_0 3caab0ac816eb8f3f13a4af22e340c289c03b400e22dc78cccdea8b90f6e80f2 53ec026d4352f856dcdedbace586b37815435eecb4f055cfb69fc3e4ec7ca4e1
SERVER_TRAFFIC_SECRET_0 3caab0ac816eb8f3f13a4af22e340c289c03b400e22dc78cccdea8b90f6e80f2 a3441d60a9f6d4ff07ab3fc0f9d82f2943ce01c458366dd8e4dab5d6dca2e346
EXPORTER_SECRET 3caab0ac816eb8f3f13a4af22e340c289c03b400e22dc78cccdea8b90f6e80f2 0572dd6fc6889ef4adeb3f9afe9c9ae233f8ea95cc7603a10c177da6b03a5a77
CLIENT_HANDSHAKE_TRAFFIC_SECRET 66f80d7e65d9a8e76b21fe9428f5804aeb41c51e1752058f8ea23c40a3e760af ae12968acf6d2dd5621ee38d90f90f0f8feaf385a1a70d581496b26534d5e0f5
SERVER_HANDSHAKE_TRAFFIC_SECRET 66f80d7e65d9a8e76b21fe9428f5804aeb41c51e1752058f8ea23c40a3e760af 1c1a6452db4eb53b5ab33b7b48785af1712eb2b927451f42e0bd3da0a162405f
CLIENT_HANDSHAKE_TRAFFIC_SECRET 3512125a5251a8dace247416353fa993fb335116525494a7ccaeb6a1fc7bedcb 70a550e446b0a9c5325a58984a0633e00615bcd31ae8b6e98ddab2437c1ac811
SERVER_HANDSHAKE_TRAFFIC_SECRET 3512125a5251a8dace247416353fa993fb335116525494a7ccaeb6a1fc7bedcb 11973276883e23f44cc21a45eda995afc8bfdb7ce3558856929b5afdd49d899e
CLIENT_TRAFFIC_SECRET_0 66f80d7e65d9a8e76b21fe9428f5804aeb41c51e1752058f8ea23c40a3e760af 2ba286595f1701efd06fba8517168bc26766ec819c565649b29da860eef24439
SERVER_TRAFFIC_SECRET_0 66f80d7e65d9a8e76b21fe9428f5804aeb41c51e1752058f8ea23c40a3e760af 97281401374c8a22dd08059e97711b0866ddaab3e4de07a9dcee3c4172f27705
EXPORTER_SECRET 66f80d7e65d9a8e76b21fe9428f5804aeb41c51e1752058f8ea23c40a3e760af 5208c69fa1752c801861c426bc15a46e3683d968cc501d5711831dfe146b742d
CLIENT_TRAFFIC_SECRET_0 3512125a5251a8dace247416353fa993fb335116525494a7ccaeb6a1fc7bedcb 964d46ef42ff213e423a85bca85f9ab5619d56774d5521fb337a18492eac1e58
SERVER_TRAFFIC_SECRET_0 3512125a5251a8dace247416353fa993fb335116525494a7ccaeb6a1fc7bedcb 5eb689f0a25fcaf64e05377f373c89298c72d7459585b653bed92917fd7fab0a
EXPORTER_SECRET 3512125a5251a8dace247416353fa993fb335116525494a7ccaeb6a1fc7bedcb d8a14e2e71425c262e0954afaaa317d1f61caad82a709c2a301172e4b2a056fd
CLIENT_HANDSHAKE_TRAFFIC_SECRET 17ada2785c536bfde8cbba003c615de46adfd676c6419e5c2958792a0ae14d16 c243bf6b275b7e0c9418d647006d75b547511dec6f4e45e9ff18d6e20a3af15c
SERVER_HANDSHAKE_TRAFFIC_SECRET 17ada2785c536bfde8cbba003c615de46adfd676c6419e5c2958792a0ae14d16 6f5eea1b4d6f1bb5046572b9d30a754f0a85c4e55bfb61577cb74736e0ba4a67
CLIENT_TRAFFIC_SECRET_0 17ada2785c536bfde8cbba003c615de46adfd676c6419e5c2958792a0ae14d16 e321ca6cbd0469f920bf883de34ae5f7022e9918b92a65fa798836e575aa91b6
SERVER_TRAFFIC_SECRET_0 17ada2785c536bfde8cbba003c615de46adfd676c6419e5c2958792a0ae14d16 1431239a2d15d6690594bee82fe5f459c69d198c08e6bf7782c253e7f41a65d8
EXPORTER_SECRET 17ada2785c536bfde8cbba003c615de46adfd676c6419e5c2958792a0ae14d16 855f0d5c5ae331809355864a6209fc1e4a064cc7a62bc05de964db0ba8e43a61
CLIENT_HANDSHAKE_TRAFFIC_SECRET 7a25398dba30948f1c203cb5ebd401344298fe0f24a0763d637aa00e82629fbd a685c4889970f60b38f3cdfbac23b28b10a7d254d877b5841f9a28fbbb70c1b2
SERVER_HANDSHAKE_TRAFFIC_SECRET 7a25398dba30948f1c203cb5ebd401344298fe0f24a0763d637aa00e82629fbd a5fe54f8925dd2c14e407254e61d0978c3ee150a60250c41de1648b1dd46c67e
CLIENT_TRAFFIC_SECRET_0 7a25398dba30948f1c203cb5ebd401344298fe0f24a0763d637aa00e82629fbd bb51daaf696f0c1c7aac191d4358f18f53c2f6bf8a8e6008f4f5f7b3acf2ada4
SERVER_TRAFFIC_SECRET_0 7a25398dba30948f1c203cb5ebd401344298fe0f24a0763d637aa00e82629fbd 377c259255d89850a5665682c67acb7e98be70e9c454c4431aa9f54ac5c48756
EXPORTER_SECRET 7a25398dba30948f1c203cb5ebd401344298fe0f24a0763d637aa00e82629fbd 818e4ca3cceb44fe46982f941e88fccec25d74f7a1d84a34071b1a08ce57616a
CLIENT_HANDSHAKE_TRAFFIC_SECRET 620d4b9a629847c5f2c0f332b6bc0bf63ebaae030e0b927c252e575919c361bf 30036860da9c226dd8cdf9234abd9dc18973e402972ba0fab688d81561c44dda
SERVER_HANDSHAKE_TRAFFIC_SECRET 620d4b9a629847c5f2c0f332b6bc0bf63ebaae030e0b927c252e575919c361bf feb494b0a7cd1866f89fcdde97ed5a44564fd3f7bc15b0427ec0d4374664754a
CLIENT_TRAFFIC_SECRET_0 620d4b9a629847c5f2c0f332b6bc0bf63ebaae030e0b927c252e575919c361bf f2b94aebe70d823e6deaba69517d177ccaf9cadb3dfac1e7f016d6c13e54e8d7
SERVER_TRAFFIC_SECRET_0 620d4b9a629847c5f2c0f332b6bc0bf63ebaae030e0b927c252e575919c361bf 7276a4ca3b73793ab2d6c56ce475dfe698b738fb411d5b525085319d30313c72
EXPORTER_SECRET 620d4b9a629847c5f2c0f332b6bc0bf63ebaae030e0b927c252e575919c361bf b92ce7173716c890967562dbe09def742273fca567ad4745b53fe548a0799c14
CLIENT_HANDSHAKE_TRAFFIC_SECRET 737f80ea20c3e32cb131202078495bb8d07c58714859b0ba5ddf9a0e33e0dbcb 5bbc718eaf1e505590761962d5937406640b375f33ee63b6903f053ebf6be142
SERVER_HANDSHAKE_TRAFFIC_SECRET 737f80ea20c3e32cb131202078495bb8d07c58714859b0ba5ddf9a0e33e0dbcb 99e60e848b1505613b775015cd626932ab58ae695298a5a0b80193518ed83ea5
CLIENT_TRAFFIC_SECRET_0 737f80ea20c3e32cb131202078495bb8d07c58714859b0ba5ddf9a0e33e0dbcb 659a28771bc5ce7c79fb1491a92521febad608bb306186a1fae0ad12eb81ff94
SERVER_TRAFFIC_SECRET_0 737f80ea20c3e32cb131202078495bb8d07c58714859b0ba5ddf9a0e33e0dbcb 55b3b809dd154d366f1f5b7e3675d7c90c9f68a1e46b6ff3d28d898487a46843
EXPORTER_SECRET 737f80ea20c3e32cb131202078495bb8d07c58714859b0ba5ddf9a0e33e0dbcb 9a613a95c8d5fc9356970fec9eccb033a227276daf8abde5297f97b89a630987
CLIENT_HANDSHAKE_TRAFFIC_SECRET d8c14b535e724ebd3d3d654f8792131f970c83997c4782825d9a5196f4ccf50b 8e6ff0449cfad32bc7b2125f438d67b12b9e703845a7f7b19cfa17c5c1bdccfc
SERVER_HANDSHAKE_TRAFFIC_SECRET d8c14b535e724ebd3d3d654f8792131f970c83997c4782825d9a5196f4ccf50b 2f1c9cefa9f4b06bd907aa5f6969fe03bf0ecb7257cc77b68faf128cf2c8e10a
CLIENT_TRAFFIC_SECRET_0 d8c14b535e724ebd3d3d654f8792131f970c83997c4782825d9a5196f4ccf50b 8d1988e27595c65c0fcc83ffe2f6204b39196cc2afd6bca44d045f96a96ed853
SERVER_TRAFFIC_SECRET_0 d8c14b535e724ebd3d3d654f8792131f970c83997c4782825d9a5196f4ccf50b 749b6cfe7a9781d5347eb4889907ac6777813498507a29f186205ad1a8c5c08f
EXPORTER_SECRET d8c14b535e724ebd3d3d654f8792131f970c83997c4782825d9a5196f4ccf50b 7b5938715c61d3e5ac288d799d882ecdd549ddd50447094eac1d937c4b18ff9b
CLIENT_HANDSHAKE_TRAFFIC_SECRET 11b6d794920aeecb1bab008f9b87948dfd422ae23f12a3884730205535e902ea 8828f612d43ea3ecfc691be2cfe71b6fc1846e7a83fed05f7eb06c893f874e8a
SERVER_HANDSHAKE_TRAFFIC_SECRET 11b6d794920aeecb1bab008f9b87948dfd422ae23f12a3884730205535e902ea a2d813e70b4538c5dc433ba8efc0194e3498411d832461df491a3793e4b6990a
CLIENT_HANDSHAKE_TRAFFIC_SECRET 4496c5e9010b9e3d0a7650fbfa3af058530b1fb6bbb2c2a2cdfb7552d16bd672 04ef2569e2ddf1353e628be2b6639a2910242179c79e6a8a99ee35ace01e1f5b
SERVER_HANDSHAKE_TRAFFIC_SECRET 4496c5e9010b9e3d0a7650fbfa3af058530b1fb6bbb2c2a2cdfb7552d16bd672 ac2f68dd449581374401c5133f4abb7b2a65734c92d70620e5a14a0057aa71f6
CLIENT_TRAFFIC_SECRET_0 11b6d794920aeecb1bab008f9b87948dfd422ae23f12a3884730205535e902ea 2a866559fe7d44f7a474fc636866ff6aef58414dc413071ab22a0d9fee727a4f
SERVER_TRAFFIC_SECRET_0 11b6d794920aeecb1bab008f9b87948dfd422ae23f12a3884730205535e902ea 250bd1b1c8122376e2917bc95a638a39ac466e9e489e643338b996da90a9ca7f
EXPORTER_SECRET 11b6d794920aeecb1bab008f9b87948dfd422ae23f12a3884730205535e902ea 5da388f37bec976a873ab6c81f072937c1fe8ddc38ed124fbf6e0b2fdb4f93a9
CLIENT_TRAFFIC_SECRET_0 4496c5e9010b9e3d0a7650fbfa3af058530b1fb6bbb2c2a2cdfb7552d16bd672 903a9027f31bc5ece72e2996eada4c12e16da53a9ad433f4ae80a381313c8524
SERVER_TRAFFIC_SECRET_0 4496c5e9010b9e3d0a7650fbfa3af058530b1fb6bbb2c2a2cdfb7552d16bd672 2b6dc1a29f3c621d0eae34a92e7496300f2027a1337051b71e81966ae1f9ca75
EXPORTER_SECRET 4496c5e9010b9e3d0a7650fbfa3af058530b1fb6bbb2c2a2cdfb7552d16bd672 b11c62b8ebc18993818b7db0e98e307bf1995a28ceaa16d20619b4244746da95
CLIENT_HANDSHAKE_TRAFFIC_SECRET c42a951482c4d98180323d8d950c534e530d2119b62fa50eccf3ab671f0e4660 228c17c3a1f4cdb59800d43d3289f8c908a1c148486e60a42a87130e09eb472a
SERVER_HANDSHAKE_TRAFFIC_SECRET c42a951482c4d98180323d8d950c534e530d2119b62fa50eccf3ab671f0e4660 c6d98ccc40288e927c0fcf335b6773a83b50c60f5fbd966ac3db38f0dd3d0e74
CLIENT_TRAFFIC_SECRET_0 c42a951482c4d98180323d8d950c534e530d2119b62fa50eccf3ab671f0e4660 eb7dbe8d5667769d8d1c8dbd99cb5610c48add6355f7a689cc318227bff4b8c3
SERVER_TRAFFIC_SECRET_0 c42a951482c4d98180323d8d950c534e530d2119b62fa50eccf3ab671f0e4660 a9494b3439c7806ab342c3f5c1dee7e41a3229cf63a0f01f7b81901414df0961
EXPORTER_SECRET c42a951482c4d98180323d8d950c534e530d2119b62fa50eccf3ab671f0e4660 4dd761c2192f58db25de5ff698958e77f63a076e3e21c5876b3b8f21100a295e
CLIENT_HANDSHAKE_TRAFFIC_SECRET fe721d9d99d6728d39fbba51b25965ec247650627ec1e1f7b2cced78429097a0 797c12e4d7323d3aa329db400285afa8c9a8ab912c18b9613f0ef674180b38d7
SERVER_HANDSHAKE_TRAFFIC_SECRET fe721d9d99d6728d39fbba51b25965ec247650627ec1e1f7b2cced78429097a0 11bdf1fe670fb27eb8d2f5a686c793bfee02c847349b89c48ec26a22996a50d7
CLIENT_TRAFFIC_SECRET_0 fe721d9d99d6728d39fbba51b25965ec247650627ec1e1f7b2cced78429097a0 f31665f8fd154ed1de11e394cc231a83db21b9d1df57abdadd5e8bdc154d16af
SERVER_TRAFFIC_SECRET_0 fe721d9d99d6728d39fbba51b25965ec247650627ec1e1f7b2cced78429097a0 a43634c0690c9af00da64fd77244c1c1a50d63c3f89bf2baddccec0fe6c82a92
EXPORTER_SECRET fe721d9d99d6728d39fbba51b25965ec247650627ec1e1f7b2cced78429097a0 2bd2f26cc6a30ba53dcbbd347c2c12bbad74b451e00a72e8d7f98328c038b36c
CLIENT_HANDSHAKE_TRAFFIC_SECRET 626e52b2d95fd33162fd0250a6256e4cf59e41ef23f0e91f5c3778728a32314b da67ab07029f386d02b8d6f45b2ba6ac87b007017e3785097a7c2a45d71719a9
SERVER_HANDSHAKE_TRAFFIC_SECRET 626e52b2d95fd33162fd0250a6256e4cf59e41ef23f0e91f5c3778728a32314b 7e2c7c1399d450874ec7fae425805ba6571de3646fb5c12a12e598bc02131562
CLIENT_TRAFFIC_SECRET_0 626e52b2d95fd33162fd0250a6256e4cf59e41ef23f0e91f5c3778728a32314b e87866c3dbac076fcf25ea8d5d386d6e10835f867ef65c0791df271798c53571
SERVER_TRAFFIC_SECRET_0 626e52b2d95fd33162fd0250a6256e4cf59e41ef23f0e91f5c3778728a32314b df6eca09063b678cdc6b6df5c22ba99eefe73eebcb55bc1399bcf7c56e830704
EXPORTER_SECRET 626e52b2d95fd33162fd0250a6256e4cf59e41ef23f0e91f5c3778728a32314b 526fee721eb231786a190ddb531a39c783e4c78e8262fd4be31f0f001a64697e
CLIENT_HANDSHAKE_TRAFFIC_SECRET 06f1b1e87f17bfb920ba91b8bacb5aed4044bd508c202b6399953764a30092c1 c67252ad38dfa0c036913bd17a611475aeca669195b4697c8d53b638a1669e66
SERVER_HANDSHAKE_TRAFFIC_SECRET 06f1b1e87f17bfb920ba91b8bacb5aed4044bd508c202b6399953764a30092c1 0153135d2a551633bada85ae37e364f8d01e90d241066ae6d1803a58225b7965
CLIENT_TRAFFIC_SECRET_0 06f1b1e87f17bfb920ba91b8bacb5aed4044bd508c202b6399953764a30092c1 6888bea32b504dbdd819005cf6239dfa8b45748be7fc70f9c6de7fd9d9176ca8
SERVER_TRAFFIC_SECRET_0 06f1b1e87f17bfb920ba91b8bacb5aed4044bd508c202b6399953764a30092c1 b289d863a230146915ddda1331577c8983477a4308518226cc8546e614580f42
EXPORTER_SECRET 06f1b1e87f17bfb920ba91b8bacb5aed4044bd508c202b6399953764a30092c1 996765b36fdc26f56835dd945b8dc902a69aa2c9aca0824752a23461c0183a92
CLIENT_HANDSHAKE_TRAFFIC_SECRET 848ea6d25bb8b0abd030112bcdf0e050c145fc9790552d8845fc3a2f1a5eda1a 1e93580479c89f88fac88d7dffaea9e3302fbbeaabb86667700809e5525f32f0
SERVER_HANDSHAKE_TRAFFIC_SECRET 848ea6d25bb8b0abd030112bcdf0e050c145fc9790552d8845fc3a2f1a5eda1a aad763bb81763e5339ef5261d579f9bfc85cbe5c5fe49b69e0743586517cc6d0
CLIENT_TRAFFIC_SECRET_0 848ea6d25bb8b0abd030112bcdf0e050c145fc9790552d8845fc3a2f1a5eda1a b0d09ade1942d40ce34f2a5df8281019c48aef9c8daff1493fd84ffde2ea5650
SERVER_TRAFFIC_SECRET_0 848ea6d25bb8b0abd030112bcdf0e050c145fc9790552d8845fc3a2f1a5eda1a 3971eb35769ff903641fd7cd12d8f269eb6d4f8f937d921562b2c0a0758594ee
EXPORTER_SECRET 848ea6d25bb8b0abd030112bcdf0e050c145fc9790552d8845fc3a2f1a5eda1a d2b53436c160b8febc174130fa071e6b3f91364b097423ad5e920f606e9bcc44
CLIENT_HANDSHAKE_TRAFFIC_SECRET 2437033e069e1ccb568d4dd84263a9d3835d83a5d48bf270f4f31c5598d1a02f e1c0f4d67ba94e1e3ffc6e5d6de63804d8e0683157eb0cfc5968296bac3d7545
SERVER_HANDSHAKE_TRAFFIC_SECRET 2437033e069e1ccb568d4dd84263a9d3835d83a5d48bf270f4f31c5598d1a02f f8bb8cf8893d7f55a0aa3dff1f020aee4e494ba36c3453425fc4f8b2a6e783f1
CLIENT_TRAFFIC_SECRET_0 2437033e069e1ccb568d4dd84263a9d3835d83a5d48bf270f4f31c5598d1a02f 6574ea51deb2b0867bb09484ed6c3e7929dc18d97b8604fd4749496ac126001b
SERVER_TRAFFIC_SECRET_0 2437033e069e1ccb568d4dd84263a9d3835d83a5d48bf270f4f31c5598d1a02f 8196aecd40b89a6ed47c92604adddfc2763e125edb76c0cc60256ffe7dcbbd47
EXPORTER_SECRET 2437033e069e1ccb568d4dd84263a9d3835d83a5d48bf270f4f31c5598d1a02f 14e5adea214ff1ddfaf55125d56d86f2aa4efbc2c2a86333e6d24bfc4a6235cc
CLIENT_HANDSHAKE_TRAFFIC_SECRET 83d08346732188b22aa44c728687318afcb6159fd80c0c38d3a362915563efc7 f93f0947be5f37a6468dc1664213457d57b88c3836c5b983239648cb8fbd1133
SERVER_HANDSHAKE_TRAFFIC_SECRET 83d08346732188b22aa44c728687318afcb6159fd80c0c38d3a362915563efc7 629b24307683388788a775b287b0f3ec03c041321f8e4bc9183dd9da6f6249e6
CLIENT_TRAFFIC_SECRET_0 83d08346732188b22aa44c728687318afcb6159fd80c0c38d3a362915563efc7 ed778a03808e812c63526369e2b4e44ef9aa3af66ff87d151861ffa719ffdf64
SERVER_TRAFFIC_SECRET_0 83d08346732188b22aa44c728687318afcb6159fd80c0c38d3a362915563efc7 8fb1f87bfcbb41fbbd0c2e3557ed6372ebf5e0cd3c3dc91e0d4918afcf589576
EXPORTER_SECRET 83d08346732188b22aa44c728687318afcb6159fd80c0c38d3a362915563efc7 fb969371538524b16a475fe2536d2bfb2bee037ab75602c6432e0c306434fc17
CLIENT_HANDSHAKE_TRAFFIC_SECRET c62d5d6def80e9ed3f910c966a01a6d2a7aebf15acb2b3a92438e3bd66759cad 1d8f457c7d5e0cb447336bf8087def95eb6fd7600f9749af627ff6bcaf3da68c
SERVER_HANDSHAKE_TRAFFIC_SECRET c62d5d6def80e9ed3f910c966a01a6d2a7aebf15acb2b3a92438e3bd66759cad 8245957a62197888b5d2a7d5923e4e067602ff40367b10b6fb74087c1490f3a0
CLIENT_TRAFFIC_SECRET_0 c62d5d6def80e9ed3f910c966a01a6d2a7aebf15acb2b3a92438e3bd66759cad c33ee43aae2cab1a0eeaee4b73d422ee6a9381960605143f002b6d895e1d5cac
SERVER_TRAFFIC_SECRET_0 c62d5d6def80e9ed3f910c966a01a6d2a7aebf15acb2b3a92438e3bd66759cad 51ee6c70bb94b71189498c4c2c4ef809bc1d693331f7f48808718a6156fb52d8
EXPORTER_SECRET c62d5d6def80e9ed3f910c966a01a6d2a7aebf15acb2b3a92438e3bd66759cad ca21efed89dd031061373392398992e1cd73b51ff662747b68cf877ca8c5fce7
