CLIENT_HANDSHAKE_TRAFFIC_SECRET 349b5de46399b4029de9accc1bf5a4a8c222ab126571ac82a9cc68ae21e6d545 5de8064c3ecc1a8e3111862fd576f2e1160a23385f8c7e881f8aef3ab73b2b09
SERVER_HANDSHAKE_TRAFFIC_SECRET 349b5de46399b4029de9accc1bf5a4a8c222ab126571ac82a9cc68ae21e6d545 dd2df455a4bccede61f097444dd93637d4d45ef846ab36ccc9846ff38f004d57
CLIENT_TRAFFIC_SECRET_0 349b5de46399b4029de9accc1bf5a4a8c222ab126571ac82a9cc68ae21e6d545 f6fabb1992630dcc79e4dfaddc6c9fb043454ae0412757e63f0c56d5907bf92d
SERVER_TRAFFIC_SECRET_0 349b5de46399b4029de9accc1bf5a4a8c222ab126571ac82a9cc68ae21e6d545 b57a9ab91c61d0fd85603d7954d5cc231f1568dda8b54a9eaddd0dd9e2352a8c
EXPORTER_SECRET 349b5de46399b4029de9accc1bf5a4a8c222ab126571ac82a9cc68ae21e6d545 55e33ba71d0c72b3a2f58e3895d70b336b43d19da4e74df5bcdc4c1b9d3c668a
CLIENT_HANDSHAKE_TRAFFIC_SECRET f22ae91835a8d89920337b5ca47291c256cf03d00dd8ba10d133a24e121a6ea5 015e741a1316672dee125d33197186a2a7c7af972f2974e7594e216de370af46
SERVER_HANDSHAKE_TRAFFIC_SECRET f22ae91835a8d89920337b5ca47291c256cf03d00dd8ba10d133a24e121a6ea5 ee489015e71119ca3f84a6bb78af0cf7fd69bac11f44675122b6180cff2f1330
CLIENT_TRAFFIC_SECRET_0 f22ae91835a8d89920337b5ca47291c256cf03d00dd8ba10d133a24e121a6ea5 12bfdfc391ca79ae17c3048da7bdb45eecddc13b6fe5c933806eac097efd3d63
SERVER_TRAFFIC_SECRET_0 f22ae91835a8d89920337b5ca47291c256cf03d00dd8ba10d133a24e121a6ea5 e2c895c53a318f984d00800224b46f00bd2daa5d043a6fa1edad38ecd75a49da
EXPORTER_SECRET f22ae91835a8d89920337b5ca47291c256cf03d00dd8ba10d133a24e121a6ea5 cca7df645f2a4f3fae938f7353c84062400490e47033a29f0eae6024998e677f
CLIENT_HANDSHAKE_TRAFFIC_SECRET 131266d5733023fb9188ff31ed26533f8d5945b08880e44686b63aef3b1d6751 7023ff200856900b41580344b3e56e9bd4475c1a82b2095c2dcca9cc5ec7489e
SERVER_HANDSHAKE_TRAFFIC_SECRET 131266d5733023fb9188ff31ed26533f8d5945b08880e44686b63aef3b1d6751 fb0c482d84d4aecc815467bb201a4679dfdd94f477be5b891272460628c937b9
CLIENT_TRAFFIC_SECRET_0 131266d5733023fb9188ff31ed26533f8d5945b08880e44686b63aef3b1d6751 122019ae22522f66814047fd17fdefc070ede0aca4ca770edaa6f62f7c6ceb1c
SERVER_TRAFFIC_SECRET_0 131266d5733023fb9188ff31ed26533f8d5945b08880e44686b63aef3b1d6751 e50f14dfd6ce8f081e817a9271ea4c1cc7295cce16642ee155984f00471a4d7d
EXPORTER_SECRET 131266d5733023fb9188ff31ed26533f8d5945b08880e44686b63aef3b1d6751 76d6babbb1a0d4b857328cf22a3d0aa3903493ed464e2ff04c9258fe4c48252f
CLIENT_HANDSHAKE_TRAFFIC_SECRET 551c0bd07d0a5a8f9089637591995dcb37565d798f7c7c7c35f46bcbb6901cf0 4e9d74cd416418d899ff996d5dd98fb8e454bbbeedc003d9f018abcb410699be
SERVER_HANDSHAKE_TRAFFIC_SECRET 551c0bd07d0a5a8f9089637591995dcb37565d798f7c7c7c35f46bcbb6901cf0 ec0b7f4575a77abd993bcc7637bf464322d1b4d983b8ccf085ac70dab2640e96
CLIENT_TRAFFIC_SECRET_0 551c0bd07d0a5a8f9089637591995dcb37565d798f7c7c7c35f46bcbb6901cf0 ca7a23c5a2998e32a3fee24cffa5c1b2d34c932fd8a3f1ec96afc56e14dc7b1b
SERVER_TRAFFIC_SECRET_0 551c0bd07d0a5a8f9089637591995dcb37565d798f7c7c7c35f46bcbb6901cf0 f69cba2d87bd358a2f8a6d0d893e3d9e0defacbc3a5c140d7f7f19401add694a
EXPORTER_SECRET 551c0bd07d0a5a8f9089637591995dcb37565d798f7c7c7c35f46bcbb6901cf0 01a3c0af1416251f6bc54c113c478022819beba57835b7ef11f1135f55a1cc5d
CLIENT_HANDSHAKE_TRAFFIC_SECRET 24d51d5b1cbde8fae7149ca666583c8a629e0dca2e7cf4899762c8fe0a148113 ec92f4a0c0c31e234da7b1d93befb7e4b950720b38506b5d034c3f5503564e08
SERVER_HANDSHAKE_TRAFFIC_SECRET 24d51d5b1cbde8fae7149ca666583c8a629e0dca2e7cf4899762c8fe0a148113 dd4d0d4c0b5c7a86f406d3cd75147c9455c362731a98e0aeba7e87c20d85f497
CLIENT_HANDSHAKE_TRAFFIC_SECRET 423f6650f97e65b7fec89d02b06f34c321f1733c1a3c25664523911ba701399b f350aed974646434a64fe606ea12a560a577a9755a4f7b239bb44ca6becc717d
SERVER_HANDSHAKE_TRAFFIC_SECRET 423f6650f97e65b7fec89d02b06f34c321f1733c1a3c25664523911ba701399b cd45f97623a0fc912175a3b74274ec5146f1d9558a690be3fcbb4c7d11fd98c3
CLIENT_TRAFFIC_SECRET_0 24d51d5b1cbde8fae7149ca666583c8a629e0dca2e7cf4899762c8fe0a148113 a4d1fbdaeac9f094569d4499f0b9f103d5b7f55d842c48a8b80a061f917b567a
SERVER_TRAFFIC_SECRET_0 24d51d5b1cbde8fae7149ca666583c8a629e0dca2e7cf4899762c8fe0a148113 9d8cc76f227e241c492328027850587ede39604c5d51c25d8ee454ad5c4197fb
EXPORTER_SECRET 24d51d5b1cbde8fae7149ca666583c8a629e0dca2e7cf4899762c8fe0a148113 b385a05a37e61f1364a7156434ce364d4df1ee1d7cbeae3e808f335eda84d722
CLIENT_TRAFFIC_SECRET_0 423f6650f97e65b7fec89d02b06f34c321f1733c1a3c25664523911ba701399b ed2fc667b3b0d97569202bd5162480e5ab7af9cdc60b0fe726837a6bcae7fea8
SERVER_TRAFFIC_SECRET_0 423f6650f97e65b7fec89d02b06f34c321f1733c1a3c25664523911ba701399b 86ec49ba886a469732ae747ceca4385ea218c888a0984e11cb42586d87e61ee1
EXPORTER_SECRET 423f6650f97e65b7fec89d02b06f34c321f1733c1a3c25664523911ba701399b 8c43c571af90a9e688acd3bbbd2e35c1a968b0ed7b871f9f2120621166f8cc3e
CLIENT_HANDSHAKE_TRAFFIC_SECRET 1dacfd14e972a128d20462f2f2b8910322d67eb2600afd27ddaca1eb3f050391 1ff3548e7f6623abd55568ade03f95d209eeb5cad79ebd7553ce534ddec28db1
SERVER_HANDSHAKE_TRAFFIC_SECRET 1dacfd14e972a128d20462f2f2b8910322d67eb2600afd27ddaca1eb3f050391 7ae9efe3940a6920dd620939e4aff6d9ec3d7247bc90d6ea7c920b437dca8256
CLIENT_TRAFFIC_SECRET_0 1dacfd14e972a128d20462f2f2b8910322d67eb2600afd27ddaca1eb3f050391 05415ea0b01351a6024fe07ac40d9c9df036ef113dbb5700f0bdb8bac2fb9129
SERVER_TRAFFIC_SECRET_0 1dacfd14e972a128d20462f2f2b8910322d67eb2600afd27ddaca1eb3f050391 5a5dbd7b4aeb1abd0cd1ead1f60403b531235d1e526224eff51b1a2d7444dabc
EXPORTER_SECRET 1dacfd14e972a128d20462f2f2b8910322d67eb2600afd27ddaca1eb3f050391 753ed1b9be7a0a6440689c4bf74ed385345a13cc8ab27b234809cfa2c4e03fbe
CLIENT_HANDSHAKE_TRAFFIC_SECRET 3a809433f2134b0d231857f6b7d96a087b27a0e97229dc3568482f58c7bc7358 820415a5f39ce75c3ff7fa4fffeb4e4e3eb837d905d9507e0857194a3dcb37cb
SERVER_HANDSHAKE_TRAFFIC_SECRET 3a809433f2134b0d231857f6b7d96a087b27a0e97229dc3568482f58c7bc7358 9d1b664884815a700aabd7a9e1b0fb05778ed2de7c27a79e3af897ae68976481
CLIENT_HANDSHAKE_TRAFFIC_SECRET 042a2db7fdc34c43e13d154be3c99a8169408dada6f1ba7717acb1e0e815018a c6811688c9a88c7df490549dd7ad6229e1f8e2906e5a7d6d27d43a94402c8266
SERVER_HANDSHAKE_TRAFFIC_SECRET 042a2db7fdc34c43e13d154be3c99a8169408dada6f1ba7717acb1e0e815018a 12123d5ae441ad62a2a8d6f8ff46c6485cada87c26e71b1773ec70e045eb976f
CLIENT_TRAFFIC_SECRET_0 3a809433f2134b0d231857f6b7d96a087b27a0e97229dc3568482f58c7bc7358 77c16c0501d8052be5eb200952da09d2e56bc5d8bf1b94e56074dab383dff108
SERVER_TRAFFIC_SECRET_0 3a809433f2134b0d231857f6b7d96a087b27a0e97229dc3568482f58c7bc7358 e60a42e92786ae0d95c554055ae9c6c24322167c31e762e6bcd7d0d94368e3bf
EXPORTER_SECRET 3a809433f2134b0d231857f6b7d96a087b27a0e97229dc3568482f58c7bc7358 99cfece06a0e3a5176ed79682ccf10b994eb4f8507433e51c284f402828218e7
CLIENT_TRAFFIC_SECRET_0 042a2db7fdc34c43e13d154be3c99a8169408dada6f1ba7717acb1e0e815018a c9184117799a94528fb810333ff833f70b6d3c706d245620f41276bf0390deaa
SERVER_TRAFFIC_SECRET_0 042a2db7fdc34c43e13d154be3c99a8169408dada6f1ba7717acb1e0e815018a 2000ff7986e220211e757e46743929cd99b5d92ff0ee8b7d3e34ca2b964b3afb
EXPORTER_SECRET 042a2db7fdc34c43e13d154be3c99a8169408dada6f1ba7717acb1e0e815018a dc7030e157acebfa411cc297d09182c46364bd343bb4325f08a203fe38c476fa
CLIENT_HANDSHAKE_TRAFFIC_SECRET f81152add6bdb584b4c5a864662816ffd4f54ab7cb63cf1267518bf99e1a87a7 5c70fe4bd73c341a947f4d349ee2bdac100f8ca638248a60db876c848d16f641
SERVER_HANDSHAKE_TRAFFIC_SECRET f81152add6bdb584b4c5a864662816ffd4f54ab7cb63cf1267518bf99e1a87a7 ae20207a4f23981f3239b5cc7705d253fc5b27b8d66e760c1d2cd333cf6ff882
CLIENT_TRAFFIC_SECRET_0 f81152add6bdb584b4c5a864662816ffd4f54ab7cb63cf1267518bf99e1a87a7 8397d04bceeda88f4472bda5634a3769da0156f9ada0773435d63538d8c94c2d
SERVER_TRAFFIC_SECRET_0 f81152add6bdb584b4c5a864662816ffd4f54ab7cb63cf1267518bf99e1a87a7 4c1804102e2667e5a6be339c118eacbe3aea93362ec880c76839f3f4d0ee7bc5
EXPORTER_SECRET f81152add6bdb584b4c5a864662816ffd4f54ab7cb63cf1267518bf99e1a87a7 0ee297db7be93421dcd5d3a6263e5e1c1ea3b791da43dbd7f69794c459730643
CLIENT_HANDSHAKE_TRAFFIC_SECRET b2877e834f42cf92c9080f76fed3e5e9335ad37432097fd54020959fdf44eee3 2b96e770d4af354b3ec7ea4af9b5b65d6c1afcce196612a7983b6779fde9b414
SERVER_HANDSHAKE_TRAFFIC_SECRET b2877e834f42cf92c9080f76fed3e5e9335ad37432097fd54020959fdf44eee3 3f247c28607c2baced9004fd183f450a20e7a575ecd66c4c6c5cbf6e7d7c3587
CLIENT_TRAFFIC_SECRET_0 b2877e834f42cf92c9080f76fed3e5e9335ad37432097fd54020959fdf44eee3 a3a31cd012952fe4791842ebb5abde90b1af660bec48c4149bdaaa91b03486a5
SERVER_TRAFFIC_SECRET_0 b2877e834f42cf92c9080f76fed3e5e9335ad37432097fd54020959fdf44eee3 c48762746cb589da0289f6cb382fd80eb9fe95438326616055298b183d8ebddb
EXPORTER_SECRET b2877e834f42cf92c9080f76fed3e5e9335ad37432097fd54020959fdf44eee3 483283ea71b1ae2da3556d933f65b54e30544ba0393cc811ec2345f5fb79483d
CLIENT_HANDSHAKE_TRAFFIC_SECRET 8570e65960c4828ad593d3e4d49ad2edbcdfdbc367504ae36e2483663a415735 b7ea326eeaaf347d05f141b9a62b2cd46a12477814fa3933d78abad6c44b1b2d
SERVER_HANDSHAKE_TRAFFIC_SECRET 8570e65960c4828ad593d3e4d49ad2edbcdfdbc367504ae36e2483663a415735 dcc677f7ce6f433722d5cf55e62895f598b8d9416f576cd4fab525b81c767baa
CLIENT_TRAFFIC_SECRET_0 8570e65960c4828ad593d3e4d49ad2edbcdfdbc367504ae36e2483663a415735 be1fc901cada5d0de0ed5edb37d489f71d8db7d0963d340a1813b03cb7853c66
SERVER_TRAFFIC_SECRET_0 8570e65960c4828ad593d3e4d49ad2edbcdfdbc367504ae36e2483663a415735 86efb19518ded8e60861800d521169f70519268875e472f78b8c2f887b69b826
EXPORTER_SECRET 8570e65960c4828ad593d3e4d49ad2edbcdfdbc367504ae36e2483663a415735 95858875b34696e390890b1868933a707b47ba1156e930aece2f33f98ec0aa8e
CLIENT_HANDSHAKE_TRAFFIC_SECRET 7d8d93e3fcb8b24514df4f2f57ececeb7bba655718acf3f609cd488d0beb37a4 271d0e4a95a9cfbb5a244614a5499c3e8e727b72fbd5707db4764062fabe1b5b
SERVER_HANDSHAKE_TRAFFIC_SECRET 7d8d93e3fcb8b24514df4f2f57ececeb7bba655718acf3f609cd488d0beb37a4 de29062ffdc6c01cf4b8aae9181ea2d090caeb4ba7719caabcb7635382acf700
CLIENT_TRAFFIC_SECRET_0 7d8d93e3fcb8b24514df4f2f57ececeb7bba655718acf3f609cd488d0beb37a4 acfb3c78f054617f9539b20fc796dca8b23667299c22443484a2590d18ae791d
SERVER_TRAFFIC_SECRET_0 7d8d93e3fcb8b24514df4f2f57ececeb7bba655718acf3f609cd488d0beb37a4 8ff4bb8f4eedce2643109ffee454e9610fd3627b770dd01c8894444741fa22a4
EXPORTER_SECRET 7d8d93e3fcb8b24514df4f2f57ececeb7bba655718acf3f609cd488d0beb37a4 757b6144611c4cd9cb866410639440d9fc8029f4bc42853a43e57e2c92144840
CLIENT_HANDSHAKE_TRAFFIC_SECRET b4146366afd926ed18d4916cce90b3c9d41558ad91c06e43e2e73eb71be7184c 929aa452c6bae86b8570df73a2b328850fd11ae4da3332645223914b5fbdbfec
SERVER_HANDSHAKE_TRAFFIC_SECRET b4146366afd926ed18d4916cce90b3c9d41558ad91c06e43e2e73eb71be7184c 606a37ae822f17b05bc3443cbf739c83cace754f97bac38b6d09fa52a1d6e12c
CLIENT_TRAFFIC_SECRET_0 b4146366afd926ed18d4916cce90b3c9d41558ad91c06e43e2e73eb71be7184c a6bc5190aed4691725ddc667ae1c0c0083e1cc031ac1e5e5d6e257872fa3a464
SERVER_TRAFFIC_SECRET_0 b4146366afd926ed18d4916cce90b3c9d41558ad91c06e43e2e73eb71be7184c 2ae3f32f9e5294c90dfc95d57226462d081c5877dbc3c0592ab897b9d760f93c
EXPORTER_SECRET b4146366afd926ed18d4916cce90b3c9d41558ad91c06e43e2e73eb71be7184c 22b95ff40e0165af224fd1f5589dfd6d2b014126f457666dbd2bde3d69657bd3
CLIENT_HANDSHAKE_TRAFFIC_SECRET 3b01f16266a30a96dfb18fefe77f16718924a0800148b29c44a3f26dbbe31059 7f9b298faea40909b6f106443948d15422e7a022996baf1488346b89a9d8d4b2
SERVER_HANDSHAKE_TRAFFIC_SECRET 3b01f16266a30a96dfb18fefe77f16718924a0800148b29c44a3f26dbbe31059 9f92bfb522b85ec72157bd1372ba0de45c4669147ac39ff61d208aa568adc037
CLIENT_TRAFFIC_SECRET_0 3b01f16266a30a96dfb18fefe77f16718924a0800148b29c44a3f26dbbe31059 f1301a69ea4a1c7e390f6443975952ffb287841eef645470076782613b31874a
SERVER_TRAFFIC_SECRET_0 3b01f16266a30a96dfb18fefe77f16718924a0800148b29c44a3f26dbbe31059 9b39a6f798712066161eb8a469e7828c9d94d28a48bbbb9df16d6a418f948b88
EXPORTER_SECRET 3b01f16266a30a96dfb18fefe77f16718924a0800148b29c44a3f26dbbe31059 e0e7ecca38a7b2b8c836616103d2f7d161500d81c37c5e5cf8322d327d79ef78
CLIENT_HANDSHAKE_TRAFFIC_SECRET f823f0516700c836a4c18fc9f8d88f1f117afa0c6110d405fe9c326b48c6a9db 017d14814a83ec2c87772c048ca500987889ed897ca47108038d5489a35d5201
SERVER_HANDSHAKE_TRAFFIC_SECRET f823f0516700c836a4c18fc9f8d88f1f117afa0c6110d405fe9c326b48c6a9db ca6b8b883370ae23c5d77d730ca2093fe41d6a4348807d46b356d9d13563f6ea
CLIENT_TRAFFIC_SECRET_0 f823f0516700c836a4c18fc9f8d88f1f117afa0c6110d405fe9c326b48c6a9db a3876773f1e3b19624fac0f49df029239393c2e11149d23140327be7742afaf2
SERVER_TRAFFIC_SECRET_0 f823f0516700c836a4c18fc9f8d88f1f117afa0c6110d405fe9c326b48c6a9db 66b25c6324ee45be73a0e812593d7f7e862790e37da2c86e7497f2d664b55c5d
EXPORTER_SECRET f823f0516700c836a4c18fc9f8d88f1f117afa0c6110d405fe9c326b48c6a9db ba6dda9ace84afa674ecfc7fffd0fc7aa14cac86a2b65323351ef22ab7564347
CLIENT_HANDSHAKE_TRAFFIC_SECRET a7df6e5b5b67aaa9dfc07a7f4a6da5e9f729a81f222bf5dcaabd130d3f53460a 1ed9ac722e2cfe868c7478cbf6e765a3da5f15c99416ae7dd98319d5f3de2ad2
SERVER_HANDSHAKE_TRAFFIC_SECRET a7df6e5b5b67aaa9dfc07a7f4a6da5e9f729a81f222bf5dcaabd130d3f53460a ea3c370543dd58821e1dfc812aae2b3fe8abc0f23ffe425c20448ef4ee963262
CLIENT_TRAFFIC_SECRET_0 a7df6e5b5b67aaa9dfc07a7f4a6da5e9f729a81f222bf5dcaabd130d3f53460a 0619e92e5c8c086554ea31efeb3d8479b1794a24b979ac467539f257b80d692d
SERVER_TRAFFIC_SECRET_0 a7df6e5b5b67aaa9dfc07a7f4a6da5e9f729a81f222bf5dcaabd130d3f53460a d8b3625c736d891c7c3e1e70ff742dfdf67b9c26e644d204369aad056d9a9007
EXPORTER_SECRET a7df6e5b5b67aaa9dfc07a7f4a6da5e9f729a81f222bf5dcaabd130d3f53460a b877241c12c45b91a343c82db81a7e46bf822c490e5d97f880f143bfd6bb48d2
