CLIENT_HANDSHAKE_TRAFFIC_SECRET f10843a8d7a0540480302f221caf9ec6e7fac919c389b65f401266c25fb0d576 bd377de6185c544d6db5dc0402dae0df7b4db8ad8e9e308d0582c6c7fbe7c8c2
SERVER_HANDSHAKE_TRAFFIC_SECRET f10843a8d7a0540480302f221caf9ec6e7fac919c389b65f401266c25fb0d576 2ed2b6f2baa0e4ff9934ff7d8f595dda1df6f3a3ac8efac8c54885b3cca0d2b4
CLIENT_TRAFFIC_SECRET_0 f10843a8d7a0540480302f221caf9ec6e7fac919c389b65f401266c25fb0d576 f8baaddae4322b02b847db22736d02e80bbccb5ed04059d48d2dec23867cef3c
SERVER_TRAFFIC_SECRET_0 f10843a8d7a0540480302f221caf9ec6e7fac919c389b65f401266c25fb0d576 cf192a8e1c95aad1dbe5e5dfff8db2763e37e8b5b93277e0508676c6f1fde6be
EXPORTER_SECRET f10843a8d7a0540480302f221caf9ec6e7fac919c389b65f401266c25fb0d576 17982f995e669f4265f3271938ccec42e56b5427f23b354cd4c724fa384ed733
CLIENT_HANDSHAKE_TRAFFIC_SECRET 200a7937c538b1ab787a548af648f1541e594ae52be6d315682ba5497da06daf 13f280bd118ad9be7f95d381784bd40f240d5f3d1f4c92998290418d6b2799b3
SERVER_HANDSHAKE_TRAFFIC_SECRET 200a7937c538b1ab787a548af648f1541e594ae52be6d315682ba5497da06daf ec02b86f650a1b5a208e0b95a6da4f93709259b76e42902d1c22c08f4f818bfa
CLIENT_TRAFFIC_SECRET_0 200a7937c538b1ab787a548af648f1541e594ae52be6d315682ba5497da06daf 43da4e329ac07cd494aa3f721b9fb0c97036080f8627373534b051dde25e42f3
SERVER_TRAFFIC_SECRET_0 200a7937c538b1ab787a548af648f1541e594ae52be6d315682ba5497da06daf 8117d8ee8f59e0067a5ba82f8b9b7a17dd5fd2f2248a6b566b156f87c491b4de
EXPORTER_SECRET 200a7937c538b1ab787a548af648f1541e594ae52be6d315682ba5497da06daf fb6cf5d40aa4721abbd44e1c8f3e96c093771c2cece43c5f9ddf88a244311c0d
CLIENT_HANDSHAKE_TRAFFIC_SECRET c5548612e9d2291ab2d2de9cc95058693c8825fac8da4f50b41ca579115fba69 d87acef1e1b198df099ea8024f034577148a4b1fc7d9bb698886a1c0a651601d
SERVER_HANDSHAKE_TRAFFIC_SECRET c5548612e9d2291ab2d2de9cc95058693c8825fac8da4f50b41ca579115fba69 f354310289ab2cefc075b4dcf1e23618b0c5454c85d5a13aeb3e2d5ff47778b7
CLIENT_TRAFFIC_SECRET_0 c5548612e9d2291ab2d2de9cc95058693c8825fac8da4f50b41ca579115fba69 08a5d8de8deba243b50ae38375aca7bb20de207e39477517ecafadfaac6e92eb
SERVER_TRAFFIC_SECRET_0 c5548612e9d2291ab2d2de9cc95058693c8825fac8da4f50b41ca579115fba69 262397eb82786ab6894e45d5b1c59fb816117a54834f82e686dbdcaffff84568
EXPORTER_SECRET c5548612e9d2291ab2d2de9cc95058693c8825fac8da4f50b41ca579115fba69 3d88af7e04254a008f21ce382115055fd9e38c61aaa1b15bf4cd7669c850f151
CLIENT_HANDSHAKE_TRAFFIC_SECRET 45d9a2e7a10ca88f50935226e2f1016a17048693db31bbeb1a9519df17186566 f99d3f5a23ad49b921b8fb4ce0db5f73c3b4eb2c3dd497811fbd90485f8f1e7d
SERVER_HANDSHAKE_TRAFFIC_SECRET 45d9a2e7a10ca88f50935226e2f1016a17048693db31bbeb1a9519df17186566 3ef22e201120d293c811ec4d2e3cbf192e9cb9cea5f8c954dd9e543c445276d8
CLIENT_TRAFFIC_SECRET_0 45d9a2e7a10ca88f50935226e2f1016a17048693db31bbeb1a9519df17186566 9a3ad156a1af6d53604bac726eb51459c56dd8533199738ed9271f1fa32952ca
SERVER_TRAFFIC_SECRET_0 45d9a2e7a10ca88f50935226e2f1016a17048693db31bbeb1a9519df17186566 80b844f8cbcd4a9f079369cb25a004a2c14fc6e7fd7a08ae39db5465b493a6af
EXPORTER_SECRET 45d9a2e7a10ca88f50935226e2f1016a17048693db31bbeb1a9519df17186566 604a7fdb7ae96fe4b4a7b439744fcc4cd8be2a12d3cbd181d9b507cf951617b2
CLIENT_HANDSHAKE_TRAFFIC_SECRET 8ee1711180dade7bfecd801bb28e9d8dc5b78ba28a5c661a4f6197a3d5e49770 3d3fb098eb5fb1886176e300f4c8cb5f6049915ad7522211589aab65b0518288
SERVER_HANDSHAKE_TRAFFIC_SECRET 8ee1711180dade7bfecd801bb28e9d8dc5b78ba28a5c661a4f6197a3d5e49770 ac3d93124c2972fc3cd2e0ac0e06f5c6df800c198be5c32cfbe206c25ef5053c
CLIENT_TRAFFIC_SECRET_0 8ee1711180dade7bfecd801bb28e9d8dc5b78ba28a5c661a4f6197a3d5e49770 758f63d5f63167e49ca7898b34cf03a85f414f11dc892379ee29eb094d6f1b08
SERVER_TRAFFIC_SECRET_0 8ee1711180dade7bfecd801bb28e9d8dc5b78ba28a5c661a4f6197a3d5e49770 42d2cf7c61581213e1de185003ffbed21a185d0678249e61eb3bfb10169ad389
EXPORTER_SECRET 8ee1711180dade7bfecd801bb28e9d8dc5b78ba28a5c661a4f6197a3d5e49770 2fd30175941a907323d5e56fca92270eeb25ddbe2e9e9df0d174e426d7f9d7a6
CLIENT_HANDSHAKE_TRAFFIC_SECRET 00dad7d6da2211c097795f0b9645f4981399097e4ae8ffb5f17998541f5a8317 308559e3313081d8570588ee9f7a1049fdb9e3a768432ff4cb2c41eb394b5e20
SERVER_HANDSHAKE_TRAFFIC_SECRET 00dad7d6da2211c097795f0b9645f4981399097e4ae8ffb5f17998541f5a8317 31dbf8ab37d0444f5edbb65a7150e52166ce58f8d9a52ff1b4e867179218a61c
CLIENT_TRAFFIC_SECRET_0 00dad7d6da2211c097795f0b9645f4981399097e4ae8ffb5f17998541f5a8317 c9f5caa0d3b84fe10171328e0767f87825c770f9067a7ff606960490975f6260
SERVER_TRAFFIC_SECRET_0 00dad7d6da2211c097795f0b9645f4981399097e4ae8ffb5f17998541f5a8317 b336e1ec3143416c0a3128d023277800561ba0da1269eb25a200c8e6151b6aa8
EXPORTER_SECRET 00dad7d6da2211c097795f0b9645f4981399097e4ae8ffb5f17998541f5a8317 69d0b2464068d18d33d47e7145fb911b75f4b468e8ea58fc12ef1bfd8184e59b
CLIENT_HANDSHAKE_TRAFFIC_SECRET 7e5791e66643562432fafba65ce47ea70f0d492277e2dd9d37805b31dc64a631 35f7ae0cbfeb7575099125ef25fcfbfe68fe5e0af52e592bfd3ca9036372fba2
SERVER_HANDSHAKE_TRAFFIC_SECRET 7e5791e66643562432fafba65ce47ea70f0d492277e2dd9d37805b31dc64a631 4152b889373056a3c2d2396fdb1a6bfcd9d4fa98f307c7a08adb042b91eefc03
CLIENT_TRAFFIC_SECRET_0 7e5791e66643562432fafba65ce47ea70f0d492277e2dd9d37805b31dc64a631 9c4fa00a18eeb44242d7978e11e0e9861496214e61c265ebba842ba0508302ec
SERVER_TRAFFIC_SECRET_0 7e5791e66643562432fafba65ce47ea70f0d492277e2dd9d37805b31dc64a631 3991dafbabc5b0f655a6f2380c54eadc6717a20399647305fa6fadf699bcb3a8
EXPORTER_SECRET 7e5791e66643562432fafba65ce47ea70f0d492277e2dd9d37805b31dc64a631 1903895ac14f9b38620b97732f449c278ccae680b7d5a503c8e7b3ca14bb37bb
CLIENT_HANDSHAKE_TRAFFIC_SECRET c2af8a50503b76508e0c6cffa48098a94fb2457ed2698ae1582aba83f53d30d6 6ff6dda242c606834b6cac45244943bf92f376556c2833932704d5a12101b180
SERVER_HANDSHAKE_TRAFFIC_SECRET c2af8a50503b76508e0c6cffa48098a94fb2457ed2698ae1582aba83f53d30d6 70d92e1359e79bff727e8a26feac8bfecbdd289bcfbc89e2fe131aa427015c05
CLIENT_HANDSHAKE_TRAFFIC_SECRET 2a8489db8afde539f2ee0600c1c4e9fbbc4640b0d15ec204a6d1d37a91ad3152 f150224f134f1648cfbcfadf26509a64ba097f4259fe8f26df5ac717cf79f958
SERVER_HANDSHAKE_TRAFFIC_SECRET 2a8489db8afde539f2ee0600c1c4e9fbbc4640b0d15ec204a6d1d37a91ad3152 a3daf4a2419fc8c55a6dcfedcff11d32c370160cf448b6346ef8becc8cf5d058
CLIENT_TRAFFIC_SECRET_0 c2af8a50503b76508e0c6cffa48098a94fb2457ed2698ae1582aba83f53d30d6 58dcb7393a6f3a1c554e1071bd45f3a185a6f32036e7284593f92d0b911ce098
SERVER_TRAFFIC_SECRET_0 c2af8a50503b76508e0c6cffa48098a94fb2457ed2698ae1582aba83f53d30d6 7bb1d5596d84ce21f1844db19a7639df719053a860c22814ae32dfd4578b4c04
EXPORTER_SECRET c2af8a50503b76508e0c6cffa48098a94fb2457ed2698ae1582aba83f53d30d6 2f9b1b8c4bf12ff92a5250258a81b9eaef93c32814674885ba6ec9c0aea9b8d2
CLIENT_TRAFFIC_SECRET_0 2a8489db8afde539f2ee0600c1c4e9fbbc4640b0d15ec204a6d1d37a91ad3152 e3387070c205bf112280b8fecb45d51effe2fbeb292cefa4c4983b379f1b71ec
SERVER_TRAFFIC_SECRET_0 2a8489db8afde539f2ee0600c1c4e9fbbc4640b0d15ec204a6d1d37a91ad3152 0aa501207c66892a325758d0cb4c46100011ff7a871702583bac80bcc5e41844
EXPORTER_SECRET 2a8489db8afde539f2ee0600c1c4e9fbbc4640b0d15ec204a6d1d37a91ad3152 638e701e6735a161f7e0a891e844ba873669e6b116f40f3284ae82251b57003a
CLIENT_HANDSHAKE_TRAFFIC_SECRET 08eba3937b1c1291617fa639cd3f023aba1eefc3e84a3ecf84d10cb9ea006ee0 213bceaee1ede94f30ada827c64bfae395bf4acff0fbd579f7de960b2d5dfc70
SERVER_HANDSHAKE_TRAFFIC_SECRET 08eba3937b1c1291617fa639cd3f023aba1eefc3e84a3ecf84d10cb9ea006ee0 df86983a550f2f173a03d7670fcc65be1ce5568a2763a8c621afc7052f0f8171
CLIENT_TRAFFIC_SECRET_0 08eba3937b1c1291617fa639cd3f023aba1eefc3e84a3ecf84d10cb9ea006ee0 6e4871ea59902472afeee9e238a60eac0d1ad8ecd684170002b387c969e8618e
SERVER_TRAFFIC_SECRET_0 08eba3937b1c1291617fa639cd3f023aba1eefc3e84a3ecf84d10cb9ea006ee0 3856127e8505693d2f69dcbf313c19b8bce41ccabafceba08dcab36f1a702982
EXPORTER_SECRET 08eba3937b1c1291617fa639cd3f023aba1eefc3e84a3ecf84d10cb9ea006ee0 abb8f230b5fb415013d758763cd35538c67620593110157c9de4b0e5ce8df983
CLIENT_HANDSHAKE_TRAFFIC_SECRET 1c5b64bbfc938f89f4628e024916dcc2898be6627489dd1cf1347a8156421de3 f2099e4646e3d1e1fb1b10085b6205976e92460c572aed11db0f344a5f740f0a
SERVER_HANDSHAKE_TRAFFIC_SECRET 1c5b64bbfc938f89f4628e024916dcc2898be6627489dd1cf1347a8156421de3 6414b4e1fe37234a47c5b7a41f5b92dfae769307409fdd386d353b97eb4d1854
CLIENT_TRAFFIC_SECRET_0 1c5b64bbfc938f89f4628e024916dcc2898be6627489dd1cf1347a8156421de3 5058867f3778e7ca7d94ed459135287e2304f2c8ad10d4b0ab543298b672fdad
SERVER_TRAFFIC_SECRET_0 1c5b64bbfc938f89f4628e024916dcc2898be6627489dd1cf1347a8156421de3 0d649dd821897c4e2cd875d022584519f7595063f6e21747dd54df68242055ec
EXPORTER_SECRET 1c5b64bbfc938f89f4628e024916dcc2898be6627489dd1cf1347a8156421de3 d15951924226b3626c82b726d59ccb221a11be5b39e97d1ba22faa2ff2f78e64
CLIENT_HANDSHAKE_TRAFFIC_SECRET f584829e71a0e64cbab0be26e74557e3e8e1aba1e98bff122e9c9b451d195840 863f145bf173beb8bbafbdc5207793affa0ba6f25ecf88fb9aa1322476f1950a
SERVER_HANDSHAKE_TRAFFIC_SECRET f584829e71a0e64cbab0be26e74557e3e8e1aba1e98bff122e9c9b451d195840 979838b9c44894e7d6f3f21ade4c8fbb7eab2abfe7fa473519eb1e6c4860138e
CLIENT_TRAFFIC_SECRET_0 f584829e71a0e64cbab0be26e74557e3e8e1aba1e98bff122e9c9b451d195840 ca771895f65b922bff9d15e4f2bb4d950b81c3e5334fd4e45e561722d007f4ce
SERVER_TRAFFIC_SECRET_0 f584829e71a0e64cbab0be26e74557e3e8e1aba1e98bff122e9c9b451d195840 43af5763fcd375c3315dd18b579575d879e74fb136e60717b5e8f5b707a79cff
EXPORTER_SECRET f584829e71a0e64cbab0be26e74557e3e8e1aba1e98bff122e9c9b451d195840 901d78daa0d6d89d06c03459e4a0992aa1aebfe87367328214d0761aa6bf3aa2
CLIENT_HANDSHAKE_TRAFFIC_SECRET b84ce568300e348f68d23317f586c373505c37863ecd5c89b1e3cd2f1d663114 af2db522212a5a6ef5d6d388a2a8795a0c776f0dee6c6491fccbb7d9d7d74abb
SERVER_HANDSHAKE_TRAFFIC_SECRET b84ce568300e348f68d23317f586c373505c37863ecd5c89b1e3cd2f1d663114 70be8e85f7e4bf5cb55d5a0ba393e956c2f791328db8c431d16ab66ed52cb588
CLIENT_TRAFFIC_SECRET_0 b84ce568300e348f68d23317f586c373505c37863ecd5c89b1e3cd2f1d663114 28ecdc047503c5fe99b05a721e52234d3111dc0be419b19a7527071decf74bbd
SERVER_TRAFFIC_SECRET_0 b84ce568300e348f68d23317f586c373505c37863ecd5c89b1e3cd2f1d663114 a8b4186145828bf92cb9396e0c5b24a7a3f00b5f8792f7bd4873db852e8c6f60
EXPORTER_SECRET b84ce568300e348f68d23317f586c373505c37863ecd5c89b1e3cd2f1d663114 6c81e821a38380bbd1ef538abd7932d60a24d33b4c0f5da81e3b11691ba2e21b
CLIENT_HANDSHAKE_TRAFFIC_SECRET ba2624af28098e67a4390dc089319a07fd37f5476227dcfb4a8477369920c862 593b75eb04bd0760d79b528ea7d8978ce41c38213a67729ae2edf9027b70ca91
SERVER_HANDSHAKE_TRAFFIC_SECRET ba2624af28098e67a4390dc089319a07fd37f5476227dcfb4a8477369920c862 ce3870d676b82ccb6995070fbb7d01fbe63f10256a16ed84e1233ce032d7a926
CLIENT_TRAFFIC_SECRET_0 ba2624af28098e67a4390dc089319a07fd37f5476227dcfb4a8477369920c862 df4c28655fe638d8202c47b3c085918054cdb349f582d7d4393f20cd74cd0450
SERVER_TRAFFIC_SECRET_0 ba2624af28098e67a4390dc089319a07fd37f5476227dcfb4a8477369920c862 2d79cf07fcfdb169f7357d9c4fe87c80d124787ec9310c67cc3519488e2fb318
EXPORTER_SECRET ba2624af28098e67a4390dc089319a07fd37f5476227dcfb4a8477369920c862 1dedbaa7e246a9ab55a4914d55b34a926b6aebd76410732fc684ac158aeb6ab3
CLIENT_HANDSHAKE_TRAFFIC_SECRET 07b915af58d9f986cfd4edede0d6aa036229234efb005e89726d847bfaadbec8 c93dcb2bfff0242121675e03a499c04c16d9547ae46279f79bcf5eb3cdbaf53e
SERVER_HANDSHAKE_TRAFFIC_SECRET 07b915af58d9f986cfd4edede0d6aa036229234efb005e89726d847bfaadbec8 072166cf691e7aab205f6e22f23e4f6d134c3389970c3ef3b83d2d8f8c010d55
CLIENT_TRAFFIC_SECRET_0 07b915af58d9f986cfd4edede0d6aa036229234efb005e89726d847bfaadbec8 be9693aac1c1d2c16c61462e8f0ab71ab5590c5a4bd63f41c310f9c15497a444
SERVER_TRAFFIC_SECRET_0 07b915af58d9f986cfd4edede0d6aa036229234efb005e89726d847bfaadbec8 d172d987258dc0f9e463b5e59c23bd73211a3ae5bbab762a137ca07d62f43da6
EXPORTER_SECRET 07b915af58d9f986cfd4edede0d6aa036229234efb005e89726d847bfaadbec8 a6111234c3b3e731e6c54ca84b877250d20a164c2328c4ede0cd8cd2c6cd2b62
CLIENT_HANDSHAKE_TRAFFIC_SECRET 423d8a09b97bf15dae131b3ada1d1ca0b93301cc32716bfd5fe31cc6a8e0694e 0232f5e8a758da576db133f19622f863867cbef3021788e62d9878bca04acc15
SERVER_HANDSHAKE_TRAFFIC_SECRET 423d8a09b97bf15dae131b3ada1d1ca0b93301cc32716bfd5fe31cc6a8e0694e fb714a9ecc8f2001ce607b2a07560473708dca636d93ed5e63022c20d2f89532
CLIENT_TRAFFIC_SECRET_0 423d8a09b97bf15dae131b3ada1d1ca0b93301cc32716bfd5fe31cc6a8e0694e 222f9bd9544f0beb7e07b1ca0af0992deff23df4a5ab323c4decc97ad99ee3c7
SERVER_TRAFFIC_SECRET_0 423d8a09b97bf15dae131b3ada1d1ca0b93301cc32716bfd5fe31cc6a8e0694e cba3470ce45ace07be022588a16e0167f7d0b817faafbb3f62fac78fff77e3ac
EXPORTER_SECRET 423d8a09b97bf15dae131b3ada1d1ca0b93301cc32716bfd5fe31cc6a8e0694e e30f97f973ce1d53d6dac5ef94e7e0c11092033f89c72aa4ae0b9a5867a61734
CLIENT_HANDSHAKE_TRAFFIC_SECRET de8333fdea67435adb4f02e2a6f1fcb5e165f60aaf8431440b8fac02a6738eef 9162cc4782046109f52aea25fde9932b3302c870c7676366f961f73f9fe8688c
SERVER_HANDSHAKE_TRAFFIC_SECRET de8333fdea67435adb4f02e2a6f1fcb5e165f60aaf8431440b8fac02a6738eef 71f3e148424c659a6f060b33407f764cd211cbfd81aa13009f69b62390c361f7
CLIENT_TRAFFIC_SECRET_0 de8333fdea67435adb4f02e2a6f1fcb5e165f60aaf8431440b8fac02a6738eef 9a066f23423a0e7bbfc2df6cc21e78c19fc2b69999fdce45efb38133ced44a43
SERVER_TRAFFIC_SECRET_0 de8333fdea67435adb4f02e2a6f1fcb5e165f60aaf8431440b8fac02a6738eef 5e3fe1155965ce522301cef4023e776770b780014523f29991d61cf85042f477
EXPORTER_SECRET de8333fdea67435adb4f02e2a6f1fcb5e165f60aaf8431440b8fac02a6738eef 2aa23f5d45a60475a3781270d94dfcaf905b9cf225eac6b559e0c0d81fc8f792
CLIENT_HANDSHAKE_TRAFFIC_SECRET f92a83303a0c60386d40a944878760664d2261759c797cdb0bc23d8fc6e01523 ba06a06faa0c34c605c1966bac7ef8df9e5cc282c0b10d583f0afe8bbef828ca
SERVER_HANDSHAKE_TRAFFIC_SECRET f92a83303a0c60386d40a944878760664d2261759c797cdb0bc23d8fc6e01523 7623b8f0ef2bd4971b7ee4b7b9bfb2c700201b1989644f8d784d16948499e813
CLIENT_HANDSHAKE_TRAFFIC_SECRET 118c62aa87a398d29e25640e35e3ae53e6af1309c7c6bb01b194db1db30f02ff 5ea19ec627cfaf489de4b85e32f76b8f9fe56b4f5010817387781bfe054763fa
SERVER_HANDSHAKE_TRAFFIC_SECRET 118c62aa87a398d29e25640e35e3ae53e6af1309c7c6bb01b194db1db30f02ff 812ed96d425b3093a7337243e01d4b28704e9eb0f0bec37cd2e5cbbd3595a68f
CLIENT_TRAFFIC_SECRET_0 f92a83303a0c60386d40a944878760664d2261759c797cdb0bc23d8fc6e01523 5cedd685c1998826314bba3d335eb31ba651a3edbf2e6037baff82570b580ebf
SERVER_TRAFFIC_SECRET_0 f92a83303a0c60386d40a944878760664d2261759c797cdb0bc23d8fc6e01523 df81057ae41b01e2d6fce92bf644ce098e9cf30684b9a2b33be74127814d0f79
EXPORTER_SECRET f92a83303a0c60386d40a944878760664d2261759c797cdb0bc23d8fc6e01523 063edc1302e0649cb54fe1337806682518973e5b9f09b8be95ae901c366ad0f7
CLIENT_TRAFFIC_SECRET_0 118c62aa87a398d29e25640e35e3ae53e6af1309c7c6bb01b194db1db30f02ff f84173b07639c9972c65b94f1dec9d9581f017cec2bdcdc4802ea4c1b7f886a6
SERVER_TRAFFIC_SECRET_0 118c62aa87a398d29e25640e35e3ae53e6af1309c7c6bb01b194db1db30f02ff 8751650880c6e5faa82c069408cbf4ddc0540b04c1712d23df65312b80cf7a6e
EXPORTER_SECRET 118c62aa87a398d29e25640e35e3ae53e6af1309c7c6bb01b194db1db30f02ff 5d0e2d714095360c4e6c79705f5d22d352ef4deb6d049bea20a8b8486a43bff7
CLIENT_HANDSHAKE_TRAFFIC_SECRET e3bc766e48b73fa7581ba645fdf1828b09582b2851703b7e616dec0d00c0b660 20080c62a49a1cf4f266bf8e2d9d3b87a6aa18948f5f14b93433b3c5b10e224a
SERVER_HANDSHAKE_TRAFFIC_SECRET e3bc766e48b73fa7581ba645fdf1828b09582b2851703b7e616dec0d00c0b660 dd9d11a78056425d51cb9890a6971ae4e4148dc043a51ff6b55179a126add2e4
CLIENT_TRAFFIC_SECRET_0 e3bc766e48b73fa7581ba645fdf1828b09582b2851703b7e616dec0d00c0b660 83530036e0dae41abe0a3068e892f1e1f7e9c6a15c56c237c66b6ffdb5276bec
SERVER_TRAFFIC_SECRET_0 e3bc766e48b73fa7581ba645fdf1828b09582b2851703b7e616dec0d00c0b660 d7847eb1545f44034ccf47417693e27e536f5f8367cbd32a25cdbfc8544a92a1
EXPORTER_SECRET e3bc766e48b73fa7581ba645fdf1828b09582b2851703b7e616dec0d00c0b660 934a84c04294e339a60124e30989ef1f209e5f234b79a02eec2e02771237ec0b
CLIENT_HANDSHAKE_TRAFFIC_SECRET 1ca81fb1ada392ce1b9febb4f3adac5ad349c6b661beb10cfd034267088f5dc8 4a63b206e3397e4e2eaea59ad3bb9a57eca5004c98c41568273378b39e8ecf58
SERVER_HANDSHAKE_TRAFFIC_SECRET 1ca81fb1ada392ce1b9febb4f3adac5ad349c6b661beb10cfd034267088f5dc8 4af58919e17b41869dbe9d3148ce3f6aa8a4e0ddd16cb0803761789d751493d6
CLIENT_TRAFFIC_SECRET_0 1ca81fb1ada392ce1b9febb4f3adac5ad349c6b661beb10cfd034267088f5dc8 718b6af3b3ece1c7e2e71d5d1c990504ab00213b30d1b6a9f29c8d6fcd0b7485
SERVER_TRAFFIC_SECRET_0 1ca81fb1ada392ce1b9febb4f3adac5ad349c6b661beb10cfd034267088f5dc8 d27aaa907172faf7139266e44e4ec8a6fa2ac39131d8d6b5755d4af51d2691a0
EXPORTER_SECRET 1ca81fb1ada392ce1b9febb4f3adac5ad349c6b661beb10cfd034267088f5dc8 3df72434ec2b713e0502cc5c2a2271998772ebffeeddba92b1ac153b966fc863
