CLIENT_HANDSHAKE_TRAFFIC_SECRET 69ff02f85df8b46cd586dc6e7f9c9013cdccca6c41a47f198499b5bf2d36b276 68d2912bdd1553a6b266c971dc5216f78b2c0e67d95e7d6da4635140732967a0
SERVER_HANDSHAKE_TRAFFIC_SECRET 69ff02f85df8b46cd586dc6e7f9c9013cdccca6c41a47f198499b5bf2d36b276 ce75283d90210f64c74c09d9c6bdd004cca37d2fcbbba89daba760fb41befce6
CLIENT_TRAFFIC_SECRET_0 69ff02f85df8b46cd586dc6e7f9c9013cdccca6c41a47f198499b5bf2d36b276 47d6b7d6d05a514c5047cb59f3fac0f225d401e76df1446b8b46d880d6e19d07
SERVER_TRAFFIC_SECRET_0 69ff02f85df8b46cd586dc6e7f9c9013cdccca6c41a47f198499b5bf2d36b276 6dd95ebfdef41c36501ece23d444fde5eba319e4c54ffa5554e88b2c9b2dc744
EXPORTER_SECRET 69ff02f85df8b46cd586dc6e7f9c9013cdccca6c41a47f198499b5bf2d36b276 b2d12c5081782b615156ab62970e61a7d80ca04d56b8989c4326f88f0a7441d1
CLIENT_HANDSHAKE_TRAFFIC_SECRET 8bae98c2ff6733aa2131f24ec9f9ac9dc73157bfcf7a1f95c3cc145e28a66646 72fe0c1fe628cddaf3b21280eb4e02d4c1ae255013a54c8ac75945e9eaeeadfa
SERVER_HANDSHAKE_TRAFFIC_SECRET 8bae98c2ff6733aa2131f24ec9f9ac9dc73157bfcf7a1f95c3cc145e28a66646 d69d8239ec19de691cb3f7112c6db2a4bed16296ecf8802125cef27fa456ecb1
CLIENT_TRAFFIC_SECRET_0 8bae98c2ff6733aa2131f24ec9f9ac9dc73157bfcf7a1f95c3cc145e28a66646 157bf45f7b7c6c3e2a2be4466ec542ddec50edb3343a591d5c4aaa10d07e08bb
SERVER_TRAFFIC_SECRET_0 8bae98c2ff6733aa2131f24ec9f9ac9dc73157bfcf7a1f95c3cc145e28a66646 184d9bc4b81bb970272d511807d80d949a3349c59f096b981d9098d46828a4d5
EXPORTER_SECRET 8bae98c2ff6733aa2131f24ec9f9ac9dc73157bfcf7a1f95c3cc145e28a66646 e665ec5bdc62892af8a70cb08ff16160306dbbeb1ee8f01e64e622608e466730
CLIENT_RANDOM f12ba1c6b154ede4108f63f5726ca48759b358af0333949bf386f467629defa7 f1e40b462a08400ad83d3b6a852619f3fe64a6f9e7addd4561d48a7c973d56f6edd8543fc163baa29b1af315115bb10b
CLIENT_RANDOM fccc8fda031710812dbd214be3d280357bc3258ad1a1dd3797b8fd073c052ea6 f8ba17bc6dc5b75fe47210c0c46ff142bd0f67aed13294b739fbbfaf3e3af2d04dfd12708f74668803d9013ca2726dc6
CLIENT_HANDSHAKE_TRAFFIC_SECRET 109fa130c45f05ed1f8e5244cdb3e566301239d86a27bea86fa726d07ff294b0 4abf201428ce2052ba4deb3711d3146732fded7a3d68508624ef120e080f177e
SERVER_HANDSHAKE_TRAFFIC_SECRET 109fa130c45f05ed1f8e5244cdb3e566301239d86a27bea86fa726d07ff294b0 d3aa5e00d929832376cfd2c37476c54f1cd07077594e20c3e9079c71de063cdc
CLIENT_HANDSHAKE_TRAFFIC_SECRET 0e6c4f532126fd7daa2ee15993ceafade855d1684132b51a4fc99ba544021239 ea6c046a6ea975a2faf7f883d49645ccd20415f2e8f9d3447867fd07a6728002
SERVER_HANDSHAKE_TRAFFIC_SECRET 0e6c4f532126fd7daa2ee15993ceafade855d1684132b51a4fc99ba544021239 7a659fbd800892fcbf4dc93212a134843f86e9c5fcdb5e92e9ae0a4be5194baa
CLIENT_TRAFFIC_SECRET_0 109fa130c45f05ed1f8e5244cdb3e566301239d86a27bea86fa726d07ff294b0 0840360088dac3297d2d5ef8b7fd304b7893ff1ec69ce6b4bd98e26c47d9778c
SERVER_TRAFFIC_SECRET_0 109fa130c45f05ed1f8e5244cdb3e566301239d86a27bea86fa726d07ff294b0 9769827171ce1f9c97a2d1347782bd77422394911275ddeb1b718958bcfbf27d
EXPORTER_SECRET 109fa130c45f05ed1f8e5244cdb3e566301239d86a27bea86fa726d07ff294b0 23f0176dbdb1139c80de93e9fc999e6fcac54e24f834fa7579fa2120d9310b6b
CLIENT_TRAFFIC_SECRET_0 0e6c4f532126fd7daa2ee15993ceafade855d1684132b51a4fc99ba544021239 7c45874097a877b948bfb3abc6f7b87b07f53b7d16d2fa74ef1191380002ff53
SERVER_TRAFFIC_SECRET_0 0e6c4f532126fd7daa2ee15993ceafade855d1684132b51a4fc99ba544021239 9073452b3658caa4a41816cf54612d29829af07888598b113f135d665e6541a1
EXPORTER_SECRET 0e6c4f532126fd7daa2ee15993ceafade855d1684132b51a4fc99ba544021239 e10b83f24bc303722e262ec9867c18ad60f77a29786f12d344ac4c37a20f699f
CLIENT_RANDOM c25db31210a1557550296543204d0b42bfa308fff371e883fc148ccccd129d96 da4de2e56658701ec58ecebe2f2c0fa0130f85f0f65f36364d97c0d7cc894234953917cd9a0cf894d74382f19addb94b
CLIENT_RANDOM 478fe8d363e4d0227aa56b1e6a6740297bcb9815fbd6fd7990baa872e6252e9e 50b9528384fa4ed42da321bfcf4f15a5f05194552d3203a8a4ae4445848d2d36b8944511b39ec12a15b021aa96c28cbd
CLIENT_RANDOM 32cb8b6eaca9f774e346dda8eaeafcafb78f6152d228f12db221f304a2767936 95628e657964a14f9ec4da76e3e1ed2dad0f1f87bf9598cdd6135a6f4f1b76c5855ed56d08c972976b26d6ad0c1af82d
CLIENT_RANDOM 9d930b53c414e2c58b1a0de9d8abd28dc38c57430d4d72f27888d498dde8f904 efbdbe23f2b7a525f991c3e808c8f048e10aadc63cdacec48c8292d7f3e3e7db84f1c8cc41ad18124e75941efabd80c4
CLIENT_HANDSHAKE_TRAFFIC_SECRET a4d1ebbc50baf148f64b59819b392abbb7272666c7dd5ec26b6ea0d718236485 b780d4031cf90b9cb88b20669c036b5101ccb99f8434a8d3bf48745059a7800b
SERVER_HANDSHAKE_TRAFFIC_SECRET a4d1ebbc50baf148f64b59819b392abbb7272666c7dd5ec26b6ea0d718236485 c5019c1deefade98fc980949e8ac48c6afe720506b034ff42474ce3f32ddfd46
CLIENT_TRAFFIC_SECRET_0 a4d1ebbc50baf148f64b59819b392abbb7272666c7dd5ec26b6ea0d718236485 230866db6c7360ee0d615498b37ab731a0f67b964ba8f1001b3766618e748038
SERVER_TRAFFIC_SECRET_0 a4d1ebbc50baf148f64b59819b392abbb7272666c7dd5ec26b6ea0d718236485 2553fdb89c1e126f7718d96c3662154a68c2e5eba56cc11ba9bd24f1792f4c99
EXPORTER_SECRET a4d1ebbc50baf148f64b59819b392abbb7272666c7dd5ec26b6ea0d718236485 9ac86e1b64c0cd850a900c72694bb393af504fe5ca1b961d8dc1677545245a49
CLIENT_HANDSHAKE_TRAFFIC_SECRET 860569a2014a7ab714ac10f3dce999753842094bb3985573d0814a354c922c09 5a40ec08c5dc2edafb2475514f1a0565b1078ba57e9efde971c11cc4d049b5f3
SERVER_HANDSHAKE_TRAFFIC_SECRET 860569a2014a7ab714ac10f3dce999753842094bb3985573d0814a354c922c09 272b89a7ef7fe89b5eb2ec854d59cd34ec7df882fa286c46cc235977083d8705
CLIENT_TRAFFIC_SECRET_0 860569a2014a7ab714ac10f3dce999753842094bb3985573d0814a354c922c09 5d7cc400e6669a7262c973316d1b27b3ab01ad5a7ca940120395cafbc7d39c22
SERVER_TRAFFIC_SECRET_0 860569a2014a7ab714ac10f3dce999753842094bb3985573d0814a354c922c09 c2b782e332891b6db706bb25e3ff89a816a7af471a1c36fdcfb63827fa1aaf2c
EXPORTER_SECRET 860569a2014a7ab714ac10f3dce999753842094bb3985573d0814a354c922c09 f173b05224be5fa8a101449ce01b769ae10482bf434d63c9b0cfadeec2539157
CLIENT_HANDSHAKE_TRAFFIC_SECRET 02fc09294456e94c26e4315fe31232289198ef231cfdbfb8917342c03eb33f02 17a9281119464c5c406f9d1a52c6e840161fee4329bb7d7aebc8da89af094535
SERVER_HANDSHAKE_TRAFFIC_SECRET 02fc09294456e94c26e4315fe31232289198ef231cfdbfb8917342c03eb33f02 ff80ca8002e06c85eaa009d3a1ed1aea2d68c262760f99cad574dc8590d1d884
CLIENT_TRAFFIC_SECRET_0 02fc09294456e94c26e4315fe31232289198ef231cfdbfb8917342c03eb33f02 6207091389ccf06d3769deb4ee0f852259cc60697b8a970b4d56f4112ff60731
SERVER_TRAFFIC_SECRET_0 02fc09294456e94c26e4315fe31232289198ef231cfdbfb8917342c03eb33f02 e17eacf8d7358aef68da1545bd28f2e8a539b2e5e1e21499d65781c3d4678acf
EXPORTER_SECRET 02fc09294456e94c26e4315fe31232289198ef231cfdbfb8917342c03eb33f02 64d1cd0fdfa62374d623464fd4404a301674fc2878a258667d410d059f3f6ea1
CLIENT_RANDOM 392a00fcd094542fc07c3d52b28933f97a91b3c110929e517a26beb8ee081e0d f740c9d7217c06d45cbaebe226a696515b6abb02c869bc6a1ce749f7c62fd02729c2dc3fdc6b95737e836907910eb323
CLIENT_HANDSHAKE_TRAFFIC_SECRET a15a4714db19dec8b2136094d8239f20c742dd614c48eee089af3f2b2311528e f19a326fa80fe5c263875a52495bc1af7794342c696b248cad24a6069fccfb6bb8952bfb0d0decbf1fb35e22f79075ff
SERVER_HANDSHAKE_TRAFFIC_SECRET a15a4714db19dec8b2136094d8239f20c742dd614c48eee089af3f2b2311528e e2043b45482cc67e90da420189f0a2f8c7b493f560384375a239c0448d5cb3d642704ac84f5dee597cf04754012f8320
CLIENT_TRAFFIC_SECRET_0 a15a4714db19dec8b2136094d8239f20c742dd614c48eee089af3f2b2311528e 4234294d1f085ddea38a35cd332ccea62b0a4a5ecc735363e9abded228daaa9a3b1bb1132c37e41f8fb8ee4cc2ae84d8
SERVER_TRAFFIC_SECRET_0 a15a4714db19dec8b2136094d8239f20c742dd614c48eee089af3f2b2311528e a65ea158fe37431d6e8d49f2b9b18028910a2036433a4108b95a6db32a5a91470b482177966581ec107e7fadd8f1ab5f
EXPORTER_SECRET a15a4714db19dec8b2136094d8239f20c742dd614c48eee089af3f2b2311528e ba3440dca2e6ba29ac63cb00f51ed5d543c88e54173db2849dd6b36f4941d0bb7dab702e6ad5c6df1aabfe3ee2ed83c5
CLIENT_HANDSHAKE_TRAFFIC_SECRET b5e76eb51e038b3c2ea945a449405bd97bea77e8d1191acdf1ac6c6007417d35 fc15a0c2894099934ecfc2b42b31cccd77de3f4cbdfcf74ef4b3c21703b3095c
SERVER_HANDSHAKE_TRAFFIC_SECRET b5e76eb51e038b3c2ea945a449405bd97bea77e8d1191acdf1ac6c6007417d35 94f3ba5b80b92266458e16590a108d3fcb700bac7b4198d8502b834cf3454802
CLIENT_HANDSHAKE_TRAFFIC_SECRET 6ea199de19802ad93eb216f242b90dafebf398ffc8ca627bcba1aee3591d9ea6 f0b9d75c83bc32c9a297d51cee9b2ff3c8d36c2d334987e2048d872c91ee6093
SERVER_HANDSHAKE_TRAFFIC_SECRET 6ea199de19802ad93eb216f242b90dafebf398ffc8ca627bcba1aee3591d9ea6 7e6ce3086cd9ce10dc968d9bb46b9c1cea25fe451f45593bb9dfa3c1e7f56eb0
CLIENT_TRAFFIC_SECRET_0 6ea199de19802ad93eb216f242b90dafebf398ffc8ca627bcba1aee3591d9ea6 ae852f2524535d46c5b05887ffd124e07766ced668501d88ce99f604da655ca4
SERVER_TRAFFIC_SECRET_0 6ea199de19802ad93eb216f242b90dafebf398ffc8ca627bcba1aee3591d9ea6 3a00b3432ba5d269d54082d61235e79274721c9437300c59a50140bbe32adde1
EXPORTER_SECRET 6ea199de19802ad93eb216f242b90dafebf398ffc8ca627bcba1aee3591d9ea6 7ce3a36cbe0a006ac4b841f94b75e4b05ae2b9b679cb9ab2613056b9ad692d60
CLIENT_TRAFFIC_SECRET_0 b5e76eb51e038b3c2ea945a449405bd97bea77e8d1191acdf1ac6c6007417d35 3960333ef2a5cc050d19af2f756fdbe8c3e4d49d9b4a854b09a7349b1ef54957
SERVER_TRAFFIC_SECRET_0 b5e76eb51e038b3c2ea945a449405bd97bea77e8d1191acdf1ac6c6007417d35 ba5bd7f74e78fb275a67f1979665199bac1bc98205c516d7ab23cab72576d803
EXPORTER_SECRET b5e76eb51e038b3c2ea945a449405bd97bea77e8d1191acdf1ac6c6007417d35 ff05924c8b1dce741d9f074e185f832cece644a0ba42f6657d61c887a08e5d54
CLIENT_HANDSHAKE_TRAFFIC_SECRET b8bcf5c049103f55c8d37bdb9c444372bb7f0ef68f87f39759eeb18c38994589 ebc3c0d2a74181f08aa3589488902598ace0862fd4ca4bd81a558889e89ea81c
SERVER_HANDSHAKE_TRAFFIC_SECRET b8bcf5c049103f55c8d37bdb9c444372bb7f0ef68f87f39759eeb18c38994589 4139500e18614150e6a2b6359904503a50a907acbb7db1f996dc21f72c964227
CLIENT_TRAFFIC_SECRET_0 b8bcf5c049103f55c8d37bdb9c444372bb7f0ef68f87f39759eeb18c38994589 cd84c1eec32f542abcec46b0072cf1810b9e61791907b867c3e1eb0089790f1f
SERVER_TRAFFIC_SECRET_0 b8bcf5c049103f55c8d37bdb9c444372bb7f0ef68f87f39759eeb18c38994589 d9f8de1ca8878c4f4004b23174c312a053219945dfa1d77324604c836eed8a4a
EXPORTER_SECRET b8bcf5c049103f55c8d37bdb9c444372bb7f0ef68f87f39759eeb18c38994589 aaf09634bda84ce45c1f13ed6e2584a6d56a76ce1de1392fb507b0cf1b8840c7
CLIENT_HANDSHAKE_TRAFFIC_SECRET bea6be5bbc33c20e29568a36cdb714c107e19b7b14522e58bbc165b74eac76c7 a6a7304a18517eed952db6fef5c467f8bc709d6da3a8c509cd082b23b1278343
SERVER_HANDSHAKE_TRAFFIC_SECRET bea6be5bbc33c20e29568a36cdb714c107e19b7b14522e58bbc165b74eac76c7 eaf3fa45af76e2ffe613119ea8fb717ed7f210298aa8ff9c09032061bb9a6b7c
CLIENT_TRAFFIC_SECRET_0 bea6be5bbc33c20e29568a36cdb714c107e19b7b14522e58bbc165b74eac76c7 2b7486b1907877919901af872354c5a7e7aa46656020fd32e8a48f95b6c8d2c4
SERVER_TRAFFIC_SECRET_0 bea6be5bbc33c20e29568a36cdb714c107e19b7b14522e58bbc165b74eac76c7 f533eec929296eb6711944c8f805ec01b2b39a16ed6ad5367c1668ddd4518584
EXPORTER_SECRET bea6be5bbc33c20e29568a36cdb714c107e19b7b14522e58bbc165b74eac76c7 14cb526294e8491fda4333fad02cc26f454fc2fc81bcadbc7e9bca47ece9fde4
CLIENT_RANDOM 7ce511719d3d1c799a01a4cb9535496166e0da7b079e5cad9ee69645f3404f57 dfc4ac801ed763630f8aebbba3daab67d0715f43de88cf2914a60a8cf6a2d1a13d365c6281b4a4551a39f82d1150da1c
CLIENT_HANDSHAKE_TRAFFIC_SECRET 25d9c0b0d648e8d1e15000db60009e41a47d47b5957f542ba51b7431bdff65a4 949137fc94abe66c7394bac0f5ae737814e9cd2081f566abf9c815974c054804
SERVER_HANDSHAKE_TRAFFIC_SECRET 25d9c0b0d648e8d1e15000db60009e41a47d47b5957f542ba51b7431bdff65a4 f0d5409fe28f5b5aa5596a3296b25cd7fa34eafd26e28b995d7fdcd376c9387f
CLIENT_TRAFFIC_SECRET_0 25d9c0b0d648e8d1e15000db60009e41a47d47b5957f542ba51b7431bdff65a4 ed3aecc21e19f7eb4a9e4050184c267224d28f7b5bc2e1f8d0f7ac8cf0b4946d
SERVER_TRAFFIC_SECRET_0 25d9c0b0d648e8d1e15000db60009e41a47d47b5957f542ba51b7431bdff65a4 f9e1b0097d5d8e81293c7366ef2d7a91486844a8f0181ea033a0e49740dea28f
EXPORTER_SECRET 25d9c0b0d648e8d1e15000db60009e41a47d47b5957f542ba51b7431bdff65a4 ca67c4dee9b59cba41a9a4e0c0e3c35ee7f0a19191703db9ff4504a578effd60
CLIENT_HANDSHAKE_TRAFFIC_SECRET 6cceab92e33a1cf10f17b92bc8b9694ea18655f065a76e797741d0562da18c7b 7cc966af30cd5c2b05c425bf05737565c3e4cd2d9524ec9183fe9d952435b451
SERVER_HANDSHAKE_TRAFFIC_SECRET 6cceab92e33a1cf10f17b92bc8b9694ea18655f065a76e797741d0562da18c7b c1956643a7f004fa58ed35eaec6bac959dcb9843060d82269642cda36db094c8
CLIENT_HANDSHAKE_TRAFFIC_SECRET 7db66b5e58e36375d7d40ec61b173a5cc6761ffbbb3917e58bb33287e9e02936 0e7aca789ee2ca8c58c8acb287b0ec1f866a3a46b33e351bd46926b4b3ecc6f2
SERVER_HANDSHAKE_TRAFFIC_SECRET 7db66b5e58e36375d7d40ec61b173a5cc6761ffbbb3917e58bb33287e9e02936 f19f00ae86ec929a17e86caeec6614c66ed9a6c4703f68c8c8d958caab56f987
CLIENT_TRAFFIC_SECRET_0 6cceab92e33a1cf10f17b92bc8b9694ea18655f065a76e797741d0562da18c7b 978b6bc63f81ea1320e188b8bf7263ee9d355d96ff01a6c8b810bc0def40325a
SERVER_TRAFFIC_SECRET_0 6cceab92e33a1cf10f17b92bc8b9694ea18655f065a76e797741d0562da18c7b 4c0e725b7b5971714a8735bfee2d3687871e55b50c23f26f7e83b38f63015bf9
EXPORTER_SECRET 6cceab92e33a1cf10f17b92bc8b9694ea18655f065a76e797741d0562da18c7b 00b0883f783ec88cca95c875e19fe252571fe86bb020b60be39ab169d212aed8
CLIENT_TRAFFIC_SECRET_0 7db66b5e58e36375d7d40ec61b173a5cc6761ffbbb3917e58bb33287e9e02936 d9cac0e2cc2917598911248d2fd40afc3cd44a68dbcfd2c8cd638035026bee5b
SERVER_TRAFFIC_SECRET_0 7db66b5e58e36375d7d40ec61b173a5cc6761ffbbb3917e58bb33287e9e02936 bd58df3068d561fc324873033a7fbda1ac4eb85cf6d72f12622cb18900970d18
EXPORTER_SECRET 7db66b5e58e36375d7d40ec61b173a5cc6761ffbbb3917e58bb33287e9e02936 142697e2e50dfdaa6580d24b2b92c4488b2034828fdda6492b8bdd4f82728dad
CLIENT_HANDSHAKE_TRAFFIC_SECRET 34491619c57932071407c49cd4d6a1a5b8e49501f582d5da742739f6b16fc6c0 452362102e9e67bf71c8fe81e02a72b8578d7d26e5baf66fade182164394d68a
SERVER_HANDSHAKE_TRAFFIC_SECRET 34491619c57932071407c49cd4d6a1a5b8e49501f582d5da742739f6b16fc6c0 7cf3ae8e224efec89c6a8ddde615890111efbe34f9b84564c69a9775ac82158b
CLIENT_TRAFFIC_SECRET_0 34491619c57932071407c49cd4d6a1a5b8e49501f582d5da742739f6b16fc6c0 d94f0b0021869f6f31289ed90dadedeb6d93a6336dc480f268237300ad35cd3e
SERVER_TRAFFIC_SECRET_0 34491619c57932071407c49cd4d6a1a5b8e49501f582d5da742739f6b16fc6c0 b57c1a5d458db94d653b3ebf041dbaace5f69c1090d3e437ae7a1c715e1ec229
EXPORTER_SECRET 34491619c57932071407c49cd4d6a1a5b8e49501f582d5da742739f6b16fc6c0 6f7ae9cab376d3d80cd9b43e087f7fb1b34856fc3200688ea552542d7aa602b1
CLIENT_RANDOM 7b65c19a564bb227583014336554822c78aab9073208be5f44a6a8c7babf6119 92e1e72028c949fd30d89445987c3ee00b77c7eca5485e7b36d484e61e353322c3e2d2108163db0f4847dc20e27dd19a
CLIENT_HANDSHAKE_TRAFFIC_SECRET 95a9d9f366a9e50d3f5937abaf948e47eedac60b31796a2b6ebc5880f29a4d5e df99c5d579ee09b0f30cee816aaa0a5b3b95d277da6848cb6fde58298418570b
SERVER_HANDSHAKE_TRAFFIC_SECRET 95a9d9f366a9e50d3f5937abaf948e47eedac60b31796a2b6ebc5880f29a4d5e b8b8dbabe5235fbfba220eb67bfc87001e3e618f092cfaa2d3eb2ab8595c2075
CLIENT_HANDSHAKE_TRAFFIC_SECRET 2cc5c29c209f5db9ef393479ed2007ee8a11d05b8759ecd22c9d51c332c1189c 7ae332281dbd8703512fb82e3b142f3892207e9de61a2685457ace2512d6eab6
SERVER_HANDSHAKE_TRAFFIC_SECRET 2cc5c29c209f5db9ef393479ed2007ee8a11d05b8759ecd22c9d51c332c1189c be3821b93f9afa48498d44c617aaaafae87f2cbe262376b738abd252cfd4de5f
CLIENT_TRAFFIC_SECRET_0 95a9d9f366a9e50d3f5937abaf948e47eedac60b31796a2b6ebc5880f29a4d5e f183c1e4a87026ebd50be0640c788b546545f114040c55ceb44310d5d3516b94
SERVER_TRAFFIC_SECRET_0 95a9d9f366a9e50d3f5937abaf948e47eedac60b31796a2b6ebc5880f29a4d5e ac9cc2b21c1c13358c439cb85bdeb2ef1da76e1ad097cf4c831e50b0c8888175
EXPORTER_SECRET 95a9d9f366a9e50d3f5937abaf948e47eedac60b31796a2b6ebc5880f29a4d5e 8643288c68f3b56c9f3eb38fabc520f9289b4f9825e31efa5e8db97eab8f57c9
CLIENT_TRAFFIC_SECRET_0 2cc5c29c209f5db9ef393479ed2007ee8a11d05b8759ecd22c9d51c332c1189c 25734db5b6c4e4fc7f49d60a1a81c9f09abf0bd954440233a7b5a54bf1c3f720
SERVER_TRAFFIC_SECRET_0 2cc5c29c209f5db9ef393479ed2007ee8a11d05b8759ecd22c9d51c332c1189c 36e828160a7c2ed12d11966363668ed05654ecc47d35ee321990d596d340eea0
EXPORTER_SECRET 2cc5c29c209f5db9ef393479ed2007ee8a11d05b8759ecd22c9d51c332c1189c bed28894c5f75ebb140264698dcf2084335f84ed51dc5cab0c53cc996bcb7fca
CLIENT_RANDOM 4c5df33e3591928690233314069899119836ab2b65668a2430eb5e323ef3d756 2921dd0d94598f0a1307e6df5212d269903ed49dd305308dbdb960191f5e0356f9e8e1f1dec0d1f18e987892d3ebc312
CLIENT_HANDSHAKE_TRAFFIC_SECRET 08c9209485b85fb9597194e309f05577e6108b3442a448aecfacccec4dcf2b9c c40d8bcb493c333e4456b12389b02e2ac473a13bf4ffb29e9cd48af0406b8186
SERVER_HANDSHAKE_TRAFFIC_SECRET 08c9209485b85fb9597194e309f05577e6108b3442a448aecfacccec4dcf2b9c 793fb1c44fdc1620a7a4666e93cdddd650cd23d189bf854fa7d86a9485b46279
CLIENT_TRAFFIC_SECRET_0 08c9209485b85fb9597194e309f05577e6108b3442a448aecfacccec4dcf2b9c 58e1c5730b6289653e86c0a59c9719b8a139870c252e4d41b6d24439fce59426
SERVER_TRAFFIC_SECRET_0 08c9209485b85fb9597194e309f05577e6108b3442a448aecfacccec4dcf2b9c 620354329e7fa5ad4c7a4b5d7e53c307cdb92203d50ceb758e2cde8c3d6d713b
EXPORTER_SECRET 08c9209485b85fb9597194e309f05577e6108b3442a448aecfacccec4dcf2b9c 55a29e0a9db3b4d2e12ead75b632991c4d2101f6ff1c61e009384e10b89fea37
CLIENT_RANDOM abffc1401896af7b8a512215b9b6777c94f1edc2e66c1e49c71dcb219a9a8cb1 61fb0ddeb16a25fc9446ac9f163eebdb664da57fa0e35d92c962a37cea65d1641de28d31e1a70b5eaff919cf949cf544
CLIENT_RANDOM 692eebdebdc5b51e6caa9421b3b2acac6dcbb9ffe68a609ab4991a250905d2e4 1cb512d3da8ecb8cba6f2dc25e4bd914443d6205809de119b5bb49746356c49ac45da578a5e7a4c35bf78bb4deebe3a6
CLIENT_HANDSHAKE_TRAFFIC_SECRET 2fda7c6c377bc9c1f700dfff597d14d9ce047f1530ada0a6ba5c55f7d288e356 fa26729560105868ec7e3722f5561005756ef062bdf2e23070294b104bece839
SERVER_HANDSHAKE_TRAFFIC_SECRET 2fda7c6c377bc9c1f700dfff597d14d9ce047f1530ada0a6ba5c55f7d288e356 e14349492554e37f1cdbbc2d8a4aac56d760d05226c27d59045e9dcb3367bd45
CLIENT_TRAFFIC_SECRET_0 2fda7c6c377bc9c1f700dfff597d14d9ce047f1530ada0a6ba5c55f7d288e356 aa06119f6c33b92c3cd5205941208914d866b58c511d646a6452665f4688b56d
SERVER_TRAFFIC_SECRET_0 2fda7c6c377bc9c1f700dfff597d14d9ce047f1530ada0a6ba5c55f7d288e356 494971839f6a6151b259cbda391ff551a391e8300c76b2ac68a8a738809dd37a
EXPORTER_SECRET 2fda7c6c377bc9c1f700dfff597d14d9ce047f1530ada0a6ba5c55f7d288e356 dedb9223bc7b0f549856e0e20dc72cdf26297928376a2ea531b3174a5eaccc06
CLIENT_HANDSHAKE_TRAFFIC_SECRET 06103c714e4367a5fee36f057b96923c9f83c3909fef86406b43fed8140ba1a4 8dc79dc73a1775bb197be55ea7aef29c56e6a2c7f24d025ff7cb8077ccd8829f
SERVER_HANDSHAKE_TRAFFIC_SECRET 06103c714e4367a5fee36f057b96923c9f83c3909fef86406b43fed8140ba1a4 11c09a2bf7e13aec9de073b22f39b730d3ca8d7e1d366b58bd29c004c7238842
CLIENT_TRAFFIC_SECRET_0 06103c714e4367a5fee36f057b96923c9f83c3909fef86406b43fed8140ba1a4 d0aa44845c39da62425df762697df9a46d55475ddbfc5f8c5d1f55e41036007b
SERVER_TRAFFIC_SECRET_0 06103c714e4367a5fee36f057b96923c9f83c3909fef86406b43fed8140ba1a4 14a6c2bf84e1405af349b4e1c36a8995d450c7acba6f6ed7239ccb5a769aedca
EXPORTER_SECRET 06103c714e4367a5fee36f057b96923c9f83c3909fef86406b43fed8140ba1a4 8a2988b4ed32fe07c22961cd4b5fd762fffbbe1a7e16dfa0b4b5d2abfa0ba2cf
CLIENT_RANDOM a1086cf77c97ad6f0f79f7ded3f4d1db8feae958e954a3739e5b30038e1fa658 c3c8e6ce2c1e2b2dabda84dd3c386327275341b4d2fa8e1486a415c5ad4be3f43756e99db21a5c67523560c6d83594db
CLIENT_RANDOM cec96d62729c9a90d9d9109c786b55b7dc58b3ff133484ac7167678b64fdca54 995ac7cd8534ea81894776b7c6817a042dee7fdac2dd4a242881089ff322df0746376dd2e03aec248bf3143e8d43cdef
CLIENT_RANDOM 098e10e92e3dd4fd144b4ddca7255520df787225e0595850552a00bece1664c0 2921dd0d94598f0a1307e6df5212d269903ed49dd305308dbdb960191f5e0356f9e8e1f1dec0d1f18e987892d3ebc312
CLIENT_RANDOM 80235edf8ed4f97fc1128fe205051053d7acc8fd0c069a2c0aab7b34500cd508 3ccf33022497aacd3a38313d2e8152246e406db637e99bf8d99d992c4d9ba7a3ba9fe192033639b05a5bbf05e5a194d2
CLIENT_HANDSHAKE_TRAFFIC_SECRET 1debbf082bab686c79acce0c33a33e1a357975039e42128252842d55fc8638f1 5aa69fee6dbc856d19feefa4fa11b315da3c0395ad5d3f4a2319e32793df6e41
SERVER_HANDSHAKE_TRAFFIC_SECRET 1debbf082bab686c79acce0c33a33e1a357975039e42128252842d55fc8638f1 b6c6284df5f0436c2fa2324d65d869563b043cd2b2ba87de2ad5d7c7bda988fa
CLIENT_TRAFFIC_SECRET_0 1debbf082bab686c79acce0c33a33e1a357975039e42128252842d55fc8638f1 eeb1ce1dd826ee52f9c719dc34ea060c5e44ea33ff0b9520488183446ecf2d17
SERVER_TRAFFIC_SECRET_0 1debbf082bab686c79acce0c33a33e1a357975039e42128252842d55fc8638f1 f33652ae059a16d35b07cc499ab59190d9c1f4f764b79522ad582d0d8b7354e3
EXPORTER_SECRET 1debbf082bab686c79acce0c33a33e1a357975039e42128252842d55fc8638f1 dcb8c1615957a08d630e8686fbea728be6c75a41e5a984fd313fb6b94cbcee15
