CLIENT_HANDSHAKE_TRAFFIC_SECRET 67781cb3cc83f18648ea0aae543d2cddf0284a57bb6afd7c38035fdafe3f113c 3a452c98d4c858183e682bc91e836dca061ee47380001a89db943fa6b00edf7d
SERVER_HANDSHAKE_TRAFFIC_SECRET 67781cb3cc83f18648ea0aae543d2cddf0284a57bb6afd7c38035fdafe3f113c 9eb93bc615369403e9105d5e6fd862d60dddfeaf0ad3e71b5e01a2d035aa9aa6
CLIENT_TRAFFIC_SECRET_0 67781cb3cc83f18648ea0aae543d2cddf0284a57bb6afd7c38035fdafe3f113c b39aa1b73ab6be722da00a0aaab2ebf8a4ac35599e921d9d82a66c3be6483017
SERVER_TRAFFIC_SECRET_0 67781cb3cc83f18648ea0aae543d2cddf0284a57bb6afd7c38035fdafe3f113c d03ece846cd56f5f74b7b9d1183dd1ca488586f6a5764792c729a380f3aded95
EXPORTER_SECRET 67781cb3cc83f18648ea0aae543d2cddf0284a57bb6afd7c38035fdafe3f113c 1bf6d2fe90d9a9e854e7df887d8546456da2ad5696cd32a3e4790091093dbe0f
CLIENT_HANDSHAKE_TRAFFIC_SECRET 0bf1dedc3f400e10b324432dc9a4d04601582d0cf822ac8390cc2602f1fd5c1c d6e11d6604f2de2f162307d3570dabff7c22cf00fb1417c28cfcf9ea67b668df
SERVER_HANDSHAKE_TRAFFIC_SECRET 0bf1dedc3f400e10b324432dc9a4d04601582d0cf822ac8390cc2602f1fd5c1c 07bc653390ed9690d6e97afbbd0ffae222f009b9e2e3c1e14240100b9a0038ac
CLIENT_TRAFFIC_SECRET_0 0bf1dedc3f400e10b324432dc9a4d04601582d0cf822ac8390cc2602f1fd5c1c afa6efbe6e4a1a3a86e8d2895361de61fb2902bdfa75a29ff695f45dc1d3f746
SERVER_TRAFFIC_SECRET_0 0bf1dedc3f400e10b324432dc9a4d04601582d0cf822ac8390cc2602f1fd5c1c 068f647b4800903bdcc61913f7b3c55ba0b97c8fadb2c2938f5840719399472f
EXPORTER_SECRET 0bf1dedc3f400e10b324432dc9a4d04601582d0cf822ac8390cc2602f1fd5c1c 5f10d20f9538879fef3a38cb6a22a4d5e2607631619cef781fb7389acd4a17d4
CLIENT_HANDSHAKE_TRAFFIC_SECRET 3f97fc36356051bde972843dffc6a22c1f6ef2ee5ee03cee4b9ee545267a6994 53797bc4078791058f5b586f3f6ca949ff473cd85658499c0aed7ab59d895bee
SERVER_HANDSHAKE_TRAFFIC_SECRET 3f97fc36356051bde972843dffc6a22c1f6ef2ee5ee03cee4b9ee545267a6994 e818455b9743756609613d240fc3295c1d94a044cd008ea319d5a5712f24da7f
CLIENT_TRAFFIC_SECRET_0 3f97fc36356051bde972843dffc6a22c1f6ef2ee5ee03cee4b9ee545267a6994 35dc59f07a50939788bbd87629b5d168deb0e04c85b02a615a4eee13fc10fab6
SERVER_TRAFFIC_SECRET_0 3f97fc36356051bde972843dffc6a22c1f6ef2ee5ee03cee4b9ee545267a6994 f1a6816d994e73b8c6512f13ceca5038dd582f1fe50163af989b205fba6bd7a7
EXPORTER_SECRET 3f97fc36356051bde972843dffc6a22c1f6ef2ee5ee03cee4b9ee545267a6994 8857e68882b299566435790ef30b8e818931b8208e2268565d36d706d8b0b546
CLIENT_HANDSHAKE_TRAFFIC_SECRET 04dc9eaf7413f899a0b99e2fde051bee9df9575a6b8949cc90e07f68d208818e e4ce21205e3017d88ebf92dd2c6601a30f09b97bcd428e6832e8c10c53e44b3e
SERVER_HANDSHAKE_TRAFFIC_SECRET 04dc9eaf7413f899a0b99e2fde051bee9df9575a6b8949cc90e07f68d208818e 052675f0a23e97e37f743d15694166b8ea7d45bf482e46e9d46842e29f9d811b
CLIENT_TRAFFIC_SECRET_0 04dc9eaf7413f899a0b99e2fde051bee9df9575a6b8949cc90e07f68d208818e 3f364896df6114ab4d75009d43712bdb316fa7e68807e88552ef0ef57a932b4d
SERVER_TRAFFIC_SECRET_0 04dc9eaf7413f899a0b99e2fde051bee9df9575a6b8949cc90e07f68d208818e 4d17d0750bf54def84bf70032a262d75f0865f401878ec1570c4729a2c46d0be
EXPORTER_SECRET 04dc9eaf7413f899a0b99e2fde051bee9df9575a6b8949cc90e07f68d208818e 249709b31012d57b23f445ea08320dfc01cc2d98df8e6b79817bbd4d121dc9df
CLIENT_HANDSHAKE_TRAFFIC_SECRET a71e40d8713b8f504df12a845151cea835376014d4100a5612cb5030c66af154 bdbd6e7932e76dc6d1ab8df25d93655f0e13dfea94a0ca3aaf4e5fd45d67b898
SERVER_HANDSHAKE_TRAFFIC_SECRET a71e40d8713b8f504df12a845151cea835376014d4100a5612cb5030c66af154 707a32710e4d9768f1bfe2d1300171a70e093eac48e185ad4a5f62aaed3d791d
CLIENT_TRAFFIC_SECRET_0 a71e40d8713b8f504df12a845151cea835376014d4100a5612cb5030c66af154 fa1495851d75d43ed83f31c574c4eebf896c77f27d40def133d13693eb056e96
SERVER_TRAFFIC_SECRET_0 a71e40d8713b8f504df12a845151cea835376014d4100a5612cb5030c66af154 203d8f130394c6f176856fd81424b350773d27ed716491772511467368b2b5f1
EXPORTER_SECRET a71e40d8713b8f504df12a845151cea835376014d4100a5612cb5030c66af154 95d368d9d949b925475204f03a5cbd6d6a3a41a28d799c0f3f970f3e0f157544
CLIENT_HANDSHAKE_TRAFFIC_SECRET a4f23f9735181109880520e72aa5745b58bd73f29f671a0c4fa54ced07febfba 5dbdfae10f1b61c53ce8f78db6a3affda25741bd91f1b3e8f0f115bba4346ebb
SERVER_HANDSHAKE_TRAFFIC_SECRET a4f23f9735181109880520e72aa5745b58bd73f29f671a0c4fa54ced07febfba cb847471e0383969d8f99a3a7682506699f9a82c6afdb05a6a139af95d366e6a
CLIENT_TRAFFIC_SECRET_0 a4f23f9735181109880520e72aa5745b58bd73f29f671a0c4fa54ced07febfba da17b8c8b9bfacf88596e33962bb1d44b81666a9d049b0a6c359ed211e2f9abe
SERVER_TRAFFIC_SECRET_0 a4f23f9735181109880520e72aa5745b58bd73f29f671a0c4fa54ced07febfba 33d8e75968e1f824c63c59cb9044b3aecf106b9c1cf613d8a052d1de59ffc5a4
EXPORTER_SECRET a4f23f9735181109880520e72aa5745b58bd73f29f671a0c4fa54ced07febfba 9e5c52db7b4592bfd014217e3703238138abfb81026d35da7f32280261ea88bd
CLIENT_HANDSHAKE_TRAFFIC_SECRET 7ff002d4f8e2fa19593e4bf39d8eec74e3dab5951de92562ad8d2b8bc5b0c46d 8ade8e68ca0a07397aaf6969d1971a488bf9fee5d0b5b2763126b1dbfba266de
SERVER_HANDSHAKE_TRAFFIC_SECRET 7ff002d4f8e2fa19593e4bf39d8eec74e3dab5951de92562ad8d2b8bc5b0c46d 3a7f04f48f223fd500d2e8c2b3a06f0ed32a7c5a191927d6c0135a26bcb5789a
CLIENT_TRAFFIC_SECRET_0 7ff002d4f8e2fa19593e4bf39d8eec74e3dab5951de92562ad8d2b8bc5b0c46d f6c1104ef074ac6ea137a88325e528a31332efa1363b515ae56f36dc91e2db8d
SERVER_TRAFFIC_SECRET_0 7ff002d4f8e2fa19593e4bf39d8eec74e3dab5951de92562ad8d2b8bc5b0c46d 6bfc906c15fad27f794c52ab97d6436cdbc719d553859fab8bbb00b29b8477db
EXPORTER_SECRET 7ff002d4f8e2fa19593e4bf39d8eec74e3dab5951de92562ad8d2b8bc5b0c46d baaf21eac0f4b2a0fa82ce68aefded056dd83a19719112249fae8cb8dec370b0
CLIENT_HANDSHAKE_TRAFFIC_SECRET cd48c8b72d13b9842f6bd1a6ec2690163db7642df739dff5955f4e03199b65ee ceae7f04ae4b2945d9df894566db363ccc6d77eb8b1d939248a78962c590b8487c4258247a90e799c9136a4ce35d9205
SERVER_HANDSHAKE_TRAFFIC_SECRET cd48c8b72d13b9842f6bd1a6ec2690163db7642df739dff5955f4e03199b65ee 56a3d35b368ec2f0d27faedd5c99e6a918d7115ef06b562b0e53d996531965c43a0aeb92ba523080b895baf6cdfc3965
CLIENT_TRAFFIC_SECRET_0 cd48c8b72d13b9842f6bd1a6ec2690163db7642df739dff5955f4e03199b65ee 2fdce7ececd06adbc4104d2aa39d7e202504e55d0a9bbd451078506255c998e9957d85e7073bffc2b9c53d65b2a0a948
SERVER_TRAFFIC_SECRET_0 cd48c8b72d13b9842f6bd1a6ec2690163db7642df739dff5955f4e03199b65ee 2e76666d5bdb06a10539fd14ef04e884092153e023690122bc852a68c857d299289434db2b592935b1f5c97b6bbdce6b
EXPORTER_SECRET cd48c8b72d13b9842f6bd1a6ec2690163db7642df739dff5955f4e03199b65ee dda03052077d66fdc9b80d3f4a08191f90fd3ee7f1d5eaa89669143e766cf9a7b4e72c488ea0ee6e4d622e82f1d7ff67
CLIENT_HANDSHAKE_TRAFFIC_SECRET d0335dcdc0965580e7cb066be1887310abb9050a8e19423b824949ea8e00ab83 45607bc2883c669a03872e2ffd40cfa71fe9a95dc3de97a712c5ea56d1865bcd
SERVER_HANDSHAKE_TRAFFIC_SECRET d0335dcdc0965580e7cb066be1887310abb9050a8e19423b824949ea8e00ab83 b7c27d10df3a936dfa5fd843db3076ed4fc5c77141068fbd3c0b3abe51c03029
CLIENT_TRAFFIC_SECRET_0 d0335dcdc0965580e7cb066be1887310abb9050a8e19423b824949ea8e00ab83 4fd8c21681840ae861d9c9ed2ae9e95c6fa769e2d97fa6d9254c6f885e52c5a2
SERVER_TRAFFIC_SECRET_0 d0335dcdc0965580e7cb066be1887310abb9050a8e19423b824949ea8e00ab83 e58e0988262d8fbc8b9c736f2a669033985718d8851e2c68047864dc37cf87bb
EXPORTER_SECRET d0335dcdc0965580e7cb066be1887310abb9050a8e19423b824949ea8e00ab83 e77b2d5db85d50949ecf40553f72458bef36ef6e7d82f696b10ff1137fd341d0
CLIENT_HANDSHAKE_TRAFFIC_SECRET f415816f0065030534d3b093587b0dda3b458504cf6d215c6666c357d6b7d566 329281e55712b30444f0ee3db70f7ed7879d5879b6e6f6fde7ab0089f3e3a6e7
SERVER_HANDSHAKE_TRAFFIC_SECRET f415816f0065030534d3b093587b0dda3b458504cf6d215c6666c357d6b7d566 399f4481d5f593628c18cac9ff245b5d6d1d576cdc247882fb08f2c423e66802
CLIENT_HANDSHAKE_TRAFFIC_SECRET ee364422ca3d07ebea35fd5b0bbf1a48ae81c96e39016060a0fcc9cb6575fc9a 287244f33dfbe26f13f6dd1ff8d64cbc63bb5acacff72df6bda43f4a8f3d96f0
SERVER_HANDSHAKE_TRAFFIC_SECRET ee364422ca3d07ebea35fd5b0bbf1a48ae81c96e39016060a0fcc9cb6575fc9a 5b618e68983375a4714b0fb6f07ae97842ef3d282ee060e7b93363cb40ac9d10
CLIENT_HANDSHAKE_TRAFFIC_SECRET f953a9d2b373adf5e94f18e0679df0fcbe0564b1fdeee9bbbe00074348acd0c5 79c981cb1f360b049ecfb390ec21b0c80106d2516a89fd3f466e21ac42cca6b0
SERVER_HANDSHAKE_TRAFFIC_SECRET f953a9d2b373adf5e94f18e0679df0fcbe0564b1fdeee9bbbe00074348acd0c5 774bfcaa1a21c9b4455f98755368e6fe1323356b68bb27bbfa01f9d0ca30493e
CLIENT_TRAFFIC_SECRET_0 f953a9d2b373adf5e94f18e0679df0fcbe0564b1fdeee9bbbe00074348acd0c5 cf7d50ad72237697a2d153c0c869dd0b4d2463db56d4f5dfa8fdf54e68b54da8
SERVER_TRAFFIC_SECRET_0 f953a9d2b373adf5e94f18e0679df0fcbe0564b1fdeee9bbbe00074348acd0c5 4c945c548ba93cc87a73503f414592c9a182fbcc1d44c7568717f47e02415b8a
EXPORTER_SECRET f953a9d2b373adf5e94f18e0679df0fcbe0564b1fdeee9bbbe00074348acd0c5 9e4dd0ff2fc61921e4edd0dd6044cf4e998078a9dde1d249ec850004172fc478
CLIENT_TRAFFIC_SECRET_0 ee364422ca3d07ebea35fd5b0bbf1a48ae81c96e39016060a0fcc9cb6575fc9a 2dd0d49220013cbf5160c9303ee7e486c80c8b22bbf604ee6db60c83bd1e32a7
SERVER_TRAFFIC_SECRET_0 ee364422ca3d07ebea35fd5b0bbf1a48ae81c96e39016060a0fcc9cb6575fc9a 6f9e4d8bb13764b9c404236ccf7b9d780560646c83f2ed570a52e19b46050b66
EXPORTER_SECRET ee364422ca3d07ebea35fd5b0bbf1a48ae81c96e39016060a0fcc9cb6575fc9a ecbf5bff99bf4b2d253ad35f90baa06fc9647f2e467432aa6ad9593fae5b6ee2
CLIENT_TRAFFIC_SECRET_0 f415816f0065030534d3b093587b0dda3b458504cf6d215c6666c357d6b7d566 182fce2d168467ea9b584659c4142fa38e4f9868cb1563c494db7ac3fd914550
SERVER_TRAFFIC_SECRET_0 f415816f0065030534d3b093587b0dda3b458504cf6d215c6666c357d6b7d566 2f55cd41ed3a0bc68528ab6b099d679b976314fae97e44a14e6af29c6380e96d
EXPORTER_SECRET f415816f0065030534d3b093587b0dda3b458504cf6d215c6666c357d6b7d566 33e2661577a0f6ee6b7d23639a97dfc17a6a26656b2dc00bfadf3b8d5e5f480c
CLIENT_HANDSHAKE_TRAFFIC_SECRET 3c8557f4a554a2b4768b09b444754a56b18e3049d3b71a0ca8fda016834ab681 6d83697e741bd5aa9b700002a212baec276da4549ca537e70e42ba9a8f8e7532
SERVER_HANDSHAKE_TRAFFIC_SECRET 3c8557f4a554a2b4768b09b444754a56b18e3049d3b71a0ca8fda016834ab681 c3410b87c561f18fbbc861561ae8a97e7f64732c4ef4eb1a24d88bd67a30bb8a
CLIENT_TRAFFIC_SECRET_0 3c8557f4a554a2b4768b09b444754a56b18e3049d3b71a0ca8fda016834ab681 6981baf6c61bb9913dd600ad3efb7694263c124ed1734103ad152c7f91a9ae17
SERVER_TRAFFIC_SECRET_0 3c8557f4a554a2b4768b09b444754a56b18e3049d3b71a0ca8fda016834ab681 92a6b0008e2dfef10368147f7063ecbce745f7bcf6e3b29b96cfa125d3832f54
EXPORTER_SECRET 3c8557f4a554a2b4768b09b444754a56b18e3049d3b71a0ca8fda016834ab681 f4409ec89d0b4d3185b5e43446276bab7777748572ec1e1e54f3f9080b2329a9
CLIENT_HANDSHAKE_TRAFFIC_SECRET 9b796373c7f19fcec6e03cb289ccdcf8d41eac0c0b80fba3046eaa9d3e64af69 26c8cc7d64cba3dfa5f7a1b6db44b101d5aa0aa9e8dde217c36702b12137ac85
SERVER_HANDSHAKE_TRAFFIC_SECRET 9b796373c7f19fcec6e03cb289ccdcf8d41eac0c0b80fba3046eaa9d3e64af69 9fb4b3aef86e129929f08e96216cf87f3afdacf11d4787a38c6d70cec337b902
CLIENT_TRAFFIC_SECRET_0 9b796373c7f19fcec6e03cb289ccdcf8d41eac0c0b80fba3046eaa9d3e64af69 927ea08daf992926807b62ce05c50aabf310b2f360cb69f178b43433a627f897
SERVER_TRAFFIC_SECRET_0 9b796373c7f19fcec6e03cb289ccdcf8d41eac0c0b80fba3046eaa9d3e64af69 39bbd8d306c47b92ffde80e238b270b889a566bdecf68509ad26da5e16b8dc2a
EXPORTER_SECRET 9b796373c7f19fcec6e03cb289ccdcf8d41eac0c0b80fba3046eaa9d3e64af69 bb7d5b6746241752ee30855f91a682bb8378595af823be23a1fbc5958a6f3047
CLIENT_HANDSHAKE_TRAFFIC_SECRET fdb9c0f89b3b728d25311fe2c802b2ac353408c8af882bbdfa2a1c47ea9d92a7 84461d17325ee235214d8c58e408f91e7231ae4de87bdf5b6bde5839460fab9d
SERVER_HANDSHAKE_TRAFFIC_SECRET fdb9c0f89b3b728d25311fe2c802b2ac353408c8af882bbdfa2a1c47ea9d92a7 59e7c9a896973fba0b6e5cc20f4afb9819109dc541bfc83ce3e0377c707700bf
CLIENT_TRAFFIC_SECRET_0 fdb9c0f89b3b728d25311fe2c802b2ac353408c8af882bbdfa2a1c47ea9d92a7 cb8db7c2cc67618208cdace9ebe7bf94a2913cd0e831441ad3cfb76cec26ce63
SERVER_TRAFFIC_SECRET_0 fdb9c0f89b3b728d25311fe2c802b2ac353408c8af882bbdfa2a1c47ea9d92a7 395033af4a1086cda208d71f68701be393d2d2a0bc934d814cca33b253866b26
EXPORTER_SECRET fdb9c0f89b3b728d25311fe2c802b2ac353408c8af882bbdfa2a1c47ea9d92a7 29f6b08a96c3da7312f1be2e33bc1e4a28ba4c48192a139d94ad1016cd49c37c
CLIENT_HANDSHAKE_TRAFFIC_SECRET 8e8f0771871e1c3e549574c795de3e22c2f7a96cf9596549797a385495765ea5 393c1afcda0eea0dc45c983bc9a6523af23690a2109d0abac9cae18aa6a3cd5d
SERVER_HANDSHAKE_TRAFFIC_SECRET 8e8f0771871e1c3e549574c795de3e22c2f7a96cf9596549797a385495765ea5 cd8dfbdfc6bf68008a58a81a159113946b01fc29a9988f1bfbd8909b9694d20b
CLIENT_TRAFFIC_SECRET_0 8e8f0771871e1c3e549574c795de3e22c2f7a96cf9596549797a385495765ea5 533be1f29a04b1985f91bfc7c0efad2a3f316ca0d926eead017a0f98f3822ad0
SERVER_TRAFFIC_SECRET_0 8e8f0771871e1c3e549574c795de3e22c2f7a96cf9596549797a385495765ea5 51c01fa2c59ce0124740c036d43b508f9ad9431a508d53a58558a8e19e5b09a8
EXPORTER_SECRET 8e8f0771871e1c3e549574c795de3e22c2f7a96cf9596549797a385495765ea5 4ac4611f71be4918ca5b5c8c421c38b76f3726262ab7a7d7f467d358e85640fe
CLIENT_HANDSHAKE_TRAFFIC_SECRET f50046019b82bbf6cf8351556af76a6853d04950546c0619c86c78facd0007a6 adda5506e312bc3fbd997c155d88a3cd77436b97d766f2670662f83280bf86fd
SERVER_HANDSHAKE_TRAFFIC_SECRET f50046019b82bbf6cf8351556af76a6853d04950546c0619c86c78facd0007a6 a84043ad68e0dc5d21e184360694fe99d7d7ad22899a7acc3d300d8a1219965d
CLIENT_HANDSHAKE_TRAFFIC_SECRET e65c8fef6f0faa40ac414a336b4ee7c47527ad23f679bf5474045461accc0e5e 478d0eba913de63d2fd14d637db040647ba31ea286785054b0b2075719756f00
SERVER_HANDSHAKE_TRAFFIC_SECRET e65c8fef6f0faa40ac414a336b4ee7c47527ad23f679bf5474045461accc0e5e 82b00796ebed3e6fcf8b3cb273eadd04d661893627deffed4da9386e32a177d9
CLIENT_TRAFFIC_SECRET_0 f50046019b82bbf6cf8351556af76a6853d04950546c0619c86c78facd0007a6 0f08448e470195dfd6c9683150f8c9904cc43bd6bea4b774b83c9fd51da5506f
SERVER_TRAFFIC_SECRET_0 f50046019b82bbf6cf8351556af76a6853d04950546c0619c86c78facd0007a6 a7b7f43f7e9fd607c4c3fa38a43459d7d2b071451bf7f9225749b42ab0dee5cc
EXPORTER_SECRET f50046019b82bbf6cf8351556af76a6853d04950546c0619c86c78facd0007a6 a935488bea7e36bda3e3e4a6869e9d09afe4c3165e96e3e972e6e10016517ec3
CLIENT_TRAFFIC_SECRET_0 e65c8fef6f0faa40ac414a336b4ee7c47527ad23f679bf5474045461accc0e5e 437206e70ef4db989d9433c1676ffff7f1cedc336a3aa44bd157f5afe6a5dab9
SERVER_TRAFFIC_SECRET_0 e65c8fef6f0faa40ac414a336b4ee7c47527ad23f679bf5474045461accc0e5e 1fd4cc4058a3add70641547f89e95f44fc78633fe4fb214e014db6d351fee365
EXPORTER_SECRET e65c8fef6f0faa40ac414a336b4ee7c47527ad23f679bf5474045461accc0e5e cde20666540d9313caf54a52538e55b4297eebbd71a741795e118d60b06e32a4
CLIENT_HANDSHAKE_TRAFFIC_SECRET 7a023cfcc1ec5e107d3070a044bd55322009ef673bceeb614a2323402c348445 95297e6059e573634a2e381ccae725841bcbb957d2a3287c0d26d82eaa41053d
SERVER_HANDSHAKE_TRAFFIC_SECRET 7a023cfcc1ec5e107d3070a044bd55322009ef673bceeb614a2323402c348445 bc835faabdd155f9550b9292a107f12e4d68949f7cb3a27aa480b8e97f5560c4
CLIENT_TRAFFIC_SECRET_0 7a023cfcc1ec5e107d3070a044bd55322009ef673bceeb614a2323402c348445 962b3e712b98ca9d7c307e9a98409b1135fccd09ca9abcf9a756d86a8834f98c
SERVER_TRAFFIC_SECRET_0 7a023cfcc1ec5e107d3070a044bd55322009ef673bceeb614a2323402c348445 49f08a8bfb7fd18a9cfd58eebde637d1a9fbd3bf7883461078cec084faadea1a
EXPORTER_SECRET 7a023cfcc1ec5e107d3070a044bd55322009ef673bceeb614a2323402c348445 5047cdeca6675745799415654e053e046b1dcba4a8f5b5a85ac640da8fa5bbe9
CLIENT_HANDSHAKE_TRAFFIC_SECRET 7007021581a09aba710a65ad0f0dacdd66fe9bd0610e158bd07ae083b1815512 5a116a340827d0bb2527ef045cfb2d82e4031a3a57dc8e9a2c24af91bf5693eb
SERVER_HANDSHAKE_TRAFFIC_SECRET 7007021581a09aba710a65ad0f0dacdd66fe9bd0610e158bd07ae083b1815512 a761896261299f8047a58e51032e724f23b9e5a0a0beab50d53ce2cc278f67ee
CLIENT_TRAFFIC_SECRET_0 7007021581a09aba710a65ad0f0dacdd66fe9bd0610e158bd07ae083b1815512 13d0e3e3e8bc876d3fd8863f79db0c2e9d8403f3e99a46ec2c49d0fe360a6bb8
SERVER_TRAFFIC_SECRET_0 7007021581a09aba710a65ad0f0dacdd66fe9bd0610e158bd07ae083b1815512 635db2ba702880a391db517ff9c2aeb079f3f1657f1a9097f7ad2e595f853283
EXPORTER_SECRET 7007021581a09aba710a65ad0f0dacdd66fe9bd0610e158bd07ae083b1815512 517c5d65b40437c22f9656068a12f8fbd2e9b228d9dfa7c3f8621cef29c08216
CLIENT_HANDSHAKE_TRAFFIC_SECRET cf4c0f3c95d610cd2de04afb251d9369ca44a1cb00ca4fb43d16289c601f7b51 40a1e12555a54867faf2354239faa5e933c0ad9c1df3a226a3fcf2e4f54e80ae
SERVER_HANDSHAKE_TRAFFIC_SECRET cf4c0f3c95d610cd2de04afb251d9369ca44a1cb00ca4fb43d16289c601f7b51 d86228b61ed530a94f17d529fe5c00473bd5e76b1b8f945f2ab0843e347c5694
CLIENT_TRAFFIC_SECRET_0 cf4c0f3c95d610cd2de04afb251d9369ca44a1cb00ca4fb43d16289c601f7b51 72c8f72433790eb49aa42b0dd3986d32e770484d1014ba03e166c2d104f13239
SERVER_TRAFFIC_SECRET_0 cf4c0f3c95d610cd2de04afb251d9369ca44a1cb00ca4fb43d16289c601f7b51 3eef1b80e6c2a639ab7ffee808f867bcef65c2c4179ebd483fa2a081de10a58e
EXPORTER_SECRET cf4c0f3c95d610cd2de04afb251d9369ca44a1cb00ca4fb43d16289c601f7b51 f35a6bcae3675a0f8d499be4cc0998d8ecdcbab12a1026d6402bf70096ca67c5
CLIENT_HANDSHAKE_TRAFFIC_SECRET 3f6c9ffea0aa334341d6bf307eddcd2441c4814969ecd46f7e314f377799b765 c52b4dd0e4849e7d8897b15cfd710963e45f3ba58623761ad9b88fc9b0745195
SERVER_HANDSHAKE_TRAFFIC_SECRET 3f6c9ffea0aa334341d6bf307eddcd2441c4814969ecd46f7e314f377799b765 65298cb6ba4a1a8695e15a69fb7a405fc04cdfa56aae58a3cee32e9c10d438ec
CLIENT_TRAFFIC_SECRET_0 3f6c9ffea0aa334341d6bf307eddcd2441c4814969ecd46f7e314f377799b765 d7ea38b4e1b084235b49e495895e9df9ea4f09a1039e3ed350bb51d5c54ffec9
SERVER_TRAFFIC_SECRET_0 3f6c9ffea0aa334341d6bf307eddcd2441c4814969ecd46f7e314f377799b765 9d6e4b777c7c34c28a7e53e1b79645fed78fae22da78a782932837eb204c31d4
EXPORTER_SECRET 3f6c9ffea0aa334341d6bf307eddcd2441c4814969ecd46f7e314f377799b765 904be8de7cf3990f8bdada80a1429a2f653ea8e519b90209d7746869d996fe32
