CLIENT_HANDSHAKE_TRAFFIC_SECRET 976ddedab56a7a5971f44a3bb3c9b47f46d8d70cae3ca5284c2f7fe2645a105c 6f11d2d656b22f2daa136169dba8c7b7964da98e7fd7f63f6f0998280d371a0ca0c9a75f57e7b15b4f5dff8740f6418b
SERVER_HANDSHAKE_TRAFFIC_SECRET 976ddedab56a7a5971f44a3bb3c9b47f46d8d70cae3ca5284c2f7fe2645a105c d2cfa007bd1927da35a365c221fa7ef211b67dc2298e08e3200d11f8a6befb177e6b1b7ae2f4b38c6403667799f0d003
CLIENT_TRAFFIC_SECRET_0 976ddedab56a7a5971f44a3bb3c9b47f46d8d70cae3ca5284c2f7fe2645a105c 93e47db59f907d624d3a15dee2b03375dfa36df7d874a968786e1559d9568f678bd665c4a5de6c4e0ee170f3db7c3972
SERVER_TRAFFIC_SECRET_0 976ddedab56a7a5971f44a3bb3c9b47f46d8d70cae3ca5284c2f7fe2645a105c 46fc439fd6021b3ac3fe89201ebfa5ed938e7b33288e1ece95300f489ee7557f8a9be3b414a7bfae13b452713077a6d6
EXPORTER_SECRET 976ddedab56a7a5971f44a3bb3c9b47f46d8d70cae3ca5284c2f7fe2645a105c ee107c6cbe3f499c6d043731e9b5aaf9db88e96e0a4847d87ccdac0a6a9559efc9fe7490b6331fa4996608df9260845a
CLIENT_HANDSHAKE_TRAFFIC_SECRET 7d0fdfda5294eb85c2c8f846f869ae777c3f0a3c6eb83777a431ab86fe7953fe 803c3d2195c9afbf8b0b85a7e44702e565630c86876d95b71332ea497c820219dd59f11c2ee7b9c6768111e4cce6403a
SERVER_HANDSHAKE_TRAFFIC_SECRET 7d0fdfda5294eb85c2c8f846f869ae777c3f0a3c6eb83777a431ab86fe7953fe c43812a1e96bfd06e6d415b8dd5b248a2f4744eb28aee8cbd7d45552d972a43c0453e591384078381358037463a84859
CLIENT_TRAFFIC_SECRET_0 7d0fdfda5294eb85c2c8f846f869ae777c3f0a3c6eb83777a431ab86fe7953fe 02b995f4b08abcc0bce38734e5ce7f925a116a6cd50a34ff24dffb8b36445b7f52c7f42ea38aa179a54dae2be13d5467
SERVER_TRAFFIC_SECRET_0 7d0fdfda5294eb85c2c8f846f869ae777c3f0a3c6eb83777a431ab86fe7953fe 6564a164f8ed9a1d7630b7c8e77e4eb536d90cb2060d213ce8b7dc708b28f158eb1da5048e79fae0c97918022f18efa3
EXPORTER_SECRET 7d0fdfda5294eb85c2c8f846f869ae777c3f0a3c6eb83777a431ab86fe7953fe 0844a1a6231338ac29ccf839ade0c80bf8fd5620e262e7ae6891117d7d195384454c18c07e4cfbb4dca70f70b52dd6e7
CLIENT_HANDSHAKE_TRAFFIC_SECRET dadebf738322f6c41d9b465d7d35e6a2d9249e0ad6d28890876c568adfc0c650 2ab1639722fbf2afbae07e5a4fec99114c552809779325411782291d2799fd13
SERVER_HANDSHAKE_TRAFFIC_SECRET dadebf738322f6c41d9b465d7d35e6a2d9249e0ad6d28890876c568adfc0c650 3be21845c0eba312bac16de150281dd86aff6729ab2041fad15065558c6fae88
CLIENT_TRAFFIC_SECRET_0 dadebf738322f6c41d9b465d7d35e6a2d9249e0ad6d28890876c568adfc0c650 c0ce0edc4f45001c9bc810f6082bec35be63bc068058d2ea692868e0ecfe1572
SERVER_TRAFFIC_SECRET_0 dadebf738322f6c41d9b465d7d35e6a2d9249e0ad6d28890876c568adfc0c650 9f57e3de70fcf514dbf9d24cffa5197bc926e4a845d5fe1489b60ac75b189ce6
EXPORTER_SECRET dadebf738322f6c41d9b465d7d35e6a2d9249e0ad6d28890876c568adfc0c650 b6e12319c0c1b14c10a1aca4446c1d4f894611f657c214ecc4bb5f762c7e5ad9
CLIENT_HANDSHAKE_TRAFFIC_SECRET 78047cb68179d09e7ad6e93c4b5ab1a11c5f65f15c4ece877e8c01ce64c09a5a 2c1042f53a8356cef7c29cbc1814155a2f98bc9359dea0299a4198cc888f261c
SERVER_HANDSHAKE_TRAFFIC_SECRET 78047cb68179d09e7ad6e93c4b5ab1a11c5f65f15c4ece877e8c01ce64c09a5a c142da9fb330a4aa29177ed808642209ba2ce8402f36fd7f28d17e36a6aa2329
CLIENT_TRAFFIC_SECRET_0 78047cb68179d09e7ad6e93c4b5ab1a11c5f65f15c4ece877e8c01ce64c09a5a c9b3e9e6f6035b500c2571fba113e4017612a7192382de6a6b9b624c02a30c8d
SERVER_TRAFFIC_SECRET_0 78047cb68179d09e7ad6e93c4b5ab1a11c5f65f15c4ece877e8c01ce64c09a5a 70104f38ba297953841bff96fc25d36cc748877a43eb1691dde83d0e6472c905
EXPORTER_SECRET 78047cb68179d09e7ad6e93c4b5ab1a11c5f65f15c4ece877e8c01ce64c09a5a e1d86687db785b8c901f9c9cab81cda5abe67d3d03664dde05bd3c0ded5d3e43
CLIENT_HANDSHAKE_TRAFFIC_SECRET 8661c6b18142eadf065762fa2ca490320386534b0c036dd5adcba18f2e2612a5 88afc5f271d0fa0ac82c905fd6ebe07339fbcc49abe6deb91bcd59bdc259dfd7
SERVER_HANDSHAKE_TRAFFIC_SECRET 8661c6b18142eadf065762fa2ca490320386534b0c036dd5adcba18f2e2612a5 bf84fc4c52ca795b554487e255232aed6c63144e37eae1f0b0fc8562f9a0159e
CLIENT_TRAFFIC_SECRET_0 8661c6b18142eadf065762fa2ca490320386534b0c036dd5adcba18f2e2612a5 c21ae9f95f6195044bdb32b61924133cc9c028bd6950253cbd9ae2dd43b12d42
SERVER_TRAFFIC_SECRET_0 8661c6b18142eadf065762fa2ca490320386534b0c036dd5adcba18f2e2612a5 7cfaeed1c180d9b68c6a4728926cf05e2febe193f266f09bd2bf1159fdcb72a6
EXPORTER_SECRET 8661c6b18142eadf065762fa2ca490320386534b0c036dd5adcba18f2e2612a5 3065dc8cef8a5151748d7b483ffad557cc941b2187da66f58abcc36d96d2e436
CLIENT_HANDSHAKE_TRAFFIC_SECRET 58001ce936753951e2697c64c80662cf70e8e57f0d4831dd3ef843bbb401f461 9118d9c7f07f816c81e329cb71e3b9fd09252d611f400df2ce132ba55bb2bcfb
SERVER_HANDSHAKE_TRAFFIC_SECRET 58001ce936753951e2697c64c80662cf70e8e57f0d4831dd3ef843bbb401f461 3242ca6f05f28b90281d5f0c6ab90006fc301e4d8e70425fc200712c79ed5f9c
CLIENT_TRAFFIC_SECRET_0 58001ce936753951e2697c64c80662cf70e8e57f0d4831dd3ef843bbb401f461 29002b27e31dca6cf9d957c029b64a6e9664d49143ccb6e97b1cba4b8ffd46a8
SERVER_TRAFFIC_SECRET_0 58001ce936753951e2697c64c80662cf70e8e57f0d4831dd3ef843bbb401f461 b5b2ddb16cabf97366148d7173ef396b6eeb40ea31c5af47b0e9c114e95a0ad9
EXPORTER_SECRET 58001ce936753951e2697c64c80662cf70e8e57f0d4831dd3ef843bbb401f461 f18039a1215dbba087d72b6c2fc159ec055ce8231b180c90b60c858c523e3791
CLIENT_RANDOM 25455f82af79a8fb76797d4ba7052ab46f40918116e8f65b6e5924a1f771c11c 7453742521e357dec5f251c36d7dc5db524ab620418851157d3569f8f99ec3e2b3b79958921e1cbb55bae0022e2d2ed8
CLIENT_HANDSHAKE_TRAFFIC_SECRET 36c0ddb1f340d99ecf55d246d64434ae65f0c42aea9f413ad77ab25fbdd7a886 34f76abe71e80a297fb35e33df0b51e2afc9bdf5674d99e5f80aba920170ff824d7bdd5812301c1eab6ed719fc50fb5b
SERVER_HANDSHAKE_TRAFFIC_SECRET 36c0ddb1f340d99ecf55d246d64434ae65f0c42aea9f413ad77ab25fbdd7a886 47ccc8921c646aeb0b3fc0de3035ec08181b82e07a6aba54006432af6576ee7eefd8dc9a4150247200c26f8ee5eeffa3
CLIENT_TRAFFIC_SECRET_0 36c0ddb1f340d99ecf55d246d64434ae65f0c42aea9f413ad77ab25fbdd7a886 8cc09e380385008568201a158d1f787850b8be93c2404276dae89c14ad886a0f9d3b207f74fd8144ed1aaea52cb98580
SERVER_TRAFFIC_SECRET_0 36c0ddb1f340d99ecf55d246d64434ae65f0c42aea9f413ad77ab25fbdd7a886 14b211f5bc8c5feb56b0c00247c81f520a8f3c3ec300a5901c81ce7c9f6bb60ea03139307dedbbb101dfa4254388c9cf
EXPORTER_SECRET 36c0ddb1f340d99ecf55d246d64434ae65f0c42aea9f413ad77ab25fbdd7a886 dd7dd0349052f75a1d4d294fc182f417445f42937491bc1badf959a8d9678e5a4071710841033625a489f548e56517f8
CLIENT_RANDOM 2f45e8a05167df8e1aa5e8deb26ac9d913cd609cb3283a5285fc541adb84927f f15bf3c38392f1f02b75b177d4c1c173c5a86c455b90149481f668da301b257f50530c6c8b4b3c9afb5d1a14d4a27c33
CLIENT_RANDOM abf4bfe482bdf04785c9e15a7ea2afddcb934db90be6b852ca4ce539d91c663d a05cc3f4d59038a2a60a546f393103968808b4fe8449b209754e270ce7996af365be257a090ff452c5c2410c6d687398
CLIENT_HANDSHAKE_TRAFFIC_SECRET 9db1b3801441e244b85f8a7e5cab74d39932ead38075c55a20d1378844119b27 ca8767c7b4f53051ebfa9e18daf1324acafac821afaad34eefdd1f72c6d70d1c
SERVER_HANDSHAKE_TRAFFIC_SECRET 9db1b3801441e244b85f8a7e5cab74d39932ead38075c55a20d1378844119b27 56998e19a59e7d7f37c759532ccf4e31ab608f1a200be37a194fd83c3380945a
CLIENT_TRAFFIC_SECRET_0 9db1b3801441e244b85f8a7e5cab74d39932ead38075c55a20d1378844119b27 ea55f495f0a4e10a2342438af8909d5cbc19e1e4442380ab81b04ac1943a6dca
SERVER_TRAFFIC_SECRET_0 9db1b3801441e244b85f8a7e5cab74d39932ead38075c55a20d1378844119b27 cfdd0fb3b58ee6622f95ffa282d9a06aefa69e622c8baac3616a34f260b4e872
EXPORTER_SECRET 9db1b3801441e244b85f8a7e5cab74d39932ead38075c55a20d1378844119b27 b0e47b31492a22f78f15cfd17c95e42f192f2a10137b34bc87cf1ad0e41a50f8
CLIENT_HANDSHAKE_TRAFFIC_SECRET 078b7059c4c2b62d9966d7a4998c25a9d59635a4203a5bc4a6800e55ae7e5d15 1d4f9e9b9a992919900329de44f8b9a0a9222de294fc9ca5b77adb913d1c2118
SERVER_HANDSHAKE_TRAFFIC_SECRET 078b7059c4c2b62d9966d7a4998c25a9d59635a4203a5bc4a6800e55ae7e5d15 fe52b9a978cb04e7c8d2b477480c07a2531478203d3fd085ae751d436105cc93
CLIENT_TRAFFIC_SECRET_0 078b7059c4c2b62d9966d7a4998c25a9d59635a4203a5bc4a6800e55ae7e5d15 457ea7ce3c5448398cd5fdb4d1e9e1032ac5efff13bdb8e296e2242cfd81e90c
SERVER_TRAFFIC_SECRET_0 078b7059c4c2b62d9966d7a4998c25a9d59635a4203a5bc4a6800e55ae7e5d15 e77dcabb4faded3982c29e8db2cad9cd20be943d2f887cdd0e8bf38804c637a2
EXPORTER_SECRET 078b7059c4c2b62d9966d7a4998c25a9d59635a4203a5bc4a6800e55ae7e5d15 8efb375f6cb3c47183d275da726afe6204c1972d07db6ae82bad292c61a75c2c
CLIENT_RANDOM 3658c8920de264581afb30c8a418d2f15835fea3c7f0e5b1f2bf3d8a2485f3dc 217e94ba41834a4ba9eb799d3a76da1b29860daf3a4497c02cbeb6c38eaa202aae3459ff8417c876379566a126896cc4
CLIENT_RANDOM 9d5bcbf4274349c39817053079a8ec37492e2a3b1559d516beeda9a3207f194b 7923d1e7ac58beae4b442fbd71d0fb843eebdfdd40c3febe54070b1c29272819a8da4c2f18dc8bd80c7b99e012771a4e
CLIENT_HANDSHAKE_TRAFFIC_SECRET ba06ba0f5d359c993360a200261675afd11e51081cfe7f36cb4be60c6ae99b1d 5a97d7baaf39c4d50ae22d70cb515c68e5e848a5fd8534e11906e7e3b84c1f2c
SERVER_HANDSHAKE_TRAFFIC_SECRET ba06ba0f5d359c993360a200261675afd11e51081cfe7f36cb4be60c6ae99b1d 57a0d540fd3fdfb41abfa94f0078b22b7dcbf7669df7b7779870ce14029aaa0e
CLIENT_HANDSHAKE_TRAFFIC_SECRET 8181386e8b799f804d97134541ab8707ba2b78f25c3586b4a12244350457995d 89b4c9946e0112721c34995f51f3f831b3fd3c28a0cf9160b8cd8bc8e56628b0424288f9b1c2bef352fe1decaa4f67c9
SERVER_HANDSHAKE_TRAFFIC_SECRET 8181386e8b799f804d97134541ab8707ba2b78f25c3586b4a12244350457995d cb511abdc051479d0ce71f03cce1276310291f804afe42539e67cdee4e1548cbae7a1a1d6608867b04c6cf4af62b28d4
CLIENT_HANDSHAKE_TRAFFIC_SECRET a48fd4245ea4982f7433788df7688100a84b2005db54d64aa1e337ccf2879a23 3ba5d6d7a23674c8bd727cafe3b8d1b623e20cca608a4aecb3addd318ce7b693
SERVER_HANDSHAKE_TRAFFIC_SECRET a48fd4245ea4982f7433788df7688100a84b2005db54d64aa1e337ccf2879a23 8e3cfb234835bc18e085a4227d1c892e48ebac76082b1a908b383ddc8fce654c
CLIENT_TRAFFIC_SECRET_0 ba06ba0f5d359c993360a200261675afd11e51081cfe7f36cb4be60c6ae99b1d 4d2a935dbedf5078c90ae6951915fa6b5afc083d2f600d47dc7e3af6ba978db5
SERVER_TRAFFIC_SECRET_0 ba06ba0f5d359c993360a200261675afd11e51081cfe7f36cb4be60c6ae99b1d 317f26efb42ac53e0042cfda5001b6bec3bb0eee9c4becdf29866e0408496152
EXPORTER_SECRET ba06ba0f5d359c993360a200261675afd11e51081cfe7f36cb4be60c6ae99b1d c7237ee54bab73356f08eef1bf96be9a47d36445755a873270e05a4b2a96de5d
CLIENT_TRAFFIC_SECRET_0 8181386e8b799f804d97134541ab8707ba2b78f25c3586b4a12244350457995d a493328fd30ff8ab67371a2e6c794f62fecee58b0decbd46f185e9fd00c2506f136696ad78ccbdc89983c94139708071
SERVER_TRAFFIC_SECRET_0 8181386e8b799f804d97134541ab8707ba2b78f25c3586b4a12244350457995d 06740767a1a6790f8ce40f3f4a09ed744d9eb2cf767cd0d9e090a1d2750af89c8cbbe6d54cc2c1074f5f233b57529b93
EXPORTER_SECRET 8181386e8b799f804d97134541ab8707ba2b78f25c3586b4a12244350457995d 83fda7182033e1070420f521b1e3f798ba2e40b50768d03c2e75b07a20c39f5d2b4b657d8dd8d643cb01b3c8b9684766
CLIENT_RANDOM ecf626508678d175ba10749da2ec0d5aa1f1bd0d2e2b55f7f7f6d2c94b840c86 d6ede2f38c913ee453ac00a8f28e6f728f4c8ba52c6f4f96c33259472c23a44d496d9af9781243da5fd4c978ef0cd7e8
CLIENT_TRAFFIC_SECRET_0 a48fd4245ea4982f7433788df7688100a84b2005db54d64aa1e337ccf2879a23 83c421f7b34720df87bfac545448aea0c509864c6133f0915aecd246c518f5c9
SERVER_TRAFFIC_SECRET_0 a48fd4245ea4982f7433788df7688100a84b2005db54d64aa1e337ccf2879a23 310e8692a586164517e26dfb7ef3325dcdf1c639335ff6edfc6443c041ba3fc3
EXPORTER_SECRET a48fd4245ea4982f7433788df7688100a84b2005db54d64aa1e337ccf2879a23 a7afdafb11b837ba7832b2813079cf029f9b05e23397ea9103d540d0ad243087
