CLIENT_RANDOM d1869e68f98de0b41b8d57de907b06aa006fcb876bf322b534c051f905b93a71 de683b4ceb75e81c00b2e4af462ca629c6a448d9f7ea66435b9519b06c6b3b347866e2c40d4c148a0ec1118af030a144
CLIENT_RANDOM ad66e35dfcdf00ca8a6df7357663c7190ce85a335973f99ab168187206568603 29d324efcf033dcb81e9fe4b215d28a5ccf5f1034327d573cf583fb2a4be6a1a729e3b6c0468b442452c5a56f392cb78
CLIENT_HANDSHAKE_TRAFFIC_SECRET 0b8d991d4efdb76aa17462f9004669f4b039d19d15f56bf9530dcc56dd357dc8 420a253cb20e00eab8d03eeaab00b455e396a7aed5f840abd5103452739226de
SERVER_HANDSHAKE_TRAFFIC_SECRET 0b8d991d4efdb76aa17462f9004669f4b039d19d15f56bf9530dcc56dd357dc8 526e6df4a48c7d8bb59137552db5af22c55de35faca36cf971b895e7bd809f9c
CLIENT_TRAFFIC_SECRET_0 0b8d991d4efdb76aa17462f9004669f4b039d19d15f56bf9530dcc56dd357dc8 7d5f82cbff58a5de007a41790fdcf318390c9ccd5a9cdfc691c63be10f95a2c1
SERVER_TRAFFIC_SECRET_0 0b8d991d4efdb76aa17462f9004669f4b039d19d15f56bf9530dcc56dd357dc8 4c9c77f833f438c605610c7610de38518f1eb4e109e45fc60656d967d954ae93
EXPORTER_SECRET 0b8d991d4efdb76aa17462f9004669f4b039d19d15f56bf9530dcc56dd357dc8 fa5049837cda8f86c277a13c76444174ae9bcc8e204cb4070ec0dd16b371b31f
CLIENT_HANDSHAKE_TRAFFIC_SECRET c713fe101034d0a6b9acc50bf1c8907619309e4553918939d88620a3ae96cf50 d3d894273b2a461347669386a19331ee70648321c69ad2dc06367b955f3e1661
SERVER_HANDSHAKE_TRAFFIC_SECRET c713fe101034d0a6b9acc50bf1c8907619309e4553918939d88620a3ae96cf50 7e7f6f8bc006d648726554247125de7f0fabfbb0b7d828ede19ac194bb937d73
CLIENT_TRAFFIC_SECRET_0 c713fe101034d0a6b9acc50bf1c8907619309e4553918939d88620a3ae96cf50 9c380bdf277b5763685a9fdbcdfd3e26da569884242a8dc2919b0c3e5b4fd84d
SERVER_TRAFFIC_SECRET_0 c713fe101034d0a6b9acc50bf1c8907619309e4553918939d88620a3ae96cf50 5eed812ccd2be8daf918e787a0e9e7e7bffa6ec759385563bc23ae26f0394b59
EXPORTER_SECRET c713fe101034d0a6b9acc50bf1c8907619309e4553918939d88620a3ae96cf50 1a136ee9cd4d4209cc2bc38864b161678be364423df00a656bf31cc362afb50e
CLIENT_RANDOM 824af03ee41512e6c875cc8da4f967187915cb735b0246a1d2746af678bbb20d 743005a63b643557b35c7cc036d67ffdb9638a2e5a35c739f97263f7fe1cd962039885b6767a9d982c97805048a2e845
CLIENT_RANDOM b6a6503b3a0cfef4bdad409b74a6fbae55a8b89e3307ed31d85547245d216b41 10b232df9d25d81a57fd4292303aafd445046bdf1a0668a9aadba15085a155c7b3b9a37a90474c0d06fc0464e7d645a6
CLIENT_HANDSHAKE_TRAFFIC_SECRET 5bed1ebf567314017628ed6c03905de90cd2c5d24ca8401d96d98fe22ad64819 357b2f5847da7487e95316e9382ded0f3fcef3f1b2c0db4f40dd2451734de5ba
SERVER_HANDSHAKE_TRAFFIC_SECRET 5bed1ebf567314017628ed6c03905de90cd2c5d24ca8401d96d98fe22ad64819 1239093c6de3a62610fd4fb9aeffaeeef5db7368d1db266fe30a5b31d82e2ee0
CLIENT_TRAFFIC_SECRET_0 5bed1ebf567314017628ed6c03905de90cd2c5d24ca8401d96d98fe22ad64819 1fc2eb7d0227e1c2a0039ae85f44189f76caecc9b7899d5a06b839ec67363f7f
SERVER_TRAFFIC_SECRET_0 5bed1ebf567314017628ed6c03905de90cd2c5d24ca8401d96d98fe22ad64819 468065a7e477d0398a3096f4ed54e8505e7d96ee8554d74823298ea5b4751d82
EXPORTER_SECRET 5bed1ebf567314017628ed6c03905de90cd2c5d24ca8401d96d98fe22ad64819 ee947fe44c2a5ef8d6a3e26cdf8024d9bc48749df222138a9fe12837f026ac39
CLIENT_HANDSHAKE_TRAFFIC_SECRET a436f4fec9f2b6ca7af6e154443ae5574d74444770f0ee66674c0e4b6e134ea9 a8fd4a71bad4520c96225ddc73fa08485416a58074130423bace1f238c33c091600af55d99c8187e2479ce1e4967ad43
SERVER_HANDSHAKE_TRAFFIC_SECRET a436f4fec9f2b6ca7af6e154443ae5574d74444770f0ee66674c0e4b6e134ea9 0c20b74b5839ee4298df673a3aee819e1e4fcce5f83a1f1e6e63a909a8278544fe4daf88a7355c200eb9229a73b606b8
CLIENT_TRAFFIC_SECRET_0 a436f4fec9f2b6ca7af6e154443ae5574d74444770f0ee66674c0e4b6e134ea9 72780881e98f378f384186232382f01b8444d7258390fb29b86f6ae054cb29ef63682df219a3cf93ad4010e1eedd266d
SERVER_TRAFFIC_SECRET_0 a436f4fec9f2b6ca7af6e154443ae5574d74444770f0ee66674c0e4b6e134ea9 927361187c8ac862c445aab6ef02f71197595eeb3d72e104627097ae79dbc40c0289c32890eef03ce012b27c67409351
EXPORTER_SECRET a436f4fec9f2b6ca7af6e154443ae5574d74444770f0ee66674c0e4b6e134ea9 2b11d26a670cf7285712a91bb01cd38bdd27f8c385bcce4eef508da06c0aaaead73af27529194549cf5e0d8a7ac8c1a8
