CLIENT_RANDOM f9903476f43004a84b9f79a795d4dd03301ce96a563354c52c57df79e54211d6 1be5121f2e21c7a8bbcff2af750f8dc22b6117594f203f7997a7fd68f94b88e36b177e7a744cabb2e5d263c139e3fd26
CLIENT_HANDSHAKE_TRAFFIC_SECRET 881609725bcfd34aef61e2f651016504f96f1fa157a4bacfeafcf7b517bc016b f207468b0655795eec2dc0fdce34d47670adeb150359986b938d1fdaec5f87ac
SERVER_HANDSHAKE_TRAFFIC_SECRET 881609725bcfd34aef61e2f651016504f96f1fa157a4bacfeafcf7b517bc016b 9b035c3a17e82fde673225e5cce029fcecc030c4f9e4b819489d8208451cd01a
CLIENT_TRAFFIC_SECRET_0 881609725bcfd34aef61e2f651016504f96f1fa157a4bacfeafcf7b517bc016b 335acb347b71ecd261279ceed2d609c51c62243a55948a0b50c1927ccb4e2124
SERVER_TRAFFIC_SECRET_0 881609725bcfd34aef61e2f651016504f96f1fa157a4bacfeafcf7b517bc016b c31d27a6d519b3b87de28850894b7abaffc08e603728f3fec522917d8dfb2700
EXPORTER_SECRET 881609725bcfd34aef61e2f651016504f96f1fa157a4bacfeafcf7b517bc016b 7c23d958e6069f882b83e2cbfda0e73b8865d5e448db3ca2bfdcae012be3ff7b
CLIENT_HANDSHAKE_TRAFFIC_SECRET 4c47432660d722d4fbc455db287c745c3d8bcb1a0905eeb7ee0455d3559ca63e 7c53ca53f4ed8fa7cd8a9e037c6a9110238c4179169d1204b7b33fb3d111c162
SERVER_HANDSHAKE_TRAFFIC_SECRET 4c47432660d722d4fbc455db287c745c3d8bcb1a0905eeb7ee0455d3559ca63e e96825859b2f78f0d8c60c6642aec780dff27e04ccf121926b2c63ec1e48ca5a
CLIENT_HANDSHAKE_TRAFFIC_SECRET 40cb17f6c7fb60b1886af6e9d2ae486afd7c58f972d36c5cb0931448d263ca43 ede2241f89210e5487db5ea2176d796ec66721d085078e7b738c725d7b27b193
SERVER_HANDSHAKE_TRAFFIC_SECRET 40cb17f6c7fb60b1886af6e9d2ae486afd7c58f972d36c5cb0931448d263ca43 342237d70b0860cf3a26d5cd9c19b07363cf96c9cd7d34b40d1831cfda8f1ceb
CLIENT_TRAFFIC_SECRET_0 4c47432660d722d4fbc455db287c745c3d8bcb1a0905eeb7ee0455d3559ca63e b4a16fa9336cc7ef5a6391b33e8c71b9c3a6e8b03b21ef85c69b9b652cc5c1c3
SERVER_TRAFFIC_SECRET_0 4c47432660d722d4fbc455db287c745c3d8bcb1a0905eeb7ee0455d3559ca63e 2e9205761596a6741a4d09676ae492d18b777ba88aafb5b5ab6a3ddb2ae00831
EXPORTER_SECRET 4c47432660d722d4fbc455db287c745c3d8bcb1a0905eeb7ee0455d3559ca63e b1289c9173a75a0a381d71cbf2588bba39ad0af10433563f038696db586230f7
CLIENT_TRAFFIC_SECRET_0 40cb17f6c7fb60b1886af6e9d2ae486afd7c58f972d36c5cb0931448d263ca43 e3ececf69d7bb6f1cc97676b916075aeff739f24bdd14d67e92696a762fedc1d
SERVER_TRAFFIC_SECRET_0 40cb17f6c7fb60b1886af6e9d2ae486afd7c58f972d36c5cb0931448d263ca43 71b5c20c4f817b1d8c5d8654d24dc804c8a605f75181460adfda2c8d1fd6c3bd
EXPORTER_SECRET 40cb17f6c7fb60b1886af6e9d2ae486afd7c58f972d36c5cb0931448d263ca43 4c0988c22cc4899fabf86cc4664d0f000229a05464ba2004101561144c7fbedc
CLIENT_RANDOM fd23a6093e22f14c095e0216de419888f277a1034f051a47e997461d5d16ad2c 3fd100fe2c86d48812f5d9c215456e14b64d09f9d767182c1f4a13f4f54e93778e3a4bbe079eac0558e2fbbb47c0d1cc
CLIENT_RANDOM a9dbef16c0c4aeef09e9034dc34cdc949a6b648034a2fe2f8af37d8b0a7b711b 13cb98125c3ac584e346482b6125aa54f4355c6d3c34c17dabf55ff20982ad8a7665011d037d1823927ed98587768467
CLIENT_RANDOM 979a58b13dab0bba88adc793a0c2719d7d9b8232cc4ff1277e57fd194a8bc214 0289d80449224b8dda55bf00535da6d0775a90e8b3e10993232eebfd447dde46cc3f059a4b5416ccc1116d7d76824cb7
CLIENT_RANDOM 594a1d57c595b65ba0d7d123d527f6f2fbe22ba62cff2d5d83161f7e157d47bd 95fc8395a2747451c09027fb643da2c791e03f109219a6851e58e0975aeec45a864b72cd8bd8cda2eefdd792c422ea4a
CLIENT_RANDOM d500129e355f9ccd3e8ba55bbae3e84713180d61a76c2b42bbf1634e346268fe 80df52772423be217b8c4d9a2e5b6e70c209c99a9c01765d8436d66833afc65d4d43e45152b826f727e12a649b14cd62
CLIENT_HANDSHAKE_TRAFFIC_SECRET edde5c09e9eefb57981707eb65a7e26048924eb959716aea05c315a32c6ad76c 7af68803acf320a44b44f18b181c8074c8eef7e9744ee18aa8f829fa1bf76085
SERVER_HANDSHAKE_TRAFFIC_SECRET edde5c09e9eefb57981707eb65a7e26048924eb959716aea05c315a32c6ad76c 5196abb4296a7afc246184f2bcf113c739e2b3dc19a718fd7737123789c99a80
CLIENT_TRAFFIC_SECRET_0 edde5c09e9eefb57981707eb65a7e26048924eb959716aea05c315a32c6ad76c 76325ebdeb46dcfa24eb846aacec1c0bc611f17edf6f8346f72aef7d84657d68
SERVER_TRAFFIC_SECRET_0 edde5c09e9eefb57981707eb65a7e26048924eb959716aea05c315a32c6ad76c f28457f972a7b90e1c0239bb86bddb4386edcabd87507afbe70d18b92842b4e0
EXPORTER_SECRET edde5c09e9eefb57981707eb65a7e26048924eb959716aea05c315a32c6ad76c 85cf33ac965f516f628494e4a06a0502a01a0f7d6c32c17cbf63ca83c76954db
CLIENT_HANDSHAKE_TRAFFIC_SECRET 47dcbe5df5ec9e59b7695b81b8cb929c4040e70faa0ca6885621cbf7512c11ef ae0966f3cbced0ad55de0f5775f8cd318cb566a697d2d1ae5dd0a35e13aad261
SERVER_HANDSHAKE_TRAFFIC_SECRET 47dcbe5df5ec9e59b7695b81b8cb929c4040e70faa0ca6885621cbf7512c11ef 678d13453144a00525278c97bb06c8d1dc8f71b16c1bb994dceb4c8dec114534
CLIENT_TRAFFIC_SECRET_0 47dcbe5df5ec9e59b7695b81b8cb929c4040e70faa0ca6885621cbf7512c11ef 3e2e8231a79c434e4eb77ac8f66fff31f28e2cb6ec22a481f854cdaa5ae1c6ea
SERVER_TRAFFIC_SECRET_0 47dcbe5df5ec9e59b7695b81b8cb929c4040e70faa0ca6885621cbf7512c11ef aa0463c597dcd57fdd79cb908aebfb48848490d8aad4231a81167b90c0e32e12
EXPORTER_SECRET 47dcbe5df5ec9e59b7695b81b8cb929c4040e70faa0ca6885621cbf7512c11ef c71f6a4a8a1e925bdb81e49cc2eddfb3e387eeb26d19466ec431132606d34662
CLIENT_HANDSHAKE_TRAFFIC_SECRET 784c5de9b6410dac7cde9f207c6910c25cb8b9f663189f5439ffb6b7de52adf3 1542b6e4ee2ea40af8a4800cb71cb55923507fd78031827884990cf791e57ed7
SERVER_HANDSHAKE_TRAFFIC_SECRET 784c5de9b6410dac7cde9f207c6910c25cb8b9f663189f5439ffb6b7de52adf3 6c5d12fe2efdbfc4614e3242807cde46d53e9439eedc220654a33abd0eb62cb9
CLIENT_TRAFFIC_SECRET_0 784c5de9b6410dac7cde9f207c6910c25cb8b9f663189f5439ffb6b7de52adf3 47daef40b5e86852716cf15b8823fc6b42c301090430fd656b4dbf45e5683d67
SERVER_TRAFFIC_SECRET_0 784c5de9b6410dac7cde9f207c6910c25cb8b9f663189f5439ffb6b7de52adf3 1c43a5d6a179263f85db64b17294721845058559a4654f1c45055fa3193b1b8b
EXPORTER_SECRET 784c5de9b6410dac7cde9f207c6910c25cb8b9f663189f5439ffb6b7de52adf3 171e3236204d8b3094f8684fefb65e894e7b919599704f645ec31aa2461f8a9b
CLIENT_HANDSHAKE_TRAFFIC_SECRET 5438c8ed151b11cccf8764fcfe1ce5d4c3c4f2b020b3e48cc765266c0f4b4d3c 329dffc80ad524c4014063beed845dd9c9d113bb53cb4d2588dcf70b36fde130
SERVER_HANDSHAKE_TRAFFIC_SECRET 5438c8ed151b11cccf8764fcfe1ce5d4c3c4f2b020b3e48cc765266c0f4b4d3c d7a0f77398ab32b1219c2642397dc0844347ff115bbfef1bb0ee1c2281cc913d
CLIENT_HANDSHAKE_TRAFFIC_SECRET 7ef356ef2a1ff34b6dbff97c6c73135401570ff6457f2a71f76d2cc342f4cd0e 9e5ac5a66b07d380c62d5bbc1e75713bc01ffe498e5ff03a111661387f9a58ec
SERVER_HANDSHAKE_TRAFFIC_SECRET 7ef356ef2a1ff34b6dbff97c6c73135401570ff6457f2a71f76d2cc342f4cd0e f8b245e4b3da2330c17b80887e3b709d9d88767f988101be9d7ced2d3492b0be
CLIENT_TRAFFIC_SECRET_0 5438c8ed151b11cccf8764fcfe1ce5d4c3c4f2b020b3e48cc765266c0f4b4d3c 8c3e1c8780b2116a4d70149a7394be73f0b2f5a203b6662600de871646daeb79
SERVER_TRAFFIC_SECRET_0 5438c8ed151b11cccf8764fcfe1ce5d4c3c4f2b020b3e48cc765266c0f4b4d3c a0d682cc30754858194b25dc47bae92afc52ac8d00cd7bbd11a58053767fc9a0
EXPORTER_SECRET 5438c8ed151b11cccf8764fcfe1ce5d4c3c4f2b020b3e48cc765266c0f4b4d3c 63c7633f36d96e07ca49c59c57ea872564e3db7d49ac3ca680b5e304355b214e
CLIENT_TRAFFIC_SECRET_0 7ef356ef2a1ff34b6dbff97c6c73135401570ff6457f2a71f76d2cc342f4cd0e ec4d657b96304efb5a910103ea7bd7d949e103d0d547d0500bf4e01cdcbbfee3
SERVER_TRAFFIC_SECRET_0 7ef356ef2a1ff34b6dbff97c6c73135401570ff6457f2a71f76d2cc342f4cd0e 024244aaa8e149d2d90f49742cb3e48cc22a943199f8bdf230a96f0773049929
EXPORTER_SECRET 7ef356ef2a1ff34b6dbff97c6c73135401570ff6457f2a71f76d2cc342f4cd0e 380e89755a1ff05184beb789a8d113ecceef196454a7f0584d89ff03f228ee24
CLIENT_RANDOM 3048f2f972979866d21d1bc36b95d95470d1b2392006f87a777e77cbdc416022 327651d3d2c5c51fc614c96b8d6df2a34862d8181c9b79d38673a3c33342011386a5ff28175e7d3b6c4f4409bf224078
CLIENT_HANDSHAKE_TRAFFIC_SECRET b50a9e59d4410e3d15b62132f584e09c7ac3da088fc69781ec0b7ecad6377040 0872258aeb8fc4d409dc948251a7109cc788ece1dfe87dae2fe4a938dbcd5887
SERVER_HANDSHAKE_TRAFFIC_SECRET b50a9e59d4410e3d15b62132f584e09c7ac3da088fc69781ec0b7ecad6377040 69c8b70d953ed1be7f4d0fef24b60ef0babe9320c0b193b20850f54dbef731ae
CLIENT_TRAFFIC_SECRET_0 b50a9e59d4410e3d15b62132f584e09c7ac3da088fc69781ec0b7ecad6377040 306eb4e9f60aaf4934379bf942d4394be4578e6eac49d312537cf2f0e82a2921
SERVER_TRAFFIC_SECRET_0 b50a9e59d4410e3d15b62132f584e09c7ac3da088fc69781ec0b7ecad6377040 42ff588b1ae3aac0a5150496d8c858d6e6d571d41f7d807198b75f1cbcf7fc20
EXPORTER_SECRET b50a9e59d4410e3d15b62132f584e09c7ac3da088fc69781ec0b7ecad6377040 ba35d7a299f25493ae3a4115534d7c8ad97c85dcfdb594a9dcbc9229daeef10d
CLIENT_HANDSHAKE_TRAFFIC_SECRET 81d41bb1976cf304d89a2af1b556265f7e967905606c8c5ceb4c2555735d2e6f 6f91937edc19746efaab82a93d4eb3cfb1858da4a8bec4e6a9591c5cae53722b
SERVER_HANDSHAKE_TRAFFIC_SECRET 81d41bb1976cf304d89a2af1b556265f7e967905606c8c5ceb4c2555735d2e6f f45ac2d6205fc475c1f17794722779104f99a2d633246db5400cdd8dda39bc84
CLIENT_TRAFFIC_SECRET_0 81d41bb1976cf304d89a2af1b556265f7e967905606c8c5ceb4c2555735d2e6f 1147b42d743eec8b84526998312fff67ee88d593130825fecc2aad51d7ce75f2
SERVER_TRAFFIC_SECRET_0 81d41bb1976cf304d89a2af1b556265f7e967905606c8c5ceb4c2555735d2e6f 1b4a51bd27f4993cf574c08fef1ef0d942ede3037936766e15d4bc6b45e93a77
EXPORTER_SECRET 81d41bb1976cf304d89a2af1b556265f7e967905606c8c5ceb4c2555735d2e6f 295532022792eabccd39a13601341e569177088eb8e635f1ca72218213ff8507
CLIENT_RANDOM 6088752944d656fa560f77a6282f40f31589546952c8f702f5941e5cd7d16e58 24338a2170eb48ea956629899dbe526806646149deca356ed6c483733f88eaa5237007fce128bd78ccd6e44b10e7749e
CLIENT_HANDSHAKE_TRAFFIC_SECRET 1ae919832b1b89ab5fbd334611baed2a15bd41998fc0a7f3f439b3511af11ad1 ac05a3858295e7e6a71e88d9fdf7bb71be4b0d7b049166cfab3de235e531ce9b
SERVER_HANDSHAKE_TRAFFIC_SECRET 1ae919832b1b89ab5fbd334611baed2a15bd41998fc0a7f3f439b3511af11ad1 e0837eaff51ca44225942619afd551c75f484cd618e6a4a498ef1d09d2a65e60
CLIENT_TRAFFIC_SECRET_0 1ae919832b1b89ab5fbd334611baed2a15bd41998fc0a7f3f439b3511af11ad1 ae605fa605e53b9294e9ad9b0305be5b2b62c622afa0bf91e66577c3d775c356
SERVER_TRAFFIC_SECRET_0 1ae919832b1b89ab5fbd334611baed2a15bd41998fc0a7f3f439b3511af11ad1 88e71931b1ab34f172dd839323dfc3b0cdd1bcb332135fe354ee3ba2d0b2b176
EXPORTER_SECRET 1ae919832b1b89ab5fbd334611baed2a15bd41998fc0a7f3f439b3511af11ad1 e7a828c0af8b2bd626bd8a8ff8f351fc3a979eb68eb4f97b41ea86134e0864b5
CLIENT_RANDOM 3879359502fbd11a094bf9461c2ce80f45eb933461cb2d3788085456cc24f55c d4fbb86b11f33284f326122b9e13f83f28dbeed970a270876a94f6b95aa97296711742c852832979ccc5103305ff9953
CLIENT_HANDSHAKE_TRAFFIC_SECRET 63578ca8ad04cab0e00b7ced83fbe51ad734a785365d92d9dccfbfd106483caf a5e708cb7d06707738564e6689daee1dbfac2918bc3a76a335f504195c080391
SERVER_HANDSHAKE_TRAFFIC_SECRET 63578ca8ad04cab0e00b7ced83fbe51ad734a785365d92d9dccfbfd106483caf d17e25d2ce1b36c3e4f18fc5a25b0ed94a1d435cc16deab006017ce7072b8869
CLIENT_TRAFFIC_SECRET_0 63578ca8ad04cab0e00b7ced83fbe51ad734a785365d92d9dccfbfd106483caf 66dbb99fba5a464ce8a63b1ea0fe5c9a85ab83a97a9ee4b57e7e3c89da4df6f2
SERVER_TRAFFIC_SECRET_0 63578ca8ad04cab0e00b7ced83fbe51ad734a785365d92d9dccfbfd106483caf 8b02db95744abbdbad94b3aa110db379ce1b76ce5b3ebea8e347b5acac8f1c1a
EXPORTER_SECRET 63578ca8ad04cab0e00b7ced83fbe51ad734a785365d92d9dccfbfd106483caf 49d1351fe38bd19adfaff2c3ca242c4f7f39933d08107b951476ffadfe55636c
CLIENT_HANDSHAKE_TRAFFIC_SECRET df99aa8fabe6b81f95af93d50713a173c97cd85063c82233a171ab607b164356 64c84e866bf481e7d69c62d2b182d3c1417266609a368588efb9dfe186d352fe
SERVER_HANDSHAKE_TRAFFIC_SECRET df99aa8fabe6b81f95af93d50713a173c97cd85063c82233a171ab607b164356 9652f52953ca0b638ce4d26d2e7e97542189be140c0efd251d393d511cb8df4e
CLIENT_TRAFFIC_SECRET_0 df99aa8fabe6b81f95af93d50713a173c97cd85063c82233a171ab607b164356 a9decdc123d3a2fcf0de6ce9652b58475de113fb1464386c923b3e4664a69cc3
SERVER_TRAFFIC_SECRET_0 df99aa8fabe6b81f95af93d50713a173c97cd85063c82233a171ab607b164356 221b45f4058af56e8d25cfabac6b879567e36714ef693cd488f4e96589e7dcaf
EXPORTER_SECRET df99aa8fabe6b81f95af93d50713a173c97cd85063c82233a171ab607b164356 33773bd8565fde75d3aa40169198cfabea7f8b8c9a70d383c48c7fd6e7c82059
