CLIENT_HANDSHAKE_TRAFFIC_SECRET 7c6a1be09fecedc5e90f39bd7b2efd0a25e25e75c5fc4aed1de53541a81fe896 165847aa181dff782c6f1bb26d03111caa1e43e591ac9efd16ff197dd47f4f1a
SERVER_HANDSHAKE_TRAFFIC_SECRET 7c6a1be09fecedc5e90f39bd7b2efd0a25e25e75c5fc4aed1de53541a81fe896 d5e8a2aa4947497ed2b606b59eba437bbed19251d3f4522999f479a61dd7614e
CLIENT_TRAFFIC_SECRET_0 7c6a1be09fecedc5e90f39bd7b2efd0a25e25e75c5fc4aed1de53541a81fe896 a3eb8e4cfce7c998858c541954199779f52a964f080745fc520750b55d7db33e
SERVER_TRAFFIC_SECRET_0 7c6a1be09fecedc5e90f39bd7b2efd0a25e25e75c5fc4aed1de53541a81fe896 9322fb16a5b972e644c098cbbb17576782ce93ceec2d8e3fea9c1afbc049a7c4
EXPORTER_SECRET 7c6a1be09fecedc5e90f39bd7b2efd0a25e25e75c5fc4aed1de53541a81fe896 f8b64b74597084d16d99b452af26c29bed2b7f19b53ffdfddb435ccad064c86d
CLIENT_HANDSHAKE_TRAFFIC_SECRET 84bcdf86cb16b8fd8eff5c212d21900d23d92c4a38657180f4b4f9bee76d7b26 f35036bf8987ddc1a239a2a28fd1f6e66011018e94b1268cd5502bd0df96447a
SERVER_HANDSHAKE_TRAFFIC_SECRET 84bcdf86cb16b8fd8eff5c212d21900d23d92c4a38657180f4b4f9bee76d7b26 a410097463a91a8bf56537ebafa362e279c39776279f65db72a031521d07c785
CLIENT_TRAFFIC_SECRET_0 84bcdf86cb16b8fd8eff5c212d21900d23d92c4a38657180f4b4f9bee76d7b26 608e5de48d3b19c7e7038e037c5debd849c16a8101b44c6379bd29b48a76564f
SERVER_TRAFFIC_SECRET_0 84bcdf86cb16b8fd8eff5c212d21900d23d92c4a38657180f4b4f9bee76d7b26 448df674cb5bc15a099ba7d53b7b4e2a071d0eee12e7c6d5ade6d8cdb7592427
EXPORTER_SECRET 84bcdf86cb16b8fd8eff5c212d21900d23d92c4a38657180f4b4f9bee76d7b26 2b87ae77889713bfd86c8732df0aeb2d87e006259cc1242baf6aeee4582543a4
CLIENT_HANDSHAKE_TRAFFIC_SECRET 80140e72255bf3093dcd609e5090616180f618df7281eeeb69a7c9007ee01d30 fd4a5d149942c98a3f80789b7f7cd62bbc028fb88f74b78142c847f3f09168ab
SERVER_HANDSHAKE_TRAFFIC_SECRET 80140e72255bf3093dcd609e5090616180f618df7281eeeb69a7c9007ee01d30 9459ddfdbb9b37a8380d376303682a593888ad2ef5c8bb212966fd8f4288e084
CLIENT_TRAFFIC_SECRET_0 80140e72255bf3093dcd609e5090616180f618df7281eeeb69a7c9007ee01d30 1d9c57d860470bcc1de37074bb289754a7887a6dfeace43ab45388532b090508
SERVER_TRAFFIC_SECRET_0 80140e72255bf3093dcd609e5090616180f618df7281eeeb69a7c9007ee01d30 405f6f5247f31eb02bf7862e500627412fb85a7c318adedb3b726d5a050ba9a7
EXPORTER_SECRET 80140e72255bf3093dcd609e5090616180f618df7281eeeb69a7c9007ee01d30 240a95d1623b9cbb1eb302a62bb4af03d8adc48a17ccfeae0e3a6a7c6ce3f887
CLIENT_HANDSHAKE_TRAFFIC_SECRET 07002949dc421e66ed3f07141aef3fdf69786f8e86d451b7c75ae1ec11452b11 0e57e98f6ca545c5319ee6a9c8967e8c61a0eca046277734b08a132ee2f6d02e
SERVER_HANDSHAKE_TRAFFIC_SECRET 07002949dc421e66ed3f07141aef3fdf69786f8e86d451b7c75ae1ec11452b11 cef1f8bd016784420a48b7fec01303dff145644b47ea596470bcd881a91584b0
CLIENT_TRAFFIC_SECRET_0 07002949dc421e66ed3f07141aef3fdf69786f8e86d451b7c75ae1ec11452b11 1e7a01e90eb1c9eb7e5b7c8cd01c8098909253e104d8bb982e12f795ae370676
SERVER_TRAFFIC_SECRET_0 07002949dc421e66ed3f07141aef3fdf69786f8e86d451b7c75ae1ec11452b11 dec229cdbf30ceada2c6b8d89cf9e285a38bc874784be115d89a6d2c5fdeafc9
EXPORTER_SECRET 07002949dc421e66ed3f07141aef3fdf69786f8e86d451b7c75ae1ec11452b11 124dc3099647b46222551e0ae8016128ad6c80cf1dadbfa2d0203df71fdf3747
CLIENT_HANDSHAKE_TRAFFIC_SECRET 9cc7745fdbaa8e6a977cf52e135bbafbc77fac399452fe1515c9d68bb0ad7b5c f7b9237850b9e860997c0e3505d8e425aa450e905ca0c6f76f9673ac75cf602b
SERVER_HANDSHAKE_TRAFFIC_SECRET 9cc7745fdbaa8e6a977cf52e135bbafbc77fac399452fe1515c9d68bb0ad7b5c 387f5f81ed1de43e1e9717d6fad4ab5839abb5ab031775c308726f742184ea0d
CLIENT_TRAFFIC_SECRET_0 9cc7745fdbaa8e6a977cf52e135bbafbc77fac399452fe1515c9d68bb0ad7b5c 893476ce3278caa34257cc7322a0599104b8fe746e88edb5a3f8b6a9a50f044b
SERVER_TRAFFIC_SECRET_0 9cc7745fdbaa8e6a977cf52e135bbafbc77fac399452fe1515c9d68bb0ad7b5c 8801b8a73a67905627d0fe9e2f60d47596d56e1fa3c941f2b3aaa5fc8997c9cf
EXPORTER_SECRET 9cc7745fdbaa8e6a977cf52e135bbafbc77fac399452fe1515c9d68bb0ad7b5c 3187532d80cb1c1c2621a684e16dc9f4845485c6c3ae7af30f50ea7a603940ce
CLIENT_HANDSHAKE_TRAFFIC_SECRET e9a7450606f7760bda3928063909ef9a13c97ce54a631325e2ff1d0cc6ac4ffc 622efc47948a8d40ba59a795e01b6b4702551b3486723feb273f30b308c7d443
SERVER_HANDSHAKE_TRAFFIC_SECRET e9a7450606f7760bda3928063909ef9a13c97ce54a631325e2ff1d0cc6ac4ffc 87367ee0352b06d18d715238736dcf9b9e6be783a178399a709f90ecab8442db
CLIENT_HANDSHAKE_TRAFFIC_SECRET f21bf6a9c6a0e15916a566b32c14532e61fa77a9b080684e0057af259a85537c 9b42a4017b27cd6cdca85ead78d6b54c88350f455fa2ba4e3ef0a628bb9a3707
SERVER_HANDSHAKE_TRAFFIC_SECRET f21bf6a9c6a0e15916a566b32c14532e61fa77a9b080684e0057af259a85537c c4d7a9a947a6e1227726f404e19eae3164887ef062c574cc44cf1367292ade05
CLIENT_TRAFFIC_SECRET_0 e9a7450606f7760bda3928063909ef9a13c97ce54a631325e2ff1d0cc6ac4ffc a91e57a68cddd615b769ee6d7fed175408eeb0c014293f98bc85a1820fa83097
SERVER_TRAFFIC_SECRET_0 e9a7450606f7760bda3928063909ef9a13c97ce54a631325e2ff1d0cc6ac4ffc ac2c7ac5702840f07fe9428083c95863c3533a121a743f52612daf84af797c3c
EXPORTER_SECRET e9a7450606f7760bda3928063909ef9a13c97ce54a631325e2ff1d0cc6ac4ffc 2c1332c3fc5471d4f63478306184343dd849d346f9223cddd169b7a7d3c04d15
CLIENT_TRAFFIC_SECRET_0 f21bf6a9c6a0e15916a566b32c14532e61fa77a9b080684e0057af259a85537c 6064b85b55c87022f12d5a2d15b1d13dc1127b28414d810fff7ba85c7e08c715
SERVER_TRAFFIC_SECRET_0 f21bf6a9c6a0e15916a566b32c14532e61fa77a9b080684e0057af259a85537c 1926db4a3521281fa2e2a4162b6b3187e4b6665cc550d039dc1314fc8766d241
EXPORTER_SECRET f21bf6a9c6a0e15916a566b32c14532e61fa77a9b080684e0057af259a85537c e0205571617b6c99cca835cb27a5e78d4fd5872e5787a517837f1a13ca387ae2
CLIENT_HANDSHAKE_TRAFFIC_SECRET b0ac9e03ba66c9f1222342430b40089e1461c1b68ce75e63fac650b5133d3606 2ad495b08fec01c4d2cff7a14612c5efb04009e0f5455460111c30af10a78d53
SERVER_HANDSHAKE_TRAFFIC_SECRET b0ac9e03ba66c9f1222342430b40089e1461c1b68ce75e63fac650b5133d3606 7e2f2099163144dca5fe084236faa4db005e150ebe593ba04957c7d1388a364b
CLIENT_TRAFFIC_SECRET_0 b0ac9e03ba66c9f1222342430b40089e1461c1b68ce75e63fac650b5133d3606 faaf6daa417af626b4dbc6541898c3e6c73b57db576f53462f213122f05f0458
SERVER_TRAFFIC_SECRET_0 b0ac9e03ba66c9f1222342430b40089e1461c1b68ce75e63fac650b5133d3606 9409ebf4376d0a7fc4844b60769fb57278c8a1b4d174c7b50975822f6ca4144e
EXPORTER_SECRET b0ac9e03ba66c9f1222342430b40089e1461c1b68ce75e63fac650b5133d3606 f3d63f5df6f43db2078a1535874d6ee8a132a6bc6a9278c9d200a6c64dd198f0
CLIENT_HANDSHAKE_TRAFFIC_SECRET 12717b941a366e1cb287b65e9c0e38023d6f303fb70021ac29e173d56550388c 43b6c49a035a66893f084ee2bb6c13988b6c48ac3e66f9de59f536308901afeb
SERVER_HANDSHAKE_TRAFFIC_SECRET 12717b941a366e1cb287b65e9c0e38023d6f303fb70021ac29e173d56550388c 144761e25605a3ad372d5e3f3d9f14c428752da3f45657e123b4df0ef01ae1f1
CLIENT_HANDSHAKE_TRAFFIC_SECRET cc0785e9dbb0e8071613dc489206465fb2be9d89e91ef67e715cfdbf5a8046a0 56f4617c671c9adb5b059e68731971d3510f65be16475e9c53b8e0a22cc17922
SERVER_HANDSHAKE_TRAFFIC_SECRET cc0785e9dbb0e8071613dc489206465fb2be9d89e91ef67e715cfdbf5a8046a0 e65d12f1651505d16ebf744238acb97b1d720212cd775656a4e68c7c7fca2f7f
CLIENT_TRAFFIC_SECRET_0 12717b941a366e1cb287b65e9c0e38023d6f303fb70021ac29e173d56550388c 43366cba745ba0260959168bc0d93c1f7c56c602f4c746a44eb296842e3187a4
SERVER_TRAFFIC_SECRET_0 12717b941a366e1cb287b65e9c0e38023d6f303fb70021ac29e173d56550388c f4d2d695afa15536d506ba38ff7d8143247a375af12b706a84683740f641e7e1
EXPORTER_SECRET 12717b941a366e1cb287b65e9c0e38023d6f303fb70021ac29e173d56550388c c8b2008846d1ccef4c4857a8e8c09a218b1fac1909d345759d045175b49234b8
CLIENT_TRAFFIC_SECRET_0 cc0785e9dbb0e8071613dc489206465fb2be9d89e91ef67e715cfdbf5a8046a0 5d5a6a6763c12f982a29d11491926dc52daa8f7cf05e792563790eef20f68e0c
SERVER_TRAFFIC_SECRET_0 cc0785e9dbb0e8071613dc489206465fb2be9d89e91ef67e715cfdbf5a8046a0 843ee589f17c108fad167d66dfca3ed2ab11b10a784099d7b03e1dd8870f499a
EXPORTER_SECRET cc0785e9dbb0e8071613dc489206465fb2be9d89e91ef67e715cfdbf5a8046a0 d1e933b88640302512a06e711014b59a0bca90aef0c6bbc728b05ff228930305
CLIENT_HANDSHAKE_TRAFFIC_SECRET 0c32be234e15d9c80a3433868c38961b1649d9f121a1f5bda6d3296f20a8f960 7396d53d2799307e9d42e13664808f59be1ec7d626251a05325bf4d882a8446c
SERVER_HANDSHAKE_TRAFFIC_SECRET 0c32be234e15d9c80a3433868c38961b1649d9f121a1f5bda6d3296f20a8f960 58a21c7b71809a7c133cd9fcbada58bffd5acd1e85c8461dc587d10f85a9cee0
CLIENT_HANDSHAKE_TRAFFIC_SECRET a6f4fc82f1b2fd04bde30d9e3bd47da8c58b426ef40cdd2f4127605dabbc43b9 563a17699abf5bfd286fca5d1ac045dea293de1fc7730239459a2391e2636aed
SERVER_HANDSHAKE_TRAFFIC_SECRET a6f4fc82f1b2fd04bde30d9e3bd47da8c58b426ef40cdd2f4127605dabbc43b9 071e1cb2f1f90ad5dcb295d9d834b81933d533cef9189bb29a6bb2c754d43c39
CLIENT_TRAFFIC_SECRET_0 0c32be234e15d9c80a3433868c38961b1649d9f121a1f5bda6d3296f20a8f960 56e2fd1f1f923ad3625f81cb7543f584384327dc3843ef6a23e87f9f2223cab2
SERVER_TRAFFIC_SECRET_0 0c32be234e15d9c80a3433868c38961b1649d9f121a1f5bda6d3296f20a8f960 2837a604972e65734a9295208a2c3bdc65d217a4c76928b5de2a9db45faa07bb
EXPORTER_SECRET 0c32be234e15d9c80a3433868c38961b1649d9f121a1f5bda6d3296f20a8f960 5fe76860e9ca59d6c5b2ea93875e576942fbe27a00ae194cfa8adacf67359615
CLIENT_TRAFFIC_SECRET_0 a6f4fc82f1b2fd04bde30d9e3bd47da8c58b426ef40cdd2f4127605dabbc43b9 67ce14e5fb828de739e178da3186513702935bfdc8edca6e5df6c7c9b2ef1d0d
SERVER_TRAFFIC_SECRET_0 a6f4fc82f1b2fd04bde30d9e3bd47da8c58b426ef40cdd2f4127605dabbc43b9 fe40c5fdcbbcfb6abe880c20354c163d649abb3bb3090fbeef5ac3f1944babee
EXPORTER_SECRET a6f4fc82f1b2fd04bde30d9e3bd47da8c58b426ef40cdd2f4127605dabbc43b9 e3e0c4dc46f415699cb677996348fe28f4921a0c71e5d1f381633de1366d7cf9
CLIENT_HANDSHAKE_TRAFFIC_SECRET ffbc81deda5bbb5b532e0db0bedcd65c78e950a08671c9a863c5d34913773ed6 94c4769e149a3d23e2e6b9d2c0f7c19e1293d5dd91acc5bcb1c02c4eaa3cc1e6
SERVER_HANDSHAKE_TRAFFIC_SECRET ffbc81deda5bbb5b532e0db0bedcd65c78e950a08671c9a863c5d34913773ed6 9584dac1f58ee35f20b02bd245dc3e3e90295ecc8e98c628719c08c54992035a
CLIENT_TRAFFIC_SECRET_0 ffbc81deda5bbb5b532e0db0bedcd65c78e950a08671c9a863c5d34913773ed6 f6c149e9966e1df594986b984e0f8a3a2a48cc1d5938a8aaacfdfaccc4073770
SERVER_TRAFFIC_SECRET_0 ffbc81deda5bbb5b532e0db0bedcd65c78e950a08671c9a863c5d34913773ed6 39c4a39f30e988c53db00c291f6eb0da66d40867496717907c04f4dfdeef7385
EXPORTER_SECRET ffbc81deda5bbb5b532e0db0bedcd65c78e950a08671c9a863c5d34913773ed6 61785eeba04b33e1533b6a6627392d69b1cfdb971b61d8e74bf40d0f41805598
CLIENT_HANDSHAKE_TRAFFIC_SECRET a9671920466f9b4735323def3edfdc2f69dab8253f76dd57cc3923f3e6e15c3b 09e99d8e417cec6898417ddeda07c93d78d0b01df6d61eec4a83e2ff48ba5897
SERVER_HANDSHAKE_TRAFFIC_SECRET a9671920466f9b4735323def3edfdc2f69dab8253f76dd57cc3923f3e6e15c3b 3968fb19f72f810fdcad3383ae75737c5ac63da168e5008435270ed6ecf98655
CLIENT_TRAFFIC_SECRET_0 a9671920466f9b4735323def3edfdc2f69dab8253f76dd57cc3923f3e6e15c3b 2cf02119524adba1aa6a5d1ec36b755cb25840c304c01ed26fbdab18daab818d
SERVER_TRAFFIC_SECRET_0 a9671920466f9b4735323def3edfdc2f69dab8253f76dd57cc3923f3e6e15c3b 4908dd9e0b2f13f72501f60717aa9b400a4ed6a779942ab31d413665fe42a420
EXPORTER_SECRET a9671920466f9b4735323def3edfdc2f69dab8253f76dd57cc3923f3e6e15c3b 4a71a53e1c6d0a6cdfba7cfdff9ee090d458b227df9a8d4b48f62add818a4ea6
CLIENT_HANDSHAKE_TRAFFIC_SECRET 4b9dca41db64804db3025316ec3bb2a72cbdbbfb0f689689316ff44b49fe62af 70054a3d35a71fd129f9dc213b9e05f682d87f406199405f6012f32e840fbb7f
SERVER_HANDSHAKE_TRAFFIC_SECRET 4b9dca41db64804db3025316ec3bb2a72cbdbbfb0f689689316ff44b49fe62af e091aabe4d6123e40ae8aa1fe01e1dc0cad0a6729e6a379c100e83712e240369
CLIENT_TRAFFIC_SECRET_0 4b9dca41db64804db3025316ec3bb2a72cbdbbfb0f689689316ff44b49fe62af 0d8d524ae4328906aebaaa3d204b70c3de93810a46b4a3222124cdab4eeaf0e9
SERVER_TRAFFIC_SECRET_0 4b9dca41db64804db3025316ec3bb2a72cbdbbfb0f689689316ff44b49fe62af d3d5a5f5e38e1dfabaadf57a61470148548a8af5ecd2eabf10ddc9dcfccc6301
EXPORTER_SECRET 4b9dca41db64804db3025316ec3bb2a72cbdbbfb0f689689316ff44b49fe62af be115bf8008ca810c1fea6e5f2fc4768582ad6d7922635a7aeef52045915341c
