CLIENT_HANDSHAKE_TRAFFIC_SECRET 36d02ccebf3210a05bc8fbe2a613ccde232ee8fa91ce471995500bd4b9007134 459ab6b264240d1dd0820aea3997d8035e5671f7331942d33261eb5c2d914085
SERVER_HANDSHAKE_TRAFFIC_SECRET 36d02ccebf3210a05bc8fbe2a613ccde232ee8fa91ce471995500bd4b9007134 7f7b330e2d384933f884d61f06fd61f34bb25d9ca2356fd00c65b5d3c67ffb17
CLIENT_TRAFFIC_SECRET_0 36d02ccebf3210a05bc8fbe2a613ccde232ee8fa91ce471995500bd4b9007134 b711fb1a88455d7712831a67ea1ad44d3f3ecc85ae6c8070e971aa2bbcfad822
SERVER_TRAFFIC_SECRET_0 36d02ccebf3210a05bc8fbe2a613ccde232ee8fa91ce471995500bd4b9007134 142cb6bca19322e6d2bb815d1148a30c0257fcb38513569ab1cd2dd4fcc34e8f
EXPORTER_SECRET 36d02ccebf3210a05bc8fbe2a613ccde232ee8fa91ce471995500bd4b9007134 837a1fba53a4b196f4c79458f7453051d74293da539e88f3442653f997ae1282
CLIENT_HANDSHAKE_TRAFFIC_SECRET f88aaf3c4972ee98814e7e5c8c52e3d87d2a597e73116f8ece3e6a8b405bc7c4 775c912395a423aa6eeb7f4ef04fe10fc3e324cb52b7c5fe25ed52c5393886d8
SERVER_HANDSHAKE_TRAFFIC_SECRET f88aaf3c4972ee98814e7e5c8c52e3d87d2a597e73116f8ece3e6a8b405bc7c4 5bb90ec8a849f5559907260a9328ff4f02961099be689df39bec1387672e3ffa
CLIENT_TRAFFIC_SECRET_0 f88aaf3c4972ee98814e7e5c8c52e3d87d2a597e73116f8ece3e6a8b405bc7c4 90fa3a3fd5a4062ee10726a384863ca6883549dcd453417ca519a1535131523e
SERVER_TRAFFIC_SECRET_0 f88aaf3c4972ee98814e7e5c8c52e3d87d2a597e73116f8ece3e6a8b405bc7c4 cdf19b5e4555f104cfd1a60fed6b64be8c25ba4f6265f0b82004584e30b1f729
EXPORTER_SECRET f88aaf3c4972ee98814e7e5c8c52e3d87d2a597e73116f8ece3e6a8b405bc7c4 cc45451e31f565255160245f6482c8f4183bc6f2ed7803d390e5289df0b02912
CLIENT_HANDSHAKE_TRAFFIC_SECRET 9262c08b6b72eb20ac65ab4a12c80cd47073bfc34e537e8a9658a8b4d1b7535d 8a6de0aac3d7c71b3abd2ff77f815714989c38212ef774f54ab024fc285acb61
SERVER_HANDSHAKE_TRAFFIC_SECRET 9262c08b6b72eb20ac65ab4a12c80cd47073bfc34e537e8a9658a8b4d1b7535d d4b6a8380e860d6552094a4e74e7e65072637ed7eca9c45d9d16a3dc5cb3f136
CLIENT_TRAFFIC_SECRET_0 9262c08b6b72eb20ac65ab4a12c80cd47073bfc34e537e8a9658a8b4d1b7535d 1de301f7217db6fe8316cd99adadf58bac4a303b5ad18c0d1437621064f0ec7a
SERVER_TRAFFIC_SECRET_0 9262c08b6b72eb20ac65ab4a12c80cd47073bfc34e537e8a9658a8b4d1b7535d 5ac4087e9f70828580a586107c887eb68ae9f738aec6a135257aff048799b4de
EXPORTER_SECRET 9262c08b6b72eb20ac65ab4a12c80cd47073bfc34e537e8a9658a8b4d1b7535d 451ed2381a9a067aea4d960552b540aa8fa63a54e864d6a9bc3240386761ef42
CLIENT_HANDSHAKE_TRAFFIC_SECRET a745b082a689b30356f3b54b639c22c202991dae751ac7693e7ffda40396c73a c5e40cec0237e6b68b06885db36dabb632ae8a4c9e4426b3604d67474bc57682
SERVER_HANDSHAKE_TRAFFIC_SECRET a745b082a689b30356f3b54b639c22c202991dae751ac7693e7ffda40396c73a 181c81df2cb93be737dbf2dcd486f710e0b90730700ee7a1262b65b7235b1920
CLIENT_TRAFFIC_SECRET_0 a745b082a689b30356f3b54b639c22c202991dae751ac7693e7ffda40396c73a c26e954b54ee68409444be937f98dd5c937f43cf721b9793c6daf918352e5ba7
SERVER_TRAFFIC_SECRET_0 a745b082a689b30356f3b54b639c22c202991dae751ac7693e7ffda40396c73a f5527738d040630244d7048c7b2b579e20edbbef3a4e87234f9196b835dfec32
EXPORTER_SECRET a745b082a689b30356f3b54b639c22c202991dae751ac7693e7ffda40396c73a 9ef787882540179ded37abaa2bf8bbc3fc87ec6737004b2d123d3814957cf232
CLIENT_HANDSHAKE_TRAFFIC_SECRET 687c6af77ba56a0c34e61df68763814a966f6c447df8ce220250ff86c7fe5ffd d75d41dc883ea090cc01a51d09ebd5e9d274b510249642ccda975ee01388af96
SERVER_HANDSHAKE_TRAFFIC_SECRET 687c6af77ba56a0c34e61df68763814a966f6c447df8ce220250ff86c7fe5ffd 68c85d8c00a7e31b683d9e60bd5a0ae18085544d52eee8f3441e1115687f9aec
CLIENT_TRAFFIC_SECRET_0 687c6af77ba56a0c34e61df68763814a966f6c447df8ce220250ff86c7fe5ffd 0d83bc29f84477f2831fb005e2b19edf4017068a8ebe3a3424dfefa1e1f65176
SERVER_TRAFFIC_SECRET_0 687c6af77ba56a0c34e61df68763814a966f6c447df8ce220250ff86c7fe5ffd 69326a945d2326251555139350d93b403ca62c6925738f72fb27734531925f76
EXPORTER_SECRET 687c6af77ba56a0c34e61df68763814a966f6c447df8ce220250ff86c7fe5ffd cb5c922a46b88438a7888fb79060b1d40484633849a52fce6ba5d3f5d5f5d1db
CLIENT_HANDSHAKE_TRAFFIC_SECRET 9e64458f13ca8bd594d310a3e1bd951e6a8bf92d483955386c2229f833331b76 58ff238b7b52834fde9f4a1eaf0edcf36b1c92096ce14d69266560fc63d12e3174337ac3f359ce8797e0530d01457b28
SERVER_HANDSHAKE_TRAFFIC_SECRET 9e64458f13ca8bd594d310a3e1bd951e6a8bf92d483955386c2229f833331b76 dbe93efc16bd780e7efc577d6d86073949ed67d022bbafb0cdcac31e13f6b060fc487e842f992d3c9753428e23c83fc9
CLIENT_TRAFFIC_SECRET_0 9e64458f13ca8bd594d310a3e1bd951e6a8bf92d483955386c2229f833331b76 88b9977c67e25d38ce89e39b6acdd8eb4cc43902272070795b7cf2bc8ad1b3b7e4cc34145f7be66218cf8d518fdf8012
SERVER_TRAFFIC_SECRET_0 9e64458f13ca8bd594d310a3e1bd951e6a8bf92d483955386c2229f833331b76 bd3667e485534e90e661a10512da53abd211ce5f83a65529ece03d695e37960df0b3d40211240bb330f8f62d8d071f2e
EXPORTER_SECRET 9e64458f13ca8bd594d310a3e1bd951e6a8bf92d483955386c2229f833331b76 fe171bb404952ab823e4dfa2f63db12eb4ad04838492f4bc03ff5cac1c117a14192d4bd15979236a47b14814b6fda8c8
CLIENT_HANDSHAKE_TRAFFIC_SECRET 5dd698e4d4a5587ba82a089198f94cfac34826fc0cc6056bd3b6fdfade84ea7d 9b4c0324ec6608f6cd8e77c6460ee0e2fa084644de7280c1406a51c54d72beb7
SERVER_HANDSHAKE_TRAFFIC_SECRET 5dd698e4d4a5587ba82a089198f94cfac34826fc0cc6056bd3b6fdfade84ea7d 752f42b149b370bc4d131dcc1cec435c819495234b56e503f99198aec7e6fbcc
CLIENT_TRAFFIC_SECRET_0 5dd698e4d4a5587ba82a089198f94cfac34826fc0cc6056bd3b6fdfade84ea7d 2eb5d74170125cb33633b9e6355388b2233d38a77c3ccbeac5036c4b63c7074c
SERVER_TRAFFIC_SECRET_0 5dd698e4d4a5587ba82a089198f94cfac34826fc0cc6056bd3b6fdfade84ea7d 20a42eb0d750eb99604de09fdc1f5f6f77970fe0a7376a0888fe5070ffbd87de
EXPORTER_SECRET 5dd698e4d4a5587ba82a089198f94cfac34826fc0cc6056bd3b6fdfade84ea7d ad2270dd56771d2a7b4fb79360cd1db7ed61e662aa11e305ac263e0d3673e08b
CLIENT_HANDSHAKE_TRAFFIC_SECRET 3a4051f00993bf0d50b8c662dcb06870b4acaba64b7a20038a38e35499c3f06f 198ba799895a501c3285b6659462da469410f76a70047e7e03761c1ce4605d0013308267fd1226d1087b598d39708ee8
SERVER_HANDSHAKE_TRAFFIC_SECRET 3a4051f00993bf0d50b8c662dcb06870b4acaba64b7a20038a38e35499c3f06f e6b7b6bab0e41889603bed4ae1cb8017bbf78f0394beada862b1d64e8150d14c58f04965a76272d48c2b1b54e0df215f
CLIENT_TRAFFIC_SECRET_0 3a4051f00993bf0d50b8c662dcb06870b4acaba64b7a20038a38e35499c3f06f 9ea191e99ebd24ef452855622b87c588ff94a019e0dade088e5e4a95488892150512952dd261dcb75430f2cd6c760126
SERVER_TRAFFIC_SECRET_0 3a4051f00993bf0d50b8c662dcb06870b4acaba64b7a20038a38e35499c3f06f b73d5a6c2fb718a9e619cc4229b3a4550306af7a2b0d311173a57557cbdd0a012d71e9eafdd517c0fa5bbb18331fda0d
EXPORTER_SECRET 3a4051f00993bf0d50b8c662dcb06870b4acaba64b7a20038a38e35499c3f06f 315e093f6b33cefa0c78d174f815f06a2ecac6f72f91cc34eefa2b087a2822198c180ef488f1c47b2c5bf27316bdd0d9
