CLIENT_HANDSHAKE_TRAFFIC_SECRET 33cbb86ed2ef99ab5eeaad3be054e6a862e6af9a91939c0c9522af18f51822e8 c9b496a936491e8177a782da3103f1471217c69cb7043c590c0fcbe43f02b3f9
SERVER_HANDSHAKE_TRAFFIC_SECRET 33cbb86ed2ef99ab5eeaad3be054e6a862e6af9a91939c0c9522af18f51822e8 82f2fa4a03b5bf5800d636f3ceab3949d3bed88eee849928d22972c2aa7719da
CLIENT_HANDSHAKE_TRAFFIC_SECRET 45b474b5cc1865f35bf51864762d5f93b9ec8da67db8732156c52f899ab072af 1669d36d79e4673dbffed5282e9cecb2abb58088c6496bd1e284b5474c46e56d
SERVER_HANDSHAKE_TRAFFIC_SECRET 45b474b5cc1865f35bf51864762d5f93b9ec8da67db8732156c52f899ab072af 47d688307d1215042163074168023451e49f436ece182ac1de04482756390d92
CLIENT_TRAFFIC_SECRET_0 33cbb86ed2ef99ab5eeaad3be054e6a862e6af9a91939c0c9522af18f51822e8 a1fb3d879f39c53970fecc337c1ed904dbad3a17667499dfac908f4ba887b36e
SERVER_TRAFFIC_SECRET_0 33cbb86ed2ef99ab5eeaad3be054e6a862e6af9a91939c0c9522af18f51822e8 4bb67304ffcd1d5df5e5d09e8ee63e94d36325aac9728f431961a0ca66068b47
EXPORTER_SECRET 33cbb86ed2ef99ab5eeaad3be054e6a862e6af9a91939c0c9522af18f51822e8 30dfcddb88b3aa694a67f554bd4a86c9e00d364752870d5f3395ed1981ab56df
CLIENT_TRAFFIC_SECRET_0 45b474b5cc1865f35bf51864762d5f93b9ec8da67db8732156c52f899ab072af b70cefcdd9f88f5dd22d92d16181f82cfcbd3b495e7c72ee13d4c8dfbbf1f836
SERVER_TRAFFIC_SECRET_0 45b474b5cc1865f35bf51864762d5f93b9ec8da67db8732156c52f899ab072af 07d83b073bbc0ab2e31c3df6458584f0d5560e2d72611c496f1e94e50fed4f9c
EXPORTER_SECRET 45b474b5cc1865f35bf51864762d5f93b9ec8da67db8732156c52f899ab072af 7a6aa299b453b99ca52b451ea7ba072049548de92c37a1b09a9ddcad5a6d9d57
CLIENT_HANDSHAKE_TRAFFIC_SECRET 0cb0cdc9c6313df4de676f116284d185c47d0a9f0e2ff5527fc689d2154431d0 a9d611f23a07041b95f3fff5669cfd788b5dc594f0f96b6626f85704bd811f95
SERVER_HANDSHAKE_TRAFFIC_SECRET 0cb0cdc9c6313df4de676f116284d185c47d0a9f0e2ff5527fc689d2154431d0 b296b5a2b21f474b5c41cc496b85f57f8c605ef6f539635c5a3cac2089cd512a
CLIENT_TRAFFIC_SECRET_0 0cb0cdc9c6313df4de676f116284d185c47d0a9f0e2ff5527fc689d2154431d0 ba7a22c05e9e487f6175fb75f8389e388b12e5aa207e0a2be1d22e18b0945e35
SERVER_TRAFFIC_SECRET_0 0cb0cdc9c6313df4de676f116284d185c47d0a9f0e2ff5527fc689d2154431d0 cb87d5f430e94ba0c9e7a3d620f4ed7a529e0c1fe283b9316e67966d3a2d0e21
EXPORTER_SECRET 0cb0cdc9c6313df4de676f116284d185c47d0a9f0e2ff5527fc689d2154431d0 1cbd8f7cfec0c0daf9a507e23da6a00cea47d5bf05b22d0df8b3a61b3ebe8dec
CLIENT_HANDSHAKE_TRAFFIC_SECRET 639513487a17c718691b044679773d959b9d6552eb90d537ab96d7cd629ae09a cc3d23239ad41493c8a8e4642ac5f8965ec3991a35997536a08c334f9cc4ab05
SERVER_HANDSHAKE_TRAFFIC_SECRET 639513487a17c718691b044679773d959b9d6552eb90d537ab96d7cd629ae09a 049cf5ff17caddb421fc342abf4d18fd8632fedd82033c62437eca5469076096
CLIENT_TRAFFIC_SECRET_0 639513487a17c718691b044679773d959b9d6552eb90d537ab96d7cd629ae09a 6b1d9b63878209d5f576c81ed9a8b3559f11642ced57cdce74e36b4e2e682cc1
SERVER_TRAFFIC_SECRET_0 639513487a17c718691b044679773d959b9d6552eb90d537ab96d7cd629ae09a d15f76abbc9b7883a047e763f19dd48f760c2d21a1435d4681d52d0e66f30db1
EXPORTER_SECRET 639513487a17c718691b044679773d959b9d6552eb90d537ab96d7cd629ae09a b69ceefcd26e648e4243c1d390e1f4405e0e768189b64019fe7fd3130553d66e
CLIENT_HANDSHAKE_TRAFFIC_SECRET 840907bfb460c7c30144e940513d4c8654144643c9f786d7750693816fb7e67c dec17e6da88f8528092d027e1e943a929d7ca2d719fc6749411a4aad274914c7
SERVER_HANDSHAKE_TRAFFIC_SECRET 840907bfb460c7c30144e940513d4c8654144643c9f786d7750693816fb7e67c 6ec439b81f02261f3ec1acf29c93ae34a476b5c6a0e4b7a9e8a9f18b6f9bf77a
CLIENT_TRAFFIC_SECRET_0 840907bfb460c7c30144e940513d4c8654144643c9f786d7750693816fb7e67c 3f2a50502279fdf1329e6256a7c7069ef2725d5ebac01e8a719b743d7b9ab657
SERVER_TRAFFIC_SECRET_0 840907bfb460c7c30144e940513d4c8654144643c9f786d7750693816fb7e67c 927ae584237d66988385dfbe18f126e0233d4b8203de01091a2af8f6829261f2
EXPORTER_SECRET 840907bfb460c7c30144e940513d4c8654144643c9f786d7750693816fb7e67c 5926487ce2af9675338802a93e35d7861de313377bdf6af852b536c712b8e564
CLIENT_HANDSHAKE_TRAFFIC_SECRET 6f9b48e8ce93af6b52bbfcd85b2261af880e3f4b8721fbd8f8e9d45d3202d7dd dd11f72d099d96d42152d2dacafff3da894874146d1f6a01bea52424ea7ee766
SERVER_HANDSHAKE_TRAFFIC_SECRET 6f9b48e8ce93af6b52bbfcd85b2261af880e3f4b8721fbd8f8e9d45d3202d7dd 2c617a3956bcfe1d196781f712ced994e33149e41e665261243e1e953ccd0f49
CLIENT_TRAFFIC_SECRET_0 6f9b48e8ce93af6b52bbfcd85b2261af880e3f4b8721fbd8f8e9d45d3202d7dd b889a072d66c77329a3edee96bbd72c956d6ee786b28d3aa00272f14aa000e9d
SERVER_TRAFFIC_SECRET_0 6f9b48e8ce93af6b52bbfcd85b2261af880e3f4b8721fbd8f8e9d45d3202d7dd cb279810bacf2120c3f4c666b44c4ef7dffa5a120d2567b30aa0173077aa1832
EXPORTER_SECRET 6f9b48e8ce93af6b52bbfcd85b2261af880e3f4b8721fbd8f8e9d45d3202d7dd 670cec3f72eb92923f6ccabb8d863000f9da0b983b94110b15d1ec816276b4d3
