CLIENT_RANDOM aefb26416cb45863c1a4481d4fbe0e22f57872e20e48a0e6603e74779e282e26 87778e889c61a050efa670fa056ccce161613844f02efc5d5fa327606b2ae82d5deede2b6b108e3e19502965efc7d024
CLIENT_HANDSHAKE_TRAFFIC_SECRET 2ee811bec1df95e5e0dd76a412347d584863bc10c0c77177dbeafe6b05a35dd2 31559d1a967c51c53520fcf2447d93bf64d500a17140e809115412b3dceafd1c
SERVER_HANDSHAKE_TRAFFIC_SECRET 2ee811bec1df95e5e0dd76a412347d584863bc10c0c77177dbeafe6b05a35dd2 aa71fff5eb399bb5d0ec4d72cb5226c81521ed2032ae1b8f33f9e98c881942b1
CLIENT_TRAFFIC_SECRET_0 2ee811bec1df95e5e0dd76a412347d584863bc10c0c77177dbeafe6b05a35dd2 e9f0923bfe69bd59ae33750f8a6e7895c9d5bbf5017c388d4c848c12cd8070fe
SERVER_TRAFFIC_SECRET_0 2ee811bec1df95e5e0dd76a412347d584863bc10c0c77177dbeafe6b05a35dd2 8eb4348834bded9786135fa896fc8fbb2ad9083f57f341c797fc69f227a8070a
EXPORTER_SECRET 2ee811bec1df95e5e0dd76a412347d584863bc10c0c77177dbeafe6b05a35dd2 c2a60831644f41607025b60e964756df39fb8e31d6655d770fcacc5cbb4c678d
CLIENT_HANDSHAKE_TRAFFIC_SECRET f43eb975948cb91bd32e39d1ade10906a160a5de12be1b9cb13b9005e833da2e 13c4027f28e9ac354121463a4c2f37d9cb83e63f7a7f4bd9ea8c52ffba31cdfb
SERVER_HANDSHAKE_TRAFFIC_SECRET f43eb975948cb91bd32e39d1ade10906a160a5de12be1b9cb13b9005e833da2e b671a3ddb9c465319723a56eb7faf2fa97b5ddbf5e3f8dcfdc5d5794ab8d6fbe
CLIENT_TRAFFIC_SECRET_0 f43eb975948cb91bd32e39d1ade10906a160a5de12be1b9cb13b9005e833da2e 4c82ea13f8bde6e1cba9dc674c14acf5aca6cccbc9338eff9f3b9e848eb1206c
SERVER_TRAFFIC_SECRET_0 f43eb975948cb91bd32e39d1ade10906a160a5de12be1b9cb13b9005e833da2e c79b70cc659fc17bab1625630d648ca28ce7947450295c9c62ffc6afc0965a20
EXPORTER_SECRET f43eb975948cb91bd32e39d1ade10906a160a5de12be1b9cb13b9005e833da2e c8ce30dfd2c49d1f00880e58c36319aacd77c690a531cb3c9d3f75052132c69a
CLIENT_HANDSHAKE_TRAFFIC_SECRET 43a8923fb16a6d9aec2d4f52979f9fdaaa7b083cae5281aede3a1e23dbe32f94 ea5e7560b1e7bcacc17e4877ebfb07bdbb5275ae1dcded7629f90550ccdb9959
SERVER_HANDSHAKE_TRAFFIC_SECRET 43a8923fb16a6d9aec2d4f52979f9fdaaa7b083cae5281aede3a1e23dbe32f94 f1a4ba21d80f8324ae5c1fdc3c1ec0b24b983250d74727495644aab352177ca5
CLIENT_TRAFFIC_SECRET_0 43a8923fb16a6d9aec2d4f52979f9fdaaa7b083cae5281aede3a1e23dbe32f94 4f92707a0a66031f04213dfa34d09d2e480832738fb6d329f485bc9e4000fd91
SERVER_TRAFFIC_SECRET_0 43a8923fb16a6d9aec2d4f52979f9fdaaa7b083cae5281aede3a1e23dbe32f94 104ae2d474322c0315e3e9b4fcd2a00cceaf37535c8960d954b513541eacd58e
EXPORTER_SECRET 43a8923fb16a6d9aec2d4f52979f9fdaaa7b083cae5281aede3a1e23dbe32f94 171414776323d74f22650d1d04b143f3b0cbc02b47b8a312cf3590eaf62fe60e
CLIENT_HANDSHAKE_TRAFFIC_SECRET b9f4bb69ae56d87143f9b539c9048737da47c00d93ff153cdcac4a2bdfd834a2 580544bfbd575de69be11fb2cbbbbe614175f7712bad18bbbf6a80517a52a414
SERVER_HANDSHAKE_TRAFFIC_SECRET b9f4bb69ae56d87143f9b539c9048737da47c00d93ff153cdcac4a2bdfd834a2 5827b2f8c89a8ed20a3ab3a5197e75d852c078d935f408949e530a9f94ec832f
CLIENT_HANDSHAKE_TRAFFIC_SECRET bf1dd95ab5fb50b47262914872fa5934d221ea607848d119b2835a1e055a903e efc31706f12d04407d80c2e102d381bae214fa7439934fe67bbf9b58413b6a0a
SERVER_HANDSHAKE_TRAFFIC_SECRET bf1dd95ab5fb50b47262914872fa5934d221ea607848d119b2835a1e055a903e afd64e00a1e3dee6f379c973da056472061b9c800d88f8b414b91b7e74b46964
CLIENT_TRAFFIC_SECRET_0 b9f4bb69ae56d87143f9b539c9048737da47c00d93ff153cdcac4a2bdfd834a2 20aa1c1d4b9564f8c111c17c3cf79cd6704fc4b75d20cfe59342584fc1f784ac
SERVER_TRAFFIC_SECRET_0 b9f4bb69ae56d87143f9b539c9048737da47c00d93ff153cdcac4a2bdfd834a2 94dce2d98b97c3b6d3bc3ad5b6d05abb89fc4cb425367da54dc2eea43d5ed226
EXPORTER_SECRET b9f4bb69ae56d87143f9b539c9048737da47c00d93ff153cdcac4a2bdfd834a2 73109fb40d3f7f70b6ed29664085763a90cbd2331b8b357bb9c2917111cdc838
CLIENT_TRAFFIC_SECRET_0 bf1dd95ab5fb50b47262914872fa5934d221ea607848d119b2835a1e055a903e 5828c15c588e2009c5be255cab12d6d7c620f5195fb88ab590695004e856558e
SERVER_TRAFFIC_SECRET_0 bf1dd95ab5fb50b47262914872fa5934d221ea607848d119b2835a1e055a903e 193bcf802a57993f37b974c07eebc31a5a10ab49f0ddc863d543fc7de7b6925c
EXPORTER_SECRET bf1dd95ab5fb50b47262914872fa5934d221ea607848d119b2835a1e055a903e a616a391797fef2545cef372ff3beefe7d93ba0f5c75a3e0718855f05f02191c
CLIENT_HANDSHAKE_TRAFFIC_SECRET 1d0434e7d34b3a5e196b1db3a3d2a380b3f48d35b77acddba33e2ab2d248ffdb 3af3ff7a30f5bb1f6feec00ac22f003b3b71bd328e1631ad8591830445b24aab
SERVER_HANDSHAKE_TRAFFIC_SECRET 1d0434e7d34b3a5e196b1db3a3d2a380b3f48d35b77acddba33e2ab2d248ffdb b781629c9bccda7e025740ff0ad9b84e1257805aa244bb56031133fe064c196a
CLIENT_TRAFFIC_SECRET_0 1d0434e7d34b3a5e196b1db3a3d2a380b3f48d35b77acddba33e2ab2d248ffdb bc515768fbe886f9829a5cb9ce5023a0ce69a3015e1c8811d50f8bd1a527923f
SERVER_TRAFFIC_SECRET_0 1d0434e7d34b3a5e196b1db3a3d2a380b3f48d35b77acddba33e2ab2d248ffdb bde5912e1b8d35904706921d579b04418c389140e34ff217764990df82dccecb
EXPORTER_SECRET 1d0434e7d34b3a5e196b1db3a3d2a380b3f48d35b77acddba33e2ab2d248ffdb 88064d343cd882a766c4def1758334b88916deded9ee023ee0220295e97b7807
CLIENT_HANDSHAKE_TRAFFIC_SECRET c0ea1d8459be201ba63d236d1fb4b2d2b7b4f761ebb283f749969c00c6b2df30 0c3274e5dd8c8fef18a412b2266f89f6d907768be7973b68b40358296803fbf5
SERVER_HANDSHAKE_TRAFFIC_SECRET c0ea1d8459be201ba63d236d1fb4b2d2b7b4f761ebb283f749969c00c6b2df30 d34e998b9c7c55365b8014693f15fee279c486bd8437eb874250cc8d0932c8d1
CLIENT_TRAFFIC_SECRET_0 c0ea1d8459be201ba63d236d1fb4b2d2b7b4f761ebb283f749969c00c6b2df30 32988c47b25c6f240b1d6575dab5055dfe19d2ba730717c4fe72bd68647a7200
SERVER_TRAFFIC_SECRET_0 c0ea1d8459be201ba63d236d1fb4b2d2b7b4f761ebb283f749969c00c6b2df30 994dc8f350777e5948cad2363ee398de23aa880f5151a732eebe2fbf7a25e163
EXPORTER_SECRET c0ea1d8459be201ba63d236d1fb4b2d2b7b4f761ebb283f749969c00c6b2df30 66ea357f1179a1a4cdddc976801bf8b902f9a7829cb069a752daf4251c90a041
CLIENT_HANDSHAKE_TRAFFIC_SECRET af75099e730ef2d11d0d44151df7e6d5a83937d66a15067ccf846dedf482905e 7ecd374fa30a1acb37dc3c695ebc319886f6450a497e2bd4abc9ec28d8b10eda
SERVER_HANDSHAKE_TRAFFIC_SECRET af75099e730ef2d11d0d44151df7e6d5a83937d66a15067ccf846dedf482905e 645571f1364f38919b1c49cd4fafea9988105fe6a9f6e666f512a364c926f067
CLIENT_TRAFFIC_SECRET_0 af75099e730ef2d11d0d44151df7e6d5a83937d66a15067ccf846dedf482905e 187cccbe12244d557d34748233d6336d913f7585999ffda03e9dbc4630e307db
SERVER_TRAFFIC_SECRET_0 af75099e730ef2d11d0d44151df7e6d5a83937d66a15067ccf846dedf482905e ec8fab7af9f489ecc131aab0bdd4f0463b0f4c51de9c993b3146bd7e0a290f94
EXPORTER_SECRET af75099e730ef2d11d0d44151df7e6d5a83937d66a15067ccf846dedf482905e 1222625f45bd9eb23a513d4544fd89adff3bdf56ab8377a291c499ec6a6bd5fe
CLIENT_HANDSHAKE_TRAFFIC_SECRET 3ae25b3201583ed3ccf485d6f1126de55f35490ecfdad61f623882929c59873a 5832a4c72a44a5d4bdf4400cf94bace710066ff371d0534d1119385e757e42a1
SERVER_HANDSHAKE_TRAFFIC_SECRET 3ae25b3201583ed3ccf485d6f1126de55f35490ecfdad61f623882929c59873a 7c01f0f69efb021e3153523eca2e7f280a3067011d6f5ae137782ceb9829bb5f
CLIENT_TRAFFIC_SECRET_0 3ae25b3201583ed3ccf485d6f1126de55f35490ecfdad61f623882929c59873a 56a25f8fef20abd56288645687c3987ec8725693bf8f15fa620ddeab2fe24596
SERVER_TRAFFIC_SECRET_0 3ae25b3201583ed3ccf485d6f1126de55f35490ecfdad61f623882929c59873a 3a785abbbe8fa41a0697ac2cf6fc934e3df5d986148b9254b869542dcf0642e0
EXPORTER_SECRET 3ae25b3201583ed3ccf485d6f1126de55f35490ecfdad61f623882929c59873a 6d4486e84519466cc4bde8bb04647a3a7e846fce163c7bceaaa77027e5415a02
CLIENT_HANDSHAKE_TRAFFIC_SECRET ee2878dfe89b348f965dd1d003a8da2099aee6cbf28c3ac485a3ff4d29459d79 dd4fc25921c8ad4074c3b1415857914ebcfaf175ed6547132fae91e68e49aeb1
SERVER_HANDSHAKE_TRAFFIC_SECRET ee2878dfe89b348f965dd1d003a8da2099aee6cbf28c3ac485a3ff4d29459d79 bc94ab0719e6f651f154d40f9992f1fe9c5d7bfa47b76d9622c5d948200cfac0
CLIENT_TRAFFIC_SECRET_0 ee2878dfe89b348f965dd1d003a8da2099aee6cbf28c3ac485a3ff4d29459d79 26533c61a0c82baabd4197c52ca9786251305867d04b1d35092a856b4e42ea45
SERVER_TRAFFIC_SECRET_0 ee2878dfe89b348f965dd1d003a8da2099aee6cbf28c3ac485a3ff4d29459d79 afc30b593d3a1516998b1f285aacd9ce1e331688f8518a96de9085a7d0d83bdf
EXPORTER_SECRET ee2878dfe89b348f965dd1d003a8da2099aee6cbf28c3ac485a3ff4d29459d79 552b3dc08261e8f355a48afece8ce560e9233b902de17e5ffb62dadea43cdeeb
CLIENT_HANDSHAKE_TRAFFIC_SECRET 2eda9f3015a35df6d19acfeba72c7b1d8da386cbc13d0b3419f1d096267b473e 5cddc3fc5cedb7fed4f9da100a61df3261f19bdb2e8e055e6d1c1b0782561608
SERVER_HANDSHAKE_TRAFFIC_SECRET 2eda9f3015a35df6d19acfeba72c7b1d8da386cbc13d0b3419f1d096267b473e 58d33d547ffb27100c1e0fda890d76b60b5234aace049fdf1497315c6db80922
CLIENT_TRAFFIC_SECRET_0 2eda9f3015a35df6d19acfeba72c7b1d8da386cbc13d0b3419f1d096267b473e 247308087ef9c3a1ae57a03c9a00c872c8d9fe97604f59aaf52da7dddac2c710
SERVER_TRAFFIC_SECRET_0 2eda9f3015a35df6d19acfeba72c7b1d8da386cbc13d0b3419f1d096267b473e 5a7b91894781531233bd74cf3241e967c33fd8ab478372cd22548f36bbf50d82
EXPORTER_SECRET 2eda9f3015a35df6d19acfeba72c7b1d8da386cbc13d0b3419f1d096267b473e f350e9b990afc1b2caaf19861504f2957ec55be245e928e1bf5df56d36190222
CLIENT_HANDSHAKE_TRAFFIC_SECRET 79aa225cae242c68dc7d1eb5d132ed307c3b05f032c54f4301a4f60831aae6ed 757b694a856ae735b1fca966ec3f1d020be3a4d37ff72c2d6c9d5d7b08abf03d
SERVER_HANDSHAKE_TRAFFIC_SECRET 79aa225cae242c68dc7d1eb5d132ed307c3b05f032c54f4301a4f60831aae6ed 4c8ec028f798e57633a6ecf2ddb074fbab6e0e05cd50f23516b6a19eb2d12b49
CLIENT_TRAFFIC_SECRET_0 79aa225cae242c68dc7d1eb5d132ed307c3b05f032c54f4301a4f60831aae6ed 9432d02fd72c0f7aac6a5b9cd92ff445a632b5652e1c10d86e8984f98ff92d59
SERVER_TRAFFIC_SECRET_0 79aa225cae242c68dc7d1eb5d132ed307c3b05f032c54f4301a4f60831aae6ed 0ada76a9e12d40b11edcfb69159611376b7fc6604e87847ac33d7dfa7229a312
EXPORTER_SECRET 79aa225cae242c68dc7d1eb5d132ed307c3b05f032c54f4301a4f60831aae6ed d0d0cc5a3b855aec843326107871ee79f26906c07c5798a744e2e1991b97fe61
CLIENT_HANDSHAKE_TRAFFIC_SECRET 989d44d710ac154738e2759eaa22d0a9521c61868be6b4443b757720403f52aa 5a8e4c84a167db0616058bdd39216057c56b9b5d8ac1122115d64d0cf77ef656
SERVER_HANDSHAKE_TRAFFIC_SECRET 989d44d710ac154738e2759eaa22d0a9521c61868be6b4443b757720403f52aa f5fc1bce5862bd2101f372b97bc8e37a49cefbdb74fbaa82a1c6e7c3cbd12f1d
CLIENT_TRAFFIC_SECRET_0 989d44d710ac154738e2759eaa22d0a9521c61868be6b4443b757720403f52aa 81f130971495cf897f1da150a0ddf3e8044ec2eeaace2d1b4315e35004023c6d
SERVER_TRAFFIC_SECRET_0 989d44d710ac154738e2759eaa22d0a9521c61868be6b4443b757720403f52aa 3172034474264ca3df34615397340e4b8f535bc9acec36adc12a5a81b3799144
EXPORTER_SECRET 989d44d710ac154738e2759eaa22d0a9521c61868be6b4443b757720403f52aa 9ac7055ddfa07f3379039c55c01ddb46389fa99363fc756f18e5c425f643819d
CLIENT_HANDSHAKE_TRAFFIC_SECRET 9f55e7a4c44a76d1f6e8d16eb4ccc922a4e23a319d5159958270f911291b6286 a73c05cb852aac1bd19cdd85f4c83e8a24976e4702293482e7df8f7b2f0673d2
SERVER_HANDSHAKE_TRAFFIC_SECRET 9f55e7a4c44a76d1f6e8d16eb4ccc922a4e23a319d5159958270f911291b6286 668a467cdf41c2c9d30c3facee496baf7b383ee682224d58c24f615dcd05b08a
CLIENT_TRAFFIC_SECRET_0 9f55e7a4c44a76d1f6e8d16eb4ccc922a4e23a319d5159958270f911291b6286 837717d05ccaf1bc7453e55408c755bd49796e1a5a360acc1efef427302d1d74
SERVER_TRAFFIC_SECRET_0 9f55e7a4c44a76d1f6e8d16eb4ccc922a4e23a319d5159958270f911291b6286 cd6d22df422f49a20f3664897d1af912b40dcd73072d916a7a11f21ffcad5f45
EXPORTER_SECRET 9f55e7a4c44a76d1f6e8d16eb4ccc922a4e23a319d5159958270f911291b6286 9d403a97a0931744e5fa4addd740e31d33e173b9f0ca79949e41befd7dc536b1
CLIENT_HANDSHAKE_TRAFFIC_SECRET 1567a9bac5843877d5e3062640ea924ed53daeb92bcbe64feed196a1f398d058 5a87fb9a04b40bea5790e0c5a45f42a1a7b792e5977a13b5ffe6b6277c8b6252
SERVER_HANDSHAKE_TRAFFIC_SECRET 1567a9bac5843877d5e3062640ea924ed53daeb92bcbe64feed196a1f398d058 d25ba17ed3409ca5ffe4ddd29f7320766015b01a672e8d852f0414db66a6594a
CLIENT_TRAFFIC_SECRET_0 1567a9bac5843877d5e3062640ea924ed53daeb92bcbe64feed196a1f398d058 f2c81d3f76c7b4d2d041190308ff7b84f18bc707738457c0e225411303d79ae4
SERVER_TRAFFIC_SECRET_0 1567a9bac5843877d5e3062640ea924ed53daeb92bcbe64feed196a1f398d058 7173cb50313b8a2d87e3604af8111068990c940b488a7c95d242b696928906c7
EXPORTER_SECRET 1567a9bac5843877d5e3062640ea924ed53daeb92bcbe64feed196a1f398d058 5d2dc408c06bdc330a352ab5798aea5bc817a8c8fdd3ffe367e417f815f02bc8
CLIENT_HANDSHAKE_TRAFFIC_SECRET a466ecb962891318b19f4d55ebce57ed01bd421756213d4dbab97d4ce64acae6 c7c63c2c99f61d573d93acbe8d400746baa3faef1bae1c50a9c61f240c76a097
SERVER_HANDSHAKE_TRAFFIC_SECRET a466ecb962891318b19f4d55ebce57ed01bd421756213d4dbab97d4ce64acae6 0ec4425bd7c6f0ea423c486a1ee76f2972bdc2cc17a56733e5669fb5e909f803
CLIENT_HANDSHAKE_TRAFFIC_SECRET 40097fdd5037da960095e4b8f600827ddf73b8618a8f675731d0da62e0a7af13 f1e15ce44415a008ab0789f6fb384baa82ca68ea885525fe41597bcad6d43c03
SERVER_HANDSHAKE_TRAFFIC_SECRET 40097fdd5037da960095e4b8f600827ddf73b8618a8f675731d0da62e0a7af13 9db51353f92d76f1c5098cd2c2d865e67fc5e376882cc1fde7e9bf987075432b
CLIENT_TRAFFIC_SECRET_0 40097fdd5037da960095e4b8f600827ddf73b8618a8f675731d0da62e0a7af13 1bc7a93c2570bfe98c1a51f5b7133afe0ee5983c761cb1dd4a29aa4c727b85b9
SERVER_TRAFFIC_SECRET_0 40097fdd5037da960095e4b8f600827ddf73b8618a8f675731d0da62e0a7af13 2d67bf5bc1e1c84d1517cc527d1959306456aebe14b0c915c4ec98d6ae48757a
EXPORTER_SECRET 40097fdd5037da960095e4b8f600827ddf73b8618a8f675731d0da62e0a7af13 b162353e744615ac1f85303b7185b13aaf685cbdb27f3edfe3fa78838d1a1360
CLIENT_TRAFFIC_SECRET_0 a466ecb962891318b19f4d55ebce57ed01bd421756213d4dbab97d4ce64acae6 5f1fcfd161a15ec8b9c57496a53ac8c5fb76fccf44fe8030c221642aea27e63f
SERVER_TRAFFIC_SECRET_0 a466ecb962891318b19f4d55ebce57ed01bd421756213d4dbab97d4ce64acae6 06a74683909332931430f4b817e08405beebdb60258a568db912eb5eac2aef8c
EXPORTER_SECRET a466ecb962891318b19f4d55ebce57ed01bd421756213d4dbab97d4ce64acae6 6a8c3ffe1b7e79727e70dd3bfd5c53994dda377cb9f9895708ba1bd59c80dc7f
CLIENT_HANDSHAKE_TRAFFIC_SECRET 4597482e58a0f9e62265bfd3f1cfe5cfff617e267690c20f0420bc3e8d594019 c76b80f8bfa31183b3721de188557448b86364bc2fccb398a8939ac1947ef314
SERVER_HANDSHAKE_TRAFFIC_SECRET 4597482e58a0f9e62265bfd3f1cfe5cfff617e267690c20f0420bc3e8d594019 3565862f4fe3900908d180fa9076b3bc2f5f5b95d18e4979324ba550d2e32af4
CLIENT_TRAFFIC_SECRET_0 4597482e58a0f9e62265bfd3f1cfe5cfff617e267690c20f0420bc3e8d594019 43a23967d58d08d05dd236183a6ef186747f5d742d3f769e9945317129e0ad41
SERVER_TRAFFIC_SECRET_0 4597482e58a0f9e62265bfd3f1cfe5cfff617e267690c20f0420bc3e8d594019 dfc8050777e0e5e76fa8ee44acb221f803370a3629e647976d0c82daf44fc414
EXPORTER_SECRET 4597482e58a0f9e62265bfd3f1cfe5cfff617e267690c20f0420bc3e8d594019 58ec5b0e3985d956c15cba6bf5dee5d1085d6904c8ff63fbf447ddc426a2d596
CLIENT_HANDSHAKE_TRAFFIC_SECRET 5be5ed9b9e7e16f7f0b73c5b32178ad9df0125515d81fa4078270bbeeb79abdd 6dbe01a0060a773935fd4fa927f763744d1556dc451c317e3fd70e5bddbad0f0
SERVER_HANDSHAKE_TRAFFIC_SECRET 5be5ed9b9e7e16f7f0b73c5b32178ad9df0125515d81fa4078270bbeeb79abdd 1a247129bdc48e3b6a580b8503b7148efef8ff2b2f540ddfe6bcd2eab061f109
CLIENT_TRAFFIC_SECRET_0 5be5ed9b9e7e16f7f0b73c5b32178ad9df0125515d81fa4078270bbeeb79abdd 65223851c944f42684a8144a5aaeaa95f4d00d12bbd4ef3c276d2aaf25d79598
SERVER_TRAFFIC_SECRET_0 5be5ed9b9e7e16f7f0b73c5b32178ad9df0125515d81fa4078270bbeeb79abdd 3d2af28e4368b22aab59d395d85454a664ad0858d8b76921289a15c750747392
EXPORTER_SECRET 5be5ed9b9e7e16f7f0b73c5b32178ad9df0125515d81fa4078270bbeeb79abdd 87d772b31e74c299d9f723eaf26ec83e911d7284e0b293b32ad41fdee1f345ea
CLIENT_HANDSHAKE_TRAFFIC_SECRET e3e5a7c43e32ba4f6c5b3be3310e0ea122dcec8c50ac1ebc9df768dae142a645 1b4430823e17fd19783a40eaaa1ef2fd4e564124219baa0a1f9e27be7490e90f
SERVER_HANDSHAKE_TRAFFIC_SECRET e3e5a7c43e32ba4f6c5b3be3310e0ea122dcec8c50ac1ebc9df768dae142a645 6ed86d91cd5d93b2b064989a1425b4dc846397faa702e9d6ca678b197d358092
CLIENT_TRAFFIC_SECRET_0 e3e5a7c43e32ba4f6c5b3be3310e0ea122dcec8c50ac1ebc9df768dae142a645 df0cdd62219cbff95204cf4507dd2a5e0b352aaf26968f2fd3952687b4da0db7
SERVER_TRAFFIC_SECRET_0 e3e5a7c43e32ba4f6c5b3be3310e0ea122dcec8c50ac1ebc9df768dae142a645 44bc58af221a870d17ecab75417a3e61f977d2c9fefb51fb74f14863901b6a5d
EXPORTER_SECRET e3e5a7c43e32ba4f6c5b3be3310e0ea122dcec8c50ac1ebc9df768dae142a645 3c967fc4975b8d6109eb04431d0075e2a2ed1c60d69c42b19a49587764424754
CLIENT_HANDSHAKE_TRAFFIC_SECRET 8d79ff81107bea39ddfbe3250114141b29c18bec1beb12b24e1abd79d02b7e0a 7d1385ce8989351296dd115b945dfc4b44140c3bc5d988ab670f20f2037a9d3a
SERVER_HANDSHAKE_TRAFFIC_SECRET 8d79ff81107bea39ddfbe3250114141b29c18bec1beb12b24e1abd79d02b7e0a fe36bc19072ef4249b2b9a1a61d31b25a3008d22a68ac934dfbf6f54e8886d1f
CLIENT_TRAFFIC_SECRET_0 8d79ff81107bea39ddfbe3250114141b29c18bec1beb12b24e1abd79d02b7e0a 095917be068a217324a2f52f285da51577daf608d429bfadf848b7e898c12852
SERVER_TRAFFIC_SECRET_0 8d79ff81107bea39ddfbe3250114141b29c18bec1beb12b24e1abd79d02b7e0a c790ee7f68c5df877563f72a9e9c8bfd66807a083decdfb8a4b993dab24980ca
EXPORTER_SECRET 8d79ff81107bea39ddfbe3250114141b29c18bec1beb12b24e1abd79d02b7e0a da82977dfde7eb99db022b91b7bfeaa655cee2052a9df66ec7a366549209b2d4
