CLIENT_HANDSHAKE_TRAFFIC_SECRET b72cc2facd070cda62c3ebcbe7276c8bf507c31d8c64bf224a85037a3b1af74b 8dc4f6804b32bca828457df3bed274745c3c780f0cf6b112009ef4b8873224b8
SERVER_HANDSHAKE_TRAFFIC_SECRET b72cc2facd070cda62c3ebcbe7276c8bf507c31d8c64bf224a85037a3b1af74b 1e0d07f99ec65f88c615d5719ee9628a99f828d3c68ff871dbe25031c7ed477b
CLIENT_TRAFFIC_SECRET_0 b72cc2facd070cda62c3ebcbe7276c8bf507c31d8c64bf224a85037a3b1af74b 8f20a1be3da7c314d6c3368abbf0f7edbfea2d1ecab8ad88d26f6394c87640be
SERVER_TRAFFIC_SECRET_0 b72cc2facd070cda62c3ebcbe7276c8bf507c31d8c64bf224a85037a3b1af74b 46cb63378b13647cc383d4e3f95598ef50a52e2d9a53613a888e11574311465a
EXPORTER_SECRET b72cc2facd070cda62c3ebcbe7276c8bf507c31d8c64bf224a85037a3b1af74b 83cd97314aaf6f8694a085e15cb9a58c7274dd9568e3770621e1c848318a1ec1
CLIENT_HANDSHAKE_TRAFFIC_SECRET a8704a34337157f11ef8e4159829fcf3a6205f939ab778e61ab0b81466ba42bc 541bf7af455a07d768df093e8f07d21991b1611f6b0a718f49f317038d022616
SERVER_HANDSHAKE_TRAFFIC_SECRET a8704a34337157f11ef8e4159829fcf3a6205f939ab778e61ab0b81466ba42bc e0fced357fe6b18ec2a44edf93903413c43e1ee8ad24799ea1dafe0d3eba5c47
CLIENT_HANDSHAKE_TRAFFIC_SECRET 58f1afd3a276966855d2334377a9e2fe4db5de389d6fce741a396dfcd9ca8225 e533fbaeb930793f8dc283d0b736feaff6dba4d314a1a8d1ee07e25df6923b4d
SERVER_HANDSHAKE_TRAFFIC_SECRET 58f1afd3a276966855d2334377a9e2fe4db5de389d6fce741a396dfcd9ca8225 d1b23d4b6c43dbbc584c490203eb6080ab4c9fde71e61c958d70f0a7105945b9
CLIENT_HANDSHAKE_TRAFFIC_SECRET ccec27fe97b17ac45e075235541b5300b7321e0f8fe2ac0848caa50a7c97e308 f1900a16c46e359df2cd8aeac0ad66297a204a4bcba104f5fa22694a3d00c346
SERVER_HANDSHAKE_TRAFFIC_SECRET ccec27fe97b17ac45e075235541b5300b7321e0f8fe2ac0848caa50a7c97e308 71f4ad6e5adeb47ab54c7632c14872c8e88e3ccbbafe2e4a638509632c7818c4
CLIENT_TRAFFIC_SECRET_0 a8704a34337157f11ef8e4159829fcf3a6205f939ab778e61ab0b81466ba42bc cd9ede5016dc086d3eaabcf02ca9483660fe580a31f2dc08cc2a9c8201a1cf0a
SERVER_TRAFFIC_SECRET_0 a8704a34337157f11ef8e4159829fcf3a6205f939ab778e61ab0b81466ba42bc 8f803180d2a6d4cc43bfb7e7aa020ecdc65a7d2a51cda1ad008ff8d815af1285
EXPORTER_SECRET a8704a34337157f11ef8e4159829fcf3a6205f939ab778e61ab0b81466ba42bc df4cf776d82dee3349a99b03d3f592d4c33f6e0853a5ffb2b1eaa315769b0feb
CLIENT_TRAFFIC_SECRET_0 ccec27fe97b17ac45e075235541b5300b7321e0f8fe2ac0848caa50a7c97e308 a15ba4eefa8ac8af3be77c1b8a349b9b1548c6444229adeb4549b6003675ca68
SERVER_TRAFFIC_SECRET_0 ccec27fe97b17ac45e075235541b5300b7321e0f8fe2ac0848caa50a7c97e308 c9c129ad0e0880f0b2150d9e6c3f501f06438c19732a35b88b4acc2942df1748
EXPORTER_SECRET ccec27fe97b17ac45e075235541b5300b7321e0f8fe2ac0848caa50a7c97e308 c668432200d705279417f90054ac68478cbda3fe14b8507c05b0758b8623ebb5
CLIENT_TRAFFIC_SECRET_0 58f1afd3a276966855d2334377a9e2fe4db5de389d6fce741a396dfcd9ca8225 d6d1145c2a3c24b1ce1e9df2eb5deca7bbaa723e1e843317b78c4b5ad4fb0667
SERVER_TRAFFIC_SECRET_0 58f1afd3a276966855d2334377a9e2fe4db5de389d6fce741a396dfcd9ca8225 cf920e6297407e0fcf0a4314b03cc908ca1c399c821a2997fe5369474d64605b
EXPORTER_SECRET 58f1afd3a276966855d2334377a9e2fe4db5de389d6fce741a396dfcd9ca8225 4170761dda7d55308465a7fe7b7b9e0675c19d68bf622ff6ec3b5740a27a4c06
CLIENT_HANDSHAKE_TRAFFIC_SECRET 197bc3fd287f857e10e82a996db8d5c31c0275bb638bdb8aa800ba346e656c28 53a93bee8aea539f1ebf0cd68653151829a30cec229d84e1399dc747b0a8f0f2
SERVER_HANDSHAKE_TRAFFIC_SECRET 197bc3fd287f857e10e82a996db8d5c31c0275bb638bdb8aa800ba346e656c28 a1df00417b3165442f23f38620d1fcdce1c4976f2464ab4304dd3827646092f8
CLIENT_TRAFFIC_SECRET_0 197bc3fd287f857e10e82a996db8d5c31c0275bb638bdb8aa800ba346e656c28 1f91b45274ea30fd14b72969a9e1cd685398af32b1ecb1abd67af9142e852012
SERVER_TRAFFIC_SECRET_0 197bc3fd287f857e10e82a996db8d5c31c0275bb638bdb8aa800ba346e656c28 bafd69295375c265f97f5cd586d089ae897f1639289f32cc856bd36c2dcf6ea9
EXPORTER_SECRET 197bc3fd287f857e10e82a996db8d5c31c0275bb638bdb8aa800ba346e656c28 36b187a504b614211eabfbfa1ad24540d6061c8e970afe12335f5d890158f167
CLIENT_HANDSHAKE_TRAFFIC_SECRET 87483a514d8512c8c4950c914f40d86423f7723bcfbe2490e85d39515ad9adc2 eab3748fe0533aae81100642cc86e4950c0fb62e1ff5e7678fe5740a24b55c47
SERVER_HANDSHAKE_TRAFFIC_SECRET 87483a514d8512c8c4950c914f40d86423f7723bcfbe2490e85d39515ad9adc2 7a5e7cfeeed354ef449b24e260aa08ea79a887beaa581928defa2f1040180e08
CLIENT_TRAFFIC_SECRET_0 87483a514d8512c8c4950c914f40d86423f7723bcfbe2490e85d39515ad9adc2 11903b1f5356b2e585c8c3bde3ed53f699ec559536c16960cfe686c68dc3db50
SERVER_TRAFFIC_SECRET_0 87483a514d8512c8c4950c914f40d86423f7723bcfbe2490e85d39515ad9adc2 f3e54a005df9541b50a16dd0fbf012ce682786239f58dacbd6aeb95ddc6e6ed9
EXPORTER_SECRET 87483a514d8512c8c4950c914f40d86423f7723bcfbe2490e85d39515ad9adc2 876f1e2b3bf0c4ac967af6f2ab12a414f414ef53dcf08bad1402be1facdccd4e
CLIENT_HANDSHAKE_TRAFFIC_SECRET 34eb209b2634f8a3d1ac063daca040d824b8434e7fa2228c44b67051268fb180 a034c931f61bd7cd4bd974f65025589f3085f79b6b983702346a3bcac90003b3
SERVER_HANDSHAKE_TRAFFIC_SECRET 34eb209b2634f8a3d1ac063daca040d824b8434e7fa2228c44b67051268fb180 2c46c9ad2ce6afed357ed2d44cd60603c4177ab08e773c248f3a00d87f0ffaf2
CLIENT_HANDSHAKE_TRAFFIC_SECRET ad90f904f7aae45e260efcf8177257eff710c16f356fb8149c45330102196c3a 092363b36d5f28acf9329b90d515375a26d9f1709ef8123439527daf3cd8ad8b
SERVER_HANDSHAKE_TRAFFIC_SECRET ad90f904f7aae45e260efcf8177257eff710c16f356fb8149c45330102196c3a 85f502087b7d0f128bd720021326d803e16ad5b6d9b353ad3ff97eb96b40f441
CLIENT_TRAFFIC_SECRET_0 ad90f904f7aae45e260efcf8177257eff710c16f356fb8149c45330102196c3a 08c7d7e55f3fb2a96ed500ecc6a1476a618e490b3a9a70b4ffa2805e57a76720
SERVER_TRAFFIC_SECRET_0 ad90f904f7aae45e260efcf8177257eff710c16f356fb8149c45330102196c3a 1ee889133f1b1fd33834b672cdbf3b17ec299ff5df9710d7cacf5fa389e41f33
EXPORTER_SECRET ad90f904f7aae45e260efcf8177257eff710c16f356fb8149c45330102196c3a 1bf0ab76a1b5795f63de03a72cf9811f9e84c8d77d8072277bbe41718bc472f2
CLIENT_TRAFFIC_SECRET_0 34eb209b2634f8a3d1ac063daca040d824b8434e7fa2228c44b67051268fb180 0516ecf64887b60eb3fcb6144217d1c9009267e466bf7d37467fcc5b3ee5cd44
SERVER_TRAFFIC_SECRET_0 34eb209b2634f8a3d1ac063daca040d824b8434e7fa2228c44b67051268fb180 1269391fcca033f3c17fdab24eb7a2e9b78719b227d92c1081795eeb6470c289
EXPORTER_SECRET 34eb209b2634f8a3d1ac063daca040d824b8434e7fa2228c44b67051268fb180 7741a588402325f6f446245dddc83c392498fdcef3f603a890c3bbc0a89a5b0d
CLIENT_HANDSHAKE_TRAFFIC_SECRET 8361d0175b4a9d6053e1584c4da29d3b33ac921f840c7ef61a0dea6aeea38ee1 008bb06f3760c18c191534d0a7cb36986c73a0731ff1566ce629fa16dff10218
SERVER_HANDSHAKE_TRAFFIC_SECRET 8361d0175b4a9d6053e1584c4da29d3b33ac921f840c7ef61a0dea6aeea38ee1 cdee9f0622fb7e605c085930c8e886ffdab931b265d375568d5f0761e76aca49
CLIENT_TRAFFIC_SECRET_0 8361d0175b4a9d6053e1584c4da29d3b33ac921f840c7ef61a0dea6aeea38ee1 971a5f7a585ce283c089f9a023d9313492dba94d997727ada596b4180d7a648d
SERVER_TRAFFIC_SECRET_0 8361d0175b4a9d6053e1584c4da29d3b33ac921f840c7ef61a0dea6aeea38ee1 adea461736912ad7a170285c4a7c328a7db92f39881d0370868166f2fad50905
EXPORTER_SECRET 8361d0175b4a9d6053e1584c4da29d3b33ac921f840c7ef61a0dea6aeea38ee1 aaea6cf084f0c2a534248b8c86a185c24c13bb1d2876052d8c6083324a5e41d9
CLIENT_HANDSHAKE_TRAFFIC_SECRET ba7ce112f73bf4e0fa7ac34c61c69dea8ca610e9729f4261228df03ed47cb8e8 ae203e3374049cd6d986ae0b74e897c740a801ce05dfadcce3e6c812efda2f86
SERVER_HANDSHAKE_TRAFFIC_SECRET ba7ce112f73bf4e0fa7ac34c61c69dea8ca610e9729f4261228df03ed47cb8e8 ac9545dfc622994227357fcf68678a7c55c615698c48352fdc878b3fecb7ef26
CLIENT_TRAFFIC_SECRET_0 ba7ce112f73bf4e0fa7ac34c61c69dea8ca610e9729f4261228df03ed47cb8e8 3aacb6c3ecdd13c76b568a96d13e740dff4e8527b0a7ee88c5892bd0a0e972f3
SERVER_TRAFFIC_SECRET_0 ba7ce112f73bf4e0fa7ac34c61c69dea8ca610e9729f4261228df03ed47cb8e8 394f99667017d4e55ade4a03b04d2a593535770d1a46bb25bc95e8ab416727eb
EXPORTER_SECRET ba7ce112f73bf4e0fa7ac34c61c69dea8ca610e9729f4261228df03ed47cb8e8 2d0ddd8a0ed8545b90e209f93a70e332cfc71240deb6cceabd518c97d1678611
CLIENT_HANDSHAKE_TRAFFIC_SECRET 3d568cc4f0a021c7886e474ff257456fd46573df947f3bc5f67fb6b5fd5400f2 17314bde6f66a47011ae3cc4325817f48104ab310d983963faa99ad4b3e3f7ad
SERVER_HANDSHAKE_TRAFFIC_SECRET 3d568cc4f0a021c7886e474ff257456fd46573df947f3bc5f67fb6b5fd5400f2 ddda36b13a8db3e72e12846a252f7473be6aa67c3acc96260f19795ca8b1e153
CLIENT_TRAFFIC_SECRET_0 3d568cc4f0a021c7886e474ff257456fd46573df947f3bc5f67fb6b5fd5400f2 8bf25523fb72d525d29647fc32a2e8957bd9bf28cf4a8c66b2a69c3c428ec4fa
SERVER_TRAFFIC_SECRET_0 3d568cc4f0a021c7886e474ff257456fd46573df947f3bc5f67fb6b5fd5400f2 354f0542a0b892f3674217343dec1d3b05622429b451ce9c4c9659eb07a0158b
EXPORTER_SECRET 3d568cc4f0a021c7886e474ff257456fd46573df947f3bc5f67fb6b5fd5400f2 1424fd1506da7d6143493d53940cf57ab81147b701a7c64c983c675018998c32
CLIENT_HANDSHAKE_TRAFFIC_SECRET a1e39ffc473abcff892bcca7d5ea6445ecaa396c7bb675eb0022099e0783e5d2 77d44b6429d87a2f4668120c1c72be0822ed07a51a4f327e9f09588d0db96c04
SERVER_HANDSHAKE_TRAFFIC_SECRET a1e39ffc473abcff892bcca7d5ea6445ecaa396c7bb675eb0022099e0783e5d2 32559ae1ec7eac804f25f16cc3b2da8ab05ec829e636898b0c192b9e0a51e202
CLIENT_TRAFFIC_SECRET_0 a1e39ffc473abcff892bcca7d5ea6445ecaa396c7bb675eb0022099e0783e5d2 e35084e0fe26a1caa893c57248f88990b3c847dea9f4b035e20a5173f1f33121
SERVER_TRAFFIC_SECRET_0 a1e39ffc473abcff892bcca7d5ea6445ecaa396c7bb675eb0022099e0783e5d2 0bcbd0e2ad03eaf028c3594db7ee3bff87fc06ab5fc3807342e5d27f9dbb855b
EXPORTER_SECRET a1e39ffc473abcff892bcca7d5ea6445ecaa396c7bb675eb0022099e0783e5d2 c8c3813f4f15a73d9eb4d89eee71d974b01bf9921894f7df13a5e0e0cec242ad
CLIENT_HANDSHAKE_TRAFFIC_SECRET b3c81727ebe7603a88c5b2c222e3ce1f787c922e3c7df83f7766487ca1cf91c1 86a67dd4c12ad5126d56d8fc2fc6fc2acbcf82221ff888812b3637a35f6a3589
SERVER_HANDSHAKE_TRAFFIC_SECRET b3c81727ebe7603a88c5b2c222e3ce1f787c922e3c7df83f7766487ca1cf91c1 5d3357295f435a7a0d41ebb75e7b053b17e071f535ecc2c521bb888b5d20ea94
CLIENT_TRAFFIC_SECRET_0 b3c81727ebe7603a88c5b2c222e3ce1f787c922e3c7df83f7766487ca1cf91c1 52db3227dacddcf3bcab63837fda75958b47ba1045ec7e471651b24f28028480
SERVER_TRAFFIC_SECRET_0 b3c81727ebe7603a88c5b2c222e3ce1f787c922e3c7df83f7766487ca1cf91c1 dceee0a3a236526874acce055864518bb7f926d2e7b2efb2d4e04332bed6f4db
EXPORTER_SECRET b3c81727ebe7603a88c5b2c222e3ce1f787c922e3c7df83f7766487ca1cf91c1 a726f9151b93618d88b61e7c88e6c65daf3415319aabfddd4ac14f1df4c4da61
CLIENT_HANDSHAKE_TRAFFIC_SECRET 42a41a527ccee2bf2abb4305b95c08bcb0d842d70621cb47c7842d911f100717 e69333b5b33bdbd0140cf62e625ba43e8a9296cc997985507bd22c0661fed529
SERVER_HANDSHAKE_TRAFFIC_SECRET 42a41a527ccee2bf2abb4305b95c08bcb0d842d70621cb47c7842d911f100717 26bf2e4d42795448d3fff925b8f362e3d11beaec24175a2779a1335978982457
CLIENT_HANDSHAKE_TRAFFIC_SECRET a4af5c9340c5aa5028de462c09bfdc40c386e8dbe695222e74a44249c5baab44 9200fc6a6328c793ba7ae24411e3e75e9d7da24c6f02a7866ab6c257c6a8ebed
SERVER_HANDSHAKE_TRAFFIC_SECRET a4af5c9340c5aa5028de462c09bfdc40c386e8dbe695222e74a44249c5baab44 21c23e2624ba165b9af28f1047e9d54c0a0ddaf3387683ccf733e1689e52cc94
CLIENT_TRAFFIC_SECRET_0 a4af5c9340c5aa5028de462c09bfdc40c386e8dbe695222e74a44249c5baab44 aacff60a12db4e9b4979f9db888c9e0ad61f9b9c5f6c409b7c63e5f70c2b2e27
SERVER_TRAFFIC_SECRET_0 a4af5c9340c5aa5028de462c09bfdc40c386e8dbe695222e74a44249c5baab44 8262cf764ea3e0e1d96fcde921737df31a0e0e9f32608be5e519c6233750ff5f
EXPORTER_SECRET a4af5c9340c5aa5028de462c09bfdc40c386e8dbe695222e74a44249c5baab44 fa725f034b71fb4ac8d043ea4f248c2be49fa05c4219be917380f408e3d78bc4
CLIENT_TRAFFIC_SECRET_0 42a41a527ccee2bf2abb4305b95c08bcb0d842d70621cb47c7842d911f100717 7b8d1230ab0aaed8cbcc72dae425adad721f2a66b01420f3e085aef939e08253
SERVER_TRAFFIC_SECRET_0 42a41a527ccee2bf2abb4305b95c08bcb0d842d70621cb47c7842d911f100717 2f542d912d8079642f38cc7da5c971fef1c80b71335d321071f4899d1ce5bfac
EXPORTER_SECRET 42a41a527ccee2bf2abb4305b95c08bcb0d842d70621cb47c7842d911f100717 5d128105bfa856aee91c5c6899d9cde563054faaaa191eb69af01f9b9ccc3fe2
CLIENT_HANDSHAKE_TRAFFIC_SECRET 8d5bd82bcd7a3bef8aee255296ebfac05b9bcd8c445d8cf30041f5ed96bb9b2a 276066a0a794ff4e505ac9c7422fe4196af4894fb6a4481a44d5c6b4b4fde59e
SERVER_HANDSHAKE_TRAFFIC_SECRET 8d5bd82bcd7a3bef8aee255296ebfac05b9bcd8c445d8cf30041f5ed96bb9b2a e397c17b32700afb213c6782869938292735ed2855cd328608da7a548baecfd8
CLIENT_TRAFFIC_SECRET_0 8d5bd82bcd7a3bef8aee255296ebfac05b9bcd8c445d8cf30041f5ed96bb9b2a 9794236e684f6ed3c099b8fe0fbb65cf5cf2e05e319f654e073eb27786361aa0
SERVER_TRAFFIC_SECRET_0 8d5bd82bcd7a3bef8aee255296ebfac05b9bcd8c445d8cf30041f5ed96bb9b2a 426c21b6515007abb80bb584b0a13ce427b9ff92671443c28da39610538fa48b
EXPORTER_SECRET 8d5bd82bcd7a3bef8aee255296ebfac05b9bcd8c445d8cf30041f5ed96bb9b2a 2bad37100e8d9b93861379ca772fc2af4d057344aaf74a840082b4c0bed6941b
CLIENT_HANDSHAKE_TRAFFIC_SECRET e6b3c593455efc2abfeb20bde204c98d63c376835dd2a5acb956fa885bbdd1ee 31b74b2e5422b95044046de8876b2aed6676bbd6c6b0e4871218f5e1bde81e60
SERVER_HANDSHAKE_TRAFFIC_SECRET e6b3c593455efc2abfeb20bde204c98d63c376835dd2a5acb956fa885bbdd1ee b00f4dadd2c9d71f89e4d59ac87219b2313f167406e38aee80d645109ab42736
CLIENT_TRAFFIC_SECRET_0 e6b3c593455efc2abfeb20bde204c98d63c376835dd2a5acb956fa885bbdd1ee 26195a7a21466f749983413a57e5a095be6d6127420879ccc5e3b4912209578e
SERVER_TRAFFIC_SECRET_0 e6b3c593455efc2abfeb20bde204c98d63c376835dd2a5acb956fa885bbdd1ee b77f01f14087bb2b4b9153872727fa6756aab9960fec2cefc69d1d811f151a6f
EXPORTER_SECRET e6b3c593455efc2abfeb20bde204c98d63c376835dd2a5acb956fa885bbdd1ee a5a5c7eeb653f59bc7d8466c60011f2da3d508741dc4ba3765881118f753705a
CLIENT_HANDSHAKE_TRAFFIC_SECRET f18c23cb26a068999d5e1fbddb2676b896fb2e96446da8c9a3b1d952e70c71f4 aedca3bfed9dfb286e7c538409df6a580beea16210cf1a67aeb5842ad3e77ffd
SERVER_HANDSHAKE_TRAFFIC_SECRET f18c23cb26a068999d5e1fbddb2676b896fb2e96446da8c9a3b1d952e70c71f4 dc1ecbadb5a84715911328347b4ed087b94fd5ee5b7ea4567c484be31b2bc717
CLIENT_TRAFFIC_SECRET_0 f18c23cb26a068999d5e1fbddb2676b896fb2e96446da8c9a3b1d952e70c71f4 b7c877045cdaf640aab8b10a3b5f34fce9381429cea58051ad5454965159ff3a
SERVER_TRAFFIC_SECRET_0 f18c23cb26a068999d5e1fbddb2676b896fb2e96446da8c9a3b1d952e70c71f4 aa10bb7faf35d2ce115404be678ac3ee9a539c50eb3e1e103088ca50bea650c6
EXPORTER_SECRET f18c23cb26a068999d5e1fbddb2676b896fb2e96446da8c9a3b1d952e70c71f4 61d777c4c171d8a8edbdc7025c6434c0410f70ee6127cf5381df38cb2f215ede
CLIENT_HANDSHAKE_TRAFFIC_SECRET 46195d367506f495d967866a36694856a93dec06c524dc3da734c63570fc3965 9f4c1d1176f6c96401cefe8b1016e5169748339c38be26cf613fbe571af84ba5
SERVER_HANDSHAKE_TRAFFIC_SECRET 46195d367506f495d967866a36694856a93dec06c524dc3da734c63570fc3965 cb14cf3312c3cd01509a52db7630582e2537d739928145ba28cd679ad14c44d7
CLIENT_TRAFFIC_SECRET_0 46195d367506f495d967866a36694856a93dec06c524dc3da734c63570fc3965 66080dc410abef9f8ab74cf0bf6600e2ffa63d63468ae543cc5c31e35d72dc0f
SERVER_TRAFFIC_SECRET_0 46195d367506f495d967866a36694856a93dec06c524dc3da734c63570fc3965 2e77dce01e6958800f6a1d62bd51cd7e6a9a85a46168e070189378970fae8507
EXPORTER_SECRET 46195d367506f495d967866a36694856a93dec06c524dc3da734c63570fc3965 b9b561c39958681e9c7c4c3912fd04daac872b83b656041754fbc5149674fa5e
CLIENT_HANDSHAKE_TRAFFIC_SECRET 650ff77d94f5417f574050b59b843f9e05fc44c772a926f116c222176e4d6098 8b226e8fcb0b5f1ab2c0c89c53cf00b44bf74f0b0659ddb1dd5ca68266cf7a6a
SERVER_HANDSHAKE_TRAFFIC_SECRET 650ff77d94f5417f574050b59b843f9e05fc44c772a926f116c222176e4d6098 89b8348fb1d0ba25e598c6968fbba9c5aef7aeba585069c541dbd0c42bc75e78
CLIENT_TRAFFIC_SECRET_0 650ff77d94f5417f574050b59b843f9e05fc44c772a926f116c222176e4d6098 b20f5d6acc486a7cfd8b94a96b10cb8e7590d6b3cb0976a86561d9118adea583
SERVER_TRAFFIC_SECRET_0 650ff77d94f5417f574050b59b843f9e05fc44c772a926f116c222176e4d6098 2d0d485e8209100638f5732861790a50543e93f469eecadacf878251cdca9ee8
EXPORTER_SECRET 650ff77d94f5417f574050b59b843f9e05fc44c772a926f116c222176e4d6098 c95aa8b784abdf4654864be43f255751da8ca04894f4a776e03735d8a979e9fa
CLIENT_HANDSHAKE_TRAFFIC_SECRET 059d2f09d7e1e7d7da85f1655892f53fd3d4adf19b0a316ad1e76279d42c3671 c78932967d9e679fcf1ffc6733ae35f971db8af1e451c54a626d635b6961babf
SERVER_HANDSHAKE_TRAFFIC_SECRET 059d2f09d7e1e7d7da85f1655892f53fd3d4adf19b0a316ad1e76279d42c3671 307b37342dc6e5fa485e3d674aa8d2673eb0c2e576b0a77dce7191d668057384
CLIENT_TRAFFIC_SECRET_0 059d2f09d7e1e7d7da85f1655892f53fd3d4adf19b0a316ad1e76279d42c3671 1d5c7703882af91c6ca82db6b6bbd4216a83ca2f6c395446ce7a59da625466f3
SERVER_TRAFFIC_SECRET_0 059d2f09d7e1e7d7da85f1655892f53fd3d4adf19b0a316ad1e76279d42c3671 1bdbe46c4af8996fdfc590a815112311e3eddf90cc8c96b38e65d7c18d870b42
EXPORTER_SECRET 059d2f09d7e1e7d7da85f1655892f53fd3d4adf19b0a316ad1e76279d42c3671 dd93612b9d99c5173518863cc9a80bf3e1e38216f5c9123345c87ae21070240b
CLIENT_HANDSHAKE_TRAFFIC_SECRET cd6bdaf643b625ca8386c7aaabe2a7d41f286d16005d08e090ad2f6c0894c5b4 f7f466b6f4f5a3a925b5459bd1f867f2715357c3ebea4f7d55435d8f95297c00
SERVER_HANDSHAKE_TRAFFIC_SECRET cd6bdaf643b625ca8386c7aaabe2a7d41f286d16005d08e090ad2f6c0894c5b4 c12387a77a097e10fac08feb34ab438a74fb9e25b9de079ad841de9f2b2d99cf
CLIENT_TRAFFIC_SECRET_0 cd6bdaf643b625ca8386c7aaabe2a7d41f286d16005d08e090ad2f6c0894c5b4 4a8adf9f05d46ec7f35fb56e994ede8907c6d76f850ca10065f817d85209b8a1
SERVER_TRAFFIC_SECRET_0 cd6bdaf643b625ca8386c7aaabe2a7d41f286d16005d08e090ad2f6c0894c5b4 e0852a13e23788ee8c8ff76555a143ae857c4b50185eec3dc21eda1f29f831e0
EXPORTER_SECRET cd6bdaf643b625ca8386c7aaabe2a7d41f286d16005d08e090ad2f6c0894c5b4 87118ea0f69bbc4835438a26271749868cd6b5bf0c54ace3860ca7289d0411dd
