CLIENT_HANDSHAKE_TRAFFIC_SECRET 9842eae114fd79189502d91c91558cdb2c0b38cc3458891a656b71d253b1015a 5a441523f01090edcf2abafbbcf6dc40d3d9f59292a7406343ca4c7cdf0e0809
SERVER_HANDSHAKE_TRAFFIC_SECRET 9842eae114fd79189502d91c91558cdb2c0b38cc3458891a656b71d253b1015a 196d9149156fd4c64fc10c1a84a85f171223356128987db2245022a13f3a38c4
CLIENT_TRAFFIC_SECRET_0 9842eae114fd79189502d91c91558cdb2c0b38cc3458891a656b71d253b1015a 43fc600d5287ae1aafc21a918b4f5679cad811e5f0996d3c7a252e16d05b7ba1
SERVER_TRAFFIC_SECRET_0 9842eae114fd79189502d91c91558cdb2c0b38cc3458891a656b71d253b1015a d425f545a98cd72a0ed75eb6d9c028add75fd3a1bd0dace4c87468144c3fc686
EXPORTER_SECRET 9842eae114fd79189502d91c91558cdb2c0b38cc3458891a656b71d253b1015a 0428163c7e3fec35216717766000dc62f2f9dbbb5774f2424732a8087fd0a3f7
CLIENT_HANDSHAKE_TRAFFIC_SECRET 993042cfe04c6f5529945b91ab6a7d467b88a08209531a789c37797acb3f0a1c 600622b397955afa0b6c60f22feff48a3258f051aba2533199971628c530e147
SERVER_HANDSHAKE_TRAFFIC_SECRET 993042cfe04c6f5529945b91ab6a7d467b88a08209531a789c37797acb3f0a1c 6536ce7ffd1d8e6e2fd2ae8bfb3d5157bca72e3c287ee6e9f5ad193e8fb2d2a7
CLIENT_HANDSHAKE_TRAFFIC_SECRET 760d8e4b760956acbaad9171995ca3df1c347c6248da7df9851690894fd83bd5 9533dc10474bb193756313b565dccc1db15a05b9413d58d01c1acb73dbab9acb
SERVER_HANDSHAKE_TRAFFIC_SECRET 760d8e4b760956acbaad9171995ca3df1c347c6248da7df9851690894fd83bd5 6569c7d4b8a70fe5b2d4f9c333887491c6d9a14ed89efb3ee3b86f5fa1101067
CLIENT_TRAFFIC_SECRET_0 993042cfe04c6f5529945b91ab6a7d467b88a08209531a789c37797acb3f0a1c 721cf13d28be345cd0e25b99f57e4a3d4c16bf054b2064ba97934bf3104343b7
SERVER_TRAFFIC_SECRET_0 993042cfe04c6f5529945b91ab6a7d467b88a08209531a789c37797acb3f0a1c 80359b99d4df85702940838b833aadc6d1ac37ba19a861d0d361a3fe46ff0329
EXPORTER_SECRET 993042cfe04c6f5529945b91ab6a7d467b88a08209531a789c37797acb3f0a1c 42833ed0b3669bc9fc9626b46e154e13c5b8a783d8a55559852967d87eda4779
CLIENT_TRAFFIC_SECRET_0 760d8e4b760956acbaad9171995ca3df1c347c6248da7df9851690894fd83bd5 5ee222d7d03b9f71ebd3c81d8e745a6a249909098cf382924132dde48ad9ac7c
SERVER_TRAFFIC_SECRET_0 760d8e4b760956acbaad9171995ca3df1c347c6248da7df9851690894fd83bd5 e0ac34845a68033a134e9a58b15bacc4cb0ee4e3365524f6921bad09ca0a9ac4
EXPORTER_SECRET 760d8e4b760956acbaad9171995ca3df1c347c6248da7df9851690894fd83bd5 f2c3682efca501f1f0cc68dbe399a29df3e076b84b2628a9213999885393b311
CLIENT_HANDSHAKE_TRAFFIC_SECRET 793eaeedd781c7786e6f1a75c3d069d02d85145b4af8de95c01cc7b21ac40f36 896d9a09cf3d30e28c9245b79b352de447ac9ce6e68d291c1aa428db2e036dcc
SERVER_HANDSHAKE_TRAFFIC_SECRET 793eaeedd781c7786e6f1a75c3d069d02d85145b4af8de95c01cc7b21ac40f36 caac678fdec96d87918a7b8eb9bf6f45f142c730a70a383df1e51dfb5cd3f5ff
CLIENT_TRAFFIC_SECRET_0 793eaeedd781c7786e6f1a75c3d069d02d85145b4af8de95c01cc7b21ac40f36 c29e55319e26c48970205b00b803c8ff1335fe1134c04bc852b72b09a858221e
SERVER_TRAFFIC_SECRET_0 793eaeedd781c7786e6f1a75c3d069d02d85145b4af8de95c01cc7b21ac40f36 89eea3e55b119f90cc1bba9f8f40bcc2fc957c854cda014c6f13c18e03654aaf
EXPORTER_SECRET 793eaeedd781c7786e6f1a75c3d069d02d85145b4af8de95c01cc7b21ac40f36 ca1a7e3c988066bb990ad11808b7ae4c6bd6151f511460ac4127225d7f9d08b5
CLIENT_HANDSHAKE_TRAFFIC_SECRET 79e65ce78b3103ff7a3d26ef74a6223468f3a26ea387f752cd99f94801a9d3e0 8b68e747101ef666b2dc621ed67ddebc10f32722234dc63a4a2ebbf1a586f349a63a7acd0740f45deeb310d0b4a971e3
SERVER_HANDSHAKE_TRAFFIC_SECRET 79e65ce78b3103ff7a3d26ef74a6223468f3a26ea387f752cd99f94801a9d3e0 37b86529e23944ff11174083a3ab08adf56ea966f3882ae963209286d8738e65113b6950fb65a6181b148d28602dd42a
CLIENT_TRAFFIC_SECRET_0 79e65ce78b3103ff7a3d26ef74a6223468f3a26ea387f752cd99f94801a9d3e0 688a816df5fa8c0e75f936da9564e77602ab341b68a6fa1eaabf074810ad9555743415d2bc006258261f9c1a56ec796d
SERVER_TRAFFIC_SECRET_0 79e65ce78b3103ff7a3d26ef74a6223468f3a26ea387f752cd99f94801a9d3e0 fce6b58d7d94238cfdb2431412e619018c6694d39f33e5957fd525ec59f5ccdcbfd33acddfdb99ade11b930494cfb526
EXPORTER_SECRET 79e65ce78b3103ff7a3d26ef74a6223468f3a26ea387f752cd99f94801a9d3e0 58a301e656587feba4807a73480b0ea611731020dfd9e42417740b44f88bc65b91412fa133b1c2c923f35c538a26eae3
CLIENT_HANDSHAKE_TRAFFIC_SECRET 604e97e7c62b6717033257efafc2e3a91c882d2f9f9c724d5d99bc81ccfb0fa7 baae6982615167383180a14281e1113d172ca6ba159dcd7070c05fba8decc4cd
SERVER_HANDSHAKE_TRAFFIC_SECRET 604e97e7c62b6717033257efafc2e3a91c882d2f9f9c724d5d99bc81ccfb0fa7 71f7cf963a6c1b2fd7bcdd880198c7d0f24d31e21beb6b8004faf58d0e5118d0
CLIENT_TRAFFIC_SECRET_0 604e97e7c62b6717033257efafc2e3a91c882d2f9f9c724d5d99bc81ccfb0fa7 0e9903882dcc7544eaac099f1a21d62d65c59b69042d2500d86bc64a442731c2
SERVER_TRAFFIC_SECRET_0 604e97e7c62b6717033257efafc2e3a91c882d2f9f9c724d5d99bc81ccfb0fa7 c5504594105b3f971273fe9c873cf1b1b774747d2e3fc44e221a7b4a3562f6f6
EXPORTER_SECRET 604e97e7c62b6717033257efafc2e3a91c882d2f9f9c724d5d99bc81ccfb0fa7 301d9c6cd4aa1f905a55a91837312216a8aa9be8cf2783902855e7e0dfd56ac3
CLIENT_HANDSHAKE_TRAFFIC_SECRET 7126086e607f9a46c8c332a12574a50fd6e59e7f85619cfd8d2fff5f1968ce18 90f75d2b94c176d964e628289bc26d84fd285dd573c324945690ad1aac563fda
SERVER_HANDSHAKE_TRAFFIC_SECRET 7126086e607f9a46c8c332a12574a50fd6e59e7f85619cfd8d2fff5f1968ce18 b070c5b71dc0a1a9b51cffb1c124b43050d81234fb67e7db52817ec79d4f2aa4
CLIENT_TRAFFIC_SECRET_0 7126086e607f9a46c8c332a12574a50fd6e59e7f85619cfd8d2fff5f1968ce18 5d2c6a338bcdba0decbaca441a6ff2217095d4378a9a6f51f4074ae649f08743
SERVER_TRAFFIC_SECRET_0 7126086e607f9a46c8c332a12574a50fd6e59e7f85619cfd8d2fff5f1968ce18 f2ec1321b93b27f09a40f21765b8132af0c0d8f0e8b494162b8a2d007fc3ad3f
EXPORTER_SECRET 7126086e607f9a46c8c332a12574a50fd6e59e7f85619cfd8d2fff5f1968ce18 0e0aee29e20f30bb2c66a32ac15581866fcd9df093cb9d6899ca0ef265dddf3f
CLIENT_HANDSHAKE_TRAFFIC_SECRET 68deaa1c42ec6a97c83330260a88e65dbf7a3005d01ea124b2f4483c97097971 decb39e1fc4ac9f28343dba7db16ddfb29827f85b3c50aca58d91e49046a4bbf
SERVER_HANDSHAKE_TRAFFIC_SECRET 68deaa1c42ec6a97c83330260a88e65dbf7a3005d01ea124b2f4483c97097971 00ce93190142441dd58ff82fdca2ed52b9fc3d14b67a8c7acbe836f62d3f00d8
CLIENT_TRAFFIC_SECRET_0 68deaa1c42ec6a97c83330260a88e65dbf7a3005d01ea124b2f4483c97097971 e9e2f5b1532f1abf0706a8d72a291212b16f068d333dcba657e3b0f230aaf9b7
SERVER_TRAFFIC_SECRET_0 68deaa1c42ec6a97c83330260a88e65dbf7a3005d01ea124b2f4483c97097971 0f621537cb339363fd9ee7dcdde6014fb45e525a7fbf3d6cf96ac72490dc9068
EXPORTER_SECRET 68deaa1c42ec6a97c83330260a88e65dbf7a3005d01ea124b2f4483c97097971 c933c2269e3805baa7df54a5b37cfa46a6285f41497529d70328fb245a41dd48
CLIENT_HANDSHAKE_TRAFFIC_SECRET ddeea111138ef58e74a3bddc2788dba92b7079bada7f4576fa1459f51858553c 0fc377d5f12af32405b69d2cf0c9ca49a9992beb3afb6e5a0f5da17cd4b7d45d
SERVER_HANDSHAKE_TRAFFIC_SECRET ddeea111138ef58e74a3bddc2788dba92b7079bada7f4576fa1459f51858553c 9923cce7fed6f8a9dbf8d5e772a460cd1932985e64cbc56b46bd27bea3003229
CLIENT_HANDSHAKE_TRAFFIC_SECRET 66a3436fbe2d8f762feafdee3d4c9c7829e1ca2f3e0ee35426902a2b290ec6ab 795436ecbb94ea931fe6ef364de396cbdaee07737e301f5dae3adcd170d2b826
SERVER_HANDSHAKE_TRAFFIC_SECRET 66a3436fbe2d8f762feafdee3d4c9c7829e1ca2f3e0ee35426902a2b290ec6ab 3510db452d93939aae8602694d49c92c81ceffaf0ccfa0886f77c9aef955bb64
CLIENT_TRAFFIC_SECRET_0 ddeea111138ef58e74a3bddc2788dba92b7079bada7f4576fa1459f51858553c 95b277f23a12588d03378cde6ee5c1c989f894f8352922c278de7d3dadf3a2b6
SERVER_TRAFFIC_SECRET_0 ddeea111138ef58e74a3bddc2788dba92b7079bada7f4576fa1459f51858553c 2424b1d95657790bce457ca7f61b2d2f8499ba6857a23b47582e46f820ae2168
EXPORTER_SECRET ddeea111138ef58e74a3bddc2788dba92b7079bada7f4576fa1459f51858553c 431b05207956e06764e96ab117c4fd964989ae044e2a3eca02838bf140428dc7
CLIENT_TRAFFIC_SECRET_0 66a3436fbe2d8f762feafdee3d4c9c7829e1ca2f3e0ee35426902a2b290ec6ab 91931cfbd5044faac52eacf94026a8ecd602367b101bd70706b4d8aa3a829d83
SERVER_TRAFFIC_SECRET_0 66a3436fbe2d8f762feafdee3d4c9c7829e1ca2f3e0ee35426902a2b290ec6ab 9d57e04541017b9dd5c21c649c05981b7c11147b42afb615f12ae7630635dad5
EXPORTER_SECRET 66a3436fbe2d8f762feafdee3d4c9c7829e1ca2f3e0ee35426902a2b290ec6ab f455390e27938f395bf334258375ed2c0421c53a6b668225244d226bd6086154
CLIENT_HANDSHAKE_TRAFFIC_SECRET afac2de987c632360edb81a9d455423139ee9fe7247422c0c7eb462ee1951cf1 4b7fa99b6d8200f4f61c06ae6ccfd3d1491938837a9365570c7cdc1270d9eb77
SERVER_HANDSHAKE_TRAFFIC_SECRET afac2de987c632360edb81a9d455423139ee9fe7247422c0c7eb462ee1951cf1 ec29f0391feb4bf37981094be64ef018cf1d41843ffef41f375c17c643f47d23
CLIENT_TRAFFIC_SECRET_0 afac2de987c632360edb81a9d455423139ee9fe7247422c0c7eb462ee1951cf1 15956dfc750ca35f4e1e027339781697197ae1f5ae39ea217c0b63fff2d0a462
SERVER_TRAFFIC_SECRET_0 afac2de987c632360edb81a9d455423139ee9fe7247422c0c7eb462ee1951cf1 c42e1fb1efda950e6ddd2e2e8e262053c814eb1bdfc4c151148ebbfb20a7c634
EXPORTER_SECRET afac2de987c632360edb81a9d455423139ee9fe7247422c0c7eb462ee1951cf1 2354d71cb0844fe4f17778538e2d18266fc259e5977ae6218096eec28deff393
CLIENT_HANDSHAKE_TRAFFIC_SECRET 406eb257df354d8df1eee9dbfa2efdb6584c9bc9e454ac5b47d47010125d0608 088923b2bebc9494fc734d5817fe1076c1f5e6fd6e08697afecf7bc670ae2f20
SERVER_HANDSHAKE_TRAFFIC_SECRET 406eb257df354d8df1eee9dbfa2efdb6584c9bc9e454ac5b47d47010125d0608 23b342d1b78d776ee628123fed54b484249a6ba7dd3d9e481447e263b08a875d
CLIENT_TRAFFIC_SECRET_0 406eb257df354d8df1eee9dbfa2efdb6584c9bc9e454ac5b47d47010125d0608 b806ff4a8ab01d37931a1c20a33fc7307b48dedc2e8f9265f755d700488c292a
SERVER_TRAFFIC_SECRET_0 406eb257df354d8df1eee9dbfa2efdb6584c9bc9e454ac5b47d47010125d0608 d2a9475971a471f2685e704eec687485f98341310ae0c3d312aaeae9171de345
EXPORTER_SECRET 406eb257df354d8df1eee9dbfa2efdb6584c9bc9e454ac5b47d47010125d0608 335a598ec5e9b1edc91d90c81e81cafeb31b133bb4661a12247f76b71e34f391
CLIENT_HANDSHAKE_TRAFFIC_SECRET 5cfb448d1b830accda20f2f7dd23186fc067cc19813bed480737568f2744131c a3386dd9b5059159297a96d14e09e43779e108da1e0eb5c1608d01df34dfdfd3
SERVER_HANDSHAKE_TRAFFIC_SECRET 5cfb448d1b830accda20f2f7dd23186fc067cc19813bed480737568f2744131c 8aa0872d2b0ceb2db7ed1cd9407b02156a9742c160195026ef0968a521602dfe
CLIENT_TRAFFIC_SECRET_0 5cfb448d1b830accda20f2f7dd23186fc067cc19813bed480737568f2744131c 069e0056d1f71cac35331bc5df9c84143215cd879b67ba2d9d0954b884141dc2
SERVER_TRAFFIC_SECRET_0 5cfb448d1b830accda20f2f7dd23186fc067cc19813bed480737568f2744131c b19d620f7ef94cf2881649f12b044f13fa89fcca8d10db82ed2b8ff211045bb9
EXPORTER_SECRET 5cfb448d1b830accda20f2f7dd23186fc067cc19813bed480737568f2744131c ebb1d673b1e5ab8fc91926a2642ae5430f1669ca4927ff716b901e570c7eeebe
CLIENT_HANDSHAKE_TRAFFIC_SECRET 37eba24ce00290575af3323474bc2dc4bf1871b427afe0d1532946b27be78b70 16ce10259907e1b7de1fe1a309bf3cc7de48baec7b6c4bc5a79df2fcd033ac32
SERVER_HANDSHAKE_TRAFFIC_SECRET 37eba24ce00290575af3323474bc2dc4bf1871b427afe0d1532946b27be78b70 c559244c5c117a3cb8203fe26fbc6145af205598fd33d257958bbaa46fca8719
CLIENT_TRAFFIC_SECRET_0 37eba24ce00290575af3323474bc2dc4bf1871b427afe0d1532946b27be78b70 08059dcf5dc6d9e07dc82f1f08f732c3682ba422a077ce998d2504b73f69bc8a
SERVER_TRAFFIC_SECRET_0 37eba24ce00290575af3323474bc2dc4bf1871b427afe0d1532946b27be78b70 5614a9d3610d7e47221242c28cbae0feb18296eac58c015f89e9eb047d436e38
EXPORTER_SECRET 37eba24ce00290575af3323474bc2dc4bf1871b427afe0d1532946b27be78b70 4d5d68505789f051812c138d3fbd4925ae9899abeddd712367bd12465201ad22
CLIENT_HANDSHAKE_TRAFFIC_SECRET 5eaa9a7c7d8b340f901798cf38094610afbe59b1ef2e000dfd0c67ee73975146 60e29f88cf4c35f1683094b2019f99be4a45c0bd6532616115d61940fe679d2d
SERVER_HANDSHAKE_TRAFFIC_SECRET 5eaa9a7c7d8b340f901798cf38094610afbe59b1ef2e000dfd0c67ee73975146 3a60c914c8efbaab7b6c5d5256af32a78a041d233eddcf91f0c252ebf55f2f97
CLIENT_TRAFFIC_SECRET_0 5eaa9a7c7d8b340f901798cf38094610afbe59b1ef2e000dfd0c67ee73975146 bc8f51f98702e30a658be8851f0fc898abf77589d62406b07fd1d8c31f6e31b2
SERVER_TRAFFIC_SECRET_0 5eaa9a7c7d8b340f901798cf38094610afbe59b1ef2e000dfd0c67ee73975146 06fc9c8a4d92a1f8de85117338ce96753a017a86fb09a749c62384335fb4e27b
EXPORTER_SECRET 5eaa9a7c7d8b340f901798cf38094610afbe59b1ef2e000dfd0c67ee73975146 f9cab6106857d2ef31624ae5891732c33febd9675825f4759e770d8f39b096cb
CLIENT_HANDSHAKE_TRAFFIC_SECRET 1a40e3fe69107d0f2afb9053666fe1814c08df5c1526936c83f1a855a2e74c91 93f9b9f0398acd34ba0687851c4bc74a5de84323b1e47a5734ed6e78ade99366fe959e633105fac0c6fca78cefc5c3aa
SERVER_HANDSHAKE_TRAFFIC_SECRET 1a40e3fe69107d0f2afb9053666fe1814c08df5c1526936c83f1a855a2e74c91 3bc55ef1891c19a1aa4ba5be59fca70d94b51ab63c7e7863247c5e70e294c78db726e2d9abb97de97addda46d84d8e09
CLIENT_TRAFFIC_SECRET_0 1a40e3fe69107d0f2afb9053666fe1814c08df5c1526936c83f1a855a2e74c91 436fc3c41b2ed821be770c5fc816c55041a071ae09d0d095b163daf67ffbb9c1aacbc18540fe15e2484e559a0d1e7e63
SERVER_TRAFFIC_SECRET_0 1a40e3fe69107d0f2afb9053666fe1814c08df5c1526936c83f1a855a2e74c91 c34023b141bf7ee419d50ff5cf3f337ddf7a5f833d5204f065c6dd86a0537c5f48f8ff6d337f516c80c1c0f2127c5e87
EXPORTER_SECRET 1a40e3fe69107d0f2afb9053666fe1814c08df5c1526936c83f1a855a2e74c91 1a058492bc2a3ba61b3565bc5d0f8828072d4323b0e0d2500c95be00bcfbc5227ce289fd35d4b577f062cb311c8571ed
CLIENT_HANDSHAKE_TRAFFIC_SECRET ffab1b988e52a45f507f734614877e249c90307f98cebc9854cd595c15913bce 84e822c7cdf4cc2638cd645d9a8b183de3bb5057f55f3815c96755901b8245da
SERVER_HANDSHAKE_TRAFFIC_SECRET ffab1b988e52a45f507f734614877e249c90307f98cebc9854cd595c15913bce 1081332bfa423f3f5c461413c35d0137451563f2dfd95bd6d124907b5bec7300
CLIENT_TRAFFIC_SECRET_0 ffab1b988e52a45f507f734614877e249c90307f98cebc9854cd595c15913bce 4801e8e40306f0d6998babd8f83977922ae491c9d883fd28b4ce7ee0bae0cccb
SERVER_TRAFFIC_SECRET_0 ffab1b988e52a45f507f734614877e249c90307f98cebc9854cd595c15913bce b85d2f3e40ce4485cd59fc902f4aeb65873e4b6b78b02ab06f6f36120261a386
EXPORTER_SECRET ffab1b988e52a45f507f734614877e249c90307f98cebc9854cd595c15913bce d0ab10cc6b316cd0ef27c3905fc2cea11ae2c97d7e1af30ebd7ab6a202b27cf9
CLIENT_HANDSHAKE_TRAFFIC_SECRET 6ff6a1dbdd277559a699ae0c6a152bf26aab1b85ac1f6593b3dae206487ad51a feefe714c9eb589b4a0f028ad4e8dd6d6a34380e37e942e1a9a60e562bfef003
SERVER_HANDSHAKE_TRAFFIC_SECRET 6ff6a1dbdd277559a699ae0c6a152bf26aab1b85ac1f6593b3dae206487ad51a 4250b6e6fbf0b3814b41417824ba2928c6bee232063c749dcb62b2f630a27ffa
CLIENT_TRAFFIC_SECRET_0 6ff6a1dbdd277559a699ae0c6a152bf26aab1b85ac1f6593b3dae206487ad51a 7ddc6bd3365dcbf159889494c85a8cbaa49497dfe7ff464c8d3d030e9dcc95c7
SERVER_TRAFFIC_SECRET_0 6ff6a1dbdd277559a699ae0c6a152bf26aab1b85ac1f6593b3dae206487ad51a 33d5350d02adad9fdf09ec909a2f2849fa537b82965df8084871db9c59146edb
EXPORTER_SECRET 6ff6a1dbdd277559a699ae0c6a152bf26aab1b85ac1f6593b3dae206487ad51a bcd9146a4ab8bc68c0db56059310947055ecd65042bfa395936722ef0386cea2
CLIENT_HANDSHAKE_TRAFFIC_SECRET d84ee22cb2293ca204b8cea2ac4be5f847dc8f8ebbf94db9187ab94383fc9d68 b0c747787a202c1904dc37533e7b9a886bffb080810607f3cab5d5522872be9c
SERVER_HANDSHAKE_TRAFFIC_SECRET d84ee22cb2293ca204b8cea2ac4be5f847dc8f8ebbf94db9187ab94383fc9d68 5b18ad07018fc7eb7f5baa37992c5c7e0b413c3d99f348d27e3737c56bc0bc80
CLIENT_TRAFFIC_SECRET_0 d84ee22cb2293ca204b8cea2ac4be5f847dc8f8ebbf94db9187ab94383fc9d68 cf1b54ed960f9393aa12a6cd371a14f31b081d88fc06c74bd8d29bf5e07e7c4c
SERVER_TRAFFIC_SECRET_0 d84ee22cb2293ca204b8cea2ac4be5f847dc8f8ebbf94db9187ab94383fc9d68 30680cf37b4ee289428e078602cfea01ae50ad7eed1afa228f7e9abb0d1e7fc4
EXPORTER_SECRET d84ee22cb2293ca204b8cea2ac4be5f847dc8f8ebbf94db9187ab94383fc9d68 1689c7f9f5707bed45cc05f20f0858869aab00d8e8134fb18beaa55ceb594322
CLIENT_HANDSHAKE_TRAFFIC_SECRET ef65a8d9bffe065b5927878083dc5c42ffe2dc759ee6c3859dbbe928beca0a37 d957af9a6a667a14b918a1e8d040a68371a5b8d17e5a46fadb0088fcdb5c83de
SERVER_HANDSHAKE_TRAFFIC_SECRET ef65a8d9bffe065b5927878083dc5c42ffe2dc759ee6c3859dbbe928beca0a37 ca6190f1a90f022d6c6f0bf6d080ad93ce8ae7fdfa00811c6ac08178aaf5c111
CLIENT_TRAFFIC_SECRET_0 ef65a8d9bffe065b5927878083dc5c42ffe2dc759ee6c3859dbbe928beca0a37 5ec850041797762b36edba59f91660865e251b1ea4ea3cbba78dfc9f23c9863c
SERVER_TRAFFIC_SECRET_0 ef65a8d9bffe065b5927878083dc5c42ffe2dc759ee6c3859dbbe928beca0a37 76e8d2ab0604452638fed3842d3def815985846e364f8ef471807072b6a52080
EXPORTER_SECRET ef65a8d9bffe065b5927878083dc5c42ffe2dc759ee6c3859dbbe928beca0a37 666330ed3a49a092ebb936440fed8efdf4f218ce16cf19de8238d08dec38a538
CLIENT_HANDSHAKE_TRAFFIC_SECRET 5c0aa2de321fba0b8f6e0cc28d1630e4ddeaefefb057d35a594c735e429effb5 a8d79d39595b006cb41806320160093ace1419439be27ea0d2315d35873102aa
SERVER_HANDSHAKE_TRAFFIC_SECRET 5c0aa2de321fba0b8f6e0cc28d1630e4ddeaefefb057d35a594c735e429effb5 e21043c9027dc2b1a9457fd0f8034544459c6205b2eea2a515e055f155a46906
CLIENT_TRAFFIC_SECRET_0 5c0aa2de321fba0b8f6e0cc28d1630e4ddeaefefb057d35a594c735e429effb5 d7db4e7f905b661dc48c97161339d72f34a819930b71c7805fd742fa49955ec4
SERVER_TRAFFIC_SECRET_0 5c0aa2de321fba0b8f6e0cc28d1630e4ddeaefefb057d35a594c735e429effb5 079972d5e68bca574ff2646d6bbb5c7fabc4592d328d82430d0c94e06845fd23
EXPORTER_SECRET 5c0aa2de321fba0b8f6e0cc28d1630e4ddeaefefb057d35a594c735e429effb5 5ce6c3ce7c6abf0a922c289d941d8a6fc5a33ab283557bb290c149c71bb1aa44
CLIENT_HANDSHAKE_TRAFFIC_SECRET b1ebb21e751c059628ef1ebefcd23926a934cf68ffcb9e1ea263a3126e984c91 0c1554f7ccee474cc0bc266a649a2e1b1e0c0a3f0b06e1286a225cacc3e9a223
SERVER_HANDSHAKE_TRAFFIC_SECRET b1ebb21e751c059628ef1ebefcd23926a934cf68ffcb9e1ea263a3126e984c91 4eea652d9f2da7e354558621e9f79cbd6d74eb4ec48aa424f7b197fbe29f2612
CLIENT_TRAFFIC_SECRET_0 b1ebb21e751c059628ef1ebefcd23926a934cf68ffcb9e1ea263a3126e984c91 698c1c4fbbc6b614791ff8550a81c7654fdc26f02452e3c6305b45401d184f06
SERVER_TRAFFIC_SECRET_0 b1ebb21e751c059628ef1ebefcd23926a934cf68ffcb9e1ea263a3126e984c91 f851bf036011c4ec540752a42263cf66443eaced14c5e7de13cb3c224da71fed
EXPORTER_SECRET b1ebb21e751c059628ef1ebefcd23926a934cf68ffcb9e1ea263a3126e984c91 45133c4f26831a9c2c240a2a0cf29cf0e7683aba50d9da7ee0a3b1773b30d891
CLIENT_RANDOM fb8b1219c366b1ae4b43c38ad20a1177c91609bd22695990dda24e75f4f75573 add89f81ec0ae5b83fc68dc063d211009cce495eaca63f53c6ac4cf0f8b2892ec6eca39342e8d97b65ee9e082ab6a249
CLIENT_HANDSHAKE_TRAFFIC_SECRET 50ab948f08832646498c47fddc7dd4a54912f01de5d70cbf65858e9603fd33b3 9165fbee0c2e3d1428f923dcaedd968d9288bdaeb189ba4f81a4784cd660c57b
SERVER_HANDSHAKE_TRAFFIC_SECRET 50ab948f08832646498c47fddc7dd4a54912f01de5d70cbf65858e9603fd33b3 4c0a191dbaaf3ecb8fad097c71cb2fd579b613640982b10870c636282815d369
CLIENT_TRAFFIC_SECRET_0 50ab948f08832646498c47fddc7dd4a54912f01de5d70cbf65858e9603fd33b3 8c0f3ed4364dd5b473e950e193652ecbebea068089c58673e7d69b1b07f2db5a
SERVER_TRAFFIC_SECRET_0 50ab948f08832646498c47fddc7dd4a54912f01de5d70cbf65858e9603fd33b3 e1a59e20cabd4749b759e8b26eac15dc8bc738d2897f6721e773ef3c0cdc0c97
EXPORTER_SECRET 50ab948f08832646498c47fddc7dd4a54912f01de5d70cbf65858e9603fd33b3 5967f420232e305c8c9b04e6e3424940a1067b23513ab000dd89f6e76216b5d9
CLIENT_HANDSHAKE_TRAFFIC_SECRET 88601c44d0c92c5fbb71a3893b6111421dfa57efe93f6cf07bc49959f53a0d03 6647ad4e2b34e185f8f355d82ad6144b826594f6ec6f234504bbefacc71c3d48859c9cabbae65a760d8634fe1e5cc5d9
SERVER_HANDSHAKE_TRAFFIC_SECRET 88601c44d0c92c5fbb71a3893b6111421dfa57efe93f6cf07bc49959f53a0d03 cbb7c14e718d8a4428d8fd3085b0900756fc09814ac760b6f6eb0040389f2068fb974cc56b9c0ca9c0b97117ccc08307
CLIENT_TRAFFIC_SECRET_0 88601c44d0c92c5fbb71a3893b6111421dfa57efe93f6cf07bc49959f53a0d03 e8466d342eb87383e98c37bbb8fc7f6f30f248341eddbf23f5621f79c28eb50bafd5abc3a7f0317e95829e50daf4096e
SERVER_TRAFFIC_SECRET_0 88601c44d0c92c5fbb71a3893b6111421dfa57efe93f6cf07bc49959f53a0d03 10bd802214aacff1ea928f73ff9815d9143cbebe19a57de6a533603a1403129266d1cbf1ca9eeacb8e927b392c0cf6a0
EXPORTER_SECRET 88601c44d0c92c5fbb71a3893b6111421dfa57efe93f6cf07bc49959f53a0d03 5f1b172859621f56b54ded47b963cf541bda52137f2861dbccd90494e3a6a87a3f5b29680518bd071cbff47c724ab125
CLIENT_RANDOM b642774efb2d761f4328a5d42a4dae9997593972774c84d06ad0ae1dae1ae022 0618cf8ac71c225047b5a2035daa501b4f2a2e6732174351bd55539501fd8adb6a3258e9536a5d56c5375a78a37c9d9e
CLIENT_RANDOM 71cdc04f3e0baf9af2c2519e3a270dfeeb2a96abe87801c1a6c13b38bf88ea1b 1dc5f9fccb5eb896f9c6fd4dbed842dd16a8938c964bf7977d2d526a383553b467606ccc741a456bf62bfff79678d579
CLIENT_RANDOM 77f1dab75fa9a0156b11c46432e0188fe0bc95d7571f4305ec51e31162f8fa70 7279e4852491113c86bab4967893672e5d8a562488382f770f4e5cf3c90f94bc4e4bcf1185f83b3f683dd965333d5447
CLIENT_HANDSHAKE_TRAFFIC_SECRET 8536486eaff82973f9aa67ee43727103d0709eb6e736eb80541638ea81f69bb0 ce8bac1c3d84bd46fbc893a20dfd9c9233f62c6b9325b9a913833a430b3e49d8d6cabde8b09b17eda09138436e946a1d
SERVER_HANDSHAKE_TRAFFIC_SECRET 8536486eaff82973f9aa67ee43727103d0709eb6e736eb80541638ea81f69bb0 a0ffe8bde24c008e56cc6d5fd0712c4b34ac691eb9c6cff14c5f19f4fec77297ba65e78c2870e876e35a9203d1e7bdd5
CLIENT_TRAFFIC_SECRET_0 8536486eaff82973f9aa67ee43727103d0709eb6e736eb80541638ea81f69bb0 8962e7bd4b9b8077ce159b5b05d397f100077e967a3416d61f0afd60f70c1427b1200cbeb431db8d0c3c6371c16eeab3
SERVER_TRAFFIC_SECRET_0 8536486eaff82973f9aa67ee43727103d0709eb6e736eb80541638ea81f69bb0 fd1ef631d21aed4fbe904320683e10b34ff9337dc9552478fff3a14df263492568b32bce1630334305fde1ab02d6f554
EXPORTER_SECRET 8536486eaff82973f9aa67ee43727103d0709eb6e736eb80541638ea81f69bb0 898fa4cd111f2a03ae3745979876c2fc805414316ae140ed8e1238a2c5901d2c9faa76f56b7d4611023997a44126b21e
CLIENT_HANDSHAKE_TRAFFIC_SECRET 0e3b79918b03ca35a4e1d0d4acf4201ff7c7b6db70ed4735e6a988e8183678fc 0635ad6dedf2b997e899b8968851460770808299643d39e3ebeea1413cab7673e6d0a617a3842e523a795e7bb8d70f90
SERVER_HANDSHAKE_TRAFFIC_SECRET 0e3b79918b03ca35a4e1d0d4acf4201ff7c7b6db70ed4735e6a988e8183678fc 555c8e59a5068ff9e6d24685b89fcaf6801c537442f65f6e55c3877769538bb7d475aac7cbef2963bbdfa304a264547f
CLIENT_TRAFFIC_SECRET_0 0e3b79918b03ca35a4e1d0d4acf4201ff7c7b6db70ed4735e6a988e8183678fc 7c0c7e39e7465261f4be9dea0e9f7178c34f747b9d2489dc8b01a26a61244cfa6d6e9edd48246c9e209c03c66c417f42
SERVER_TRAFFIC_SECRET_0 0e3b79918b03ca35a4e1d0d4acf4201ff7c7b6db70ed4735e6a988e8183678fc 1448203b591835ea72a8859b2852a51d33d3faa2d54ff595932632adf1e486879107d346d39fe148043a5e02b4ad8803
EXPORTER_SECRET 0e3b79918b03ca35a4e1d0d4acf4201ff7c7b6db70ed4735e6a988e8183678fc b7b1754b00b147fdd0ea1d4362d3981665561d764bacf122c4123ea49a1982eef39f942228ada01d4a7606df38539bf4
CLIENT_RANDOM 43dd12e6fbe073867e68439a4d42f07029df7d3a5a7e92a0a16d06e29912bfce e9c1676fc06bccba7d3cf882eb59f1d25f5e3b97857432d77375dbc61ec759903534b329c38a4c6a4108941e5b6e4ec1
CLIENT_HANDSHAKE_TRAFFIC_SECRET 3daf885e2391fd618cfadbf03ce8b3e7af1c262332749e1a0172b9cae48b49b5 02c9eaa86db44a434450cead5eb7e9c03509d20fe51b86c0f19c6620f395b452edac66cbbabcbd496e8e5285789a3572
SERVER_HANDSHAKE_TRAFFIC_SECRET 3daf885e2391fd618cfadbf03ce8b3e7af1c262332749e1a0172b9cae48b49b5 ca1ad19f8c8b2537b9fab7b64d7b5d3c1cf5430caef8e45320e41b1953c3986dc60b6665e09fb4ecff02b031c6b724f2
CLIENT_TRAFFIC_SECRET_0 3daf885e2391fd618cfadbf03ce8b3e7af1c262332749e1a0172b9cae48b49b5 1dd9b3a7f4bd4d211f4c8405c5bd2c872d44adaf9242c3c868932afbf3067906d1efe017ad7a2b307f23e2703045ac59
SERVER_TRAFFIC_SECRET_0 3daf885e2391fd618cfadbf03ce8b3e7af1c262332749e1a0172b9cae48b49b5 3c1a6d20094a90561c39acc3e464b55d2d78a3d57b4c42531af54a02d4148c0f3752bd64e78b2ae60210af611fb60b5b
EXPORTER_SECRET 3daf885e2391fd618cfadbf03ce8b3e7af1c262332749e1a0172b9cae48b49b5 185a0c1ab42e284823a6aa7dfb0386342abcbd3b04aff7340e46e97101e4c50b4b7aefa478db6bd5d9817af6d7f2fad0
CLIENT_HANDSHAKE_TRAFFIC_SECRET 3691c7769149b7366dc337f60c174f1997a33bbd1b351d873240d9526e3f368e 24074c570ac094327a16a8559dcd64e936b3239594f84e13a928d134a3a36991
SERVER_HANDSHAKE_TRAFFIC_SECRET 3691c7769149b7366dc337f60c174f1997a33bbd1b351d873240d9526e3f368e 910d57c36ce14151e60474d8e0a9fd7a6a92e3433c171796ce8fec4151be08da
CLIENT_HANDSHAKE_TRAFFIC_SECRET fefe67f0f063b3958d0601f440c971ba6bdd37807ed2bf8b37c663dfc36670de 708f832137c5d9364067d3ac30c7f71c04ad1caa46be41b1c23e8643a36c7973d64dd450475c77eac2e10e32afeb5205
SERVER_HANDSHAKE_TRAFFIC_SECRET fefe67f0f063b3958d0601f440c971ba6bdd37807ed2bf8b37c663dfc36670de b1f9a1762e31b5c23937f20905aa5a42dfa74ecf1eb9d591ce37316d26f05bac78ad776bbf08182ff08c58e65750c66e
CLIENT_TRAFFIC_SECRET_0 3691c7769149b7366dc337f60c174f1997a33bbd1b351d873240d9526e3f368e 790b0878a39829b7f856c9ed66ee7e7eca3b5a9722d5108022ac25111622c17f
SERVER_TRAFFIC_SECRET_0 3691c7769149b7366dc337f60c174f1997a33bbd1b351d873240d9526e3f368e 5bcad0e7df7c53e75c62d2ac8a827284d3ffe803ab6180bd2d62b9f20063e33a
EXPORTER_SECRET 3691c7769149b7366dc337f60c174f1997a33bbd1b351d873240d9526e3f368e b6d678be559d1120717faef553db2c40202c498881dea685377b0fa898bc8ba0
CLIENT_TRAFFIC_SECRET_0 fefe67f0f063b3958d0601f440c971ba6bdd37807ed2bf8b37c663dfc36670de 071018c5672f0b2374d5a0fe1fbd85f7ced09199754f260563a0481e813bd3f3b3e1d105f7e8ef032769b2f304b112f9
SERVER_TRAFFIC_SECRET_0 fefe67f0f063b3958d0601f440c971ba6bdd37807ed2bf8b37c663dfc36670de bbcdfbdf7a5f68fbbde18e64ddf3eb6c267dbb5ddc4bd9907333d88159cfddf62382633a23e2c31b362fd622e2a8f6b9
EXPORTER_SECRET fefe67f0f063b3958d0601f440c971ba6bdd37807ed2bf8b37c663dfc36670de be72e6f953244001e2d0e031c956751abedf9531faa09b07480d4a75b1a4ea63060c51c83c57ea489f1e02ef207148e5
CLIENT_RANDOM dbda1c35b6bd48d193fedd594db8c9664554e70242ecb32424f36a847eab5bc7 e8c0782dc2dae2c8c34a167f50964ef01c70efb51ac408cf51cf8e54a405b648a7f9b8c15681b8f3c490059cd757a689
CLIENT_RANDOM c3373eb4312842677c951463d2fb2cde6748adb8bf3ea7830edf814f294959d8 ebd52428ee4a243fe594146380bb3116108f586589bc44f54be924fef5dd6f11b36863436de77971e078f7a90226299c
CLIENT_HANDSHAKE_TRAFFIC_SECRET 29bdf5c26cfc82e2e0919f9f506668ee3f54275bd4bf0526a0edda64cdb887c7 f1a7fbeeeb5b928a97969a2e8b8acf1976c76cbd636bf9df81701623e4aa010395ffe79bbe0205492a0fecdc15c6b405
SERVER_HANDSHAKE_TRAFFIC_SECRET 29bdf5c26cfc82e2e0919f9f506668ee3f54275bd4bf0526a0edda64cdb887c7 87d31574556b56d5b632357fba29dd201716527329b29b992d433ff1b6d05ffa604a79e591148332b3cca66d69acbd65
CLIENT_TRAFFIC_SECRET_0 29bdf5c26cfc82e2e0919f9f506668ee3f54275bd4bf0526a0edda64cdb887c7 fe1e55b5c2f8c966d17bb33170a757c8c1352ba9775302372b13b3b2ef25c603a24d33c94f78a224f3426dcb102cdfb6
SERVER_TRAFFIC_SECRET_0 29bdf5c26cfc82e2e0919f9f506668ee3f54275bd4bf0526a0edda64cdb887c7 ee45ca89713fe9549933c9ffb4a8090c23a0ea2e6c66b39f501bdecfe9b313be62ff64a06c81c1aa3ef19c48bdb18e98
EXPORTER_SECRET 29bdf5c26cfc82e2e0919f9f506668ee3f54275bd4bf0526a0edda64cdb887c7 97234c3cac15bd759024986f1b3e51b938093525c39a1c1afd8113c73328dba04f53c524d4485c7cc5d2e9c167199fea
CLIENT_RANDOM bf8d364a3c6ca406c39ca5d740e9b1593e8fae6a93218eafc233b61fad08205b 2bc8a2c7b3342f6d7e4e34490e51d36777a901f4509ce17155fed46c00db261ada4eb5c308efc249fe6928deffd3ef2e
CLIENT_RANDOM d080861d3bdf1216d90d0b59e7061051444ef1553787a4b86a2764f4247da5d9 a0246bda2d3cab80909677b9680ebaf0934c9f1f8b05ef70c6960df0cad40d04f953b4222ef93e1d3a3c1bc96b0b309b
CLIENT_RANDOM 2b54d2c4eeced6919bf39661b6bb6257f160cde71cbc50d4072eeb23fa19b2ab 972ab0c971db2e5289e04ee561955cd2a1b12b839486b77495d641422049f8162060a43965c169cb178aee081868b177
CLIENT_RANDOM 6a9824f52c8f71e41463ac0ecdd7c8aa7ce0640fe7346dd6923251116c11eb0a 86549f65522b38dc9822edcc122d332b5d79cbeeed36468776495ba8f5949efe75dc6d0262d3c33e2dfc80f530a79d14
CLIENT_HANDSHAKE_TRAFFIC_SECRET 87689ad8238db6512a0d30a863ed16e2d8efdde4fd808fdad6ead08639e84988 b30b8dc8f08bb9ef167e3c2f098ee5a1ca369b4ba8cf6e035ce39cca908929e8434127a3b5b6c708a9086bbe1c57d162
SERVER_HANDSHAKE_TRAFFIC_SECRET 87689ad8238db6512a0d30a863ed16e2d8efdde4fd808fdad6ead08639e84988 b2534d12fa4fff5d4aa4521217f5810ee10708b6f3154c11293a93aa672e7ab3c04cc5889bc7b7c1f0a591236679e6cb
CLIENT_TRAFFIC_SECRET_0 87689ad8238db6512a0d30a863ed16e2d8efdde4fd808fdad6ead08639e84988 7d20cba7ced74ba503e52d93323172c6ed4a041e210ee8e7cdfc6ba54543627f4f7a69d5dc5efd85c738846b6b39eb45
SERVER_TRAFFIC_SECRET_0 87689ad8238db6512a0d30a863ed16e2d8efdde4fd808fdad6ead08639e84988 b1890e77b9fb3473667a977d6ddd04723059f4c2eb1d71159a251ecf04b19b1b18edb8313c2b22cb5ca042be02966c98
EXPORTER_SECRET 87689ad8238db6512a0d30a863ed16e2d8efdde4fd808fdad6ead08639e84988 c5ee945ee4b4009abada1c674e0a574343c8d13208296696f740f8448de1a33742dc3946e1bb39a959799cbade65faf2
CLIENT_HANDSHAKE_TRAFFIC_SECRET f0271f0e5be52e4318b48c355f66991fd580f687de7b823d0b51944671d49f22 450f68d3ef325a970b14709cb90d7b5b95cf00004f31f14290d486faffe2b0d7851727dfd10f80f8bfe38d625c9d16b0
SERVER_HANDSHAKE_TRAFFIC_SECRET f0271f0e5be52e4318b48c355f66991fd580f687de7b823d0b51944671d49f22 eb507a1470760d5f642f55f5f1e0cc04cb0976518bd9a42d2aa930c77da15ed55cbe25c2c7a0b7791805c983d14a48ef
CLIENT_HANDSHAKE_TRAFFIC_SECRET 9b3f26979fb6ee14987d66baf2f2a0aef8d32034a1f93bec115967d2e6062458 4bbb6a0d1149572f8e5b2499d71817108e728c04b398308d40bf89ff892956291271c2c2b28eb148914fd1c9933064fd
SERVER_HANDSHAKE_TRAFFIC_SECRET 9b3f26979fb6ee14987d66baf2f2a0aef8d32034a1f93bec115967d2e6062458 226a904fbf3658bb9c9e06c4f6e987b75f4f4a50c9f32c62686f13b8428222baa9b34c516280fd18fe00b36db5234614
CLIENT_TRAFFIC_SECRET_0 f0271f0e5be52e4318b48c355f66991fd580f687de7b823d0b51944671d49f22 03ec261aaa5442218780d43101ec25c3cc2606c2244aef49cfc5cd3ba553057f80c4b00d29c5094e6ce1778e4d7c32ac
SERVER_TRAFFIC_SECRET_0 f0271f0e5be52e4318b48c355f66991fd580f687de7b823d0b51944671d49f22 acc32493394f2ce8f3ca895f086a5b6c85501f887a8bf316fd8fa45d2770f22245df6b34ab788aaf7e8b5062f205e5c1
EXPORTER_SECRET f0271f0e5be52e4318b48c355f66991fd580f687de7b823d0b51944671d49f22 f4b4aae041037d01b3b5e190b8e01ad5b7117ca0b7ed90a22fdab534497012904b2abd535e01d16dd572971e4f3b528d
CLIENT_TRAFFIC_SECRET_0 9b3f26979fb6ee14987d66baf2f2a0aef8d32034a1f93bec115967d2e6062458 a197d8d6def3070bb5ea28a301e4567ef90fcd00ce22a2a98a98e6a158046b1f01908f15cbea847c7fb021bde1cd4ae0
SERVER_TRAFFIC_SECRET_0 9b3f26979fb6ee14987d66baf2f2a0aef8d32034a1f93bec115967d2e6062458 490e6be76a6669ba88d9046a3036d5872f52dc1910bf8f80bc03663b9c7bf97c632943e40d71d9426c17ab1db4a5592e
EXPORTER_SECRET 9b3f26979fb6ee14987d66baf2f2a0aef8d32034a1f93bec115967d2e6062458 47c2182648905df72d353c9336547bd84db956f2790415bb1fa353d7e0e63dfaa1b9a0ea20d3de58dd7f5407463bd05e
CLIENT_RANDOM 70d715590651e3e291021f9666206884f56760b11c08483aafe48c360a4ac721 0c6e5ed3176692c43817369de0ea870f5ebdd470f73b0f0238ce248a363b5f6e5ec1b019c328d48c81e384963d8cbfde
CLIENT_RANDOM d758c42ddbc3ff4913817a64d0468be20088c243603e79627ee6b6934bc22541 98892dc8cd2096cf13da8ef506f900886d86f6236edfa169e6ffc7d662728850d78f430215da9f553044f27f389f8e8d
CLIENT_RANDOM d145bc68fa220bf3fc1cc9dffa5f62e6dc9fef32152c3b318cf70997111a431c 20a09d5dae6b1056daf22edbbb9179efd144e1c9c6c81890326670d62647557f6fff6b0048c25e1ab1a7ec7287575d50
CLIENT_RANDOM d6c37f0e2f504c101f951b403862d7cf340c0c0804e4061c1763755393142b31 2bc8a2c7b3342f6d7e4e34490e51d36777a901f4509ce17155fed46c00db261ada4eb5c308efc249fe6928deffd3ef2e
CLIENT_RANDOM 152dec9767d1f93a8f04e64ff5f73822ed91143c8e8e32b04cfdec5ed1f8ec11 7910bcc8707c340782fda25fea9d70b5091864403cd46fd35d3ceb43564a546b33064019a5aa1903a295d7d37d0c094c
CLIENT_RANDOM 6961396cf8e33479a3d20e405cf9285d40401ac5b33290ade01dedd61b6cfbec 81393cd3604fd56cd0364fb55d35183be7e85b78c8fd6b29e2cd46c0e4640a055ac5ea1a6a623a4647c7f6d0a85c259e
CLIENT_HANDSHAKE_TRAFFIC_SECRET dcbce3000b8530a72c0be1415186df64c334044f7c0f5847113e8c0063506ccf 428631167b97939655db4df7e35d4c0893f05888dc9028139a83b9a517a48460
SERVER_HANDSHAKE_TRAFFIC_SECRET dcbce3000b8530a72c0be1415186df64c334044f7c0f5847113e8c0063506ccf 7c7de9b4edc52c633586752dac12071566170b00208679f791930386a6a8ad84
CLIENT_TRAFFIC_SECRET_0 dcbce3000b8530a72c0be1415186df64c334044f7c0f5847113e8c0063506ccf 63ad275b7ca7b871738bd91a782e71b78c7fd40a2e6f033394918eec7daaf649
SERVER_TRAFFIC_SECRET_0 dcbce3000b8530a72c0be1415186df64c334044f7c0f5847113e8c0063506ccf c27bae11c16ce0018d934f7f41f0895f87fca0e875aa39e1de6334b0ce3f922d
EXPORTER_SECRET dcbce3000b8530a72c0be1415186df64c334044f7c0f5847113e8c0063506ccf 87d5b15b6eb9be8e89f7df23196e2154613eeaecde32f82a89b594cbd663fa5e
CLIENT_RANDOM ed79584d5a050c9d4a5c0f7553d58ec727b4d59fef97c599dbd51e9584ab73c6 b6ebab0501f06badc1fb7959a0396a52e7e172b3fa0d42de5ae9526c70f5d2c0857ba7e2a3a575cfcd0bc92dde4621b1
CLIENT_RANDOM 6454b85826a93033bac0f58af99612fd4988c0f035322f48a4ae4acc8176ed37 53d2dfd4fc851fca1f9c91bbbf21a504f58249cbd25edbf5e343140cd36c201474c91bd4ab85627cefeee785f8503bcf
CLIENT_RANDOM 19368a74ea3c1200e73fa8ace40962a1c3450026a8eb13601b3422ae726b7c2d e2736f104b074eeec20c2c6e8e4f486e626fb4084d204ceb61eeb0f9431fe2d4856fb28406b078ca6e5521f993f63337
CLIENT_RANDOM 193b9232152cce1f946b1d008e6d93f7f14eccc97519f8e7baf7fa07061b414b 454a6ab4ea0d8275320a224ff604041007963495a557332bb43a2b1949536fe0084074d94a620ed182e3550881de8de3
CLIENT_RANDOM 10fba8e17636a5670396fe54e970a6b85cab4083949fbc1935ac307e9e176911 e6c33d701f78c375e144607402fcda90fc59f114f4ac55d2e18d5a6055d7b8e61b7f642a9ce918edec828391d3bde545
CLIENT_HANDSHAKE_TRAFFIC_SECRET 728212d97eeec62e1e73db45699eb9fd95746eae43e9229d64d4225c900751dc 295cfe72108297fe93759540c260317f1d045fb8f9dd69d81978550dc4bdf0ce
SERVER_HANDSHAKE_TRAFFIC_SECRET 728212d97eeec62e1e73db45699eb9fd95746eae43e9229d64d4225c900751dc e72b1b6236d9eded27eb4877757fc44e3b3b6a63c58565dc6c3d2e64681a76e1
CLIENT_HANDSHAKE_TRAFFIC_SECRET 9205d9ab3c8027d4abeca908855de63d97b10783ad2d7589f6556a95fc444926 169203bd07fc3ea886601c490d744730dd07dc6fcce9696bb95094b1cd172eed
SERVER_HANDSHAKE_TRAFFIC_SECRET 9205d9ab3c8027d4abeca908855de63d97b10783ad2d7589f6556a95fc444926 65d6934cc0550e24a5299b178c9a9e749377cef39d788d789553f58fe372ef82
CLIENT_TRAFFIC_SECRET_0 728212d97eeec62e1e73db45699eb9fd95746eae43e9229d64d4225c900751dc 52af5602f274c6dbb33da977dce1760b99b8aae7a5c780dc9361136cb3fe7075
SERVER_TRAFFIC_SECRET_0 728212d97eeec62e1e73db45699eb9fd95746eae43e9229d64d4225c900751dc cc5b43a8553f3f3874ec4839b7f44c6a7c383edf24f56f42aba497af55d8a641
EXPORTER_SECRET 728212d97eeec62e1e73db45699eb9fd95746eae43e9229d64d4225c900751dc c42d631f5de2f2e39b830d702aa1b86f051632999193aabc8d6fdfe25d5f96a9
CLIENT_TRAFFIC_SECRET_0 9205d9ab3c8027d4abeca908855de63d97b10783ad2d7589f6556a95fc444926 42e47eca6e4400aadeb39d29bad197dec21658e6522d3b54d103413c906fd344
SERVER_TRAFFIC_SECRET_0 9205d9ab3c8027d4abeca908855de63d97b10783ad2d7589f6556a95fc444926 e50be21a68ccdba9bf0afd55679eb895733cc9b21a9f0666cc9aa7b3ed3ab5f5
EXPORTER_SECRET 9205d9ab3c8027d4abeca908855de63d97b10783ad2d7589f6556a95fc444926 8440a077d939634a5ab959a5ae6cec503ba90cbdf45d3ed6eae15c49a7229479
CLIENT_HANDSHAKE_TRAFFIC_SECRET 953e93720b118bd110466691a759b6d85487afaf3b81735a3741dd5887a5238d 69b84ef393bce5235df8815106ee9411ed6f5cc8420074ac298b9cc8d47dad82
SERVER_HANDSHAKE_TRAFFIC_SECRET 953e93720b118bd110466691a759b6d85487afaf3b81735a3741dd5887a5238d bb231ea05d08e751ebacf324d5a847882c737e2f8c0e01d3d3bd878202851c49
CLIENT_TRAFFIC_SECRET_0 953e93720b118bd110466691a759b6d85487afaf3b81735a3741dd5887a5238d bb1477a6ea14efac621f13ee8da6ff327e8b45e8a892164fdbfcb0c95308b215
SERVER_TRAFFIC_SECRET_0 953e93720b118bd110466691a759b6d85487afaf3b81735a3741dd5887a5238d 410f1a0ce36ff03d3708e2eadde1179ddadac99a0814a9bd5e770df7f5759f01
EXPORTER_SECRET 953e93720b118bd110466691a759b6d85487afaf3b81735a3741dd5887a5238d 0a8f364dd471684483757d15911bd1a00650d29bcd548ede2cd7ec0f92149dd3
CLIENT_RANDOM 06cb00cfcb940c762f7982fc131e3c99f73f6b5aca5c30376c6e91069e1653ec 801262bd0025984afd8f1817301f724e5f70dd2e3a08c052c13d18f1f8025ccc7e7a048210f1584711057a5449abccca
CLIENT_HANDSHAKE_TRAFFIC_SECRET 4c4bb8dd0c7a432d24dcf3e0ae44f06d4739093f4c3bf413323b4956a89e6955 16b4823585516bdd6d153832b4e396fcc387fb621781dd24d57b402e09405b18f3ca9f43a65cdb3231d407ff78ca2c2f
SERVER_HANDSHAKE_TRAFFIC_SECRET 4c4bb8dd0c7a432d24dcf3e0ae44f06d4739093f4c3bf413323b4956a89e6955 dffdf13744b49401b6ee8ffea0595a6d38a923c0e61e03fc37200e517f346948ef92f29091f633fdcce25ea29613339a
CLIENT_TRAFFIC_SECRET_0 4c4bb8dd0c7a432d24dcf3e0ae44f06d4739093f4c3bf413323b4956a89e6955 ab2116475fc8cf6486c73751253b61429574189f0c0f31ed0dfbda752f8d3c691622bd975c07d90a20b0c7d5a8810f2f
SERVER_TRAFFIC_SECRET_0 4c4bb8dd0c7a432d24dcf3e0ae44f06d4739093f4c3bf413323b4956a89e6955 fd4c34fae24d4260ea081074d3c550613f756ebf856f908a9050947a702c5d19f739b4feb05a7bf2013891b5af02573d
EXPORTER_SECRET 4c4bb8dd0c7a432d24dcf3e0ae44f06d4739093f4c3bf413323b4956a89e6955 0f8f0f2fc605fc0ede623b7f060fc84f2be944cf719f8263381d694e207a2f86489dace728bd53f7b5360e5487d67dbe
CLIENT_RANDOM 9caba293c1351c9b0da29f9476f1bb992c7e581611f0111279384f2fe53b2cb0 b7fcce47f9c7411d5602afa4b433ec43d88c9e2e49366f409532b3b8e9a94844af9e170ff730bdc2cfabfa5a6c435892
CLIENT_HANDSHAKE_TRAFFIC_SECRET 80660d4856fed6698aa6d5ea2b1db8f523d69fd52520bb08a757fd5da153c8b7 b2e944c9992e4c4e89f4fb064f5d3882f96c5d622516fbf975d800baae6fbf441cc351edf8dea8245184a3792db77bfd
SERVER_HANDSHAKE_TRAFFIC_SECRET 80660d4856fed6698aa6d5ea2b1db8f523d69fd52520bb08a757fd5da153c8b7 251801b01089ed8850714d8ca5a79deb9a1caa1a68cea92366334d0e1c06c50cc06d1b4976e8fae15732069dab41ea9b
CLIENT_TRAFFIC_SECRET_0 80660d4856fed6698aa6d5ea2b1db8f523d69fd52520bb08a757fd5da153c8b7 4352d386f63876126854fbf46f1b92043e6e20c0607bcd0b57221186a9051359e98f75651434bab8720c903cbd65b6aa
SERVER_TRAFFIC_SECRET_0 80660d4856fed6698aa6d5ea2b1db8f523d69fd52520bb08a757fd5da153c8b7 7af7bcdcacaa8c7a4fe3820307eac8389205127c7836b62985a4de67fd4a7855d1751cd393a2b8d72ef9b60392cab5d0
EXPORTER_SECRET 80660d4856fed6698aa6d5ea2b1db8f523d69fd52520bb08a757fd5da153c8b7 8ce07c38e1bc23d594e38542af4625a615d945ee887fda42ccd9daba21a278fb4643d1bc108ed4db1b9988ebfead5d7e
CLIENT_RANDOM 489cc51f3acd914bdffd1785ff24d7e800475079269f284d20c1a68e91bdb863 20638c68836f5490be38bd1247b55e616b26f6297ae25728751654980406ae945613245ea9837cc1f28cd6a197132128
CLIENT_HANDSHAKE_TRAFFIC_SECRET 8a7e6f41d9c646810b1b6cba9209654a3deff80172125900ff137f98a47520fc 679fce60870c0b9a008f4530be43bf40430e91cf23592c6ba788581e84bfef4e
SERVER_HANDSHAKE_TRAFFIC_SECRET 8a7e6f41d9c646810b1b6cba9209654a3deff80172125900ff137f98a47520fc 856a58d068cd950dece5095f9c9a2d5470e6d3f229d356c96b6c30da30e35f83
CLIENT_TRAFFIC_SECRET_0 8a7e6f41d9c646810b1b6cba9209654a3deff80172125900ff137f98a47520fc dbccecbcf14f69258583262f0ee087722d39b86d2728ab847af1c387ecd34120
SERVER_TRAFFIC_SECRET_0 8a7e6f41d9c646810b1b6cba9209654a3deff80172125900ff137f98a47520fc c5f49d1d1f7b68da1950ea200f7bb7f4a00bd81399b294ced3807439074bd0cf
EXPORTER_SECRET 8a7e6f41d9c646810b1b6cba9209654a3deff80172125900ff137f98a47520fc 13e087db750b6bff8c458ccc7caf3110908c9d9866788035497e81d6af0386f9
CLIENT_HANDSHAKE_TRAFFIC_SECRET 8502807cb6e52ca3d5ca134a74e62004c74eb47c2cd45f9c9c373a15a1fb3c19 8b9e41c6644d5efde05a18c320e9d658a6b3098cd84867a2d28c383dbeb26b2d
SERVER_HANDSHAKE_TRAFFIC_SECRET 8502807cb6e52ca3d5ca134a74e62004c74eb47c2cd45f9c9c373a15a1fb3c19 3f879709e084a6f74f0519877dba40be671cccc028215e066145c9ce790b3c8a
CLIENT_TRAFFIC_SECRET_0 8502807cb6e52ca3d5ca134a74e62004c74eb47c2cd45f9c9c373a15a1fb3c19 940743f5478aa32f38ece756dc80b8770c9918b24ba39d49335e9cb6df33a94a
SERVER_TRAFFIC_SECRET_0 8502807cb6e52ca3d5ca134a74e62004c74eb47c2cd45f9c9c373a15a1fb3c19 b99174293dd56971c2b900008f8120d4742163305e8127608f9e822fda058033
EXPORTER_SECRET 8502807cb6e52ca3d5ca134a74e62004c74eb47c2cd45f9c9c373a15a1fb3c19 745a3c8add4a2175b828e382aad27adc4f1f544989682dc66896c3eb6ae4ea49
CLIENT_RANDOM 33952d3a76eac5319defd0d6de0e90b6964a5f317d3f3ffe9bbc3b84e5ee7969 9930096e995a65604caf80e1ba0fcbb6ff14efa25219d8a314fd7289bba66da4254c62667e4ae0918862a726c20e6ba3
CLIENT_RANDOM 6d1c6c32d75cbce5ea65a3d8f5f070a731fcbe620d3b4a48559a73fca9c9ee22 4dcee48f7d766d6d3527f8018ab4956d1fac99a8eb4115d174e3c922f1e71203c461549a717ffbcdde6410bd7a68f919
CLIENT_RANDOM ee948f0e296d208a7462b53082bd454cbb1e57d3428c1b1c87440a34bb5e00a5 df2c45d76224824737ab96adacacba3d90a4d19e62dad5bd3049fbdf2f6c6b3b9968568597cc57a45a17513800248043
CLIENT_RANDOM 511a24e98d880ffdaa661e44356c4773177a9f549260bf6e41e8c5f5627433ae 9b97d84113a5e7a86a92a16a7b626f9c60fd9ca3ce8b834846d7d528a4858d5f7a8b017196d07e7eb87d07e73d69abc7
CLIENT_HANDSHAKE_TRAFFIC_SECRET b4b9e6ee414b8c3189389f776828d81ad0d8ff0ae2bfdf8873d7b3dfd915f3c0 9c73db76a179b77d4c9eeb31fc3e25c3882f1d7f33389753b1d6eff26c3f9d49
SERVER_HANDSHAKE_TRAFFIC_SECRET b4b9e6ee414b8c3189389f776828d81ad0d8ff0ae2bfdf8873d7b3dfd915f3c0 b756c61b6f96545b9cfefc1aa7b2d276ceedc2d1465bbcd73d362190c9b96813
CLIENT_RANDOM f170fe6a04b3ad94b4ff84f0399d338925f775248e10e3843a41f129d9a4c876 307e5cf6772fa0fa55cc776eb74cf2c9fa5297952d57bd8a31b088540847c155c1a9718115313d10bfcbec0bd0e39c9e
CLIENT_TRAFFIC_SECRET_0 b4b9e6ee414b8c3189389f776828d81ad0d8ff0ae2bfdf8873d7b3dfd915f3c0 233caa857f463dd6406596108e27958e4494eac9df0b8379455375dcc91d7689
SERVER_TRAFFIC_SECRET_0 b4b9e6ee414b8c3189389f776828d81ad0d8ff0ae2bfdf8873d7b3dfd915f3c0 99eb1fdc793f2a5020a3b9eb6a1d9b8e963131487bc771c1926fdb8212163adc
EXPORTER_SECRET b4b9e6ee414b8c3189389f776828d81ad0d8ff0ae2bfdf8873d7b3dfd915f3c0 66bc1a56995770e971ae367390c564ca78637243d1628035d605a5b0eae0696e
CLIENT_RANDOM 59a71b15018887e97411aa3d4fdc923ddb4a2262098046f3d8b76d023951bd87 607f95cded4c0e45f570f18284d6807716d0c2be806a3f4545c18d468fec72a85292817c8080f8b20f1e521df8f56dea
CLIENT_HANDSHAKE_TRAFFIC_SECRET ee1217cc15e24c60e0e3c463f00742a46fd6c25ae6ac35087c5dac76682aa8cb 654652acab7e55093e0a4bdbda63b64ee53f064f7c1d5fe4266c68f2b92704c9
SERVER_HANDSHAKE_TRAFFIC_SECRET ee1217cc15e24c60e0e3c463f00742a46fd6c25ae6ac35087c5dac76682aa8cb d8f7304c6c2cd8163382ab0c70d67d3a02f70bc41150f5561c8649d2a3dd032c
CLIENT_HANDSHAKE_TRAFFIC_SECRET 33d8aaf8256768dca7ddb3e3f7cbce42221194d1d2d19b886535bbc7bc6ab60f 1bcd8135901fbc5faa95dea6b56f59a5974d87589bf9ca958f2c26a081b02305
SERVER_HANDSHAKE_TRAFFIC_SECRET 33d8aaf8256768dca7ddb3e3f7cbce42221194d1d2d19b886535bbc7bc6ab60f 75eeb730c5bb757a2285f54b8244f146e517b454752a47aece0027ae5e74da04
CLIENT_TRAFFIC_SECRET_0 ee1217cc15e24c60e0e3c463f00742a46fd6c25ae6ac35087c5dac76682aa8cb 7ee62da81351af3d6c952cc366586cfe73acd3cf238de3f91f7efc4eab539b03
SERVER_TRAFFIC_SECRET_0 ee1217cc15e24c60e0e3c463f00742a46fd6c25ae6ac35087c5dac76682aa8cb 2a0bc85fdd567267f102620db3e95568398778dc3a8913c21667c7da895cabcf
EXPORTER_SECRET ee1217cc15e24c60e0e3c463f00742a46fd6c25ae6ac35087c5dac76682aa8cb d6873e5176d19c4f654e16d817b6534c1af8c418c718a598632ab4ae31b7f005
CLIENT_TRAFFIC_SECRET_0 33d8aaf8256768dca7ddb3e3f7cbce42221194d1d2d19b886535bbc7bc6ab60f af3ba6fa29573e18807b3d3bd0d1c666d77cb4b9e1941424e83282f043a30a73
SERVER_TRAFFIC_SECRET_0 33d8aaf8256768dca7ddb3e3f7cbce42221194d1d2d19b886535bbc7bc6ab60f 9d23955040e98833eab4dbbe3674212236e1596aca5de8f52d2d1fce426ab222
EXPORTER_SECRET 33d8aaf8256768dca7ddb3e3f7cbce42221194d1d2d19b886535bbc7bc6ab60f babc98952e9fdd4a579eb18fbfd49bbf2fc00517c9d204187e791495f3290c3b
CLIENT_HANDSHAKE_TRAFFIC_SECRET ea94091f5d479b365c71442166c75d376650e776846e9620d0b624052cab7a88 096eadb812f89b287c17f7485f40c3a5198fbf809b63abda5d696448d79087bb0f088b0c4a3350863aaefaf1f144e6ef
SERVER_HANDSHAKE_TRAFFIC_SECRET ea94091f5d479b365c71442166c75d376650e776846e9620d0b624052cab7a88 129fc2c455bc54c4837a3f8f82fa03aedad4d3f2ac92899920eccbb8bbb1b2bc6d08e05d33ddda86d3963bbdde98fdcf
CLIENT_TRAFFIC_SECRET_0 ea94091f5d479b365c71442166c75d376650e776846e9620d0b624052cab7a88 09bfeefb6dc4b462e776146b6b70e7feffe3c95fec4e15106d2f6cdab7f12a5b36eea8f623a5e0b293346e74262bee58
SERVER_TRAFFIC_SECRET_0 ea94091f5d479b365c71442166c75d376650e776846e9620d0b624052cab7a88 a9ff39722991c9d5f1b261540ec5014311ae884cedef0af6c05ed1724e20bad02ce88ed9fe85161b83016f5ddf628411
EXPORTER_SECRET ea94091f5d479b365c71442166c75d376650e776846e9620d0b624052cab7a88 9f5250da1aaa0d4e4f21a195e79e18d84a18b503ace1d24c0a9036d2df79fa04b67c0ef1e30ddaf99362ea9d826d86e5
CLIENT_HANDSHAKE_TRAFFIC_SECRET 79bb3bdbdcb5d26a953c292a2c9d6f2a69b3d5abaabe4b638b139e8b59e05f9f 7881d4bfe9a3576701f5ec2c9c544d9da8e20a64c58302ef7f7cab7f755620d9
SERVER_HANDSHAKE_TRAFFIC_SECRET 79bb3bdbdcb5d26a953c292a2c9d6f2a69b3d5abaabe4b638b139e8b59e05f9f e5b9bb7237e0022c193557e4d7499ba671b9324be7d9db187e910da7faaad74a
CLIENT_TRAFFIC_SECRET_0 79bb3bdbdcb5d26a953c292a2c9d6f2a69b3d5abaabe4b638b139e8b59e05f9f c3e21cda3eef8113c86de3da61cc84b71ef97133b6a5691fa66e3fc4777d6c63
SERVER_TRAFFIC_SECRET_0 79bb3bdbdcb5d26a953c292a2c9d6f2a69b3d5abaabe4b638b139e8b59e05f9f 0b392542155d55bb2cd1490584b3e76931f161a5d8543b11ac1cec238e54412b
EXPORTER_SECRET 79bb3bdbdcb5d26a953c292a2c9d6f2a69b3d5abaabe4b638b139e8b59e05f9f 7380bb32825d0a3837017173a629a0a42241ab06b23fa388421e5abf2d5e495c
CLIENT_HANDSHAKE_TRAFFIC_SECRET 0a65dd8a14bbab2ce5e1ca16fb439292de9a33d2b634f112f020bedb041809c6 20b91e2e7ad3f035b0efdc09978e18233517899d4c165e1216792a542eef658a
SERVER_HANDSHAKE_TRAFFIC_SECRET 0a65dd8a14bbab2ce5e1ca16fb439292de9a33d2b634f112f020bedb041809c6 8e5ce0b39559d23a478e8ad105b30944c2850f67981b0d5cf5932ac1976aca9c
CLIENT_TRAFFIC_SECRET_0 0a65dd8a14bbab2ce5e1ca16fb439292de9a33d2b634f112f020bedb041809c6 97c1ec4232eef6486945fda9aa2437334bc54a6c1258c9f1bffafba8e91ca13f
SERVER_TRAFFIC_SECRET_0 0a65dd8a14bbab2ce5e1ca16fb439292de9a33d2b634f112f020bedb041809c6 50b79f6568a06a6fb803f1aa1e517e4c38d500ab31639554b5aee0821843aab7
EXPORTER_SECRET 0a65dd8a14bbab2ce5e1ca16fb439292de9a33d2b634f112f020bedb041809c6 aa552f6399c2dcc93f42a3b26599b96b4fa2aa3c135e78f28ba28000921ece2c
CLIENT_RANDOM e1a1974bbd5a1d4f947c5605d7432268bb4cd960187b85200ea885afb42bdbf5 d0704fb38b8d0db4124445c7e340ae1d8ebb10e232023e402c9ded50caa321e9734f09e2ba07a77d2ed76ded38673931
CLIENT_RANDOM 014be46f7a78bd8755d1ad16d83226fef2b60a720be4dcfb83a4f2a1be7dadf1 2e4cc6bf52ad518f74be1a77e24d110e083adbd1e95bec85eab4dc4821485d3c55d1f6eb258aee04be722a071d185d5f
CLIENT_RANDOM 63734a19c79a3b4daeabb13f517334886e6226bfeb27a83c1cf97823c427e4bc ee232e78bc0cd935c5591883d42fe9a1734aff95fe586619e30c0253f4e203bd1c55a1dd4ee054e4adb6f5c0bc78c937
CLIENT_RANDOM 48e6f31ccb2ca99c40cd9e995b8d294b42f75893080a99240902ea3c8b3d4005 bf9a5ce442b4466b7044d9641aaea78a19cf7350d4558ecf202883c570664c7111c8cdfedb6d22f787ff47bd2985ddc7
CLIENT_RANDOM 4579ed6db395a21b7bef17f2e3d0fd632494c4a1358778aa6aba889f51d11261 831ad8555024f32666e5c2134b0ba48afce2e3db887ed7c1bbb6ba0c476a3114b528a8cfaccef8e0a226be79efb2da50
CLIENT_RANDOM 9f0541a518e2144fe480e49e8b57c22d6b01da71b224b8b031661feff66fea1e bd73156204b99a0e681c5a413e8154893bf14eec616eec036613d5fd8c50d9e1d1bbdc82c9afbbce8a8c67c0e466dbae
CLIENT_RANDOM 2c2b41cbd7370d949ea12980bfe97e9a3e940c898aeeb1a42d4f0a9e909ec597 58a3f7e83de91f7ef11904f579876fe326fa48a0f7ae3c9f6ac80b7ef5d477d57051666f9ad87819d785cc80336c40ae
CLIENT_HANDSHAKE_TRAFFIC_SECRET 52b147e0687576e3ae8abbb63bc3fea6745246af6091358985386392444b3073 bd2da81e41c956c5071e123d0d0c0a017ebeccc06920966c7bcc0ca2eecf37c1
SERVER_HANDSHAKE_TRAFFIC_SECRET 52b147e0687576e3ae8abbb63bc3fea6745246af6091358985386392444b3073 d6cabd9e928a1d8903c4c9676f2b4efc7bccd8362bbaf4a55ad93f91832c7088
CLIENT_TRAFFIC_SECRET_0 52b147e0687576e3ae8abbb63bc3fea6745246af6091358985386392444b3073 7504ccd85166d64f74181fd1d1c3e37f486fbfa768acaab508d922b8fdce002b
SERVER_TRAFFIC_SECRET_0 52b147e0687576e3ae8abbb63bc3fea6745246af6091358985386392444b3073 f5b573e2806b701c215e9e216e9d545e9c867b689d7afd27fd34769cc5472fbf
EXPORTER_SECRET 52b147e0687576e3ae8abbb63bc3fea6745246af6091358985386392444b3073 a51a12f545878ffee5f630a77cc7dc1a11a6a5c57c3a0f6b99dd3852194816c4
CLIENT_RANDOM 7cdc023c2e3e9671e9aa20d74e2ac8700e33d5c01668f2e1c9083b313d4846a0 f3dbc6cc76fad9afb14270a9ebf42b2c5653bd7abe044b5a07e443fdf98cc9fe9a0aa13b763885d21778684dfa3a1e0f
CLIENT_RANDOM f2f98e565e7fb711b480f420f9b274eabe7c0f9add49f2f819216366cf7c9ae3 f16fb37cdd8479bc953ebbce0f80346607c6f08e2812b663ef1c29072034bdec4d95f0806085ea29fdc654174aae2d56
CLIENT_RANDOM 68f7fc1ce9c1894974b7fe9fd5bde4ed6f90f8f9acbf51b15334f3cfcbf3e120 d96cdd92a5deebd3595657f097d41da0212f56262a8c4d963ec21a975c552ce0054547639ed72de0baa2e19cad20e450
CLIENT_RANDOM 9bbb9ac50650581e1660e3aaef70832081e847665bf3485e5a4ed369327c1053 2d7b3e5e74a77e6891df90b262d07ed3920ff12a479eddb2bfee5c1dccc4f32bccfbc63d850d80350bb3d42b6dd4a957
CLIENT_RANDOM de09b64f3bfdc83b0dafeceb1def5323226296430c34cbd9589ba6b9a627c1c7 2e4cc6bf52ad518f74be1a77e24d110e083adbd1e95bec85eab4dc4821485d3c55d1f6eb258aee04be722a071d185d5f
CLIENT_HANDSHAKE_TRAFFIC_SECRET 7b07eaba2fedc5c8243766ecb10b483fbc3676339b07546537b7727f6391af18 01b6d07a60d6c41860969e5695ddc1ec5f0b6f4ddadeaf0658396a77624851d59fdf3f06035dd43e1c82fb5c226ba0fc
SERVER_HANDSHAKE_TRAFFIC_SECRET 7b07eaba2fedc5c8243766ecb10b483fbc3676339b07546537b7727f6391af18 d183d331e63dfee44204b2961fad0d1b22e3cbb36001fd4a83434db1a294e9a4ddc257fa5fa4590f81c51803a5ddb9a1
CLIENT_TRAFFIC_SECRET_0 7b07eaba2fedc5c8243766ecb10b483fbc3676339b07546537b7727f6391af18 4e3b8dc2400f1bd9d0a538ec34911c60c9c02b6bad864148e16e46ab5eb318b8d545472a78a7fbeaf65dc506128ea604
SERVER_TRAFFIC_SECRET_0 7b07eaba2fedc5c8243766ecb10b483fbc3676339b07546537b7727f6391af18 bf160f9b4583f9f7b977a26ba6295bcac1e01ed41316d3c1e650085f333835a163ec46fe0ac7e0c19de2de861e5ba2ca
EXPORTER_SECRET 7b07eaba2fedc5c8243766ecb10b483fbc3676339b07546537b7727f6391af18 19ba05ea6149816415d580ff54e5190406e8ec3307fbc933937db0a624511d717d0c065712408c4501fa0d6e1f2bc8c4
CLIENT_RANDOM 973abd1cddc6b36cf58eed36ef9bddcddbe65c34dd6e52a68c5a11634db22b8b 46acc36ace239d986b317fc1ad6b5319df62f06a13ea6ca26eb9e44768de637090c77a6d67f4249c00ea0ed51e7635ec
CLIENT_RANDOM bb780c333f2da40f1c12a4814e4188e3603522a02c8b2fcdca155e4a173b208d cb1c058b0edcb24ad5bde357487e183fdc232aa68871a7fc89f8fe2a6f3fd26a68d1a97a081b966708a340cb429745af
CLIENT_RANDOM ed85ae9e1625d35eb70f4c1951133c92ff9a33c270bae5e73a162700cdfaa51e 217069e38f99d330ede549734cf1373071928676e67e47b132d66d4526bdbca338e464fa323106b3d2d35f8671bd17b0
CLIENT_RANDOM 3a2c0007285e8e9186c6429ce483d4f9336cdd5712b89a9b63401acb74c10b4e c260931484c5a16de67f7b30742b7c693d7f7cfbf4acc30c1532ebe6d34b620d3e78e4f896f27b87c7878a02353c901f
CLIENT_HANDSHAKE_TRAFFIC_SECRET 5650aaacab586d6d0d1dfdef53eb9c4aa02d0fde66eac5e60184a3765d7d59e9 614c0fa9765f3e6193aa1b061e289b061629e502c17024dd2ef2e62616e28c5f
SERVER_HANDSHAKE_TRAFFIC_SECRET 5650aaacab586d6d0d1dfdef53eb9c4aa02d0fde66eac5e60184a3765d7d59e9 8c8a18ffcbe5a2d065ef5931481c0e0040cfcbb6b5d62308035fd5f5bb6b448b
CLIENT_TRAFFIC_SECRET_0 5650aaacab586d6d0d1dfdef53eb9c4aa02d0fde66eac5e60184a3765d7d59e9 10ce0704a2cc754eccbb299bc1430d0488e6f2bd4e8cc22e79a5785975663e08
SERVER_TRAFFIC_SECRET_0 5650aaacab586d6d0d1dfdef53eb9c4aa02d0fde66eac5e60184a3765d7d59e9 3b2836da9fb3fa6259b1971942a51f6c639996efb5c56574b5070494a6d6d8d0
EXPORTER_SECRET 5650aaacab586d6d0d1dfdef53eb9c4aa02d0fde66eac5e60184a3765d7d59e9 bb92a7019719c56123fae983f9dcd6d4ff8600dc1ed7630c6e3fe7c27adaa5c3
CLIENT_HANDSHAKE_TRAFFIC_SECRET cdb217914c4d48e7fd8f9bd729809e9f6682fb9842ac04e08f8ee7dfb3c30856 066fd6b1aae5e4fdf44631f697cb61a00efb4285c9a0595887654d6f71761918
SERVER_HANDSHAKE_TRAFFIC_SECRET cdb217914c4d48e7fd8f9bd729809e9f6682fb9842ac04e08f8ee7dfb3c30856 a10eb9f92a9545544606a84a9d9fa74f077dc9a12283ef5ef02469a420ff922e
CLIENT_TRAFFIC_SECRET_0 cdb217914c4d48e7fd8f9bd729809e9f6682fb9842ac04e08f8ee7dfb3c30856 fc4630eb5258b83f983158cc6df5620534afab8befb7d61d50d2737d12f55bda
SERVER_TRAFFIC_SECRET_0 cdb217914c4d48e7fd8f9bd729809e9f6682fb9842ac04e08f8ee7dfb3c30856 47a5a8017b395cc6134acf316caa8cdbe5bcbc2cf8a0130ae5f872299a4f3bde
EXPORTER_SECRET cdb217914c4d48e7fd8f9bd729809e9f6682fb9842ac04e08f8ee7dfb3c30856 1e2ee5d56c4e3e50faed692ba097b741b96432859c9fb4b12d863bb2fa74ecd9
CLIENT_HANDSHAKE_TRAFFIC_SECRET 602bff82e99692f51594991d2ed0b801cc7c38722548fe7970d4a11617a3576e de1520a8be85328fd5608a7c8ad9757ce7cde4308eb89f88d5b4f7d46d370c45
SERVER_HANDSHAKE_TRAFFIC_SECRET 602bff82e99692f51594991d2ed0b801cc7c38722548fe7970d4a11617a3576e 43a97a63d7de8c57ff06553964159ec19162a37551876938d3023e1c500533c1
CLIENT_TRAFFIC_SECRET_0 602bff82e99692f51594991d2ed0b801cc7c38722548fe7970d4a11617a3576e d097d33fb2813163eab50a0a3e638fa57ff1f3792acd386f4c6d5dea94212fe8
SERVER_TRAFFIC_SECRET_0 602bff82e99692f51594991d2ed0b801cc7c38722548fe7970d4a11617a3576e 4301fcee553c31f8aa02d34e74d6f35c449ab67c534a4a9bbd5091eb8d02e9f3
EXPORTER_SECRET 602bff82e99692f51594991d2ed0b801cc7c38722548fe7970d4a11617a3576e dd58dd2a671d4330ea7cb8f72f5c297d573a85eb1f900ae4ad8635d3b35c0884
CLIENT_RANDOM bea703677b706e956c73a66d92d1af4f22dc654965748b99359881502460fd15 c255d29bb376937db0986d709422f3ba6051c853367b048474baeeaffdc6ea8a7b49ff79e40ddf6d53eee8db6a8c462a
CLIENT_RANDOM 4bebefca0897b2a04d6d576cb5632fa39acb8eb80e746c203eaea5ba0ed6867c 2e4cc6bf52ad518f74be1a77e24d110e083adbd1e95bec85eab4dc4821485d3c55d1f6eb258aee04be722a071d185d5f
CLIENT_RANDOM ce401d448d86f92dabdca7ce15ccbe402eeb7afad98202eed6b5301c71875c30 4334a17218f48221f2f164fd758655c019b7fc561d45a8190c612af4dcfeea4e2127af261d66ba67e6930518e8f148a3
CLIENT_HANDSHAKE_TRAFFIC_SECRET 361880bcb82eb4ebf2ebe6904d3f35fb81fabdd0bf2a7b00bf29852d77f73905 9acc122034f48a2f3ebfdf9a96f63186d6866858c94d643c47a57f5e93f338bd
SERVER_HANDSHAKE_TRAFFIC_SECRET 361880bcb82eb4ebf2ebe6904d3f35fb81fabdd0bf2a7b00bf29852d77f73905 19eab77156770bcea55fb929a25d3c29094d31255be156d77220d9f87cc03eb6
CLIENT_HANDSHAKE_TRAFFIC_SECRET cd8fdfd94c07231d6472505b801afbf524505250951b0cc88abe0e177b128d3a 730bb8c6f8807072a7127d59c11073ad9cb7e04018d702ca173cabad78031f15
SERVER_HANDSHAKE_TRAFFIC_SECRET cd8fdfd94c07231d6472505b801afbf524505250951b0cc88abe0e177b128d3a 04f4daea3f36d0f2f63d4396ef7b9a914cc82233850d8ec05546f65b8431aaff
CLIENT_TRAFFIC_SECRET_0 cd8fdfd94c07231d6472505b801afbf524505250951b0cc88abe0e177b128d3a a3be8934a95b30e2026dc96c92cab1aaa2e9b07f2eed51b0b4d20832edcbaaa8
SERVER_TRAFFIC_SECRET_0 cd8fdfd94c07231d6472505b801afbf524505250951b0cc88abe0e177b128d3a 224545b90c7dcebd7d9722e974ddd55dde08044f07ec1170913279917dbc4684
EXPORTER_SECRET cd8fdfd94c07231d6472505b801afbf524505250951b0cc88abe0e177b128d3a ec340c82fd996e3f06dfd78e968667f2d8c47cb3e43ae76f10b89acc1d206394
CLIENT_TRAFFIC_SECRET_0 361880bcb82eb4ebf2ebe6904d3f35fb81fabdd0bf2a7b00bf29852d77f73905 bed507ad9e2b969f537a62b10281d09658cce16e1e3500b8622cd090d802e862
SERVER_TRAFFIC_SECRET_0 361880bcb82eb4ebf2ebe6904d3f35fb81fabdd0bf2a7b00bf29852d77f73905 2a939af76a4886669bbdb12bae24e2fbf9cedf033014c1bc0fe45ef3fae34524
EXPORTER_SECRET 361880bcb82eb4ebf2ebe6904d3f35fb81fabdd0bf2a7b00bf29852d77f73905 fd547cd1d25991cf39579e98842429373dff37d34ca01d12cbb2f42798e5687a
CLIENT_HANDSHAKE_TRAFFIC_SECRET 34d18cabd3303a35b2e2cdb41d2a68ac0c1f99bcd9c00170f79463d7b6e3e221 1972090366f3031eec6bce397480659952e93d95147bb85a7732bf381e005776
SERVER_HANDSHAKE_TRAFFIC_SECRET 34d18cabd3303a35b2e2cdb41d2a68ac0c1f99bcd9c00170f79463d7b6e3e221 5eb8b1a1d958214d2649de109c945d8cc6a35ac89baed6bec8f3d1b45f357dd9
CLIENT_TRAFFIC_SECRET_0 34d18cabd3303a35b2e2cdb41d2a68ac0c1f99bcd9c00170f79463d7b6e3e221 213045ad4c93d5f276d8ce96847135e8c5d79260695aac58cf280bd3072079ab
SERVER_TRAFFIC_SECRET_0 34d18cabd3303a35b2e2cdb41d2a68ac0c1f99bcd9c00170f79463d7b6e3e221 693f36ba070b739fe350078281774f227ff3309fb3c2159eec634026087712ce
EXPORTER_SECRET 34d18cabd3303a35b2e2cdb41d2a68ac0c1f99bcd9c00170f79463d7b6e3e221 b30f60b00920f743accde8019397a24bc5c9f67c9696a429c4609bd4fb548a17
CLIENT_RANDOM f4938f8c1bf0a3d504a13b8119f8cc3c2bf5c10a09e26faa0f7905670cd9522e 0132991368d34e1794e2e0dd87531b79368fcf132e8a3f502b5db648b451ae43044af877295fbd1e6ada7e3ac7ccce4e
CLIENT_RANDOM 4ae2ba6886c66ea9e99d8fcf5fce0e26e80669f96e6a8e6a99659c8699f7f721 2e4cc6bf52ad518f74be1a77e24d110e083adbd1e95bec85eab4dc4821485d3c55d1f6eb258aee04be722a071d185d5f
CLIENT_HANDSHAKE_TRAFFIC_SECRET b24777c9ef60c7aeb8b8b00c87a71f38118b613c4282f54a8211401ee867698c 6208f679989cbcc32bdfc5ce5705707801ffdfd68bb3f1198e9e206d0220c73b
SERVER_HANDSHAKE_TRAFFIC_SECRET b24777c9ef60c7aeb8b8b00c87a71f38118b613c4282f54a8211401ee867698c 43d1b750a7b97b4f8d29deae5f4de68ec12f14ea228ef0b8e23672225b6a4ddc
CLIENT_TRAFFIC_SECRET_0 b24777c9ef60c7aeb8b8b00c87a71f38118b613c4282f54a8211401ee867698c 102a1a7822cb826aaab0c54e80f4685039788a3479a93ed43e22fae212a8a46d
SERVER_TRAFFIC_SECRET_0 b24777c9ef60c7aeb8b8b00c87a71f38118b613c4282f54a8211401ee867698c 134ecae95cddda56a002cc2d490a733086fbc8b3d46056ab54d9ee65d7fd6502
EXPORTER_SECRET b24777c9ef60c7aeb8b8b00c87a71f38118b613c4282f54a8211401ee867698c b11b513b7fc5d603aa51ddba4cb871203446702cf2667f34fb28c3476656a56d
CLIENT_HANDSHAKE_TRAFFIC_SECRET a8eb66eee584a6989b3b4737beaeea9af965db83726751b7a772188070775d0c 75504cafdbad0f073f64ae11cf513e72e234ad2b236abaad04ca2ae9c7ce22d7
SERVER_HANDSHAKE_TRAFFIC_SECRET a8eb66eee584a6989b3b4737beaeea9af965db83726751b7a772188070775d0c 111dab52c17ac9814294736225306a1c10d0de8e79489cad8102957faf9733c7
CLIENT_TRAFFIC_SECRET_0 a8eb66eee584a6989b3b4737beaeea9af965db83726751b7a772188070775d0c 6ae4d6f2adb48124734da954effa0456166e9f120a90c17b4582afdf3d434075
SERVER_TRAFFIC_SECRET_0 a8eb66eee584a6989b3b4737beaeea9af965db83726751b7a772188070775d0c 0cadc9d16a05e16fd9bf1bf59fb4bac5ce8d8a16a8c5715e21085aafae49e9f9
EXPORTER_SECRET a8eb66eee584a6989b3b4737beaeea9af965db83726751b7a772188070775d0c fe77d74573e45f5862f20bfbe1b314e84d7b0854cd531f8c9377db25e5f84e30
CLIENT_RANDOM f4251b9134fc995a63438c0947cc0b088e2fc1d55a0bd38da82e7465e05f2797 7b160ecd2f60bed1907983c16768f137aad159f55a3509e29661f708f03c800ab45a68c858a707a96d3f0048b13ab528
CLIENT_RANDOM 87e75ce586781b520afaa5ff485eb0f9850af5ac8594eb17d9500b1a47ee263b c24f4157ae40cd60885c951e7d396b4648e283dc824a7d0479db9e06db3cabfeecbe8e365256ca09fc7ad300f6280e22
CLIENT_RANDOM 8992642c942c8373171988c6bcb3c66fbd33bc42ec211da73fed4b8ff665283f 86ccd8b3fc812a5d815e602f1c3d4b171d6700559cfe229d92fc61a18de60bf7d7e9a8671c71499c9b20ae83a6d15681
CLIENT_RANDOM 06a08979ce5d3c23db79a4932c93932918adc13799655568d83e2d4bc1051363 2f51e1d6c3c391723dd370a4c75d4c9a64740c891edeab64a687cd4ad680bd7e9ef725469445ac0e9b6c3a3d33aa0b56
CLIENT_RANDOM 854d1d7601cbb8c490d20c49c3b98c1461936f12bc8cd13266b3cedf56bf2e64 25c58f033f69244008250b9e4da419c80d665bbc1f83fede1dfbaa16fc08070d05cad285d974a3942bc35ac57a58041f
CLIENT_RANDOM 26dda425e47b63725f576865248f6d3d49d9d75ec03e395e35ef954b4cfc938f 3c18986709718b8c07a9839b88ca5e34dd63d8b52e20650300927a27ba1d5cfa58a17f3fb41e8d732a7279cc958fcc4a
CLIENT_RANDOM 5d6d914eac090ee2ba44c61bac9a0f345c678fe67e7fa2e623fc2d146dcfd19d b93f541170eb64f19505d9dba28cf7e33a814b4dbe243941f4f768cbc9174eac0081e444cf72df9884f556642eac8579
