CLIENT_HANDSHAKE_TRAFFIC_SECRET 254c203e8ed799be62f479cf9b90ec3890e19fb2968faf4f47e82d61722721a8 68e48ea500a5ed7e24a7b9f793d9f90f1ff0ecce6401ae840c69ade3558aaf85
SERVER_HANDSHAKE_TRAFFIC_SECRET 254c203e8ed799be62f479cf9b90ec3890e19fb2968faf4f47e82d61722721a8 54b767cd575b9d666576ab3b0076dedec7ab058af2d8f66581774fc1df231f52
CLIENT_TRAFFIC_SECRET_0 254c203e8ed799be62f479cf9b90ec3890e19fb2968faf4f47e82d61722721a8 e48818354a99fd89956216d2f12173881eac99ab0e65769465f8844dcd40c067
SERVER_TRAFFIC_SECRET_0 254c203e8ed799be62f479cf9b90ec3890e19fb2968faf4f47e82d61722721a8 1eec05df1147bffb7fff2c96cb0cdde17afdb36dd5690387f03cb6a08aa43662
EXPORTER_SECRET 254c203e8ed799be62f479cf9b90ec3890e19fb2968faf4f47e82d61722721a8 c68811b373edbd473ef0956125b4365b9dcf5675aeb048e3ec7523217e41ae05
CLIENT_HANDSHAKE_TRAFFIC_SECRET 47673e14792b26f7ce6ffe408f3758de6f8948d620a06f21b72913b5bf0f2ed9 43042e623415959c2a025f5b4565f9fd6cec889d571630aa836215019571f163
SERVER_HANDSHAKE_TRAFFIC_SECRET 47673e14792b26f7ce6ffe408f3758de6f8948d620a06f21b72913b5bf0f2ed9 2a48c7148466d517a26a1b32d562f15ea0d5503dfc7e3296b97d9a9b6a6b1d0a
CLIENT_TRAFFIC_SECRET_0 47673e14792b26f7ce6ffe408f3758de6f8948d620a06f21b72913b5bf0f2ed9 7e89168fa6ac578643bfc6c758167004644dcd6708e4c703f8d45b6afe30a4ce
SERVER_TRAFFIC_SECRET_0 47673e14792b26f7ce6ffe408f3758de6f8948d620a06f21b72913b5bf0f2ed9 e5c3b90b8751c02572c107c48ea4cf91743726cfcc8ad1b840669e08740db517
EXPORTER_SECRET 47673e14792b26f7ce6ffe408f3758de6f8948d620a06f21b72913b5bf0f2ed9 ba444486d42933ff38d027b6d8305aa7f3a0f7fe8223135644af66968f45751c
CLIENT_HANDSHAKE_TRAFFIC_SECRET 1539ad1f1e7b6374f4f62772ea9ee2e70b954fe4598c2eb8e86e333af0df30c5 78fc351d13dc7ef421d7d58a4fa52ddfa137dfac784ea75aad823576ccbe1821
SERVER_HANDSHAKE_TRAFFIC_SECRET 1539ad1f1e7b6374f4f62772ea9ee2e70b954fe4598c2eb8e86e333af0df30c5 cff4f480f37799cdabec7da4e4a712c9d265599b8e25e88344efbd51e77338f9
CLIENT_HANDSHAKE_TRAFFIC_SECRET bfe9f5b25ae7aca0600a3a14a20a2aa389c98bb513836fabc58557f1c874e032 4d4c8309bd47b569a9c0c89dba753b2a0c0619dc072271829167ebf3cd2c8454
SERVER_HANDSHAKE_TRAFFIC_SECRET bfe9f5b25ae7aca0600a3a14a20a2aa389c98bb513836fabc58557f1c874e032 1923ff25e8f91970e3a770d030ed05f5ac44ea41e2093e615dcb696d5420bd80
CLIENT_TRAFFIC_SECRET_0 1539ad1f1e7b6374f4f62772ea9ee2e70b954fe4598c2eb8e86e333af0df30c5 9bfc17d9c46bcf358008caae7144abb8ebca001f62484adf222a2044bb32a3f6
SERVER_TRAFFIC_SECRET_0 1539ad1f1e7b6374f4f62772ea9ee2e70b954fe4598c2eb8e86e333af0df30c5 7fd11ee7e6dd35ed1920ee495834239ea12ee5cba2ab667ec6e13866a050ca31
EXPORTER_SECRET 1539ad1f1e7b6374f4f62772ea9ee2e70b954fe4598c2eb8e86e333af0df30c5 0355e146900037414568010488d81aaad094be2cc21fa673be47bf6659e67f20
CLIENT_TRAFFIC_SECRET_0 bfe9f5b25ae7aca0600a3a14a20a2aa389c98bb513836fabc58557f1c874e032 9d362f6b47b7254294a4fc7cc9d8e12e3286a1f5c7d86e57185ebf38c47dbcdb
SERVER_TRAFFIC_SECRET_0 bfe9f5b25ae7aca0600a3a14a20a2aa389c98bb513836fabc58557f1c874e032 3704bb7f258cdde85aa23ffde3fbe1847efdae8520ba8e5cb0b9e358455a8420
EXPORTER_SECRET bfe9f5b25ae7aca0600a3a14a20a2aa389c98bb513836fabc58557f1c874e032 a094acaa65a18ad1ff62dd37cd1224e060e26eb2d98c17b884325aad71312711
CLIENT_RANDOM cbaa72495283ebf2598ee36442641463ed7f810a5f97ddefd4510e4a1333074f ce7fc097a57646f6d0140a083db3d5bac1593cc8ef4ef7739c265d580eb50d9d58e1d7057cf1c0c7aff807f1d543818f
CLIENT_RANDOM 93ebc9ee6ec445dc87dcda5d513471856cae40c161f36007d1745345f9fad35d 7310bec79636853078522a408756d5c828d3c54eedfafbfae92740a20c9f1de3f9d137f9cd0069aade1efdf039a3bd69
CLIENT_RANDOM f87e0545f65abdb85eddc9e08d22877f58dabe729747259f9ccc775ff20ec8b8 45c9070ba08238499406151c72c3c360c46e11f1b8a201823f28bb0ee1031e384108fb5f71faf9927eb8f8ef3483a1e7
CLIENT_HANDSHAKE_TRAFFIC_SECRET af73b29c6fda8d53aee2d82966d00eaaa690a1659904731b285acc185eaf272b 17b6c87cba8d38f978d0459a6c693ee598b93c2ac58ce13206a6dfba2ff2c7e4
SERVER_HANDSHAKE_TRAFFIC_SECRET af73b29c6fda8d53aee2d82966d00eaaa690a1659904731b285acc185eaf272b 075f5b57792432aac575abafae6434d3e2abefaad97413acc9c4125ce29c0e6b
CLIENT_TRAFFIC_SECRET_0 af73b29c6fda8d53aee2d82966d00eaaa690a1659904731b285acc185eaf272b cf78c4b3dd861bbf7cef317acfde7ad646e4a8d2ac027583f6c16d0f969da7b0
SERVER_TRAFFIC_SECRET_0 af73b29c6fda8d53aee2d82966d00eaaa690a1659904731b285acc185eaf272b 14170cd4faaad21c1503ed6ac85e12c74ea30acded90e9b40ee69f3478aa8697
EXPORTER_SECRET af73b29c6fda8d53aee2d82966d00eaaa690a1659904731b285acc185eaf272b 5f7c2779ba330305cbdb496c6034cbab1d1a7b2a25f4e3d3c5a83ab8a77afe8c
CLIENT_HANDSHAKE_TRAFFIC_SECRET 87ff7813b002a50d5fac79d352b57f0fd05bf3da45dbbb32c0775e0af5627a2e ea77fd7c31c5cfdb1343e0d3f5b125e85affbbf9aad6c7f2455860d94aa33390
SERVER_HANDSHAKE_TRAFFIC_SECRET 87ff7813b002a50d5fac79d352b57f0fd05bf3da45dbbb32c0775e0af5627a2e 3a1f82dd5ff0a05ac84860f7393ab074f546ba907b0f503dbbbd512fed1a2d40
CLIENT_HANDSHAKE_TRAFFIC_SECRET e0df2fcaacd5ca94339892f51cdcef172b3d577de58adf743fa46446e0535538 d02bb644a7f7ef71d66bf953a5533c4de6b2d429ce4aed37ae40eaf48353fadb
SERVER_HANDSHAKE_TRAFFIC_SECRET e0df2fcaacd5ca94339892f51cdcef172b3d577de58adf743fa46446e0535538 a6d305b6999bb738a3daf6be3cc61e0e6d2231691ad869026a452e48df08c952
CLIENT_HANDSHAKE_TRAFFIC_SECRET 93f885556c57c67b12a5d35a01041e9c35e9db25f774cd77f95a8395587efc18 c4123d093fe76df433b8bc58514fb0b1826b385a7e7d2c0c39dc05c69f2e07f0
SERVER_HANDSHAKE_TRAFFIC_SECRET 93f885556c57c67b12a5d35a01041e9c35e9db25f774cd77f95a8395587efc18 9bc17e9b17ea63b26aa9ed1b48de8f62b8019f191e3a3fe02218749f9a4837af
CLIENT_TRAFFIC_SECRET_0 87ff7813b002a50d5fac79d352b57f0fd05bf3da45dbbb32c0775e0af5627a2e c2ee7803047d1e3a77869bcac81d9219d45c03c560d300ca155ba7921b2d5897
SERVER_TRAFFIC_SECRET_0 87ff7813b002a50d5fac79d352b57f0fd05bf3da45dbbb32c0775e0af5627a2e b37989ffa265a252aa2535abfea1bfa47c71edc48c39222a72d7893ad78f383c
EXPORTER_SECRET 87ff7813b002a50d5fac79d352b57f0fd05bf3da45dbbb32c0775e0af5627a2e 3f6f17444662050292b1ae72f72227ec3c8b46f015dfc21579829ecf6ccac2a6
CLIENT_TRAFFIC_SECRET_0 e0df2fcaacd5ca94339892f51cdcef172b3d577de58adf743fa46446e0535538 2b2e4ae536c58c20af526612ac135df213e8b724b7853a5820d25ed1dc649f2a
SERVER_TRAFFIC_SECRET_0 e0df2fcaacd5ca94339892f51cdcef172b3d577de58adf743fa46446e0535538 0454dddbe6224d5f26b72a9f02ce7cc422799abf1b189bfec7b3876d97c93119
EXPORTER_SECRET e0df2fcaacd5ca94339892f51cdcef172b3d577de58adf743fa46446e0535538 927c16a4bdede9ddf3676287a10b3467cb9454154c3b3b47334f222099cab6ed
CLIENT_TRAFFIC_SECRET_0 93f885556c57c67b12a5d35a01041e9c35e9db25f774cd77f95a8395587efc18 3e3fef8cd2fefb04d6616dd20f4c23daa7d57d4b2bd8444c93cedb88ced0fc83
SERVER_TRAFFIC_SECRET_0 93f885556c57c67b12a5d35a01041e9c35e9db25f774cd77f95a8395587efc18 2cab5558ccbd5239b497a2f0d7cb2d451aff72d3d9aae45504d3f7972f2c7b8e
EXPORTER_SECRET 93f885556c57c67b12a5d35a01041e9c35e9db25f774cd77f95a8395587efc18 7a7bcf1c55c45d0ee4c04c698d5c9410363ae656c922961442bb30b9e5bd7e5f
CLIENT_RANDOM 52a3139f9b9e6ca62a64e0b2ab8aafe5c2013e36e52190654e6f577cba71b7c6 83c50d96b9e2d21afa4814eb2bd834fb30d3087e5f0288ef71d2a4c841fdc03fb97f1d1b9050bc28ac4e0852472381d9
CLIENT_HANDSHAKE_TRAFFIC_SECRET d2024b53ba3e6ca61bc59847e3c4540cd8c770c6549e59acff03217aa3260a7e a818ad25bad042c292343441a11f54d9b13a9788ca3eaba1ac56df4ab2b9d51b
SERVER_HANDSHAKE_TRAFFIC_SECRET d2024b53ba3e6ca61bc59847e3c4540cd8c770c6549e59acff03217aa3260a7e a4b8741585edd0bc719d4b45786c2add74b87e5cd8a9313a78c3a395b018f418
CLIENT_TRAFFIC_SECRET_0 d2024b53ba3e6ca61bc59847e3c4540cd8c770c6549e59acff03217aa3260a7e a9829ee061cae6bc78e96dd769193b29bfee051042e4dc124fb5ebad92c0e595
SERVER_TRAFFIC_SECRET_0 d2024b53ba3e6ca61bc59847e3c4540cd8c770c6549e59acff03217aa3260a7e a4b00f297c4c73cd9503d81e1444c0b04ea3a40dec5244cb4d440df0ffed0257
EXPORTER_SECRET d2024b53ba3e6ca61bc59847e3c4540cd8c770c6549e59acff03217aa3260a7e 64e1040f2fb00935f0b69c87ac1462e6946757a2936062b1e362d5da8a7b64ac
