CLIENT_HANDSHAKE_TRAFFIC_SECRET 6b82a0bd7a9337f274b74a6cfb78e9e16bb80874ab6be51946c3a5e05071a686 e21c0bf66c9ee9bdfe80049d72d274e991ffcb7712bb63fb8ec54085ab3a6023
SERVER_HANDSHAKE_TRAFFIC_SECRET 6b82a0bd7a9337f274b74a6cfb78e9e16bb80874ab6be51946c3a5e05071a686 06d381a2fc5008c78a06ea2c8c057311fb2d38d393fa9fa99926f2e86a68a3df
CLIENT_TRAFFIC_SECRET_0 6b82a0bd7a9337f274b74a6cfb78e9e16bb80874ab6be51946c3a5e05071a686 af3e09ee7926afadde14f6c8391230928f3dd42372b4d1a12d1dbc244f008495
SERVER_TRAFFIC_SECRET_0 6b82a0bd7a9337f274b74a6cfb78e9e16bb80874ab6be51946c3a5e05071a686 c2720804a660834babf2ae2c01d0b9e3ae1c5fb4cb3d5fb3864dec6197f5ea37
EXPORTER_SECRET 6b82a0bd7a9337f274b74a6cfb78e9e16bb80874ab6be51946c3a5e05071a686 898ec02091c891985e4f5d250a1e9f5f12dee70b921f90a416dc8aeeb834aeed
CLIENT_HANDSHAKE_TRAFFIC_SECRET 061378490c66a8acb496314492278d2044c33f6ad9568fee24db1bf98ac86e8e 4af616d743938864d418cd54c160f0e8d6ce46876b004e3ddb29faf917e84ba2
SERVER_HANDSHAKE_TRAFFIC_SECRET 061378490c66a8acb496314492278d2044c33f6ad9568fee24db1bf98ac86e8e e95d68a234405a38f62ec8e1d1858946fab7e97deef874cdcd8d4fe2b4020c5a
CLIENT_TRAFFIC_SECRET_0 061378490c66a8acb496314492278d2044c33f6ad9568fee24db1bf98ac86e8e d04f63de6f57a5a1b88d2b4eefd987321c24371d49098e7b700a656c44d611de
SERVER_TRAFFIC_SECRET_0 061378490c66a8acb496314492278d2044c33f6ad9568fee24db1bf98ac86e8e 01fbc3a73297b244213286de18bad54b32060fe59691bd9eb5ed900deafa1ba2
EXPORTER_SECRET 061378490c66a8acb496314492278d2044c33f6ad9568fee24db1bf98ac86e8e 5e226834f7f963d1373c1e5c7a072b289f775c62c0ff464bed17b6574beed2fd
CLIENT_HANDSHAKE_TRAFFIC_SECRET 92c5c814662eb9440c2bcf59f3666f0f3413b02d3d1b52b50d4d4afa6a4ae269 b63d165664e4df9d4a4ee5709ba631bb39607aa34e49651970970a3c46544b05
SERVER_HANDSHAKE_TRAFFIC_SECRET 92c5c814662eb9440c2bcf59f3666f0f3413b02d3d1b52b50d4d4afa6a4ae269 0d805e637cc618fb538e7e475d5bc8409eb26352bbbb5e91899cca1d4c619b8e
CLIENT_TRAFFIC_SECRET_0 92c5c814662eb9440c2bcf59f3666f0f3413b02d3d1b52b50d4d4afa6a4ae269 774e5ad012af3ce0ed0b4bdab963c6c35e828f69f1b54fcc788937e2096181e1
SERVER_TRAFFIC_SECRET_0 92c5c814662eb9440c2bcf59f3666f0f3413b02d3d1b52b50d4d4afa6a4ae269 eea069edefce2483e3da23bb9700358dd02bf267241e0833f9ef9b7fc16910f8
EXPORTER_SECRET 92c5c814662eb9440c2bcf59f3666f0f3413b02d3d1b52b50d4d4afa6a4ae269 e4c70a9e6ba19be2b72e1f11a7b7c7176a5b9eb9cfc92faaeaa04fb68e263933
CLIENT_HANDSHAKE_TRAFFIC_SECRET 53eae1939beb83f02934414ce163624d11d3bc977e2c8777afaf4954031fb474 dbd1569d53e8008bf76e78e7e1bbca4f6893a963c567d8c774721c36881837d9
SERVER_HANDSHAKE_TRAFFIC_SECRET 53eae1939beb83f02934414ce163624d11d3bc977e2c8777afaf4954031fb474 3057fdf392900a201e2073c39f69667eeccd570b19be349570702e6cf8fe1ae5
CLIENT_TRAFFIC_SECRET_0 53eae1939beb83f02934414ce163624d11d3bc977e2c8777afaf4954031fb474 57754f79c091970ee2217029d57dcff948acae406e48c9647406e111ecdb2f93
SERVER_TRAFFIC_SECRET_0 53eae1939beb83f02934414ce163624d11d3bc977e2c8777afaf4954031fb474 0b903a40170a40a05f7773f4a4676bb808133d61d08196eea40d35c87ec4f4af
EXPORTER_SECRET 53eae1939beb83f02934414ce163624d11d3bc977e2c8777afaf4954031fb474 36c7ff162c9d23a7d78864fbe9914dd11ab8c406ab2c2d495fc897059c23c569
CLIENT_HANDSHAKE_TRAFFIC_SECRET dac14849cd78307459e20f4d36fb22ad96d93ad8fdc393679f5205b796daed75 19c4c671813b2cfda5f48574c1193275752c813d47f55f1300f702134f02b2b4
SERVER_HANDSHAKE_TRAFFIC_SECRET dac14849cd78307459e20f4d36fb22ad96d93ad8fdc393679f5205b796daed75 abca87527a478d2611cd98d4102c45e04917681496827c1da03b84c4f9192030
CLIENT_TRAFFIC_SECRET_0 dac14849cd78307459e20f4d36fb22ad96d93ad8fdc393679f5205b796daed75 24dcdd3ef27e306edeae31f921c6a6963f2c6215c016af15ffdee9ce87bab37f
SERVER_TRAFFIC_SECRET_0 dac14849cd78307459e20f4d36fb22ad96d93ad8fdc393679f5205b796daed75 3bdb4949ffa2701e60caf29cc1a7aef239d3d00578834f650edaa56fddc44b6f
EXPORTER_SECRET dac14849cd78307459e20f4d36fb22ad96d93ad8fdc393679f5205b796daed75 9c8901ba2e86294aef62ab67fbe1732c1487d1d5ba5b987603972c3e3dbfbf7c
CLIENT_RANDOM b5f93fae8c78b6ab8122b561f8802b1bb686ca7e62bafe2876ab59655accf228 7813d2db93a307fa837f73a929e1accd165c47915df631d9fa5cb81dff351aceb154a36f64d4a6725651dd649b858427
CLIENT_HANDSHAKE_TRAFFIC_SECRET 614eafd482082f8eba6f082a18a74a62f6921a0c7c50a2bb5ba59c400d230a1b 28d34fa1e1a9f73dc490d32eacde70ea633873eb9e2728564a52362df50d328a
SERVER_HANDSHAKE_TRAFFIC_SECRET 614eafd482082f8eba6f082a18a74a62f6921a0c7c50a2bb5ba59c400d230a1b f2539556438084627af6469106e415bf106fe78b30a6d04695b4b9d3dc9698f9
CLIENT_TRAFFIC_SECRET_0 614eafd482082f8eba6f082a18a74a62f6921a0c7c50a2bb5ba59c400d230a1b 23e4f7c83130e8c0666f1766db8102f3968723d844bb6df45114ca56bafa9108
SERVER_TRAFFIC_SECRET_0 614eafd482082f8eba6f082a18a74a62f6921a0c7c50a2bb5ba59c400d230a1b e9f6541279548629d5c1c00dfa24f9a149fbc9813145d9478776a42fff6e7e3e
EXPORTER_SECRET 614eafd482082f8eba6f082a18a74a62f6921a0c7c50a2bb5ba59c400d230a1b c7ae4fb2b0537d6d55da093eb058eff986d722d6c42eb131ce5d74cc5fccc0a4
CLIENT_HANDSHAKE_TRAFFIC_SECRET 324600a78bfe169953b2760b1c1321867e44ec9b7c458d5510615a5111297ade 6623d16613405f0ec8a258ed408b8393623060c7be84b945e9f298747ddb3d5d
SERVER_HANDSHAKE_TRAFFIC_SECRET 324600a78bfe169953b2760b1c1321867e44ec9b7c458d5510615a5111297ade a70f883fd2f46a9a8149e7f00a375e76b5fc6a825b977a2ace5245bdab4ac9dc
CLIENT_TRAFFIC_SECRET_0 324600a78bfe169953b2760b1c1321867e44ec9b7c458d5510615a5111297ade fc1d92913d6e8c0f59fd5fd62f3fe2ec5c627bce9d251c477e22afcaaf1dfd34
SERVER_TRAFFIC_SECRET_0 324600a78bfe169953b2760b1c1321867e44ec9b7c458d5510615a5111297ade 55dcaaec2575d5630b07c9240d84f34ed7baefbd9d65825c19fc6d9fcbf3655f
EXPORTER_SECRET 324600a78bfe169953b2760b1c1321867e44ec9b7c458d5510615a5111297ade 67577b7dc2873ac99698fdd31c065073b71e76da16422fdca2546360aa95a8cb
CLIENT_HANDSHAKE_TRAFFIC_SECRET 0438e2617594454cc4bb5ba4ef8616e8c41fa603ec23be2ee0897ffc4e159863 df82c0cfc98fb16e55ff2a55c52ca92721600f83cc61a4ccda296219fbbbca08
SERVER_HANDSHAKE_TRAFFIC_SECRET 0438e2617594454cc4bb5ba4ef8616e8c41fa603ec23be2ee0897ffc4e159863 dd7ff4e33f4c306961bd69fa39e78b7addf1f44a79d1982e77879bdbae633bf3
CLIENT_TRAFFIC_SECRET_0 0438e2617594454cc4bb5ba4ef8616e8c41fa603ec23be2ee0897ffc4e159863 c7c5ea6f8cbb1d5eb9b6e3de66b7112e692e46e4a2cc19cf0f40bf74bf090b3e
SERVER_TRAFFIC_SECRET_0 0438e2617594454cc4bb5ba4ef8616e8c41fa603ec23be2ee0897ffc4e159863 30385666fffa82c7ed2f139c8f539c0eabf9ce5923bdb2d53d17b201c93c0d72
EXPORTER_SECRET 0438e2617594454cc4bb5ba4ef8616e8c41fa603ec23be2ee0897ffc4e159863 6add2bcb6e4a1b6b3865850397ce4ea0a597bcdf61b5c9f405fe029917d0f359
CLIENT_HANDSHAKE_TRAFFIC_SECRET d6bea136004db038399613b096f8f6eee372a7345e981b825b4ac63806d6fa99 570c5524446035fbf14c8c3c275e9d60803d5e2abb109563408cb9cb4f01a545
SERVER_HANDSHAKE_TRAFFIC_SECRET d6bea136004db038399613b096f8f6eee372a7345e981b825b4ac63806d6fa99 4c26aecae55e65461e74a799189c44726c1aebc78a059dd312da7e888e2046b9
CLIENT_TRAFFIC_SECRET_0 d6bea136004db038399613b096f8f6eee372a7345e981b825b4ac63806d6fa99 57704ae30cbf9c92f39a7d0675de9c715c590734c2c45c5a3600f005554a213e
SERVER_TRAFFIC_SECRET_0 d6bea136004db038399613b096f8f6eee372a7345e981b825b4ac63806d6fa99 ac62b75ed21c5f5634a41f6600edf143ce7762877f7bc02074ba86e63228e1d5
EXPORTER_SECRET d6bea136004db038399613b096f8f6eee372a7345e981b825b4ac63806d6fa99 969f17f0fc5a4eb423447bf039cd2a5d038fbbffb15f10b0fc0e853700673367
CLIENT_HANDSHAKE_TRAFFIC_SECRET 3cfaa7893973aa248192ea1d0ab8ea2d0a595dde37a6002632f214d2f4b5338f 5d0ec645276367b8c3eb4fa820ee6435a9d807c20a8cba3e598357a97ab629eb
SERVER_HANDSHAKE_TRAFFIC_SECRET 3cfaa7893973aa248192ea1d0ab8ea2d0a595dde37a6002632f214d2f4b5338f 3c9d36188eabb5b5b1bc8c89d98601dcaf00e3fe3eea263c91cff6cbb9a770f6
CLIENT_HANDSHAKE_TRAFFIC_SECRET 1928cad1638cc614b8f1a7c8c21151f696baa2ce75a833e1ee1ab9ebcc0cf6a0 832bf430db8675ea6ab8c44f50b754359c58bd0a39c69226b6fadec5e2f161dc
SERVER_HANDSHAKE_TRAFFIC_SECRET 1928cad1638cc614b8f1a7c8c21151f696baa2ce75a833e1ee1ab9ebcc0cf6a0 26d5dd0dca75c2e551597b53e2c50b148eccca8ad33a4dd1470cafc48dfdc524
CLIENT_TRAFFIC_SECRET_0 1928cad1638cc614b8f1a7c8c21151f696baa2ce75a833e1ee1ab9ebcc0cf6a0 1d9e785b6f50fb2583d43f1e08adb296ffc76fb6afe3e61952eef6e8d4553d36
SERVER_TRAFFIC_SECRET_0 1928cad1638cc614b8f1a7c8c21151f696baa2ce75a833e1ee1ab9ebcc0cf6a0 797f9a5b1f08fc1a43facb2f45ee76d8b20a9b891e688abe2bee46fed067f237
EXPORTER_SECRET 1928cad1638cc614b8f1a7c8c21151f696baa2ce75a833e1ee1ab9ebcc0cf6a0 399f2ad21131e21e8a69ea234a3a367dac63bc5d9b885ba5c348187c075beb9d
CLIENT_TRAFFIC_SECRET_0 3cfaa7893973aa248192ea1d0ab8ea2d0a595dde37a6002632f214d2f4b5338f ce47c16655863007597f0153ece5e933d5a461623e18f1467cc2e9b2d22f64a6
SERVER_TRAFFIC_SECRET_0 3cfaa7893973aa248192ea1d0ab8ea2d0a595dde37a6002632f214d2f4b5338f 9f3978251bbcaa3a239f7eb97c0f96b189e197ad9c3770f292810957ee3bd954
EXPORTER_SECRET 3cfaa7893973aa248192ea1d0ab8ea2d0a595dde37a6002632f214d2f4b5338f 4da489bf3d84144f3a567132ccba17b5a1e35a335b4425c048eeb4e6ca4919c6
CLIENT_HANDSHAKE_TRAFFIC_SECRET 56f4a3507e66d592466193210ac0b510ed95713fb26f2bde3a08536b46bcd914 0c2e4327e0d778223ddba8c6946717b34b80a9c078cd6516589ab4d7ea2ea943
SERVER_HANDSHAKE_TRAFFIC_SECRET 56f4a3507e66d592466193210ac0b510ed95713fb26f2bde3a08536b46bcd914 b16edf919068d6a3237cbe5ab20aeec848633e1d7b0b421229b419d5d2159df9
CLIENT_TRAFFIC_SECRET_0 56f4a3507e66d592466193210ac0b510ed95713fb26f2bde3a08536b46bcd914 36be15db2fa8a674706f0b8473f3510c7352e03e35b555814f0fbecb52c6a5be
SERVER_TRAFFIC_SECRET_0 56f4a3507e66d592466193210ac0b510ed95713fb26f2bde3a08536b46bcd914 a08e23dfef7a88a98b75e1417bf20887990c13aa3c0c88c11019f639cea47710
EXPORTER_SECRET 56f4a3507e66d592466193210ac0b510ed95713fb26f2bde3a08536b46bcd914 bf5c623464ab874734c3522b9e019c154f90a1b79495ebf3f334bdb2e7064d8b
CLIENT_HANDSHAKE_TRAFFIC_SECRET edcdd09bed625c36380904b55d374a2165832ff955f016bd3a3219170669530a 9d8ec2a8f762889fcbb27559b5d5f4aee4a1b40b325f3b54afb9d9a12ad269f8
SERVER_HANDSHAKE_TRAFFIC_SECRET edcdd09bed625c36380904b55d374a2165832ff955f016bd3a3219170669530a bc3200a40ae7e090a24ae455e1d3c9ef345f44287ff354fa856e1ffcccd96725
CLIENT_TRAFFIC_SECRET_0 edcdd09bed625c36380904b55d374a2165832ff955f016bd3a3219170669530a f110bffb4330fdb3271366064d0eec4dc9b2772fdaa115e386f66d166160909e
SERVER_TRAFFIC_SECRET_0 edcdd09bed625c36380904b55d374a2165832ff955f016bd3a3219170669530a 3e20ceb037bcce5a6d2d77b465c45ba7f66f8b89b9e83d29ad122dd20640fe88
EXPORTER_SECRET edcdd09bed625c36380904b55d374a2165832ff955f016bd3a3219170669530a 0a58ab734a9cbe537ed288f6ea7e776d6a05fd2208ec5b66f4d8a35f8240bf91
CLIENT_HANDSHAKE_TRAFFIC_SECRET 0768d58b1e8a567a2ded37d2bc715b3de0909b6bdd0130e3d53e1a9d09368161 2de3eb84412414341541a66d597891d2920cff1a045bdfa6eb50fa1456ff9390
SERVER_HANDSHAKE_TRAFFIC_SECRET 0768d58b1e8a567a2ded37d2bc715b3de0909b6bdd0130e3d53e1a9d09368161 b7c703e05ae4706e5be61772fd64a0f6b839bfc2748b633fff702444f595ffbb
CLIENT_HANDSHAKE_TRAFFIC_SECRET 79b725f0cd66898ef982d2a38fafd3482714634da727fc71047cdac7c8386aff e897bbc2a045889065ebb3cde248b8e49a12401341f6bd42c51c884f0cb872ad
SERVER_HANDSHAKE_TRAFFIC_SECRET 79b725f0cd66898ef982d2a38fafd3482714634da727fc71047cdac7c8386aff d9ff897654800ca7a20f2b5150ba1dbba885662ad0aff6f71a1f56032c11f1c2
CLIENT_TRAFFIC_SECRET_0 0768d58b1e8a567a2ded37d2bc715b3de0909b6bdd0130e3d53e1a9d09368161 466a83bd45d4f3365b41e148c9d8a6ae0a564441d84d537942e517cde1201ded
SERVER_TRAFFIC_SECRET_0 0768d58b1e8a567a2ded37d2bc715b3de0909b6bdd0130e3d53e1a9d09368161 4a3bfb8cded21ce1a72ae8bd9b78c13cce2d41b740373a5dc5d61d8a193ca0ae
EXPORTER_SECRET 0768d58b1e8a567a2ded37d2bc715b3de0909b6bdd0130e3d53e1a9d09368161 f768648a96e4f364f74dc86081366fa9176f719d03749efd664836b547b95017
CLIENT_TRAFFIC_SECRET_0 79b725f0cd66898ef982d2a38fafd3482714634da727fc71047cdac7c8386aff 9cad1685b290d818f58f3e38634f18185d9e8a7150b0b7cd5c875e20b2282ba7
SERVER_TRAFFIC_SECRET_0 79b725f0cd66898ef982d2a38fafd3482714634da727fc71047cdac7c8386aff 9171e0e8edd09a5f6eb36d619d29dd0e70c2b70a1ffac7d9a583ed231525cc5b
EXPORTER_SECRET 79b725f0cd66898ef982d2a38fafd3482714634da727fc71047cdac7c8386aff b28a0d13f59f1b3bd4e611e9bc323c6532240788995293cab7982783512c0447
CLIENT_HANDSHAKE_TRAFFIC_SECRET 07990d21f24973d1d88e5901dda69f5c4360e08cc9f26f8149d3e92e18db457a 633c0bf171e608f4ca8bae2babab7188190af9340de9f12db4a24d7ba9c789c5
SERVER_HANDSHAKE_TRAFFIC_SECRET 07990d21f24973d1d88e5901dda69f5c4360e08cc9f26f8149d3e92e18db457a 60ffe665871284efd744cb6c4d7a7a6e9b78955650e12d5b3e8f7c3f37cea789
CLIENT_HANDSHAKE_TRAFFIC_SECRET 0eeb6261785a7ed457a888b808de8b649192e408a458d0c585bd479ccdd63958 4bc54d14ead16abe251a395e7be63332afcfbafe496ec0a50e7f79889d4583ea
SERVER_HANDSHAKE_TRAFFIC_SECRET 0eeb6261785a7ed457a888b808de8b649192e408a458d0c585bd479ccdd63958 8c60ad611976f6523cc3ff6eb05cff376a2654cf1e34beab841d822cb83a6fce
CLIENT_TRAFFIC_SECRET_0 0eeb6261785a7ed457a888b808de8b649192e408a458d0c585bd479ccdd63958 ac9386eb879639d2bbf5a2231a2056032f7e7d5865955b41adb60fcf31280795
SERVER_TRAFFIC_SECRET_0 0eeb6261785a7ed457a888b808de8b649192e408a458d0c585bd479ccdd63958 694ca72416f0bfd3f8d1e0c5a769b084fa7f78a91e25cf2fa2e3804328b49c66
EXPORTER_SECRET 0eeb6261785a7ed457a888b808de8b649192e408a458d0c585bd479ccdd63958 c62258085821ac52e93ae34bcd4c1b54ec61d68eda7ecb7f3c83f2b7141ba7bb
CLIENT_HANDSHAKE_TRAFFIC_SECRET 244505cf9552bc532cde7d6696a996d4cfc2413ae1295b2b49061e2fd0adf98c b882315ba7436bf84248807632c1546abb8e9c787a2175ebdaf1d35310c5296d
SERVER_HANDSHAKE_TRAFFIC_SECRET 244505cf9552bc532cde7d6696a996d4cfc2413ae1295b2b49061e2fd0adf98c 687bc616e83a4b5f6dea74e8d148fc7ccbc7f01b7559905305d1561bbc06b1ba
CLIENT_TRAFFIC_SECRET_0 07990d21f24973d1d88e5901dda69f5c4360e08cc9f26f8149d3e92e18db457a f7103ead5e1fe5f137784fbb96f17a4faa2889c3dcf1afba92d33d208e3255d5
SERVER_TRAFFIC_SECRET_0 07990d21f24973d1d88e5901dda69f5c4360e08cc9f26f8149d3e92e18db457a 2701e005c78c67129e17e39fab3ff4a756f4a44d3e5d1fb14312e2e421563833
EXPORTER_SECRET 07990d21f24973d1d88e5901dda69f5c4360e08cc9f26f8149d3e92e18db457a 5e743d1b711ae4d72e02faf960771f6f43aca44453b214ffde545019141b0e10
CLIENT_TRAFFIC_SECRET_0 244505cf9552bc532cde7d6696a996d4cfc2413ae1295b2b49061e2fd0adf98c 7575849e6df4bb88905538031453d88e0915b29968c0fd0910433da0fbf82b7c
SERVER_TRAFFIC_SECRET_0 244505cf9552bc532cde7d6696a996d4cfc2413ae1295b2b49061e2fd0adf98c b62ec4fdea4c194c1dd18ecc1e04e33d05285469413ab5765316b028c3ec006f
EXPORTER_SECRET 244505cf9552bc532cde7d6696a996d4cfc2413ae1295b2b49061e2fd0adf98c dad8c799efa2ac40776170c03aa81a39988d882f6963f1cb78960d0654b763a3
CLIENT_HANDSHAKE_TRAFFIC_SECRET 0f7529ff40ccc1de2244779e4b533f3eb9b779f629bc9b73e6f2efa8ef8e14ca 40096d4047c47774b688ca34537887dd38c8b648ff0a972906bb2b9c9026b398
SERVER_HANDSHAKE_TRAFFIC_SECRET 0f7529ff40ccc1de2244779e4b533f3eb9b779f629bc9b73e6f2efa8ef8e14ca 588fad052129538f3c3577c8bd4f76495e55db1f2e0e809d34136d6d41bd7449
CLIENT_TRAFFIC_SECRET_0 0f7529ff40ccc1de2244779e4b533f3eb9b779f629bc9b73e6f2efa8ef8e14ca edb1c75d5c6416e1544e729dd431bd397194a1b47d6d437cdd64d11a809f2392
SERVER_TRAFFIC_SECRET_0 0f7529ff40ccc1de2244779e4b533f3eb9b779f629bc9b73e6f2efa8ef8e14ca 55f35b6ed171dd0cba7508fb8f982401746e018d753ed02ad5d54b2c406c4ef7
EXPORTER_SECRET 0f7529ff40ccc1de2244779e4b533f3eb9b779f629bc9b73e6f2efa8ef8e14ca 71dc4214bab40832b5b12af4d53fe045e05174db05cae00bda60a1c87a807d87
CLIENT_HANDSHAKE_TRAFFIC_SECRET d6ae0dc60e56fa75a4c0124473429fa58b79986da6c21790ff44ca9e2b29fa6b 17b26836b64b0c486e385b662242cb0bc9d5569d0b15d693efd57a4c1951e4c3
SERVER_HANDSHAKE_TRAFFIC_SECRET d6ae0dc60e56fa75a4c0124473429fa58b79986da6c21790ff44ca9e2b29fa6b f6192b89f80cf0575d24eb50aa7064521d824bffbb1839ec18da5c6bfb54b0f5
CLIENT_TRAFFIC_SECRET_0 d6ae0dc60e56fa75a4c0124473429fa58b79986da6c21790ff44ca9e2b29fa6b ec6e7165f390525a8ac5cc9ddb70630f34857643247106aadc697b185e55efe9
SERVER_TRAFFIC_SECRET_0 d6ae0dc60e56fa75a4c0124473429fa58b79986da6c21790ff44ca9e2b29fa6b 67796140af1b389f5f1388b0a459eba24831b2800380e7151281f795797d101e
EXPORTER_SECRET d6ae0dc60e56fa75a4c0124473429fa58b79986da6c21790ff44ca9e2b29fa6b 2d51afdec04b45e4bdfea18623c641ce5a0b6af6e3aa8d2cbc9e580554171e0b
CLIENT_HANDSHAKE_TRAFFIC_SECRET 1b6ebd6bcb288f4a62d6e866f0d7f788559b84686c2e462799b88d619e225587 bef750f7544e462f1b8624e84ae3638dcfeffb0bcf718ae0c4263f1fa882d7c7
SERVER_HANDSHAKE_TRAFFIC_SECRET 1b6ebd6bcb288f4a62d6e866f0d7f788559b84686c2e462799b88d619e225587 0d2a2d9541b0096744d507e22a2983b57189ab11d7b339f1c208e67b4e19f14e
CLIENT_TRAFFIC_SECRET_0 1b6ebd6bcb288f4a62d6e866f0d7f788559b84686c2e462799b88d619e225587 3fc3410026a725e028836a8182e85aa15d73641d9b471a20ce685c9d2cd0b298
SERVER_TRAFFIC_SECRET_0 1b6ebd6bcb288f4a62d6e866f0d7f788559b84686c2e462799b88d619e225587 09330eb9faa18d17e0c4024b035c5432a599fe88a655998175ae1c7a40fc7442
EXPORTER_SECRET 1b6ebd6bcb288f4a62d6e866f0d7f788559b84686c2e462799b88d619e225587 45105181a1b0f4cb54416aea70f5b2a4aae5ed8ddde60dec3771d2a91d81ba39
