CLIENT_HANDSHAKE_TRAFFIC_SECRET d5928a298372693acfdbf1170dd9411abb6e4847451165c679ad1159fff9e096 6292ae5f5210773e18322def2aa008616f92a5dac7a14a3f9bd0c79126095a0d
SERVER_HANDSHAKE_TRAFFIC_SECRET d5928a298372693acfdbf1170dd9411abb6e4847451165c679ad1159fff9e096 c3818e6fae6571fc03e3baa6d63fcb14908237fd0d090f770fccf248aab68e3d
CLIENT_TRAFFIC_SECRET_0 d5928a298372693acfdbf1170dd9411abb6e4847451165c679ad1159fff9e096 03368b58faf07bb0993bff19e5d71e659bc978d6be2e24887455adff82b612db
SERVER_TRAFFIC_SECRET_0 d5928a298372693acfdbf1170dd9411abb6e4847451165c679ad1159fff9e096 b6054e04e8e24ed082f797d9f91fa30f05cc14d75171fd078ca9b70454519b6d
EXPORTER_SECRET d5928a298372693acfdbf1170dd9411abb6e4847451165c679ad1159fff9e096 b86cea85a53846212c8ea6408a57c724225e86734e726907f64377115e59aaad
CLIENT_HANDSHAKE_TRAFFIC_SECRET 6217b1fabd364b0bb6adda8a13f9bf1d5925a04a164a2533fa70a18baebaa967 c5fe1a7ac349929eac6cdb0d7252a40b3fac087e41ffb101cf5c89b8332b7be6
SERVER_HANDSHAKE_TRAFFIC_SECRET 6217b1fabd364b0bb6adda8a13f9bf1d5925a04a164a2533fa70a18baebaa967 62926b4793cd0d56983ed2cf59c2842a2099224fe7e97569aa922438c5df1374
CLIENT_TRAFFIC_SECRET_0 6217b1fabd364b0bb6adda8a13f9bf1d5925a04a164a2533fa70a18baebaa967 cd22139ddf7fa17947628315d2b233376a86f8b488a6354b82f656739654ba18
SERVER_TRAFFIC_SECRET_0 6217b1fabd364b0bb6adda8a13f9bf1d5925a04a164a2533fa70a18baebaa967 c740c8b7d0433f9ffc5966bc94e3e4744695a75f111027d5f0ffbf41a01d738a
EXPORTER_SECRET 6217b1fabd364b0bb6adda8a13f9bf1d5925a04a164a2533fa70a18baebaa967 5d05fb49d4c721e9cf6459c08b2f8427acb2a00c76c53612d2c75749e989077c
CLIENT_HANDSHAKE_TRAFFIC_SECRET 254bd8b41231078b4172a6c1f50c0556fc04a4a2ebb11b0dad140997e28a13e8 f21213545e0aeece598eaf475abfd59c668a78c163e68b85505053ce0f7e2037
SERVER_HANDSHAKE_TRAFFIC_SECRET 254bd8b41231078b4172a6c1f50c0556fc04a4a2ebb11b0dad140997e28a13e8 e3fd31093f1ea69ba5d226bf0710ee658ba6b5c73b8f227ee55cdaa00656b582
CLIENT_TRAFFIC_SECRET_0 254bd8b41231078b4172a6c1f50c0556fc04a4a2ebb11b0dad140997e28a13e8 a28f2217cf2944ea078fc89fb3455eb57eda133360a9bf37be931c3db83b6a62
SERVER_TRAFFIC_SECRET_0 254bd8b41231078b4172a6c1f50c0556fc04a4a2ebb11b0dad140997e28a13e8 85e0dff90b740205fe82a5da1c1dd79518d6ee700c0cfe1a860a1f87d96e4f0d
EXPORTER_SECRET 254bd8b41231078b4172a6c1f50c0556fc04a4a2ebb11b0dad140997e28a13e8 5e0e7f28d9d9b1c893acb74d1b3ae945fb775f6fb88cc519009c93022abfa79f
CLIENT_HANDSHAKE_TRAFFIC_SECRET 887cd174084218e04b49ce766a7520a26569ef17c2248f83e59de40a43b90b70 cb3d49dfaa4c1fd05738aa2b9566ecd6371b0fa479646a8a3141e966fcc268dc
SERVER_HANDSHAKE_TRAFFIC_SECRET 887cd174084218e04b49ce766a7520a26569ef17c2248f83e59de40a43b90b70 b347cd8ce7f2bd70118b5e94b3e9d02a8851b5c96d22265a7cb31b67b7ef7497
CLIENT_TRAFFIC_SECRET_0 887cd174084218e04b49ce766a7520a26569ef17c2248f83e59de40a43b90b70 b15eb05d92f5038c0873b956a732a71abc3ac7a213be988a196449fd52652ace
SERVER_TRAFFIC_SECRET_0 887cd174084218e04b49ce766a7520a26569ef17c2248f83e59de40a43b90b70 09a84ddeb3f6453317a1cf7fb57e370ae6cb9827486ec18ba47cd593945c5167
EXPORTER_SECRET 887cd174084218e04b49ce766a7520a26569ef17c2248f83e59de40a43b90b70 3499e94c5bc7159c3ab0150d8d7876df09fdf139c308cab9f7e3fb6ad702d02e
CLIENT_HANDSHAKE_TRAFFIC_SECRET 92498e1ca265677df64a4ffad094478a3c31ed1536a9d45fb3c10cb37b101b6f 5958a0be5252ece9a88ba5fc075e3c02f6199bff796ddb62b206c346cb9f6068
SERVER_HANDSHAKE_TRAFFIC_SECRET 92498e1ca265677df64a4ffad094478a3c31ed1536a9d45fb3c10cb37b101b6f 22dd8085d1a75542afa0bf456964c9397119b963e1e62fff58f69cca667a5892
CLIENT_TRAFFIC_SECRET_0 92498e1ca265677df64a4ffad094478a3c31ed1536a9d45fb3c10cb37b101b6f 328546464869e4a264cec6b61ffd4e1e2b6ad2db4ca8d4be3dbc5c8a5332f3ae
SERVER_TRAFFIC_SECRET_0 92498e1ca265677df64a4ffad094478a3c31ed1536a9d45fb3c10cb37b101b6f dc9c515656aefa1a32367e9fb9f78927e1fab9ca2c01802f5c2252fc9d6cf969
EXPORTER_SECRET 92498e1ca265677df64a4ffad094478a3c31ed1536a9d45fb3c10cb37b101b6f da735dfb8ca2b79eb41544ad794d7b97e4f6c1fc57a3ee2c46ef1e449ec3c532
CLIENT_HANDSHAKE_TRAFFIC_SECRET af222b5e6b6e66c41df1d079b59aa3431ac84010409a8e2a499fefeedf918585 1403c394e807fa1ecfc399102da55645fd5e05b8f41383255ce126f463fcd74d
SERVER_HANDSHAKE_TRAFFIC_SECRET af222b5e6b6e66c41df1d079b59aa3431ac84010409a8e2a499fefeedf918585 c8f776b0e58809e7af04a5a0201e46cc86a66f3929b3749337fdf1a4fbaadac9
CLIENT_TRAFFIC_SECRET_0 af222b5e6b6e66c41df1d079b59aa3431ac84010409a8e2a499fefeedf918585 e2a577107dcae044995d757f53bfe7b6415da09420aa6fb41b7bacb2e763df0c
SERVER_TRAFFIC_SECRET_0 af222b5e6b6e66c41df1d079b59aa3431ac84010409a8e2a499fefeedf918585 d8abf35f2af13bced5df1880ee684d1c99c9b180203b38f202a693a7d9de911d
EXPORTER_SECRET af222b5e6b6e66c41df1d079b59aa3431ac84010409a8e2a499fefeedf918585 c9e9668450587d0a399c122b9668d0fa49e4a73ecc967743081c5f13a94ee08a
CLIENT_HANDSHAKE_TRAFFIC_SECRET f4395586918457eb69930fa776e2047a90afeb400d91f71618659cddf09789e5 bede9f9fd0cd60b414fcdecff3a24c30fbc3766b7be058521240d20f3e02015f
SERVER_HANDSHAKE_TRAFFIC_SECRET f4395586918457eb69930fa776e2047a90afeb400d91f71618659cddf09789e5 08ceb53f362bf41b017d4519d051abf44bbbce9700d463abf2c14b265c995829
CLIENT_TRAFFIC_SECRET_0 f4395586918457eb69930fa776e2047a90afeb400d91f71618659cddf09789e5 190e5db0b8f17e25fd50be70955bf68c54a0c9e211fd458d6026dcc33b5edf2e
SERVER_TRAFFIC_SECRET_0 f4395586918457eb69930fa776e2047a90afeb400d91f71618659cddf09789e5 8458e0e4e1f0659a43429d6c92e6601fc088cf7b83c75e26f0ea735bf868b872
EXPORTER_SECRET f4395586918457eb69930fa776e2047a90afeb400d91f71618659cddf09789e5 03636233e360748b5d5985ce70e1b750e79ad1b56cb9f1eae8aee7cda74e1aea
CLIENT_HANDSHAKE_TRAFFIC_SECRET 2c5573967d44b709da76a285910d4b146973b08e10579e84d8553e42ba9b2e0e d272ad6e61449ab88852db5500ab41b5fa256d6c820f50fbe422ef1535c08e2c
SERVER_HANDSHAKE_TRAFFIC_SECRET 2c5573967d44b709da76a285910d4b146973b08e10579e84d8553e42ba9b2e0e 2d6f40dcd7c82848b9ed7e35f2de69149ab83b58d8068acc62ecc40f938f66ee
CLIENT_TRAFFIC_SECRET_0 2c5573967d44b709da76a285910d4b146973b08e10579e84d8553e42ba9b2e0e 07a95a64b4eb1e1b3ed678238c5369e2b5205c846e2eeb4785c6a96b94616ff7
SERVER_TRAFFIC_SECRET_0 2c5573967d44b709da76a285910d4b146973b08e10579e84d8553e42ba9b2e0e 68f8165e5916c400072d9f627d0a1c71e589b9a2d5a8852a346c2a7184c9af66
EXPORTER_SECRET 2c5573967d44b709da76a285910d4b146973b08e10579e84d8553e42ba9b2e0e ba73d2876eee4fe2c680374b0fdad586081b88ff67bec476b81f1a67a7ddef53
CLIENT_HANDSHAKE_TRAFFIC_SECRET dd96e48a5e4bfb16ac0b0c85d92c8981b953f5b40763724315c8236b5381e89f ae865bae3542745ced93434c8a65c83569a43a65c663594fceabc6799d19b5d2
SERVER_HANDSHAKE_TRAFFIC_SECRET dd96e48a5e4bfb16ac0b0c85d92c8981b953f5b40763724315c8236b5381e89f 48ab2e1ff3427055ea72d42e1d0ccfbcb6d85f57c6f6bbb551155e4b5853d62a
CLIENT_TRAFFIC_SECRET_0 dd96e48a5e4bfb16ac0b0c85d92c8981b953f5b40763724315c8236b5381e89f fd360d773db802271d639320bac0ca3bbf3d5a63c43398275118872b73d99ef9
SERVER_TRAFFIC_SECRET_0 dd96e48a5e4bfb16ac0b0c85d92c8981b953f5b40763724315c8236b5381e89f f6c6c016ec6f931200363a95a471145bc4bc24829019c421b56390c35077cb7b
EXPORTER_SECRET dd96e48a5e4bfb16ac0b0c85d92c8981b953f5b40763724315c8236b5381e89f fafa928aa55f0b67bb99d6818fec3f8f402ea96e2a387184b19307084e086a0c
