CLIENT_HANDSHAKE_TRAFFIC_SECRET cd9d40419f5e3f3077f1df0c885dd9dc39bb5fe9167c3a2e8fc81e48718ce34c 81b6daeb88510217891496a6b7b0ba84f2501ad70f3bf16b59a08699eb502f55
SERVER_HANDSHAKE_TRAFFIC_SECRET cd9d40419f5e3f3077f1df0c885dd9dc39bb5fe9167c3a2e8fc81e48718ce34c e451fcd4393d893c11e05eddb35481d2409dea6ea9ae28445cac7a0daf0374cc
CLIENT_TRAFFIC_SECRET_0 cd9d40419f5e3f3077f1df0c885dd9dc39bb5fe9167c3a2e8fc81e48718ce34c bfd570812aa92c78f6c90a36586a5043ffac9d30c20311f96f55952ac1112bae
SERVER_TRAFFIC_SECRET_0 cd9d40419f5e3f3077f1df0c885dd9dc39bb5fe9167c3a2e8fc81e48718ce34c 6957b8bf062074ecdf9f42b0ea17cd3aec755c838a08172c8a118572a1b8dae3
EXPORTER_SECRET cd9d40419f5e3f3077f1df0c885dd9dc39bb5fe9167c3a2e8fc81e48718ce34c 5c46f330e53a6158d75f962d2ad13b1e2593e075e421d8068b597230da7bed9b
CLIENT_HANDSHAKE_TRAFFIC_SECRET ebd60e62c66aaedf3119fd4cb41f2ce9a3e6af2ae964c5bf30c2fa04bcd63d46 163125327f47bf21a74e91de16030190088b3a67ca170493d4b72466c1a9d798
SERVER_HANDSHAKE_TRAFFIC_SECRET ebd60e62c66aaedf3119fd4cb41f2ce9a3e6af2ae964c5bf30c2fa04bcd63d46 5480895a3320711693b03d5ef43e99f68d0b21963edf9896696a8511e93665b9
CLIENT_TRAFFIC_SECRET_0 ebd60e62c66aaedf3119fd4cb41f2ce9a3e6af2ae964c5bf30c2fa04bcd63d46 4f593aa8dc8f55d78b74265ec30fbd1952190617cf0a38674e6c3036a5413ea5
SERVER_TRAFFIC_SECRET_0 ebd60e62c66aaedf3119fd4cb41f2ce9a3e6af2ae964c5bf30c2fa04bcd63d46 413987eafa653b21ac17cdae9723a1ff07bcb105fbe162a2118bfa5774b3a92e
EXPORTER_SECRET ebd60e62c66aaedf3119fd4cb41f2ce9a3e6af2ae964c5bf30c2fa04bcd63d46 254c39f56c8930095d7c27a7ef593b45ccfb634c1715b50451b92e286e12c844
CLIENT_HANDSHAKE_TRAFFIC_SECRET 9e6daeaa641062ce09c71fb3d30d83f1078399842bb48ab4ae565f480ddeb317 eb521bcb24c99fdd13b965ae6cddeb1aa777fdf996b499537446197c90daf417
SERVER_HANDSHAKE_TRAFFIC_SECRET 9e6daeaa641062ce09c71fb3d30d83f1078399842bb48ab4ae565f480ddeb317 2368a6fa2e8022317b6f2d1cf248a1ee4bacce0d44c32ce8939ffa34bd82e5d3
CLIENT_TRAFFIC_SECRET_0 9e6daeaa641062ce09c71fb3d30d83f1078399842bb48ab4ae565f480ddeb317 57c0cc2c9afb1606f85696ec9215954184a1efc9b30b1357c54d0d14e69b1e50
SERVER_TRAFFIC_SECRET_0 9e6daeaa641062ce09c71fb3d30d83f1078399842bb48ab4ae565f480ddeb317 0c9a2ed25e4e070a89edf55872e2835d998131e51090d335242169d80ee7f20f
EXPORTER_SECRET 9e6daeaa641062ce09c71fb3d30d83f1078399842bb48ab4ae565f480ddeb317 2e512a8abcd918d5b39c97eb71a9782728d09be3162e48ee591b53834b343605
CLIENT_HANDSHAKE_TRAFFIC_SECRET f74c16866db9d164a9ee1f95818acc699a4b48d8b94127efd2290456912b1bf5 f72ddf02d36bd456e449dabe1e20bd4d097f875addcb49019c75e8f66c4b8317
SERVER_HANDSHAKE_TRAFFIC_SECRET f74c16866db9d164a9ee1f95818acc699a4b48d8b94127efd2290456912b1bf5 c636df655f985d01018c58530cd7fccc94484e83925204493f17f1894bbb913f
CLIENT_TRAFFIC_SECRET_0 f74c16866db9d164a9ee1f95818acc699a4b48d8b94127efd2290456912b1bf5 5397564ba4ac557c21553ba5bc5289fde13ae827328748145b768c9f3e4f1d4a
SERVER_TRAFFIC_SECRET_0 f74c16866db9d164a9ee1f95818acc699a4b48d8b94127efd2290456912b1bf5 e0ed0f398428f004a6f097f21c199466d742e9fd2d8860137181f8ccc283aa5c
EXPORTER_SECRET f74c16866db9d164a9ee1f95818acc699a4b48d8b94127efd2290456912b1bf5 745df65c37fb2fb9b5c1ea311c00f092babb29afe9e6df5fdeedf98bf43562ca
CLIENT_HANDSHAKE_TRAFFIC_SECRET 172ea281f7aadca2b990a7ec6644e119853aa9855de5dab02c0dd73f97252e48 ae19f20b769fd219333d1161a1b4c37b579a2169658145b28e36c192eb5a8776
SERVER_HANDSHAKE_TRAFFIC_SECRET 172ea281f7aadca2b990a7ec6644e119853aa9855de5dab02c0dd73f97252e48 dd65e319b582d075b53527bd883d26fad27762facc1420f8c8b565668c304aad
CLIENT_TRAFFIC_SECRET_0 172ea281f7aadca2b990a7ec6644e119853aa9855de5dab02c0dd73f97252e48 63d4107573b79b014757656d877feab118746900bcc7044786adf2cd21c2c9a3
SERVER_TRAFFIC_SECRET_0 172ea281f7aadca2b990a7ec6644e119853aa9855de5dab02c0dd73f97252e48 7ca2858321b12741e08d8b4e04a8220cf20caf8e19cfb8fc55da742821654b07
EXPORTER_SECRET 172ea281f7aadca2b990a7ec6644e119853aa9855de5dab02c0dd73f97252e48 c01ebc9e702e4397dc14c29603ca72389125cde0736315f4ef8c60503fed7efc
CLIENT_HANDSHAKE_TRAFFIC_SECRET 4a65919d4b4d804d960db181e01b53e6ede07871b8cea7d4b2165f2c1f680a46 313f31ef1231d3af9ce4ee6440f831c2c8a9c6f0a13d77c2cbb8b15e7ee25cec
SERVER_HANDSHAKE_TRAFFIC_SECRET 4a65919d4b4d804d960db181e01b53e6ede07871b8cea7d4b2165f2c1f680a46 f9d6d623d6c0ba0b3cb9f1e2060b108bc4d3ca3be526c031e25e88d670b26fe5
CLIENT_TRAFFIC_SECRET_0 4a65919d4b4d804d960db181e01b53e6ede07871b8cea7d4b2165f2c1f680a46 98df13bd343d5898bb051bc63b27d4079ecde0dbe1a58e648ca784762765f4f8
SERVER_TRAFFIC_SECRET_0 4a65919d4b4d804d960db181e01b53e6ede07871b8cea7d4b2165f2c1f680a46 d131b5599ffa301ab981c1a855b8d5c029c841a56c0df09ad384636f562bb176
EXPORTER_SECRET 4a65919d4b4d804d960db181e01b53e6ede07871b8cea7d4b2165f2c1f680a46 d423b29256d414edc230f4188ffaca9c5ac601ea1c3dd2308aa7295eb65ef295
CLIENT_HANDSHAKE_TRAFFIC_SECRET d0bf20f2079547519c97b3dba1f308403e84ba8b0e7dd1910f55d073a9ba4999 65809b5fb5b461200325e4a4c1a3d923d1a6522202ac8bc861bc56b237e2b7bd
SERVER_HANDSHAKE_TRAFFIC_SECRET d0bf20f2079547519c97b3dba1f308403e84ba8b0e7dd1910f55d073a9ba4999 a56e01fc7c7c4e88b3f6558b3f150b59892c7525393ff7ed7cf664c7a9cc7e3d
CLIENT_TRAFFIC_SECRET_0 d0bf20f2079547519c97b3dba1f308403e84ba8b0e7dd1910f55d073a9ba4999 ec51107b055645c1f60caae8b6f6a27de916f13d308ffcd90a0a8c6c1651a5bb
SERVER_TRAFFIC_SECRET_0 d0bf20f2079547519c97b3dba1f308403e84ba8b0e7dd1910f55d073a9ba4999 1e9b8deda7ebe5aac33e2a52d4b4bb26c9d5e4e6ff3142e8788f1e20bd155be5
EXPORTER_SECRET d0bf20f2079547519c97b3dba1f308403e84ba8b0e7dd1910f55d073a9ba4999 3ce745a0fcda004d6f7d19ac80c6afcc281427cbc77fbcac0e914993d16d8c03
CLIENT_HANDSHAKE_TRAFFIC_SECRET e2a7842feb75b9d358e81fc3fc73bd70494da645eca5d384f24feaa31ee46f38 66e9c16a4576d91e8364771b6609a72d74a635fb528b491f6de4da68c0119265
SERVER_HANDSHAKE_TRAFFIC_SECRET e2a7842feb75b9d358e81fc3fc73bd70494da645eca5d384f24feaa31ee46f38 8541c3bf60d901cce96dea9989ba03431033c2e58e907df65f910da9f5597dfd
CLIENT_HANDSHAKE_TRAFFIC_SECRET 9d85c03b9707b3c7a359c97fad227866ac2439b2cd8fa326dbf3a906107f5e99 87bbd5af5cb85195a34e54600b37d2221e2dd6f5c83388792df21a1535e55ae2
SERVER_HANDSHAKE_TRAFFIC_SECRET 9d85c03b9707b3c7a359c97fad227866ac2439b2cd8fa326dbf3a906107f5e99 274aa051023877aeb9befb7625a4190a67a03ccf28044dc07fa0e00ca99b0395
CLIENT_TRAFFIC_SECRET_0 9d85c03b9707b3c7a359c97fad227866ac2439b2cd8fa326dbf3a906107f5e99 dd843a09d4ada2c61387048ae6949bae7eb3084e088714ef6e6202e6889db01c
SERVER_TRAFFIC_SECRET_0 9d85c03b9707b3c7a359c97fad227866ac2439b2cd8fa326dbf3a906107f5e99 1be77fd70762fe40d2acc065194fb1c144fbea8aa99768ef09ebffa3758a05be
EXPORTER_SECRET 9d85c03b9707b3c7a359c97fad227866ac2439b2cd8fa326dbf3a906107f5e99 368f254c680e9a016d27edba50d20f0742e292252d39bc06e43ea033f4fac970
CLIENT_TRAFFIC_SECRET_0 e2a7842feb75b9d358e81fc3fc73bd70494da645eca5d384f24feaa31ee46f38 c81d9a5bbf3be4f56078c112e344b2aaf09a740c1ac64e81f95bbd3cce40b81e
SERVER_TRAFFIC_SECRET_0 e2a7842feb75b9d358e81fc3fc73bd70494da645eca5d384f24feaa31ee46f38 29de18a98d46bbe411a687f92c0fe6d4a0ed649587ddd3e7211848e34b07f986
EXPORTER_SECRET e2a7842feb75b9d358e81fc3fc73bd70494da645eca5d384f24feaa31ee46f38 30bc523f9d1c486910c1f2756a3a955b63d4bc8b0a157d5627dc602f57d62989
