CLIENT_HANDSHAKE_TRAFFIC_SECRET 73799c64f3817b7c274d88d7454d53328d26924ae7d71a3b8a58fd51d9f61d3c 0c33ecff589da2ca8a69b106b0abc00f4496cd808b34266f675dbe628de1bc8f
SERVER_HANDSHAKE_TRAFFIC_SECRET 73799c64f3817b7c274d88d7454d53328d26924ae7d71a3b8a58fd51d9f61d3c 8d59af6fef873782810445fcb9ae4df2896b8464b6c5298aba9a99e65e4bdf73
CLIENT_TRAFFIC_SECRET_0 73799c64f3817b7c274d88d7454d53328d26924ae7d71a3b8a58fd51d9f61d3c 461b73be544022c2a6d9c1f28d3925a5ac1cfec93f4171aaf747ec7ed365c80e
SERVER_TRAFFIC_SECRET_0 73799c64f3817b7c274d88d7454d53328d26924ae7d71a3b8a58fd51d9f61d3c 15d5d5432fb8ae94191fd150e57b01e83cc1b30d13b6f404cb10e57ff73840c1
EXPORTER_SECRET 73799c64f3817b7c274d88d7454d53328d26924ae7d71a3b8a58fd51d9f61d3c 05b47b71d438de14c613672c325bd1b8b8f1ef3a6e3e651264f33e5c7ff155f4
CLIENT_HANDSHAKE_TRAFFIC_SECRET 11504f5258cb8a17b37f8812a128e8a8d76cce34a071e0866d0588dd4adc0a9c 7a74d6f3e22794fab56b23cd02b119bab47aaf527a50872eb88575aaadd1451b
SERVER_HANDSHAKE_TRAFFIC_SECRET 11504f5258cb8a17b37f8812a128e8a8d76cce34a071e0866d0588dd4adc0a9c 843d8308db632e2e935890a570615822a1a0bcf2db58c351d0e2ae312fa48d88
CLIENT_TRAFFIC_SECRET_0 11504f5258cb8a17b37f8812a128e8a8d76cce34a071e0866d0588dd4adc0a9c 01492c45d4b94220a65f70639e488ef7a124f277e2853902857d1a397e9294ef
SERVER_TRAFFIC_SECRET_0 11504f5258cb8a17b37f8812a128e8a8d76cce34a071e0866d0588dd4adc0a9c 21ac938506010c7073c32bfcb5ef63e4eb79b6e4ae40bfbcf10ddd96baac3d14
EXPORTER_SECRET 11504f5258cb8a17b37f8812a128e8a8d76cce34a071e0866d0588dd4adc0a9c 77a7f48b49c58718f462174617775bf83701390f0b8afdc62ee95f08b74a5e1b
CLIENT_HANDSHAKE_TRAFFIC_SECRET 47e59077f1d468ce75158006cd0ff0e35a6e80c47bf8a3fd0b5a432f164cae58 6f1f42640087b0a127f2953c6a4891af6f80d97650e3a56909325cd70978ffa4
SERVER_HANDSHAKE_TRAFFIC_SECRET 47e59077f1d468ce75158006cd0ff0e35a6e80c47bf8a3fd0b5a432f164cae58 8d4f8c553a6125d4c4afbc921733727021b76c511c7cfc6a052f29daf43e7211
CLIENT_TRAFFIC_SECRET_0 47e59077f1d468ce75158006cd0ff0e35a6e80c47bf8a3fd0b5a432f164cae58 e216c466ab9535596cb851a4293aeb74f15da5dd95bef3bb8fe8d7df0c867c80
SERVER_TRAFFIC_SECRET_0 47e59077f1d468ce75158006cd0ff0e35a6e80c47bf8a3fd0b5a432f164cae58 f20cec4ca4b20ccf57db4630a96b73bdc4ddf0dedfe7514f28b32d8b98bc093a
EXPORTER_SECRET 47e59077f1d468ce75158006cd0ff0e35a6e80c47bf8a3fd0b5a432f164cae58 466dfc26eb4b0a63f353f5aaa0e9716b2a65a8550e7cfa90ce315ae31af719f4
CLIENT_HANDSHAKE_TRAFFIC_SECRET 824741b13c915f3010b77833f3578e4cf84857b688099dd130a76467ea6f6467 98c5aced2f5c0cab423b2c99e03ff3f1d8a3078eb80f0731bf823007cb73fb7f
SERVER_HANDSHAKE_TRAFFIC_SECRET 824741b13c915f3010b77833f3578e4cf84857b688099dd130a76467ea6f6467 f1f167d73830ede7efb888dfebc076dbc798d09e253cbb7a84d4148c82b78f67
CLIENT_TRAFFIC_SECRET_0 824741b13c915f3010b77833f3578e4cf84857b688099dd130a76467ea6f6467 db2f17223e8749e6dc6cff5e3ff9c198ed73f9f6c4a8297a925638d619bb578b
SERVER_TRAFFIC_SECRET_0 824741b13c915f3010b77833f3578e4cf84857b688099dd130a76467ea6f6467 293cb45cc2676a3f911468216732e139145d611cafd025b470bf2761e2bd6cc5
EXPORTER_SECRET 824741b13c915f3010b77833f3578e4cf84857b688099dd130a76467ea6f6467 d8c7118579e635b3046ece0e45319acaa011da9064e42d08818a5d5ae45983f5
CLIENT_HANDSHAKE_TRAFFIC_SECRET 8b9921abb2fdc37f1ef3b9a824899bdbd0a5cd2477658d7ebd58bc83757e26b7 f509af2044a6076aa58060f1874fb9c19d20fdee07a03e3e4d72601a672a4f3a
SERVER_HANDSHAKE_TRAFFIC_SECRET 8b9921abb2fdc37f1ef3b9a824899bdbd0a5cd2477658d7ebd58bc83757e26b7 5b601aacd2d58078b2a429bd925eca76c7f4eb642b8d648b2f2ea7d8586b054e
CLIENT_TRAFFIC_SECRET_0 8b9921abb2fdc37f1ef3b9a824899bdbd0a5cd2477658d7ebd58bc83757e26b7 010b27a93d14e70f4d698103ca4f5c5af997fe78ba2b69f19fca55a07d9cde6b
SERVER_TRAFFIC_SECRET_0 8b9921abb2fdc37f1ef3b9a824899bdbd0a5cd2477658d7ebd58bc83757e26b7 6f3cb6f18d6512251d42cd20e0414460f676fdcdbc333c612796aa0c9e10a174
EXPORTER_SECRET 8b9921abb2fdc37f1ef3b9a824899bdbd0a5cd2477658d7ebd58bc83757e26b7 a12262587b7b1441630094932be7d98014ac5ec89b185518f6470e5b30617b9a
CLIENT_HANDSHAKE_TRAFFIC_SECRET 9c14802e82cb448da6223f11f6e1f117d161427b3d8199d92c72e9b0290c920b 8f344bd41a9707f415c1e9d79d471410b1f3efee2669740bc0d7022f4844a6ed
SERVER_HANDSHAKE_TRAFFIC_SECRET 9c14802e82cb448da6223f11f6e1f117d161427b3d8199d92c72e9b0290c920b 8239bee4532023463b15975ef3d6e3da12f64e75cd82f5e48a48df4ff593ac3e
CLIENT_TRAFFIC_SECRET_0 9c14802e82cb448da6223f11f6e1f117d161427b3d8199d92c72e9b0290c920b d9d973783b6b353bb04acc896a8501665788f372485fbfb5a64854367fb8c1e1
SERVER_TRAFFIC_SECRET_0 9c14802e82cb448da6223f11f6e1f117d161427b3d8199d92c72e9b0290c920b fe67b4adee2331d5c4f03e114fae46d1f3bd04f5af4a2fbf2db114904635a739
EXPORTER_SECRET 9c14802e82cb448da6223f11f6e1f117d161427b3d8199d92c72e9b0290c920b f23e34bca086c0b9dec3344e7db4df2d2e326216931f9446bf9dad6ad2007e81
CLIENT_HANDSHAKE_TRAFFIC_SECRET 40d74dd0712207304c86131e8c0503d5b060c1e3fb8035b811d8ea2b36e12b06 68061ebccd3921599c0c088e74897b6685adbf801f9f290774891faa5e79831f
SERVER_HANDSHAKE_TRAFFIC_SECRET 40d74dd0712207304c86131e8c0503d5b060c1e3fb8035b811d8ea2b36e12b06 cd6aaf3b7fc829a8894b81a40b0fe24a09560ec8687e82e98665ec50eb57a214
CLIENT_TRAFFIC_SECRET_0 40d74dd0712207304c86131e8c0503d5b060c1e3fb8035b811d8ea2b36e12b06 40747c4c7468b2d2fba1a23f82ea3af55cc5c47a34c22369d75018405f8217a5
SERVER_TRAFFIC_SECRET_0 40d74dd0712207304c86131e8c0503d5b060c1e3fb8035b811d8ea2b36e12b06 33fc5f9ebf5dbd82c044b8efaf26219d9d6b66a92fe71206fb061d2052d4eec3
EXPORTER_SECRET 40d74dd0712207304c86131e8c0503d5b060c1e3fb8035b811d8ea2b36e12b06 295977f7717dea8f6a45ee57afa97b61d7aee9df681d17eb1403ab190b5fe7c0
CLIENT_RANDOM a5bfb497b4607633ca1f367f3bd4d95261dce9a12ad004db0872f486faf2f5fb 5981808bbfb75876cebe32d4f0d9c245a10b2e16b3791a81cd4a511defb242dcb49c7846a9b1d71c7fb027c43255c9d0
CLIENT_HANDSHAKE_TRAFFIC_SECRET 806267ba77557fe8409201d9bae76ff688aeff8a26a6c651dfa87af08085057a 70d8682ee461ea452273bb35080d7f7b71d6a4fbb604b17901691f170d9b4a3a
SERVER_HANDSHAKE_TRAFFIC_SECRET 806267ba77557fe8409201d9bae76ff688aeff8a26a6c651dfa87af08085057a 5f087ffb53da872f5247a0b20130e6666990113b94845dd524e762fe0725a896
CLIENT_TRAFFIC_SECRET_0 806267ba77557fe8409201d9bae76ff688aeff8a26a6c651dfa87af08085057a 9164fd214e7545cb6f208d274fd5599b1bd1889c3f29b16b47c6215addecb4b7
SERVER_TRAFFIC_SECRET_0 806267ba77557fe8409201d9bae76ff688aeff8a26a6c651dfa87af08085057a 4ffa0057792c2124fb4a8354a1787bbdaaaca58d3c1860566708b596aa308e83
EXPORTER_SECRET 806267ba77557fe8409201d9bae76ff688aeff8a26a6c651dfa87af08085057a a7f3f132297d1d5c0cfe8d4cc2e9e723fda9ddc0bbfaf7839664e473d1d2d57d
CLIENT_HANDSHAKE_TRAFFIC_SECRET 2a71070861d37212d9fee378a90cc9179179d6b64315fe965795e620b5b6931a 84131c665ee887e02af8017cd0a9b456c0a58fcfbf6a1c881369b8bb27ae4fd2
SERVER_HANDSHAKE_TRAFFIC_SECRET 2a71070861d37212d9fee378a90cc9179179d6b64315fe965795e620b5b6931a 4220099f5b940d6db029faaae2294b83fd3f559eec1cf227b3f18583d124102b
CLIENT_TRAFFIC_SECRET_0 2a71070861d37212d9fee378a90cc9179179d6b64315fe965795e620b5b6931a 4a5db9e91323f4e5d26eaa4f08de947b0625a0b19855e159025e093fb927211d
SERVER_TRAFFIC_SECRET_0 2a71070861d37212d9fee378a90cc9179179d6b64315fe965795e620b5b6931a 21ee78ee3f17f63902bfbf8df9438e943e8ab74bba54a8abc4670daac81984d9
EXPORTER_SECRET 2a71070861d37212d9fee378a90cc9179179d6b64315fe965795e620b5b6931a 7cc19c632362c0ce0bfd2e2b9b5129ff067e8ca645c3855c5bfc02e49c02dd53
CLIENT_HANDSHAKE_TRAFFIC_SECRET 863ae91f54a75a9ec49af348469594e6988c9b05b908b3e437883fa199875a18 6abafd909c67c71605a3405a8d47ea218124bff2846aeefd44a0da7f92a7afe9
SERVER_HANDSHAKE_TRAFFIC_SECRET 863ae91f54a75a9ec49af348469594e6988c9b05b908b3e437883fa199875a18 9b2cfc2ae4982fb6990acfaf942cbd670f108c2e1da1a7eddef899dfe75c10fb
CLIENT_TRAFFIC_SECRET_0 863ae91f54a75a9ec49af348469594e6988c9b05b908b3e437883fa199875a18 4cf526367c89b8d50d991a4361be84da7f8c15326146a5a291699a6a72e0dab0
SERVER_TRAFFIC_SECRET_0 863ae91f54a75a9ec49af348469594e6988c9b05b908b3e437883fa199875a18 d55bc27068a87586c07e28c929ec0b65097ea68c41e1694dbd68c0895287df4e
EXPORTER_SECRET 863ae91f54a75a9ec49af348469594e6988c9b05b908b3e437883fa199875a18 3f93c2dc52ec7efb0ca5c17d44c670be7b674f763a9931413962a641dc62e15a
CLIENT_HANDSHAKE_TRAFFIC_SECRET 5778ac96cc812276ea321fa48e2ea5320a085e477e4446459056279598a6432a 1989d8f8e012f5b91c0afcf1cc4efeb4dd45dea1f1195755c494d1dd0471d867
SERVER_HANDSHAKE_TRAFFIC_SECRET 5778ac96cc812276ea321fa48e2ea5320a085e477e4446459056279598a6432a 9db787bc780d43a91b0b42530ac7c82a3dd786eca17a6440c0cc93f7b2c1d8c0
CLIENT_TRAFFIC_SECRET_0 5778ac96cc812276ea321fa48e2ea5320a085e477e4446459056279598a6432a d4dedb304e1e62dab9d4dffa77eeb26c08a84a89c3003d87e047def6d1a1c77f
SERVER_TRAFFIC_SECRET_0 5778ac96cc812276ea321fa48e2ea5320a085e477e4446459056279598a6432a 7075ab489aa4a1bbfd60f46ad515876d2c0d812ae2dde371eef9ec12ee81f254
EXPORTER_SECRET 5778ac96cc812276ea321fa48e2ea5320a085e477e4446459056279598a6432a 1c76cb01a39ae07f4e517d9d82879a459020f7c78aa309cc7f3d840792d4b31b
CLIENT_HANDSHAKE_TRAFFIC_SECRET 6fcb30fe74a387b81c26a7a2b7885e20e2ecf0e226b1d1b155e2d15dcb18ee12 c7edc6de9ee25522ff59a934f8ac88b8278dfee4c34f76c9156275dfc93eeae2
SERVER_HANDSHAKE_TRAFFIC_SECRET 6fcb30fe74a387b81c26a7a2b7885e20e2ecf0e226b1d1b155e2d15dcb18ee12 a7b02317b1493bd3f34a49220bb92230d10ea887d8240184bf07cf83f9bb6e70
CLIENT_TRAFFIC_SECRET_0 6fcb30fe74a387b81c26a7a2b7885e20e2ecf0e226b1d1b155e2d15dcb18ee12 491a14a92cedab7b72eb8fa2d7a7b342292d67b21e1ccb6dea37078d6bf91fde
SERVER_TRAFFIC_SECRET_0 6fcb30fe74a387b81c26a7a2b7885e20e2ecf0e226b1d1b155e2d15dcb18ee12 6058b243ccd2793e90c3544394d875e7f3f1348f4bef347b8530c0b16518d43c
EXPORTER_SECRET 6fcb30fe74a387b81c26a7a2b7885e20e2ecf0e226b1d1b155e2d15dcb18ee12 69e73b02ab60a19d972796652549305c958b42ed16d0ad3bab39d8b5f75fb621
CLIENT_HANDSHAKE_TRAFFIC_SECRET e5906cd3f5e31dc072186e659bbbd337ecb263275b06a765564f2aa9916c2218 d050a027511d3e59d97ba06c7577975667bf6ae17b4d5c56124682498afa35e2
SERVER_HANDSHAKE_TRAFFIC_SECRET e5906cd3f5e31dc072186e659bbbd337ecb263275b06a765564f2aa9916c2218 0a4c44e6e395bf8b43adf70d12811287698e16eb686013056505f4a10fd24825
CLIENT_TRAFFIC_SECRET_0 e5906cd3f5e31dc072186e659bbbd337ecb263275b06a765564f2aa9916c2218 f8eb6c2927d43040946aeabb31e09674fa66a23f3d191d5d5cd0b34ca819d088
SERVER_TRAFFIC_SECRET_0 e5906cd3f5e31dc072186e659bbbd337ecb263275b06a765564f2aa9916c2218 8b03f7729c7abfa37c64238f2c5ada5600e28630d29f70277fb9ddb6ded40113
EXPORTER_SECRET e5906cd3f5e31dc072186e659bbbd337ecb263275b06a765564f2aa9916c2218 5a82526821797354e1060f7420809a7c32d2e5245626ea5dd1295d9a96128fc3
CLIENT_RANDOM 5a79e9784c94ae09c00e002008e2b522306cbfd94d4c301d0de5d40e00cf70bd 9ce61841960468c9d9e43d9a90a5154066752bb17d3652050d41bae796ef36f460d53e2c55511ed9e630d18cb6bfc376
CLIENT_HANDSHAKE_TRAFFIC_SECRET f178e88e811b8e9cabbe1168fd771c0dc686ec22973b105c3c45698544c9e593 77e216cb5c3fce76a9291608444e5f631ab18cb1d68dea1d5f0210f72c9dbcf8
SERVER_HANDSHAKE_TRAFFIC_SECRET f178e88e811b8e9cabbe1168fd771c0dc686ec22973b105c3c45698544c9e593 4cfabbf5cabd9e939d4443adb82e9c7ce5908bc8c7eaadaa9c18a865cef57ede
CLIENT_HANDSHAKE_TRAFFIC_SECRET 3cec7d545bafafdf887b0c85a42b21ddd3cc76428aa3de0217f8d0700ca665df 1c1c5350a6329c8b204232ffff1832d043ad7a98c50667949eeef3f800880907
SERVER_HANDSHAKE_TRAFFIC_SECRET 3cec7d545bafafdf887b0c85a42b21ddd3cc76428aa3de0217f8d0700ca665df 541905a3987df53cfb912688c6032ec5218e374c8d6ae9a6622c11bfa4571f30
CLIENT_HANDSHAKE_TRAFFIC_SECRET 11d30ef8b332332ff9ab3cec7c1a7db017e6bbc40e51bd858a0bf989e7eb6c4b b597f60a26aa69577bd84a7ffde730d34fa4a05e5d845760408fa298d55aa637
SERVER_HANDSHAKE_TRAFFIC_SECRET 11d30ef8b332332ff9ab3cec7c1a7db017e6bbc40e51bd858a0bf989e7eb6c4b 5e9a01028997639c5bf9ea4a5db86f836659cb9ffadf24c22d541f0b77bef4de
CLIENT_TRAFFIC_SECRET_0 3cec7d545bafafdf887b0c85a42b21ddd3cc76428aa3de0217f8d0700ca665df e46312ed6141cae38b96a2ed79fb36c87f76425642348fca5acb7b18a7614a48
SERVER_TRAFFIC_SECRET_0 3cec7d545bafafdf887b0c85a42b21ddd3cc76428aa3de0217f8d0700ca665df 1f31cf3856204f5524df35340e6933a19bdeeecc7fb48c58bff11c5a478b98cc
EXPORTER_SECRET 3cec7d545bafafdf887b0c85a42b21ddd3cc76428aa3de0217f8d0700ca665df 8895b85119da352d738ef48d6aba891da7a23ca1f858f00b3aab5521204fa384
CLIENT_TRAFFIC_SECRET_0 11d30ef8b332332ff9ab3cec7c1a7db017e6bbc40e51bd858a0bf989e7eb6c4b 59923d07444db4afbfd92e915d7ff30c2791770fdb350ded52aba05ac28b9c87
SERVER_TRAFFIC_SECRET_0 11d30ef8b332332ff9ab3cec7c1a7db017e6bbc40e51bd858a0bf989e7eb6c4b ea22acb8704b615952fc7f3e8747a30a2ef2abb081214a092816622f3ca04b0c
EXPORTER_SECRET 11d30ef8b332332ff9ab3cec7c1a7db017e6bbc40e51bd858a0bf989e7eb6c4b 6647a27cd01c3841a573bfb8acda170f80ddd9e565597c8b7d7c1d236163d0e6
CLIENT_TRAFFIC_SECRET_0 f178e88e811b8e9cabbe1168fd771c0dc686ec22973b105c3c45698544c9e593 c923659fed07abe012294aa15d50cd925943b054b9bb479f87e309e26ff4f02c
SERVER_TRAFFIC_SECRET_0 f178e88e811b8e9cabbe1168fd771c0dc686ec22973b105c3c45698544c9e593 e91efe97ce45993c5bc48566c6913d66ec11ce735378a086dfb820b7d8ab0d81
EXPORTER_SECRET f178e88e811b8e9cabbe1168fd771c0dc686ec22973b105c3c45698544c9e593 9bef66ed07acd444b7b0f24b5109417e0ec7ae81b7a289dfcda9338fd09feaf5
CLIENT_HANDSHAKE_TRAFFIC_SECRET 0b9d09b4ba611cf0b1f1432daf315e93a9b9029bacc92a7be9da3dc82f5f2b0f c6d5e597288588e467fe8dab37081cce4faced2e6d72bca857cabbf26ae2a4c2
SERVER_HANDSHAKE_TRAFFIC_SECRET 0b9d09b4ba611cf0b1f1432daf315e93a9b9029bacc92a7be9da3dc82f5f2b0f f63b5b616dc5fbcfa55f31c95a1727c72310e1dc9bb36e552f903899880036be
CLIENT_TRAFFIC_SECRET_0 0b9d09b4ba611cf0b1f1432daf315e93a9b9029bacc92a7be9da3dc82f5f2b0f ca25c8aea8fa3d57861f626a698a3daacf915e58c35a6341dcb42ecec6f604f0
SERVER_TRAFFIC_SECRET_0 0b9d09b4ba611cf0b1f1432daf315e93a9b9029bacc92a7be9da3dc82f5f2b0f f087d7dbfb0bc449db7559f4d582242687cec1bab68f9d92edbe1f01e4754671
EXPORTER_SECRET 0b9d09b4ba611cf0b1f1432daf315e93a9b9029bacc92a7be9da3dc82f5f2b0f b1db3fd18104b11c262ce6a1bb63a16cdba726c55db5364e0bcc0085729b592b
CLIENT_HANDSHAKE_TRAFFIC_SECRET f6a54778f500eacd6326868b364111a61687df2cfb86fad7f49ce5cdc30382cf c60c32cc51d6559bf1537bde2777858c2ae08f52d55f26aff791ff4cc8dd76e7
SERVER_HANDSHAKE_TRAFFIC_SECRET f6a54778f500eacd6326868b364111a61687df2cfb86fad7f49ce5cdc30382cf 8953de21695d4b7431fd4c5c5d37f7b01452196b9b5aea9e98bd679701f864bb
CLIENT_TRAFFIC_SECRET_0 f6a54778f500eacd6326868b364111a61687df2cfb86fad7f49ce5cdc30382cf 344fae6ad43a5d74d9237282f4c6db3a4b4fc5a036ea2fe0f7f17ad99188b2cd
SERVER_TRAFFIC_SECRET_0 f6a54778f500eacd6326868b364111a61687df2cfb86fad7f49ce5cdc30382cf 1562e4f3f60bcd3c34173d6507cf64559757b82ea892aa99aa96d7e292dfb0ca
EXPORTER_SECRET f6a54778f500eacd6326868b364111a61687df2cfb86fad7f49ce5cdc30382cf 269f8483c81fbb977340705948b32e2ec11f6841092d467922a468401fc07602
CLIENT_HANDSHAKE_TRAFFIC_SECRET 8341ed03f8d1b9a5ad7f2e4962eda775813000e84dcf21ae9c748a4e29a28698 963ee18d1af46049a69474528246f9aa53b2288341bd6eff0e33fb6a37e5055e
SERVER_HANDSHAKE_TRAFFIC_SECRET 8341ed03f8d1b9a5ad7f2e4962eda775813000e84dcf21ae9c748a4e29a28698 33e0c83011b7d9fcee0ff142a1cf3466480ac0a0a051687a45a547208c8ee6d3
CLIENT_TRAFFIC_SECRET_0 8341ed03f8d1b9a5ad7f2e4962eda775813000e84dcf21ae9c748a4e29a28698 a205c238df25385710d2b0e1bda54dc4664c396bfe4e61c003d19ef0a6a03ca6
SERVER_TRAFFIC_SECRET_0 8341ed03f8d1b9a5ad7f2e4962eda775813000e84dcf21ae9c748a4e29a28698 1da0ac78b0f5dc50d1b23ff24b06c224d3caf6d51a3187d593c64132017d4a3f
EXPORTER_SECRET 8341ed03f8d1b9a5ad7f2e4962eda775813000e84dcf21ae9c748a4e29a28698 ec00992f53a5a11ca7535466a2194472244ba441e459b459c0f361226b26d62d
CLIENT_HANDSHAKE_TRAFFIC_SECRET 2bca20e872341f16b3faafade617a501f4cb52b8284dbbc760574353af9cfa8e f7825999a6d9e5ebd352715dc3f4ee46e0b16a9ad4ad72806f9c1d51437ded16
SERVER_HANDSHAKE_TRAFFIC_SECRET 2bca20e872341f16b3faafade617a501f4cb52b8284dbbc760574353af9cfa8e b2ee4a1c07885370d20e3419fb9558b69f69f9e0d6b08ea1ba1957631d6246db
CLIENT_TRAFFIC_SECRET_0 2bca20e872341f16b3faafade617a501f4cb52b8284dbbc760574353af9cfa8e 13321f5f0a1dd0fafa98178fadad239447f14356e9e05600cf4cde8e0de0022a
SERVER_TRAFFIC_SECRET_0 2bca20e872341f16b3faafade617a501f4cb52b8284dbbc760574353af9cfa8e 48359ef377a99037134171a28ef1ee548b31a467dee206dbda88635cfba7ff16
EXPORTER_SECRET 2bca20e872341f16b3faafade617a501f4cb52b8284dbbc760574353af9cfa8e 0bc5ea68ee8e200bf78ad4064e90bda445dbb4f928775f7d0483afad82ae0bce
CLIENT_HANDSHAKE_TRAFFIC_SECRET 227a7b8ce5ba382c3e1a9942cd460c6db15ca04c024e6ca1530872cfee699373 330a801ead2db384a11f495e6741be86b2912e751174e1299400223e06996daa
SERVER_HANDSHAKE_TRAFFIC_SECRET 227a7b8ce5ba382c3e1a9942cd460c6db15ca04c024e6ca1530872cfee699373 28dfc16e679b031dbdfda649f0a32b2a1c1bd4f25826e986f00e886064423a00
CLIENT_TRAFFIC_SECRET_0 227a7b8ce5ba382c3e1a9942cd460c6db15ca04c024e6ca1530872cfee699373 7d82d2584fc7ca7a18942200717539493c3233433b15556e1ee2200304f3ef9b
SERVER_TRAFFIC_SECRET_0 227a7b8ce5ba382c3e1a9942cd460c6db15ca04c024e6ca1530872cfee699373 dc54118cb275c857c25d90e28a36895d9e9ed503233793bee8c2ee67e65b73ee
EXPORTER_SECRET 227a7b8ce5ba382c3e1a9942cd460c6db15ca04c024e6ca1530872cfee699373 0a564558af2d6d68eb08515da6613b20df856e6a562bfee336932c1fab5f403d
CLIENT_HANDSHAKE_TRAFFIC_SECRET 44d45ee5eaffb6e60f89838cfeadfd7a23fd6f63cbb861350a74ed39772dd682 90a5692e8191552e73ba9cee7cc4ace2bb46568ece1b2da0d18d7655f3e25910
SERVER_HANDSHAKE_TRAFFIC_SECRET 44d45ee5eaffb6e60f89838cfeadfd7a23fd6f63cbb861350a74ed39772dd682 92bcf2f78da46c04e891f5d787640dfe4422a4c59939c1a604813b31d8631ee7
CLIENT_TRAFFIC_SECRET_0 44d45ee5eaffb6e60f89838cfeadfd7a23fd6f63cbb861350a74ed39772dd682 39c995d08e3e0f4bceabd07ba4bec7aff9ee08f352fe2de958cfb2d2b6de6492
SERVER_TRAFFIC_SECRET_0 44d45ee5eaffb6e60f89838cfeadfd7a23fd6f63cbb861350a74ed39772dd682 2b2286bd4a8f698c7c2f0944ee19cb9be841f01f11d13c4a9bfbc35c29af2322
EXPORTER_SECRET 44d45ee5eaffb6e60f89838cfeadfd7a23fd6f63cbb861350a74ed39772dd682 46e9875731d46dfff5f7026c6e0eb67ca0365b95bc2b6f17767f3394ec71c617
CLIENT_RANDOM fcdfe7923b92fc2fe720623f0eb0e73c062d9456ef5b7182f9e18405b5ba750b 02bb21d89317278a60c9c183d782ba9038cf6483b3f7fab2ed17b973721fd90fd92ea9ab2062397cf8179b1899499580
CLIENT_HANDSHAKE_TRAFFIC_SECRET d0106d870dcf6529ac4267e67d1ff4db6bf941a53d2b4f16ba6b77fef31f9ba9 7fe25d759ba6fbfe4c39738f90af1602cdd60b6fdab568855782fe04e97fb7b6
SERVER_HANDSHAKE_TRAFFIC_SECRET d0106d870dcf6529ac4267e67d1ff4db6bf941a53d2b4f16ba6b77fef31f9ba9 0e61f7f50dbc268b78acea2cef655dcc4f55f9a326221bd76e123907064c117c
CLIENT_TRAFFIC_SECRET_0 d0106d870dcf6529ac4267e67d1ff4db6bf941a53d2b4f16ba6b77fef31f9ba9 2a92b3bef57ac04b7c8bf2cdd4699153647df0c7566f56f01f6d50868318e777
SERVER_TRAFFIC_SECRET_0 d0106d870dcf6529ac4267e67d1ff4db6bf941a53d2b4f16ba6b77fef31f9ba9 1df4de9954fbcad1243fd5de69980491b856b7bd2bbee271f7a6ea0732b8eb7a
EXPORTER_SECRET d0106d870dcf6529ac4267e67d1ff4db6bf941a53d2b4f16ba6b77fef31f9ba9 fda143b32fc78da7aa1ffd20ec3490b8538ae323e2e2bb29fb334ff71ee68cc5
CLIENT_HANDSHAKE_TRAFFIC_SECRET 966c3dd7851182bc5335943e0ef85d7cd0ed6f806c3ca00eead8aeb6511a12c4 3af95d5c3e39321661d18eb29d3189e08c1510e4151aa78685ec4b36f7fcab2a
SERVER_HANDSHAKE_TRAFFIC_SECRET 966c3dd7851182bc5335943e0ef85d7cd0ed6f806c3ca00eead8aeb6511a12c4 cbe59a37f8025e9e6644495dcbbc8d368503c1df9634d3acabbee7bc70695de7
CLIENT_TRAFFIC_SECRET_0 966c3dd7851182bc5335943e0ef85d7cd0ed6f806c3ca00eead8aeb6511a12c4 2bbfb57b9ca76fbdd2a748e265ec70c242803f97bd605f502acdfeb86377c26c
SERVER_TRAFFIC_SECRET_0 966c3dd7851182bc5335943e0ef85d7cd0ed6f806c3ca00eead8aeb6511a12c4 6cb92c5578f0af344e130b7b56054205d85c9baa8869a336070dcbb1b7468ff6
EXPORTER_SECRET 966c3dd7851182bc5335943e0ef85d7cd0ed6f806c3ca00eead8aeb6511a12c4 a1ff056db2b0233a28289eb2f40828d1ecf87b97f452b46f5ea7bb9fedf0fa84
CLIENT_HANDSHAKE_TRAFFIC_SECRET f7fceffa3ba34e068877dc6514a40382350645e57e6bb12f742c03f40e8c50d8 3873ba983cbecd1f90b618d81d5c87c8faeceb19d01ba779c7465f6a496a8f2a
SERVER_HANDSHAKE_TRAFFIC_SECRET f7fceffa3ba34e068877dc6514a40382350645e57e6bb12f742c03f40e8c50d8 1bcc9d203d60ef4b5cc028992235f060db4069c7b4d9aba113726a2988228817
CLIENT_TRAFFIC_SECRET_0 f7fceffa3ba34e068877dc6514a40382350645e57e6bb12f742c03f40e8c50d8 eea76aafa054dc71dabc1f275ff160a21f126681b3ad4d401cbcac376d600f63
SERVER_TRAFFIC_SECRET_0 f7fceffa3ba34e068877dc6514a40382350645e57e6bb12f742c03f40e8c50d8 fbee622db1521d64c19b31e9cd3fb96abba02d99ae7ba7aabfa35723b23192b2
EXPORTER_SECRET f7fceffa3ba34e068877dc6514a40382350645e57e6bb12f742c03f40e8c50d8 1891016a6d1c3899803ca5f47848826b4dc9c2318931f0d0ad5dc2a8c3537856
CLIENT_HANDSHAKE_TRAFFIC_SECRET 79e9d1817a975119dc9ec27ba6053626a9a8c545c69c7d44382ab75a7a684829 b49037f5d0732deb30d171673974f9b916e2badd9fa5125a741e1bf32cbb8d7b87821a71df2be550bf4ff1edc2270619
SERVER_HANDSHAKE_TRAFFIC_SECRET 79e9d1817a975119dc9ec27ba6053626a9a8c545c69c7d44382ab75a7a684829 085cedd89d023aa03a2c18058efd37425ccffe9bf8e51e1625c34a43e307823b124a6811141347dc4bcafc2e3188eeee
CLIENT_HANDSHAKE_TRAFFIC_SECRET b2342fd1c83c18a91a8459e590a5bd80baec8fa3ddbf56fe0e2747f9b058b188 dfda1cf7d6bf86ab8fff09c21c8274344ee0c07c5d6ebdadfb4bb8d18139568e66b130605367f4599625211811a8724f
SERVER_HANDSHAKE_TRAFFIC_SECRET b2342fd1c83c18a91a8459e590a5bd80baec8fa3ddbf56fe0e2747f9b058b188 b52328f14e09e9dcc70d411c674cbc43e54765e31940f7ee7dd44a6b7b5685853869cdaef8c56b5a0b487caf41bef4f5
CLIENT_TRAFFIC_SECRET_0 79e9d1817a975119dc9ec27ba6053626a9a8c545c69c7d44382ab75a7a684829 3be4b99ad2182efc434c63c40d4026b2d44e504f70a5db71fcecc15a026b2ecd115692dea9e559dafe84659903ca3976
SERVER_TRAFFIC_SECRET_0 79e9d1817a975119dc9ec27ba6053626a9a8c545c69c7d44382ab75a7a684829 63ebcdbb80b043c064a097eecc19495800d5ffbce9deafcdc495f58b097d0cd029cadb92a42c00e4d7ff8c6df28fce1c
EXPORTER_SECRET 79e9d1817a975119dc9ec27ba6053626a9a8c545c69c7d44382ab75a7a684829 1921bbe0352e01be8290e38ad687ac4c6c955c945ae7495bde8b54603c7ddb54d180834666fde57e85d7b1bec81b8bdf
CLIENT_TRAFFIC_SECRET_0 b2342fd1c83c18a91a8459e590a5bd80baec8fa3ddbf56fe0e2747f9b058b188 292917765ce43efb6f2347295ca460b2e8b3675dfafa42a5a3d8d133e238fe672185951ec83df7c6c5996ff542b63b4a
SERVER_TRAFFIC_SECRET_0 b2342fd1c83c18a91a8459e590a5bd80baec8fa3ddbf56fe0e2747f9b058b188 5dba127d887d6bfc73ce87f947b107ae15d70653e6b00ed254e963bb4b4a0fc5b6f8a0459a338bb7f45db21922054531
EXPORTER_SECRET b2342fd1c83c18a91a8459e590a5bd80baec8fa3ddbf56fe0e2747f9b058b188 4b7f8e26d8ff66536a5022ec2bbc1518d1a0d6c149a8c6ef5336ce8bd16abe25548da95595c68d7cca8ec192063d7a30
CLIENT_HANDSHAKE_TRAFFIC_SECRET 0ab2f723dc5af8783b8a78e09e26c3b7808a6cdf5b0d33ba971380ec9eb0ed6d e58f996824500bd58214cf9947f0f891a4ceedb59146b2eb1a57a71492f8fa21c01237688206297f87529d7ab4476848
SERVER_HANDSHAKE_TRAFFIC_SECRET 0ab2f723dc5af8783b8a78e09e26c3b7808a6cdf5b0d33ba971380ec9eb0ed6d dd64d8355ad60b9091200973be700f42a6d40b6a9b07244116babb5db99641486847c54ff102dab1720bd66bd0e954ed
CLIENT_TRAFFIC_SECRET_0 0ab2f723dc5af8783b8a78e09e26c3b7808a6cdf5b0d33ba971380ec9eb0ed6d ddde62c6019590fb3f9ab7434f1e795c3390f2559b668d3b67944c89ffbc1b3ff4f63aa43a180741e27ff631ca3066f2
SERVER_TRAFFIC_SECRET_0 0ab2f723dc5af8783b8a78e09e26c3b7808a6cdf5b0d33ba971380ec9eb0ed6d f1bd006291a372c010fbb8e5b8dce293a78a5c60c46465d9cd1d6558fa5b85c37a7f774e1172be903e0a40fc1a703361
EXPORTER_SECRET 0ab2f723dc5af8783b8a78e09e26c3b7808a6cdf5b0d33ba971380ec9eb0ed6d 21e8694bfe629980d3fe316fa30f91dae177df53beb175e2c6a0c8616645217dfb57378471c052c14801b847975266b7
CLIENT_HANDSHAKE_TRAFFIC_SECRET 6dab1a07e2d6f5891e5ea1a07d27aaaef7e9b47472813df7150cd503e0012983 ba333b70fa1259e4680c9dee3cbd26b00a53fadaae4c78695c5b54b9eb30814200d9d82c1ac31cbeaabe7676dce68db5
SERVER_HANDSHAKE_TRAFFIC_SECRET 6dab1a07e2d6f5891e5ea1a07d27aaaef7e9b47472813df7150cd503e0012983 7a60a28b1c8a86d275ce0c4fd2a0d378b8eae260e6f5d878a7a33cbe683eaf5444805b1ea06563a0b16fd27863b49a81
CLIENT_TRAFFIC_SECRET_0 6dab1a07e2d6f5891e5ea1a07d27aaaef7e9b47472813df7150cd503e0012983 1273cea402c46976e10c69bcc8015d4f8a158040abf67aed07310a0de38d77575a76469db6c63b116dfa60cc9de3bc3e
SERVER_TRAFFIC_SECRET_0 6dab1a07e2d6f5891e5ea1a07d27aaaef7e9b47472813df7150cd503e0012983 b8c62bbc12bc2eff019ca9aab1a3efd7590c132b208224e5fbc55de2907eac785f2ce9cc6ba9c8dda90b79124940ce71
EXPORTER_SECRET 6dab1a07e2d6f5891e5ea1a07d27aaaef7e9b47472813df7150cd503e0012983 b7e8067ef62e9bc5c469085fd2792e2bee9976d8228bc3258a696311ec0201519f9c156ffa4419c1deef5db629df692d
CLIENT_HANDSHAKE_TRAFFIC_SECRET 11ddde8ec11901c7cc523b1ae9de652dffe39e379aec924ec05c02482f171a4b ec5f3f0b169c2eaef218d1f4116f511de15aae21b56f558d8a046ac2c2589ce66fc01ef8fb06468c2bb369d762f4789a
SERVER_HANDSHAKE_TRAFFIC_SECRET 11ddde8ec11901c7cc523b1ae9de652dffe39e379aec924ec05c02482f171a4b 21948698245bfbc9235c276745cb86556b7917de6ace3b0ab24bd49d348ae6e122a237a122a006d66442b567a8e60e22
CLIENT_TRAFFIC_SECRET_0 11ddde8ec11901c7cc523b1ae9de652dffe39e379aec924ec05c02482f171a4b 527c66178318d3220c017e9075bb25b977afd3a09105cfe55ce20c85e3cf2ba6d97c7d14949559b4b1d5635aacfced4b
SERVER_TRAFFIC_SECRET_0 11ddde8ec11901c7cc523b1ae9de652dffe39e379aec924ec05c02482f171a4b 03933b6baf82cdeca8cf5a1617891f349bcbad23b7905c84d95f8b2f4bf4a31b257b7ebfaf1a79e27175b99cb5862628
EXPORTER_SECRET 11ddde8ec11901c7cc523b1ae9de652dffe39e379aec924ec05c02482f171a4b db1054d090f164543f7427352993d09bfacf8b73a41901326d0e145d87c02f669badd670b90c2465284c31cb947af925
CLIENT_RANDOM def8fc999294af887e83d233639a5467314499436dc4547d02ea2ea6dd002a65 1732545da127ce59e51b8060b424cc9b38049d70530ac50e761447f00d9fb7037db0cc93a2211314383857b0401646f5
CLIENT_RANDOM a565e6afee1baabc0913f91978db9b29a46572e60609688c258f30debd4ecff7 c1700bb96382483727fb01acf00073d7a729777c9446fb4cf8ae952219d09e64ae56971321be23523d17b2ad8d487028
CLIENT_RANDOM 33609c81f52aa7defe9a8264a0654fd0ea9480754c66bf5c57af99a3fdbf44b3 aea9b89a692e2146a5dc41199a1f6dbf2910697a914db9987a8fc9a2578953a37a767621efa694ff21ebdee8cad03691
