CLIENT_HANDSHAKE_TRAFFIC_SECRET 1b179c876f179f36efe1d7ba8cc5e519d177370bb3a0b52a3f24bcaa771c666b ce692d18a2daddefc2144de08bbb3e1634b9d6a5f042cf72d70eaebf0c507c95
SERVER_HANDSHAKE_TRAFFIC_SECRET 1b179c876f179f36efe1d7ba8cc5e519d177370bb3a0b52a3f24bcaa771c666b 616a558cc5eab1bbfa2a5ce743c3d5ef09d5b49249a4efacbe96aba9cd56b184
CLIENT_TRAFFIC_SECRET_0 1b179c876f179f36efe1d7ba8cc5e519d177370bb3a0b52a3f24bcaa771c666b 2a2ff11fba14ed79a2f7a8eb5e2edcf81142f67a35423488b4ccdd8e57cfa3ae
SERVER_TRAFFIC_SECRET_0 1b179c876f179f36efe1d7ba8cc5e519d177370bb3a0b52a3f24bcaa771c666b 8f4eb7591b81b7c264c920aa6ec68add74bc38de3b782ed5f177c772dc4baa5b
EXPORTER_SECRET 1b179c876f179f36efe1d7ba8cc5e519d177370bb3a0b52a3f24bcaa771c666b ae4ddeccae681ca2044edfa4ca874a99ad9a52d56241201a5e71d32eac615a23
CLIENT_HANDSHAKE_TRAFFIC_SECRET ccd0a896a451bdacc3d8a50f2aed9846be5fe589881d40f4254af0e7cea68b4e a36c5fdb8e2cc5440face44a71b7dc1e8d5a3196ea72330a8e5d9240a116f2c3
SERVER_HANDSHAKE_TRAFFIC_SECRET ccd0a896a451bdacc3d8a50f2aed9846be5fe589881d40f4254af0e7cea68b4e 104379bfdc10ca4933fa080536eadf2a9470bbd4ba61c8ffd1f373d560bb115a
CLIENT_HANDSHAKE_TRAFFIC_SECRET 76887ff98062ff3c4b38149d82a9de82635374608de34ce4af2afa7e0ab54279 a4dca9f9d659e1cf2727e2b023d7cd4af1a138a393f2686b692bfc937c39a43a
SERVER_HANDSHAKE_TRAFFIC_SECRET 76887ff98062ff3c4b38149d82a9de82635374608de34ce4af2afa7e0ab54279 6a696dcbdd116a71327229b960b3880ea12c2295579fab501b2a8cb3f258af20
CLIENT_HANDSHAKE_TRAFFIC_SECRET 260506e028ebc7fd99dbfab43f95d551651aa6edc4ba8ee5df922b51d9fc86f8 25318f27674ef90453d5db5f2b072e1d3d5b3dd2ebdb4b0f7788afad3784cfca
SERVER_HANDSHAKE_TRAFFIC_SECRET 260506e028ebc7fd99dbfab43f95d551651aa6edc4ba8ee5df922b51d9fc86f8 71921c44d9ec2c66ea42c979847c6df767ab72fb28a34bf7519d561b4ba7062d
CLIENT_HANDSHAKE_TRAFFIC_SECRET ef1c22625fb0236bb501b3502cdc36c304989357fbf81f38f5dea992849e7633 3ac4b5148b4d9609e2bff02a0b2eb56f5688a47f7c38e10fb4e361754e5f574c
SERVER_HANDSHAKE_TRAFFIC_SECRET ef1c22625fb0236bb501b3502cdc36c304989357fbf81f38f5dea992849e7633 1fd05137b7ce2f52d48c5b8f8f5eb3d36d762be780c56d9ce9fc0b92d80d63d3
CLIENT_HANDSHAKE_TRAFFIC_SECRET 4273066168e69708ac7b37d8cceafc634775c6e0a2a751a5173accc0fa0df22b 5613032a39f97bb6159bf6c07178466f5bd7cf3b30bbeade39302082f0817ccd
SERVER_HANDSHAKE_TRAFFIC_SECRET 4273066168e69708ac7b37d8cceafc634775c6e0a2a751a5173accc0fa0df22b 2fb9d17b48c0981034c33b8f3e953becc2f93b10e026d3d13d76f1c2b9980422
CLIENT_TRAFFIC_SECRET_0 76887ff98062ff3c4b38149d82a9de82635374608de34ce4af2afa7e0ab54279 faf4a432263c41f12e57281b3647e99c096c0da6727fc0932a3145c7483787c6
SERVER_TRAFFIC_SECRET_0 76887ff98062ff3c4b38149d82a9de82635374608de34ce4af2afa7e0ab54279 782d0240ddcb85308c18756e62f996f018583c326500db0b1e02a6a44020c4f0
EXPORTER_SECRET 76887ff98062ff3c4b38149d82a9de82635374608de34ce4af2afa7e0ab54279 16d85a15fe8f64e63c13677f3f011ac20e7fb8554fdae597a75731f42fb191ba
CLIENT_TRAFFIC_SECRET_0 260506e028ebc7fd99dbfab43f95d551651aa6edc4ba8ee5df922b51d9fc86f8 57a144205d288021cb9b101cf5c98e522ba8e7cba20a9b6f675faee9dff42778
SERVER_TRAFFIC_SECRET_0 260506e028ebc7fd99dbfab43f95d551651aa6edc4ba8ee5df922b51d9fc86f8 ae1104a752d8647cf3e5498c710b284ebe7d74902cf313e514d1a1323c532ecc
EXPORTER_SECRET 260506e028ebc7fd99dbfab43f95d551651aa6edc4ba8ee5df922b51d9fc86f8 38018abe3d3fcc39e77b1df4dd2b592a3d853dd3572cb4da3e9c52ce53b35c39
CLIENT_TRAFFIC_SECRET_0 ef1c22625fb0236bb501b3502cdc36c304989357fbf81f38f5dea992849e7633 8b68aa8190212b40527c7918dd433d161a768679b2ec6ec1b7c9df62f7817a63
SERVER_TRAFFIC_SECRET_0 ef1c22625fb0236bb501b3502cdc36c304989357fbf81f38f5dea992849e7633 3ba284ca6a1fed2d890ae526f1dc98330ce4da2891d6c8b5d6e07f16c3929946
EXPORTER_SECRET ef1c22625fb0236bb501b3502cdc36c304989357fbf81f38f5dea992849e7633 92bee418f02ff483e960f7d606a830ccd7a2f14faf0287497d7312e2259bd8c4
CLIENT_TRAFFIC_SECRET_0 4273066168e69708ac7b37d8cceafc634775c6e0a2a751a5173accc0fa0df22b 6fc5bc7150e50ce7d83361af1084bb231bce712273825f1969ea86f01db1e3d9
SERVER_TRAFFIC_SECRET_0 4273066168e69708ac7b37d8cceafc634775c6e0a2a751a5173accc0fa0df22b 590d52cf3f6165e3d5439837953f698c67263353b5d23cb01d00734940e6b72c
EXPORTER_SECRET 4273066168e69708ac7b37d8cceafc634775c6e0a2a751a5173accc0fa0df22b 0a8339c78bd9c065e138e4a3194051456b56c814e835548427d846881011d9cc
CLIENT_TRAFFIC_SECRET_0 ccd0a896a451bdacc3d8a50f2aed9846be5fe589881d40f4254af0e7cea68b4e c0bb6ac8dd0408ef76df27dedc63f1e1d2a5f130942d79889b647f62d86fcfd7
SERVER_TRAFFIC_SECRET_0 ccd0a896a451bdacc3d8a50f2aed9846be5fe589881d40f4254af0e7cea68b4e cd8d1b627c81beec8e1bba973c3e43b373d3b5f4394f5f87118dd9768181406f
EXPORTER_SECRET ccd0a896a451bdacc3d8a50f2aed9846be5fe589881d40f4254af0e7cea68b4e 56fae809afa76e50a8829f66790257464f5283139e62349a8adabd66d7ec4548
CLIENT_HANDSHAKE_TRAFFIC_SECRET 40a4cfefc6e8e9c8aee3ff59b90f80ea3c07d299e0f5f05a178098a496ce3581 83c3b40a237d4a2ad595c2a03ec9de24bf86f37c67f15f0d3b4a8c986e6f316b
SERVER_HANDSHAKE_TRAFFIC_SECRET 40a4cfefc6e8e9c8aee3ff59b90f80ea3c07d299e0f5f05a178098a496ce3581 10369880a28e60aa7a33b9888bca78d113580b2b793529befe953f141a0675c8
CLIENT_TRAFFIC_SECRET_0 40a4cfefc6e8e9c8aee3ff59b90f80ea3c07d299e0f5f05a178098a496ce3581 bbe3d9fbcfb121de876ea9c45948636ffed2759022646c828b3ca3506786da59
SERVER_TRAFFIC_SECRET_0 40a4cfefc6e8e9c8aee3ff59b90f80ea3c07d299e0f5f05a178098a496ce3581 f277fccab9c4de0cdd239cd9eadc5badabfdb1751ab29e9e9e1db90f99a8db3f
EXPORTER_SECRET 40a4cfefc6e8e9c8aee3ff59b90f80ea3c07d299e0f5f05a178098a496ce3581 5fa04ceaec75f76cf3c5178fdd954f7b833fdfe5302cda6679c6eac9dd0e14a9
CLIENT_HANDSHAKE_TRAFFIC_SECRET 91c56d4e85b5384085ed90c9b93e74c0f5e23f15a39cc62886d3a93f870a4d27 e32d9fb0939e99165eea6d1394f9a00ad39743af34f8b3523ef4ae530d5d94df
SERVER_HANDSHAKE_TRAFFIC_SECRET 91c56d4e85b5384085ed90c9b93e74c0f5e23f15a39cc62886d3a93f870a4d27 3fa387afdde6e12d30f6a2215cbb65b381f6787db7e7d4fa6e8a138736bf6f45
CLIENT_TRAFFIC_SECRET_0 91c56d4e85b5384085ed90c9b93e74c0f5e23f15a39cc62886d3a93f870a4d27 2a3800dd30e3c0a33c4bea93267a9e842853f23e007f8c77f327595d97a0fdd0
SERVER_TRAFFIC_SECRET_0 91c56d4e85b5384085ed90c9b93e74c0f5e23f15a39cc62886d3a93f870a4d27 ce2b86114687f264ca991a40a75b90a72150811b49c162b24acbaf002a3d0c1c
EXPORTER_SECRET 91c56d4e85b5384085ed90c9b93e74c0f5e23f15a39cc62886d3a93f870a4d27 85e9b1d0bd5e7ff142d051bef4f34ce52570e4ee01d65fa4199285c920d65e63
CLIENT_HANDSHAKE_TRAFFIC_SECRET 36ce5f283734d10b0326502f099afed8c3860a7def00dfa605f468b21ec1957f aa2dcc6d3bae459206beb1da76ffbe101be73c401da3a088931571b135b54d3c
SERVER_HANDSHAKE_TRAFFIC_SECRET 36ce5f283734d10b0326502f099afed8c3860a7def00dfa605f468b21ec1957f a95f7d6d027aceffbdcbd4bc678b0f8396f2221915ab3ae627acc98ba53c09bf
CLIENT_TRAFFIC_SECRET_0 36ce5f283734d10b0326502f099afed8c3860a7def00dfa605f468b21ec1957f c282cb0d25c859a2fb04c19308d2ae813cd656d3c862a71587f19e6ef3495b99
SERVER_TRAFFIC_SECRET_0 36ce5f283734d10b0326502f099afed8c3860a7def00dfa605f468b21ec1957f 3654bc799a14e788d9e8b87c81aca3e289dcd1b6d1a39d3db00c215a6d14c3c5
EXPORTER_SECRET 36ce5f283734d10b0326502f099afed8c3860a7def00dfa605f468b21ec1957f 850454d600ae9de47235cf035dbd20d974e9c0b701963c5c5c4a0cbef894e656
CLIENT_HANDSHAKE_TRAFFIC_SECRET 4adbf1850e47181bfece720cc46e08db08657e830cec7368f239b7541129f0c4 3067a5d5110b71b170214a74964f083bf6c4cc8d34a1e94092f7d2788cddaf7d
SERVER_HANDSHAKE_TRAFFIC_SECRET 4adbf1850e47181bfece720cc46e08db08657e830cec7368f239b7541129f0c4 03067b1260c1bd6d64309a13e1e7b6fdafa082ca2e5c051a2e4f10896ebb5a56
CLIENT_TRAFFIC_SECRET_0 4adbf1850e47181bfece720cc46e08db08657e830cec7368f239b7541129f0c4 41c86e84fb18673c54fcab2e7b2323fcc2af8c30885592d649475423f7155970
SERVER_TRAFFIC_SECRET_0 4adbf1850e47181bfece720cc46e08db08657e830cec7368f239b7541129f0c4 27e50c14785c34ac98471f1aa61190c8a8dbac555302eeee2e3741e13f4e9888
EXPORTER_SECRET 4adbf1850e47181bfece720cc46e08db08657e830cec7368f239b7541129f0c4 f346557fd1677b602c9d5fe4ec450e02ef231428f2f01f1e89be1a56b5be28ea
CLIENT_HANDSHAKE_TRAFFIC_SECRET ade354031a2d2409ceacabb0cc9a877ee4b0b55f809f8a87baa3f55ac5ff7214 59c48c8fcd886e24589a212a88a79dd357464432b80d9e2d0ed22ae3cccc6909
SERVER_HANDSHAKE_TRAFFIC_SECRET ade354031a2d2409ceacabb0cc9a877ee4b0b55f809f8a87baa3f55ac5ff7214 9dde6639ed638c6b5e9f9ac05699333c199dcc8cc370886472a9841ea1c686e8
CLIENT_HANDSHAKE_TRAFFIC_SECRET cb6c76df56f6328b79a2f0eac571eff7fc0529d02f3f216a76597e641ed51d6f 8d771e739222b18f782a729b809290675a378b97f7830f1c786d933eeb126953
SERVER_HANDSHAKE_TRAFFIC_SECRET cb6c76df56f6328b79a2f0eac571eff7fc0529d02f3f216a76597e641ed51d6f f2be01f2c39ceaf450dab33099fa51f7542f1538a538dadfe0cad812a5d95b73
CLIENT_TRAFFIC_SECRET_0 ade354031a2d2409ceacabb0cc9a877ee4b0b55f809f8a87baa3f55ac5ff7214 3e005b94cc255eae52815597886ffd83a5975ea91dc5a0562e31871cfb32fc3e
SERVER_TRAFFIC_SECRET_0 ade354031a2d2409ceacabb0cc9a877ee4b0b55f809f8a87baa3f55ac5ff7214 c09ea3e9893f539cc9978f517e2cf5c1f75a9d1dac4cb677ecca73491ceb7fe2
EXPORTER_SECRET ade354031a2d2409ceacabb0cc9a877ee4b0b55f809f8a87baa3f55ac5ff7214 72c48dc105e9a20ad8d2a10b3e135ad309b02c1143150f31f86b6be8905fe2f8
CLIENT_TRAFFIC_SECRET_0 cb6c76df56f6328b79a2f0eac571eff7fc0529d02f3f216a76597e641ed51d6f b1247d4c5ebeb3410d4d4a08011355b0c81f2ff2c9ef2199067d02a63ada6925
SERVER_TRAFFIC_SECRET_0 cb6c76df56f6328b79a2f0eac571eff7fc0529d02f3f216a76597e641ed51d6f 50b7b8c51fc9d5d283bf510c10640bd207ecc7f02dcacb60f26775ff6f2b8c5d
EXPORTER_SECRET cb6c76df56f6328b79a2f0eac571eff7fc0529d02f3f216a76597e641ed51d6f c0f5a83962ee726aecd410b3e05174f264589f1da9a810f7e9278980f327b271
CLIENT_HANDSHAKE_TRAFFIC_SECRET 33227cf9ccf65b9f7adc2c4dcc3f6124e57fd63be297aca553270515813bfcd1 07a248c3a7baf514594bbd8769a98ae59515b0124abdfa263090885034fd8e64
SERVER_HANDSHAKE_TRAFFIC_SECRET 33227cf9ccf65b9f7adc2c4dcc3f6124e57fd63be297aca553270515813bfcd1 9489a7cb02709303bf6692068b739431b3639ff0dadfb214a27455cb63c967a5
CLIENT_TRAFFIC_SECRET_0 33227cf9ccf65b9f7adc2c4dcc3f6124e57fd63be297aca553270515813bfcd1 ac9560134adb798c169fcd16ff2fdfaa7778355d1cac8712625e3c667b58c9fa
SERVER_TRAFFIC_SECRET_0 33227cf9ccf65b9f7adc2c4dcc3f6124e57fd63be297aca553270515813bfcd1 bde9c204cd080df6f2cacfc1faf1ac30e5b88c039c591be95c8aa195f950df33
EXPORTER_SECRET 33227cf9ccf65b9f7adc2c4dcc3f6124e57fd63be297aca553270515813bfcd1 464f58902588675ec848a4e4c2e515395a93697eeffd31df01d849d6eb64e547
CLIENT_HANDSHAKE_TRAFFIC_SECRET 36d5bbf244b850bbf7b50323190fc54a3c301112a7d580f0ca3bd0b3112689b4 a1fc34a1210dc32ce3bf4188353c047c8850955abaadc690c965f26db33ec6d0
SERVER_HANDSHAKE_TRAFFIC_SECRET 36d5bbf244b850bbf7b50323190fc54a3c301112a7d580f0ca3bd0b3112689b4 a84955486277fb0be060e7b2fbd7a8d74982b49d5e5e558fc3070899c357a05f
CLIENT_TRAFFIC_SECRET_0 36d5bbf244b850bbf7b50323190fc54a3c301112a7d580f0ca3bd0b3112689b4 a742358c31139a142e52fd805d6a2bff00e3e6365caf3921181dd45dd431f0a3
SERVER_TRAFFIC_SECRET_0 36d5bbf244b850bbf7b50323190fc54a3c301112a7d580f0ca3bd0b3112689b4 7ca3d54b4999a67519ec0cb95914bd213c92aec80dcd714b7bcce93fb3fc7010
EXPORTER_SECRET 36d5bbf244b850bbf7b50323190fc54a3c301112a7d580f0ca3bd0b3112689b4 9a009c48025428e39601bce32f5816a0000b2a0d0dca6c493899111fd166a8e3
CLIENT_HANDSHAKE_TRAFFIC_SECRET 5ab5b8f6a18b9916514415ee0e13717a0769337e7c3118473f076a983acb4ae5 127bc11c4ef1ddd896e79048e1772b522fbd6f74cae5522c216b0dd898802ba1
SERVER_HANDSHAKE_TRAFFIC_SECRET 5ab5b8f6a18b9916514415ee0e13717a0769337e7c3118473f076a983acb4ae5 6aae22d11ce3c0d1505492c5b0b5029975005ac097985d638a418d21365439e0
CLIENT_TRAFFIC_SECRET_0 5ab5b8f6a18b9916514415ee0e13717a0769337e7c3118473f076a983acb4ae5 1a4e32b701ba92e31e19f1d6d5636f20fe010578fcfd6b5737f63eb05f2794fe
SERVER_TRAFFIC_SECRET_0 5ab5b8f6a18b9916514415ee0e13717a0769337e7c3118473f076a983acb4ae5 516ffb9a415dae0426bbbedc960bf2cbc4af7679422ce572190134335c2a9425
EXPORTER_SECRET 5ab5b8f6a18b9916514415ee0e13717a0769337e7c3118473f076a983acb4ae5 6c6a34973f7b9b3d9e69d2d35723a20645cf2faa8e7a3a48c9b19e2753089245
CLIENT_HANDSHAKE_TRAFFIC_SECRET 0cdcb32e2093ca1721432884d9980a3ad1b2b0ef96c4b2d11dfa8cb089e8cc9b 4e57c8d97adba4c6296dee098f979161d208ab60a758ed36a54648dfee1dcaf9
SERVER_HANDSHAKE_TRAFFIC_SECRET 0cdcb32e2093ca1721432884d9980a3ad1b2b0ef96c4b2d11dfa8cb089e8cc9b aafe5b4c65139357bbff643bbb660f1fa3c40b7edb34e03f2d44d2169fee51bf
CLIENT_TRAFFIC_SECRET_0 0cdcb32e2093ca1721432884d9980a3ad1b2b0ef96c4b2d11dfa8cb089e8cc9b 5d1447cfd6964f1de931b831153e8c31cae45b8527fc0269a7ebd12ac0c95763
SERVER_TRAFFIC_SECRET_0 0cdcb32e2093ca1721432884d9980a3ad1b2b0ef96c4b2d11dfa8cb089e8cc9b 0abc421e1fc7b300b95704ef0d747d9df4d6e63a25ca49b22a24a110dcf1cb3f
EXPORTER_SECRET 0cdcb32e2093ca1721432884d9980a3ad1b2b0ef96c4b2d11dfa8cb089e8cc9b 811c6a1c17881d1ca8b6ba578a94607035a1019938cd78d4636b64ea1a5dd565
CLIENT_HANDSHAKE_TRAFFIC_SECRET cf24af7dc3d8c3359b824f12df88674af6b9bf55beca6eb175361612e69cd646 c2842acf6f7046d1bb6f357a309944aa2720240c307f3dbfec8037060558c66f
SERVER_HANDSHAKE_TRAFFIC_SECRET cf24af7dc3d8c3359b824f12df88674af6b9bf55beca6eb175361612e69cd646 e7cc77766b1690f87901fda5f29391a7e04797d452a444c816d7f9a9d9f17f02
CLIENT_TRAFFIC_SECRET_0 cf24af7dc3d8c3359b824f12df88674af6b9bf55beca6eb175361612e69cd646 d373231182452b911cf78e94aee73b9be958079aa36060c3c228d407f2c91d9f
SERVER_TRAFFIC_SECRET_0 cf24af7dc3d8c3359b824f12df88674af6b9bf55beca6eb175361612e69cd646 0d71bb51f7f370ab7d8d8fe881413729964d206bbe74d9e1c5313c54dfb1f36c
EXPORTER_SECRET cf24af7dc3d8c3359b824f12df88674af6b9bf55beca6eb175361612e69cd646 140ce325d062d429a4d26f40f50e9b661786e66736849359b5426bf28b003d4b
CLIENT_RANDOM 47ba0f8b5c9bb2b83b7f09c4d9ed6b8887097a3eccdd22e1a48213490f40fcb5 2bf9e6efb272e00216a032779d84d76d7e6569742deabb2b1db4958e570ccfc041ee129c2124fcdd75b3c1533a0e0ddc
CLIENT_HANDSHAKE_TRAFFIC_SECRET 736e266d09e807ff165a839f76321145b1b3fc0a468a03c575f36f3f9bc51ad8 2c9f42accb206011ddf1581f45bc0317f21a53b4851fefb38cc2808cb76ba9e6
SERVER_HANDSHAKE_TRAFFIC_SECRET 736e266d09e807ff165a839f76321145b1b3fc0a468a03c575f36f3f9bc51ad8 f14d502f2b9040f5318a2b306ce006eb01f94167737728a8bebbd1ea4783c06d
CLIENT_TRAFFIC_SECRET_0 736e266d09e807ff165a839f76321145b1b3fc0a468a03c575f36f3f9bc51ad8 714cc070129721053bceb77811af00205ff65b572f973517563e302307dad1f7
SERVER_TRAFFIC_SECRET_0 736e266d09e807ff165a839f76321145b1b3fc0a468a03c575f36f3f9bc51ad8 51c774d31b8f875ce1bea2de4c92b8ea3a4555caf50ed1486fea71df494ac97c
EXPORTER_SECRET 736e266d09e807ff165a839f76321145b1b3fc0a468a03c575f36f3f9bc51ad8 a72bc10b350190591a85d08323fc2aadfacc020e8167febd843a925e153612e9
