CLIENT_HANDSHAKE_TRAFFIC_SECRET 98d4f8b683d6b2afae47e2a049dfc37cb731969d15de85b3da3cf5a028b1d90e 8d8f52583325091c01d950c0910ebfa1fe505739616f784f2ef7445ccf671ee7
SERVER_HANDSHAKE_TRAFFIC_SECRET 98d4f8b683d6b2afae47e2a049dfc37cb731969d15de85b3da3cf5a028b1d90e f719c5716d3d4a686b3c01666bad8c71be21ff2e2c322e5e21cdecd47fb943b2
CLIENT_TRAFFIC_SECRET_0 98d4f8b683d6b2afae47e2a049dfc37cb731969d15de85b3da3cf5a028b1d90e 30bc942b303d21fbf41d0ab217749b39eeb8ed997eb3d3c52fbfcbd318b4521d
SERVER_TRAFFIC_SECRET_0 98d4f8b683d6b2afae47e2a049dfc37cb731969d15de85b3da3cf5a028b1d90e 03c6763a12d5cdf69f943e1f9dd5c4a463c50ea4fe8a8198fcffbbed53510753
EXPORTER_SECRET 98d4f8b683d6b2afae47e2a049dfc37cb731969d15de85b3da3cf5a028b1d90e ed3732c3062d50fc5b63fe3a371ca9f0dda46a59c6795e7d1be50904e090d847
CLIENT_HANDSHAKE_TRAFFIC_SECRET fafe12371f6263891ee1a36c79ebea22e63bf58305a63fd504f4acf212faec53 064138d1801a98c92465431685af0a08bdfeeb50b17207591bd07cb65091e9d3
SERVER_HANDSHAKE_TRAFFIC_SECRET fafe12371f6263891ee1a36c79ebea22e63bf58305a63fd504f4acf212faec53 8b860ea0e680531ca966da256cfa3d6644549c450eca78f86dbf8ee30d8662ef
CLIENT_TRAFFIC_SECRET_0 fafe12371f6263891ee1a36c79ebea22e63bf58305a63fd504f4acf212faec53 ee705cc6ead372ae18fa2ad7a47a71e3d5fb5f1bb5c8350af51aa45bf0206b55
SERVER_TRAFFIC_SECRET_0 fafe12371f6263891ee1a36c79ebea22e63bf58305a63fd504f4acf212faec53 0e5d6f238b2f55ca8937f3018323ff3ab0945228b3da412a46801992db579bec
EXPORTER_SECRET fafe12371f6263891ee1a36c79ebea22e63bf58305a63fd504f4acf212faec53 1cfbf4ce581d69d8b756b3d0a12245e3b6e918546a4d799f94ab00d748763738
CLIENT_HANDSHAKE_TRAFFIC_SECRET a57ad7a307988820604d07ba1f40491bf7581795b615feef299767f26f10e46a cb55e84eba0a2cbeda8f8dd4a20ab84ad33351ca74e2422f54cd65bae81f6f9c
SERVER_HANDSHAKE_TRAFFIC_SECRET a57ad7a307988820604d07ba1f40491bf7581795b615feef299767f26f10e46a 340dfed279d395ba06fa9a0f3d2ddbed93baaf5078fd2f84963040edb9bba1ae
CLIENT_TRAFFIC_SECRET_0 a57ad7a307988820604d07ba1f40491bf7581795b615feef299767f26f10e46a ff87fae7a6aba4537b90a2d4d3c29a6f8d006123ea7a0e72a2ca3136432d7b04
SERVER_TRAFFIC_SECRET_0 a57ad7a307988820604d07ba1f40491bf7581795b615feef299767f26f10e46a a088dc3d28cd73d40d6b869d7a19143036ab4dd926c9f91f0976fdf1e5543386
EXPORTER_SECRET a57ad7a307988820604d07ba1f40491bf7581795b615feef299767f26f10e46a d7936b8ef27c9de5daaa9c9b129ee05d9e846b20ddbe9b6aa97ee08b103b83c1
CLIENT_HANDSHAKE_TRAFFIC_SECRET d2e51a40824d13a6815cd8313de0b0e653f5c7bb0a001a44513e9127d3c9ec5a e1120926be2341f962678730a2589a6ca8a87238a12110c3c8918703e0d8ca6d
SERVER_HANDSHAKE_TRAFFIC_SECRET d2e51a40824d13a6815cd8313de0b0e653f5c7bb0a001a44513e9127d3c9ec5a 774700778076f466dc2e22cc12ee8ea552c3864cbe1a545e48f51f52f7acd62e
CLIENT_TRAFFIC_SECRET_0 d2e51a40824d13a6815cd8313de0b0e653f5c7bb0a001a44513e9127d3c9ec5a 43af798d82aad358f20d78b78987a55154bd1f7b53f82a0589c769046ed0418a
SERVER_TRAFFIC_SECRET_0 d2e51a40824d13a6815cd8313de0b0e653f5c7bb0a001a44513e9127d3c9ec5a 1e79d0dd0e9c3bc0d053cbba60d85baf6a183c4d74db16a2fd942823b3d776f4
EXPORTER_SECRET d2e51a40824d13a6815cd8313de0b0e653f5c7bb0a001a44513e9127d3c9ec5a 61fd40cc4200016b4bbe1ef943c9d0478876965141f07cb52fbed9652e1ed620
