CLIENT_HANDSHAKE_TRAFFIC_SECRET c6bc93ad131387dd64faad72d1d80ed146bd476a408e989beb2b6c9d3cc3f205 60be6d2d06e1357d788e94b97c68c21ff5b5fd178a29ffc86243576d4941d97f
SERVER_HANDSHAKE_TRAFFIC_SECRET c6bc93ad131387dd64faad72d1d80ed146bd476a408e989beb2b6c9d3cc3f205 d3a9b7b3af0fa94a598b3ae56383a83745a88e6239199dd58907c2a8d0ac197d
CLIENT_TRAFFIC_SECRET_0 c6bc93ad131387dd64faad72d1d80ed146bd476a408e989beb2b6c9d3cc3f205 b391ab6cf05821ec75f96d0beb27b944b123be7ea7d6409637a3d915f740723e
SERVER_TRAFFIC_SECRET_0 c6bc93ad131387dd64faad72d1d80ed146bd476a408e989beb2b6c9d3cc3f205 62a04dfc056ca7638db427382946cbd08dbb1b405cb55df4eb098e56fcb5d505
EXPORTER_SECRET c6bc93ad131387dd64faad72d1d80ed146bd476a408e989beb2b6c9d3cc3f205 e99f81a9cbf88bc4c8f5346a5f86ae42724f7ee3145d349539d91681027ef239
CLIENT_HANDSHAKE_TRAFFIC_SECRET 311db5a9e6ef5df9ffa486ebc6ae9f387b6ceb2fe4981643602ab304fc5ba6c4 5faf93fa4c7b20e38f8ee2ca611f834d0a78f89d329bab7b7d454ad2c2b92a40
SERVER_HANDSHAKE_TRAFFIC_SECRET 311db5a9e6ef5df9ffa486ebc6ae9f387b6ceb2fe4981643602ab304fc5ba6c4 88c6797dd9019c67ad5a8103b033314570c7ae2a8406f045377d51553c8e672a
CLIENT_TRAFFIC_SECRET_0 311db5a9e6ef5df9ffa486ebc6ae9f387b6ceb2fe4981643602ab304fc5ba6c4 bffd2ac05908fb3eabab250b86282f4d474904e676339cb4ef140905a68c7a09
SERVER_TRAFFIC_SECRET_0 311db5a9e6ef5df9ffa486ebc6ae9f387b6ceb2fe4981643602ab304fc5ba6c4 1dbab66b2f3a3d3d86da087a004df4807b1e179492afde1e89cfc783032cf8a1
EXPORTER_SECRET 311db5a9e6ef5df9ffa486ebc6ae9f387b6ceb2fe4981643602ab304fc5ba6c4 a29d4fef0ab76dfdea717a115a87c0f23b323a653b52d60520f3cc913afb95ec
CLIENT_HANDSHAKE_TRAFFIC_SECRET 557e88919e4a60067f3ad798c935d86d638cad38b0b17d0cf8e21af55414f266 76b09e6f3ef9281561f25145b8bc121eb998282bc545d03adbf34be4677ab416
SERVER_HANDSHAKE_TRAFFIC_SECRET 557e88919e4a60067f3ad798c935d86d638cad38b0b17d0cf8e21af55414f266 c2029c73a276e9a0c49381b7b7ec77dbcdf36773fbc924b728525afefbca65b7
CLIENT_TRAFFIC_SECRET_0 557e88919e4a60067f3ad798c935d86d638cad38b0b17d0cf8e21af55414f266 7b4222c5c0a337844574c43112e2b5aa3e9c77fff13a479ff9d90f4065b8c644
SERVER_TRAFFIC_SECRET_0 557e88919e4a60067f3ad798c935d86d638cad38b0b17d0cf8e21af55414f266 07c5cc674bdf3f3d4430d1152ccd4f27b1491c085295ef52674541eb1a9991d0
EXPORTER_SECRET 557e88919e4a60067f3ad798c935d86d638cad38b0b17d0cf8e21af55414f266 c004fc312759577682e7da24da86a8ab9c7b779984d6b3eff65a7b2e77616524
CLIENT_HANDSHAKE_TRAFFIC_SECRET 7f157705c910445041c3b3a9b7ab1d067530d6ac80e67aef6fa1acc3df9e5c55 c3306d809d048401e024f54489d1d2b248142863c37ef32494102d3a6078af72
SERVER_HANDSHAKE_TRAFFIC_SECRET 7f157705c910445041c3b3a9b7ab1d067530d6ac80e67aef6fa1acc3df9e5c55 9df1393ddb75350b91a41b14fe7e1980826cc9219ff678033c67db3ad2d92d9a
CLIENT_HANDSHAKE_TRAFFIC_SECRET bf380616c680018332055c57c3969c6d4f08d2fa1376ee7026ab8a6fee2ae2d7 acaedb2748270ec352eef8b2f3a1f3069d2f67348da294d0b409312fc13de602
SERVER_HANDSHAKE_TRAFFIC_SECRET bf380616c680018332055c57c3969c6d4f08d2fa1376ee7026ab8a6fee2ae2d7 9c036602fa5891f2bca16759a250e7d0e53934d12be37a62fcedf7bf374b56c8
CLIENT_TRAFFIC_SECRET_0 7f157705c910445041c3b3a9b7ab1d067530d6ac80e67aef6fa1acc3df9e5c55 230746472fc71f9bea9eef5641e5715679c9bbe2974ec92548decce6ea6a49bb
SERVER_TRAFFIC_SECRET_0 7f157705c910445041c3b3a9b7ab1d067530d6ac80e67aef6fa1acc3df9e5c55 bf72cb29a68ffec65aece23565b5b533e465fd5457f62b7b36426ddfeb44b2ad
EXPORTER_SECRET 7f157705c910445041c3b3a9b7ab1d067530d6ac80e67aef6fa1acc3df9e5c55 f3e535a3bfbea0bb5552986f170137c7a60165ada318107f5b6e6cae22c3f507
CLIENT_TRAFFIC_SECRET_0 bf380616c680018332055c57c3969c6d4f08d2fa1376ee7026ab8a6fee2ae2d7 b34382a501f7a32de038e0a339a05c10fc561d4eb116a2fd7173395dca91b831
SERVER_TRAFFIC_SECRET_0 bf380616c680018332055c57c3969c6d4f08d2fa1376ee7026ab8a6fee2ae2d7 1348c7b7b3347ddf8be2d4b6ee9efec7de4a28da0248eeacea91f0688d3b46c2
EXPORTER_SECRET bf380616c680018332055c57c3969c6d4f08d2fa1376ee7026ab8a6fee2ae2d7 e3f8c71020a4738c7457c1bb9a765b24197abae978b0b2fa5677142760be33a4
