CLIENT_RANDOM 5a980133290782ed3eec413927f69d43a2ba81ff5637d24a104ae5f90e93d23a ae7be2e6a9bf38818bc956990b1690b7653b792b0450acf11c7a78d2b2ea5cd8123bbb09fbd0378def0c3a16ed11ef6b
CLIENT_HANDSHAKE_TRAFFIC_SECRET c76753256fd373943998dcc6a01fe09016850f14de28ec7e0bb3a217ba854893 df5c38381bd281df08bbff11e61ef1d0a2b740a4586e16429e39de4109af7086
SERVER_HANDSHAKE_TRAFFIC_SECRET c76753256fd373943998dcc6a01fe09016850f14de28ec7e0bb3a217ba854893 93572591b49d67db070e3b890e155714a6d1f898aace6665fd11f6e99bf68bf5
CLIENT_TRAFFIC_SECRET_0 c76753256fd373943998dcc6a01fe09016850f14de28ec7e0bb3a217ba854893 ee0f56441825b6e8b4c08e4f3fbd6ecd457fb9f0aaf2d9eb6a81f2aa5682e0d8
SERVER_TRAFFIC_SECRET_0 c76753256fd373943998dcc6a01fe09016850f14de28ec7e0bb3a217ba854893 1b633c22ac637dea441c5e3a932557d8893d1fc49d3aba834fb4a417e4fa9aff
EXPORTER_SECRET c76753256fd373943998dcc6a01fe09016850f14de28ec7e0bb3a217ba854893 de18f4d0c5bec417c1f5eaf053c66384ada8f8ed3e6a376fefa87c78fd530c44
CLIENT_HANDSHAKE_TRAFFIC_SECRET 8110e7335dc92d05813e3e3e4bc2b28c18739baf895a939a962b6cce973fac1f 730f0caa457d8f637d1981ed0d4db1ef922a4732767fec8d0bba8976a0a5f265
SERVER_HANDSHAKE_TRAFFIC_SECRET 8110e7335dc92d05813e3e3e4bc2b28c18739baf895a939a962b6cce973fac1f 0938a514fd1f236a26a21f108799f494bb713e51bb1f2523c0c8c54456e46597
CLIENT_TRAFFIC_SECRET_0 8110e7335dc92d05813e3e3e4bc2b28c18739baf895a939a962b6cce973fac1f c8be64404f997f89936fc67c53b86f65f1e67c99804d5f7eae70fca0aba056a8
SERVER_TRAFFIC_SECRET_0 8110e7335dc92d05813e3e3e4bc2b28c18739baf895a939a962b6cce973fac1f 87c2cf5b8e744d60b28ad61ebd4d0cae59b1136fa2857747b412d60b715be5fb
EXPORTER_SECRET 8110e7335dc92d05813e3e3e4bc2b28c18739baf895a939a962b6cce973fac1f 4bd56e50d9f3aaa5cf80c283054dcb7b28ee0ee9297b90db2cae18e123f02c32
CLIENT_HANDSHAKE_TRAFFIC_SECRET 535a81b5a78c067440bb09466a0abe6f17d240292789f976802b53b0df4dfd14 20c2f4333396653513ab3add57af3ae291a15c67ad56193e25ef6892660bb14f
SERVER_HANDSHAKE_TRAFFIC_SECRET 535a81b5a78c067440bb09466a0abe6f17d240292789f976802b53b0df4dfd14 4fd48bd3059d4930cb7a09140603ac8caba20ee5029245f16a933f1c125940ff
CLIENT_TRAFFIC_SECRET_0 535a81b5a78c067440bb09466a0abe6f17d240292789f976802b53b0df4dfd14 1f86b5bad4150ce3090b1dbcdf7057769548d179eb143e783ea2f2a7182d8971
SERVER_TRAFFIC_SECRET_0 535a81b5a78c067440bb09466a0abe6f17d240292789f976802b53b0df4dfd14 90670814c910247eef150b0224814c88ce15645d0a88c338dabecae5f1c9f655
EXPORTER_SECRET 535a81b5a78c067440bb09466a0abe6f17d240292789f976802b53b0df4dfd14 af377588cc8c21365fc1bad79e1fc26e8cf544da8f00de82a975e14661e22a62
CLIENT_HANDSHAKE_TRAFFIC_SECRET 4a7280df86d807776c338cce51c786195ac2d595ab3ef5a995a17d7d36ea2597 ae791079a6f3fd26b87eafa80c21550ae4efd574f0275485c4a303ddde71fbaf
SERVER_HANDSHAKE_TRAFFIC_SECRET 4a7280df86d807776c338cce51c786195ac2d595ab3ef5a995a17d7d36ea2597 ecb1b7ea14d9e7cf9b89198a02bda1a797c4f351d43945e0e7b7491b5f3b0df2
CLIENT_TRAFFIC_SECRET_0 4a7280df86d807776c338cce51c786195ac2d595ab3ef5a995a17d7d36ea2597 376ca959a65aacd691152061edf7175a703f88755137f57990cb70c3ac0743f5
SERVER_TRAFFIC_SECRET_0 4a7280df86d807776c338cce51c786195ac2d595ab3ef5a995a17d7d36ea2597 e5aef34f3369af2329ff5e4d58ccd77d43e86e9d02514e89edce9f7a84f9bcb7
EXPORTER_SECRET 4a7280df86d807776c338cce51c786195ac2d595ab3ef5a995a17d7d36ea2597 57f524c45e336880a9cca5d494a6ca36dc4223d26ace43cec19861b861c3f442
CLIENT_HANDSHAKE_TRAFFIC_SECRET 8114ea8d9009b6dbf1283814bc5baaa42e9dd9387ede2d2eb476fdbca9659bab 6fc5f2625b61a8cbeccdc4005dff9ea0f7aba2aeda360b64d2fbfd6474829b52
SERVER_HANDSHAKE_TRAFFIC_SECRET 8114ea8d9009b6dbf1283814bc5baaa42e9dd9387ede2d2eb476fdbca9659bab 83f6f5b62deb732ba437cd922052348ff34b71d26f58dc4c5920e04234da77ea
CLIENT_TRAFFIC_SECRET_0 8114ea8d9009b6dbf1283814bc5baaa42e9dd9387ede2d2eb476fdbca9659bab 613800a48896884fb6fc9f47934fcd5b387ffd3aee8edcc18cf1d3bb3d4e66cb
SERVER_TRAFFIC_SECRET_0 8114ea8d9009b6dbf1283814bc5baaa42e9dd9387ede2d2eb476fdbca9659bab 78bb3603c71eb7a8123362e81f420d8d4fc9e380868332a09fc6212fa3a9ffaf
EXPORTER_SECRET 8114ea8d9009b6dbf1283814bc5baaa42e9dd9387ede2d2eb476fdbca9659bab 842ad17bf52357fef4aaa7e9825bf7b20d1b87e6b89323d2542188ba2732cc0b
