CLIENT_HANDSHAKE_TRAFFIC_SECRET 3bba06d9d67419ce02dae9ba8c9479ea8dc705cd8b2035dfcdbf10efa7b46975 3c5b88a337bc466850c6d636b6c3f55efdb95259c515c596932c94aba15768dc097a2e615ab8f082fcba190b927a557e
SERVER_HANDSHAKE_TRAFFIC_SECRET 3bba06d9d67419ce02dae9ba8c9479ea8dc705cd8b2035dfcdbf10efa7b46975 41e549555ada3262c2af6a6535fa0b4a0642456346fe119677559757cfe7577ec1d97537bc2b58724c7c821bd32a4587
CLIENT_TRAFFIC_SECRET_0 3bba06d9d67419ce02dae9ba8c9479ea8dc705cd8b2035dfcdbf10efa7b46975 f2d53a865998c9d6690a7cd97865f3256f26fd439d80352fa5be93a8b7caa776c1c86f9ef906a4c092bb90b7a52864c3
SERVER_TRAFFIC_SECRET_0 3bba06d9d67419ce02dae9ba8c9479ea8dc705cd8b2035dfcdbf10efa7b46975 24bffc98e1e730d287fe84f0c8aae76a2e6cd53f969c0d5a58acd0f5ab879ece7cda3adae167909610335ab551348f0c
EXPORTER_SECRET 3bba06d9d67419ce02dae9ba8c9479ea8dc705cd8b2035dfcdbf10efa7b46975 7e4b792429d802a5308e5cffb0fe64f7974ce406d8798976bfcaaace70e85c3b1466a613a0740ce8226ccd8c9481b794
CLIENT_HANDSHAKE_TRAFFIC_SECRET 87707c8218917c2b3b89c3fd22d420b46e91102ea7cd175b0c9247870e2abf93 d0a94ff6844916013dc38e5b4c0fea778d3a44c1f6f630992d5bdf2d978e4b55887460126c0fde83d8f929fd4a84e282
SERVER_HANDSHAKE_TRAFFIC_SECRET 87707c8218917c2b3b89c3fd22d420b46e91102ea7cd175b0c9247870e2abf93 c2ffce2b18d04ce14616c4acbf16d59ef4ea4c3803189a892bc77299be231fa5c03b1ea1f940bd97cd3a361a99b6e737
CLIENT_TRAFFIC_SECRET_0 87707c8218917c2b3b89c3fd22d420b46e91102ea7cd175b0c9247870e2abf93 05565d548733463c4235528fc05ae773e1c023226fd2e762ff7762b2a983d7734a1ad93e7dbe45e7ed544936a9a98b85
SERVER_TRAFFIC_SECRET_0 87707c8218917c2b3b89c3fd22d420b46e91102ea7cd175b0c9247870e2abf93 42941a1f33ece90e43c7833a3d43bb1d4d5903ee11ecbe9489545da7ba8f413f5166967f986cc2c846a1500c461fbdae
EXPORTER_SECRET 87707c8218917c2b3b89c3fd22d420b46e91102ea7cd175b0c9247870e2abf93 e760943454e3187b4553aaa6d14b8f95a9b5cced9d231153b5e0086826b1fc5c4ac81de5ff0532610d748a9c7c06fb75
CLIENT_HANDSHAKE_TRAFFIC_SECRET b3780f918482a6a8ccd9ca2d5b9ac32e9094255b14a035a7e16065fd23dd2b89 6b31b97b8db6b3ac87292b64ad2472e607dda7dc8ce9da1d9c0571885f1631c73fe8cd2c9a38276a9ebe1ab29dcf91db
SERVER_HANDSHAKE_TRAFFIC_SECRET b3780f918482a6a8ccd9ca2d5b9ac32e9094255b14a035a7e16065fd23dd2b89 46543a8801ca2719fd553d28834a931a122bc6ca910cf73739a623ed74ce134eba54bb6d58eb6c09f7e2866f3de01eca
CLIENT_HANDSHAKE_TRAFFIC_SECRET e0813da9a65fa2b3957618d9dcee0f5b8c9bcf9587a187376359ead6e40196d1 4787e7478c48c36718966de238eedf5e4c6c289e662670a6efcbb900a6534f62b7606593bdef221fbf6517f65630642f
SERVER_HANDSHAKE_TRAFFIC_SECRET e0813da9a65fa2b3957618d9dcee0f5b8c9bcf9587a187376359ead6e40196d1 bb1e1db21c6c60c7f31285aae866c83d8e405ac2c81e8b4bac0ebed2918cb24812f2159653821ad46ffdd73c7d103bb9
CLIENT_HANDSHAKE_TRAFFIC_SECRET 5ff7b0c8a687afff2b9406939f743a5beebe0ccd7c8149967c5bc1ef26079c97 fdc9eda486c7f317e6eb71e28e9c8edaa6dbb07c880e0caf42b754abcc673fef2688a55772fe7cfb738b0ffc999673ab
SERVER_HANDSHAKE_TRAFFIC_SECRET 5ff7b0c8a687afff2b9406939f743a5beebe0ccd7c8149967c5bc1ef26079c97 e4e14b551345b9532dd681bec23f9ba667fb4c63cb7dc8ab7c28f6b94210c69dbe873dd6a9c7c652b5cc15e82808d4d2
CLIENT_HANDSHAKE_TRAFFIC_SECRET a4bd5ca3eb8c2623a17946ba807a2c637149d3ce79f009180cc52608775fbd4f 86858ae225eb6ab601a6dccb45e6bedcf39e7ca40d4454884970d505c71704e43760f35388d5bb30fdee939a7b8141f3
SERVER_HANDSHAKE_TRAFFIC_SECRET a4bd5ca3eb8c2623a17946ba807a2c637149d3ce79f009180cc52608775fbd4f b46108890fc7ac897d68b4cbd2836c15041a3facf262b00c16ff8e63755a5fa14ba3ff07a2111d3e33cf5e83f993d4bb
CLIENT_HANDSHAKE_TRAFFIC_SECRET 19e6d0994388a008cee48e10e7a83a8553fc3886c992edbba359a3a778d107bf b0d0adb6e4df113a1aad28342af326b7edc9ef51cfcdb3cf9f5b7461ccc752f534b090ecd5bafba48daf039e4b80ccca
SERVER_HANDSHAKE_TRAFFIC_SECRET 19e6d0994388a008cee48e10e7a83a8553fc3886c992edbba359a3a778d107bf e9e74b72061563e9ec45f5b13f12bda676d2694743b7f04919c752722bc1f0ab53e6fcdc341a4f5b45a3167676a0e20c
CLIENT_HANDSHAKE_TRAFFIC_SECRET 0f6440bf19850aa296467db35373986f30a5747e5b14057cbf0fd74f6b5257f4 a344cbd1c6dbd0813435e9b81a65b91dbd7304b18a28e9783f51aab7fc60d02ce2bd1602ae9e1b05575c7f178504d431
SERVER_HANDSHAKE_TRAFFIC_SECRET 0f6440bf19850aa296467db35373986f30a5747e5b14057cbf0fd74f6b5257f4 06743dacbfee9293672d787ee0287cfff4027646b33e41e314215a9a1a1e8abb715c749ac19542f21b84986645fe36a7
CLIENT_TRAFFIC_SECRET_0 b3780f918482a6a8ccd9ca2d5b9ac32e9094255b14a035a7e16065fd23dd2b89 44bdb0f36bc313c257a5d17c0ae40a5ad5733a731e179ab73e1600e8d90b35b4b52c0f17ddfc4f67f7185655ff129f45
SERVER_TRAFFIC_SECRET_0 b3780f918482a6a8ccd9ca2d5b9ac32e9094255b14a035a7e16065fd23dd2b89 ebce26c009fe90996f679cc0ad248a88075753c8d673ca71a5a3282cb58617b1f38f0af0b05f0a712a9cc48c784a1c9d
EXPORTER_SECRET b3780f918482a6a8ccd9ca2d5b9ac32e9094255b14a035a7e16065fd23dd2b89 15bd35cfa506f1684f2351c69a3acac40cee13daacf22765b03e603bde62b6e7f1326666d3c3b62c31e3dd229d738aaa
CLIENT_TRAFFIC_SECRET_0 e0813da9a65fa2b3957618d9dcee0f5b8c9bcf9587a187376359ead6e40196d1 4655bc12b57f1d59dc1a1ba7e3479e69b5470d7093fc5db646aea8eeccfba835c96f9975572c4e8aa6919cb7a4e1e391
SERVER_TRAFFIC_SECRET_0 e0813da9a65fa2b3957618d9dcee0f5b8c9bcf9587a187376359ead6e40196d1 fc6cbd7a6e2d6a34169e248fd3313b349a6b412c319b9f0e259fdd37efd3ad6f4557d9d81bc817d8e3100f578d34553b
EXPORTER_SECRET e0813da9a65fa2b3957618d9dcee0f5b8c9bcf9587a187376359ead6e40196d1 9c2a050f7aa29e2db77f18d36023772fe50199cf6582c51c24d1892b9f097332694d6238371f01fc6241daff4712a0aa
CLIENT_TRAFFIC_SECRET_0 5ff7b0c8a687afff2b9406939f743a5beebe0ccd7c8149967c5bc1ef26079c97 e203e9a40539bbe218097cbc67671eb45ff938ffc90fd3daa2643ad578ac54a9e82e12f74ca177765b3553e905817152
SERVER_TRAFFIC_SECRET_0 5ff7b0c8a687afff2b9406939f743a5beebe0ccd7c8149967c5bc1ef26079c97 e4f5e8de403546600cec77b5f1e40510451a738ce7ce16f1af807ae3fd68b9ecd5b77a59a595df25a30ac7c83aa3a61d
EXPORTER_SECRET 5ff7b0c8a687afff2b9406939f743a5beebe0ccd7c8149967c5bc1ef26079c97 c8d4918ea1fcd93463813ada34e106e0a84cad579bd721639e928319adc2261ee0a3fbd698ded893345a704512232bb9
CLIENT_TRAFFIC_SECRET_0 a4bd5ca3eb8c2623a17946ba807a2c637149d3ce79f009180cc52608775fbd4f f7431ed41c2dcf8f10209565158ecc57a8b14f911ae3b734f2eec0be17cb55c34b83902c458bfaaa33cc6f6f950a4078
SERVER_TRAFFIC_SECRET_0 a4bd5ca3eb8c2623a17946ba807a2c637149d3ce79f009180cc52608775fbd4f f4558249f39ff337b90e6269de40f40130fdeadfed3cba6d9e2c222e255fb51fcdc8b57a8e204df068d63eb2e8ddb694
EXPORTER_SECRET a4bd5ca3eb8c2623a17946ba807a2c637149d3ce79f009180cc52608775fbd4f 040c9b4a4edb6abc33a402bfbc9e34136920dfb84cc3ae12cc9b501ba3b3abaedd576f78bd42bf4f301cf91f71281ed7
CLIENT_TRAFFIC_SECRET_0 19e6d0994388a008cee48e10e7a83a8553fc3886c992edbba359a3a778d107bf 7c3c0b90aa9da3bafe55429c1a6ad4cf253987c96e0f0454d982b52af09d71d68b3d910283551a01d763e78c6340f34e
SERVER_TRAFFIC_SECRET_0 19e6d0994388a008cee48e10e7a83a8553fc3886c992edbba359a3a778d107bf b1345590e5625bd68ac624a3af215bb835429cd113cda1ee2959e1c92ddbbbe259a4b2049b2e0d3fd90d0739ce2ae736
EXPORTER_SECRET 19e6d0994388a008cee48e10e7a83a8553fc3886c992edbba359a3a778d107bf 9d3ec96085be8b8bc537f54f04952658b075cc602aed579e4cbdc041718fbe8b52643ad81e97d51dd9ac302e971592b3
CLIENT_TRAFFIC_SECRET_0 0f6440bf19850aa296467db35373986f30a5747e5b14057cbf0fd74f6b5257f4 42e1e47a74b1a472739f790c8fbdbbcb3b31c1a00678ba190d0eca079525d3198bd0f0a30cfcade3bf7e6f5dfbd20262
SERVER_TRAFFIC_SECRET_0 0f6440bf19850aa296467db35373986f30a5747e5b14057cbf0fd74f6b5257f4 e0937e50b5c34e72777ba052dfcf8afe1018b34d8953c5dd22331f7b4c3a8a98a1b08244c733815cf87577f4e998f2ed
EXPORTER_SECRET 0f6440bf19850aa296467db35373986f30a5747e5b14057cbf0fd74f6b5257f4 04608bee14ed0b1cf72c004d9178575045e5069df98e704187ff05c0f3426026b49d30a53afd06cd5d7690750d23f57b
CLIENT_HANDSHAKE_TRAFFIC_SECRET 9d97afd67e2a1abd180496cc3b693b37b925e9dbfdd8a322878d0bfe36c32db0 fb8f9c50eba30abc838026d1d4517e05a1982c51961d092250cd1f646e4d6b8b0dab576edfe3a0d9f486fb06f586717b
SERVER_HANDSHAKE_TRAFFIC_SECRET 9d97afd67e2a1abd180496cc3b693b37b925e9dbfdd8a322878d0bfe36c32db0 64469fe5051e41fc5b6517db19e62a2042b36945d53759f94f93a65ca6cab04c5ef7e6b86732b0ab4cc6fd36f0614f74
CLIENT_TRAFFIC_SECRET_0 9d97afd67e2a1abd180496cc3b693b37b925e9dbfdd8a322878d0bfe36c32db0 b7fd26d72db089b26682dd91483427296a21651e92aeaf93709c6f5de4fe33bdd58dff8be225657052b51ffe83ee8965
SERVER_TRAFFIC_SECRET_0 9d97afd67e2a1abd180496cc3b693b37b925e9dbfdd8a322878d0bfe36c32db0 56a31d061d6822e7ffba6be71e57ecfdcf58223c13bbf017209a3e4bafd132354d5070e1247a0632e71020fd01e12cc9
EXPORTER_SECRET 9d97afd67e2a1abd180496cc3b693b37b925e9dbfdd8a322878d0bfe36c32db0 60d095cc4598eb1a4f9c6d446ff4e07d86dd4aa7ee6f9d82fc622239d2b9d02e1ca165c91e8a7cbd1503243cfdbcc762
CLIENT_HANDSHAKE_TRAFFIC_SECRET 2d35d8cde057d9303a08fe7aee920f9d7f34a41f599bae314200384c3f123aac 96391f0367bd2cde2ce000e7df4df535185e24b55a0b55c5cb69aa39a7476f12aa5e6c9d6e4a9fa8e509a6ae5433e929
SERVER_HANDSHAKE_TRAFFIC_SECRET 2d35d8cde057d9303a08fe7aee920f9d7f34a41f599bae314200384c3f123aac 14ae5455f8a33558efd19f6112ca4b7e056b0999d2505972e377c49b6760126ed028f878e89bfe52982bbda4c4ce0d64
CLIENT_HANDSHAKE_TRAFFIC_SECRET d9b9a1ff65c1fab6a7cd62a51f7fb138721323db76a5302083b12d565f7b83de 3659b6d8a5a3161b20b7dcb2801fa434f50476b8b91711f8af0181d3b6f06016d28376867f15006de280f6f07c2736ab
SERVER_HANDSHAKE_TRAFFIC_SECRET d9b9a1ff65c1fab6a7cd62a51f7fb138721323db76a5302083b12d565f7b83de bbe2a632b6abe2947938f84ad64fa15e1e925c0ee7b5f3d551bcff3bfec88d57de8549be41005932149f42f6b6ba7216
CLIENT_TRAFFIC_SECRET_0 d9b9a1ff65c1fab6a7cd62a51f7fb138721323db76a5302083b12d565f7b83de 03fef1169a89be3dd31f8b42b5cc6dd61f878b5e2fcef61a253d42ad8be66aceabbc7ff6f41da5e23eb4c82d3c39f722
SERVER_TRAFFIC_SECRET_0 d9b9a1ff65c1fab6a7cd62a51f7fb138721323db76a5302083b12d565f7b83de 5997056429f8d7754f5f6786996b3ced6d14331fa2a79642fcc543e8b00d275a2d33bc2cb11f3d96c25c5f1149de29c5
EXPORTER_SECRET d9b9a1ff65c1fab6a7cd62a51f7fb138721323db76a5302083b12d565f7b83de c43df1f162160decb8032fc6d546d43cac9fc3ecc3505b4f40c7ceb1ebca2b291ac34d8f7a4cc64b4d20a0dec28bbbd6
CLIENT_TRAFFIC_SECRET_0 2d35d8cde057d9303a08fe7aee920f9d7f34a41f599bae314200384c3f123aac cb913a7bc21057e565c6fbfc4519e7ba4bc573a2a2c589b002f7dbee795769c20263a6420614c3aad883c7d4b2417998
SERVER_TRAFFIC_SECRET_0 2d35d8cde057d9303a08fe7aee920f9d7f34a41f599bae314200384c3f123aac f7846d1d65934ef1ea7937a1699384d1652eb00b5aabca7d455f244f0f044a22ef8fa55e56db29c3d8dac13c7f55fe5e
EXPORTER_SECRET 2d35d8cde057d9303a08fe7aee920f9d7f34a41f599bae314200384c3f123aac 3b6901388abffb0d0ebe50d872348dcd823426838f91309f42dc88add44ea22cde47cb7e49130f60f872daf2271535c7
CLIENT_HANDSHAKE_TRAFFIC_SECRET d98f233f29a323e5b4a795c32a5f8a5e1b7ecb950511344c6d2f776853590e6f 98a364b8ed575b87e76c2227cc1c9064c8e787a159d62daecdcc3f873dad0d033eaba98849a8cf71f68b17c4f15f0821
SERVER_HANDSHAKE_TRAFFIC_SECRET d98f233f29a323e5b4a795c32a5f8a5e1b7ecb950511344c6d2f776853590e6f 86d4a60071e584f7427525b5965b3862223f5be5dd005f14be5913b414f64fb2ef6ff5b78bf77dbcd8b842357ba15f11
CLIENT_TRAFFIC_SECRET_0 d98f233f29a323e5b4a795c32a5f8a5e1b7ecb950511344c6d2f776853590e6f 03c8d02450b53ad18d99ed27e4085e4fd5621c55cb28f56d4741a3066cc5cb983cf83cbf9093e06cb87a0c58d2cd2ccb
SERVER_TRAFFIC_SECRET_0 d98f233f29a323e5b4a795c32a5f8a5e1b7ecb950511344c6d2f776853590e6f 1f4540768428931e5c664a9666c3305d816c63bb4d4153aeaa71f5b1df3747b7652cced910d389b28462e232854ae21c
EXPORTER_SECRET d98f233f29a323e5b4a795c32a5f8a5e1b7ecb950511344c6d2f776853590e6f 072dcaa5616e2b0567280e468948c6487593527b42f40c48c3cb485d120cb4721a0b6aeed5b0f56afb24494fc096bbf8
CLIENT_HANDSHAKE_TRAFFIC_SECRET b931e41d26bd4bf656f15540ab5ffaa474df009dd7e240a09015ab9bca1bed8f 93a91fe51678b2b199609380e60174fae7deb80efaa0094680e409a07bcec2b53f837de2155f5d950df08fc4a8d8faa5
SERVER_HANDSHAKE_TRAFFIC_SECRET b931e41d26bd4bf656f15540ab5ffaa474df009dd7e240a09015ab9bca1bed8f cd933c4cb4346649fb2cbb70126ea3421eec063674025d68148a5ceaba39ac8a59e85310128d0341ec4589dec90e6fde
CLIENT_TRAFFIC_SECRET_0 b931e41d26bd4bf656f15540ab5ffaa474df009dd7e240a09015ab9bca1bed8f b13b1fe7c0a40fff6c1450008f7f4dfa7e93c87ca095c9d125dcb0dd63b70730b4e599efb78e00eb379c4cda562307f9
SERVER_TRAFFIC_SECRET_0 b931e41d26bd4bf656f15540ab5ffaa474df009dd7e240a09015ab9bca1bed8f cbd83140ead5e5204e0b249b6ddba94de209eca02771e8ede2aa8731aa059e0e4f0c395a40fae8f42be4eaf1f5c4ac23
EXPORTER_SECRET b931e41d26bd4bf656f15540ab5ffaa474df009dd7e240a09015ab9bca1bed8f cdd95274b3dca27260089162b384e56854d8254fe95ebf89076c461e5bb5a4455286d9de6001179b67c480ea0df276f2
CLIENT_HANDSHAKE_TRAFFIC_SECRET fdbf634a83bd423d0efc15472efcd1963a2f633e7e784018808cf7fd660b8aed 01a9eda41eef56ea73b844f670f57b824f4a2afe412082aa371a4db74149e6aa142ae62ba93cf9f70964aff109d600b1
SERVER_HANDSHAKE_TRAFFIC_SECRET fdbf634a83bd423d0efc15472efcd1963a2f633e7e784018808cf7fd660b8aed d1fe6374eff16e98990cd356b5ce0fdc2d9cc19e42794f9464b1142e23167b60577e654effe4e7e810dfd10bb7815e34
CLIENT_TRAFFIC_SECRET_0 fdbf634a83bd423d0efc15472efcd1963a2f633e7e784018808cf7fd660b8aed 6ff9c3cbf33f17019bdba88c140d7d4b018440821a04b0f08f91e8fdfc9944d5f0c9c0f6e6d4ce8b11afbcfec36e552b
SERVER_TRAFFIC_SECRET_0 fdbf634a83bd423d0efc15472efcd1963a2f633e7e784018808cf7fd660b8aed 7aad4bac407c1e3c702f9629f68be6936e2bdb1d49a8329f2ad3494ceecb55993467e9ab5181efe2eb2d7c7ef1df7eb5
EXPORTER_SECRET fdbf634a83bd423d0efc15472efcd1963a2f633e7e784018808cf7fd660b8aed 727ad05fee0120d248ac259f0c54b0005a0970be0d80b1ed06bd2c4b20e267894b1186930707b68c89f397262ff73acb
CLIENT_HANDSHAKE_TRAFFIC_SECRET d09c67c417a12f2ee808405a06d40c47a8232c350c93ce809dd8a99a1daf3ce5 aaea366f57131e3ecab41feac939ce53dace97e5b333145ee47d0718e15a20c4d0189e51405e7ce1fc2756b73382070c
SERVER_HANDSHAKE_TRAFFIC_SECRET d09c67c417a12f2ee808405a06d40c47a8232c350c93ce809dd8a99a1daf3ce5 5d4d90411731706b5fa70a2b3a2db2dac365edb99bea12e1d8ea051e86a45ca3fc9537869dc9b72a316803c22f7d8e40
CLIENT_TRAFFIC_SECRET_0 d09c67c417a12f2ee808405a06d40c47a8232c350c93ce809dd8a99a1daf3ce5 e68f992ca3b852dbdab8edf5dec60708b86504a007ea9f473dd4712a5597aa4db3746f59bcd46e7a909d1530a1812abd
SERVER_TRAFFIC_SECRET_0 d09c67c417a12f2ee808405a06d40c47a8232c350c93ce809dd8a99a1daf3ce5 17cf97a7bdbb110848c1b9eb47b9f6f480f0a3ba8fc114813b571858257a331725d17a2677ecdc88854f92043cb5b9a6
EXPORTER_SECRET d09c67c417a12f2ee808405a06d40c47a8232c350c93ce809dd8a99a1daf3ce5 9e679044a8f3ed9db652277ff61e22b3611cea009e201bbb27b06f01602fd77a989660298284cfe16c6f628b1a12cbcf
CLIENT_HANDSHAKE_TRAFFIC_SECRET d7e2c38ef5d880cbbdfaf525457359b7391fd9408e2858e962963964901cdf9d 1c665739966d083d50652c52e209c8cfd0655dad1f9e29bdc3813e0f29599cacfadae269d1600d63a16179bb44483374
SERVER_HANDSHAKE_TRAFFIC_SECRET d7e2c38ef5d880cbbdfaf525457359b7391fd9408e2858e962963964901cdf9d bc88bd6875d349500d9a7c11bdd25251ebf7f0b72370325be69025c45bc63e1b7505c5a838c6042a29a633bc6fd5b3ba
CLIENT_TRAFFIC_SECRET_0 d7e2c38ef5d880cbbdfaf525457359b7391fd9408e2858e962963964901cdf9d 1b1083b6c3f0831d3c72d9643b6acc35de2fc9888c9826755b4ba864f38824200bb3f72eac4f46045c8829fa8ffa2ace
SERVER_TRAFFIC_SECRET_0 d7e2c38ef5d880cbbdfaf525457359b7391fd9408e2858e962963964901cdf9d 3e5efe956459de6d2b6ff3a9be0e7990a21d2b842cabb6d4efdbd17532d1b63c026e0af1d70370b1f7b10012474f5f25
EXPORTER_SECRET d7e2c38ef5d880cbbdfaf525457359b7391fd9408e2858e962963964901cdf9d 1636f4e7fcb3d5216e74a9d0847bb147c82d89b3cee127c9c242d35a62c187d20c5c3944ceb5285f7716b1b8836d8be2
CLIENT_HANDSHAKE_TRAFFIC_SECRET c163a7cbfcbff5c2c27a3728f6f9972aff5dd5cd479e688073fc7ccb27b96b9c be1f0cd88e30ac294b4b30d12145a064b981cc22afd6cd1ec4069dfd0c2fc7e7fc5b457c07d86594bd9a7ab24aaa3a5b
SERVER_HANDSHAKE_TRAFFIC_SECRET c163a7cbfcbff5c2c27a3728f6f9972aff5dd5cd479e688073fc7ccb27b96b9c aea9039758a58538af64e640fdd93225f3dc4755d8c92c8795e8fe5ab231a84a22d84df346971f55dc97eaf7a742b5a1
CLIENT_TRAFFIC_SECRET_0 c163a7cbfcbff5c2c27a3728f6f9972aff5dd5cd479e688073fc7ccb27b96b9c 4e9982fbe3474e70d834d81a96a0f054c5e9a93f65388b8317cde077899de3333439923956b75dc8b75fbc2ebd9868e9
SERVER_TRAFFIC_SECRET_0 c163a7cbfcbff5c2c27a3728f6f9972aff5dd5cd479e688073fc7ccb27b96b9c a8b65c6d51cffa82ddb1c8e098fb8ce571062d423513a4397f39bd668e4f2fc1bccb171ea42ccaf93ed9c1c293d815f3
EXPORTER_SECRET c163a7cbfcbff5c2c27a3728f6f9972aff5dd5cd479e688073fc7ccb27b96b9c e2df9e7a5c92f9d7a3bd6a1d6013e9dfd6348d8ff669c448e43a678f68724973d97c3b466024a2c6a2ab325658dca92d
