CLIENT_HANDSHAKE_TRAFFIC_SECRET 3ad8b6ca13f92f8cc9f65aab803d4a3a585e9b0e335256ebf60bc7952a64f29d 29016f0c20c501929279ac50c1080b15e87bb5b5e351e17a8571f547ce4d94a8
SERVER_HANDSHAKE_TRAFFIC_SECRET 3ad8b6ca13f92f8cc9f65aab803d4a3a585e9b0e335256ebf60bc7952a64f29d a4c9b1c037461a54f5897d0f7e95defce3bd50584cfca595f47b5b4d5f0ad77c
CLIENT_TRAFFIC_SECRET_0 3ad8b6ca13f92f8cc9f65aab803d4a3a585e9b0e335256ebf60bc7952a64f29d c66ac175e6d3b8eb5baf20a72592b696734e358cbf3f682d6f1163a80c3c8d38
SERVER_TRAFFIC_SECRET_0 3ad8b6ca13f92f8cc9f65aab803d4a3a585e9b0e335256ebf60bc7952a64f29d f320293ac1cdff0de72e4da0f8705373727b9f5830799b668fb8181d2813ddc9
EXPORTER_SECRET 3ad8b6ca13f92f8cc9f65aab803d4a3a585e9b0e335256ebf60bc7952a64f29d 00b0bb54aef8d8a8fdd3f76300b280e8750783d065be85ce44e9e5679bbea65a
CLIENT_HANDSHAKE_TRAFFIC_SECRET 19b27f4d0dd5d7f1527a93cf0c6167e3639f836f9bec932698af4a0d46760f29 e3f4100203bbf159a0ea5b8d32083c9984340aeeedf4af8ef383eb5d8d67ef84
SERVER_HANDSHAKE_TRAFFIC_SECRET 19b27f4d0dd5d7f1527a93cf0c6167e3639f836f9bec932698af4a0d46760f29 8059e6df0ba4e70a0ac3d5beac2823724bfd8d4e3a30508653e0d12d029fffe2
CLIENT_HANDSHAKE_TRAFFIC_SECRET e65231db4f18e857453bd1196976fc0d18de00d9177710204b731728ad8d7f40 737a69e31c5ecdaad7ca9b25a096906f615fd50cb860606cd99bb3b90aae970f
SERVER_HANDSHAKE_TRAFFIC_SECRET e65231db4f18e857453bd1196976fc0d18de00d9177710204b731728ad8d7f40 6b9853ff02b54882ddec0608ad6ce39802d5e199003fb6004090a6963e7152c6
CLIENT_TRAFFIC_SECRET_0 19b27f4d0dd5d7f1527a93cf0c6167e3639f836f9bec932698af4a0d46760f29 379449361e76c95b1ebabf784b303910926234e07b259bc9e014d39467fbf6dc
SERVER_TRAFFIC_SECRET_0 19b27f4d0dd5d7f1527a93cf0c6167e3639f836f9bec932698af4a0d46760f29 7f40554efab648664f64f04ce94f66fb64f05e2b99cd4ec4975c3c723c5a7a8a
EXPORTER_SECRET 19b27f4d0dd5d7f1527a93cf0c6167e3639f836f9bec932698af4a0d46760f29 7bcc8cc7a36aa880860de843d1f5a56f87643fc7ee0907897ac36c1d0b989da9
CLIENT_TRAFFIC_SECRET_0 e65231db4f18e857453bd1196976fc0d18de00d9177710204b731728ad8d7f40 4206c02a11b1b02d213feac94b5b385c1c2e3e7637d2c9273919f8105ce7f5fc
SERVER_TRAFFIC_SECRET_0 e65231db4f18e857453bd1196976fc0d18de00d9177710204b731728ad8d7f40 5afc272b93b8fad89ef65f5eef8262c5bb35b5f51e3eb23cdc406cfe03ca1b77
EXPORTER_SECRET e65231db4f18e857453bd1196976fc0d18de00d9177710204b731728ad8d7f40 9fec7cc76d6cdbd38c301a1ffa6cf405fb073b2f7a61aed2adbd6f51e80ae759
CLIENT_HANDSHAKE_TRAFFIC_SECRET d53317512a17047ab7f06be84e33daee0d30edcfeaf862d03a3515c1204fab97 e576c09dd4b9c5ffc46c9a92ab07d164c1391dde95708850eaa022b2ddbc965e
SERVER_HANDSHAKE_TRAFFIC_SECRET d53317512a17047ab7f06be84e33daee0d30edcfeaf862d03a3515c1204fab97 59ded995a8f887fea530f8dfbd2ff4f558ed05acfec14a5b49ff392e5c1ea8df
CLIENT_TRAFFIC_SECRET_0 d53317512a17047ab7f06be84e33daee0d30edcfeaf862d03a3515c1204fab97 91ebcf816288849e1d5304dab325569c66ef324bf5645f1500cfb16670b5a752
SERVER_TRAFFIC_SECRET_0 d53317512a17047ab7f06be84e33daee0d30edcfeaf862d03a3515c1204fab97 0e85d3ec9034878c2c0ab56a69466de09b5a149820b3c96cbf89222e6755124c
EXPORTER_SECRET d53317512a17047ab7f06be84e33daee0d30edcfeaf862d03a3515c1204fab97 e86e97924ff6e3c48100f963943b1119a288bcdf9c0f105d0a875a99d3858b5e
CLIENT_HANDSHAKE_TRAFFIC_SECRET 49e19cb45285e0f9fd5fef2284df25175c91f31f837106f2cff6eedb188af6c8 f09bc304f8494cd4e79c7efe160255c0cd781c47cf9b215fcc1d1adbea9f0418
SERVER_HANDSHAKE_TRAFFIC_SECRET 49e19cb45285e0f9fd5fef2284df25175c91f31f837106f2cff6eedb188af6c8 85132c80ac94a023bbc5940c1b173674a7b0102be226ef1143b74efb2e1cc40e
CLIENT_TRAFFIC_SECRET_0 49e19cb45285e0f9fd5fef2284df25175c91f31f837106f2cff6eedb188af6c8 b4dee0abf3b5b9e871bbd5b1afb76d104478882b12a14b35cf952093c444ed5e
SERVER_TRAFFIC_SECRET_0 49e19cb45285e0f9fd5fef2284df25175c91f31f837106f2cff6eedb188af6c8 a5d3f8ada86f47e126121ecb8909e28ec1f4cad32e06bc4561da78712acf9c89
EXPORTER_SECRET 49e19cb45285e0f9fd5fef2284df25175c91f31f837106f2cff6eedb188af6c8 133c1653ffc31922da9760de1dbe19748247f5369109e9f07afea554b148f480
CLIENT_HANDSHAKE_TRAFFIC_SECRET ee315de051b971c4835cbc7a48592fbf1220ca185c5421c336140c45a4ab6487 a6f65e71787480dd253f932703a2b8dc5198de946dfb38bf662964d84abdcf3c
SERVER_HANDSHAKE_TRAFFIC_SECRET ee315de051b971c4835cbc7a48592fbf1220ca185c5421c336140c45a4ab6487 3841298738acdc956c103d0a0ff89f8d5b06aa16f220c376c1203e54ba9bb501
CLIENT_TRAFFIC_SECRET_0 ee315de051b971c4835cbc7a48592fbf1220ca185c5421c336140c45a4ab6487 aef2c72fdf569d8fe0a70a171a362377a9cc9354a8e14d2baa7a9b6b32b553ad
SERVER_TRAFFIC_SECRET_0 ee315de051b971c4835cbc7a48592fbf1220ca185c5421c336140c45a4ab6487 0720f610a987400f365b6ebbd24d2daa108bee2187c6ee7b993cfc39b616b5e3
EXPORTER_SECRET ee315de051b971c4835cbc7a48592fbf1220ca185c5421c336140c45a4ab6487 c30f91e71183e6cd49f42933c4e3dc1c2c97029fd591e8ae3455d037dca97bf1
CLIENT_HANDSHAKE_TRAFFIC_SECRET e0346607310614c94ded6bb41e813c0377259b8187eb1a5d3f04ae0fc99f3bd5 1938dcaf08570e0fd4eca697417bc7d440d608de0af525d94cae33bcf974ba53
SERVER_HANDSHAKE_TRAFFIC_SECRET e0346607310614c94ded6bb41e813c0377259b8187eb1a5d3f04ae0fc99f3bd5 c91fc543c206e32230287b6ccf9c0f173fd090ecba26c6e9417802a4c1ccfac6
CLIENT_TRAFFIC_SECRET_0 e0346607310614c94ded6bb41e813c0377259b8187eb1a5d3f04ae0fc99f3bd5 c12ed158e2b962f111e828651a68e025f9f39b1d144b16656382c209775fb24f
SERVER_TRAFFIC_SECRET_0 e0346607310614c94ded6bb41e813c0377259b8187eb1a5d3f04ae0fc99f3bd5 4a13cb7012b0f861a5b36ed4e59eb7e04bec5eb87279e4a91cf11267e4a02ffc
EXPORTER_SECRET e0346607310614c94ded6bb41e813c0377259b8187eb1a5d3f04ae0fc99f3bd5 e4d2646b5a2363c31516914781a5bc907e5be5c126640c449e6d6a0496e62a84
CLIENT_RANDOM 0532f8e03557195589d09d912d78f969b9bdea68ff9279c1dbc6f3677b253e98 abceb1ed240981c6dec1f0cfdd2f87fc5a678ddbd79b1870d35f4f0914408b5bd688ab416a6b0d523e76b303b8272979
CLIENT_RANDOM 495829ecaafc275faa6a07f0c8eb94980bffb389339ec7a36075589a3ec3acd4 af131b43bac2e62fc7476dc2ef0adede6f9e99d83190ca23502e4ac9323bd907d59de6a7b8e18c4605c699502d71a18e
CLIENT_HANDSHAKE_TRAFFIC_SECRET f6b5da820893304a2f35cfb3013e63a59359aac2bea796942924b7c6df277b21 32eda35ba49b55a7dac4d45014216d61d01bca2559ba245f4d946ceed5498bdb
SERVER_HANDSHAKE_TRAFFIC_SECRET f6b5da820893304a2f35cfb3013e63a59359aac2bea796942924b7c6df277b21 da549be15f7fca781bd9f09ab96fd8bbfdac54f1d3a1d871fa8f102b0085280c
CLIENT_TRAFFIC_SECRET_0 f6b5da820893304a2f35cfb3013e63a59359aac2bea796942924b7c6df277b21 8aadaa5cad095f229671181dad6554eb21577d401be2a997d66fe950dd1b60c6
SERVER_TRAFFIC_SECRET_0 f6b5da820893304a2f35cfb3013e63a59359aac2bea796942924b7c6df277b21 4b93902df2ffaf23abfb158ff17d82e98bf3a36521f49c1a89c05b97dd73715e
EXPORTER_SECRET f6b5da820893304a2f35cfb3013e63a59359aac2bea796942924b7c6df277b21 174dbf7883f035e972551e1c086c8d4e96a62ce34f78406f9ca530dbfd342630
CLIENT_HANDSHAKE_TRAFFIC_SECRET b42e69b6e8594e3c79ff9f1a45d421434bd6d03bb0d6998ff049d7db2ecb4c12 d1bf1457715c526ef6f9c298fb738eeaf4e2e0d524d32816792a62967c818238
SERVER_HANDSHAKE_TRAFFIC_SECRET b42e69b6e8594e3c79ff9f1a45d421434bd6d03bb0d6998ff049d7db2ecb4c12 294a7d822c0fc946a85e9d102c33b45a729345187e147d319238473b6f9e444d
CLIENT_TRAFFIC_SECRET_0 b42e69b6e8594e3c79ff9f1a45d421434bd6d03bb0d6998ff049d7db2ecb4c12 a5e4417aca1f599d7c17293eed8e512aa3d0ee1573eb66f57fa1373d24ea1689
SERVER_TRAFFIC_SECRET_0 b42e69b6e8594e3c79ff9f1a45d421434bd6d03bb0d6998ff049d7db2ecb4c12 706ef64fc646fdd6af6129be5b8129d22c31d2b5cc00f871bb9c219bbfd6504c
EXPORTER_SECRET b42e69b6e8594e3c79ff9f1a45d421434bd6d03bb0d6998ff049d7db2ecb4c12 8d8111d74fab0834e512fbd9689c5f6f50a593d46f3bb1390a6ce11660c711ab
CLIENT_RANDOM 50b764721253fe04eaf4b0c4890f11a4c74d7589f83db7d1477c040be1507155 04795e389e34c991d9459cdcb6e078e198f72aee75ccf712a7135dd5fa7ff7c53f33e03c7c1caf4acd4c280f57583c24
CLIENT_RANDOM 3b2dc5f90685f747bc1c2824bb77a7927242cfc0b4d86568b8afda25cad5df81 8cfed4f4c1ef5ddfbc68119899133c8cd8a2acd6f921dee5e6cdd6ea636fab5b2addbbf2da79d9e8a89c01598745f794
CLIENT_RANDOM 5b7eb56c62fe9b486a965364e319765c0eab05735ea16698c7e607762372299c ea92bfcbbffac99ca5371b3fa6bf3cd192923e6434416f742ae3cf093f538db5bab4ee7e2670c03432c8fa08f3a49d0a
CLIENT_RANDOM 768e02cbf3c0ab15b0c35eb04ec8013d1d91f03b3044ec8e1942373809f64ac4 8efeeb01abc295ef66626e6d6148e9958ec0659820f30d46e32346c953fbe0f0f424ca9ff6b4c0f19f6a5e2a39e6770a
CLIENT_HANDSHAKE_TRAFFIC_SECRET 60a749689f161f47a537d5e6cc059cd839a557f8c63a078c7b470a4c4fe4021d f48700ea79df9929ee843fae48259f2fcab83a6013cd225b78fb6846b54a90e0
SERVER_HANDSHAKE_TRAFFIC_SECRET 60a749689f161f47a537d5e6cc059cd839a557f8c63a078c7b470a4c4fe4021d c3a0fe61619164184c88d4b94e4156a49ee57f3fbcb39f345c526e9a7f17f847
CLIENT_TRAFFIC_SECRET_0 60a749689f161f47a537d5e6cc059cd839a557f8c63a078c7b470a4c4fe4021d da856219de974f9c0474b1415d3c6f02d428c236ca6f6448021f53940ae56be6
SERVER_TRAFFIC_SECRET_0 60a749689f161f47a537d5e6cc059cd839a557f8c63a078c7b470a4c4fe4021d bffafbc9c28022d25df34c3a8e0a28b6f08bf613bc1737536656be17c750fbc1
EXPORTER_SECRET 60a749689f161f47a537d5e6cc059cd839a557f8c63a078c7b470a4c4fe4021d 9e61ba6d532d1a99b47826eea2915def3f954912c1b3b6720d80fcff20fb9213
CLIENT_RANDOM 9b1743ba1fea39ae1ff42cd6768392facb0977e31f6e5946e586883edd694b7b 461762f28194fc23f95e316f7416f866940d357f955c367494ea98e0c988c70ae189f3fdaae89ee6e7e7e274e7836972
CLIENT_HANDSHAKE_TRAFFIC_SECRET a78519f67e67f54a8d74e5b37e9e03c95b78097fd461a30666f856b6389bc1d0 620f8ec97dfc7b81031c73f42a5fcbe9ed041863aba789b438858a5a0b5f8688
SERVER_HANDSHAKE_TRAFFIC_SECRET a78519f67e67f54a8d74e5b37e9e03c95b78097fd461a30666f856b6389bc1d0 b3d2e06093a40abc1432f99b44e1f0e4c80c84bc4c45a94421fa30989d824b50
CLIENT_TRAFFIC_SECRET_0 a78519f67e67f54a8d74e5b37e9e03c95b78097fd461a30666f856b6389bc1d0 939673c754c7cf3df088c688e93c60f9e93b23a08d570daa0326e8e415127fbb
SERVER_TRAFFIC_SECRET_0 a78519f67e67f54a8d74e5b37e9e03c95b78097fd461a30666f856b6389bc1d0 a6e64c6b5fc88fc6934864f7d86e604d40998ff8d09a313de2c1bd99839d417b
EXPORTER_SECRET a78519f67e67f54a8d74e5b37e9e03c95b78097fd461a30666f856b6389bc1d0 27c9408f15a7eb9ce81b5ec4284eea87cf5b7216c66b2c2ee610079f3a610ec3
