CLIENT_RANDOM e9eed7afc5c56f03e5fb05e47d23d6a71813639c9145ce69499f488f8d729a5c 35688ed77925d0f84f9b355f58bfb7b28c04d5a8f0468a48a872c97f35b2d0351e4a7d94da900d76ffa3dc297b0c2cef
CLIENT_HANDSHAKE_TRAFFIC_SECRET 45f889a921f11b1dff159fad012b01c7ca669c480ca371d3482cd267463bdbe1 707ba885f27cbedfe19df2c669be689262cb9823b6744bb6d96d3b996a8d433f
SERVER_HANDSHAKE_TRAFFIC_SECRET 45f889a921f11b1dff159fad012b01c7ca669c480ca371d3482cd267463bdbe1 03565bf0558e717d1517af53fe8992beeda3c5b64adfed348b52f2d73688391f
CLIENT_TRAFFIC_SECRET_0 45f889a921f11b1dff159fad012b01c7ca669c480ca371d3482cd267463bdbe1 b3616d24461a8211b240b52d5c1cd3c925e3c6e2729df7f87aa6b79a13443403
SERVER_TRAFFIC_SECRET_0 45f889a921f11b1dff159fad012b01c7ca669c480ca371d3482cd267463bdbe1 97ef3ab47eff3e639876a6ed633af31ec72783ffabc3fbf5999b1721a977ca9b
EXPORTER_SECRET 45f889a921f11b1dff159fad012b01c7ca669c480ca371d3482cd267463bdbe1 3f2465282f32b961afa0e894f7f88d3636b6e04651c06407b9aad588d4c81d27
CLIENT_RANDOM c43004e38f771812678b1d248d20dfb2576655d7a6b629c890a22134bd2c6b42 35688ed77925d0f84f9b355f58bfb7b28c04d5a8f0468a48a872c97f35b2d0351e4a7d94da900d76ffa3dc297b0c2cef
CLIENT_RANDOM faa86d9334845abe893776fe5b6c76091961d71554c9149c769832875017de3c 35688ed77925d0f84f9b355f58bfb7b28c04d5a8f0468a48a872c97f35b2d0351e4a7d94da900d76ffa3dc297b0c2cef
CLIENT_RANDOM a16e92d9f476d688db6aeb1e4b65d77e2f85a8c96629b0763d852d61447a9590 35688ed77925d0f84f9b355f58bfb7b28c04d5a8f0468a48a872c97f35b2d0351e4a7d94da900d76ffa3dc297b0c2cef
CLIENT_RANDOM c577acef2229af171d006538cd95f0f2294d7f5d60860a226ca5c28ed781be64 35688ed77925d0f84f9b355f58bfb7b28c04d5a8f0468a48a872c97f35b2d0351e4a7d94da900d76ffa3dc297b0c2cef
CLIENT_RANDOM fd304583240d45e3718baa62ff58d81e7958f770cd436130613b62de4b61a738 35688ed77925d0f84f9b355f58bfb7b28c04d5a8f0468a48a872c97f35b2d0351e4a7d94da900d76ffa3dc297b0c2cef
CLIENT_HANDSHAKE_TRAFFIC_SECRET ad593502bf001930dee113d0bb985433596f4650031ca702b94a92c1c1362e49 2bce609ffbbbc867ee84fb4e4d3e6900b9a7ceeb3e6992339e2f9ff049f2df7a
SERVER_HANDSHAKE_TRAFFIC_SECRET ad593502bf001930dee113d0bb985433596f4650031ca702b94a92c1c1362e49 2de571776b1c4e7889670c153d96d6ed68c167d64a1630830ad5499ec9cf5dcf
CLIENT_TRAFFIC_SECRET_0 ad593502bf001930dee113d0bb985433596f4650031ca702b94a92c1c1362e49 99a490b9458681dc2a8fac7bbb86687ad9b8fcccf2e8a8ea0a752248eec07c5b
SERVER_TRAFFIC_SECRET_0 ad593502bf001930dee113d0bb985433596f4650031ca702b94a92c1c1362e49 215630137cfd9691553475766719ab214b047ce9113fa0491a44ec8000285ccb
EXPORTER_SECRET ad593502bf001930dee113d0bb985433596f4650031ca702b94a92c1c1362e49 63a8e383e376ab419b63f824080fada2c8a699856051a3d8f75a4aae9134f179
CLIENT_HANDSHAKE_TRAFFIC_SECRET 031fb581cc82978cf9f4e2050e19bfe61c39a52d2514e66d39d9a13dc311e794 ce836365761a8606fc9aa075142c20ace36b18cef8fafe19a6a36b4c05652c99
SERVER_HANDSHAKE_TRAFFIC_SECRET 031fb581cc82978cf9f4e2050e19bfe61c39a52d2514e66d39d9a13dc311e794 b557e2b37c378a5bbc2e1c60c7f175b46cbfcc3d88f11b2b68961fb2e95929bf
CLIENT_RANDOM 032ed785cf1ff81cda308b72832385d39ede0652da4dc26a15671514b0578ff9 2fa42963ef61cb47f8e1f8f858d38f90f6b6c3fac81aa5b6d4e140c4ac6fe30f19d68f37873847bf99652bb0fdbd74d7
CLIENT_RANDOM c435ab1c32eafe9dd1090761d8af7b820744df1164b5cc7f360345c819829d4d 6423602f6b3a097c07055fd3bfadcd64d87495694f4bb7f249eaaa41b1582cf21ca9cc844ecd02d5fc054067d3000d27
CLIENT_RANDOM 6710e75970e63b082efbbbd81fbf8cdb7a3dec4c074f371069e8c1b5e503a708 9011b56c11b3c02da4af54c577f2d08cb03b0eb20d0db120e286708291091581deadd17f5206a020c01fd34569b91101
CLIENT_RANDOM 41a70adde4c3dcd234c5c89f1c3a71f73beea46d61d7809d68d38774663dcfe5 6c0d822679738bcfac59832ba09a0b90d2c9a3a531e03baf4a34ae93d1ab541f3ca2bb732e1ce67418f1c7f7641c41cd
CLIENT_RANDOM 264218a506628992fbe2b087342155db089cdcd946e1d8dbf35fcedf98932b2c 836ac3cfcc019cda503c481b1622f2940d6184ce324594a0a8de19c560df7f344abf1ed0636830f7c30a829454b7ef5d
CLIENT_RANDOM 93721d575bda78eef39e41fc063d21f8dd8da5fd34f54339c0c9a49db309fc17 8816404f2747dbc40cc9ad8244199de07d8df43a2f87cbadb46ecbab8f8f8345800018341577cb142deec5af16ede646
