CLIENT_HANDSHAKE_TRAFFIC_SECRET 4011cd5568457bc2ec8e501a040d1e48e7cb198c3965d0f06cfb9d8c57d671e8 80447e77c2c9cf3237adf75bc793e952b3f47ac13f32db9eed7e5d0d4cd5f848
SERVER_HANDSHAKE_TRAFFIC_SECRET 4011cd5568457bc2ec8e501a040d1e48e7cb198c3965d0f06cfb9d8c57d671e8 830dfac36c9233f0e96ae4e92678df14bcc61a2a6f7244e2bd20918ddbbabc78
CLIENT_TRAFFIC_SECRET_0 4011cd5568457bc2ec8e501a040d1e48e7cb198c3965d0f06cfb9d8c57d671e8 174bd8c021295f4df5c908436baa7f9a3609e3e3128d45735969f030e92e07ab
SERVER_TRAFFIC_SECRET_0 4011cd5568457bc2ec8e501a040d1e48e7cb198c3965d0f06cfb9d8c57d671e8 a1553a4c29025b80e7f1a217c79f08edb98cd2357d3af0f8afb08218d989de30
EXPORTER_SECRET 4011cd5568457bc2ec8e501a040d1e48e7cb198c3965d0f06cfb9d8c57d671e8 66d03b084885e1f55632ef1f14d391b2a18eaccace6c8bed62095a86ca35d1df
CLIENT_HANDSHAKE_TRAFFIC_SECRET 09767fd752598d20a293f55f251795d18d4535e626a9cbf1b88c0b7366815239 320a5e3ebf8a0d43165f6aa2550f5448ab5ca4324d8349cb6ac35819067fce97
SERVER_HANDSHAKE_TRAFFIC_SECRET 09767fd752598d20a293f55f251795d18d4535e626a9cbf1b88c0b7366815239 b0fe2cac9ebf07b4caf5d00bbabae4d0893a4d663ff27e2d64a669b883b21241
CLIENT_HANDSHAKE_TRAFFIC_SECRET 561bf24f960b54765d8e24a055f514f6d2114534cd506fd955eef9fcb8bcf1fc 8d568f56e4d93b248e95f3f1122c471b42188169bd0e9228af2cb46eea022a41
SERVER_HANDSHAKE_TRAFFIC_SECRET 561bf24f960b54765d8e24a055f514f6d2114534cd506fd955eef9fcb8bcf1fc 5af41b626f34aa2670727c226eb1b3aa77d08cc4351c7999f946fabc5a69e522
CLIENT_HANDSHAKE_TRAFFIC_SECRET 0a7ddad8595595ccd50f883248930e4f03e05c2f03bfc46e0bebe79c5412fed4 57778aa23120ae550f12890b662c9bb6d05e2bd3b7a666860fb9e1d144d10482
SERVER_HANDSHAKE_TRAFFIC_SECRET 0a7ddad8595595ccd50f883248930e4f03e05c2f03bfc46e0bebe79c5412fed4 fabaa395d93bfc428556e744e72f3fb833476972113701fe6d32ff8572408edd
CLIENT_TRAFFIC_SECRET_0 09767fd752598d20a293f55f251795d18d4535e626a9cbf1b88c0b7366815239 d427b851adf94012e8194b91b5113a91e092b2e5c56c932e2ec6a3af63ab4180
SERVER_TRAFFIC_SECRET_0 09767fd752598d20a293f55f251795d18d4535e626a9cbf1b88c0b7366815239 5e6a87b85951a3a10abf651db8e17f010b7a6255e10138002926847b9ce9727b
EXPORTER_SECRET 09767fd752598d20a293f55f251795d18d4535e626a9cbf1b88c0b7366815239 0d40eb3856943bb30ec40e65bc98ebc1510a9aedceccc4665507ab58de7d23d3
CLIENT_TRAFFIC_SECRET_0 561bf24f960b54765d8e24a055f514f6d2114534cd506fd955eef9fcb8bcf1fc c6233eb0388b81a3d9cbcab6f62ef7f9555797c0a5ba30f8790d7cb1f20b3f50
SERVER_TRAFFIC_SECRET_0 561bf24f960b54765d8e24a055f514f6d2114534cd506fd955eef9fcb8bcf1fc 0e088955efce0a6a5a933874c93280d690b71c7ad5fb4c3f95e3404db2f13400
EXPORTER_SECRET 561bf24f960b54765d8e24a055f514f6d2114534cd506fd955eef9fcb8bcf1fc dd7ebb8c6d1d1b16526458afc2b8158c233228d22a7bba23226768dc35b599be
CLIENT_TRAFFIC_SECRET_0 0a7ddad8595595ccd50f883248930e4f03e05c2f03bfc46e0bebe79c5412fed4 72abef2c2ed7cdfd75d6127ae8030db515ee0fa2cfd7e3439a1631c4ea1ecc9b
SERVER_TRAFFIC_SECRET_0 0a7ddad8595595ccd50f883248930e4f03e05c2f03bfc46e0bebe79c5412fed4 b132f5519c3182c03166bbf989082bb899e4d645fd89d9c0ae7134f978a3d2a3
EXPORTER_SECRET 0a7ddad8595595ccd50f883248930e4f03e05c2f03bfc46e0bebe79c5412fed4 ec18171dabae8dfa9102bd5174922633c965ce556e68aefb5f4ce970c39b9e9c
CLIENT_HANDSHAKE_TRAFFIC_SECRET f8a1b64b439a240ccd8e5156e9283e7651b06b623426ce37b91bf00c2de7b923 53d7d6854f359820a4f609234121cf4f0137cf2f608444e69dfa18d1286d8ed1
SERVER_HANDSHAKE_TRAFFIC_SECRET f8a1b64b439a240ccd8e5156e9283e7651b06b623426ce37b91bf00c2de7b923 c57b563333e27cb288e6d7ca5c9e43e139e26a944826d1cf06a919c962c39b81
CLIENT_HANDSHAKE_TRAFFIC_SECRET 8e8bbec41529d639a64aea1165a5392614b169c2affddff42460d87411d36825 e29477941214274655a9312f03b086c83dc933adc908d48bda6a38d0e99c4cf4
SERVER_HANDSHAKE_TRAFFIC_SECRET 8e8bbec41529d639a64aea1165a5392614b169c2affddff42460d87411d36825 d8795ef98dd2ac9ae226ee87e9ab65d0bf9e2bd2069901b320579a20e692c43f
CLIENT_TRAFFIC_SECRET_0 f8a1b64b439a240ccd8e5156e9283e7651b06b623426ce37b91bf00c2de7b923 1f48ee29e3897435e86da11b507f2096ffe520ddffe2c3f3b0ea8a3efe12edd5
SERVER_TRAFFIC_SECRET_0 f8a1b64b439a240ccd8e5156e9283e7651b06b623426ce37b91bf00c2de7b923 b343963f13e5d1e5d9d1a73fd0236d82558f825b2cd0e063ea866cefa1a300f6
EXPORTER_SECRET f8a1b64b439a240ccd8e5156e9283e7651b06b623426ce37b91bf00c2de7b923 94e47ce3ef93376e344d8401c3af74574e239d127554c2f4532bf11122331a45
CLIENT_TRAFFIC_SECRET_0 8e8bbec41529d639a64aea1165a5392614b169c2affddff42460d87411d36825 6b5a20072d700093efcb688f4b723ef0593cd2e0c393700d841826ad4f60999e
SERVER_TRAFFIC_SECRET_0 8e8bbec41529d639a64aea1165a5392614b169c2affddff42460d87411d36825 de60a84191129dc93a23646a57a5b0a71e4e9b44eae2091b6e18f7ebde76bdac
EXPORTER_SECRET 8e8bbec41529d639a64aea1165a5392614b169c2affddff42460d87411d36825 76177fd165efa67c3cfcb6031fb7e25249c0b9f85cb3153980b9b575c8ce6166
CLIENT_HANDSHAKE_TRAFFIC_SECRET a194e04842abd6ce519917365c101789fb568e4bf495f878fe324fe881390c70 388bb27bbd89005e638394b882a07641ea83a85fe9a4630b32ec15b0ab0217bf
SERVER_HANDSHAKE_TRAFFIC_SECRET a194e04842abd6ce519917365c101789fb568e4bf495f878fe324fe881390c70 da5e54e91a64a8ccaa249c482329f657b20ae6e71b661d3b216a0f39da13bac5
CLIENT_HANDSHAKE_TRAFFIC_SECRET 076b617e3f2eeaa9afcd07e14c0a8b8164727308d45744d9d75a9d11392bea3c 17a6ed70318ccc8b17e8e5b0e55557942a2e232755109720631761b45f83d090
SERVER_HANDSHAKE_TRAFFIC_SECRET 076b617e3f2eeaa9afcd07e14c0a8b8164727308d45744d9d75a9d11392bea3c cccb393dff38f58aecfe689c4f95b3fecdb58dd1fa9a10c085b68c3ed7ae5b7a
CLIENT_TRAFFIC_SECRET_0 076b617e3f2eeaa9afcd07e14c0a8b8164727308d45744d9d75a9d11392bea3c 5bd40da415c02e65973cb546b941ae6646f3afa2897f8936f57bd3a8b983a996
SERVER_TRAFFIC_SECRET_0 076b617e3f2eeaa9afcd07e14c0a8b8164727308d45744d9d75a9d11392bea3c 07cd103f2d7c2182e3bb43da8cfd6f68e9387c7fb1ef0a57e2d21f31d0a1546b
EXPORTER_SECRET 076b617e3f2eeaa9afcd07e14c0a8b8164727308d45744d9d75a9d11392bea3c 1d34f4439bc7c62a94f65c10b456fc87dc98a6b3908c2bcf140254458948fec7
CLIENT_TRAFFIC_SECRET_0 a194e04842abd6ce519917365c101789fb568e4bf495f878fe324fe881390c70 2619789d991e424b92bf7dbde2ddf6fb47dc70950a76dc328c962ff76b665aca
SERVER_TRAFFIC_SECRET_0 a194e04842abd6ce519917365c101789fb568e4bf495f878fe324fe881390c70 30815615c162d35ab3098d28d96704acfd164b6df6bbf222410671cf8eb1f7e7
EXPORTER_SECRET a194e04842abd6ce519917365c101789fb568e4bf495f878fe324fe881390c70 c40d7d956ba2d185defe65211f9d99fc206f3c6123d3252c97b59385cca7494c
CLIENT_HANDSHAKE_TRAFFIC_SECRET 3ec1969cfab988c5f483819f54f1953404c944a0372746c4091bf97e373dca48 a9f8441bcf7484f63965716e51bd3e20d18155d8a6c77673de9ec9ac510ec607
SERVER_HANDSHAKE_TRAFFIC_SECRET 3ec1969cfab988c5f483819f54f1953404c944a0372746c4091bf97e373dca48 f5941fa0215d1c5ab6112066b96445f2118008b3d5cee30f43313a8b61b5921b
CLIENT_TRAFFIC_SECRET_0 3ec1969cfab988c5f483819f54f1953404c944a0372746c4091bf97e373dca48 9337e4fa8f7e1b60edf043ce9e9a4469aca2a6066198f5889ca5529c55386a4c
SERVER_TRAFFIC_SECRET_0 3ec1969cfab988c5f483819f54f1953404c944a0372746c4091bf97e373dca48 101d958cd30c57445ba9618ddaef84eb7e494d81db557677442ac0c9841d9628
EXPORTER_SECRET 3ec1969cfab988c5f483819f54f1953404c944a0372746c4091bf97e373dca48 047742aaf4bbba4445edc95a1a8e4b2e562036ef1819cb06d204558c38e7c0d0
CLIENT_HANDSHAKE_TRAFFIC_SECRET 76f11677bbb9f2c45689262ce1a2851aab5033ec46dd41081cd262ca442da22c 6cc1c3825a408c098bf6f971e482571e23969398a3f0b52f706b1fb44d70cecd
SERVER_HANDSHAKE_TRAFFIC_SECRET 76f11677bbb9f2c45689262ce1a2851aab5033ec46dd41081cd262ca442da22c 542b50645c9da1357f5bb131d8579270787d0c9a18e18b53ac6f677a9d3aa5ca
CLIENT_TRAFFIC_SECRET_0 76f11677bbb9f2c45689262ce1a2851aab5033ec46dd41081cd262ca442da22c a0fe742233d955e3ff64191789afba9e3980f8abbb10ad8058236b965331471b
SERVER_TRAFFIC_SECRET_0 76f11677bbb9f2c45689262ce1a2851aab5033ec46dd41081cd262ca442da22c b6d9f05ff67f1c0102b8f4bfbf2059a79156370be8974200c9dd8e618b8682ca
EXPORTER_SECRET 76f11677bbb9f2c45689262ce1a2851aab5033ec46dd41081cd262ca442da22c 021716e8b164361e93c3e0248c109f26d5d072d5b120edb8d2cf5d6bd5d1da12
CLIENT_HANDSHAKE_TRAFFIC_SECRET 48b7fdbf93d6367ca407a8fe0a793ceb63926a89f51854e6e0bc40a578118638 02c9ed3f605e184d5ad2041f4b3432d00c0c2d96d48881361070cc8161cc8ab7
SERVER_HANDSHAKE_TRAFFIC_SECRET 48b7fdbf93d6367ca407a8fe0a793ceb63926a89f51854e6e0bc40a578118638 cde15bd589c400c241c0f47024127e8122acd12757ea9ccde1d0f8eb8bd744d1
CLIENT_TRAFFIC_SECRET_0 48b7fdbf93d6367ca407a8fe0a793ceb63926a89f51854e6e0bc40a578118638 5d4e096c47eb715920bbe7277d7750178ddc0d14c9acc9d30bc8d123cda41a19
SERVER_TRAFFIC_SECRET_0 48b7fdbf93d6367ca407a8fe0a793ceb63926a89f51854e6e0bc40a578118638 9c28953c8b9db064622301ace9b2f7b51a8ef95f4c91b53f0a535db81eab3e04
EXPORTER_SECRET 48b7fdbf93d6367ca407a8fe0a793ceb63926a89f51854e6e0bc40a578118638 b838a126e909d4ab957f1a6a72c27e4b71d5976d3527da3ff1fb41bd478d6070
CLIENT_HANDSHAKE_TRAFFIC_SECRET 2042594e0da10a4bb34301ddd64f5600945956492f163c66415e7a4dbeb651d5 53d3898e3a9521e8efc5ab73382a36b852f0a726a3bcc77e7b442947f0c57c30
SERVER_HANDSHAKE_TRAFFIC_SECRET 2042594e0da10a4bb34301ddd64f5600945956492f163c66415e7a4dbeb651d5 ef62f1ae738c50db71c3a7a0fa7ad7d7e1c4afbad1fc389d9b625c73d9a0f495
CLIENT_HANDSHAKE_TRAFFIC_SECRET 990aa55237e42c8efba88e9cbf408576f6962691897c19f6fc2870cdcb0a3aa9 d1416c20db95cc77a552b505c32c4c10ae9a9430ba033a4cb7652b734c93440e
SERVER_HANDSHAKE_TRAFFIC_SECRET 990aa55237e42c8efba88e9cbf408576f6962691897c19f6fc2870cdcb0a3aa9 0b7dc661292d992e31cc4146257941e7d5e4b45936b40f61b708e8fc81073de0
CLIENT_TRAFFIC_SECRET_0 2042594e0da10a4bb34301ddd64f5600945956492f163c66415e7a4dbeb651d5 0370a076bd1f5fb56bf0ca067d06fd162078403e851ca7efce37c86519e4b5d9
SERVER_TRAFFIC_SECRET_0 2042594e0da10a4bb34301ddd64f5600945956492f163c66415e7a4dbeb651d5 4fe7cd9eb9ed1b4efaa885716bb2ef6d5b9caebb8e58c8f2a28330a32d0421b4
EXPORTER_SECRET 2042594e0da10a4bb34301ddd64f5600945956492f163c66415e7a4dbeb651d5 2ef27cc9d112743c8e5fd63259e92e5c096810fe6d9fc7b4dd72d55286525415
CLIENT_TRAFFIC_SECRET_0 990aa55237e42c8efba88e9cbf408576f6962691897c19f6fc2870cdcb0a3aa9 446cccdc712876852700100e401aaae4216eba263ebff0c4f2767c4e14e9229c
SERVER_TRAFFIC_SECRET_0 990aa55237e42c8efba88e9cbf408576f6962691897c19f6fc2870cdcb0a3aa9 2c352e53293b5b4a9458af652abfa14e2f800bc5c41363c7f1b853bdf480c82d
EXPORTER_SECRET 990aa55237e42c8efba88e9cbf408576f6962691897c19f6fc2870cdcb0a3aa9 58e7262cfa5212610b399777e3612e2e9fb3e30a53fae5d8b2652eff2a228e56
CLIENT_HANDSHAKE_TRAFFIC_SECRET 59ff96371d23f82aee0f26ec239bdb74344452104e5bd957514b230d8203fb13 158786d479bc37884006328c39de831b10b965b7e4b6ebe8bab9df680be811bd
SERVER_HANDSHAKE_TRAFFIC_SECRET 59ff96371d23f82aee0f26ec239bdb74344452104e5bd957514b230d8203fb13 cc7f67aacbd7d840150226fef80e7de0dbc057f683b9120600f20edf7a9651f0
CLIENT_TRAFFIC_SECRET_0 59ff96371d23f82aee0f26ec239bdb74344452104e5bd957514b230d8203fb13 5784f71785c4f22e3ae51be7d142268c82782fea174132f24c5f09ba5a11db78
SERVER_TRAFFIC_SECRET_0 59ff96371d23f82aee0f26ec239bdb74344452104e5bd957514b230d8203fb13 72f243462adc62fcf92c653c1ef456fb21e03981c09a8101a9b5b793c7b02514
EXPORTER_SECRET 59ff96371d23f82aee0f26ec239bdb74344452104e5bd957514b230d8203fb13 02a17bf213d2a3659aad80ff94611a7bed5f2ad67c831938879e3f52996fcc2a
CLIENT_HANDSHAKE_TRAFFIC_SECRET 82da803f59ee18fa3670abe976e4f3466a7a0d8a85560c7f6f61bffd295c0daf be285e353fed0a02d0d8e310efcaf56f6898b41dc4c5e2afe15bbdf33e9576d7
SERVER_HANDSHAKE_TRAFFIC_SECRET 82da803f59ee18fa3670abe976e4f3466a7a0d8a85560c7f6f61bffd295c0daf 2bbfeca10f29f0fec1a7e1035e8575aa963aeae263f955299cc40ed3ff698e22
CLIENT_HANDSHAKE_TRAFFIC_SECRET 24b34c88d0e3f520450cf74b26ed41730f4385b4b7eb98f74d1f8d13b7e51237 f5e0878eaf9b90b4992d30160c419bd02684405661b42b6cc7141685dde46d1f
SERVER_HANDSHAKE_TRAFFIC_SECRET 24b34c88d0e3f520450cf74b26ed41730f4385b4b7eb98f74d1f8d13b7e51237 fa7b328e9723a6cbe5f11fc7b0898b90020e8f1ce1285bd45aab74d87a79ad4a
CLIENT_TRAFFIC_SECRET_0 82da803f59ee18fa3670abe976e4f3466a7a0d8a85560c7f6f61bffd295c0daf c08c8acfdf78541402d36e9bdda0bd19763d464cbd29de90a3d708ab4f73f55a
SERVER_TRAFFIC_SECRET_0 82da803f59ee18fa3670abe976e4f3466a7a0d8a85560c7f6f61bffd295c0daf 3058f7ddc36d40fc98371bcf0c3a1a4b2f1c6c54e15d80e51c40f09db77a8fc7
EXPORTER_SECRET 82da803f59ee18fa3670abe976e4f3466a7a0d8a85560c7f6f61bffd295c0daf c394516102cc89636ffed08aa4c62275293d952d1942098c309a0535526fa822
CLIENT_TRAFFIC_SECRET_0 24b34c88d0e3f520450cf74b26ed41730f4385b4b7eb98f74d1f8d13b7e51237 a0dfd00fee3c3b1d5e73bd2b51c8e4c90ae120a03cd19571ff4fa5fff99a7c88
SERVER_TRAFFIC_SECRET_0 24b34c88d0e3f520450cf74b26ed41730f4385b4b7eb98f74d1f8d13b7e51237 e6ec3b9d7e0d6dea189910d53c64a6b924f40ae806acc0b6c93824da6fccc5a2
EXPORTER_SECRET 24b34c88d0e3f520450cf74b26ed41730f4385b4b7eb98f74d1f8d13b7e51237 81451e420c33f5614c9052fa14610d40c4d6568386ac0f8df532962ddc98615e
CLIENT_HANDSHAKE_TRAFFIC_SECRET 4232e15afc565d014e2f82c6b5df116df4d3ec5e7d744af1ac3d52d3d798cebd acb1266b2bd600ace8b97e6c7bc802e87ebb4fd8f8f2371059f3cbd9b814b3ea
SERVER_HANDSHAKE_TRAFFIC_SECRET 4232e15afc565d014e2f82c6b5df116df4d3ec5e7d744af1ac3d52d3d798cebd c3df61dcf487b8ca22d2cc505d057d2d326d4c309613f238dbcfa32d8c8f69a1
CLIENT_TRAFFIC_SECRET_0 4232e15afc565d014e2f82c6b5df116df4d3ec5e7d744af1ac3d52d3d798cebd da51de2dece6f8db93aeedce5a83d1053a9bb926fc11e59814a13f3f5cf4d57c
SERVER_TRAFFIC_SECRET_0 4232e15afc565d014e2f82c6b5df116df4d3ec5e7d744af1ac3d52d3d798cebd 052befdc924f9fd81b954717a414059a0e0c7e2460a9a25793ad9dcfcaa7ed96
EXPORTER_SECRET 4232e15afc565d014e2f82c6b5df116df4d3ec5e7d744af1ac3d52d3d798cebd 02a913dea02f07143e3392355289d9b88e4bda5a4e86de5ed622dc36e4fc70c3
CLIENT_HANDSHAKE_TRAFFIC_SECRET eb85c8bc41fa6e28a7496f50ed8e25bbe970aa070d455e2421fd035e0c99072c aadbb80ad1284df0c21fbac8656aa5a9d19089a139953350ff31290355607d54
SERVER_HANDSHAKE_TRAFFIC_SECRET eb85c8bc41fa6e28a7496f50ed8e25bbe970aa070d455e2421fd035e0c99072c ce3517a85c88ac5687af564db888c0876e56e9b296bbcf95b85f916b81a7c9fb
CLIENT_TRAFFIC_SECRET_0 eb85c8bc41fa6e28a7496f50ed8e25bbe970aa070d455e2421fd035e0c99072c b46abc4cc3a7ff4aa8cc5020ce6681caa45b65c4a1d42d05265adeb005324cc5
SERVER_TRAFFIC_SECRET_0 eb85c8bc41fa6e28a7496f50ed8e25bbe970aa070d455e2421fd035e0c99072c e339aa04e5e22c772f7f0b1794f82dfbeb82c3307909330ca95a791f74d87906
EXPORTER_SECRET eb85c8bc41fa6e28a7496f50ed8e25bbe970aa070d455e2421fd035e0c99072c ba2ec8f9f4a939b7a9f07144b440fadec51fa8046c3621242d6143b118f45e80
CLIENT_HANDSHAKE_TRAFFIC_SECRET b28683c574c47d7e83e9aad5f3e3d88af0d113d1249148f03c5bdda1eb48c7ad d36cf36f06d0def50f162d1c4adb800de893cf8aff23cebd393198d715dacf59
SERVER_HANDSHAKE_TRAFFIC_SECRET b28683c574c47d7e83e9aad5f3e3d88af0d113d1249148f03c5bdda1eb48c7ad a797e3b046ec656a353792d95bad344496ea18d7624531191631b678cc2788d4
CLIENT_TRAFFIC_SECRET_0 b28683c574c47d7e83e9aad5f3e3d88af0d113d1249148f03c5bdda1eb48c7ad 95787b2a2b362a7258c0cc956dcf2b29b03baa1bbff18657480f787a8b0bb0c5
SERVER_TRAFFIC_SECRET_0 b28683c574c47d7e83e9aad5f3e3d88af0d113d1249148f03c5bdda1eb48c7ad 15d03af7ddb81b9ba17148acdd92b97fc3c57d0da67cd89213266e6eaefdaeee
EXPORTER_SECRET b28683c574c47d7e83e9aad5f3e3d88af0d113d1249148f03c5bdda1eb48c7ad 8fc802c9a6185a73c5a966e553a2505ec8b3d7aff08d6307e49471af1919a881
CLIENT_HANDSHAKE_TRAFFIC_SECRET 87182aedb78e879a4073a7b57acdc2525dadab8e6ebaefad17fd334492725cef 426034f543503ea438f08d55c3a2fb97920a0924e7bc697096d5ce85513774af
SERVER_HANDSHAKE_TRAFFIC_SECRET 87182aedb78e879a4073a7b57acdc2525dadab8e6ebaefad17fd334492725cef f939ae14cc6d5d0f9646eec29bbd3433f17fb53e1ee2f39c3e36faa0efef82a3
CLIENT_TRAFFIC_SECRET_0 87182aedb78e879a4073a7b57acdc2525dadab8e6ebaefad17fd334492725cef 023f3e298665a0f842e3c0e72271f74a9597175fa4e645ae290ae513ff278189
SERVER_TRAFFIC_SECRET_0 87182aedb78e879a4073a7b57acdc2525dadab8e6ebaefad17fd334492725cef ff2d81cf75a8b296703caccc6ba5715de9d23ffc0cbd7f5cb1a4232ca173ff6c
EXPORTER_SECRET 87182aedb78e879a4073a7b57acdc2525dadab8e6ebaefad17fd334492725cef 3d4a4aa231ad76084f28bd21c15e285fa57a14b2ef83d9d023ca9cc690526526
CLIENT_HANDSHAKE_TRAFFIC_SECRET 2b16b36f9f6ff489d8c13a311e8767b48f4ce673133042d2b2caf80874cc85d6 7cc7d823797bcfd0f02504ff895d3e67ff94523eeef3f1e9d029eaaea940ab3d
SERVER_HANDSHAKE_TRAFFIC_SECRET 2b16b36f9f6ff489d8c13a311e8767b48f4ce673133042d2b2caf80874cc85d6 f8670ddaecad4a0d61022ea50718dd92cbd7542c4bbd08e7184d3832d0b4ab23
CLIENT_TRAFFIC_SECRET_0 2b16b36f9f6ff489d8c13a311e8767b48f4ce673133042d2b2caf80874cc85d6 9486fc0bb1666af69a51b49dec82a7f4b460a2dd8da8ab1c4c10dab29cccf259
SERVER_TRAFFIC_SECRET_0 2b16b36f9f6ff489d8c13a311e8767b48f4ce673133042d2b2caf80874cc85d6 88828a507939f9f9c3b2a1de9267b0661780409ab6f4a25e45821817ef312deb
EXPORTER_SECRET 2b16b36f9f6ff489d8c13a311e8767b48f4ce673133042d2b2caf80874cc85d6 19c02d44fd840166240f00e9044ae6f4291791f8795ea3a233707a15751d3826
CLIENT_HANDSHAKE_TRAFFIC_SECRET 4961baa9b905fe12ff216f889a177ca37959f288f4db552d415c6cc9d2a2ee06 1ea35faed282bfa6ac9678b31583346cf6c29ad5849e059c527eabdf25f14b7c
SERVER_HANDSHAKE_TRAFFIC_SECRET 4961baa9b905fe12ff216f889a177ca37959f288f4db552d415c6cc9d2a2ee06 5fb018a2d1998a6948e3d3bef5cdfbc957dad59adaeac36197f683350e70af92
CLIENT_TRAFFIC_SECRET_0 4961baa9b905fe12ff216f889a177ca37959f288f4db552d415c6cc9d2a2ee06 8e643c6bda22c8e562689f7ef0fdd8325569d84b557e4621b4105dfb13d7d2d8
SERVER_TRAFFIC_SECRET_0 4961baa9b905fe12ff216f889a177ca37959f288f4db552d415c6cc9d2a2ee06 54f330750d902463883437c4b808091ac9d7bf2ea336b2a379b3f9f75a1ec9de
EXPORTER_SECRET 4961baa9b905fe12ff216f889a177ca37959f288f4db552d415c6cc9d2a2ee06 029040aad1f849b1abbd0f668caf7f17385f3c2b45a8981cfafcbf40af3af96b
CLIENT_HANDSHAKE_TRAFFIC_SECRET 2eff8b985a7fdbe422800445e8c596ac4dd69db6922c04dd89faf186123d1753 64d6bd92cc376479fd391002456763948f459f6a459ae20beac35fe321d8f581
SERVER_HANDSHAKE_TRAFFIC_SECRET 2eff8b985a7fdbe422800445e8c596ac4dd69db6922c04dd89faf186123d1753 e982c6d053cd78d788cf88ac18a25770d09ade5656275f217a38e44b664afb83
CLIENT_TRAFFIC_SECRET_0 2eff8b985a7fdbe422800445e8c596ac4dd69db6922c04dd89faf186123d1753 fdb541f4bed8863270c917124641ecd0caeda5ce7e7281962b740c9ac1696041
SERVER_TRAFFIC_SECRET_0 2eff8b985a7fdbe422800445e8c596ac4dd69db6922c04dd89faf186123d1753 2853750db18a15366c23a4366979639a38935d0df37b9ee01f4213837295bfc6
EXPORTER_SECRET 2eff8b985a7fdbe422800445e8c596ac4dd69db6922c04dd89faf186123d1753 e93e5da87728046e776b6e7878b7a07e6bf38244e999c27fd46461f33c0345d4
CLIENT_HANDSHAKE_TRAFFIC_SECRET 03abd00d6ad37c9034540aa47a9fb9efecedbdfd279ed1a53b4ba894539af165 c71c1c5caa30e102fbde94ddef2de2b61467a081b4b9340f783cbd4ca7a62adb
SERVER_HANDSHAKE_TRAFFIC_SECRET 03abd00d6ad37c9034540aa47a9fb9efecedbdfd279ed1a53b4ba894539af165 3263cb92d70cf718514bd48541a3085664922e12b3de268bb346262cf15379c4
CLIENT_TRAFFIC_SECRET_0 03abd00d6ad37c9034540aa47a9fb9efecedbdfd279ed1a53b4ba894539af165 b2afb554f6f1bfeafc1bc17fce5f7a9566e9ce5c5b77dc8810578a67c08d22cf
SERVER_TRAFFIC_SECRET_0 03abd00d6ad37c9034540aa47a9fb9efecedbdfd279ed1a53b4ba894539af165 ce55edd22bba79cab1e08509321874555d73202c91e07c553231c01e42b878be
EXPORTER_SECRET 03abd00d6ad37c9034540aa47a9fb9efecedbdfd279ed1a53b4ba894539af165 db6a9598e601cedb48de479a46ea1972259edda9c2f494ea2750fcb8b7269fe8
CLIENT_HANDSHAKE_TRAFFIC_SECRET 0feb223a7d8bea183ba70cb322d057f8a7332b309124674a9ea663ac6eb104c3 3429a6ce4780be7b69779b06ecd0dda9e25a856aac68e883e265ac519c6c0ad9
SERVER_HANDSHAKE_TRAFFIC_SECRET 0feb223a7d8bea183ba70cb322d057f8a7332b309124674a9ea663ac6eb104c3 941f07821037a76b957fa85436de8126375c17db7a0246ed592e776dba631c9c
CLIENT_HANDSHAKE_TRAFFIC_SECRET 71bef8d9a9dfa6a92b53534f8b4bf48f6c0672693ef6a22d89557a98c727b478 a4fc84708cb5d6d5cf67b93124ba8f0946f3d87be864da72f0ea867c3ed50f41
SERVER_HANDSHAKE_TRAFFIC_SECRET 71bef8d9a9dfa6a92b53534f8b4bf48f6c0672693ef6a22d89557a98c727b478 81f6f8c8d0786e53efc52163adac5b8ad6ddbf6ca8da5be2a726744709df488c
CLIENT_HANDSHAKE_TRAFFIC_SECRET be74fb96f94d42950bb38847db9169fc155ed850d012e507965bda35d2d9ceef 77f88e13e3bc6e7330d95cf66fdeaa0f47dafd6b2aeda8700be41e126e99f144
SERVER_HANDSHAKE_TRAFFIC_SECRET be74fb96f94d42950bb38847db9169fc155ed850d012e507965bda35d2d9ceef 57630a931d3acf5ebbc9bf7b36b648abea33ccc0ca1e4c6bcb660f6d7e927206
CLIENT_HANDSHAKE_TRAFFIC_SECRET a6c893dc9a46685c5aee00afa031117b225944a54570ca8a2f3198676f8a511d cfee346324df3ec87cc933cdd5213b8304239790a15186e64239feba671afa27
SERVER_HANDSHAKE_TRAFFIC_SECRET a6c893dc9a46685c5aee00afa031117b225944a54570ca8a2f3198676f8a511d 8f62765d40c38dbb306efec8f1b2a68a91075f82a877305df4b1e1a90b02aa82
CLIENT_TRAFFIC_SECRET_0 be74fb96f94d42950bb38847db9169fc155ed850d012e507965bda35d2d9ceef 9cba3055ae39b15bdcb34c7459f99a979ca6d41d49edbd1b7fa7615e5b37e39f
SERVER_TRAFFIC_SECRET_0 be74fb96f94d42950bb38847db9169fc155ed850d012e507965bda35d2d9ceef 9c585dd5ec2333cdb7742c00402bcbb97743ac9e3490d2276766836dcde93374
EXPORTER_SECRET be74fb96f94d42950bb38847db9169fc155ed850d012e507965bda35d2d9ceef 5f0a60259d9f9d32bf02de1e3b366c837b66ea96f1ac9bdbab9511541081fedf
CLIENT_HANDSHAKE_TRAFFIC_SECRET d8fee80d5d183da359a61287400e2b79c1c15a0858005bd1001611b7ebefb895 7f560b2c3d589427391507a025dccc7b7803f40d8b8355ac4d6664ff40a5f6b5
SERVER_HANDSHAKE_TRAFFIC_SECRET d8fee80d5d183da359a61287400e2b79c1c15a0858005bd1001611b7ebefb895 346526f8a79443847a6640ed846b286ae82b27c96dd5ec461538b8d81923dd0a
CLIENT_TRAFFIC_SECRET_0 0feb223a7d8bea183ba70cb322d057f8a7332b309124674a9ea663ac6eb104c3 2f30155047dc90d59c98070c1c40f53bbbd70369e36099fa63dce960afc9ab38
SERVER_TRAFFIC_SECRET_0 0feb223a7d8bea183ba70cb322d057f8a7332b309124674a9ea663ac6eb104c3 9b8da05732b7ca647d1e1a1368f15b33cdfdbab6636b95bb3fe101873ded1e80
EXPORTER_SECRET 0feb223a7d8bea183ba70cb322d057f8a7332b309124674a9ea663ac6eb104c3 ba0866c7ba8a7ee06dd60e4fa84500930ffa3b8549719a62628ab9d2709e1c1a
CLIENT_TRAFFIC_SECRET_0 a6c893dc9a46685c5aee00afa031117b225944a54570ca8a2f3198676f8a511d 012bca7af201d28748ec1e44e93d6c0dddce8452633dd2e652765f24866d1476
SERVER_TRAFFIC_SECRET_0 a6c893dc9a46685c5aee00afa031117b225944a54570ca8a2f3198676f8a511d e6616372c212942dea3df4d712dfbb86130c49b4a290b6f076033bba9bbf3b4f
EXPORTER_SECRET a6c893dc9a46685c5aee00afa031117b225944a54570ca8a2f3198676f8a511d 448cadf370bd537d6acb5d74b41fb3908d38818383a85384d3022b8e208408a5
CLIENT_TRAFFIC_SECRET_0 71bef8d9a9dfa6a92b53534f8b4bf48f6c0672693ef6a22d89557a98c727b478 b8ad197acc4067dc06da0bcee1328142a27e41b3dcc7ad298d6432ba8e08c3ca
SERVER_TRAFFIC_SECRET_0 71bef8d9a9dfa6a92b53534f8b4bf48f6c0672693ef6a22d89557a98c727b478 9eefeae7acdaad1a691baa8b8b0062ab8e450a3164d9c553cd57e898177a69e9
EXPORTER_SECRET 71bef8d9a9dfa6a92b53534f8b4bf48f6c0672693ef6a22d89557a98c727b478 3f44e93721839cee876a0286ca92bd60e41a5fbcb1f5323fb51543403f4bd1fa
CLIENT_TRAFFIC_SECRET_0 d8fee80d5d183da359a61287400e2b79c1c15a0858005bd1001611b7ebefb895 b25987d0d98ae84fd33242746ffb2f31d6266d6ba878b0f78bba5446db435b18
SERVER_TRAFFIC_SECRET_0 d8fee80d5d183da359a61287400e2b79c1c15a0858005bd1001611b7ebefb895 3fb1fd40dec063408e99396fa58d982e420c60da253b47bbe772d24ca97b511f
EXPORTER_SECRET d8fee80d5d183da359a61287400e2b79c1c15a0858005bd1001611b7ebefb895 de533bcf6eb954629e3cd38938407ad4bfc995c56535a48e8d2be1231e6fe884
