CLIENT_HANDSHAKE_TRAFFIC_SECRET e7ebdcabf5db08d04353cd42152894a089dc6c80e4d3ac70ae0ceb27d87a07c5 a73e9934ce39e7c08045e56748b4d095fb5ab68ca58ad56a4f0c2f78b8535b4b
SERVER_HANDSHAKE_TRAFFIC_SECRET e7ebdcabf5db08d04353cd42152894a089dc6c80e4d3ac70ae0ceb27d87a07c5 b26a176af7f0a088a681f01fec5ff7cb01de846600ad063cd5b85a955f56ae0b
CLIENT_TRAFFIC_SECRET_0 e7ebdcabf5db08d04353cd42152894a089dc6c80e4d3ac70ae0ceb27d87a07c5 108a8f8f6ddddc6040f2adf20c2cace1ceeb849040b6f11fe0aa66e96e7c29bd
SERVER_TRAFFIC_SECRET_0 e7ebdcabf5db08d04353cd42152894a089dc6c80e4d3ac70ae0ceb27d87a07c5 2e50af409d9230665aaec79c418b83658f32ba13e3c7b4dbb050ce5494f8c9ce
EXPORTER_SECRET e7ebdcabf5db08d04353cd42152894a089dc6c80e4d3ac70ae0ceb27d87a07c5 27aa5f7de73dbe44f1b7364ff15165e5fdfca985a6797e3b3ef3b573cec5a9e9
CLIENT_HANDSHAKE_TRAFFIC_SECRET e62df5fcbdc1b9017757aee51bf56d69d6c9e7aabb1fcd30ba0539bfdf930ace 05c47e8202c860603ef84ed69a72b6159d22fdd64c84748090881fedbe96f8aa59867b542a35814e28d84fabeaee1162
SERVER_HANDSHAKE_TRAFFIC_SECRET e62df5fcbdc1b9017757aee51bf56d69d6c9e7aabb1fcd30ba0539bfdf930ace 178d4004c0981279f90980dffd930298353ddaa7e17fab41b3be87c75bfe2944e5a242d09a72b1d35f68e2e251d15167
CLIENT_TRAFFIC_SECRET_0 e62df5fcbdc1b9017757aee51bf56d69d6c9e7aabb1fcd30ba0539bfdf930ace 4c2ba959657031fd600145a26c8f9885b657f96be50139bc1a3be94146df663b93dc3bfd428ed3f0970c85e642b3b4b8
SERVER_TRAFFIC_SECRET_0 e62df5fcbdc1b9017757aee51bf56d69d6c9e7aabb1fcd30ba0539bfdf930ace 03ef27c9903766f54bd5513206c660b9344f78fc4b0f663b63703c227588135bafcce3fd62d75bd795f248297e40be18
EXPORTER_SECRET e62df5fcbdc1b9017757aee51bf56d69d6c9e7aabb1fcd30ba0539bfdf930ace c6d0e928a19a6360418632899e6a92edbf0f69856c4abb7d2b88f46db55e964e8243190e4e211160765dc3b21a219c03
CLIENT_HANDSHAKE_TRAFFIC_SECRET ea6d49fe6a0099265ee1a9ae8242f1253a2a86b05902c048a46755192d3f20b7 d62cdc6138d97aae8cdc37c82305f32ae9dd160905671c8d9930e64f8e1d3a39
SERVER_HANDSHAKE_TRAFFIC_SECRET ea6d49fe6a0099265ee1a9ae8242f1253a2a86b05902c048a46755192d3f20b7 0be108bf89170d5c9a8c0054bf4c3bbef2fa39f488e2dd79adb354e5787a865c
CLIENT_TRAFFIC_SECRET_0 ea6d49fe6a0099265ee1a9ae8242f1253a2a86b05902c048a46755192d3f20b7 1b02bc04a4fc46377c4a51871988b9b60acbfb6a01a23ba152f5d81a2278f76d
SERVER_TRAFFIC_SECRET_0 ea6d49fe6a0099265ee1a9ae8242f1253a2a86b05902c048a46755192d3f20b7 db12df682973269e38759f26e1ba9a5b0923fedc95017866f244703bb1b53513
EXPORTER_SECRET ea6d49fe6a0099265ee1a9ae8242f1253a2a86b05902c048a46755192d3f20b7 2c0a6d80e159c29fe89f2a0699f8fb7cd9c7428503618ff24bc1a2c320e2793e
CLIENT_HANDSHAKE_TRAFFIC_SECRET f4627f0199506ac4a39a8d81ac32c82a6f23600af745200961c3332c76583746 c187f9e8cbb76599f64a71bf8f972fb238d61c667d3278c61bdd639370f7613a
SERVER_HANDSHAKE_TRAFFIC_SECRET f4627f0199506ac4a39a8d81ac32c82a6f23600af745200961c3332c76583746 6550235ff304724be5ad7fb14086d76c1e77c4e9ccd693670060d9f35b9a1fc7
CLIENT_TRAFFIC_SECRET_0 f4627f0199506ac4a39a8d81ac32c82a6f23600af745200961c3332c76583746 56216c5d3b32fa40412f173df792a4f299b0e256ee86787ce31e5fd36bb18513
SERVER_TRAFFIC_SECRET_0 f4627f0199506ac4a39a8d81ac32c82a6f23600af745200961c3332c76583746 6e2b06f7accaf99054c827fbe42c8553d4d18f8898792d4ac1730615f149f7f9
EXPORTER_SECRET f4627f0199506ac4a39a8d81ac32c82a6f23600af745200961c3332c76583746 55afa706ec180db81eaafab6c95b7a399bb3500c321e31c5f0a77def2ae87640
CLIENT_HANDSHAKE_TRAFFIC_SECRET cc2a3bf5cef9c3a28eb4d5cb7d92ff42b23f40cc27009126d2320b181fb4b300 3e1379a12f981d5462cb2d319a37ceaa5f92df1df5e8dfb655cfe20117b19fda
SERVER_HANDSHAKE_TRAFFIC_SECRET cc2a3bf5cef9c3a28eb4d5cb7d92ff42b23f40cc27009126d2320b181fb4b300 707d5ff7761fb925f92e5bc16b25f73ac1c55067ffc0093ee74ccd1716fff572
CLIENT_TRAFFIC_SECRET_0 cc2a3bf5cef9c3a28eb4d5cb7d92ff42b23f40cc27009126d2320b181fb4b300 6b19bb941da6e59d46e2ab1890f7e8b7c05bcfa01d94a39e8b30b0f89a7e14ee
SERVER_TRAFFIC_SECRET_0 cc2a3bf5cef9c3a28eb4d5cb7d92ff42b23f40cc27009126d2320b181fb4b300 cca773f69d8064e3c2b952477b54a9ff427a5026ff8d9ac3ca439ff4099908f6
EXPORTER_SECRET cc2a3bf5cef9c3a28eb4d5cb7d92ff42b23f40cc27009126d2320b181fb4b300 67ac5467ddb923da6f4217f91f3a51d62284ff2ab3f7c2dc83fe84f8c1406825
CLIENT_HANDSHAKE_TRAFFIC_SECRET 05c943c5d19ceb5490db97513e5cd6c649108c4b9bfaf494b948cf4c28f19312 c83f615d8e588e6a3840b22d3e5869d9bccc98ac659524e97d002425ef8e9822
SERVER_HANDSHAKE_TRAFFIC_SECRET 05c943c5d19ceb5490db97513e5cd6c649108c4b9bfaf494b948cf4c28f19312 60a90cb4da9ad070549fcaed9c14d93ffde9a5811354c6bd6827224d6f96264e
CLIENT_TRAFFIC_SECRET_0 05c943c5d19ceb5490db97513e5cd6c649108c4b9bfaf494b948cf4c28f19312 befe80321bec82a230ed288819b9b897e51009e810c72e8539f05bf7e9b15e7e
SERVER_TRAFFIC_SECRET_0 05c943c5d19ceb5490db97513e5cd6c649108c4b9bfaf494b948cf4c28f19312 f412e12917c1d161761efb3ce27b131fba7b4ccd8d1a7587782fe49dc6bc0d86
EXPORTER_SECRET 05c943c5d19ceb5490db97513e5cd6c649108c4b9bfaf494b948cf4c28f19312 2cd3705008d99f87e6580da85e1891f6d287809724d4506f30f62781e7d0b493
CLIENT_HANDSHAKE_TRAFFIC_SECRET 769078ffe1cfb288e43aee65da99bd752746fb04ac1ecc12bbde7d292d112d46 a1bbac428d3cbe96b123267621bf69a2fbdcd6439a68ea6de73aea324fcf8de4
SERVER_HANDSHAKE_TRAFFIC_SECRET 769078ffe1cfb288e43aee65da99bd752746fb04ac1ecc12bbde7d292d112d46 3f49dd1a0970118b314e86b5aea11d0c481b9cc230c630d1e20b3b22342f64f3
CLIENT_TRAFFIC_SECRET_0 769078ffe1cfb288e43aee65da99bd752746fb04ac1ecc12bbde7d292d112d46 5dd778fefc3ec82a00e9fa49c68167e681769aa3c3a19f2a1cf1ffdf1542f2a5
SERVER_TRAFFIC_SECRET_0 769078ffe1cfb288e43aee65da99bd752746fb04ac1ecc12bbde7d292d112d46 ae298ddbdf51c652ce86b65ff56f1d9210bee73c5be9447833ebc160b33c9de8
EXPORTER_SECRET 769078ffe1cfb288e43aee65da99bd752746fb04ac1ecc12bbde7d292d112d46 880f3436af521d370cb08f787f746e57192e9c9ddc33e5beb0dc3cbfd25baa62
CLIENT_HANDSHAKE_TRAFFIC_SECRET 472c7ebd2a7ad16246b2481bb91c7a8bcb28261183ca5da5443dacc14284d687 8c1f41a3f34c181ccbede848645bfc64338dd9481231456385ddfbf729cd20eb
SERVER_HANDSHAKE_TRAFFIC_SECRET 472c7ebd2a7ad16246b2481bb91c7a8bcb28261183ca5da5443dacc14284d687 6130b6d488ad4d920c4af4be9548db16b202a74f7fd61d85387aca7e8d0b1bed
CLIENT_TRAFFIC_SECRET_0 472c7ebd2a7ad16246b2481bb91c7a8bcb28261183ca5da5443dacc14284d687 682b962b4fa2d2a9d7c149bc3ba856183a0ef2a0b2c53716189a3b5470cfdb57
SERVER_TRAFFIC_SECRET_0 472c7ebd2a7ad16246b2481bb91c7a8bcb28261183ca5da5443dacc14284d687 d3a143d6a15588bc17693ac90403116cecf54a29c6174cb449134e06eabad25e
EXPORTER_SECRET 472c7ebd2a7ad16246b2481bb91c7a8bcb28261183ca5da5443dacc14284d687 64131cc61a5cd4a26ef825efea3ded7c04e87ff778f4e2b3c0d90997f0f7d024
CLIENT_HANDSHAKE_TRAFFIC_SECRET 819be2557e05c633b36c2be1adad79fb5c015b9384918f64ded9ccd59ce8edbf 5407d793f9af299c8c2158e4ffbcefe0850235db18c7438c6b4982670a274613
SERVER_HANDSHAKE_TRAFFIC_SECRET 819be2557e05c633b36c2be1adad79fb5c015b9384918f64ded9ccd59ce8edbf 201d5d6147659d98be75a5deb625e2269527df014090ffcc177edfadba2cc718
CLIENT_HANDSHAKE_TRAFFIC_SECRET 33c4a4528257b42f7a91092da3019e30bb975ecfe4b8c063a91bbe34f1101ca1 c65d79f2c7bad3329a3cb5184ad8a9ea22000f76167590a0d21736df40a0f7c0cf397f14ef61a24a311772c00b85dc2c
SERVER_HANDSHAKE_TRAFFIC_SECRET 33c4a4528257b42f7a91092da3019e30bb975ecfe4b8c063a91bbe34f1101ca1 62faad3a842d79e787e0a76d9d44dad7e4bd09de34b82398f26efa0595a245f797c0cfc3ebf9aeaa1dec9daa30aa4963
CLIENT_TRAFFIC_SECRET_0 819be2557e05c633b36c2be1adad79fb5c015b9384918f64ded9ccd59ce8edbf 92d0ae41f52c4e2d64a2b26c81b66e821899cc0234850552c5dc328eefabb854
SERVER_TRAFFIC_SECRET_0 819be2557e05c633b36c2be1adad79fb5c015b9384918f64ded9ccd59ce8edbf 7a8bbd9566dcc750d3b27d0494d9cffe9c9939137ed229240074280796f89a3e
EXPORTER_SECRET 819be2557e05c633b36c2be1adad79fb5c015b9384918f64ded9ccd59ce8edbf df9641c8bbc04b4d4d8a357015ebfc79391263f6897ebcfa7cf59341a8b10641
CLIENT_TRAFFIC_SECRET_0 33c4a4528257b42f7a91092da3019e30bb975ecfe4b8c063a91bbe34f1101ca1 097706487407ca823106fdaccb6021f8c89eb18660981fe422565d61fd4deadcb52c58ba58311f14d4f08dcd2b5aec31
SERVER_TRAFFIC_SECRET_0 33c4a4528257b42f7a91092da3019e30bb975ecfe4b8c063a91bbe34f1101ca1 fafc2b34089922121bd9beeecac687b7b019c6bd49143423dfa3398f6c0fec1db93b1b54fe12d439e629859c61090e7e
EXPORTER_SECRET 33c4a4528257b42f7a91092da3019e30bb975ecfe4b8c063a91bbe34f1101ca1 1f2bfac0096ebc8e5b0b3766b9ef5b3a925e72f25f39a68ff8549f7a478a515226af6b71763d6ec5c8469936d6acd6aa
CLIENT_HANDSHAKE_TRAFFIC_SECRET 90272ea1c61a288140aab28e7748c3778570894239453fd5a52d322b3bd4fe53 da2a20ead1e70db816abba2459ee0c4c74e0c91a08a6b66c5d62551c3399b99f
SERVER_HANDSHAKE_TRAFFIC_SECRET 90272ea1c61a288140aab28e7748c3778570894239453fd5a52d322b3bd4fe53 0b5ddbacba76af11e023777587ee9ff11a814ab13cc4e09c43d3cd65e5056ad5
CLIENT_TRAFFIC_SECRET_0 90272ea1c61a288140aab28e7748c3778570894239453fd5a52d322b3bd4fe53 db3d51e105f29c2c302f706ed9877d00b9adb3fe79eca84338ff4f3bbc33326d
SERVER_TRAFFIC_SECRET_0 90272ea1c61a288140aab28e7748c3778570894239453fd5a52d322b3bd4fe53 d1b7c516d2464825f8c527b9fa8d6d1adff8eb2b79e2be158aa23f52a0f4a7d0
EXPORTER_SECRET 90272ea1c61a288140aab28e7748c3778570894239453fd5a52d322b3bd4fe53 5972c8c5be0a1a3ff4fc89ea7594bd9c86dc69b2fa51db4119de8034d3fbdbb8
CLIENT_HANDSHAKE_TRAFFIC_SECRET 19e7658d3fb693c3102cd4fdd38c970d29a3d1783403f94230dd099207f72a5c 20b11eb2bbb423282d5371cb10b7e516936ecdce2fa49e1c397377c87df6399d
SERVER_HANDSHAKE_TRAFFIC_SECRET 19e7658d3fb693c3102cd4fdd38c970d29a3d1783403f94230dd099207f72a5c 3c580e0a6e34bb1fc069cefe5ea833bc24f94126d7dbcec7c11e7d2c3df8e0c2
CLIENT_TRAFFIC_SECRET_0 19e7658d3fb693c3102cd4fdd38c970d29a3d1783403f94230dd099207f72a5c 7dc89d33ae967b3f3c1a60a3b60d5a6d1d07349b8357cd8010603e44fe087aea
SERVER_TRAFFIC_SECRET_0 19e7658d3fb693c3102cd4fdd38c970d29a3d1783403f94230dd099207f72a5c ef41467732fd0708206bd684a0d62db7ac3a3ca13f3762bbcb6d04e6562d6e69
EXPORTER_SECRET 19e7658d3fb693c3102cd4fdd38c970d29a3d1783403f94230dd099207f72a5c 87c051e60b1be225585fc7440b0351ac1e01379595212eff161b14adfc1e2660
CLIENT_HANDSHAKE_TRAFFIC_SECRET 338f403b8e9dd4f708930601fdddeb40fea9cb95ab16f635056982a8470d172f ddb129bdc49233f40427f6754a8394ebb8c4e5677321ddccf0f62662d7229167
SERVER_HANDSHAKE_TRAFFIC_SECRET 338f403b8e9dd4f708930601fdddeb40fea9cb95ab16f635056982a8470d172f d46b44a597ad88cb5c6e069827f979b56e15466c5343b453f2f741e45370388b
CLIENT_TRAFFIC_SECRET_0 338f403b8e9dd4f708930601fdddeb40fea9cb95ab16f635056982a8470d172f 1cb1013c370bc3d1763c2bf2d4c41fc0cf33dd055cd6e065674fe5d3aa310ed3
SERVER_TRAFFIC_SECRET_0 338f403b8e9dd4f708930601fdddeb40fea9cb95ab16f635056982a8470d172f ef8712dacf95ba41bd33a4b5ab517151cf974efbaba4e025946f0f7982d9b02d
EXPORTER_SECRET 338f403b8e9dd4f708930601fdddeb40fea9cb95ab16f635056982a8470d172f a9b6b77ef2b794ac788e9110fe188107ca9deba9fe21b8c6be63264c4cffde52
CLIENT_HANDSHAKE_TRAFFIC_SECRET daac944a6a7e046dbe1526b5fe1081504d3ea09050c2015e532da80739962eeb 54cfe2025c881297aa1d9380d3c96b7c58ae8621fa6b1f4e6230b24d7cbf6152
SERVER_HANDSHAKE_TRAFFIC_SECRET daac944a6a7e046dbe1526b5fe1081504d3ea09050c2015e532da80739962eeb ff3ef80de648bf8390b24e74ec0b9a9976f4a1c9dbbe7fdd9239db3b025c7847
CLIENT_TRAFFIC_SECRET_0 daac944a6a7e046dbe1526b5fe1081504d3ea09050c2015e532da80739962eeb 912fa577cff1275d890c1770522d2011988142cf5633d28512ffc2472cd17c80
SERVER_TRAFFIC_SECRET_0 daac944a6a7e046dbe1526b5fe1081504d3ea09050c2015e532da80739962eeb 74c56ba13c80317844145128b8a7909cea7d48564c816df66bf21473b12274df
EXPORTER_SECRET daac944a6a7e046dbe1526b5fe1081504d3ea09050c2015e532da80739962eeb 639a6234eba181e481988b07bd98caca04723eadd3032ab47475bc33a37b78b0
CLIENT_HANDSHAKE_TRAFFIC_SECRET d19919609cad70000b91c6622a55b80e1df67edf55fbaa0d4115966f4d75eb36 14c036862cde04c5de05de6080903fc2a9f0a32ed5c0f0dc8d3f1c493ef98633
SERVER_HANDSHAKE_TRAFFIC_SECRET d19919609cad70000b91c6622a55b80e1df67edf55fbaa0d4115966f4d75eb36 c15e46a6a69baa9decbdd9e5b1e1327e53348145e1a690b35c40d29be8f1432a
CLIENT_TRAFFIC_SECRET_0 d19919609cad70000b91c6622a55b80e1df67edf55fbaa0d4115966f4d75eb36 4b833f6302bef2995220db516fd59906692a594139177b578b86341acac797b8
SERVER_TRAFFIC_SECRET_0 d19919609cad70000b91c6622a55b80e1df67edf55fbaa0d4115966f4d75eb36 147b9e31fe22656b098532c8cb14dae5802957b2a0450ebb415f9186dd931546
EXPORTER_SECRET d19919609cad70000b91c6622a55b80e1df67edf55fbaa0d4115966f4d75eb36 664afac5719bb009e3a1e3200c46ff9a89ce478ca53eedadb952651e1a5ed116
CLIENT_HANDSHAKE_TRAFFIC_SECRET f6d3624158180848012c133d72fe4a933eeddf861cfccc0a4e1266138bd2cc71 b3110d823c1058bac4c2706cb021b84d0fcb8e60821d0af33c60b441c8680ddb
SERVER_HANDSHAKE_TRAFFIC_SECRET f6d3624158180848012c133d72fe4a933eeddf861cfccc0a4e1266138bd2cc71 bc64406fd5c5560a6157f82d424a3924562708b7c08c8a63db6dbe1d29a1443b
CLIENT_TRAFFIC_SECRET_0 f6d3624158180848012c133d72fe4a933eeddf861cfccc0a4e1266138bd2cc71 212cd55ba947b1663654d20c27b535e9687f2e1827c6dd607685b685c8f328ad
SERVER_TRAFFIC_SECRET_0 f6d3624158180848012c133d72fe4a933eeddf861cfccc0a4e1266138bd2cc71 76c91b8e114e6c385def2fad027f470684eb9b3fcc4caa701d0c1a42e1689bb4
EXPORTER_SECRET f6d3624158180848012c133d72fe4a933eeddf861cfccc0a4e1266138bd2cc71 87d13bca4a633b608d284385577a9212fc31c438b071cf2cdf20d4c49ec59f30
CLIENT_HANDSHAKE_TRAFFIC_SECRET ea71c91a074d1b08d7f89b86f335c91ca5094a314a55d418e685ece4443e72bf 6e2df72d0fbdaad8606f301fa71e4b5b154427eeaa981c6dbb4a9b32d94024d8
SERVER_HANDSHAKE_TRAFFIC_SECRET ea71c91a074d1b08d7f89b86f335c91ca5094a314a55d418e685ece4443e72bf 42034de9d14fb3bd70d6dc37e743e3b09ac6434ac315925dfb278c736a400870
CLIENT_TRAFFIC_SECRET_0 ea71c91a074d1b08d7f89b86f335c91ca5094a314a55d418e685ece4443e72bf b14b41f002ad04da4ba869676ff3ead50cf6d9e18a7a5ac45e0863c82b709a93
SERVER_TRAFFIC_SECRET_0 ea71c91a074d1b08d7f89b86f335c91ca5094a314a55d418e685ece4443e72bf 23253d0fb3ec60f3523033e59b401474374524b75888f168f2cfa89f1249d224
EXPORTER_SECRET ea71c91a074d1b08d7f89b86f335c91ca5094a314a55d418e685ece4443e72bf 359892201d969c382997661cb3f867a02fc75581bcedd414ef06a235bd0b6805
CLIENT_HANDSHAKE_TRAFFIC_SECRET 730ecfe1476631053b28e8cb5bbcfacd88117db94d466f0e4657c5c33abbc7a2 4310c56dc3b1f183f608475a0265f46b22245253690d1e841bdb2c57eb9c9232fb57e010646518ff950c6d062ca1319a
SERVER_HANDSHAKE_TRAFFIC_SECRET 730ecfe1476631053b28e8cb5bbcfacd88117db94d466f0e4657c5c33abbc7a2 70353111c4980610c7c2e0a67b926e2ac711f5f863bdf0ee86fff1724ac30463942859c8cf2f6151d4a2b8d264c55dc8
CLIENT_TRAFFIC_SECRET_0 730ecfe1476631053b28e8cb5bbcfacd88117db94d466f0e4657c5c33abbc7a2 42cf2c4c5ff06c73357e9a25fda72c81612c6cf581100f87ee6b762fc94383e8b75d80f62f23f47388432c0ac6b9e060
SERVER_TRAFFIC_SECRET_0 730ecfe1476631053b28e8cb5bbcfacd88117db94d466f0e4657c5c33abbc7a2 d00e9ceb9a11bc811fce55ee353c742e8a4812de6b2d3bba22c6c4911570169e837a1a97d0570bf79aef6ef3096a7556
EXPORTER_SECRET 730ecfe1476631053b28e8cb5bbcfacd88117db94d466f0e4657c5c33abbc7a2 e422f58842e05afe4179e6f5988b5fefacfb572ac57523cf3ac27ebfc68770a8f0e370d689d8de79773f88f7c3eb4509
CLIENT_HANDSHAKE_TRAFFIC_SECRET 4fc7b26e5292646db2dbc7f3e43e9db131c2ba58f172d2eface37231ee5556d9 c50ffc669defa1ad652d66f53d85a17b093db914764f935548dd5fff218dd014
SERVER_HANDSHAKE_TRAFFIC_SECRET 4fc7b26e5292646db2dbc7f3e43e9db131c2ba58f172d2eface37231ee5556d9 39f3050c737d6475eeb83e348231cd4e94fd65fa24566b840bcccf581ed84eb9
CLIENT_TRAFFIC_SECRET_0 4fc7b26e5292646db2dbc7f3e43e9db131c2ba58f172d2eface37231ee5556d9 1440f28409e79ebe5d2e7a77a1b55d6b450f69901cb31b702bad984d9eb02da4
SERVER_TRAFFIC_SECRET_0 4fc7b26e5292646db2dbc7f3e43e9db131c2ba58f172d2eface37231ee5556d9 b6806d8781ab7893b94f9f6394e40cc881d170e62b7bc024208de25ce06750bb
EXPORTER_SECRET 4fc7b26e5292646db2dbc7f3e43e9db131c2ba58f172d2eface37231ee5556d9 f1c7527bf8381a479699dac02adfac804897036d67aaff08f211d9a5b4bb0a89
CLIENT_HANDSHAKE_TRAFFIC_SECRET c0303c503bab417781d49512dfb0e131c51a3f7b05dc556c7a227d7f44d85dd9 1a62ef583466bde8bf9768cb0af0af2401ec36bd9a53e24140b6d7f3eeef8204
SERVER_HANDSHAKE_TRAFFIC_SECRET c0303c503bab417781d49512dfb0e131c51a3f7b05dc556c7a227d7f44d85dd9 52ca60ecafaac9adf231682411e9c1ec0ef9ca8dbefd8dcf8531de568d8fdcc8
CLIENT_TRAFFIC_SECRET_0 c0303c503bab417781d49512dfb0e131c51a3f7b05dc556c7a227d7f44d85dd9 f603b6da33bf221158b79b0fc79d4ccf69489b700821da1b7f91631b951a79cf
SERVER_TRAFFIC_SECRET_0 c0303c503bab417781d49512dfb0e131c51a3f7b05dc556c7a227d7f44d85dd9 d538b5460e073b06791d6be6162450231162246fde5bd9ccdf3d8f4ffab9dc8d
EXPORTER_SECRET c0303c503bab417781d49512dfb0e131c51a3f7b05dc556c7a227d7f44d85dd9 574c92478031b1ec1197b6891a03ce9616946216a4ddf1b09926a1e7c57cd9b0
CLIENT_HANDSHAKE_TRAFFIC_SECRET 08b0dd6761c944bb2853171cac37b4212d9ae31d17d1b9584d2561b85832f386 bb1facef75e719ee087843e30b8b0344e1436ddf027a273fd8bd2fe038eb5bc4
SERVER_HANDSHAKE_TRAFFIC_SECRET 08b0dd6761c944bb2853171cac37b4212d9ae31d17d1b9584d2561b85832f386 585b526034b163fb69fb646ba2888ae5bc0a42eef757d375343ee2624d443bf3
CLIENT_TRAFFIC_SECRET_0 08b0dd6761c944bb2853171cac37b4212d9ae31d17d1b9584d2561b85832f386 5744cf45d401b1fc12d7e448c4bfad7f2511835a63899c54aa45d891b9ae61e9
SERVER_TRAFFIC_SECRET_0 08b0dd6761c944bb2853171cac37b4212d9ae31d17d1b9584d2561b85832f386 42b9a53b688965edb67f7ed8fdc9445c26b3d2e94810e913b9f906f1086611ad
EXPORTER_SECRET 08b0dd6761c944bb2853171cac37b4212d9ae31d17d1b9584d2561b85832f386 e5f0a1fc26a2499681ed18b262bea44bff495ce2ce68d7ccf166212560fb37d0
CLIENT_HANDSHAKE_TRAFFIC_SECRET 5c252f7f5c2d062119f386c5cb7092a0248473211ea614b703926e58148b9402 9366cdf41b79797c91c8cf9654c5c0d06758661b8732356fd3b922589ad1b26e
SERVER_HANDSHAKE_TRAFFIC_SECRET 5c252f7f5c2d062119f386c5cb7092a0248473211ea614b703926e58148b9402 43342b966ac13bc0679ea7029b011dfce4fd542277d69184b9abaa5294de6561
CLIENT_HANDSHAKE_TRAFFIC_SECRET 96838c935ec5b5a24d5822117b4270f67e759b52245f221a3f83b9ebe81003f8 f0d76ec44cee289dddc08280916823cfd2d3a64985343f1a52ed4a83c0ade2e7
SERVER_HANDSHAKE_TRAFFIC_SECRET 96838c935ec5b5a24d5822117b4270f67e759b52245f221a3f83b9ebe81003f8 a5e11e31424cee87fe2815af163f53da10c3e72459fa4c11d0aaa03a9f5dae59
CLIENT_TRAFFIC_SECRET_0 5c252f7f5c2d062119f386c5cb7092a0248473211ea614b703926e58148b9402 089671c97672910ebb96e94eb42e1f4d4c2f802e83409256990d281c77a6d406
SERVER_TRAFFIC_SECRET_0 5c252f7f5c2d062119f386c5cb7092a0248473211ea614b703926e58148b9402 19b28f422b35f4ee62d58a9c9a8fea4dfca70b13e6c5f2b0e21cc5b617d09ba0
EXPORTER_SECRET 5c252f7f5c2d062119f386c5cb7092a0248473211ea614b703926e58148b9402 4bc148a6570acfc4348b3603ed8ca60d14a58094f70aaa462c7c1e06a73eac9b
CLIENT_TRAFFIC_SECRET_0 96838c935ec5b5a24d5822117b4270f67e759b52245f221a3f83b9ebe81003f8 3a3591493edbb103fa427de7dddcc8e0f39c340014abd7b964eaf14801e8fec7
SERVER_TRAFFIC_SECRET_0 96838c935ec5b5a24d5822117b4270f67e759b52245f221a3f83b9ebe81003f8 9e1f6bab23fe37ba5b20a9304dbfa1eab9e101dfde664506de31ecddb4fb71ae
EXPORTER_SECRET 96838c935ec5b5a24d5822117b4270f67e759b52245f221a3f83b9ebe81003f8 a1cffe8103762d31e93b2bb2f26bd267a2f860c43604f00cb1d74b9af4bb7069
CLIENT_HANDSHAKE_TRAFFIC_SECRET bb773f28f4292113a1605a89062c0654e42328f10f0e8115d591f686a43fbd80 247c3158cf8e35e73b7bac3108933f2de7a1db5a9feedfcf33e1419746390138
SERVER_HANDSHAKE_TRAFFIC_SECRET bb773f28f4292113a1605a89062c0654e42328f10f0e8115d591f686a43fbd80 eeb05f430c413b93a74a1a5215453c5ebe38e77bb774821c366bb43a7887197e
CLIENT_HANDSHAKE_TRAFFIC_SECRET 080514820d341f7f1af0de09ed3f3d90ab3768d3748ed0e5740bfba271ef4819 dafe3814137cddbe5330e0d8f3893142b07b2c61c49f2cb3212e0afc33d0ac80
SERVER_HANDSHAKE_TRAFFIC_SECRET 080514820d341f7f1af0de09ed3f3d90ab3768d3748ed0e5740bfba271ef4819 89d2c714beae579cbeec277cab18c3fe111f9564c50d78ab57783f57a0a7f64e
CLIENT_TRAFFIC_SECRET_0 bb773f28f4292113a1605a89062c0654e42328f10f0e8115d591f686a43fbd80 4b81c800bd79f1dc999a46eda432e41855c50d2f8f5287d6c1c8d67d53aa5131
SERVER_TRAFFIC_SECRET_0 bb773f28f4292113a1605a89062c0654e42328f10f0e8115d591f686a43fbd80 f596802443403d7503985624c6f2b48450b0b6ef477c4e331c76935ec5730788
EXPORTER_SECRET bb773f28f4292113a1605a89062c0654e42328f10f0e8115d591f686a43fbd80 44a8b3d94421eceb55195bb12bf977c4d277191904f2a25e1c3df0798f1d3f4a
CLIENT_TRAFFIC_SECRET_0 080514820d341f7f1af0de09ed3f3d90ab3768d3748ed0e5740bfba271ef4819 477017cb6caa0ae2322f8b90fce4ead98d37451514aa511a9321ca975afd0f58
SERVER_TRAFFIC_SECRET_0 080514820d341f7f1af0de09ed3f3d90ab3768d3748ed0e5740bfba271ef4819 dc83eeaa129890bef064dd750f9f42ebd0afbce86637b0a423c26c08ec38e15a
EXPORTER_SECRET 080514820d341f7f1af0de09ed3f3d90ab3768d3748ed0e5740bfba271ef4819 02b812cf6b0ec206f741c26594a4423c771c4a97aa8044c6adcd5b4065375354
CLIENT_HANDSHAKE_TRAFFIC_SECRET b836e96d569b68ad13df7295cab4d8c901c84d6052453b7ccfeea3b44e21c2e0 38df02c9fe22be27a42d22ec1582dc28fdf93a8333a8b22690c65466c0f95feb
SERVER_HANDSHAKE_TRAFFIC_SECRET b836e96d569b68ad13df7295cab4d8c901c84d6052453b7ccfeea3b44e21c2e0 e72527206ea27c63c61e74fb593b3fadae8b4eb50089fa6ee6ba172251843dc2
CLIENT_TRAFFIC_SECRET_0 b836e96d569b68ad13df7295cab4d8c901c84d6052453b7ccfeea3b44e21c2e0 cfd90719bbdb1a44fe7c2666625265fddd5d89609f4003b0f8431a33bbb087f2
SERVER_TRAFFIC_SECRET_0 b836e96d569b68ad13df7295cab4d8c901c84d6052453b7ccfeea3b44e21c2e0 7cf5503a68f1ba5c4fff20f0474f9a434b40a5479085eace286488115366aebb
EXPORTER_SECRET b836e96d569b68ad13df7295cab4d8c901c84d6052453b7ccfeea3b44e21c2e0 fde3900d3a29ab4c7121df67b10b21777f4ac7997282d76c5ab8771cfefdca7b
CLIENT_HANDSHAKE_TRAFFIC_SECRET 994a804777d2666a4549df44d1b9b80f6375a6ac8af211318bc8dc3d15a8572a c2b841732f2d9b29b11bb213371a0e551ef2cfc59d3682334aaab08d9020c4d4
SERVER_HANDSHAKE_TRAFFIC_SECRET 994a804777d2666a4549df44d1b9b80f6375a6ac8af211318bc8dc3d15a8572a 45f4889bb856a6c22d1ee171f788cec89b1e1e7cad6e7b9260dcfb3d0a0f13a2
CLIENT_TRAFFIC_SECRET_0 994a804777d2666a4549df44d1b9b80f6375a6ac8af211318bc8dc3d15a8572a 61bf1bd591359693ee376a2c77e893ea28331de7faa25e10c5316c26d73ad248
SERVER_TRAFFIC_SECRET_0 994a804777d2666a4549df44d1b9b80f6375a6ac8af211318bc8dc3d15a8572a 4ecddd84b54ce5a1a8a372a059507a2ca396e1ddf5e31cd4704bc819063ddd66
EXPORTER_SECRET 994a804777d2666a4549df44d1b9b80f6375a6ac8af211318bc8dc3d15a8572a a2506edd505779c72d50bf69437f61c0289dd3fd44963a4a98605528da84d0f9
CLIENT_HANDSHAKE_TRAFFIC_SECRET b54f1f5626588dbcbf2609ab6417d9b61b504eac0204754489b7985e6e0c0c53 dd2a04d8897724b0213b545d6c1a4604c9b9d285e8944f8749be6c23f09a5613
SERVER_HANDSHAKE_TRAFFIC_SECRET b54f1f5626588dbcbf2609ab6417d9b61b504eac0204754489b7985e6e0c0c53 6b40472b3050eaf57e910a87d0d7e4afadba68b9c3e8a918e81bddd403effba3
CLIENT_HANDSHAKE_TRAFFIC_SECRET 2dbb1b35143f465ba1fa8b1b7f0963ca9d568a8bbb8f467dbae7207e95c14695 8b8f2296e0431ab724ec935cfe5d480627720cb7c1cb17ec5ad039e57baa3b93
SERVER_HANDSHAKE_TRAFFIC_SECRET 2dbb1b35143f465ba1fa8b1b7f0963ca9d568a8bbb8f467dbae7207e95c14695 a43abdaa15d383dbad1d9480b2297ad9d5aa1e66fe2ff086082a0bec1800096f
CLIENT_TRAFFIC_SECRET_0 b54f1f5626588dbcbf2609ab6417d9b61b504eac0204754489b7985e6e0c0c53 fe39c2f667c3e31475aeb01cb7268bfdd22124aacf490d34de161810391527ab
SERVER_TRAFFIC_SECRET_0 b54f1f5626588dbcbf2609ab6417d9b61b504eac0204754489b7985e6e0c0c53 a84e2c0ce237a2beb39c0be12a9916fa0fc2f50f2b84e51fec1de6b5e4e2181f
EXPORTER_SECRET b54f1f5626588dbcbf2609ab6417d9b61b504eac0204754489b7985e6e0c0c53 826e652bb2b5e66fcf7ce81cc7854479cee5a52cc3a3bd373040c8b3721c022c
CLIENT_TRAFFIC_SECRET_0 2dbb1b35143f465ba1fa8b1b7f0963ca9d568a8bbb8f467dbae7207e95c14695 c14a7db17a6515267469c539f81ba098e538239ecd2a7216b9a2f5213178c0e6
SERVER_TRAFFIC_SECRET_0 2dbb1b35143f465ba1fa8b1b7f0963ca9d568a8bbb8f467dbae7207e95c14695 87069149b5cc87b4bc41896a4628387d0d341272beaf539399ff3677c2ad74e8
EXPORTER_SECRET 2dbb1b35143f465ba1fa8b1b7f0963ca9d568a8bbb8f467dbae7207e95c14695 59bb1d8e3c049459199027eaa7cad8188c67c29ac36d710e66a63f1b3937b8a4
CLIENT_HANDSHAKE_TRAFFIC_SECRET 4bd60b176f9181a6a55842eda604a2d1d851cab58dff95f133ef0d1b5531574c b1ebb5a5e7e49f189797ebe2e2ae1bc3193101c61c3a9c8672b9136e5d65d433
SERVER_HANDSHAKE_TRAFFIC_SECRET 4bd60b176f9181a6a55842eda604a2d1d851cab58dff95f133ef0d1b5531574c ce354853693adc2c270977763eb8d16de47bd8a661b8b59baa94b4689414bbbd
CLIENT_HANDSHAKE_TRAFFIC_SECRET a55b0ddf3f06ccbed2f0eb60af1bb2b1b562226161ba1905b5207b47a7e66b8a 3c0b5dea2423726d949166a3d529fbe8a8011081aadad833706b4dd48e423e03
SERVER_HANDSHAKE_TRAFFIC_SECRET a55b0ddf3f06ccbed2f0eb60af1bb2b1b562226161ba1905b5207b47a7e66b8a 7067cf6be0f0261c20e2db4ae56c99702e574e6bbe8d1338a6bc01a21921d70f
CLIENT_HANDSHAKE_TRAFFIC_SECRET 55d8308128c15f960814db0e6a2f8367f68a30f9d899dd4811d9d4a3e332dd22 7f53e945465ad31ab24d396180d788bbc20efc8f7d7b8ab497f45e78d63daf73
SERVER_HANDSHAKE_TRAFFIC_SECRET 55d8308128c15f960814db0e6a2f8367f68a30f9d899dd4811d9d4a3e332dd22 0e5ecb9a080478da8da807b9cc6ab6dfa218d39a9f5ab29854a33a9a11e03495
CLIENT_TRAFFIC_SECRET_0 a55b0ddf3f06ccbed2f0eb60af1bb2b1b562226161ba1905b5207b47a7e66b8a 7b9905c6f9793c9e8e04c1d9f8be64d39f246a5758c76196c3c2fab0fc2d8434
SERVER_TRAFFIC_SECRET_0 a55b0ddf3f06ccbed2f0eb60af1bb2b1b562226161ba1905b5207b47a7e66b8a b6accd844e87b328f929db36c0901433729651ca752f7cf74252c957d7cc4dbc
EXPORTER_SECRET a55b0ddf3f06ccbed2f0eb60af1bb2b1b562226161ba1905b5207b47a7e66b8a 74fd1f548dba7b0a0838551fcee30668dc67456be7ecee1fe600699ad70a7e6e
CLIENT_TRAFFIC_SECRET_0 4bd60b176f9181a6a55842eda604a2d1d851cab58dff95f133ef0d1b5531574c b542cd83a223706b0224799bcb326a08bb3f7c8cb5a441a13bf5cf4afb1a0c13
SERVER_TRAFFIC_SECRET_0 4bd60b176f9181a6a55842eda604a2d1d851cab58dff95f133ef0d1b5531574c c47d3270840938b59a619614f414d17b9fb8bad0ecc084ac53830c863748e03a
EXPORTER_SECRET 4bd60b176f9181a6a55842eda604a2d1d851cab58dff95f133ef0d1b5531574c 4de51a6f73965217f0c9b6ad7d401c54e31a57b755ee85a46abe4bea7bf2da35
CLIENT_TRAFFIC_SECRET_0 55d8308128c15f960814db0e6a2f8367f68a30f9d899dd4811d9d4a3e332dd22 06f2042467e805a346214e5e95a501f05c55269afccde61e94f3daefa9de3182
SERVER_TRAFFIC_SECRET_0 55d8308128c15f960814db0e6a2f8367f68a30f9d899dd4811d9d4a3e332dd22 c7913426afcf17469a98c2f9dc88dca6b1c9932480908408ec545255a22447e7
EXPORTER_SECRET 55d8308128c15f960814db0e6a2f8367f68a30f9d899dd4811d9d4a3e332dd22 158e7980ac71609230e1c32765872b73359792ed184bf28a2088e4aef0ce6811
CLIENT_HANDSHAKE_TRAFFIC_SECRET 34a9990360ae025a86203724c603fcbd8da341bb87410c621f9082a2153f5afd 4f2a3b715d94746f666ce72ce5365546bd3a75d14b396ddc99dc3333662cd4a1
SERVER_HANDSHAKE_TRAFFIC_SECRET 34a9990360ae025a86203724c603fcbd8da341bb87410c621f9082a2153f5afd 809c5fea12630da117a300cef55c5432bcbd84750875297f69a4a5ab5eb0b9ae
CLIENT_TRAFFIC_SECRET_0 34a9990360ae025a86203724c603fcbd8da341bb87410c621f9082a2153f5afd 305582d640ba0d0df04f38d857fdff167f2d055ad7e2cf11f6ce079bf7efdfb7
SERVER_TRAFFIC_SECRET_0 34a9990360ae025a86203724c603fcbd8da341bb87410c621f9082a2153f5afd 9f26cc73aa729cebad5cdd5765a94cea3f5f2933e9e897c5a7c6e0bbde755f1a
EXPORTER_SECRET 34a9990360ae025a86203724c603fcbd8da341bb87410c621f9082a2153f5afd 4d89a59d8d13b0023a7849ee0f7c0ee7415f8b60bf5a6024fe450d93c560b63e
CLIENT_HANDSHAKE_TRAFFIC_SECRET bb33a88e9c5a798e3617b7377d48372d49be4eeae272e2eda032088608273fdb 9e9ee44fb19d477f6fa5b943057c66f7d918e9336b53483da565f1d40dd8a28a
SERVER_HANDSHAKE_TRAFFIC_SECRET bb33a88e9c5a798e3617b7377d48372d49be4eeae272e2eda032088608273fdb b8ffda4217c80f46bd96b7834983bfb737e899c71643a8baa16bf9ba6e591f19
CLIENT_TRAFFIC_SECRET_0 bb33a88e9c5a798e3617b7377d48372d49be4eeae272e2eda032088608273fdb 2a88e6e05b0d21c610e69a74822839c1ef8aef4dadb5c646f183107d364953bf
SERVER_TRAFFIC_SECRET_0 bb33a88e9c5a798e3617b7377d48372d49be4eeae272e2eda032088608273fdb 9058b970973975b8436c0f3e84fdb38e21545ba982fec8ffdb44bcaa552c1b60
EXPORTER_SECRET bb33a88e9c5a798e3617b7377d48372d49be4eeae272e2eda032088608273fdb 25567c5acd8d1b576228317e91abda56b749df6c9ae93b179eff4e5224a63027
CLIENT_HANDSHAKE_TRAFFIC_SECRET 6ac75776643a53524d2cca7d32deb6108969c99385a22bbede70dfb4af34c31a 6f95519f3c45ad7f95f505261d4dfad4e6033f7b0bd48335e6522db57c53e359
SERVER_HANDSHAKE_TRAFFIC_SECRET 6ac75776643a53524d2cca7d32deb6108969c99385a22bbede70dfb4af34c31a 1853a0245bd901f0a9b296a164edcd2d3357ab39a6ef7731301b12d2fb91fe73
CLIENT_TRAFFIC_SECRET_0 6ac75776643a53524d2cca7d32deb6108969c99385a22bbede70dfb4af34c31a 2fbf28caf5ff77e6b319d942cec47c96d2756cc438a008dece79654d3ceb98c5
SERVER_TRAFFIC_SECRET_0 6ac75776643a53524d2cca7d32deb6108969c99385a22bbede70dfb4af34c31a e0f3f37c17bb9f6b78bcb208d3f4324fd442c761b1487f2fd946e9767c611f9a
EXPORTER_SECRET 6ac75776643a53524d2cca7d32deb6108969c99385a22bbede70dfb4af34c31a f85cb26b26115cc5413b7d12b46a260876a29ee3f63831252ce2a6e4f538c0a9
CLIENT_HANDSHAKE_TRAFFIC_SECRET 4d72dd40f840cf79ada969d2ad60c906ab01e2bb2f0803acd913c63af49d8e19 1cdc615cbe99f304f2fec78012b2150dbd58c9767614381bda44df9ab70a5a07
SERVER_HANDSHAKE_TRAFFIC_SECRET 4d72dd40f840cf79ada969d2ad60c906ab01e2bb2f0803acd913c63af49d8e19 9832642f1a1c2129daf0b270eee81db2a2fe5f499d4720e1ffb32fbe3435f2a6
CLIENT_TRAFFIC_SECRET_0 4d72dd40f840cf79ada969d2ad60c906ab01e2bb2f0803acd913c63af49d8e19 d844406f3da84f17bc0e8f75ce920bc28690e589a536545226d688d5b1546410
SERVER_TRAFFIC_SECRET_0 4d72dd40f840cf79ada969d2ad60c906ab01e2bb2f0803acd913c63af49d8e19 50252a30c6aaca12ef06c586352e0151dd741d59e581bcfe7126ab61c6171fa3
EXPORTER_SECRET 4d72dd40f840cf79ada969d2ad60c906ab01e2bb2f0803acd913c63af49d8e19 1a235a26574553e8550b8aaef138f8dbd0c057be9077a8c5be4e7ccad564e642
CLIENT_HANDSHAKE_TRAFFIC_SECRET 9256d1962a9b557ba51b15fac187420c69cf83b43ffdace0764f6779e62b9969 60722837a20fa9685aa5aebe10f1000eb0a5d5bf229697155b697d3a3f8e6be1
SERVER_HANDSHAKE_TRAFFIC_SECRET 9256d1962a9b557ba51b15fac187420c69cf83b43ffdace0764f6779e62b9969 b2a4a5bfd151ee57f5ecedc5946de838e02d844e85312079c3ef7221eaabe7fe
CLIENT_TRAFFIC_SECRET_0 9256d1962a9b557ba51b15fac187420c69cf83b43ffdace0764f6779e62b9969 c077ba053a94104032ce3e7f686e8b6f8ec811c5cef799bf79dad3c49552630d
SERVER_TRAFFIC_SECRET_0 9256d1962a9b557ba51b15fac187420c69cf83b43ffdace0764f6779e62b9969 f2cbaa2ae03e28acb56571a14c33457c75eed46f837e0b5621265d5dcd1ceead
EXPORTER_SECRET 9256d1962a9b557ba51b15fac187420c69cf83b43ffdace0764f6779e62b9969 82627dee9d0a4f8083126e5a1c80fbfc4bdf5aa8af17223656f7ac955722e4b5
CLIENT_RANDOM cb91ff1ceb4a43c947ebb85b3220911e1f5a430ee3a9458146788fcede78aaa4 758a1846e4ae4915a7e6d50eb626f98f53f4e3b627dd7f0824d7390864bbb4150f40ebee645493d0db1cc6fdaac797fc
CLIENT_RANDOM 29d49a3bda92fc70c8ac9a0b030c63122d036fd28f23e92b251c6017c0205263 64253a3df5cddc9b13a9677f060828a957ea9eb78c701b072b90707ba3f70a2a575ff48507ba4e61cb56a6bbb98f6722
CLIENT_RANDOM a3f35d835b284cb99840cd4cec56a69192e0c137be0f50c5033fd7d4d462fdd4 afff4b6511340b507d8e2fd8abff3d243418fc88c8657f12e2d6bfa7637021b22e792a734c2a9d77905ded104c1207bc
CLIENT_RANDOM a6d8f624502a008d19395a7538fd7053d7bdb92df6f08e826a5ff9ffb3ee21d1 1a76d5c372ea9b4d5fa4e2484503145fd7c9245026a22799f5b25485047bcb108fad99fd3e9e8e0735fe6b98e8908843
CLIENT_HANDSHAKE_TRAFFIC_SECRET 099ef2b41f6a2454ae4daf9562b5e6b035359754a2ecd3a1a0cd964ab35e7b29 fa46c7eb43b6201c7f3e3bcabe31ccf1babe1fa9c2f228adfb6affaf5349274a
SERVER_HANDSHAKE_TRAFFIC_SECRET 099ef2b41f6a2454ae4daf9562b5e6b035359754a2ecd3a1a0cd964ab35e7b29 ca71978b0ba07fdbe8cd07e98efc3490b886fa62f329287f9779c3039ba5e8ec
CLIENT_HANDSHAKE_TRAFFIC_SECRET 5b51eb25e4c55834853e46b442d8783d506cbf58397fff7b56a79665d9a0d2c1 e77d7475e5161430e82705ba014a5211cb07bfab62030ed6d104c1e5e0fa7643
SERVER_HANDSHAKE_TRAFFIC_SECRET 5b51eb25e4c55834853e46b442d8783d506cbf58397fff7b56a79665d9a0d2c1 cc0ab3658b517d03fc0b4c0d8a5aaab173c198cd476f18fc54948c385eb798ce
CLIENT_TRAFFIC_SECRET_0 5b51eb25e4c55834853e46b442d8783d506cbf58397fff7b56a79665d9a0d2c1 9211aff393b9e249b0dd2f3f9121bf4b291589268f20e2c63a2d909ad62d1d9f
SERVER_TRAFFIC_SECRET_0 5b51eb25e4c55834853e46b442d8783d506cbf58397fff7b56a79665d9a0d2c1 faa99bc760a0b92a3e2a3d50f38b28e3ada8423eeb08929a2d4033ecaffcf16d
EXPORTER_SECRET 5b51eb25e4c55834853e46b442d8783d506cbf58397fff7b56a79665d9a0d2c1 3fe68314044016fbde12ce6146afbefe2b41da872db6772293dba39ec312f89a
CLIENT_TRAFFIC_SECRET_0 099ef2b41f6a2454ae4daf9562b5e6b035359754a2ecd3a1a0cd964ab35e7b29 d9ba8f60aad938d2cd7266732ae3e613388e1e5babe81d71f6dcd130ad8c7fa9
SERVER_TRAFFIC_SECRET_0 099ef2b41f6a2454ae4daf9562b5e6b035359754a2ecd3a1a0cd964ab35e7b29 3fb1ab4535b7e08370aa667fad1511097b71599309e06ac1095c4513273bdf3f
EXPORTER_SECRET 099ef2b41f6a2454ae4daf9562b5e6b035359754a2ecd3a1a0cd964ab35e7b29 11171c7a1ff09fac4e08178f24119a6e89e7d49757dc38928510c4f98dc18263
CLIENT_HANDSHAKE_TRAFFIC_SECRET f1cab401d642b1c0ff499245739ad48da62bf3706cd2048e5b73708605982ab6 64838ed55b703785751a3ab299640cd7fd706e42510cdf4e0452b18e697fee4f
SERVER_HANDSHAKE_TRAFFIC_SECRET f1cab401d642b1c0ff499245739ad48da62bf3706cd2048e5b73708605982ab6 c38132b95542251db6135cdaf80947da19529dab03f8ca0c847e9c175596a2a4
CLIENT_TRAFFIC_SECRET_0 f1cab401d642b1c0ff499245739ad48da62bf3706cd2048e5b73708605982ab6 aac2a92d0c5b910f7953a0925fde60f19294d8b6bc646fc8d38663ca6051bcc0
SERVER_TRAFFIC_SECRET_0 f1cab401d642b1c0ff499245739ad48da62bf3706cd2048e5b73708605982ab6 76fb35f09bc72622a502cb3e7e21a22f389be274dfec6a3f9d9415f168e081b6
EXPORTER_SECRET f1cab401d642b1c0ff499245739ad48da62bf3706cd2048e5b73708605982ab6 7ec51fd288ef4fab4a412329bdadc863634df407df1d84e2211f43ebcb556811
CLIENT_RANDOM 4d26d7e6b8fbb160327b21e94818142631a4d17632b509db5ee435410b319065 6c7c5026376633d9b9f9718d3584d81a0e1fa72032d698a9283863c96576428dcb55e83e4b75dd5eec18b0b713ddcf48
