CLIENT_HANDSHAKE_TRAFFIC_SECRET 2815ea802453b10ded6d9462989646a6db2d00a90ec8208a38c80366078e492a 32d6b0be0cb7cbdc45dba4551b7cfb2bfa43dc2274da58b75f42621828df1162
SERVER_HANDSHAKE_TRAFFIC_SECRET 2815ea802453b10ded6d9462989646a6db2d00a90ec8208a38c80366078e492a a0d299cf157269075b614fe895b722af42579e29e87074b43b612fed746ef8b2
CLIENT_HANDSHAKE_TRAFFIC_SECRET 6847c8ea0145b98ddec2bad8085ae55aa977a4791d8a5c8a360dd535f425b5ab 4eeb9cbc39a1c727214c6273a407af56c748d1aec313b2f9d7981d93d58daa66
SERVER_HANDSHAKE_TRAFFIC_SECRET 6847c8ea0145b98ddec2bad8085ae55aa977a4791d8a5c8a360dd535f425b5ab f5450940c8dbc0246af2d201d4c944b078e3cb1ac29baf772b5817219d93e032
CLIENT_TRAFFIC_SECRET_0 2815ea802453b10ded6d9462989646a6db2d00a90ec8208a38c80366078e492a b1fc717043eab3d6f2c770c5520908b74996e4f77efedaa1c83325c263468966
SERVER_TRAFFIC_SECRET_0 2815ea802453b10ded6d9462989646a6db2d00a90ec8208a38c80366078e492a e3c08b29a4065032ffdcd2ead2b558fa96ff266eea02bb5cb7aa700cf197db39
EXPORTER_SECRET 2815ea802453b10ded6d9462989646a6db2d00a90ec8208a38c80366078e492a 1d9ae3c711355d482b0fe2b5b9e576f188eb7d1463b3daeb6e7d5904bebd5800
CLIENT_TRAFFIC_SECRET_0 6847c8ea0145b98ddec2bad8085ae55aa977a4791d8a5c8a360dd535f425b5ab c5adc28c0863d1a762c8ad5cc109acb8f929b47c78679f268bb5404d8a88989b
SERVER_TRAFFIC_SECRET_0 6847c8ea0145b98ddec2bad8085ae55aa977a4791d8a5c8a360dd535f425b5ab 17cab7a7e20ea69ded652fae94190f0c940a760fc41e74b069069577573f5814
EXPORTER_SECRET 6847c8ea0145b98ddec2bad8085ae55aa977a4791d8a5c8a360dd535f425b5ab 3cd98d1a91a3c0f7aad81fbf30ad9a51c87c6ecb2b3f8a06a69adb754c4ab2c0
CLIENT_HANDSHAKE_TRAFFIC_SECRET 950f02896c052fef3d5fde5fb99b6fdd428495158fb7f52c285b3ffafa9eb8da 88d4da78ae3f4dfb23984dd16ab2c035ab3cdf8fb839afe40c6c3cce64bda263
SERVER_HANDSHAKE_TRAFFIC_SECRET 950f02896c052fef3d5fde5fb99b6fdd428495158fb7f52c285b3ffafa9eb8da f4c7745fe726040b438daacacd484a76d983d56554dbc294e047d6467a20d398
CLIENT_HANDSHAKE_TRAFFIC_SECRET 3ae1ca9e94a44dd7cc4b0be550fe1a84326464ec2d2cdced37949af144894aa5 7ebdbe7fc491d4daf26864668e6cd14ee107857a26136156550bc4a15a5d4b90
SERVER_HANDSHAKE_TRAFFIC_SECRET 3ae1ca9e94a44dd7cc4b0be550fe1a84326464ec2d2cdced37949af144894aa5 7a25ac2fcc70ff884aea9fee21eb3925bcc782fca059ea72bc83d941837734c8
CLIENT_HANDSHAKE_TRAFFIC_SECRET eb5a90f7f45737c63028a7ad61aaf66ee799b7764c3b117f3cea0ec5a5358598 54943c8fb4251d58d26e98280dd93f6a327302422a0eb36ff31776d4c8cced57
SERVER_HANDSHAKE_TRAFFIC_SECRET eb5a90f7f45737c63028a7ad61aaf66ee799b7764c3b117f3cea0ec5a5358598 7ce68ad504cdb0c3cd43c5f008b08f0b2accf47e984a14c22d7fff9d2e7d76b3
CLIENT_TRAFFIC_SECRET_0 950f02896c052fef3d5fde5fb99b6fdd428495158fb7f52c285b3ffafa9eb8da 61c27c0572a1f492cb3a96754760c75f47b8cc06ca63385b69790832ada2c315
SERVER_TRAFFIC_SECRET_0 950f02896c052fef3d5fde5fb99b6fdd428495158fb7f52c285b3ffafa9eb8da f44ba6402fe4a4b862014aa15684c0d40aa782e511209f6299a20e82fe25cada
EXPORTER_SECRET 950f02896c052fef3d5fde5fb99b6fdd428495158fb7f52c285b3ffafa9eb8da 57ff506a6ed7b336721d28c6ae8e99a7bdffbf69b9a76429b789b187832526fa
CLIENT_TRAFFIC_SECRET_0 3ae1ca9e94a44dd7cc4b0be550fe1a84326464ec2d2cdced37949af144894aa5 a242926afc1bc805cd485518b650afdccf6e40c1f11ae22a0df0656d2e827c23
SERVER_TRAFFIC_SECRET_0 3ae1ca9e94a44dd7cc4b0be550fe1a84326464ec2d2cdced37949af144894aa5 2eeec7af8f919c4cd72032ccb5844c109cba43e6fcf55981c360565f1d1b5f24
EXPORTER_SECRET 3ae1ca9e94a44dd7cc4b0be550fe1a84326464ec2d2cdced37949af144894aa5 96b3e2edf57d8d2330a63fc64abb9cbc6b8397d075000a5c69ae943ff4df1a3d
CLIENT_TRAFFIC_SECRET_0 eb5a90f7f45737c63028a7ad61aaf66ee799b7764c3b117f3cea0ec5a5358598 c2b2d039d65e6287887886f7e4eefca6e95e8e1dd4aaeb0c0434e0135d55ef8f
SERVER_TRAFFIC_SECRET_0 eb5a90f7f45737c63028a7ad61aaf66ee799b7764c3b117f3cea0ec5a5358598 deb385dbb70349c1e347470324f6d1399ae4815165494f0ba5f961ff8e911d11
EXPORTER_SECRET eb5a90f7f45737c63028a7ad61aaf66ee799b7764c3b117f3cea0ec5a5358598 e898bcdb5788bae1eff3b57d9183d62ef2526f79b35fddb6169ac11ed83b7825
CLIENT_HANDSHAKE_TRAFFIC_SECRET 6322aa15de93dd0d04f2fa46da66634453ab5a294883e3a9e998bfaf1a66566f eacd628dc8de21756f76b1fb64c1902ed733e44b8d30395d845a54e40fe863ba
SERVER_HANDSHAKE_TRAFFIC_SECRET 6322aa15de93dd0d04f2fa46da66634453ab5a294883e3a9e998bfaf1a66566f 8463b4aa180f3d7c5724172fd0c9cd8e93921071f7670b36cbf358033e2bd260
CLIENT_TRAFFIC_SECRET_0 6322aa15de93dd0d04f2fa46da66634453ab5a294883e3a9e998bfaf1a66566f 40f518316edaaff951d60ac68ef9d5b5ce9747bf6f0416e9bfdb4c80fb5d7a0d
SERVER_TRAFFIC_SECRET_0 6322aa15de93dd0d04f2fa46da66634453ab5a294883e3a9e998bfaf1a66566f dfab7a2566f4153bfa4a49ad7f0d36fd9467a15cefc4c2d18c298474404a45e8
EXPORTER_SECRET 6322aa15de93dd0d04f2fa46da66634453ab5a294883e3a9e998bfaf1a66566f a178a7f637f41286f156116d67c811472f33395034716f4ef5bc25accdc75b6f
CLIENT_HANDSHAKE_TRAFFIC_SECRET 44ef673193abb581570ac0a8ec673ae894a8eb90882db8acc14b97cfdae0905f 5fd67a84e0a9fb96254c76cee92ee4535478107a1e8361015788bd870a7b8cff
SERVER_HANDSHAKE_TRAFFIC_SECRET 44ef673193abb581570ac0a8ec673ae894a8eb90882db8acc14b97cfdae0905f d650734a83e7e59a2c9833cab27a6a4652a3c78fffb2578700f6fb649b6d7ebb
CLIENT_TRAFFIC_SECRET_0 44ef673193abb581570ac0a8ec673ae894a8eb90882db8acc14b97cfdae0905f 0a0a127adefd34814c4422257cea5f8824caea3c9f6043016d33da2ef24d3aa4
SERVER_TRAFFIC_SECRET_0 44ef673193abb581570ac0a8ec673ae894a8eb90882db8acc14b97cfdae0905f a34ac3ddf97673c840ae321a639f841e04c08de85e61b156d690d67ef8cc9117
EXPORTER_SECRET 44ef673193abb581570ac0a8ec673ae894a8eb90882db8acc14b97cfdae0905f 5c067b6c9f0b6f39b81a769e3c5a53a3a716552bb66f675572add83acca54319
CLIENT_HANDSHAKE_TRAFFIC_SECRET 1855d6b54b32a838d82b3233bc31be4bcea7b7334b90e9e0ae10b87fc5deaca6 86fb9fb65532cf22a74b4acd858e3859f771fe00cea1e6576806e3c9197873b5
SERVER_HANDSHAKE_TRAFFIC_SECRET 1855d6b54b32a838d82b3233bc31be4bcea7b7334b90e9e0ae10b87fc5deaca6 e871e80478e04078c3793d900d36b03ac2e552e7532f86cd9faf179033acaaa5
CLIENT_TRAFFIC_SECRET_0 1855d6b54b32a838d82b3233bc31be4bcea7b7334b90e9e0ae10b87fc5deaca6 db3e2cf50d3c2dd30f7c5fcaca6b20a688e7727917e4c10df14fbc91a6a585c1
SERVER_TRAFFIC_SECRET_0 1855d6b54b32a838d82b3233bc31be4bcea7b7334b90e9e0ae10b87fc5deaca6 8e19d63392347d5d08411cbcdef3884736a8cb0ad7513eee79f2bbf23e6120e9
EXPORTER_SECRET 1855d6b54b32a838d82b3233bc31be4bcea7b7334b90e9e0ae10b87fc5deaca6 4fe02ed2bddcf104a81e242f7a44fc76c896352c07d1b8082180148a84662e7b
CLIENT_HANDSHAKE_TRAFFIC_SECRET 276200ca0d959416356cc5fd104736fbbee794d94fd0614efdabb507a05a03f5 046775a5f1e1044664b8b23ed8ef793458e7c83bd11f375cbe7891a1dd90d92b
SERVER_HANDSHAKE_TRAFFIC_SECRET 276200ca0d959416356cc5fd104736fbbee794d94fd0614efdabb507a05a03f5 1a0c0749c6229f53562d097c74a6b9fa35ba6193bfbc7ec743f38c7bcd476d6c
CLIENT_HANDSHAKE_TRAFFIC_SECRET 5304cbdb377f84a31e29b57f1d8d3e9878a4684fc445b639132b7182ebbbdbe7 abd98eaed7b19e69482ed44918df03049c64de9c0090b04e048002fcbe9cec5e
SERVER_HANDSHAKE_TRAFFIC_SECRET 5304cbdb377f84a31e29b57f1d8d3e9878a4684fc445b639132b7182ebbbdbe7 446706d053812da337b133fd4462c7ac0c372eea341b7cb5b196567dcaacec74
CLIENT_TRAFFIC_SECRET_0 276200ca0d959416356cc5fd104736fbbee794d94fd0614efdabb507a05a03f5 d7256aeec430d50db807b88a443bcf3ad5fd88f8b1507a35f417913563a0a532
SERVER_TRAFFIC_SECRET_0 276200ca0d959416356cc5fd104736fbbee794d94fd0614efdabb507a05a03f5 54ae1e20795cad8a543785bd85ee02b7a35365a1fc5fdb836de63b7e99c3385c
EXPORTER_SECRET 276200ca0d959416356cc5fd104736fbbee794d94fd0614efdabb507a05a03f5 6f1a366873d27f1a676a65d01bd288e3de30a273aa618f8f096b7b8dfd2caf05
CLIENT_TRAFFIC_SECRET_0 5304cbdb377f84a31e29b57f1d8d3e9878a4684fc445b639132b7182ebbbdbe7 75cd74dd84b9b32b906d1a42d9f9f2034302db113fb6de16913a448d2d22ebc8
SERVER_TRAFFIC_SECRET_0 5304cbdb377f84a31e29b57f1d8d3e9878a4684fc445b639132b7182ebbbdbe7 9fdce002f0d98ad900932e536dc4160c29ea16658b6a8280b6f63565cd901d79
EXPORTER_SECRET 5304cbdb377f84a31e29b57f1d8d3e9878a4684fc445b639132b7182ebbbdbe7 869470fac66d59a5074bfd573065b01ef7079181da1431dea40e3a631b7c6d2f
CLIENT_HANDSHAKE_TRAFFIC_SECRET 5d35510be63eb3193cdc1ce42dc496a20a1653cb0cb80a927dfc7aff3eeff5d1 9eb0901c7752edf5442cdd6d2149c84801a8d91e04e5c028b146e8991e209750
SERVER_HANDSHAKE_TRAFFIC_SECRET 5d35510be63eb3193cdc1ce42dc496a20a1653cb0cb80a927dfc7aff3eeff5d1 875ff1a4e554f9d73841f232acd8ccca93ddac46dbe4126f3c3c65b7cfc6aba2
CLIENT_TRAFFIC_SECRET_0 5d35510be63eb3193cdc1ce42dc496a20a1653cb0cb80a927dfc7aff3eeff5d1 310f2e35718e41b35a380acf5453082e39301231f62a5efbd7380290928da4d5
SERVER_TRAFFIC_SECRET_0 5d35510be63eb3193cdc1ce42dc496a20a1653cb0cb80a927dfc7aff3eeff5d1 d482721e4d8d7f6062ea6b099a21c218514925025cb7826a70e2c2d38a2ac39c
EXPORTER_SECRET 5d35510be63eb3193cdc1ce42dc496a20a1653cb0cb80a927dfc7aff3eeff5d1 ddf1354b8a669dbc47234c3164781ca19278971fa0feaa1f34d59a8375b095be
CLIENT_HANDSHAKE_TRAFFIC_SECRET 96e96933b13b634adae15b5ef025e8e0dfc0784c30770cb6ef789571bcd77029 2b4f876d0c60c857360fea27fc8284bf31f9ad5d7de024d3b1889d2c448828cd
SERVER_HANDSHAKE_TRAFFIC_SECRET 96e96933b13b634adae15b5ef025e8e0dfc0784c30770cb6ef789571bcd77029 2a628740363239aa64f904d83ddb217aca7227b8a7423cb99419bb84191d3f16
CLIENT_HANDSHAKE_TRAFFIC_SECRET 9115d8382d340fe5d6b9e2b7e90454856beaa522df9af170ac13475f1845d547 a686477a83662f4e704815808d3a9020c28a04716ba92e2940508701bb1cb7e0
SERVER_HANDSHAKE_TRAFFIC_SECRET 9115d8382d340fe5d6b9e2b7e90454856beaa522df9af170ac13475f1845d547 a8daabe6dae49306be13c15498b323960778ef034103b313be71d693597736ee
CLIENT_TRAFFIC_SECRET_0 96e96933b13b634adae15b5ef025e8e0dfc0784c30770cb6ef789571bcd77029 b14cb94b410e9f21990a7945bc875dd5e047b25974cc11cb5703272799d52e08
SERVER_TRAFFIC_SECRET_0 96e96933b13b634adae15b5ef025e8e0dfc0784c30770cb6ef789571bcd77029 421730039e9d3462379445394e290b3af09f09f0b8920397dc0ef650d0f89942
EXPORTER_SECRET 96e96933b13b634adae15b5ef025e8e0dfc0784c30770cb6ef789571bcd77029 eca4559bf52fb1f3e4db85220cfdfad4a9c5ae3332225d2b6868b989283e3343
CLIENT_HANDSHAKE_TRAFFIC_SECRET c94153eb19f85667df6c34e2e32251fc405be0297badccedadd7974a313d98a4 5256d8b2e6aed834cf3e8a3e26948e8609951a64baefa21487e5e762091635b9
SERVER_HANDSHAKE_TRAFFIC_SECRET c94153eb19f85667df6c34e2e32251fc405be0297badccedadd7974a313d98a4 3852f01356a2568a66719b9e36a533f880cef3b6372487f1d6718c5dc925843a
CLIENT_TRAFFIC_SECRET_0 c94153eb19f85667df6c34e2e32251fc405be0297badccedadd7974a313d98a4 0e60b39850bbce6cec773912d86f25288b3cca00f07f53d7b09a540932d19a05
SERVER_TRAFFIC_SECRET_0 c94153eb19f85667df6c34e2e32251fc405be0297badccedadd7974a313d98a4 d64b4c0332115f3ba7bba588061f4b42870e496b21d791710e3b4c81b76f5b62
EXPORTER_SECRET c94153eb19f85667df6c34e2e32251fc405be0297badccedadd7974a313d98a4 311ce08ae08c7a338cf6045147c9d4e495c7d1c5f6772c032b0d6b85ffe91fbf
CLIENT_HANDSHAKE_TRAFFIC_SECRET e58eb70a020ae07f0e81682f7867fb4e8eeb09ec97d078bcc820021d3990ab76 b3ca99cad208c92e2c55b24259c7961de86482a90675a593c5a5609c51f7e8a5
SERVER_HANDSHAKE_TRAFFIC_SECRET e58eb70a020ae07f0e81682f7867fb4e8eeb09ec97d078bcc820021d3990ab76 8afadf14e262a3973557f5c0557161fde2d831618fb0ba5681a71ae205bebf50
CLIENT_TRAFFIC_SECRET_0 e58eb70a020ae07f0e81682f7867fb4e8eeb09ec97d078bcc820021d3990ab76 6b38c3f41dd6dbd692e043dc66ef2e47b02246d8150fb96a0e4b8a539b81cf5a
SERVER_TRAFFIC_SECRET_0 e58eb70a020ae07f0e81682f7867fb4e8eeb09ec97d078bcc820021d3990ab76 da1e4d5b49fa72ca353bd2b98c65cf09e9baa40adb8985b2b3155fe8266744a8
EXPORTER_SECRET e58eb70a020ae07f0e81682f7867fb4e8eeb09ec97d078bcc820021d3990ab76 93f1e230ec2afe46631364417d68fb300167bb478dfe1386e9b53b1ce304e701
CLIENT_HANDSHAKE_TRAFFIC_SECRET 097b523c8ecfd9ca03ff7c1302a4a70ecb05202363539072ae333ad72b7c8fcc d7b50b3c9d145c2a398f786aca950ad63222c35a867df1effde9134b45f591d4
SERVER_HANDSHAKE_TRAFFIC_SECRET 097b523c8ecfd9ca03ff7c1302a4a70ecb05202363539072ae333ad72b7c8fcc eb3486156f33ed35ea7b6c0fc4055a9dde560c5d7f88e920b893427558de12cb
CLIENT_TRAFFIC_SECRET_0 097b523c8ecfd9ca03ff7c1302a4a70ecb05202363539072ae333ad72b7c8fcc 6fa66eb568f1ec73143b8b52adffe0e28d28c579a271da7d836d347e40704733
SERVER_TRAFFIC_SECRET_0 097b523c8ecfd9ca03ff7c1302a4a70ecb05202363539072ae333ad72b7c8fcc c1069b18a8d8f5523cdbe611e5690208ec0723395182f373908abab6ea38c0a5
EXPORTER_SECRET 097b523c8ecfd9ca03ff7c1302a4a70ecb05202363539072ae333ad72b7c8fcc 950911f97e74714179e4432cdf256c00f06993b330f53b3ffc5769f2621592cf
