CLIENT_HANDSHAKE_TRAFFIC_SECRET 2df6cf49571d86755ea26161a1f3e9616af2a98602fac561b7a8b39be7e89774 3d84ebf5ff8389eb4b5795c9f7ed266e33937ba07f2c46d1932d8b956175b5224ca79aec6f5ced6ce9d17fd1d1c2486b
SERVER_HANDSHAKE_TRAFFIC_SECRET 2df6cf49571d86755ea26161a1f3e9616af2a98602fac561b7a8b39be7e89774 8c719d86e46a6a314f3d964ae85d83c9fb44c9dc174dacb5045264b93d39c557367fbf565051a7b7a4fc5bb983e0258d
CLIENT_TRAFFIC_SECRET_0 2df6cf49571d86755ea26161a1f3e9616af2a98602fac561b7a8b39be7e89774 87cf4d855592cbdac0c911e1bbecea8444afcf39020977665ddf9bf84956068f3d81facd79227e612d711ecd31aa5615
SERVER_TRAFFIC_SECRET_0 2df6cf49571d86755ea26161a1f3e9616af2a98602fac561b7a8b39be7e89774 b61e184e55a6302a6b02aa4b73663646bc6c7e462faaac6f8819fa13f2ad10aa2d829375d3d01ac385488fffdc9b0085
EXPORTER_SECRET 2df6cf49571d86755ea26161a1f3e9616af2a98602fac561b7a8b39be7e89774 28049e1faefdefa5fd2ce56e536c197a2699c3708321943d7c08973e53749a2a4d2343637a097a01091fc25a4f0f65e2
CLIENT_HANDSHAKE_TRAFFIC_SECRET 62bd90f9f54bb98d7ad6dbd59ca94b725588b6445fa7b988e03c4bf8f50a890b 02b9a9d915a282d6c7d323e066e882a6904f6465a55d091d48190ed71f04a79caddeb3028fce10158411d76038711f9a
SERVER_HANDSHAKE_TRAFFIC_SECRET 62bd90f9f54bb98d7ad6dbd59ca94b725588b6445fa7b988e03c4bf8f50a890b e202e8dfaedf3d4e5f900be63f50107dc07b283836199cd790a2c7c0dfa148d2e1c0d44eb9fb5dc4204641aae0fe2d28
CLIENT_TRAFFIC_SECRET_0 62bd90f9f54bb98d7ad6dbd59ca94b725588b6445fa7b988e03c4bf8f50a890b ea9588d6d60b59d63945f62f1484bf6a583b996932c422c85d624b435df19e9263851392376c4627bb6f36ab0034b0c9
SERVER_TRAFFIC_SECRET_0 62bd90f9f54bb98d7ad6dbd59ca94b725588b6445fa7b988e03c4bf8f50a890b 7b86cd31182e924b7e6befa460b51f98e041809257f8e29f40ef211206a9e85b643ea824c8b13da47961f3f4c1addb5a
EXPORTER_SECRET 62bd90f9f54bb98d7ad6dbd59ca94b725588b6445fa7b988e03c4bf8f50a890b 585a1dd835bc0b9e7bdb688dc58061ab7db7d5fce0734e9f9f4a14fc725c826cfc9d48f118ebc55145cb529e2b554681
CLIENT_HANDSHAKE_TRAFFIC_SECRET 8cb818df1515c50536db7102aeca3f68ab475966019e1b987e4f97c706e3b2a0 46881ce2a9a2aaa4042b135971ce9f2cfdd2486cfa53a9a06a04928515f4c2c6
SERVER_HANDSHAKE_TRAFFIC_SECRET 8cb818df1515c50536db7102aeca3f68ab475966019e1b987e4f97c706e3b2a0 22ed36c41f009d62fc7bc7704068612a3c48ca6c6702e484f3c3af474b326225
CLIENT_HANDSHAKE_TRAFFIC_SECRET 4b1d41650b022f10623ee92992132df04d4f759eed70be7abe813cf6070f4ed9 fa82a30882442a2bc5817c12d273121ff0f71bd6741535f8473bfa6054f91dc7
SERVER_HANDSHAKE_TRAFFIC_SECRET 4b1d41650b022f10623ee92992132df04d4f759eed70be7abe813cf6070f4ed9 8a272502ade50ede205cfab25fb4e5b00dc8179f98b66d0c60ba44a54a7ebc3b
CLIENT_TRAFFIC_SECRET_0 4b1d41650b022f10623ee92992132df04d4f759eed70be7abe813cf6070f4ed9 0721928b264e037522d3246d9f487c5e505217c89c0b76954b98b0ee26b8500b
SERVER_TRAFFIC_SECRET_0 4b1d41650b022f10623ee92992132df04d4f759eed70be7abe813cf6070f4ed9 9a063d0972d0036d0a49bc907ac6ef51dd73f152d4fa29a2e6290ce8cd2fb3be
EXPORTER_SECRET 4b1d41650b022f10623ee92992132df04d4f759eed70be7abe813cf6070f4ed9 d406ecc0223e97c7369f2cc2e590c6642a61292a2b2fe5bd9c4383b7e5fbef13
CLIENT_TRAFFIC_SECRET_0 8cb818df1515c50536db7102aeca3f68ab475966019e1b987e4f97c706e3b2a0 62b2cdb451c18b421f1083015ed91fbc450f43b04c4a2eb2829a42d5956f99a0
SERVER_TRAFFIC_SECRET_0 8cb818df1515c50536db7102aeca3f68ab475966019e1b987e4f97c706e3b2a0 5b174c97270e9b12efb5dfa1315ef43f25fbc7e11b04eded6dceb5acfdb8921f
EXPORTER_SECRET 8cb818df1515c50536db7102aeca3f68ab475966019e1b987e4f97c706e3b2a0 f257255ec95d6135d3ef7be680d553625b71ce0facd7a05c2e36f7a7cece3d79
CLIENT_HANDSHAKE_TRAFFIC_SECRET 2508bae4d36f7fa661dd67ae7371bfd51e09c6c62f8dedd52b0646c13dc7c1f2 ac429b1800b20739c7c1b38a9fd0668c9a375e5e456cb3bbc32c2d6e4a2dbf41
SERVER_HANDSHAKE_TRAFFIC_SECRET 2508bae4d36f7fa661dd67ae7371bfd51e09c6c62f8dedd52b0646c13dc7c1f2 accdf82b8a0afdf07d29f697be0dd9d91b254755bc100ca0728d5f08912fe317
CLIENT_HANDSHAKE_TRAFFIC_SECRET 152adf391394b53f7738bd19ff05e7a01338dcdfe5a1138dd042a5fc1d30a7f0 360ff70d624096b741ab1ca444536d706af10d921f5f8f5e2239ed9e5fac284a
SERVER_HANDSHAKE_TRAFFIC_SECRET 152adf391394b53f7738bd19ff05e7a01338dcdfe5a1138dd042a5fc1d30a7f0 708d2e5b0c12cda923f11e1973567a61762d4b5def97e7dc82a47d766c3a631f
CLIENT_HANDSHAKE_TRAFFIC_SECRET 61af4291832a6c77c2ea23e82aed0e6eb04316f888c289cbc58c0a566122a0a2 f917f50dbfb6547f4a88f701286565a8af708aaa22a2f2f1ee9c22d558557e89
SERVER_HANDSHAKE_TRAFFIC_SECRET 61af4291832a6c77c2ea23e82aed0e6eb04316f888c289cbc58c0a566122a0a2 b5dc3320259068a5f8e28a98c82d13cbb82a043d87e7b868645e83a21a2fe4e8
CLIENT_HANDSHAKE_TRAFFIC_SECRET 61b3f75b9a25f7c952088b83996dc2e6cf9bda4434a52974cb40afb3d2730d8b e09d07834119fde98e527f5a60e23380efd851013ab47c57ee387b7faddeca5b
SERVER_HANDSHAKE_TRAFFIC_SECRET 61b3f75b9a25f7c952088b83996dc2e6cf9bda4434a52974cb40afb3d2730d8b c2ec4b11316385efa3c53471d843d0f2362aa4ebd3e2d4c6fed9d5622392629d
CLIENT_TRAFFIC_SECRET_0 2508bae4d36f7fa661dd67ae7371bfd51e09c6c62f8dedd52b0646c13dc7c1f2 c2cd2f322b41f940b575aaf73066cd37603fdb4d434a1791ddbf891d147eee6d
SERVER_TRAFFIC_SECRET_0 2508bae4d36f7fa661dd67ae7371bfd51e09c6c62f8dedd52b0646c13dc7c1f2 114ecdcd93a22640725ffc0ec964b3c7f1be09caff8391c5c5864b8f24f9503f
EXPORTER_SECRET 2508bae4d36f7fa661dd67ae7371bfd51e09c6c62f8dedd52b0646c13dc7c1f2 2d7a836c9582ada6fd4272f7943e155561e1e7483d0f5ac8053978cabe80456f
CLIENT_TRAFFIC_SECRET_0 152adf391394b53f7738bd19ff05e7a01338dcdfe5a1138dd042a5fc1d30a7f0 382598f8843a989c5f5a5028602ddc6cc0d2a6accbc523e64915ea520ef15d60
SERVER_TRAFFIC_SECRET_0 152adf391394b53f7738bd19ff05e7a01338dcdfe5a1138dd042a5fc1d30a7f0 86c2ef6a55fca29ef28f36e670280b9abd5d3373ab6d2b0bd2e5a01f6e4d9623
EXPORTER_SECRET 152adf391394b53f7738bd19ff05e7a01338dcdfe5a1138dd042a5fc1d30a7f0 1d1a27f090f8db2bb2efe628b1565483fc479c1b0503585541b0c82382cc635f
CLIENT_TRAFFIC_SECRET_0 61af4291832a6c77c2ea23e82aed0e6eb04316f888c289cbc58c0a566122a0a2 81fc93be5239c49292115ed62c5e9b586ca142e0807c3bf4e942dca05cc70ca7
SERVER_TRAFFIC_SECRET_0 61af4291832a6c77c2ea23e82aed0e6eb04316f888c289cbc58c0a566122a0a2 05c09443a2e1ec5e052db08482246946bea4e1f85b0a41ee293000b7f31509c5
EXPORTER_SECRET 61af4291832a6c77c2ea23e82aed0e6eb04316f888c289cbc58c0a566122a0a2 bf4641a56f5d971e9ee53a67a144c23352c2147e5a858a4f6e915af3d9e21b49
CLIENT_TRAFFIC_SECRET_0 61b3f75b9a25f7c952088b83996dc2e6cf9bda4434a52974cb40afb3d2730d8b 2c21e0988354333bfd52874d0d35e582bbebec446d6ccb9ab370c2284ed97cc6
SERVER_TRAFFIC_SECRET_0 61b3f75b9a25f7c952088b83996dc2e6cf9bda4434a52974cb40afb3d2730d8b 8f76904c3b3be412c29935ba75d45fc224caaf889857c32407de49f85292b869
EXPORTER_SECRET 61b3f75b9a25f7c952088b83996dc2e6cf9bda4434a52974cb40afb3d2730d8b bddb8ce00f99de2907e6e659f12160603c57c49477fee61ed03392eb286824a3
CLIENT_HANDSHAKE_TRAFFIC_SECRET 5b342e962a13d8466a0b7dc7ebe8ec87674833ac466250094eda678fb91bec24 bd565fc6cb360fe9415bdb6b8604066241bc23792c018f7701a126c1df12f1e3
SERVER_HANDSHAKE_TRAFFIC_SECRET 5b342e962a13d8466a0b7dc7ebe8ec87674833ac466250094eda678fb91bec24 dea4806baa0437c6568b04f7ebdcd34e5fb68042fd31d67e628a69c04ea894fd
CLIENT_HANDSHAKE_TRAFFIC_SECRET bded1a1258892b134a88adbb8f140a6bbcec2e3129e696b50a4ee4c816c550d3 1acf3686baecd3a1e3495dc1c918ef293017d7e1c06b252b3c0094e7047c1d71208a4c2fc19760f30f6ff43453346c6c
SERVER_HANDSHAKE_TRAFFIC_SECRET bded1a1258892b134a88adbb8f140a6bbcec2e3129e696b50a4ee4c816c550d3 3ac571a5e9cdf30335c43735125a6995f796a9c373454e45f4e00f0fdfc53d34f7bffc71f3d7fd8b5abefa25b1af2375
CLIENT_TRAFFIC_SECRET_0 5b342e962a13d8466a0b7dc7ebe8ec87674833ac466250094eda678fb91bec24 610ded423cb2aa24f0eaa483cfef20da10d6effe3fde0cd739082a472d3cadb7
SERVER_TRAFFIC_SECRET_0 5b342e962a13d8466a0b7dc7ebe8ec87674833ac466250094eda678fb91bec24 2f789d6faa4ced7e660d46fade45797da7ee07029a228fdf41a2f7d945c2e5c8
EXPORTER_SECRET 5b342e962a13d8466a0b7dc7ebe8ec87674833ac466250094eda678fb91bec24 6bfb1deb8b083105866e63baa8b8a00f3c93b8f0f0541789efdffc48add75f38
CLIENT_TRAFFIC_SECRET_0 bded1a1258892b134a88adbb8f140a6bbcec2e3129e696b50a4ee4c816c550d3 4e2601eb5543fd648c70d8ef676ae648bb111f19cea5d297fbc5f33ba51c46bf9205e9cb85003b2633da617b69042647
SERVER_TRAFFIC_SECRET_0 bded1a1258892b134a88adbb8f140a6bbcec2e3129e696b50a4ee4c816c550d3 f5f371d7b17cedc2bdac908f90620461b424b38df1964dac8a08e1600992fc537255dd14ac7899acd58f97e6f5084734
EXPORTER_SECRET bded1a1258892b134a88adbb8f140a6bbcec2e3129e696b50a4ee4c816c550d3 f5fe9f30762e4c0d41f8609c90082d40eeeb425090b991091e64eee423a11d31c0c978e7ce894dad664a18ca55d333a7
CLIENT_HANDSHAKE_TRAFFIC_SECRET 5a211d3ab7bde496fd3ddaa05d128858fa48536fe604947db2289de397c59ae4 4300873dde191f64d011cd134a79938a1edfaa0852ef3078cce634a24de57bf0aef74c91038164431a075be91d653eec
SERVER_HANDSHAKE_TRAFFIC_SECRET 5a211d3ab7bde496fd3ddaa05d128858fa48536fe604947db2289de397c59ae4 ead4ab905eb9115f7e96bdb243390dda6d46ea9e69b02eb50b52877b112a328759e73cd0f619dd1609c2d9c1f288271e
CLIENT_HANDSHAKE_TRAFFIC_SECRET 0336804e8a19faae7db962eb42addf70b132463099eb816544c61c98c7296d51 e03d474b939853e2ca6522a9e4e9e00f9d918b73dbb48b5fe361943c51cdf7bc
SERVER_HANDSHAKE_TRAFFIC_SECRET 0336804e8a19faae7db962eb42addf70b132463099eb816544c61c98c7296d51 faafbd3fe6175cc2aaa80b227c9444925d4ffecfea0704daa1bd32cf4c65080b
CLIENT_TRAFFIC_SECRET_0 0336804e8a19faae7db962eb42addf70b132463099eb816544c61c98c7296d51 94b2436293b2080d790032b2e452fd9b148e9b1eecf298fbe4a4b3cc2c65cf0d
SERVER_TRAFFIC_SECRET_0 0336804e8a19faae7db962eb42addf70b132463099eb816544c61c98c7296d51 d3f41259ccff68c7f7a0861d5d6e631155ad524d867a623fcb493d89184ce8ae
EXPORTER_SECRET 0336804e8a19faae7db962eb42addf70b132463099eb816544c61c98c7296d51 6e7f140a577c11306bd114284d2c655c07bbc2830829add248ec0f3413bb041f
CLIENT_TRAFFIC_SECRET_0 5a211d3ab7bde496fd3ddaa05d128858fa48536fe604947db2289de397c59ae4 5ae833ab658032cb7d8a46fe368acbfa2257839cb96fb91c1a84c6b10f10560350567111bb7bf7e1109e9c2ce31d34ff
SERVER_TRAFFIC_SECRET_0 5a211d3ab7bde496fd3ddaa05d128858fa48536fe604947db2289de397c59ae4 96bc395d842aa44b72b581f89ed1d5ee27aad4159d5b7986e7dad047d7c26a953e4d3444e7cf5cec774db8f102346bf1
EXPORTER_SECRET 5a211d3ab7bde496fd3ddaa05d128858fa48536fe604947db2289de397c59ae4 abb22e19f17391ffbb365351bdc18cb5a7998f1aab29952af5bead332a0e4c3a74634f56236cd1be92c50db6584b8aa8
CLIENT_HANDSHAKE_TRAFFIC_SECRET fbf8e28074738660fa5b83ae29b9384ec0e3b4fc6e57b3ba7cc05a1773b63508 5340cfe4c1e495f0dd2dcd5e19de9d3a1493e0fadda0417306b0d46b05c1943a1b97b623ff222b55f59fb304e32964b8
SERVER_HANDSHAKE_TRAFFIC_SECRET fbf8e28074738660fa5b83ae29b9384ec0e3b4fc6e57b3ba7cc05a1773b63508 1887c306f866d73ae815273fea1c62904dafe4aefdf658aaf3ac11bd6812ba3135ea295728837347127ec74df691c9cb
CLIENT_TRAFFIC_SECRET_0 fbf8e28074738660fa5b83ae29b9384ec0e3b4fc6e57b3ba7cc05a1773b63508 6c5e6a5c0aa86dc02e8f23adec617c66227229ec7aad6a1384281b0aba41f45cdbe160a4852ed5ccf87778a3e50369f6
SERVER_TRAFFIC_SECRET_0 fbf8e28074738660fa5b83ae29b9384ec0e3b4fc6e57b3ba7cc05a1773b63508 88a3c8bafdca500b719db6a990ed8355cf5bb758318111c3dabd13ba0fa97ceebd1ba4dd2f6e07bef9906fa344074957
EXPORTER_SECRET fbf8e28074738660fa5b83ae29b9384ec0e3b4fc6e57b3ba7cc05a1773b63508 47e6b69d1fdd7dbd01d830a1302a849fd38284c4b582316ad219f89fc36a13d95c41a22d75253abd928b4020635acb25
CLIENT_HANDSHAKE_TRAFFIC_SECRET f06ffe4a438ec570f5aa674ae3f6a7c34e8329e8d27209dd4dc57685d45b3df4 36a337e4583f36b59e2eb75af2aa351344d3c5c0aa980fd8372f38dd6e6b3f9f
SERVER_HANDSHAKE_TRAFFIC_SECRET f06ffe4a438ec570f5aa674ae3f6a7c34e8329e8d27209dd4dc57685d45b3df4 8e51a8b3cdc29c3b9e7f28cc63c84d1f54abbd32cf17bdb8087d55f01fff77d1
CLIENT_TRAFFIC_SECRET_0 f06ffe4a438ec570f5aa674ae3f6a7c34e8329e8d27209dd4dc57685d45b3df4 effaa32e6bc99709b0f219de1b7edf492793d8a81b45917db276ded9afe7abdf
SERVER_TRAFFIC_SECRET_0 f06ffe4a438ec570f5aa674ae3f6a7c34e8329e8d27209dd4dc57685d45b3df4 eba04eeccb45680b9288df6356056d83a42846e704d85db8a1511aaada6cc31e
EXPORTER_SECRET f06ffe4a438ec570f5aa674ae3f6a7c34e8329e8d27209dd4dc57685d45b3df4 33acb6a2f2a36c3129fe82158791f3e383abf29e7df1a8a4160f0e74ae0bdea4
CLIENT_HANDSHAKE_TRAFFIC_SECRET 0e54b65c798ffba1b10ff9036542a97fe36f8f838fa3e42ff24fddff10b6ea36 74061d73b243594717da5e704389781d534e2f54021ffb431364d6a51853cc5adee0e4962085bbf6ecc1fdf7569a8eac
SERVER_HANDSHAKE_TRAFFIC_SECRET 0e54b65c798ffba1b10ff9036542a97fe36f8f838fa3e42ff24fddff10b6ea36 05ec80b871fbf47c573a687f097a1bed63ea11d2b4cc6bea3ca53f85edc91758435b6aec95a46a6d6ea99dce65cfd55a
CLIENT_TRAFFIC_SECRET_0 0e54b65c798ffba1b10ff9036542a97fe36f8f838fa3e42ff24fddff10b6ea36 2051409ebb8432caea1a3892abbddf7df7fe1a96aafae47fa6df30cba1a6610c3d9849016ee7e7d0987030bfc02cab58
SERVER_TRAFFIC_SECRET_0 0e54b65c798ffba1b10ff9036542a97fe36f8f838fa3e42ff24fddff10b6ea36 61e7813df6686de661739bd6fbc553ffab9b9e2f51ac61dac31822b2b6a39c4312969c37400e51c061875aaf33a227d5
EXPORTER_SECRET 0e54b65c798ffba1b10ff9036542a97fe36f8f838fa3e42ff24fddff10b6ea36 0bc7da0486373c3d4582559c633b200f3570b458e47463a8d689fec9132e2ffe7f956d72b5e20e5d7f07a99f07d42d0a
CLIENT_RANDOM 2f4eea7c3f1ba5e4c2c64f7b68c68a8306e2120a1699f61c8dfc7d4d12bf6f23 32ee1b8fc2eb067f8cd3c67291aeed0b47eefd25dea680ff35664675acc99ed835d583c13f64cd74697fb028dff84fc4
