CLIENT_RANDOM 85c6bb9a36794639b873253bfef0dacb12c5b859a7dd062c5185d1b0761558af dfcec05e21093cbd57b248adf147d128c37c383dae35efb49dea5f6a62065ae34a819b60d529a9019e4f3b281a05be9b
CLIENT_RANDOM 43cab2c7af861b9583024b50e0c71da1293fc9d10da09bffecc65d4c56bb7a9a e3f5e0987f0e87e8c8b7c4c6e4e13057064d54d99149cb164cab0ea82680dc71dba118250879baa6eff5fde9eb1b9759
CLIENT_RANDOM df95e6a7ec18a0c6ffaaa5f5bfa71885ca08695f175af13313504dd80057f714 b7e3c0d3a51d4beb1236ca49d805ea71cc478282fae41c47db3ae389e9fe0adae8cb83bf3e3f86892d14f0e00d6451b5
CLIENT_HANDSHAKE_TRAFFIC_SECRET bc4800f2cfe116610ded9e18e48581821061429c3fbf4c87ce9d2615d0e3d846 a6f58468001fce86a0e4a265093109c4aed55de8e596c6ef236ff60b09e2f248ac26eb110ab40eb8bcf1c9a4288760fb
SERVER_HANDSHAKE_TRAFFIC_SECRET bc4800f2cfe116610ded9e18e48581821061429c3fbf4c87ce9d2615d0e3d846 5d979843036df074bb5b8985d4167d96bf751ee3219fd6e7f25aca8b463223b2921ee0ac79fd997c0c49673ec38a5dea
CLIENT_TRAFFIC_SECRET_0 bc4800f2cfe116610ded9e18e48581821061429c3fbf4c87ce9d2615d0e3d846 df28230f9f28adc7c1d1377204f1ea488ca2f23a063de5fc7c75d9895088665cc6287e6f2954dd1f69e2b89bf5fcd0fd
SERVER_TRAFFIC_SECRET_0 bc4800f2cfe116610ded9e18e48581821061429c3fbf4c87ce9d2615d0e3d846 33e7a121bf4fe55e1e6b117fbef5b04490d11fa4321e804acb00a9f01410cb64322d9910e22ca4c12b1c60a4eed4d4bd
EXPORTER_SECRET bc4800f2cfe116610ded9e18e48581821061429c3fbf4c87ce9d2615d0e3d846 106e98d2f4406a74fc97dc5d59d6576aeaa7cd27cdbf65123f2839f584b553a88e94edc5e8505de317987a9148b9b40c
CLIENT_HANDSHAKE_TRAFFIC_SECRET a4148178243ca969fbadc7995484eba5ba49c7cb82e1502e522d7e2987b417cc e73444945ccd49e2efaf1daf9bcc26e8344bcbc6b5d94cca03aa85227a94382a
SERVER_HANDSHAKE_TRAFFIC_SECRET a4148178243ca969fbadc7995484eba5ba49c7cb82e1502e522d7e2987b417cc 11b97cbe11eea61d5522d4f0530b8789f15dfa660d4164a9687a9e1d142e7fa2
CLIENT_TRAFFIC_SECRET_0 a4148178243ca969fbadc7995484eba5ba49c7cb82e1502e522d7e2987b417cc 5e65f770aeeabb502e7bde5a2b4da121bcf10f4c4c719270cbe2a278bab1f92b
SERVER_TRAFFIC_SECRET_0 a4148178243ca969fbadc7995484eba5ba49c7cb82e1502e522d7e2987b417cc 463465332bad8e94048cc7c4ae174020f3f15a9c60d69dedf2c669a1af05035d
EXPORTER_SECRET a4148178243ca969fbadc7995484eba5ba49c7cb82e1502e522d7e2987b417cc 2ae629910cee30441304531db20c1f016e9c6c119fc471c362c62a108aa8878d
CLIENT_HANDSHAKE_TRAFFIC_SECRET e3c65e9bc27b8f4fadb76295974687528afcb861cdb3581884144461fdb922ac ac2ed852a3f26de275db2c9043afc6a14c17f866e0e72f99ff79c224ccbfc23c
SERVER_HANDSHAKE_TRAFFIC_SECRET e3c65e9bc27b8f4fadb76295974687528afcb861cdb3581884144461fdb922ac 42ad3a7fe6b0d29e3e1e1d8ab240bd965b185918867f1f6968994f9be4e54713
CLIENT_TRAFFIC_SECRET_0 e3c65e9bc27b8f4fadb76295974687528afcb861cdb3581884144461fdb922ac f996178f89a886f2d0bcf95fec33423c652283b7f0ece10792159eebdfe81e4d
SERVER_TRAFFIC_SECRET_0 e3c65e9bc27b8f4fadb76295974687528afcb861cdb3581884144461fdb922ac 524a8f479b853f55fdef7446975ab5b3e0976ba591bd3dacdd560ede02628a80
EXPORTER_SECRET e3c65e9bc27b8f4fadb76295974687528afcb861cdb3581884144461fdb922ac a91d8392619abf5ccc1f499734facfa18f769fa110e1ded6892ce1dc927d701b
CLIENT_HANDSHAKE_TRAFFIC_SECRET b647d23fa6aa2fc78925209ad6f642dc0d8625d34c81292e918595354f326e1d bef5e0bb51ba05c5f4b8437806c6f168bf4891b06b32c18aff05d0f15222c711
SERVER_HANDSHAKE_TRAFFIC_SECRET b647d23fa6aa2fc78925209ad6f642dc0d8625d34c81292e918595354f326e1d 128854f839921c8c103ead3d8cc28ef7dda2297f2caa5cc9baed676d9b9a2bef
CLIENT_TRAFFIC_SECRET_0 b647d23fa6aa2fc78925209ad6f642dc0d8625d34c81292e918595354f326e1d aa867a6fd2cc12a3793f36319bc6bbdd01913c7f1317a176de6948553bcf54c8
SERVER_TRAFFIC_SECRET_0 b647d23fa6aa2fc78925209ad6f642dc0d8625d34c81292e918595354f326e1d a4f332ae9184741347ea475862776f2222feacb659a13665e270efc90d7f6556
EXPORTER_SECRET b647d23fa6aa2fc78925209ad6f642dc0d8625d34c81292e918595354f326e1d ec2f7764d415bdd62ce2d6ab680d6875942fb0945c87f1a5aa5b6c95e09bba02
CLIENT_HANDSHAKE_TRAFFIC_SECRET 0712db6b35d7ed5b8c24801453e3af6b4883726881c62f75398eaf4adbcb6ac7 ee198055795d8b36a7515da789c66bdbb5c454e3dad17ff0353791ac7c5ed75b
SERVER_HANDSHAKE_TRAFFIC_SECRET 0712db6b35d7ed5b8c24801453e3af6b4883726881c62f75398eaf4adbcb6ac7 8451af70404a394f2b1ebef0a2dd0ba6bf34080860f93ab2f3d4e8bfe80557fd
CLIENT_TRAFFIC_SECRET_0 0712db6b35d7ed5b8c24801453e3af6b4883726881c62f75398eaf4adbcb6ac7 2fe3d231337eb3936942d8484c124ce59b6a0bd10bc6832df9a95100ea0332ae
SERVER_TRAFFIC_SECRET_0 0712db6b35d7ed5b8c24801453e3af6b4883726881c62f75398eaf4adbcb6ac7 53e83cb1d4795ebbb525e0de79acf85be07bae613b2a17473f552286cf8c7367
EXPORTER_SECRET 0712db6b35d7ed5b8c24801453e3af6b4883726881c62f75398eaf4adbcb6ac7 6bfe27a159414b60a2e95585426a88fd4487eb01abf7061e0a997a0ff0dafec9
CLIENT_HANDSHAKE_TRAFFIC_SECRET 812d8f7a1713317326b13b0e21c79fafc8198ae9d6e8b20acc5b52d1f0b46bd0 d4e1f66a012340a0570831a40e6829dc85ebf212e48b652e87567befeb94ef97
SERVER_HANDSHAKE_TRAFFIC_SECRET 812d8f7a1713317326b13b0e21c79fafc8198ae9d6e8b20acc5b52d1f0b46bd0 5a47ddee1286a1d1faf91d5466d96f0eebf40030195d6826b33a846178df43cb
CLIENT_TRAFFIC_SECRET_0 812d8f7a1713317326b13b0e21c79fafc8198ae9d6e8b20acc5b52d1f0b46bd0 85e23640c83fcfdc2171dfe3ddb1c18a5fd62f7d36566ce3e6347497cbec442d
SERVER_TRAFFIC_SECRET_0 812d8f7a1713317326b13b0e21c79fafc8198ae9d6e8b20acc5b52d1f0b46bd0 d748e94930ee0a13ad4705cec9a18c1265b0f33c11c72aa01839ec79114f6175
EXPORTER_SECRET 812d8f7a1713317326b13b0e21c79fafc8198ae9d6e8b20acc5b52d1f0b46bd0 885c5b022b6e5733de1f66192e14eb29f3a2d74eabea0c9659a1708377bb7861
CLIENT_HANDSHAKE_TRAFFIC_SECRET 796296320bee474a61d13acb577ee38f8d0bd57ae56cc748031202eacb0d7877 6d1a4ddaa075d6541d8d4a5c1d82b924b96843dad7bb851ec37cfbc6ddb9b38d
SERVER_HANDSHAKE_TRAFFIC_SECRET 796296320bee474a61d13acb577ee38f8d0bd57ae56cc748031202eacb0d7877 592105cc721fc22cc4f677c255969dbb06785fbad8b2e8ffa6052138b6aaefe1
CLIENT_TRAFFIC_SECRET_0 796296320bee474a61d13acb577ee38f8d0bd57ae56cc748031202eacb0d7877 aae9c2b409ede32b43d7b047f9cfa956749c315ce32837cad0d43841893ec56d
SERVER_TRAFFIC_SECRET_0 796296320bee474a61d13acb577ee38f8d0bd57ae56cc748031202eacb0d7877 af2c2e4cd945004fd722a0b11932b62c56cf5619673b7d3c65f7db43118df026
EXPORTER_SECRET 796296320bee474a61d13acb577ee38f8d0bd57ae56cc748031202eacb0d7877 3b3538325b382359a8c0c9a6584d26ce9bb05357de8f3b63ecc2ef067c463c00
CLIENT_HANDSHAKE_TRAFFIC_SECRET 82cd2b9093c16c35542931eef167fe24281add4c897ceef4714f01da9d8b9be2 d40c1404f8a7a5a04cb9071171c59f1fbbbaec0bd88556d2b3000fcd04af0f2026177a4e58f5375ae87d7ba3f6a2877e
SERVER_HANDSHAKE_TRAFFIC_SECRET 82cd2b9093c16c35542931eef167fe24281add4c897ceef4714f01da9d8b9be2 2c8fc4d182dd4f5ad719bcce89592718d7d9db30b1a72f4b2ef3335dc595a658e9e702f39736e12721e0ae202cd1ba87
CLIENT_TRAFFIC_SECRET_0 82cd2b9093c16c35542931eef167fe24281add4c897ceef4714f01da9d8b9be2 1282297389524997a54b0bcc724bf4bc208532979a9f572a610bdc91711c50c3793380c36b4fb1a0fbb4084f1d088a65
SERVER_TRAFFIC_SECRET_0 82cd2b9093c16c35542931eef167fe24281add4c897ceef4714f01da9d8b9be2 0a729c4f80f00af228df4f459b1fb58c797a9137c77fb6b143af00fdcd752cfbf58860a339b5ab28f2339c63a490cdb3
EXPORTER_SECRET 82cd2b9093c16c35542931eef167fe24281add4c897ceef4714f01da9d8b9be2 e191fe43b0cec2e8c579f83ef938eb65706d30af17890b1c5adc9bd6a59dd7a9ae16e22d39ef92943459fed36cf496f7
CLIENT_HANDSHAKE_TRAFFIC_SECRET 3620b314789c701486d44b02f16bea93b3e833440de930b76e08ee6dff880ba0 c3895c19f13f71488cb036ae70194209f08480fd1f31ac987e3dfd1d5e068286
SERVER_HANDSHAKE_TRAFFIC_SECRET 3620b314789c701486d44b02f16bea93b3e833440de930b76e08ee6dff880ba0 29cffa926521d7d806f7191f00e0250901a7b6c24159b04e705d6d9d9c4a2bf9
CLIENT_TRAFFIC_SECRET_0 3620b314789c701486d44b02f16bea93b3e833440de930b76e08ee6dff880ba0 a2eccd57236ec8842a7faaf7f7a412a85bcfd278b3e0234c421d7e73dd0aed14
SERVER_TRAFFIC_SECRET_0 3620b314789c701486d44b02f16bea93b3e833440de930b76e08ee6dff880ba0 4df13c2018e6c1fa352255a46cab3ce2b07ac9a5560e02cc0c156380553f830f
EXPORTER_SECRET 3620b314789c701486d44b02f16bea93b3e833440de930b76e08ee6dff880ba0 357119424df9d4141fe2945514b00bfc4267cfd88689871054c4a37b2411d5b6
CLIENT_HANDSHAKE_TRAFFIC_SECRET bdf8b40046dfe2bebebf03ba51e508ec0730d9c563651893429fb1b2556d0751 4756f014684e49370aee771be87469cbc33e5226ed2c6bb3c4aa25dbd547c9aa
SERVER_HANDSHAKE_TRAFFIC_SECRET bdf8b40046dfe2bebebf03ba51e508ec0730d9c563651893429fb1b2556d0751 a82eb88b9f07f1aa8d949e58403675bb0adb68e03e837f5f98f7271081d29719
CLIENT_TRAFFIC_SECRET_0 bdf8b40046dfe2bebebf03ba51e508ec0730d9c563651893429fb1b2556d0751 6ef84cb34c2bb7ea91d2366a4d1a206cecf63c36578e3ec6c96232398d644332
SERVER_TRAFFIC_SECRET_0 bdf8b40046dfe2bebebf03ba51e508ec0730d9c563651893429fb1b2556d0751 cb8c9ec11a8d69ee65f16dcab0b4f3617edf7a11945a3dbf15d5641de0c173e9
EXPORTER_SECRET bdf8b40046dfe2bebebf03ba51e508ec0730d9c563651893429fb1b2556d0751 e3111267f0c391ef5436a1a8efc125eb6408e703f768bfccd246c738b35b9be5
CLIENT_HANDSHAKE_TRAFFIC_SECRET 285c160afa0621bb0929f2f91decf48b73a38263b109db517c600f81baeeceb1 a22c64cb25e18db8da1d98af83867663bfb29427e0b558d25feab9c4f72fbdef
SERVER_HANDSHAKE_TRAFFIC_SECRET 285c160afa0621bb0929f2f91decf48b73a38263b109db517c600f81baeeceb1 2d226463202dee08586cba9c22dc175ca6ea3b290a93d9620529a2684540ba26
CLIENT_TRAFFIC_SECRET_0 285c160afa0621bb0929f2f91decf48b73a38263b109db517c600f81baeeceb1 8b6a9b3c6c50a96e266a3c655ea07315589fa00f1e367608614ced772f3a8f42
SERVER_TRAFFIC_SECRET_0 285c160afa0621bb0929f2f91decf48b73a38263b109db517c600f81baeeceb1 ef29d653937bf458fb11157ca7d05057a247052291117ae6ebf64bc2352f1665
EXPORTER_SECRET 285c160afa0621bb0929f2f91decf48b73a38263b109db517c600f81baeeceb1 2a605fada9806323111a73aa2f2e32ef23fd21a781456bd1d69707339d023751
CLIENT_HANDSHAKE_TRAFFIC_SECRET bf1c6c439645ae09ba88acbd2c807052881d243d7dbf4c073a9a329ddae22541 38773fd7d654c88e26b276a3bca4c4e6064e13982cb11c5c23cc740673e73e86
SERVER_HANDSHAKE_TRAFFIC_SECRET bf1c6c439645ae09ba88acbd2c807052881d243d7dbf4c073a9a329ddae22541 6406d2e6740bf56f526ea64090918d861a156d52adc7261e9c55c021e0d865f5
CLIENT_TRAFFIC_SECRET_0 bf1c6c439645ae09ba88acbd2c807052881d243d7dbf4c073a9a329ddae22541 30cbd627f0fdaac821214cd3f70ee3d178791cc36205acec41fd908096e96021
SERVER_TRAFFIC_SECRET_0 bf1c6c439645ae09ba88acbd2c807052881d243d7dbf4c073a9a329ddae22541 be2eaedeabc27760ce0f84d1ef8c27838065c3e90bb65d67d08dc50e28cb5ffc
EXPORTER_SECRET bf1c6c439645ae09ba88acbd2c807052881d243d7dbf4c073a9a329ddae22541 1bc91571a11ad42f5dc720924884c995ff13b0afc953ff3112f979aaced45d7a
CLIENT_HANDSHAKE_TRAFFIC_SECRET 03a3926f2f303a7e6a63113d477cb0427ddb1a59053cdac11513880b5893f550 232cf893c97a8322e28543b591bf9e94bdced3c91980a73ef53eddd23f3242f7
SERVER_HANDSHAKE_TRAFFIC_SECRET 03a3926f2f303a7e6a63113d477cb0427ddb1a59053cdac11513880b5893f550 bc1397ba33fdbd59ccc079952664a9c702d2a5e1a1fee76e11174448dcb2b5df
CLIENT_TRAFFIC_SECRET_0 03a3926f2f303a7e6a63113d477cb0427ddb1a59053cdac11513880b5893f550 34e8fafba2408265edd21b876b8555fc912d84a184c87cfc0838a4cb8a63071e
SERVER_TRAFFIC_SECRET_0 03a3926f2f303a7e6a63113d477cb0427ddb1a59053cdac11513880b5893f550 669fae22cb2eb78816154e7fc1cf7bc535929299fd3d8280848e99988f19f149
EXPORTER_SECRET 03a3926f2f303a7e6a63113d477cb0427ddb1a59053cdac11513880b5893f550 d7f84502746d99fe9fe864de3665c75de65a36b5a2d5d835c64fbdb9931c8ef0
CLIENT_HANDSHAKE_TRAFFIC_SECRET 4fab50e0b0438a3b357bfb6316b0ccb761c31c07314a8e1c2504d408428888c8 a0add692953059d8be79f2f79dc9594d7252da1b4fbda289b16a6b48f4e94205
SERVER_HANDSHAKE_TRAFFIC_SECRET 4fab50e0b0438a3b357bfb6316b0ccb761c31c07314a8e1c2504d408428888c8 3af08e613201d221f023f6ea5f6eb1a258e28bf77d734786aac419b0f20a3621
CLIENT_TRAFFIC_SECRET_0 4fab50e0b0438a3b357bfb6316b0ccb761c31c07314a8e1c2504d408428888c8 995f175b9f6861364598efe13f90cbbac5da877f0b81983f3584da635f9c6ad1
SERVER_TRAFFIC_SECRET_0 4fab50e0b0438a3b357bfb6316b0ccb761c31c07314a8e1c2504d408428888c8 4af20d1659a7c7b82a1572a51111460268420d378b8d00c6d125cb10a029f169
EXPORTER_SECRET 4fab50e0b0438a3b357bfb6316b0ccb761c31c07314a8e1c2504d408428888c8 f46a5dab59a11c3ff2de7b6d36f4a19bff1de509de88e51373064017e29ba80c
CLIENT_HANDSHAKE_TRAFFIC_SECRET 1a66fba74ae42636dc8248475b45cf095a876840650e3da68d565752e9c44660 803ef8ae688bc7d9bff2e5861e42499c4a60b24a10e9da8e4e9d9239d04cbf86
SERVER_HANDSHAKE_TRAFFIC_SECRET 1a66fba74ae42636dc8248475b45cf095a876840650e3da68d565752e9c44660 8f5080eb473819ae07575f81fc8be0f3cd8e3bfb606cb0a756654ae69db514d8
CLIENT_TRAFFIC_SECRET_0 1a66fba74ae42636dc8248475b45cf095a876840650e3da68d565752e9c44660 52249daddb8a0ceb2b550163427ce4450fb526e2cfbec9a47dd7cb4a0b873388
SERVER_TRAFFIC_SECRET_0 1a66fba74ae42636dc8248475b45cf095a876840650e3da68d565752e9c44660 06f084bbbc0357b0674734b57a1f34423cc105c2a3734d2c270581c7f56f6ca0
EXPORTER_SECRET 1a66fba74ae42636dc8248475b45cf095a876840650e3da68d565752e9c44660 51d829d660675635888961bd8b5160bad076da3d31c9001015c0ca121b6ab73e
CLIENT_HANDSHAKE_TRAFFIC_SECRET e3d3544d2e5ab88e5eb00ae16564011c1244a015c433f0cf4e4ec0595550dd4f a1f7fd5f9e9ca3ac21343eddf21cf14694ebb08706f472e855bdce707071c975
SERVER_HANDSHAKE_TRAFFIC_SECRET e3d3544d2e5ab88e5eb00ae16564011c1244a015c433f0cf4e4ec0595550dd4f 92b2d133d5517c207a5bc0e57f2722266a58b9e364520deae10a205914486815
CLIENT_TRAFFIC_SECRET_0 e3d3544d2e5ab88e5eb00ae16564011c1244a015c433f0cf4e4ec0595550dd4f d23996603956b6c645173815b9b90344acf78ebae333e82675d7bc22b54d23a1
SERVER_TRAFFIC_SECRET_0 e3d3544d2e5ab88e5eb00ae16564011c1244a015c433f0cf4e4ec0595550dd4f 152e58fe9f9ceb1b12e2694caee537674760222036ea47449d34669d9168fcbb
EXPORTER_SECRET e3d3544d2e5ab88e5eb00ae16564011c1244a015c433f0cf4e4ec0595550dd4f 36ffb5be38b5401d13147b8fd64eff2230a542fe23009a89dec51f150ff1b274
CLIENT_HANDSHAKE_TRAFFIC_SECRET dd381673c535c45b782b46a9adeaf53c117b79b536ff8a0d7f273dad5c555d7e aa7135d2fc7eb868e65482fd01e175849f99d5206839397545bd44cc4b5f5191
SERVER_HANDSHAKE_TRAFFIC_SECRET dd381673c535c45b782b46a9adeaf53c117b79b536ff8a0d7f273dad5c555d7e b77860f3d7d8ecc231652fb5c92c43cb5fbb8b8093d9120921ec00a3fad5bd96
CLIENT_TRAFFIC_SECRET_0 dd381673c535c45b782b46a9adeaf53c117b79b536ff8a0d7f273dad5c555d7e d91629eb17a8b38f423c753dd1bebeb14878b7765c519ed47b68b06f6433d112
SERVER_TRAFFIC_SECRET_0 dd381673c535c45b782b46a9adeaf53c117b79b536ff8a0d7f273dad5c555d7e 2f83d8e01ad57cb50cab95095e7ccd2ad9a76a77f636d7a8a5222bc44e4c46df
EXPORTER_SECRET dd381673c535c45b782b46a9adeaf53c117b79b536ff8a0d7f273dad5c555d7e 2cbde1c9a647f2dba64dcc6e5aa9dd97bbef174a963c49cb45a389b9d04f2877
CLIENT_HANDSHAKE_TRAFFIC_SECRET 3093851c49827cf340106054f5ef840128c7fd5aea92f7202e98084ecb3eb96c 1f248a391019af110f1e20ee5182572003af9b99320b5cca4c06cf5a325ffb75
SERVER_HANDSHAKE_TRAFFIC_SECRET 3093851c49827cf340106054f5ef840128c7fd5aea92f7202e98084ecb3eb96c ee7ffd06dfbe8c677cc565e41c5c84946fba0e205af6442b21fde7cc875d0bb1
CLIENT_TRAFFIC_SECRET_0 3093851c49827cf340106054f5ef840128c7fd5aea92f7202e98084ecb3eb96c 05a15b28154d1134d524ad451ab6a568609c9db857a3b2f244541858c4a53c68
SERVER_TRAFFIC_SECRET_0 3093851c49827cf340106054f5ef840128c7fd5aea92f7202e98084ecb3eb96c c23b553e0a91be5657469e7c32c1b25f223cad8bbaeb21b73b370fa9a60a0ba4
EXPORTER_SECRET 3093851c49827cf340106054f5ef840128c7fd5aea92f7202e98084ecb3eb96c 34b0e23d2d26257f77b6d1018b261fe1cabf85ca7a47d765a2ce98a76b9817ec
CLIENT_HANDSHAKE_TRAFFIC_SECRET 9a706a9b2f1400efe0f2a4bd3299b1c1e0a6b232f310e5bac7e33dec06c95f14 0840ae5607a0aa13bcd78da640e01421389dd90d361e3ef5f4180c2b6e337028
SERVER_HANDSHAKE_TRAFFIC_SECRET 9a706a9b2f1400efe0f2a4bd3299b1c1e0a6b232f310e5bac7e33dec06c95f14 d57ee2762ebb399a6ec19ab6fa1efe39e3320b4718c6864616b252773fd704d2
CLIENT_TRAFFIC_SECRET_0 9a706a9b2f1400efe0f2a4bd3299b1c1e0a6b232f310e5bac7e33dec06c95f14 bb1d961249e76d49daee76586ceb76c2468ad74c115513216bedd6dcbc5211a4
SERVER_TRAFFIC_SECRET_0 9a706a9b2f1400efe0f2a4bd3299b1c1e0a6b232f310e5bac7e33dec06c95f14 aa924a346552f897e19ee3b45dddf2e852672b2a15188bf8a3a588e6eabd9f05
EXPORTER_SECRET 9a706a9b2f1400efe0f2a4bd3299b1c1e0a6b232f310e5bac7e33dec06c95f14 d04dab1734e6c784173f7de88e3a9e17e97a97c0a5c0add35d091318a0e9abbb
