CLIENT_HANDSHAKE_TRAFFIC_SECRET dc118e99409313ef5e09706c07a098ee8b6a5c36235c893fe5ca3eb456904c98 60d087a78282a4706e738f634b775bc71a26913ce406ebda2d5e7d5dd57714605561c8248cb30d15fecabea809095ed6
SERVER_HANDSHAKE_TRAFFIC_SECRET dc118e99409313ef5e09706c07a098ee8b6a5c36235c893fe5ca3eb456904c98 bfb9fb5e951f22c7b477e78a90e5252a837e2ded69ed9e9f853b6f24cb8de4e09cfd4e189693fd2bc78cf6ef96daea8c
CLIENT_TRAFFIC_SECRET_0 dc118e99409313ef5e09706c07a098ee8b6a5c36235c893fe5ca3eb456904c98 fb2b73a4c6d5910d2ef1953ab1559590c680a75056a1bc66f5ed9745a96517f0f786572c395a72f06d407eafb7fadd33
SERVER_TRAFFIC_SECRET_0 dc118e99409313ef5e09706c07a098ee8b6a5c36235c893fe5ca3eb456904c98 50390122fae27e28a257258e9842d2962a20ee2833da339dac3553504aa23555fe4af2876656098a194be08556f13fb0
EXPORTER_SECRET dc118e99409313ef5e09706c07a098ee8b6a5c36235c893fe5ca3eb456904c98 53f519495a288c09fbaedaf4f150817a97e4354d500c35aeea346b2b6566ff19765b5be5558ff7614da3f7e65cccb6ec
CLIENT_HANDSHAKE_TRAFFIC_SECRET 892aa5e383c989502efd16f8fa88af05cce4e11b50b9cb9f17407ef3ad35d8ae de346979ac1259adad013906fe5970783806876af6c57bc7e06b7478a842a70b96d2257e333cb633283f22422c775d7b
SERVER_HANDSHAKE_TRAFFIC_SECRET 892aa5e383c989502efd16f8fa88af05cce4e11b50b9cb9f17407ef3ad35d8ae bd266be3e9649feb37128583ce6609cb0881e32788e25bd9679994edee10a62d856e80275b0fc1a4f9808c97d335f853
CLIENT_TRAFFIC_SECRET_0 892aa5e383c989502efd16f8fa88af05cce4e11b50b9cb9f17407ef3ad35d8ae b4ff9a35cd650b3b98b88a6f64390bf17a4e062ba9c9ba573031d5e593ab88abd37e02c0d2d3364015b12ecc7b6a2743
SERVER_TRAFFIC_SECRET_0 892aa5e383c989502efd16f8fa88af05cce4e11b50b9cb9f17407ef3ad35d8ae 2242ded08904ccf0b3a8261f624629a43ede61b1a1fdab1d6b05e4dbfdef598c7b8095770764abd56c86186d46e9f141
EXPORTER_SECRET 892aa5e383c989502efd16f8fa88af05cce4e11b50b9cb9f17407ef3ad35d8ae 2796ac43cfcf0b3995ba72f4bac86f99591215106a37afc71d405d99d65807d93233788491481b3a23d53176f8563ce5
CLIENT_HANDSHAKE_TRAFFIC_SECRET 935e45aa440d39092728656e0bb9682c6ea179436452d138759899c8308bfada 836e2f5696b6c798b0c732c82af711a77362446e9a280da1251578358ed02990
SERVER_HANDSHAKE_TRAFFIC_SECRET 935e45aa440d39092728656e0bb9682c6ea179436452d138759899c8308bfada 3173c6354ca3cde588251eb1fc10b6797de5841a5ded713220ce4772d3137e5e
CLIENT_TRAFFIC_SECRET_0 935e45aa440d39092728656e0bb9682c6ea179436452d138759899c8308bfada 7593962f10bc69013ef49675d4254f1ddcbf7470f34382f0905eedf5cd549dae
SERVER_TRAFFIC_SECRET_0 935e45aa440d39092728656e0bb9682c6ea179436452d138759899c8308bfada 1f28b9342653e160ffa40ddf5c84c77c9aaec62b57dc074bbc3193f1d35cdd05
EXPORTER_SECRET 935e45aa440d39092728656e0bb9682c6ea179436452d138759899c8308bfada 01ffdc505ad801f79a2bd7f83086faa49ec3336c37ad920ffa7da55bdf6eac42
CLIENT_RANDOM 5f7ea1eb97232d10602d6fafabe227c71bb0e30752b148661ec58f9644e6a3c9 79a9cd7c9ae367ab35cac76e74b9ddcf70512040892bbee8248649c70d710f31f55a4c7aa56cd494c6af86b72b9a6b16
CLIENT_HANDSHAKE_TRAFFIC_SECRET ebfe53eaa0d0ee31ee8aa4aa32b2ba9d38578e249a96a2d33b9be6bfa0a985b7 15f4840b6d66e9478c7db5ed688ede9c7f0741c4e1ba4ddc78c373fa72c33c94
SERVER_HANDSHAKE_TRAFFIC_SECRET ebfe53eaa0d0ee31ee8aa4aa32b2ba9d38578e249a96a2d33b9be6bfa0a985b7 6ff84f623da18c04ff273e7bddf88a1070bcd73c528b0496a546b49f601531ff
CLIENT_TRAFFIC_SECRET_0 ebfe53eaa0d0ee31ee8aa4aa32b2ba9d38578e249a96a2d33b9be6bfa0a985b7 4c8d7a97153f80f7c90827f7bce4a9910223dc88126f1e11dd5a46b06ff65d16
SERVER_TRAFFIC_SECRET_0 ebfe53eaa0d0ee31ee8aa4aa32b2ba9d38578e249a96a2d33b9be6bfa0a985b7 25088ad4c017c75b6970ee3d66d6e6c8c6214420d06ab006c9ecc3f7e0356514
EXPORTER_SECRET ebfe53eaa0d0ee31ee8aa4aa32b2ba9d38578e249a96a2d33b9be6bfa0a985b7 607502f0fdbe964e4eae41954d9357cb799c89025ea1244766c8a8b037067c2e
CLIENT_HANDSHAKE_TRAFFIC_SECRET 9d81ccf5145c464502a72dc25c466c5d3e3504dc1ae25e49635625888add71ac 32f93ba66c0784acb8d7fcfa84075221a02c23432c2240d3517c4ac3d3886beb
SERVER_HANDSHAKE_TRAFFIC_SECRET 9d81ccf5145c464502a72dc25c466c5d3e3504dc1ae25e49635625888add71ac b63e0e1c167e5ba7189e3713f16d0ffa38583e7284db2ab74b2da31d82b94ec8
CLIENT_TRAFFIC_SECRET_0 9d81ccf5145c464502a72dc25c466c5d3e3504dc1ae25e49635625888add71ac 2f3067f11ed7c942a2e094c01ee6ee9476ce59f4a221ba40eafda0847ad464e1
SERVER_TRAFFIC_SECRET_0 9d81ccf5145c464502a72dc25c466c5d3e3504dc1ae25e49635625888add71ac ee04dc96779ccbbbe874624c783b719001730fd69be83cd56f46a3ea6a550029
EXPORTER_SECRET 9d81ccf5145c464502a72dc25c466c5d3e3504dc1ae25e49635625888add71ac b1254131f1808c8628d371e136c5558bd63a7be002b8cb2efcc2d7201acea2fa
CLIENT_HANDSHAKE_TRAFFIC_SECRET af816a673516578b7523ce4c013fee63cc67e7d7666c1d638dfeac42dcba135f 627265b737c771e0b166758613039ef16a814512583936e6f23919d34e6eb78e
SERVER_HANDSHAKE_TRAFFIC_SECRET af816a673516578b7523ce4c013fee63cc67e7d7666c1d638dfeac42dcba135f 950b8bb9a21ec2d43a072159e7a72301aa58995e925a2a982c2c0c3c9b2bef7d
CLIENT_TRAFFIC_SECRET_0 af816a673516578b7523ce4c013fee63cc67e7d7666c1d638dfeac42dcba135f 98f1772a6c3d45d81d20f29c20d33659e5333a041c77f02e2de6190dc2121894
SERVER_TRAFFIC_SECRET_0 af816a673516578b7523ce4c013fee63cc67e7d7666c1d638dfeac42dcba135f 9a03fd582db7aff8799789a82521aa6b4905b9a7b5c94f2f0eb051172db70662
EXPORTER_SECRET af816a673516578b7523ce4c013fee63cc67e7d7666c1d638dfeac42dcba135f 1a5c634f162df95f0cbf974f581c306fa1c4240b2a92338031beb15ad11d32bc
CLIENT_HANDSHAKE_TRAFFIC_SECRET bd83c381dcee70343703b0ab2510027a8ed972ab4c38b57e25e5234e1579d89d bd3e1e850bd434f362087051af8d1c5b3bb15e6e8c5fb646e5039155a368d3d7fd7c40523aaf1e6dbfe16b43934c1e1e
SERVER_HANDSHAKE_TRAFFIC_SECRET bd83c381dcee70343703b0ab2510027a8ed972ab4c38b57e25e5234e1579d89d 554640afe9f269eaf553239ac1bf401903ce21cc21b8c3017321fa29389f66d8e8ac9a5d229f051e8cd92bb214cc506d
CLIENT_TRAFFIC_SECRET_0 bd83c381dcee70343703b0ab2510027a8ed972ab4c38b57e25e5234e1579d89d cebd939627b66eed81c8002522079ec3c9f5e6746ec96c0bd5553ae60059e1eb7011cb2e1a9b09f6545b069f2d8bfd25
SERVER_TRAFFIC_SECRET_0 bd83c381dcee70343703b0ab2510027a8ed972ab4c38b57e25e5234e1579d89d 48a4c7018df591f514a31d1ee2929d298d37fb5f6f182af9623798eebb32601f581a96c1a7755a58ca320c5bf92a068e
EXPORTER_SECRET bd83c381dcee70343703b0ab2510027a8ed972ab4c38b57e25e5234e1579d89d b0de32d34babd971b5e81d98f9e1f3e3c690f621bcd5b5232f6edc1372bf5427363ec4aa80f9d14fac739f7336508c56
CLIENT_RANDOM d92f3f8d5023ac64932f2c315d66b25de42d3745d0c422308e53d283de5efe27 129ad8e2edeb7a63f66a15c101f15549647880143a359f99b83c6cefcb85c5db79b782b4182a3b125dd081455b561d7f
CLIENT_RANDOM 00a59d35a0f3c8507e1b8f8b3eb3aa159638c4e25c21b221600f69f48b935912 f146212b3c0e34c8e0b3f385fcf4dbb24879b227e264f6a41e7399df296339d1def3a2993da03b32a6e2dd8f41478806
CLIENT_RANDOM c92295cdda5e0a6ce42309daf0fb0afff6487c41e9efab904ab43146f185e5f2 ee0e5359e8148ccb5ead99168d155d0e401e8132566288a209ab098ea60f59e57f3c992a947e199faf26f4d7ffa2cb59
CLIENT_RANDOM 11fa324aaa7322a9eab3a31b680b7b53e59be228724bc3dbbd0924693ab4e6e6 2b52768e74294e0e5c392cb852f5e96077e85bd5f25d28aa2dce3a98a8bfef8080c7626feb46f024e1afd8298506bc04
CLIENT_HANDSHAKE_TRAFFIC_SECRET fa016341fa0d4e1238d574742464899348a6d57fced737e64866e96bc1d8dbcf 52093660ad3491d9e58a580f7fa4daf0a53d715ae047c1865fbaafc312591ead27220baee3d3de05bff0c79bb84d44ba
SERVER_HANDSHAKE_TRAFFIC_SECRET fa016341fa0d4e1238d574742464899348a6d57fced737e64866e96bc1d8dbcf 876ea71e266b489f98a1e29fd366c51f2f3d4b3e491b88e8a357de4082a2283ba23d0e5d582824e7dcfc84b8b6b3ef1a
CLIENT_TRAFFIC_SECRET_0 fa016341fa0d4e1238d574742464899348a6d57fced737e64866e96bc1d8dbcf 938700e00b139b781e9954fcd79997fc82ea1eb6cd5db860ee8d28c85f039d4fd682302b8dd495f2a40cbe104ae69df6
SERVER_TRAFFIC_SECRET_0 fa016341fa0d4e1238d574742464899348a6d57fced737e64866e96bc1d8dbcf f5c3d4b88746e36bb48c218661fa362f529184ca643382b3ae8ea8e645ffcf64d17049f44c1a66d9ec6f8a6c3e5ca28e
EXPORTER_SECRET fa016341fa0d4e1238d574742464899348a6d57fced737e64866e96bc1d8dbcf f0e1978e0040896d72bfb23a02d3fc6fd5022a668dbb3d98af8d2266337f8883733c0e2382271cb755ce63f5affb50ea
CLIENT_HANDSHAKE_TRAFFIC_SECRET 0157d978520e5e1a5248c73a8ada2df6e5312ccc1c0436947ef6759a6548ff81 757a96bf1a203d8307d6bd4cfd1beeed2bbc8ef6c84dc87970c67210e9b48128
SERVER_HANDSHAKE_TRAFFIC_SECRET 0157d978520e5e1a5248c73a8ada2df6e5312ccc1c0436947ef6759a6548ff81 c25fd9b59929a660c61ed755f42d8592186e97b989ce7516bbd88a5e299fad77
CLIENT_TRAFFIC_SECRET_0 0157d978520e5e1a5248c73a8ada2df6e5312ccc1c0436947ef6759a6548ff81 ae702b3251f34617e4bcd60f70d0ad5f4fa0f7602fc55009d32e17bbd810908e
SERVER_TRAFFIC_SECRET_0 0157d978520e5e1a5248c73a8ada2df6e5312ccc1c0436947ef6759a6548ff81 d266b39ece0ed4e8dbfc70a8a0be87f12d11339765ee55d61aabc48a7d2ae015
EXPORTER_SECRET 0157d978520e5e1a5248c73a8ada2df6e5312ccc1c0436947ef6759a6548ff81 b60cc5daf678944a7dd39df9f756388baf14fd81248d46c6d8971caa33aae742
CLIENT_RANDOM f25694a71d9b2df356d31a886c6e10ed5a86965edca5445dba8eb18a9b1adf6a 1e10d36c2aee7c813107439a7a060438f3d0d513cf43f769876c0408f95351fcc418e85e755fa8d88f15087a81f050a3
CLIENT_HANDSHAKE_TRAFFIC_SECRET 9c283dab2e62cbd5c7b34df284cde0060a9f54783076f3437a6c38d0b3da8384 50e4ceeb9e39be5cc87b0247b89b2a6144cddb0feb08d54aa5f862e5f830fc1c
SERVER_HANDSHAKE_TRAFFIC_SECRET 9c283dab2e62cbd5c7b34df284cde0060a9f54783076f3437a6c38d0b3da8384 a5dae152627845e520fb6359a3cc3b1959991dfd8449730e2049911fbc2eb0cb
CLIENT_TRAFFIC_SECRET_0 9c283dab2e62cbd5c7b34df284cde0060a9f54783076f3437a6c38d0b3da8384 892262b204c3975e8415b2cf4518f313b465e5f69c0cfda08c90c8317a177613
SERVER_TRAFFIC_SECRET_0 9c283dab2e62cbd5c7b34df284cde0060a9f54783076f3437a6c38d0b3da8384 b06663f07dcc00ab49562a4327f83c37cfed65b0fb0adfe39a3d6b46e3445d76
EXPORTER_SECRET 9c283dab2e62cbd5c7b34df284cde0060a9f54783076f3437a6c38d0b3da8384 6b1b6bb9b32854f6e502affd2083c327049d548324fd06ee1c7f4cc698e01064
CLIENT_HANDSHAKE_TRAFFIC_SECRET 29d75d71fc2d419f65af735f601698c4c783f151a4019d5a86f0390938b09595 8912c13f657d8919cf5ef2c0084542dd74d020e9bf36df072a04e52291c1721e
SERVER_HANDSHAKE_TRAFFIC_SECRET 29d75d71fc2d419f65af735f601698c4c783f151a4019d5a86f0390938b09595 76e1e07302da905ea16eba8c93996d9a777152a1f8a23746c06b59cd520b9def
CLIENT_TRAFFIC_SECRET_0 29d75d71fc2d419f65af735f601698c4c783f151a4019d5a86f0390938b09595 05fb857ead0e7a413431f0dcefba3ade3b8fee0442ea8f0e2ab58260ad76cbb3
SERVER_TRAFFIC_SECRET_0 29d75d71fc2d419f65af735f601698c4c783f151a4019d5a86f0390938b09595 ad584fdb5ae25527b0f03fc03534016825a75e4c3c4bc6e4446149992a3e101a
EXPORTER_SECRET 29d75d71fc2d419f65af735f601698c4c783f151a4019d5a86f0390938b09595 3bcf57d24fb1b8bd6665e3f1ffe8691f03aeb1176acf8538de38349d2762e311
CLIENT_RANDOM 2fe939006825ea171a5659ed4bd0bbb90b2c7a52d1b951dd21b853aaa50794eb b9aedcdd5d678360978aeb1266d0c9a7836c048b7313ddc2e86ae9d17d4614ca904ba2c0cb4546670f96e7faabb98305
CLIENT_HANDSHAKE_TRAFFIC_SECRET a4e0fb295b96d0ae0d8b3a80f84ba6b2d1e6e1a2e0e9f22e2b187684dd45f3e8 c6ad2cdbe7468e57e3889b6b14519434deee4fd7d7f2cbeed53857b18ebe107c
SERVER_HANDSHAKE_TRAFFIC_SECRET a4e0fb295b96d0ae0d8b3a80f84ba6b2d1e6e1a2e0e9f22e2b187684dd45f3e8 41b93b55692a581839d0f6c615db690a0d96808348a51b22ff0d5dbec85e1a16
CLIENT_TRAFFIC_SECRET_0 a4e0fb295b96d0ae0d8b3a80f84ba6b2d1e6e1a2e0e9f22e2b187684dd45f3e8 2a61e073c7308cd0bcf319d77fa3efdfbe7b06a4a3ceb3ccb12b2ccf1805bb58
SERVER_TRAFFIC_SECRET_0 a4e0fb295b96d0ae0d8b3a80f84ba6b2d1e6e1a2e0e9f22e2b187684dd45f3e8 ba0fd597eac38555ea48437d8d30d8f2a16bc7cdad1a8ff225381e37ffb071e6
EXPORTER_SECRET a4e0fb295b96d0ae0d8b3a80f84ba6b2d1e6e1a2e0e9f22e2b187684dd45f3e8 c1e94d973392faf9e432be282ef520451cb954b1aa7882901ae13b012f1ffa3b
CLIENT_HANDSHAKE_TRAFFIC_SECRET 376b84c0fc3d3fc3a3fb37ddfc6bee5521c2d43b11801f4a919f22a86d5e847f bea62ba51482908a11f42dd0199de8caf17643af75aa4e0fd665b3028bceb760
SERVER_HANDSHAKE_TRAFFIC_SECRET 376b84c0fc3d3fc3a3fb37ddfc6bee5521c2d43b11801f4a919f22a86d5e847f 37c930b5f4a787e88dc51855810ced25078248f6f9c92f5d4930363503c748d0
CLIENT_TRAFFIC_SECRET_0 376b84c0fc3d3fc3a3fb37ddfc6bee5521c2d43b11801f4a919f22a86d5e847f 03d4924101ec8c8a6f66f7b4766c1b1d0f026ee6654a159c66d72504c72fb8c9
SERVER_TRAFFIC_SECRET_0 376b84c0fc3d3fc3a3fb37ddfc6bee5521c2d43b11801f4a919f22a86d5e847f 48b8652de5bbf6722884732c9fa112cd193e4b85e9bed341d550981d8397d544
EXPORTER_SECRET 376b84c0fc3d3fc3a3fb37ddfc6bee5521c2d43b11801f4a919f22a86d5e847f 45baea70669d2bd87852d36ea0ed01b7260e20baa9b4058a3541e15a6a2b5076
CLIENT_HANDSHAKE_TRAFFIC_SECRET b75b82ca5d50b0e047bd151558512a04247c38d1869976b2a46b4cc2f0bce4c4 7b67a0fd0656e788c3009800768af1767578a1fd542ae07d93c6647ada5d3a4b
SERVER_HANDSHAKE_TRAFFIC_SECRET b75b82ca5d50b0e047bd151558512a04247c38d1869976b2a46b4cc2f0bce4c4 bc24ab709dcd03f775b31ec27c4daaa4620f8aa8612fab7402bd607bfa559534
CLIENT_TRAFFIC_SECRET_0 b75b82ca5d50b0e047bd151558512a04247c38d1869976b2a46b4cc2f0bce4c4 3d3e9388245fcfc2fd6f74e398c94a169016c5cfb993231c57337eeb06a2a4d5
SERVER_TRAFFIC_SECRET_0 b75b82ca5d50b0e047bd151558512a04247c38d1869976b2a46b4cc2f0bce4c4 e612ab86a7af727b87c659bb4560b3213a438c8a9d8cfd64e0d9f7164546a7f6
EXPORTER_SECRET b75b82ca5d50b0e047bd151558512a04247c38d1869976b2a46b4cc2f0bce4c4 bc46b93c814ddd00c7d18e1f79a858c22c43fc08ae519f282c400132f11967fe
CLIENT_HANDSHAKE_TRAFFIC_SECRET 7d8ae17601bf17bb631601945257aa2107d9e7bba0a45f9552369e289422f230 6858568ddf390f37d251938ad5265e90fd3479cc3e92b80683c41e92bbeb2ee11c08857fd6393b004b48d938c2b691ed
SERVER_HANDSHAKE_TRAFFIC_SECRET 7d8ae17601bf17bb631601945257aa2107d9e7bba0a45f9552369e289422f230 0ebfe2efca58611ab492e93741acd6c4ff3e3f8e898495005d8a47d4211548d7141848af07b929d0119c365c6f1912de
CLIENT_TRAFFIC_SECRET_0 7d8ae17601bf17bb631601945257aa2107d9e7bba0a45f9552369e289422f230 02e6d98972b708ff008f20e7ac1ab0c1443ce7f22fdf8b938f61b8e76ae8cbc32d16870f0de83e596297d82407ea40f7
SERVER_TRAFFIC_SECRET_0 7d8ae17601bf17bb631601945257aa2107d9e7bba0a45f9552369e289422f230 ad447c4622bf721cb30bbdca1ffd7dd10053a5af51cff67f39d65295aebc5ee9519646978fffa365a026cabe6e1527e8
EXPORTER_SECRET 7d8ae17601bf17bb631601945257aa2107d9e7bba0a45f9552369e289422f230 3c28e2cc0aefcd4b5b17458c4c68e9084edd2d4ea8fd5cb43d2256f1a42337517dc58fb0e56718ebffd13096a3aef4fd
CLIENT_HANDSHAKE_TRAFFIC_SECRET e5f2bdf1671a559abc507fbee385bf937231efbb86c3cd4e92278efeb7661447 6059c67b332ad3fe7b5ff66082ab4fdd1da2330730f918e61713cd900fbb4713
SERVER_HANDSHAKE_TRAFFIC_SECRET e5f2bdf1671a559abc507fbee385bf937231efbb86c3cd4e92278efeb7661447 2fc66e13575539caaa20771446c7cf5a2f96e28b488c7128c2e826af4f7b2c56
CLIENT_TRAFFIC_SECRET_0 e5f2bdf1671a559abc507fbee385bf937231efbb86c3cd4e92278efeb7661447 e6e439c0eed864e25506273b8b35b997f65fa8b9fd345c3200dc03db02c94e13
SERVER_TRAFFIC_SECRET_0 e5f2bdf1671a559abc507fbee385bf937231efbb86c3cd4e92278efeb7661447 bbe6c2854904604e25e89d4214ba73f34171648315df070ebdd9fa7cc76faab3
EXPORTER_SECRET e5f2bdf1671a559abc507fbee385bf937231efbb86c3cd4e92278efeb7661447 3bdf5cd035260faffb6df7d683fef608e9b7d825bbce1374cf1b1e5b9aaeb6ac
CLIENT_RANDOM 8e56237c7b5eb39235493bae48877c7057283bc22396c7a8690059b139fbfb81 6d6bf5490cbe8dea814ef3f1d2b82187d5fa16b448f4f4c547adedfb93dc795e357629b55bd1a5723c83a1e5e0f48381
CLIENT_HANDSHAKE_TRAFFIC_SECRET 800c80371a18f4f4c3bb781d45b24417a8c356b5d21edc9c090f6c35405f8512 84fd772972dcde8f286dd84ecad198d364095a8213f4f89a36090d11d7cfb10b
SERVER_HANDSHAKE_TRAFFIC_SECRET 800c80371a18f4f4c3bb781d45b24417a8c356b5d21edc9c090f6c35405f8512 90092e9b5d4b4055334d690b8a0bad951b8300859dd548aa16dbb6f81a1efd35
CLIENT_TRAFFIC_SECRET_0 800c80371a18f4f4c3bb781d45b24417a8c356b5d21edc9c090f6c35405f8512 97485ef0ab097fb462ea1ccbdeed3230ced264d90bde2ae13fcfa42313c61a8e
SERVER_TRAFFIC_SECRET_0 800c80371a18f4f4c3bb781d45b24417a8c356b5d21edc9c090f6c35405f8512 887d57b2f476614197a8cabdea53e4d39dad0b2de05a34d4776ac3938d6b22e7
EXPORTER_SECRET 800c80371a18f4f4c3bb781d45b24417a8c356b5d21edc9c090f6c35405f8512 54d0adadb1d51c29ef12651c118e1839eaa81b95975bd88f053b54523935d9a8
CLIENT_RANDOM f54db9b68ab400613d7f209a1fd1dd83930bc8dd3cee7a04cadc1d42e28c34d1 8172e47ac24a805a8b90778190874ab5f4ed412342ce49dfd1c69d251cad16362702748af634f11c5d5d92736870b7df
CLIENT_HANDSHAKE_TRAFFIC_SECRET fb9f30b167a8b8852313df5716f3bf1587a865e5bd7bff134a65b17e37dc8adc 88b0a76091ac57f72907a7fd5b3009ec24662ddbd4bf919255f6bc3c1632db57d4991fd4b07b3333a1d69757ec98e55d
SERVER_HANDSHAKE_TRAFFIC_SECRET fb9f30b167a8b8852313df5716f3bf1587a865e5bd7bff134a65b17e37dc8adc 8db2b2f91d9b4aa09499a6c224bc89fed9b1c6f986d1d0a5149d528781778bc3d29bcb12a1b8c5ad1eb32ea91294d8cc
CLIENT_TRAFFIC_SECRET_0 fb9f30b167a8b8852313df5716f3bf1587a865e5bd7bff134a65b17e37dc8adc 75c518e818ce7057d41c43f399ef9a3dae5c5bfc6a2817b27041a68583824347c1e9d55eeabd90b161dec57589300057
SERVER_TRAFFIC_SECRET_0 fb9f30b167a8b8852313df5716f3bf1587a865e5bd7bff134a65b17e37dc8adc f359a72570c9c6b7d1b6423491281465324025f0184ceba6b78b3836742f00130679626a441ac9edca2f705bb96dbdf8
EXPORTER_SECRET fb9f30b167a8b8852313df5716f3bf1587a865e5bd7bff134a65b17e37dc8adc d5669442f918e688f1a18dbb5f9c39bb20c9513bdae78934efbdc038d2e6f884ea6e39e2a835f64f739809dcb53ae74d
CLIENT_RANDOM 5c0084a31bc8d369150ae0ab00a0e12f445fd22281eab95d296ff709d1f095b9 242a1804b666fcfc8576a0f7392d060a76b149c12db33e706b6a8f80ed7c212ff83f9a2f352c425b13161baa04de6819
CLIENT_RANDOM eaf365f19533e3e1056db2fc942e82b842447bf0e434d8a60ef2c02eb0588004 1197b564050fbf63007594b823d4af297d25266566a907ff16ea4d229bf202a0a56ac8e176a465d7c45c498aafc570bf
CLIENT_RANDOM 82d023381a310702ff44e0e7a323e427218957d2489290b2e7428dda10912cdf 095abe13694802bb566e49126498554e780e213ae28833e577d3012f4bcba54029a7bbe909739871918db2c60f5fac01
CLIENT_HANDSHAKE_TRAFFIC_SECRET 55dd633e45281943c488ec2fabde26764354af6bdbc0221ed840e30a708d7a48 ff420afc1f18465138ef543bae8d952c1632f3ea02c0842da67bf08637a62151
SERVER_HANDSHAKE_TRAFFIC_SECRET 55dd633e45281943c488ec2fabde26764354af6bdbc0221ed840e30a708d7a48 5901083e87be5ced36a03d95598d084a95bcf60125b922691711a8c45f24e3e7
CLIENT_TRAFFIC_SECRET_0 55dd633e45281943c488ec2fabde26764354af6bdbc0221ed840e30a708d7a48 78ad8ce11608715fcb5987e4c9352e77c2e4af7b8c48c62dee61b61e14a2acca
SERVER_TRAFFIC_SECRET_0 55dd633e45281943c488ec2fabde26764354af6bdbc0221ed840e30a708d7a48 8f269537f0e7cf9e67a98fdd847ae1423bb7dfbb0e05a7bc9dcee4358d3dee08
EXPORTER_SECRET 55dd633e45281943c488ec2fabde26764354af6bdbc0221ed840e30a708d7a48 a52bd3fa85c6de65d68c3f4c464fae7304e4732ffd6ae2e302941eb3fd500ea5
CLIENT_HANDSHAKE_TRAFFIC_SECRET e36918044ee7efeb156378122b19699a18518efdf7821bba0569cc6defd585d6 029ab99f20af14fe397edab6475672c19a361de1bce1f754126ade9e6dd58277
SERVER_HANDSHAKE_TRAFFIC_SECRET e36918044ee7efeb156378122b19699a18518efdf7821bba0569cc6defd585d6 723c5b2118cb75fa0b1544baee180bd2c86cd33831cb312d2f700da9a8c3fd2b
CLIENT_TRAFFIC_SECRET_0 e36918044ee7efeb156378122b19699a18518efdf7821bba0569cc6defd585d6 b245f96c46bee58bc136e4bb83e7560b218a8c975e1c724571d5baff0fb129db
SERVER_TRAFFIC_SECRET_0 e36918044ee7efeb156378122b19699a18518efdf7821bba0569cc6defd585d6 6d766433e32cc00929203c4041b3861491b3d1c2b28ae9f31523aac45f69c9a5
EXPORTER_SECRET e36918044ee7efeb156378122b19699a18518efdf7821bba0569cc6defd585d6 791101c6e4bbc3b7fd54eeefaaadfcf8d003f09bf39277ae1d064a7b4d2881b8
CLIENT_RANDOM 3dbfe90444a54865ddbcc318f3d278dc2485cd0ea096e0dd33ee7fd77f2f8e1a d6fad548abc7c2dbe0c6703054b0cfa614bb27c343d943c1d7068ea00daffe6bdb5cfae7b552ad1c77c1fa054818efb3
