CLIENT_RANDOM 710004e0a91a54f2e59ce14012674c9754e8af637882f7db521fb17d985fe0e8 4967f39ea8fb2625b75ff1d06b0e219f97c363bd0b62e8d8bb2132d5e6597c6ca16ba930108204f7cf0998f7a88604f9
CLIENT_HANDSHAKE_TRAFFIC_SECRET c9bbcc272c3ba2fb026be522c84e68f98526199a23dd55ec948fd281f2c20778 9b2f89d502ae6b6a3bf5c2ec2b2cba79d1a2ef294d2e3a396e5558c8b138bb08
SERVER_HANDSHAKE_TRAFFIC_SECRET c9bbcc272c3ba2fb026be522c84e68f98526199a23dd55ec948fd281f2c20778 c659dd89a51115a961b82444d7177eb518e20be0895dee438b5558c04bf20d54
CLIENT_HANDSHAKE_TRAFFIC_SECRET 382cf1aef3550c94852d161d2c9c32a6f8a3496932e31e3b6d2f4e9dace7d4b4 bb8ece4535d0dd61e4971d5279c2c041ab50b4644c2ec1a4f53d25e9a91233fa
SERVER_HANDSHAKE_TRAFFIC_SECRET 382cf1aef3550c94852d161d2c9c32a6f8a3496932e31e3b6d2f4e9dace7d4b4 2f6fc4887ff6c9e5947dceaa2e7632707c0a07e1d057575bf986de612cbd51d6
CLIENT_HANDSHAKE_TRAFFIC_SECRET b868552360e559bc5353d336cd03903e988c7272802ee9c304261859c43b67bd 7d37ad70ac3a248cf33b42dbc236b623acc0842afb7adf40bb1a32912d2f0ab0
SERVER_HANDSHAKE_TRAFFIC_SECRET b868552360e559bc5353d336cd03903e988c7272802ee9c304261859c43b67bd f3732a859e03eff3d5335ec0a5d99958b8d370e85d42f24a565977b873dd61f5
CLIENT_TRAFFIC_SECRET_0 c9bbcc272c3ba2fb026be522c84e68f98526199a23dd55ec948fd281f2c20778 9d90abf75b75c776b1c8d90626c945936e9d14765f89b7b3027538554be606e2
SERVER_TRAFFIC_SECRET_0 c9bbcc272c3ba2fb026be522c84e68f98526199a23dd55ec948fd281f2c20778 ccb08ec38cda2e16158a09351267296d1ced71f9b89b40336bd47b6fe3634eab
EXPORTER_SECRET c9bbcc272c3ba2fb026be522c84e68f98526199a23dd55ec948fd281f2c20778 433bac133c2eaa9f2cdb5a23cef3894c7e80ee54cd8f99d2bef5a0ae49836383
CLIENT_TRAFFIC_SECRET_0 382cf1aef3550c94852d161d2c9c32a6f8a3496932e31e3b6d2f4e9dace7d4b4 24f11f37bedd204966eb153e4f2f66cb262ad98965cbfa4ef178cf05234cfe07
SERVER_TRAFFIC_SECRET_0 382cf1aef3550c94852d161d2c9c32a6f8a3496932e31e3b6d2f4e9dace7d4b4 5289a318b074da0cda7fd56b4e7f6cc9056ac723d2def73ac3c1c3657e0bb60f
EXPORTER_SECRET 382cf1aef3550c94852d161d2c9c32a6f8a3496932e31e3b6d2f4e9dace7d4b4 7a7bd87ee0b466da7b55758062b671e958a81505dffabe03aaf2d62ddc54d48d
CLIENT_TRAFFIC_SECRET_0 b868552360e559bc5353d336cd03903e988c7272802ee9c304261859c43b67bd dc4319158c17ea5c1c80e42450e8498eef7c1d2399880792821cbfd667e587ac
SERVER_TRAFFIC_SECRET_0 b868552360e559bc5353d336cd03903e988c7272802ee9c304261859c43b67bd 156ef275c032ffdce57d77395f6cd99a09c5c61c31ec3be57988cc882b5e3c41
EXPORTER_SECRET b868552360e559bc5353d336cd03903e988c7272802ee9c304261859c43b67bd 951ff3b03d586945d5397c973869475e54a436f0c9174256cb3666f2b6c31232
CLIENT_HANDSHAKE_TRAFFIC_SECRET 96ff1562547498988222fed56f173c45282ebbaecb5099b18f3233f8fc93c013 614ae4228b2d7e83c9bab42407adebc8cfe379ad61be4f4061d42f4096b43030
SERVER_HANDSHAKE_TRAFFIC_SECRET 96ff1562547498988222fed56f173c45282ebbaecb5099b18f3233f8fc93c013 1e138ba9fcc11188844a15e880e3d62650a74b5048caaf18c965f8bcd2e1752b
CLIENT_TRAFFIC_SECRET_0 96ff1562547498988222fed56f173c45282ebbaecb5099b18f3233f8fc93c013 495702d55a1a16579dd6781ade53dd0ab4212afb72ae907b1325b60dec634cca
SERVER_TRAFFIC_SECRET_0 96ff1562547498988222fed56f173c45282ebbaecb5099b18f3233f8fc93c013 f4b81b20e7ed21306da01dee4f874365bd9fcdd4c4f8004e0e0fadf3493ccaa8
EXPORTER_SECRET 96ff1562547498988222fed56f173c45282ebbaecb5099b18f3233f8fc93c013 0412939e9fb1504944deaf9cfc7518f32c5ae534cb041462ffa42ce4efa182c0
CLIENT_HANDSHAKE_TRAFFIC_SECRET 688ab66b0efd9016237f36858779c3c8216d551b9d40367d8421db41aecb889f eb77c0453b777bb3b49f5a5549bb854e16dc7187f9d73c5c798a4c403c5c9547
SERVER_HANDSHAKE_TRAFFIC_SECRET 688ab66b0efd9016237f36858779c3c8216d551b9d40367d8421db41aecb889f 87d26023fdb2f5850e45b8d852149683cbb0308adc65c3ba75b1c2a41d427a91
CLIENT_TRAFFIC_SECRET_0 688ab66b0efd9016237f36858779c3c8216d551b9d40367d8421db41aecb889f c79e0e123ff18487995a77134fd0ec1067f98fa9f8ff7e8a7d6a3cd43a9a79c9
SERVER_TRAFFIC_SECRET_0 688ab66b0efd9016237f36858779c3c8216d551b9d40367d8421db41aecb889f 46f687fe87490ab280c4650fa7c2a98bfdd38e171ba00c4b6be72e58b9fd6f8f
EXPORTER_SECRET 688ab66b0efd9016237f36858779c3c8216d551b9d40367d8421db41aecb889f cfabec669d4e764bfd03060d583ba9d828134ce68e7ec037cb0908d1d3d92346
CLIENT_HANDSHAKE_TRAFFIC_SECRET d3859b833b7fa7d6850b436d324aed5bf3e98188b4ab04930ba7f335dcfec6f3 a62fb89348d7994e3f7c3d8624c27d0e582470b1fa6efdf62ea9607b364bffb4
SERVER_HANDSHAKE_TRAFFIC_SECRET d3859b833b7fa7d6850b436d324aed5bf3e98188b4ab04930ba7f335dcfec6f3 844175857a6f117561e526e224ee66434a14fb4da2621ec45e2ad67826614e2e
CLIENT_TRAFFIC_SECRET_0 d3859b833b7fa7d6850b436d324aed5bf3e98188b4ab04930ba7f335dcfec6f3 98747fd85bac7cd32a39e31af6ef52e02df57709d06abecec8ff9a84f1bb6c2e
SERVER_TRAFFIC_SECRET_0 d3859b833b7fa7d6850b436d324aed5bf3e98188b4ab04930ba7f335dcfec6f3 53d345fdd5ab4e5bef903a663a2df3a8ec36b8ab9f124fa08ef9351d95f335e9
EXPORTER_SECRET d3859b833b7fa7d6850b436d324aed5bf3e98188b4ab04930ba7f335dcfec6f3 2126c4aa141ad82714ff7bb4570f08f06f155f3e55c48e57ed7076ddd81d1fb5
CLIENT_HANDSHAKE_TRAFFIC_SECRET e110296636dd3d15d6bffae128d9c9bfc1c8d9e4245513ec77a3e7c1d1086e2c 16d8a658539838faf371b5b3279819bc2286bf9b929ddd7bd31d0672293fb443
SERVER_HANDSHAKE_TRAFFIC_SECRET e110296636dd3d15d6bffae128d9c9bfc1c8d9e4245513ec77a3e7c1d1086e2c e67db70b966b4d17a590642ee61d1d6b4034afa68f85f6faef21069784cd7b50
CLIENT_TRAFFIC_SECRET_0 e110296636dd3d15d6bffae128d9c9bfc1c8d9e4245513ec77a3e7c1d1086e2c cda909eec372ebccec7a61c19543bfea4f82dc20955f612e7ac5841296252728
SERVER_TRAFFIC_SECRET_0 e110296636dd3d15d6bffae128d9c9bfc1c8d9e4245513ec77a3e7c1d1086e2c 45997765ce86fe5190c4c0cdde105877aae610b48230f8b254643af0f26584ea
EXPORTER_SECRET e110296636dd3d15d6bffae128d9c9bfc1c8d9e4245513ec77a3e7c1d1086e2c a52b624a84f5604d156fe9d8f1a1b831e93b8250662d060ce72f010d9642b62c
CLIENT_HANDSHAKE_TRAFFIC_SECRET 32d9a503ea04dd301d967d2bed350fde5d5e8e2e4fe884d408408e7c1e7b360f 097a89437e29a904059760b516fa79b59699994d2ad7a73db66cab7a89f75f68
SERVER_HANDSHAKE_TRAFFIC_SECRET 32d9a503ea04dd301d967d2bed350fde5d5e8e2e4fe884d408408e7c1e7b360f ef8829acdb6d2fd46715cad479c95706a54e3ec93f591120c500ef3fdaa387e1
CLIENT_TRAFFIC_SECRET_0 32d9a503ea04dd301d967d2bed350fde5d5e8e2e4fe884d408408e7c1e7b360f 6326076b691d18dabf04ae36f25356fa6bac84a76b1900775fdf8f8905edf7e4
SERVER_TRAFFIC_SECRET_0 32d9a503ea04dd301d967d2bed350fde5d5e8e2e4fe884d408408e7c1e7b360f 4ebdf0ef479b49759362fdbc4775d1d3b03bd698b8806bd33922630f703586eb
EXPORTER_SECRET 32d9a503ea04dd301d967d2bed350fde5d5e8e2e4fe884d408408e7c1e7b360f 773db2b68b6de54905497e2e9ed2e47589afa9abda444c16882e053a8bdbcffc
CLIENT_HANDSHAKE_TRAFFIC_SECRET 6dce0a3ea535c0227762812d344035980f002287c433cca83e760ddfb7fad8c6 ca218e6afd78988e82df91e7bbfec9b58f305dd5e6c94a015e8c4012e0e3c2f38fcb02ccde7b68f813066bdd12ed914a
SERVER_HANDSHAKE_TRAFFIC_SECRET 6dce0a3ea535c0227762812d344035980f002287c433cca83e760ddfb7fad8c6 39ef23b999a44ec650ad5272ca141e0ec309e6b4adc9ee665db752eebb2b4475ad582409f304959a637bd2cafae0db99
CLIENT_TRAFFIC_SECRET_0 6dce0a3ea535c0227762812d344035980f002287c433cca83e760ddfb7fad8c6 9ba00c1b5c84d17a8d4b829a69d199d2b87be6b96823719d6d08223aec6aed31f4140b682f30e49b16ba71fc0e8756fb
SERVER_TRAFFIC_SECRET_0 6dce0a3ea535c0227762812d344035980f002287c433cca83e760ddfb7fad8c6 6bca5847294b0dc8b61477624126b081b33570347287a51a0437ccb0f726782c55154d3d2e44961d6c78a6a38bfe08d9
EXPORTER_SECRET 6dce0a3ea535c0227762812d344035980f002287c433cca83e760ddfb7fad8c6 cb76fe92c02167397b7d3712023da7fc3e9f5ba0766922f27d65033b94adb21d0c9649358c59ce2387d822cc9b29063a
CLIENT_HANDSHAKE_TRAFFIC_SECRET 7c0b8f2892f96a9c1ac2f72d9cf5c662d2a15dbbe996f9b1cabc91b97b72b3cf 868e13b9fbb2b41528ad5d3f6c1db880184e51e50c152f9cf073621ea37552c1
SERVER_HANDSHAKE_TRAFFIC_SECRET 7c0b8f2892f96a9c1ac2f72d9cf5c662d2a15dbbe996f9b1cabc91b97b72b3cf 00a12c63fa1b050f52e57b28a248cb81d7bf8e508859caf617bc540f3d2795e8
CLIENT_HANDSHAKE_TRAFFIC_SECRET 977ff94ffe1003e44436948c062dfd1d237e800925bceaa762bfd397752a8503 b95d05dcd9d91225d356b0a15081ebaab8cad12615c45489da3460f4ded9d1d4
SERVER_HANDSHAKE_TRAFFIC_SECRET 977ff94ffe1003e44436948c062dfd1d237e800925bceaa762bfd397752a8503 bc9dbfadf51b0b516cea650118d250442d8547b06db3950a2d55f12cb85c5b7b
CLIENT_TRAFFIC_SECRET_0 7c0b8f2892f96a9c1ac2f72d9cf5c662d2a15dbbe996f9b1cabc91b97b72b3cf c1ea63d71d0523775e38f60980f57f6710f46c19642295a999d2f2283557b5e6
SERVER_TRAFFIC_SECRET_0 7c0b8f2892f96a9c1ac2f72d9cf5c662d2a15dbbe996f9b1cabc91b97b72b3cf 8028bc0a828976fb75b76819bfcece6628e273edf54d74e7c37f675d4d8fa9d8
EXPORTER_SECRET 7c0b8f2892f96a9c1ac2f72d9cf5c662d2a15dbbe996f9b1cabc91b97b72b3cf 0b86f13edabf6a1cc7cfd41124c436e6db96cc2111240c35b574bb31363cb8f0
CLIENT_TRAFFIC_SECRET_0 977ff94ffe1003e44436948c062dfd1d237e800925bceaa762bfd397752a8503 3f96f085939466766735cb641cdd6c2c4df1efa68da8930bc261b3b6a267c004
SERVER_TRAFFIC_SECRET_0 977ff94ffe1003e44436948c062dfd1d237e800925bceaa762bfd397752a8503 9b833ae1ab1455362ce49bebd04fd1c24c0b6c1dc4cd6b79a729cd57170d9839
EXPORTER_SECRET 977ff94ffe1003e44436948c062dfd1d237e800925bceaa762bfd397752a8503 3b5431fd23c2273408f7752b829ef1a4c6291956cbd346eafd15d9d417fce275
CLIENT_HANDSHAKE_TRAFFIC_SECRET cdf004d115a5443f7646a466675d09a7d96598568d8695da9113d273230b4072 00a48c1ab94e16e7101cb040982c4d1e2991a4c6e1f75356adcf7690d5702e92
SERVER_HANDSHAKE_TRAFFIC_SECRET cdf004d115a5443f7646a466675d09a7d96598568d8695da9113d273230b4072 0af72340bafd8cee839743c5ed4e1e926f9e707d0de781149f8b20f1b00db5b0
CLIENT_TRAFFIC_SECRET_0 cdf004d115a5443f7646a466675d09a7d96598568d8695da9113d273230b4072 a3f45773b2ab43cceaac3c0a4fe35d82b517e486ad1e29954e6e40abf3e20534
SERVER_TRAFFIC_SECRET_0 cdf004d115a5443f7646a466675d09a7d96598568d8695da9113d273230b4072 c86b57deaf15e387f88c88497b14303fd23393b9f44cc4b8f7d1c57302c63396
EXPORTER_SECRET cdf004d115a5443f7646a466675d09a7d96598568d8695da9113d273230b4072 0a5e184e0b1eb050ae6b2a7077f85fa3fcb4dee83c78b31f90109e21a4b3d108
CLIENT_HANDSHAKE_TRAFFIC_SECRET a464ea5769c408309ca810dcc8c8a633d9a7d23becbc889f2df4d50e4f8163f4 9795158cbc6205b4f503e9cc270b35a2dda24516a5bdcc64c6e44763c5a98e8c
SERVER_HANDSHAKE_TRAFFIC_SECRET a464ea5769c408309ca810dcc8c8a633d9a7d23becbc889f2df4d50e4f8163f4 d366671aaff53ae8f4bd10d67cadbd0aa72663ee334a6eb9d239674487f83de4
CLIENT_TRAFFIC_SECRET_0 a464ea5769c408309ca810dcc8c8a633d9a7d23becbc889f2df4d50e4f8163f4 5d87a19d7e01839c9a332940deea8c6229dd11765c8632f8cbbacc8071d98c5e
SERVER_TRAFFIC_SECRET_0 a464ea5769c408309ca810dcc8c8a633d9a7d23becbc889f2df4d50e4f8163f4 98a4b85bbcf80ce9f0abddaf979e1b3f0434ed84e2fab314b70ef3464aa09bf6
EXPORTER_SECRET a464ea5769c408309ca810dcc8c8a633d9a7d23becbc889f2df4d50e4f8163f4 b58a210ba182da371dec38cb02146e0a6883e12dfb330956681672ef327d2fe9
CLIENT_HANDSHAKE_TRAFFIC_SECRET 270a61303c1b1a89a62b41abe2fe881d6dca7f635b9934a841a9a9a49b0089c1 3cc5feab5949902e15e9c3c5b2636dade97f0deb39c2300e792cb09632f1c5c0
SERVER_HANDSHAKE_TRAFFIC_SECRET 270a61303c1b1a89a62b41abe2fe881d6dca7f635b9934a841a9a9a49b0089c1 5f32d5020eae766b80d272e4aaba76f2b4afbd9b1aa0b1bed22eac670f13f2f9
CLIENT_TRAFFIC_SECRET_0 270a61303c1b1a89a62b41abe2fe881d6dca7f635b9934a841a9a9a49b0089c1 9811ca92663d63dab99cd6ca214e22f88a61a2f07e6251726e0a14d0e66ace91
SERVER_TRAFFIC_SECRET_0 270a61303c1b1a89a62b41abe2fe881d6dca7f635b9934a841a9a9a49b0089c1 7c6d34f836406d89f59f492a4b623ed780f3fa90b2e23088b9dadbe0c028d976
EXPORTER_SECRET 270a61303c1b1a89a62b41abe2fe881d6dca7f635b9934a841a9a9a49b0089c1 3ab69b401f02c00d701be2ffdaa510ae1741daf17762cae0fcf9c28278cab4a1
CLIENT_HANDSHAKE_TRAFFIC_SECRET 9c168a885bf2e5bcf9af67c696a7f9281ea22ec1bea07c944c083c52a1be07a7 157d65526382e9b6e64fb757f094e80799e2a697d2caac01c3638cb8e3f82650
SERVER_HANDSHAKE_TRAFFIC_SECRET 9c168a885bf2e5bcf9af67c696a7f9281ea22ec1bea07c944c083c52a1be07a7 939cdaf5162cc30b01d2121b7d2d729e8c2f7b078a296e49b52ac88ba8213e2a
CLIENT_TRAFFIC_SECRET_0 9c168a885bf2e5bcf9af67c696a7f9281ea22ec1bea07c944c083c52a1be07a7 df3a5937f11e990d25b9de1d01a1f928cbbfa541d7ac607ab2216699ad81bbb7
SERVER_TRAFFIC_SECRET_0 9c168a885bf2e5bcf9af67c696a7f9281ea22ec1bea07c944c083c52a1be07a7 974f7ca1eb821d3f1f993e7231783c8ff792e409caa3f8bad51ed8d9e8955e15
EXPORTER_SECRET 9c168a885bf2e5bcf9af67c696a7f9281ea22ec1bea07c944c083c52a1be07a7 25654a7cd7d49fc763e84f4565318a2d315c1f5ed8111cb42b882116a14cd45a
CLIENT_HANDSHAKE_TRAFFIC_SECRET 8dc2db0b1aa57de3df15d9a922ad89e232fb388b02b4fc2c86226333dbfe3e7d 7d5ce80154569595dad5b9420fcc0af0e986f1bf3e1300480ec10ddb3e1b5169
SERVER_HANDSHAKE_TRAFFIC_SECRET 8dc2db0b1aa57de3df15d9a922ad89e232fb388b02b4fc2c86226333dbfe3e7d b2b4d9d4c1a7f1c261852f8e989bf3a26b893f9377453f57aa7271218b538325
CLIENT_TRAFFIC_SECRET_0 8dc2db0b1aa57de3df15d9a922ad89e232fb388b02b4fc2c86226333dbfe3e7d a4ad8e00419aedc20b8fc2a9b96d1570f7c981c31426a757f67c3afda394c7f6
SERVER_TRAFFIC_SECRET_0 8dc2db0b1aa57de3df15d9a922ad89e232fb388b02b4fc2c86226333dbfe3e7d 9b216b777322d05b51f54cb7448a59b0c5c9d936935cdc51e146c900c2c82853
EXPORTER_SECRET 8dc2db0b1aa57de3df15d9a922ad89e232fb388b02b4fc2c86226333dbfe3e7d ce7220249a130ff6570c101cdc49486cca57dc049af59035ccd108e19c57cee7
CLIENT_HANDSHAKE_TRAFFIC_SECRET a01bd0d60d6ae104647f0f903069b3e3715640445e38480300a2a4701c93caf5 8b632d30ca522e77a4dbf0435e3bfbdbde5924def0eabecb88c89aa3acd451a4
SERVER_HANDSHAKE_TRAFFIC_SECRET a01bd0d60d6ae104647f0f903069b3e3715640445e38480300a2a4701c93caf5 cd1b30558a9d08930cf20771dd377429b28beb359bc2609ac6ce53723ec9cbdd
CLIENT_TRAFFIC_SECRET_0 a01bd0d60d6ae104647f0f903069b3e3715640445e38480300a2a4701c93caf5 0f591a2d2eb29da391c796d7b95bd9a519e9bde34d85ec57de21a487cc6f6478
SERVER_TRAFFIC_SECRET_0 a01bd0d60d6ae104647f0f903069b3e3715640445e38480300a2a4701c93caf5 e83bbf62550842b530f8c2a583a2b94ce721a2901e94e2e4a8b5ff55591ff364
EXPORTER_SECRET a01bd0d60d6ae104647f0f903069b3e3715640445e38480300a2a4701c93caf5 edf13d22f794290734d927ef0a047e8c63b5de5eaf1fde480e593903c103c367
CLIENT_HANDSHAKE_TRAFFIC_SECRET 57a2f05945fa9cd8ab6e11d4b4acac8835ca43579f1bdf03f0a9296b07025937 e79f4486035ca74b03888096c45deba00f55112f391285d79f9972f4c1c9998f
SERVER_HANDSHAKE_TRAFFIC_SECRET 57a2f05945fa9cd8ab6e11d4b4acac8835ca43579f1bdf03f0a9296b07025937 4b06b4523e5ee260a9e3b026469be5d055d00579c4f7e7228c6419f869634f61
CLIENT_TRAFFIC_SECRET_0 57a2f05945fa9cd8ab6e11d4b4acac8835ca43579f1bdf03f0a9296b07025937 88ba5fea30e901ee80ec1570cc879e82a511d2a6ac16a557d3ecdef71b233cea
SERVER_TRAFFIC_SECRET_0 57a2f05945fa9cd8ab6e11d4b4acac8835ca43579f1bdf03f0a9296b07025937 f30efcefb59288148cdbaac325da4670c0ad00c49aeda6b14a1969ca34a121fa
EXPORTER_SECRET 57a2f05945fa9cd8ab6e11d4b4acac8835ca43579f1bdf03f0a9296b07025937 47b57a72e1aefc6c3c752bc5c5201fc6a540ce2004dd61f49ab5ceb03aaa300e
CLIENT_HANDSHAKE_TRAFFIC_SECRET ab2331d8aeca1dfbe18d62f3beaed0307e175d0f8e6ddd65bf74b781252df307 831103453c4326d6558f7d0f492be8286af90d86baaf4b8985fd723e28ff4b16
SERVER_HANDSHAKE_TRAFFIC_SECRET ab2331d8aeca1dfbe18d62f3beaed0307e175d0f8e6ddd65bf74b781252df307 7d0bfecb63d9cdb12b8a53b5f8ab45d438626e4472cd51cf989d446643d0b812
CLIENT_TRAFFIC_SECRET_0 ab2331d8aeca1dfbe18d62f3beaed0307e175d0f8e6ddd65bf74b781252df307 0dabf7b21f64b1011754d87a44974ffee47ebe4df90fc524f4449607ff1593d7
SERVER_TRAFFIC_SECRET_0 ab2331d8aeca1dfbe18d62f3beaed0307e175d0f8e6ddd65bf74b781252df307 95c7aad945516331b34cce76e292fdf51bc9fdbdf939b58710e4909f52cd2f8a
EXPORTER_SECRET ab2331d8aeca1dfbe18d62f3beaed0307e175d0f8e6ddd65bf74b781252df307 b06859335ce89f48481658a7bc6645577b873aef33c4bace78c685cc9fab6a0b
