CLIENT_HANDSHAKE_TRAFFIC_SECRET 80e05315fe7747249c1f56bdd87c13a115ff1de62dcbb559d76702e109061741 9df7dcfa80a5d8e13aa84d0faaa3f284455c2df8f62971efbbb7eac32d61802f
SERVER_HANDSHAKE_TRAFFIC_SECRET 80e05315fe7747249c1f56bdd87c13a115ff1de62dcbb559d76702e109061741 70741fc9fe7cfb47d992b1d0322fa10637b93c6df011e781f41babc68f3dbfea
CLIENT_TRAFFIC_SECRET_0 80e05315fe7747249c1f56bdd87c13a115ff1de62dcbb559d76702e109061741 0e217496b09d26456aeb049a0940faf1afae7e108c75d9f1fb40bb17481b0ac0
SERVER_TRAFFIC_SECRET_0 80e05315fe7747249c1f56bdd87c13a115ff1de62dcbb559d76702e109061741 b01a0731e0c0704d26026d419eeee16303975d5b772cf98567cf9531197b90a0
EXPORTER_SECRET 80e05315fe7747249c1f56bdd87c13a115ff1de62dcbb559d76702e109061741 9efac230516f254168cbf2381335e99e97570f69323e6145fda47be522e8a7b2
CLIENT_HANDSHAKE_TRAFFIC_SECRET 32bcd941497ea99b1e318430af469a54a50ab0c7a11486afbb08c7cf79b190d4 5e7d1d65b620b389ad0a9a8aa32d4a9867f0c58622af07ec484221a659215542
SERVER_HANDSHAKE_TRAFFIC_SECRET 32bcd941497ea99b1e318430af469a54a50ab0c7a11486afbb08c7cf79b190d4 0742c579dea320f8daab3d2ca4dc844e4c776eb823e7da12d967268ac97f1fbf
CLIENT_HANDSHAKE_TRAFFIC_SECRET cb64e7884a8448bc33ea4464efc07bc92523fca89fa49cc1932bc580b0b9ad20 a4fc4c7e50586b36005d8badaed6f0be2d1f035b2600354c591fc88582430693
SERVER_HANDSHAKE_TRAFFIC_SECRET cb64e7884a8448bc33ea4464efc07bc92523fca89fa49cc1932bc580b0b9ad20 93ae45d54b93bbd439febb3c5b76e30f7f0c7c6b3934f74e111146182ca0dccc
CLIENT_HANDSHAKE_TRAFFIC_SECRET e0912e7bc2700b8c95c45bf177302f748d55b52b132c7d482f18da4be9af7174 2013a58e8e2e4338aaec6e2a63509f3498c51694ff86b886bf81725a9175385c
SERVER_HANDSHAKE_TRAFFIC_SECRET e0912e7bc2700b8c95c45bf177302f748d55b52b132c7d482f18da4be9af7174 3d8f42dfa0dd6a2f480df5d0f83f234c732fdb37cb5a857a6cb112e2c8751c8e
CLIENT_HANDSHAKE_TRAFFIC_SECRET 9277b6746cd7072c6024343a2ca7d595e293a44b372f16564df2f5f690800f8d 92ed2b9fbe1654b4cc7775beadb1a0f59aab43ba9b4898820d37c7d578616ebc
SERVER_HANDSHAKE_TRAFFIC_SECRET 9277b6746cd7072c6024343a2ca7d595e293a44b372f16564df2f5f690800f8d 7410597feac0d4dac79a30be30663665c225517e4f886be7079680cc600b0e9b
CLIENT_HANDSHAKE_TRAFFIC_SECRET 9b31e0b4d8e25d6ab451521e0a9dcb6ccecaf3d8bf5ba2b30b33010f11769686 bd922ab7371613109734428c71f29d2271e4643605bd543f8b163c4b7579a59d
SERVER_HANDSHAKE_TRAFFIC_SECRET 9b31e0b4d8e25d6ab451521e0a9dcb6ccecaf3d8bf5ba2b30b33010f11769686 012f09733af020e1eaff21fa824774682e75c33550120c61db7a74b9f143604d
CLIENT_TRAFFIC_SECRET_0 32bcd941497ea99b1e318430af469a54a50ab0c7a11486afbb08c7cf79b190d4 1d355bb918bd9f8c55383d353623a73c75f42427d782952903ce9ca3506ad708
SERVER_TRAFFIC_SECRET_0 32bcd941497ea99b1e318430af469a54a50ab0c7a11486afbb08c7cf79b190d4 d3741341db9ad7dc74f7c4d80ba7cc0bee94220560e05bc76bffe5a8f35ad0b5
EXPORTER_SECRET 32bcd941497ea99b1e318430af469a54a50ab0c7a11486afbb08c7cf79b190d4 f78b06e4475379b7525a90898e9398c8be549e5070a06fe5de80edca4adcd5f1
CLIENT_TRAFFIC_SECRET_0 cb64e7884a8448bc33ea4464efc07bc92523fca89fa49cc1932bc580b0b9ad20 dc73254c585a4eb651270e13f730c7c4fa6ad3b57173b290764dc04ee8f90ebf
SERVER_TRAFFIC_SECRET_0 cb64e7884a8448bc33ea4464efc07bc92523fca89fa49cc1932bc580b0b9ad20 283c1fce052410983783b4c02a55c238b1e0aba2049aa1b3dd0c266043132a67
EXPORTER_SECRET cb64e7884a8448bc33ea4464efc07bc92523fca89fa49cc1932bc580b0b9ad20 c3fbc812399e5ced8c4894a64835a4a7dfb01625cd29060eb3e4684e94901f7f
CLIENT_TRAFFIC_SECRET_0 e0912e7bc2700b8c95c45bf177302f748d55b52b132c7d482f18da4be9af7174 05117344d4b6dba08b8fa2588a0987ea96946a87ba070063f1532ce1547fc68d
SERVER_TRAFFIC_SECRET_0 e0912e7bc2700b8c95c45bf177302f748d55b52b132c7d482f18da4be9af7174 b3d67573817ad5a42dab0972964ae7f6596735593c4d7022d2f1881a2c2afcd2
EXPORTER_SECRET e0912e7bc2700b8c95c45bf177302f748d55b52b132c7d482f18da4be9af7174 71f8d9723af28e1359aacf8747f1e172e19b39bb7550162556934e701709421c
CLIENT_TRAFFIC_SECRET_0 9277b6746cd7072c6024343a2ca7d595e293a44b372f16564df2f5f690800f8d 71502ec126a0cd3eed9a5871965ba0d259c10082dc58857c67aa46700a673d82
SERVER_TRAFFIC_SECRET_0 9277b6746cd7072c6024343a2ca7d595e293a44b372f16564df2f5f690800f8d 44c1f2b9ff2287032d339fab6d241815825a6ff748c5185db079c526b2206287
EXPORTER_SECRET 9277b6746cd7072c6024343a2ca7d595e293a44b372f16564df2f5f690800f8d 0f39aeb1814920de327af641818e7a6cc75731ced78110d108ce0ef044e058fe
CLIENT_TRAFFIC_SECRET_0 9b31e0b4d8e25d6ab451521e0a9dcb6ccecaf3d8bf5ba2b30b33010f11769686 b7f33cfbb31d9bb9baa3e3587b6996265988de843a82d0af01ecc2f738dbcbf4
SERVER_TRAFFIC_SECRET_0 9b31e0b4d8e25d6ab451521e0a9dcb6ccecaf3d8bf5ba2b30b33010f11769686 534c7119ba6154d272c77fbede67a95ba376b88c92f735a8b0ac5d57e5c455c7
EXPORTER_SECRET 9b31e0b4d8e25d6ab451521e0a9dcb6ccecaf3d8bf5ba2b30b33010f11769686 8cf533e6c1a3768a07d641a848b5671326c70c3e25b2a429f0889c7d7d87abb6
CLIENT_HANDSHAKE_TRAFFIC_SECRET 2973073518628816d182f033e1bf5f4bccd48f330935e71be47ccd167fab18e4 68fabba5b443814c9b3c9f51ac0538da84c77db789a2df0d48586b221c8b4def
SERVER_HANDSHAKE_TRAFFIC_SECRET 2973073518628816d182f033e1bf5f4bccd48f330935e71be47ccd167fab18e4 9cc5ba35cce909c6691966b1ede77cd5af7a5e621535b7c32daf7957d82f0a13
CLIENT_TRAFFIC_SECRET_0 2973073518628816d182f033e1bf5f4bccd48f330935e71be47ccd167fab18e4 d997b00f7cd0f7d764d70ffa2b267813185caecfd6921914ebc1673d6a5cb9bd
SERVER_TRAFFIC_SECRET_0 2973073518628816d182f033e1bf5f4bccd48f330935e71be47ccd167fab18e4 964ebc728b259e07986211ab2dffce95c4d478cdab9f826930c932ad05e92901
EXPORTER_SECRET 2973073518628816d182f033e1bf5f4bccd48f330935e71be47ccd167fab18e4 e3d720bbfa4f3b50d2c446fcf3cd686dcd9223dcdc15b355658bf76afb645717
CLIENT_HANDSHAKE_TRAFFIC_SECRET d9d4713367988a051bc74a39e5cdc83028bc39d1ca64c4683d9a5a041c9e4a0d 4735b67c648997d268c2c9d7dcf1e1e10a77ca3e3b56582a4c698ff631f6b11f
SERVER_HANDSHAKE_TRAFFIC_SECRET d9d4713367988a051bc74a39e5cdc83028bc39d1ca64c4683d9a5a041c9e4a0d f1e740350694a68981b14ba727528dba5d23f5c1d22fd649cd74e7ba2ea57f17
CLIENT_TRAFFIC_SECRET_0 d9d4713367988a051bc74a39e5cdc83028bc39d1ca64c4683d9a5a041c9e4a0d ad253b6adc1d4144fa5064a140a45425e876f106bf53a70b740825094025dbe0
SERVER_TRAFFIC_SECRET_0 d9d4713367988a051bc74a39e5cdc83028bc39d1ca64c4683d9a5a041c9e4a0d d5d4d59db2b3022c39e600085e4e9dc02c637728219adf648d0028b3a417f5c5
EXPORTER_SECRET d9d4713367988a051bc74a39e5cdc83028bc39d1ca64c4683d9a5a041c9e4a0d d2567cad219de5b95c1599bd8808939ce74dbaa5094119bb73b9d5cd62ff1334
CLIENT_HANDSHAKE_TRAFFIC_SECRET 7fa189757c1034fd94e1957e8f66787e7548054d5239d7ac80dfaeb3a4342717 4e617d33c5b9d50403ce79d318864a2e977be26ae31e491d14186176471f57b9
SERVER_HANDSHAKE_TRAFFIC_SECRET 7fa189757c1034fd94e1957e8f66787e7548054d5239d7ac80dfaeb3a4342717 919ac873f7326b3e13d1901526ebe2df19f9cb64cd6a6376f00961f88cf64e3f
CLIENT_TRAFFIC_SECRET_0 7fa189757c1034fd94e1957e8f66787e7548054d5239d7ac80dfaeb3a4342717 1c82fbe3187da4f1a551129f12e8878d8a8c276b8c9fc067811e9cdf3e73c4d9
SERVER_TRAFFIC_SECRET_0 7fa189757c1034fd94e1957e8f66787e7548054d5239d7ac80dfaeb3a4342717 f73a447f10d4263fab5824aa951ad73937ceefd2d5d40598904160bbf1125ee9
EXPORTER_SECRET 7fa189757c1034fd94e1957e8f66787e7548054d5239d7ac80dfaeb3a4342717 f00f45c5ae72b0a6e4333cf5f43c937374e911680749fc86821ae1ab8d5a3810
CLIENT_HANDSHAKE_TRAFFIC_SECRET e99add5d4f12104066a4341353fa55822bc0973d75673d416982d2ddf2637e27 94bf573accfc25914b054964deddf06b60e72af3be2663b9fa16b3ccca46aece
SERVER_HANDSHAKE_TRAFFIC_SECRET e99add5d4f12104066a4341353fa55822bc0973d75673d416982d2ddf2637e27 1606b5f4102f2c26a1d095ec813b1c0e372e4da847531bc11f96dfa0ef2bdee9
CLIENT_TRAFFIC_SECRET_0 e99add5d4f12104066a4341353fa55822bc0973d75673d416982d2ddf2637e27 6c64a7cb282f0d3bc388a2fb20b8ba666ce0fcc4f8f36571ed43b7b8ecd95160
SERVER_TRAFFIC_SECRET_0 e99add5d4f12104066a4341353fa55822bc0973d75673d416982d2ddf2637e27 b23e12459d6d00d1094bfab57b0947157482b682465da2ac84c06f4395664178
EXPORTER_SECRET e99add5d4f12104066a4341353fa55822bc0973d75673d416982d2ddf2637e27 c0f27ec68a66df35a3bde6520bf3f8ab121f3eb26480ffd91b012b44e5b478c7
CLIENT_HANDSHAKE_TRAFFIC_SECRET b2904ffa6842ec83d93dd7e43de6e3fc4319c78123940f48ace3bda713d6f577 5a2a232854c2cc0334339f8545ac11ece580d8b6dab553f7a738e57d407621f044d0c680af92d35da519b74672612b93
SERVER_HANDSHAKE_TRAFFIC_SECRET b2904ffa6842ec83d93dd7e43de6e3fc4319c78123940f48ace3bda713d6f577 41d715c78d4117f50f2e6d7efd3760a30334ac6ecc138d9708f965790c67863908ab476aab562107940cf54f94486c07
CLIENT_TRAFFIC_SECRET_0 b2904ffa6842ec83d93dd7e43de6e3fc4319c78123940f48ace3bda713d6f577 35022a9aa288ca298e8dedaa8661302e0c9325206a277a0723a3d9280e5d75c2acb3366320265af0f304337daf6cceb3
SERVER_TRAFFIC_SECRET_0 b2904ffa6842ec83d93dd7e43de6e3fc4319c78123940f48ace3bda713d6f577 4c68377f7b5b7576bcec8862e9a6e5cec86ec30619f4b7285b6815fcb53585709e45f00f1f6ed01e09221e285087aae9
EXPORTER_SECRET b2904ffa6842ec83d93dd7e43de6e3fc4319c78123940f48ace3bda713d6f577 c39186666dca8b8429fc18303f1978503a64b6399860ee4da18adf0d6fb5a802ed01061db676834f0e4f4cc50541e206
CLIENT_HANDSHAKE_TRAFFIC_SECRET 0184bb4f8761795c11faa7b33e2dde2270682d0a01d26283fcfe4ea0d7f3285d 7cd104768f4a45967c89aa1081d7d8e9e2cdb808e5562c56ee024b16df779285
SERVER_HANDSHAKE_TRAFFIC_SECRET 0184bb4f8761795c11faa7b33e2dde2270682d0a01d26283fcfe4ea0d7f3285d f988ef472eee514d7181fbe26b4fb2f1fcdc1ccf3bdf540c8d5921f2336599d9
CLIENT_TRAFFIC_SECRET_0 0184bb4f8761795c11faa7b33e2dde2270682d0a01d26283fcfe4ea0d7f3285d 2fe40af0842d2ac4ea88e0f45e10ee6b7ea8d7838bf7c9ca39bf8cfa19567fa9
SERVER_TRAFFIC_SECRET_0 0184bb4f8761795c11faa7b33e2dde2270682d0a01d26283fcfe4ea0d7f3285d 7582851d5be2822090ab99d134216ada61982b04dd5243ef042fc602261ba088
EXPORTER_SECRET 0184bb4f8761795c11faa7b33e2dde2270682d0a01d26283fcfe4ea0d7f3285d d60ff63e7cca840a46114f42636f7e4a8b0b45cdec96f7921f7d659270e13fde
CLIENT_HANDSHAKE_TRAFFIC_SECRET 26fe86c72f6b215cb8a9ec9492c672f7ab816fe12a5f65f3319e0779573b7229 1427d3f989c19632a595fd5207420833002c930fb4ec2b70cb7be7fe895bda71
SERVER_HANDSHAKE_TRAFFIC_SECRET 26fe86c72f6b215cb8a9ec9492c672f7ab816fe12a5f65f3319e0779573b7229 f46be9b7e10fae183034780461333c58c4527e71f603d686d35d196171ad09c5
CLIENT_TRAFFIC_SECRET_0 26fe86c72f6b215cb8a9ec9492c672f7ab816fe12a5f65f3319e0779573b7229 37f164b9310d608113361de2f4d69b799823aad0702abb5f433a7e5a67a42e70
SERVER_TRAFFIC_SECRET_0 26fe86c72f6b215cb8a9ec9492c672f7ab816fe12a5f65f3319e0779573b7229 ee0949d86def67863c9b3f510c94086f4a0d71d08cd36f864b66daa736a3e074
EXPORTER_SECRET 26fe86c72f6b215cb8a9ec9492c672f7ab816fe12a5f65f3319e0779573b7229 749fbf761c26fa20d9bdd1721f63df3c31411be8f71e15e1a8ed1228ddc9e4a3
CLIENT_HANDSHAKE_TRAFFIC_SECRET 069b8be36a5906c1d7b402689d8efe875746eccdc6b011c1d08d2d956a3c8143 ee8e21ac7b9d51e3d5f21eb89ed59e2d7b03c032b9497adda3e74ef2bee8cbb0
SERVER_HANDSHAKE_TRAFFIC_SECRET 069b8be36a5906c1d7b402689d8efe875746eccdc6b011c1d08d2d956a3c8143 84da1e1a5997c31c61671566d0d05d56515731a967d737bd12c4567780acb032
CLIENT_TRAFFIC_SECRET_0 069b8be36a5906c1d7b402689d8efe875746eccdc6b011c1d08d2d956a3c8143 e559ea6aa4e83754adbd92b7983906c52e142ca861bbde623b8196466d976a5c
SERVER_TRAFFIC_SECRET_0 069b8be36a5906c1d7b402689d8efe875746eccdc6b011c1d08d2d956a3c8143 8a385bc1ca058ca670155a7c9c3b4bbe36a61b2498130ecb5cc8a4378dc6d804
EXPORTER_SECRET 069b8be36a5906c1d7b402689d8efe875746eccdc6b011c1d08d2d956a3c8143 36b4219677ba64d2d862af5ca9d2c66f632631d5e3a049526ccd963dc352a8a1
CLIENT_HANDSHAKE_TRAFFIC_SECRET 6c2a8ffd234f034d0ba376e5be659e33e85700f5e3766b49e9e724270de15bf7 b31fa3b07c2cfca56ddcefaee662e028a3bc3cac527c170a5af7d1700d39f207d353cd74e2f9effa59314c8ff8370f4d
SERVER_HANDSHAKE_TRAFFIC_SECRET 6c2a8ffd234f034d0ba376e5be659e33e85700f5e3766b49e9e724270de15bf7 0d13d396f4fd17d3d6ea1025e99545d4c94126f439c24989d67225f6a9411546c20cac0548eb5e48070300bfc8e400f0
CLIENT_RANDOM 963f989201fbbf8dc38228c40e7c35fa750abc1089140e6fbc53501d7a2f7887 f81403ce7955a454b0ae1df7d2dfec0a187c91a3d3d44d2f7cf723e6ca70cb0affdade3b955cc391bcd5ff3a07fd879d
CLIENT_RANDOM 45607d2949084e757e406fde17674ef1c42f391dda6bb71fd24e384f9ac8b660 573a37f0e095ba321ad6257f081e8bf6887ef329f166eb201906002c7c0be45d79d2e2f3d78b1f75f185b5342eda20ae
CLIENT_TRAFFIC_SECRET_0 6c2a8ffd234f034d0ba376e5be659e33e85700f5e3766b49e9e724270de15bf7 b449d297c54e8f6322cb5e08095bc61ddbcd0d3310a6e701d714acdd8187f5b367f9bce955ab0025ad3f45366af7e472
SERVER_TRAFFIC_SECRET_0 6c2a8ffd234f034d0ba376e5be659e33e85700f5e3766b49e9e724270de15bf7 bbc9d786522358dec5366df20222c928716510d57bd340c8b73c59f52f0b64a96c0ff75cc8e61b1d7e2fc0e01c5080e0
EXPORTER_SECRET 6c2a8ffd234f034d0ba376e5be659e33e85700f5e3766b49e9e724270de15bf7 89e97d323c9e027e345497e1046b2372737dd30ab44ad373fa342d31f2662af09f6d194ca582362504d6ec2be54ad2e2
CLIENT_RANDOM fc4705166c97333029782a264691238af106525fa37ddaf0fa7801d8da11be12 96a58b66eb031cf6e6f20d370ae06c09808facf2d8606f3bccb8324aad246c949ca74e4cd960769c5a0eb5a8c900d673
CLIENT_HANDSHAKE_TRAFFIC_SECRET d83ce66bec8d3b5323ed2f96475052783021eb793e197bb49cec20421d84f18d ef77e7620af4260d2d2a9c4a5a14a9b5bb51c5c3dc402df5b95fb776b49067ef15302485b55cf5d5615d52182d31d1c4
SERVER_HANDSHAKE_TRAFFIC_SECRET d83ce66bec8d3b5323ed2f96475052783021eb793e197bb49cec20421d84f18d a2c60e99e8e97c31b015f631ecd1b4abf326ba90269efa01ec39cdb76b6678ea30d7ae1aaab81ef10484c6308f9bc9a2
CLIENT_TRAFFIC_SECRET_0 d83ce66bec8d3b5323ed2f96475052783021eb793e197bb49cec20421d84f18d 5248bddf3f4186500199011c92c1450a61ebddc7ed3dbcdf8170282639989b8579d6acf51b77dfa6037db7bb1105c98c
SERVER_TRAFFIC_SECRET_0 d83ce66bec8d3b5323ed2f96475052783021eb793e197bb49cec20421d84f18d 68ae391f27b0f5191cd62267bbb9e51afe13b40c7711dc4119056e07902d1e575067e8c556cfb763da8577a7fa92feea
EXPORTER_SECRET d83ce66bec8d3b5323ed2f96475052783021eb793e197bb49cec20421d84f18d e9e6b94fe01f2763a7f7d5bbb96526a507ad31d50a8146d4ab7509f03e106e4d76e6d9b2449d887e06bb9961304e443b
CLIENT_HANDSHAKE_TRAFFIC_SECRET 07dc6438f9364f73f18735cf18e4c5c1e6e5c655d9049b53032a914fc202de56 1c3669ded5f68c66eb45a41f9dcfc1427431a2d29b81a0b3a7be40d7705214fa1e2424dabe5056d2d289ccb632993b2c
SERVER_HANDSHAKE_TRAFFIC_SECRET 07dc6438f9364f73f18735cf18e4c5c1e6e5c655d9049b53032a914fc202de56 b657111bdcfcc9630f5d2ba87f668cd492daecbcf4da942643fc4a18ac4659b1e33c84c2241ec32abf45414f4234c70e
CLIENT_TRAFFIC_SECRET_0 07dc6438f9364f73f18735cf18e4c5c1e6e5c655d9049b53032a914fc202de56 7c2e56ced8dbfbf9242080065e824c219652b6baa8372820fcb0091d2aeebcef0c8fa59c008c03c66263086378789f3c
SERVER_TRAFFIC_SECRET_0 07dc6438f9364f73f18735cf18e4c5c1e6e5c655d9049b53032a914fc202de56 991dc6c936840f49e7bf61c89d5412c5e009fc1464c35a30d7ce7e8ff987cb78f466ca356300ea9c7484d2d29cf3b8c2
EXPORTER_SECRET 07dc6438f9364f73f18735cf18e4c5c1e6e5c655d9049b53032a914fc202de56 16f5db07726303d270f757437f2da7d64b488f4216bffc5016b528054981f22dee0afbd636076ffceb745db8855bc4a4
CLIENT_RANDOM b55df950a50c135bb4198c826d34dd01cb0a6b7af37bcd95bf1b5a873c9f0459 3c515fa698082ca117757f9d0d7d87680d6ef0b8f7a95396b656e31fe522b58c0fc8329b68ac8b19275675f3a8a7a080
CLIENT_HANDSHAKE_TRAFFIC_SECRET d1c04d45c2e648c46314e91c41bc01a6f7940225c97b4fa01bd279ace7950081 3b9233ac57f21f78ce91c0468ad7d4c3184cbd2d7785217a4c8ae854d8c10c9622a8c5c3cb75437e58f65b05c4798076
SERVER_HANDSHAKE_TRAFFIC_SECRET d1c04d45c2e648c46314e91c41bc01a6f7940225c97b4fa01bd279ace7950081 febe54bcc6ff42fb8abb8ab0f29a6957440d6d4ff8b0a7d3aff9388c540e712e3f3e10a11b0ab3f05e5a38a9e008a931
CLIENT_TRAFFIC_SECRET_0 d1c04d45c2e648c46314e91c41bc01a6f7940225c97b4fa01bd279ace7950081 27a19e52d65daffe6b0f15ddb87e5235582e4973ba791ebded4a1cc6d4767770345de8038e79644a671572e252f8136f
SERVER_TRAFFIC_SECRET_0 d1c04d45c2e648c46314e91c41bc01a6f7940225c97b4fa01bd279ace7950081 07706ed9ddedc866a1bd7577a8c82134f914eb056623138ec70cce63a6fc15fef51a5055405f5eca8a2ab5067980d51c
EXPORTER_SECRET d1c04d45c2e648c46314e91c41bc01a6f7940225c97b4fa01bd279ace7950081 24bf4a283f0936c3a1694a022787d1b71ffa282054f9c7db446e2d19568e4c037934b863d4d4ed98287d21ac431ccccf
CLIENT_RANDOM a5b6cd647bbe70c2d3b7a780335b0424e32634abf3294714efa2cab6b41f9989 5251952dcce4df763bc8b542ac9b11d43634a19679d14f9068f65237bc2f8bb7a66ffb566f146dda42cddb844a2aecfb
CLIENT_HANDSHAKE_TRAFFIC_SECRET 3d94e65931a080dad102eab46459ef706b9c048b6643ccf917c2eafb2a3263bd 1f5b63e7374087d6c678172da9f0a4d6b0a3896e22242e1e08249e772480bacf5437ad019c2f0c64bbe427bcc6e23fb3
SERVER_HANDSHAKE_TRAFFIC_SECRET 3d94e65931a080dad102eab46459ef706b9c048b6643ccf917c2eafb2a3263bd 092e2e4f5a1672823c96426b09af07c34fdbe5db516b249a91a6cd882bc915a2edf2333dd98e66b0efd0d8409ed4e728
CLIENT_TRAFFIC_SECRET_0 3d94e65931a080dad102eab46459ef706b9c048b6643ccf917c2eafb2a3263bd 19b97ea27dfa80359744352f0fa2acb2b1d4f8504505739979caa8f065a6d1f8bcaa9309760c9157c2230429ad192cbd
SERVER_TRAFFIC_SECRET_0 3d94e65931a080dad102eab46459ef706b9c048b6643ccf917c2eafb2a3263bd df98ae7190b3324135a62dd98a24a0827c7490d0ba388f5775e419d5f732ff983e7ecb5362bdbe634bdbd3ddac56dafb
EXPORTER_SECRET 3d94e65931a080dad102eab46459ef706b9c048b6643ccf917c2eafb2a3263bd 96ab36141c2c721190c2148aa44758ff05e63e3c3cc01da3879276d8f3269fe94b54bccfbdd468111bfdbe25ed0de152
CLIENT_HANDSHAKE_TRAFFIC_SECRET 6b8691c9a8cfbf7f927636a342409025d22048b51dbf77e08a1297ff880134a0 2a2e73ff3bbe23791e7d282188b22ca20abda2ede7a5942416cb1637ecbe8073
SERVER_HANDSHAKE_TRAFFIC_SECRET 6b8691c9a8cfbf7f927636a342409025d22048b51dbf77e08a1297ff880134a0 3946a1bf8a760ac1ed8a81e08213a98fe77912f3aa6e91de010ac20a6fd518e2
CLIENT_TRAFFIC_SECRET_0 6b8691c9a8cfbf7f927636a342409025d22048b51dbf77e08a1297ff880134a0 709fad462770cb57d740b4254e9d65512fe0baef05c9acd1814ccd89ff27b05d
SERVER_TRAFFIC_SECRET_0 6b8691c9a8cfbf7f927636a342409025d22048b51dbf77e08a1297ff880134a0 31e01ab51515bd2952431bd268834bddfdaffde363732b9983da35d5cfdd283f
EXPORTER_SECRET 6b8691c9a8cfbf7f927636a342409025d22048b51dbf77e08a1297ff880134a0 29bec08d95a807f15071632fe53b8d691a6972c2d065a55b03d97fb8a9c408af
CLIENT_HANDSHAKE_TRAFFIC_SECRET 9d7f61843d967bb93a78b192047afc08dab5f76657db74c2bf450c9461f49a9b d1afd986d976f376258d488cc398c0421fefbf0a52793c3c5ba9eacb7271d87780cc2109cae2d4c3e06ede49dd07f169
SERVER_HANDSHAKE_TRAFFIC_SECRET 9d7f61843d967bb93a78b192047afc08dab5f76657db74c2bf450c9461f49a9b 5ce153a266bf2ffc58333b2924b812c3bb4748a42cdf3f0bdcd0f93e3ad706bd1f340f60cda1ba2c651568ec8cd0d669
CLIENT_TRAFFIC_SECRET_0 9d7f61843d967bb93a78b192047afc08dab5f76657db74c2bf450c9461f49a9b ead8f52b9a07c6ba6e0ae116c1a1c7204c956fe9cae07c704d29a15d2ef193aa9f9b8db2fdd5fefc358d66f667ad114a
SERVER_TRAFFIC_SECRET_0 9d7f61843d967bb93a78b192047afc08dab5f76657db74c2bf450c9461f49a9b 79f341c1151fe287cbd72b852939d4f2065cec39161a05691becc293a913ac4eab48dcf44760a575bcc6b29f2e1c8fb4
EXPORTER_SECRET 9d7f61843d967bb93a78b192047afc08dab5f76657db74c2bf450c9461f49a9b 1134dbfac6eea9b5ad1ccf8a64e82a8df47b3f772cac26a45060b41ac5a2bc594d4bd32c8176da95f5482750e586f3ca
CLIENT_RANDOM 07900b83d3dcbd0dee8395fa7a050d5751764336e4aaaa2ea105d67fe4d1ebee bd1dbb6606309978da5c76c4d90a606d5c6ee248aa77f34dd1f7f081b1105e40b564c3574ab428fe4001923046141e30
CLIENT_RANDOM dd6e3c4cb17c22b8a78ee4e1993915a614290a120f5eb1c561861254cd1969d9 ca309ca7458c780450557f142d2218cf03edaeb5d3e997907dee62767be102708472a0d4c2fccdee02c8c929e39686a8
CLIENT_RANDOM e5e3769f769d79507260bb923296599dbdcee75740ae7c6ad0de7a84415995a3 ca035397f0d5eff35993c8867c332a8a6e672e2bdd577c5de0c5d00c6afa70ce4748998ed7d60c29bed4e2cf0b67be12
CLIENT_RANDOM 5ead84852349f81eae32c9800dce175a1879426a2ac6fb19de176a87911f112d fcad8ec89b70190fbdb24d417fb64592c4044cd49e108f81bec3a57c55594f7d74bc990577b27a624bf014793479a8ea
CLIENT_RANDOM 2717a6f96c0c2b2e3c4b1a30a902915c7aa10935c55063c8f58b2134e0c60376 7df6a6f2ce3b98815d706d8df1bd84b3a86e79fcdc89169c4210bb572feeae23f5e1f4d548435b19121a073030e8177f
CLIENT_RANDOM 32c2304c2683bb11b0d5c0e6660a14166f7b2e73db1a041b8af722f54c21a1e0 28e45048ea6d4bc54d9c0795cdd015129c463bdebdd8840d8da45700ce9d0109549fc2d3b3d1f687f7a992f54e450400
CLIENT_RANDOM a53fc85c27f4837ac12e9610c84fd65e0deefbd3f6d75e13d2bd9ba644075c59 8e4f4f85e9a5cbfd3ab8a6b2154ae560b28321a12ba5f5779d370235d3140dbe4340cf238d1aefd0e3d8c35b23078767
CLIENT_RANDOM 9b452dfe161b1043684b2974dd316605a698c1c9ee81836849d8d9c67aa82b9a 5729cd3c9e43295e7634f3757b81da61d7dce2690583574c71b47743ac3a77fac420f0e9ce7c6f1b1ce9e2044609e565
CLIENT_RANDOM 1f4d92a9706121162d7d745a11d710ad3fb6eaaced49229d5ddab4816d236596 e83eb06a42cd01d024ee56fbadce2d3684b7d86e52fd36276541f26ea07d1dcc3a54a08cb3b95497aab06e848ad46088
CLIENT_RANDOM 7b309b3837307856f13b9c930b9fb6dbb0f9a6ec91e75b0b895aa6db0cbb234f f557cd4acc957c8c6fe4dfd596c9a169e72061445eb83062e8c16bfdbea3b378d076ba0c5aaed147cbcbff4df98c9d2f
CLIENT_RANDOM 9ae2c894d3460959b0adf38432cba73e603687265d2c042edcf44b40d51954e6 a6993163b3877dd07d9a6adf86ffa80e752f583f6957e74c5fc35e41dad5863e2f83b49e749c4c7a9f4a5d06b8673b6e
CLIENT_RANDOM 8b763fe2db855536a28cfd6dac7e03d6d6e7d6334393ad314bf39392a7971384 c77eceac7517635fc34bb4e59c8dbb1a8633cccfb088f735aff62d67a24af758769cbd3be511fa8f5fc1693e7bb40e82
CLIENT_HANDSHAKE_TRAFFIC_SECRET 22020a2c3cb25868f0d641e81e21ffd8c50d676d9e6f1c22012a45a3b4431733 dc84f66a8210eb2561ab4f12f5db73d7625ea2fb02c468cdafc9dcd52c77e54c
SERVER_HANDSHAKE_TRAFFIC_SECRET 22020a2c3cb25868f0d641e81e21ffd8c50d676d9e6f1c22012a45a3b4431733 722b5839f416905aead14bc00c6c7a8cf7a6c3381e4845187e3f418925dd974d
CLIENT_TRAFFIC_SECRET_0 22020a2c3cb25868f0d641e81e21ffd8c50d676d9e6f1c22012a45a3b4431733 654bf4f9aedd71eb40e41d6db71d1062d7aea334fbdb4145e6f1afc03a5ae25c
SERVER_TRAFFIC_SECRET_0 22020a2c3cb25868f0d641e81e21ffd8c50d676d9e6f1c22012a45a3b4431733 9bf85c6cc7ff1aef072e06d77317cb8184ea3558d5833029e513cac02dd24792
EXPORTER_SECRET 22020a2c3cb25868f0d641e81e21ffd8c50d676d9e6f1c22012a45a3b4431733 61e3762ce198187e7784ee12b1658f7d5830a4a7f29020e41d1c16f8a4ca5978
CLIENT_RANDOM 8227c21003749d9967aa782d0493e888150ceaf2468cdd636a1f1fe41c14efe9 5d136ad5571a0e0b554f77b03e7f39d8eceaa1d71ca1dc611ec2f5deaffdd61b419d6c1805f713ef957e10319012d8eb
CLIENT_RANDOM 2e88a9bccd83747f73df3d869f464af9291c1e3283d8d2729dd4358af3586fff 371b55dad21a4d411a816e3cae515ae0094340c1f21c93e7cf33657e9bb3007174a2f561ff45b2ec2fab17e9d54dabb8
CLIENT_RANDOM 657ba4313c093cc0a355066bf8aa40f68827de693609e0117677c1946ff724fe e6a9d06a0252c2db5dedf7a0389026d93dd7f5f3fc7626b039f55547b9c2a35e13d051e270fbf5084abad2444fa24fc9
CLIENT_RANDOM d528a264150297538cf6281a4ea7189ae1947ad437256543d6534484a5d180b3 d1a79b4f7268838baa1183beefb7824d18f5942660037c374fdf6d0fa0702aacc9a7c291c540f6860f6dfe14949606f8
CLIENT_HANDSHAKE_TRAFFIC_SECRET c7476ceab59622746354bf69aa4b423dc5008c16074b3d33594dd2097498e1e3 886088f696f10f7d8a7fc6ad4256e893bf39212b71a226125786dd92042bc782
SERVER_HANDSHAKE_TRAFFIC_SECRET c7476ceab59622746354bf69aa4b423dc5008c16074b3d33594dd2097498e1e3 ef22175eafa7a89046ba9814f9625f5356c37a81450e0cdef519227b4134c78f
CLIENT_TRAFFIC_SECRET_0 c7476ceab59622746354bf69aa4b423dc5008c16074b3d33594dd2097498e1e3 dc898ec9dcb529f99330054810700ed54dc6b1d9262368cf94936e063df5c76b
SERVER_TRAFFIC_SECRET_0 c7476ceab59622746354bf69aa4b423dc5008c16074b3d33594dd2097498e1e3 3cac2d8138e2c296fa42ce312dacc081ef1f0b344a85eb6257eb1e6fd7f73f2b
EXPORTER_SECRET c7476ceab59622746354bf69aa4b423dc5008c16074b3d33594dd2097498e1e3 f0714092cf775bd4c6f1b8b2dbb1afbf77be91831d8dfc859abd6ed70efc6b40
CLIENT_HANDSHAKE_TRAFFIC_SECRET ca08f5e8ea57afad96cfec3ad4e079a5b542ea02836fc3d3bc4d862bba7fb110 62633a9e90fd4a2d0a3408f0dca20121d04b716662d74cf1de1608a7c0acf858
SERVER_HANDSHAKE_TRAFFIC_SECRET ca08f5e8ea57afad96cfec3ad4e079a5b542ea02836fc3d3bc4d862bba7fb110 7767f41e818cd071e032fe2d0a9f456ae9e875f7794b21e21d4a7fdd8f53a627
CLIENT_TRAFFIC_SECRET_0 ca08f5e8ea57afad96cfec3ad4e079a5b542ea02836fc3d3bc4d862bba7fb110 1481bd63605a94c466960ddbc5e939f59d4addccabd17f213368c8a4ea855b4b
SERVER_TRAFFIC_SECRET_0 ca08f5e8ea57afad96cfec3ad4e079a5b542ea02836fc3d3bc4d862bba7fb110 27de40a60759335e43f5294981b3828066856c6cb468e2e10736436015048503
EXPORTER_SECRET ca08f5e8ea57afad96cfec3ad4e079a5b542ea02836fc3d3bc4d862bba7fb110 e274ce9c4bca30bc64a11e97badc54c573b4e5067a1ee929a33989473e0c495d
CLIENT_RANDOM 4832b2fd615b9cef3c0a5781175bf4399e4b60a02428ca8fdba60266f17a65d6 685cf0eaa49b37b10d65d329006a930c653038ed994cb616457e400da73ae8dcba7e6f68cb14ac4a4de6669e30d95b9c
CLIENT_RANDOM 86098a005871d0318746817751602554370db7e756e3353bc5fc74211427944e 2d68af77fa5e334c96648e3cd8a8a9c1db01c7c099fff34fe074f2e21878abe1854b2a4b9156773284f8234c0bea1145
CLIENT_RANDOM fd3e5aea05617ba335638b37d35b1b881f427ead38522657484630d64f1613c8 42c8ddfe4b9c0e9446d88085230ebb886229a8d84042ffc9f7b6a63c5d1b03f17aa05a27ac57decda6690d889f2917a4
CLIENT_RANDOM 03f56de029a35ed31bae13655e6033fc9a1abd70a5a9217b2cc04b2130a216da 9edb198a966ecaf60c07fbd318cff835124061d7d69dec18ea2280396cfbb286f98f44ad9773b0f4d6730c2054687b76
CLIENT_HANDSHAKE_TRAFFIC_SECRET 178c2725dfe84d60a9cad013e6914acfb28518a0e521e01fcbc8ec47a20ef0f1 9a7961bd1d9a9e603c938fdece8d8f7af6b642dbf05152cc473d817285f91bf6
SERVER_HANDSHAKE_TRAFFIC_SECRET 178c2725dfe84d60a9cad013e6914acfb28518a0e521e01fcbc8ec47a20ef0f1 cdf4efa40cb9d310f5fb58ed335273cc32345ce580ff734765a3d275fe4677d8
CLIENT_TRAFFIC_SECRET_0 178c2725dfe84d60a9cad013e6914acfb28518a0e521e01fcbc8ec47a20ef0f1 7ba5f47504b10697a9235169ac96c8bfc147a4e15b89287c3f68dbfedae68be6
SERVER_TRAFFIC_SECRET_0 178c2725dfe84d60a9cad013e6914acfb28518a0e521e01fcbc8ec47a20ef0f1 4efca2a6b2f0de4c3f7f066cd61eae2eb12b6d0f178604152154fd66a1f8ef2e
EXPORTER_SECRET 178c2725dfe84d60a9cad013e6914acfb28518a0e521e01fcbc8ec47a20ef0f1 60db78b734ae5f534a7b6fe449fb115c963032c38f50d9121b9aa6ad2153def4
CLIENT_RANDOM 236b721baeca968f79683764ef9bf9b71820ad45d5814cd27985b1129ec7c549 5bbd68f78374a52d5e8c4a7be4346bd8a36437355cd926bfb3e13156f3198d3775b70148efd4721932a8154450a9821f
CLIENT_HANDSHAKE_TRAFFIC_SECRET 805125023aa1dea14c611c8c53c90e56b457483d4ce01d7a90def60642e9b701 f9866c10cb67f39c442845ec1eadc4545c2e5258a6aa8537c7e3ce11a0559374c2c0c814a7dac226ddff6b7c4ead3d66
SERVER_HANDSHAKE_TRAFFIC_SECRET 805125023aa1dea14c611c8c53c90e56b457483d4ce01d7a90def60642e9b701 dbbfdaeaa28c7cac6ea6ab88e2e4d356d6b2a4f65cf88e96b5197faa4073b62a3cbd10d67a511dbe7057d20dbc0cac5e
CLIENT_TRAFFIC_SECRET_0 805125023aa1dea14c611c8c53c90e56b457483d4ce01d7a90def60642e9b701 cc2f518a9fd0e063c21596d8983bbf0a30d8a9dc36a8926dd773434d508048b398603b5bfa076e341bd9ec2392e24df4
SERVER_TRAFFIC_SECRET_0 805125023aa1dea14c611c8c53c90e56b457483d4ce01d7a90def60642e9b701 bbca151acbd99a247799b22dc683fa1c9f7e68cc23ca3a5a8f0a841f89eed635aa619fe544f79e65e4c042b51161892f
EXPORTER_SECRET 805125023aa1dea14c611c8c53c90e56b457483d4ce01d7a90def60642e9b701 270c047893152949e4b09f4cde2e4b83abe4376d2be8dd2f25ad211d77f7a6dcc5b0c8a3c11fb4b911cddedc6bbe63b5
CLIENT_HANDSHAKE_TRAFFIC_SECRET e2a7f3c212324a4cee7c86fabdbbed80233e4fa6e308ac592498b496e057aff9 485130474467b1aa81bf3a7dd8e283882ee887904176065d9720267f72bbaaa4
SERVER_HANDSHAKE_TRAFFIC_SECRET e2a7f3c212324a4cee7c86fabdbbed80233e4fa6e308ac592498b496e057aff9 df09b6843dd02b9ad43349ae93b28f10a34af142eedecefd2804262284e1cd9a
CLIENT_TRAFFIC_SECRET_0 e2a7f3c212324a4cee7c86fabdbbed80233e4fa6e308ac592498b496e057aff9 1f4459d046c2396ae158b88020c995b6d8906e19f1b22f4892f4c8a145c5a835
SERVER_TRAFFIC_SECRET_0 e2a7f3c212324a4cee7c86fabdbbed80233e4fa6e308ac592498b496e057aff9 224e3ab6f7c01b256904c84dc3b6c2d6d2e864464066825c521f3eef76494537
EXPORTER_SECRET e2a7f3c212324a4cee7c86fabdbbed80233e4fa6e308ac592498b496e057aff9 6b91d1e385a2ab097f6653d502b8742c2621cea9a01f3e0d2249887a040d6b4f
CLIENT_HANDSHAKE_TRAFFIC_SECRET 08fe3458d1116f8a71610916a4920d9d73f7e16f523ec24cf59b3b3434a8ac15 a21123a1a10d1b0a469a486be810ee2fb8e81504343217e85fb68808d757bb41
SERVER_HANDSHAKE_TRAFFIC_SECRET 08fe3458d1116f8a71610916a4920d9d73f7e16f523ec24cf59b3b3434a8ac15 fcf6a841477e023ab9cb40f7f0d2052720244c7143ed42435338771d862f2af4
CLIENT_TRAFFIC_SECRET_0 08fe3458d1116f8a71610916a4920d9d73f7e16f523ec24cf59b3b3434a8ac15 50b07c217001e06ed07ef8fe96b03915f189f3968b1f0f3a34ec115b9431a41c
SERVER_TRAFFIC_SECRET_0 08fe3458d1116f8a71610916a4920d9d73f7e16f523ec24cf59b3b3434a8ac15 d3d02f013eccc96eaa25c2ca91be4d4a2b8da5d118f6bd6ae51fa838df5a8af1
EXPORTER_SECRET 08fe3458d1116f8a71610916a4920d9d73f7e16f523ec24cf59b3b3434a8ac15 decbd186a20afda9c1d2ac1d1b93ab9d38b44afc94f8f3213561572c46410f9f
CLIENT_HANDSHAKE_TRAFFIC_SECRET 34ecb6202d0f1db75106b0ac6d7c7d63abe4943e70dd13477dfcb943140d1b3e dce9326c8f2b030415ba0c63001fb6cf3af23e426804ec99eb468f5f1c302a2e
SERVER_HANDSHAKE_TRAFFIC_SECRET 34ecb6202d0f1db75106b0ac6d7c7d63abe4943e70dd13477dfcb943140d1b3e fde8533e12c7af35a975702536932418d9bd21c4b57f72d643a94f89fd896aab
CLIENT_TRAFFIC_SECRET_0 34ecb6202d0f1db75106b0ac6d7c7d63abe4943e70dd13477dfcb943140d1b3e 54cfbea9465207b4bd7423b05a8428a3e6bb1f5278672250a69978679e770633
SERVER_TRAFFIC_SECRET_0 34ecb6202d0f1db75106b0ac6d7c7d63abe4943e70dd13477dfcb943140d1b3e 325fa39be4ca23ad82d94a16f216bb9b9291e7f243a1d3b2f5780d6089d589d4
EXPORTER_SECRET 34ecb6202d0f1db75106b0ac6d7c7d63abe4943e70dd13477dfcb943140d1b3e d547e76074e9b0e69f325cb14f494426abeaf4bddda052b8ee6e43855f5c65d4
CLIENT_HANDSHAKE_TRAFFIC_SECRET 5596e4ef8c1588525cb23122bf5a2185e258e1b95ffdf997fc7c8439e4e5ed60 37e351895d29d32dbc90e150655ec09b4320532644ba26a4964eb528734274b82671d4bf46eaf704c3366587dd2ac2c1
SERVER_HANDSHAKE_TRAFFIC_SECRET 5596e4ef8c1588525cb23122bf5a2185e258e1b95ffdf997fc7c8439e4e5ed60 b79642957dafde2b5cc0fe613b5f175ec33a2341faa0eeda559dec0c3e0c0a2edf6c21ecba1a1ed513a2eb1db2d7dfab
CLIENT_TRAFFIC_SECRET_0 5596e4ef8c1588525cb23122bf5a2185e258e1b95ffdf997fc7c8439e4e5ed60 5a043b8c7ec52da8998bfa00e2b59e3ef10d1e392c54c24d4361b6cbc940a29084c2c51873c9b09eefb047c23bb8be2f
SERVER_TRAFFIC_SECRET_0 5596e4ef8c1588525cb23122bf5a2185e258e1b95ffdf997fc7c8439e4e5ed60 75af4d0e88f5c3e616c691e0df27f314cd7ba913b7b2fb572f5995abadcb1e3a78854ea0dcf844b8e2ba1d588bdce6e3
EXPORTER_SECRET 5596e4ef8c1588525cb23122bf5a2185e258e1b95ffdf997fc7c8439e4e5ed60 7fb57af3c87e8bec3ca38007ef8343737ab4bd38f96bb5b141fb70a155040038c888bdc40fa7e9a7666d1b72fd1cb754
CLIENT_HANDSHAKE_TRAFFIC_SECRET 9376f30314b102ce33ec799b12b6172af0cee292b9fdad5452f56ebe1a2cddf6 19d91b675e14fb26b0b1a368cd7a5cef82e69ba355f2c057cabc4647f6d864693c43c756d09d692bffa14fd456b2e565
SERVER_HANDSHAKE_TRAFFIC_SECRET 9376f30314b102ce33ec799b12b6172af0cee292b9fdad5452f56ebe1a2cddf6 ecef5ac775072c4761a1d02cc2fd5aa246958212acca27aa455b4dd1dbbb09611c7586662a4cf7f917c0ea2556f951eb
CLIENT_TRAFFIC_SECRET_0 9376f30314b102ce33ec799b12b6172af0cee292b9fdad5452f56ebe1a2cddf6 72a81482c32e5884bebc7302be3dbaf02db55f688563fc10a8008d5f0255f5804a6d8d4c6954507c04d5e8b3d4485b16
SERVER_TRAFFIC_SECRET_0 9376f30314b102ce33ec799b12b6172af0cee292b9fdad5452f56ebe1a2cddf6 0c5feed34b9ae3fa938a16686f267711288a9ae1abfa2426b213e2dbfc65dc5c387bd2bdc2b9b2b16cc9251038af5bb1
EXPORTER_SECRET 9376f30314b102ce33ec799b12b6172af0cee292b9fdad5452f56ebe1a2cddf6 5e8cb2e16a5d8761a0b5916d932fc9dbd58eff0162e9566b476655b2bb90e4f70f85c4bbd949f54bd0a91b7c65ef7612
CLIENT_HANDSHAKE_TRAFFIC_SECRET a51dc375998dc727e8d804a0561dba9e4d01f9576b4e6e5c46e4a213e193a413 e9b2709b3062f28b912c8f836d29220b9bcfb21319f84c673afed69d7a3f3db6
SERVER_HANDSHAKE_TRAFFIC_SECRET a51dc375998dc727e8d804a0561dba9e4d01f9576b4e6e5c46e4a213e193a413 acfa337c0896495c37e71e5cf1c45feb788e4d70cff9b9356397791f30e66e0c
CLIENT_TRAFFIC_SECRET_0 a51dc375998dc727e8d804a0561dba9e4d01f9576b4e6e5c46e4a213e193a413 b366629c4c88477e830b56f18230d533bb127bc7a06da2fd6c077c2fe95f3d8d
SERVER_TRAFFIC_SECRET_0 a51dc375998dc727e8d804a0561dba9e4d01f9576b4e6e5c46e4a213e193a413 fc13bd3b8cc71f469cc492d08d2533e5484781ddd8ace140e83482930154c346
EXPORTER_SECRET a51dc375998dc727e8d804a0561dba9e4d01f9576b4e6e5c46e4a213e193a413 4e19b54a1ab6675212875f85f290593e5918170d71a9a3c937ceddd9c0a45ba8
CLIENT_HANDSHAKE_TRAFFIC_SECRET 155c7f270494220a3bbba3ea11c8ddf0dfb8b19e9c863eae8e10bdc2b052d060 64ceb45acf50d0356cc318c3d6de0cb255f14a69772405f18bce8cdb29eb0a429ea66fba403b0801b783837c6a1a2975
SERVER_HANDSHAKE_TRAFFIC_SECRET 155c7f270494220a3bbba3ea11c8ddf0dfb8b19e9c863eae8e10bdc2b052d060 f9300164e6f8f0fdfce89499383152dcf6a8820f544a8253790b79a5ed386925089e422f0b360c082dd46b9bcc0937ff
CLIENT_TRAFFIC_SECRET_0 155c7f270494220a3bbba3ea11c8ddf0dfb8b19e9c863eae8e10bdc2b052d060 3e192652e88c7d88285c4dd1a9b6a7e7d2cd6ee60625fea135d0bbf850f448add2ae202c59bbdbaae3b28b8e985fa3a9
SERVER_TRAFFIC_SECRET_0 155c7f270494220a3bbba3ea11c8ddf0dfb8b19e9c863eae8e10bdc2b052d060 ad3e69a3572900276cf83753e5a9c49ee44f080a451a2e5826cd9a07c9021e44fabb8c933092749b0e634ac8b8a4213a
EXPORTER_SECRET 155c7f270494220a3bbba3ea11c8ddf0dfb8b19e9c863eae8e10bdc2b052d060 e2ba61ce8fb90273036c88592bad47417c1fc82d4a3b6f305d1d41298ded3167d6641e17eea8d9915aec86a591b8214c
CLIENT_RANDOM a565a0509994f5293aa10bbfda744cda1c2e7fc90e7eb8f3a9a70484d5da2e06 45bca12913f83f519e379fae83189209dab3e98176a56758ace4256f3b5a14a32076357a68fa6b34e1eef62e26bf7ea7
CLIENT_HANDSHAKE_TRAFFIC_SECRET f955e6186ee73b4c926eda9a132e4c71395cc098f6a6d4dd27b4aec06bcddab8 44d0ec3ccaec6833f51a53fb9286a959da95511b1810bd0430305a3b2cc6d357
SERVER_HANDSHAKE_TRAFFIC_SECRET f955e6186ee73b4c926eda9a132e4c71395cc098f6a6d4dd27b4aec06bcddab8 a3e910a73f81c40dce071e99ef0e3174b57c0d1c02a6b19d8bc0598376cbeeaa
CLIENT_TRAFFIC_SECRET_0 f955e6186ee73b4c926eda9a132e4c71395cc098f6a6d4dd27b4aec06bcddab8 e195baf7f02de6c6d0e99f0729f555ff646405597c1731888d853b329b0fce95
SERVER_TRAFFIC_SECRET_0 f955e6186ee73b4c926eda9a132e4c71395cc098f6a6d4dd27b4aec06bcddab8 39a9817e8ab2b9b1aaf7f10f023a91cdb3134b38d0732735fa164d887ee64021
EXPORTER_SECRET f955e6186ee73b4c926eda9a132e4c71395cc098f6a6d4dd27b4aec06bcddab8 7bb168ca3dcb4c3e923f9b87f02d6c33a731f05c27c4d9e7d4b89e201345010b
CLIENT_HANDSHAKE_TRAFFIC_SECRET ef4a2578e587266390e2a37e610fae0b36350b815938ff401831213e3f01d1ef 2983e90708a246d9cfd9376153a2f1ca080cd19c82c32c17161a71a52010c59980066a2f890d5257c31ab56bce1c45df
SERVER_HANDSHAKE_TRAFFIC_SECRET ef4a2578e587266390e2a37e610fae0b36350b815938ff401831213e3f01d1ef 199454420286400d46cf7b6d8b8875e96890b9fab92144606866418ce890adb144955994198fe83fba90c0f4d3e096b2
CLIENT_TRAFFIC_SECRET_0 ef4a2578e587266390e2a37e610fae0b36350b815938ff401831213e3f01d1ef 63b50a3123d7aaee8e29ccb881b8a910e734112d71871a30e39288e6f533df5ef37c5d85cfddaf74e8f49af2cdd64539
SERVER_TRAFFIC_SECRET_0 ef4a2578e587266390e2a37e610fae0b36350b815938ff401831213e3f01d1ef 0545a3e13468d0904a96aefa281d6e6103f2028a1780bd810826bdc8d091023bbee6bf3b50b3f09cce9eff9e26ef3f13
EXPORTER_SECRET ef4a2578e587266390e2a37e610fae0b36350b815938ff401831213e3f01d1ef 36cd38cfca7240b54248cc8026c61fa9e9b0f9e5c005491ef12dd578bd3f31d20496bf2a779a6c3e8f76b605d0ed2404
CLIENT_RANDOM 42f27ada3052d7925683c13747450ce12d614c67a7cdc92f16a3ec83994e22fc 3e3d6fa623e4cfd333d2d0b4318ca0975e2c91daa0ddcd7a30071b9ee8d8400310b1bb33eae4cc5b0d89727d754d048b
CLIENT_HANDSHAKE_TRAFFIC_SECRET f2dc0b260c860107031ccbff2691c58b6246d0db39e66fec29910d3bb2b7ec29 bf281c3c35616cfb20f093410de0b4a72c6976a2ecf9d400fe2ca9871c81e984
SERVER_HANDSHAKE_TRAFFIC_SECRET f2dc0b260c860107031ccbff2691c58b6246d0db39e66fec29910d3bb2b7ec29 4bab7674ea0e44a473cded61d690c6c3d1e6313612076b89dc2db9d8b1f578c9
CLIENT_TRAFFIC_SECRET_0 f2dc0b260c860107031ccbff2691c58b6246d0db39e66fec29910d3bb2b7ec29 fadfae19e5903dc0e066614bc6d8e9a4d6af4d5e0f0c19d95da0b0ad79d41c0a
SERVER_TRAFFIC_SECRET_0 f2dc0b260c860107031ccbff2691c58b6246d0db39e66fec29910d3bb2b7ec29 3b43a057c87ee46c8c780f33ab331cc96a6fe38137d6fe1933adbef942762153
EXPORTER_SECRET f2dc0b260c860107031ccbff2691c58b6246d0db39e66fec29910d3bb2b7ec29 9a82b01d5914d8e75cc0b7bb5de4e012f58a4d99be135cab61c8f2573b922636
CLIENT_RANDOM f4a9757b9d3ed651f94c8616f27608fd3a4a1acf2e077a88e7bc8ed903d1a4e3 d24bb2565aee3773adcffd9e915173252410dce14d016a061cdc9fc779165707d4e0152b1c7c5691289fb5888bafaa56
CLIENT_RANDOM 775b3759163df4e93d237b3a61af5245606ec80d7da5bf0ce767f656f93d089b d312d746efb4343aba598017da8200841de831e74755800205049e2adeb6bf53933ae227c7b7efe04392f436a29ce999
CLIENT_RANDOM d79c7c10b9330bef3abcd6508f298a201f26e46dfbdfed30fb959e3be157ebec 7ad1c1650b12376f72dfc151851700dab530174bb10a0bd607820b3df431058d4f3b07837f3a86ca8d3fbb718efe415d
CLIENT_RANDOM 60d45d5c62998649b14413a15fb5d8a54e2c110b19cceb1fa69db58923db752a eaaf2db2260dbb4a0589deb581846b5dbcc2b0e67b1eb34a0fdbf3d456ff4b4592f5fec9224ecd21513f839af9ecfe34
CLIENT_RANDOM 70d6f6faa80555b612903db28f8f39022f905e14497437bf30c40c8f1e5ce7b3 7a4daa688d5794b31e0a297e1f6f25da93949c667c44796717ef483c73d227985c6820d63aebc5a7d8ab883283a46db7
CLIENT_RANDOM f25c46d446d01b02d12dd271d0959aeb005423e7fd916037548fb565fee1dcd0 ac6a2cc26f4bd4ac467e8590f899c70eb2f7eefa65ad6612523764d65547d010c9454b5a1cb431bcf7138aa19ea46f3a
CLIENT_RANDOM 05b1f8e5cb683b2ed2c87e6059fade41a36256153f903ce554be5f82cf38d865 0220d5e103df265806792ead39e1eecc7283b518323cfb16f5aaf4655c5f366607159b1650af0e7fc381b0134afec8ca
CLIENT_HANDSHAKE_TRAFFIC_SECRET 284624ee899c52dd6355938299ccf11ca4ce73ebd04ade2c17cd096ff7e4d64a a419f8b42e03c2d091212296d218dd713c1c206cb4f2a1c99e6f4013509e9160b634a75213715e74cfacead14a360660
SERVER_HANDSHAKE_TRAFFIC_SECRET 284624ee899c52dd6355938299ccf11ca4ce73ebd04ade2c17cd096ff7e4d64a f13c368446ef9a46f944de2a83fbb0294e31b132d4f8d63c1fab7ae2166435746c139deaa3f9673882b243028981aa91
CLIENT_TRAFFIC_SECRET_0 284624ee899c52dd6355938299ccf11ca4ce73ebd04ade2c17cd096ff7e4d64a 373c3c57ab4d2235af937271809fc6f46ae55ae767ac5e215a4ffaaf1990d38bb78e413d588e926c384ab76316aaa2b1
SERVER_TRAFFIC_SECRET_0 284624ee899c52dd6355938299ccf11ca4ce73ebd04ade2c17cd096ff7e4d64a 92fd7db74c7ee51201e60e7279c69d4f6eb9a258f429c3e083561c6e7fc0a35bf54b46fb3a55930c6a12470d9edc7fac
EXPORTER_SECRET 284624ee899c52dd6355938299ccf11ca4ce73ebd04ade2c17cd096ff7e4d64a bbf5090b4cd58ea0dc9fc386879fdbe82370c2cfedd44d6716f8b29be9e217afc8ff0b598c11607d554acc20a806aa17
CLIENT_HANDSHAKE_TRAFFIC_SECRET eb8ad3c4552415a46419b39bf472a0ba10a98e4d8dfef0569e4675248dca418c 0b906f661aebec8c9d2b1cbfa7003ba2f80dbb53e2ba206c6a7ab3ca18448ca5
SERVER_HANDSHAKE_TRAFFIC_SECRET eb8ad3c4552415a46419b39bf472a0ba10a98e4d8dfef0569e4675248dca418c 381e640ade74bae6a6cfa93d8258a3d90ec576541a3b1357763d325d0f7b5658
CLIENT_TRAFFIC_SECRET_0 eb8ad3c4552415a46419b39bf472a0ba10a98e4d8dfef0569e4675248dca418c 79894278df4702e210ef73707d2814bec89fa0a889e9b52c4481d7f9c991062c
SERVER_TRAFFIC_SECRET_0 eb8ad3c4552415a46419b39bf472a0ba10a98e4d8dfef0569e4675248dca418c c9f06d283dd92bc02e79cd97d9211e3a45512e7b8e1156c1cf842c4555d9d5af
EXPORTER_SECRET eb8ad3c4552415a46419b39bf472a0ba10a98e4d8dfef0569e4675248dca418c 3eeb0848f305db0063b1b04cbb5dc5255b42bf3722c2167814eaec98e17afeff
CLIENT_RANDOM f96e5b66c23b7572cf9fc905b5b0d8b92232d9f6dc95b0c7cf36fce8dce8e8d5 e77a5b4985ccca88825afbcb84d9ca0ecd52e9ce2063132472651f24d7a31917c96a1e1d807dfe7eac5b304260c8ff7c
CLIENT_RANDOM e5e22e05446e0b665f8d6813f971a98e27d75a8eb7acb13b640e2238512bb0f3 63a89671e6ed53f59859c794efe10396fe8944b1180a5ce19e3f4aaaa219e26a0698dbf8cbe467b9d0eb275e223581b0
CLIENT_HANDSHAKE_TRAFFIC_SECRET 6cfcedb0917e0542f6afaf9aef3d8a97f4b1e0f790524c6ee4df8bb07b1550e4 2aec3caaa9e47ef386217999fa7072bd14f688524453106b6fe948520af3aefb
SERVER_HANDSHAKE_TRAFFIC_SECRET 6cfcedb0917e0542f6afaf9aef3d8a97f4b1e0f790524c6ee4df8bb07b1550e4 1a449f8edd7b1af7e302e120c3c29cfe208ec4bcbcf9b644402725515dfa49fa
CLIENT_TRAFFIC_SECRET_0 6cfcedb0917e0542f6afaf9aef3d8a97f4b1e0f790524c6ee4df8bb07b1550e4 c3ace34fef3334d11ab8086db300803d64d91322e71eb2d55ab2687b735a7005
SERVER_TRAFFIC_SECRET_0 6cfcedb0917e0542f6afaf9aef3d8a97f4b1e0f790524c6ee4df8bb07b1550e4 24eda804681c2ad4c0f9a4e3dfba07facf5512da50738153e0f372591a15f6dc
EXPORTER_SECRET 6cfcedb0917e0542f6afaf9aef3d8a97f4b1e0f790524c6ee4df8bb07b1550e4 7e0323f2ea8efec70aecfad4421ff1f240f5c8b7ee69e96022b54a3ef0631e1f
CLIENT_RANDOM 2d3724b213e3022dc870ffa7d57949ade78ff6ca3bb256459ea42c0d5dfc55c5 9885ea0c1edd732f5429e38f6d34f1f3b2809a11978c41c6abb46a69db0486af0d24cf2efa1e79dad01d2308aefff5a8
CLIENT_RANDOM 84e256a3fe27b75f0f1d3a6013006fc5ab65f6db8f7fb7f192426c5abacfedb9 d1a79b4f7268838baa1183beefb7824d18f5942660037c374fdf6d0fa0702aacc9a7c291c540f6860f6dfe14949606f8
CLIENT_HANDSHAKE_TRAFFIC_SECRET bec43c9f7b03708555494800a66b73813f466776aa10e77fe651e783ef36ab59 c60b9521a16fdbdc53b3579b60e483784639e734bf5e620db2b12c71ae36c3b335e996dbbcf571d3ca2b86ac63a786aa
SERVER_HANDSHAKE_TRAFFIC_SECRET bec43c9f7b03708555494800a66b73813f466776aa10e77fe651e783ef36ab59 b36e85b86d891369fd610fc6833441758ac236bc25fa1a84ca2e16ffea107873575da48337127fee62c2a4790b206025
CLIENT_TRAFFIC_SECRET_0 bec43c9f7b03708555494800a66b73813f466776aa10e77fe651e783ef36ab59 590f57fa819229161403ba38a8cf64502db4c938089aaf99ed66c2ee04eb10b4f5a107fc48871d868a4e371520b47605
SERVER_TRAFFIC_SECRET_0 bec43c9f7b03708555494800a66b73813f466776aa10e77fe651e783ef36ab59 e55bbd65805e79aff791062f580e89ee9c7a6ffb746ffb23ebfade76a1bdcec8d745698a65aac541898cb04d55538781
EXPORTER_SECRET bec43c9f7b03708555494800a66b73813f466776aa10e77fe651e783ef36ab59 c6136f965934c361e242394d5f150851912feb72c6beb8f5549dca155a3d4dd3e10874632138d8e5a1209a46262bfdde
CLIENT_RANDOM eee4a556af80a7bedd972d5fd7f75d6df9c5fdc23f325f0acbdac054d02f8530 beb736f8b6c592771583a76618aa75ceb10810a1b7627189553d6cea0cfb55703cc99bcc8e41f258bd1ae7e0573c5166
CLIENT_RANDOM 51af121ee56eddd9272cc39f03a350d19efaa0c3c9e8e4f43127c4fafb01d9d7 a3b2f72ebc60362de6697709e9f6bf891fa73d284ee5cdc3acd6de80ba7a99d43e60650c648c577872366ff07d6bf079
CLIENT_RANDOM 46e76b9e63d7f1a696f5c17af6127ff5e6a15be80d6cf2e05df4cf6c5cdc4d43 4302950c89bc310e2c1875f3ef71e948fc1e8980db99db25dcb3db0eccac444ec97538f4fd9c9c2eba76ca66b928644f
CLIENT_HANDSHAKE_TRAFFIC_SECRET 6894a6214799b84d29c6f957f3992e7e989c27d059f58fc10a57e8023de3d7d1 3c9bce7614c667f9df20436fc774b4af10cbba98b8e9c10dd372e540cc36041f
SERVER_HANDSHAKE_TRAFFIC_SECRET 6894a6214799b84d29c6f957f3992e7e989c27d059f58fc10a57e8023de3d7d1 428f218f4ba23d1c8c0341bf9b433097109727b1ae0c2d3d6089779f098c0e1d
CLIENT_TRAFFIC_SECRET_0 6894a6214799b84d29c6f957f3992e7e989c27d059f58fc10a57e8023de3d7d1 e3b2e4b6da54de2973bf706cc38dd259d4df2ae2db6ef0d9e193a1496d5d37ce
SERVER_TRAFFIC_SECRET_0 6894a6214799b84d29c6f957f3992e7e989c27d059f58fc10a57e8023de3d7d1 7db9d92926e058acd4d4ca9f4c3c6252541529377d333c6fe1ae84ffb5a421e0
EXPORTER_SECRET 6894a6214799b84d29c6f957f3992e7e989c27d059f58fc10a57e8023de3d7d1 78437a87e4a5d034b0b7c6379efef66cbc7d7af600eb19382ef8eb9511b7d075
CLIENT_RANDOM b096ffecccb32ff2f4b4d484f45546071f91e59852d3a4271f24277cf1e3ada2 12119f7b8b8723cae3184939c86d3eb2d26b47a922d04a739b83f61c718fe484db547ba887ee75499b1b9012b853d474
CLIENT_HANDSHAKE_TRAFFIC_SECRET 8ac19b59c127bf104948f324b9efea604615fa5df61e87b9ed247678530f74e1 6cc6d0cb55a098f7ff95464b01838cd61f64ad401192595a7c72a42e3aa619e0
SERVER_HANDSHAKE_TRAFFIC_SECRET 8ac19b59c127bf104948f324b9efea604615fa5df61e87b9ed247678530f74e1 e002bceb0fd1c1164d09dc5fc610fea398213169f63b40e752f1de61f604477c
CLIENT_TRAFFIC_SECRET_0 8ac19b59c127bf104948f324b9efea604615fa5df61e87b9ed247678530f74e1 4c1959dd3749c4fad2961df75f7fd767cde169fffaabd6d3ac2160fcea5de6eb
SERVER_TRAFFIC_SECRET_0 8ac19b59c127bf104948f324b9efea604615fa5df61e87b9ed247678530f74e1 eece44762dd7c32ca9e5a1cca94305476e629f0bc93681af9755270c55dea466
EXPORTER_SECRET 8ac19b59c127bf104948f324b9efea604615fa5df61e87b9ed247678530f74e1 27b7b961daf4c1a0f952f46462d6d696e0419803f65b08942f9340b802961b89
CLIENT_RANDOM e3ae597444ce4b7f070a111b39df9408781ab453adc872a4e617e4d4f9cdab8d 3fbed775fe413088c733c0a7594a0e89150404cd3536741d7bcc7f416599990f0817a77f7b83952816b1f948f4d4f834
CLIENT_HANDSHAKE_TRAFFIC_SECRET 730690b6c7807262c0d3e44bab8ded04cf350507fd232a66fbcd8cb8ccc34f68 88d1cec4e93ff76ee5bf6a1be485e0ce5e80485794f7435271599bcfc5e9598c
SERVER_HANDSHAKE_TRAFFIC_SECRET 730690b6c7807262c0d3e44bab8ded04cf350507fd232a66fbcd8cb8ccc34f68 5e411628664c0c6e797df13df0ada2de879570d73253116a5e96fd36abd271dc
CLIENT_TRAFFIC_SECRET_0 730690b6c7807262c0d3e44bab8ded04cf350507fd232a66fbcd8cb8ccc34f68 146dbe9466f617bc38a17f8da7ee076d276912921bb8fafa24c151c2de6329a5
SERVER_TRAFFIC_SECRET_0 730690b6c7807262c0d3e44bab8ded04cf350507fd232a66fbcd8cb8ccc34f68 73f1af542cf96f1a36192a41c31df822dcaf4c1a05569890691e6b9618d40176
EXPORTER_SECRET 730690b6c7807262c0d3e44bab8ded04cf350507fd232a66fbcd8cb8ccc34f68 2cc873e75267a5ebd9fc3d1d9e952d24af738204bf5ba2483c1a9f1e1c504e59
CLIENT_RANDOM 5e90123d1342eb347f0714a0959389202ffe30846576b73d4ff8288e4920de23 63a89671e6ed53f59859c794efe10396fe8944b1180a5ce19e3f4aaaa219e26a0698dbf8cbe467b9d0eb275e223581b0
CLIENT_RANDOM 57dffa498afb32063862cf22b52f2ff82aead169631f974d295bfa3b5293ef06 3fbed775fe413088c733c0a7594a0e89150404cd3536741d7bcc7f416599990f0817a77f7b83952816b1f948f4d4f834
CLIENT_RANDOM 4755c922386b72ad8001eccc01fe5f0b11f21340e09d3c70d1732bd43522d51e 63a89671e6ed53f59859c794efe10396fe8944b1180a5ce19e3f4aaaa219e26a0698dbf8cbe467b9d0eb275e223581b0
CLIENT_RANDOM 53f081547bb2ff625a9adf2b8ec812b8064b76174f7aee4425080b82443b492b 664d66ff00d839d91ef5357e8ca9c99a41af88852093c92f42c0ea6215748b45a6d5e31d073d434a2852052b5464080a
CLIENT_HANDSHAKE_TRAFFIC_SECRET e23ff4bf2019997d08c592361c29b1ad5815bf17d0b87e9c0a26fc5ec5fed38b 980fb3e856813e18841f0b0de32500152837476bab13efbd5729e84f1e1a426e
SERVER_HANDSHAKE_TRAFFIC_SECRET e23ff4bf2019997d08c592361c29b1ad5815bf17d0b87e9c0a26fc5ec5fed38b fa026a16424dcdc1524906fd191063b904aca8e757499fab68fbcfe4f0e9fd4e
CLIENT_RANDOM bbceedc433600f3eef6c61bafef1e0b743b6d0a06821789885703453fb10a5f5 d98fc1debcdd40f65389563606b840daffb37f75e5c1366496e0c481cc914521e2be23419371d4a25efd710cd20c8741
CLIENT_TRAFFIC_SECRET_0 e23ff4bf2019997d08c592361c29b1ad5815bf17d0b87e9c0a26fc5ec5fed38b eeda6bdd77142367fc2d52a2f4e6ca851e7052ca2dd956fec9cb415d4e2a2096
SERVER_TRAFFIC_SECRET_0 e23ff4bf2019997d08c592361c29b1ad5815bf17d0b87e9c0a26fc5ec5fed38b 028268a391b802a5bf970df1a4e5f552d4131f0a4db9b5f4730cdd2f25891a30
EXPORTER_SECRET e23ff4bf2019997d08c592361c29b1ad5815bf17d0b87e9c0a26fc5ec5fed38b 7a4c46daf54fd1034796477002ba1156db4893f26815f0a8726b0a01b5d336c0
CLIENT_HANDSHAKE_TRAFFIC_SECRET e717b463500e476137dbf5e28664142baff18b727c8f1f17aa07aaf74d347f09 2a5c4097d459ebbb3d25f3451fdd61df8ba219af7cc15e867e17b0b0b1e47f09
SERVER_HANDSHAKE_TRAFFIC_SECRET e717b463500e476137dbf5e28664142baff18b727c8f1f17aa07aaf74d347f09 ec9bae09e972bd495065a49f52ab78cc045192ea20f904175641c8216f0ba9ef
CLIENT_TRAFFIC_SECRET_0 e717b463500e476137dbf5e28664142baff18b727c8f1f17aa07aaf74d347f09 45892fb659892df7e0492b20ea5005457b2bdbda20a286add67eef3fe3fd56c8
SERVER_TRAFFIC_SECRET_0 e717b463500e476137dbf5e28664142baff18b727c8f1f17aa07aaf74d347f09 35cfc1768286b838db228caf75a1738ae95419c3db6fad825bf907b3885de276
EXPORTER_SECRET e717b463500e476137dbf5e28664142baff18b727c8f1f17aa07aaf74d347f09 c1c3f1d586e490b3b83ce22d0529a1c7507c8574f8c750c58279bc5fb8f3f602
CLIENT_HANDSHAKE_TRAFFIC_SECRET 737e204d0ea03c13f171d0584c516502f8c17c2f3dc2816c5620da75f8145f57 ec7983b2551bd797de1d7d70ccb924ca3222bfcd3bd895a2653dbee6c4d49098
SERVER_HANDSHAKE_TRAFFIC_SECRET 737e204d0ea03c13f171d0584c516502f8c17c2f3dc2816c5620da75f8145f57 d10e8bda93d81bd5b20c2f76654558dae555c0ef9a5cd7d24d7ea593ba659cde
CLIENT_RANDOM bf25317d1c8aeec140588a0090bfe1072c5560b869b81a1f6f8a3ddbb854a14c dbbdbc4b4774895ee73aaa9a743034d151ded40b87c7a716effac0ea7db6e321711def8701b7e0a2d46fb7d8f31c37cd
CLIENT_RANDOM bfa5b1ca671fa66495271517a68ef1a03965047b835cfb1332c6538407af7751 63a89671e6ed53f59859c794efe10396fe8944b1180a5ce19e3f4aaaa219e26a0698dbf8cbe467b9d0eb275e223581b0
CLIENT_RANDOM 1388337d7d9dd9d5ece00544404acaf26c1c6e42dc4c35f61ceea75a0826b0f1 63a89671e6ed53f59859c794efe10396fe8944b1180a5ce19e3f4aaaa219e26a0698dbf8cbe467b9d0eb275e223581b0
CLIENT_TRAFFIC_SECRET_0 737e204d0ea03c13f171d0584c516502f8c17c2f3dc2816c5620da75f8145f57 ea40694be5d3e5a224199d8feebdcfbbaaa99ea342239f0d117d096fd3c0433f
SERVER_TRAFFIC_SECRET_0 737e204d0ea03c13f171d0584c516502f8c17c2f3dc2816c5620da75f8145f57 dfc4015a9370c8edec56bba4de17f29e4ece12331be57927289a23dc6bee78c7
EXPORTER_SECRET 737e204d0ea03c13f171d0584c516502f8c17c2f3dc2816c5620da75f8145f57 af7d9488cce48513b8dd6a6bebd9338dd5ebd22f294b4a8c27396065787c6269
CLIENT_RANDOM ddf416f1897f616f44cf9f9597263e830cd7cff37c9024812b41760f5cf3962a 345c9d32ea718d90f4da5edb5c17a06b393979e076866fb3d3cd7fe1c50c729a16e0d9ad786f5dbb8d6b3b23325d502e
CLIENT_RANDOM 2f98d91af19d6a49c00ab4ac82f502812578bf3a4ecd39ede89a70e88568f91a 63a89671e6ed53f59859c794efe10396fe8944b1180a5ce19e3f4aaaa219e26a0698dbf8cbe467b9d0eb275e223581b0
CLIENT_HANDSHAKE_TRAFFIC_SECRET 5ad50505438eb308ad34949d521c9eba5a4ecc743b05b4678e1bdf41080ab853 5ebf2710a6abc1b6829f3fc9a3ac40c6bcef006621cd7943d91275bbd1a2dce2
SERVER_HANDSHAKE_TRAFFIC_SECRET 5ad50505438eb308ad34949d521c9eba5a4ecc743b05b4678e1bdf41080ab853 2457b3f0a96ea387b77ae176a0b5b682d55145bf0688805a27d6e31dfa00b77b
CLIENT_HANDSHAKE_TRAFFIC_SECRET 3ecc8ed9c2a20243f74431b0eb13cce82d2bb91744a680b77341ba3a349976e1 f6ca5388334b70ef69d2b3df7703f39083351df8dd923d0f9d35bbc3a7fe17f4
SERVER_HANDSHAKE_TRAFFIC_SECRET 3ecc8ed9c2a20243f74431b0eb13cce82d2bb91744a680b77341ba3a349976e1 318818066e6e75b9de91c708e1159f2b606425572abfda5329f246acf9bbd4a6
CLIENT_TRAFFIC_SECRET_0 5ad50505438eb308ad34949d521c9eba5a4ecc743b05b4678e1bdf41080ab853 dd07405758c63ff63017bfdbc4455c19003c13d0f499f32b167349c714b7a7c5
SERVER_TRAFFIC_SECRET_0 5ad50505438eb308ad34949d521c9eba5a4ecc743b05b4678e1bdf41080ab853 0ea2153c5cbd0f6a77fa00b69169d649f293af1600e054a876955b11d07c78c2
EXPORTER_SECRET 5ad50505438eb308ad34949d521c9eba5a4ecc743b05b4678e1bdf41080ab853 1b2ba7b56f9a158aa90b869c51cc24f013029049cf2200d4cef1c6454b2d16bc
CLIENT_TRAFFIC_SECRET_0 3ecc8ed9c2a20243f74431b0eb13cce82d2bb91744a680b77341ba3a349976e1 4d1497abe0c9b58e483ba88424bfb4d2b986f9493f35abf6558ca036c00b3f85
SERVER_TRAFFIC_SECRET_0 3ecc8ed9c2a20243f74431b0eb13cce82d2bb91744a680b77341ba3a349976e1 a6485c2e615f27191db6c398bbf9edaf2fc15c3b81b4a9e7b4532381234d704b
EXPORTER_SECRET 3ecc8ed9c2a20243f74431b0eb13cce82d2bb91744a680b77341ba3a349976e1 6118988fe69dad2ed5fed9fe88ccbe4eb93b978a36aaadd62d000da59ba25158
CLIENT_RANDOM b9bd4749dcf1a0990729f398815f1253616676aaafb517d7ca20498e5fa19236 4f2d8c6b7717ad7ea01bfc4442c6ad53f2644b6c6b5241a7ac84c69f0373f24d28868634a91dd9338018ca8e18c97331
CLIENT_RANDOM 3beaacfcb7c5c863fddce044c456fc7d1847ea8fd74d3f66e9fe33db8f10d6ac 7114341d225388f2a21ab16ef691f8338127daee0644350e0d94aa6fd2eda56bcb0a435df68a751d537b4f1c0710fbb9
CLIENT_RANDOM f358199b88d4f9ad0b1995271e75292462c2c07c6d929a42273c0179cef9d1d6 0d7d23b10227fa96077287106ee0e034ec73a5700f11b88f93a790f27f548ad855fa7793a6122d180b3686402689fc22
CLIENT_RANDOM 38e1dfa4548985a2781f609ebc359feb45990abd954e6d2b8abfa646590b130d c36395991c8beae02702b6ee57f96dc85343b41c050a597d86dce762bcd552f41fc4451a7241038a432eb905322defb7
CLIENT_RANDOM 78aa2761520d571e1b7f62d477cce650b2b6f0e04d3a02403d0c83c8893fa24c b2516e12726296a8b0397aab08bf1b2958fb5a6df71bc0bc493717c8b1e82ee2ca988bb9c930e6ad04b5f39dd1bba8b5
CLIENT_RANDOM 0f4e6207dcf7c2a13d59a7d9577ab9330a3b542289da9a0a2806498e86e25d62 7634b8b5eb3fca96c16af9deca4f34201d138a8226e572126e467cb6992d1d6fcc89387ee6bbbcb41bd32813dc2dcc86
CLIENT_RANDOM 725635eb767b156b809ee0c157e5b715c1aed0b8562e64b8a5393cbfc99d7c0c fbc2b696b3e39393e964926f78fb5dd3309d9628bfcb5740f1b0e6e2cf2e75cb1e16b265a0f4db21aa252aa5e559dce6
CLIENT_RANDOM 1977869a821aa08ddfb05cd62bf9aa04b3ac316ac0c283822c6d2e2bbeb07cd5 454516cf91d9b9bb6b535fb263e85c37ecec854a1c0b668d84f8427fe3a67b9dab79b630a26bbbcde8fdce854ecf5358
CLIENT_RANDOM 60365a4b8281cd0cf61db55eb6b4ed6b71c480827524c37e6da5889bc625ee30 c1c7fda300e1adb0cc07e631bb3e362eab7f4db9e2784ac3911c99bfbbb80d22a86334560f182fc5ff36f8d80544c613
