CLIENT_HANDSHAKE_TRAFFIC_SECRET 7191a38713a31cbc3a1c21f89901e94040e90ec9af327cd00a28b6df9c682417 69c743e1bb07ca870884485971a35f0fd53e7310e43872afc4224d8570bd651d
SERVER_HANDSHAKE_TRAFFIC_SECRET 7191a38713a31cbc3a1c21f89901e94040e90ec9af327cd00a28b6df9c682417 e10b66fc86e1efd5a07bb0d978c419ea86492927a6e195c6a53cd86a54518824
CLIENT_TRAFFIC_SECRET_0 7191a38713a31cbc3a1c21f89901e94040e90ec9af327cd00a28b6df9c682417 efee2bce0fde39dc8632b171a200727ec0082b717b12bf745047d507d374ed48
SERVER_TRAFFIC_SECRET_0 7191a38713a31cbc3a1c21f89901e94040e90ec9af327cd00a28b6df9c682417 cb91c70787b22d6c0c31af191c00367a88de5485d7822878b9c0dae268765189
EXPORTER_SECRET 7191a38713a31cbc3a1c21f89901e94040e90ec9af327cd00a28b6df9c682417 9f3911458007a6214840501494df8516efc03a157ed1fd1c23206d8043935259
CLIENT_HANDSHAKE_TRAFFIC_SECRET 0a37c74014192673a73cf4495eec4504919f2725c1bff91e1ffaeb699a4f8d98 9835393ab7ec3c6dc48c4e4e4c904127194edbbabad8fcf07f007844c1bbcf98
SERVER_HANDSHAKE_TRAFFIC_SECRET 0a37c74014192673a73cf4495eec4504919f2725c1bff91e1ffaeb699a4f8d98 12d9179d2a379c99c4ffbd2cf5fde9d552c3f32af0944af257aef704fff75171
CLIENT_HANDSHAKE_TRAFFIC_SECRET 9627727655d451e12c5b0df33e6d4682c4a8c7dd8b6a8be49d209b8a3926c88c c405fb4af9631d4d2a10ce7b61096956a9b71dc7e5ff7c5d37148a349865901f
SERVER_HANDSHAKE_TRAFFIC_SECRET 9627727655d451e12c5b0df33e6d4682c4a8c7dd8b6a8be49d209b8a3926c88c aba0ee13ca3f89e4fa420224baea1dc1b2ec828d20e57bbb15706732b11a173b
CLIENT_TRAFFIC_SECRET_0 9627727655d451e12c5b0df33e6d4682c4a8c7dd8b6a8be49d209b8a3926c88c 0bfee504b95ea8e0ace9169228fb3006c41b5825c36683c122e7718689d3e0da
SERVER_TRAFFIC_SECRET_0 9627727655d451e12c5b0df33e6d4682c4a8c7dd8b6a8be49d209b8a3926c88c bf1cfc35bf7d4c7714450114462455de0ddf17de6b592d8477258b94fb6ae66c
EXPORTER_SECRET 9627727655d451e12c5b0df33e6d4682c4a8c7dd8b6a8be49d209b8a3926c88c a6ad94e05f0d6f9706bd5ed5230e7b9df7b4bb93144b96284e86ddc73fc74953
CLIENT_HANDSHAKE_TRAFFIC_SECRET ea18cb72a7d772c2737c31256fa82876a30f3055ba3a74ee70b94540248288cf c2f2d0eaae284db3408229bdc687c236c96096dea4febb2169fe35f82ad7d5eb
SERVER_HANDSHAKE_TRAFFIC_SECRET ea18cb72a7d772c2737c31256fa82876a30f3055ba3a74ee70b94540248288cf df0fbd6d610d682c397721e1140c243a7fc41b03611132a0b920bce61f25ce71
CLIENT_TRAFFIC_SECRET_0 ea18cb72a7d772c2737c31256fa82876a30f3055ba3a74ee70b94540248288cf cdef227e06091e9f8d818c373142a84738cbe79b89558c84649290f92696f11b
SERVER_TRAFFIC_SECRET_0 ea18cb72a7d772c2737c31256fa82876a30f3055ba3a74ee70b94540248288cf 28c05e5cb51e9a6f1d3d6d144f5fcd23dbe4f9969de48c7b1b018e3df8647d0e
EXPORTER_SECRET ea18cb72a7d772c2737c31256fa82876a30f3055ba3a74ee70b94540248288cf 8b5d11847e964e52ef08dea20b9196502ddaeaa3a64deac3c97986fa33ecad46
CLIENT_HANDSHAKE_TRAFFIC_SECRET cb6c5b1983240abb2bfd8769fafb2ba66aec010769ba67664dc96b19f31e3419 8cc62fa98cc011721677c8c4f82140bba6b0b0d94055ff724f214dc58715de87
SERVER_HANDSHAKE_TRAFFIC_SECRET cb6c5b1983240abb2bfd8769fafb2ba66aec010769ba67664dc96b19f31e3419 bdf9ce70b56ef85027e5ab7ce7a166b10aa0104a7de83d0de8e41607abddfbc0
CLIENT_TRAFFIC_SECRET_0 cb6c5b1983240abb2bfd8769fafb2ba66aec010769ba67664dc96b19f31e3419 13d4cb16fa2bb1ed2ce238d8ab9a1df6546f6de1f78f95229f0dd3d36ccd8725
SERVER_TRAFFIC_SECRET_0 cb6c5b1983240abb2bfd8769fafb2ba66aec010769ba67664dc96b19f31e3419 00930d2dbca9262d2b9e3c541c81edd34f4508a310fc1054130a5dc6c6cca36f
EXPORTER_SECRET cb6c5b1983240abb2bfd8769fafb2ba66aec010769ba67664dc96b19f31e3419 c3f5a106b3f9ccff58cb41d97fefcaf13b395b06973c9a970349151b922d9160
CLIENT_HANDSHAKE_TRAFFIC_SECRET 64acaac237b76bfd75cd786cf3dc890e9df34d895ae0c8b85aa792a46ca63afb fc1f674b8efd5ab01f6819c89272ecf3956d9e8338bc46d9efa9d18953a4403e
SERVER_HANDSHAKE_TRAFFIC_SECRET 64acaac237b76bfd75cd786cf3dc890e9df34d895ae0c8b85aa792a46ca63afb bda71f887f61cbec0f6e484aeabe15138c0f9b7de5e57178cb3a2642667536e1
CLIENT_TRAFFIC_SECRET_0 64acaac237b76bfd75cd786cf3dc890e9df34d895ae0c8b85aa792a46ca63afb 7e39a3dff8da0a9d92120fb351167c33c106ab171b5223604de548a3bd85f692
SERVER_TRAFFIC_SECRET_0 64acaac237b76bfd75cd786cf3dc890e9df34d895ae0c8b85aa792a46ca63afb aae814685a3f1d0c7da3e79f2d6aa49d2c67019748c60ef72503b099ac0d2121
EXPORTER_SECRET 64acaac237b76bfd75cd786cf3dc890e9df34d895ae0c8b85aa792a46ca63afb 9605796b922d37f2e620a3941f203b74c41ed82401044c60923f0919e23d0565
CLIENT_HANDSHAKE_TRAFFIC_SECRET 611002dfe53616559d54f99a3916538ae2e9496e2929c6ef83cde9bb16c6294d bc8c30f6e53baf68bd45e19dbaf9ef827451fd6b469943da058e1e238694e4f1c7c8af0068dd1c663240e1c07082cb24
SERVER_HANDSHAKE_TRAFFIC_SECRET 611002dfe53616559d54f99a3916538ae2e9496e2929c6ef83cde9bb16c6294d ba7a3fccf3e2543b37436ee8ee695e97441eb5b718d07e1d6c47f800478876e7e324fe94d42d62cd7642571c6be9730e
CLIENT_TRAFFIC_SECRET_0 611002dfe53616559d54f99a3916538ae2e9496e2929c6ef83cde9bb16c6294d 865d35cee63a6d9457ca9f446cf733acbbfec86310a515d107191464f11215f3c34e0c963ebecb03dc87f07290fed086
SERVER_TRAFFIC_SECRET_0 611002dfe53616559d54f99a3916538ae2e9496e2929c6ef83cde9bb16c6294d aff839a1b59659fd2cc7a6bdadee555a850651f6a43763a165969819846162717e746b9b965581abdc00dcd50062a495
EXPORTER_SECRET 611002dfe53616559d54f99a3916538ae2e9496e2929c6ef83cde9bb16c6294d 5819192cf16864f669e3739cd330ac86c46aa04ca8b55fa8230cb1ad929aafd0608cc63d4d44bdb641a223c2b7a19495
CLIENT_RANDOM 94c5a42ee737617ab73283d89cc8bdf2606b1ca7a38f8d5b7fc577aab9006e1c 8f528f4fdbaa3ef2651c28090ec649273ae286e7e18966dc13e8e8ab78d119d13f646a86c42c93a7c9859c57e7fe9093
CLIENT_HANDSHAKE_TRAFFIC_SECRET 8eb9fc6a2fcf8ece4f35b0a737333a2704216d5c0827ee9930af328f4e0494ce 9e00304c2a44ea463c4dd4d0f304aa7071de5919d1e816f675e6b07c4d19b4d58b8b916be0a840f612370cfa3b440547
SERVER_HANDSHAKE_TRAFFIC_SECRET 8eb9fc6a2fcf8ece4f35b0a737333a2704216d5c0827ee9930af328f4e0494ce ffc437c9a2e67201701661e21414c0d61a90e7059526eeb02d10a41cc27603ddb5d50083de9b95014807c458c4d88596
CLIENT_TRAFFIC_SECRET_0 8eb9fc6a2fcf8ece4f35b0a737333a2704216d5c0827ee9930af328f4e0494ce 1156fc6577425194cc75a1953bc495c3f02bf09454c6f275b1b4590a34a337d10fa9fbbdd32b12fad66a45db6a1c0373
SERVER_TRAFFIC_SECRET_0 8eb9fc6a2fcf8ece4f35b0a737333a2704216d5c0827ee9930af328f4e0494ce ff9ece5f13423742a0eaa344f66b63ad3ae7babb8d73c9a71c76336264b031f76490d6e5ce496df8f99bf1208a5dd105
EXPORTER_SECRET 8eb9fc6a2fcf8ece4f35b0a737333a2704216d5c0827ee9930af328f4e0494ce aa82e55f824f654a8aa70f0dc517c2e393bd2797e42f3ae4169361b54f5011b39dd4af8d64cd8e520b66d99096e21074
CLIENT_HANDSHAKE_TRAFFIC_SECRET 5172700c0ca55b663f735d1d8a954d1478fbfde910828b927ddb954495c52627 e81045eb99c0a0c5acd163ddbb7e9cd8470474a6ce2ef490c182ff8e15eecf283b438f022c2ce94c116d1c05ab793afa
SERVER_HANDSHAKE_TRAFFIC_SECRET 5172700c0ca55b663f735d1d8a954d1478fbfde910828b927ddb954495c52627 b2979c32f88d1018920d6ce3dba2d903735556c3895fc4a19bf6ee4503f6df63b58bab22e3b695e756b579a9af113970
CLIENT_TRAFFIC_SECRET_0 5172700c0ca55b663f735d1d8a954d1478fbfde910828b927ddb954495c52627 a8d6bbb7b6fb44bb592ec5b48290d07f67462e89b7488bf6ad6097b8e207d50e0948e3aaf0ca441811cf677f443e4739
SERVER_TRAFFIC_SECRET_0 5172700c0ca55b663f735d1d8a954d1478fbfde910828b927ddb954495c52627 a8ab6686c1c3d7e4583414b3a264f70232b9b144bd73297879fe34fc3ff9758a00cf273f74bdaa8400919196daf29a2c
EXPORTER_SECRET 5172700c0ca55b663f735d1d8a954d1478fbfde910828b927ddb954495c52627 c386ce75b3dc78f8eac05793032c39463c022367daac09525b489b1940cb4c013ca9a7ca576417a2e75c38a4b123c88d
CLIENT_HANDSHAKE_TRAFFIC_SECRET f08bbc901068d482303cf5b1e61f67204319a1ae24f712fcf0b6b4b2d161b591 9dc9cd64921d17d0b54f11e174c7c2e5aebbddd5c0277e29e3f236641be650d2e6c6a6bc4767c0a430e0ff6a0db6adc7
SERVER_HANDSHAKE_TRAFFIC_SECRET f08bbc901068d482303cf5b1e61f67204319a1ae24f712fcf0b6b4b2d161b591 afbde3aac1ceaa069569f901d1a8bf21c463506b95c9f11fb03ce0be78982157a0e20242e7d57e13f2d9c18fb961c24a
CLIENT_TRAFFIC_SECRET_0 f08bbc901068d482303cf5b1e61f67204319a1ae24f712fcf0b6b4b2d161b591 4abf3827c17dabd49129fd303e305dc4f647d870668e18d18f4477079e63f033256989cd2bc3eb030f83eb7ba6d608f1
SERVER_TRAFFIC_SECRET_0 f08bbc901068d482303cf5b1e61f67204319a1ae24f712fcf0b6b4b2d161b591 48e7516393623216321b6adb7939195e4bf16252836dc5de2d087a5dddc90878775db4b617115565c9acb406ec51d94c
EXPORTER_SECRET f08bbc901068d482303cf5b1e61f67204319a1ae24f712fcf0b6b4b2d161b591 012631651cf8ddfe4ba86e566e660f4a5211f773b0e456fa0668f0d3efe73959f81ac9c9be03cf0863ddf8bba984c487
CLIENT_HANDSHAKE_TRAFFIC_SECRET 26bd339304dbb818843bcf1ed3d8226f5e665f283126a50f129c1d67688be338 72afbe5ea5b9f6c5172827a92081192dd64b497aad0be2c92cbd422c5776e5ab
SERVER_HANDSHAKE_TRAFFIC_SECRET 26bd339304dbb818843bcf1ed3d8226f5e665f283126a50f129c1d67688be338 c300532b4e12e47f2ee15b20e17518924fe3a29de64fb3718ce2b0dd4e686040
CLIENT_TRAFFIC_SECRET_0 26bd339304dbb818843bcf1ed3d8226f5e665f283126a50f129c1d67688be338 5d7eb04d2c0c71d92019a1f7c81e05ed564d3f00748dbdad8a80e093742e1427
SERVER_TRAFFIC_SECRET_0 26bd339304dbb818843bcf1ed3d8226f5e665f283126a50f129c1d67688be338 955a37f28c222110b1dbab77a7087732acc284e1f2dfce7048ccaa3a7a0c32cd
EXPORTER_SECRET 26bd339304dbb818843bcf1ed3d8226f5e665f283126a50f129c1d67688be338 15a6844095cc56b11891bb781e806eefc2a6981a371d2a1be2db247ed00ef118
CLIENT_HANDSHAKE_TRAFFIC_SECRET bf51e7895a27b83345896b8a608a40bff81ee9e21943fc353859d90e3ea50e74 a44fd2dc28d91f32a68f94ccb4745769bcf06cb7298bc1d6ab73ba9ef1e4683a
SERVER_HANDSHAKE_TRAFFIC_SECRET bf51e7895a27b83345896b8a608a40bff81ee9e21943fc353859d90e3ea50e74 f0049a0ce1f605c8028cfb6dc097531385fba797463ee8a46b2d4744971020a6
CLIENT_TRAFFIC_SECRET_0 bf51e7895a27b83345896b8a608a40bff81ee9e21943fc353859d90e3ea50e74 b6be9945a34a453d7200627734d0e2136a7729afc2fc651e6b99a767ab77278a
SERVER_TRAFFIC_SECRET_0 bf51e7895a27b83345896b8a608a40bff81ee9e21943fc353859d90e3ea50e74 ac68bf87c37cccedbad233837d5107a8252dada517f5690090322bab8328364a
EXPORTER_SECRET bf51e7895a27b83345896b8a608a40bff81ee9e21943fc353859d90e3ea50e74 a9643ed5c16a5c61656c0b5a43fcc50d5c6fb9397dfca0217ec07b0f152703e5
