CLIENT_HANDSHAKE_TRAFFIC_SECRET e85eb3ff44c319761c482350fc5c18a90a9cd230eadee0fed3e9dfbb1f13ee7c b275e01ec4f14aed61f390e938096dfe6a7e0320964c2965db364f80cd0a39c1
SERVER_HANDSHAKE_TRAFFIC_SECRET e85eb3ff44c319761c482350fc5c18a90a9cd230eadee0fed3e9dfbb1f13ee7c cfb1c7bd1473f01f6a9d42000ce0908f5a0db405d8a02c1a8eef90ee992d9731
CLIENT_TRAFFIC_SECRET_0 e85eb3ff44c319761c482350fc5c18a90a9cd230eadee0fed3e9dfbb1f13ee7c 7a94ac62a95777f16ccfc26126f42535184dabb1bc87a31af7647c2799bd5de6
SERVER_TRAFFIC_SECRET_0 e85eb3ff44c319761c482350fc5c18a90a9cd230eadee0fed3e9dfbb1f13ee7c 00d9a4d77db01af703db8945c8886e59baaa8e5be831ee1df93775089ef6a26f
EXPORTER_SECRET e85eb3ff44c319761c482350fc5c18a90a9cd230eadee0fed3e9dfbb1f13ee7c 705729b2f6d458e599d9418809697fe9d8dd08b0b2f4de04be4790b5b031f87d
CLIENT_HANDSHAKE_TRAFFIC_SECRET cae52fdd577eb8d2f5314283153d3bbfb95861cc4af004f2cbda1560f7d6a738 41bb655d7b9ca4e9de0bbbb08d53d56e35f8939356e2faf1b4f321c8d91b5f25
SERVER_HANDSHAKE_TRAFFIC_SECRET cae52fdd577eb8d2f5314283153d3bbfb95861cc4af004f2cbda1560f7d6a738 99e00139e9a30ce3cc148e1418da082a86c5e89081e36d95a1721944a5869267
CLIENT_TRAFFIC_SECRET_0 cae52fdd577eb8d2f5314283153d3bbfb95861cc4af004f2cbda1560f7d6a738 9d2d380814fcc95c74e99976842e61ea30d4e04b28b43deb18d79580b546ec4d
SERVER_TRAFFIC_SECRET_0 cae52fdd577eb8d2f5314283153d3bbfb95861cc4af004f2cbda1560f7d6a738 fae23f37ddc584c0aad333846fc7f67ff79b1664d440248cc5ef7fc1557123e0
EXPORTER_SECRET cae52fdd577eb8d2f5314283153d3bbfb95861cc4af004f2cbda1560f7d6a738 d723bdea5970b530fcc99ba756eaa599b597158c138462b66df804dc7e801ba3
CLIENT_HANDSHAKE_TRAFFIC_SECRET 6362513feaa6b6959df49dcf55e46efebf35a9015b2144ea2b7f74cd06bf5d34 2abc826435b032077dabfbd126ce3039b365f89b5b84f9f93ce62991e758e4f7
SERVER_HANDSHAKE_TRAFFIC_SECRET 6362513feaa6b6959df49dcf55e46efebf35a9015b2144ea2b7f74cd06bf5d34 9282dd7a3a3ada5fccb8effd77c07f13ac6895d9db6adfd7fc4b6cbefbc7b79d
CLIENT_TRAFFIC_SECRET_0 6362513feaa6b6959df49dcf55e46efebf35a9015b2144ea2b7f74cd06bf5d34 8dd41ea0e82e74cee2a4c36c5c4bf70325164376219aeb3cfc1d31b5e346acf1
SERVER_TRAFFIC_SECRET_0 6362513feaa6b6959df49dcf55e46efebf35a9015b2144ea2b7f74cd06bf5d34 701293e6ca1f7a405134f7f160d092b9b352403bc5619221a3138ddbeccab988
EXPORTER_SECRET 6362513feaa6b6959df49dcf55e46efebf35a9015b2144ea2b7f74cd06bf5d34 fa375d0587cef0d6df4fb4d9d98e0c09adb05c2990eeb0d1a5f3a7411392e3a9
CLIENT_HANDSHAKE_TRAFFIC_SECRET b28e9477d7303295b2a1ec8da738eea0759d0d8b84482f338874b881c96bb88e 6610d38a941fd497b0569abab5961fdc30b07f322d064287589d740518e14c27
SERVER_HANDSHAKE_TRAFFIC_SECRET b28e9477d7303295b2a1ec8da738eea0759d0d8b84482f338874b881c96bb88e ffa88092fd1976ee0d6193d1414eb80eec16ed62abcb83b3260cad1f485b29c1
CLIENT_TRAFFIC_SECRET_0 b28e9477d7303295b2a1ec8da738eea0759d0d8b84482f338874b881c96bb88e f0eec95eac3c92f167e112a906797e8c79d19b67c1446298d25e79220d5e9e3f
SERVER_TRAFFIC_SECRET_0 b28e9477d7303295b2a1ec8da738eea0759d0d8b84482f338874b881c96bb88e a3b6248086f72e98cb681f210b7c237a65763defc7a9df5f40bb21adcc323a2e
EXPORTER_SECRET b28e9477d7303295b2a1ec8da738eea0759d0d8b84482f338874b881c96bb88e 77900baadebe0668ebf526b25b70e2a9616ca528f73c6599f7f9ee86cc3ef88b
CLIENT_HANDSHAKE_TRAFFIC_SECRET 41fe33e48136191bae2ee55e094c5a565f1fb8f16d034b0d570060d60537899b 1460caafe27949e199fa86cdcc4f2cf61e0625edd77a51b73755f4343f11de7e
SERVER_HANDSHAKE_TRAFFIC_SECRET 41fe33e48136191bae2ee55e094c5a565f1fb8f16d034b0d570060d60537899b 975789efff8d4c51dd00ab68d85c67ee37204ffce0a8ce24b46ed203069bf0d3
CLIENT_TRAFFIC_SECRET_0 41fe33e48136191bae2ee55e094c5a565f1fb8f16d034b0d570060d60537899b 13f9ec88edcc1d766680276edb1ac58204e2525766b779a77acfb54ebdc94279
SERVER_TRAFFIC_SECRET_0 41fe33e48136191bae2ee55e094c5a565f1fb8f16d034b0d570060d60537899b 1a84e0fbc1fa5b32e493f4a70ffa3c11f193561494318afd9b802db71ac4c223
EXPORTER_SECRET 41fe33e48136191bae2ee55e094c5a565f1fb8f16d034b0d570060d60537899b 1c4708fc9c884591b266a980a6aeba7037422abf2ab2a36bacd4662b644500f7
CLIENT_HANDSHAKE_TRAFFIC_SECRET 520461fd37fbc485ddb455c935c7be816588811ab3346a9fedc845d85ecd4a65 0b60956c8e4c3a8a066d98e1210a838a46d63b2e33c47ab7f1a43a7fdd3cb3e1
SERVER_HANDSHAKE_TRAFFIC_SECRET 520461fd37fbc485ddb455c935c7be816588811ab3346a9fedc845d85ecd4a65 0f96f13ed2751c71e88cf4b5cf6ac6f0920b89d4b801de41ec4c4c0c9e5c4624
CLIENT_TRAFFIC_SECRET_0 520461fd37fbc485ddb455c935c7be816588811ab3346a9fedc845d85ecd4a65 b7cd9fa60f8f3ef9ed3cc85d3c37d165be8bde5ef549fe27eee9947ba8c02ca7
SERVER_TRAFFIC_SECRET_0 520461fd37fbc485ddb455c935c7be816588811ab3346a9fedc845d85ecd4a65 88dd28de1ebf6b3403478a53cddb57493bf35070bdea7580a0822011b0895e50
EXPORTER_SECRET 520461fd37fbc485ddb455c935c7be816588811ab3346a9fedc845d85ecd4a65 fe901d49787d09030e7facce631c56b93c9960801c1634a9f25559b6a9c9ee7a
CLIENT_HANDSHAKE_TRAFFIC_SECRET 80da5510e42c3cc68cba238d5ae75249b0e1b157ab2136e612841e32c0304e32 1c0738fb404a0aa73577cbe8daab022c71a4be5d67522cfaaa5726f58b099538
SERVER_HANDSHAKE_TRAFFIC_SECRET 80da5510e42c3cc68cba238d5ae75249b0e1b157ab2136e612841e32c0304e32 0bb631f87cba0707ff9cb4edaabeeb7079f34aa9517b7b80a226e06c2ac870d4
CLIENT_TRAFFIC_SECRET_0 80da5510e42c3cc68cba238d5ae75249b0e1b157ab2136e612841e32c0304e32 e6d55ba14e5137ed6a50ecaf870b90c98961280e3797c7ae5732a72a66bcdaaa
SERVER_TRAFFIC_SECRET_0 80da5510e42c3cc68cba238d5ae75249b0e1b157ab2136e612841e32c0304e32 7b94495c5a3ca0f018cab84cbdf8f2ff185030fbcbdd5ea2c4afdf5d475a6a5e
EXPORTER_SECRET 80da5510e42c3cc68cba238d5ae75249b0e1b157ab2136e612841e32c0304e32 d3d8a63827cc92182bb40d157e55ad7c0716499d6f26cf3144986b4be298158a
CLIENT_HANDSHAKE_TRAFFIC_SECRET 33df93922307287edd0722685de8c112a0c66817a816f040a5f35a4557c52871 4629fb62be31c5b4430abab8fb6788bd6fc601274b80660ebf8dfc8f0f5c0e12
SERVER_HANDSHAKE_TRAFFIC_SECRET 33df93922307287edd0722685de8c112a0c66817a816f040a5f35a4557c52871 9b990d32ec54c6ea16e4c1050c4d0c4a9bd3a52da405654a7b2667b700a96fc9
CLIENT_HANDSHAKE_TRAFFIC_SECRET e905bb6b41dd96340e69d41674109c4ac5397783f7066b2292c9faa88894c7c0 fa7ebd4dde7744952ae64cf51e0e318096faf25c981f461899f3c18430331b4b
SERVER_HANDSHAKE_TRAFFIC_SECRET e905bb6b41dd96340e69d41674109c4ac5397783f7066b2292c9faa88894c7c0 d8adc680578372ace5b35ecbb7026a2bd47535cbd3e9cea0eba6a66951fe6eb7
CLIENT_TRAFFIC_SECRET_0 33df93922307287edd0722685de8c112a0c66817a816f040a5f35a4557c52871 3f67aa88347ff6f0d67c5ce863a32bdbc0141be686bbc1729189ed74810944cf
SERVER_TRAFFIC_SECRET_0 33df93922307287edd0722685de8c112a0c66817a816f040a5f35a4557c52871 3b645201ff7db32e5ed8d170378e6d224b53c1c84e575dad2927bb7995e307a6
EXPORTER_SECRET 33df93922307287edd0722685de8c112a0c66817a816f040a5f35a4557c52871 af967e0166836ce2bca51c188d6130afcbab84f0bd268c13946a2ce3139be5b6
CLIENT_TRAFFIC_SECRET_0 e905bb6b41dd96340e69d41674109c4ac5397783f7066b2292c9faa88894c7c0 6a0d825af8b60d1b676dc7a61f5a366588316832c867c5e4a378f8e30f29497c
SERVER_TRAFFIC_SECRET_0 e905bb6b41dd96340e69d41674109c4ac5397783f7066b2292c9faa88894c7c0 9ba3747c9a35b98f19a93e40117fd4e18681f595e9c82e6e0972738c6f134677
EXPORTER_SECRET e905bb6b41dd96340e69d41674109c4ac5397783f7066b2292c9faa88894c7c0 3c57c119162a54e321a9d297c5c54579c473d03d84b8e7f29ce8c46c2243f3f4
CLIENT_HANDSHAKE_TRAFFIC_SECRET 43ffe4a6eb645d4d4d142f7ce6a251928310b3b3dd38125a1f3ef19f365ee4ec 0e4adfe30afa3d46e57d4d58e49255cfa3feee5d17d4d877febc3e3720309437
SERVER_HANDSHAKE_TRAFFIC_SECRET 43ffe4a6eb645d4d4d142f7ce6a251928310b3b3dd38125a1f3ef19f365ee4ec b290ea3b34ad4919abe7304802b6083e93f4740c019a1a2b53fa69d4e0d62a7b
CLIENT_TRAFFIC_SECRET_0 43ffe4a6eb645d4d4d142f7ce6a251928310b3b3dd38125a1f3ef19f365ee4ec 06f996dbee818d0c2e12849f9e5880fa38db18f064c86bc310b5099e4dd63f55
SERVER_TRAFFIC_SECRET_0 43ffe4a6eb645d4d4d142f7ce6a251928310b3b3dd38125a1f3ef19f365ee4ec 53457081e67e4ca32547232c52e6c568d48d07d25387b094f194000da6ec9084
EXPORTER_SECRET 43ffe4a6eb645d4d4d142f7ce6a251928310b3b3dd38125a1f3ef19f365ee4ec bc43f695979fca07f4c4fa7c4742dae992dbea3b4a05f247fcc17be9116d5b71
CLIENT_HANDSHAKE_TRAFFIC_SECRET 998b87a7edf2f6640b0c8fc272fe4532f4156aaeba50eb46e0b657dd28030c34 43f30bdff29dd69ba424ccb10b6ab11ff197ca742b192f4d435fea541e011a10
SERVER_HANDSHAKE_TRAFFIC_SECRET 998b87a7edf2f6640b0c8fc272fe4532f4156aaeba50eb46e0b657dd28030c34 69cb2a15bc7b730c296675ada909174ac819e439b7b2ad5891d2b666bbf53cd6
CLIENT_TRAFFIC_SECRET_0 998b87a7edf2f6640b0c8fc272fe4532f4156aaeba50eb46e0b657dd28030c34 f9ff3533a6c216815b461bcf93893bda0d9ec1b09497b6c87bdec75958b8d5ad
SERVER_TRAFFIC_SECRET_0 998b87a7edf2f6640b0c8fc272fe4532f4156aaeba50eb46e0b657dd28030c34 1ede629fb9a14e45976e3ccd37c325d8abfcf1b47e3baedc57c0f47a11514b56
EXPORTER_SECRET 998b87a7edf2f6640b0c8fc272fe4532f4156aaeba50eb46e0b657dd28030c34 89fc26dc8999c99fa78da6962ba3d0107baae29f535c73b5e12019cfa205971f
CLIENT_HANDSHAKE_TRAFFIC_SECRET a7a82128054f2d8c5566a573ad64021736c17d7e0bc9de8f4c13ab984026a5fb ff9f647d3432e5ca6d5a98ae2f56e635d3391c5cfd9e6c015ce7ddb28998b07d
SERVER_HANDSHAKE_TRAFFIC_SECRET a7a82128054f2d8c5566a573ad64021736c17d7e0bc9de8f4c13ab984026a5fb fc1dba3deb195f4e5dff8c9a68dda79ef07737adfedeb49d74646b1b7e361f0e
CLIENT_TRAFFIC_SECRET_0 a7a82128054f2d8c5566a573ad64021736c17d7e0bc9de8f4c13ab984026a5fb 02afbdbabb5b3cecf5186bacb0ed1c8ddc06c48cb9fb9235c881afe6d74e9fee
SERVER_TRAFFIC_SECRET_0 a7a82128054f2d8c5566a573ad64021736c17d7e0bc9de8f4c13ab984026a5fb bae41ead73a3db6d17ec4d6462648ef9b16b323209caee28a0ee671f51c52f02
EXPORTER_SECRET a7a82128054f2d8c5566a573ad64021736c17d7e0bc9de8f4c13ab984026a5fb 4fa7bc7c34e2638fed87a4992242bf9b6d084f5b6d396f1d7224f39ad353fa2b
CLIENT_HANDSHAKE_TRAFFIC_SECRET f93c0d6c193ef77c572a8817e0dbe51c3b1d9b25d05a4c7593be463011f5db5d 3f3f1d034cd889fa6aaf6dbe130b8a11925e9ca47289fb0db152219de0896a95
SERVER_HANDSHAKE_TRAFFIC_SECRET f93c0d6c193ef77c572a8817e0dbe51c3b1d9b25d05a4c7593be463011f5db5d 117de38ee61f7c2e36b5260ee5fc8cdd44c5c9fb81c4752268e3cbcdec1652f9
CLIENT_TRAFFIC_SECRET_0 f93c0d6c193ef77c572a8817e0dbe51c3b1d9b25d05a4c7593be463011f5db5d 4fb82153615acf9d83da57882ccb79b3cd42030ab1936e54fc5833945cc7bff2
SERVER_TRAFFIC_SECRET_0 f93c0d6c193ef77c572a8817e0dbe51c3b1d9b25d05a4c7593be463011f5db5d 17b55529c7f2ae8f8945e67578bc658ff98548077f803c0ae41057395e44fd04
EXPORTER_SECRET f93c0d6c193ef77c572a8817e0dbe51c3b1d9b25d05a4c7593be463011f5db5d a2ae758c8b4eb66d56119364f04e17a979d48de558d485964d673ba83e655400
CLIENT_HANDSHAKE_TRAFFIC_SECRET 6f48e755ae5c840a8cdb2ca26eaa176727f0658af16dd372b540930afa5f71d4 64968aa951972cc18b0f750ae3f511d4ec6f57f5ec0fa31fb96b33ea1b4d419d
SERVER_HANDSHAKE_TRAFFIC_SECRET 6f48e755ae5c840a8cdb2ca26eaa176727f0658af16dd372b540930afa5f71d4 c618ad46fd50a28f6f7431b93337057a186d9e999b0c1a77203914e44f5947b3
CLIENT_TRAFFIC_SECRET_0 6f48e755ae5c840a8cdb2ca26eaa176727f0658af16dd372b540930afa5f71d4 ab4c8e595657598dc7e6e75dd26917729a08f7f502e5e9940d1280819203312a
SERVER_TRAFFIC_SECRET_0 6f48e755ae5c840a8cdb2ca26eaa176727f0658af16dd372b540930afa5f71d4 a917c980f89d37c99253fa663a0a7bcc7e652223e09d50f648d8afcde6c0a842
EXPORTER_SECRET 6f48e755ae5c840a8cdb2ca26eaa176727f0658af16dd372b540930afa5f71d4 36be2b3955f8a8f80c3fd9dff27353d00422f9b1133d4058a5e51f137811b359
CLIENT_HANDSHAKE_TRAFFIC_SECRET 6d4793bfbdcd376b34a2c172555db63d936162cb17bd6b63ed36ecebc63b4fb1 e2c6546d0b3c54a22f77b7ea1163ebb068605c45b9cd54896b39f80fea1d6889
SERVER_HANDSHAKE_TRAFFIC_SECRET 6d4793bfbdcd376b34a2c172555db63d936162cb17bd6b63ed36ecebc63b4fb1 a7e68f6301ad1d2d345587777b5d50e5bbbf3f56336b7d54859c9d360fd9affe
CLIENT_TRAFFIC_SECRET_0 6d4793bfbdcd376b34a2c172555db63d936162cb17bd6b63ed36ecebc63b4fb1 a91aafa55d7a51c3ebc9f3c26683444b83ee7d54f5fd8f436e7e45b15c434fd7
SERVER_TRAFFIC_SECRET_0 6d4793bfbdcd376b34a2c172555db63d936162cb17bd6b63ed36ecebc63b4fb1 a3581c14e6c9c36ac4f2a58e824419201958c54a9325a9e0157764c5e1105a13
EXPORTER_SECRET 6d4793bfbdcd376b34a2c172555db63d936162cb17bd6b63ed36ecebc63b4fb1 a1557712db700a5adde5aea9714bb9dfe8f4dddc77b3b6f37ede7071364dfce7
CLIENT_HANDSHAKE_TRAFFIC_SECRET f22a4d2d8a7def9e03bc6044682b621b3143ec822a9040d0dd0422587e7ac552 6439a8e96bf2cf3602bab41798b7b4c1ae426f708dd94e8253c629319e6cf364
SERVER_HANDSHAKE_TRAFFIC_SECRET f22a4d2d8a7def9e03bc6044682b621b3143ec822a9040d0dd0422587e7ac552 8b356d12aeef8c502313e2cd026627818d1b84623e57b7922f115ff031d2db6c
CLIENT_TRAFFIC_SECRET_0 f22a4d2d8a7def9e03bc6044682b621b3143ec822a9040d0dd0422587e7ac552 776722f438f7da4cca73a0f54aaa19ea6e244c319ac0475121c221aa7b2d681e
SERVER_TRAFFIC_SECRET_0 f22a4d2d8a7def9e03bc6044682b621b3143ec822a9040d0dd0422587e7ac552 0f5d06883bc1e07539adaf877a78f60f4328d40ae6d2f763dd925567ec9347da
EXPORTER_SECRET f22a4d2d8a7def9e03bc6044682b621b3143ec822a9040d0dd0422587e7ac552 c5a4ae39b56248e022485b365c04330bf79fbc618e3e312823d81e6de667035a
CLIENT_HANDSHAKE_TRAFFIC_SECRET 7e167928c0aa1f1131f414ae4fea585ab0924b178f2ee6e5d215e17edf2c7c00 c92397d4ddf9165d17d2651d98b77ae1db9166c96adf13b0630584b40565a15a
SERVER_HANDSHAKE_TRAFFIC_SECRET 7e167928c0aa1f1131f414ae4fea585ab0924b178f2ee6e5d215e17edf2c7c00 c9e13a8285239fad2bef7157a46ad2b0254b5f54078d4df9af3320c746eb7316
CLIENT_TRAFFIC_SECRET_0 7e167928c0aa1f1131f414ae4fea585ab0924b178f2ee6e5d215e17edf2c7c00 09af092d54c053a9b3b3bdef57b60cd8a2b6d78f1e4f3115b26cc2600b359289
SERVER_TRAFFIC_SECRET_0 7e167928c0aa1f1131f414ae4fea585ab0924b178f2ee6e5d215e17edf2c7c00 107a34ab9961811d3d1f46ec1d95c37ff0d9ae09307e9cc1673ce69295d40a75
EXPORTER_SECRET 7e167928c0aa1f1131f414ae4fea585ab0924b178f2ee6e5d215e17edf2c7c00 663143734a1375875089fcca074d2127f670eb230036e2f21c6555537a13ed89
CLIENT_HANDSHAKE_TRAFFIC_SECRET 9750fc86413a5c5d348eb1c4b2d38945e79c43a19406957e0900a80ed1fd1e0e 3c7047240e8daa399bb928463674eb53f44b5a8a49a5daa2b817ea563beb8de4
SERVER_HANDSHAKE_TRAFFIC_SECRET 9750fc86413a5c5d348eb1c4b2d38945e79c43a19406957e0900a80ed1fd1e0e 97cc62a4247a3c305fc1dee36e64388fe3ed6c44e0875fea25e8e71453613dcb
CLIENT_TRAFFIC_SECRET_0 9750fc86413a5c5d348eb1c4b2d38945e79c43a19406957e0900a80ed1fd1e0e 320aad467d75e68d2148bef6a100b7c5f4fd8fd0fb7cdc18821ea2ac82fdd24c
SERVER_TRAFFIC_SECRET_0 9750fc86413a5c5d348eb1c4b2d38945e79c43a19406957e0900a80ed1fd1e0e 4032a66788ddf453082cdc3078bd245d75c7052caa20768f517da1493c6c3378
EXPORTER_SECRET 9750fc86413a5c5d348eb1c4b2d38945e79c43a19406957e0900a80ed1fd1e0e 8846e9402b4e44304d43ce647913d7968287ea59ef89f11209296ef1dcebd86b
CLIENT_HANDSHAKE_TRAFFIC_SECRET c4d42c422f1a1bf2baa6fdbf2ded7e3b820f5a4fafc641932d1406af665e0488 dc5a65a704044676d074dfc90183bb95a62ff43f89b074a315e28ce63812974f
SERVER_HANDSHAKE_TRAFFIC_SECRET c4d42c422f1a1bf2baa6fdbf2ded7e3b820f5a4fafc641932d1406af665e0488 bafad9c0a168413614f021987e916bdd015c6c2e3e12987d7edaa55131c4713f
CLIENT_TRAFFIC_SECRET_0 c4d42c422f1a1bf2baa6fdbf2ded7e3b820f5a4fafc641932d1406af665e0488 ce35fdd723fbed0c3d71c8d4eabde97e616c754efb056142e75dc5c76b7a987e
SERVER_TRAFFIC_SECRET_0 c4d42c422f1a1bf2baa6fdbf2ded7e3b820f5a4fafc641932d1406af665e0488 0104519045cc8d7daac915314336ae220cb891304a5e2393d5403380e579790d
EXPORTER_SECRET c4d42c422f1a1bf2baa6fdbf2ded7e3b820f5a4fafc641932d1406af665e0488 e5911588db7669dc371f089c95b5e3050697bf20776458348b1ecf455e315952
CLIENT_HANDSHAKE_TRAFFIC_SECRET fa800132aacfa84153b65aa8500deaf39d7426f5831090b16616930828874ff7 006c89f3832328beb4e66928d1ec03b40332632bf16fd0f2ce0802b8f1a12792
SERVER_HANDSHAKE_TRAFFIC_SECRET fa800132aacfa84153b65aa8500deaf39d7426f5831090b16616930828874ff7 00c5df090adb0dd43d51db8b957f045229b067376ee47e405daa071a80ea208b
CLIENT_TRAFFIC_SECRET_0 fa800132aacfa84153b65aa8500deaf39d7426f5831090b16616930828874ff7 6c7482e6cbb84ec37d12bbb94959408ac5f27829ecb8722e3b63d960f0619b4f
SERVER_TRAFFIC_SECRET_0 fa800132aacfa84153b65aa8500deaf39d7426f5831090b16616930828874ff7 9ca68b8ce0d4e296f3348263f325c3967e87b6b0390916eed2d66f59b681eeaa
EXPORTER_SECRET fa800132aacfa84153b65aa8500deaf39d7426f5831090b16616930828874ff7 6305aa46fae27663bf0ad17d19f2bdb7a2525e5c2a138718c8265ae0d539e0dc
CLIENT_HANDSHAKE_TRAFFIC_SECRET cadf1ffacd90b62d3f73520ba050bd6e687b9ff3f5f19b0405bc8fffb671b72f ac81781072e89a4824c90b75327bcff630f7d398d8c1f0d14b0357e149cb9033
SERVER_HANDSHAKE_TRAFFIC_SECRET cadf1ffacd90b62d3f73520ba050bd6e687b9ff3f5f19b0405bc8fffb671b72f 8e134ef0386efb49ba4dea3d065fce91951078c4a6e4a67cc3ee58be3da4f909
CLIENT_TRAFFIC_SECRET_0 cadf1ffacd90b62d3f73520ba050bd6e687b9ff3f5f19b0405bc8fffb671b72f a4156f420a44fe42f01f33449b5396f76f10054f4b7e5f40c4e8006681cf3113
SERVER_TRAFFIC_SECRET_0 cadf1ffacd90b62d3f73520ba050bd6e687b9ff3f5f19b0405bc8fffb671b72f 3ce8359e916d683cf5c4322f402139fc74b11c4d3a332609c80623eb2bf224b1
EXPORTER_SECRET cadf1ffacd90b62d3f73520ba050bd6e687b9ff3f5f19b0405bc8fffb671b72f 8ea21ac4394a599449ce404fb10134857541450d4e46731a012a4b215a8a53cf
CLIENT_HANDSHAKE_TRAFFIC_SECRET 216d006facc7833fde9881881a757b6616e9f96ae1d86b568308ba61da988140 c91dce99c839ad8c79ae0afc801716bdd2c71f228647fc926a36145993784da0
SERVER_HANDSHAKE_TRAFFIC_SECRET 216d006facc7833fde9881881a757b6616e9f96ae1d86b568308ba61da988140 634c2f7c864c28d13fd76f159e9da91bd0d277569d334d4c3ce3ddef720b7a3e
CLIENT_TRAFFIC_SECRET_0 216d006facc7833fde9881881a757b6616e9f96ae1d86b568308ba61da988140 c1b57f1f23a73d8663d0207b90009a5495f703c34494bcaaf75ab65380f53a22
SERVER_TRAFFIC_SECRET_0 216d006facc7833fde9881881a757b6616e9f96ae1d86b568308ba61da988140 05ae06118e1627f7569869cfb29ebf1090cc05b2ecabc670dd7ce6e64303be64
EXPORTER_SECRET 216d006facc7833fde9881881a757b6616e9f96ae1d86b568308ba61da988140 96511669d51204cf6d687d04b051f1ebd78f09ef55365a190a0c1ad19c52f07e
CLIENT_HANDSHAKE_TRAFFIC_SECRET a1ebec02a4d5211ca714f87263f13292ec26dede11d167c419ec9953c0bb3307 99f713029d97d4cdc29faa7ab0bf336f9543dfac3dbfba1487e4d9d027170fae
SERVER_HANDSHAKE_TRAFFIC_SECRET a1ebec02a4d5211ca714f87263f13292ec26dede11d167c419ec9953c0bb3307 86d27844907d6532ef13332112d31ea812335de0ee7d3ba408326e6e6b99439c
CLIENT_HANDSHAKE_TRAFFIC_SECRET d5a7d9880e522c53e3fc40344c5084bc35975125373979a0a19b7271bd202386 e65592916816b5d7a73a9ac4db5b9ff588b6a5a66488aa386af72c0ed57ad9a6
SERVER_HANDSHAKE_TRAFFIC_SECRET d5a7d9880e522c53e3fc40344c5084bc35975125373979a0a19b7271bd202386 b1ffa94d0e996f95734fcd8b3151fb6fa15202f7d0fc649449eaf46ea0f96217
CLIENT_HANDSHAKE_TRAFFIC_SECRET 2fdbec29b1624b2072c074e26fd8b1123d202d232682599d54dff9937ac39823 d1c115b608821afdc6b529783ab7277d9a931f6faba218105ef43fae7c6d07b3
SERVER_HANDSHAKE_TRAFFIC_SECRET 2fdbec29b1624b2072c074e26fd8b1123d202d232682599d54dff9937ac39823 77fe615b74d3280f6a22d8b149c7ddb9acf21fc2915447717bab5115a2348be7
CLIENT_TRAFFIC_SECRET_0 a1ebec02a4d5211ca714f87263f13292ec26dede11d167c419ec9953c0bb3307 a3d7cd14dc3cf06fcd1a6d5598102f3accaad48b68af5f094da20fe79f697e8d
SERVER_TRAFFIC_SECRET_0 a1ebec02a4d5211ca714f87263f13292ec26dede11d167c419ec9953c0bb3307 2c0bfc676525bf36f73e15d63fc8d75d6b64d5d943a5724f27751c1fd08660ce
EXPORTER_SECRET a1ebec02a4d5211ca714f87263f13292ec26dede11d167c419ec9953c0bb3307 7d6a6bcd6c69ed6298b063c462f4a669f35abd0e9136d81fe474135d84877adc
CLIENT_TRAFFIC_SECRET_0 d5a7d9880e522c53e3fc40344c5084bc35975125373979a0a19b7271bd202386 fcc82865b2a968d44c4dfd0666e3fdeadf5ec3b3fb259531cc22bdde6124b198
SERVER_TRAFFIC_SECRET_0 d5a7d9880e522c53e3fc40344c5084bc35975125373979a0a19b7271bd202386 f619570047fed188e4eb15256defec7c953f759e9ecd77a369ca9f81871f213a
EXPORTER_SECRET d5a7d9880e522c53e3fc40344c5084bc35975125373979a0a19b7271bd202386 80e34e16f414cbd3973f7708470c6f44bb31bd64fce6b15230187f1145c9d351
CLIENT_TRAFFIC_SECRET_0 2fdbec29b1624b2072c074e26fd8b1123d202d232682599d54dff9937ac39823 9d68975a1a7ae161ea3cc7353802547ed993eb0980efdf2322a5ddb2d26ed63d
SERVER_TRAFFIC_SECRET_0 2fdbec29b1624b2072c074e26fd8b1123d202d232682599d54dff9937ac39823 2bab09baec1d89fc94bb02b1814313b98f681ea51ffecda5ad1f62f39feb41f3
EXPORTER_SECRET 2fdbec29b1624b2072c074e26fd8b1123d202d232682599d54dff9937ac39823 e80c5cae6a19a236f09456bf7cb1f4a3aa69ce09353e56a699451cba62bfc84c
CLIENT_HANDSHAKE_TRAFFIC_SECRET bb2c34cc38bf67dc02668ccbd7cbd489bc458ba8e8c7b7e733c15ce1c51348a6 89c7ec84d8a5414687c4d10ad3a343d4b53a89d6e06b95e84300b3a42d95bbbd
SERVER_HANDSHAKE_TRAFFIC_SECRET bb2c34cc38bf67dc02668ccbd7cbd489bc458ba8e8c7b7e733c15ce1c51348a6 e974314373baa318351c2f769c16053a6e2063251badd33a986edc6e9cf11899
CLIENT_HANDSHAKE_TRAFFIC_SECRET 4762eacfce7da9c6bce882149e6d52e072182a3c7815b4d760e9f18218cbe284 467a08f45e046b7f6f0880ec751f39ecd9ca711abefaa4c2ac66d1a12754277e
SERVER_HANDSHAKE_TRAFFIC_SECRET 4762eacfce7da9c6bce882149e6d52e072182a3c7815b4d760e9f18218cbe284 f17b11fe164a032498ca539f47a203d2553b7afa550f8ca4ff74ed94952a9586
CLIENT_TRAFFIC_SECRET_0 bb2c34cc38bf67dc02668ccbd7cbd489bc458ba8e8c7b7e733c15ce1c51348a6 2f831fc57cb0ee34425ab1d10e4d66250ba77923c7c52675257f53fef08f2fa1
SERVER_TRAFFIC_SECRET_0 bb2c34cc38bf67dc02668ccbd7cbd489bc458ba8e8c7b7e733c15ce1c51348a6 8bb3de9eb7f4df8cd4786ebabdc945f2fddf9220e8d12c34bf863d94cb464340
EXPORTER_SECRET bb2c34cc38bf67dc02668ccbd7cbd489bc458ba8e8c7b7e733c15ce1c51348a6 151226289a92375d6d5052f15ab2ff8df3e0e8e4ac9c2ee6f5a6deda3374cb68
CLIENT_TRAFFIC_SECRET_0 4762eacfce7da9c6bce882149e6d52e072182a3c7815b4d760e9f18218cbe284 4fe637e8b079e6239cfb9be7260f0d00fc055043e930d68eb64c3341a57a6bd0
SERVER_TRAFFIC_SECRET_0 4762eacfce7da9c6bce882149e6d52e072182a3c7815b4d760e9f18218cbe284 f8d907da65dc69e80a7451ac0334a6bb0c217dc0a9f1de51491b3d0309ac3b34
EXPORTER_SECRET 4762eacfce7da9c6bce882149e6d52e072182a3c7815b4d760e9f18218cbe284 ac5c580add5d6316ba1a8687523d40c187a056adbc32412f299549208c11c2f0
CLIENT_HANDSHAKE_TRAFFIC_SECRET bb8da1dae8c0e9dcee04f6768b511e71f621a7c0b8a2aa761123aa0bd6e417ff a0a1ed666acddae8ea919d53037323e27d23937a0f8da93fafc9d2c60575823a
SERVER_HANDSHAKE_TRAFFIC_SECRET bb8da1dae8c0e9dcee04f6768b511e71f621a7c0b8a2aa761123aa0bd6e417ff 666f69849173043acfd627cf20ca70dc588349e71c10c96e9e3ce6ec7e3a13e0
CLIENT_TRAFFIC_SECRET_0 bb8da1dae8c0e9dcee04f6768b511e71f621a7c0b8a2aa761123aa0bd6e417ff 4b5840be24e7a11675805d6274fa406978c20a230d6da38666e855479307a48e
SERVER_TRAFFIC_SECRET_0 bb8da1dae8c0e9dcee04f6768b511e71f621a7c0b8a2aa761123aa0bd6e417ff 044062c635e5402b0d189b2800169fa0bcc1d7d6203f75cbf0dcdc924c6098ca
EXPORTER_SECRET bb8da1dae8c0e9dcee04f6768b511e71f621a7c0b8a2aa761123aa0bd6e417ff 2349fd707d697f092f11fe2fa52910e6c7c8279e95a25410a68f186327b15857
CLIENT_HANDSHAKE_TRAFFIC_SECRET a12691059e1a918e81c2706aa055da483f7131f03018d7ff49268654b19cd72e 66301d1a35ec1fa52563d1919ac7f0044fc1ad1bb0cf323a4cf43c925bf8428b
SERVER_HANDSHAKE_TRAFFIC_SECRET a12691059e1a918e81c2706aa055da483f7131f03018d7ff49268654b19cd72e 8d16b62fe49f5662653df1b3ee1b70722f669cb0f6249280319b8f47f403a301
CLIENT_TRAFFIC_SECRET_0 a12691059e1a918e81c2706aa055da483f7131f03018d7ff49268654b19cd72e cb7bd6ad792f11c3632cbb42d9e86bc57b849d7c1c589be54f1fa7d7f84c5883
SERVER_TRAFFIC_SECRET_0 a12691059e1a918e81c2706aa055da483f7131f03018d7ff49268654b19cd72e 53effe6881ece3b0c91cc1e7af3dcf20f8bd2df8421ce3f8c4c134319d871105
EXPORTER_SECRET a12691059e1a918e81c2706aa055da483f7131f03018d7ff49268654b19cd72e f39ef2d1a60a8e5e44f9c520d0844bdf41639090f88edb0e1c7dfb43b96491a0
CLIENT_HANDSHAKE_TRAFFIC_SECRET 5682bb4357bc0035bcc2c1f3439db7ce80a4d0c3d4dd43f8d80ec955afb98f08 75ceac2f16053190b598142fb5a89e9ccf8a72476bf2bc1c24a8add306b605b4
SERVER_HANDSHAKE_TRAFFIC_SECRET 5682bb4357bc0035bcc2c1f3439db7ce80a4d0c3d4dd43f8d80ec955afb98f08 67eb4d0e9c7fc4dc3ef3ea1afb67c59bee9fa60d457fb492a2c753b20ba09aff
CLIENT_TRAFFIC_SECRET_0 5682bb4357bc0035bcc2c1f3439db7ce80a4d0c3d4dd43f8d80ec955afb98f08 a6f0324714858146e99c129b244b12efcd4376679e25502a7272e74150e41fb9
SERVER_TRAFFIC_SECRET_0 5682bb4357bc0035bcc2c1f3439db7ce80a4d0c3d4dd43f8d80ec955afb98f08 521b53d190adb3336dcd5fd0ddb4c9850ecf7cc7454450948136ddbec85872b9
EXPORTER_SECRET 5682bb4357bc0035bcc2c1f3439db7ce80a4d0c3d4dd43f8d80ec955afb98f08 ded7cd0ce1b60ae12c2bda4eb287467f068e0fa369f8254b4d7d34e9fc19fe3c
CLIENT_HANDSHAKE_TRAFFIC_SECRET 48b7d779b46c038979e88fd2b493defaaacd8999ce253d77e2625bea6994dc5e 49d5cdd654f514ff56add0fab50f4f79aa29c0e36e8876c656202bda32990734
SERVER_HANDSHAKE_TRAFFIC_SECRET 48b7d779b46c038979e88fd2b493defaaacd8999ce253d77e2625bea6994dc5e 690ab67e6824c930eee82a0f2d06aa3f82a6c65517745e8a287b57eadd53e5be
CLIENT_HANDSHAKE_TRAFFIC_SECRET b0ca07aa1e790a84166d8a165b4c7fc139d8fad10cabe27a40dadbd7630f0ff0 72cebba830fa8560e847adcafb0072dab398fe54ab06aefea3b957dcb7fbf686
SERVER_HANDSHAKE_TRAFFIC_SECRET b0ca07aa1e790a84166d8a165b4c7fc139d8fad10cabe27a40dadbd7630f0ff0 eff6e027919e5d835b860797160e48259f66de5fff60b257401018c3f548a886
CLIENT_TRAFFIC_SECRET_0 48b7d779b46c038979e88fd2b493defaaacd8999ce253d77e2625bea6994dc5e f87716472d5a492d6e8e38b54cbb4c570beebaca54375f48d56d0d51877566a1
SERVER_TRAFFIC_SECRET_0 48b7d779b46c038979e88fd2b493defaaacd8999ce253d77e2625bea6994dc5e 30e221549352eb5a2fbc6e16b173821236f3f0970b4f6369d4a854400173eb4a
EXPORTER_SECRET 48b7d779b46c038979e88fd2b493defaaacd8999ce253d77e2625bea6994dc5e 407c67e6c5b762a85b552b09361dc77207715dc746eb39fac35bd7e475fb3b9b
CLIENT_TRAFFIC_SECRET_0 b0ca07aa1e790a84166d8a165b4c7fc139d8fad10cabe27a40dadbd7630f0ff0 66b35ed9ec7ae1d027d904967ade5e1359cadf65216c924c85e48ad81ee25ad2
SERVER_TRAFFIC_SECRET_0 b0ca07aa1e790a84166d8a165b4c7fc139d8fad10cabe27a40dadbd7630f0ff0 f5eef583d3cc3e872ca08aa6c3d8fe67a9ccd53ac95f23f64fa342f8120334f0
EXPORTER_SECRET b0ca07aa1e790a84166d8a165b4c7fc139d8fad10cabe27a40dadbd7630f0ff0 9a42348dbe52f2a5b99cc695bda421d1a3c77ff27eb214a25bff1e1bbef99815
CLIENT_HANDSHAKE_TRAFFIC_SECRET 463bbd7db1223488a47e13bef96ffc918d27c58acb033b9609062966561baa49 dcfaaf9c881150e384bbcc81ea03a27e4a5e9570d1351b6303002e486cb13e5d
SERVER_HANDSHAKE_TRAFFIC_SECRET 463bbd7db1223488a47e13bef96ffc918d27c58acb033b9609062966561baa49 d042d984855d592e5cc6b62ba78c48e34e016a78024ab68414a4a3d035d747de
CLIENT_HANDSHAKE_TRAFFIC_SECRET 0b64adc2c3f3ab1882dac7671b60f5622234b0c8c2e80de33fa1002570b99d34 8813c5ee427c66532113e408333a1dabc2d178a9c569aa713128ed2f6146ad23
SERVER_HANDSHAKE_TRAFFIC_SECRET 0b64adc2c3f3ab1882dac7671b60f5622234b0c8c2e80de33fa1002570b99d34 d957a0bb42a82dcbd93e6aca112515f3298ea36d751cd33da8c0833f6eaa808a
CLIENT_HANDSHAKE_TRAFFIC_SECRET 85aa826e9466c76b3b431e42091497071b95ca734127c8beb69b882771700bee 3040ab5812a5763904789be158d26abdcc9fa8bea9abd06357eb3803050fe543
SERVER_HANDSHAKE_TRAFFIC_SECRET 85aa826e9466c76b3b431e42091497071b95ca734127c8beb69b882771700bee 04e246d9bd718fe74e168c46cc8fb50af5d1045a70738c5fd2ecdee434615070
CLIENT_HANDSHAKE_TRAFFIC_SECRET 34d81e3b5b712a9fc87388acdb81c6bbf3a911b052b670207c9ff3d5f092af02 acd2ee092046281ee524c92dca9593fbb721aa11fcb4e158d4f91f94313e145e
SERVER_HANDSHAKE_TRAFFIC_SECRET 34d81e3b5b712a9fc87388acdb81c6bbf3a911b052b670207c9ff3d5f092af02 1b0386493a4407589de7263b9009d934f1d07754119dc638c010d350554dc29f
CLIENT_HANDSHAKE_TRAFFIC_SECRET e9090b9943280187a45f6eeb2c0474add31ab960aac8d1aa437d7ed9a8239e37 c9a511a22e0202cd3915f9e472253cbccb88e436c327a9d95a695399a86d3844
SERVER_HANDSHAKE_TRAFFIC_SECRET e9090b9943280187a45f6eeb2c0474add31ab960aac8d1aa437d7ed9a8239e37 88a1a07806188b457badc60a9d912506f09d9b0ff526fb5ae6fc1f71ba53d6a9
CLIENT_TRAFFIC_SECRET_0 0b64adc2c3f3ab1882dac7671b60f5622234b0c8c2e80de33fa1002570b99d34 5cc9376e1d3fe8ad1b333282db67a311ccf2ffd495a4015353aad30083eddb5b
SERVER_TRAFFIC_SECRET_0 0b64adc2c3f3ab1882dac7671b60f5622234b0c8c2e80de33fa1002570b99d34 9317f461e28776a083aaf086b24cf38a88d8ca042c2c6d8450bfbc3d78c7d51d
EXPORTER_SECRET 0b64adc2c3f3ab1882dac7671b60f5622234b0c8c2e80de33fa1002570b99d34 30269b82c5582bbb21d9080ad9b5c1669bbe725a05f9a26c04cdc45e8e9936df
CLIENT_TRAFFIC_SECRET_0 463bbd7db1223488a47e13bef96ffc918d27c58acb033b9609062966561baa49 a3e39cfe183d5e3c7a7cab89e2fd151404bd7be74686989980ad76527c3a34b8
SERVER_TRAFFIC_SECRET_0 463bbd7db1223488a47e13bef96ffc918d27c58acb033b9609062966561baa49 f8654c520b4c859c3691acc7b45cbffb09409874f69f549016d94cc453f2ab97
EXPORTER_SECRET 463bbd7db1223488a47e13bef96ffc918d27c58acb033b9609062966561baa49 5a3ff791eebcf5aed2b7461588c3723a1366c70fccd9cac5839a1fef816b4e46
CLIENT_TRAFFIC_SECRET_0 85aa826e9466c76b3b431e42091497071b95ca734127c8beb69b882771700bee 25d83facf2095d9809fcca751d5f24dbb8b88db463d9d0b1ca612e277f393e32
SERVER_TRAFFIC_SECRET_0 85aa826e9466c76b3b431e42091497071b95ca734127c8beb69b882771700bee bebd3aa1331b78ef6f2eefbd2f1378e1a505aea859d6b900ecaf11f9b4c5676f
EXPORTER_SECRET 85aa826e9466c76b3b431e42091497071b95ca734127c8beb69b882771700bee 79e8f45ea31e73d89355d5c346d89ba14debcedfca64f44fa42f35d436fe6370
CLIENT_TRAFFIC_SECRET_0 34d81e3b5b712a9fc87388acdb81c6bbf3a911b052b670207c9ff3d5f092af02 7aafa4f32dbc7624da45384137b96ad0289b616740cd3eb0a96458532a2558f5
SERVER_TRAFFIC_SECRET_0 34d81e3b5b712a9fc87388acdb81c6bbf3a911b052b670207c9ff3d5f092af02 6404720076ce3a7511438894b7331e62869be65026c0333a4784eec62b716e5d
EXPORTER_SECRET 34d81e3b5b712a9fc87388acdb81c6bbf3a911b052b670207c9ff3d5f092af02 01ecb71674e7f5b336b2be49c244a6e6ceb119406e9ab66bdbf0d0780ecd4522
CLIENT_TRAFFIC_SECRET_0 e9090b9943280187a45f6eeb2c0474add31ab960aac8d1aa437d7ed9a8239e37 4dee8b5b49bbbdd48fa092fef4ffd58c4419ab1ad7aa78ec6d3487c24a01a859
SERVER_TRAFFIC_SECRET_0 e9090b9943280187a45f6eeb2c0474add31ab960aac8d1aa437d7ed9a8239e37 4832a04b168d440469c04371a24df5ae2eb72f55a8c486d0c84acb08e6fc9013
EXPORTER_SECRET e9090b9943280187a45f6eeb2c0474add31ab960aac8d1aa437d7ed9a8239e37 76c616698ba8c04defd17775c64d9d1c7e836ef9616f771d5f9c22c32961bb23
CLIENT_HANDSHAKE_TRAFFIC_SECRET a2f4fb33970a446dc71066eaf9c33514d0d2391ed998be4b0c3d05d355782aa6 7b7308d17921d955377af48b440ac3f291bd53768e3f928365a9388b3fcb425d
SERVER_HANDSHAKE_TRAFFIC_SECRET a2f4fb33970a446dc71066eaf9c33514d0d2391ed998be4b0c3d05d355782aa6 e2bf404b538bc4957d4db8c4f95515ee4eeee7876feb409d2fa02495b41c0f80
CLIENT_TRAFFIC_SECRET_0 a2f4fb33970a446dc71066eaf9c33514d0d2391ed998be4b0c3d05d355782aa6 67322ed3410ebb1c2278bdcc68f1e12a646dfcfdc619e379bbb16369033e8cbc
SERVER_TRAFFIC_SECRET_0 a2f4fb33970a446dc71066eaf9c33514d0d2391ed998be4b0c3d05d355782aa6 5e1667008996e8d7845509a64b0b1395196775037bc4445601a94686600dbaf3
EXPORTER_SECRET a2f4fb33970a446dc71066eaf9c33514d0d2391ed998be4b0c3d05d355782aa6 8ee064297e4af7608874dec532016705b1f45937b17a2a39b25ef00e20c00525
CLIENT_RANDOM 6bd466c08b6409ccfd5c66040be9c492e95812fdd6e8d0323f79b516f51468b0 edfd8a6ff02ad834bedb4ffc96ea743982b0fbf5516232083efb88097b8c6c9f2ff7f0d3b6dc65141e55fa26beca5e5d
CLIENT_HANDSHAKE_TRAFFIC_SECRET c7978ec3e6dd5c6ce25d676dea39ff604a9aea49451009ef8d976605b0c84dda 8e2d13aa19c744717a475f5bb0698ecabfd736d3eef33ef37931cb858f26ebe0
SERVER_HANDSHAKE_TRAFFIC_SECRET c7978ec3e6dd5c6ce25d676dea39ff604a9aea49451009ef8d976605b0c84dda 5f059e242be591fd0461b0c1aea9482ecf0b8eca7bba47a85087c1bdc0d30af9
CLIENT_TRAFFIC_SECRET_0 c7978ec3e6dd5c6ce25d676dea39ff604a9aea49451009ef8d976605b0c84dda 6034ddd7a2bd737f0dfabd3b119f2d1d6018047b03ccbbf984db364d6e5e95ad
SERVER_TRAFFIC_SECRET_0 c7978ec3e6dd5c6ce25d676dea39ff604a9aea49451009ef8d976605b0c84dda 84c24fbc4f53c76e1c4bfb08be135df018e00c93e162a9dfef78f860f45c8b88
EXPORTER_SECRET c7978ec3e6dd5c6ce25d676dea39ff604a9aea49451009ef8d976605b0c84dda 68d25033baa201e3f47e1eef481129e9601ed2c35fcaf9787fef1db46e1cc93f
CLIENT_HANDSHAKE_TRAFFIC_SECRET 84f51626a2d5051142f4fa3b06fca9c2f4fe4bf3bd2d272c87d6895bf91662ea 1ec9d1a957440af7d07c35c2522437efc3df59c4b494f089d35155578821ed88
SERVER_HANDSHAKE_TRAFFIC_SECRET 84f51626a2d5051142f4fa3b06fca9c2f4fe4bf3bd2d272c87d6895bf91662ea 79a3bb9b92c3fae5cc63949832c1954a12aa25f5028982ba25db1336c2d6950e
CLIENT_TRAFFIC_SECRET_0 84f51626a2d5051142f4fa3b06fca9c2f4fe4bf3bd2d272c87d6895bf91662ea 0d939ca2eeebdc2f167cefd43eff494d415a243704aeea19151ab735bb2ba9d2
SERVER_TRAFFIC_SECRET_0 84f51626a2d5051142f4fa3b06fca9c2f4fe4bf3bd2d272c87d6895bf91662ea 6804d373beb50c22fb3abdd71b318f98b75909d0912645a9864e85c94e6140b6
EXPORTER_SECRET 84f51626a2d5051142f4fa3b06fca9c2f4fe4bf3bd2d272c87d6895bf91662ea 666f96b6907cf7ff6a344e6ebdcbc63cdda870556c902a42d6273d74c918c72b
CLIENT_RANDOM 7ca0aa548e6742cbf01c6374f2173bc91c997c70793a34cac965366edb20f0ee 21de2ed80f9033cd8a3169e378a30fb6554722068a82068f24b27ed4ed60ce799138f1a5bc945e8bc62dd16c717da29a
CLIENT_HANDSHAKE_TRAFFIC_SECRET 9e970f710ee6ecb4a716426e039c93da63eb8178515135e417efd6fab5b99469 c9673458ca3db11271697f8476011929381eb512dfb8862d5f646f6e39e0c663
SERVER_HANDSHAKE_TRAFFIC_SECRET 9e970f710ee6ecb4a716426e039c93da63eb8178515135e417efd6fab5b99469 11a985ec2f71de5d161a7cfc41dddd2f7ed2148f1f311db36717c25859462ee6
CLIENT_TRAFFIC_SECRET_0 9e970f710ee6ecb4a716426e039c93da63eb8178515135e417efd6fab5b99469 27dbf97abf954f44044e6d96ca925d1ce81831b75275c0d0cd62c02498e0b31a
SERVER_TRAFFIC_SECRET_0 9e970f710ee6ecb4a716426e039c93da63eb8178515135e417efd6fab5b99469 2319020524b2bc842d9ed5011c4ae68f7e4bcc37e00d76615d28f658dcbcecac
EXPORTER_SECRET 9e970f710ee6ecb4a716426e039c93da63eb8178515135e417efd6fab5b99469 cf73d6fba48c2045e74648058e6f5badca7d6a6bde575b2568a9582d25e7f90c
CLIENT_RANDOM 89a52945f3e8e1d0c0847c4571ae5f2dbbeacb28a09555fb9909115d5fcd9e4f 1473153704802a854f98ff86d50f4959b7880de7b0436071b1e829c666db73a9055829f5fcb45b4da06be69639521ae8
CLIENT_HANDSHAKE_TRAFFIC_SECRET cf0b4605955e3f9599962867f49df666fd6540a8deff782afaab6152c2f7a7d9 c237e0759f419bcb67e325a64942ddc671665a49c31df57a399e707b9748b117
SERVER_HANDSHAKE_TRAFFIC_SECRET cf0b4605955e3f9599962867f49df666fd6540a8deff782afaab6152c2f7a7d9 524f3646d4ba39e66b264b9d904dd97d2152112eda88d60301e182710867a381
CLIENT_TRAFFIC_SECRET_0 cf0b4605955e3f9599962867f49df666fd6540a8deff782afaab6152c2f7a7d9 e4a04c6f3ecd72cf1265ddc759f9f5d0d4857ab5e97978e07acfe643e34fd585
SERVER_TRAFFIC_SECRET_0 cf0b4605955e3f9599962867f49df666fd6540a8deff782afaab6152c2f7a7d9 40261b4062fbeb29c17836144fa6c066892e058dd90a45d911d37e9d7af610da
EXPORTER_SECRET cf0b4605955e3f9599962867f49df666fd6540a8deff782afaab6152c2f7a7d9 041c457c097f6987180ca94586181d44ea5e52c1cec2acf70dcd3c1be7b003d0
CLIENT_HANDSHAKE_TRAFFIC_SECRET 1fd476d99f4c7024bac13e55096a3a4ccdb81d7ddd967b4d127ca4a091d3d2e8 9d584708cb746e4a5ab7d0679d2ffa4d8606ea94e64a8fdc723348a327196eb8
SERVER_HANDSHAKE_TRAFFIC_SECRET 1fd476d99f4c7024bac13e55096a3a4ccdb81d7ddd967b4d127ca4a091d3d2e8 d83caebc025cc83b3041b57a97b5509b0d4407a02279473f7252f2153de69ecd
CLIENT_TRAFFIC_SECRET_0 1fd476d99f4c7024bac13e55096a3a4ccdb81d7ddd967b4d127ca4a091d3d2e8 1477ec0a92b5c7b57d6558d3c34324e81cd7b2289d451c5a05901e3e62033cb9
SERVER_TRAFFIC_SECRET_0 1fd476d99f4c7024bac13e55096a3a4ccdb81d7ddd967b4d127ca4a091d3d2e8 8b8775842a92d258a6573c5cc7ba552a6bc7cd0167c603dc2dcd4e79456b3a73
EXPORTER_SECRET 1fd476d99f4c7024bac13e55096a3a4ccdb81d7ddd967b4d127ca4a091d3d2e8 031ab4138b83fc34e2eee519e08aca6282b01567d89e45fdb0c95b2071135cad
CLIENT_HANDSHAKE_TRAFFIC_SECRET f3a8f4aaf12a5579e4df738befc82ec08b27e53dfbb516cc4a57400996302780 bcce8f47e40b126f341cd5439608dfe5d018dad84cd4d383db909108bb0292db
SERVER_HANDSHAKE_TRAFFIC_SECRET f3a8f4aaf12a5579e4df738befc82ec08b27e53dfbb516cc4a57400996302780 f1a800e4dae5e666a6287d577337ba813f943544dba73ef5fdbd905cf3ed6345
CLIENT_TRAFFIC_SECRET_0 f3a8f4aaf12a5579e4df738befc82ec08b27e53dfbb516cc4a57400996302780 f4c2056b617204e3f6e8f1e243e4512a635701a3c6cdda0b80b3460c86902a82
SERVER_TRAFFIC_SECRET_0 f3a8f4aaf12a5579e4df738befc82ec08b27e53dfbb516cc4a57400996302780 582953a536bbf6a93dfb7108e6a0d6c2747a57231382608eeace8ac09a96f099
EXPORTER_SECRET f3a8f4aaf12a5579e4df738befc82ec08b27e53dfbb516cc4a57400996302780 fdb4feb3342633967ddb4e409992c8c415c400722ff352314b1a1b2569443fce
CLIENT_HANDSHAKE_TRAFFIC_SECRET 413ad8b49565dc74df66539331e4139eb1ccf0dcb33f9577e1e10862d421aee9 1eedf69899c26bf26ca64efedabaadf914bb5ebdbcf5f634e10d7390373495fe
SERVER_HANDSHAKE_TRAFFIC_SECRET 413ad8b49565dc74df66539331e4139eb1ccf0dcb33f9577e1e10862d421aee9 c2c01c14e3e61f32a1c2cb0d963b44af8589dc87b6de1e2392d72ad1af22a977
CLIENT_TRAFFIC_SECRET_0 413ad8b49565dc74df66539331e4139eb1ccf0dcb33f9577e1e10862d421aee9 7e06fb0239539ad88cbdd04852d879e5078d9a695cef4cffc65e5b7db5c24026
SERVER_TRAFFIC_SECRET_0 413ad8b49565dc74df66539331e4139eb1ccf0dcb33f9577e1e10862d421aee9 db06674565cb3c0cce8d7194b79238bb6113b9cc724684a84abed4c33b9a5e7d
EXPORTER_SECRET 413ad8b49565dc74df66539331e4139eb1ccf0dcb33f9577e1e10862d421aee9 11cd2d08b5f2451715247e0ba22a5c97a6816fc50c0e5099b713cb983b64d863
