CLIENT_HANDSHAKE_TRAFFIC_SECRET e69a654454282c79350850848999e3bf5f9f159dbc28845652bda3a1f558ea2c 4b85d316e4ccef043d6db0b4f0a08b60af2deb0439fa1b8b9c41c0a6d5e311d6
SERVER_HANDSHAKE_TRAFFIC_SECRET e69a654454282c79350850848999e3bf5f9f159dbc28845652bda3a1f558ea2c 818ad816c59c400fe7b0a699b95cac0d9ec6752abe29f7b38de0d8f6b8f16267
CLIENT_TRAFFIC_SECRET_0 e69a654454282c79350850848999e3bf5f9f159dbc28845652bda3a1f558ea2c 397b8276fbf31924fde4284caaa062b7bd453ad8015dc3af03e04ccde6e03488
SERVER_TRAFFIC_SECRET_0 e69a654454282c79350850848999e3bf5f9f159dbc28845652bda3a1f558ea2c 274383945937e56ef819a8dcef210b8e3da564b9591cd053514d21054122ad8d
EXPORTER_SECRET e69a654454282c79350850848999e3bf5f9f159dbc28845652bda3a1f558ea2c 0e3562577ac6e2e9edc5f15e8f742155b4d81c659660781ad0fa3939ea0cc681
CLIENT_HANDSHAKE_TRAFFIC_SECRET fb1b7c85e7e8049cf5f82cd4e669a815a2fdfe6f26f19f152dbd41428f96a4ee a5dbea8987b9398c1b2b1675e86527f0ca528d9f94494b8727db2d1e56016d3a
SERVER_HANDSHAKE_TRAFFIC_SECRET fb1b7c85e7e8049cf5f82cd4e669a815a2fdfe6f26f19f152dbd41428f96a4ee bc218da067d3763f87a5cc834c505f0700b8f0da181c67da2edc2dca80de191e
CLIENT_TRAFFIC_SECRET_0 fb1b7c85e7e8049cf5f82cd4e669a815a2fdfe6f26f19f152dbd41428f96a4ee 0eda63daf2a6c3363c58dc3b14ffb8595544b28324cded9fd2b515a7cbc40244
SERVER_TRAFFIC_SECRET_0 fb1b7c85e7e8049cf5f82cd4e669a815a2fdfe6f26f19f152dbd41428f96a4ee 7b1dbef397b42e11341268e12b415ade9ee020e7a9c5095b71159d9e3148b437
EXPORTER_SECRET fb1b7c85e7e8049cf5f82cd4e669a815a2fdfe6f26f19f152dbd41428f96a4ee ca60201c8f207f00a764cf0d60d1ca8d30eab3ec21ecc436dcef631fdb79c9df
CLIENT_HANDSHAKE_TRAFFIC_SECRET e778764d79a40669acd31ad8ac8f19113d22622e6bc87f2e7a9814a3965d0783 834a671035f75fc644b4d60994e426bf894e3a20637e843d8306d71d96f33a57
SERVER_HANDSHAKE_TRAFFIC_SECRET e778764d79a40669acd31ad8ac8f19113d22622e6bc87f2e7a9814a3965d0783 dd481c27bbacbc879b0c5a048148d61d3b7a59717663006a6547d50339d419c7
CLIENT_TRAFFIC_SECRET_0 e778764d79a40669acd31ad8ac8f19113d22622e6bc87f2e7a9814a3965d0783 6017ac6aba8a82a2f54ae1bad3a335b83a242be16674911c63b95b71c0785273
SERVER_TRAFFIC_SECRET_0 e778764d79a40669acd31ad8ac8f19113d22622e6bc87f2e7a9814a3965d0783 58af80d50470547ee6258d98ae2e7bddc4bba56e14e5823b45dd3ca99d1aeb87
EXPORTER_SECRET e778764d79a40669acd31ad8ac8f19113d22622e6bc87f2e7a9814a3965d0783 222cd90868d067eb71fc67195f2863ffc01591c82056b96999a162ee53ea0d68
CLIENT_HANDSHAKE_TRAFFIC_SECRET 175803cb00fb2fefc9bc068515ee90a553f82db8cba8982f8553f3437a61bcc3 078cbe383bf2291b6dfe1f2a82eaefc7d8c0bcfb2c7273b4e2e06e4b0f1475d4
SERVER_HANDSHAKE_TRAFFIC_SECRET 175803cb00fb2fefc9bc068515ee90a553f82db8cba8982f8553f3437a61bcc3 12a6ef0a30abcb1c91c3553716acc6593f3a979cc46ee0e79d987608fb199728
CLIENT_TRAFFIC_SECRET_0 175803cb00fb2fefc9bc068515ee90a553f82db8cba8982f8553f3437a61bcc3 8112441c3769e0e880b05ccbc8565c0a71558869155a58d3b2228eac0d9c0a06
SERVER_TRAFFIC_SECRET_0 175803cb00fb2fefc9bc068515ee90a553f82db8cba8982f8553f3437a61bcc3 47561aab277f4df891930b0fb6850f49ad08a88863764f61aafa93067d629214
EXPORTER_SECRET 175803cb00fb2fefc9bc068515ee90a553f82db8cba8982f8553f3437a61bcc3 74fb27ed1e162ef01a3951e3c67cf538a23bb9a2221ca2a0e9999ac9c905e654
CLIENT_HANDSHAKE_TRAFFIC_SECRET eccff6a43401197ed93d21a1736a6688ff8549356efbf162a690d0bfb4f83272 48e0e220c0b8dd30a27c8efbfb9e09792a74debad88e689dfe5e7476793e1e79
SERVER_HANDSHAKE_TRAFFIC_SECRET eccff6a43401197ed93d21a1736a6688ff8549356efbf162a690d0bfb4f83272 8698e52eb0772161636ddaf36ab9bfb30b8669a5ccac64c4fac039d8c331ec66
CLIENT_TRAFFIC_SECRET_0 eccff6a43401197ed93d21a1736a6688ff8549356efbf162a690d0bfb4f83272 0ed58c768c4b5c91e8703df4e8c8174115f30ef221b384e1c5e490ef8003aa0d
SERVER_TRAFFIC_SECRET_0 eccff6a43401197ed93d21a1736a6688ff8549356efbf162a690d0bfb4f83272 88629540b7b6a3ca532247956ecdcedff0009ed2c0475c4541c61d4f2e8f4dbb
EXPORTER_SECRET eccff6a43401197ed93d21a1736a6688ff8549356efbf162a690d0bfb4f83272 5b17c8b62f2d1add1ca96684e361e9ada9d32b04e8768a680200b538105d5d1b
CLIENT_HANDSHAKE_TRAFFIC_SECRET 5c9a9e2a2a38f719f758630a0ffd8b416e115514d83757c9bb392e6ca058cf44 19a031e247d2d8c37e4b1dca63cf966241dc5ab9ffbbd47ae2336a28793f4098
SERVER_HANDSHAKE_TRAFFIC_SECRET 5c9a9e2a2a38f719f758630a0ffd8b416e115514d83757c9bb392e6ca058cf44 33d4489addb879d9f6603dc658d011fad3abebe193780086607790a6a2fce37f
CLIENT_TRAFFIC_SECRET_0 5c9a9e2a2a38f719f758630a0ffd8b416e115514d83757c9bb392e6ca058cf44 6938abf6576a4d34d4db3835850cfa954a4887ce3f6471adff337b19e9d3a71c
SERVER_TRAFFIC_SECRET_0 5c9a9e2a2a38f719f758630a0ffd8b416e115514d83757c9bb392e6ca058cf44 127e2c230a055d11dbdd89d8f99360c4e1f104012396462ebf5fb633d8f4f878
EXPORTER_SECRET 5c9a9e2a2a38f719f758630a0ffd8b416e115514d83757c9bb392e6ca058cf44 075c249c6348847fee408ea2f915239e3432b917fe7e103db4cea3df8205839b
CLIENT_HANDSHAKE_TRAFFIC_SECRET c997b6c7db839ce133973781be5158e1c6461d182033cd74eabecfb03e7ab5bd 92970e94e9977d648ff7942f86287f5da23d06497eee396c49535c8415988b2e
SERVER_HANDSHAKE_TRAFFIC_SECRET c997b6c7db839ce133973781be5158e1c6461d182033cd74eabecfb03e7ab5bd 51a91ca48d4f7fefa8acc3983df7f73c34649a8beed368aab714bd763dd49409
CLIENT_TRAFFIC_SECRET_0 c997b6c7db839ce133973781be5158e1c6461d182033cd74eabecfb03e7ab5bd 55f733b079f1de88904793d4af07ce85cfc9ce2d0896272da1e900907ceb60dc
SERVER_TRAFFIC_SECRET_0 c997b6c7db839ce133973781be5158e1c6461d182033cd74eabecfb03e7ab5bd e72d5472502b322507de07b757c80c130f1075de2fbee05989f24ca0bcc67921
EXPORTER_SECRET c997b6c7db839ce133973781be5158e1c6461d182033cd74eabecfb03e7ab5bd ac1e0dc1d0dfc19bcdf5842348c65408ffe235b68cb2ab1628d9812f15fce091
CLIENT_HANDSHAKE_TRAFFIC_SECRET 64ea94c206962e33b38aedbc304140e9b20fbc98a44ff32461f563e1d9e55eb8 4e157b06d7ef72309c39a59e635bf4a43f6e326a0d592856444d530ae592a792
SERVER_HANDSHAKE_TRAFFIC_SECRET 64ea94c206962e33b38aedbc304140e9b20fbc98a44ff32461f563e1d9e55eb8 7e02e2e00d15bae899d1a1db202f06f965d8f99f743166b3a35f22af57b19ab8
CLIENT_TRAFFIC_SECRET_0 64ea94c206962e33b38aedbc304140e9b20fbc98a44ff32461f563e1d9e55eb8 3c89ae2a337007d9076b9b6b71fc5c1c32639273b5237896cd6fb08ece27b567
SERVER_TRAFFIC_SECRET_0 64ea94c206962e33b38aedbc304140e9b20fbc98a44ff32461f563e1d9e55eb8 2303b4fb15d48694a1f7c06235e0d61b55aee3de4f61e0bfcb6439e7e51484eb
EXPORTER_SECRET 64ea94c206962e33b38aedbc304140e9b20fbc98a44ff32461f563e1d9e55eb8 1824b1a5bd27ac23dbd028d694e80e3153f84d5d4d5939945ecf8e3e12bb092a
CLIENT_HANDSHAKE_TRAFFIC_SECRET 02e1f782be8282334ec749c3a11c2ee12885a7f041e1e2a0000823158ce5ded7 ccf521dc8a3286963d73ef1c24020baa5c84c365e50e9a2254b6bee74e59933e
SERVER_HANDSHAKE_TRAFFIC_SECRET 02e1f782be8282334ec749c3a11c2ee12885a7f041e1e2a0000823158ce5ded7 890cc28c8954bd4e9d6138987d71c41e3aa85b56c0b9ec35f200234265314174
CLIENT_TRAFFIC_SECRET_0 02e1f782be8282334ec749c3a11c2ee12885a7f041e1e2a0000823158ce5ded7 dfc971cc679d071ab58b6d8a71cd2fabf46c0e96c02c063b5a42eacf7122a577
SERVER_TRAFFIC_SECRET_0 02e1f782be8282334ec749c3a11c2ee12885a7f041e1e2a0000823158ce5ded7 d9f890f8e898b79ab27ab328aedd94b3d15919991465592af9d993d89312c968
EXPORTER_SECRET 02e1f782be8282334ec749c3a11c2ee12885a7f041e1e2a0000823158ce5ded7 d076d2bbc79cba3a9565dba4e72c0a5d01f5a03b2a0a46223d49f1262d8c05ec
CLIENT_HANDSHAKE_TRAFFIC_SECRET 83303c76f0b9d47e181c7db18c1e0468bb33399de645b4f98055321f3e221762 dfd596bfa655242e84a98f6ffb025e85fb339e97fb34ed50c1368885857b23f8
SERVER_HANDSHAKE_TRAFFIC_SECRET 83303c76f0b9d47e181c7db18c1e0468bb33399de645b4f98055321f3e221762 e7543c2d25e96bd9d3c84d08d3cbdefda279b0713a267a084aba7925bf1d23fe
CLIENT_TRAFFIC_SECRET_0 83303c76f0b9d47e181c7db18c1e0468bb33399de645b4f98055321f3e221762 43a0d019b8fe6d44ec09056c405f6965cf15aabe7394fc523ef24f7cca0a6919
SERVER_TRAFFIC_SECRET_0 83303c76f0b9d47e181c7db18c1e0468bb33399de645b4f98055321f3e221762 3cefb66f79b43fefaee6f1a09b5866f6b7c034396933da292699a3f02bd2828b
EXPORTER_SECRET 83303c76f0b9d47e181c7db18c1e0468bb33399de645b4f98055321f3e221762 191723b73c5e965c0ff6a1a23b50741cacb16b31a0c1e7cf3907f3804a61f01c
CLIENT_HANDSHAKE_TRAFFIC_SECRET b22a47e2a297f59a638e4375ccba9f23be558e6c730be85b2e97ca0445c84e86 d1797ed01d23eaae40c4e2191c800e880d4e38e8c58c110748c46d806897e7cf
SERVER_HANDSHAKE_TRAFFIC_SECRET b22a47e2a297f59a638e4375ccba9f23be558e6c730be85b2e97ca0445c84e86 49f6e86de5b8d015d8e8ed44583cb24979cd0fdfe20b6d17446f964dc3cecc9f
CLIENT_TRAFFIC_SECRET_0 b22a47e2a297f59a638e4375ccba9f23be558e6c730be85b2e97ca0445c84e86 0d71e37d6946c8daa30734c2c7e6803a6e83b5af841e3ed088c9920211a6c666
SERVER_TRAFFIC_SECRET_0 b22a47e2a297f59a638e4375ccba9f23be558e6c730be85b2e97ca0445c84e86 b9cf8c9bca86aed21adb0b00d330d05c700288669207dc6a10826bae62fcf405
EXPORTER_SECRET b22a47e2a297f59a638e4375ccba9f23be558e6c730be85b2e97ca0445c84e86 c048d8fdc1aeb50c91e5fe44a005f8569468dbd7962fc3d5715bc32af9643d75
