CLIENT_HANDSHAKE_TRAFFIC_SECRET 6b15ce8eaea4b22bc888cacfbf86bc9a881c3e20aed2194be8f28b4502e7a319 e8b746ac2692cb4105289a62326d6f948ba211693a212766bc1b37bfe450c6362a28b51c1d351768bf0fb332a937138d
SERVER_HANDSHAKE_TRAFFIC_SECRET 6b15ce8eaea4b22bc888cacfbf86bc9a881c3e20aed2194be8f28b4502e7a319 9d76c3a4158d37e448b8145b63050a8ee5365d434dc687c4dc5b15217ddae0e969c76b241d5280ea2e8aa307d833e1f9
CLIENT_TRAFFIC_SECRET_0 6b15ce8eaea4b22bc888cacfbf86bc9a881c3e20aed2194be8f28b4502e7a319 a53f3f580d3fef678a7a64bda11ea684a29df883765e93e90c77163118b63a69b0cfe38e21a25b598ae6e839d4806fb9
SERVER_TRAFFIC_SECRET_0 6b15ce8eaea4b22bc888cacfbf86bc9a881c3e20aed2194be8f28b4502e7a319 bdbcbd4e78639871f1c243374eada6f4ae78fb9e6bd4d9f22333808888fe5432214bd5e2b57a1630737369f5784cfab1
EXPORTER_SECRET 6b15ce8eaea4b22bc888cacfbf86bc9a881c3e20aed2194be8f28b4502e7a319 80cc1922ad7e1cdec3d12536eaaeb42a7731400a11858c7d4f0d3e6765efa278a96e678d427217e4d41c6d1549048dd4
CLIENT_HANDSHAKE_TRAFFIC_SECRET 43646af75a63214f8d7097ff0c4f772c8568a03f2c8c6279ae45254a7d7a1d69 c0f0b02c5423f1a32ca63a84a7b279bbde20378d7824eecc9ef81c4e8dc4d650b5e447e25fc3ec131859836388173ecd
SERVER_HANDSHAKE_TRAFFIC_SECRET 43646af75a63214f8d7097ff0c4f772c8568a03f2c8c6279ae45254a7d7a1d69 6ae156ea662a2eaccee2f3de8a291f64d0bff5915d8d7aed7cd884c3d553d9db7b642aae105326807567e54a9006f836
CLIENT_TRAFFIC_SECRET_0 43646af75a63214f8d7097ff0c4f772c8568a03f2c8c6279ae45254a7d7a1d69 4ad731130f38d9d7b808e488c6817b37841670eec22b3605098d2b5c3daf814032bfa403bfa2d5088dbf40791a41a7d2
SERVER_TRAFFIC_SECRET_0 43646af75a63214f8d7097ff0c4f772c8568a03f2c8c6279ae45254a7d7a1d69 39039d756de7bea10c1a82028c9f00b6a915a21a6c97929c15620fd827fea7ebe35b6237a6ff8abaf2aa32178ba77d86
EXPORTER_SECRET 43646af75a63214f8d7097ff0c4f772c8568a03f2c8c6279ae45254a7d7a1d69 e1994591c9b6c1710fc060646f0c1f4cfa1e4f390c795088d40c71368b9dd61f4926f392e523fa69722808bce7283ea0
CLIENT_HANDSHAKE_TRAFFIC_SECRET 5bcf83bd1ead9e014a85236bd192da392b32d905753ffcc66915ca3b93165729 dcb611cae48c93e9849fbdb3c5d4c267d6bb424a70a5b7fcbdd4298ebd72723e
SERVER_HANDSHAKE_TRAFFIC_SECRET 5bcf83bd1ead9e014a85236bd192da392b32d905753ffcc66915ca3b93165729 d07c9bb5bb078c72fab89b917764bf5210c6793970b17ff275a224762db66438
CLIENT_TRAFFIC_SECRET_0 5bcf83bd1ead9e014a85236bd192da392b32d905753ffcc66915ca3b93165729 66a8f04e39e79db9bb621045416acad0729570b14c616e0ad411d0554342f518
SERVER_TRAFFIC_SECRET_0 5bcf83bd1ead9e014a85236bd192da392b32d905753ffcc66915ca3b93165729 f08056002b14ef6f58fd8f41d61556b6d45344558f6312dc4e6f1292d0f300fa
EXPORTER_SECRET 5bcf83bd1ead9e014a85236bd192da392b32d905753ffcc66915ca3b93165729 407fa3106e502b2b2cc0f82439b21875d8d3d76667e3302789bf96146e6d6620
CLIENT_HANDSHAKE_TRAFFIC_SECRET bb8a3f2869f023d6f4b9fe485d4235e65f0253e831781c1a936d9ab4e8f22671 78502b79c171bcb61c631688a98926d610fa74ac2c20cc437de85d897d262f634e7669935bd694fd80f7db8969132548
SERVER_HANDSHAKE_TRAFFIC_SECRET bb8a3f2869f023d6f4b9fe485d4235e65f0253e831781c1a936d9ab4e8f22671 9651258270531b47e8af612a08aae13a607a5fcc38b388d77f7c76bc01200bafbfd79e79ac1a19da514c29bb15d15450
CLIENT_TRAFFIC_SECRET_0 bb8a3f2869f023d6f4b9fe485d4235e65f0253e831781c1a936d9ab4e8f22671 4e30042799962032f34c8fbdc1d5841e0eefbd08983c4f3ef6e467d057cc2fc6ecae675858cfa1b76932871a3a1eee8f
SERVER_TRAFFIC_SECRET_0 bb8a3f2869f023d6f4b9fe485d4235e65f0253e831781c1a936d9ab4e8f22671 960292328c3f3bf3dd6a7a23794a04db7c83c93976898c0c4b072c5410362ce772dc1c9a7b2a1ca15b41672ed4ebd411
EXPORTER_SECRET bb8a3f2869f023d6f4b9fe485d4235e65f0253e831781c1a936d9ab4e8f22671 1c4ae5a46f02c803994ae0997a9f26e68e38e57708d5e95f7c9839fd0fe892479eba4bc686d1fa3598ca8608af0f049b
CLIENT_HANDSHAKE_TRAFFIC_SECRET b527288ee8bbf623fb76755f1a7157637ae234961bb70b10856d3fc57b6a1658 6166a9aa70361cabd26ccc6747f56e8a34de6c15f40f0f394d1b512f96057005563f8c80204018d0719df6c0be6e0b7c
SERVER_HANDSHAKE_TRAFFIC_SECRET b527288ee8bbf623fb76755f1a7157637ae234961bb70b10856d3fc57b6a1658 7ee81593e3f045a559e1250a72bd37f2cafc5899ffa139ea863b7b2f47271dd5bf5cdbef2eb3e8c511b5ec6ca11d42c0
CLIENT_TRAFFIC_SECRET_0 b527288ee8bbf623fb76755f1a7157637ae234961bb70b10856d3fc57b6a1658 0b62db16800d0cecbd3936faded9053ac37d0a3910f15b59ce3e1368453f41339db5869a0b560afa96b7952734edd9a2
SERVER_TRAFFIC_SECRET_0 b527288ee8bbf623fb76755f1a7157637ae234961bb70b10856d3fc57b6a1658 0a915c14d0df5b100cb3421a64ba193d8b313b33e43cbd15ded9e4f2e2be3688474b7d7488bc740cb5161cc5e8065b2f
EXPORTER_SECRET b527288ee8bbf623fb76755f1a7157637ae234961bb70b10856d3fc57b6a1658 d2c982bec4d90097fe40407ed0c3ccab1cb42cbd2dccad0ab7ba9217883f89aeac5c0165047e3489fa65279637ee2781
CLIENT_HANDSHAKE_TRAFFIC_SECRET 70f9139c0f1538e6a2b859121e33fd0f2ecac99586d6ace09db34a93ed826355 0d0f583bb4883d383f86e6278562e1d06b927783f03f30044b44f03445b1b7311e6e9ac47d1c75713d7dbdace3b73f59
SERVER_HANDSHAKE_TRAFFIC_SECRET 70f9139c0f1538e6a2b859121e33fd0f2ecac99586d6ace09db34a93ed826355 a45b0f4ea910cdf1dbfa4f8b9b5822285b9f0a1e2501645c5b7a1234d21c4f9523bd8639466a80c98d2ae3a87e709204
CLIENT_TRAFFIC_SECRET_0 70f9139c0f1538e6a2b859121e33fd0f2ecac99586d6ace09db34a93ed826355 b31ebb38376e6996dabc06338c6b2cdf8f030b3b1528a4c093ddc4230b791cff82cc9f62c89d511c6bc314f3f2dc8d54
SERVER_TRAFFIC_SECRET_0 70f9139c0f1538e6a2b859121e33fd0f2ecac99586d6ace09db34a93ed826355 6d8b88e63d345960da6fffcd06517a3908c613be373820830b17171e6268405adf4420adad17561c62a5fc3a2f7dda4c
EXPORTER_SECRET 70f9139c0f1538e6a2b859121e33fd0f2ecac99586d6ace09db34a93ed826355 71896328f073ffb01405618d604706e30ebb9b93826933f77f20bb98904d4b5e559b4fc700046e90569b18215178df61
CLIENT_HANDSHAKE_TRAFFIC_SECRET b403f90399214c7a8b453aa7a5738333a075767588916d2133d162c2ae680215 9f3e0d8fdf6fec8788db7b678456ee9af8d57733ac28196c71707d800654782cf1b336d6556e72d34ddf12fb85f3429c
SERVER_HANDSHAKE_TRAFFIC_SECRET b403f90399214c7a8b453aa7a5738333a075767588916d2133d162c2ae680215 86a53d8202c5800b11293bc2c49a3f61b3c87e75f4ad7f5e33251b65a5b31db8ef61b455c5e1873b8981b01a76c18080
CLIENT_TRAFFIC_SECRET_0 b403f90399214c7a8b453aa7a5738333a075767588916d2133d162c2ae680215 cc113ca92e0e07108cafbd1cd41ae8a03dd116add964ae87d7b49616982bef78bc2e9f8a01cb1ed86b8dd4816dec5b3e
SERVER_TRAFFIC_SECRET_0 b403f90399214c7a8b453aa7a5738333a075767588916d2133d162c2ae680215 9cadc3e0447a2d8a8aa8463e0c284c3fad03e46cd0bed097a4f3281570587359bdda8bc06b2824ad81029eb7da53e085
EXPORTER_SECRET b403f90399214c7a8b453aa7a5738333a075767588916d2133d162c2ae680215 1fd121ad269b49c96ccc110ed7149d78d4ad17dc81a00149362f6bb21f38074025cd49c3f4d8af724ab6bd8e114fcf10
CLIENT_HANDSHAKE_TRAFFIC_SECRET cc1db36d22416f2b55c1b168eeb6d8b72d767f5ec36dd757dfd28f78db2572c4 3ccb718ae8200c7440c1b5207df1dfb2fc9173f5b7ab9320b7d83f9274e2b1c8
SERVER_HANDSHAKE_TRAFFIC_SECRET cc1db36d22416f2b55c1b168eeb6d8b72d767f5ec36dd757dfd28f78db2572c4 d650a40a5785f3c4dc6711d54250e4b21b7cbe15ef2b87ec809a661f607fba71
CLIENT_TRAFFIC_SECRET_0 cc1db36d22416f2b55c1b168eeb6d8b72d767f5ec36dd757dfd28f78db2572c4 e3c1f7110c75791cf035308d8948d324b6e8796aa6d93dab0755b721bb9c43cd
SERVER_TRAFFIC_SECRET_0 cc1db36d22416f2b55c1b168eeb6d8b72d767f5ec36dd757dfd28f78db2572c4 cfbe192b006ff2dc04104ad8d036cfb31a07b5667ed3c657588e806a9307bfc4
EXPORTER_SECRET cc1db36d22416f2b55c1b168eeb6d8b72d767f5ec36dd757dfd28f78db2572c4 965cdb6deecce27ac757ca6bf02f953b14973a10c57f0d210525e1169387a64f
CLIENT_HANDSHAKE_TRAFFIC_SECRET de2a232e98dd4887c5b887ffe1fb0f025051a3ae0646620f098c3d679e008405 52db5bf2f7de5689a3bc00be5af0a1a3c36526039ceb5adc7394e106bcfcb606
SERVER_HANDSHAKE_TRAFFIC_SECRET de2a232e98dd4887c5b887ffe1fb0f025051a3ae0646620f098c3d679e008405 615985618a8a13330e7031016eae1648bd367ec8c08e75c584baeb76151d61c1
CLIENT_TRAFFIC_SECRET_0 de2a232e98dd4887c5b887ffe1fb0f025051a3ae0646620f098c3d679e008405 357af4b825c00d2bc505a2b889e7c248794b128458c32f73698b6b4295984c57
SERVER_TRAFFIC_SECRET_0 de2a232e98dd4887c5b887ffe1fb0f025051a3ae0646620f098c3d679e008405 963f958d5ae47bed33a4800d00415b598ac3823def3f5f4f322fd30dfdaf609f
EXPORTER_SECRET de2a232e98dd4887c5b887ffe1fb0f025051a3ae0646620f098c3d679e008405 d249bc781b42dec60d1eb44e0ba74045615bab3941bc75ff9180a7d40734307a
CLIENT_HANDSHAKE_TRAFFIC_SECRET cf9e7b190f27665f003aa7b7d4e32151f0e52806bddf58b375bbf073942a9195 d3fe2001810ef2e4014d82a8df3ee652b1d48c96882ac7d0a27236a5ff1f4ca9
SERVER_HANDSHAKE_TRAFFIC_SECRET cf9e7b190f27665f003aa7b7d4e32151f0e52806bddf58b375bbf073942a9195 e2866aa414bc5d9e47144aa76c1a49f10b902660f0dffea27ed59d2022c8c25b
CLIENT_TRAFFIC_SECRET_0 cf9e7b190f27665f003aa7b7d4e32151f0e52806bddf58b375bbf073942a9195 21b7dde6706cce872aeb6a1b1f35204da50e034d9803b19c41991f7490548ad2
SERVER_TRAFFIC_SECRET_0 cf9e7b190f27665f003aa7b7d4e32151f0e52806bddf58b375bbf073942a9195 a096a33338e7d70a59c2516872961185ed590a09587b745797fc7896de29a9d8
EXPORTER_SECRET cf9e7b190f27665f003aa7b7d4e32151f0e52806bddf58b375bbf073942a9195 32e76499a253f6f142f4a4e3a18bcdbc501fcefde83922afb726e36fba20583d
CLIENT_HANDSHAKE_TRAFFIC_SECRET 4097e8ad291f6a41d713fdc0de3c781fbc4adafe7de4d5c17ecf36ce5918de98 1d483bc10b3fafde021eaf2bfb97d8be39c2612505db06d6e84d9d31380f97e428bde155ce2912edc8c174f277701a55
SERVER_HANDSHAKE_TRAFFIC_SECRET 4097e8ad291f6a41d713fdc0de3c781fbc4adafe7de4d5c17ecf36ce5918de98 dd407d27d807aa6a16b0944aeddb1a0bd93c050fa4ecc76b8d39652a9d5f682b1aabe98eb544817f6e8c08de8fd5a106
CLIENT_TRAFFIC_SECRET_0 4097e8ad291f6a41d713fdc0de3c781fbc4adafe7de4d5c17ecf36ce5918de98 f864d819bf46da22aaefabd820866d2b114941f137eb92cbabbd848831e738a1be68b6d07b775bc9b30f25388e819d8b
SERVER_TRAFFIC_SECRET_0 4097e8ad291f6a41d713fdc0de3c781fbc4adafe7de4d5c17ecf36ce5918de98 33157aef3f0f1177c35bc55f8699346e9b2f1c966edb0515a785d4473214800de03a173785fd2b038dd5aa82dbf46c48
EXPORTER_SECRET 4097e8ad291f6a41d713fdc0de3c781fbc4adafe7de4d5c17ecf36ce5918de98 fe84e83110afcf88aa723c6df90cce4625feb803d938cd5492f8c6c89d13fab7540482c91775db32c0890b339e587b07
CLIENT_RANDOM 4883fe126014afb70587039fcf9a7b4268410d89f4ceac1b99031dff37281bdf 68a4e81737c6450b0aa5a8d65fe4f96d796d83499d8484272a489c4753528f1d20739abc69ca0ced7176aa823adfab59
