CLIENT_RANDOM 4d3fd879abf9f00278a1bf93d161d5396fdeb99743f3a77d1d4ea1b4ba701da8 d78ef35f46c15656bb4999c5abbb0cd92f51c861d984ad08d50c6b07589d9d5a569ca55bdce4e08f8bc34fdb6a4ab558
CLIENT_HANDSHAKE_TRAFFIC_SECRET 674d586923dfe324ea113ddbcd46dffc0cfbb6e7d8e6d3c48f54487ffb1535eb 8cd7d64c08cce21e806272f84da6d8fa27ab8b18b33997606673d8f4a456b074
SERVER_HANDSHAKE_TRAFFIC_SECRET 674d586923dfe324ea113ddbcd46dffc0cfbb6e7d8e6d3c48f54487ffb1535eb 6906721611e81299a0ec0b4d5bf59d82ae6bbf0b07cc95e0cb21887e992650ee
CLIENT_TRAFFIC_SECRET_0 674d586923dfe324ea113ddbcd46dffc0cfbb6e7d8e6d3c48f54487ffb1535eb 20be3af3c6868afd96469f4bb3d1f2fe387301e3c6f631c177892cf7f6497341
SERVER_TRAFFIC_SECRET_0 674d586923dfe324ea113ddbcd46dffc0cfbb6e7d8e6d3c48f54487ffb1535eb 479cc949559d082577ac4d2fdb7e4772a660dbe87795fa3d8ed115ff209ebea3
EXPORTER_SECRET 674d586923dfe324ea113ddbcd46dffc0cfbb6e7d8e6d3c48f54487ffb1535eb 1f718f555c3def7dd998c752fc46b0f50a5c946f713a9ef22f941c3689fa90d9
CLIENT_HANDSHAKE_TRAFFIC_SECRET 7cf243de50e8b51d5e72b45e70e1f5db3e51837ad1e4f3c30e992304c5b805c1 f7b015e1aeb592caf804d240228603d7a290c50121bed5e70a23c2c8917c1f63
SERVER_HANDSHAKE_TRAFFIC_SECRET 7cf243de50e8b51d5e72b45e70e1f5db3e51837ad1e4f3c30e992304c5b805c1 27d0c15f6600ccbf7fbe0c482b20b15ed580e0d1bf3bbd1fccd32f15d776eb90
CLIENT_TRAFFIC_SECRET_0 7cf243de50e8b51d5e72b45e70e1f5db3e51837ad1e4f3c30e992304c5b805c1 8218460beb41a2b5d87b9331e4663945ff2f76623b7bf0dabdb63660c45b5047
SERVER_TRAFFIC_SECRET_0 7cf243de50e8b51d5e72b45e70e1f5db3e51837ad1e4f3c30e992304c5b805c1 08d425eb9b67c2fbf50dc991ef621ae15d39fba693bda53861a2e2621f358d3e
EXPORTER_SECRET 7cf243de50e8b51d5e72b45e70e1f5db3e51837ad1e4f3c30e992304c5b805c1 388df812cec965c6ff8d157d1909bd9208b369b670bbeb8a885ba3485a309c1b
CLIENT_HANDSHAKE_TRAFFIC_SECRET 21d592ba9e2a83ede0c24af60246da3b1e7b0d065c5b3fc731e09e94a5335e90 4790c9aec7aff79210925fe4c0aeaba9ec9a0df8ff75c92c604e5e3860c9f153
SERVER_HANDSHAKE_TRAFFIC_SECRET 21d592ba9e2a83ede0c24af60246da3b1e7b0d065c5b3fc731e09e94a5335e90 c46b3837dc4dc52865c9eca4ffe945ffe5ff5ee1ce8292308e0b89c1295bdb29
CLIENT_TRAFFIC_SECRET_0 21d592ba9e2a83ede0c24af60246da3b1e7b0d065c5b3fc731e09e94a5335e90 24e4408f2d6704ac95d1635e2ee26f6c73d808892f88e24dab167721f2870f34
SERVER_TRAFFIC_SECRET_0 21d592ba9e2a83ede0c24af60246da3b1e7b0d065c5b3fc731e09e94a5335e90 dc3be4955a2ca3eda307bfd872a95dcb90435193d026943f54eabf1068097357
EXPORTER_SECRET 21d592ba9e2a83ede0c24af60246da3b1e7b0d065c5b3fc731e09e94a5335e90 8bb3f968d9cff3957a5ea766002cee05fc567aab7c92af2deaba764317b77e18
CLIENT_HANDSHAKE_TRAFFIC_SECRET 2be4e6b127eadba91c72556b7430995e9a5ae48cc88bf5fdb11c215c88284f4c 34746012e3ec31403d6476a75671cf3ea313d0e374b3928195d46283069c8ce5
SERVER_HANDSHAKE_TRAFFIC_SECRET 2be4e6b127eadba91c72556b7430995e9a5ae48cc88bf5fdb11c215c88284f4c 49318caadca093ee6648e81ab4429370eeb24634d80192bdea50b420b2f7f1f9
CLIENT_TRAFFIC_SECRET_0 2be4e6b127eadba91c72556b7430995e9a5ae48cc88bf5fdb11c215c88284f4c 3b8e094dc9fdd00e40a32948c30d0598fc57318720eee270c55f79a75fde1404
SERVER_TRAFFIC_SECRET_0 2be4e6b127eadba91c72556b7430995e9a5ae48cc88bf5fdb11c215c88284f4c 39460fdbf086ede4459c17d65893d1eea02b366a4750625c9b98d913f0ad33ea
EXPORTER_SECRET 2be4e6b127eadba91c72556b7430995e9a5ae48cc88bf5fdb11c215c88284f4c b6bfcf49c2b92d70d31dd5f83c90bde299ccbe87aa59e1799748013359d97213
CLIENT_HANDSHAKE_TRAFFIC_SECRET 1b86aac81fd158e075f08b326e695821abba7ddd5978aa383b1768bb48ae5374 f708bb305700da0c4faa3f1b5e5113846ba0856f73b7ae3c748cd3075682c9280687266d7fac0fc71faa8158eb84cf97
SERVER_HANDSHAKE_TRAFFIC_SECRET 1b86aac81fd158e075f08b326e695821abba7ddd5978aa383b1768bb48ae5374 10b14b95727d3f51bceaefb652f924e5b5990d366c337d0228593d6a7975786c872e0998ed877ae18bcf83d1835c377f
CLIENT_TRAFFIC_SECRET_0 1b86aac81fd158e075f08b326e695821abba7ddd5978aa383b1768bb48ae5374 25fe8d63a3c7a5cc7ce99b8d744db392b2de083614f38184f89c5690fea43ca45488b5b0e972f3cd4e7816ba5f6b64cc
SERVER_TRAFFIC_SECRET_0 1b86aac81fd158e075f08b326e695821abba7ddd5978aa383b1768bb48ae5374 3efc9f273337df58c326b32d067de4ffd69dfe1d1574af14950b35c2a416b78a3157a6cc6006c13fd0164d869392b65d
EXPORTER_SECRET 1b86aac81fd158e075f08b326e695821abba7ddd5978aa383b1768bb48ae5374 6550b613b1535c025a48428e6641c93ec1f6c8999c979f62d3775c51767db0ffe97880248b6008001674e7571dd619af
CLIENT_HANDSHAKE_TRAFFIC_SECRET 8e9811ef363a6cbd4f471dde53a88d2b5374e76a3a072b8e441acfa2fdcb3b9a f9de3a139ac171595ee228df02e039214bf12c5a65d668e4c83042f0f480138f
SERVER_HANDSHAKE_TRAFFIC_SECRET 8e9811ef363a6cbd4f471dde53a88d2b5374e76a3a072b8e441acfa2fdcb3b9a 43b75304058b6f75b3c6b28a5645db612eb7e3fac739a0f72f9c157e9100f15e
CLIENT_TRAFFIC_SECRET_0 8e9811ef363a6cbd4f471dde53a88d2b5374e76a3a072b8e441acfa2fdcb3b9a f2cb6eeb72758900a4e9da66c4b6d14abb76719ef07585bb6c0badd8fe349aaf
SERVER_TRAFFIC_SECRET_0 8e9811ef363a6cbd4f471dde53a88d2b5374e76a3a072b8e441acfa2fdcb3b9a 1688b6143e3226acab97386a3cea00c6a321cb0725e3c782f071ff048ee4d68b
EXPORTER_SECRET 8e9811ef363a6cbd4f471dde53a88d2b5374e76a3a072b8e441acfa2fdcb3b9a 287c9fbf4dd84578a9ea3550432b9beaa9b35b202eefc3bc3b71f714b7d207c5
CLIENT_HANDSHAKE_TRAFFIC_SECRET a317e2e1ff19ced09195866964850b30c8d1c974b0c5bd34585dec8bf2758a05 af2688ee593c6a53a9c21fa04cc038df0f844cc0d619ed9a2fb12aba9f3e67ee
SERVER_HANDSHAKE_TRAFFIC_SECRET a317e2e1ff19ced09195866964850b30c8d1c974b0c5bd34585dec8bf2758a05 9b0ae9afd982410786168fbbe53267346f9039b2109db890cd813392d5049428
CLIENT_TRAFFIC_SECRET_0 a317e2e1ff19ced09195866964850b30c8d1c974b0c5bd34585dec8bf2758a05 0e39b969730eb8e8ea9b615bc892d47e032b6f728eae71be6c55e11e47d9b598
SERVER_TRAFFIC_SECRET_0 a317e2e1ff19ced09195866964850b30c8d1c974b0c5bd34585dec8bf2758a05 6a176ccdf5892d96dc483815871689a0f9ab5cec3309580cdee5d057f0c65342
EXPORTER_SECRET a317e2e1ff19ced09195866964850b30c8d1c974b0c5bd34585dec8bf2758a05 006bcf41c7e7300cd629707ebb6fbf2e16f6a314becfe56513e21becc770ae12
CLIENT_HANDSHAKE_TRAFFIC_SECRET d87cdb29361db25532457c58c49f39ab2f6130ea9e19a8272dc008fad70d3122 e3d51fd98bc8f9bd6b573f2722579dfb368f77ccd6244ace6998da98f8cd5680
SERVER_HANDSHAKE_TRAFFIC_SECRET d87cdb29361db25532457c58c49f39ab2f6130ea9e19a8272dc008fad70d3122 c69b58719944b4a16e51982be9c57310e9fa6f3cb730ba09aff4c115a4fb0b6f
CLIENT_TRAFFIC_SECRET_0 d87cdb29361db25532457c58c49f39ab2f6130ea9e19a8272dc008fad70d3122 ff061002f63aeaba4489b4597fd9d831b342518dcbe3fe64415cbdcff3b909d7
SERVER_TRAFFIC_SECRET_0 d87cdb29361db25532457c58c49f39ab2f6130ea9e19a8272dc008fad70d3122 dec87f453ccc65f7235279ea6f1c8969eb0074d7735f3b5f75b90d22450aa25c
EXPORTER_SECRET d87cdb29361db25532457c58c49f39ab2f6130ea9e19a8272dc008fad70d3122 899544ca32a471c56bf1d2b171110528f211e51484cf6e80f48aa93bd28a7538
CLIENT_HANDSHAKE_TRAFFIC_SECRET cb420a46e46c2f0a0bc4b4e81eb4e8815985b6e5ea06107413c1a3b67f75e580 6dffd9a89e4e68e737688cefd4ec6beeb33d5abf96fb516a820ba25da17b371c
SERVER_HANDSHAKE_TRAFFIC_SECRET cb420a46e46c2f0a0bc4b4e81eb4e8815985b6e5ea06107413c1a3b67f75e580 9ac5a88188e65120cffb809c05e49458a33651fe75263de7286cb562693ae7fa
CLIENT_TRAFFIC_SECRET_0 cb420a46e46c2f0a0bc4b4e81eb4e8815985b6e5ea06107413c1a3b67f75e580 834fcc5a1168bb222f90db28a8714ab4cdc2912a29b3f23b2e3661ac737f5170
SERVER_TRAFFIC_SECRET_0 cb420a46e46c2f0a0bc4b4e81eb4e8815985b6e5ea06107413c1a3b67f75e580 23e63b7013b6e6926c139109254a35436ae5baf0efa82364e2ecc1d40938b580
EXPORTER_SECRET cb420a46e46c2f0a0bc4b4e81eb4e8815985b6e5ea06107413c1a3b67f75e580 91a9e60c77637a8e014fdfdc342dfe61f9a23c21ac7e528ad90c0f5763220621
