CLIENT_HANDSHAKE_TRAFFIC_SECRET fab28ac50c0cea7dbce613b549799d40a8b0a8db6ff0f38f309bb10f2057a0a6 5b7d1d2b501ed23ffc1fa71d5266e314b41a0c866a28ae09948f843dffad58a6
SERVER_HANDSHAKE_TRAFFIC_SECRET fab28ac50c0cea7dbce613b549799d40a8b0a8db6ff0f38f309bb10f2057a0a6 106a7048a1a5320d4223b57a24fb78594ddb43187fa60173dd931d7001bb1095
CLIENT_TRAFFIC_SECRET_0 fab28ac50c0cea7dbce613b549799d40a8b0a8db6ff0f38f309bb10f2057a0a6 a13d863f16dafa449aa93faefcfe91381c277989b7f19c68e0037f573a18f964
SERVER_TRAFFIC_SECRET_0 fab28ac50c0cea7dbce613b549799d40a8b0a8db6ff0f38f309bb10f2057a0a6 fbd2b1934057fa3deea10482aca016adbc2c533e9d3060719b3817dbf97fa593
EXPORTER_SECRET fab28ac50c0cea7dbce613b549799d40a8b0a8db6ff0f38f309bb10f2057a0a6 77d18a7f190af9639123fb0f8dc8bcad74a00fb3a531e884bec06cd20574d430
CLIENT_HANDSHAKE_TRAFFIC_SECRET 3f717434e123e1332b2473d6b2583d831ae3fc12693a0af9ba770a76b735e66d 66247c5eff6bc7e64eb39ebae3c56eeb56ccead177e33a92edd72612d7220d82
SERVER_HANDSHAKE_TRAFFIC_SECRET 3f717434e123e1332b2473d6b2583d831ae3fc12693a0af9ba770a76b735e66d 808b7fbc147bb951585eb4acd80f4e753f352304ce78855d377903ba9c74c4bc
CLIENT_TRAFFIC_SECRET_0 3f717434e123e1332b2473d6b2583d831ae3fc12693a0af9ba770a76b735e66d 8951ff350f978bbdde22958475cebbe74f08e87f0bc1fa46bbe0db89c4572b05
SERVER_TRAFFIC_SECRET_0 3f717434e123e1332b2473d6b2583d831ae3fc12693a0af9ba770a76b735e66d 0240f4e8e4f9cc37f2f24dc38779026f991c22ae18bef39fa924868e2a4b2be0
EXPORTER_SECRET 3f717434e123e1332b2473d6b2583d831ae3fc12693a0af9ba770a76b735e66d b56c20f9847f1f81378dc2da3eeb26089467a40380f81cc72c9887b8be515fd9
CLIENT_HANDSHAKE_TRAFFIC_SECRET 870c553381c645c15d6afb658823dfaf71e6b57d851ea185ddb57a884623a057 0b784e0d8a1874cbc62591cf06a5a531782455437e86fe8798a9862dea19cc63
SERVER_HANDSHAKE_TRAFFIC_SECRET 870c553381c645c15d6afb658823dfaf71e6b57d851ea185ddb57a884623a057 ca4958c482394b604b86395a8e21114d90216f2da045e20e6371f2d1dfe9cc92
CLIENT_TRAFFIC_SECRET_0 870c553381c645c15d6afb658823dfaf71e6b57d851ea185ddb57a884623a057 396de3cb9af7d987beb8a8f5a8ae4d6dbe4c676f0ba80f4eee7e3a689a7d986c
SERVER_TRAFFIC_SECRET_0 870c553381c645c15d6afb658823dfaf71e6b57d851ea185ddb57a884623a057 dff74071d9b7165f78bd406d0431741c4a243a9d5c1eb811042295325fea349f
EXPORTER_SECRET 870c553381c645c15d6afb658823dfaf71e6b57d851ea185ddb57a884623a057 eb40bb0ff532e243d8959cc70ebe7de92f6abcca2ebeac3a085668c74a0c237c
CLIENT_HANDSHAKE_TRAFFIC_SECRET 540f3660fe2977b9b5598b6d8da2339ac948425553cf6a0c4bc3c99a2ccb3347 bc117263c9b4ccc27037c01f0fddb9c6aaff95f3b8ae80103b8b1962b559b37f
SERVER_HANDSHAKE_TRAFFIC_SECRET 540f3660fe2977b9b5598b6d8da2339ac948425553cf6a0c4bc3c99a2ccb3347 d3e0c66acc1c347ac9861f2e6ce61ae9b8a4db54020b120e0f87f71afbfccf79
CLIENT_TRAFFIC_SECRET_0 540f3660fe2977b9b5598b6d8da2339ac948425553cf6a0c4bc3c99a2ccb3347 cfa009971a10f0cc93cc9c2b96cff9caa8a3f7a906813e41432963e16104ef09
SERVER_TRAFFIC_SECRET_0 540f3660fe2977b9b5598b6d8da2339ac948425553cf6a0c4bc3c99a2ccb3347 047de460d2b8e82acb84b50610c2c42182c57938c7042951069c5b508b6590f2
EXPORTER_SECRET 540f3660fe2977b9b5598b6d8da2339ac948425553cf6a0c4bc3c99a2ccb3347 873570caaee9a80cafb12261dd7bfbb6e0180af86aa9bbc72b22ec3aa47fba7b
CLIENT_HANDSHAKE_TRAFFIC_SECRET c43fa17e562657433558b52ce9a64c52298b22e023ea0c98b647d8c14e3e2142 bc3f25ec0cfd9fb545a9fd06ec980af3a8f666196fa9c585627a03eff8e35eef
SERVER_HANDSHAKE_TRAFFIC_SECRET c43fa17e562657433558b52ce9a64c52298b22e023ea0c98b647d8c14e3e2142 a0a0e24f032d421fafd73f2ac86695e0fa7836b384b1c3b186292593dc09d9fa
CLIENT_TRAFFIC_SECRET_0 c43fa17e562657433558b52ce9a64c52298b22e023ea0c98b647d8c14e3e2142 8a6ca21065b2653a94eacc0b90d794f5918376de0832fc48544622a4b380552d
SERVER_TRAFFIC_SECRET_0 c43fa17e562657433558b52ce9a64c52298b22e023ea0c98b647d8c14e3e2142 b4976e79ea798adc31609004f430a3deb5427ca839534c339ed4d5de4d996e39
EXPORTER_SECRET c43fa17e562657433558b52ce9a64c52298b22e023ea0c98b647d8c14e3e2142 f4964414d397999f0808ea0224f7153956a0000b16d0ec91e839b1e393581378
CLIENT_RANDOM 7379eab16688ef9f8926192b4105992022757de8b6c40742439e29e0bb2f0824 d6a7da427351e319dd8c24863fa4c594a9d2165655d2cd335ddd46dcaeb36929efa43ac86e2a2262fc02aaf59b08bf8c
CLIENT_HANDSHAKE_TRAFFIC_SECRET 646a4d8a249a609f097c86014487db44877d775abfcffd68439f39973197b3b6 fcab149fd3c20923b74de00aa59317c7ec72e00fd23f1f8bc2ef476036ae1c9c
SERVER_HANDSHAKE_TRAFFIC_SECRET 646a4d8a249a609f097c86014487db44877d775abfcffd68439f39973197b3b6 b6aff0d8fac70051078dec6f3ab4babef5da6251cce0e86619f5723f5dbb1a5c
CLIENT_TRAFFIC_SECRET_0 646a4d8a249a609f097c86014487db44877d775abfcffd68439f39973197b3b6 544637d6b49ca6b985a474bea8eee5ce382ab8caf0194d72413ab13cb05139f2
SERVER_TRAFFIC_SECRET_0 646a4d8a249a609f097c86014487db44877d775abfcffd68439f39973197b3b6 f255205447bbcbc5938b6ab01bafe1c70039cab4667cc076f04a7e53cc2de188
EXPORTER_SECRET 646a4d8a249a609f097c86014487db44877d775abfcffd68439f39973197b3b6 69cd598aed84dec363a5a778f9aea4d9e8827a5ce1e80ca290948b5bbedd8d57
CLIENT_HANDSHAKE_TRAFFIC_SECRET 8e5ae02f50d3aa755cd12c087f939a2c3c0585aa335cc3778cbde6f779f86632 67010d74853ef4e3ca01d011867a2f6b19344383b3b09c84138072e6d5ab9bde
SERVER_HANDSHAKE_TRAFFIC_SECRET 8e5ae02f50d3aa755cd12c087f939a2c3c0585aa335cc3778cbde6f779f86632 b6b4d5818a354bd19b962550aeb309abd6e30a21900ecc5f641170bb309c3e7a
CLIENT_TRAFFIC_SECRET_0 8e5ae02f50d3aa755cd12c087f939a2c3c0585aa335cc3778cbde6f779f86632 931b4d1ec2c9e470e1c29d4f64fb886c2618a52d41e688119862bcec882e1dec
SERVER_TRAFFIC_SECRET_0 8e5ae02f50d3aa755cd12c087f939a2c3c0585aa335cc3778cbde6f779f86632 728a2ebaf0220d9c057222ac53292b3a8ea3f7bfc078890824ddb6bdfff8a878
EXPORTER_SECRET 8e5ae02f50d3aa755cd12c087f939a2c3c0585aa335cc3778cbde6f779f86632 fc297a1910eb206c44f8a55ff3c401d445388b1b205c97827f96d621988e723d
CLIENT_HANDSHAKE_TRAFFIC_SECRET 8acfa98bf5d08870e341af27799f360ab5df03ed8fca25c06a14866909833a75 73adc431dc63a60772ca9e1e8dd91c03ab021a3fcec62df9483705856e1df3c8
SERVER_HANDSHAKE_TRAFFIC_SECRET 8acfa98bf5d08870e341af27799f360ab5df03ed8fca25c06a14866909833a75 fc34b71bf29b396e9e8110d335a4cd25b15af57c20ec6be1047054b8df4cddfb
CLIENT_TRAFFIC_SECRET_0 8acfa98bf5d08870e341af27799f360ab5df03ed8fca25c06a14866909833a75 b43311ebe454f1ea8c589582f31c9117408ae48cf794e1d54ac588cd6e375be7
SERVER_TRAFFIC_SECRET_0 8acfa98bf5d08870e341af27799f360ab5df03ed8fca25c06a14866909833a75 108917a999d58d26ed71c6dac8c7dc520adadbf082b4a54e439f366db676b103
EXPORTER_SECRET 8acfa98bf5d08870e341af27799f360ab5df03ed8fca25c06a14866909833a75 22991d5ce2de1477c678226791ef5b91265720ea55b2e504f7a7193b325395bc
