CLIENT_HANDSHAKE_TRAFFIC_SECRET 51ded0c595905b98a144d1734d50838a1a30ce5cb80ccf6e7dbd97121380ad21 10c22543bd8e6f64980581266e5dbebb3f53acbdaa39661d334db07d1f793876
SERVER_HANDSHAKE_TRAFFIC_SECRET 51ded0c595905b98a144d1734d50838a1a30ce5cb80ccf6e7dbd97121380ad21 01133f10d27b32a1b837aa35530d8a85a78f31430c1989c828c7b3f79e88a360
CLIENT_TRAFFIC_SECRET_0 51ded0c595905b98a144d1734d50838a1a30ce5cb80ccf6e7dbd97121380ad21 4159694bc48483fc5cb1467436e7d53e69930e3e522fa21357bb6553e2070fb4
SERVER_TRAFFIC_SECRET_0 51ded0c595905b98a144d1734d50838a1a30ce5cb80ccf6e7dbd97121380ad21 a0a10d094083ff53da197de3296d8847b72dedff790370c43b014a7c4bfb433e
EXPORTER_SECRET 51ded0c595905b98a144d1734d50838a1a30ce5cb80ccf6e7dbd97121380ad21 053edf19d9937d4a32ce129d47dade4e8bd525ee08098e04d0b84b3fde825137
CLIENT_HANDSHAKE_TRAFFIC_SECRET bee6a8cd372e8cca1cc9307aeaed430c66c203723779c9b72f9094a371b0ca3f 772939b890bb49c74e7844602c7c49a002ade5b0dc4226e1d59bc26ead0f2bf9fa54ef27955933b552b7825000f7bb86
SERVER_HANDSHAKE_TRAFFIC_SECRET bee6a8cd372e8cca1cc9307aeaed430c66c203723779c9b72f9094a371b0ca3f df2351fbff0bb1527fd12dca4b26af749a1afa1b72e46ee273a56a19929a0ef709c2aee6d98d3482396c610908d32e74
CLIENT_TRAFFIC_SECRET_0 bee6a8cd372e8cca1cc9307aeaed430c66c203723779c9b72f9094a371b0ca3f 3a334830a9cbaddaa8e4814895826c7e24a6f2fd8510e354920d43e2baad151f59277374f395a0f0b507f7c4c67ad8b8
SERVER_TRAFFIC_SECRET_0 bee6a8cd372e8cca1cc9307aeaed430c66c203723779c9b72f9094a371b0ca3f 6ddd7054539b1a10a24e6f726e30f05ac41ac5de7d43672cc78e27e0a7f1f24d1c582fb1480d575787033ec349968fbc
EXPORTER_SECRET bee6a8cd372e8cca1cc9307aeaed430c66c203723779c9b72f9094a371b0ca3f 1e73aec83d584faf701ec967cb3bcc5cc14d2cc860755b2db84b2e14863f424fd3f652b1600d9eddf4adc9f3d9a2aebd
CLIENT_HANDSHAKE_TRAFFIC_SECRET dc28e3a0c6c0cb5f525d75c1e78b9c1f74db10091641d66c5028a86ca4cc0404 4ab6d88eb89788492b0eaa2c04461ebc6b7e943aa9cd651b6e90ed25e8c49d23
SERVER_HANDSHAKE_TRAFFIC_SECRET dc28e3a0c6c0cb5f525d75c1e78b9c1f74db10091641d66c5028a86ca4cc0404 6dd1b84dee2ff3964b666f16a8cce8e6d7d64d8379a76aadd5c0aafc38e26356
CLIENT_TRAFFIC_SECRET_0 dc28e3a0c6c0cb5f525d75c1e78b9c1f74db10091641d66c5028a86ca4cc0404 d6885c51dba61a8616c32690fc72fbcd1f7a5a8af7259e2a3af0df24dda8e811
SERVER_TRAFFIC_SECRET_0 dc28e3a0c6c0cb5f525d75c1e78b9c1f74db10091641d66c5028a86ca4cc0404 5cf6c69b700bbabeaa6ddc27a8b7170f580bc74b233e8d9a08c0799ce7265328
EXPORTER_SECRET dc28e3a0c6c0cb5f525d75c1e78b9c1f74db10091641d66c5028a86ca4cc0404 14e34c8a9fc77c6e30897892ff8e10525630d618f75a122ebd33da3be2274aa6
CLIENT_HANDSHAKE_TRAFFIC_SECRET 6e426b624f24e811098a61928ad59283f96dc0e3028927712333f37f6f625123 8e0d1b46077d85fd47c1dad9325ae5a05a8775fefecc7c0d1daadea34cbcb682
SERVER_HANDSHAKE_TRAFFIC_SECRET 6e426b624f24e811098a61928ad59283f96dc0e3028927712333f37f6f625123 314b8431c158249954c0ab36be6d4b567d40f42d81b878e3b95417a867c8a108
CLIENT_TRAFFIC_SECRET_0 6e426b624f24e811098a61928ad59283f96dc0e3028927712333f37f6f625123 9f16e2163d6b1cd96c8128e9ea57215e0dc649c85ccf809425c017b78f55d835
SERVER_TRAFFIC_SECRET_0 6e426b624f24e811098a61928ad59283f96dc0e3028927712333f37f6f625123 c7c740623fc587da8db71ee60c5c7487842eec3fbd014ebb560aa73bd71564d5
EXPORTER_SECRET 6e426b624f24e811098a61928ad59283f96dc0e3028927712333f37f6f625123 569a6de5ff08ec636e260516c291d39829f1f4c833aaa05d0177de0aa87392cc
CLIENT_HANDSHAKE_TRAFFIC_SECRET e307ec4baa4ac7797c30bfd0866835ebbacaf5e6f5c635d8fe35d6e872c1c31a 9cab8a1b64d43f19dce0c24faf52c087c86614de0ade35b4c9a113cf283e680d
SERVER_HANDSHAKE_TRAFFIC_SECRET e307ec4baa4ac7797c30bfd0866835ebbacaf5e6f5c635d8fe35d6e872c1c31a ccbbba5a8d5c9b61dcb789ba05fab0fb9bfd132708081ab0ac1f09f28110a5b5
CLIENT_TRAFFIC_SECRET_0 e307ec4baa4ac7797c30bfd0866835ebbacaf5e6f5c635d8fe35d6e872c1c31a ed8db0d301bd7ac295e235c1e5c32ac1225814bf3ed406a8c98f986319009e15
SERVER_TRAFFIC_SECRET_0 e307ec4baa4ac7797c30bfd0866835ebbacaf5e6f5c635d8fe35d6e872c1c31a 0086f1175f152a85028b8691f41ff60de9c604403e2f19b69d7de656e860bd9e
EXPORTER_SECRET e307ec4baa4ac7797c30bfd0866835ebbacaf5e6f5c635d8fe35d6e872c1c31a f6096a46bd2492d1e324b954e9ca2e8fbb8a002d736a4ddc1e93c45e66b4060e
CLIENT_HANDSHAKE_TRAFFIC_SECRET eba482192a821b739b465b234a7ba5bc7a90d61de5d12231dce77753fee8888e 8299727d9b6c67d0a690817146226e3906a2b864bac950cbd8081aa2245ff09c
SERVER_HANDSHAKE_TRAFFIC_SECRET eba482192a821b739b465b234a7ba5bc7a90d61de5d12231dce77753fee8888e 162dbc7db698b92f6877da2cbfc056253376260305ebf099fb3b9235a91315a6
CLIENT_TRAFFIC_SECRET_0 eba482192a821b739b465b234a7ba5bc7a90d61de5d12231dce77753fee8888e e21be1250f79480e0225653fe2aad726740569b49f494c81355b6a3c2eede7b7
SERVER_TRAFFIC_SECRET_0 eba482192a821b739b465b234a7ba5bc7a90d61de5d12231dce77753fee8888e b32c9d2dc346509bd39d03b600d968bb11913b5c6effa51f678001be0621b246
EXPORTER_SECRET eba482192a821b739b465b234a7ba5bc7a90d61de5d12231dce77753fee8888e d87e8aa2c8c607c768d6194ef2ac70f97cf22836b0cba8e3408607e849e50fa8
CLIENT_HANDSHAKE_TRAFFIC_SECRET 705674fd0252d5f89b02bcf33b12ac928cc6f5689232b5084da28a97bce37e36 696386b0a96dc57c1fdd12a43e190931ba1e50b23839279735e44917471936707e8d399c7f2003615be91fc4501417f2
SERVER_HANDSHAKE_TRAFFIC_SECRET 705674fd0252d5f89b02bcf33b12ac928cc6f5689232b5084da28a97bce37e36 8328b7d91d71e52de06818bbb6992d54a5c3c5bcbe0c691ada611576a81e8aafd06a448b1a55ee702cb4eaa74a3339d9
CLIENT_TRAFFIC_SECRET_0 705674fd0252d5f89b02bcf33b12ac928cc6f5689232b5084da28a97bce37e36 116c90e5f82b785a80e1a588ca34ddf1e418c62a58a306c5c5e75c5e8970bcc6f06940e71e0be0c50c5f32effd3fd1c5
SERVER_TRAFFIC_SECRET_0 705674fd0252d5f89b02bcf33b12ac928cc6f5689232b5084da28a97bce37e36 480a1c74009c2325822d837752659a6654c1334cdf6aaf4c028f50b7e4abaee00b903622093fd0a9edbe47ed9b12a2a3
EXPORTER_SECRET 705674fd0252d5f89b02bcf33b12ac928cc6f5689232b5084da28a97bce37e36 05d3f1eac4bc6ece992d05f7681f767f8f55044508d2270566087d005e75b4393412ac71915baf6fef8975e0bc799e6f
CLIENT_HANDSHAKE_TRAFFIC_SECRET fe479c16a20ab6757a2b22044e61d1706302bf2b0fcfa21ae08b76233c58a062 d47b00d1935f6ff41fdfb2dbad6e0e7558599ac688544ae37b45e9e541d296a2
SERVER_HANDSHAKE_TRAFFIC_SECRET fe479c16a20ab6757a2b22044e61d1706302bf2b0fcfa21ae08b76233c58a062 70194dad186c27ab8b69b3779ae104ee6b09f6a8431cdf26c703647db87beaf7
CLIENT_TRAFFIC_SECRET_0 fe479c16a20ab6757a2b22044e61d1706302bf2b0fcfa21ae08b76233c58a062 6208a1c96f065c51148fa080d5e860164a1d923c7f9408d0263285f6ecdb2232
SERVER_TRAFFIC_SECRET_0 fe479c16a20ab6757a2b22044e61d1706302bf2b0fcfa21ae08b76233c58a062 e6a3f98aee1ddcb7d31c47b0d958ecd9319b00a68ea12923019af4264268569d
EXPORTER_SECRET fe479c16a20ab6757a2b22044e61d1706302bf2b0fcfa21ae08b76233c58a062 58bd5bd8510ddc9861ba5b4877b455d8a47bf0aadf0f11bf9f44138c43b27f3b
CLIENT_HANDSHAKE_TRAFFIC_SECRET 56df06ceff23c87d1a61439226ab04ecc5d90e40299be78719c9702ec656bf52 9b88b65346c12026daed3bef77413901897e874436afeafc5354cdfe33134142
SERVER_HANDSHAKE_TRAFFIC_SECRET 56df06ceff23c87d1a61439226ab04ecc5d90e40299be78719c9702ec656bf52 e90411b3fe39cc3d30e554d99e2301f74f04b8db64e67dc0dbb20ca0bd2f9e00
CLIENT_TRAFFIC_SECRET_0 56df06ceff23c87d1a61439226ab04ecc5d90e40299be78719c9702ec656bf52 2b3a66bdffed7c177aa6d60c851087a20473eba9e27212f1e1e392fdf50f2524
SERVER_TRAFFIC_SECRET_0 56df06ceff23c87d1a61439226ab04ecc5d90e40299be78719c9702ec656bf52 cd86efa55afa1b435441183d30f3f00092d98113143037be7ece1b4399c16d98
EXPORTER_SECRET 56df06ceff23c87d1a61439226ab04ecc5d90e40299be78719c9702ec656bf52 92f6c65d3de8267208178781a43ad0afc548a14c0d680de8c92de84353a71000
CLIENT_HANDSHAKE_TRAFFIC_SECRET fc63e86b8d96b1085de809e6642ea0003d716a262fcfdd271f65cf482782af03 ef20e0276d90f5ce445804252f7779f9771e8cb04d35c7a55580c93ab738ff45
SERVER_HANDSHAKE_TRAFFIC_SECRET fc63e86b8d96b1085de809e6642ea0003d716a262fcfdd271f65cf482782af03 df002239f4bebedfaac61d0679cbab8ab2ce121c36a42302120394001a355c6e
CLIENT_TRAFFIC_SECRET_0 fc63e86b8d96b1085de809e6642ea0003d716a262fcfdd271f65cf482782af03 c256e4d878277793e752dd9a2d64cccdef60d7ac9f7df162aaacd612a92b00e3
SERVER_TRAFFIC_SECRET_0 fc63e86b8d96b1085de809e6642ea0003d716a262fcfdd271f65cf482782af03 72ebe9551db888a9d2576977a2dc864414a63634b5d7de7acaf9d9b0e152a257
EXPORTER_SECRET fc63e86b8d96b1085de809e6642ea0003d716a262fcfdd271f65cf482782af03 852cd778586856f28894fbe5364e62a272d614ef8adf2a8e63ab2fd188b383f7
