CLIENT_RANDOM a8bbca65dfa95d82f765b8d632d4093677bfa6adfeec8819eee9454691de76ff 2bed53ec4a7a9d3bc9c67d77d4f96bff1b952e62719b54fc90954c5039b1a3f353eeec3fdeeb5c567fca86cc8f2ab0fe
CLIENT_HANDSHAKE_TRAFFIC_SECRET 40661d67f2f05448120024a571c4873e5ac49afa61835de00f751f05a1241eb5 4d746feb73ce98d2061d694df686a1d5410702437239a5cf3d07ce67caf18ccd
SERVER_HANDSHAKE_TRAFFIC_SECRET 40661d67f2f05448120024a571c4873e5ac49afa61835de00f751f05a1241eb5 b8404c0826b169cbb5183d59627267fbc020ac9c2e14dd7adc5c8731f34b81db
CLIENT_TRAFFIC_SECRET_0 40661d67f2f05448120024a571c4873e5ac49afa61835de00f751f05a1241eb5 78a0accc67dfa832c0574bb479e4efcc3a09f97d7c9d97dc64ec921402bedfc5
SERVER_TRAFFIC_SECRET_0 40661d67f2f05448120024a571c4873e5ac49afa61835de00f751f05a1241eb5 ee0a9f72b98405dbc755357ff7ca19be072fe7e270a1d4a39f0f00cab184a82d
EXPORTER_SECRET 40661d67f2f05448120024a571c4873e5ac49afa61835de00f751f05a1241eb5 f28d07839c94507c1e6d9524de29954c45ed0b2ccba40f334334540a2b7dc766
CLIENT_HANDSHAKE_TRAFFIC_SECRET cc993dfb360e08237af69e6d3f6bf1d8b863c000586d3f64967fec7958d515d7 f5c5d716faadca3a89fa714d5229afff3640a5f9f9cac50e9420a499a4cc2b9e
SERVER_HANDSHAKE_TRAFFIC_SECRET cc993dfb360e08237af69e6d3f6bf1d8b863c000586d3f64967fec7958d515d7 4f27b6099c0912f0df1ce0d650e7287d4ca5a43739fe8520b6f7cec082b424aa
CLIENT_TRAFFIC_SECRET_0 cc993dfb360e08237af69e6d3f6bf1d8b863c000586d3f64967fec7958d515d7 8782c7422001084582bf63dbb31ea93410f3242fc0ff615bef1ba6827422d290
SERVER_TRAFFIC_SECRET_0 cc993dfb360e08237af69e6d3f6bf1d8b863c000586d3f64967fec7958d515d7 b2a24e3e2cb5b6965c945e05635a8301840c00d880cf7d1ce425f4a473d99024
EXPORTER_SECRET cc993dfb360e08237af69e6d3f6bf1d8b863c000586d3f64967fec7958d515d7 fe3938ec97bc0cbd511eeb06dc634dab0f925c7589a9c2320ce537b706351e84
CLIENT_HANDSHAKE_TRAFFIC_SECRET 7e7376e71773b98934b7055e75ceccbe378fea772172be0fc977f54f42b020d8 a8143bfd6ab0d306a74a337759777bbcb32706538abff26f5b3b9a75856ee558
SERVER_HANDSHAKE_TRAFFIC_SECRET 7e7376e71773b98934b7055e75ceccbe378fea772172be0fc977f54f42b020d8 9ffc80aae88093ba155fbaa253136865a13df7ff881bb792351b6b495515c2e1
CLIENT_TRAFFIC_SECRET_0 7e7376e71773b98934b7055e75ceccbe378fea772172be0fc977f54f42b020d8 099f2a7be80c3677fb9c5478c609dea84a97abae0f7d47b97d46c4aceeaa2ba6
SERVER_TRAFFIC_SECRET_0 7e7376e71773b98934b7055e75ceccbe378fea772172be0fc977f54f42b020d8 aa0d46fa7ecc16ea0aea0f58e80edd9e2e306035240d5e1eebea4cadb69a068b
EXPORTER_SECRET 7e7376e71773b98934b7055e75ceccbe378fea772172be0fc977f54f42b020d8 140ad7f918b6f8812a997516f2995b5c63cbb629e9a242e7e485328e9a72d7a7
CLIENT_RANDOM 885c0edff4e6f6fcf7e3892201d3ff4c45029bf2318b5431a737ed3f2faf2858 42f8cbcdc83a18ba0354e2f14be162875a8ba017477923ff9cc3381aa962a517582c26e2176c53e61086ee761359e9da
CLIENT_HANDSHAKE_TRAFFIC_SECRET 50e39dfd8c74c59a2158d94920132b29010f0acad319dfe1ead34d95d3bcae69 b3c7f482f7e1bb51eed73fe5097c99890c4b2915a129085e0f22ec2e0e1828d1
SERVER_HANDSHAKE_TRAFFIC_SECRET 50e39dfd8c74c59a2158d94920132b29010f0acad319dfe1ead34d95d3bcae69 5e891f88caec02d5f7ba9418e72b8a5e4ff5cc83abe84fe06ce9886956985a92
CLIENT_TRAFFIC_SECRET_0 50e39dfd8c74c59a2158d94920132b29010f0acad319dfe1ead34d95d3bcae69 a6bdedb60a42cc4d563da065141c24d447597211c6c2705ae923e36d40e06b88
SERVER_TRAFFIC_SECRET_0 50e39dfd8c74c59a2158d94920132b29010f0acad319dfe1ead34d95d3bcae69 b846ba2ad3d41ee9579cb64cf79d93c74018e55f5668573093108dd294b84357
EXPORTER_SECRET 50e39dfd8c74c59a2158d94920132b29010f0acad319dfe1ead34d95d3bcae69 d09fbe63c2506844a4f969210ecf6699f632d73efb8bdba984ce5cb38c0afbc6
CLIENT_HANDSHAKE_TRAFFIC_SECRET 14b9407521390c24016794d825910d81571cb9b665ac7d24ed1ff6db27789c2f 54d46fd63cdee1f5ccf586e3323a33038102efe3457dd4db644c392eb6b38df3
SERVER_HANDSHAKE_TRAFFIC_SECRET 14b9407521390c24016794d825910d81571cb9b665ac7d24ed1ff6db27789c2f 5833ea48121d07641a85ddcd815c82de385e1aab49040a4f84057c51e0155404
CLIENT_TRAFFIC_SECRET_0 14b9407521390c24016794d825910d81571cb9b665ac7d24ed1ff6db27789c2f 715b210af743049f995d070c79b8dac945c1b74f0a3aff782009a03bd489277a
SERVER_TRAFFIC_SECRET_0 14b9407521390c24016794d825910d81571cb9b665ac7d24ed1ff6db27789c2f 570281622a8fdc8a7415bcd6b18bc787df74027404b358615e6b3dce7816729b
EXPORTER_SECRET 14b9407521390c24016794d825910d81571cb9b665ac7d24ed1ff6db27789c2f 8a73de70d9a3082d808f08729788caba47177099a5fab5ba1da1e0adae90eea6
CLIENT_HANDSHAKE_TRAFFIC_SECRET bbd965b55f8a1b97bc5f0cb82a192b9dbcab73628362f2b41c7fef53c06b9445 2d10effc30cebd40a7b866ad8e31ec3f4897085629da5390b4990a2ddb20193d
SERVER_HANDSHAKE_TRAFFIC_SECRET bbd965b55f8a1b97bc5f0cb82a192b9dbcab73628362f2b41c7fef53c06b9445 ca957244447308ab162266b3a119aa076d0e2d2cdb420470ecfef4baa125bb4a
CLIENT_HANDSHAKE_TRAFFIC_SECRET 77d9d21fedd2f47f44cc646dd8073c7a7e3a4175cc5793d8be1f0b0f03337273 525bd273f94e2b001da352e917911a8be84880a3c64b16c2b515a4b3478d528b
SERVER_HANDSHAKE_TRAFFIC_SECRET 77d9d21fedd2f47f44cc646dd8073c7a7e3a4175cc5793d8be1f0b0f03337273 5a9b2df472a121b956aebce2ed5175b7de72a899f61d69d2cb70ba8f5867f324
CLIENT_HANDSHAKE_TRAFFIC_SECRET 667f7106dd7bef2db809486ada246ee64b6ed02adbe232c259d8ed9418750a38 a6d22726a711182c978dc99a417c3878c32591dd4063faa6a3e714aff83a3542
SERVER_HANDSHAKE_TRAFFIC_SECRET 667f7106dd7bef2db809486ada246ee64b6ed02adbe232c259d8ed9418750a38 fb41660fe9b772b7aa43fb47443fc6ca17ac56c399f657c8f0a959f4d9664e83
CLIENT_TRAFFIC_SECRET_0 bbd965b55f8a1b97bc5f0cb82a192b9dbcab73628362f2b41c7fef53c06b9445 a28891ad5fa565598e6938c06d6e2a5cc3a665f50dad65589ff9af9da1d8f5b9
SERVER_TRAFFIC_SECRET_0 bbd965b55f8a1b97bc5f0cb82a192b9dbcab73628362f2b41c7fef53c06b9445 28a38eb4f64579fe0b66d8b4772ac60eb9e045ca051d802f54e6564c38f52dc3
EXPORTER_SECRET bbd965b55f8a1b97bc5f0cb82a192b9dbcab73628362f2b41c7fef53c06b9445 bf2ebb0edcd7088654a7d9af94689909aa369535cca425e1381b47db0155d7a4
CLIENT_TRAFFIC_SECRET_0 667f7106dd7bef2db809486ada246ee64b6ed02adbe232c259d8ed9418750a38 44d22100887ede865c54e47ad789a7087f9baf0d7d4f21ed9a7a045c95910bb6
SERVER_TRAFFIC_SECRET_0 667f7106dd7bef2db809486ada246ee64b6ed02adbe232c259d8ed9418750a38 7dfae31b6415f0785a95b097cb95c6ac4b46a620d4d9f9b309a9e65b599a8c22
EXPORTER_SECRET 667f7106dd7bef2db809486ada246ee64b6ed02adbe232c259d8ed9418750a38 daa33f807e3e9d25ed6535e7e08998f2cc38fae6b227585ef7ae9c5508f746da
CLIENT_TRAFFIC_SECRET_0 77d9d21fedd2f47f44cc646dd8073c7a7e3a4175cc5793d8be1f0b0f03337273 7f759bd20d9a3fca96572d88f1bb3efbab1f159df55ac8b3d423c0e01ccaf05a
SERVER_TRAFFIC_SECRET_0 77d9d21fedd2f47f44cc646dd8073c7a7e3a4175cc5793d8be1f0b0f03337273 e356d3cecbd9b723d3f2c298313370a74ce0779e246c59da985920c651b67f86
EXPORTER_SECRET 77d9d21fedd2f47f44cc646dd8073c7a7e3a4175cc5793d8be1f0b0f03337273 bcaa6c152d85f7998d2004c706fcf1f07504f222975cebd5d362fd2f77585ed1
CLIENT_HANDSHAKE_TRAFFIC_SECRET 3236619caadf7214554e93ca1849bcae3cb908b682a9f8b80a42bf9461319d3e 8a131be16dc85035c9207c3b373f1fb918fe5ed77e1f519bbeeba1a84fbdac9b
SERVER_HANDSHAKE_TRAFFIC_SECRET 3236619caadf7214554e93ca1849bcae3cb908b682a9f8b80a42bf9461319d3e c85d5455e199f30fdec838699e936ceb4d827731c955a848a39bf416f6f7120e
CLIENT_TRAFFIC_SECRET_0 3236619caadf7214554e93ca1849bcae3cb908b682a9f8b80a42bf9461319d3e dcb8532b212f30544254bb027143e7ad8f4ca5e6e09349c4dfff80c33c2d30b6
SERVER_TRAFFIC_SECRET_0 3236619caadf7214554e93ca1849bcae3cb908b682a9f8b80a42bf9461319d3e e84bc8d186ff5940248f0dd047dc123db471619bbead3a9a28f6f9434a515b55
EXPORTER_SECRET 3236619caadf7214554e93ca1849bcae3cb908b682a9f8b80a42bf9461319d3e 821dc3e5783f2b00448fd4ec54031720b9f98cdd390c8281be2a3e712f92b7d4
CLIENT_HANDSHAKE_TRAFFIC_SECRET 1977c175f129990d73c49bc67c01811c77c1863b752597729d4d296062a72ddb 0e5e11b01481a701558e23f70e8e443a25d9d139a062c721e2632716ff952957
SERVER_HANDSHAKE_TRAFFIC_SECRET 1977c175f129990d73c49bc67c01811c77c1863b752597729d4d296062a72ddb e3980e9341b93742ca510c6c5eb627c8eac94b33b5ce57f6e77380cef9e244eb
CLIENT_TRAFFIC_SECRET_0 1977c175f129990d73c49bc67c01811c77c1863b752597729d4d296062a72ddb c62e80c90e57e995429bf12fde3cce8fdf222ba46b9a79b7a3ba94589ae78460
SERVER_TRAFFIC_SECRET_0 1977c175f129990d73c49bc67c01811c77c1863b752597729d4d296062a72ddb 2aa428fb1db56fcddcfda407b21232087803dd1acb6954b0811cce7f3f9b8b43
EXPORTER_SECRET 1977c175f129990d73c49bc67c01811c77c1863b752597729d4d296062a72ddb 31f1d2bac9abf283f5c361c926ac385fef99a620ec74e4457dd74750da811488
CLIENT_HANDSHAKE_TRAFFIC_SECRET 1bd6fc4582fc3897eab48d9b37c09e241eb416953655b3144828fe297fa04393 6a3d337733616e9b9ccfc05df8e54e752b861f608e21bf0e44c4974a7e96f16a
SERVER_HANDSHAKE_TRAFFIC_SECRET 1bd6fc4582fc3897eab48d9b37c09e241eb416953655b3144828fe297fa04393 aaef4e6f9bf573e687873a2be8a6a1ffc91e85169ece1534fb3405ed71ca4a95
CLIENT_HANDSHAKE_TRAFFIC_SECRET 66d0a60ff1a7e9a5d606909056eadeb1b7a242dc6a03f4464fc683c050b037e6 1e448cedc59545c9fc2112bf344c09727c91fda11a25f3d029a6c8a08914038f
SERVER_HANDSHAKE_TRAFFIC_SECRET 66d0a60ff1a7e9a5d606909056eadeb1b7a242dc6a03f4464fc683c050b037e6 0539f3e4396563a9045e05c73da6a04db026192c0de191f38167cccd20dbea7d
CLIENT_TRAFFIC_SECRET_0 1bd6fc4582fc3897eab48d9b37c09e241eb416953655b3144828fe297fa04393 2171432229fc6152040cc6a3466945e70914c8474efdbdd799a07eaaf7922451
SERVER_TRAFFIC_SECRET_0 1bd6fc4582fc3897eab48d9b37c09e241eb416953655b3144828fe297fa04393 fd927261e39455f7d8b8c2311fb3c235a43b6b258589489577fdbe3a45f57d27
EXPORTER_SECRET 1bd6fc4582fc3897eab48d9b37c09e241eb416953655b3144828fe297fa04393 3c9d023e97ad0289669364856ba083b5ee68499cb193121fc5fdd5713e5fc1d2
CLIENT_TRAFFIC_SECRET_0 66d0a60ff1a7e9a5d606909056eadeb1b7a242dc6a03f4464fc683c050b037e6 5d97640c23babaa8991cef318a84c361ff9495cacd3470ac7f985ca3b94c3ee3
SERVER_TRAFFIC_SECRET_0 66d0a60ff1a7e9a5d606909056eadeb1b7a242dc6a03f4464fc683c050b037e6 093d787eba0d386b7f512d1f01a812d5f52b9083b2bbbdd364d4c3cf321a71a6
EXPORTER_SECRET 66d0a60ff1a7e9a5d606909056eadeb1b7a242dc6a03f4464fc683c050b037e6 f68144c0237a5a16fe2eb00ee66731ba0e68fffc7676045ed59d71353293a343
CLIENT_HANDSHAKE_TRAFFIC_SECRET ecdbaddbc77df2f7444f27a4104b71dace5602580ce44f9afa9945820e6ceb25 3df79bc167c524f921a089dfa37f18ecd73a69928273cd42286f6a4d48457ee6
SERVER_HANDSHAKE_TRAFFIC_SECRET ecdbaddbc77df2f7444f27a4104b71dace5602580ce44f9afa9945820e6ceb25 8588fd5f83adf54bb0d6cbf6b7004221b6294f50660532fc2aa10d643670a16c
CLIENT_TRAFFIC_SECRET_0 ecdbaddbc77df2f7444f27a4104b71dace5602580ce44f9afa9945820e6ceb25 ec5349c1f30ec310be3456d433bba2b7964eff9de55573436701f5d6c71aa916
SERVER_TRAFFIC_SECRET_0 ecdbaddbc77df2f7444f27a4104b71dace5602580ce44f9afa9945820e6ceb25 c8433448c2a7a42bd7464ff4317f433296830386c5fd6010e90e1050589809a5
EXPORTER_SECRET ecdbaddbc77df2f7444f27a4104b71dace5602580ce44f9afa9945820e6ceb25 d7831e6a584eed70b70882d32df08867b8727626c9367eba7871589b11a00888
CLIENT_HANDSHAKE_TRAFFIC_SECRET 3efa0cdf0843e115d0751a32d2236f5517feb0ca317072acf2cb0ee363d79340 0164499b72dd1f06038e50096c3167abf171683fa8d2a9705f615095b474078b
SERVER_HANDSHAKE_TRAFFIC_SECRET 3efa0cdf0843e115d0751a32d2236f5517feb0ca317072acf2cb0ee363d79340 c75277e0ead937691a162368a175cf144966fb0e5d9b1b3f3072c82256206fbc
CLIENT_TRAFFIC_SECRET_0 3efa0cdf0843e115d0751a32d2236f5517feb0ca317072acf2cb0ee363d79340 e887062591bcf4b2229ab8799d31aa605472fed57b8188f63b0b1937600ce407
SERVER_TRAFFIC_SECRET_0 3efa0cdf0843e115d0751a32d2236f5517feb0ca317072acf2cb0ee363d79340 a02e47a718ff8b08e60fd6d2d91de674bc5a9400c6c93cd3aa32a71362fb434e
EXPORTER_SECRET 3efa0cdf0843e115d0751a32d2236f5517feb0ca317072acf2cb0ee363d79340 307a849cb0c645f0e165bc7fa1c2f9121bd4a4dfb1d5f7c6992da0b3a94a20ff
CLIENT_HANDSHAKE_TRAFFIC_SECRET c97aaffd89b6c6dbc8953fb41fb7db85d6ce957e39a4f463857298cfadbb1629 4358950b883be1e83d05a313d4c98992bbc55313d49e8cebd6ea04dce84be06b
SERVER_HANDSHAKE_TRAFFIC_SECRET c97aaffd89b6c6dbc8953fb41fb7db85d6ce957e39a4f463857298cfadbb1629 1df409e9915e6c4d2dd0d09dcace5dc942a1e74b3862b52897258010dc8e7f2a
CLIENT_TRAFFIC_SECRET_0 c97aaffd89b6c6dbc8953fb41fb7db85d6ce957e39a4f463857298cfadbb1629 88ea4d4444b9b0241a7142354f7f3426796815d5ddd760242ec2f8e43941b774
SERVER_TRAFFIC_SECRET_0 c97aaffd89b6c6dbc8953fb41fb7db85d6ce957e39a4f463857298cfadbb1629 dfa123df2275fbc67b2084330bd98d670045a4e1b7acdba78be06044a5a93fca
EXPORTER_SECRET c97aaffd89b6c6dbc8953fb41fb7db85d6ce957e39a4f463857298cfadbb1629 a3cc8fbc916fd66752ca5a28716c0b0ad35fbd9f62b0f9bf7b3796f7332e2a80
CLIENT_HANDSHAKE_TRAFFIC_SECRET a5b050a04d176dbdc2e1d2d935efa76344f9e337e366123606a723e374c2e581 c008eb70b9542146d85df55bc2b5c6fd459a999516c290c650563a91057f4542
SERVER_HANDSHAKE_TRAFFIC_SECRET a5b050a04d176dbdc2e1d2d935efa76344f9e337e366123606a723e374c2e581 3e68184c3f98d23aa7eea003d09e800abb0a971b9beac4d748846675d2dbed6c
CLIENT_TRAFFIC_SECRET_0 a5b050a04d176dbdc2e1d2d935efa76344f9e337e366123606a723e374c2e581 1ffe730cc8f3a24184ebb348d241626d809f75cf812bfe04a9bcba50d4ada907
SERVER_TRAFFIC_SECRET_0 a5b050a04d176dbdc2e1d2d935efa76344f9e337e366123606a723e374c2e581 c6dd1ce5448227e01ca16df0b56da2d2b7e5356cc4cfd9e28aa996fa70ad042a
EXPORTER_SECRET a5b050a04d176dbdc2e1d2d935efa76344f9e337e366123606a723e374c2e581 cf3635fc5fe558a6c23bbc8edc380b8a74ef087fb08a2f560e6e09bcb724ea97
CLIENT_HANDSHAKE_TRAFFIC_SECRET ffdbd7eb39ed3f7b93bc4062b2e7f5ffaef15accb8fe8e2fc2f96e4e96c6d640 15b122bae44162094f24ffc338edd7c3b0903257b5a36bea0a3f1b01de816b9a
SERVER_HANDSHAKE_TRAFFIC_SECRET ffdbd7eb39ed3f7b93bc4062b2e7f5ffaef15accb8fe8e2fc2f96e4e96c6d640 cb377e204cad4fba6855a54c3c99edb0edcbe38342bb260972c27cdb1cdd6e8d
CLIENT_TRAFFIC_SECRET_0 ffdbd7eb39ed3f7b93bc4062b2e7f5ffaef15accb8fe8e2fc2f96e4e96c6d640 8bb65ac1eca258fad8915d1a9ca8f0e635fde532b99e14290a0a959026d1f614
SERVER_TRAFFIC_SECRET_0 ffdbd7eb39ed3f7b93bc4062b2e7f5ffaef15accb8fe8e2fc2f96e4e96c6d640 d938e3ed98d3cfaec88cd31a95fcde328be2967b0fab59e17343b59046dbf907
EXPORTER_SECRET ffdbd7eb39ed3f7b93bc4062b2e7f5ffaef15accb8fe8e2fc2f96e4e96c6d640 081ab201ac0f392351abe7727c548917e7e176cbcec612168d3d2d4f30fef3fb
CLIENT_RANDOM 95c0e26d1f0333aacf14ae3ead369315a88366f1a9607713dbf4b00fa95cbe6a 2cd24368a0e283047bdee33f33d1b6dfbf9b85c6df5f3cf00069a876f69eea5135bb8d9912b8bc4eacb002a82ba7a3d3
