CLIENT_HANDSHAKE_TRAFFIC_SECRET 4f155666fc2c6e66201eb80f2f12d22d035f704c264ed952289487456ff152f6 c88f2553305893d41bcb3b4f5bb1805a0f09a551cc77d0ad6d56bfb9265d20b0
SERVER_HANDSHAKE_TRAFFIC_SECRET 4f155666fc2c6e66201eb80f2f12d22d035f704c264ed952289487456ff152f6 e5c0d064295334d7b173ee71830846a8b8fa6565a4635b2258a4ea7d7d4906a0
CLIENT_TRAFFIC_SECRET_0 4f155666fc2c6e66201eb80f2f12d22d035f704c264ed952289487456ff152f6 37dae0329cc44e746b38faf9e9ecc25bd123cc28f98975972656442574872f9d
SERVER_TRAFFIC_SECRET_0 4f155666fc2c6e66201eb80f2f12d22d035f704c264ed952289487456ff152f6 d3ff22e43827982d13f532d10fde661f433e2cc8ff97f4353ea804627824bd04
EXPORTER_SECRET 4f155666fc2c6e66201eb80f2f12d22d035f704c264ed952289487456ff152f6 67441a4de35f71c25765e00a63e7497bd7e3398fdec0e3259c771ac0f7bc8c74
CLIENT_HANDSHAKE_TRAFFIC_SECRET 87e2ae3dc747f3785c4209503bee7bac480c805ba702dedaac57010873f377ad 92c1f86d75517fa64e87169113781f2bf10d5537057fd3baae72471dc79632c0
SERVER_HANDSHAKE_TRAFFIC_SECRET 87e2ae3dc747f3785c4209503bee7bac480c805ba702dedaac57010873f377ad 375712a675c2c9f3f5d7f748cc79a4a8caf88710828847e6da435a5b9c22a3b2
CLIENT_TRAFFIC_SECRET_0 87e2ae3dc747f3785c4209503bee7bac480c805ba702dedaac57010873f377ad 92ebb1bee1170004116e766cd008da806cac169d820b0f78f22b9522520834c7
SERVER_TRAFFIC_SECRET_0 87e2ae3dc747f3785c4209503bee7bac480c805ba702dedaac57010873f377ad 531c57cb0f7bc7a6543a53a8fb397b37859a89cb05f3ae782c3f5e05a0ebcf09
EXPORTER_SECRET 87e2ae3dc747f3785c4209503bee7bac480c805ba702dedaac57010873f377ad 18c61c3af85043d156639b58cfeef91e9e9f75ddff699bcac4d24cec533e67fa
CLIENT_HANDSHAKE_TRAFFIC_SECRET b972cb9507130984532096a496946674da103a1308d160b1b3e179f27e112ce3 23926938d8e7dac95e087670e25766fb55815d6d7b1dfb9c76704384a2b9f409
SERVER_HANDSHAKE_TRAFFIC_SECRET b972cb9507130984532096a496946674da103a1308d160b1b3e179f27e112ce3 03578b87f3ad6d2362008305c9aad883006d7514dbdc8e943bf585b401dc3ae4
CLIENT_TRAFFIC_SECRET_0 b972cb9507130984532096a496946674da103a1308d160b1b3e179f27e112ce3 2bf301bedc72e82b3a9133cce8e425ac8e38b0aa592320976d9618779beba618
SERVER_TRAFFIC_SECRET_0 b972cb9507130984532096a496946674da103a1308d160b1b3e179f27e112ce3 be2816888f0e5c6c0995734b6a1e58311346bf47731a5f1e228eb023ed97c4a7
EXPORTER_SECRET b972cb9507130984532096a496946674da103a1308d160b1b3e179f27e112ce3 3bcc6ac8441fe55c53b7f85fe0d51b6c9957871e5e6804000e40a0510c4a1f35
CLIENT_HANDSHAKE_TRAFFIC_SECRET 04ae605281cf324a5f252f621bc980c6b4c76a55c665f07e081fab70db6d7521 a0a1a98095096fec839e363017318df208713f7026f18c3b31a033bd653cbd21
SERVER_HANDSHAKE_TRAFFIC_SECRET 04ae605281cf324a5f252f621bc980c6b4c76a55c665f07e081fab70db6d7521 4b4054fe4088036f2325096a764a95e61e68154418dade6a8d099fe19d415142
CLIENT_TRAFFIC_SECRET_0 04ae605281cf324a5f252f621bc980c6b4c76a55c665f07e081fab70db6d7521 2ecb2f7395ba307b95cabbff9fc25d6c21ddd1b37f51e0a40b2c473c38a66320
SERVER_TRAFFIC_SECRET_0 04ae605281cf324a5f252f621bc980c6b4c76a55c665f07e081fab70db6d7521 9681ea52df481bdd6177e8d734ecfc31eb6078fb71cc69844c969e0cfb5a6e00
EXPORTER_SECRET 04ae605281cf324a5f252f621bc980c6b4c76a55c665f07e081fab70db6d7521 f854e3d1777328a7966ae3c706971db353f7456944913a3eea4372bcb7c61df3
CLIENT_HANDSHAKE_TRAFFIC_SECRET b0bd6773b7443d4ae28cb04617728bfe65a8491a37c55941f6aabd31cd37425f ac28e3e83282ba2098804dab7b65ccd4e02f9fe342ab17c2b8c009668e8fea20
SERVER_HANDSHAKE_TRAFFIC_SECRET b0bd6773b7443d4ae28cb04617728bfe65a8491a37c55941f6aabd31cd37425f ee4ac04c35270eeb377f1d1d2c68755d0821c18f965f6efd8745cea0e9ba7d17
CLIENT_TRAFFIC_SECRET_0 b0bd6773b7443d4ae28cb04617728bfe65a8491a37c55941f6aabd31cd37425f e34756bbfc84983ae43b6c486fcb062ca962deaedaa127e6d050608cf70851e1
SERVER_TRAFFIC_SECRET_0 b0bd6773b7443d4ae28cb04617728bfe65a8491a37c55941f6aabd31cd37425f 0b1d61f298b454ba0a5a31e83280e7786259521b94ef360a7322ecf0274b095c
EXPORTER_SECRET b0bd6773b7443d4ae28cb04617728bfe65a8491a37c55941f6aabd31cd37425f 8d5225bf78f74ad4c1d4289ac6a5bf51c1e665856526842bd90a4b211933f313
CLIENT_HANDSHAKE_TRAFFIC_SECRET 7c2635d0941ac1c648545e1c257ea603da0be314b4dc4524c0741e8c685e6a62 18d1e4561e1d49110522d6b75493317c1573144d4bf2cdef7c92cedd8541a54b5c02e7a3909220c2de3eebc39261404d
SERVER_HANDSHAKE_TRAFFIC_SECRET 7c2635d0941ac1c648545e1c257ea603da0be314b4dc4524c0741e8c685e6a62 4a708089ca5b955bde5cba7679732da561cef065f53e36039c09b567e1c54b4db74cd03a6732b4475bb6d77b08f701d6
CLIENT_TRAFFIC_SECRET_0 7c2635d0941ac1c648545e1c257ea603da0be314b4dc4524c0741e8c685e6a62 8ef3f282f63d219afab8b3d571100c473a193165db8466109ea57ffe8e8c28e6e8f63424a7a5934cdd16f086299bca6c
SERVER_TRAFFIC_SECRET_0 7c2635d0941ac1c648545e1c257ea603da0be314b4dc4524c0741e8c685e6a62 d7a4aaf6ccc0d7b2eb79e47d6bf011f3109f48763e4c061daa7639e8df7827fc2ed7edef3e105847215dd8da06b6dad6
EXPORTER_SECRET 7c2635d0941ac1c648545e1c257ea603da0be314b4dc4524c0741e8c685e6a62 e04290c2f9b5acee4d5fc0dc5f22112a33e66e4f2e9f5eb6f3a65943ca4f1f0dec2256c052d68e49b36372157404b20f
CLIENT_HANDSHAKE_TRAFFIC_SECRET e5f87b376a0f1b5329b32f3f08a5e4598a6e3622dcc44e75bd02667b37f0af85 622f61bb8e9fc42e9c51653e09885daad976b43d883cbc70ea1d86ab33a00fe654116b712299f669c3f31004d122111a
SERVER_HANDSHAKE_TRAFFIC_SECRET e5f87b376a0f1b5329b32f3f08a5e4598a6e3622dcc44e75bd02667b37f0af85 2f8d775073be382f14b439e737ead6b29c1c6dcf06f6bd34e3c2d6e761e55f463145a3421c530e8a3f0ebd146192486f
CLIENT_TRAFFIC_SECRET_0 e5f87b376a0f1b5329b32f3f08a5e4598a6e3622dcc44e75bd02667b37f0af85 48a17b5b8ead3b3795befd76fa7817a63ac4f92c28fc2ffd0c31b999e56d03dfa19206ae4f1bdb1dd4f562955597a855
SERVER_TRAFFIC_SECRET_0 e5f87b376a0f1b5329b32f3f08a5e4598a6e3622dcc44e75bd02667b37f0af85 089794b1c09267e0f325fd90376d81733acc0f1541c1bd079d504e40f7eb4a3c507156402caa07317fbe1eedf0f0ccd8
EXPORTER_SECRET e5f87b376a0f1b5329b32f3f08a5e4598a6e3622dcc44e75bd02667b37f0af85 420860aa8aaab6a6ddded47faac9be20361250a176e8edb3f2692d17dc8a73c3e7683acc6baf575b99304fb088beb63a
CLIENT_HANDSHAKE_TRAFFIC_SECRET 0e502c51ee5ac3de190f43ce28bb4cdfcba3b7bdb3219a1fec30d395c1574a73 71dfbfc517110a7da4287d0588a90b96b7424fb8a7cfaf7d08090b619aa62c11d298faf8d27fee50fd983682ea8b07bd
SERVER_HANDSHAKE_TRAFFIC_SECRET 0e502c51ee5ac3de190f43ce28bb4cdfcba3b7bdb3219a1fec30d395c1574a73 ca93ad77b8b2ef9283628dd1d8e25be6228036a498c36ff0d6375647378c2d272db49d8626b08f472557798e010b1410
CLIENT_TRAFFIC_SECRET_0 0e502c51ee5ac3de190f43ce28bb4cdfcba3b7bdb3219a1fec30d395c1574a73 eb229e83e796bde89f2d131cc44d1bcd38146458cd33547fc2d0ecf30495e40fe03021c50bb343179f11344a0b02c83c
SERVER_TRAFFIC_SECRET_0 0e502c51ee5ac3de190f43ce28bb4cdfcba3b7bdb3219a1fec30d395c1574a73 2114443d65a6636de6a54a8c696e7f1e51f869dc6b9e0e651ef8c1bd67904441c0f004b05c34cfff824d009dd32a133e
EXPORTER_SECRET 0e502c51ee5ac3de190f43ce28bb4cdfcba3b7bdb3219a1fec30d395c1574a73 276a870d05c506e3b3dbb6e2aeb4c0a66995076909896eb8466af84ec47eb612266773d4afc22e389171f483719b1c61
CLIENT_HANDSHAKE_TRAFFIC_SECRET 6534263c4d29ea83928649eaf688ca43142045bf7afe9990e4d01d4c546c7161 4e184eec010c66e8c4ca9010b51f6539c25d6c9f123dc6a8c3f4fca623ace6ba28e5cfdf4f1f6d9461a51e7d06c21c60
SERVER_HANDSHAKE_TRAFFIC_SECRET 6534263c4d29ea83928649eaf688ca43142045bf7afe9990e4d01d4c546c7161 811185fe6d03f4a5dc906f296c255726c0b4a63a0cdf8964b14ac58a303f88f5199a693af7920d9646aaba9b4ae77763
CLIENT_HANDSHAKE_TRAFFIC_SECRET 261c35650625649e2c8a061eea96872ae098b97f32587b9035235b71d1323c82 60274f3f1d2ef7bfcd30f912fd04a88c413d8346772829bef50bc53199149e44b7a28aa5c9b4466aaef4032240c6885a
SERVER_HANDSHAKE_TRAFFIC_SECRET 261c35650625649e2c8a061eea96872ae098b97f32587b9035235b71d1323c82 aac6fce727a92e5ab3bd0543c8aa84930f4494f7d39ccc22c9ea3e5cacc0cf430a8372581b3727ec13a7517e62a49379
CLIENT_TRAFFIC_SECRET_0 261c35650625649e2c8a061eea96872ae098b97f32587b9035235b71d1323c82 e830ecc861c62d0f22c45d8af833b1b6c2265c9ac66d4353d990398c6e496523e0b4b4b5bbd09314e0025a6f721734f3
SERVER_TRAFFIC_SECRET_0 261c35650625649e2c8a061eea96872ae098b97f32587b9035235b71d1323c82 5d6769a8cfff3cde5509da6b53f2a6410838fda783b4fb88cae8b7667db4f75cc81dc4c422ed5b0b8c144bf2d032fd37
EXPORTER_SECRET 261c35650625649e2c8a061eea96872ae098b97f32587b9035235b71d1323c82 f419aed27cfa45cc3f5ff44ad670362528518df9306d5fd7bcd15737d4a501bec091b51227772ca3313b7f6728b9ad1e
CLIENT_TRAFFIC_SECRET_0 6534263c4d29ea83928649eaf688ca43142045bf7afe9990e4d01d4c546c7161 33037d6c5d5ef79e01a642ebddc8903d18b573a0e7626cddb507cd46be13254a4bea90a2befab08574ca86fefcf8f189
SERVER_TRAFFIC_SECRET_0 6534263c4d29ea83928649eaf688ca43142045bf7afe9990e4d01d4c546c7161 5b7501cdb185b0bc756bf41810f7149982c7c689a49d7fd814e94fbc3dae75ee82aadeac30f830e8b4ddd874633426dd
EXPORTER_SECRET 6534263c4d29ea83928649eaf688ca43142045bf7afe9990e4d01d4c546c7161 7afa14f89a7f9d689551c155724dfc9d4dbf62dffb16c3891c760abdcd02d98dd14bda4247233e057768e256493b7488
CLIENT_HANDSHAKE_TRAFFIC_SECRET d89998feb07844cd0f2eacb67c211909a938fe46d25aa360661c54d73f774a00 6199bf3485a1b654156f78bc217fdd7f3c5b3b4929cdcc4e777489f5a33cf2c7202f0f50efaedecfb5dc7bac6d5d7062
SERVER_HANDSHAKE_TRAFFIC_SECRET d89998feb07844cd0f2eacb67c211909a938fe46d25aa360661c54d73f774a00 4c37ea8c746de58463f175c8c5a4456f48fdccb82f4cbe833f30476ce64de48c9521c7088cf77d12a7775883b2f3a29e
CLIENT_TRAFFIC_SECRET_0 d89998feb07844cd0f2eacb67c211909a938fe46d25aa360661c54d73f774a00 97272cf459b078c6e61ffd8b561b385ebe5e55dd4403b8bec4decd1e146319ea48d0b3c752eb7c6e18565c617212e02b
SERVER_TRAFFIC_SECRET_0 d89998feb07844cd0f2eacb67c211909a938fe46d25aa360661c54d73f774a00 4d8e709250c0d439c30b3cf680f9f8408c6361b8ae7a261d166588a9cd2315d8fe3e1b815115b43f5f2f2e4526a8f198
EXPORTER_SECRET d89998feb07844cd0f2eacb67c211909a938fe46d25aa360661c54d73f774a00 249a45bf115d64e277b87cbfe01c410b11ecc607dba88c61501c4958b2be729ffc118f0be90868597056c070aaea776b
CLIENT_HANDSHAKE_TRAFFIC_SECRET db2f9fc5f8249e5c7d40677795846f0642ffe8e2347e782c228c83701bbb7c50 eb9936282086764d29c024d7dbd30ccd41ca53a480e090e2385ff3ef3d3903db
SERVER_HANDSHAKE_TRAFFIC_SECRET db2f9fc5f8249e5c7d40677795846f0642ffe8e2347e782c228c83701bbb7c50 7e46bea965738db326e248bcdf6b2ba00b482d2b82555fccb0d2711c44d39553
CLIENT_HANDSHAKE_TRAFFIC_SECRET 723b0a7a1655e4d0552f69b44fe40fdb6801d9918d9cc39f8676b9326782ff49 06cacdade3e842b0e332d834eba3b581544262d44d03f2f3733b4f5e00004b4b
SERVER_HANDSHAKE_TRAFFIC_SECRET 723b0a7a1655e4d0552f69b44fe40fdb6801d9918d9cc39f8676b9326782ff49 33736ca2c4470814dc8e983f8a2a8c83de43e936a5d9d8b2f8f2b767c741ca9f
CLIENT_TRAFFIC_SECRET_0 db2f9fc5f8249e5c7d40677795846f0642ffe8e2347e782c228c83701bbb7c50 0aaef36a73d6fd93561ad1789bf844dbd572e194356a7a3a12e6ba32fdc543d0
SERVER_TRAFFIC_SECRET_0 db2f9fc5f8249e5c7d40677795846f0642ffe8e2347e782c228c83701bbb7c50 606fbfcbba72f27733bdfbebead7297878d06acf62ceebe7f1e0102c430cea1a
EXPORTER_SECRET db2f9fc5f8249e5c7d40677795846f0642ffe8e2347e782c228c83701bbb7c50 21f4fd5cfd1e395bbd817a5aac4ecbacafbcf9754115f0dc934b81c0529dd24d
CLIENT_TRAFFIC_SECRET_0 723b0a7a1655e4d0552f69b44fe40fdb6801d9918d9cc39f8676b9326782ff49 9e1097584b35120f604427d9ac9cf18b7a51d7007269c352af28359374cd7f69
SERVER_TRAFFIC_SECRET_0 723b0a7a1655e4d0552f69b44fe40fdb6801d9918d9cc39f8676b9326782ff49 652082bef53b09adfab6fe2eaca584fb9d7ac45c0c1f9c01cc4ef4265f9587ce
EXPORTER_SECRET 723b0a7a1655e4d0552f69b44fe40fdb6801d9918d9cc39f8676b9326782ff49 f319360e8dd1e0b1dffa3a134bd49834a4cbdbe8ba775dc0d05ea2b2e3a1853b
CLIENT_HANDSHAKE_TRAFFIC_SECRET bacfa8a893ba029e324fbc6bc6499ec963260134ad8419e646f4b48c5637e7ab 3ece365bdf8ffc5a3e3d938a895cc5450bea272ff7de4ab428b661ee9f7ca5b2
SERVER_HANDSHAKE_TRAFFIC_SECRET bacfa8a893ba029e324fbc6bc6499ec963260134ad8419e646f4b48c5637e7ab b4b461915235160bd08bd83ebe3ed25f8dc5cc60512d96953409e389150ec6a2
CLIENT_TRAFFIC_SECRET_0 bacfa8a893ba029e324fbc6bc6499ec963260134ad8419e646f4b48c5637e7ab f217d11710bfb0dbc3293cdd724a3a861576fa5946a26899e96c1f269e1dc009
SERVER_TRAFFIC_SECRET_0 bacfa8a893ba029e324fbc6bc6499ec963260134ad8419e646f4b48c5637e7ab 256fcd0bb1a1a27cc5527efe9f138fa10fd43a3a653b3d251b1083f767866074
EXPORTER_SECRET bacfa8a893ba029e324fbc6bc6499ec963260134ad8419e646f4b48c5637e7ab 9f9df2d8588c0838b70c7200c61743b941d7c84e101ab21ff6fd8a09356367a2
CLIENT_HANDSHAKE_TRAFFIC_SECRET ccb9e03856f0013059f08b3682bd28cac908025a920ba22da850b9714b5c7814 de190a935d89ad097df1804ada311c11cf6680dc676c1c72df7ba51be0d28178
SERVER_HANDSHAKE_TRAFFIC_SECRET ccb9e03856f0013059f08b3682bd28cac908025a920ba22da850b9714b5c7814 6e1d86d207a2923c890f74718928509bc209eb2acbc2d65a7840ba470babe542
CLIENT_TRAFFIC_SECRET_0 ccb9e03856f0013059f08b3682bd28cac908025a920ba22da850b9714b5c7814 2a6806c899ea0bb93d999dbd38184c8c50afac84fd005915f7b9ef804440b511
SERVER_TRAFFIC_SECRET_0 ccb9e03856f0013059f08b3682bd28cac908025a920ba22da850b9714b5c7814 db4cc025a31dd6512f3ddfc6f443db013ea3dd9091099a428c49d33981ac3353
EXPORTER_SECRET ccb9e03856f0013059f08b3682bd28cac908025a920ba22da850b9714b5c7814 84b0122dab1bcf6f3f60b23c7c8ae0172613cc00039322969ccc62726d6f12ba
CLIENT_HANDSHAKE_TRAFFIC_SECRET 742f9ad9fa21f784ff938ec96de332d1f77c6dcc4d02307162dbd44d0bcb1a11 3517353e2424fe0bb4e269bc3d2e45f126afbc57689f46062b2667ea8005ddda
SERVER_HANDSHAKE_TRAFFIC_SECRET 742f9ad9fa21f784ff938ec96de332d1f77c6dcc4d02307162dbd44d0bcb1a11 477d0132eaebbfbbf895da6881971914a10f32e935098c42a91a19fb34e6679c
CLIENT_TRAFFIC_SECRET_0 742f9ad9fa21f784ff938ec96de332d1f77c6dcc4d02307162dbd44d0bcb1a11 0d4b4bd9f07bd6af2868710aa2610dc8c9a5c6231e6168d65f09dd6764a4b4ca
SERVER_TRAFFIC_SECRET_0 742f9ad9fa21f784ff938ec96de332d1f77c6dcc4d02307162dbd44d0bcb1a11 b011ee7238ab0abfcdb1e07bb71c2f1cdf0f0a01da84d701dcf3336647098c9f
EXPORTER_SECRET 742f9ad9fa21f784ff938ec96de332d1f77c6dcc4d02307162dbd44d0bcb1a11 552725e38909aff1ecc145c58113a97ded25e4e92746064f7c9d1c6f52dbd78a
CLIENT_HANDSHAKE_TRAFFIC_SECRET c9bc54b724c3d982fcc7c784e0713bc8e486895a769aa90122714d33a41b4b64 9a6e4ba416b99af1bcfa2056d5ec79942d41be6127837d8a5a39b12abc37d984
SERVER_HANDSHAKE_TRAFFIC_SECRET c9bc54b724c3d982fcc7c784e0713bc8e486895a769aa90122714d33a41b4b64 16718265912dfbbd5549fb727b51dca933568f07f825a1e974dfc78b0aaa5395
CLIENT_HANDSHAKE_TRAFFIC_SECRET dcb5d888028882946cfb1fa73fc52a63bd88c2280b3151971da4b5888e896f13 33aa2f977ac4baf3064a1b7b884a0ce9a33c4ce76ea006dcfff8724a5052717a
SERVER_HANDSHAKE_TRAFFIC_SECRET dcb5d888028882946cfb1fa73fc52a63bd88c2280b3151971da4b5888e896f13 fd85bcaecb9ee2d68ba5f8a0dd69c74977c21278f80b6ab88afcda8c4fe9da39
CLIENT_TRAFFIC_SECRET_0 c9bc54b724c3d982fcc7c784e0713bc8e486895a769aa90122714d33a41b4b64 73b4aa77270f5a53b486e2cab1178486aa91bd6ad22f4eb86800ac268645d1cf
SERVER_TRAFFIC_SECRET_0 c9bc54b724c3d982fcc7c784e0713bc8e486895a769aa90122714d33a41b4b64 9d8dd66076055f8b74eae6afca8a2992e69874861da7bb1cd55fc237fe9e0722
EXPORTER_SECRET c9bc54b724c3d982fcc7c784e0713bc8e486895a769aa90122714d33a41b4b64 e4dc4fcb0a4e2a67b1b75d4f68c0a2b6cc46c45fe9471ab3c49171d2fb55b200
CLIENT_TRAFFIC_SECRET_0 dcb5d888028882946cfb1fa73fc52a63bd88c2280b3151971da4b5888e896f13 3c3e21e832129e9004377bbd206855ee1858091c1577fd868143994ac9456a79
SERVER_TRAFFIC_SECRET_0 dcb5d888028882946cfb1fa73fc52a63bd88c2280b3151971da4b5888e896f13 cdfa3afb00add6b093559247f3e78170f9fc3d9a1cb10820633b2416d0e61c85
EXPORTER_SECRET dcb5d888028882946cfb1fa73fc52a63bd88c2280b3151971da4b5888e896f13 c94112d268525ec8da15e057d8c7a7e73816fc93f0b8e01e9d129f3684b837c0
CLIENT_HANDSHAKE_TRAFFIC_SECRET 35987e1ade2f3366a792b6ed77ab11faa7ffeb4327d69d6bca88c71feb3d4d98 d28b3fd962c861c8de5ecc58dda02e6e9889e5f0320fb236540b47e529c0a5df
SERVER_HANDSHAKE_TRAFFIC_SECRET 35987e1ade2f3366a792b6ed77ab11faa7ffeb4327d69d6bca88c71feb3d4d98 454d6cb98dec8b0e4a7083005223573d521425eadd292eb2262b305e9bb587ed
CLIENT_TRAFFIC_SECRET_0 35987e1ade2f3366a792b6ed77ab11faa7ffeb4327d69d6bca88c71feb3d4d98 20bc719dc64d82ec02fd3fc6060e3b8d93a282408a567012db725ed81c4c9cae
SERVER_TRAFFIC_SECRET_0 35987e1ade2f3366a792b6ed77ab11faa7ffeb4327d69d6bca88c71feb3d4d98 eb6727f02bd3932c401f7517a74af5108815c0bd0e66033ed4764e3b0b069793
EXPORTER_SECRET 35987e1ade2f3366a792b6ed77ab11faa7ffeb4327d69d6bca88c71feb3d4d98 907fe5aaa40d5233d29f64054f868082e242c25956e6d355e0299de7913a6c05
CLIENT_HANDSHAKE_TRAFFIC_SECRET 0318f64b6eacbe872fefda0afad273049426b83d3e76b02a93aaf6725999dd7e b1bece5b21e0e9b64527fbb7f4da6b86c38366ded1a0182f90cc8b15edf48d25
SERVER_HANDSHAKE_TRAFFIC_SECRET 0318f64b6eacbe872fefda0afad273049426b83d3e76b02a93aaf6725999dd7e 96f7c9f6e57a9a4abbf60a8e7a194c8f14d5a521430be7c6184e142efc8d017a
CLIENT_TRAFFIC_SECRET_0 0318f64b6eacbe872fefda0afad273049426b83d3e76b02a93aaf6725999dd7e 5657b01d01902675bdf5e6117d0b7dad0226c3e3ff41fe3043d80ad5cbebe19f
SERVER_TRAFFIC_SECRET_0 0318f64b6eacbe872fefda0afad273049426b83d3e76b02a93aaf6725999dd7e ba3b8ba44348209462a3ced9a97a5f784f104b6f7aec0a388ff163f1acaec0e9
EXPORTER_SECRET 0318f64b6eacbe872fefda0afad273049426b83d3e76b02a93aaf6725999dd7e aa706c26e734dd2702d6d1f04d62a59c1deb5c70893e4194ab085e8dfce2b39a
CLIENT_HANDSHAKE_TRAFFIC_SECRET 227af14868e907cd0047844981e50b9c700221d7377e348363638374117fa6da 6e6e6a8df762f0815b4750d1da19c0a2f88469a26c8def60dd026b9d956c9df4
SERVER_HANDSHAKE_TRAFFIC_SECRET 227af14868e907cd0047844981e50b9c700221d7377e348363638374117fa6da 14a4ad826775ca15c78b633e66bbcb874efa9c7bf7966a5161e41534c0d94034
CLIENT_TRAFFIC_SECRET_0 227af14868e907cd0047844981e50b9c700221d7377e348363638374117fa6da 978096735ef60d78e05e4a664bdb22fabd157672443b2ddf2d22ccc44eeac562
SERVER_TRAFFIC_SECRET_0 227af14868e907cd0047844981e50b9c700221d7377e348363638374117fa6da 868b332440f6d1b06a179c98f1dc7071a33fcdc202f1d325ae10e6db43ffdb2a
EXPORTER_SECRET 227af14868e907cd0047844981e50b9c700221d7377e348363638374117fa6da 6da97a16980f1ba85b8e789f9251eab9e805c024e6c9fa7d8d5f59326abd2722
CLIENT_HANDSHAKE_TRAFFIC_SECRET 03ea87c1646243a147a789163683dab4aeb2ad26a366edbda8f84e4823f78f8e 43f5692f8aa558af69740a0b9f0bafe8f1e5ef3f0e367ba1fbe2e20882375694
SERVER_HANDSHAKE_TRAFFIC_SECRET 03ea87c1646243a147a789163683dab4aeb2ad26a366edbda8f84e4823f78f8e 59b575a7f2ea420bbf23d99c44a056434818301db6e0a28c53488d611f20f931
CLIENT_TRAFFIC_SECRET_0 03ea87c1646243a147a789163683dab4aeb2ad26a366edbda8f84e4823f78f8e 6e163ea366d2cc595a2d72ef623a47cff3dfe65a76c4c7585a54ce23ed1c0f8c
SERVER_TRAFFIC_SECRET_0 03ea87c1646243a147a789163683dab4aeb2ad26a366edbda8f84e4823f78f8e 6431ce2e89a35e187af4aa2d620b3dc76c36006935639f9c48aa446442202bc4
EXPORTER_SECRET 03ea87c1646243a147a789163683dab4aeb2ad26a366edbda8f84e4823f78f8e bcaa0fed18f43a66e96ab1189a60d97a1ea671eaf260fdbd590a14daa3cc5e68
CLIENT_HANDSHAKE_TRAFFIC_SECRET da620835406e25845a5f4706dc8bfaca0b100bf37fea01c2ab6a767fb1286401 63721a758fe8ea15f6578f5198f7e39b6be5495d7e20536782f4a77ad30fb7be
SERVER_HANDSHAKE_TRAFFIC_SECRET da620835406e25845a5f4706dc8bfaca0b100bf37fea01c2ab6a767fb1286401 41c40e0c5caafaf70ef09dc640c42d80a490e578711894982db73a7c7808b264
CLIENT_TRAFFIC_SECRET_0 da620835406e25845a5f4706dc8bfaca0b100bf37fea01c2ab6a767fb1286401 2077e89efa6864e54f944fc7ced717b91b7f5f2b5cf5a785e9a3359008e0dbc8
SERVER_TRAFFIC_SECRET_0 da620835406e25845a5f4706dc8bfaca0b100bf37fea01c2ab6a767fb1286401 5ed5370aaa099908a696e4b7c0b082b29ad3c4dc85024df42a7f4a15d2b53bdc
EXPORTER_SECRET da620835406e25845a5f4706dc8bfaca0b100bf37fea01c2ab6a767fb1286401 ccc1fc4609012ff63b9c0a0056c6503ff483b248632511563683ecf768638fca
CLIENT_HANDSHAKE_TRAFFIC_SECRET b7a73230d03d1a3c4178f45e49f992f3132bb78424d712702b7d592dbeaeea25 5041229d4887b2671c4ea8eb40c13e13dd6e29e600b2e7215601c557f60a2a30
SERVER_HANDSHAKE_TRAFFIC_SECRET b7a73230d03d1a3c4178f45e49f992f3132bb78424d712702b7d592dbeaeea25 f456116237a82d230fc87642ed4fe496004bce4525c5d7242e2048cafc8d34a6
CLIENT_TRAFFIC_SECRET_0 b7a73230d03d1a3c4178f45e49f992f3132bb78424d712702b7d592dbeaeea25 4a15d164c2121172519107c79b830366df8eb7659c6f1389c83185e5cff9a6df
SERVER_TRAFFIC_SECRET_0 b7a73230d03d1a3c4178f45e49f992f3132bb78424d712702b7d592dbeaeea25 28c1a7edc948bf0b5e95356f8404b32416b937d32b43d38ef2c0bd1e768b29a6
EXPORTER_SECRET b7a73230d03d1a3c4178f45e49f992f3132bb78424d712702b7d592dbeaeea25 5237b594fa157c7e4466c3980e02b32c4d99e80062d56a0888df6089774ff982
CLIENT_HANDSHAKE_TRAFFIC_SECRET f914026b5eb89eaefe0fce48881d0a460fb925a2550dbf9875f1e38aacb25914 e9f9dc2244f82209f2aa8c1789a51e45aef841d2661bcc0b9551df53edaef501
SERVER_HANDSHAKE_TRAFFIC_SECRET f914026b5eb89eaefe0fce48881d0a460fb925a2550dbf9875f1e38aacb25914 a21e632af90255ef4354790d77b85dea68dd4f0d97d229ab6688b69de2d81fd0
CLIENT_TRAFFIC_SECRET_0 f914026b5eb89eaefe0fce48881d0a460fb925a2550dbf9875f1e38aacb25914 cc9ea764395cda3a51b6bf57b3c9f505d07ae3bfd247cd6f89cbe84252c389ec
SERVER_TRAFFIC_SECRET_0 f914026b5eb89eaefe0fce48881d0a460fb925a2550dbf9875f1e38aacb25914 374161486198a778ae4c22d083d19707efcbe8b75f1eff091f2d90ed0c3a6b1f
EXPORTER_SECRET f914026b5eb89eaefe0fce48881d0a460fb925a2550dbf9875f1e38aacb25914 8144c1b0eb242400a16670cc8ef34227a84f61cf075274363116d5ba1d5d77cd
CLIENT_HANDSHAKE_TRAFFIC_SECRET 64d348bcb261bafee2884e29cb76bedb9c2999b57d8f8ff040f950e7d937be0e 21c8549b1b8c19ad8d5c0a7555cc8fbf57e232c7a81378202fd58c1fd8c93493
SERVER_HANDSHAKE_TRAFFIC_SECRET 64d348bcb261bafee2884e29cb76bedb9c2999b57d8f8ff040f950e7d937be0e d58f59f7faa261ac10275fff6a000e95b7c63fc732417438a1e04141dd9a7ab6
CLIENT_TRAFFIC_SECRET_0 64d348bcb261bafee2884e29cb76bedb9c2999b57d8f8ff040f950e7d937be0e e10d727bad50e03a92d9c1e3fc2d524d9c37b3b1855055472bb91518907f715d
SERVER_TRAFFIC_SECRET_0 64d348bcb261bafee2884e29cb76bedb9c2999b57d8f8ff040f950e7d937be0e 06323f0a0be0dda8aa221531642e110c8ed678e2c73cf6351642122c1cf0b817
EXPORTER_SECRET 64d348bcb261bafee2884e29cb76bedb9c2999b57d8f8ff040f950e7d937be0e a2b818b8241f5198e88dd734b402e1e1b5e5af9b8f225421b3897dfd6a993a96
CLIENT_HANDSHAKE_TRAFFIC_SECRET 72b303560fed27acdc97b0676ba2e13afe4d0e9b4fda009f6cf524e2fdb336db 845d863f92418944d7cd5169c3d2cb5019a9f339ff1bacaf39238974179cd69d
SERVER_HANDSHAKE_TRAFFIC_SECRET 72b303560fed27acdc97b0676ba2e13afe4d0e9b4fda009f6cf524e2fdb336db 818e9b33ba88fab203898dc3d11164e3f04b39ebd9a225f6e4cfe8287a342c8f
CLIENT_TRAFFIC_SECRET_0 72b303560fed27acdc97b0676ba2e13afe4d0e9b4fda009f6cf524e2fdb336db bdfda10c471bb8a705fb2dcf003a6f6757f2d86dc3d618412361847eacfd3b43
SERVER_TRAFFIC_SECRET_0 72b303560fed27acdc97b0676ba2e13afe4d0e9b4fda009f6cf524e2fdb336db 4917f47daa1ed9ad4049aee53461db8e7b1faea3e48937bb2b3c9e7a74a30cb0
EXPORTER_SECRET 72b303560fed27acdc97b0676ba2e13afe4d0e9b4fda009f6cf524e2fdb336db 47d050166c8a6f0905b9c51a75716ff22f0f5e7068054d0335802d70d59aa42a
CLIENT_HANDSHAKE_TRAFFIC_SECRET 6e93b35cab722758d44cac48eb93c3350a3d517a512742f1d943e164ad192366 024bc743d7b7b40d9afb94b8ac5eab5c6b4e9904d3e3ed48a0f7a882217db43f
SERVER_HANDSHAKE_TRAFFIC_SECRET 6e93b35cab722758d44cac48eb93c3350a3d517a512742f1d943e164ad192366 9a79103c6f8666dd6f42d6b5d95c8af0051251d1dac9eff360ade7566377754d
CLIENT_TRAFFIC_SECRET_0 6e93b35cab722758d44cac48eb93c3350a3d517a512742f1d943e164ad192366 f52c9dab381494154d532b64abd99a17ed141e82db1c319cb98115fdeccb6a24
SERVER_TRAFFIC_SECRET_0 6e93b35cab722758d44cac48eb93c3350a3d517a512742f1d943e164ad192366 4530f581052bc9a999237bb28a348dd35f865c98f770432a3b2c888329ca9f30
EXPORTER_SECRET 6e93b35cab722758d44cac48eb93c3350a3d517a512742f1d943e164ad192366 49aded2058a113d94243909c8a412877a249ef8f22f24ada5854da937881020a
CLIENT_HANDSHAKE_TRAFFIC_SECRET cf5da06bf5d432b7d49870e80363a67e78e65cf43f11b5aa5865ec6cece7a6b4 b1644ac4ab492276832d73a521f2c5a8caccc4ac557a14349da5e186313c8971
SERVER_HANDSHAKE_TRAFFIC_SECRET cf5da06bf5d432b7d49870e80363a67e78e65cf43f11b5aa5865ec6cece7a6b4 79018269ab8cc5ccca96178ab875dcf24eaccf301b6397bd286446004fd073f4
CLIENT_TRAFFIC_SECRET_0 cf5da06bf5d432b7d49870e80363a67e78e65cf43f11b5aa5865ec6cece7a6b4 ae5f9200bac80ed4464eff235d97cd36031b20d91b360a31adbcb2eb2c315c67
SERVER_TRAFFIC_SECRET_0 cf5da06bf5d432b7d49870e80363a67e78e65cf43f11b5aa5865ec6cece7a6b4 fa300c11f45a204f42f8c4329de37d88274b3aaf3baf1e510d09624e8d7bb2c9
EXPORTER_SECRET cf5da06bf5d432b7d49870e80363a67e78e65cf43f11b5aa5865ec6cece7a6b4 c735955bff62a5e7e90152c8b8d08567206e26569a13d340b4b07a1f4af24a68
CLIENT_HANDSHAKE_TRAFFIC_SECRET e483459d9cfde978a07e56389282dfd5d263611c534916b41ceae658b0703380 0afce56d12fd2eea044f712ab13c254f044c49fbbb735420c38b4ac655fd2ed6
SERVER_HANDSHAKE_TRAFFIC_SECRET e483459d9cfde978a07e56389282dfd5d263611c534916b41ceae658b0703380 eb71b2899cf8b13237b29aedf8c8701f76e06fb0e5b1c4a0d0826dc53cebc6fc
CLIENT_TRAFFIC_SECRET_0 e483459d9cfde978a07e56389282dfd5d263611c534916b41ceae658b0703380 0fe3fc80a6e54b3737f39c087950f314550a6e1e44efe5a633aabeecacd7ba16
SERVER_TRAFFIC_SECRET_0 e483459d9cfde978a07e56389282dfd5d263611c534916b41ceae658b0703380 b6c3d1e46bc92631802d57a7cfec7eacb002304d5039f609629dfea92c65be5b
EXPORTER_SECRET e483459d9cfde978a07e56389282dfd5d263611c534916b41ceae658b0703380 725d209a08474475207bf52938ce643d94e1b011f3051957d6bd9440d5293dae
CLIENT_HANDSHAKE_TRAFFIC_SECRET bed6794cc7e983164f49b40992c332ea92c077b449c84181a120a34e9b22703a 4fa43c835e0b77c6bac0c71c623559822e69ff443ae33093e8dd33524b13c288
SERVER_HANDSHAKE_TRAFFIC_SECRET bed6794cc7e983164f49b40992c332ea92c077b449c84181a120a34e9b22703a 19a98440ff324905a057b61fe2d0f98e4dd8d0a1bb2fdef35962208f064ee894
CLIENT_TRAFFIC_SECRET_0 bed6794cc7e983164f49b40992c332ea92c077b449c84181a120a34e9b22703a cefb8c95e876236a43881b94bb91c69b689679a3725fdaa6bb8534f46d65eedb
SERVER_TRAFFIC_SECRET_0 bed6794cc7e983164f49b40992c332ea92c077b449c84181a120a34e9b22703a 50b6faa2ed8f2347669d82a89d01f2387e86d21e986515b0ca6920d55d0925d5
EXPORTER_SECRET bed6794cc7e983164f49b40992c332ea92c077b449c84181a120a34e9b22703a 290f406fb85a7ca8ee23bdff074934d2f948c5b8a3ebe52681353e33da7a390b
CLIENT_HANDSHAKE_TRAFFIC_SECRET 93a4202245e7cbf9c159d8aa67cba83bc3c57b7025819e7b8a4c2e8173e4268a 8e31c9a6ae54234fb989fd684007183260878dd686c4cae755612f17bd80293b
SERVER_HANDSHAKE_TRAFFIC_SECRET 93a4202245e7cbf9c159d8aa67cba83bc3c57b7025819e7b8a4c2e8173e4268a b57429d7f25f915da3e5fb6d3fd52dc1bf861a15904e3b222c15405807f742b2
CLIENT_TRAFFIC_SECRET_0 93a4202245e7cbf9c159d8aa67cba83bc3c57b7025819e7b8a4c2e8173e4268a 75747b66d213ff1d0823e068732df4dee5ee97c13177f54282afab2316225a2d
SERVER_TRAFFIC_SECRET_0 93a4202245e7cbf9c159d8aa67cba83bc3c57b7025819e7b8a4c2e8173e4268a a8affdb35c395b759180f6679ad696d215fcfc695b81f534d784e93a23b347d3
EXPORTER_SECRET 93a4202245e7cbf9c159d8aa67cba83bc3c57b7025819e7b8a4c2e8173e4268a b0b888c28d726c97bbdf855d46fbcb2766deb6893fc8959a6add7d3e27a8c2dc
CLIENT_RANDOM e5b519877d4fc7280374c11f9088588a1bb1b87e9f39e7105ae8441e0b693402 2cca503dfe6ec942db85ba3fc6c07da4e65f55d80cfe70ab0f9e599b1b11f0755b6ef42913bcccffbdea6c4eb9549d2d
