CLIENT_HANDSHAKE_TRAFFIC_SECRET e0b91978ab8e23c971949d0be488f89981e3f3442b0ef702fe598546b0817c44 4e5c014314b2abc6477af34b6745ba6a8b225033e12624b23cb82ee034874140
SERVER_HANDSHAKE_TRAFFIC_SECRET e0b91978ab8e23c971949d0be488f89981e3f3442b0ef702fe598546b0817c44 cd86f8e1d3080fa9e4fa2ede83b184004d0330bfa65f77188615d40ff915294e
CLIENT_HANDSHAKE_TRAFFIC_SECRET 2c4d10db68a3b0dd416ba41c5ff29f114a03c8aab9a2d680d2115972f21c9725 b225c4419bd4308e825711570680f63eee93c2d4c212c69cc0b1e4574803b886
SERVER_HANDSHAKE_TRAFFIC_SECRET 2c4d10db68a3b0dd416ba41c5ff29f114a03c8aab9a2d680d2115972f21c9725 bba4ea5d16d883b2b59d42b0caa4118bb4114baf4a4ae3735ed917246a51ad01
CLIENT_TRAFFIC_SECRET_0 e0b91978ab8e23c971949d0be488f89981e3f3442b0ef702fe598546b0817c44 c5f95aa6ae8ce26db10343162e4b77382fe23ad268a35d129522dfeddb37060c
SERVER_TRAFFIC_SECRET_0 e0b91978ab8e23c971949d0be488f89981e3f3442b0ef702fe598546b0817c44 d3338138ca049a5cc196f08d20c9b10d0840ed5b5c34ba63b71dbf17fe149083
EXPORTER_SECRET e0b91978ab8e23c971949d0be488f89981e3f3442b0ef702fe598546b0817c44 a867cce2c3180362346ceff442d9ae63f7338f6e992fc12f720346827418bd58
CLIENT_TRAFFIC_SECRET_0 2c4d10db68a3b0dd416ba41c5ff29f114a03c8aab9a2d680d2115972f21c9725 46c2aed09fd179b07fa717feda07767b30e3f5827f0332c828f66e35b7687ea4
SERVER_TRAFFIC_SECRET_0 2c4d10db68a3b0dd416ba41c5ff29f114a03c8aab9a2d680d2115972f21c9725 8acc029f571064510871bb04b3a15ce9d926849d808e634344fa0216268683f4
EXPORTER_SECRET 2c4d10db68a3b0dd416ba41c5ff29f114a03c8aab9a2d680d2115972f21c9725 240c509e9ac83ce3f012950e0a94d8a4d214e3f6ac7a46c315b48a5245920d55
CLIENT_HANDSHAKE_TRAFFIC_SECRET 514672c9f7b6cb0172c83b9e72872e4120332fbbce28edd66a3af8753e84a67d b9fc92d33229b30af2fe91c9b130df07e65b0f16915e0b6a6796e8db6532dfd0
SERVER_HANDSHAKE_TRAFFIC_SECRET 514672c9f7b6cb0172c83b9e72872e4120332fbbce28edd66a3af8753e84a67d b96ac3dfa1e9b1a17eba3db58dd73f0de82b0f565a4736b0945b81c5df53ec89
CLIENT_HANDSHAKE_TRAFFIC_SECRET 8789f7a456c8472d84e828ae1f046e928f587973551ec8dde2b0aa7859031b06 0721b614048f5abc7210f3341bd95108566d6b34b6d23aad77a87f4adf33aa78
SERVER_HANDSHAKE_TRAFFIC_SECRET 8789f7a456c8472d84e828ae1f046e928f587973551ec8dde2b0aa7859031b06 c2dad03029056a195ac3ed57be205b2be5b475d51a3e239a88dff91532a9cdef
CLIENT_HANDSHAKE_TRAFFIC_SECRET 34b4feb6a331e1a6bf38e01b08a5684a69ba27f35134cf7d7b89fb7f061d6a7a 0f22eb585810fd0bc0e43e31842f4542b7c8f41f54cbe56c419abd62f5bbfa52
SERVER_HANDSHAKE_TRAFFIC_SECRET 34b4feb6a331e1a6bf38e01b08a5684a69ba27f35134cf7d7b89fb7f061d6a7a f5443eb9416db4ed515838472dd6a831cde695aa9e0cdeaea4638b4b0dfb5fb8
CLIENT_TRAFFIC_SECRET_0 8789f7a456c8472d84e828ae1f046e928f587973551ec8dde2b0aa7859031b06 f8336ae087a04783a659be1d0ae739babb46ce91a6fe2ded7bc3dc8e4cdf6729
SERVER_TRAFFIC_SECRET_0 8789f7a456c8472d84e828ae1f046e928f587973551ec8dde2b0aa7859031b06 88781b52018120aca06d0c8b6443c04599398f58d4fcbfd44c51697aea0fabea
EXPORTER_SECRET 8789f7a456c8472d84e828ae1f046e928f587973551ec8dde2b0aa7859031b06 23840ea8321349aaa10171db8fa8f141c54c42464abbe402aaa3cce7891fb214
CLIENT_TRAFFIC_SECRET_0 34b4feb6a331e1a6bf38e01b08a5684a69ba27f35134cf7d7b89fb7f061d6a7a 89e638497dea1df556e9e357f1913919fee25d7ffef1ea4ce34537ba8d07f5a8
SERVER_TRAFFIC_SECRET_0 34b4feb6a331e1a6bf38e01b08a5684a69ba27f35134cf7d7b89fb7f061d6a7a 7f74c9eba4f781458d09fa8561dd9a5d2ad1cdbd0b1e579bc1d05507802c0244
EXPORTER_SECRET 34b4feb6a331e1a6bf38e01b08a5684a69ba27f35134cf7d7b89fb7f061d6a7a ebdba31638349300993b55b43d9110723ea6420760306c7586dd79ce6253ddb1
CLIENT_TRAFFIC_SECRET_0 514672c9f7b6cb0172c83b9e72872e4120332fbbce28edd66a3af8753e84a67d e1b45b65a317c3f9588c62e68329a3e9d1dc1940b7f851a7f179cc44f061acd8
SERVER_TRAFFIC_SECRET_0 514672c9f7b6cb0172c83b9e72872e4120332fbbce28edd66a3af8753e84a67d c5aad200015f120bc9b7f6580e4dccfb6a2c0492b4395064af956a2c21dcfc51
EXPORTER_SECRET 514672c9f7b6cb0172c83b9e72872e4120332fbbce28edd66a3af8753e84a67d 87a8b0cc53577b3e85b5a70b9cc0dba808a7acc6c673550875438228e955b1db
CLIENT_HANDSHAKE_TRAFFIC_SECRET 28512ef304dc95fb7d399b7622adb1a16c65280d0602d96cf8c21b0670a875e5 1da1a5814d886f0d2d29b02c54e78fafc3d3934d9d3e91e60373cd7d84281e59
SERVER_HANDSHAKE_TRAFFIC_SECRET 28512ef304dc95fb7d399b7622adb1a16c65280d0602d96cf8c21b0670a875e5 47f13fa4d2e069589291a2be37c1535e58b291af2548fd55f50ba440ae5ee210
CLIENT_TRAFFIC_SECRET_0 28512ef304dc95fb7d399b7622adb1a16c65280d0602d96cf8c21b0670a875e5 990fe214a37dc6e7db586bc8f6706885dad78bc4912ce6db767a15b3c415cb32
SERVER_TRAFFIC_SECRET_0 28512ef304dc95fb7d399b7622adb1a16c65280d0602d96cf8c21b0670a875e5 1297d0290adb65b1ef524c7bd575110b1f750c0270cc49ca0a1c7e537caf7220
EXPORTER_SECRET 28512ef304dc95fb7d399b7622adb1a16c65280d0602d96cf8c21b0670a875e5 b391a05a197d7866b621d44484647b0925ffebd3fa14f86a4c8fdb9015cdded2
