CLIENT_HANDSHAKE_TRAFFIC_SECRET ca001f193b9acfdef434bd09fbeca7e9d162705b34ad8337f71270f2c4ca086b cbb386b7d4986bee08d83b21216404ff004b3b4675cdbf6d594c9275dbadfc5a
SERVER_HANDSHAKE_TRAFFIC_SECRET ca001f193b9acfdef434bd09fbeca7e9d162705b34ad8337f71270f2c4ca086b 15884e256ec1a35eb8c4329fdad4a49ec4840bc55fbfd9681fabf909cb5e46f8
CLIENT_HANDSHAKE_TRAFFIC_SECRET c14a3ae1708816351407747c81106706f6e885aa8cba06cdd157f324d0c3be08 e33388013f80f25f2c826e3bcf1e7a8d050ac587b81d2e145d7b10e6cca7c07d
SERVER_HANDSHAKE_TRAFFIC_SECRET c14a3ae1708816351407747c81106706f6e885aa8cba06cdd157f324d0c3be08 0a2b04b6b418833755f599509cab53f6b310cf19c5cb2abd966226e4c92287c6
CLIENT_TRAFFIC_SECRET_0 ca001f193b9acfdef434bd09fbeca7e9d162705b34ad8337f71270f2c4ca086b 107107b284782719d6afe9bd641a83c9f1a21dc29d18d181f4c1ed99051c33af
SERVER_TRAFFIC_SECRET_0 ca001f193b9acfdef434bd09fbeca7e9d162705b34ad8337f71270f2c4ca086b 2201ea5c5a31193e1ca17102e85c8137a2a419a87044a5d35141f0321eb73851
EXPORTER_SECRET ca001f193b9acfdef434bd09fbeca7e9d162705b34ad8337f71270f2c4ca086b 34f8ada423affdd703ac7c967506f7003d921248f18ddc660be33cdc02810fe0
CLIENT_TRAFFIC_SECRET_0 c14a3ae1708816351407747c81106706f6e885aa8cba06cdd157f324d0c3be08 64b0d05a4125df9bbb18df41cbe50c49a818c57fae6269b8f195c2bddee88030
SERVER_TRAFFIC_SECRET_0 c14a3ae1708816351407747c81106706f6e885aa8cba06cdd157f324d0c3be08 95d522605a08df92e7f7131e9f1f0165d9ea93abcd861ab85274c56ee336ae84
EXPORTER_SECRET c14a3ae1708816351407747c81106706f6e885aa8cba06cdd157f324d0c3be08 88138d0acb80c554dd958a46855b710de7ec9baaa5ff1f0a73304b7da827927f
CLIENT_HANDSHAKE_TRAFFIC_SECRET ddd6bf564b1bab117ea683fc0db03b2aaa3c86c35ea40fe605e080f513caebb5 8c0f5a8447702fd44591d1323e66e132420fc8e2ae1670ca717c34394b72544b
SERVER_HANDSHAKE_TRAFFIC_SECRET ddd6bf564b1bab117ea683fc0db03b2aaa3c86c35ea40fe605e080f513caebb5 2528e9f4302af29c4573fafbe315f44a0f8c79ecfee95af5a8a9e45adc895960
CLIENT_TRAFFIC_SECRET_0 ddd6bf564b1bab117ea683fc0db03b2aaa3c86c35ea40fe605e080f513caebb5 8f16ee597530b344a6f0be0e701ec675f7e27e9f2a401a108e60b58585f2f616
SERVER_TRAFFIC_SECRET_0 ddd6bf564b1bab117ea683fc0db03b2aaa3c86c35ea40fe605e080f513caebb5 a35f502c20eaf1ebc0dd9407477ec3f6db051bb5b8c3e8f8059330a6059ca659
EXPORTER_SECRET ddd6bf564b1bab117ea683fc0db03b2aaa3c86c35ea40fe605e080f513caebb5 a096009e576c31f0c6196169c9089c5ea1ea04c0d0ea9e3b66f1f61617f73a66
CLIENT_HANDSHAKE_TRAFFIC_SECRET 97d3552a2330f1dc0c65e65638b1523d781a788b76b88690db4f129339981c6a e35c89f5796413ce709f02f03820c0708485a54755f0c4016caee1e10b194392
SERVER_HANDSHAKE_TRAFFIC_SECRET 97d3552a2330f1dc0c65e65638b1523d781a788b76b88690db4f129339981c6a 2cfc8d5744c536bf48b5bfa8d0e9828c6627ac61b72de2364887453612af3c3d
CLIENT_TRAFFIC_SECRET_0 97d3552a2330f1dc0c65e65638b1523d781a788b76b88690db4f129339981c6a 2c9e84555c63e9e183999779f28503a987d162e0e43573d34fc09b4913188da0
SERVER_TRAFFIC_SECRET_0 97d3552a2330f1dc0c65e65638b1523d781a788b76b88690db4f129339981c6a 9782878e96a27d7408d623c8a1c9d0c13110ca9d39016181280a23aab6d7eac9
EXPORTER_SECRET 97d3552a2330f1dc0c65e65638b1523d781a788b76b88690db4f129339981c6a 3efdfa17891cc0ba4bc0e0b049087de02736eff4c3f6d781ae3a73a07073f5aa
CLIENT_HANDSHAKE_TRAFFIC_SECRET 6c7f4fdfe91435310fa194b4ec6d3020166b79d722dec700456a44f37e8bf384 84e76e947f03e58d29ebace0caaf96f286bb04ef5300eba56b5bce481c2c1f5a
SERVER_HANDSHAKE_TRAFFIC_SECRET 6c7f4fdfe91435310fa194b4ec6d3020166b79d722dec700456a44f37e8bf384 d932275297dcb85fdc99f50cb88f607f8bf46a57db428feff67df95b63c02a3c
CLIENT_TRAFFIC_SECRET_0 6c7f4fdfe91435310fa194b4ec6d3020166b79d722dec700456a44f37e8bf384 4e476b8fb6391c0c39a99a524c10d7643664ca7d43308e71990ff3d01fd4640a
SERVER_TRAFFIC_SECRET_0 6c7f4fdfe91435310fa194b4ec6d3020166b79d722dec700456a44f37e8bf384 353746ecd27761b7a39cb2f813d1ea56a748bf4c8c28c3c9cdece5e65ea9d245
EXPORTER_SECRET 6c7f4fdfe91435310fa194b4ec6d3020166b79d722dec700456a44f37e8bf384 219b61634e3559be59f37a8b7f82c94088d6c7bd747b7531a7cf6d82261035d6
CLIENT_HANDSHAKE_TRAFFIC_SECRET 829a29078adb93325e92507d771ce8d33de7a1a93bf5ca6d4ed4f39430e5779a c8e922c4366dc5447d5af3f4fe30c9053134a137c35a420a20cf383971b0a947
SERVER_HANDSHAKE_TRAFFIC_SECRET 829a29078adb93325e92507d771ce8d33de7a1a93bf5ca6d4ed4f39430e5779a aa624c00c32dedb6daf1d346951b43666bd44370a8aa8c156a3fedfdc54c05a3
CLIENT_TRAFFIC_SECRET_0 829a29078adb93325e92507d771ce8d33de7a1a93bf5ca6d4ed4f39430e5779a d8bfbc1336a29e3114082d3c791bfd14a2b4452588989e06c01b163b42d8ace2
SERVER_TRAFFIC_SECRET_0 829a29078adb93325e92507d771ce8d33de7a1a93bf5ca6d4ed4f39430e5779a daf3995928003b891d5f66ba535676fa191b3bb3556b9415daa35dacdb1b19ee
EXPORTER_SECRET 829a29078adb93325e92507d771ce8d33de7a1a93bf5ca6d4ed4f39430e5779a c89aa251c865c83bbc3324022f63f595ae129f2b5c5717742abb59cdf7553c43
CLIENT_HANDSHAKE_TRAFFIC_SECRET 23634c167945c777165ac0d086d2e7e62c15bdc3e8568a07ad5c883fe10c2ca1 632e9b1631157810d4e9c3fd28ade158bbd38a0996f80b4d5b576aa5ab23022c
SERVER_HANDSHAKE_TRAFFIC_SECRET 23634c167945c777165ac0d086d2e7e62c15bdc3e8568a07ad5c883fe10c2ca1 736edf08e763407a8a4677047e55f3aefa875c1a79dbf462fb18bba5a499fdba
CLIENT_TRAFFIC_SECRET_0 23634c167945c777165ac0d086d2e7e62c15bdc3e8568a07ad5c883fe10c2ca1 bd947a4e1cc29fcb0ad870267740179b4cbc0b36cad724ad0bd45643d22fc728
SERVER_TRAFFIC_SECRET_0 23634c167945c777165ac0d086d2e7e62c15bdc3e8568a07ad5c883fe10c2ca1 119659ca05c525fae09a64282e2ca63a6bca05a816fa20855e1c34ce4d8a1532
EXPORTER_SECRET 23634c167945c777165ac0d086d2e7e62c15bdc3e8568a07ad5c883fe10c2ca1 c95b998d8dddfffcdabbd3683b298d6007563c1be6658afe31a182ab80e02734
CLIENT_HANDSHAKE_TRAFFIC_SECRET 1245868c4dfe64975d4b705588065d3cb88863ab541205f3e9fed1f1eddfe9f5 f5a42d5cad92508e06960091d9e734096ad5cd7db9602e949546c5e0d18c54f3
SERVER_HANDSHAKE_TRAFFIC_SECRET 1245868c4dfe64975d4b705588065d3cb88863ab541205f3e9fed1f1eddfe9f5 b6f018146162695e9889e7a27dfb46ef1539786dfd114a592b965ba9de90ca42
CLIENT_TRAFFIC_SECRET_0 1245868c4dfe64975d4b705588065d3cb88863ab541205f3e9fed1f1eddfe9f5 148786130822de41cf3d3a4f2d69cfa2b5f9c2e6cd484d1ef10678811b965606
SERVER_TRAFFIC_SECRET_0 1245868c4dfe64975d4b705588065d3cb88863ab541205f3e9fed1f1eddfe9f5 dbb994866cabb5168c126fa687679de63ab7bad67c321464bdc16c45b6e8d519
EXPORTER_SECRET 1245868c4dfe64975d4b705588065d3cb88863ab541205f3e9fed1f1eddfe9f5 eee72f6865fbfa2a2437f729c34a51a8a2617d4db2d33f79fa14c1af65312396
CLIENT_HANDSHAKE_TRAFFIC_SECRET 53672eb2c6121493adf7422004d8b240996bf2d7cf90d458e29fd55f98be35b5 b81f8ade136deb63f0db3ef46c9f6ff6473b2e10e18ac146a36d629672ee44e0
SERVER_HANDSHAKE_TRAFFIC_SECRET 53672eb2c6121493adf7422004d8b240996bf2d7cf90d458e29fd55f98be35b5 f95ea2d7e9d43517e6c3d7dc246a167b29d29dfc8225da79d7326eb61596218b
CLIENT_TRAFFIC_SECRET_0 53672eb2c6121493adf7422004d8b240996bf2d7cf90d458e29fd55f98be35b5 10670bdb20151585730abf154d0c1bbcf36dd7eee2e7aed0688717c480664526
SERVER_TRAFFIC_SECRET_0 53672eb2c6121493adf7422004d8b240996bf2d7cf90d458e29fd55f98be35b5 1d87babe3d6a731733db07a2bd05734360069a8852476d57e51ca0585afdf160
EXPORTER_SECRET 53672eb2c6121493adf7422004d8b240996bf2d7cf90d458e29fd55f98be35b5 f69f8334c32cf6c6c32d9d01c8bc8431c97b33c7ea224d4d1c9fe791af983ffe
CLIENT_HANDSHAKE_TRAFFIC_SECRET e643cc95426d7f4c3c6cfa10ea5ea1e3a797f30b3db9b746bafcd50a6d4ecf3b 7426d326d7ed2def99d22fc75ff8f4a8429d47b4a1c1d4b69b10141e3c9a0b11
SERVER_HANDSHAKE_TRAFFIC_SECRET e643cc95426d7f4c3c6cfa10ea5ea1e3a797f30b3db9b746bafcd50a6d4ecf3b a6e610af10b8e34c013a7739d7bb7986a967dd6e1725cc808cc50e5dca6d127e
CLIENT_TRAFFIC_SECRET_0 e643cc95426d7f4c3c6cfa10ea5ea1e3a797f30b3db9b746bafcd50a6d4ecf3b b6a8b2d30ca5b28f6ab8a13c3f34e09b225226b9cbe0ef94076fb4a5909ab00e
SERVER_TRAFFIC_SECRET_0 e643cc95426d7f4c3c6cfa10ea5ea1e3a797f30b3db9b746bafcd50a6d4ecf3b 108e2abc479bf0a97ce6baef708aaee57ad85dbd8a3598cc597e1185f789a83b
EXPORTER_SECRET e643cc95426d7f4c3c6cfa10ea5ea1e3a797f30b3db9b746bafcd50a6d4ecf3b a633c86e46a1d285b79fc5fbdcae680e904be05233bc1d49e44a807439320033
CLIENT_HANDSHAKE_TRAFFIC_SECRET a621d8914be0d59e02947d069d2948c16694a9bc8d5f5e8613022d7c10b035b4 16b4e6c994a3b91e5e9da0697095f754f8e8c30a475d66033fb5d6a72d61e179
SERVER_HANDSHAKE_TRAFFIC_SECRET a621d8914be0d59e02947d069d2948c16694a9bc8d5f5e8613022d7c10b035b4 22e474ee8601909acec0c1e7e3c32bcf6a3128763c34a1059037463346e005d9
CLIENT_HANDSHAKE_TRAFFIC_SECRET d20138c6e7ce6893595d193069d18e7424da92bac520e99f1086cceec059874f 7538063e667e84d54583fb0073fbd3a9d7f30a33540ab22996bdc86697ad9087
SERVER_HANDSHAKE_TRAFFIC_SECRET d20138c6e7ce6893595d193069d18e7424da92bac520e99f1086cceec059874f 8d1521d79ea8108fd00ba0bb6a44b38be0eb7af948fc3e27dbf6a2d2b2057fc5
CLIENT_TRAFFIC_SECRET_0 a621d8914be0d59e02947d069d2948c16694a9bc8d5f5e8613022d7c10b035b4 514d0f6129fec481349ce7b8e4190ce270eaf58a470d9ebbdf3e58dde70a9bff
SERVER_TRAFFIC_SECRET_0 a621d8914be0d59e02947d069d2948c16694a9bc8d5f5e8613022d7c10b035b4 40394805644f726d94f18c0cd61fd65bc66825e3a065910b43218a4aa781a237
EXPORTER_SECRET a621d8914be0d59e02947d069d2948c16694a9bc8d5f5e8613022d7c10b035b4 6b676138a4d804711bc0e5e0dd92d020d6389ea7a4b060db4c265a002352369a
CLIENT_TRAFFIC_SECRET_0 d20138c6e7ce6893595d193069d18e7424da92bac520e99f1086cceec059874f 253c885760a64023b1ea15f59dc81854586ce1126de1d36481de13a92da85883
SERVER_TRAFFIC_SECRET_0 d20138c6e7ce6893595d193069d18e7424da92bac520e99f1086cceec059874f cab4c167177d98b6a944f150d09500ae86222c521cbe5cb53e46e236f2c27487
EXPORTER_SECRET d20138c6e7ce6893595d193069d18e7424da92bac520e99f1086cceec059874f abe10764c6ad06e4acbbae9bb896c9f6a04f1d26c9269b8d1f7d68c4b88c1d6d
CLIENT_HANDSHAKE_TRAFFIC_SECRET b6193ba1ae3757c66bb8ef4f76f8118b6dce1d9c39f06154a0a026a32ae71133 96e5dbc2c4ad74594dbf81f96619103e2e510e7f1cd0862769afc84d3f8ecac5
SERVER_HANDSHAKE_TRAFFIC_SECRET b6193ba1ae3757c66bb8ef4f76f8118b6dce1d9c39f06154a0a026a32ae71133 ddb07c3c5b13c8d54db0b670af02ad65232a1a7ba3cb484cf2a500bd639fadcd
CLIENT_TRAFFIC_SECRET_0 b6193ba1ae3757c66bb8ef4f76f8118b6dce1d9c39f06154a0a026a32ae71133 914c4a2cab0d749ea349fec1ace41ef8cba883bda30b7224d6dd2f6732632ff8
SERVER_TRAFFIC_SECRET_0 b6193ba1ae3757c66bb8ef4f76f8118b6dce1d9c39f06154a0a026a32ae71133 06db346bb4b09832a5137b4d7a1a7171831a5209b95bdc812b77b710bde658e1
EXPORTER_SECRET b6193ba1ae3757c66bb8ef4f76f8118b6dce1d9c39f06154a0a026a32ae71133 6424820980ec5be5693ba49190428e6342cd6884b0953c43d7db890a4d3c8492
CLIENT_HANDSHAKE_TRAFFIC_SECRET f97f5fa6355e6208c081b3b38c4fc11d2a1ec6fd92f87c9c0da808ffc9404459 81599988204cb59bdfc58b91ec97e2df91997eb24f83443d3e3df18008b21701532bd63a10e7d603e5e013257ceaa0ac
SERVER_HANDSHAKE_TRAFFIC_SECRET f97f5fa6355e6208c081b3b38c4fc11d2a1ec6fd92f87c9c0da808ffc9404459 888cc80cbbee2987c4ff8b87cfc1d7b26ba5af65959bd4912969284b499abc18690aeab1b8bae669d8a79fdeedd336a7
CLIENT_TRAFFIC_SECRET_0 f97f5fa6355e6208c081b3b38c4fc11d2a1ec6fd92f87c9c0da808ffc9404459 0f742aee14ad694f52c8eb08cd48c33feafa2ca650193eacde645e3138687adf229e45e5dd4e549c8fdfa001cbc988c1
SERVER_TRAFFIC_SECRET_0 f97f5fa6355e6208c081b3b38c4fc11d2a1ec6fd92f87c9c0da808ffc9404459 147fde7ec6e22a00f326e4a8884574db2d9ebc82844df9f8f7cdf56dcbea12f2f5d684c12ac46d1163b119178320f2a6
EXPORTER_SECRET f97f5fa6355e6208c081b3b38c4fc11d2a1ec6fd92f87c9c0da808ffc9404459 9a394386cf9eab43de08b6bf787e3d3c801ee88fe2f26f53df4bed1ebc1e4f31850e763be3c4815d6c1e4c9e9288e318
CLIENT_HANDSHAKE_TRAFFIC_SECRET 3ab84b6e16672802ad61b006a52721d75cc72ebe403769daaffe1a78953c91f4 7e8aab3009560be49f4cabb2c81888df8f6d5563aedebe25ee5241ba4a816fca
SERVER_HANDSHAKE_TRAFFIC_SECRET 3ab84b6e16672802ad61b006a52721d75cc72ebe403769daaffe1a78953c91f4 2ed70798f192d8e3e9d47e96652925400193305fe760c50d96fc8fbc9b2582a2
CLIENT_TRAFFIC_SECRET_0 3ab84b6e16672802ad61b006a52721d75cc72ebe403769daaffe1a78953c91f4 14951c01dfc0f6acd268154b3a3033a6f296e21e6b9e457a49bbbe7ddc711362
SERVER_TRAFFIC_SECRET_0 3ab84b6e16672802ad61b006a52721d75cc72ebe403769daaffe1a78953c91f4 f8c7e5e5cc1ae6e7ac5253fe41808b9ff62e56ec3d64eb29467e42b5b3583933
EXPORTER_SECRET 3ab84b6e16672802ad61b006a52721d75cc72ebe403769daaffe1a78953c91f4 54e92943bdaec212bec089d35dae16fbf289a14c2797ddac7a1945c754c89922
CLIENT_HANDSHAKE_TRAFFIC_SECRET c142bae777163746f873c3340c8f041c276f43cd151e619ff46a5c69f818ce54 64b2343d3efea20959ff8a77c2667cf0f7d6cc024ea15cc975cda8a914815fb3
SERVER_HANDSHAKE_TRAFFIC_SECRET c142bae777163746f873c3340c8f041c276f43cd151e619ff46a5c69f818ce54 4021d9fc8316928a0cf8e8f34193da01f336cb8123062067ed5688f9d03dedde
CLIENT_TRAFFIC_SECRET_0 c142bae777163746f873c3340c8f041c276f43cd151e619ff46a5c69f818ce54 966239fcbc84b567b74b835b6c4c848ad4e8be3ed09a14ab9f006168590f40d0
SERVER_TRAFFIC_SECRET_0 c142bae777163746f873c3340c8f041c276f43cd151e619ff46a5c69f818ce54 6c5e16a00cddf90bb2d4226b85284f19299835d8f814a356b342872c4d07834d
EXPORTER_SECRET c142bae777163746f873c3340c8f041c276f43cd151e619ff46a5c69f818ce54 cca86e8e4f48abc21dd8cc620bc7a158676787be3967fc8ee55fcec7ac12aa2f
CLIENT_HANDSHAKE_TRAFFIC_SECRET a09cc95448b1d1b0bf401c319f2572897614f847c98cf24c0802d099bc70b275 a7315f0a05a6cfcaea51b2b0a94780862ade346b9e05e0f3559d3d230d440e5d
SERVER_HANDSHAKE_TRAFFIC_SECRET a09cc95448b1d1b0bf401c319f2572897614f847c98cf24c0802d099bc70b275 a32c31649a0d7b7cef8e99969d1fb3fa6c7ad2c582572de0a75a93ae762cbef0
CLIENT_TRAFFIC_SECRET_0 a09cc95448b1d1b0bf401c319f2572897614f847c98cf24c0802d099bc70b275 2f1f139cbe5f186d5f5f38cd1ad9d01cc49fbc09e1e4a38979843b0b72670e00
SERVER_TRAFFIC_SECRET_0 a09cc95448b1d1b0bf401c319f2572897614f847c98cf24c0802d099bc70b275 7035c6560bcc65b1c4a231671c50ab596794ab8a485d79632a88f07966491d91
EXPORTER_SECRET a09cc95448b1d1b0bf401c319f2572897614f847c98cf24c0802d099bc70b275 4e38a62887da01d6650d4cac2e4df30937f2a09efb09b7603dc3b823f399e42e
CLIENT_HANDSHAKE_TRAFFIC_SECRET 69f83bc993a1a39c951320972c1f9f2c884a22a214b0c09eb0018436a695bfa5 1201fbdedb060cf90ec18fb7ae27a77c1afa92028ff8112586bee91577f4fc68
SERVER_HANDSHAKE_TRAFFIC_SECRET 69f83bc993a1a39c951320972c1f9f2c884a22a214b0c09eb0018436a695bfa5 a945e245a58a485e61e2533812b53d0746b2a5ad83623c6490aca48e565e2251
CLIENT_HANDSHAKE_TRAFFIC_SECRET 252b8003930039a96e18602eea91c78bfd82d06be771262e4ec2a39105c5f6fb cf7d60b529b27b3f8e068622d9010ca2d3082005e06dda261dea1638ca2772e8
SERVER_HANDSHAKE_TRAFFIC_SECRET 252b8003930039a96e18602eea91c78bfd82d06be771262e4ec2a39105c5f6fb fc02ce9917393f25afda533d3dc54037dbd1d82ddc9f652de5ddd34c51065ee6
CLIENT_TRAFFIC_SECRET_0 69f83bc993a1a39c951320972c1f9f2c884a22a214b0c09eb0018436a695bfa5 dd50dc7cb217051dd8fc8b6c0ae2be07221d76516aeef93e04116e50b616984a
SERVER_TRAFFIC_SECRET_0 69f83bc993a1a39c951320972c1f9f2c884a22a214b0c09eb0018436a695bfa5 632f4d2ced278978f8d5c95e6159a24a50259359e7656a88bf893fe4fd749169
EXPORTER_SECRET 69f83bc993a1a39c951320972c1f9f2c884a22a214b0c09eb0018436a695bfa5 8fedbbf9c966fad94d39ad5595792c2c93404a46f6790acba18c7eafc761c42b
CLIENT_TRAFFIC_SECRET_0 252b8003930039a96e18602eea91c78bfd82d06be771262e4ec2a39105c5f6fb 65ee6606934e447caa1c0be91e65425363dbe8a04feee191544336af0263991b
SERVER_TRAFFIC_SECRET_0 252b8003930039a96e18602eea91c78bfd82d06be771262e4ec2a39105c5f6fb 2d3c02e0f0e4e5e28ebd048326f730e74636a5f175809dec1021094e10da42d6
EXPORTER_SECRET 252b8003930039a96e18602eea91c78bfd82d06be771262e4ec2a39105c5f6fb 09fdc39c6ec53d497129b9b745f12782657b2bb4de3968c4c3b0ba93650fcbf6
CLIENT_HANDSHAKE_TRAFFIC_SECRET de6191411aa67bb70714cda3c7e9cae15aa3d727af77e74b867ac5aa0e067a05 301a5fc834367c7cc98828414289839e956a1cc8683e62382f31e6fab69e04ef45b20a9628b3df791f808c8bde82b903
SERVER_HANDSHAKE_TRAFFIC_SECRET de6191411aa67bb70714cda3c7e9cae15aa3d727af77e74b867ac5aa0e067a05 205ea951d5689a2705094bc2773dd3a3f996589aaede26b42842526f57ded6e22a487f3b5ad18019e254359fc2023f65
CLIENT_TRAFFIC_SECRET_0 de6191411aa67bb70714cda3c7e9cae15aa3d727af77e74b867ac5aa0e067a05 020e92b97ba51bcd3e9bf49694751c8696a5bbe132414523238d51adcbc577c57af98a7a5667f9fac82033a9b439904e
SERVER_TRAFFIC_SECRET_0 de6191411aa67bb70714cda3c7e9cae15aa3d727af77e74b867ac5aa0e067a05 ee7cb6d8989b21f2fae3c3b1df785140eeb9d7578ae2e20061cd9ea2a846b8a23643f4c5ed2412b849c2131efe0950a1
EXPORTER_SECRET de6191411aa67bb70714cda3c7e9cae15aa3d727af77e74b867ac5aa0e067a05 c915c19e59e98bf547e66e8352e532e3d1799f74c291d090735acd64ac63aad98e78f7b0cabeb239d20ff04ec4210c82
CLIENT_RANDOM 588cf773140f0d82900aa058c9e74f0f5b8a51c13ab0d3afa06af76eb94209b2 b3063b1ec35560f498daddf63aa44f9d7de85b826f20dde395b90fc30eca0d9dc1b5d46684b78822031320151fc12116
CLIENT_HANDSHAKE_TRAFFIC_SECRET 05bd928a9f9465ef61821dc71c41548d10d5a02afddc5c8b5a7075664c0f9d25 c954b804bd565c1badbbe8fef7fcf5bdc6bdf52c9251ad3dce0d0bf7aee81e505f9dc88425e58ef023d5257acb2b0acc
SERVER_HANDSHAKE_TRAFFIC_SECRET 05bd928a9f9465ef61821dc71c41548d10d5a02afddc5c8b5a7075664c0f9d25 d2ee94ca096ed74f6bb49851a20cf966f974135feac01b0faf4f2194fb62b003cd3a822a386c28cf5d4b62ce40ae0587
CLIENT_TRAFFIC_SECRET_0 05bd928a9f9465ef61821dc71c41548d10d5a02afddc5c8b5a7075664c0f9d25 fc53e23449c5a9adbbc9a2cb979caf215c7c093443c5cc013f379f290796dad7de8dcdc55862a97f27e31a2d318f7c29
SERVER_TRAFFIC_SECRET_0 05bd928a9f9465ef61821dc71c41548d10d5a02afddc5c8b5a7075664c0f9d25 530311e365096343b33c0651f3552dea94402c70f9a36854e9aa3e997a664c451bcaed93aa3d1b5ce92a29450df239cb
EXPORTER_SECRET 05bd928a9f9465ef61821dc71c41548d10d5a02afddc5c8b5a7075664c0f9d25 adf9ea28ad905b9d15d27eb4a8aa3f6a9d5a1a8e507d5c72d3039fb9d8f6977dabb037cd5d39c8b7b22697a956adf969
CLIENT_HANDSHAKE_TRAFFIC_SECRET a9c1cd07cd202c82f04bb7f5541a2bc3eb8c76ad823ff46801c51cd724249e9e 433d0414cbb626783cbf88c5e77ae12ee61266351a5d37cbf50b48b3eb6b389a8982441b488cf460a4d826f89e17f904
SERVER_HANDSHAKE_TRAFFIC_SECRET a9c1cd07cd202c82f04bb7f5541a2bc3eb8c76ad823ff46801c51cd724249e9e 40047a85765c51a9abb26e437538928b8f64d56a4a2247289aab2a63b9d8cb2d40f9086bac97909fba34bf02a226b63f
CLIENT_TRAFFIC_SECRET_0 a9c1cd07cd202c82f04bb7f5541a2bc3eb8c76ad823ff46801c51cd724249e9e 8a81a26149a0b98d05be943f8ecbd26c88b8d8a94bb114fd207730a828583a894757cc220efb68ea93287870f5c59f99
SERVER_TRAFFIC_SECRET_0 a9c1cd07cd202c82f04bb7f5541a2bc3eb8c76ad823ff46801c51cd724249e9e 8e9aa0b68543ca3876cee27b65ad62d42ca6ea209a5da9667d49ca581805b50382eaebb2a1708a02e226cb936f3ceaab
EXPORTER_SECRET a9c1cd07cd202c82f04bb7f5541a2bc3eb8c76ad823ff46801c51cd724249e9e ebd656d31d73fbf0b5d43c87434e5cc29a32b37ff34e233bc5365cd9c138291ddcf2f1faa5f956b50da1fcb9e7796974
CLIENT_HANDSHAKE_TRAFFIC_SECRET 8ed86397fa0af09fed0290f7b42e3a8739dbd8b9e3520407e79249970bed1612 60846002724acb649700b562cc452a049154713087d83e95b1602e9ac97ec834
SERVER_HANDSHAKE_TRAFFIC_SECRET 8ed86397fa0af09fed0290f7b42e3a8739dbd8b9e3520407e79249970bed1612 214cef2089cff6869fbbb7c92b4f56e47f0d6fd6b22a2d3fb4071c9a1e93e28a
CLIENT_TRAFFIC_SECRET_0 8ed86397fa0af09fed0290f7b42e3a8739dbd8b9e3520407e79249970bed1612 5c6089c9fb58003bc24bf968d61b81ef2f9ecee3220e9bff4de36ed0d811a821
SERVER_TRAFFIC_SECRET_0 8ed86397fa0af09fed0290f7b42e3a8739dbd8b9e3520407e79249970bed1612 06fe2df83b1b99e3c71ed9a634bf7d7114994a6fad228f96d639a774561c7d00
EXPORTER_SECRET 8ed86397fa0af09fed0290f7b42e3a8739dbd8b9e3520407e79249970bed1612 f46182e87bb9bf59c5615ef475a1953403b8ff1606f7b8d2df2731d5540af5fe
CLIENT_HANDSHAKE_TRAFFIC_SECRET 2c998cc5c81de705819ba2c18d60ae1070e2f5cba62b911c3ed3f2c9a47fc42e e35891d5829d1ddf49417f1838209d2d641d355a695d38fa4b9294d11724d371
SERVER_HANDSHAKE_TRAFFIC_SECRET 2c998cc5c81de705819ba2c18d60ae1070e2f5cba62b911c3ed3f2c9a47fc42e 49ac3bfa1d73c12104586140b0d29ec782b211445b987a6a64bc1599380a307b
CLIENT_TRAFFIC_SECRET_0 2c998cc5c81de705819ba2c18d60ae1070e2f5cba62b911c3ed3f2c9a47fc42e febe76de3bc76fa8e6cde1e8dd85394a9fa140f17004522280a01dfe9baad15b
SERVER_TRAFFIC_SECRET_0 2c998cc5c81de705819ba2c18d60ae1070e2f5cba62b911c3ed3f2c9a47fc42e 4f062434862fab6874edc42be63982fd7870ca2d18364a9bf41fbb8b9b35071f
EXPORTER_SECRET 2c998cc5c81de705819ba2c18d60ae1070e2f5cba62b911c3ed3f2c9a47fc42e d8c5152e5766769d8bc017b312dec8cad22bf98063204394b2e2938c8c6a1263
