CLIENT_HANDSHAKE_TRAFFIC_SECRET a6d59ad831e303d5391d893b19b4d39de4b94d14d4a39ec05f3ce0ee0021556f 48aa2e1d0c57f3c8e839ed39ae17891f56087e88d0338c257f1b08db8ca2e962
SERVER_HANDSHAKE_TRAFFIC_SECRET a6d59ad831e303d5391d893b19b4d39de4b94d14d4a39ec05f3ce0ee0021556f 45d0afb6e0ac26cf8a29617f6f47ae47cb96811d67e3afc48174ccd83d670168
CLIENT_TRAFFIC_SECRET_0 a6d59ad831e303d5391d893b19b4d39de4b94d14d4a39ec05f3ce0ee0021556f c541e4ef382e407de920e74f59e71676385c63947ef98040ae6fe59750fc9539
SERVER_TRAFFIC_SECRET_0 a6d59ad831e303d5391d893b19b4d39de4b94d14d4a39ec05f3ce0ee0021556f a8b83bf5fde53b8e2820b2fefe1973c0831012022963ebb9d8cadf3177788531
EXPORTER_SECRET a6d59ad831e303d5391d893b19b4d39de4b94d14d4a39ec05f3ce0ee0021556f 3876f692e1b65923b7248784a0bb6ad4b0af7bce87f52193325103d7093d247b
CLIENT_HANDSHAKE_TRAFFIC_SECRET 02ff614562b5757da917a49552598662a5c99dfababc4c95c62ecbca747af71f baaf679bc7387a74460b42340d666f8ae2a90679f23b801e61dba7d48d881371
SERVER_HANDSHAKE_TRAFFIC_SECRET 02ff614562b5757da917a49552598662a5c99dfababc4c95c62ecbca747af71f 2e0b93c74431645f2b68a02c8b74eb9355a2150a2532edbd065239e62f2221df
CLIENT_TRAFFIC_SECRET_0 02ff614562b5757da917a49552598662a5c99dfababc4c95c62ecbca747af71f c20d34008db26632f7e5cbb2d8e018620b5eb6546d8362ce768076973f273e0b
SERVER_TRAFFIC_SECRET_0 02ff614562b5757da917a49552598662a5c99dfababc4c95c62ecbca747af71f 81b2605a4730f574934f2a7fed24713ee8753c2374e835b1a5eb03a88e2a3065
EXPORTER_SECRET 02ff614562b5757da917a49552598662a5c99dfababc4c95c62ecbca747af71f 56e018b98b1c2c68aa766c6e41f5392214eaa808785e0e06e149cbab6ca43ba8
CLIENT_HANDSHAKE_TRAFFIC_SECRET 70ff50c7bd48f6701261f0025c6627f2851d5408371b0d933c6cdb80592e376d 28734945b3e1bb4284afe3f2ed186bd02e09a01ad07ad7c8e1cf2a1ad6959c1a
SERVER_HANDSHAKE_TRAFFIC_SECRET 70ff50c7bd48f6701261f0025c6627f2851d5408371b0d933c6cdb80592e376d 1256a437a6e48a06871502af050fabc5e7b47f8faf5a35e0ba9e48836dc229e3
CLIENT_TRAFFIC_SECRET_0 70ff50c7bd48f6701261f0025c6627f2851d5408371b0d933c6cdb80592e376d 15c10b2b6f6c0300d58e49b5aee9bf8dd141cb4a614fe720bf0c28c0d175802d
SERVER_TRAFFIC_SECRET_0 70ff50c7bd48f6701261f0025c6627f2851d5408371b0d933c6cdb80592e376d c8618bfdf27fedc8b7f973faadb5af710e91c59cb784e39b1ab38e2d8c72d748
EXPORTER_SECRET 70ff50c7bd48f6701261f0025c6627f2851d5408371b0d933c6cdb80592e376d 76608db1246c1e5743ed6ca8d647a57ac6b01344abbe9ad1218bc1139fd9a634
CLIENT_HANDSHAKE_TRAFFIC_SECRET 0e1d9c2593e66cf00cbab49dd40765aaa87a4a1428538eb5500494de5cc9f218 899c608f93be4444ad74c58513683e8523b5f7fcba4281a233bd9b37fdc80996
SERVER_HANDSHAKE_TRAFFIC_SECRET 0e1d9c2593e66cf00cbab49dd40765aaa87a4a1428538eb5500494de5cc9f218 c9ab55a82cef34c6b10a7198ecd453b1b201ddbbb41839bcb1dbcbcff687c7bd
CLIENT_TRAFFIC_SECRET_0 0e1d9c2593e66cf00cbab49dd40765aaa87a4a1428538eb5500494de5cc9f218 7b77100ddeae8a6e8ab6a2df2a8721e7e11cba49682b03b9fb735df3adb1dae8
SERVER_TRAFFIC_SECRET_0 0e1d9c2593e66cf00cbab49dd40765aaa87a4a1428538eb5500494de5cc9f218 c4fa1654e91a10ed6535fc7c93b5db3532ccd1e2c7cc35b0cf6c21e7724893de
EXPORTER_SECRET 0e1d9c2593e66cf00cbab49dd40765aaa87a4a1428538eb5500494de5cc9f218 ac86f944ad49115684aa6904ddc1452459d8f5e47906b49168c605f8ba1ded5e
CLIENT_HANDSHAKE_TRAFFIC_SECRET 615fe65e8921864a0bbdb7e46c818a2ad98e183c9dd7a798a4cbc869b28c52ac 14ed2b9c99bd2b52c7d45666cc0edc3149b41cb3018c74a43e01ce35e276b605
SERVER_HANDSHAKE_TRAFFIC_SECRET 615fe65e8921864a0bbdb7e46c818a2ad98e183c9dd7a798a4cbc869b28c52ac 5603e86920be910064f7bdb7641fc3a197daf6c0e19ac34ee26912f9225ac57c
CLIENT_TRAFFIC_SECRET_0 615fe65e8921864a0bbdb7e46c818a2ad98e183c9dd7a798a4cbc869b28c52ac 283b4821a743f66dc6f942cc65be71ba178f8d632d01db8b4112adb6fdd3b88f
SERVER_TRAFFIC_SECRET_0 615fe65e8921864a0bbdb7e46c818a2ad98e183c9dd7a798a4cbc869b28c52ac 70331688b83e297bb66f69207a146adb073ef257af568ee6982604d55c7afbec
EXPORTER_SECRET 615fe65e8921864a0bbdb7e46c818a2ad98e183c9dd7a798a4cbc869b28c52ac 82290a7a33e407588ec4df91a680363f1dcd0366149edc43e46d772479b72832
CLIENT_HANDSHAKE_TRAFFIC_SECRET 52de97e31d36ca6c8beaf669d23070d0e536d75421828c0e526edd6ca71cf2e1 1deb1763f39f84cf2982c9e26451626a0f613b83af47559f0b9d36a2dfbd6713
SERVER_HANDSHAKE_TRAFFIC_SECRET 52de97e31d36ca6c8beaf669d23070d0e536d75421828c0e526edd6ca71cf2e1 9de19363d77045a64bc4792d49230b96a8ac09af835562f2691630fd16c17794
CLIENT_TRAFFIC_SECRET_0 52de97e31d36ca6c8beaf669d23070d0e536d75421828c0e526edd6ca71cf2e1 483e248eea6949836e81d4d17ed743f0f85b4eb5aa05e39a329fc2873a3f851e
SERVER_TRAFFIC_SECRET_0 52de97e31d36ca6c8beaf669d23070d0e536d75421828c0e526edd6ca71cf2e1 a1b6ae7374ba0e8e06edd8549d6135e223206e088ef3f718464d3616e6c5f018
EXPORTER_SECRET 52de97e31d36ca6c8beaf669d23070d0e536d75421828c0e526edd6ca71cf2e1 382e8fbf39aecffefc3b2b3aa22df37a4033eb9e7a5422cb5bd4d84abfbcef98
CLIENT_HANDSHAKE_TRAFFIC_SECRET b741a9980e05bc9d0d14d173eaf2e5baa201bb7deb10514766d095b591e3bc8b 5045038ad42e53b6c096709a0b979dd803ce6b0da0fe413e3301554fd32dee7d
SERVER_HANDSHAKE_TRAFFIC_SECRET b741a9980e05bc9d0d14d173eaf2e5baa201bb7deb10514766d095b591e3bc8b 2185bd6c36a1e28f1d3593541e261c0130912843f6cafe835b540f1577b78b0a
CLIENT_TRAFFIC_SECRET_0 b741a9980e05bc9d0d14d173eaf2e5baa201bb7deb10514766d095b591e3bc8b 51a62e010effa01a40564e8c3cfa3ea2d449ec2344c92cd4bd9094423682830c
SERVER_TRAFFIC_SECRET_0 b741a9980e05bc9d0d14d173eaf2e5baa201bb7deb10514766d095b591e3bc8b 077857c135ef4c22eeb6a16fe9e48c0f29b732483c027f4b3266d12df8a6f5df
EXPORTER_SECRET b741a9980e05bc9d0d14d173eaf2e5baa201bb7deb10514766d095b591e3bc8b 7ce489b8c92006d4fb11bfdae9121ba198d612c78324b338d00efc1e932fe5c7
CLIENT_HANDSHAKE_TRAFFIC_SECRET a72f371a0c72e0eefcbebc6dc3f7340a6f76548ca410b3dadaa9ca40e240f0c9 2d9761b8e93c60773f0b90921feefc861c88632b6667004d04364c3b7a51a7c8
SERVER_HANDSHAKE_TRAFFIC_SECRET a72f371a0c72e0eefcbebc6dc3f7340a6f76548ca410b3dadaa9ca40e240f0c9 411de89bbd1f46f75412ceacc29526b20ca78c519f4d5981961a7afbcc1d7f0c
CLIENT_TRAFFIC_SECRET_0 a72f371a0c72e0eefcbebc6dc3f7340a6f76548ca410b3dadaa9ca40e240f0c9 91adbbc883389c33280a53ff4be6b8e964a91d2cf702e507d8fcfc1576675cd9
SERVER_TRAFFIC_SECRET_0 a72f371a0c72e0eefcbebc6dc3f7340a6f76548ca410b3dadaa9ca40e240f0c9 cbc0822556b3c9acc023f3567dd2ce27c6cdfe7a43326de53c002b7b071182e6
EXPORTER_SECRET a72f371a0c72e0eefcbebc6dc3f7340a6f76548ca410b3dadaa9ca40e240f0c9 a2eb3e8a317ce682078e1c567490823af72db2e11882ed9df06121f7c51b0eb5
CLIENT_HANDSHAKE_TRAFFIC_SECRET d851d9a6a321598b539bb4bb875b3044d48076448588227eb12b41cba09255da 2191d7cb70d57f9b6c6cec20661ecad2386fbe7b4b6a619717a46da99f57c4f7
SERVER_HANDSHAKE_TRAFFIC_SECRET d851d9a6a321598b539bb4bb875b3044d48076448588227eb12b41cba09255da 60e1070dbb886accd321cd1fa5c26ec7433df282a3c80224f3b7cd42f218fff1
CLIENT_TRAFFIC_SECRET_0 d851d9a6a321598b539bb4bb875b3044d48076448588227eb12b41cba09255da 99bcf443b7b46a6bc20c6ca2bc15584c02c468a90ded905f6c923c0503ef6609
SERVER_TRAFFIC_SECRET_0 d851d9a6a321598b539bb4bb875b3044d48076448588227eb12b41cba09255da 6618da862ef0095e88cbd0ad41302cbc26a4c903c364a4c00bdaf3db9ad9e3e5
EXPORTER_SECRET d851d9a6a321598b539bb4bb875b3044d48076448588227eb12b41cba09255da 05504878fe51ae2283545b727fb3db220d37d101867d72f009cf757b0ceea85f
CLIENT_HANDSHAKE_TRAFFIC_SECRET 680f073d5d1b2745bc00ba415dac81c04a7cc19a5ea10aec80244f77ed4efcc1 47659c32cd5a923a4bec02a1f1378ae89a2697656cdf9ce7ae22a1f0987ff6c2
SERVER_HANDSHAKE_TRAFFIC_SECRET 680f073d5d1b2745bc00ba415dac81c04a7cc19a5ea10aec80244f77ed4efcc1 a2721448fa5164063147eb0aa83ca3c7c62f80f4d59551ec51ed53a2865fe496
CLIENT_TRAFFIC_SECRET_0 680f073d5d1b2745bc00ba415dac81c04a7cc19a5ea10aec80244f77ed4efcc1 88bca262b213b8cb9851ff7e898c599fd40055909ecf37333413310182eb07af
SERVER_TRAFFIC_SECRET_0 680f073d5d1b2745bc00ba415dac81c04a7cc19a5ea10aec80244f77ed4efcc1 8018f7336fed46c2a1d1ddab2070dd6aa1efa76ca4658656d790efd313bcd2b5
EXPORTER_SECRET 680f073d5d1b2745bc00ba415dac81c04a7cc19a5ea10aec80244f77ed4efcc1 8dd9223ba07a2639b741a720d1bb0da0558c0100f41e80b298c14153642d18dc
CLIENT_HANDSHAKE_TRAFFIC_SECRET 285f3ce1e665240f660e0c2e76d4d627173885782661fba7c9ce23a5869f8713 62086de2c21fe09e83bafa9753fb1d49127bb05d062ec239b66bca3d2c3cfd8f
SERVER_HANDSHAKE_TRAFFIC_SECRET 285f3ce1e665240f660e0c2e76d4d627173885782661fba7c9ce23a5869f8713 0538e9262375975215be029880f9ee32915136a8bbf4ddd501250a44c6c4ae76
CLIENT_TRAFFIC_SECRET_0 285f3ce1e665240f660e0c2e76d4d627173885782661fba7c9ce23a5869f8713 42bac7a4e87ae1374f7bfa3a946cf64b3b5bdd824134dd0e401d5275d774face
SERVER_TRAFFIC_SECRET_0 285f3ce1e665240f660e0c2e76d4d627173885782661fba7c9ce23a5869f8713 5150f46882284f46fb0f0f759fccc0ae3176cd963638ecb29f2885acebd52a5b
EXPORTER_SECRET 285f3ce1e665240f660e0c2e76d4d627173885782661fba7c9ce23a5869f8713 925005686a78ec53b3b52cd239a6e205e9cab75ef55a90685a60acf678166d3e
CLIENT_HANDSHAKE_TRAFFIC_SECRET 17961fa6974d2ba03619d20e4c59757481aa55b9d20cf6cb9f8e448dc8c81c17 225abb515338c2009d444389d8d0b761dd8b7a9ac05bb0e533a7ce7fd34a7e61
SERVER_HANDSHAKE_TRAFFIC_SECRET 17961fa6974d2ba03619d20e4c59757481aa55b9d20cf6cb9f8e448dc8c81c17 048e4da9282f9a9dafd8653292cf9b3c55ea8a70a8c1548179f25c52d7dfd036
CLIENT_TRAFFIC_SECRET_0 17961fa6974d2ba03619d20e4c59757481aa55b9d20cf6cb9f8e448dc8c81c17 772e937ce83d0814218c204958284aafbd5ddda899ea486b044b3ee4735c6939
SERVER_TRAFFIC_SECRET_0 17961fa6974d2ba03619d20e4c59757481aa55b9d20cf6cb9f8e448dc8c81c17 a8d1458b62267c4cd14329a69610ba9a6ce64a2aba260d7bd13ccba1bc0be487
EXPORTER_SECRET 17961fa6974d2ba03619d20e4c59757481aa55b9d20cf6cb9f8e448dc8c81c17 d0f132bc1e44c2d0da156b29526f66ccabfb1f87aa9ddc3d324ee8c2955fd415
CLIENT_HANDSHAKE_TRAFFIC_SECRET eac927b14b2be5992d79f0f637b5869e2628fc8ea473cf92a45c77f9d66208c5 a89be69f23fd5a5ff0410d6b3e1ddc6660d13728f5d5c9dc0780c1cd7e28c3e1
SERVER_HANDSHAKE_TRAFFIC_SECRET eac927b14b2be5992d79f0f637b5869e2628fc8ea473cf92a45c77f9d66208c5 dc15001b4327e1f6be54d845b3893f2779497e482bcd4f49e5f48876faf11b19
CLIENT_HANDSHAKE_TRAFFIC_SECRET 09d81ce5d307ae6071fb714b87a0ad981a2501bc0c68a31bb5cb2188009cfc83 8f068d6e7860a7095d4297c21353abf0bce87007070263edf8521d6b62915a1f
SERVER_HANDSHAKE_TRAFFIC_SECRET 09d81ce5d307ae6071fb714b87a0ad981a2501bc0c68a31bb5cb2188009cfc83 182bdf7a6ec1bc8c7cb09f222ea6e69acbd450fac1517dfb1f372534c2514c63
CLIENT_TRAFFIC_SECRET_0 eac927b14b2be5992d79f0f637b5869e2628fc8ea473cf92a45c77f9d66208c5 885a2201e6657a7e18c9fbf0f96c93f3ede67b5a3700752ae7a54e323d1a7c78
SERVER_TRAFFIC_SECRET_0 eac927b14b2be5992d79f0f637b5869e2628fc8ea473cf92a45c77f9d66208c5 a2d287a8290a089cb1291832f98684d9edaad9b6468ffd2f9d5d4213537b67ce
EXPORTER_SECRET eac927b14b2be5992d79f0f637b5869e2628fc8ea473cf92a45c77f9d66208c5 b3675f6596cfa6b3f29a03baf62abc2d9972178ba00ab918ed6d07fa7181fe28
CLIENT_TRAFFIC_SECRET_0 09d81ce5d307ae6071fb714b87a0ad981a2501bc0c68a31bb5cb2188009cfc83 92542614fff6d93b9424fade0dd5e365847231a07196acbbcba0391a8a37bad1
SERVER_TRAFFIC_SECRET_0 09d81ce5d307ae6071fb714b87a0ad981a2501bc0c68a31bb5cb2188009cfc83 8c60e349b179e56a4973db1e4a03289bb320196db90241c2facdd9852e1ce795
EXPORTER_SECRET 09d81ce5d307ae6071fb714b87a0ad981a2501bc0c68a31bb5cb2188009cfc83 5dd269bdd5794b33d8b16a366aa9d576614c804e703e0f03a2635fe63709fbc2
CLIENT_HANDSHAKE_TRAFFIC_SECRET 96adda39e6efae7b6a024de4c7c09f0a50918ed97973fda6e3143b4065a2fcb4 fcc35ab1e46427c813325e48b32a9ffb459f9b07443516828c9bacfab58e9fda
SERVER_HANDSHAKE_TRAFFIC_SECRET 96adda39e6efae7b6a024de4c7c09f0a50918ed97973fda6e3143b4065a2fcb4 6313f710da95d5eb45830f2f9c711cf958a97a1ea664c176b8f9d7f0aa9a0ade
CLIENT_TRAFFIC_SECRET_0 96adda39e6efae7b6a024de4c7c09f0a50918ed97973fda6e3143b4065a2fcb4 de2f59e381b388085636439157885a166dcab9ef8d04444dc45c0ec0587d2c74
SERVER_TRAFFIC_SECRET_0 96adda39e6efae7b6a024de4c7c09f0a50918ed97973fda6e3143b4065a2fcb4 27eb8c8150a303bd74f7611b977154263d51c35742ede1241edee1e17d8defd6
EXPORTER_SECRET 96adda39e6efae7b6a024de4c7c09f0a50918ed97973fda6e3143b4065a2fcb4 21dbacf3ef9b8d9ba1ef3a4ce2b1c8d9e84dd3f8ca0f090a7d0f6a98839a66dc
CLIENT_HANDSHAKE_TRAFFIC_SECRET 4ffc582b6609307b3b358edbf022a7c505cd8291142c586cefc95f7258d3eb48 17e12cfb76774408a3607c98c45e48bcd5f120292810969313c4c1861db51afa
SERVER_HANDSHAKE_TRAFFIC_SECRET 4ffc582b6609307b3b358edbf022a7c505cd8291142c586cefc95f7258d3eb48 3ffe03eecc6b688412eb0e2976ab8a8286da123f84547684bd82f3bba8eeb98d
CLIENT_TRAFFIC_SECRET_0 4ffc582b6609307b3b358edbf022a7c505cd8291142c586cefc95f7258d3eb48 f5d865c68aeba959b60f4ad68463f628514f132984193ac73517e0b64ef40827
SERVER_TRAFFIC_SECRET_0 4ffc582b6609307b3b358edbf022a7c505cd8291142c586cefc95f7258d3eb48 a05a3e7df8ac2aa2ed8a2501192b42d6e3b91f72abd42931f4347c935a3cfd35
EXPORTER_SECRET 4ffc582b6609307b3b358edbf022a7c505cd8291142c586cefc95f7258d3eb48 9e51089bae2eabbca50bf36940fb1bef6168d0861e38e378c7e30cdde7039e36
CLIENT_HANDSHAKE_TRAFFIC_SECRET 0fbce8de2f00e8c1f43ccab6a2a074a8deb5be0d114ecb1581905b517fe92723 ce969681dc5c508ac5555db4d57e5ddd36d62bbda846cd2f254451435a6920cc
SERVER_HANDSHAKE_TRAFFIC_SECRET 0fbce8de2f00e8c1f43ccab6a2a074a8deb5be0d114ecb1581905b517fe92723 f8af714fa57df51857874183b954e15f519befb98f6f504c9aa6691070ca9180
CLIENT_TRAFFIC_SECRET_0 0fbce8de2f00e8c1f43ccab6a2a074a8deb5be0d114ecb1581905b517fe92723 ff571c5b16b44ff424858484865e3b7bd3171243d18f5a043096aeaff922e3c0
SERVER_TRAFFIC_SECRET_0 0fbce8de2f00e8c1f43ccab6a2a074a8deb5be0d114ecb1581905b517fe92723 4445f8c20f6c129164dcd4df16a819917f8fba7299b5218965ea975b77f4f735
EXPORTER_SECRET 0fbce8de2f00e8c1f43ccab6a2a074a8deb5be0d114ecb1581905b517fe92723 257987e195c644a8b08247bf57449cf6d4bfd006606019f317c3a45242283674
CLIENT_HANDSHAKE_TRAFFIC_SECRET 3c2a6503aa6514b284a24799d9738ec94268c13d56582821351f4405abf85eba 6f3f1a4f9aa833b9b0d04cadff1ad4ea5a38aedc3b85f04c6ea62b8261801fb0
SERVER_HANDSHAKE_TRAFFIC_SECRET 3c2a6503aa6514b284a24799d9738ec94268c13d56582821351f4405abf85eba c175466b6e8526bd8f3842f0472ca6715f6fe514366a8bf1b528143315d42a99
CLIENT_TRAFFIC_SECRET_0 3c2a6503aa6514b284a24799d9738ec94268c13d56582821351f4405abf85eba 0bbf6541430ba284542c4d07a8326ba6754c49405142a543a16d0842a1ef0cd3
SERVER_TRAFFIC_SECRET_0 3c2a6503aa6514b284a24799d9738ec94268c13d56582821351f4405abf85eba 6346ebf9a3b0e395bbae6ba6d0a7bb1f4f0f06b5a6b529e1f3f0d176bf317398
EXPORTER_SECRET 3c2a6503aa6514b284a24799d9738ec94268c13d56582821351f4405abf85eba 76d6b52978961c3a133a28b7524be8f67ab1980dee9b742533d3bceaeac2e06b
CLIENT_HANDSHAKE_TRAFFIC_SECRET ce54c38c79b6e7f5bebf917079329bf02073a2a2f56965453e5e148ff4d1e5f7 255f13bbf73914c3262f1da33245294f07ddac3ae24ac5051bcd8a108d6f4de0
SERVER_HANDSHAKE_TRAFFIC_SECRET ce54c38c79b6e7f5bebf917079329bf02073a2a2f56965453e5e148ff4d1e5f7 6289b1fe3730b4b9c3302dd9dcca3af34567a4e8674e425fcd75756a68e50695
CLIENT_TRAFFIC_SECRET_0 ce54c38c79b6e7f5bebf917079329bf02073a2a2f56965453e5e148ff4d1e5f7 4ee8968334e26fb41b9d3302897244e89be2d62fb33995b4cf73b3051f8a5424
SERVER_TRAFFIC_SECRET_0 ce54c38c79b6e7f5bebf917079329bf02073a2a2f56965453e5e148ff4d1e5f7 886c43319dd6cf9e51575dde9eacb9f737a86eb1f80ace27b7c207c0035c4427
EXPORTER_SECRET ce54c38c79b6e7f5bebf917079329bf02073a2a2f56965453e5e148ff4d1e5f7 7f243e42ac3b954f9c2afc500f871d55c931b837d10cc28a6f269c70f7e0f536
CLIENT_HANDSHAKE_TRAFFIC_SECRET 41a2f26ab92e9d86043a9668c3aea1b7e4d0daaa9d5c2da1f403082c271244de 83eba6825a34aef12d5d12f32163c9de9e11606d408b5ab359532c3e4f98e4c6
SERVER_HANDSHAKE_TRAFFIC_SECRET 41a2f26ab92e9d86043a9668c3aea1b7e4d0daaa9d5c2da1f403082c271244de e6ffea162bd6c1a7279826a7487ed34f09aab3889661c0f1ceec530be91bbe63
CLIENT_HANDSHAKE_TRAFFIC_SECRET b99542eebc712d8104522244f0e5a5a22eed87af76940320e0461130233ea13f f4d23a8dffa752a0cf425a6be6dc717d95e17f3d94f134500d58b7ec0116f0f1
SERVER_HANDSHAKE_TRAFFIC_SECRET b99542eebc712d8104522244f0e5a5a22eed87af76940320e0461130233ea13f 931eb82d9c7fd0ee65796dd1a957ad58024e2d14924ab8cfc3f400454180ed17
CLIENT_TRAFFIC_SECRET_0 b99542eebc712d8104522244f0e5a5a22eed87af76940320e0461130233ea13f d6105a872cbcee0a56527790cb2bf9cbe37d0ab24f56b1c485a6142796f8b45d
SERVER_TRAFFIC_SECRET_0 b99542eebc712d8104522244f0e5a5a22eed87af76940320e0461130233ea13f e216d3b8d8ad0fdcc596614d28f723c045a4b45f57ee35f721db707a91fdb861
EXPORTER_SECRET b99542eebc712d8104522244f0e5a5a22eed87af76940320e0461130233ea13f 2da12d5553caf352e413f298d2f4cf0a849de4d66ac7e11af7c67d24ad8b3dc4
CLIENT_TRAFFIC_SECRET_0 41a2f26ab92e9d86043a9668c3aea1b7e4d0daaa9d5c2da1f403082c271244de 6bd8ed00716d123253128c5cea8d294489c5ca95e43dd97111162a199a4b9c72
SERVER_TRAFFIC_SECRET_0 41a2f26ab92e9d86043a9668c3aea1b7e4d0daaa9d5c2da1f403082c271244de aed739404729dca69bc30ce64d587225314e93a1c407ad823a6e46b68146190b
EXPORTER_SECRET 41a2f26ab92e9d86043a9668c3aea1b7e4d0daaa9d5c2da1f403082c271244de 127c503b2a03a2b16e0bbf091e844f857201f2fcd4812da3a7759d5ca8918f5f
CLIENT_HANDSHAKE_TRAFFIC_SECRET cd6a8cbdd4fab08778387152ba89feb4cfc16b77e7ca83f4503d2d8c9b2c3f7f 7305e8b2f1342ab9eb314fe538f773230fe5fa99fea906967e0693aa51538021
SERVER_HANDSHAKE_TRAFFIC_SECRET cd6a8cbdd4fab08778387152ba89feb4cfc16b77e7ca83f4503d2d8c9b2c3f7f 458054c6173f02b296e276944c3ab6cae4218ca93c50f2ca038ceecae0323699
CLIENT_TRAFFIC_SECRET_0 cd6a8cbdd4fab08778387152ba89feb4cfc16b77e7ca83f4503d2d8c9b2c3f7f 1c283a15776717bcbc9faf9d2045471644bb050f29705681755209cf4460dac2
SERVER_TRAFFIC_SECRET_0 cd6a8cbdd4fab08778387152ba89feb4cfc16b77e7ca83f4503d2d8c9b2c3f7f 69d12dff07df1e0854370a1b891eac36854224561b482e2f60e8d255b3f23184
EXPORTER_SECRET cd6a8cbdd4fab08778387152ba89feb4cfc16b77e7ca83f4503d2d8c9b2c3f7f e67ad4a9fa365fd2c93d6ac5ca9f976823425c0a220b2f52d667964dd0a67691
CLIENT_HANDSHAKE_TRAFFIC_SECRET e8342f3df5bba60a6904ac1198733b96cb2fdc68e70a9d80231ad732b77af4b1 0ad617471629c04e9acaeb63e8b6d80441ba0d8b5b70571dc88429310404fd47
SERVER_HANDSHAKE_TRAFFIC_SECRET e8342f3df5bba60a6904ac1198733b96cb2fdc68e70a9d80231ad732b77af4b1 75479dc49935bbec0f4c301c36d5d2c88401f380b3dd69d022c5607063f8a59d
CLIENT_TRAFFIC_SECRET_0 e8342f3df5bba60a6904ac1198733b96cb2fdc68e70a9d80231ad732b77af4b1 e24cf40c18e45ba90597c60e046f7e91267a1f83e1b29bf6ce98d325b86d758b
SERVER_TRAFFIC_SECRET_0 e8342f3df5bba60a6904ac1198733b96cb2fdc68e70a9d80231ad732b77af4b1 79c689a56c4728e03ad75b38e1437010e3aceffaa3b995864e389ea2b661fff8
EXPORTER_SECRET e8342f3df5bba60a6904ac1198733b96cb2fdc68e70a9d80231ad732b77af4b1 080c9717230c16610f868bc8ba44fe9f73b4b35d1c3acd7c14ef7068fbd65c41
CLIENT_HANDSHAKE_TRAFFIC_SECRET cf3375ab211a24b60b6c40b3d7bd21a60dfd1556e44de2cf537772b3176392da 010d991fff921dbe78249b6e26f1eed0356889ad1e810654f11dcaf63374ed41
SERVER_HANDSHAKE_TRAFFIC_SECRET cf3375ab211a24b60b6c40b3d7bd21a60dfd1556e44de2cf537772b3176392da 88fd592c222ed50cce0aa2f3d3c5aa05559bea80458cf01b67d3f2c7fcff64cb
CLIENT_TRAFFIC_SECRET_0 cf3375ab211a24b60b6c40b3d7bd21a60dfd1556e44de2cf537772b3176392da 6c66ec13c0d4960ac9677bbebf0729e114eeddf532b5819201dfbefd91cd6300
SERVER_TRAFFIC_SECRET_0 cf3375ab211a24b60b6c40b3d7bd21a60dfd1556e44de2cf537772b3176392da a28a407fb5dc961fa504fcd42721f4175f00d7c11cee2c812c65efcbbfd0dfae
EXPORTER_SECRET cf3375ab211a24b60b6c40b3d7bd21a60dfd1556e44de2cf537772b3176392da 3300bff5c8d13f4032a2c2bfd5ec7b9c62fbe70858c6ebc8a5472f6b27f7c6fd
CLIENT_HANDSHAKE_TRAFFIC_SECRET e0fee51957a82ca4eeff5f5aa2d1cba139123a3c57b22693f760c43cbc81a736 cafd4da94ca2e164a12d45d4bc31136a56e2c979c760347bfb29b05381a2ff8e
SERVER_HANDSHAKE_TRAFFIC_SECRET e0fee51957a82ca4eeff5f5aa2d1cba139123a3c57b22693f760c43cbc81a736 1244c050adcfd0bf382887418c4ba2f07d734bc5dbeee6eea5936305db211731
CLIENT_TRAFFIC_SECRET_0 e0fee51957a82ca4eeff5f5aa2d1cba139123a3c57b22693f760c43cbc81a736 de08234b240903fc123cda844bafe59b32c1a6481e1ecc160382dbdae44830ce
SERVER_TRAFFIC_SECRET_0 e0fee51957a82ca4eeff5f5aa2d1cba139123a3c57b22693f760c43cbc81a736 1628733445531982cbda05ad9fa94fe17096a6374072bcd64e9c7154fbd426ec
EXPORTER_SECRET e0fee51957a82ca4eeff5f5aa2d1cba139123a3c57b22693f760c43cbc81a736 c47b4f2d3ced2fbfcce87db6b4d8fdad0c7247c234d3e83315fc1360c7338dfe
CLIENT_RANDOM 47c2a255ddf621e28221cca83e1ca3d3ae935e46ba36dfa87bd3794905faf2d7 8a2c3e046e8845acabfc5023cadc73cb50cbf9ba28c692089a9c687898d43b3d5eaa90fab905e2ae151facc2a6bbf418
CLIENT_RANDOM 265192bea64d5bc2249219fc80993b2a4a16951533328b41ff538a67c3b18db9 12b9c4ab21ff92e9e2f9592db55193d1f57910cee4ef4dba24b4ab23c05c91367c7b0d0b46c3d6afaf3e26b9e4c552e4
CLIENT_HANDSHAKE_TRAFFIC_SECRET 5311da048efd07871166ae1ce6efb4234da1fb796ab03f0756c7584d1c3294af 862339f14067515ecf7791e9f65e0f68d99703e136ec6da98a75560b19c1f951
SERVER_HANDSHAKE_TRAFFIC_SECRET 5311da048efd07871166ae1ce6efb4234da1fb796ab03f0756c7584d1c3294af b7dfc1efbac5bdf1b038c7c9214c09578e436aa333b5eb9031c29dd05308f1de
CLIENT_TRAFFIC_SECRET_0 5311da048efd07871166ae1ce6efb4234da1fb796ab03f0756c7584d1c3294af 1d785a0e268883b6a126baf601cc371f7351e23bdaa19bf37eb2f82fb0c6e806
SERVER_TRAFFIC_SECRET_0 5311da048efd07871166ae1ce6efb4234da1fb796ab03f0756c7584d1c3294af 68a2e753d56a87488e79a2e8cccb144623e98076119f8624a53f8aa67947bcdf
EXPORTER_SECRET 5311da048efd07871166ae1ce6efb4234da1fb796ab03f0756c7584d1c3294af 6d7d9300207e0bb33125e793fb2eb7e3285df827ae4da62b4eeecb3035112737
CLIENT_HANDSHAKE_TRAFFIC_SECRET b7e0ec2beae735d07922e50481f192b0c021dfb246dbeebdf76142c8c0757394 28970dc46a116e3d436725e087747a671fd5ee0510f1fc536d5a8f11aec4d4a0
SERVER_HANDSHAKE_TRAFFIC_SECRET b7e0ec2beae735d07922e50481f192b0c021dfb246dbeebdf76142c8c0757394 d9d908189f4256132f45d183574548f4e9caf81e88addbcee4e8123af254cdbe
CLIENT_HANDSHAKE_TRAFFIC_SECRET d3380fafcac454759d9e8f68f761c4c0735946c7434e87ffe14de2ef5d99d7b7 77f5043f0a62f4d6f64ebeb0515d5c8817d3272afae846bb5794fa6cd392cbe7
SERVER_HANDSHAKE_TRAFFIC_SECRET d3380fafcac454759d9e8f68f761c4c0735946c7434e87ffe14de2ef5d99d7b7 fd89d323905579c5b0fb7dbe34a46250efd3a7296f06a0470a01af8839924030
CLIENT_TRAFFIC_SECRET_0 b7e0ec2beae735d07922e50481f192b0c021dfb246dbeebdf76142c8c0757394 398c1e7f02b5f95730e655606a8382335c22d2a73c48653788493c3c3ebc7ee3
SERVER_TRAFFIC_SECRET_0 b7e0ec2beae735d07922e50481f192b0c021dfb246dbeebdf76142c8c0757394 a00bfcde93e6191a287fc0c1e65feae9eefdacaa0054af6cb5f0331a6792cbfd
EXPORTER_SECRET b7e0ec2beae735d07922e50481f192b0c021dfb246dbeebdf76142c8c0757394 bf0faf149e2feca70f575c58b537341a859e12af958bbf32c2737265a595cb6d
CLIENT_TRAFFIC_SECRET_0 d3380fafcac454759d9e8f68f761c4c0735946c7434e87ffe14de2ef5d99d7b7 5721cd7a549c136577bd8fbe2c0cf117e95dcd611cbd43711aa9392e1c907a0a
SERVER_TRAFFIC_SECRET_0 d3380fafcac454759d9e8f68f761c4c0735946c7434e87ffe14de2ef5d99d7b7 bcc40a07bfa84c5831011e9b52b9aa50ffb91ee99a989f504fd4bb87d0dd7895
EXPORTER_SECRET d3380fafcac454759d9e8f68f761c4c0735946c7434e87ffe14de2ef5d99d7b7 6e825bc2ba12095207c4a52fea23efe48f0d3a9d24fce86f2ef5dc86a9408a29
CLIENT_RANDOM ff0a1a67071592a22ce6076771c104aa92bc22a5df562b24c72818b51cdf178f 6685f5a9b47c583f468469235bb23108ba2739df341713516d601bfc55210f5cd3bbe6ae87ed9139af1791a079aebd46
CLIENT_RANDOM 4aa294f972a2702710e065eebd1e948136fc623ab1c60d2474882fb5dda37046 04946271440291187e854e318887e789cef3754064253c14c1c4250a1098e8ff17b37c01588fbf1861aa4e089910e914
CLIENT_RANDOM e50750acfaf145c7c6c0935659e86217a957def0f8a91017ad8f2dd69c8ab077 c485a97b33f06d786b148d7b1c2239065e46de6b5cfe75519a6cf6c6d614de628f3274c952873b4e91ea3559a1a4dfaa
CLIENT_RANDOM 9e062de98e1e3e5188fc4ae28db0e1729332ca246bafc53026b73d62592a44c2 20789dfe1cc65ace20d8963f56b397aa745bb617122df8d1736c1fb416a1ef464a94ee0e62c12a569782e4d4e41b311a
CLIENT_HANDSHAKE_TRAFFIC_SECRET fac8918f25a5c563b4ace198b1a3c2b7a8261dd22fd74b16b17f840ebb1d5910 79c60789b608747de907014173dfd98829f6130d9f7c8dac321b5d5e40b5b320
SERVER_HANDSHAKE_TRAFFIC_SECRET fac8918f25a5c563b4ace198b1a3c2b7a8261dd22fd74b16b17f840ebb1d5910 7672820e5b20df6f8183edaf9df60071d22b9e1d4f07e5988f786c835b7bc94f
CLIENT_HANDSHAKE_TRAFFIC_SECRET a56bb00a1fa6b46acb5af599deedfa62354b66b098ee818a8ff74f0c3a671c7a 8edfc0a56a98a2964c25793d947c052006cbb677b64c5f868fe5de5c596cd027
SERVER_HANDSHAKE_TRAFFIC_SECRET a56bb00a1fa6b46acb5af599deedfa62354b66b098ee818a8ff74f0c3a671c7a be151bb82ee6e35467859013581ba2de87bab30d606319418d5364d0ac6ab7e6
CLIENT_TRAFFIC_SECRET_0 fac8918f25a5c563b4ace198b1a3c2b7a8261dd22fd74b16b17f840ebb1d5910 34732f712ccf38a916c26f7fd58a7a5b39503e38a87f2dbac8c1917f65e28aab
SERVER_TRAFFIC_SECRET_0 fac8918f25a5c563b4ace198b1a3c2b7a8261dd22fd74b16b17f840ebb1d5910 4542e0bf1856907cfd4b73660398660ff634c9d18b1fc93d65397c0a6fc54290
EXPORTER_SECRET fac8918f25a5c563b4ace198b1a3c2b7a8261dd22fd74b16b17f840ebb1d5910 2f52f690af74a9485bfeaa4ebb269afc852e576eed3c3f40cd3fcd9cad5ee2af
CLIENT_TRAFFIC_SECRET_0 a56bb00a1fa6b46acb5af599deedfa62354b66b098ee818a8ff74f0c3a671c7a 6926627b2cc93cfb67b2072ad99eba2b69b8b08ba5915d168a0fec1f40475f14
SERVER_TRAFFIC_SECRET_0 a56bb00a1fa6b46acb5af599deedfa62354b66b098ee818a8ff74f0c3a671c7a a452c9cd85802bebdffd3ba8e0618096caa4fae7504243bcc346bb6bc2610056
EXPORTER_SECRET a56bb00a1fa6b46acb5af599deedfa62354b66b098ee818a8ff74f0c3a671c7a b531b099838cba2ff851f1ac037d69e3f2dcd634bfe6660fdab9db209afb7312
CLIENT_RANDOM cc4ffaf14a6ad72b583581b10449d9cf2434ae9b2f86500b2e98b5cf1970bef5 3005b1f2618c1f44b00551c1f888d37aea1051c6c68f9d246d26d88cd5d3cafac4473fd285be9387e1774f6f99da73a3
CLIENT_RANDOM 7baae2acbe6fcffdd8465b1a490ecafb8d9deb709a681bd3a06caa441557cb36 026ec2bfddf2fcb2c5353ed64c76f1c3126504e123e66ac60796bad0746b3c9095a2f0976919187a3cb3e24de9c40e5b
CLIENT_HANDSHAKE_TRAFFIC_SECRET b4f0d8fdfae83f3c92c65fb2a4e79f5f0686f3d63ed8b04a3ba9ec23f55eb5e9 a157f44c06ddaff61e9761c233b1183776468e1f846cbcc3c70d7a6282791e92
SERVER_HANDSHAKE_TRAFFIC_SECRET b4f0d8fdfae83f3c92c65fb2a4e79f5f0686f3d63ed8b04a3ba9ec23f55eb5e9 273858bc9c2985fe5d601b11d532fa13aa178a6749b7ae1be92854d24e7caada
CLIENT_HANDSHAKE_TRAFFIC_SECRET a7edc51b05f66e5bcf2981e68889be4f2dccb72e59e8462c903718d2ac052753 21475f593434928b72a50fc3a3bc36e79b52e997c2380a63863e220a8de52037
SERVER_HANDSHAKE_TRAFFIC_SECRET a7edc51b05f66e5bcf2981e68889be4f2dccb72e59e8462c903718d2ac052753 75569d0fa0950e6187cad5ebe4018b5a5cf45f1f1773b10b710ec74054c006d1
CLIENT_TRAFFIC_SECRET_0 b4f0d8fdfae83f3c92c65fb2a4e79f5f0686f3d63ed8b04a3ba9ec23f55eb5e9 df18699efaa30a8647207deb4357d9d8a64517f18d82cf8e8b7abb93c017afbb
SERVER_TRAFFIC_SECRET_0 b4f0d8fdfae83f3c92c65fb2a4e79f5f0686f3d63ed8b04a3ba9ec23f55eb5e9 5e5dfa147c674b72258a4ddca23afbcfc4b37fa481404331fe8dc2f4acb74768
EXPORTER_SECRET b4f0d8fdfae83f3c92c65fb2a4e79f5f0686f3d63ed8b04a3ba9ec23f55eb5e9 487c8113250dcffcc16a2a4b86ae7a98bc8e5fa7a30f8a73bcedb83f7e64d775
CLIENT_TRAFFIC_SECRET_0 a7edc51b05f66e5bcf2981e68889be4f2dccb72e59e8462c903718d2ac052753 edf57ac205eb927c41c17b160107d00767def277f0daf81c40963b2a5ce4fa31
SERVER_TRAFFIC_SECRET_0 a7edc51b05f66e5bcf2981e68889be4f2dccb72e59e8462c903718d2ac052753 5f870bec14d9fd12cdf5aa0b08302b4079108dc91a589413432059025c8eacff
EXPORTER_SECRET a7edc51b05f66e5bcf2981e68889be4f2dccb72e59e8462c903718d2ac052753 7e21be5ba96d174b3a784672716095118450643d29bb02823f054e62cbd3be31
