CLIENT_HANDSHAKE_TRAFFIC_SECRET 8e0e34ba523b2a54491074fc6ad340420ceb7b076e71a91e56574efc735a4b28 3bdc1d7a64a5ea952f8cf1209246bc016789c49304fdedbb020f1d6fa18037c2
SERVER_HANDSHAKE_TRAFFIC_SECRET 8e0e34ba523b2a54491074fc6ad340420ceb7b076e71a91e56574efc735a4b28 aa73d46f40d50aa00d6e332565a73c8ff0687544b1f1732003231fb00afbc55e
CLIENT_TRAFFIC_SECRET_0 8e0e34ba523b2a54491074fc6ad340420ceb7b076e71a91e56574efc735a4b28 070936e0ee4178094b59658958cafca160c269f54d5ee9b6cebd4ed12e1409a4
SERVER_TRAFFIC_SECRET_0 8e0e34ba523b2a54491074fc6ad340420ceb7b076e71a91e56574efc735a4b28 f092e52666d704808bbc508762af8003abef1e30486832e266e9a498dbeb0569
EXPORTER_SECRET 8e0e34ba523b2a54491074fc6ad340420ceb7b076e71a91e56574efc735a4b28 72ea727af3616fa08f74e0c4f51eb5ee0292f88a3d948acf70d8464adcb37c4c
CLIENT_HANDSHAKE_TRAFFIC_SECRET 16d6981815ffc52ac51d2db604adbd5de6dc725aa0bb461c36c6d72f7132c9bd 29b7d3586fa7a79a66715c0db4d3417921b7158d934cbe634054ea86919c1b9c
SERVER_HANDSHAKE_TRAFFIC_SECRET 16d6981815ffc52ac51d2db604adbd5de6dc725aa0bb461c36c6d72f7132c9bd 15a2d53d7e36183c6035acecfc0cecc094051d825ff58754bf9809b5bf764dec
CLIENT_TRAFFIC_SECRET_0 16d6981815ffc52ac51d2db604adbd5de6dc725aa0bb461c36c6d72f7132c9bd 08276b78269dee5ce756f87bb4610ebe7118f419bcf8d6addcaecd39a71da988
SERVER_TRAFFIC_SECRET_0 16d6981815ffc52ac51d2db604adbd5de6dc725aa0bb461c36c6d72f7132c9bd 60b3dd277a1869259049c25c69ef044f81b288d4a0e390acadc2c0ecc95dd314
EXPORTER_SECRET 16d6981815ffc52ac51d2db604adbd5de6dc725aa0bb461c36c6d72f7132c9bd 7128fdd2081f621ac484d5fc2b128f20ae83fd5c3816e635e842294b96591042
CLIENT_HANDSHAKE_TRAFFIC_SECRET c5f1eecebc48da2829414eaa5358cbe4a2dd2e88d658024312e4847337e5b61d ec96ddb634508bf6291d4619dbe9f2f6fd56b4553030b5cab83ad66bff3f1f7d
SERVER_HANDSHAKE_TRAFFIC_SECRET c5f1eecebc48da2829414eaa5358cbe4a2dd2e88d658024312e4847337e5b61d d7e048afaea43c60af77df175e1d97ca5a68b7c48138c53f3fe26f64b6b8c92a
CLIENT_HANDSHAKE_TRAFFIC_SECRET 632878cd9f51952bdaf51e559aa5f478b087587dc5539af7e55480e14affb4ac c018eba7dc3f2df950c6c1275d60048af4796cf0677862477d0f88dd30baf33a
SERVER_HANDSHAKE_TRAFFIC_SECRET 632878cd9f51952bdaf51e559aa5f478b087587dc5539af7e55480e14affb4ac 1470593edd24c740c90cabc72c22e446f19b487d5b787036b466fd1dddfe64bf
CLIENT_TRAFFIC_SECRET_0 c5f1eecebc48da2829414eaa5358cbe4a2dd2e88d658024312e4847337e5b61d e343f02e963d54c527212f0a891297d35d94f00d94e1263a43772295bc7adc12
SERVER_TRAFFIC_SECRET_0 c5f1eecebc48da2829414eaa5358cbe4a2dd2e88d658024312e4847337e5b61d 5b47017bed0d212bc56a3647ec784546cca1bd07e7305039d18b512803c3e640
EXPORTER_SECRET c5f1eecebc48da2829414eaa5358cbe4a2dd2e88d658024312e4847337e5b61d a4e2aa35623ee639c47a2fb66db05e1e6774e7337012d11a079686976f353ed4
CLIENT_TRAFFIC_SECRET_0 632878cd9f51952bdaf51e559aa5f478b087587dc5539af7e55480e14affb4ac 10c3fc7e7f5aeb9259e435124148a2f9e923d9208ab9cf451236645305539f60
SERVER_TRAFFIC_SECRET_0 632878cd9f51952bdaf51e559aa5f478b087587dc5539af7e55480e14affb4ac 98f8aad575876bbcf89f27f8c15ecd305d912735185539d867c78a37ced950c2
EXPORTER_SECRET 632878cd9f51952bdaf51e559aa5f478b087587dc5539af7e55480e14affb4ac 24ffa2f2ced4a5c11144425ed248c4f8186e311f1bbc3c81879723679bce8566
CLIENT_HANDSHAKE_TRAFFIC_SECRET a8a67854cfbae0c03e654f83d15ebc63f732dbdf7f528c544c5722615fe61b8c 60f089aabf7a1771650dd60ed42bbcb668d170b9d1f9e52e03153ac46df1bba2
SERVER_HANDSHAKE_TRAFFIC_SECRET a8a67854cfbae0c03e654f83d15ebc63f732dbdf7f528c544c5722615fe61b8c b62e1a5a79996d3b4e22a5b80fe54945c07a0deec33954516d293bf9c190ed9d
CLIENT_HANDSHAKE_TRAFFIC_SECRET f12e4f4f6ebcaf359ba274ddba6d2f74c9e6eec82a8c2c83c752e3deb5d8c9a3 3a09a6c92fdbf2f595d2a0a6085b9c86d055084bf2f2a6108dd420d18ed46f22
SERVER_HANDSHAKE_TRAFFIC_SECRET f12e4f4f6ebcaf359ba274ddba6d2f74c9e6eec82a8c2c83c752e3deb5d8c9a3 e5d00b48bb004ea2e2fc2c11fafd1ee3dee82d934ad22b584dee5a87bbf5857c
CLIENT_TRAFFIC_SECRET_0 a8a67854cfbae0c03e654f83d15ebc63f732dbdf7f528c544c5722615fe61b8c 6910a49adeb5433eca28f37162bb7cba9fb8faa96128e983130e45384ecdbd85
SERVER_TRAFFIC_SECRET_0 a8a67854cfbae0c03e654f83d15ebc63f732dbdf7f528c544c5722615fe61b8c 05be56067434dfed4b480e442e3dc9833f60b4f583b1ae530b616edc8954b42e
EXPORTER_SECRET a8a67854cfbae0c03e654f83d15ebc63f732dbdf7f528c544c5722615fe61b8c 246c204a85b5fb460b2f00541a6ef5443e13e4aa90182d9cf2e63bdcfcc64012
CLIENT_TRAFFIC_SECRET_0 f12e4f4f6ebcaf359ba274ddba6d2f74c9e6eec82a8c2c83c752e3deb5d8c9a3 d018fad6d2b9649552fa556ca2737b2c5a6ea9d60857fb258d0a5d052be25b9f
SERVER_TRAFFIC_SECRET_0 f12e4f4f6ebcaf359ba274ddba6d2f74c9e6eec82a8c2c83c752e3deb5d8c9a3 ac06531af8abf40d8bc8415e6787ceb20d16e3e8ad46ce1350d2cbeb6e0699be
EXPORTER_SECRET f12e4f4f6ebcaf359ba274ddba6d2f74c9e6eec82a8c2c83c752e3deb5d8c9a3 08f3e5c8ea40e32edf403a830c6bd8fb931bb42a4211a96c291bf2bc151e9473
