CLIENT_HANDSHAKE_TRAFFIC_SECRET 529a71052389a5e9115eba23e19723b6b3a49d70f75402db2578cde11d19db56 36c41e9ba949cd3231ab6b443fc773f30ec86fa0e50d8b0038737689e7b11158
SERVER_HANDSHAKE_TRAFFIC_SECRET 529a71052389a5e9115eba23e19723b6b3a49d70f75402db2578cde11d19db56 2bbc14886477803b9f0195156a0c701201a021c3195f6301101abccce6f012f9
CLIENT_TRAFFIC_SECRET_0 529a71052389a5e9115eba23e19723b6b3a49d70f75402db2578cde11d19db56 dac5127895f93de0bba4ed66b367e16153f01acfc4b814aff7dd500ed1311c28
SERVER_TRAFFIC_SECRET_0 529a71052389a5e9115eba23e19723b6b3a49d70f75402db2578cde11d19db56 3b5e483134e0f55f88b12197c2d6c34b9284a54dd56be709475acc8fe1a4afdf
EXPORTER_SECRET 529a71052389a5e9115eba23e19723b6b3a49d70f75402db2578cde11d19db56 237ec7c27cf7af21f1662bad954b95de00b9c3d6a4968cbef65b2d8bd029bc39
CLIENT_HANDSHAKE_TRAFFIC_SECRET 2b4484477d948eb982995319e29fe7ee33ba53b3a44e54ce904ad731ff3505f0 16085f0294c50077b4ab2b3f6ed320fcecee4846b7e0ece3ce67da1b5c65938a
SERVER_HANDSHAKE_TRAFFIC_SECRET 2b4484477d948eb982995319e29fe7ee33ba53b3a44e54ce904ad731ff3505f0 3d68d41eb04c4b10523b7d372e4cd63105d56bcfa6b5c1ad9cf537c2bd5e9140
CLIENT_TRAFFIC_SECRET_0 2b4484477d948eb982995319e29fe7ee33ba53b3a44e54ce904ad731ff3505f0 8647f5979009c79d322c18fb99a15591e1117a9d3c03c31bb905272d81a3c8fc
SERVER_TRAFFIC_SECRET_0 2b4484477d948eb982995319e29fe7ee33ba53b3a44e54ce904ad731ff3505f0 de558ac830a8979fd7158483276bda97c4f2ba55511e18b9962d24bd3f4a789e
EXPORTER_SECRET 2b4484477d948eb982995319e29fe7ee33ba53b3a44e54ce904ad731ff3505f0 681b8bde516cb832e65be493d2c2f071321b2afdde26815027aa6c5643fba289
CLIENT_HANDSHAKE_TRAFFIC_SECRET e63bb6b92210a4f5bdbb9ed5cd4e7559e9be39ac7149e691cc39f334190f4450 9e859e33621c79ad6ac51c7fbc5a2e326db146fe5fc9dbf0f406671f4d234718
SERVER_HANDSHAKE_TRAFFIC_SECRET e63bb6b92210a4f5bdbb9ed5cd4e7559e9be39ac7149e691cc39f334190f4450 ded4ff54d73c34980601e882b5d83ebfc04afb50432e07557ec91eabbc62310a
CLIENT_TRAFFIC_SECRET_0 e63bb6b92210a4f5bdbb9ed5cd4e7559e9be39ac7149e691cc39f334190f4450 7526af2fd5e3edae7fea60349f795a6fa6694a03f858f79b274b0125f02cfcf4
SERVER_TRAFFIC_SECRET_0 e63bb6b92210a4f5bdbb9ed5cd4e7559e9be39ac7149e691cc39f334190f4450 a28bf87b389406c448731982fb19af2fe8d351899e3b465670e96cb4f6446c6b
EXPORTER_SECRET e63bb6b92210a4f5bdbb9ed5cd4e7559e9be39ac7149e691cc39f334190f4450 91c707ea3f8a8c14c699df9ca9d9aca6d0361b9ee4199f17ef4717cf0944a091
CLIENT_HANDSHAKE_TRAFFIC_SECRET 1bab8897aa279ccad75eb6ec3dd1946d2f9c40e30b53806617bca3cb9652a1af 8c84e7df87f639d6a0c6502460781d41ad2ea7a2273a7c10937e8db226789acb
SERVER_HANDSHAKE_TRAFFIC_SECRET 1bab8897aa279ccad75eb6ec3dd1946d2f9c40e30b53806617bca3cb9652a1af 36674ba70aa799dcce0fe2de6c6c3cced2b9a7b241034b1518fbff45e3fd253c
CLIENT_TRAFFIC_SECRET_0 1bab8897aa279ccad75eb6ec3dd1946d2f9c40e30b53806617bca3cb9652a1af 71a6ce48889918b7c92b5529f03aaf01af0a7a314b58968577f3181164f4bece
SERVER_TRAFFIC_SECRET_0 1bab8897aa279ccad75eb6ec3dd1946d2f9c40e30b53806617bca3cb9652a1af 507f1bc9ed3af6e0524d706809dce0dea16155aa30ac24eec795e597cbd0084b
EXPORTER_SECRET 1bab8897aa279ccad75eb6ec3dd1946d2f9c40e30b53806617bca3cb9652a1af f052c8f95c7dbc393c2d4cd74364e171a7086dd0478c3d24b0c0e0b3542751f6
CLIENT_HANDSHAKE_TRAFFIC_SECRET 4df3595cb9e79e14604979343057e76e87f08a47161833e8768ecf513a38301b 94ef7f4ee89725796f70d09496bdccd8116ab29ed664d85cef13996dde5d8887
SERVER_HANDSHAKE_TRAFFIC_SECRET 4df3595cb9e79e14604979343057e76e87f08a47161833e8768ecf513a38301b bac418296b65c418e3a4a0359619f4060b2fdaa11e8d93c15d4aa5a0e4e20c84
CLIENT_TRAFFIC_SECRET_0 4df3595cb9e79e14604979343057e76e87f08a47161833e8768ecf513a38301b 9340c4476b62cfb4624bcdf892200cb466fdfc7e1bf91e44a23eb0e5f1a86f56
SERVER_TRAFFIC_SECRET_0 4df3595cb9e79e14604979343057e76e87f08a47161833e8768ecf513a38301b ae042264127911aa66c0f8dbb137864ed7b84122dc5f6eee72bfb3840f87a6d0
EXPORTER_SECRET 4df3595cb9e79e14604979343057e76e87f08a47161833e8768ecf513a38301b 9447d5dbd7e9b0383749d1c3959f7d45fc77480699f28214abcc4a22417926b0
CLIENT_HANDSHAKE_TRAFFIC_SECRET f0692c73b6a44f83ba82c26449bb21dea217d28d9c422b1d786c8fd3a5ae3fbf b15ce35eb359614cdc0608feffb2a15ac7ddfb77877652a7f70eb4c5a3a97a1f
SERVER_HANDSHAKE_TRAFFIC_SECRET f0692c73b6a44f83ba82c26449bb21dea217d28d9c422b1d786c8fd3a5ae3fbf c396394dac007816b922f6a183aa432e8d2dc65422f48f66802a00cce0fc8c39
CLIENT_TRAFFIC_SECRET_0 f0692c73b6a44f83ba82c26449bb21dea217d28d9c422b1d786c8fd3a5ae3fbf be23c99c1ed9b1e7eb21eff73b60f3d9ad798319ad320bbcf814f386bbd04441
SERVER_TRAFFIC_SECRET_0 f0692c73b6a44f83ba82c26449bb21dea217d28d9c422b1d786c8fd3a5ae3fbf 8378360747797fd745ac9946688ba968a253eb1459f20382cc3c4eb7a4d9576d
EXPORTER_SECRET f0692c73b6a44f83ba82c26449bb21dea217d28d9c422b1d786c8fd3a5ae3fbf d5bf259ffacb221409d73573d67a40ac61336705ae2280d4012ee3f5e20c7970
CLIENT_RANDOM e9a86da56faa2476b62554676174691dd63dc75f97768f267f0944c785cc406e 46d1c2df2cd41ae95bcd4a8a4901be9e035bb92cabc9b8d9bf24e188b3a8b4c169e8530e39ae7dff84ce27a976aa4a99
CLIENT_RANDOM 449972ff81ed154bb6cebed0aea42009938d31447ae8da7baa8fa7c1e8e99f9c ca287a63c93df1e535a9d57de9ac88cec9ac397db7756642ade39ffd2b7fe137063466cc0d1080894a36c13539ae6f4e
CLIENT_RANDOM 93d2d19e48ca565493ab62f93c671ffe33cd6d1513c306ce581a9131236d3862 913eee323e5350691421998d931e047e8cbe919a46656ca14e54386c6b4eb7de9ec97c32f517fdce68b530953b4921d1
CLIENT_RANDOM 657f553b8c045954c5ee84db9558dedf086d3936de6ce7fc8bc5935095dabff3 7362727100573d8705c69573f6dea6d82f108b53bdb577c1eab782e7049244c15bdbf3fb2238633aff1b7edbd325270e
CLIENT_RANDOM ba231b2c2dae6f195c6f067f7249edf93409e3baf52a03c5bcb42ba30722064d 97be75949f28e03935e1ebdd3dd2c8e26382d110f790edd3b45cc964ec2e047837eddf9fce9b7aa137b701a5b8698b1c
CLIENT_RANDOM c4570b42ab39d6c252a3a507fe08e54403d6c4f750a756bdaf7560934c47b929 879b39528cb31e9180d6cbb5ebeaf1eb63fd13e2c9924b56ae698ed6be138c0b6478296210f79d67d21b6525c0b635bf
CLIENT_HANDSHAKE_TRAFFIC_SECRET 7f98b93b7c682ca3349da856e17723a4cc6a50194844e154e853eb0167345520 0728ed024bd78a131b1dc84bf6202d63f7fef0ba78016c746ccaf588144a88ca
SERVER_HANDSHAKE_TRAFFIC_SECRET 7f98b93b7c682ca3349da856e17723a4cc6a50194844e154e853eb0167345520 ce0f0fa36652af59bd73bb80b02317de9ce5fdecb2f401c81c14e31e0d4fdfd1
CLIENT_TRAFFIC_SECRET_0 7f98b93b7c682ca3349da856e17723a4cc6a50194844e154e853eb0167345520 c82a909057ae862b33eb388fe6cbc8c4f6fc7ba4b8ff4613be63132a365298f2
SERVER_TRAFFIC_SECRET_0 7f98b93b7c682ca3349da856e17723a4cc6a50194844e154e853eb0167345520 5a3016e86351a235fa103cde946795d95052ee6e14da99449c3fe0a7cfcd1d44
EXPORTER_SECRET 7f98b93b7c682ca3349da856e17723a4cc6a50194844e154e853eb0167345520 66ce1f0a3811975b06d61db9ff181ace160bf4ac102d911338b91a4853fb0e5e
CLIENT_HANDSHAKE_TRAFFIC_SECRET d159d274c2d134ea5f74b1835d4f9b8f4701377da4a4eabfb9089775a4ef04bb 6066518f171fd2b2e74ffa1c5b69683b80f0f233c1ccbb39c25759bce581f7b1
SERVER_HANDSHAKE_TRAFFIC_SECRET d159d274c2d134ea5f74b1835d4f9b8f4701377da4a4eabfb9089775a4ef04bb fa7980f3e904ce69bebc5f6d3495a3272c6fa539f862a925145aa52792230b29
CLIENT_HANDSHAKE_TRAFFIC_SECRET a30c6c458c1b6674c4855ca8ca394d885f0e3a2fdac2eea3b7c87f4614472e67 3a0dfb2bee83bf78e0b7912e8941af32747691aefd9f3cd118bff27b3df6466d
SERVER_HANDSHAKE_TRAFFIC_SECRET a30c6c458c1b6674c4855ca8ca394d885f0e3a2fdac2eea3b7c87f4614472e67 141fccbd7f4eeb8c1768ba62f83ce26b3056971553c9ca3f3326b9045f2bffa8
CLIENT_HANDSHAKE_TRAFFIC_SECRET 6f7fd1b47bb2ea74e3be8a88908977c4546dd81c8ca02d164fe52c58df87c614 03088703c5ba553dd655b1426dd8c02f613020d5f7300809d80ed0cd8bca1227
SERVER_HANDSHAKE_TRAFFIC_SECRET 6f7fd1b47bb2ea74e3be8a88908977c4546dd81c8ca02d164fe52c58df87c614 7a11ffb5b8245117883f8331087ff2058f342a03dbfc4c101295ed92b2d3c386
CLIENT_TRAFFIC_SECRET_0 d159d274c2d134ea5f74b1835d4f9b8f4701377da4a4eabfb9089775a4ef04bb a4da8382c002c8afe9ed886afa4c84cf430da48115619e2df871d8c847c7622b
SERVER_TRAFFIC_SECRET_0 d159d274c2d134ea5f74b1835d4f9b8f4701377da4a4eabfb9089775a4ef04bb 9918448176cdb9084eef110ddfa5922259f9631bb53171f6b9096ac7f1c22682
EXPORTER_SECRET d159d274c2d134ea5f74b1835d4f9b8f4701377da4a4eabfb9089775a4ef04bb 47e9587b24b8530a5ec909cb8ce831947ffc76d7be54dad0ee20b9782404b7af
CLIENT_TRAFFIC_SECRET_0 a30c6c458c1b6674c4855ca8ca394d885f0e3a2fdac2eea3b7c87f4614472e67 33b85b346864b58971a99278aa305a6893a9d7a97adbae6c89644588627b1d2b
SERVER_TRAFFIC_SECRET_0 a30c6c458c1b6674c4855ca8ca394d885f0e3a2fdac2eea3b7c87f4614472e67 894167cc962b23eca847ac5518351ec4d5eba55bedcc5df108286563c64e4896
EXPORTER_SECRET a30c6c458c1b6674c4855ca8ca394d885f0e3a2fdac2eea3b7c87f4614472e67 d0b4ba6b13008861221869404efb607dc4994ae06d353b8093e1783d66906175
CLIENT_TRAFFIC_SECRET_0 6f7fd1b47bb2ea74e3be8a88908977c4546dd81c8ca02d164fe52c58df87c614 c72011196345cd4ccfc8cac30f46b6601629557630ae6a2f5feb6d8b3ae233d5
SERVER_TRAFFIC_SECRET_0 6f7fd1b47bb2ea74e3be8a88908977c4546dd81c8ca02d164fe52c58df87c614 706904b52b2ff91bfb9af59fec4a706c2713ba5bd888c1751b2e7774c20eed54
EXPORTER_SECRET 6f7fd1b47bb2ea74e3be8a88908977c4546dd81c8ca02d164fe52c58df87c614 a4f3e95afd042cdfe3c4acf1c8ee9bac6cabc4f007aed6849370cb5ec530f8e0
CLIENT_HANDSHAKE_TRAFFIC_SECRET 29dbe0d3d126644450a7287d3809c0788233b8f29612da48ef7d3e64568b34e7 7ccbb130b9f92e564f635059dc6221fc8b92111f3a4659ac8ac58c747bceca3d
SERVER_HANDSHAKE_TRAFFIC_SECRET 29dbe0d3d126644450a7287d3809c0788233b8f29612da48ef7d3e64568b34e7 e8bcbc25f3bbc96401b42e464498db7e3fab2cdb2ff221c4f796bc85ddb8bd52
CLIENT_TRAFFIC_SECRET_0 29dbe0d3d126644450a7287d3809c0788233b8f29612da48ef7d3e64568b34e7 5666a7d50b2428bf8569cffd22be777adcb5ad2e93c427f4ad1db2d78cfbb7a9
SERVER_TRAFFIC_SECRET_0 29dbe0d3d126644450a7287d3809c0788233b8f29612da48ef7d3e64568b34e7 dda334a2b74d5dc103329bf7df53f35678f3f430fab812e32874d42743108178
EXPORTER_SECRET 29dbe0d3d126644450a7287d3809c0788233b8f29612da48ef7d3e64568b34e7 2a529f5397e89da2f72df5b9e972c16495540f6b14a978f3df203b117fefe7bd
CLIENT_HANDSHAKE_TRAFFIC_SECRET 35b9fd54300e10544c579b112e2e624194bd2633a629676f54fda46540e0e9d4 a7ee81e81465c8b0ed094888a430fb3077f0e3501f3f4851d5053cbc70bb8bb1
SERVER_HANDSHAKE_TRAFFIC_SECRET 35b9fd54300e10544c579b112e2e624194bd2633a629676f54fda46540e0e9d4 002836355ed0cb5d64a815fab26c9c3b9f52ca5c692fc3e3309d5e6b01035465
CLIENT_TRAFFIC_SECRET_0 35b9fd54300e10544c579b112e2e624194bd2633a629676f54fda46540e0e9d4 a3605bbdf34ca9bce943d7231921f6b3c6c85128ca69a39e3975bec20f73d7dd
SERVER_TRAFFIC_SECRET_0 35b9fd54300e10544c579b112e2e624194bd2633a629676f54fda46540e0e9d4 fe3ea8de214ae68e5a6f0eaf4db8f0cbcab822f228ba4f2331409b680f6e7e75
EXPORTER_SECRET 35b9fd54300e10544c579b112e2e624194bd2633a629676f54fda46540e0e9d4 4f70464dfb81eeef71ba1b0b67a44f6ba64c69610536530eee71d208e7e7b14e
CLIENT_HANDSHAKE_TRAFFIC_SECRET def2645a58ae47228238dea62cf2741d36964f91b45182a6ebdbd3da403f8ea0 7621a883935785bc44c52a01f2ad32706382d90194f2dfd35eafb526d2ad48c2
SERVER_HANDSHAKE_TRAFFIC_SECRET def2645a58ae47228238dea62cf2741d36964f91b45182a6ebdbd3da403f8ea0 ae360a310b30bcbe841c0af4c6a3984c52197a721d218315b04dac0c63abdd21
CLIENT_TRAFFIC_SECRET_0 def2645a58ae47228238dea62cf2741d36964f91b45182a6ebdbd3da403f8ea0 194df45b193cae97050a51d78a121e91585f81f3b5b34f045cda5339d85974d1
SERVER_TRAFFIC_SECRET_0 def2645a58ae47228238dea62cf2741d36964f91b45182a6ebdbd3da403f8ea0 26d86ae9a1b458e37fed64cbdaa7f7d119d38ac580b9dbf0fda0498e0b42aa39
EXPORTER_SECRET def2645a58ae47228238dea62cf2741d36964f91b45182a6ebdbd3da403f8ea0 5bd495ffaca774ec5f4de844b2928854ad2a8ba95eb028fbbcaf5388ff792897
CLIENT_HANDSHAKE_TRAFFIC_SECRET 7dcadb344f22c4413eb1e8516d02f0b8c6ec4d1380c6a0709b209f5082ee2897 155092f3f09909cd75f0f16277e6ea3b6acc46968603ff83bf8e68c5ae8075b2
SERVER_HANDSHAKE_TRAFFIC_SECRET 7dcadb344f22c4413eb1e8516d02f0b8c6ec4d1380c6a0709b209f5082ee2897 5843afd2fdc36960efc0f41d2daa2ce56a0e0be6bc81015dca622c4c37a872a4
CLIENT_TRAFFIC_SECRET_0 7dcadb344f22c4413eb1e8516d02f0b8c6ec4d1380c6a0709b209f5082ee2897 20bd781e672dd8abb2c1f0a93dad1e7456216da9069ebea3cb833d60d7038e15
SERVER_TRAFFIC_SECRET_0 7dcadb344f22c4413eb1e8516d02f0b8c6ec4d1380c6a0709b209f5082ee2897 7b2d206099c344b2f64fd80ebad618805b14d0fb1618beb9b71f9943e4de91f7
EXPORTER_SECRET 7dcadb344f22c4413eb1e8516d02f0b8c6ec4d1380c6a0709b209f5082ee2897 1ec0de1c6b52af5a1837d43b5fb5189c0c866fe8b2765660162d940273ab1050
CLIENT_HANDSHAKE_TRAFFIC_SECRET 4527f96fe41b607ecd5c9d45ba76a8d157805a54d1280b25421e2de34eb478d8 a9f981933921ed7f8b07c138faa1ccda2df4207c9180367eeddefe12300cd867
SERVER_HANDSHAKE_TRAFFIC_SECRET 4527f96fe41b607ecd5c9d45ba76a8d157805a54d1280b25421e2de34eb478d8 d5dcff37605f8cbfa893588c498a08e20dc8401231ee9dc3af6f55be864f8784
CLIENT_TRAFFIC_SECRET_0 4527f96fe41b607ecd5c9d45ba76a8d157805a54d1280b25421e2de34eb478d8 b07feec8f2252fac97df7391a279feabe83928e70335b197aa8097932fdf58b2
SERVER_TRAFFIC_SECRET_0 4527f96fe41b607ecd5c9d45ba76a8d157805a54d1280b25421e2de34eb478d8 649c5c2fd09d728d651d0e04aa0b65f5ac512bf4e475446ded7d2fba76dc396f
EXPORTER_SECRET 4527f96fe41b607ecd5c9d45ba76a8d157805a54d1280b25421e2de34eb478d8 64921d16806a49ea37c4589ab2d39196342dd82b796f265ecf2dbbc3be4a07c2
CLIENT_HANDSHAKE_TRAFFIC_SECRET e7197964d35e0fa0d8e179279fca558a751e8fee1af55b0a90079788cab6c744 1166c3f502bfedfa98ff7ccdb94b4a8a2e2a104172009064c2403f3267da1f5c
SERVER_HANDSHAKE_TRAFFIC_SECRET e7197964d35e0fa0d8e179279fca558a751e8fee1af55b0a90079788cab6c744 26e9fa41709b0947c45a6036c0fbe39beaa26db9698c5502c591d1d9cd063683
CLIENT_TRAFFIC_SECRET_0 e7197964d35e0fa0d8e179279fca558a751e8fee1af55b0a90079788cab6c744 74e71b27c1cea99034584906087187b0d07b874f03f06eb7460660719019acf7
SERVER_TRAFFIC_SECRET_0 e7197964d35e0fa0d8e179279fca558a751e8fee1af55b0a90079788cab6c744 c4c7d7133318e0857306ba27d6666054867d279a209dcfa1944c091101c54307
EXPORTER_SECRET e7197964d35e0fa0d8e179279fca558a751e8fee1af55b0a90079788cab6c744 cef68ff22a38b3276a9b610fda7c1dccafd2f24ddf2c6bbfbf9c991024ead8ac
CLIENT_HANDSHAKE_TRAFFIC_SECRET 5f3b8db0fccce64a22cb33b4890a13164c0fb575345c7c463b4034bdc8a0bb4d 5336316304459d203c50094fc8cbccb805ec15e8ac5ef317833926806995cff0
SERVER_HANDSHAKE_TRAFFIC_SECRET 5f3b8db0fccce64a22cb33b4890a13164c0fb575345c7c463b4034bdc8a0bb4d c3cbeeb0ff09cf8550b8dcfe549666c56f685bf670f36321c37e95c94a471c13
CLIENT_TRAFFIC_SECRET_0 5f3b8db0fccce64a22cb33b4890a13164c0fb575345c7c463b4034bdc8a0bb4d 84aedb759447993491d5701a75ac4c36af6429293d3bc21266e6119d308352a4
SERVER_TRAFFIC_SECRET_0 5f3b8db0fccce64a22cb33b4890a13164c0fb575345c7c463b4034bdc8a0bb4d bb808a2d6d862fa4041e21cc328c6cc1289a143a0a4f6f3d6d0955cada5536ff
EXPORTER_SECRET 5f3b8db0fccce64a22cb33b4890a13164c0fb575345c7c463b4034bdc8a0bb4d 4f4cd52474e5311d417331c015c73a20bb5394c29eaee972a039502d7e19a554
CLIENT_HANDSHAKE_TRAFFIC_SECRET d3c15b70ad9c36c9352691f5ac8604de0c1e012864bb7e96fa854c418d1cdf38 c4e01978b26efc790203ad12e85c196503749a0a2cc9caf78bf4b242338504ef
SERVER_HANDSHAKE_TRAFFIC_SECRET d3c15b70ad9c36c9352691f5ac8604de0c1e012864bb7e96fa854c418d1cdf38 c7e8f25a97e9c9c1f55fbb5f2d569ee4730bf3273f86e98fcff98c33e3a0de17
CLIENT_TRAFFIC_SECRET_0 d3c15b70ad9c36c9352691f5ac8604de0c1e012864bb7e96fa854c418d1cdf38 7f05433dbe0735205e79495fdf1eeea7ac419cbfdccea31136a0cd8f4d60a14d
SERVER_TRAFFIC_SECRET_0 d3c15b70ad9c36c9352691f5ac8604de0c1e012864bb7e96fa854c418d1cdf38 e66dca3b756c5a61e79b02570bb6f5ebb38135294d96ff59ea47a7faef81102d
EXPORTER_SECRET d3c15b70ad9c36c9352691f5ac8604de0c1e012864bb7e96fa854c418d1cdf38 44c7b2d5eaf97be7d564af76bff96fdf685e3fe13bf0bccb572629d70caa2328
