CLIENT_HANDSHAKE_TRAFFIC_SECRET 6285ff115b64f81d37911645fa5d98175fea4f157eff288d9e62c44ca417e786 c5463ca54bc8c3b0a577e59e574e213d4b3cb2975eb24f799ef35433f040ef48
SERVER_HANDSHAKE_TRAFFIC_SECRET 6285ff115b64f81d37911645fa5d98175fea4f157eff288d9e62c44ca417e786 53a35412fc81640106a4da18fdfbc30baa9476d092fbf00af472e771206dd465
CLIENT_TRAFFIC_SECRET_0 6285ff115b64f81d37911645fa5d98175fea4f157eff288d9e62c44ca417e786 fbb2bc445be0679194a992579f71b40cba463c4efaddc21311f96595f177ff13
SERVER_TRAFFIC_SECRET_0 6285ff115b64f81d37911645fa5d98175fea4f157eff288d9e62c44ca417e786 7f5e97afad73340ece151f415986016e6f8e32e0f952ada871cec466e9f7e3ae
EXPORTER_SECRET 6285ff115b64f81d37911645fa5d98175fea4f157eff288d9e62c44ca417e786 8a488ca19bc2218edbc4e8d1309010e25a0a0b67707780b9f316af4ce23a8b10
CLIENT_HANDSHAKE_TRAFFIC_SECRET 67d0a04fd98b0bee3b89fba5c576baf46fbaa9a6ee949ca02a03aa41f36a3c0d b193e027f35e3a9bb015255488ae39e26a1fe3372ceef93e9f50b6659fc75e74
SERVER_HANDSHAKE_TRAFFIC_SECRET 67d0a04fd98b0bee3b89fba5c576baf46fbaa9a6ee949ca02a03aa41f36a3c0d 917b8ad081985970bcbc5d73f2bc719c45744648fbb21b5345c6631343dfc40c
CLIENT_TRAFFIC_SECRET_0 67d0a04fd98b0bee3b89fba5c576baf46fbaa9a6ee949ca02a03aa41f36a3c0d 719ec5d1d1b4f2a962f66b875b01d6e6b3bf4dc4968c0ce207634fa95c5911da
SERVER_TRAFFIC_SECRET_0 67d0a04fd98b0bee3b89fba5c576baf46fbaa9a6ee949ca02a03aa41f36a3c0d b5d9344d6ceeb7c20cde015e35f291408b45fbe081e441b053aafc27ad513d64
EXPORTER_SECRET 67d0a04fd98b0bee3b89fba5c576baf46fbaa9a6ee949ca02a03aa41f36a3c0d d709cdbd8278f0834e56f64676daa611afb9473457f10c10510201ba9d9e7ff6
CLIENT_HANDSHAKE_TRAFFIC_SECRET dbfc4fc2e56df5b1eed79719d934a66c2abeb12a51016b03dd89b87c332e97a9 1a6f669afe92d35c63d0ca5ac5337736a8aea805b16a7ae9994b6fd9e151d7df
SERVER_HANDSHAKE_TRAFFIC_SECRET dbfc4fc2e56df5b1eed79719d934a66c2abeb12a51016b03dd89b87c332e97a9 1e3da574e40edfe74b6c9c650d2b96bc01c2bab62072ca98d5cf13482106d48b
CLIENT_TRAFFIC_SECRET_0 dbfc4fc2e56df5b1eed79719d934a66c2abeb12a51016b03dd89b87c332e97a9 ed5b372163be5e7bb1bce2ab3741421540cf2e98219074ea07a5c5a9ad1bb630
SERVER_TRAFFIC_SECRET_0 dbfc4fc2e56df5b1eed79719d934a66c2abeb12a51016b03dd89b87c332e97a9 f2e70080c14f21f934ca837ec4680949645a42e3c64bbdaafe8e4b6f9d10fd2a
EXPORTER_SECRET dbfc4fc2e56df5b1eed79719d934a66c2abeb12a51016b03dd89b87c332e97a9 14f72ad960d147344c20a215115438176c1cd6c225f0980b2bc65bba52bbce17
CLIENT_HANDSHAKE_TRAFFIC_SECRET 97d0be4017f058342d8fa064488592fd58fe544a0a913ab6c0e28f7577734670 96809327b1af26ee45e16be3bc696fbd938ed68666d644a3fa7708a5a5b6ca92
SERVER_HANDSHAKE_TRAFFIC_SECRET 97d0be4017f058342d8fa064488592fd58fe544a0a913ab6c0e28f7577734670 457c173c14af191f574caf2aa559636fadcc11c81a1102b58b75caf18ae86b74
CLIENT_TRAFFIC_SECRET_0 97d0be4017f058342d8fa064488592fd58fe544a0a913ab6c0e28f7577734670 9fd4d59e6d2ac54ae76fd37cd1b7157fc544d5e5fea5db419afd43e439d73c94
SERVER_TRAFFIC_SECRET_0 97d0be4017f058342d8fa064488592fd58fe544a0a913ab6c0e28f7577734670 3d9850d079aa74ddd52815c25a0c2b41fe677e733aa4cb59b9cf9f7ba9d77434
EXPORTER_SECRET 97d0be4017f058342d8fa064488592fd58fe544a0a913ab6c0e28f7577734670 f605ed7c5cb77613c2c34b06bbc2b09697673fec0004502e9ae8b491ad9487a1
CLIENT_HANDSHAKE_TRAFFIC_SECRET 59d4bde064eac32e76eb43ae4b8b73e623609531ea43ef9c8345d4fb24a2bf8f 8b62374c57eadb6cbc626f0fd8f9435ca3f25a748be401f614b97a3baac23bc2
SERVER_HANDSHAKE_TRAFFIC_SECRET 59d4bde064eac32e76eb43ae4b8b73e623609531ea43ef9c8345d4fb24a2bf8f 79df5047e62a07fcd090c5e8a89c9f8b4cddb6dda9b9956c63657dc53e15f652
CLIENT_TRAFFIC_SECRET_0 59d4bde064eac32e76eb43ae4b8b73e623609531ea43ef9c8345d4fb24a2bf8f 8bae5b3a7445110c24c3b50b45fa41f40dd3ce6f62bd5b072074aa8970bfb893
SERVER_TRAFFIC_SECRET_0 59d4bde064eac32e76eb43ae4b8b73e623609531ea43ef9c8345d4fb24a2bf8f 59e319eca5dd1c5ae0545002af41bbe68b3531c53d5e2527384cf0be42df8c5f
EXPORTER_SECRET 59d4bde064eac32e76eb43ae4b8b73e623609531ea43ef9c8345d4fb24a2bf8f f78649bd9dd3caaa6ffc290afc0ee41a65a79975ff783a4cceb38e43b037dcc8
CLIENT_HANDSHAKE_TRAFFIC_SECRET 89dd4f7229523e4d898cc5b596faa2220b05b208654f2614e32bfc05c78786dc b1e9b7aee4cce9141ecd2af59e625662650233fe47710cf2be3a8d6d8b67803c
SERVER_HANDSHAKE_TRAFFIC_SECRET 89dd4f7229523e4d898cc5b596faa2220b05b208654f2614e32bfc05c78786dc f845630c4963124989846935d31e38da02cbc05e02100f6cb8266eed27791dde
CLIENT_TRAFFIC_SECRET_0 89dd4f7229523e4d898cc5b596faa2220b05b208654f2614e32bfc05c78786dc e98a366e21f8226c5bc7f15163c78975f86112514dece905d3b6a1432e5ad3cf
SERVER_TRAFFIC_SECRET_0 89dd4f7229523e4d898cc5b596faa2220b05b208654f2614e32bfc05c78786dc c7af06b5ec9660b683bf233b33a1f5d9fd48d9389905dd2a727ec39e6c4ecdb2
EXPORTER_SECRET 89dd4f7229523e4d898cc5b596faa2220b05b208654f2614e32bfc05c78786dc 5c7658938ffc194c8533d62814d6af7078580ff8d82c691e7903706d62a1dd4d
CLIENT_HANDSHAKE_TRAFFIC_SECRET ae1307b74f9afcb25333ef921e3dbcef39286b88ec2f3ea58e1feacd7db43738 f65d37baf64b77be510c43eb495eca551d4b029ca994c2f975ea7b03bd1317d1
SERVER_HANDSHAKE_TRAFFIC_SECRET ae1307b74f9afcb25333ef921e3dbcef39286b88ec2f3ea58e1feacd7db43738 2de65c68de1c624560912f257a9ce78410e31f62517652c75eab9813dfcabb6d
CLIENT_HANDSHAKE_TRAFFIC_SECRET da20dd952f58e96c2b386d3939f76268e9fa96aa313f4bdb935d601b833e10e7 6c5057ef188f0a50361a386758c09da053214aae35434049aeceb829245a4664
SERVER_HANDSHAKE_TRAFFIC_SECRET da20dd952f58e96c2b386d3939f76268e9fa96aa313f4bdb935d601b833e10e7 ba1414e19f55437a497a53364bd7faf89709406027680bec55cfe44dc38263b4
CLIENT_TRAFFIC_SECRET_0 ae1307b74f9afcb25333ef921e3dbcef39286b88ec2f3ea58e1feacd7db43738 439631783af744442a05bf92b1524f52ac965c350caf533750b3d2c38d87be17
SERVER_TRAFFIC_SECRET_0 ae1307b74f9afcb25333ef921e3dbcef39286b88ec2f3ea58e1feacd7db43738 05e587293e53032895b61d561e72ebcfc03e9990ba5e2238d29e41cfe6517e78
EXPORTER_SECRET ae1307b74f9afcb25333ef921e3dbcef39286b88ec2f3ea58e1feacd7db43738 d5a84bec5a2e663a1834a909df3fef7671d38dbe8b0e7800515443486b1601df
CLIENT_HANDSHAKE_TRAFFIC_SECRET 1c087e9f58341a6efa2fceebd7f3f7e77c91a2f9ddbea226822a1515608459ad 1b20dc15ed3b0f02442907c0593b6395b94a41bed3e41b1649d1b6c9da4966e3
SERVER_HANDSHAKE_TRAFFIC_SECRET 1c087e9f58341a6efa2fceebd7f3f7e77c91a2f9ddbea226822a1515608459ad b91dba496d885637dcf6339e8b87c6938c8868c77b9da10ac6631a1fa3b4aa32
CLIENT_TRAFFIC_SECRET_0 da20dd952f58e96c2b386d3939f76268e9fa96aa313f4bdb935d601b833e10e7 d1dba3367ed060b0c1267ad22dc70a1d5be62a58d5098552e8e68a3dc9f186a8
SERVER_TRAFFIC_SECRET_0 da20dd952f58e96c2b386d3939f76268e9fa96aa313f4bdb935d601b833e10e7 718da37e16f7d23a1e09718ce5de6cd1b8cee25d7aeeebd6cd073b33478fdb8f
EXPORTER_SECRET da20dd952f58e96c2b386d3939f76268e9fa96aa313f4bdb935d601b833e10e7 6009a306f5d9982ccb09e95c2940d12e4246e8b31e574b715c7d0bbbfc2277ef
CLIENT_TRAFFIC_SECRET_0 1c087e9f58341a6efa2fceebd7f3f7e77c91a2f9ddbea226822a1515608459ad 404d1062e36b88a50e67b7c5e750271537fffd8b126e5100816baa3d27ef4754
SERVER_TRAFFIC_SECRET_0 1c087e9f58341a6efa2fceebd7f3f7e77c91a2f9ddbea226822a1515608459ad 61b597ad9273cf8cd25721db4b6c7d14e99c744e080be09bcf255b6547887095
EXPORTER_SECRET 1c087e9f58341a6efa2fceebd7f3f7e77c91a2f9ddbea226822a1515608459ad 1208b4ce54daf4ad02f7e86309c90229f7bd266e5abdb1ec93a614dfff070b9d
