CLIENT_HANDSHAKE_TRAFFIC_SECRET ff0c71d3881ff240cf165aee4819e7f551056c2f62c3630bbc6faeb9a47058cb b0ecc27008dbda199a12711417b34d81938dfbbd571c62011e04023302e81efd
SERVER_HANDSHAKE_TRAFFIC_SECRET ff0c71d3881ff240cf165aee4819e7f551056c2f62c3630bbc6faeb9a47058cb 8842d436918baa3de4b38de4c8cdb35b48a2fde4e173ed7a79631fa17378e761
CLIENT_TRAFFIC_SECRET_0 ff0c71d3881ff240cf165aee4819e7f551056c2f62c3630bbc6faeb9a47058cb 6e1d777965ec0d5af795a9c3decf50bac268f1eb7161000e8f5befff64bef92b
SERVER_TRAFFIC_SECRET_0 ff0c71d3881ff240cf165aee4819e7f551056c2f62c3630bbc6faeb9a47058cb 2eef9aa7b55a01a3bd8e40ebe7f41002eeeff7101006a27c04fa185c75e8c6e2
EXPORTER_SECRET ff0c71d3881ff240cf165aee4819e7f551056c2f62c3630bbc6faeb9a47058cb 5c06b4aa0d36d4213feb3bc6ee39a06d93f4fbef45af90273d569db8ef1046a3
CLIENT_HANDSHAKE_TRAFFIC_SECRET e82abb66e82be73ed49975ec0489b5f0bd2992914c7955eff67c1d96f46c1a0e ff6d5d93f9fca83380aba3e84b79c0a49e720d1e86b0f232fa1a9b3dca643b042d62979848d2abfaab28a6834531cb29
SERVER_HANDSHAKE_TRAFFIC_SECRET e82abb66e82be73ed49975ec0489b5f0bd2992914c7955eff67c1d96f46c1a0e 84fc2a52890026678c08e9fc1ee9f1c1b7dbe20de03363f06cb1aa7110da4cf2a8aa37625f5cf37323e448e57019346a
CLIENT_TRAFFIC_SECRET_0 e82abb66e82be73ed49975ec0489b5f0bd2992914c7955eff67c1d96f46c1a0e 536affd26289cb48a33f75a116fa9f84a22a7cacb153301fef170b855f807555d65f4c3a320c1469682da99d51e99276
SERVER_TRAFFIC_SECRET_0 e82abb66e82be73ed49975ec0489b5f0bd2992914c7955eff67c1d96f46c1a0e 2e76e15a37262a552ae49f0e682981bc6347daabbae243e64cbf9c2f4e51d04170d77a8412664e27840f778cc8d76637
EXPORTER_SECRET e82abb66e82be73ed49975ec0489b5f0bd2992914c7955eff67c1d96f46c1a0e 97091a5506993ccfaeca039750c9920b1663387c924c2858ca422026fbb8b323b891cf3301898bb198bd1d723fa5fa66
CLIENT_HANDSHAKE_TRAFFIC_SECRET dd4382062599335083d65159a065e775ca56b10913a1f3cc03d83addde8eefc3 3a778e1a85299c14d5e077e39d8cd78f9afb66a1c74b52a65c5f8e0bfaaa91c4
SERVER_HANDSHAKE_TRAFFIC_SECRET dd4382062599335083d65159a065e775ca56b10913a1f3cc03d83addde8eefc3 0f80c7940286229a92e3b363712f8f102e4e659a2b596bea343941874fa79783
CLIENT_TRAFFIC_SECRET_0 dd4382062599335083d65159a065e775ca56b10913a1f3cc03d83addde8eefc3 993e1cc1d7780b3ad8ccf405d784a2de0f09dd1eeb2564e2f9d779ee8c87fb08
SERVER_TRAFFIC_SECRET_0 dd4382062599335083d65159a065e775ca56b10913a1f3cc03d83addde8eefc3 0ee1ad0050018063033337ee5752566bd08e0afaad89a4b81bf44c9d4adfa311
EXPORTER_SECRET dd4382062599335083d65159a065e775ca56b10913a1f3cc03d83addde8eefc3 16964c15ca3b644b47b06bbf4d8a378d68029b81eb4247fb0607743f0ecb31e6
CLIENT_HANDSHAKE_TRAFFIC_SECRET ef776b2478dbfca0cbc4ea1da3de58005629e24337e66755442d73dc6dc4db01 6d5679c8fc1e7e6458f44baf9b075462db3c9beb69dee14137963de0f6324d09
SERVER_HANDSHAKE_TRAFFIC_SECRET ef776b2478dbfca0cbc4ea1da3de58005629e24337e66755442d73dc6dc4db01 f8965e1e618d388af9bd4e49f4a26f9da3ad7b3eca68e466ab5546ff18ef2d45
CLIENT_HANDSHAKE_TRAFFIC_SECRET 00781c63c863655c6e67dc6072fa57e2f1bcac780ad0ba9ee4dace615a65fc5a da79690c6e43503ca2d45750712ec7ff43764d13befdfc188ba2e1db338c8f4c
SERVER_HANDSHAKE_TRAFFIC_SECRET 00781c63c863655c6e67dc6072fa57e2f1bcac780ad0ba9ee4dace615a65fc5a f5463749ec54c2202b78fe2adb0055601465b1b1a07ae0a316242bc461f64a65
CLIENT_HANDSHAKE_TRAFFIC_SECRET 0480c1ef77067ee2c9f92d8dada28bf14cd9de2f374babba0c8f4ac79d62056e 4f452e9cc977c1ebdfefb390b2da616ba41f5ee74510edfc5ecbe8bb0ba3515a
SERVER_HANDSHAKE_TRAFFIC_SECRET 0480c1ef77067ee2c9f92d8dada28bf14cd9de2f374babba0c8f4ac79d62056e 81a88605f6023433e86a84c94d805dcd694495c2792d45391ce17731a4838e43
CLIENT_TRAFFIC_SECRET_0 ef776b2478dbfca0cbc4ea1da3de58005629e24337e66755442d73dc6dc4db01 8a94628c3a5e99ad6915076d2b24d62a3cade179f6e0d158fface7eebf5e1330
SERVER_TRAFFIC_SECRET_0 ef776b2478dbfca0cbc4ea1da3de58005629e24337e66755442d73dc6dc4db01 7ee01f84e835fd7e5d67eb66793ca41b55f7e1021685f3206fdaa5a946916a55
EXPORTER_SECRET ef776b2478dbfca0cbc4ea1da3de58005629e24337e66755442d73dc6dc4db01 3be327201fed94fcbbe2bacf0f130db2166c86c1505a58f04ed9ae4bb7385b2f
CLIENT_TRAFFIC_SECRET_0 00781c63c863655c6e67dc6072fa57e2f1bcac780ad0ba9ee4dace615a65fc5a 25b779d0e02d72aeeb0d67671feeb87a73d249ae385bdf3bb4a1e005960e97eb
SERVER_TRAFFIC_SECRET_0 00781c63c863655c6e67dc6072fa57e2f1bcac780ad0ba9ee4dace615a65fc5a 6f928aff268d5bd2bb5c3f453dfecf8cbbd81ac19b4a3344a9a9649fd424bf50
EXPORTER_SECRET 00781c63c863655c6e67dc6072fa57e2f1bcac780ad0ba9ee4dace615a65fc5a 8a24e7f9da094457252cf0b22d14a23688e4e3c07b7015f352bf34d350e3a940
CLIENT_TRAFFIC_SECRET_0 0480c1ef77067ee2c9f92d8dada28bf14cd9de2f374babba0c8f4ac79d62056e 6b1ed6c3715d0a46a793d2c0a48cdf5b42a649b926bfbd1f45e7ba30f6aac32d
SERVER_TRAFFIC_SECRET_0 0480c1ef77067ee2c9f92d8dada28bf14cd9de2f374babba0c8f4ac79d62056e a62e01d279304b29418146096a9bbf1984b08d9b8af8ab6ce213e984ad590e45
EXPORTER_SECRET 0480c1ef77067ee2c9f92d8dada28bf14cd9de2f374babba0c8f4ac79d62056e 7a780a3c71322fd2ec52080276ffe95c9cd39be2fa0af8321db8138a64a17377
CLIENT_HANDSHAKE_TRAFFIC_SECRET 1062ad36cd262b5aff45207ead31a02b1280ae81c95dfe7fc85a3e3113c8d75f 09f49b3300ce263912ae7f70437e551f44d7486fca1b05431d3e09b74036ff58
SERVER_HANDSHAKE_TRAFFIC_SECRET 1062ad36cd262b5aff45207ead31a02b1280ae81c95dfe7fc85a3e3113c8d75f cab419d62999587cda74dfadf217c5186e088ecba7992318519c8545f0da023a
CLIENT_TRAFFIC_SECRET_0 1062ad36cd262b5aff45207ead31a02b1280ae81c95dfe7fc85a3e3113c8d75f 9f072638a4121cb672e9bb178ddb5987b935c53a369fffca7077100da5bb52ea
SERVER_TRAFFIC_SECRET_0 1062ad36cd262b5aff45207ead31a02b1280ae81c95dfe7fc85a3e3113c8d75f c8dc64905da54a6f1d6ce71294422e9a3449f232c9df72c4db77143e95ca582a
EXPORTER_SECRET 1062ad36cd262b5aff45207ead31a02b1280ae81c95dfe7fc85a3e3113c8d75f cd1456f13ef55fd9e316e6e7b537fa9fa9269c921e48d5003d61fb4c37ae2a57
CLIENT_HANDSHAKE_TRAFFIC_SECRET 7b9886ef580bdd6407e1fb9001867c0347eef0e45d9da2c2747922507b62fe94 78a3d54b188ae7e3b5007f55fe894d6dc841291a3be8a6d6bf3e937c8d33cb6f
SERVER_HANDSHAKE_TRAFFIC_SECRET 7b9886ef580bdd6407e1fb9001867c0347eef0e45d9da2c2747922507b62fe94 ae3c374e116880004609758d0609a9dca9679f240531ae4fbe6be8b760a9b8c5
CLIENT_TRAFFIC_SECRET_0 7b9886ef580bdd6407e1fb9001867c0347eef0e45d9da2c2747922507b62fe94 065085559fd79784cd055edb2c6a48c99532159e0d4b3167f616af14f0bdbddc
SERVER_TRAFFIC_SECRET_0 7b9886ef580bdd6407e1fb9001867c0347eef0e45d9da2c2747922507b62fe94 8ae661b6eee12261d80605fd291c00943fff8a93f25266e87f3e06fb12493c7c
EXPORTER_SECRET 7b9886ef580bdd6407e1fb9001867c0347eef0e45d9da2c2747922507b62fe94 21142ee4c0a1009aceea5ea4a3504b98367dea3c52de9943f3bd4e4fcd6fe5ea
CLIENT_HANDSHAKE_TRAFFIC_SECRET 3179b7c5e900eb05e2a8c501b705927b03b68aa8a3908ec5d7977ed2bba08a78 7c5c34cdaa803dac9a59cae2848da54c70344f573a72ef3da19991912c3ee163
SERVER_HANDSHAKE_TRAFFIC_SECRET 3179b7c5e900eb05e2a8c501b705927b03b68aa8a3908ec5d7977ed2bba08a78 d37d4fe859a30f89882962043f39a38ec6929c7262a88479c28305a6c266dc25
CLIENT_TRAFFIC_SECRET_0 3179b7c5e900eb05e2a8c501b705927b03b68aa8a3908ec5d7977ed2bba08a78 87e73cf2f4a5cb37b0e4ab403ed651709659a0da450ac65301a1505afb13bdc4
SERVER_TRAFFIC_SECRET_0 3179b7c5e900eb05e2a8c501b705927b03b68aa8a3908ec5d7977ed2bba08a78 6a42d36b16c2abb018cd2329e77aeab262296d87fe7c34d67e46ec9b266fb539
EXPORTER_SECRET 3179b7c5e900eb05e2a8c501b705927b03b68aa8a3908ec5d7977ed2bba08a78 18430e531f35138a31d826fb078171d83d0e8fa70a67953adb377a24c68ac0b5
CLIENT_RANDOM d33168417b130594f73f3b149c75458c67014375e70a70d381ceaf4824060e98 74db2d905d1333c3bbfd42bc066925734514ca5f42887f619b1bb49a0a9e554548168af55843e0f576dae082180fc4fa
CLIENT_HANDSHAKE_TRAFFIC_SECRET f601bfd42c6e63d23d1b858198802ac550b084c5c6b753d3e3e3d8595b0f5d86 141da117d1b7a937d7273db9ba5db301abb50954aad2a19e108ba928c011374b
SERVER_HANDSHAKE_TRAFFIC_SECRET f601bfd42c6e63d23d1b858198802ac550b084c5c6b753d3e3e3d8595b0f5d86 b31f5464470035d5d18f6f9444bd199ca95797f5a32ac2ae4af529f46c271560
CLIENT_TRAFFIC_SECRET_0 f601bfd42c6e63d23d1b858198802ac550b084c5c6b753d3e3e3d8595b0f5d86 fb87c5ef4d95aa49576a44471df3781e6b6c558881166e6044fc79c39cd58b1b
SERVER_TRAFFIC_SECRET_0 f601bfd42c6e63d23d1b858198802ac550b084c5c6b753d3e3e3d8595b0f5d86 07cc5ffde915e8c4aa6435c8a7c6897555ef453e4a9854430f3205918314cd92
EXPORTER_SECRET f601bfd42c6e63d23d1b858198802ac550b084c5c6b753d3e3e3d8595b0f5d86 ac1642a6aae5d3b4bc50a746c9a070e10b8395aa5d5486765b86860765547094
CLIENT_HANDSHAKE_TRAFFIC_SECRET 6f2e5ed61b3d9024c33fab0a57281c4179cbc58150273a96a34788477d6771d8 762dd721e87c1b79ace2410ee8d4dafdeb603b2a237f89a6ed00566aa5255b4e
SERVER_HANDSHAKE_TRAFFIC_SECRET 6f2e5ed61b3d9024c33fab0a57281c4179cbc58150273a96a34788477d6771d8 39121b69073998f83b93360c9ebd8861143903b4197a7f3358354e9c63e2dcdb
CLIENT_TRAFFIC_SECRET_0 6f2e5ed61b3d9024c33fab0a57281c4179cbc58150273a96a34788477d6771d8 0020ae45670dbff7b7bbdfb375f957c406ec6fa8c0a15573a971ef5e39c79c4b
SERVER_TRAFFIC_SECRET_0 6f2e5ed61b3d9024c33fab0a57281c4179cbc58150273a96a34788477d6771d8 fdc7eae93fe344671c1ed5c6968f397f9c3dfc01e203056cc5c11019959fea05
EXPORTER_SECRET 6f2e5ed61b3d9024c33fab0a57281c4179cbc58150273a96a34788477d6771d8 25dcf859f56a5c908d818e25e9a62786d89b942607bacc1922dc807bee2ead3a
CLIENT_HANDSHAKE_TRAFFIC_SECRET cf522d1597395ac244b27aecac43485b7bc7302b52914032a47c7c537fecec14 e17ea0a4cea26fca6fdab31d777fcfc9b5cc470a409d3ad4732d82e32cee6c16
SERVER_HANDSHAKE_TRAFFIC_SECRET cf522d1597395ac244b27aecac43485b7bc7302b52914032a47c7c537fecec14 87b62a0d97947bc95a06a6f2f9f4f4926ebf87301e251754fdee89f0aac123e1
CLIENT_TRAFFIC_SECRET_0 cf522d1597395ac244b27aecac43485b7bc7302b52914032a47c7c537fecec14 2640ed2420a42b5bd86180035548081d219a559b440b33d27fe4e758363be7d8
SERVER_TRAFFIC_SECRET_0 cf522d1597395ac244b27aecac43485b7bc7302b52914032a47c7c537fecec14 42dbc75db2490e660c3ed7913226f3a8f9050dec5be3ef6f97c6ca87431d0219
EXPORTER_SECRET cf522d1597395ac244b27aecac43485b7bc7302b52914032a47c7c537fecec14 2cd565831703d62ab37c2a3593cd9924a9f746d92fd4cd3f0044df0332f3800d
