CLIENT_HANDSHAKE_TRAFFIC_SECRET 4d15e9823168b87188d4dbc19b039004b5458d886919651580dd73fc3a2bff10 3c84300ceb3196816df98e1475052650aa77b09b0836e36e6bf5648ca158cc07
SERVER_HANDSHAKE_TRAFFIC_SECRET 4d15e9823168b87188d4dbc19b039004b5458d886919651580dd73fc3a2bff10 593d18576a1941c93150240a90a998b76dd16bbb23a75eb131690f4f6df81d85
CLIENT_TRAFFIC_SECRET_0 4d15e9823168b87188d4dbc19b039004b5458d886919651580dd73fc3a2bff10 8217d31aff552181d6dfe8c056f1d77dd4caebaf629957a6bbad8f60178e8a2d
SERVER_TRAFFIC_SECRET_0 4d15e9823168b87188d4dbc19b039004b5458d886919651580dd73fc3a2bff10 e0b0ea728bf3a6e9a7ad7a2f974061d4f4f1e18e5a43566af92d69bd096c5ab8
EXPORTER_SECRET 4d15e9823168b87188d4dbc19b039004b5458d886919651580dd73fc3a2bff10 4603a2cf59179c5bba580d735409bc2dbc218984085d73687ff99cd86f53d81b
CLIENT_HANDSHAKE_TRAFFIC_SECRET 2033fc08222adf744e7c4a7f4de805e5a55eaebad1f654f1fdd61f2a39ffcfff e7075ac465119d780224c394daaef64a0759560a8ccce786004e7cb5b558aaf1
SERVER_HANDSHAKE_TRAFFIC_SECRET 2033fc08222adf744e7c4a7f4de805e5a55eaebad1f654f1fdd61f2a39ffcfff 8ef9603747c8c4da476c4e09706c6123dc2fa927f07f9c5cad480b4874eca60a
CLIENT_TRAFFIC_SECRET_0 2033fc08222adf744e7c4a7f4de805e5a55eaebad1f654f1fdd61f2a39ffcfff d947041d4d98bd7b713775992f41156097dae78638dac8d21063dfcbf7cb41ce
SERVER_TRAFFIC_SECRET_0 2033fc08222adf744e7c4a7f4de805e5a55eaebad1f654f1fdd61f2a39ffcfff 26cce76c77bd77d28c0ce0d9b207c0e03ac5b5b05fb7614245f2871a05692009
EXPORTER_SECRET 2033fc08222adf744e7c4a7f4de805e5a55eaebad1f654f1fdd61f2a39ffcfff 5e53de14b1f6d00bb16d6f713d583cf0e0f729f052a758467985255da5730fc2
CLIENT_HANDSHAKE_TRAFFIC_SECRET 281996f084ed5c4e57eaa49225f3a2cd0a5267928b5efb81664adc6842ae22ab 61cb930e62c2a4e122f776d5fd6307e40cadcb34b691eab9499ebc4dd7f691cf
SERVER_HANDSHAKE_TRAFFIC_SECRET 281996f084ed5c4e57eaa49225f3a2cd0a5267928b5efb81664adc6842ae22ab 12bd1339e661e35efdf1a899c40a5e086646d2962a672373a490ce569961e1f5
CLIENT_TRAFFIC_SECRET_0 281996f084ed5c4e57eaa49225f3a2cd0a5267928b5efb81664adc6842ae22ab a5c44aa1ea0e08befef5d8e8192cfe88f518a0b67c7e581c3ab23e4ce1ed18e7
SERVER_TRAFFIC_SECRET_0 281996f084ed5c4e57eaa49225f3a2cd0a5267928b5efb81664adc6842ae22ab cfd1676444012afad6502038999091cfaacd17cd7ddaacba502d191c2aea8d46
EXPORTER_SECRET 281996f084ed5c4e57eaa49225f3a2cd0a5267928b5efb81664adc6842ae22ab 994b7cacf0a5f6d69bf44b2afb25c38ccc353156e3d0110fd10d4aa982ada175
CLIENT_HANDSHAKE_TRAFFIC_SECRET 6c7bce1848208dff1349d931390f33bc1140f60e44ee4c6641c080d51a653d45 01742213ffc57f76744ef71487069b0164e84991f49556f80c947ed3b2df7f27
SERVER_HANDSHAKE_TRAFFIC_SECRET 6c7bce1848208dff1349d931390f33bc1140f60e44ee4c6641c080d51a653d45 ceacb29007b220b42e013f985bc33a37e29681d0665b8227206c1cb5765daa51
CLIENT_TRAFFIC_SECRET_0 6c7bce1848208dff1349d931390f33bc1140f60e44ee4c6641c080d51a653d45 ab75b4526cd810c9e162c72b9406694ac05d0ccb1fdaf56e7f6939d5430c5848
SERVER_TRAFFIC_SECRET_0 6c7bce1848208dff1349d931390f33bc1140f60e44ee4c6641c080d51a653d45 6e41cd20bb80ef1b35e69650f46bee9d9d4cac76a0e79fe7f148c217e6e9bdd2
EXPORTER_SECRET 6c7bce1848208dff1349d931390f33bc1140f60e44ee4c6641c080d51a653d45 1ed785e5180e46f2578b60bf617874d63ce3096afb15dde253d23f22aa0d1669
CLIENT_HANDSHAKE_TRAFFIC_SECRET 4dfb66b53557628c03af66371249ad36c139cedc9b75be505f81964129138d9b d2ab8b3bcc410e3324f1ab020950b626862f83c00290bd0587a9f3912bcf7a5f
SERVER_HANDSHAKE_TRAFFIC_SECRET 4dfb66b53557628c03af66371249ad36c139cedc9b75be505f81964129138d9b cc9bdb489edca1ac7b05b1bb394991ee9f413015e0003c776d0e0c5fbc1c4a73
CLIENT_TRAFFIC_SECRET_0 4dfb66b53557628c03af66371249ad36c139cedc9b75be505f81964129138d9b 862edb195d9a6f83e2fbfbe07211c726613e64d893958b5d77f826ae9b1d3e1d
SERVER_TRAFFIC_SECRET_0 4dfb66b53557628c03af66371249ad36c139cedc9b75be505f81964129138d9b 7587f6e73ee2199df02555c8ef5821cfa56644f3f9dcc4d473cc4f9c67bd6566
EXPORTER_SECRET 4dfb66b53557628c03af66371249ad36c139cedc9b75be505f81964129138d9b 396fcc8ab9b3d6c6d9426a6bfdca75f09446fa33eabd63ed7bdcace99ea99bf3
CLIENT_HANDSHAKE_TRAFFIC_SECRET a338d80cd92073452069248fb11088b69c07da4fdd8b02bc70c73fe45c4a3115 ae74308789b6281cf40c61743829b4ea93b873d555e3466a71ab10bd6985597b
SERVER_HANDSHAKE_TRAFFIC_SECRET a338d80cd92073452069248fb11088b69c07da4fdd8b02bc70c73fe45c4a3115 1ddd6fd09b3aec2ced152ac8f2ff7a0e1a4ac08ae216b3c9e0e298f5137bfbeb
CLIENT_TRAFFIC_SECRET_0 a338d80cd92073452069248fb11088b69c07da4fdd8b02bc70c73fe45c4a3115 b5341ee3f73730d52444df7476daf20b81edeb624a99faa19a3cb0b11d8128a3
SERVER_TRAFFIC_SECRET_0 a338d80cd92073452069248fb11088b69c07da4fdd8b02bc70c73fe45c4a3115 c81819d7ea27b5046ebe96414770b4e4cff54b907f13131b70e57abe4ab1f0fe
EXPORTER_SECRET a338d80cd92073452069248fb11088b69c07da4fdd8b02bc70c73fe45c4a3115 73f5a05b41042aa9220649c6c3de56c4c0cfb4e2300598b24996cff211c79aaf
CLIENT_HANDSHAKE_TRAFFIC_SECRET db8a729a39761fd75b27cdcfde36fe03191b6c8e3e3b7e005bed2756891d778e 893ebd08d8ae38e6bff6284ec7e3df4ea091f0ea9a7490dbfc835f116093f804
SERVER_HANDSHAKE_TRAFFIC_SECRET db8a729a39761fd75b27cdcfde36fe03191b6c8e3e3b7e005bed2756891d778e 29a738d916d91c542e7a4d30dc45b8237a96415738d05c2a2cdbf1e7f60c3f15
CLIENT_TRAFFIC_SECRET_0 db8a729a39761fd75b27cdcfde36fe03191b6c8e3e3b7e005bed2756891d778e 22087d2e341c11a18ca08004a15c7e8d2de6a210129ca29dc916c4d364819a32
SERVER_TRAFFIC_SECRET_0 db8a729a39761fd75b27cdcfde36fe03191b6c8e3e3b7e005bed2756891d778e 9b3a27efb91b70acc5b39196b3d2105f4b7717b8546df62dfe1d1f98c993a9f7
EXPORTER_SECRET db8a729a39761fd75b27cdcfde36fe03191b6c8e3e3b7e005bed2756891d778e 2eb5a35138f0e6c49a164c4cbeebf191c356c3e96d7a5a0bc9ae1008586dd720
CLIENT_HANDSHAKE_TRAFFIC_SECRET c5e927a58d20f621450c101e2363d930dcc7a319860a41ce49acc7da9c3e3282 de7838fe8d2a39f80e51756e4bd1487ebac324cc470adfde21aef13aa5cba1a9afd4981fb525520320179aa756ab1afd
SERVER_HANDSHAKE_TRAFFIC_SECRET c5e927a58d20f621450c101e2363d930dcc7a319860a41ce49acc7da9c3e3282 283f8db396f5af14dd1dac7f59cb25c7c68a5d41aff7d568e8bb8991e099dc365869d3ed6b7c625e42be530f7531d7d9
CLIENT_TRAFFIC_SECRET_0 c5e927a58d20f621450c101e2363d930dcc7a319860a41ce49acc7da9c3e3282 becdeeb3ac275f0d5ad5685f4a85440d204067de1947fc9203989ebee5c7a3d3ef9faf4e251065178264279be551221a
SERVER_TRAFFIC_SECRET_0 c5e927a58d20f621450c101e2363d930dcc7a319860a41ce49acc7da9c3e3282 8bda8ec60c2c4ef8958e3f1f4437272d382bb80cf36a29f61fc9e2b49288d609cc0227f6aaa5c72c73ddb9e9fe61e73a
EXPORTER_SECRET c5e927a58d20f621450c101e2363d930dcc7a319860a41ce49acc7da9c3e3282 1141fd2d4626a1d64212fd0d21f75749108cb8749ff009bd0a630a7df2d8927b01933a650ad38732bbec32c1a4108f2c
CLIENT_HANDSHAKE_TRAFFIC_SECRET 5a6bb1f78afde42e87ccfa72dbcc3cbb9a7ab7219265de575552bf69d273a542 a6e61617ea89b9268bafeabc81f8b1f4096c578ad6e9b3e92e3aa8b3fc2d584a
SERVER_HANDSHAKE_TRAFFIC_SECRET 5a6bb1f78afde42e87ccfa72dbcc3cbb9a7ab7219265de575552bf69d273a542 4e4bdd9683497d587cb14e557d25254c81ef12fa41d095fde886b6751dffd3e2
CLIENT_HANDSHAKE_TRAFFIC_SECRET 805bcd285a623f48fd1e814b81deda074e3c120dbd3e6c5ce338b399cf3e9c30 8a9369f1b301c7fe4e004a5944a5801c8573678964ca29819df6b24291a24f964f5b51b153c860a601183d2280c7045c
SERVER_HANDSHAKE_TRAFFIC_SECRET 805bcd285a623f48fd1e814b81deda074e3c120dbd3e6c5ce338b399cf3e9c30 fd91a7cacdbbad9bb8373335556388721e32ac9caf9663cf11ce7f6cc1222e51c772cd4fa0b8ea33a7608d6c23c8cfd6
CLIENT_TRAFFIC_SECRET_0 5a6bb1f78afde42e87ccfa72dbcc3cbb9a7ab7219265de575552bf69d273a542 272ab39139d3a4c3844fa224bf8a61a1f09a10691863924eec052e6ec1605436
SERVER_TRAFFIC_SECRET_0 5a6bb1f78afde42e87ccfa72dbcc3cbb9a7ab7219265de575552bf69d273a542 b109bb73a7ab80af129564593f704fb0ab7329e684a18ca22952dc9500089728
EXPORTER_SECRET 5a6bb1f78afde42e87ccfa72dbcc3cbb9a7ab7219265de575552bf69d273a542 cb99821504b8ad5a1dc174ece3eb7479996fe62f0c776ecd47387a0ebae06706
CLIENT_TRAFFIC_SECRET_0 805bcd285a623f48fd1e814b81deda074e3c120dbd3e6c5ce338b399cf3e9c30 b8d25f34dea1a7dba153dfff6d278c5e31d6c43b5cb1d0e39ea271375f4c5539a02993ff6188fd3845a0f94945ffe8f4
SERVER_TRAFFIC_SECRET_0 805bcd285a623f48fd1e814b81deda074e3c120dbd3e6c5ce338b399cf3e9c30 22531bb3fabe53cddc0f492d45570f35fee21012e798b4df914ca9f736223694ae9f6d8f2cdec237fdeccee276a65a4d
EXPORTER_SECRET 805bcd285a623f48fd1e814b81deda074e3c120dbd3e6c5ce338b399cf3e9c30 d07e3e399c701312877996d72e953af78551d36fec87147529f09a3a23ed9e082abd4e0806f210c80ee3898b72d4c834
CLIENT_HANDSHAKE_TRAFFIC_SECRET e1ad98a3b5a0e2388e8de26a13b7098e853040745ad413cee458671d1818377d 3b84cf057cb9ca7ac9850f6fde6b0c197b347a3365accffd88e0860e13e6b243
SERVER_HANDSHAKE_TRAFFIC_SECRET e1ad98a3b5a0e2388e8de26a13b7098e853040745ad413cee458671d1818377d 3230480a6fe4b30a08ef5ea2195e12968a0ca7512fa8e17c89b3007baf7a5a4a
CLIENT_TRAFFIC_SECRET_0 e1ad98a3b5a0e2388e8de26a13b7098e853040745ad413cee458671d1818377d a21ba4d797a2afeb2f21d732115e56c76cf5310b7268c61fab687091564de37b
SERVER_TRAFFIC_SECRET_0 e1ad98a3b5a0e2388e8de26a13b7098e853040745ad413cee458671d1818377d a358963b6658f2c0168064f283c811b36ea2e2630cfb03e0283b4ccf8e5fbebc
EXPORTER_SECRET e1ad98a3b5a0e2388e8de26a13b7098e853040745ad413cee458671d1818377d 07d8123162b219a9b989062a2ae72673eb6baa91764c7cd2aeae8bbb91689728
CLIENT_HANDSHAKE_TRAFFIC_SECRET a192fd84ccc261e753e784f1ae334d52bada828ad315b5a3bedacc5577c0ec65 4083657c387475e24fe1970264bed0b0b940d1bd4695522ebb9a92198a1e7a4a
SERVER_HANDSHAKE_TRAFFIC_SECRET a192fd84ccc261e753e784f1ae334d52bada828ad315b5a3bedacc5577c0ec65 de5d7040191bc78109f663fd2f0f3fed70117883a06ef7034805fe049a48b720
CLIENT_TRAFFIC_SECRET_0 a192fd84ccc261e753e784f1ae334d52bada828ad315b5a3bedacc5577c0ec65 bb08dcc76205b424e518831a1bc7c236f3adad4010759953ac09525123bfa2f1
SERVER_TRAFFIC_SECRET_0 a192fd84ccc261e753e784f1ae334d52bada828ad315b5a3bedacc5577c0ec65 937b0106f86b79302ca7374ab3a11fd957e41d63a7a0dff3a4f07b9380ed23c6
EXPORTER_SECRET a192fd84ccc261e753e784f1ae334d52bada828ad315b5a3bedacc5577c0ec65 1ae8ef99799e8e178f62e4f94700f87b937e9b3d2ab927c59389ce30244af1a6
CLIENT_HANDSHAKE_TRAFFIC_SECRET 03a700ac6cf5f0969ac0c163df109072cbc099b48c0e0f0ef97855c93f349866 902358c81399e1391d7513f46a564fc4b11f367ac19ad3ca553a83e49643ebd7
SERVER_HANDSHAKE_TRAFFIC_SECRET 03a700ac6cf5f0969ac0c163df109072cbc099b48c0e0f0ef97855c93f349866 19e41722cb6d937c4a8f035b67b03845137a99332279cfec3e8ddd5955a95c48
CLIENT_TRAFFIC_SECRET_0 03a700ac6cf5f0969ac0c163df109072cbc099b48c0e0f0ef97855c93f349866 c3b3033e5753d5a62dfccbb67e326c753e299ab9d5a6616a1a473ebbaac221b5
SERVER_TRAFFIC_SECRET_0 03a700ac6cf5f0969ac0c163df109072cbc099b48c0e0f0ef97855c93f349866 5f14c30853654eb28bb8d0f8a752b0a42cb1fad4e52c30417412d9b1b1d553f4
EXPORTER_SECRET 03a700ac6cf5f0969ac0c163df109072cbc099b48c0e0f0ef97855c93f349866 2bc3b6b8ca17b1a34a2af0da9a091918c4202469cd841317306e36c24e899618
CLIENT_HANDSHAKE_TRAFFIC_SECRET 524d46dbefe8f5ff4390d338de529c62f4a151e2ccf316c7cf14e25918115a28 af4713369f622ff6e8929117509104d4c658edb61dc46fc2425c5670e6bc76dc
SERVER_HANDSHAKE_TRAFFIC_SECRET 524d46dbefe8f5ff4390d338de529c62f4a151e2ccf316c7cf14e25918115a28 b5a3bb8ee3f2ed496fd7095cc728b122f764d36b63d9083fffd27e9777783bf0
CLIENT_TRAFFIC_SECRET_0 524d46dbefe8f5ff4390d338de529c62f4a151e2ccf316c7cf14e25918115a28 b3da77c634727868fd7ad9b796a09d835ae65cc58938fe5ef5c9cece26c16cb6
SERVER_TRAFFIC_SECRET_0 524d46dbefe8f5ff4390d338de529c62f4a151e2ccf316c7cf14e25918115a28 ff17352a8a01ebc054c55dd50fd3718bde94f0b48fbefc60cc5b8119b3003baf
EXPORTER_SECRET 524d46dbefe8f5ff4390d338de529c62f4a151e2ccf316c7cf14e25918115a28 5efd41e79905a759d5ad454180b2be62e64f654deab5ef81ce8bae5ca12cca2f
CLIENT_RANDOM 078bedb7f4e1cb84bbb05f86cfae6a32a3e33b822c87c22496804a5a3406200b 1b9c55a3c3740fc48c731a5e5527b6acd4080a89d27fa91ba3e113d698cdc76f1d777e2b83b9ea2ae1479ab798c89f68
CLIENT_HANDSHAKE_TRAFFIC_SECRET 057352dec7e986191c309807d7d8d51792cc51a2adb52a782adfea3462cb40dd b467bdfe4fdd2ecb29aad91aef69861af470e99cd75966bbe7aada29febe2ab3
SERVER_HANDSHAKE_TRAFFIC_SECRET 057352dec7e986191c309807d7d8d51792cc51a2adb52a782adfea3462cb40dd cefdb33e8126d7cdd32f0ed29399a30d672147fb1b71d6ef05d2b5d05c15ba9b
CLIENT_HANDSHAKE_TRAFFIC_SECRET e3fd1d692912f07c7952ca54b2fdba16acb5648c715930c6eed5bee6e6a172f1 81f3e53f426f2ffe1d0fd5db0b2cff73632840730e6f158ea5637b46b1d31f25
SERVER_HANDSHAKE_TRAFFIC_SECRET e3fd1d692912f07c7952ca54b2fdba16acb5648c715930c6eed5bee6e6a172f1 6c47a8abd1920fb698d9c968976fafdee79a3f7b1e7367617736ccbd43e19823
CLIENT_HANDSHAKE_TRAFFIC_SECRET b81304c3a109ba5599beae9827a57b5fb4b8f0cc8bc295f5d40b65d557111b21 aff7a55393633d99fd80045843d588e77813baaecab4f48804517dc73c9c91a7
SERVER_HANDSHAKE_TRAFFIC_SECRET b81304c3a109ba5599beae9827a57b5fb4b8f0cc8bc295f5d40b65d557111b21 523c67fbab58e1d41b021ab2ae9405b020c9a85b733eb1b577366620cd637420
CLIENT_TRAFFIC_SECRET_0 e3fd1d692912f07c7952ca54b2fdba16acb5648c715930c6eed5bee6e6a172f1 f83c59cc5abff92ff1423eb41743c1bd424ddf8de7f8ae72f3263ec03b880685
SERVER_TRAFFIC_SECRET_0 e3fd1d692912f07c7952ca54b2fdba16acb5648c715930c6eed5bee6e6a172f1 7e267f14a8dc9d0ecacaabd87d57e9ba1af5a2a177dbebe48484de9457ff49fd
EXPORTER_SECRET e3fd1d692912f07c7952ca54b2fdba16acb5648c715930c6eed5bee6e6a172f1 47dfd7d748bfaa7aabf7ca599558cb1daa43fb2a8d5a9cbc2e5b741a447378cd
CLIENT_TRAFFIC_SECRET_0 b81304c3a109ba5599beae9827a57b5fb4b8f0cc8bc295f5d40b65d557111b21 f81c10480a9280bf01b137f1d4879f032ace2b09fda16881530616104cd62acb
SERVER_TRAFFIC_SECRET_0 b81304c3a109ba5599beae9827a57b5fb4b8f0cc8bc295f5d40b65d557111b21 8ec7bb42272e5e29664414681a240e26c30ba07eb564ec43a33b2760dc4c3255
EXPORTER_SECRET b81304c3a109ba5599beae9827a57b5fb4b8f0cc8bc295f5d40b65d557111b21 e9b6794a9e1b83d1bd1798b56230e54dc1bc74a2bfa33eb45989e6ad4866855d
CLIENT_TRAFFIC_SECRET_0 057352dec7e986191c309807d7d8d51792cc51a2adb52a782adfea3462cb40dd ab23c4781cfd50335c1eb6a51cf595aa2f49d75c73a71d43c819a66e94750e91
SERVER_TRAFFIC_SECRET_0 057352dec7e986191c309807d7d8d51792cc51a2adb52a782adfea3462cb40dd 1dc3c2b5bb5e206a0594f81d4095c916e3a785e2dd20321403f7d0aa5de3482f
EXPORTER_SECRET 057352dec7e986191c309807d7d8d51792cc51a2adb52a782adfea3462cb40dd f0b9dca91995099e89ace55f796d86cb050161b28c80cce218b92a947e2a9974
CLIENT_HANDSHAKE_TRAFFIC_SECRET 9a4f1bb730fbf671ac62fab3794584981a5f9caddbb02a65218e3765b24e4095 c2c7c268b3d93dd0b1173a0e7c8bc5c4ba3937f3f9ec5e4d4bd17bb74c7a8548
SERVER_HANDSHAKE_TRAFFIC_SECRET 9a4f1bb730fbf671ac62fab3794584981a5f9caddbb02a65218e3765b24e4095 52a244cdcab6cd36d17227ca50546894c118076cae8245f76a626b936eccad2f
CLIENT_TRAFFIC_SECRET_0 9a4f1bb730fbf671ac62fab3794584981a5f9caddbb02a65218e3765b24e4095 67728362d1f3681d43013599187849e5ba064cd6fcfcf0eeec399fbc7ca0d348
SERVER_TRAFFIC_SECRET_0 9a4f1bb730fbf671ac62fab3794584981a5f9caddbb02a65218e3765b24e4095 201b5fae882c7524cafc14da95ff19a5b04cca2fe42280e60755ee5db82ed23c
EXPORTER_SECRET 9a4f1bb730fbf671ac62fab3794584981a5f9caddbb02a65218e3765b24e4095 c8dfcc9486bceec1f2ce00aeb5f6beb724c01191f44e1e30f9e756da961f05c8
CLIENT_HANDSHAKE_TRAFFIC_SECRET 74f3ee7b06deeef613781acf74dfb2be7c83f915a46ace2dfc70201f3d9a7b0b a27c58f4ab844d2e8394d404870ee8e99249375697dc1a52f42926d1ee797b64
SERVER_HANDSHAKE_TRAFFIC_SECRET 74f3ee7b06deeef613781acf74dfb2be7c83f915a46ace2dfc70201f3d9a7b0b 649b582fc978038b58ca3e5a117dcc6730e58c631c50cfb8bfa63b1b26c51311
CLIENT_TRAFFIC_SECRET_0 74f3ee7b06deeef613781acf74dfb2be7c83f915a46ace2dfc70201f3d9a7b0b a636f4f873055b9fe9a67ca2c7ca1ccee7021b7139ff1d5e2af16e2c31f3ff4e
SERVER_TRAFFIC_SECRET_0 74f3ee7b06deeef613781acf74dfb2be7c83f915a46ace2dfc70201f3d9a7b0b efd924ff13009ca7f173d8f7e4b789108618c207abf865e3bfa4e87e1c99cbf3
EXPORTER_SECRET 74f3ee7b06deeef613781acf74dfb2be7c83f915a46ace2dfc70201f3d9a7b0b 20aec1ef0f3667d04c3cfe8bb984165dff6a10a58f7460ca3f3214376c94fcc7
CLIENT_HANDSHAKE_TRAFFIC_SECRET c72e448d48c3a09fce17f24f8b56dd5492409919f8c9c804dba2b5163f18c2c5 95f364600f7a8bea6daf3629e36b40cd0c50dfb9ca2cc61d8da6a5a471d2dc12
SERVER_HANDSHAKE_TRAFFIC_SECRET c72e448d48c3a09fce17f24f8b56dd5492409919f8c9c804dba2b5163f18c2c5 1b980e4b7b8688645dfacc2537a2904b949dcf6ad7e2c806ec6513e81964862d
CLIENT_TRAFFIC_SECRET_0 c72e448d48c3a09fce17f24f8b56dd5492409919f8c9c804dba2b5163f18c2c5 736aee37932b779ced94a7609df3c0648331371dc3849e6c117c740ba94e7418
SERVER_TRAFFIC_SECRET_0 c72e448d48c3a09fce17f24f8b56dd5492409919f8c9c804dba2b5163f18c2c5 baba1f0b653a38abe4d4883e69056d0e35f3d3a299992095ac49b10c9a733f48
EXPORTER_SECRET c72e448d48c3a09fce17f24f8b56dd5492409919f8c9c804dba2b5163f18c2c5 9294f2d84103152f27809dbb65b2c0a2a05c4422a1c201e2660ab7dae825fa70
CLIENT_HANDSHAKE_TRAFFIC_SECRET 1946d4baebbff1777354ef08feae1c01d6ca40c165f8369ff69117ef756f4bea 4bde17a81f0fc1d7f114e20b8b380f9be0e5f3ddc6f1c4c3e28cd0b680a429fb
SERVER_HANDSHAKE_TRAFFIC_SECRET 1946d4baebbff1777354ef08feae1c01d6ca40c165f8369ff69117ef756f4bea 15bf2e7d2b06795f47892c13915354fc06e9db7d1c19a4a421c5a135fdb01908
CLIENT_TRAFFIC_SECRET_0 1946d4baebbff1777354ef08feae1c01d6ca40c165f8369ff69117ef756f4bea e97e9d6f750a15d05987007136696f720120ba6a7ffef2120188422ceb17da1a
SERVER_TRAFFIC_SECRET_0 1946d4baebbff1777354ef08feae1c01d6ca40c165f8369ff69117ef756f4bea 5965386a8474f20132e4f0eb1d82a41c10552e2af2b42dda2e3a79d1cf9c726b
EXPORTER_SECRET 1946d4baebbff1777354ef08feae1c01d6ca40c165f8369ff69117ef756f4bea 921cfefbea906c973fd3c20e09e3a3ebcc80635d1cdf32c5293635307672a24a
CLIENT_HANDSHAKE_TRAFFIC_SECRET 31ea0b402a8919afed6e0c939c68ef804a63b9b28d9ced6d48e55fb303f982e7 fec214e058201a4a0a07cbd943541558b3f09906397f4edad1f1cce3f8e1ad27
SERVER_HANDSHAKE_TRAFFIC_SECRET 31ea0b402a8919afed6e0c939c68ef804a63b9b28d9ced6d48e55fb303f982e7 3c9c40f6a2fc8522c404d8b3ebca442286e0b93fe4bf19a3f5a776f06f6009ae
CLIENT_TRAFFIC_SECRET_0 31ea0b402a8919afed6e0c939c68ef804a63b9b28d9ced6d48e55fb303f982e7 73c9f8cfdd2705edadfeaf1729bd837859ccef3930eeb576717101dfe161f642
SERVER_TRAFFIC_SECRET_0 31ea0b402a8919afed6e0c939c68ef804a63b9b28d9ced6d48e55fb303f982e7 e4314dca98c4159be655d16dcda30646babb257f4712797fca8d7c09ec49e05f
EXPORTER_SECRET 31ea0b402a8919afed6e0c939c68ef804a63b9b28d9ced6d48e55fb303f982e7 d7c4811f2533ba282b3593b4b70182402a57b8e33076c34c3bfda96925af0bd0
CLIENT_HANDSHAKE_TRAFFIC_SECRET 5ae097eb5ab14713f548ae75b907551130da39a6b36db0005c541940dce72ee0 314ef04b6cf80b319e5eeecae8f884e1f9cfd22248c5416c1aa7a17a41566857
SERVER_HANDSHAKE_TRAFFIC_SECRET 5ae097eb5ab14713f548ae75b907551130da39a6b36db0005c541940dce72ee0 e668ed06ac8a9343d29047c7549363f499cdd5cadfce7db37a157e29f83e3d4f
CLIENT_TRAFFIC_SECRET_0 5ae097eb5ab14713f548ae75b907551130da39a6b36db0005c541940dce72ee0 224750371978680e563718f7e4745be092a36b271c689ee03d8dc95d968a5612
SERVER_TRAFFIC_SECRET_0 5ae097eb5ab14713f548ae75b907551130da39a6b36db0005c541940dce72ee0 73fc805002a8fce44e5bfb19690d9bb757535b5727062b1efe950126dc7bf5dc
EXPORTER_SECRET 5ae097eb5ab14713f548ae75b907551130da39a6b36db0005c541940dce72ee0 0956659d5d7e122e8d639a6ecf189a637907d3520a7d4a8095c2563684284cf1
CLIENT_RANDOM a0889aad188b03e4878432e8c5b44bc2e339d4fe4a0b850520eacc9123f1cdb4 5ec8a6e5007d631e022e404b384af3890bac751362cafac3dd61674bfb887206bbdeb86d6f59cb36c2e31e6c8fe8c150
CLIENT_RANDOM 8ec93471c83d79bad8b40dcab745ea3c2e4250203f5a0f6e8c0a0122fc307d1c ef344ff290e1159f709a51a691db4c2f9a48d07be7d22eadb0b1be3a8f863e29b6478f86ea716b6a0f630904cbcc20e5
CLIENT_HANDSHAKE_TRAFFIC_SECRET 6796c4ddd1091d885e7887d7c295fd8aeb1fe3b47f0a688519f8b50e5d8f16d2 fa9722251d76eb9262465dd3d02613daeff559cb6e70bb515255ee0d7443d6afe575ca447b7805071e8651ba0d1689e2
SERVER_HANDSHAKE_TRAFFIC_SECRET 6796c4ddd1091d885e7887d7c295fd8aeb1fe3b47f0a688519f8b50e5d8f16d2 6d0881eba72fb0bfcf487e047535507780ca8e0d72f519e588cf9b01f2191c6cc06e32fc990d2f667748a0bb47f8b334
CLIENT_TRAFFIC_SECRET_0 6796c4ddd1091d885e7887d7c295fd8aeb1fe3b47f0a688519f8b50e5d8f16d2 ecbc4864caf4425e35e24fafa85599df8f334466800cc6ae5ecbec3a425513fe6e15896791f8d92b4f7437b020a31ba4
SERVER_TRAFFIC_SECRET_0 6796c4ddd1091d885e7887d7c295fd8aeb1fe3b47f0a688519f8b50e5d8f16d2 f48ec38f83c833d561b8e320bcc634e76dba60567c4bf58d8c5f45e38f90be5d47cfadd538b6f5bd3f34647ef3f37961
EXPORTER_SECRET 6796c4ddd1091d885e7887d7c295fd8aeb1fe3b47f0a688519f8b50e5d8f16d2 0e4116f5b025e41e89b4474c08319a2dfbc31f3479252fbd417e1f34958a6e2d5087c00f04b8cfed0bafa55ab6116c2e
CLIENT_HANDSHAKE_TRAFFIC_SECRET c2d37e07221972c3a43e3c2fd6832d572746590649af3a5da94e49b0220b761a e8fe77b9c14db242f8b3cb9f7a8ec3e7f25a6511b788122cab7753c50ce591dc
SERVER_HANDSHAKE_TRAFFIC_SECRET c2d37e07221972c3a43e3c2fd6832d572746590649af3a5da94e49b0220b761a a217d49eb32cca4da8bdbb17fd45abf2fd5c6f8465cad1a9e565178c735d9ef2
CLIENT_TRAFFIC_SECRET_0 c2d37e07221972c3a43e3c2fd6832d572746590649af3a5da94e49b0220b761a b75c7a6d479379c800174d14990cc269069bed08c89565c6d1d7d83094d2b817
SERVER_TRAFFIC_SECRET_0 c2d37e07221972c3a43e3c2fd6832d572746590649af3a5da94e49b0220b761a 4ee44747f331a7817498d7874fe95ef6e1c1f598c0cf55d88133fadbffc9c294
EXPORTER_SECRET c2d37e07221972c3a43e3c2fd6832d572746590649af3a5da94e49b0220b761a c4fc23d769b46ae8b14fd3f94ce64cd27a94f8ccf4ad85e88435b067ee93fb91
CLIENT_HANDSHAKE_TRAFFIC_SECRET f95b75b4ef3673c89e04305dac93804b5ee21f48952d8d2ca0a5c17eceff6d69 ff147748e8f474a33fe3e62bf7df9803ce8766efeb82de6508772813390705f3
SERVER_HANDSHAKE_TRAFFIC_SECRET f95b75b4ef3673c89e04305dac93804b5ee21f48952d8d2ca0a5c17eceff6d69 35682f609bd8367d164755d9d2c17d6510e2e8a80dc00ba53f3d27901eafbb11
CLIENT_TRAFFIC_SECRET_0 f95b75b4ef3673c89e04305dac93804b5ee21f48952d8d2ca0a5c17eceff6d69 c3851d4bdf7102dec9b899d5ba0b233f6b6e218897fe3b220abe7746c37ddb39
SERVER_TRAFFIC_SECRET_0 f95b75b4ef3673c89e04305dac93804b5ee21f48952d8d2ca0a5c17eceff6d69 557a6fcd775f37893145975a9b88bd3168d0a6c1637743ef5ccb83a3adf91766
EXPORTER_SECRET f95b75b4ef3673c89e04305dac93804b5ee21f48952d8d2ca0a5c17eceff6d69 5b779e16fc0c8207d9c32006fd34e36055ae04d50b6e5814baee3564152001b6
CLIENT_RANDOM 7c8484329712249323341ab628066c627d1d8843e74f34282829d40926e897f5 3ccc4ce271f2ebf05cb04462b8a76789013c681d33f2a7ee29483ac750a277a80572f719f3f575493e24524ce8fa1407
CLIENT_HANDSHAKE_TRAFFIC_SECRET e44f72a41597f64bc9b18af1e0008da6bc163b87518737ebe1bb0ec2d645ae3f 1fa4f68d587ac4acbf642d12906949b392701c8e199bafa48bf568b6e56164bff6fe2a2c0c23e04d4325a2ed4f9d4250
SERVER_HANDSHAKE_TRAFFIC_SECRET e44f72a41597f64bc9b18af1e0008da6bc163b87518737ebe1bb0ec2d645ae3f ea30f991a001d6c0473e9aaec6065341335fb16667413b694229848ee392766de36987cd9b794fcdcb89e82fdce8a0cb
CLIENT_TRAFFIC_SECRET_0 e44f72a41597f64bc9b18af1e0008da6bc163b87518737ebe1bb0ec2d645ae3f f204d9d468439816329f9d58d4d88090bba12a04b7b85f34b60ca88bf7a2831e410f8ae33b9d0699cc4d0bd3845bf2fe
SERVER_TRAFFIC_SECRET_0 e44f72a41597f64bc9b18af1e0008da6bc163b87518737ebe1bb0ec2d645ae3f 26a3a1cf9368574e9572dfc11907ab47c2e0a9447aeba446937ce8212697c54700ddf11e9a4067498fce3ff50ad2d225
EXPORTER_SECRET e44f72a41597f64bc9b18af1e0008da6bc163b87518737ebe1bb0ec2d645ae3f b8aef4492bdb09f5f978e961140b284247ae93c1ee0ea0fe664dc764c3cb49971db1b61b1891c8c72031868786a4396f
CLIENT_HANDSHAKE_TRAFFIC_SECRET 45d51df299db4b6d8bf7b4423f69d6da3f60ba88c399ea75303d160084c109cb ed0e3349ad82de6dfd0e272f1fae28225d1eba3138ab1ab7c80d89fb154d3b1b105cd07f58c1c963783d12f04a057bfe
SERVER_HANDSHAKE_TRAFFIC_SECRET 45d51df299db4b6d8bf7b4423f69d6da3f60ba88c399ea75303d160084c109cb b9bdaf7ab83dab3646a77678e8db9f143dab346767177f72df122e5c703b235c878c70f6a226bdf8004d2e1fb251cd63
CLIENT_TRAFFIC_SECRET_0 45d51df299db4b6d8bf7b4423f69d6da3f60ba88c399ea75303d160084c109cb d974cbd780e299a0d7994c09e7f9d7c5bf4ccb3d1386f88ea729df732690ca835b37bd27e4662e2802337f72a8a7bca1
SERVER_TRAFFIC_SECRET_0 45d51df299db4b6d8bf7b4423f69d6da3f60ba88c399ea75303d160084c109cb 858d17c775c24e1216eb3bbb8514214553aba6c2c26bec7f6a0f6b0eb4e751b22b90279317111cbf37af0551312d1d53
EXPORTER_SECRET 45d51df299db4b6d8bf7b4423f69d6da3f60ba88c399ea75303d160084c109cb 3ac2ba01434735cea43b624916651d7008b69b49ce4ca15921aa4fcbb9a6bd1f32e931a470aea529f857d69496408c28
CLIENT_HANDSHAKE_TRAFFIC_SECRET 747a7b0c79cbedc36d5f5820bfbb95b46899897e592087b50e3ee2853c95bd95 22a1fb10a23aed5d7e602b3704ea9272ec3faea17dc9ca5d4395db172c9e06f3
SERVER_HANDSHAKE_TRAFFIC_SECRET 747a7b0c79cbedc36d5f5820bfbb95b46899897e592087b50e3ee2853c95bd95 8e8926db6d994c47915e9c1c7026ffd09a70a50aa44fb8a07d8c4b2a8c2323be
CLIENT_HANDSHAKE_TRAFFIC_SECRET 499497913d7135580972352cd7659b3b25ed401658a4ba6632890c117795a553 707cc35c2f54f349d3c991616d496f53f55f4d619ec2083f86b0bcc756c66549ecc09f00010085b88e29547a56007aff
SERVER_HANDSHAKE_TRAFFIC_SECRET 499497913d7135580972352cd7659b3b25ed401658a4ba6632890c117795a553 ca9e5694e281f85df8aeb26e91ef7c433ad77e2af280dfaf68732a24c6bd8b4d62124aead5ced8cfadb507709e2413e8
CLIENT_TRAFFIC_SECRET_0 499497913d7135580972352cd7659b3b25ed401658a4ba6632890c117795a553 5da5c42d688d387f58c2a1d7365a07273c4fc6cbeeb23a26e3142b05eff16798afe5eee3e2a7d276726ad2901df3bab5
SERVER_TRAFFIC_SECRET_0 499497913d7135580972352cd7659b3b25ed401658a4ba6632890c117795a553 2b642082bb83b56d16d63e3e0aac81f53db932e4e55cf539b387238388af92f3de99af69f7b619dafa8edd5662fec047
EXPORTER_SECRET 499497913d7135580972352cd7659b3b25ed401658a4ba6632890c117795a553 7ef19b2afa798d662ea1717fb89146fc2ed0041bd65f2e350e564ed6e220395801ff4060fa9088db7e9d2a398448cd8d
CLIENT_TRAFFIC_SECRET_0 747a7b0c79cbedc36d5f5820bfbb95b46899897e592087b50e3ee2853c95bd95 7046d2c635041aa2f5d4ffa7f02ef7c9d119f8f082f0d356b557826bb9f1f4b7
SERVER_TRAFFIC_SECRET_0 747a7b0c79cbedc36d5f5820bfbb95b46899897e592087b50e3ee2853c95bd95 15d03abb798d064056c4f6a5335f26b1d3d2cd4f484230d33f7a7b9e87e84b0a
EXPORTER_SECRET 747a7b0c79cbedc36d5f5820bfbb95b46899897e592087b50e3ee2853c95bd95 4d76fe77b8bd64f42cb2f2345c1b1d96bce2df2090ba6daf951eedc2cbc15aaf
CLIENT_HANDSHAKE_TRAFFIC_SECRET 89d2c5b48bc2ae13ccc50f6c8e3597a212398783fb9c9e864cf26020ced27651 d710c8c3186343f5619693c424007493c402de8be03fbe05d524b293d04ed9de
SERVER_HANDSHAKE_TRAFFIC_SECRET 89d2c5b48bc2ae13ccc50f6c8e3597a212398783fb9c9e864cf26020ced27651 5b2c8397a0e7d92cc83330b2d4ee319d80abef5e013fc2ba6d1fe02ebe1d1e8f
CLIENT_HANDSHAKE_TRAFFIC_SECRET 313fa2b87f461610f259d507728d83764dc29fc09223a75ae3f97ad6b00743ab c6216e2083b5a9ed412b0ae92a4d388920ddefc495f2694204145360879105b7
SERVER_HANDSHAKE_TRAFFIC_SECRET 313fa2b87f461610f259d507728d83764dc29fc09223a75ae3f97ad6b00743ab 03e1a1fe1a83ba354de8a3ce6f47c3e53a2057be26a6205bf6548166f315b238
CLIENT_HANDSHAKE_TRAFFIC_SECRET ae1da8ca16d79732e4dd6529e6e4c778afa380e3d1d941e44dee9d8416215b8b 938cca4c2bf9944c5853cfed29d0528632481bd2baa4b9a45fcb06bbff90f3911c1bb7d6ce28caf5d3986910bb48ef34
SERVER_HANDSHAKE_TRAFFIC_SECRET ae1da8ca16d79732e4dd6529e6e4c778afa380e3d1d941e44dee9d8416215b8b e0e81f056a0f440be55e295e46de42d7dec82d0ffa42bff3147a885b918cf94b57201d96eaaa0cdef95855c824656094
CLIENT_TRAFFIC_SECRET_0 ae1da8ca16d79732e4dd6529e6e4c778afa380e3d1d941e44dee9d8416215b8b 1396850e6afde4b3ee3a12512520845e7f2a09478d04fd1e94d3c6b506b4ecc10d78c4d67c181f77386b48ee245453be
SERVER_TRAFFIC_SECRET_0 ae1da8ca16d79732e4dd6529e6e4c778afa380e3d1d941e44dee9d8416215b8b fca2fe4454cf98dc060bcf1d6d9553806da672267c8b4bedbe2649ed50b4143890dce684334dc836c024f4876001aa15
EXPORTER_SECRET ae1da8ca16d79732e4dd6529e6e4c778afa380e3d1d941e44dee9d8416215b8b d36c98ff810b8cbd54f5f1acf91737129dc6c1712df0d4057f2d41ec5299cebe7124a29968c543fd0b1d44ec16dafa84
CLIENT_HANDSHAKE_TRAFFIC_SECRET 6bcdaef70eaa42b42255b5399ff1b19bab1798ab624c68676a4359c7b7a25b8a 7ada7c16e0e76ed69213a03a6fdb80720044e89015fe6f46fa2b552de1e65a1b
SERVER_HANDSHAKE_TRAFFIC_SECRET 6bcdaef70eaa42b42255b5399ff1b19bab1798ab624c68676a4359c7b7a25b8a bcc879ffba43f1da1c8e5170ab585d2f3d86219dd6aeac4784cf70adf1e8d541
CLIENT_TRAFFIC_SECRET_0 6bcdaef70eaa42b42255b5399ff1b19bab1798ab624c68676a4359c7b7a25b8a 105002d8a1ab7b7e920f0e85c30129514e5e30c37a834c15c931fd1f4536d2ad
SERVER_TRAFFIC_SECRET_0 6bcdaef70eaa42b42255b5399ff1b19bab1798ab624c68676a4359c7b7a25b8a f68e604036df9c0aa52a7fb3aac9673171699bdbe09132efd5c3d8ae0a87d50e
EXPORTER_SECRET 6bcdaef70eaa42b42255b5399ff1b19bab1798ab624c68676a4359c7b7a25b8a f92add69039f960a530a827961cab035cb6d7b11c9482c748016364b63fbaa02
CLIENT_TRAFFIC_SECRET_0 89d2c5b48bc2ae13ccc50f6c8e3597a212398783fb9c9e864cf26020ced27651 7a1c2350f490dce4415109ad199d71d05b783425fe1ed5b441110e5bd0800358
SERVER_TRAFFIC_SECRET_0 89d2c5b48bc2ae13ccc50f6c8e3597a212398783fb9c9e864cf26020ced27651 b21a6bdefd8d8229f8c27e2879f035ebf4e88ced87dfa010b7b2ac45bca8eab6
EXPORTER_SECRET 89d2c5b48bc2ae13ccc50f6c8e3597a212398783fb9c9e864cf26020ced27651 28488ad43f3406a3fc51fbfaf67eccbc24de7068657e1ed2dc76883b76fa67c8
CLIENT_TRAFFIC_SECRET_0 313fa2b87f461610f259d507728d83764dc29fc09223a75ae3f97ad6b00743ab 233a72e76b0e09f695ca06268083ec1af32132caeaf843d5d525e9f7867e425c
SERVER_TRAFFIC_SECRET_0 313fa2b87f461610f259d507728d83764dc29fc09223a75ae3f97ad6b00743ab e8430efde368347d061780d23436cd0bed6cd531d22be8e04a041c9d95543250
EXPORTER_SECRET 313fa2b87f461610f259d507728d83764dc29fc09223a75ae3f97ad6b00743ab 3f92d6a3e62ed231635707b2311561195434fe7a07e54076059c9c7dc7ff6035
CLIENT_RANDOM dbd732d007d5b1d7d712dbc8bd7bfc79b16a3c57a7a875a09855959584871e10 6eb5a0e03673d2995372b9a7cb4996f5949017766f29ff60fd36003b8a6fa5fc9b4c334feea2e5eea9b1d10d6dd050b0
CLIENT_RANDOM b15130d639c191fe9a6a664ae6cdfe7d71e4de49ee3c43ba283051888c0e4e4e e6029713bff1a40f5e35ff9e87e7dfc4a990177c8cb10c7ac53d895a795991fff0e1fa3d242b872378e270149ac5c909
CLIENT_HANDSHAKE_TRAFFIC_SECRET e872be41a42ac40a856bae15b4d966caf3187bd3611efc145ddde3dc2e98d95a 035d7409717e4384e83a97162f464d26a919e4048d6d17470403b9a82d7edfd5
SERVER_HANDSHAKE_TRAFFIC_SECRET e872be41a42ac40a856bae15b4d966caf3187bd3611efc145ddde3dc2e98d95a d85c331250393e8a1dd2a8d9dc28c13fcca7bee7bab3130b7d80f6ad0e2bfd99
CLIENT_TRAFFIC_SECRET_0 e872be41a42ac40a856bae15b4d966caf3187bd3611efc145ddde3dc2e98d95a 8358a6b31747583730bd4e3e1d96b8f2b1838b1bcc4fdd2fa601886a11de5d82
SERVER_TRAFFIC_SECRET_0 e872be41a42ac40a856bae15b4d966caf3187bd3611efc145ddde3dc2e98d95a 6b1d05aefeca6710f6b750d484ee81a77a826407f77d4636a347ce6f3c1aa02b
EXPORTER_SECRET e872be41a42ac40a856bae15b4d966caf3187bd3611efc145ddde3dc2e98d95a 88e6cf58d7bd7abbefd10a6232bf022c8884a47964cb15351f10dc296e5b3ee9
CLIENT_HANDSHAKE_TRAFFIC_SECRET 8c51a00bc68820fea45ef63f7b21988e71494bade5c61fb66d4213aeecb00e04 4c172f178f84f929040fe0dcab2d1688cd071cfc8b92a4b266262648794b1ddb
SERVER_HANDSHAKE_TRAFFIC_SECRET 8c51a00bc68820fea45ef63f7b21988e71494bade5c61fb66d4213aeecb00e04 f3a016ef352368b7c667b09450b3d4a72c7cddab1ade08da72a7683a51869dce
CLIENT_TRAFFIC_SECRET_0 8c51a00bc68820fea45ef63f7b21988e71494bade5c61fb66d4213aeecb00e04 f5cd4fb7c152b5a11c71b045c6af2c091896c9f390a2bf1bb2f7d440980860c5
SERVER_TRAFFIC_SECRET_0 8c51a00bc68820fea45ef63f7b21988e71494bade5c61fb66d4213aeecb00e04 cd3ae596b383698aeefee74976b8f7a81027a82c820163ea4f5fd360b2e78eaa
EXPORTER_SECRET 8c51a00bc68820fea45ef63f7b21988e71494bade5c61fb66d4213aeecb00e04 46be84fbd6de79d0c3cce3ef33f3c4114b80034b9431a304786dbb15068c857f
CLIENT_HANDSHAKE_TRAFFIC_SECRET 6d6fb04b8bd10f257bc35d7e6ecba3f3a15d5b5b28ff18b6c27b90786eb67e8a 08cc804ec163a1d55f7fd4749ab2a83b579408a79464edecd534553f03e8237c
SERVER_HANDSHAKE_TRAFFIC_SECRET 6d6fb04b8bd10f257bc35d7e6ecba3f3a15d5b5b28ff18b6c27b90786eb67e8a 2ecfd40725cda1b1a0ba22a240a6ab8c9c1ced09eb6137d28e04df8db30f8233
CLIENT_TRAFFIC_SECRET_0 6d6fb04b8bd10f257bc35d7e6ecba3f3a15d5b5b28ff18b6c27b90786eb67e8a 2f9857bf1c1c3d7f4f6e081f17fe87dc9c35ac4196d6150918e38a52ad776f3b
SERVER_TRAFFIC_SECRET_0 6d6fb04b8bd10f257bc35d7e6ecba3f3a15d5b5b28ff18b6c27b90786eb67e8a 572c8434c2454d37433eb6b25ac6dd4e7b2f4fbf411d8d9d3fe0942daef74a93
EXPORTER_SECRET 6d6fb04b8bd10f257bc35d7e6ecba3f3a15d5b5b28ff18b6c27b90786eb67e8a 5a480aa548f13c94f49dd9407f8fb530c5e436ec99bc9902386595c43d9ed777
CLIENT_HANDSHAKE_TRAFFIC_SECRET 1bc01bf6d78d4c3a23da7bbdb5f35b4154997b1ee84f68effdcdf8f093ca84f5 9e92bbaa94a45a3a00585ad04028ef0309ba7fc6569ddc2bc1f9accfffb4c22c224f839d5a8abe25175f5efeda3bfa0f
SERVER_HANDSHAKE_TRAFFIC_SECRET 1bc01bf6d78d4c3a23da7bbdb5f35b4154997b1ee84f68effdcdf8f093ca84f5 5bc0b9883b731458e5713bdec2e631d333f8d691d42c415682e41a1bdc06b23a2055cdb51fa4f6d2e4cd4050141f373e
CLIENT_TRAFFIC_SECRET_0 1bc01bf6d78d4c3a23da7bbdb5f35b4154997b1ee84f68effdcdf8f093ca84f5 c312612f87f5d8ce0e2e71586f17a684a9d9f46730ceeb3f5ffe146db5e229c137464f37cd3c2189ca7bd794dbaba5ec
SERVER_TRAFFIC_SECRET_0 1bc01bf6d78d4c3a23da7bbdb5f35b4154997b1ee84f68effdcdf8f093ca84f5 f5e042c80a4d56de1f7d2c9c84900cc772171748c953ec1856ee232b2baf48d03e428d09aee799ffc781d0ae48524cc0
EXPORTER_SECRET 1bc01bf6d78d4c3a23da7bbdb5f35b4154997b1ee84f68effdcdf8f093ca84f5 b73488411efd4b67ed355484d44a85758e60346d2d8f671859f6275274afbcfc70a2d05dc54268e5c89f1b433b3c6331
CLIENT_HANDSHAKE_TRAFFIC_SECRET 06ab9abe99b2417173eef73a61e9d6083a379243a3e81d9fff5f5f24f29cbfa0 56cba38b7233acc4e8857de2e29373d00474df0e010bf32ac8eb64a40b3574f3
SERVER_HANDSHAKE_TRAFFIC_SECRET 06ab9abe99b2417173eef73a61e9d6083a379243a3e81d9fff5f5f24f29cbfa0 4765285cb4de829e652e5191ee33c44a56e1d7942ad57b8cf2cc84738d8bc2c8
CLIENT_TRAFFIC_SECRET_0 06ab9abe99b2417173eef73a61e9d6083a379243a3e81d9fff5f5f24f29cbfa0 90c3f905aa934a1b6a0a930da0117df6fe65892d453dbebe5023ae6ff2af0c4b
SERVER_TRAFFIC_SECRET_0 06ab9abe99b2417173eef73a61e9d6083a379243a3e81d9fff5f5f24f29cbfa0 3551fcd089fac42c54ef6694d0bcc57806a1b69a97500076b93fc764262fd796
EXPORTER_SECRET 06ab9abe99b2417173eef73a61e9d6083a379243a3e81d9fff5f5f24f29cbfa0 4e7c7a32e8117359d485fa2acfd61ff6cde09fb92e47981ca6dd47e802bb2f26
CLIENT_HANDSHAKE_TRAFFIC_SECRET 78e9cb0c3e03904410198be3965fbcb35853bb20e871e094ea98c8ec42e60d1c 0bfbea0b77c2087bd8fd4622965cae050c1d76887aa23fb0cae2f70572f369af
SERVER_HANDSHAKE_TRAFFIC_SECRET 78e9cb0c3e03904410198be3965fbcb35853bb20e871e094ea98c8ec42e60d1c 013cb33ac657ca36f93149784ff124f84896bfba69f04bf56d033a5b61cfa2f2
CLIENT_HANDSHAKE_TRAFFIC_SECRET 23fae0accb732d9cb3fa481c200d8ed00c56c797b1b525f3bcc63dd6971e9ce4 8ecbdcb10a7f6bdea555ceaad3c0c7917b7fed1df679cd337948fe04420a60e3
SERVER_HANDSHAKE_TRAFFIC_SECRET 23fae0accb732d9cb3fa481c200d8ed00c56c797b1b525f3bcc63dd6971e9ce4 ec995225e7f68c501cdf9315305072894b5b08e184df1e65e81cbd3b73b15048
CLIENT_HANDSHAKE_TRAFFIC_SECRET 32b96b42352b42e4302e776e37fece43be1919e79114f713bcb78909acb2f5b3 2efe1033211ef3bd02de345b9b3f6fd2869f70137e699cd4fa525e9282259452
SERVER_HANDSHAKE_TRAFFIC_SECRET 32b96b42352b42e4302e776e37fece43be1919e79114f713bcb78909acb2f5b3 b0f22ec7ae2c8a3b7fc5333665ecbb1f514ce82250e07ab5bdd881796a9831dc
CLIENT_TRAFFIC_SECRET_0 78e9cb0c3e03904410198be3965fbcb35853bb20e871e094ea98c8ec42e60d1c 3ec8ac1ec39f9ee9f85952bf45a2f332ae3e8ec725142403c7a2880d58c59c73
SERVER_TRAFFIC_SECRET_0 78e9cb0c3e03904410198be3965fbcb35853bb20e871e094ea98c8ec42e60d1c db4a9135fd57f7ec9ae94301b3975125ffcd798b6e118eb8dc4f626fddbce9b7
EXPORTER_SECRET 78e9cb0c3e03904410198be3965fbcb35853bb20e871e094ea98c8ec42e60d1c 3374c42d4d0279d671b05c25d5c1d9143b7310441b875037df2f954bb6a6ec6c
CLIENT_TRAFFIC_SECRET_0 23fae0accb732d9cb3fa481c200d8ed00c56c797b1b525f3bcc63dd6971e9ce4 e50b9dc42aed9b153707e090537bbb21306b11c6fb9550ce2973d4f73e76782d
SERVER_TRAFFIC_SECRET_0 23fae0accb732d9cb3fa481c200d8ed00c56c797b1b525f3bcc63dd6971e9ce4 89ff1df3816b547a962273920fc12ae5fd36317d7556498431fb3ff725d7397c
EXPORTER_SECRET 23fae0accb732d9cb3fa481c200d8ed00c56c797b1b525f3bcc63dd6971e9ce4 4ad93026a03506f976985606957ea359a04c14d8abddd2d32d586d3308a9a3e5
CLIENT_TRAFFIC_SECRET_0 32b96b42352b42e4302e776e37fece43be1919e79114f713bcb78909acb2f5b3 6daf1c5d0dd3ca20c149dcadba9b265967755e3ec3b6de6105bdb5067b915636
SERVER_TRAFFIC_SECRET_0 32b96b42352b42e4302e776e37fece43be1919e79114f713bcb78909acb2f5b3 c506f03d27b5ec03a76578ea518171fd65003ddeb22ef0a0ad3e191a473c9fb8
EXPORTER_SECRET 32b96b42352b42e4302e776e37fece43be1919e79114f713bcb78909acb2f5b3 e360397087d4628f81b8a9fe8f7e64e2f9ef6a31aca56e3536fa5500f046bf64
CLIENT_HANDSHAKE_TRAFFIC_SECRET c41b60da2545964012b3629511c37d521fcf49619bab88f5164f36c4a05f486f a30b064a10c54442a7e5a984a5c85b38497f1ae080c695a90a961eeba60880a9
SERVER_HANDSHAKE_TRAFFIC_SECRET c41b60da2545964012b3629511c37d521fcf49619bab88f5164f36c4a05f486f 3eff87bdb61d7204802e87f2a65922dcaa421fd8327053621e92ba2ed4b7c63e
CLIENT_TRAFFIC_SECRET_0 c41b60da2545964012b3629511c37d521fcf49619bab88f5164f36c4a05f486f 2c6fdd44b942aa3bd64d1a7a20bc276d86f03b283da31be62f2aaad95b8c29ba
SERVER_TRAFFIC_SECRET_0 c41b60da2545964012b3629511c37d521fcf49619bab88f5164f36c4a05f486f c8c47302ae4ecf3e04ff039657fd8c1d3f1c31551fd1b2638fe86990c76e74db
EXPORTER_SECRET c41b60da2545964012b3629511c37d521fcf49619bab88f5164f36c4a05f486f 928dd436f9570d5d814f77ac2beaab903c3424aa80e0e66f8708ddb2621e16fb
CLIENT_RANDOM 241f2f52200b746964c37c8cfeea13bdbba94efec52dec38bf85dbcd6acf163f 2524727189684570842891500dbb96fdcd50138a2f71d6369f1a0fee8fb6ae715ba6bd2efa705f57d242a99dfdb1dd09
CLIENT_HANDSHAKE_TRAFFIC_SECRET 838e31bb04825b6884c213e4ed6426360bd1fab0b8f3b8d60a13aad1683b72dd 5ec570ca7c431d2f6ec48187b90b13101db4defc0df3474009a1fec617a94bc5
SERVER_HANDSHAKE_TRAFFIC_SECRET 838e31bb04825b6884c213e4ed6426360bd1fab0b8f3b8d60a13aad1683b72dd e431d22eff64b8145651d6424f34d854f1cd8690694518925c6fb32c2c043e5c
CLIENT_TRAFFIC_SECRET_0 838e31bb04825b6884c213e4ed6426360bd1fab0b8f3b8d60a13aad1683b72dd bfdba9d1ef61d877331140cb3b01c3cd25ff7a30832dff7b1a59652cc1f0254c
SERVER_TRAFFIC_SECRET_0 838e31bb04825b6884c213e4ed6426360bd1fab0b8f3b8d60a13aad1683b72dd 66e349186eaac12477332417ff255d00f6d11f591594de22c1fa5575418b1d24
EXPORTER_SECRET 838e31bb04825b6884c213e4ed6426360bd1fab0b8f3b8d60a13aad1683b72dd d7d0c96ee30711f8bb35d13d85945ff3a99d5b7dffb6d91351f7d25fb69cedb0
CLIENT_HANDSHAKE_TRAFFIC_SECRET fc844a9a38b82db18971b1308133235196b197d89f14ee2584fe969b89b020c4 76cd66c6765f9e5ebc7f9c911d9eed26cdc049ed47577987e88b90af8b67bf5f
SERVER_HANDSHAKE_TRAFFIC_SECRET fc844a9a38b82db18971b1308133235196b197d89f14ee2584fe969b89b020c4 ceeba0537a94774b81e5517128255c9f40f6ce8d2cd46a58a3e9064a7191477c
CLIENT_TRAFFIC_SECRET_0 fc844a9a38b82db18971b1308133235196b197d89f14ee2584fe969b89b020c4 9dae8b70cca4bcc68f7f55b3a395a7c80be39590f9d975931120c96a970dc511
SERVER_TRAFFIC_SECRET_0 fc844a9a38b82db18971b1308133235196b197d89f14ee2584fe969b89b020c4 713b291c74a122b35aace45e582c3855edf12e441e205ec200596c972ea6280b
EXPORTER_SECRET fc844a9a38b82db18971b1308133235196b197d89f14ee2584fe969b89b020c4 7c932a0dd74a4e6ba6e0120de1a08c317fb13e2d7b7e8b0e69b15478094f52a9
CLIENT_HANDSHAKE_TRAFFIC_SECRET 7570811d9cd334a69ebe89a08fa3fac2b45143a7fe09eac5be0df4a875c35f88 7e0f8e0a53eb76d020a89bab322c6d44f5f7bc0703e710f0b36f0351870ba733
SERVER_HANDSHAKE_TRAFFIC_SECRET 7570811d9cd334a69ebe89a08fa3fac2b45143a7fe09eac5be0df4a875c35f88 cd76bbac694090a41efe54ed3c0df6c3622192380839445484c0292b5d607d74
CLIENT_TRAFFIC_SECRET_0 7570811d9cd334a69ebe89a08fa3fac2b45143a7fe09eac5be0df4a875c35f88 1643e1cf2db5000addaa96a18547652d52d6f2084f9525d44a2da85cb25262b1
SERVER_TRAFFIC_SECRET_0 7570811d9cd334a69ebe89a08fa3fac2b45143a7fe09eac5be0df4a875c35f88 7c9b4744855ee334f32826ec50203c0589ad781f21175961ad1cacc671023156
EXPORTER_SECRET 7570811d9cd334a69ebe89a08fa3fac2b45143a7fe09eac5be0df4a875c35f88 361ec56a4d872018d84e559285e0436d867e7f6eb77007403d21d4314731e668
CLIENT_HANDSHAKE_TRAFFIC_SECRET 0c66177f2c6e7a313566e314b568fc63798ca020825e0ec5dc07f0fbe348d62a 4a5fee924478160c5f0968288a3b5e6078c3a2225ee2cb24a042cfa67b5b29e5
SERVER_HANDSHAKE_TRAFFIC_SECRET 0c66177f2c6e7a313566e314b568fc63798ca020825e0ec5dc07f0fbe348d62a a9e8d90aaeb0f12dea6d7bdff09fb7976814a3e88504bfb3a41fe9055716248f
CLIENT_TRAFFIC_SECRET_0 0c66177f2c6e7a313566e314b568fc63798ca020825e0ec5dc07f0fbe348d62a d428d9d95bf522dfb92ae04efc1926cfb466f1dc218183abc106b97c8620fd94
SERVER_TRAFFIC_SECRET_0 0c66177f2c6e7a313566e314b568fc63798ca020825e0ec5dc07f0fbe348d62a 724baa9b253aabe44b0cbae6f3cba84fa75f148f1202c9cbf5474ac6c41dbd19
EXPORTER_SECRET 0c66177f2c6e7a313566e314b568fc63798ca020825e0ec5dc07f0fbe348d62a 8dbcb2a2c7e1317c88e44b5a2d6f6007cdd3121a3e44ecf4f3de9ac4cc749bef
CLIENT_RANDOM 7efd1895f061dcd2dd966b606bc3b7b5c73e919f2b3771302358c910ad59385e 508ab35e3cc3560324041911decb9d2ce55bede0372b5cfc15679ac753b02c8a4b51a205be72c563fafa6313ff496f3f
CLIENT_RANDOM 93952b6151c55ca6c98e43bf1a7747bfbd83a03f724a648c62cfad50487a5f70 4d14dce73f8290b0a232256c1a6f3764f3e7b745f50936f536d265804a474f6e44099cd6a6fa1ae3d4951909a6bc424e
CLIENT_RANDOM c60074942556795d8e72dd68ab8b52be5baaf3f70e028885257c3fbc4aa74f15 e1d51b101341c0c09a4d38ee7860ae36eefc8a65bfe9c5502708cfb1b6a29eea83b2284b24d80a1bf3292dd3864ee6c0
CLIENT_HANDSHAKE_TRAFFIC_SECRET 1d361940db019a97dffe752d72e92d52c985d65791e26dfeda48a9c01991351b 751221a110b350de5ebaf6ff019c7b0b37b5f1ccd72bc98791d1392bd4bdedf60d71e1305c058e5b5c7a996da093a58d
SERVER_HANDSHAKE_TRAFFIC_SECRET 1d361940db019a97dffe752d72e92d52c985d65791e26dfeda48a9c01991351b 486be1ed8150c796e2db95c3d1b7d85717055c23ae9cd8b25fa268d687a5aee0518100157e18fb0171bc15d63ba53e1b
CLIENT_TRAFFIC_SECRET_0 1d361940db019a97dffe752d72e92d52c985d65791e26dfeda48a9c01991351b 208c858c4870727fe95bae801827e7f13416a0473336413042ba2b3763a71825453ad73a29af7bfd5dd5ea93fbebf9c4
SERVER_TRAFFIC_SECRET_0 1d361940db019a97dffe752d72e92d52c985d65791e26dfeda48a9c01991351b 76d18273ba3c5d56ba67e802543a8f95000554ba95db5cc237fed344a3b06ac8094d33145a2de7920b379efd45a5f3f5
EXPORTER_SECRET 1d361940db019a97dffe752d72e92d52c985d65791e26dfeda48a9c01991351b 0bc35fc7c4ce9be1cc259381edc0026315b13385190c683d41f8407315394202e8552298831138b41dd50044df5c5619
CLIENT_RANDOM 721eac82e6828c2394983d0f2bc6a6bd7f75658373834dd6290fb965be664120 2c1e7612e2eb11d6fc38b5386d1191d7f289d376f2d34fe50916b907bf22e99e476187865457a98a4e9a268b6319d3d7
CLIENT_RANDOM 0a940a8a3a9876ca1745f7ab52fa31acee2d64235ff59e671a84973a08a8ac19 f57c76a7540dbbda883be9c8074c4318c2cbd65d2c318d7fb22f3ff857c236842731729c1a3ec40ae92592a730fdb86c
CLIENT_HANDSHAKE_TRAFFIC_SECRET 095271de071f36c2eb6b71b0393552fb7f0d40986edd518ff600388d718ed9ae 49c0000a761a2470b3d3dfc6aa3562d7adfbfea8a03f6c43d8832e89ad11332d107198e17d8e0e277ce9039732341224
SERVER_HANDSHAKE_TRAFFIC_SECRET 095271de071f36c2eb6b71b0393552fb7f0d40986edd518ff600388d718ed9ae db703e16fc46d8f79addf3cd96f11a99511606e65c45f7f05bd4c167a81eacf7bf0efd1366973d39847ef3850336e704
CLIENT_TRAFFIC_SECRET_0 095271de071f36c2eb6b71b0393552fb7f0d40986edd518ff600388d718ed9ae 69a64bd9fe0427db3f937d0f0b596ef6911f9290011dc21133ea614596346f673e09a2e05efddb500944700798c50359
SERVER_TRAFFIC_SECRET_0 095271de071f36c2eb6b71b0393552fb7f0d40986edd518ff600388d718ed9ae 7dc638a590fa2e8831208e372968ad28a28b3e9832e1d32772eb9cc561e287c8afb1d19401feb9a9028ec6db52fdfbf2
EXPORTER_SECRET 095271de071f36c2eb6b71b0393552fb7f0d40986edd518ff600388d718ed9ae bb29de7a99a9f79b32817a1fa548e3cbef4eebe8351a6a109e1e84cd68ad5eb04171e06e82f6ce5720c8b49d51addf38
CLIENT_RANDOM dbc9e4c0819f37784a12d9c45a4a3b80c502102ec9f4302964dd02d8ea1974c4 68e704755b51239b83410efe1f9f46271e47ac6f0abc09d4c17cd3173f1f12d275e621f550d25c241d6d5e55b245ab40
CLIENT_RANDOM b8dc317d8aaf74ea4fd3cc3f73151084394f6b42f245c7a72cc52171d229b5d8 13b7ca282c3953dd7487a0dd93685bfbca24eb7584b72502e4e16a0b185ecbc3750d04f70c9115ef50308135ffe980af
CLIENT_RANDOM 433df57074bf0f5c63cc6925e17ff972de735b4ac973607d1bf8f97a35cbf7d6 a0d5f85c8e98c48ff3af978db70605879b1607bb1adad01fc8642258421e260e2892b23f82ceb1056dac6e99cfb55425
CLIENT_RANDOM b7d355317e90d52670da763bcfe9b3491f146a226a3a93ee9a8d27d4fb9dba51 99433bc57b401d608529973bee21d67f6fb362f0e7603e59868600797c7b8209bd63896dd6e83be00cf7c3cfb7375064
CLIENT_RANDOM a666f3a33a0cc3cc920b9330fbfe84c4d89c7cf8af8b4d16227116556d268f64 8d5f3a65b065c34eef1490a37082b37e506cde6c79d4f7c09dda20cb6eaa379206815d8823e92f68e526b90d7f6190ea
CLIENT_HANDSHAKE_TRAFFIC_SECRET e6cad6e50fea71bbcf5643c9520f7dfba44e1f8d64bdc2752b12c4892dc3d127 226a7a88dce4c25f0b78b7249b49381ecd5f757b6792a655a21caac5051b2a75
SERVER_HANDSHAKE_TRAFFIC_SECRET e6cad6e50fea71bbcf5643c9520f7dfba44e1f8d64bdc2752b12c4892dc3d127 cf8b82b3b2308bf6247b65d4201f9ebcd3cd67b7dca094a3e3f1452985337531
CLIENT_TRAFFIC_SECRET_0 e6cad6e50fea71bbcf5643c9520f7dfba44e1f8d64bdc2752b12c4892dc3d127 7f7583609cd1f35a27f92a227a50cb9ec9adaf7de960d2ab3a36789323ac595c
SERVER_TRAFFIC_SECRET_0 e6cad6e50fea71bbcf5643c9520f7dfba44e1f8d64bdc2752b12c4892dc3d127 c1a2b7a289967e446ec367d0bf2bfaf54b56a572812b7ec8cdd3e16531016f4e
EXPORTER_SECRET e6cad6e50fea71bbcf5643c9520f7dfba44e1f8d64bdc2752b12c4892dc3d127 ea6ea58f16a69d65dfed18d89818c1c8dbe8ffad7eac8fd95b4a05a73cfd2fcd
CLIENT_RANDOM 10aede163acce270887421bb5bdb31f494ebeb6f31c5a7f2829397573ecbbc88 40f51d67d944d7e230db1e4b732fab5f16adfd4638ff14dfcdff3b74a8c3385c3b1f6fc01dcbe25509627a300d5ced22
CLIENT_RANDOM 87f32158b50886b750193046c5d6ebb7ad3f08f21e48712548a0c8832edc93fb 962d030026d72dd83819a8b2276c9061de054cfac9f3bf1dcfbb5675a7fb2f034c395c0d3356696cde00006583ea7370
CLIENT_RANDOM 3530c8ec798b5ed0e4aec30a6465b6b7c8fdc3e58850c8ae0ee54318606498a5 052d08fe190dd3b0b93a8c0d8780d7b7bbf991ff0f5fe9400c7ab505b5c6f4f7393a31cdd232e5f0c120bb15480e655d
CLIENT_RANDOM 2f025b3515ecb62f27189a04529c45845fd47d045a81c7473161cd1c1c7aede4 d2bdf190a5ca92d826666be7ab1712556ce5d8a9d379d98ca993d5d2c90c04cdcb1257a5555de6ce813f3756c75839e2
CLIENT_RANDOM 3c7d17f13a6920669916a93f1d180b574be2336aeedc666483a0f120bee34f64 49b5215094b678ddec273bd250a306213a14a0b192280310939a13cda8228561574d7f1d33a7119af16f2010ed34da6a
CLIENT_RANDOM 7f1d45ac41dec69c568c2a66c1965d5ddcb4a3f0de220eaf27b3d73e425d0d78 fcb4beea94d954d50d644838f8469dd5745e81a303cc0264b7b7fcba76c449cbbaba3ded4d7fcb1c90097d7bb98f7e7b
CLIENT_RANDOM 1c9d917bf8a4b20b07d4a181c9a6b559d4658bb856f699535b5570798c34fcf3 820a4696e1760af81259e848f6283fb24bc709b3f66ba5790a9c1f34666321aa4cd09ed7c35431989dc351cf25e1b626
CLIENT_RANDOM 41b3b01fd617ce13e1bbc0ebe92e6191425e45aabc7c5d606cf507b9b6d4570d a28f24999ef04cba54a262181422a0a25369bfb8d03da576c6ebb92de2a527d114688749b8f3f0afb841914f4afbd060
CLIENT_HANDSHAKE_TRAFFIC_SECRET 8fd44dd741278c6e59951b5d61d8ada39ddc5695a1fd92347431ddfa02f8b232 fed1f7031620b3da18f4b025aa1df5ecaef65c525953d8acc2a29727902108162e7fd776d653e4eec542f62ce2c077a4
SERVER_HANDSHAKE_TRAFFIC_SECRET 8fd44dd741278c6e59951b5d61d8ada39ddc5695a1fd92347431ddfa02f8b232 ea86de49c926a944f0b9781f728a181bb18693b572cdbd2980ad85f49fdd8d301cbf0853b85909ab66aeef8dc206c1f8
CLIENT_TRAFFIC_SECRET_0 8fd44dd741278c6e59951b5d61d8ada39ddc5695a1fd92347431ddfa02f8b232 885a83f6c39ef77f1ca76c9778b319619da0279d39adb7a9c3742d12fa5514a16a42f016ef16115195900f93e2b726dc
SERVER_TRAFFIC_SECRET_0 8fd44dd741278c6e59951b5d61d8ada39ddc5695a1fd92347431ddfa02f8b232 c99ca157d4afb91335bdbed38c4b6fb4ebc6844cc50eae439e2e3dc7c8a77bd8de629df52115e599e51fd568c91c8f95
EXPORTER_SECRET 8fd44dd741278c6e59951b5d61d8ada39ddc5695a1fd92347431ddfa02f8b232 7664f135926e9d92db5dcf4c88f3e75e15e638a26d2ac5e91ee75dd640ba5a36de39ebeca1f0a45bf2c75c380e05475f
CLIENT_RANDOM f77c8f12f4bc69ac5b0e41de9e6d72db462dce89f17a2a2a0454fc5cae01bd9f 46e3a046efb063dac93eba8af1d652c83f3835a3f70f53c965af9e651760d2b34f7935e9396694cca4c96e9f6d4272e5
CLIENT_RANDOM 7b04e7260109797be747bd11f75d1a2ae912fff1b2fb71656b03212734e64f62 98c326f6cf9da3ff2951ee695a3a8d56541f6a8c3679384eff507b3b44b127956bbe6cc0ce3652c6effeaed9224ac6f5
CLIENT_HANDSHAKE_TRAFFIC_SECRET 86430ad07209768ca2237f15af0af294070928bb47f0cf2a5a0bec8a38fe88a9 e822b9ac24c271efad6f0ceb1d5acf9104552a97e482615fb26c6b7458e1ef29
SERVER_HANDSHAKE_TRAFFIC_SECRET 86430ad07209768ca2237f15af0af294070928bb47f0cf2a5a0bec8a38fe88a9 e4cc1f213f41b3b49c42e280f0df26f026947787a6176d293bb47989decc83ce
CLIENT_TRAFFIC_SECRET_0 86430ad07209768ca2237f15af0af294070928bb47f0cf2a5a0bec8a38fe88a9 ddfb787deb20bff1d105d10eb5115ce8da00e98c5359e584dae0bdeea4464a4b
SERVER_TRAFFIC_SECRET_0 86430ad07209768ca2237f15af0af294070928bb47f0cf2a5a0bec8a38fe88a9 e55ad6823eb2665cc2795523265b6113b772d3f05c5755730629f56c4461f2ea
EXPORTER_SECRET 86430ad07209768ca2237f15af0af294070928bb47f0cf2a5a0bec8a38fe88a9 764ef77826083caa026c91ae750de3a7421940447c082ae8aedb185778005ddd
CLIENT_RANDOM ae008bf377f3832465ce824ff475c57c1aadb8e4e6516b92f1c38bf0d5e0f686 081d4fd8f00365e913580d0d21a6350ba0a276128178edd209df5d16f363a525c3650b7e31d6260efe5881ace9c2a245
CLIENT_HANDSHAKE_TRAFFIC_SECRET 794573b2727e6e5597321a6f711083396078cf07b5a8ce5a706974f4e0d84ffb e8b5e723a2f0cb2adc508e3cbf7abbc012add6f02e780c497bd58f20afbe3a49
SERVER_HANDSHAKE_TRAFFIC_SECRET 794573b2727e6e5597321a6f711083396078cf07b5a8ce5a706974f4e0d84ffb 433c627488179a7932b36093d453851b65421d96d5483e938e2382cedd012539
CLIENT_TRAFFIC_SECRET_0 794573b2727e6e5597321a6f711083396078cf07b5a8ce5a706974f4e0d84ffb 81eac76a2e35c770ea5c5a120ab5ab9a76fde63b0bb8ea36ca092e59208d790d
SERVER_TRAFFIC_SECRET_0 794573b2727e6e5597321a6f711083396078cf07b5a8ce5a706974f4e0d84ffb 26e8341a1e25ddba8eaf07cad5d37e86c43446cd19c5787eb8326402333004ff
EXPORTER_SECRET 794573b2727e6e5597321a6f711083396078cf07b5a8ce5a706974f4e0d84ffb 59f8eb33daa6082becdd9f34ae597c02e25cb99713b2563caf83a4c4508faaf0
CLIENT_RANDOM e4bacaf8e721d0fa81885cc097ad72ecde5ccdc13ac78e7d7be5af0a5e2d234b 0922adcde03f8308297d502de63d603baeb0788bbb665d82ddb0b27cbf26250c6abeb1e51d9c1321e7f74f3e9782151f
CLIENT_HANDSHAKE_TRAFFIC_SECRET 85c1bb71f8965217e6582b5d1f4b5aed5e90f5235f96189e971853025f35e852 576d3c762da9b6e645bcd112bbad1bb2e69bf5a7f7b1d507aed6fbecb9647a4c
SERVER_HANDSHAKE_TRAFFIC_SECRET 85c1bb71f8965217e6582b5d1f4b5aed5e90f5235f96189e971853025f35e852 cdad3eb5235f5e6203b66d237b7518edf1ac059267d8f4e2f1ab33e7cfdf7eed
CLIENT_TRAFFIC_SECRET_0 85c1bb71f8965217e6582b5d1f4b5aed5e90f5235f96189e971853025f35e852 04690d9e34879c8d617e897229b7188e4967190fcaa59320b53c5805de64d51d
SERVER_TRAFFIC_SECRET_0 85c1bb71f8965217e6582b5d1f4b5aed5e90f5235f96189e971853025f35e852 1d66119d709d6401399bb55d69025a482e4f4b131a441b6791c479b4c139d589
EXPORTER_SECRET 85c1bb71f8965217e6582b5d1f4b5aed5e90f5235f96189e971853025f35e852 76885759f767a6d3dc7d15b74c4f00eeb2f598d9e453877df1781ad385f6d8bc
CLIENT_RANDOM 0c7336f9029863ceaa42d6bb3a7c3c34ef8b311fb936fac3ed6f17b6782e43f9 99a8bf391981832439e58863a01c7943a3a40112e17a03ceea0a81247d9e5d278e6e0f8f121fe37349cd35afcf517d1d
CLIENT_RANDOM 95b9f9398bdc0d21b1bda175afefca2007f775539d76ac408fd6ff57f1f4b35d bb7940b8b81c2b89098962dde6baca0cd6dbf3229c23a0aacffb79d97c711a15b1c00c3bcf4150ffa47a0a9fa7eb2eab
CLIENT_RANDOM 75ae4a81daeabf59bb9441f07f67207c09133bef4b6d8c37c5c8529e3f80c3df 5d6a852de438c1a2defcb1894fc436b5a35830dc2579095fe3e7c9a283ad91ae3cea15557ca513a452e774c0e93a4302
CLIENT_HANDSHAKE_TRAFFIC_SECRET afd3b8f211a8bdeca8353bfc60f9adfda70982f069cec316d379ba1f71dd404e 8318970c4746878d8a6d1ef58da073afeec1041c0cc67ed769180f334fda9ccf
SERVER_HANDSHAKE_TRAFFIC_SECRET afd3b8f211a8bdeca8353bfc60f9adfda70982f069cec316d379ba1f71dd404e 37ea4196f7d67b44892178fa58be8045a1e9d04d1e30866c309b1d0603a0c667
CLIENT_TRAFFIC_SECRET_0 afd3b8f211a8bdeca8353bfc60f9adfda70982f069cec316d379ba1f71dd404e b23815cd48d4ccfab309c598e26fb321247c962d0627204eea9e6a2341b47ebf
SERVER_TRAFFIC_SECRET_0 afd3b8f211a8bdeca8353bfc60f9adfda70982f069cec316d379ba1f71dd404e 174e1b09d65e3a4cfdbb5c53497c9ae31bd5346820f38c79b5770a3aecb1a79c
EXPORTER_SECRET afd3b8f211a8bdeca8353bfc60f9adfda70982f069cec316d379ba1f71dd404e c7282b0a1298f8d0b56a0bf9b1ca1f6d46a84ed569c5905638993539cc132f46
CLIENT_HANDSHAKE_TRAFFIC_SECRET 29459573070def05f18af329766ee95968f5b5a14a308d2a2b54067e68ccaadd 1977484b112eaf5595ccad5da67b7c71aebaca51120d373a74703d0ded45e18f3566a96ee6fb00768b8fb76f74389bb7
SERVER_HANDSHAKE_TRAFFIC_SECRET 29459573070def05f18af329766ee95968f5b5a14a308d2a2b54067e68ccaadd 815c999204be5b3503423853ac70aa53417c10e1663965557e9eac518f142209e18fb5f63ce85515449e6d5a99cbd2eb
CLIENT_TRAFFIC_SECRET_0 29459573070def05f18af329766ee95968f5b5a14a308d2a2b54067e68ccaadd 846eb6c083b8dd647ccd9e3d9faec2feed8ecbf0b386e8cadb84c5eba90ccb21a3f6a93c7fb2ab384779a10b522a29d3
SERVER_TRAFFIC_SECRET_0 29459573070def05f18af329766ee95968f5b5a14a308d2a2b54067e68ccaadd 97a992565e3a83a3b6955ec8b3a7fae21933859629e0edd6d936fc3505981d7f9448523a0c680a461d52375cd5a42d78
EXPORTER_SECRET 29459573070def05f18af329766ee95968f5b5a14a308d2a2b54067e68ccaadd f68fc8c010e8f821c4a941a0d9bf1f724795e5284ef6039c7b11b138ff8d7fcd33de90a95a9037f6e4072e11571bb227
CLIENT_HANDSHAKE_TRAFFIC_SECRET df78011324c28c342bdb624b85f01bc1e13077dc6e880d013a79c6959fb6b5bb b44160451bd7b7e48a7c800b612b9819dc4ef464cc797d8c0854b78ebeb96d62
SERVER_HANDSHAKE_TRAFFIC_SECRET df78011324c28c342bdb624b85f01bc1e13077dc6e880d013a79c6959fb6b5bb 9faba87c9dd5338eba1c721763061f4675c0269dd0774763e4cba43494ae538c
CLIENT_TRAFFIC_SECRET_0 df78011324c28c342bdb624b85f01bc1e13077dc6e880d013a79c6959fb6b5bb 5eaf185a9387b453f21982b6e01fe96f3420e1b21cee3edc99804d4fd7e5402d
SERVER_TRAFFIC_SECRET_0 df78011324c28c342bdb624b85f01bc1e13077dc6e880d013a79c6959fb6b5bb 8a40ce20e77282470f364aa52d7f841099e1cbafddf4a29854ac4ea15b07d193
EXPORTER_SECRET df78011324c28c342bdb624b85f01bc1e13077dc6e880d013a79c6959fb6b5bb 168991bae7ccf0af807caeb550ecb07c9649a02b70c1acf9824a3c0d75c36e62
CLIENT_HANDSHAKE_TRAFFIC_SECRET 6a922537a0030f02b7049168b2f077a44bb621e0140abf36634f6fe12e5bce6f cee867c7fbe10afa9865e77dcc7f48975a42a6d45fc73a6f3a4a4a609c4e0d17
SERVER_HANDSHAKE_TRAFFIC_SECRET 6a922537a0030f02b7049168b2f077a44bb621e0140abf36634f6fe12e5bce6f b0c488538477fa7796c37bfc1bc75f06aceb1377af3bd7a6400bf02ba079997a
CLIENT_TRAFFIC_SECRET_0 6a922537a0030f02b7049168b2f077a44bb621e0140abf36634f6fe12e5bce6f 8ba7d5469d0937e3a90b57fa32468f607f515b819b04bf239a6ca78117b4bc14
SERVER_TRAFFIC_SECRET_0 6a922537a0030f02b7049168b2f077a44bb621e0140abf36634f6fe12e5bce6f 24efa2eb56a9aa92b84ec8a28761f40f2edaaa68abc89afc7e3ad90d1122be22
EXPORTER_SECRET 6a922537a0030f02b7049168b2f077a44bb621e0140abf36634f6fe12e5bce6f 6b8ac36c8d7ae0e5e9349096598d8c191d6739b0d339a7b38167b25d600670c9
