CLIENT_HANDSHAKE_TRAFFIC_SECRET a08cae2068906a037711c6c7ac091ffe394df43e8df01481374ce89c9c699791 7c3ece1c5fd39f6e5c05f30e6429a5b1120cc6c484e14b8787bcbae621ce55c2
SERVER_HANDSHAKE_TRAFFIC_SECRET a08cae2068906a037711c6c7ac091ffe394df43e8df01481374ce89c9c699791 d0484bd140739710b85a6a82e1856fd5d58a3211e549f652b153a13d03d7e1c6
CLIENT_TRAFFIC_SECRET_0 a08cae2068906a037711c6c7ac091ffe394df43e8df01481374ce89c9c699791 6e8cbc0e262b4f783ea07655549e39a5258937f6a8764e45d7e50874c2a4d100
SERVER_TRAFFIC_SECRET_0 a08cae2068906a037711c6c7ac091ffe394df43e8df01481374ce89c9c699791 504a9740e98a119f0defa9c9f668ad2c038a68109296860df7424cc420cb4d9b
EXPORTER_SECRET a08cae2068906a037711c6c7ac091ffe394df43e8df01481374ce89c9c699791 4a16197088280a7698e754746cf7bdf868eedf3d10ae459b9776e5c23cdcfa7d
CLIENT_HANDSHAKE_TRAFFIC_SECRET 8890a421314163f5f6bdd6783b95fb5c21ad3b73da3e82cc322df6c5e59feeac e6d1418ee2e4475686fc38a3bbff865f1560ba67b7313f7a74b812d94ca70620
SERVER_HANDSHAKE_TRAFFIC_SECRET 8890a421314163f5f6bdd6783b95fb5c21ad3b73da3e82cc322df6c5e59feeac ea354cf087308cf02e26ccea63f4a827e385b73a01e7a6cf85866b2a825af49f
CLIENT_TRAFFIC_SECRET_0 8890a421314163f5f6bdd6783b95fb5c21ad3b73da3e82cc322df6c5e59feeac 6768d8c434aa7a95e2cbfafee2c1e7fe6c24ef33acb97dd5f1f8e0ae78e6ac8c
SERVER_TRAFFIC_SECRET_0 8890a421314163f5f6bdd6783b95fb5c21ad3b73da3e82cc322df6c5e59feeac a4819fb95104d893a6e9795b1059b34799436ae3bd9d8cf337b47f1bc8549fc1
EXPORTER_SECRET 8890a421314163f5f6bdd6783b95fb5c21ad3b73da3e82cc322df6c5e59feeac c7817e78959f5b167d8aea5a400c0ea3fbab0c5609db808b7f330a88554acb4b
CLIENT_HANDSHAKE_TRAFFIC_SECRET 5caafa7999cc58c2a212cb7043eb1644cd6ecc1628aecdc2e206b8ffdda38c51 853ac2cd38fe68b4b2081254183cde9c7a46b900517d2e8ff400671f5fa8c946
SERVER_HANDSHAKE_TRAFFIC_SECRET 5caafa7999cc58c2a212cb7043eb1644cd6ecc1628aecdc2e206b8ffdda38c51 2478c5ab921bc8d58cbec50e63f08c39246b206228835d7114055956890ffa53
CLIENT_TRAFFIC_SECRET_0 5caafa7999cc58c2a212cb7043eb1644cd6ecc1628aecdc2e206b8ffdda38c51 8c04f41aa44030789bdc06fb67c23a7b7964269a6bbde2ccec2298bb71695916
SERVER_TRAFFIC_SECRET_0 5caafa7999cc58c2a212cb7043eb1644cd6ecc1628aecdc2e206b8ffdda38c51 2190790bedaabffec06e2f3c54456c868597b068ae65ef42363e61bd6912ec67
EXPORTER_SECRET 5caafa7999cc58c2a212cb7043eb1644cd6ecc1628aecdc2e206b8ffdda38c51 b6892a12cab322b93dd1ebe0f79652e420f1a3c419b04f93d54ff429ce4f4c37
CLIENT_HANDSHAKE_TRAFFIC_SECRET f318953eb669e28cef1d959f1a169ab2d555ebfe4b7edd2fa2f6a8d56115d68d a53de7f3288d7dfe9f770402cc93626c943b1ed847e00d70d5d74d7f296565f6
SERVER_HANDSHAKE_TRAFFIC_SECRET f318953eb669e28cef1d959f1a169ab2d555ebfe4b7edd2fa2f6a8d56115d68d a4ce7fd3c8d31bf02b363c7fa4a6e57ee5ab19b7c009e2dfa35f99b7e269f238
CLIENT_TRAFFIC_SECRET_0 f318953eb669e28cef1d959f1a169ab2d555ebfe4b7edd2fa2f6a8d56115d68d 38ab08c165dcabcf0f721d1ee1a8c851ba619f4cbcf297371975d57cc653052e
SERVER_TRAFFIC_SECRET_0 f318953eb669e28cef1d959f1a169ab2d555ebfe4b7edd2fa2f6a8d56115d68d 527e84568e77b4184869df61231ef3aec296d5a538bb76eaf8208186b128849e
EXPORTER_SECRET f318953eb669e28cef1d959f1a169ab2d555ebfe4b7edd2fa2f6a8d56115d68d 936c2d7117231d5582ded27bd12bcd195d1d8fe3bc875e89bf4f090f04fe7630
CLIENT_HANDSHAKE_TRAFFIC_SECRET a7b49e43fed92b5e03806b7d354fde51b839982f9aa772823f2d32003ea8b747 35d039809e810872954413b63014e34c0c974f06054e6f29c2e0e512f6404f05
SERVER_HANDSHAKE_TRAFFIC_SECRET a7b49e43fed92b5e03806b7d354fde51b839982f9aa772823f2d32003ea8b747 f51f30eccae7681ee55f25698caece407b2aae15511dc92f83e9050afe3478a5
CLIENT_TRAFFIC_SECRET_0 a7b49e43fed92b5e03806b7d354fde51b839982f9aa772823f2d32003ea8b747 212b87365da59926bb8279c54f67fab3d053a4b5ddc7ba382df2c569129b9f7c
SERVER_TRAFFIC_SECRET_0 a7b49e43fed92b5e03806b7d354fde51b839982f9aa772823f2d32003ea8b747 973027f959b88464cf072823c89f04de1d5bb299ecb9320b91f3812651cc24a1
EXPORTER_SECRET a7b49e43fed92b5e03806b7d354fde51b839982f9aa772823f2d32003ea8b747 20d2ce4703aac2709fbdca00d312c3c697267d59f58b6b937590622f6e494cf4
CLIENT_HANDSHAKE_TRAFFIC_SECRET 17790ac5222db5c3a9d5ed7af42c978ffe767e17ee4cafb6932d937f1a3c9a10 147bb3bcb1a3412774d38d68ccf5c112cdef28d4b71cc670eb67c6df7220e91d
SERVER_HANDSHAKE_TRAFFIC_SECRET 17790ac5222db5c3a9d5ed7af42c978ffe767e17ee4cafb6932d937f1a3c9a10 2aa808e0d9c5e75ae387ee9f401785404292c5bd8dc7e42ffe54c511995ea95c
CLIENT_HANDSHAKE_TRAFFIC_SECRET 502714d2fcb03581ebbd2d810f78bd17c97bab30f73b79d306bd868975896c94 a7af2fce068d0f2c8f9dd62a3a76e7a8fc86213aa2fdebae8154ec432a5adbd3
SERVER_HANDSHAKE_TRAFFIC_SECRET 502714d2fcb03581ebbd2d810f78bd17c97bab30f73b79d306bd868975896c94 f8d8ae031ab90d366ed3d50dc1895a141c605be2e27778e04b66ba4fb8b8b60b
CLIENT_TRAFFIC_SECRET_0 17790ac5222db5c3a9d5ed7af42c978ffe767e17ee4cafb6932d937f1a3c9a10 1796b3c046bc1b99e14ad95605cc8544ee3d5d540086acc2f69ae5a9c2ff80cd
SERVER_TRAFFIC_SECRET_0 17790ac5222db5c3a9d5ed7af42c978ffe767e17ee4cafb6932d937f1a3c9a10 1ec8c1c6a8e2da54a6432625e0871896573248d54886375837a48c664417c6d9
EXPORTER_SECRET 17790ac5222db5c3a9d5ed7af42c978ffe767e17ee4cafb6932d937f1a3c9a10 c70a7a6b4a00d95eff058569d19a098268d74dd583334f92a241172cc78fdde0
CLIENT_TRAFFIC_SECRET_0 502714d2fcb03581ebbd2d810f78bd17c97bab30f73b79d306bd868975896c94 ae7773c579e06a59952f96d568e86df1f0e154c4d49af5613d51f5da7e5ca831
SERVER_TRAFFIC_SECRET_0 502714d2fcb03581ebbd2d810f78bd17c97bab30f73b79d306bd868975896c94 80befdc6b43fcbd6d6f935c9e5ee47936d0a868cf72e093a38172170c3b295a6
EXPORTER_SECRET 502714d2fcb03581ebbd2d810f78bd17c97bab30f73b79d306bd868975896c94 b1921ea6e9d8d99dc7b976f41dd32304da00f4ec4c8306cf2126b0d1a69516eb
CLIENT_HANDSHAKE_TRAFFIC_SECRET 57b2033f20d55c09fce6a8c9176b613b3eac1b0bad339df5ac9e1d0099b06231 ab490483c63593574c349d20cf5337f48f5858751189f392f4dc50041e87937d
SERVER_HANDSHAKE_TRAFFIC_SECRET 57b2033f20d55c09fce6a8c9176b613b3eac1b0bad339df5ac9e1d0099b06231 fcf7261e0c198c41ece5838623eb124975a52d204e2c8d13f522564ba98a54f6
CLIENT_TRAFFIC_SECRET_0 57b2033f20d55c09fce6a8c9176b613b3eac1b0bad339df5ac9e1d0099b06231 b0d091df4f88e19016638fc7c8cb4fe2343a58da531bf07b09ddfd3b801eb4ec
SERVER_TRAFFIC_SECRET_0 57b2033f20d55c09fce6a8c9176b613b3eac1b0bad339df5ac9e1d0099b06231 5cce21c57c43bb77d362e84b4e71d26471dd4603959687e334718254a0c2b0fe
EXPORTER_SECRET 57b2033f20d55c09fce6a8c9176b613b3eac1b0bad339df5ac9e1d0099b06231 b4f7c12f687365296845dc88a73835a31b99a82abd163a1d711aed63de70ccc1
CLIENT_HANDSHAKE_TRAFFIC_SECRET a437f5471a7c93bec2cadac01e3941b402e44ec086136e47d87c5267986497fb d6eaf942163572818d0cb125af65a0ce0b603fd27517e5a9878bcf26099b3750
SERVER_HANDSHAKE_TRAFFIC_SECRET a437f5471a7c93bec2cadac01e3941b402e44ec086136e47d87c5267986497fb 0a037b5d3ca4a22394ac1cb4a3eb909102d4c9c50d7412ba1df6a3d44865baa4
CLIENT_TRAFFIC_SECRET_0 a437f5471a7c93bec2cadac01e3941b402e44ec086136e47d87c5267986497fb e630202e5e4ec12bb8913314fe265e969bf828a9babddfaddbe985b0cba79911
SERVER_TRAFFIC_SECRET_0 a437f5471a7c93bec2cadac01e3941b402e44ec086136e47d87c5267986497fb 5046efbda3ee7e51b8ac86594b3c3727834013e365dba270694175c14d6172cf
EXPORTER_SECRET a437f5471a7c93bec2cadac01e3941b402e44ec086136e47d87c5267986497fb 33e01cf3d0230588e594938edf3f43753d452d51d76ea82c82446a12e5014a56
CLIENT_HANDSHAKE_TRAFFIC_SECRET 90e1a87951020cf82940d7a5c99fc198054795047c5a00347968c6ba1a0604e3 04e5db4bace117b904912742eb5fe1f1213c814f5804e222b0aeb978c5e9e91c
SERVER_HANDSHAKE_TRAFFIC_SECRET 90e1a87951020cf82940d7a5c99fc198054795047c5a00347968c6ba1a0604e3 b1c138ea0c028149f49f3d4f362ba8180951242b8de1de012c27a6216ec17681
CLIENT_TRAFFIC_SECRET_0 90e1a87951020cf82940d7a5c99fc198054795047c5a00347968c6ba1a0604e3 2e8bc19555570f818ee7617cca3de744187bb611af3e5b390f89169ac6198b44
SERVER_TRAFFIC_SECRET_0 90e1a87951020cf82940d7a5c99fc198054795047c5a00347968c6ba1a0604e3 97f007e3e3d792d98e889166e0a6fe55a23fb1a19a6bc44f8086e2abede3e90f
EXPORTER_SECRET 90e1a87951020cf82940d7a5c99fc198054795047c5a00347968c6ba1a0604e3 64a1e5a4fc27cdca0f88c630b1731f4bc6a62b7feb72504dc8684f6bde3c1693
CLIENT_RANDOM 769bf656a42d8354eceaabd22f3bcbceeb655182e4780b26eb19c2edb7274201 3c80b5c81ab6a9e493238d2ad5402f5caaeee23ce9c7dc42612a699728cd036e3d1610f98ecf174c82c6ee616fea0abd
CLIENT_HANDSHAKE_TRAFFIC_SECRET 383ec034e7da0f5f8bc0d6fb433e06b0100b0815ed6ef0d16e8c8e7ca0aaec2e 6919d4f739af93247a9ea1e1151f2cb55c21b0230d0d8d884abc8f0ab4d5cd29
SERVER_HANDSHAKE_TRAFFIC_SECRET 383ec034e7da0f5f8bc0d6fb433e06b0100b0815ed6ef0d16e8c8e7ca0aaec2e edd6336aebe47ad145a26f2f2168dd953a51d10d2fa8c1f565fdbafeb82d0cff
CLIENT_TRAFFIC_SECRET_0 383ec034e7da0f5f8bc0d6fb433e06b0100b0815ed6ef0d16e8c8e7ca0aaec2e a2e78bc416551e2310c5dfa170ea7a955588f24d97c65412cf0acd4dfc47f011
SERVER_TRAFFIC_SECRET_0 383ec034e7da0f5f8bc0d6fb433e06b0100b0815ed6ef0d16e8c8e7ca0aaec2e dd5a045040d7c63bb037864c6dac8944bdeeb228dfa71225b94a6c6cbf44dbf3
EXPORTER_SECRET 383ec034e7da0f5f8bc0d6fb433e06b0100b0815ed6ef0d16e8c8e7ca0aaec2e aa8137a87efa300a048955300020873957fddcf8268a7af6f15f1474211331ce
CLIENT_HANDSHAKE_TRAFFIC_SECRET 17c994e518c7c974a071be1f94ee1ec84f7d25642e1cac6d774f415fe1175786 34d3e4ee50959a6b5fa0d91e4159e75a87dbd987a3df39dfb63dab899a737f75
SERVER_HANDSHAKE_TRAFFIC_SECRET 17c994e518c7c974a071be1f94ee1ec84f7d25642e1cac6d774f415fe1175786 51837caa602927aca9c77986b28a781134eca9d7d8072c19b232af0cbd044e69
CLIENT_TRAFFIC_SECRET_0 17c994e518c7c974a071be1f94ee1ec84f7d25642e1cac6d774f415fe1175786 df8ae3d3d733d47a84ce98d8d336d3a7d9ecf22166f97f31e2543397aeb88993
SERVER_TRAFFIC_SECRET_0 17c994e518c7c974a071be1f94ee1ec84f7d25642e1cac6d774f415fe1175786 07f0a376bbb29ef3fc8103338c953d33d48dec6d0afe14dec311a4cc352e16f3
EXPORTER_SECRET 17c994e518c7c974a071be1f94ee1ec84f7d25642e1cac6d774f415fe1175786 51dcee9734ae35f7ae690f2d31d773d6cbc2454a356791426953b47b0d024286
CLIENT_RANDOM 2f3cc34fe7e512594eac2df850f538a29d5873c7d8dd4052cd5d456fd617ed7a 3db7cd784cb8a6007dec1635fbe26e90e1634695dec73ba4e8f4e27f2e74bdfd19b3141a4ae4477c83f52ddd5802d966
CLIENT_RANDOM faa738f0f0235e182b960f68eb1bf980ce12c2c00939a0adf0badbbf476a8945 0c094937509179eb31ea8dc8256fbd5d31be916da25e1a25a223d3f5b53210908205f887f62caf6e95e3650072e650ed
CLIENT_RANDOM c64e8f1de466b435c955ff5a003e207f872a40b88820b6e2d3b2eab08da3c261 53d557e420eb55b17d30c08126ac201151c053601b2d3153c6442eae8587006f93341095c9903c09e8e16732b6b1a3e6
CLIENT_RANDOM 6b4c92132b04cc5f51bc76858209653069d567b7ef32efb20ff361e291bb0f08 04fa2e2f72912a1b29ec1da245164e79d210dfe850eae7b90f76aff7de882555eb4d59bd64071a0111d9ec8b0dbabcc4
CLIENT_RANDOM 4c5c73a19170c8ba968055ca5eda042fd047e7a0f1b3b9651d959eb250d3055d 4f868a7a1d326ff9bf27ee4e89005a99e620af0808d04562355e9e45a599c95144d50c76c169c29b0e76487f43802923
CLIENT_RANDOM 1a2f75b8e3cafdbff517956821628a0d43dbb608f348421412016a569bcf4ac1 b5ca47ddfef35bcef2c2872802cbc69fb2c829bcd428467d5afb5ef20d80877ed965d7d456518b585aa465eb1df5c4d1
CLIENT_RANDOM f32b14d8c8d431ef8d6e72c5bd246485beee6b886e260afc0d139553cf75fef4 93c0782ad60a944890b83762be76cde7c659b8ddee6a43664e2a8e97e0074974f81c6705256feac29935d8a6e970c0c6
CLIENT_RANDOM bd9ea2ff35b4f4e3f466f55e43cd9346d3b30a2d6367e444da4bbb988d5b91c6 adccce966bbb00124675899822c8e8028fecefbc9d54fa97e7a3ecbdba99f3f408898c80b3b86c928885437f9ab5f144
CLIENT_HANDSHAKE_TRAFFIC_SECRET 77a1797fb86fb9599aa9a03ef826dc36a03c57f6c12dd2b54cf625ddbae9f75e 260ce88688b671164cc4856484c5b14617067394de6941fcbed0e74187749bb8
SERVER_HANDSHAKE_TRAFFIC_SECRET 77a1797fb86fb9599aa9a03ef826dc36a03c57f6c12dd2b54cf625ddbae9f75e 13349320fff5453c71d58e030a54ff61a0253725c6f7661b66746266ad535712
CLIENT_TRAFFIC_SECRET_0 77a1797fb86fb9599aa9a03ef826dc36a03c57f6c12dd2b54cf625ddbae9f75e 8aa4d1b26e58409b9e255a3517938a8af792bf8fc225c01ccccfbac27377cca1
SERVER_TRAFFIC_SECRET_0 77a1797fb86fb9599aa9a03ef826dc36a03c57f6c12dd2b54cf625ddbae9f75e 0e5f93cddd7096f3a1e27c803578a91c45cb367f824f0523233fa5b07289a584
EXPORTER_SECRET 77a1797fb86fb9599aa9a03ef826dc36a03c57f6c12dd2b54cf625ddbae9f75e 84073859fda365e7a1beef7065a9c8a651ccfe11f2fef1b67596741ae1e2990b
CLIENT_RANDOM ff677778ece4f7225209e17416b228865d318f5ebbd1862abee0ec073c313773 f6a935bcdabada91a230883a158a8459d0efdacef167f48c22cf8b2e671353479cfe74ec17f408da1de088de3b4e30c8
CLIENT_RANDOM d081cd0f5b4d50cb003e61e32762bea501481164be81ab92e15ffa5f563a7fb3 0f8979a4a2a3bee15caebc513a3b8a88b5dc49df6d222861a9b7bc6386df0bd42da10823fe9843ac2cb46910d99ce5c4
CLIENT_HANDSHAKE_TRAFFIC_SECRET c65c5f5dafe683a4a1c9f2035499882e7a84c2c9d048fa2ebe3feb3d55cdfa12 384edd1b92318c26ce94270d2042433f95f2be29a0d7717a972443b75e010309
SERVER_HANDSHAKE_TRAFFIC_SECRET c65c5f5dafe683a4a1c9f2035499882e7a84c2c9d048fa2ebe3feb3d55cdfa12 81c72cb0d287f6264bbcc1d2c93dfa4b5f34e07493d18c15d7ad4594cb39179b
CLIENT_TRAFFIC_SECRET_0 c65c5f5dafe683a4a1c9f2035499882e7a84c2c9d048fa2ebe3feb3d55cdfa12 8dd57e9697b668cbacd1798c56c2f84b9256a3ae4168ef57e4b49e8a3d6449e1
SERVER_TRAFFIC_SECRET_0 c65c5f5dafe683a4a1c9f2035499882e7a84c2c9d048fa2ebe3feb3d55cdfa12 9c24b0f81cce17c68a73d59e8ee2ba577a2d951553d1afbec22b6e40ae6ec068
EXPORTER_SECRET c65c5f5dafe683a4a1c9f2035499882e7a84c2c9d048fa2ebe3feb3d55cdfa12 faaebe1d380b38c6b0be4ffa1f19bc5fb3b73d264e984f54e8840edae7772a3f
CLIENT_HANDSHAKE_TRAFFIC_SECRET b97665309eae64e686f5c20e0e98fa90b8407c752d6a59d50bd062cfb4781fc4 0980e94c5ac5fb1ea3d7fc7731f2a7896152c0f990a1f916de8b46e674049461
SERVER_HANDSHAKE_TRAFFIC_SECRET b97665309eae64e686f5c20e0e98fa90b8407c752d6a59d50bd062cfb4781fc4 801eddb8fcd11a32a5b3210ed601d7b9f7054d831c2fd4fe49cc67641fbf5786
CLIENT_HANDSHAKE_TRAFFIC_SECRET e0d2d2dcab66ba0bd11254a542d467498f4e6dba0337e01f97da3320629fd5e5 afa822300ff966874da932d979739721579684450191ffe1d813a688c52c17ee
SERVER_HANDSHAKE_TRAFFIC_SECRET e0d2d2dcab66ba0bd11254a542d467498f4e6dba0337e01f97da3320629fd5e5 afb4c56eb63efb3d1c437528fdf096dd6cf688566cf2a3e7f3a17dee6fca06c7
CLIENT_TRAFFIC_SECRET_0 b97665309eae64e686f5c20e0e98fa90b8407c752d6a59d50bd062cfb4781fc4 1c2bffdc6cc42d0dd608492973e47266489b107c47ff8bf4b9cf8ccc9b0984d7
SERVER_TRAFFIC_SECRET_0 b97665309eae64e686f5c20e0e98fa90b8407c752d6a59d50bd062cfb4781fc4 525e1b72de72bec707164a7a30ac91c459b676b5d834a6d0875f99d1ba4e9d81
EXPORTER_SECRET b97665309eae64e686f5c20e0e98fa90b8407c752d6a59d50bd062cfb4781fc4 aa0e464b75da455ab3960aa18992fbe7f93fa2997299b739835e8773c7045d98
CLIENT_TRAFFIC_SECRET_0 e0d2d2dcab66ba0bd11254a542d467498f4e6dba0337e01f97da3320629fd5e5 5031592a371c29e82e585dec49c42d6ca34d951278229cebbb9253a4d6e21ca7
SERVER_TRAFFIC_SECRET_0 e0d2d2dcab66ba0bd11254a542d467498f4e6dba0337e01f97da3320629fd5e5 d9d6b9048b5185c518d766c87e92e7fa0ab3ad12fe52984282a24808e7583cbf
EXPORTER_SECRET e0d2d2dcab66ba0bd11254a542d467498f4e6dba0337e01f97da3320629fd5e5 2c742e24f3d3a8dbf5a25addb7ac2620ba4a7c517cb97298013c1afc2042cbd9
CLIENT_HANDSHAKE_TRAFFIC_SECRET b13772d3204cd91865da182e09aa19d8d1996512fd2ed9f54b458f7669d4ab0d 2c6651aed1dac8dc0fb674011a9458c8273fe01ed863809bae227d888a1cd399
SERVER_HANDSHAKE_TRAFFIC_SECRET b13772d3204cd91865da182e09aa19d8d1996512fd2ed9f54b458f7669d4ab0d 7cd1ec3d781da5050eb34f0835eff31c8135199237eb5ec3770b499af50583ca
CLIENT_TRAFFIC_SECRET_0 b13772d3204cd91865da182e09aa19d8d1996512fd2ed9f54b458f7669d4ab0d 72160206f6e7f457c36f8500e5f94920e3090c48e8c24cdd39be96378bfea7e6
SERVER_TRAFFIC_SECRET_0 b13772d3204cd91865da182e09aa19d8d1996512fd2ed9f54b458f7669d4ab0d 1b66f6a55f11fe2d30609f892b382a848c2abb2ab5551141cacdacb38b5dc9ec
EXPORTER_SECRET b13772d3204cd91865da182e09aa19d8d1996512fd2ed9f54b458f7669d4ab0d a72d192bd971deea10a34889175227f4044b97241e709d9b70521c22a0a35631
CLIENT_RANDOM 9d179e9287b7fa8810cfdb5b1934b3180e37b339d3d64aacbe95e1618d2ba527 b7b0aa0ae1e1bd25746df68e5e828f353f5e1eb0b4488586c5f3535ec4a82375ac8947aeb0d4928fdd37f4e6a53bd0f1
CLIENT_RANDOM d0be3ab2539f87db38f131c533d566a0cc7fbd978ef9d9c7799da027bc15d3ea ad4db3e247a95f93333a90decbd726bdcda54cbd92682ead4de6ea31567724c4e3b06b521658d5dfd2ff312953df90bf
CLIENT_HANDSHAKE_TRAFFIC_SECRET 43862e171499181d2b10f00c1eb8a25c2fdb65a625f3266447bd6385a0638adc 891d2f279b52417fd4f188c56a294269d1fc3145feb24e835fab20ef811d8aa2
SERVER_HANDSHAKE_TRAFFIC_SECRET 43862e171499181d2b10f00c1eb8a25c2fdb65a625f3266447bd6385a0638adc 1e7e8da428f26663b7751a39481f4c56e093eea159f36e7e8e64ab3f3f4c571d
CLIENT_TRAFFIC_SECRET_0 43862e171499181d2b10f00c1eb8a25c2fdb65a625f3266447bd6385a0638adc f955e3a78d7a01040b3c633ab842b69cdcabce75728e82d1350ddceda853bc11
SERVER_TRAFFIC_SECRET_0 43862e171499181d2b10f00c1eb8a25c2fdb65a625f3266447bd6385a0638adc a8955c0fa9a41e658c7cc4c2b56a020c855387a142eec1c19a5ca4ec86b793ce
EXPORTER_SECRET 43862e171499181d2b10f00c1eb8a25c2fdb65a625f3266447bd6385a0638adc e9e9a689b4fe7759df256c71c5296430c22014c20136989edfaeb534685e3898
