CLIENT_HANDSHAKE_TRAFFIC_SECRET 0bb3a84663cb900db2e835424af5aa078b7fa781a926ee11f8699f07b2fe6bf4 748bb7365bf36dbf8e1c28d96382bac7439ea0356fcc28af57067dc7b636b236ed1a271e4a2785c0d34bc594cbc782db
SERVER_HANDSHAKE_TRAFFIC_SECRET 0bb3a84663cb900db2e835424af5aa078b7fa781a926ee11f8699f07b2fe6bf4 87df356ba738c2def8676e0f7e6d23ff21ce6825d9cc0c17a809e649b64e5c1b7fc95e500bd6fcc4bcb447b09f14c9a0
CLIENT_TRAFFIC_SECRET_0 0bb3a84663cb900db2e835424af5aa078b7fa781a926ee11f8699f07b2fe6bf4 a64a93d39c8c60cfd57818da6dd6013a1639a36be44b2d623aa3e26179f7ce5c628ab0d00af5647c98f2f66b464ee078
SERVER_TRAFFIC_SECRET_0 0bb3a84663cb900db2e835424af5aa078b7fa781a926ee11f8699f07b2fe6bf4 b15b5f5df0a3b6e20a9c074e639aba234c7a42bdad30dad0d7767f6aa16e5d4f36ce3db928de30f793423d579fad68af
EXPORTER_SECRET 0bb3a84663cb900db2e835424af5aa078b7fa781a926ee11f8699f07b2fe6bf4 d11ffee3914eff04cf25bd439b4f4f20871768dba6a852aa1fa891424788494032891801301cfd11da830c7e70623838
CLIENT_HANDSHAKE_TRAFFIC_SECRET 2ca58050e33e9d48840565868ebdc261de83c9b7be56fa99682a1135f657a707 b1f6d7e2bcebed40260cc360b14ff775495e815b11050f28e869b63bb2ff427e
SERVER_HANDSHAKE_TRAFFIC_SECRET 2ca58050e33e9d48840565868ebdc261de83c9b7be56fa99682a1135f657a707 ee020da0c6528deddab68ad682b6189cf783571c2dc32f405281558179f9d0c3
CLIENT_TRAFFIC_SECRET_0 2ca58050e33e9d48840565868ebdc261de83c9b7be56fa99682a1135f657a707 7f030f8ef3a141cd37df4e6e3997ce97d3e11dc1b7b6c632d7a3ac90820f57c8
SERVER_TRAFFIC_SECRET_0 2ca58050e33e9d48840565868ebdc261de83c9b7be56fa99682a1135f657a707 c48b447f26b272aa8f512f81e005c0e542ee9cffcf1232f3cf6e959bbea6bb8d
EXPORTER_SECRET 2ca58050e33e9d48840565868ebdc261de83c9b7be56fa99682a1135f657a707 0721860670adb1bdadbde4fc959e0ef89a480512e599749ade31c9bd091889b0
CLIENT_HANDSHAKE_TRAFFIC_SECRET f1566fa4afe61f856dfe30a759f4b948992cca502fa249f865925de338a71f28 987a1f69ffa5f0af435c593c77d990c7d7d83e33f7420e882e7d84ba7614d272
SERVER_HANDSHAKE_TRAFFIC_SECRET f1566fa4afe61f856dfe30a759f4b948992cca502fa249f865925de338a71f28 bd4e896016cc8f5254b93f46292f8e2ab8574923970dc259edda82846cf935be
CLIENT_HANDSHAKE_TRAFFIC_SECRET 925893f20bd1dff8a66994c7dd2a140dfe84e95d647c7b90e2719516b88ed919 bab193b8ec7b72fed401fe88c6f64599ce5d8c5bdacaa3eb4ef75a2d45da7769
SERVER_HANDSHAKE_TRAFFIC_SECRET 925893f20bd1dff8a66994c7dd2a140dfe84e95d647c7b90e2719516b88ed919 f228ab6565b2dbbcb21918a48bbd06aca7de62f29b8d037b8751e485da8d27e2
CLIENT_HANDSHAKE_TRAFFIC_SECRET b5fca0644d6eba1c27a313117b9ad3b94be7030ae79e31eeaa3ade7c2bf2f07d 722049ef18d4550424c5d0b51b7344ca7dd4dcad634f504bba3aa03e66dbae07
SERVER_HANDSHAKE_TRAFFIC_SECRET b5fca0644d6eba1c27a313117b9ad3b94be7030ae79e31eeaa3ade7c2bf2f07d 33efc7dc68c7e5f2a73b6d2144099a44fffc86c13ca7ad9bc83a67db0982d10b
CLIENT_HANDSHAKE_TRAFFIC_SECRET 99075539b2f695f20a9e5cd0f856d4f7a2996c3e4f8569fb1c35ea526776bfd5 08047ba8dd998e7557d04ec1a97a88a3a1d7c92401bfac7b1b916471a8bb9f9c
SERVER_HANDSHAKE_TRAFFIC_SECRET 99075539b2f695f20a9e5cd0f856d4f7a2996c3e4f8569fb1c35ea526776bfd5 5f918c4258786b5556e4cb39528a100559fbc0b2dc379eee15cdd27865689f34
CLIENT_HANDSHAKE_TRAFFIC_SECRET 6bf51cfe7ddfcb0f1a9bf1ff62d0ab64307e6de01cbdaa9c990792f01e2f9388 d5f08eabded9b33549a5d68b37f235912daaabc7cf8ea4dc264451c8d5460e47
SERVER_HANDSHAKE_TRAFFIC_SECRET 6bf51cfe7ddfcb0f1a9bf1ff62d0ab64307e6de01cbdaa9c990792f01e2f9388 ba507bc2f09c32f02dc2e0d745a9bec3e9a2f36b579923683e5a1e4ee99249c9
CLIENT_HANDSHAKE_TRAFFIC_SECRET f4f069ab8f20456bdae893c0d8d1405fd36775cd0f7ede56f741f3c3973f8e61 b3291c5fd7588fed2a988cb4882741ff1caabf69bc55d7ca2ad7f29ae2f1cf0b
SERVER_HANDSHAKE_TRAFFIC_SECRET f4f069ab8f20456bdae893c0d8d1405fd36775cd0f7ede56f741f3c3973f8e61 26f5ae6fb51bb83ef4510bea3679255ed5e25eb8814c9889fbd4b394a293a4dc
CLIENT_TRAFFIC_SECRET_0 f1566fa4afe61f856dfe30a759f4b948992cca502fa249f865925de338a71f28 b81d0aab895e85e344db931f36320da18bd6abc92e05cf571841f26262ea14b6
SERVER_TRAFFIC_SECRET_0 f1566fa4afe61f856dfe30a759f4b948992cca502fa249f865925de338a71f28 e3e364647147a8b54dedde78c796aae70b782093150813f9f697707591430598
EXPORTER_SECRET f1566fa4afe61f856dfe30a759f4b948992cca502fa249f865925de338a71f28 f4669c96c2eef5e4270e7167e9b101e41f3b6497d266add891cd8108ca3aaba1
CLIENT_TRAFFIC_SECRET_0 925893f20bd1dff8a66994c7dd2a140dfe84e95d647c7b90e2719516b88ed919 6ec1303a380670ecc1e4c3aad17514ae0a274fe3f357b865fdae02c3c3c88009
SERVER_TRAFFIC_SECRET_0 925893f20bd1dff8a66994c7dd2a140dfe84e95d647c7b90e2719516b88ed919 851d4f81c40481b55075d79253c4e60fb50cb135bd920acbf1901525601febdc
EXPORTER_SECRET 925893f20bd1dff8a66994c7dd2a140dfe84e95d647c7b90e2719516b88ed919 c2e4d3c5c8911a3bca776d642e0b19d15a9e3d8e01a552f28c149e6291f76eb9
CLIENT_TRAFFIC_SECRET_0 b5fca0644d6eba1c27a313117b9ad3b94be7030ae79e31eeaa3ade7c2bf2f07d 33efe189e2d81f4832d5785b08019590811ebefeee9439c5e7449ddc12ab7a9a
SERVER_TRAFFIC_SECRET_0 b5fca0644d6eba1c27a313117b9ad3b94be7030ae79e31eeaa3ade7c2bf2f07d 63537f5c7dd7f417d6eca958de96e4f15f416782ce91c30a2b41b5deb44f5a33
EXPORTER_SECRET b5fca0644d6eba1c27a313117b9ad3b94be7030ae79e31eeaa3ade7c2bf2f07d c909b1ed233debd7355a28914c97714e5490daa97bd68986d4ea0077f2a15452
CLIENT_TRAFFIC_SECRET_0 99075539b2f695f20a9e5cd0f856d4f7a2996c3e4f8569fb1c35ea526776bfd5 b4ff76fbdf4e64547ae6e1bec938489ed3a2c03544733557cedad8c9683d4ebc
SERVER_TRAFFIC_SECRET_0 99075539b2f695f20a9e5cd0f856d4f7a2996c3e4f8569fb1c35ea526776bfd5 3a97900ce407ffa0741a0e2288fc67765649d5cc3e951c4f9309fcfedb6659f3
EXPORTER_SECRET 99075539b2f695f20a9e5cd0f856d4f7a2996c3e4f8569fb1c35ea526776bfd5 6d5416f442515398b9500026c997a621f368b7972a055feabf0c2c5386f307d0
CLIENT_TRAFFIC_SECRET_0 6bf51cfe7ddfcb0f1a9bf1ff62d0ab64307e6de01cbdaa9c990792f01e2f9388 de12ffaaa2191d8d03dcd51c810456c2c05657b659b0a0e83c962c0f9914f358
SERVER_TRAFFIC_SECRET_0 6bf51cfe7ddfcb0f1a9bf1ff62d0ab64307e6de01cbdaa9c990792f01e2f9388 a042c23fd2f5242d8f12b4ba09bf76092af7ea6b0e705a1fdc3607dbec6ebdc7
EXPORTER_SECRET 6bf51cfe7ddfcb0f1a9bf1ff62d0ab64307e6de01cbdaa9c990792f01e2f9388 b00372a59034ffaff472dde8ef9b1fad1422b2ef0f0793dd4b9b2857324c31cb
CLIENT_TRAFFIC_SECRET_0 f4f069ab8f20456bdae893c0d8d1405fd36775cd0f7ede56f741f3c3973f8e61 352fcbaa9dd1749457b4e1ee581f0de97c0d87ebbf85f0e34dccf9093faa77f1
SERVER_TRAFFIC_SECRET_0 f4f069ab8f20456bdae893c0d8d1405fd36775cd0f7ede56f741f3c3973f8e61 572d6379fc945ed51614e990c0699a4fd8b0c839cf32f9a59c144e7c8da6a706
EXPORTER_SECRET f4f069ab8f20456bdae893c0d8d1405fd36775cd0f7ede56f741f3c3973f8e61 150438f8c016828bdbec4c9bbc86b60c2f5fcd9a94e173a1701c860bce1b8fa0
