CLIENT_HANDSHAKE_TRAFFIC_SECRET e0e681a85a780efe0c4fc76091cca89a7aecc9f031532c3a988a3fa3801b44c5 e03caf24c2ff27c6881a3a817545f5b338333a01e5dd066680057b651343bc13
SERVER_HANDSHAKE_TRAFFIC_SECRET e0e681a85a780efe0c4fc76091cca89a7aecc9f031532c3a988a3fa3801b44c5 a44d95463f0a70e502de5296883ce6ceac71f8114bf576e51773b511047e4079
CLIENT_TRAFFIC_SECRET_0 e0e681a85a780efe0c4fc76091cca89a7aecc9f031532c3a988a3fa3801b44c5 10af7f116fe2cb88ba782d7b1b2f545fdac8917627b8948ec989ef36e57031da
SERVER_TRAFFIC_SECRET_0 e0e681a85a780efe0c4fc76091cca89a7aecc9f031532c3a988a3fa3801b44c5 56ecfe97ca31c48fff153b5def9b3731c9caa9ddb38f01c00ea7f08571ab482e
EXPORTER_SECRET e0e681a85a780efe0c4fc76091cca89a7aecc9f031532c3a988a3fa3801b44c5 d5fa6cd4f4e07f0df539ec211249367f1fe754f4efcd108d4fbb95f11003da1c
CLIENT_HANDSHAKE_TRAFFIC_SECRET 3ac5505c7846a8a0e5b658095bcb7949b31b37f30831a67eec8f8ee369161c9e 9e80159cd5a446ed3e910610f21da5b3ca84097de1831e5943b72b66a567b84c
SERVER_HANDSHAKE_TRAFFIC_SECRET 3ac5505c7846a8a0e5b658095bcb7949b31b37f30831a67eec8f8ee369161c9e 7385e25611da8710030c474e7699b11837164f5438dd079456d04e884e50a8fe
CLIENT_TRAFFIC_SECRET_0 3ac5505c7846a8a0e5b658095bcb7949b31b37f30831a67eec8f8ee369161c9e 9116d4f73fab3a683fd3d18a024092a65a78f2b38efa2ec86c12aac56ab8066d
SERVER_TRAFFIC_SECRET_0 3ac5505c7846a8a0e5b658095bcb7949b31b37f30831a67eec8f8ee369161c9e 0a3c250cb4788e5e8fb1e4a856411bbff72615aa3a1477921552d936a9bf6866
EXPORTER_SECRET 3ac5505c7846a8a0e5b658095bcb7949b31b37f30831a67eec8f8ee369161c9e ef1b1e7f69afe856442785542c3436bfd7f978b90b7b5bf552a066b659756dd7
CLIENT_HANDSHAKE_TRAFFIC_SECRET ec839092624ac676a9aad3a6af73214e7309afc60e5d531dc3570f7026ea3e80 4aa2c7bd020a2d0c0631381feff305c395225db80111d7711c9b2c7e75a3c3e0
SERVER_HANDSHAKE_TRAFFIC_SECRET ec839092624ac676a9aad3a6af73214e7309afc60e5d531dc3570f7026ea3e80 ce05f3130e42c60299bace15064420af442971f5fdec52fb6f9b6af871d2e7ba
CLIENT_TRAFFIC_SECRET_0 ec839092624ac676a9aad3a6af73214e7309afc60e5d531dc3570f7026ea3e80 ee83d12c06c49c6213417a3a844736e01d62d0c1eec262d2164148911c86fedc
SERVER_TRAFFIC_SECRET_0 ec839092624ac676a9aad3a6af73214e7309afc60e5d531dc3570f7026ea3e80 af47cb350590e9e8995fa29645ed0d1aababcd0516b1b1c4b219e83591efc88b
EXPORTER_SECRET ec839092624ac676a9aad3a6af73214e7309afc60e5d531dc3570f7026ea3e80 2bbd38f5ec931a15954d0a0b558b2cebd84e7b914dc8c44ad1ca90fdedf6658d
CLIENT_HANDSHAKE_TRAFFIC_SECRET a931e5da4b0a14493b703fe3531072e04153f64573f88db18497efcdf5038cae dfc6f211ca8c51418ab44f6e09dc342d18b0534f010f559213d9ca7f84e37cf77a598d69c4e663c44dbe742daedc8cd9
SERVER_HANDSHAKE_TRAFFIC_SECRET a931e5da4b0a14493b703fe3531072e04153f64573f88db18497efcdf5038cae b779d4c38031511059fb19cc2d9c856b6fbd64df3a5a8e4f646a372210cc23dde3b6696dcefa6b5e49dde850389cb60d
CLIENT_TRAFFIC_SECRET_0 a931e5da4b0a14493b703fe3531072e04153f64573f88db18497efcdf5038cae 916c16e5a2f72491c6ff4b7db7fed697ca47d5d7c468c4d00ac6a18b180488eddb39d46d4777ae62a66e71129a0c8a8e
SERVER_TRAFFIC_SECRET_0 a931e5da4b0a14493b703fe3531072e04153f64573f88db18497efcdf5038cae b9a99ac5ab8f1fa8f6e690ee17f886943fee0c39fee64cc935e68d92981c6c4ccde936b05b8f73df1ed75184e0e51fc7
EXPORTER_SECRET a931e5da4b0a14493b703fe3531072e04153f64573f88db18497efcdf5038cae 7fcff1784fc96227887cdfca66e337f2c325c1a576780a1c3675af94719011ffcfc5cfdb6e733545b06402ee682c46bf
CLIENT_HANDSHAKE_TRAFFIC_SECRET b22eb86fb7b6c6e9e12c531053f925d36fa2d65e05b62cf73fc077e6129faf28 c2d43a749007c81f8741dbf966fb645f9e4a7d97dc276683049e3e8966d9f46f
SERVER_HANDSHAKE_TRAFFIC_SECRET b22eb86fb7b6c6e9e12c531053f925d36fa2d65e05b62cf73fc077e6129faf28 0b8de2229fad9c12f6ec2c552cd659b121ec0ca243f2f436830ce249ee4b5308
CLIENT_TRAFFIC_SECRET_0 b22eb86fb7b6c6e9e12c531053f925d36fa2d65e05b62cf73fc077e6129faf28 c897140f4d1e87b555c60a8ba5753d21331c98b22419d4027a5a81fa7e6814c9
SERVER_TRAFFIC_SECRET_0 b22eb86fb7b6c6e9e12c531053f925d36fa2d65e05b62cf73fc077e6129faf28 d4869fcfdf8fcdfb0b313124a8b315de015386cd64c747f68090e16f8ff46816
EXPORTER_SECRET b22eb86fb7b6c6e9e12c531053f925d36fa2d65e05b62cf73fc077e6129faf28 6dce703b513ed88d2017441cb458f97af2b0172f7837c0fc6d237b84fc3827e6
CLIENT_HANDSHAKE_TRAFFIC_SECRET 4b583c6339bae8261a54c5060447efc182d4b42d773c7d4dac30727e9d82fd95 ddf7dec55f13f5410397231bcdbe474291800530d3d926e3eb5fd2f329986669
SERVER_HANDSHAKE_TRAFFIC_SECRET 4b583c6339bae8261a54c5060447efc182d4b42d773c7d4dac30727e9d82fd95 45578cad107514daa4bb60e7e60c8a916b6e0dc0a69cb2929ad4524bc30e102b
CLIENT_TRAFFIC_SECRET_0 4b583c6339bae8261a54c5060447efc182d4b42d773c7d4dac30727e9d82fd95 8b91f92f85ef59737504882fd770015fdc2cfa25504f7f5947744e6dc3838350
SERVER_TRAFFIC_SECRET_0 4b583c6339bae8261a54c5060447efc182d4b42d773c7d4dac30727e9d82fd95 87dff142a749caea95de89666a107d8094b0041d44106a593cb505e82e3263a4
EXPORTER_SECRET 4b583c6339bae8261a54c5060447efc182d4b42d773c7d4dac30727e9d82fd95 493f1f749c3da98c6ac980fbcab692a6385d7e453d6f531abed66d9f2f928571
CLIENT_HANDSHAKE_TRAFFIC_SECRET dd88d7b1b036953aef07d2a5301efb739cf7f416bb4a8cbf5e71d88a3cbaf6df 8dd8554ee4d4d525cb57c9c6ba742d5092bf0a109e69f8c84b9cbc9e11a795f4
SERVER_HANDSHAKE_TRAFFIC_SECRET dd88d7b1b036953aef07d2a5301efb739cf7f416bb4a8cbf5e71d88a3cbaf6df 653c5afa3b3636097eb854180835119f7d973f0ec32af4989fc01d87ca6fa943
CLIENT_TRAFFIC_SECRET_0 dd88d7b1b036953aef07d2a5301efb739cf7f416bb4a8cbf5e71d88a3cbaf6df c48d307a16287eca00b8ab3463cb2ea00de87ab2ba0dd87b5efbd5ba59c391d4
SERVER_TRAFFIC_SECRET_0 dd88d7b1b036953aef07d2a5301efb739cf7f416bb4a8cbf5e71d88a3cbaf6df 4d8057ad4d2ca9af60b0fed9bd2dd1ba239ee61542108061f503a5a58ab70bc0
EXPORTER_SECRET dd88d7b1b036953aef07d2a5301efb739cf7f416bb4a8cbf5e71d88a3cbaf6df 5506e11b60f1012710d00c555b4ebe1591f94cabc6dfa3545bf047fa1226efa6
CLIENT_HANDSHAKE_TRAFFIC_SECRET 8af4b26fa8f7c63757067c5fb092a6dd68ae65a788e19d430314b6600b3be851 45d7de9802d02484f9bb1b4760f7d31743fffab4f17273c703f4879a1aff913d
SERVER_HANDSHAKE_TRAFFIC_SECRET 8af4b26fa8f7c63757067c5fb092a6dd68ae65a788e19d430314b6600b3be851 215b98168a0bec68440e70157e682ed3a7b07b10f90ca4354a33d56d5412c088
CLIENT_TRAFFIC_SECRET_0 8af4b26fa8f7c63757067c5fb092a6dd68ae65a788e19d430314b6600b3be851 fbb3c60bec32fe92ce726baf489410db6654da94abf24404887f06997b3cccdc
SERVER_TRAFFIC_SECRET_0 8af4b26fa8f7c63757067c5fb092a6dd68ae65a788e19d430314b6600b3be851 a502ffdc3323fa6e338a1d085fbd615a659d4154973b8964270b09834f549387
EXPORTER_SECRET 8af4b26fa8f7c63757067c5fb092a6dd68ae65a788e19d430314b6600b3be851 a61983ccf0bb18599b593216f3fac759d8d76d61684815e7b169a08637604a9c
CLIENT_HANDSHAKE_TRAFFIC_SECRET 52492ad8d17ea8b9aa8d1a54d3a81ec67c805801f6d2728ae28c38ae4975ec06 d3a9adbcd89f9c4e4d92cca0b4fc847e5ebd6130a4cdab1cdd21cfa0b9db6e25
SERVER_HANDSHAKE_TRAFFIC_SECRET 52492ad8d17ea8b9aa8d1a54d3a81ec67c805801f6d2728ae28c38ae4975ec06 03663be841e0220b8477cd4f74f59c98c355764666befa2bfe63a3b006cb2689
CLIENT_HANDSHAKE_TRAFFIC_SECRET 741383b012e51a4ddd1f4caa59545a7ec278b3fcef35aa8d334e5dd2aec61a85 0753ec88249b9c95fc7fa4bbad05d6de1a75d387efdf1598d4040a57da277f5e
SERVER_HANDSHAKE_TRAFFIC_SECRET 741383b012e51a4ddd1f4caa59545a7ec278b3fcef35aa8d334e5dd2aec61a85 642232181eb8f45767072a35ea0397b8de72202045acef1eac36b0b854cf9a50
CLIENT_TRAFFIC_SECRET_0 741383b012e51a4ddd1f4caa59545a7ec278b3fcef35aa8d334e5dd2aec61a85 23b9fc88596ac4b56947f25f4d7bcebac2fc882d0ade8ec09165633e14fa641a
SERVER_TRAFFIC_SECRET_0 741383b012e51a4ddd1f4caa59545a7ec278b3fcef35aa8d334e5dd2aec61a85 ceb1b6a3bc8de939d068f8532d2bee567774e28bf6290bf26f655242bf82a596
EXPORTER_SECRET 741383b012e51a4ddd1f4caa59545a7ec278b3fcef35aa8d334e5dd2aec61a85 a00b589cfa272f40848f281dd49d2ad95457095f3156d4d218b44f978e3662c4
CLIENT_TRAFFIC_SECRET_0 52492ad8d17ea8b9aa8d1a54d3a81ec67c805801f6d2728ae28c38ae4975ec06 a413fdc7739af427569958ef0294b158feae5834e9cc32a63129470078351ebf
SERVER_TRAFFIC_SECRET_0 52492ad8d17ea8b9aa8d1a54d3a81ec67c805801f6d2728ae28c38ae4975ec06 0daa3fdede51103c1b73f646a48d8c7afb5e014933e2c17e43d563ef8b576969
EXPORTER_SECRET 52492ad8d17ea8b9aa8d1a54d3a81ec67c805801f6d2728ae28c38ae4975ec06 2257d3a415c6f46130c8625beef30cca8cba534957c6d21bffbcb1b05740f40c
CLIENT_HANDSHAKE_TRAFFIC_SECRET 0570a14126b4fb0665e6d4491864b24951f5429c18e26065b3e36bb2e0a8bed4 2d5208c06a0234f780b7908144331fd32541f2d0c9a4dadc993bc726aceb7b18
SERVER_HANDSHAKE_TRAFFIC_SECRET 0570a14126b4fb0665e6d4491864b24951f5429c18e26065b3e36bb2e0a8bed4 23d7799bf1370f344a69f0c15c6e7b3260c9269b33130f09cae0b229d1fd68ee
CLIENT_TRAFFIC_SECRET_0 0570a14126b4fb0665e6d4491864b24951f5429c18e26065b3e36bb2e0a8bed4 a84c05517dd3fe3c4065cd6b99a2bc239ab7e9c0515611eeaaeabdf95155e663
SERVER_TRAFFIC_SECRET_0 0570a14126b4fb0665e6d4491864b24951f5429c18e26065b3e36bb2e0a8bed4 cdb27ab84f4625d7b77e4174c24ab70c7901601b798fb6a8ca293f34a19869a0
EXPORTER_SECRET 0570a14126b4fb0665e6d4491864b24951f5429c18e26065b3e36bb2e0a8bed4 ad7fa72a14db8b14b5536fe8d433830ef6fde9435246cd016951fc21daab03bd
CLIENT_HANDSHAKE_TRAFFIC_SECRET c8090246b4a88c0978e48156bf47f0204c1b4c435bc3af693f43edb83389f8f8 246c8fb218da44ffe8661d6a32d8c6babd95ee6726f43cf8a4618c343e4b3921
SERVER_HANDSHAKE_TRAFFIC_SECRET c8090246b4a88c0978e48156bf47f0204c1b4c435bc3af693f43edb83389f8f8 f5d566e0105aed6ac0d0f40fa5d0d79c2e76b4db98b84dceaff61eb521a80cab
CLIENT_TRAFFIC_SECRET_0 c8090246b4a88c0978e48156bf47f0204c1b4c435bc3af693f43edb83389f8f8 9b01cf4c0f56a48681108af263e39ffb2c9666870c322edfc1f26edd3776b7a9
SERVER_TRAFFIC_SECRET_0 c8090246b4a88c0978e48156bf47f0204c1b4c435bc3af693f43edb83389f8f8 a709a3bf28d63f7e465b15bd6c0ce37d1160f382df8fccadbcaebeb5839ce318
EXPORTER_SECRET c8090246b4a88c0978e48156bf47f0204c1b4c435bc3af693f43edb83389f8f8 f751aab0cda3c29d57d0bc6dd57a49e1d1bedaa20264714adcad9ddab17a0cd3
CLIENT_HANDSHAKE_TRAFFIC_SECRET ae28c78de178520b3fb135626043201df582fa3fb14ca33ec9f3ec8cd6ebe6fa 5bec301b64a0ea4ce8c5f00c0750f3a6a0c93456bc1210ae4b52b88aa522b973
SERVER_HANDSHAKE_TRAFFIC_SECRET ae28c78de178520b3fb135626043201df582fa3fb14ca33ec9f3ec8cd6ebe6fa 5aecccb208813937efb836dfaa9e5d3897f117eff1bd7903f3394843eda69d89
CLIENT_HANDSHAKE_TRAFFIC_SECRET 7a31f9f61a8af4fff650677eae34621d1d42207ab7f8a8211e71a97de138e341 1084a2ae47b93aa8f0a0056d25cbec4fdce7565cb3bc6fe6c09edd6b707a8af6
SERVER_HANDSHAKE_TRAFFIC_SECRET 7a31f9f61a8af4fff650677eae34621d1d42207ab7f8a8211e71a97de138e341 20d595b6e165c1cfaeeb5eeee706a0ad1e0350bc58b735508aa62f39c3e6569c
CLIENT_TRAFFIC_SECRET_0 7a31f9f61a8af4fff650677eae34621d1d42207ab7f8a8211e71a97de138e341 21333b719aac32725732278bbe9311a750fa84853e41e5b9f6114d465a293bef
SERVER_TRAFFIC_SECRET_0 7a31f9f61a8af4fff650677eae34621d1d42207ab7f8a8211e71a97de138e341 39681462a66a57dadd4745b82eceb1915b92a33657680c667de4f3ed01d3b323
EXPORTER_SECRET 7a31f9f61a8af4fff650677eae34621d1d42207ab7f8a8211e71a97de138e341 99f88f637f3de6a2c970025bb36027acd40ce04603f02bb771ade96b26d6677f
CLIENT_TRAFFIC_SECRET_0 ae28c78de178520b3fb135626043201df582fa3fb14ca33ec9f3ec8cd6ebe6fa 1d689efe4ae048d16026f28be7fb1e82e07b7d8b2deec4e0bd7c50c8287e8f4a
SERVER_TRAFFIC_SECRET_0 ae28c78de178520b3fb135626043201df582fa3fb14ca33ec9f3ec8cd6ebe6fa 847526c631c1d4e5309e6f6f4a373145c005fb836a1458322912af9dc4af5397
EXPORTER_SECRET ae28c78de178520b3fb135626043201df582fa3fb14ca33ec9f3ec8cd6ebe6fa 91371bbf76c752d22c49f0172a49f3c553c8d0da3b602305a5eda9146b19c7dd
CLIENT_RANDOM f11e4ee1f80f91be70f728793a8b037a3826a95b4cd53adfb4fb17541b60a274 f4c5c0c8c044f120f2996d71a0b97714a7246745e7269fa83844e62eff25b6df92028812b954429760fab2de0613e00a
CLIENT_RANDOM ceaee2dd4aed931a11f76781f86b292cee4fb702978be399ae470f2c4ff2f360 03055049573bb5ee44b0f4cccd5bf9fddc772286425baf2e110c939636cee8ff89f4535e88732749b9c6048b18e59f67
CLIENT_HANDSHAKE_TRAFFIC_SECRET 54e369a7902b5ef1072a6fe1da0d886c94afebb7a884bd1a617c4e7a0bd31949 e82e0c7b57f25f1c788d87c3a21a5e2715e10f118da4c8d176fe4eb12e459b82
SERVER_HANDSHAKE_TRAFFIC_SECRET 54e369a7902b5ef1072a6fe1da0d886c94afebb7a884bd1a617c4e7a0bd31949 5f843e53875d5022cbb1bed53085234126f9ed5dc3a728e45091879fb8cb6094
CLIENT_TRAFFIC_SECRET_0 54e369a7902b5ef1072a6fe1da0d886c94afebb7a884bd1a617c4e7a0bd31949 8cb7bdb94f17c58748302a60ccd2d56ec405c3e26df04c5f26c6be6d4f7cb609
SERVER_TRAFFIC_SECRET_0 54e369a7902b5ef1072a6fe1da0d886c94afebb7a884bd1a617c4e7a0bd31949 85e6317f8afc6a4c1533c459e010644772f2ceeae0bbea3f38be93ce899bfbf2
EXPORTER_SECRET 54e369a7902b5ef1072a6fe1da0d886c94afebb7a884bd1a617c4e7a0bd31949 46d6524bdba0c8b050ab1b2bd1ce1fbcdd6204c68864f729ad0c807bbd1543e5
CLIENT_HANDSHAKE_TRAFFIC_SECRET 611e9574e240683e58763f6af921209c1140fcb8cd9efe11183343b9fa1e73b9 e617c02b82d4cb1ff7daaa0d1a036092d6048225cd0d5eacd90e682187354474
SERVER_HANDSHAKE_TRAFFIC_SECRET 611e9574e240683e58763f6af921209c1140fcb8cd9efe11183343b9fa1e73b9 921c1d99fb111ae6d77c6633d83c605f40a1ac6ea892355d5ae965a3806509a4
CLIENT_TRAFFIC_SECRET_0 611e9574e240683e58763f6af921209c1140fcb8cd9efe11183343b9fa1e73b9 fb6350f735e0eeffc7c826b01bb6501215fc77286c547c40a6e1f16827dd3f49
SERVER_TRAFFIC_SECRET_0 611e9574e240683e58763f6af921209c1140fcb8cd9efe11183343b9fa1e73b9 990ccb6d765b5951749eedf2ab0193fdad1b7b12f56cedf019f8a1cc09ce2cdc
EXPORTER_SECRET 611e9574e240683e58763f6af921209c1140fcb8cd9efe11183343b9fa1e73b9 de175db81c6ecf145756f8ab826e1b04fc5389ee2e39c8d61e7426eb0868a962
CLIENT_HANDSHAKE_TRAFFIC_SECRET be06729d9dc7664bf28bb2094a5e0817db4fa11d461da8a4c584a3fcb3648aad 062917af182ff91593bfe382d8f707e0b73ead9652f4813cf84091076d7eb13a
SERVER_HANDSHAKE_TRAFFIC_SECRET be06729d9dc7664bf28bb2094a5e0817db4fa11d461da8a4c584a3fcb3648aad d9db9ff27a516602cef1264305e59386000d5badb3c246f7d7da9969a49582c9
CLIENT_TRAFFIC_SECRET_0 be06729d9dc7664bf28bb2094a5e0817db4fa11d461da8a4c584a3fcb3648aad 86991869cce79714b35246226a2ae7d2623f95fba294cb5edb7b88725064e7c8
SERVER_TRAFFIC_SECRET_0 be06729d9dc7664bf28bb2094a5e0817db4fa11d461da8a4c584a3fcb3648aad e84624e4dc6ca4f8253d3a5608136c2d132497c985b03d63e936ecc9b11f22d1
EXPORTER_SECRET be06729d9dc7664bf28bb2094a5e0817db4fa11d461da8a4c584a3fcb3648aad bc3ee10721b48018ff4bd3db495179f1e4fd869ddceb35a2fd9668ed52e67a26
CLIENT_HANDSHAKE_TRAFFIC_SECRET e460da9bbf2bc080bf4f718c8c68bcce0288f3655cb9477ca15e25a892de3fcb 1f337534320194e6b4e4b513f191ce5aec470e1a86906bbaa8427686db868371
SERVER_HANDSHAKE_TRAFFIC_SECRET e460da9bbf2bc080bf4f718c8c68bcce0288f3655cb9477ca15e25a892de3fcb 9c43ef96549566b87251be794d42df290ef85afe074f7039a7d6c297cf5dfe7d
CLIENT_TRAFFIC_SECRET_0 e460da9bbf2bc080bf4f718c8c68bcce0288f3655cb9477ca15e25a892de3fcb 64620c6b662736879e4316fbfb793287994ec26ded1048f9d93b26986934ece1
SERVER_TRAFFIC_SECRET_0 e460da9bbf2bc080bf4f718c8c68bcce0288f3655cb9477ca15e25a892de3fcb ac637f6eb89336f139b2cf362bf506c97018e146be944778dcd2821570c35ce8
EXPORTER_SECRET e460da9bbf2bc080bf4f718c8c68bcce0288f3655cb9477ca15e25a892de3fcb 31dd6211d2d1b611dbcf216364cbf947a9e3f44a458ff43625e0d78385896f52
CLIENT_HANDSHAKE_TRAFFIC_SECRET e66837e1b3bc4a1fbf7e56ab88483fc3c3c5e1c5ecad6480c93ede88a761f7ed 06042bfce79b4d6bed359f8d792b3c643fd4e5cf7b5f95c845a042318983fe53
SERVER_HANDSHAKE_TRAFFIC_SECRET e66837e1b3bc4a1fbf7e56ab88483fc3c3c5e1c5ecad6480c93ede88a761f7ed f735aa0ba98cef2124a9bb7c84d7f9fbe87f8dc86035974a976c6200d4a9d444
CLIENT_TRAFFIC_SECRET_0 e66837e1b3bc4a1fbf7e56ab88483fc3c3c5e1c5ecad6480c93ede88a761f7ed 55c7f9d4a9f6e69d410cb4cd8f05d312aa06ff774857b7fcae9c2d20647cebdf
SERVER_TRAFFIC_SECRET_0 e66837e1b3bc4a1fbf7e56ab88483fc3c3c5e1c5ecad6480c93ede88a761f7ed 5b1aae1d6477647bf74235139e0d7b343659b24c51635b031b3f037c953086eb
EXPORTER_SECRET e66837e1b3bc4a1fbf7e56ab88483fc3c3c5e1c5ecad6480c93ede88a761f7ed 7f59f350bf1c8639147a77275f127d0a3b0214cf8ca3e4e05c00dfdce12d7c5d
CLIENT_HANDSHAKE_TRAFFIC_SECRET 8407bc9def527e8c585937acf212bcda9ae6b8985868a7ddcf4de65c01fabd6b 0cefab660fdef9a44c0dfb5cafb940021eab04cc47914a69d29580f617175a1e
SERVER_HANDSHAKE_TRAFFIC_SECRET 8407bc9def527e8c585937acf212bcda9ae6b8985868a7ddcf4de65c01fabd6b 122d514d954a7166ad24ec8f3ca38925c58064072a88958a8e45d13c3bac265d
CLIENT_TRAFFIC_SECRET_0 8407bc9def527e8c585937acf212bcda9ae6b8985868a7ddcf4de65c01fabd6b 9b920a40b1ad743a46bd4912ecb8abecbfd49ca9e6d668a349ebf53b93d259b2
SERVER_TRAFFIC_SECRET_0 8407bc9def527e8c585937acf212bcda9ae6b8985868a7ddcf4de65c01fabd6b 48a3d6ac947deac2a59d79be9c485aaede87b30b34a678465545344f71cbbeb6
EXPORTER_SECRET 8407bc9def527e8c585937acf212bcda9ae6b8985868a7ddcf4de65c01fabd6b b4ac1da2282fdaf777bcf10b26904fa5d2cdabb8a3079918dacb7b477586f52e
CLIENT_HANDSHAKE_TRAFFIC_SECRET b614784ad5be1f158b00bd2bf425f0307e9f99bda2e026905a5a7f989c15dc7d fe8751a429feb0cad52d2e8045fb58b1ae552d9ff1d60d2ebfc2104a5258d801
SERVER_HANDSHAKE_TRAFFIC_SECRET b614784ad5be1f158b00bd2bf425f0307e9f99bda2e026905a5a7f989c15dc7d 14cef692f60cc1848be636a94efdf255d893ceef081d2edf1a75309e753cb119
CLIENT_TRAFFIC_SECRET_0 b614784ad5be1f158b00bd2bf425f0307e9f99bda2e026905a5a7f989c15dc7d 9adb152e7e9b4f74e3a254155cb00435f591c90eb1a4d894c325e6d08972365a
SERVER_TRAFFIC_SECRET_0 b614784ad5be1f158b00bd2bf425f0307e9f99bda2e026905a5a7f989c15dc7d b6f49634269fd0168d77f19e97a413774d7f2c41cfb5488ae44a3a90bd3ad8e5
EXPORTER_SECRET b614784ad5be1f158b00bd2bf425f0307e9f99bda2e026905a5a7f989c15dc7d 3d3451df5e2c4d3e4d3069c1c9d0ca3897a9029f45482fa85c1ba9f7d69dd04e
CLIENT_HANDSHAKE_TRAFFIC_SECRET 4652f37822cb9a23139ec02a564f960cd4e5667b384560643587d20bd1568bb5 fc8b22e497590a6131bd07e97cc7ce5cc70319ea2b04ddda2dedcf204b30172a
SERVER_HANDSHAKE_TRAFFIC_SECRET 4652f37822cb9a23139ec02a564f960cd4e5667b384560643587d20bd1568bb5 dd46ef14ed604a7bc2d7dc8eb14a61d842175e37e0d0d3c08a87e34f0c979379
CLIENT_TRAFFIC_SECRET_0 4652f37822cb9a23139ec02a564f960cd4e5667b384560643587d20bd1568bb5 584832e0a21a29ba6e9702f2535f4d4663244b5a3e4b3357472037b531f9543d
SERVER_TRAFFIC_SECRET_0 4652f37822cb9a23139ec02a564f960cd4e5667b384560643587d20bd1568bb5 ec8c979dbe3182d68fe45cbcbdaf2005d58086350f34d512fbb01199f2b69899
EXPORTER_SECRET 4652f37822cb9a23139ec02a564f960cd4e5667b384560643587d20bd1568bb5 787808dcfbddf6dcd3e32367882937789e153e58bc90064da0fd435373593427
