CLIENT_HANDSHAKE_TRAFFIC_SECRET c1f83de94fd20317ce78bddbf0c25f62320ce06b7089f6d4241f0192b5675a76 403456b6aa3c193b87c41603ab39651d86e1b59a18a5d237148df09929f62dd6
SERVER_HANDSHAKE_TRAFFIC_SECRET c1f83de94fd20317ce78bddbf0c25f62320ce06b7089f6d4241f0192b5675a76 c41a15cb20a96fc6b45589902b0a5d2ed44587b5a8e80746311851f8d2304f0c
CLIENT_TRAFFIC_SECRET_0 c1f83de94fd20317ce78bddbf0c25f62320ce06b7089f6d4241f0192b5675a76 f0ee1d84296bb933c2a9a867ca0075349768028f1f3914cb231dd7beea044dc8
SERVER_TRAFFIC_SECRET_0 c1f83de94fd20317ce78bddbf0c25f62320ce06b7089f6d4241f0192b5675a76 2a59736fa0f536fef69d18255c4385c9143a14e9d8636677b4d7c0e460f9c5ea
EXPORTER_SECRET c1f83de94fd20317ce78bddbf0c25f62320ce06b7089f6d4241f0192b5675a76 7cfcee1c74e011cadcacdffe683f5d1d008321dac9bdbebd7aa11d090213c89b
CLIENT_HANDSHAKE_TRAFFIC_SECRET 66028c33225b4cceddcaa68caa3db907b705ea04fad66f42104768a58d6f3c80 c3ab6a44e66a91f4fec1e86a963cdc464297111ccc1aa903741b7c273c71deec
SERVER_HANDSHAKE_TRAFFIC_SECRET 66028c33225b4cceddcaa68caa3db907b705ea04fad66f42104768a58d6f3c80 870497e4bea5b678bbf8b23eabff35957760d8eb330fb2f4bfdd5bc0c2da9ca8
CLIENT_TRAFFIC_SECRET_0 66028c33225b4cceddcaa68caa3db907b705ea04fad66f42104768a58d6f3c80 44e8fd181071d659fb914f493735ccbf21e2ef71727769958579e576e0ce4d9a
SERVER_TRAFFIC_SECRET_0 66028c33225b4cceddcaa68caa3db907b705ea04fad66f42104768a58d6f3c80 38dc750ebd8d6a83537a8fc2640ad4237576e2c42ae308424d12f506fdc45407
EXPORTER_SECRET 66028c33225b4cceddcaa68caa3db907b705ea04fad66f42104768a58d6f3c80 f10aaff04771063bc5cb0bcc45fc1b5bc7d2ca520d43cdda71d13c9e31d160bf
CLIENT_HANDSHAKE_TRAFFIC_SECRET d32539b341258943d1e75550848cb7f755bbc1049a594542a31fd95b67abe017 9db0797a7fb5dbfa434534cc554bdd50e2884684838925be56ef7b26bfc86f7e
SERVER_HANDSHAKE_TRAFFIC_SECRET d32539b341258943d1e75550848cb7f755bbc1049a594542a31fd95b67abe017 0d36bc13919b9d52b0c63ca9fd31be54ae2c3666bb1982f0917bc77913232598
CLIENT_TRAFFIC_SECRET_0 d32539b341258943d1e75550848cb7f755bbc1049a594542a31fd95b67abe017 e16208099ae19e6a66c88ccb9c60a0f7e90cec80e329b4e2a15a8a036fcbbc70
SERVER_TRAFFIC_SECRET_0 d32539b341258943d1e75550848cb7f755bbc1049a594542a31fd95b67abe017 67ce6483bfe98b23353b8eb484a4712121e3ac5540630b3a67ae88224e0efaa6
EXPORTER_SECRET d32539b341258943d1e75550848cb7f755bbc1049a594542a31fd95b67abe017 cc0226cd32f71c68f5fbc5b64c2ac2e492f0b24d0a3154738fe717036f4dc5f8
CLIENT_HANDSHAKE_TRAFFIC_SECRET c9fbae9b06a7ff1ab9a4328cff34b1a2b570e587f519ed82a897374f17eb00a1 ea7b0662e4d034e7566af9c5f1025018d1e810a58cfa1b6a78385372f30da316
SERVER_HANDSHAKE_TRAFFIC_SECRET c9fbae9b06a7ff1ab9a4328cff34b1a2b570e587f519ed82a897374f17eb00a1 3ca0d249e5a5c739a84d39f9dd0697c1c537e0f98abdb415e6a2168ae5fc135d
CLIENT_HANDSHAKE_TRAFFIC_SECRET 7cae77dd0cf1b48ea05ad88fe0b8fe48aceb55e23075703c3ebc2b90be62404e a2afe026c62b2b9a1ea831a0535c1b5bf1d3b7f0890b3ec3b7fb25897dfdf360
SERVER_HANDSHAKE_TRAFFIC_SECRET 7cae77dd0cf1b48ea05ad88fe0b8fe48aceb55e23075703c3ebc2b90be62404e db6680ea6c60563f6bb45742a084f3308ab21b1b5d643b8c0db4b6722ab158d8
CLIENT_TRAFFIC_SECRET_0 c9fbae9b06a7ff1ab9a4328cff34b1a2b570e587f519ed82a897374f17eb00a1 c016d81638dd79e04de5c832dc6ec7347f0fe2f5533d7a1c10b783b82b83de75
SERVER_TRAFFIC_SECRET_0 c9fbae9b06a7ff1ab9a4328cff34b1a2b570e587f519ed82a897374f17eb00a1 0efba4b232984798cd1680f49d7c8713e342c3ceb3fcab1ed987cd7123967670
EXPORTER_SECRET c9fbae9b06a7ff1ab9a4328cff34b1a2b570e587f519ed82a897374f17eb00a1 3161e1a509bea0f223ad539e079748f153e340b088bee74f4a643f7220e2eb6f
CLIENT_HANDSHAKE_TRAFFIC_SECRET 97179a64c848564b8988f822ae3429c46646d56d3561826306200bbe6361788c 9dab94042c882aecc35b4a9f8577d1a80d32e6355fc6162ae1543ab5b3dc2025
SERVER_HANDSHAKE_TRAFFIC_SECRET 97179a64c848564b8988f822ae3429c46646d56d3561826306200bbe6361788c 38b590abdc4a6cdcb64b22e22da1eca9645897154dfa2ba9294e0e661113499b
CLIENT_TRAFFIC_SECRET_0 7cae77dd0cf1b48ea05ad88fe0b8fe48aceb55e23075703c3ebc2b90be62404e 4169034a77e0f50bec87e367ca1e6faa00d85ce742fff1fe09628ee38f50d8e2
SERVER_TRAFFIC_SECRET_0 7cae77dd0cf1b48ea05ad88fe0b8fe48aceb55e23075703c3ebc2b90be62404e ec7b0040e38fc1e13d26714f23230fcbddf40ab5b3f3bb31f56580494f35f11e
EXPORTER_SECRET 7cae77dd0cf1b48ea05ad88fe0b8fe48aceb55e23075703c3ebc2b90be62404e 6b0157b4139a029c23fdef87bad0e47e47fcd2f5f85c5123f51945bd0c7ac7cd
CLIENT_TRAFFIC_SECRET_0 97179a64c848564b8988f822ae3429c46646d56d3561826306200bbe6361788c c366370a8f09dfab632007b4d156aa45f5a3079198c1e732e0e7ec5ecc907c0d
SERVER_TRAFFIC_SECRET_0 97179a64c848564b8988f822ae3429c46646d56d3561826306200bbe6361788c 70a2dddeea17b15245cf18a1799a6e32fe3db8a52dd67452e07d65281a6b4657
EXPORTER_SECRET 97179a64c848564b8988f822ae3429c46646d56d3561826306200bbe6361788c fd749bb0b79bd29003128bd7f3068ab782d6104765a572930f6a379e21bc17d4
CLIENT_RANDOM 714d2fb8fcab42b24922b6a286b9169a42c4100f6e4cbdd319ce1613b487ef1d f9b6e59704521b04726e0d6ff9e590f2eaf8a4f9dd2f669dab844cf8bc72a3406f01551e642a3eaee7a87b676ceea48a
