CLIENT_HANDSHAKE_TRAFFIC_SECRET 2eb2bf80193a395aa037c2c60a934d33dca0de83a8ebe7f993105428d556a1d1 db1e83eb1fbe9f2b786d579dfe96f4f8bd7efa478781cc3876a4c4bfb800739a
SERVER_HANDSHAKE_TRAFFIC_SECRET 2eb2bf80193a395aa037c2c60a934d33dca0de83a8ebe7f993105428d556a1d1 ec24aba90ac60aa8379e6d3f0cf6b73a738934ffdf7173f2bc5a0f924e3d905a
CLIENT_TRAFFIC_SECRET_0 2eb2bf80193a395aa037c2c60a934d33dca0de83a8ebe7f993105428d556a1d1 8a36ea9c5fbbd31477ef0fa12977b2bcaed40af79b04b9f10b474071db6ca914
SERVER_TRAFFIC_SECRET_0 2eb2bf80193a395aa037c2c60a934d33dca0de83a8ebe7f993105428d556a1d1 981a9b5307ed790d16b82d45f56c146c5aaf554ca02b7f8719e87435c8099f5a
EXPORTER_SECRET 2eb2bf80193a395aa037c2c60a934d33dca0de83a8ebe7f993105428d556a1d1 bff63df1509a998a91dfa95d732f218e63efc8ce67a58a9c30fd6da94d8edb52
CLIENT_HANDSHAKE_TRAFFIC_SECRET c50d79fe53361458be171d63dc699fc02dad55f4e9d5ec0bb129c4dfe0cee42e ac459784fa0beac79da89e4af5a7275ff63aa653359fae5eb13b84442b80a0b4
SERVER_HANDSHAKE_TRAFFIC_SECRET c50d79fe53361458be171d63dc699fc02dad55f4e9d5ec0bb129c4dfe0cee42e 4dc4940c679151662dcee236896042764872a99b047e082e74772fffba3e0b80
CLIENT_TRAFFIC_SECRET_0 c50d79fe53361458be171d63dc699fc02dad55f4e9d5ec0bb129c4dfe0cee42e 1c2f82762b745fafb9142fdffb3b6482301c60695fb431f681deaa6a2d7ba885
SERVER_TRAFFIC_SECRET_0 c50d79fe53361458be171d63dc699fc02dad55f4e9d5ec0bb129c4dfe0cee42e eac583b236f5553f4b4a48329dee89d3e1ae32999c4c5eea60ffa907cc4ffd7a
EXPORTER_SECRET c50d79fe53361458be171d63dc699fc02dad55f4e9d5ec0bb129c4dfe0cee42e bca0bf554302ff65d31f11c12a7580c5255a3f751bf3a97902db1d3094ebb05a
CLIENT_HANDSHAKE_TRAFFIC_SECRET 954de40c7f782e422e2ab34e5b1ac527de09fa7ea7838646b988fd1423baa447 0f6c39dacb410473cee332ff71fc58591982e91ad00744f7d8ede7f15518bf90
SERVER_HANDSHAKE_TRAFFIC_SECRET 954de40c7f782e422e2ab34e5b1ac527de09fa7ea7838646b988fd1423baa447 24267c8056f7af415ac2af0ca2743b7558175f252e4bef76d8832654a090d1c1
CLIENT_TRAFFIC_SECRET_0 954de40c7f782e422e2ab34e5b1ac527de09fa7ea7838646b988fd1423baa447 4dc81e434b259b1276a854aa71f65d3159391be6df889f4f87d24e9e018bcfbc
SERVER_TRAFFIC_SECRET_0 954de40c7f782e422e2ab34e5b1ac527de09fa7ea7838646b988fd1423baa447 91fec58ba56a4778580b42c69d5f1de2dc98a3d0ca6bd1f1b013808f426afd8e
EXPORTER_SECRET 954de40c7f782e422e2ab34e5b1ac527de09fa7ea7838646b988fd1423baa447 524530fa462038ad142cd6fc2b0b0f2323878041e2eead77be5d1b36f2d7280f
CLIENT_RANDOM 37cb411a56ab0e464faa59293fab169bc7f26b1908be4ed553e4e00e0f0e472f b10398fa1dccde577322091060bd52b6ef517b981028e8f0dc63d9ad05b238f41862771ec6eb53d377f2aeff39f0a453
CLIENT_HANDSHAKE_TRAFFIC_SECRET 21f17346905cf2c9224c1f59312ac3936bde0bde201c99dc122e2772203a007b 01a236228feb8b61a4aa651d2b81dde52c20b087dfa3baa635690f78486ddc95
SERVER_HANDSHAKE_TRAFFIC_SECRET 21f17346905cf2c9224c1f59312ac3936bde0bde201c99dc122e2772203a007b dce5fbe8ab688cea0b3ecd586b3bfc2ace6f3c1f3cccc405efa33d39474ee9cc
CLIENT_HANDSHAKE_TRAFFIC_SECRET db0bb1a0de82572d11b3d4f341352fb94be2f99887788333669a2422e7250bbf d8c2cc588a2146a12324e6bda971ffb85aaf0a063623251efe84583848d39d32
SERVER_HANDSHAKE_TRAFFIC_SECRET db0bb1a0de82572d11b3d4f341352fb94be2f99887788333669a2422e7250bbf c90bf3dcd3e1b0af0f8ad5442c59230716463a7f66466ea06ad4b36b45f88cc3
CLIENT_TRAFFIC_SECRET_0 21f17346905cf2c9224c1f59312ac3936bde0bde201c99dc122e2772203a007b 5f764a909436f97de2b7604b31fb6c8de0f0535249606f6046344fbee152c675
SERVER_TRAFFIC_SECRET_0 21f17346905cf2c9224c1f59312ac3936bde0bde201c99dc122e2772203a007b 0149904fccc56c3ba30ab3265801cffccfbbfea37f54d63b521b26f650a2216c
EXPORTER_SECRET 21f17346905cf2c9224c1f59312ac3936bde0bde201c99dc122e2772203a007b 4331c17114b4595ca985c142e9a2afe5cfdb7a2effd474449f79146387d0f3e8
CLIENT_TRAFFIC_SECRET_0 db0bb1a0de82572d11b3d4f341352fb94be2f99887788333669a2422e7250bbf 73b8d8d363c7b6747c4a81c51bf87b6815dafe5cb96b15363f520a8e31f6cf1d
SERVER_TRAFFIC_SECRET_0 db0bb1a0de82572d11b3d4f341352fb94be2f99887788333669a2422e7250bbf 9b63d1a3dd8bdcfe1753d97313bf0e81e5e7f13ec6340d435268fe7542508e5d
EXPORTER_SECRET db0bb1a0de82572d11b3d4f341352fb94be2f99887788333669a2422e7250bbf c9a101880f618ea26edfb9cb9dab8b9f248a297ed8acdc88becffdaaa4cabecf
