CLIENT_HANDSHAKE_TRAFFIC_SECRET 8d5c869fdf8e2d6d63c108d37f74f0aa8bdb9e2697f97e9ffc2df00a1c472a77 4f847d2ed36a90865d1acc6bee53a29a31c4c0b8c9529f4614b53d83bc29ec8c
SERVER_HANDSHAKE_TRAFFIC_SECRET 8d5c869fdf8e2d6d63c108d37f74f0aa8bdb9e2697f97e9ffc2df00a1c472a77 c8d58795a4d18c4af75839769a926bc80cd2145936d8c1ebf02e7ec3d8784eda
CLIENT_HANDSHAKE_TRAFFIC_SECRET dd39735ac4525ceee5029157092fc156d754349a21fc75be06b9684f114e5c83 07e9a02af830fd66630fa08ac65874019f4d150f03999f398be0effce44bbdb3
SERVER_HANDSHAKE_TRAFFIC_SECRET dd39735ac4525ceee5029157092fc156d754349a21fc75be06b9684f114e5c83 85c8e2f83f453c274c55370ffb16c546843354c8acae3b3008a437143cdaa19a
CLIENT_HANDSHAKE_TRAFFIC_SECRET bb09eabd3012053f022ddd0df2f8682dfbf502b25b47b20cf4bffcff08d9cbfd d3d1497cebf1be2c441d6d6117d663fa28c75f984deb51bd8f33e48de8de0457
SERVER_HANDSHAKE_TRAFFIC_SECRET bb09eabd3012053f022ddd0df2f8682dfbf502b25b47b20cf4bffcff08d9cbfd 6e1241bb3a0d8ff86f822f196a3062d9a8d5236f7a7de19211ba3a35640871ab
CLIENT_HANDSHAKE_TRAFFIC_SECRET 34001d8e52bf2310897896186ac7e064b62901e5459104790c1657ccc036c393 6904035d4cd30e65c0ff5a19eb77dcd35b8a83b7823e8ccb70120f3bad4b7eca
SERVER_HANDSHAKE_TRAFFIC_SECRET 34001d8e52bf2310897896186ac7e064b62901e5459104790c1657ccc036c393 f73107628b74703c7e8017de1171db09e28b53739d7f5f09165532c9c976629d
CLIENT_HANDSHAKE_TRAFFIC_SECRET 8f752e69b390eafc837b06c2c48b3536ad7209e1e60d9ef17fe8adc3fc0cc5d4 339d542d18927787b5546506d1b39d7ed71a08d2ec53ca0516bdf9deaf100651
SERVER_HANDSHAKE_TRAFFIC_SECRET 8f752e69b390eafc837b06c2c48b3536ad7209e1e60d9ef17fe8adc3fc0cc5d4 8f5ec04dc31bc9fd0f22cba82304b8e4592d6312adf99fd909c612b27ce845b8
CLIENT_HANDSHAKE_TRAFFIC_SECRET 65d46c9b4a1058bfa18382ac460e392ea12b243b1eb2ef9fab94a19f64a89c82 2ad5c3345360a96aae001850e8894c74448eccb8f48925fdc143551d001c8571
SERVER_HANDSHAKE_TRAFFIC_SECRET 65d46c9b4a1058bfa18382ac460e392ea12b243b1eb2ef9fab94a19f64a89c82 4aebd74b8b411ed42fa8d5ffbad599868bcb78ff52b8a3db0a37708e85b30283
CLIENT_HANDSHAKE_TRAFFIC_SECRET 37508b70e01a8f1288a9d342c81025c7d9b3b7ac39aff94edd38de40a64a4ed2 3eace42fa623992da19ef7466988b7da7ba5b5aaddce24ce175ed3262d60b0d6
SERVER_HANDSHAKE_TRAFFIC_SECRET 37508b70e01a8f1288a9d342c81025c7d9b3b7ac39aff94edd38de40a64a4ed2 379e1e4517b628e502a97f9348758c79832c0f2ca88e4ed4bd2bed4bfececc82
CLIENT_TRAFFIC_SECRET_0 8d5c869fdf8e2d6d63c108d37f74f0aa8bdb9e2697f97e9ffc2df00a1c472a77 6e5c48954f84bae6739d8d879cf0cf23ab9d711acc8f9d580545c4d07c94e100
SERVER_TRAFFIC_SECRET_0 8d5c869fdf8e2d6d63c108d37f74f0aa8bdb9e2697f97e9ffc2df00a1c472a77 b06b336d0ab2d9c5decbb396b2282c28d08637cdd285d77aa691c49aadfd2e10
EXPORTER_SECRET 8d5c869fdf8e2d6d63c108d37f74f0aa8bdb9e2697f97e9ffc2df00a1c472a77 517cb20f64a862a838b5b7c1f8db49226c63937760a558d4c79a17a59c2995c4
CLIENT_TRAFFIC_SECRET_0 dd39735ac4525ceee5029157092fc156d754349a21fc75be06b9684f114e5c83 b88d1569433ae298dd2be7251fa3b4d4209143ef3b55917983e1e9d195a9b216
SERVER_TRAFFIC_SECRET_0 dd39735ac4525ceee5029157092fc156d754349a21fc75be06b9684f114e5c83 a3b4adcaa8fa1852fe7a2d53f720c6f68cbff277daf3947ec693b1249d1bc44b
EXPORTER_SECRET dd39735ac4525ceee5029157092fc156d754349a21fc75be06b9684f114e5c83 08505e852789b7f2b11b18c3539c58851d3b7e0bc313b9d0e830691837accbe5
CLIENT_TRAFFIC_SECRET_0 bb09eabd3012053f022ddd0df2f8682dfbf502b25b47b20cf4bffcff08d9cbfd bbf4bdc6186a9671e83b5a3be07f70ea8cb0e50058765c78600f4e6e8e79add0
SERVER_TRAFFIC_SECRET_0 bb09eabd3012053f022ddd0df2f8682dfbf502b25b47b20cf4bffcff08d9cbfd 5651491651a2ee73b257f5bd2a4ca42c747952346f34d913ad98b0735fd5bc06
EXPORTER_SECRET bb09eabd3012053f022ddd0df2f8682dfbf502b25b47b20cf4bffcff08d9cbfd 8c751600ab35913619363b94df20432d4e2440e027d73dcaa9dfbd767fa9e427
CLIENT_TRAFFIC_SECRET_0 34001d8e52bf2310897896186ac7e064b62901e5459104790c1657ccc036c393 978a7b22ae81295ea076a9c1f6552c5296ede157621f7c40567ea3d417e81f02
SERVER_TRAFFIC_SECRET_0 34001d8e52bf2310897896186ac7e064b62901e5459104790c1657ccc036c393 11ede00f7518058ab5561612788ae98e68bd7283a32b2cbe825e06955cc52cc5
EXPORTER_SECRET 34001d8e52bf2310897896186ac7e064b62901e5459104790c1657ccc036c393 fdc297ad3040550d579728f5618bef5033c8ae8a99822b219c01afc39e272972
CLIENT_TRAFFIC_SECRET_0 8f752e69b390eafc837b06c2c48b3536ad7209e1e60d9ef17fe8adc3fc0cc5d4 3a02047749313d4d4dfac24f11b5e760742302a679423c59a875f239092ed0f8
SERVER_TRAFFIC_SECRET_0 8f752e69b390eafc837b06c2c48b3536ad7209e1e60d9ef17fe8adc3fc0cc5d4 cf3d3788b14b243db2ccedef74a666ff3eb861f31c1bb844ab5d4448daa80a97
EXPORTER_SECRET 8f752e69b390eafc837b06c2c48b3536ad7209e1e60d9ef17fe8adc3fc0cc5d4 23e08798795a8c8a92e36fffc577cfd353be6366affc7e995ec8a1b9e6543614
CLIENT_TRAFFIC_SECRET_0 65d46c9b4a1058bfa18382ac460e392ea12b243b1eb2ef9fab94a19f64a89c82 35fbd90426b6f8f92852f653351f61630f1b7dc3647da62250fc276f1cbde961
SERVER_TRAFFIC_SECRET_0 65d46c9b4a1058bfa18382ac460e392ea12b243b1eb2ef9fab94a19f64a89c82 bb0e129b1f9a025dd5ac7dc9671af8f7b92b4b6ea8e9c645d3672d7939c1fbc5
EXPORTER_SECRET 65d46c9b4a1058bfa18382ac460e392ea12b243b1eb2ef9fab94a19f64a89c82 65e2662e8edcd24d183dd7e372663b6b41948026ed6015d8f6373f9cb327b681
CLIENT_TRAFFIC_SECRET_0 37508b70e01a8f1288a9d342c81025c7d9b3b7ac39aff94edd38de40a64a4ed2 078ef0d3837b913e86ecd66004f8ed8b02a2c7901348e87bdcf98c6c0f02e320
SERVER_TRAFFIC_SECRET_0 37508b70e01a8f1288a9d342c81025c7d9b3b7ac39aff94edd38de40a64a4ed2 8fefe2e925fb5f8a6f3f0ce4282297e12bc191acc34a62131383a90f9c6fac60
EXPORTER_SECRET 37508b70e01a8f1288a9d342c81025c7d9b3b7ac39aff94edd38de40a64a4ed2 1fe326c9c0be66ad79e34b5c761e4c5376ce84003c15a451a75c9236229154cc
CLIENT_HANDSHAKE_TRAFFIC_SECRET 0f9eddfd9cda56b80f798c4b65e4b2ad95faa299004d0f00cb6855636f00dfcb d1036c9fd55989e44993a6bc9dfb3512f2e47a5e99717126de21398f78fbde2f
SERVER_HANDSHAKE_TRAFFIC_SECRET 0f9eddfd9cda56b80f798c4b65e4b2ad95faa299004d0f00cb6855636f00dfcb 1c7145a43eba78e9f342191d15665caf3acd7ac20da1aa46420dd0e349f83efe
CLIENT_TRAFFIC_SECRET_0 0f9eddfd9cda56b80f798c4b65e4b2ad95faa299004d0f00cb6855636f00dfcb bcb84dfd689c0b48a64b9594e43746f08b371a97db2f6a21240ad078fb2add3e
SERVER_TRAFFIC_SECRET_0 0f9eddfd9cda56b80f798c4b65e4b2ad95faa299004d0f00cb6855636f00dfcb f9e103a40afdf2655f4d9a8ae54dab862e7d1be983ee2a511f191481128f8c09
EXPORTER_SECRET 0f9eddfd9cda56b80f798c4b65e4b2ad95faa299004d0f00cb6855636f00dfcb 197b6e794124a671b283eaade76632380245527c8cd6468614a87c90425e9426
CLIENT_HANDSHAKE_TRAFFIC_SECRET ddb5b5a9418753446a00822bf1d484a23e49c333d80c32ea9a3e7c18b9963499 42db8efe98c4b6efb5077d99f038cae7ab9718fe5caf4a6d4db4d31db5b343ea
SERVER_HANDSHAKE_TRAFFIC_SECRET ddb5b5a9418753446a00822bf1d484a23e49c333d80c32ea9a3e7c18b9963499 5b90ace5f926dafe79dc2b27acbbc42a29c3fb0dc4cafefc6e62610ee7106073
CLIENT_HANDSHAKE_TRAFFIC_SECRET 707095f517186addf2e11e8860bb68657f95719c210148355bf17ef97ab0b74d c9f2bf6eaab2c6a906e7b838d37057070d6fffca39aea5f624b2f2273b9b25c9
SERVER_HANDSHAKE_TRAFFIC_SECRET 707095f517186addf2e11e8860bb68657f95719c210148355bf17ef97ab0b74d f8eb79ee228357318d57f55addce8eda70900a6dff3337fcf03a1ed39240828f
CLIENT_HANDSHAKE_TRAFFIC_SECRET 70f4e8680c4e6412f0b14d94eb60242c5adfabd1036c29f29bfe9f4e1e982b24 076f334cea26c6a5cce8989441b7bb2f3aacb29eebe0037d649be3b78d4edb3d
SERVER_HANDSHAKE_TRAFFIC_SECRET 70f4e8680c4e6412f0b14d94eb60242c5adfabd1036c29f29bfe9f4e1e982b24 8aad7cadad709f5b3ec380f0ce05d6eebdaf654c34a23fd360292873af68760b
CLIENT_HANDSHAKE_TRAFFIC_SECRET ecdcd365dfb1526e3c1c24900f25a40882329cc42b020c356595acc73ce91379 f0cd4c543abce9b46eca4ac1b1bc4eb7a2040310e9583bf69614abf995e3dd28
SERVER_HANDSHAKE_TRAFFIC_SECRET ecdcd365dfb1526e3c1c24900f25a40882329cc42b020c356595acc73ce91379 8ff95fb642548b30129f70256356b53d78e9330f6a2725ac8c73e7c0502fd371
CLIENT_TRAFFIC_SECRET_0 ddb5b5a9418753446a00822bf1d484a23e49c333d80c32ea9a3e7c18b9963499 276b8e283cb4b893930077c51d5a43209bebfd6424ec4972e5b7d30a1b1c8cee
SERVER_TRAFFIC_SECRET_0 ddb5b5a9418753446a00822bf1d484a23e49c333d80c32ea9a3e7c18b9963499 3e752da8c877644b9727c287aaed2303cbe66ee71f1e0da5b7eaa383e03172a3
EXPORTER_SECRET ddb5b5a9418753446a00822bf1d484a23e49c333d80c32ea9a3e7c18b9963499 5d338a0c0935d81ca97995a124fd950c072d78bcdd5ea4271875a6371035fef3
CLIENT_TRAFFIC_SECRET_0 707095f517186addf2e11e8860bb68657f95719c210148355bf17ef97ab0b74d 843afe9266bc4468a327668b819aacebbe7b887219839f32ea8361e044531f88
SERVER_TRAFFIC_SECRET_0 707095f517186addf2e11e8860bb68657f95719c210148355bf17ef97ab0b74d f7812b0784b98e8144b5943f58cb440b261ea19e1ced8cd6e3fd67ac0e7b1c34
EXPORTER_SECRET 707095f517186addf2e11e8860bb68657f95719c210148355bf17ef97ab0b74d 9849dcf9609e465ec8d1156fe5b0a70991adb45e522b870e543d6cf6a835144a
CLIENT_TRAFFIC_SECRET_0 70f4e8680c4e6412f0b14d94eb60242c5adfabd1036c29f29bfe9f4e1e982b24 37bd744ce7264987e991161977cfa1236043329e093983d9a11e639837591817
SERVER_TRAFFIC_SECRET_0 70f4e8680c4e6412f0b14d94eb60242c5adfabd1036c29f29bfe9f4e1e982b24 c688a1213e7c515b79fefdd234301377a6415c527c226ffe9d098d8c9d5243e1
EXPORTER_SECRET 70f4e8680c4e6412f0b14d94eb60242c5adfabd1036c29f29bfe9f4e1e982b24 e026e89bf52e136c65275ec9b57f4b207cd1d93f82fc590f97fe4da6c9c1d9d6
CLIENT_TRAFFIC_SECRET_0 ecdcd365dfb1526e3c1c24900f25a40882329cc42b020c356595acc73ce91379 dab01b798af2c9133e5339d20e3b138bc17e719aee088451621ccdde3630c121
SERVER_TRAFFIC_SECRET_0 ecdcd365dfb1526e3c1c24900f25a40882329cc42b020c356595acc73ce91379 c0aef1a75390b037d9d88f1b8583daab40329fc13b75d7e1b75374c347acef78
EXPORTER_SECRET ecdcd365dfb1526e3c1c24900f25a40882329cc42b020c356595acc73ce91379 c74239fd202f6f88f553e8d6d998778309ed304776386e51afa0b0a0f637d5bc
CLIENT_HANDSHAKE_TRAFFIC_SECRET 80fc024ad517a76b76561b36bf02b6f66ca058255e3d127109ccad2501c59246 4b8b61e4f23f0637395b57871ddd377ded2a9592a9f9fbe8e591b6eb3b1b32af
SERVER_HANDSHAKE_TRAFFIC_SECRET 80fc024ad517a76b76561b36bf02b6f66ca058255e3d127109ccad2501c59246 35ff3388ba70994029c7f7241a12c3a4068f6af9fc256972d473c1ca6ec6fe53
CLIENT_TRAFFIC_SECRET_0 80fc024ad517a76b76561b36bf02b6f66ca058255e3d127109ccad2501c59246 e878b8d2fa43f21887e24d24ca673879de35e1c236d70967cf41436918e2bd66
SERVER_TRAFFIC_SECRET_0 80fc024ad517a76b76561b36bf02b6f66ca058255e3d127109ccad2501c59246 8924ff5a142c86583ce7b482219b05aadc7417fc896259c2c2f0ef25b98f4898
EXPORTER_SECRET 80fc024ad517a76b76561b36bf02b6f66ca058255e3d127109ccad2501c59246 626f237b06ea6d5a02a07af4374679d671e53475ee8e062eb42cb4a906627d79
CLIENT_HANDSHAKE_TRAFFIC_SECRET a75a7f5d899b5da4d8aefdeef71bb6ca5b2849773fadadc2eecb6b0c87fc03be fcd8b56b820299e3b458ef5008c788e152a1bf3059cf7f14147fad1badc9ed4c
SERVER_HANDSHAKE_TRAFFIC_SECRET a75a7f5d899b5da4d8aefdeef71bb6ca5b2849773fadadc2eecb6b0c87fc03be 7653c294db23a3fd1b361960408ea905e3a57d2b15d5386c580f7002a06e0980
CLIENT_TRAFFIC_SECRET_0 a75a7f5d899b5da4d8aefdeef71bb6ca5b2849773fadadc2eecb6b0c87fc03be b8db5addb40529cc00acd7219f9fd2c719e0ec1b45e8b074dc9c9d8315470bbc
SERVER_TRAFFIC_SECRET_0 a75a7f5d899b5da4d8aefdeef71bb6ca5b2849773fadadc2eecb6b0c87fc03be e383c11efe2c3f4ca38656a68879dfa951a22e345f3a07fb7d2703e26cb6fc75
EXPORTER_SECRET a75a7f5d899b5da4d8aefdeef71bb6ca5b2849773fadadc2eecb6b0c87fc03be 411395e2c47ff5e3b5ad325ac9cbf0b49cb35e3de3cb483b6fd127f7b8833c96
CLIENT_HANDSHAKE_TRAFFIC_SECRET b030b4a8fce4dfb306fd00f9848cd326e73fa4c5ac1536245d94eececc0ee656 4b334484da7a2dabffd26bc9eae3ea0be0d0f8d48f754304fcae1f8d2515f20d
SERVER_HANDSHAKE_TRAFFIC_SECRET b030b4a8fce4dfb306fd00f9848cd326e73fa4c5ac1536245d94eececc0ee656 050ec6e4c06eda01a0d352a3e63c3646443dee44259c952694022f8391ce7c17
CLIENT_TRAFFIC_SECRET_0 b030b4a8fce4dfb306fd00f9848cd326e73fa4c5ac1536245d94eececc0ee656 8cc486ad39751e0bc266065f27a389d7eac61a6290bb7740f607df0e05aebe73
SERVER_TRAFFIC_SECRET_0 b030b4a8fce4dfb306fd00f9848cd326e73fa4c5ac1536245d94eececc0ee656 cca6203d875b574846efa4f7c2a0df99683589710758f589a540e67fa51dea42
EXPORTER_SECRET b030b4a8fce4dfb306fd00f9848cd326e73fa4c5ac1536245d94eececc0ee656 2c7cf987d7daf592cb074904b8d8d394492e03b68de448f7412596a34fb2a7aa
CLIENT_HANDSHAKE_TRAFFIC_SECRET cb32e85cb7f71458d9a99056a81d41897d3aa9e2070afaf59397492ec25c940b c6bf81e1e9c7746e1d6813d66e6a654ce02aa82e933e3b5dd3de4bdc78f76e0a
SERVER_HANDSHAKE_TRAFFIC_SECRET cb32e85cb7f71458d9a99056a81d41897d3aa9e2070afaf59397492ec25c940b dbb18a76872b1a8705e9c427edbcfd49179f99bef0be68f246f32a5318234817
CLIENT_TRAFFIC_SECRET_0 cb32e85cb7f71458d9a99056a81d41897d3aa9e2070afaf59397492ec25c940b 47afbc55b92282aaa3e84edbf1d17799ec3e0314c58be2b016c0b4d48c98f5cd
SERVER_TRAFFIC_SECRET_0 cb32e85cb7f71458d9a99056a81d41897d3aa9e2070afaf59397492ec25c940b 97712a7d6d1b4bba658413ceb53dd692dbf7a40be1e22834698de12d37d4b16e
EXPORTER_SECRET cb32e85cb7f71458d9a99056a81d41897d3aa9e2070afaf59397492ec25c940b d5165de7d4c42b80747b78ac7a3923ad358c8d6bdccdd91bab85802e4953b1c5
