CLIENT_HANDSHAKE_TRAFFIC_SECRET 0630fa80db028fb81b569ebd829a71b0968a1ac7a591917eb243b704f2038afe 7c6485cf672cf1eb2b930a7da9b277304383a3ad6cea6db2d0c03eae743cd210
SERVER_HANDSHAKE_TRAFFIC_SECRET 0630fa80db028fb81b569ebd829a71b0968a1ac7a591917eb243b704f2038afe 98193bed36ed8dee7a214619f2247e79365d9ce9c1960047af242e7f3605fc25
CLIENT_TRAFFIC_SECRET_0 0630fa80db028fb81b569ebd829a71b0968a1ac7a591917eb243b704f2038afe 8c867daac2ca889786568cf68659d331b8ce479ba3b3bc2acf1cf94c09591d7c
SERVER_TRAFFIC_SECRET_0 0630fa80db028fb81b569ebd829a71b0968a1ac7a591917eb243b704f2038afe 0c46bd97e1ad54b1967732ee632fa8f3ed40e6146fc555a29db9c9756d7616f3
EXPORTER_SECRET 0630fa80db028fb81b569ebd829a71b0968a1ac7a591917eb243b704f2038afe 15fcf6099d4422d79ecebbad7ab7ce81b981de37cff8f0cf662489cda02104b6
CLIENT_HANDSHAKE_TRAFFIC_SECRET b12f70f9f5660d63096715ce05c6dce3bdf301d791ebd42fd2b18ea056017906 768ce85d67eafa4b055d2565472cae62c72d9f965a2ea6679f5b28eb7a35646d
SERVER_HANDSHAKE_TRAFFIC_SECRET b12f70f9f5660d63096715ce05c6dce3bdf301d791ebd42fd2b18ea056017906 844d97665de44111660abdaa19dff5294de89d7c5f376e5ed8664a36b41c6aa6
CLIENT_TRAFFIC_SECRET_0 b12f70f9f5660d63096715ce05c6dce3bdf301d791ebd42fd2b18ea056017906 cfcf7d6d8f1f8c29ce8e8796b91945cb7413fac5935ad99ff48a0e264f89be4a
SERVER_TRAFFIC_SECRET_0 b12f70f9f5660d63096715ce05c6dce3bdf301d791ebd42fd2b18ea056017906 fea238260d5213c81c9d7c3b87223c1b9a2e33a3321c117afd5787048a05d94d
EXPORTER_SECRET b12f70f9f5660d63096715ce05c6dce3bdf301d791ebd42fd2b18ea056017906 7b6bb47acf007be6222a57633907adb766e881b78554dfa39cae7925e0badb97
CLIENT_RANDOM c4e1551a0a96bca2c270b6a58d04bcda633e6707885ac0e1524467fd5b69a15b 79fe46080e426a8ff3ceaccd3abdd39e6d5405b0a63cb487511986681cb9f6c0ee38b41a95ad7f9e6b0df1c83a91ede4
CLIENT_HANDSHAKE_TRAFFIC_SECRET 61a621f80113aa154eb3659a839a9b51495e59d5cfe2ca0a9c2a41e142572907 0dd107714c5da365b1253594db8366dba1a28e8c1f268add5047755d5a0929c9
SERVER_HANDSHAKE_TRAFFIC_SECRET 61a621f80113aa154eb3659a839a9b51495e59d5cfe2ca0a9c2a41e142572907 dd65cfb6735a63d8d7b146f4b894b581e7e9a8a3f9c88e411c905a3ace0ed1a2
CLIENT_TRAFFIC_SECRET_0 61a621f80113aa154eb3659a839a9b51495e59d5cfe2ca0a9c2a41e142572907 c7998add0a038b271fe5ceb9cf491b894006fec2db127d1f14ea7074b735111a
SERVER_TRAFFIC_SECRET_0 61a621f80113aa154eb3659a839a9b51495e59d5cfe2ca0a9c2a41e142572907 84d0642a1fbad9f237ddd4e57f05e169211782c5ed897ff03f50fc7390195e78
EXPORTER_SECRET 61a621f80113aa154eb3659a839a9b51495e59d5cfe2ca0a9c2a41e142572907 20717ba465d388958bf2681e138f9a138a5117b293e3152889fb948df1d7430c
CLIENT_HANDSHAKE_TRAFFIC_SECRET d269a232f5631d5cc9ad778be4c63ce6bef3d31696cc408958779b3938f62ab7 b14828fdb3c4b54850985d0044d3db814a312f4c7ebc05858b3f5549ce904bc9
SERVER_HANDSHAKE_TRAFFIC_SECRET d269a232f5631d5cc9ad778be4c63ce6bef3d31696cc408958779b3938f62ab7 06a9e4633081079e4324fb85fa5d1d471cab03f08df74e59e845761552808431
CLIENT_TRAFFIC_SECRET_0 d269a232f5631d5cc9ad778be4c63ce6bef3d31696cc408958779b3938f62ab7 cea153c10f945ebf5c67eed31b542185674c8e3d83055378fc5f0825cef6041e
SERVER_TRAFFIC_SECRET_0 d269a232f5631d5cc9ad778be4c63ce6bef3d31696cc408958779b3938f62ab7 87dd191c6f4a2348be9ff52ef9a841a5b9ba2bbe268805ab3fe420725670a0ca
EXPORTER_SECRET d269a232f5631d5cc9ad778be4c63ce6bef3d31696cc408958779b3938f62ab7 2221fb57abf29b04f9673f339e9c204c1796ca02a4fb8d1bf193f5e4841def72
