CLIENT_HANDSHAKE_TRAFFIC_SECRET 01abbf2125a9a969a787010c2eb6b43006781c88ac3b9b057d7f2351d7f2ca23 a939044791bb002831e2be0fb4a5571b679551b4b23bf8d0411f8b45cb37b429
SERVER_HANDSHAKE_TRAFFIC_SECRET 01abbf2125a9a969a787010c2eb6b43006781c88ac3b9b057d7f2351d7f2ca23 f716ea3ed933cdbd30fc68d718c05699a2d5d1f48637a748a06f78c28155b6e9
CLIENT_HANDSHAKE_TRAFFIC_SECRET 15fae9a9ab8fe724648d8b23e6e4356ff9608c371fc515a8adceafcc1bf09659 918732467da8cd00ff12b45e71c0ca07b4e9e8fc424bc3fd3cf74a60a3df96b9
SERVER_HANDSHAKE_TRAFFIC_SECRET 15fae9a9ab8fe724648d8b23e6e4356ff9608c371fc515a8adceafcc1bf09659 f1b71a3b1f753e90f2d4d8f479111b14be50a7243e3369367cc1aa063d1e5e88
CLIENT_TRAFFIC_SECRET_0 01abbf2125a9a969a787010c2eb6b43006781c88ac3b9b057d7f2351d7f2ca23 708be468035b05bea4f20fba47a52d85be5e13e5b7466819ffa6d355df57d56f
SERVER_TRAFFIC_SECRET_0 01abbf2125a9a969a787010c2eb6b43006781c88ac3b9b057d7f2351d7f2ca23 7d7756e6891ba79159574124afa775186b1d69f0701f73cc882e598822f1d9d7
EXPORTER_SECRET 01abbf2125a9a969a787010c2eb6b43006781c88ac3b9b057d7f2351d7f2ca23 17212885abca1302c5fa6fcee911f30ff167f39b477a66e0e0c9efac7e0e5975
CLIENT_TRAFFIC_SECRET_0 15fae9a9ab8fe724648d8b23e6e4356ff9608c371fc515a8adceafcc1bf09659 7f904b7fddab4605ac9c2cd0555d01369d38bb048f82660123ac85b4abba7cc5
SERVER_TRAFFIC_SECRET_0 15fae9a9ab8fe724648d8b23e6e4356ff9608c371fc515a8adceafcc1bf09659 c9b115faab611310d090af7cf155c5f777f1ed81cc9350278780a76d8fbad58c
EXPORTER_SECRET 15fae9a9ab8fe724648d8b23e6e4356ff9608c371fc515a8adceafcc1bf09659 844753a0478c8e4482f2955da73ce4c6d5cc6d1654cf1e2593154701e892c703
CLIENT_HANDSHAKE_TRAFFIC_SECRET 00442c6d9d84e2c058dc1e5279cfdcc573582b64d90390d021d1ead815da72b8 cfe098c8507a23d191619739e85bb77e323769ae065aea8fe8f802e60c71f0f9
SERVER_HANDSHAKE_TRAFFIC_SECRET 00442c6d9d84e2c058dc1e5279cfdcc573582b64d90390d021d1ead815da72b8 bfb4d417b0596ab9af806e7f5dbda33dc91d59a6da59effbd314aa960f300fe9
CLIENT_TRAFFIC_SECRET_0 00442c6d9d84e2c058dc1e5279cfdcc573582b64d90390d021d1ead815da72b8 c79d552ce2fd5997c6c2c52d96f05de629eb1d899364ef7695d45847cc180b07
SERVER_TRAFFIC_SECRET_0 00442c6d9d84e2c058dc1e5279cfdcc573582b64d90390d021d1ead815da72b8 01697508c87a3d292e7d0d8cffcd788b06e2fd73cce388f5e2e31f06212e1e66
EXPORTER_SECRET 00442c6d9d84e2c058dc1e5279cfdcc573582b64d90390d021d1ead815da72b8 bf54fb095701d52a34e4721fee2fd36a5e6fe9bd2e860f9b406cd7385f3a683f
CLIENT_HANDSHAKE_TRAFFIC_SECRET 6d9ac453e174f4f6cc42d9d832aff0327fcbf21af7f66347c6c06ab57658f6ff 3f6ffd0034b4b58efc58063aa82b333e9b3fd4b72791aafa6b351e1a122acb8f
SERVER_HANDSHAKE_TRAFFIC_SECRET 6d9ac453e174f4f6cc42d9d832aff0327fcbf21af7f66347c6c06ab57658f6ff d8f76b374a0c9bc661a1f370340fdf6ca7d042c02ef20b96588149f15185cabc
CLIENT_HANDSHAKE_TRAFFIC_SECRET 09f8b19ff4b0250887d4dd0721d860a6055cc6a964be98e74368bca44b9a65dc 0928d2b809c52f165ae055a0d3aec366e7d82e795aa9433391664b3573406936
SERVER_HANDSHAKE_TRAFFIC_SECRET 09f8b19ff4b0250887d4dd0721d860a6055cc6a964be98e74368bca44b9a65dc 381257fca76de7463c976debf61859735a53639483eaba1c8f08a2f12495575d
CLIENT_TRAFFIC_SECRET_0 6d9ac453e174f4f6cc42d9d832aff0327fcbf21af7f66347c6c06ab57658f6ff daf9f9695851bd7411d0114e08a45304cb6c94d22c9598cf1a865210d3049fe5
SERVER_TRAFFIC_SECRET_0 6d9ac453e174f4f6cc42d9d832aff0327fcbf21af7f66347c6c06ab57658f6ff e41be45c10b97813030a8eae0f1b80ce588be1be35b6a4b23800680c4436a031
EXPORTER_SECRET 6d9ac453e174f4f6cc42d9d832aff0327fcbf21af7f66347c6c06ab57658f6ff 4aa0abc5103c7c3bb6b8c7a644c43b1bc71a0415d296590432bfe11b1c63e40f
CLIENT_TRAFFIC_SECRET_0 09f8b19ff4b0250887d4dd0721d860a6055cc6a964be98e74368bca44b9a65dc 86d5502cf259a53f4631382c7bae4c3d16e59b719729f12f9650bd1e70dbf3e8
SERVER_TRAFFIC_SECRET_0 09f8b19ff4b0250887d4dd0721d860a6055cc6a964be98e74368bca44b9a65dc f240278789644faf8da77e8deb3a3757a295d5708180c4ee04d82ab4cf266bdf
EXPORTER_SECRET 09f8b19ff4b0250887d4dd0721d860a6055cc6a964be98e74368bca44b9a65dc a47a53e069ce12940cacdda2840e3037825bd4c0a410afc16f96a10f23114cc1
CLIENT_HANDSHAKE_TRAFFIC_SECRET 9538342aecc0332db6b88bebeb6ef397d9b3eba10973a3e8591de12b16044883 9b92865d54386553816b4e7394bc2b16af940e4790e40221e0cc3a24be12cf22
SERVER_HANDSHAKE_TRAFFIC_SECRET 9538342aecc0332db6b88bebeb6ef397d9b3eba10973a3e8591de12b16044883 18ee1758be7dcbadb65396dcd5496d7e223f8850492a7dc31109c7771675347f
CLIENT_TRAFFIC_SECRET_0 9538342aecc0332db6b88bebeb6ef397d9b3eba10973a3e8591de12b16044883 5bbba8fa168080858dd6bfbcba0fc4b45a16dec61e8235ae4e222441d2c0e87a
SERVER_TRAFFIC_SECRET_0 9538342aecc0332db6b88bebeb6ef397d9b3eba10973a3e8591de12b16044883 94ef7147527ee1600a652e353d08a08ed974ca856e64c80595313c46094c4749
EXPORTER_SECRET 9538342aecc0332db6b88bebeb6ef397d9b3eba10973a3e8591de12b16044883 452f1f60dd51efa4b9c45d83bcaecbfe853d4d24c355e3291f9e488f1ab9d461
CLIENT_HANDSHAKE_TRAFFIC_SECRET 4241707fdc63c117a7a5e16e6e01d45b73e28f708a5f362fd1eee788667e7b7e adcfc38f9f18200e8b2929fb614432a794d15910d725ad11d9675ad92176002c
SERVER_HANDSHAKE_TRAFFIC_SECRET 4241707fdc63c117a7a5e16e6e01d45b73e28f708a5f362fd1eee788667e7b7e cb57aec0ca9dfe449cdfa99104dc05d1aeb8bb9368d4064664a330b6346385eb
CLIENT_HANDSHAKE_TRAFFIC_SECRET 23a45828479d3c4227b4c3b49ca3124ade24416ea3ccf5418173a688093b9805 5442a0cf793b3dba7a9becdb44ff2013738273d4cc83d84229e98e7b5ccbc11b
SERVER_HANDSHAKE_TRAFFIC_SECRET 23a45828479d3c4227b4c3b49ca3124ade24416ea3ccf5418173a688093b9805 e3f53eced073d9196a8576facc030b28f6274d347325c7e9e5af6710102ec27b
CLIENT_TRAFFIC_SECRET_0 4241707fdc63c117a7a5e16e6e01d45b73e28f708a5f362fd1eee788667e7b7e dae2f3eb86d7f8181c8d0145687b830fb1172aae36887779f58ba6f522ed94a5
SERVER_TRAFFIC_SECRET_0 4241707fdc63c117a7a5e16e6e01d45b73e28f708a5f362fd1eee788667e7b7e b8e4e175f0a008a3e15699a956c149f942d74eb6ca67ce52b15aa8b9a2a890c7
EXPORTER_SECRET 4241707fdc63c117a7a5e16e6e01d45b73e28f708a5f362fd1eee788667e7b7e 7456e7632e7e1e655e1d0c8968cb5ed42a7f014017b822ee165c8ba5444f7fc4
CLIENT_HANDSHAKE_TRAFFIC_SECRET ee798bdfef109cf1606aab1ba9e8fdd5c8a40738faf0fe3d69b100e2e246f8b5 03a5bae722a7573fe144e6090c550abd2a0098f068e74797e50fabf3fdda6f97
SERVER_HANDSHAKE_TRAFFIC_SECRET ee798bdfef109cf1606aab1ba9e8fdd5c8a40738faf0fe3d69b100e2e246f8b5 5c5a6625a23dfc7ef0a0bee3c7a45a7e6163e4a873cbfec0935c38d96f44439d
CLIENT_TRAFFIC_SECRET_0 23a45828479d3c4227b4c3b49ca3124ade24416ea3ccf5418173a688093b9805 49fc171d73fe676bec3231061a46a365b104217bb9b1f2f931d0b3404299b79f
SERVER_TRAFFIC_SECRET_0 23a45828479d3c4227b4c3b49ca3124ade24416ea3ccf5418173a688093b9805 5af18d3524d61ef5f595fc4f5d050d6dae055e71890e18499b94496ea89fc53c
EXPORTER_SECRET 23a45828479d3c4227b4c3b49ca3124ade24416ea3ccf5418173a688093b9805 2cdae5812f912abb2f8f05063c28d96990c748e519ef320e11f6c0346385c41d
CLIENT_HANDSHAKE_TRAFFIC_SECRET d83096312ba445f5ab5535ee5175b8805096c1fb3de02c9ddcf8ecd9df746bbf 26c3dd60d8197ce06ed836d955777b6e53a52a9a9d96f946e4b2a744da3d6e56
SERVER_HANDSHAKE_TRAFFIC_SECRET d83096312ba445f5ab5535ee5175b8805096c1fb3de02c9ddcf8ecd9df746bbf 54e32d7f164a101fbe499864c07e7655032769426ca37e43ac0aa87f918ed2f1
CLIENT_TRAFFIC_SECRET_0 d83096312ba445f5ab5535ee5175b8805096c1fb3de02c9ddcf8ecd9df746bbf 877fa0dab3e3251b5fb71c01bcd5829f672c41b223854db10cafe3fd756ea00c
SERVER_TRAFFIC_SECRET_0 d83096312ba445f5ab5535ee5175b8805096c1fb3de02c9ddcf8ecd9df746bbf 1811d57bc08b3af20ed825cf563a48219a8b98f79270af4a02e1ecbb22579235
EXPORTER_SECRET d83096312ba445f5ab5535ee5175b8805096c1fb3de02c9ddcf8ecd9df746bbf efc10535049e74d77aaf95806ec4bd3eeea7819042ec70596ef0774a8aaf9f26
CLIENT_HANDSHAKE_TRAFFIC_SECRET 2477a29935867bc73c3f0539d8df401416931e37a79de133cbdd0a09805d538b 648dceacc0c87b9232e5dfea2dcb1716cf793b18e435a9acc8427f2bc3518bc9
SERVER_HANDSHAKE_TRAFFIC_SECRET 2477a29935867bc73c3f0539d8df401416931e37a79de133cbdd0a09805d538b cf309239fc7a57ef7d0fb1aec691ecca69efe72decb235afec71326780619a63
CLIENT_HANDSHAKE_TRAFFIC_SECRET ba0cce337dd90ebce1026b56ec4f806154b6d91d48dddbe7af1fdc3a56da706b f1e02b96e9b545f6b4570d216fa1ccb6bcbeb002020e4b55bcbcd3e4497e9c51
SERVER_HANDSHAKE_TRAFFIC_SECRET ba0cce337dd90ebce1026b56ec4f806154b6d91d48dddbe7af1fdc3a56da706b a565b01ad547ca2b2b35d65e53542bc1476a4162105c71c4e157a5609ad324cd
CLIENT_TRAFFIC_SECRET_0 2477a29935867bc73c3f0539d8df401416931e37a79de133cbdd0a09805d538b 45e2561ac547b730ad162fb1dd10ab525de02f9d56b12688cc6452058e6faea3
SERVER_TRAFFIC_SECRET_0 2477a29935867bc73c3f0539d8df401416931e37a79de133cbdd0a09805d538b e069c5f0400c9d827e422ea0073b3f83ae14689b479589133d383ea7703c295a
EXPORTER_SECRET 2477a29935867bc73c3f0539d8df401416931e37a79de133cbdd0a09805d538b b5da2149abd7af493215a513f6ca64e4562b75621e4687321ccd5c2ea90869db
CLIENT_TRAFFIC_SECRET_0 ba0cce337dd90ebce1026b56ec4f806154b6d91d48dddbe7af1fdc3a56da706b 6a7fd42ad8df4aa08e72562d70225bbcb91bccffe2e5ad841bd918ab145916db
SERVER_TRAFFIC_SECRET_0 ba0cce337dd90ebce1026b56ec4f806154b6d91d48dddbe7af1fdc3a56da706b 891c0391f4c78c2265941e5cbb28ca02f375b25274a11c4aaae0c9e658f7a0a8
EXPORTER_SECRET ba0cce337dd90ebce1026b56ec4f806154b6d91d48dddbe7af1fdc3a56da706b e1c090eafa2ebbf37f2be38a6cb434258ad2ced18302d9b2fe75f41f2153b648
CLIENT_HANDSHAKE_TRAFFIC_SECRET 8d4ea2b39c3ee2bae6b29bd7f3a1ecdf4132e86c032c359ada76c2780aa5e3e4 19bb53658639f5b79b0cf56e76ccb751431fa00556552cc18d1b585d473d3bd4
SERVER_HANDSHAKE_TRAFFIC_SECRET 8d4ea2b39c3ee2bae6b29bd7f3a1ecdf4132e86c032c359ada76c2780aa5e3e4 845c872fc83de36abe48c3b6b69e1175091907a2caa070867461224654b8ebb7
CLIENT_TRAFFIC_SECRET_0 8d4ea2b39c3ee2bae6b29bd7f3a1ecdf4132e86c032c359ada76c2780aa5e3e4 415aecd8664c4083f9607bc404956bdd2bfd79ea7c55c78847227dd87f0a42f7
SERVER_TRAFFIC_SECRET_0 8d4ea2b39c3ee2bae6b29bd7f3a1ecdf4132e86c032c359ada76c2780aa5e3e4 e568d736d873a25f6a01daf06eed6575b9dc326f8a746d872afb5dd486af788c
EXPORTER_SECRET 8d4ea2b39c3ee2bae6b29bd7f3a1ecdf4132e86c032c359ada76c2780aa5e3e4 def0439f716da3c281a49f043865b9bbcdaf1afeabe740e8d87f87db22dc7b76
CLIENT_HANDSHAKE_TRAFFIC_SECRET 905998cde5787c699aea5ead66371b6483f5dc1c0d5a525a7bf846c3839dea27 fd84d1ba07aa9c913ffcf73879448c3050b3404e66ea4f1dd2a0cbd6b15da1ad
SERVER_HANDSHAKE_TRAFFIC_SECRET 905998cde5787c699aea5ead66371b6483f5dc1c0d5a525a7bf846c3839dea27 a2711dcd6c98d71cc9ce54d11c6acdc2479a0609000633a1ace70f6749e2a45d
CLIENT_TRAFFIC_SECRET_0 905998cde5787c699aea5ead66371b6483f5dc1c0d5a525a7bf846c3839dea27 26ae1cc429b0b6257a7e7e1a697f34e0a6bb6e1ecb762ce0424e732ff91b56cc
SERVER_TRAFFIC_SECRET_0 905998cde5787c699aea5ead66371b6483f5dc1c0d5a525a7bf846c3839dea27 bbdd0bf29f9282969f2bb0f690e6e69feb7fd2d816b9f5d5effd73f966987832
EXPORTER_SECRET 905998cde5787c699aea5ead66371b6483f5dc1c0d5a525a7bf846c3839dea27 4d35312ab75bb1414c98f4e6c983071e8577080f371ec3eca3707da091e460a9
CLIENT_HANDSHAKE_TRAFFIC_SECRET 3649b7c4ec79e261cc4459f2b87b26ef0297642290848ebe0114268cee837652 a5bfa4936a4374739adf2d100fe70f6dbed4c1a77cc9ea8bc6bdcfd008c1567e
SERVER_HANDSHAKE_TRAFFIC_SECRET 3649b7c4ec79e261cc4459f2b87b26ef0297642290848ebe0114268cee837652 0bb75d7f1b13a53966a09431eee1c819bd579d0a866b701b9a387ca417b5685f
CLIENT_HANDSHAKE_TRAFFIC_SECRET eaf099471ac109c31e8350816c66e1e567c49b8e7c15b37aff4532a2ba22c4bf 904757e4a3198e1d1cf926c1c1d3c3766e9244443d8c32bdf24e86d320c6f45d
SERVER_HANDSHAKE_TRAFFIC_SECRET eaf099471ac109c31e8350816c66e1e567c49b8e7c15b37aff4532a2ba22c4bf 653c49779aaef0a2281f33b29282599e826efb173eb4311dc083228c122a403f
CLIENT_TRAFFIC_SECRET_0 eaf099471ac109c31e8350816c66e1e567c49b8e7c15b37aff4532a2ba22c4bf bf25c84fb61943821ad309626df15190c4f97e78a5c1618ba62f8062f545ab48
SERVER_TRAFFIC_SECRET_0 eaf099471ac109c31e8350816c66e1e567c49b8e7c15b37aff4532a2ba22c4bf 0a6df77e30a159fc165b3cec174201823f676d8beeecef5bcd1699e8e9896ddc
EXPORTER_SECRET eaf099471ac109c31e8350816c66e1e567c49b8e7c15b37aff4532a2ba22c4bf 758456fc2ea5d97f36129e4a712331cd994f9df74b11fb8fb3caeabd8c6017d4
CLIENT_TRAFFIC_SECRET_0 3649b7c4ec79e261cc4459f2b87b26ef0297642290848ebe0114268cee837652 2452175cc3d67cd1281e9e30a410cee423d0f0152b8ff7b82e0d079e248b4969
SERVER_TRAFFIC_SECRET_0 3649b7c4ec79e261cc4459f2b87b26ef0297642290848ebe0114268cee837652 3a6f55091d36586e45cee53d9c6c1f87ffff3d4379beab4819b775608a70469f
EXPORTER_SECRET 3649b7c4ec79e261cc4459f2b87b26ef0297642290848ebe0114268cee837652 4261021b4a311ba9702db71d68576fd3844200cf472fee181eaa7de5169d6195
CLIENT_HANDSHAKE_TRAFFIC_SECRET a0da9b3b09d6da56da4e8b7ef7cfe6675dc6f0859091aa68c339016db39fac2c b90ad9eea3e9356036adf49a0105867763012a19292d9a0baaa2477644287d32
SERVER_HANDSHAKE_TRAFFIC_SECRET a0da9b3b09d6da56da4e8b7ef7cfe6675dc6f0859091aa68c339016db39fac2c 6228c6d9fcace11c97bd8d8f0de25b19f90beb7c6f6318acc5a6234b1d0a5aab
CLIENT_TRAFFIC_SECRET_0 a0da9b3b09d6da56da4e8b7ef7cfe6675dc6f0859091aa68c339016db39fac2c a3be31f755fea296c8af17b7bb59adadf4b9a60836efaf8c0cfdbc571374b413
SERVER_TRAFFIC_SECRET_0 a0da9b3b09d6da56da4e8b7ef7cfe6675dc6f0859091aa68c339016db39fac2c 568aa6956c859d9f2f62af5c9cbc4713901694d01d6191c70e8d76a9f55b26f2
EXPORTER_SECRET a0da9b3b09d6da56da4e8b7ef7cfe6675dc6f0859091aa68c339016db39fac2c 07ea38a19ae739b240888c3130624d78831f3d8b190a12175d4feea85ca18f62
CLIENT_HANDSHAKE_TRAFFIC_SECRET 7e17df0cc31e80313ad8af8fbe5a12e7e1b3010781789177f7e3ee1553252a4e 0e0c6b8ba1a65baaeefcf4f479673f55ab4333fbdcf105aaa9a19fa11544fe60
SERVER_HANDSHAKE_TRAFFIC_SECRET 7e17df0cc31e80313ad8af8fbe5a12e7e1b3010781789177f7e3ee1553252a4e b49efbd5916683ee06322bf6754d868fc304e771273f589dceb3721fb3ccdd17
CLIENT_TRAFFIC_SECRET_0 7e17df0cc31e80313ad8af8fbe5a12e7e1b3010781789177f7e3ee1553252a4e ff3adfc1dcbd6a9dee0c1071009689fab5eb5676a262042400a9c38c1ab2bb6f
SERVER_TRAFFIC_SECRET_0 7e17df0cc31e80313ad8af8fbe5a12e7e1b3010781789177f7e3ee1553252a4e 2bf5ab07b301d072fc683f228fbad96e27371d4ed98f47ae95ad25e2e6c5e3af
EXPORTER_SECRET 7e17df0cc31e80313ad8af8fbe5a12e7e1b3010781789177f7e3ee1553252a4e a082ff8dc3a2c8bddd3f26475ea628c8e3960434600ef9b9f14c976ff8bd1de0
CLIENT_HANDSHAKE_TRAFFIC_SECRET 287f6488c185637eba145f6e8842c2663908092b3ae2b9203a7545022038754e b567d873a4ac120ef288e8570e9a90ab87a02eed13f504b4cf7d206d31195699
SERVER_HANDSHAKE_TRAFFIC_SECRET 287f6488c185637eba145f6e8842c2663908092b3ae2b9203a7545022038754e ae994dd84c5dd8bb1acce7f77cddcd43e5c81e55a6c7741324784e127cfa93e1
CLIENT_TRAFFIC_SECRET_0 287f6488c185637eba145f6e8842c2663908092b3ae2b9203a7545022038754e ebe43888db8f8c9d7e4b7e9546cb2d52ae4625c07f6458a7164751e3500af40e
SERVER_TRAFFIC_SECRET_0 287f6488c185637eba145f6e8842c2663908092b3ae2b9203a7545022038754e 95576fa239954180aebb0bf2acf89951ee3510d16e6d77536064754e0e257d52
EXPORTER_SECRET 287f6488c185637eba145f6e8842c2663908092b3ae2b9203a7545022038754e 9e1647da666a5104cc00da71e4fb3e16188b82d004c92a48566ea8354318d0b1
