CLIENT_HANDSHAKE_TRAFFIC_SECRET aecc10ca405e6ed299588a9806c3a819e77eb1ac8e509a4b74f143b8e8cd62e6 fcd9de94c030d153cbb81d156055974af00c054fff2fb8a6f58bfd1e88427c43
SERVER_HANDSHAKE_TRAFFIC_SECRET aecc10ca405e6ed299588a9806c3a819e77eb1ac8e509a4b74f143b8e8cd62e6 d586b2063e3f25797bf2ac705b59496764b6e59db791cb92a47047cb89943d15
CLIENT_TRAFFIC_SECRET_0 aecc10ca405e6ed299588a9806c3a819e77eb1ac8e509a4b74f143b8e8cd62e6 907e212528fca6633d5294e125f23ce1aacf1b9d891a207ffd103e9d2268f134
SERVER_TRAFFIC_SECRET_0 aecc10ca405e6ed299588a9806c3a819e77eb1ac8e509a4b74f143b8e8cd62e6 d3e349dc310aa6a7ee2d40a3edce92739bac6571558a56f6023d30bbbe0b087f
EXPORTER_SECRET aecc10ca405e6ed299588a9806c3a819e77eb1ac8e509a4b74f143b8e8cd62e6 ed43472b9ea595e60b1b72e43f6705076e72343801a4c3fab579738dc1cbd3cc
CLIENT_HANDSHAKE_TRAFFIC_SECRET a2ff5bd7abeb9379df902a3a02a2df0d9fa1f67bca0a0de3ed9aa672db52c943 071a2ad9d1821873e6ae9e663d38fe0f7454a35ec24b5a4b5fbf3f4a3ff3562f
SERVER_HANDSHAKE_TRAFFIC_SECRET a2ff5bd7abeb9379df902a3a02a2df0d9fa1f67bca0a0de3ed9aa672db52c943 5d77cf4e443b286f8d04659a3d9931a8b47d235614a773ec96c750653f264081
CLIENT_TRAFFIC_SECRET_0 a2ff5bd7abeb9379df902a3a02a2df0d9fa1f67bca0a0de3ed9aa672db52c943 a678bd012d6da57a3ef9cd2a6525ac5d8555f2486986d58a4eb4f81edafa0e0b
SERVER_TRAFFIC_SECRET_0 a2ff5bd7abeb9379df902a3a02a2df0d9fa1f67bca0a0de3ed9aa672db52c943 96800b88f8f2504db5ddaf1887941e921141fa1a2198f7ebecb4b112a5ec842c
EXPORTER_SECRET a2ff5bd7abeb9379df902a3a02a2df0d9fa1f67bca0a0de3ed9aa672db52c943 0910a29dfd647a6b9fcdebdc9fc748d0b111627d9d0a422e976157cbcd36654f
CLIENT_HANDSHAKE_TRAFFIC_SECRET 8af2484fde7967934f8bb859a0522dfb94c84734ec368b5e5eec439f73d90fba b0f6bf7531b5768082444b47b8dae8bb913bab1413793dd9efd1c5a2c5c5262d
SERVER_HANDSHAKE_TRAFFIC_SECRET 8af2484fde7967934f8bb859a0522dfb94c84734ec368b5e5eec439f73d90fba d0e29abc89072ac0a8ebe849f9682f110b00254966c8caa2511dbe074888536f
CLIENT_TRAFFIC_SECRET_0 8af2484fde7967934f8bb859a0522dfb94c84734ec368b5e5eec439f73d90fba 99c32447f76675bef7eb268b0492043331ff098ad192fa66b160bba20688e724
SERVER_TRAFFIC_SECRET_0 8af2484fde7967934f8bb859a0522dfb94c84734ec368b5e5eec439f73d90fba 036537d3455f3e6ac2238683d2c00f8facf5c23e658b5c6ffcdb0f10a8b6efe3
EXPORTER_SECRET 8af2484fde7967934f8bb859a0522dfb94c84734ec368b5e5eec439f73d90fba a4e0ccc0f511a01e85430f0bc351fb5cb3a7aa1933e5b665f006a9e82b3d8452
CLIENT_HANDSHAKE_TRAFFIC_SECRET e39da545d879f4c4fd48a1d14e418585e67e3f2282d7a8617900f002130a65e7 d9939807d2d0a379e378cf01a1ed194b93940306e565516cfae00be297f9c72f
SERVER_HANDSHAKE_TRAFFIC_SECRET e39da545d879f4c4fd48a1d14e418585e67e3f2282d7a8617900f002130a65e7 e38eb6242e7bd0c26b92c75ec6a08fefbacc075e72facdeb393c801456ee0acd
CLIENT_HANDSHAKE_TRAFFIC_SECRET fab8064831493c5a9198d1ca3af7593233552f4b9d46f36a0c2965cdd2671f87 2a63b9879dd543ae0de78f3c2a81e857da581ef94b5ad8b421093557bf84b317
SERVER_HANDSHAKE_TRAFFIC_SECRET fab8064831493c5a9198d1ca3af7593233552f4b9d46f36a0c2965cdd2671f87 b2c9c0d6257e055a5ee23824aeee37b68a7ff70a74ca899efe639c5f1ead399b
CLIENT_HANDSHAKE_TRAFFIC_SECRET 3f4e18d57f4d3805bbd1834a8c1c29cefa061c5b3b729c401a6ba060e30c0e4c 5b8841d057d1cefc4367ed6266744a2038fb22e781dab0c5b88118135f2d9d03
SERVER_HANDSHAKE_TRAFFIC_SECRET 3f4e18d57f4d3805bbd1834a8c1c29cefa061c5b3b729c401a6ba060e30c0e4c ed7225056569e39c26c1b8706dcb0672fd0ce3d657706d27924230f34ea90d5a
CLIENT_TRAFFIC_SECRET_0 3f4e18d57f4d3805bbd1834a8c1c29cefa061c5b3b729c401a6ba060e30c0e4c 5d7f03bb171b3a4f7d4ddb8f713913cb3c6106656e3c99e5fbc81d877e42431a
SERVER_TRAFFIC_SECRET_0 3f4e18d57f4d3805bbd1834a8c1c29cefa061c5b3b729c401a6ba060e30c0e4c 67e063837aef36dbf2b4d53120711d2926b6775e12595305a1f4c171b5d8363b
EXPORTER_SECRET 3f4e18d57f4d3805bbd1834a8c1c29cefa061c5b3b729c401a6ba060e30c0e4c 69de78f5818228647dc204ee780014982b86d399be5319d12d14f0b88ada1c05
CLIENT_TRAFFIC_SECRET_0 e39da545d879f4c4fd48a1d14e418585e67e3f2282d7a8617900f002130a65e7 5a812b7d6a73d92f90c99630fc68aaf39a768a1fdd0a7f688f736ff9164e0f00
SERVER_TRAFFIC_SECRET_0 e39da545d879f4c4fd48a1d14e418585e67e3f2282d7a8617900f002130a65e7 6657ec8cf170cfd4b06737e92a76f0088bf4a29c77c641e9147ae04e85bd4122
EXPORTER_SECRET e39da545d879f4c4fd48a1d14e418585e67e3f2282d7a8617900f002130a65e7 1327f130200918b190183b0e97e7776f4814d25835e40fdd5e6572ccb12cb804
CLIENT_TRAFFIC_SECRET_0 fab8064831493c5a9198d1ca3af7593233552f4b9d46f36a0c2965cdd2671f87 3c0ce173d4a9ad3bc8a636aad105a8de2a1a1fb353b6635a1272211ebbac76c0
SERVER_TRAFFIC_SECRET_0 fab8064831493c5a9198d1ca3af7593233552f4b9d46f36a0c2965cdd2671f87 542fee39bdd10d3b5a6e8837b790c7d0ecc1ecc326b6326c57b9ec3376324d52
EXPORTER_SECRET fab8064831493c5a9198d1ca3af7593233552f4b9d46f36a0c2965cdd2671f87 ee5131c5124d4bf519a0d000d07b7b316d750423ab2f088b7f55ab32c720fff3
CLIENT_HANDSHAKE_TRAFFIC_SECRET 81c61d5c6e00824a88b3ecbf668d92d351ce8f2cf9d1b4d87558526c7831288b ee0fceb08160dc7c5bbde3b400ce2f3a2c32eba3cec3ba9cff98662ea7dbbb39
SERVER_HANDSHAKE_TRAFFIC_SECRET 81c61d5c6e00824a88b3ecbf668d92d351ce8f2cf9d1b4d87558526c7831288b 21df84cc41995fb946ae1cd460b37bcc1e8490b94a4df769b9b81102357232cb
CLIENT_TRAFFIC_SECRET_0 81c61d5c6e00824a88b3ecbf668d92d351ce8f2cf9d1b4d87558526c7831288b a56c288d36ea25f27cc9c11071cf2ff4d3f1ed88e3e88d6db8606119997601ce
SERVER_TRAFFIC_SECRET_0 81c61d5c6e00824a88b3ecbf668d92d351ce8f2cf9d1b4d87558526c7831288b 2f0d09057fec3ee053f815c96243cb9d6af37ec5d29553c2f1dfe2ae45ad5b29
EXPORTER_SECRET 81c61d5c6e00824a88b3ecbf668d92d351ce8f2cf9d1b4d87558526c7831288b 1300521cdc574eb35acb91a78ada602d8048ef696a5577c574c11c28f30be035
CLIENT_HANDSHAKE_TRAFFIC_SECRET 749a3363f1841deae81d0d4093ac3a7cda0947d07e2151ae94cfea3d61f117ae d28a9b8344eabec52496b1084d6062f2b5d6bfe05286b5f888de5d56c006acad
SERVER_HANDSHAKE_TRAFFIC_SECRET 749a3363f1841deae81d0d4093ac3a7cda0947d07e2151ae94cfea3d61f117ae 64e4578dbc40556540cef5122a8af3d27a889ebeeaa1ff9a054832560dfdd82e
CLIENT_TRAFFIC_SECRET_0 749a3363f1841deae81d0d4093ac3a7cda0947d07e2151ae94cfea3d61f117ae 849df10770b6a3147390763524a7f382b209599ddedb0e8bdb1d5e051d138005
SERVER_TRAFFIC_SECRET_0 749a3363f1841deae81d0d4093ac3a7cda0947d07e2151ae94cfea3d61f117ae c9f116ef18e8333a192d5e30c911199da2088903b1cb62948171b4dd5e9e18e6
EXPORTER_SECRET 749a3363f1841deae81d0d4093ac3a7cda0947d07e2151ae94cfea3d61f117ae c2935bdb30eebdec553257df4a4d044c1e73fe2f69b883d6a8daee8d76778c71
CLIENT_HANDSHAKE_TRAFFIC_SECRET ad651681e6dfcfe884680a24ae693b79f2e8a41b71fd282ad7b67cfd59da5262 ea14cf2a74912bb939b34545fc1385f5d4b129abdc40bf0dc3aaadd1dcbf7c04
SERVER_HANDSHAKE_TRAFFIC_SECRET ad651681e6dfcfe884680a24ae693b79f2e8a41b71fd282ad7b67cfd59da5262 82e1a5ffccf10d0f7ee07a9bb0ad73a98b28c19cab1840608479d2ff2fac4801
CLIENT_TRAFFIC_SECRET_0 ad651681e6dfcfe884680a24ae693b79f2e8a41b71fd282ad7b67cfd59da5262 4efaf30d5da2d3bbb3d1566edc238849868e3da4b3463fabe329f3f4e0d006d6
SERVER_TRAFFIC_SECRET_0 ad651681e6dfcfe884680a24ae693b79f2e8a41b71fd282ad7b67cfd59da5262 7971b0841df6513302b0951ac8a4c35b616456e1c3fa92293124d1b85a7c183b
EXPORTER_SECRET ad651681e6dfcfe884680a24ae693b79f2e8a41b71fd282ad7b67cfd59da5262 86db560b13c9c200d49f0c85c1d280639d3d78a72554f071af1f8d202661d612
CLIENT_HANDSHAKE_TRAFFIC_SECRET 246fbc4a081670d766793a40826206e6f2dae1c2d79ffa476bb403b608c42072 e0ab8085d019a72de5f288f0d425e1a06257eaff9e10562c7c6cb84ab86bbe7e
SERVER_HANDSHAKE_TRAFFIC_SECRET 246fbc4a081670d766793a40826206e6f2dae1c2d79ffa476bb403b608c42072 5afd78b34540d78ad1b3b5d94b0ba07b8e6aa023c49e1a84f8a942b85f4a7d47
CLIENT_TRAFFIC_SECRET_0 246fbc4a081670d766793a40826206e6f2dae1c2d79ffa476bb403b608c42072 5c765306ec72731260667caa15f4037b04eba1e45257d2874f0bcd2f67ead98c
SERVER_TRAFFIC_SECRET_0 246fbc4a081670d766793a40826206e6f2dae1c2d79ffa476bb403b608c42072 1b3f94ff3329e748263ebff6812c4376244c0c899a817b518a92e424d99e8880
EXPORTER_SECRET 246fbc4a081670d766793a40826206e6f2dae1c2d79ffa476bb403b608c42072 85aa0a3bb0c8dafa3c9ffc17bad342ffd660ab6d7a4aa46d118a9a5072fc809c
