CLIENT_HANDSHAKE_TRAFFIC_SECRET 777983596e3c22a6305bb1529dbfcdbd9a1847752f9cf43aa9e7bb37ba5fbc93 62125aee18b535da0cc8a7b79bcddb4d134d4fcbce7dd97594f82e8467971f43
SERVER_HANDSHAKE_TRAFFIC_SECRET 777983596e3c22a6305bb1529dbfcdbd9a1847752f9cf43aa9e7bb37ba5fbc93 9e9446dce49c50cb289f2d5911bfbd103b228eca1c0d22389df45e2b4478cd48
CLIENT_TRAFFIC_SECRET_0 777983596e3c22a6305bb1529dbfcdbd9a1847752f9cf43aa9e7bb37ba5fbc93 830b8f3d711b544dcf96193eb6f83d53a69431dea3efef2b90ea54d17e068150
SERVER_TRAFFIC_SECRET_0 777983596e3c22a6305bb1529dbfcdbd9a1847752f9cf43aa9e7bb37ba5fbc93 835bce4e940cb608d92a3f48382600dc02e2d69b1c201656a35a393ce463bb27
EXPORTER_SECRET 777983596e3c22a6305bb1529dbfcdbd9a1847752f9cf43aa9e7bb37ba5fbc93 23dfc1f6ee5313db4abb302e239db601f4d205a550e5d6f8a1d24c59a7950a31
CLIENT_HANDSHAKE_TRAFFIC_SECRET 158dd9b703c6a1fbbb6e371bee6da8e9808c5c9ef12ad420c983623ad834e8ad 0c70be572d9dd4df6c5c89521ffa7684d8cbbcf63e78f189cc2053325bad2238
SERVER_HANDSHAKE_TRAFFIC_SECRET 158dd9b703c6a1fbbb6e371bee6da8e9808c5c9ef12ad420c983623ad834e8ad 5975dd87c597b5e492f497383c7f17e1e5df6e34cfc04ec69c944e965135301e
CLIENT_TRAFFIC_SECRET_0 158dd9b703c6a1fbbb6e371bee6da8e9808c5c9ef12ad420c983623ad834e8ad 15a882ba0fdf4e892748c7db9256ca7d63427c6c1dc8632ce482813f11406df8
SERVER_TRAFFIC_SECRET_0 158dd9b703c6a1fbbb6e371bee6da8e9808c5c9ef12ad420c983623ad834e8ad 2b9ca81f2618ebd1e85d7662c058541f4c6d343ddfb7a74d520ff96c7996cbee
EXPORTER_SECRET 158dd9b703c6a1fbbb6e371bee6da8e9808c5c9ef12ad420c983623ad834e8ad ff26d4d58c5c10c1545536126c103c92e6fecaa37dddb97bc693f97b0fd736b1
CLIENT_HANDSHAKE_TRAFFIC_SECRET f733d165a33556585c3582928ac63ee3dc03978820b309b1eb2fada5f0cd998c 46c1e3c32e019e59cbc086c4f7acd84db82108fb5dcd519eed6c3c1d212bcd8a
SERVER_HANDSHAKE_TRAFFIC_SECRET f733d165a33556585c3582928ac63ee3dc03978820b309b1eb2fada5f0cd998c 5328d1220aa77d645d5301514755487129ef5d0ca86a4835b08f46f76bbe5b64
CLIENT_TRAFFIC_SECRET_0 f733d165a33556585c3582928ac63ee3dc03978820b309b1eb2fada5f0cd998c 1a08322f0bc40b7c257996208723251163306d5cb9b7b02774868a892829c9e3
SERVER_TRAFFIC_SECRET_0 f733d165a33556585c3582928ac63ee3dc03978820b309b1eb2fada5f0cd998c 3d903f7ea539449d9a2f438e38c072a0a4dfc118530ea7f82847bf14bfb3e4e6
EXPORTER_SECRET f733d165a33556585c3582928ac63ee3dc03978820b309b1eb2fada5f0cd998c f7e73453f53af6bc1392ae19438820acf2dc575a06a97977158fe019284713d5
CLIENT_HANDSHAKE_TRAFFIC_SECRET a751b40465f7c435a0140963628e45c9c099425ed92d2ecb3f2bb09cdb1e7699 1367ca7729b1d4eb99b30594231cb3c0968b356e065c7162e9a4d10fb90b401f
SERVER_HANDSHAKE_TRAFFIC_SECRET a751b40465f7c435a0140963628e45c9c099425ed92d2ecb3f2bb09cdb1e7699 d973dbd4fddf2630bdb64241d112a9a4ce25b6a640f07c479a5a93e913e8c455
CLIENT_TRAFFIC_SECRET_0 a751b40465f7c435a0140963628e45c9c099425ed92d2ecb3f2bb09cdb1e7699 114e30c4bcda046526da423db73eaeea03c02c2f5324f98237ccf9c913f2745b
SERVER_TRAFFIC_SECRET_0 a751b40465f7c435a0140963628e45c9c099425ed92d2ecb3f2bb09cdb1e7699 5082985daf089032d4e062ac5e8838fef170c7724035d4eda301e96b67483f3b
EXPORTER_SECRET a751b40465f7c435a0140963628e45c9c099425ed92d2ecb3f2bb09cdb1e7699 4923bb7eeade3e662ac4c1d279aeb7b083cb5643d6a7cf3507d51fd02ad94d19
CLIENT_HANDSHAKE_TRAFFIC_SECRET 5b1d018b4bd61e8ce87ade2dfdd1147732089ef860436b24d4eb6be9988b19ac fdfe632f9f78cf08a7fdce916258e5095edd8aab4e2520bc21a255fe5341b7b6
SERVER_HANDSHAKE_TRAFFIC_SECRET 5b1d018b4bd61e8ce87ade2dfdd1147732089ef860436b24d4eb6be9988b19ac 98b23228eca13dc2952340b7e359231c1b6be79ad5263e6a45b7dfec4e6d0f03
CLIENT_TRAFFIC_SECRET_0 5b1d018b4bd61e8ce87ade2dfdd1147732089ef860436b24d4eb6be9988b19ac 3b0e474a8764628613dae18032404109b7b167981580e9770ca1f7a397713555
SERVER_TRAFFIC_SECRET_0 5b1d018b4bd61e8ce87ade2dfdd1147732089ef860436b24d4eb6be9988b19ac 78b7b1ea820b49d2cc3a4f5aa9d024e75ff8b1f5b3e2796c433216e2e1fa3cc8
EXPORTER_SECRET 5b1d018b4bd61e8ce87ade2dfdd1147732089ef860436b24d4eb6be9988b19ac caa4e5582f2605bb465c34b69ee740d5b20cc1cbeff07b806a96ad05c0ca76a2
CLIENT_HANDSHAKE_TRAFFIC_SECRET 569a1ddc3dafb1ffb2fe79f0d082fed15c347052e3b736d07253174025de8c5b 80b5bef881a31b79f7dacadd664189e71cfd2595e1abd4d4db0e31219bc66f7d9da5f5a319e7cda1c0ba71c708c61b8b
SERVER_HANDSHAKE_TRAFFIC_SECRET 569a1ddc3dafb1ffb2fe79f0d082fed15c347052e3b736d07253174025de8c5b f75bf037c118ee4fa3c8ed5464796ec9683ca3a635c1f7b704f50cf3564d3671e476bdbb8f15451c416e53cea9df9483
CLIENT_TRAFFIC_SECRET_0 569a1ddc3dafb1ffb2fe79f0d082fed15c347052e3b736d07253174025de8c5b db1712cc680613e9d4ce0eb1e07f3ce2b53e8077df6d85c8c84748723c9932d99fb943aa2999ca31c4afaf04c940d537
SERVER_TRAFFIC_SECRET_0 569a1ddc3dafb1ffb2fe79f0d082fed15c347052e3b736d07253174025de8c5b becc3d502e327a0087efb3567eced0c8e600c0127e6d1f218cf9e2ff88f6e5f4f801cd0b8c0d30d7a1ec286df84197dd
EXPORTER_SECRET 569a1ddc3dafb1ffb2fe79f0d082fed15c347052e3b736d07253174025de8c5b 9aa4823c21cf80755a1e83110d8c8d32a51df58561166953a3c44d5f5b0caf7c2a85350b1ec951014fdd51349aefa694
CLIENT_HANDSHAKE_TRAFFIC_SECRET 63ace8b3cb1fc7e7da3d92d24ac98c635100e4e736b1acc92b418ea3ba4f0da1 53752c5f123b51f0a29fbdd85eeb2723b7397ec646d06d801bd06f583baf1fce
SERVER_HANDSHAKE_TRAFFIC_SECRET 63ace8b3cb1fc7e7da3d92d24ac98c635100e4e736b1acc92b418ea3ba4f0da1 a50f82722453536a7d0009d79eb059fdd78259fb7e45570d213f2c9e73a128e9
CLIENT_TRAFFIC_SECRET_0 63ace8b3cb1fc7e7da3d92d24ac98c635100e4e736b1acc92b418ea3ba4f0da1 c085a53aa119db4b0d30cdc9450c734f41428414371bccbafe86b41aaa336df8
SERVER_TRAFFIC_SECRET_0 63ace8b3cb1fc7e7da3d92d24ac98c635100e4e736b1acc92b418ea3ba4f0da1 772bb69a802df9acb4d5a9fd2d58c4fa02664a1f7e8e93554413011b448be30d
EXPORTER_SECRET 63ace8b3cb1fc7e7da3d92d24ac98c635100e4e736b1acc92b418ea3ba4f0da1 45bf11e9294ea37c3d4c5d5e57db02cdbb1bcaebe785515b39fa316e97881272
CLIENT_HANDSHAKE_TRAFFIC_SECRET b926e3724165343c67a69e8fa33f98a24b54134ff77fd4993154b87018f228df c4d38c31b8f53b18ec9a2d40197646dbcc023c78fa2033d45b780cf6b5af8de3
SERVER_HANDSHAKE_TRAFFIC_SECRET b926e3724165343c67a69e8fa33f98a24b54134ff77fd4993154b87018f228df 78ed8a0da9d8fe67d52cc37e982afa0a2b2d00bff3ee92686b2436fc486a5fa5
CLIENT_HANDSHAKE_TRAFFIC_SECRET 042c186d4fac9ec3babce6eac93628736da815bb2123a1a1d5061b11a0b86016 dc4f3143c051c567d1277fed8c3257f92036b06ba01a7085bd69174ade19027d
SERVER_HANDSHAKE_TRAFFIC_SECRET 042c186d4fac9ec3babce6eac93628736da815bb2123a1a1d5061b11a0b86016 b0f7a2110dd5bb4c86cdc5c05f7c95a49f239f198aaa6b8b601adb9ad696d620
CLIENT_TRAFFIC_SECRET_0 b926e3724165343c67a69e8fa33f98a24b54134ff77fd4993154b87018f228df 044ecb8433238b522998d067532c654aaea6935c878879ab2a7d6109185f6f54
SERVER_TRAFFIC_SECRET_0 b926e3724165343c67a69e8fa33f98a24b54134ff77fd4993154b87018f228df 756f1e20a9de055a4069616edbb83876b3d74e84265de6689fbf6e57d6a9a0df
EXPORTER_SECRET b926e3724165343c67a69e8fa33f98a24b54134ff77fd4993154b87018f228df 0464a28e9f04972e8fa809dacc9c595ff1b511aa18493199ea54b11c7bf40f49
CLIENT_TRAFFIC_SECRET_0 042c186d4fac9ec3babce6eac93628736da815bb2123a1a1d5061b11a0b86016 0aca1a9c347d99303bae031443d0a0cc8b66dfb7fee5268d863739c05edaa49b
SERVER_TRAFFIC_SECRET_0 042c186d4fac9ec3babce6eac93628736da815bb2123a1a1d5061b11a0b86016 d698e15785a9ef887ce6769f9f9ddb44aff2a518de5f290a0e6a77729ad1792d
EXPORTER_SECRET 042c186d4fac9ec3babce6eac93628736da815bb2123a1a1d5061b11a0b86016 e27aee8f025d7f8ca13c602ddb6231840f2c8501267b670239a6b11b9edf6bd5
CLIENT_HANDSHAKE_TRAFFIC_SECRET bd45b4dfa3eaac8597e15534aabaa53ef8175ad2d6a7a16ecc507da8e541e13e d622274065ea76d44f989fce039ba33f7f314e993a1af74a008965e93ff47cd1
SERVER_HANDSHAKE_TRAFFIC_SECRET bd45b4dfa3eaac8597e15534aabaa53ef8175ad2d6a7a16ecc507da8e541e13e a577c64dcfa50231e3fdd2598ea5f0fe16992657c4c72c7b33511d8b51397916
CLIENT_TRAFFIC_SECRET_0 bd45b4dfa3eaac8597e15534aabaa53ef8175ad2d6a7a16ecc507da8e541e13e 326260d8a55c735067500556c7c2eaa6237a8e746c91776cc615d179eb023409
SERVER_TRAFFIC_SECRET_0 bd45b4dfa3eaac8597e15534aabaa53ef8175ad2d6a7a16ecc507da8e541e13e cd4ad8a79e148ba45020867f77a03911429ec01caf1f330c3c5980313899a0fc
EXPORTER_SECRET bd45b4dfa3eaac8597e15534aabaa53ef8175ad2d6a7a16ecc507da8e541e13e 26f941804def76fccfe4c109a5558eb87c354541a76816c98975cddf01d58a04
CLIENT_HANDSHAKE_TRAFFIC_SECRET af93300300cc3dcca889207ca8218d7d4f983a87109994bb0973754b854b07dc eb14cc2f02d1d28383df8edc4855091bb4fb86ba0a7ddf3fd41bfa267e90ae94
SERVER_HANDSHAKE_TRAFFIC_SECRET af93300300cc3dcca889207ca8218d7d4f983a87109994bb0973754b854b07dc fd033018db415463661ef880a37caf1b94597c72de10a31a61a9a429f8bad28e
CLIENT_TRAFFIC_SECRET_0 af93300300cc3dcca889207ca8218d7d4f983a87109994bb0973754b854b07dc e1c85eb022773b53e7fcf5ba2c09b0e6148cde69e89f82316800e64b59485070
SERVER_TRAFFIC_SECRET_0 af93300300cc3dcca889207ca8218d7d4f983a87109994bb0973754b854b07dc 9ee08639f73f58b89807a56bb5e4dfedb945283cca5de228858273740f19cd16
EXPORTER_SECRET af93300300cc3dcca889207ca8218d7d4f983a87109994bb0973754b854b07dc 00ce0ab06b8af8b9f64984ce27ddabc815f0d731b9b22a899b253e15c71863ab
CLIENT_HANDSHAKE_TRAFFIC_SECRET c0868ced917b5eaa6f5600875b93ea69f39c95348bd185f9d2610d24d58894df c9b0e5a3117c14d65cd42b4ea67c88fdfcc54af52494d357d6276a1a8626f773
SERVER_HANDSHAKE_TRAFFIC_SECRET c0868ced917b5eaa6f5600875b93ea69f39c95348bd185f9d2610d24d58894df e61626015aee9a8304a9615b6add81cf8574a52ed1c297212036b8b6cd49d942
CLIENT_TRAFFIC_SECRET_0 c0868ced917b5eaa6f5600875b93ea69f39c95348bd185f9d2610d24d58894df 0ba8510d71bad468afb925d1bc9b911a7cf38f9465faf189af368c65120e3ab4
SERVER_TRAFFIC_SECRET_0 c0868ced917b5eaa6f5600875b93ea69f39c95348bd185f9d2610d24d58894df f13e9898308fd900302efa427201b4d28ca566176d458f58e4120caa0280da31
EXPORTER_SECRET c0868ced917b5eaa6f5600875b93ea69f39c95348bd185f9d2610d24d58894df e3face6f344d09d0c94c8497fbc11a8d49d6ca8d9999dacbf70dc2e74ab918bd
CLIENT_HANDSHAKE_TRAFFIC_SECRET 59aad1bc484f7a4cb924a5df99b6991a0e24b6d489c188512d922a0c8c8d38ba 69efb338d36055de89b5ce508bb2404232fbce362efafc42a93b97d0011e0b18
SERVER_HANDSHAKE_TRAFFIC_SECRET 59aad1bc484f7a4cb924a5df99b6991a0e24b6d489c188512d922a0c8c8d38ba bc3a777dcf149dbd97439f6669718d9fbbcec8783838e0732d4192a9425e5991
CLIENT_HANDSHAKE_TRAFFIC_SECRET 5aeb0ac0ce82dedf8218b134f91c64c1244c01b16900c7cb7040526e73daa331 d1c06f92f600ec69eb7022bb496993ea2a65e384efbba3df1779866ee347ad6a
SERVER_HANDSHAKE_TRAFFIC_SECRET 5aeb0ac0ce82dedf8218b134f91c64c1244c01b16900c7cb7040526e73daa331 69bc38b50651226d6f640c9d437e1279174cd5fec1387bc865960cbd3fac47f9
CLIENT_TRAFFIC_SECRET_0 59aad1bc484f7a4cb924a5df99b6991a0e24b6d489c188512d922a0c8c8d38ba 3068965cae693844727a386c02d0e4df2cb7d67945801b222d0f014ed0c507a8
SERVER_TRAFFIC_SECRET_0 59aad1bc484f7a4cb924a5df99b6991a0e24b6d489c188512d922a0c8c8d38ba 8760d5d01d5b0b909648a2ba599e63088a0e57ddd78209b4e773d69f321f7478
EXPORTER_SECRET 59aad1bc484f7a4cb924a5df99b6991a0e24b6d489c188512d922a0c8c8d38ba 03e1d45e4ca4b4537dfecaf3b7a95ffa5a36f3bdf3b580af7f0c6ee87995836a
CLIENT_TRAFFIC_SECRET_0 5aeb0ac0ce82dedf8218b134f91c64c1244c01b16900c7cb7040526e73daa331 992e88104fa7bcb00f9f433f86fa15295483296cf147080b6784cad432bf959d
SERVER_TRAFFIC_SECRET_0 5aeb0ac0ce82dedf8218b134f91c64c1244c01b16900c7cb7040526e73daa331 550bad495eaca8cacbea129fad3bb14f57b447d2a06f69b343f7a0ee070713c8
EXPORTER_SECRET 5aeb0ac0ce82dedf8218b134f91c64c1244c01b16900c7cb7040526e73daa331 9cc38ee20844dac90746e19e24afb3b2f2496a710432a047baf41595491ee302
CLIENT_HANDSHAKE_TRAFFIC_SECRET 8d105d7c6204520287156d66f5ec3979422e5f33b0b353d7b015925d8f25ec12 45e3c52854ee00e589fc7510e6ea6ede1e18416cd9b23a7b4dff6cf7e51b3867
SERVER_HANDSHAKE_TRAFFIC_SECRET 8d105d7c6204520287156d66f5ec3979422e5f33b0b353d7b015925d8f25ec12 9c48d87bc3b21fe6c2112e770e3af1be38ba2418a99035f24771f2842a071a3a
CLIENT_TRAFFIC_SECRET_0 8d105d7c6204520287156d66f5ec3979422e5f33b0b353d7b015925d8f25ec12 f6b147cf76fbda376813225fc278b5ad9a866368656554f4c60e849a544cccf2
SERVER_TRAFFIC_SECRET_0 8d105d7c6204520287156d66f5ec3979422e5f33b0b353d7b015925d8f25ec12 2df01ebd1177469806727b42d770b78be0233b2bb50e28523caef39849c1fb99
EXPORTER_SECRET 8d105d7c6204520287156d66f5ec3979422e5f33b0b353d7b015925d8f25ec12 a091056f202fe26175b6f9005fb9ea446068034a8482f0ac6362b2800fcfd337
CLIENT_HANDSHAKE_TRAFFIC_SECRET fe47356ea15d92ee25c028fa117e535214418fa7516139b61a7a7ff64d6dd319 98d9072c455b4c8d731f48f50fbeedb42a2ecb23b1f5e6ca5dac15337523721e
SERVER_HANDSHAKE_TRAFFIC_SECRET fe47356ea15d92ee25c028fa117e535214418fa7516139b61a7a7ff64d6dd319 6fca60499a6d029b2a50e9ddeaa529d0158232531db9eb4865477b06bff2a3c4
CLIENT_TRAFFIC_SECRET_0 fe47356ea15d92ee25c028fa117e535214418fa7516139b61a7a7ff64d6dd319 ea5f48201176d9c8a223dcc1acb9e27e4280d7e36d4db7f8b4102d1ad66beb49
SERVER_TRAFFIC_SECRET_0 fe47356ea15d92ee25c028fa117e535214418fa7516139b61a7a7ff64d6dd319 82ad247f49c2c2586e8ee6c3fc8e2be81da538482ca093bca6cadbf98e9371a4
EXPORTER_SECRET fe47356ea15d92ee25c028fa117e535214418fa7516139b61a7a7ff64d6dd319 6be0ca991eeaaf5beae7322426c76b7a449823d64d4c6f5bb1f17053801c34c1
CLIENT_HANDSHAKE_TRAFFIC_SECRET 871c66b74dcc25eb03f9b93d6c87cacba9bdfd8953e3915a67a660ea2baa00f0 4cb8f6247cf9a17132948d9cc26f54d192949fbe0644d5f5590fcfac3ab1d6e4
SERVER_HANDSHAKE_TRAFFIC_SECRET 871c66b74dcc25eb03f9b93d6c87cacba9bdfd8953e3915a67a660ea2baa00f0 92f31aa06489d74c4e6de705b8525430ae1cb9f4c0c75af40b5c220e4747eb87
CLIENT_HANDSHAKE_TRAFFIC_SECRET 1e082169a25bda1184ac295d4af057cc3da216278b7e2ad4829bb859a7798724 8a2781b5682b8d02628e62c2d0ae651c567a8dafdc91294fce00da2ab6c1b374
SERVER_HANDSHAKE_TRAFFIC_SECRET 1e082169a25bda1184ac295d4af057cc3da216278b7e2ad4829bb859a7798724 1c240e8cefe4d2356ae7cb3b23e86348385314c29f409de9797bb98105d9afa5
CLIENT_TRAFFIC_SECRET_0 1e082169a25bda1184ac295d4af057cc3da216278b7e2ad4829bb859a7798724 e4eaecc9dda814351f1e6fc1ef734cf2c9697bd1c6a7fb6bee7748c88aeacec3
SERVER_TRAFFIC_SECRET_0 1e082169a25bda1184ac295d4af057cc3da216278b7e2ad4829bb859a7798724 21de8721906110d3162353dd87afc2748871bbbed668799990359c9e7f1c5bc1
EXPORTER_SECRET 1e082169a25bda1184ac295d4af057cc3da216278b7e2ad4829bb859a7798724 8d6277f54c9cb09edc1576410809afca7ab95bfabf8eaef0ee8fe7e3f82b84f1
