CLIENT_HANDSHAKE_TRAFFIC_SECRET f1a00f03dae28c4f8439ba5ca109f3debd36a5fc11f2100cb847fe67dffe6b0b 27683c6abfce3bade3f0ec688bb74419dcacb4c1d40a5774dbe1782df6ef2c6148b2c86722e2e4f02fba32dda11160c3
SERVER_HANDSHAKE_TRAFFIC_SECRET f1a00f03dae28c4f8439ba5ca109f3debd36a5fc11f2100cb847fe67dffe6b0b c58799c75dad3bad0e3ec520df76ec48c17d8d5a548362fe6e01a192b346df6cfcd89b5b5eb00763f059e5f3914c44a2
CLIENT_TRAFFIC_SECRET_0 f1a00f03dae28c4f8439ba5ca109f3debd36a5fc11f2100cb847fe67dffe6b0b 46e66b68b2dcfdcf467ac7da90b58aede9e2e3ba85556810ac9ab26b028ab29f8755c334e165d49b970321d49145c353
SERVER_TRAFFIC_SECRET_0 f1a00f03dae28c4f8439ba5ca109f3debd36a5fc11f2100cb847fe67dffe6b0b f7cc9b938ff08f15f03ff2f0fe1cf50c36c12c3dbe8f7769d626f06dc1b8a4559243eaa60a65280198d16ffc1736c5c4
EXPORTER_SECRET f1a00f03dae28c4f8439ba5ca109f3debd36a5fc11f2100cb847fe67dffe6b0b 85bba26f72e3b9cd3c8436791e92791d13f9b50ace896233b3c862e45259f600ae50635efc6a2470282df8394e620770
CLIENT_HANDSHAKE_TRAFFIC_SECRET b79f98a4a1d7aea8039ce36def3b0a03483449ac399979a6da91097f60926025 28498fa8b089f4cb70e045623994672557f664e7f94199b477cae5d62822a579
SERVER_HANDSHAKE_TRAFFIC_SECRET b79f98a4a1d7aea8039ce36def3b0a03483449ac399979a6da91097f60926025 f20a5fe49d2ddc8de590a2d224ca3d887834b76f81526e102dadb7471919d8a7
CLIENT_TRAFFIC_SECRET_0 b79f98a4a1d7aea8039ce36def3b0a03483449ac399979a6da91097f60926025 f32080db2fbc4ca8ea4207f50fcb284a090669068640dc519d1efcdfd78c6442
SERVER_TRAFFIC_SECRET_0 b79f98a4a1d7aea8039ce36def3b0a03483449ac399979a6da91097f60926025 845dcae062334e5ef46fc0a41ace31b90793ec89b53464f5583656a4076351fc
EXPORTER_SECRET b79f98a4a1d7aea8039ce36def3b0a03483449ac399979a6da91097f60926025 b5b9f848a958aef9f3ba47662a66299d6def66d234d354084d18790a2eca578d
CLIENT_HANDSHAKE_TRAFFIC_SECRET ba0e744c92c2a554a095a515a162638277a278c0a07fe6c7bb5fd03252e6d880 2fd1510ff41c823db8d610f9b81a11bd7ded9d54daff00e439907cd9d93c4c6c
SERVER_HANDSHAKE_TRAFFIC_SECRET ba0e744c92c2a554a095a515a162638277a278c0a07fe6c7bb5fd03252e6d880 669462eef7ccb6832706347c8cc2d46af806c47b49c10c09f9201476547432cb
CLIENT_HANDSHAKE_TRAFFIC_SECRET c99e421dbc7b102ccc8dfe30225966194a60e8a2ac0cc151a9037decc8faa384 08bea19ae0f96faad207b69759b8bf372e93774792fd756a414fa2f85e6cb960
SERVER_HANDSHAKE_TRAFFIC_SECRET c99e421dbc7b102ccc8dfe30225966194a60e8a2ac0cc151a9037decc8faa384 7a7626643b421410f5d0789966f33f7a73de42433922da15d63cb1d9e2333de0
CLIENT_TRAFFIC_SECRET_0 ba0e744c92c2a554a095a515a162638277a278c0a07fe6c7bb5fd03252e6d880 47762514652cc500ddbcefdad152a3da77a0f4c7e1f61bcb5c335f525f871ee4
SERVER_TRAFFIC_SECRET_0 ba0e744c92c2a554a095a515a162638277a278c0a07fe6c7bb5fd03252e6d880 ed9cfbe663ff7644956b23a65a1fa5fd9098edf279c70f54e47359401efd4e7b
EXPORTER_SECRET ba0e744c92c2a554a095a515a162638277a278c0a07fe6c7bb5fd03252e6d880 f7e43ec857f60c0458af3212711a6c2ccade2ac520fdd45b4344f2944c2964c3
CLIENT_TRAFFIC_SECRET_0 c99e421dbc7b102ccc8dfe30225966194a60e8a2ac0cc151a9037decc8faa384 ca2851d8b443374c798647e6b56654505db27697b0be040cd7f5dcd8f828a841
SERVER_TRAFFIC_SECRET_0 c99e421dbc7b102ccc8dfe30225966194a60e8a2ac0cc151a9037decc8faa384 02ba8c520c4db7b295787ce21894dd3705244e48c685920013d5b213c7e3b186
EXPORTER_SECRET c99e421dbc7b102ccc8dfe30225966194a60e8a2ac0cc151a9037decc8faa384 e22a8b4abe5b309a05034d13df25d29548709845d69d7806e516819faf52f009
CLIENT_HANDSHAKE_TRAFFIC_SECRET 3d4922c6616604d763d7aebaa588c7caa22774d5e95815fc0dbb68f2352f40c7 5bd149ed26718c77a6527b09535d24598fc3dd23d3df53e1f60730ae5f4db824
SERVER_HANDSHAKE_TRAFFIC_SECRET 3d4922c6616604d763d7aebaa588c7caa22774d5e95815fc0dbb68f2352f40c7 6e472aca511f89bae82c828c8a6eb4595f3134bce75b20524f2e9dcf88b397d1
CLIENT_TRAFFIC_SECRET_0 3d4922c6616604d763d7aebaa588c7caa22774d5e95815fc0dbb68f2352f40c7 563c01b3360a11a29d4caae29b59d2b30823cbcf90cda83c956c5d866387df46
SERVER_TRAFFIC_SECRET_0 3d4922c6616604d763d7aebaa588c7caa22774d5e95815fc0dbb68f2352f40c7 b57a26ca89826982882787eee2b9c77d23b4edc7ea64c1ef454a6e3255091090
EXPORTER_SECRET 3d4922c6616604d763d7aebaa588c7caa22774d5e95815fc0dbb68f2352f40c7 23dfb95205ba867ee4c720ffc5a71facfaccf6e01f3fece2b7d15b31f3b39923
CLIENT_HANDSHAKE_TRAFFIC_SECRET 8fe49f758a395e77732b3fa9b6541fde82d488db71e8ac1c07656a4c43a1c19d 2f73c709736d20c8a22776ce0b6a64cd312876fb77484514ad890433dd9563da
SERVER_HANDSHAKE_TRAFFIC_SECRET 8fe49f758a395e77732b3fa9b6541fde82d488db71e8ac1c07656a4c43a1c19d 3c738e89539fa31fbea668109ba06087493efc469cc8c90e45a5864173cbf910
CLIENT_TRAFFIC_SECRET_0 8fe49f758a395e77732b3fa9b6541fde82d488db71e8ac1c07656a4c43a1c19d 51ea3d7a3c400c3a29c3a913b0efc653c23a7fb827e92f15b0e30c67512c5a8a
SERVER_TRAFFIC_SECRET_0 8fe49f758a395e77732b3fa9b6541fde82d488db71e8ac1c07656a4c43a1c19d 33787ccf19207303da51527bfa4c3e3f0c9255172d6c9c74402467b557161d0f
EXPORTER_SECRET 8fe49f758a395e77732b3fa9b6541fde82d488db71e8ac1c07656a4c43a1c19d 62b2550ec4dfca600ef089e3939f78a27c216c91d0f87a1f20bad0a98765c6fb
CLIENT_HANDSHAKE_TRAFFIC_SECRET 765de2da9a330ddff2200f2dde450f4b8755aa9ee48dd2b73bcc8d36719f2aa2 03cb84f3ebe523065005f9d5b9bf9968aef3e8b061c08aa1b1ff96cacbab17c6
SERVER_HANDSHAKE_TRAFFIC_SECRET 765de2da9a330ddff2200f2dde450f4b8755aa9ee48dd2b73bcc8d36719f2aa2 2d3342631edfd48b6388e13546c4c484847273573cc705a752883868324ad4db
CLIENT_TRAFFIC_SECRET_0 765de2da9a330ddff2200f2dde450f4b8755aa9ee48dd2b73bcc8d36719f2aa2 7b1e3e076ed82f873b784376d0b93618dcdb8a21bc9ebfb6498663dbe4b3d3f4
SERVER_TRAFFIC_SECRET_0 765de2da9a330ddff2200f2dde450f4b8755aa9ee48dd2b73bcc8d36719f2aa2 0f3111c9e24e6ef7f1ced1b9a44c359a56f52f5867ad5e5ebae3560b88ac1322
EXPORTER_SECRET 765de2da9a330ddff2200f2dde450f4b8755aa9ee48dd2b73bcc8d36719f2aa2 8283b0590b391d08230448a8532e3fff253741daeadb712d5a4da0e5d9d257ce
CLIENT_HANDSHAKE_TRAFFIC_SECRET ea8a2c8dc5825d41e7c5387d977ce64473c737d8ba7e6a806249f16920b128dc f719e1e61decfb54b069bd78003a32f3b03feefdf72595099bd63838abe86fe9
SERVER_HANDSHAKE_TRAFFIC_SECRET ea8a2c8dc5825d41e7c5387d977ce64473c737d8ba7e6a806249f16920b128dc c8a87630e8a2389abbdab31c82a2d5da9e9e47abde7a45340b883b9dbee099ee
CLIENT_TRAFFIC_SECRET_0 ea8a2c8dc5825d41e7c5387d977ce64473c737d8ba7e6a806249f16920b128dc ee014dff43a291315bb8e13b0f44e6c4fb4bb1ad683ceb3777682e32a25ae758
SERVER_TRAFFIC_SECRET_0 ea8a2c8dc5825d41e7c5387d977ce64473c737d8ba7e6a806249f16920b128dc 148f19eaaad160343fc9faa8283b6dca678b794afa426dfa85f12959fd0c46c8
EXPORTER_SECRET ea8a2c8dc5825d41e7c5387d977ce64473c737d8ba7e6a806249f16920b128dc a0f6ca3205b824e1196827969cf7d2b55a1a2928ac1fb2c73da27e467544f4b0
CLIENT_HANDSHAKE_TRAFFIC_SECRET 6da7b3c1a30a1eaea0550d40e33a3b8031e613b2b9774aefdfa7dc89dbc7e993 8dc0eec138463fe4fe8aaa683a14372747756da8d52a65acc187405e8ed8aecf
SERVER_HANDSHAKE_TRAFFIC_SECRET 6da7b3c1a30a1eaea0550d40e33a3b8031e613b2b9774aefdfa7dc89dbc7e993 f9643683d595032baf36ea88379db7b3d090c04d5992da78be74e8e4e84950fb
CLIENT_TRAFFIC_SECRET_0 6da7b3c1a30a1eaea0550d40e33a3b8031e613b2b9774aefdfa7dc89dbc7e993 ee4b8b4ee23f643a2f0469f30cb38d40926d1be4c30a966ecb8028d5e16cd50e
SERVER_TRAFFIC_SECRET_0 6da7b3c1a30a1eaea0550d40e33a3b8031e613b2b9774aefdfa7dc89dbc7e993 c4a113ec4eb771e8ba390fe05913e6fd929eba6bac17460350b9f02545573feb
EXPORTER_SECRET 6da7b3c1a30a1eaea0550d40e33a3b8031e613b2b9774aefdfa7dc89dbc7e993 e07e375b9b93fc7b3897ff659b13acb6b086f973ae6f716dd7d80f9c95e492d6
CLIENT_HANDSHAKE_TRAFFIC_SECRET ffa3577db8fc4bd8e762c011712c3f1e81918d98799dde53ee8d38980b11a30d 23ff5fc706395a21c11745e9067dc07c41b065741900cd5227e30b16de4abb10
SERVER_HANDSHAKE_TRAFFIC_SECRET ffa3577db8fc4bd8e762c011712c3f1e81918d98799dde53ee8d38980b11a30d c390b052cbddfa6c8c3ee525bbf739c78213a1f03b3ac01fffb03139b5a0f856
CLIENT_TRAFFIC_SECRET_0 ffa3577db8fc4bd8e762c011712c3f1e81918d98799dde53ee8d38980b11a30d 29e7712cf9b05362eb48b4c18c35ae6a29e43437a8af1f66dafae9756c97f7e5
SERVER_TRAFFIC_SECRET_0 ffa3577db8fc4bd8e762c011712c3f1e81918d98799dde53ee8d38980b11a30d 8b834d5087ce24368f5ab99e2a85ebe149a7bf756579ded483faf39603c8a5db
EXPORTER_SECRET ffa3577db8fc4bd8e762c011712c3f1e81918d98799dde53ee8d38980b11a30d 4ce6cb5e29e5906609c14ee98d555c5bf0fcf9cdf7c9b46b7796ecca4cec7f83
CLIENT_HANDSHAKE_TRAFFIC_SECRET ebbfa3b3137a624e951b8915b0a85728fe909aa27f52f934771fb9ec8ace938f 5ff97249107a777c60a9443ab172a650b2b313222a78bd2232ed88e734877ee2
SERVER_HANDSHAKE_TRAFFIC_SECRET ebbfa3b3137a624e951b8915b0a85728fe909aa27f52f934771fb9ec8ace938f b3990a989f63a52218be556b4679a001d1554d22c84939d1ca45ebc79be1bf9b
CLIENT_TRAFFIC_SECRET_0 ebbfa3b3137a624e951b8915b0a85728fe909aa27f52f934771fb9ec8ace938f 5e61896ef76538385966eaddb8cbd74d30861028824dbbbe0de8b8df75cd630b
SERVER_TRAFFIC_SECRET_0 ebbfa3b3137a624e951b8915b0a85728fe909aa27f52f934771fb9ec8ace938f c175d71b420095e603d680298f42d492016ffc39bbbd1f18b4fc87ebdf2a2561
EXPORTER_SECRET ebbfa3b3137a624e951b8915b0a85728fe909aa27f52f934771fb9ec8ace938f 168de400da798aa1d9de3d25a4afec2546b1d0b5f390badaf60f9fc86762146b
