CLIENT_HANDSHAKE_TRAFFIC_SECRET bf1d19ad6c8e7e49ad9ae1f1b76306651c8395c7cf63bca51834aebb16264f21 6a874359ffad50b4b3be0216933994d1e68e2c75eec9f0d088d1a9ed181e5d67
SERVER_HANDSHAKE_TRAFFIC_SECRET bf1d19ad6c8e7e49ad9ae1f1b76306651c8395c7cf63bca51834aebb16264f21 422d202843eeaddadb7b2c1f9f4f3ae8ded2c5d4d22bbf9ad9fbde9913fabd88
CLIENT_TRAFFIC_SECRET_0 bf1d19ad6c8e7e49ad9ae1f1b76306651c8395c7cf63bca51834aebb16264f21 1464ff447094d61b2c3ad1dcc562a9d705fedd8de1b46e92abf7854e790f93bf
SERVER_TRAFFIC_SECRET_0 bf1d19ad6c8e7e49ad9ae1f1b76306651c8395c7cf63bca51834aebb16264f21 4bb6b70a0c6aa45671dda7fb9c0505104ed0f4735eabfdaed391bb76fcfa396c
EXPORTER_SECRET bf1d19ad6c8e7e49ad9ae1f1b76306651c8395c7cf63bca51834aebb16264f21 7f09f1ac657ca749bb5394a366a6b18c11f4653a64d4e696ad62dff82277d0f5
CLIENT_HANDSHAKE_TRAFFIC_SECRET 665618f77b77a1484e49c6f2fe7b09fc2315ef26bb9d7ea6956aafbc07144cc2 3712e9e96e23699fc1dd675d8b4c516cf6464d36ef12de6618014e2fa32c3f39
SERVER_HANDSHAKE_TRAFFIC_SECRET 665618f77b77a1484e49c6f2fe7b09fc2315ef26bb9d7ea6956aafbc07144cc2 ec1777fd750bde48e93340ca5f67fbe6c6180eca6761f6c5091ff34ebf726631
CLIENT_TRAFFIC_SECRET_0 665618f77b77a1484e49c6f2fe7b09fc2315ef26bb9d7ea6956aafbc07144cc2 7bb1270367955c962a46dfb14c41c1cf684719f70620297d5dc6658c70c59bce
SERVER_TRAFFIC_SECRET_0 665618f77b77a1484e49c6f2fe7b09fc2315ef26bb9d7ea6956aafbc07144cc2 639a3b14f4c275b5337560fba1ae03e25ee63cf6c20633fbb7eb7156c331542e
EXPORTER_SECRET 665618f77b77a1484e49c6f2fe7b09fc2315ef26bb9d7ea6956aafbc07144cc2 e11f7b47d0ecdb581aae6b7c1bfca1c5f4b583068945df7431035bfc7586633c
CLIENT_HANDSHAKE_TRAFFIC_SECRET 47147b4814d66f60a793f6b7dc24e9d0b829f9711c9e0113f443d88e0a7773b3 8658bc2940e2c1a8b8736d197a2a7e982104e0f516f520ba6ebe10f54a78623d
SERVER_HANDSHAKE_TRAFFIC_SECRET 47147b4814d66f60a793f6b7dc24e9d0b829f9711c9e0113f443d88e0a7773b3 8b0504d09ad29f49fdbb0e1a55f3654873f934d617d834d0825075ea8bbbab08
CLIENT_TRAFFIC_SECRET_0 47147b4814d66f60a793f6b7dc24e9d0b829f9711c9e0113f443d88e0a7773b3 c1e8b17a641c028f0156d54745cf9b345cc0d3aae1984ae977d6bdbc56ecefc5
SERVER_TRAFFIC_SECRET_0 47147b4814d66f60a793f6b7dc24e9d0b829f9711c9e0113f443d88e0a7773b3 62f107f7acc810076f80160ff046f3435283f30aa4cca76bdfd420eb3ed9cfe5
EXPORTER_SECRET 47147b4814d66f60a793f6b7dc24e9d0b829f9711c9e0113f443d88e0a7773b3 1dbcb85dc46282b82d817f55bc443595268f3b76bcafefa1e63560c5dd42d7d2
CLIENT_HANDSHAKE_TRAFFIC_SECRET 52492e316ee951ea1699720f14d8619ad0685744c2ec094ebfa7dc2fc805e436 1761155826c9db562767be0053fc129b52af5bd2fe01a2ca2ee8c7a89973a105
SERVER_HANDSHAKE_TRAFFIC_SECRET 52492e316ee951ea1699720f14d8619ad0685744c2ec094ebfa7dc2fc805e436 f4367e6164781295e4e2f958c135a292eae27647c84cbd3276ed4b8d5bd63c2e
CLIENT_HANDSHAKE_TRAFFIC_SECRET 2fb04623fe7867ceaf14b5ce701203bf32e71e9c4abb70b499586d46137cb58e 44b3ba9e3608ea632291b06d683ba2dc96c3a5385fc4413dfaf31af0d0bfca3e
SERVER_HANDSHAKE_TRAFFIC_SECRET 2fb04623fe7867ceaf14b5ce701203bf32e71e9c4abb70b499586d46137cb58e 1da65ddd709b232af103caf31c8b1fcb775ba7c4a2d52c57a3a5662012e3e205
CLIENT_TRAFFIC_SECRET_0 52492e316ee951ea1699720f14d8619ad0685744c2ec094ebfa7dc2fc805e436 ed6e68d11d97095a718f1d0a42ef52cfbf7d7613e9e1e0a1d2ef1fbde19c6e26
SERVER_TRAFFIC_SECRET_0 52492e316ee951ea1699720f14d8619ad0685744c2ec094ebfa7dc2fc805e436 7f0b51067bf9144bd9d99fb17408810a01277580abd5a98f0698b9c20fcff31e
EXPORTER_SECRET 52492e316ee951ea1699720f14d8619ad0685744c2ec094ebfa7dc2fc805e436 2e813116bc24ad8bf6db7848dd9ddbce614c66773e3e6e1bc3f67610a1e1bc92
CLIENT_TRAFFIC_SECRET_0 2fb04623fe7867ceaf14b5ce701203bf32e71e9c4abb70b499586d46137cb58e ccffdbefccf34404425998dc74bbe89b5dcab5a0ac1f9606b65fca1e8590d5af
SERVER_TRAFFIC_SECRET_0 2fb04623fe7867ceaf14b5ce701203bf32e71e9c4abb70b499586d46137cb58e faf551a2d4829c609329e5eb2798d6efc2a0a448c8e613bca51343b4459d0bf2
EXPORTER_SECRET 2fb04623fe7867ceaf14b5ce701203bf32e71e9c4abb70b499586d46137cb58e d842074fea1f7d5a76b48aea915452b5b9dd848468e6f7d2f164c21c235d7bae
CLIENT_HANDSHAKE_TRAFFIC_SECRET 25c13dcfbee437eb35dc43fc04a7d019827afe172ed5a6cdaec1c330c33b9196 7beff070a5da9a304164cd48f2e3c692bbd9f002309b42129d6f1e6df80d082c
SERVER_HANDSHAKE_TRAFFIC_SECRET 25c13dcfbee437eb35dc43fc04a7d019827afe172ed5a6cdaec1c330c33b9196 1001047eaf4950bacfa4077a4b1d665e001c2dfea7c04b027087a7539c0d2eb3
CLIENT_TRAFFIC_SECRET_0 25c13dcfbee437eb35dc43fc04a7d019827afe172ed5a6cdaec1c330c33b9196 f3932279b594c191f20f7259e8f1d1011aaf816cf66b7a2f1ba4634003dfec73
SERVER_TRAFFIC_SECRET_0 25c13dcfbee437eb35dc43fc04a7d019827afe172ed5a6cdaec1c330c33b9196 6462397308867e380887982f38e544bb9d369022e9501956610a1a790a5bd1e0
EXPORTER_SECRET 25c13dcfbee437eb35dc43fc04a7d019827afe172ed5a6cdaec1c330c33b9196 9768c0421af826feb7b67ba6ed92b56b3b638e3b5ab286617ac655b1897655b8
CLIENT_HANDSHAKE_TRAFFIC_SECRET eb810e3e0e9bd048d752d04caa6aeba82f621cf3324b89da2ee92545c2664063 42b1fcaf2fd6a27c3a62afeb6c9ee8af077812b96bcbe3bf5e3769cb40132d3e
SERVER_HANDSHAKE_TRAFFIC_SECRET eb810e3e0e9bd048d752d04caa6aeba82f621cf3324b89da2ee92545c2664063 ce2dad9d23eeaefa8c0f88d91f437afa1d1b8e2a34f5ae12e2e1796980e2008c
CLIENT_TRAFFIC_SECRET_0 eb810e3e0e9bd048d752d04caa6aeba82f621cf3324b89da2ee92545c2664063 a0f5304db753d150d84f7a728f43101520a8806b4579855dcdc517575bb66d3e
SERVER_TRAFFIC_SECRET_0 eb810e3e0e9bd048d752d04caa6aeba82f621cf3324b89da2ee92545c2664063 ebbcb2567641935fa5b3ee9404efae3038667626ef8f2c7959efff24bad567bb
EXPORTER_SECRET eb810e3e0e9bd048d752d04caa6aeba82f621cf3324b89da2ee92545c2664063 45f117c2ae72d78080409e21e91f2b327d4d420d14a0c7f400d4de86a6c4c3f2
CLIENT_HANDSHAKE_TRAFFIC_SECRET f9d7733c5be8f63414bf89524eeb7b0bd5c34239bd7ee8d38dfcc5a16d2c4c0c f2d747a62d896436b534834cf8c0dc3aabf9b79f2c1fcb0d58b994f07b56f067
SERVER_HANDSHAKE_TRAFFIC_SECRET f9d7733c5be8f63414bf89524eeb7b0bd5c34239bd7ee8d38dfcc5a16d2c4c0c 37844df87fb9deea1e44a30c2f5ae2f8905b1725bca338f9cb306a4c66a7741d
CLIENT_TRAFFIC_SECRET_0 f9d7733c5be8f63414bf89524eeb7b0bd5c34239bd7ee8d38dfcc5a16d2c4c0c b31c7f72302b7deba36ac6fdff4de63261bc5a7d12a4398681e31976011ba4a7
SERVER_TRAFFIC_SECRET_0 f9d7733c5be8f63414bf89524eeb7b0bd5c34239bd7ee8d38dfcc5a16d2c4c0c 1a565a108b1ae6be944601665d8904f5649c8ef5b99519b74f2c052760c90f7e
EXPORTER_SECRET f9d7733c5be8f63414bf89524eeb7b0bd5c34239bd7ee8d38dfcc5a16d2c4c0c 3eed8220926517818a744367d2618cd0d1db4f2121832e98c6ea3176abaff808
CLIENT_HANDSHAKE_TRAFFIC_SECRET 88ad6649ec93a8c9b8f14d1fd6c2c03fc7487a52ad3e3104038937ffdccfcc43 8b2c58255b029f5357eeaad80458dd40f645fd623efd1237c79bf4af7c5bc6fa
SERVER_HANDSHAKE_TRAFFIC_SECRET 88ad6649ec93a8c9b8f14d1fd6c2c03fc7487a52ad3e3104038937ffdccfcc43 1647c739ddc2d884ceeaa33e8141f7357e8f29ed8c19451b1acc202c2b44620b
CLIENT_HANDSHAKE_TRAFFIC_SECRET 288e710b83803628881f1fbf37e1dd7a86e3c07f9d1dc82b47bdbbf4f843b5b8 2b2703b32502aaaeffa2bea28c80e5ce342d46e5809158243231f4fd5950d6c2
SERVER_HANDSHAKE_TRAFFIC_SECRET 288e710b83803628881f1fbf37e1dd7a86e3c07f9d1dc82b47bdbbf4f843b5b8 d37360cac0a41b2f2832144e82d5991b7e7e392d4011343a11245ba51b1781a1
CLIENT_TRAFFIC_SECRET_0 88ad6649ec93a8c9b8f14d1fd6c2c03fc7487a52ad3e3104038937ffdccfcc43 b799e57981581b0b0743cbfdc8a450ad1c0a0c68f86d94f4008b8243afc3ed82
SERVER_TRAFFIC_SECRET_0 88ad6649ec93a8c9b8f14d1fd6c2c03fc7487a52ad3e3104038937ffdccfcc43 65b2df3ab3a315f328ef375344e5d0135444edeee8c0206818656e2dc223fc5a
EXPORTER_SECRET 88ad6649ec93a8c9b8f14d1fd6c2c03fc7487a52ad3e3104038937ffdccfcc43 d325f9d19b787e095c8ed86389673501b7d608da7b3d630688fd726f6e4c8562
CLIENT_TRAFFIC_SECRET_0 288e710b83803628881f1fbf37e1dd7a86e3c07f9d1dc82b47bdbbf4f843b5b8 c50b8850a84040b27c966f1bae2f044550ed619a685456554ab740c0c48672fe
SERVER_TRAFFIC_SECRET_0 288e710b83803628881f1fbf37e1dd7a86e3c07f9d1dc82b47bdbbf4f843b5b8 9bc564d3c21d950d3d898de4ca29901a446b44b090f38a4d8113697a27a3683c
EXPORTER_SECRET 288e710b83803628881f1fbf37e1dd7a86e3c07f9d1dc82b47bdbbf4f843b5b8 7d44bef8ff2fbcc7d26f1f6ab761b14ead773a8e3404c84a941520cb44205de4
CLIENT_HANDSHAKE_TRAFFIC_SECRET 1eaca5eef29d912a053a3a8b80212b174cc836cce183d2c5fd8e8a5e656c9c8c a9335741c510a0ecdbd9d0698987456d3294808148b575353fb2f1cf898218a2
SERVER_HANDSHAKE_TRAFFIC_SECRET 1eaca5eef29d912a053a3a8b80212b174cc836cce183d2c5fd8e8a5e656c9c8c 16057025b9ba890a9ce71f96c1719bf6c42693c57dae9d91f37607323a1f0721
CLIENT_TRAFFIC_SECRET_0 1eaca5eef29d912a053a3a8b80212b174cc836cce183d2c5fd8e8a5e656c9c8c 3dff174eb16bfc9f0d639c866213d24867f62c0ee0194290a2d124eb40b9f042
SERVER_TRAFFIC_SECRET_0 1eaca5eef29d912a053a3a8b80212b174cc836cce183d2c5fd8e8a5e656c9c8c 76e26a031cd6491be2dc601eec49a5181e0119fdf65e1e8245ecbf0981b3bb41
EXPORTER_SECRET 1eaca5eef29d912a053a3a8b80212b174cc836cce183d2c5fd8e8a5e656c9c8c 4c1c69a07b1810c945ad2b2e203f5adfbc70c23964f5d9e7af52fae4fe893a57
CLIENT_HANDSHAKE_TRAFFIC_SECRET 0fd8530d3d8b5e945ed7b54b0330c1e69a24ba34c14f360764f53b027b7c2d3c cad4e4125d9bff9de74cc74364f34f951f990bd759da6b48752dceb31f5c1b3a
SERVER_HANDSHAKE_TRAFFIC_SECRET 0fd8530d3d8b5e945ed7b54b0330c1e69a24ba34c14f360764f53b027b7c2d3c 53377b1c2e95729a19dab84563b2454b70fe59a57d3f6f8f229d8d306f5d587c
CLIENT_TRAFFIC_SECRET_0 0fd8530d3d8b5e945ed7b54b0330c1e69a24ba34c14f360764f53b027b7c2d3c ed4c1d29d087e47d987a6d4545f8521580a1e6619b75cbcb6f9eb4a18e36c756
SERVER_TRAFFIC_SECRET_0 0fd8530d3d8b5e945ed7b54b0330c1e69a24ba34c14f360764f53b027b7c2d3c f63dfc24189027b48e8e40f219305653f49c05c1f72f731fea7551873f42a7b0
EXPORTER_SECRET 0fd8530d3d8b5e945ed7b54b0330c1e69a24ba34c14f360764f53b027b7c2d3c 7cda196ead9cb791bb2b401b3217bb699bbb52715404021e925e1e6bdefc98ca
CLIENT_HANDSHAKE_TRAFFIC_SECRET e284dcaba33661eb53bdadf400dcaa48cdb93e0354c9a2335bcbe8595742ba8d 3dd8adf812fa867ad14943d44f43be184524e84ac99edb6018cb283ba758b624
SERVER_HANDSHAKE_TRAFFIC_SECRET e284dcaba33661eb53bdadf400dcaa48cdb93e0354c9a2335bcbe8595742ba8d 9336ec643d31756d828f070bbaf005c67e3a0b51f4599baed8a065eee872499c
CLIENT_TRAFFIC_SECRET_0 e284dcaba33661eb53bdadf400dcaa48cdb93e0354c9a2335bcbe8595742ba8d a247cd586f4ace9ea5c4e498d480fd56298aac7ca6d22ea298937e3fd32e2a19
SERVER_TRAFFIC_SECRET_0 e284dcaba33661eb53bdadf400dcaa48cdb93e0354c9a2335bcbe8595742ba8d b89ba2f5e465a48dc0a69d0a57880ddc97bd59d2e8efd99cbe6f5bbc31276bd2
EXPORTER_SECRET e284dcaba33661eb53bdadf400dcaa48cdb93e0354c9a2335bcbe8595742ba8d d982174ac545d530106ae38e700a031a1491c93506b5b62bc760bae39662714f
CLIENT_HANDSHAKE_TRAFFIC_SECRET c77845740b8d13a3656b9f40d130c17706896e5e3fd7634463ad7b04d43882bd 37b9b6308037eff2d2ff8992583d0fd7fe148d8f6befb81333523da6d5a78a69
SERVER_HANDSHAKE_TRAFFIC_SECRET c77845740b8d13a3656b9f40d130c17706896e5e3fd7634463ad7b04d43882bd bbe08fc1e03811bcf7cd49f1034a6a389c1365eac2887b198bf43e0ba78188e5
CLIENT_HANDSHAKE_TRAFFIC_SECRET 2d1aeaf0db79dfc66088c555a5e161f671a18b1ff564c1233087db03d4cf2426 4b4a958b04e1c5cafb8b7aa548f7732e10603289c5d48ab5c72d1911f0b163e9
SERVER_HANDSHAKE_TRAFFIC_SECRET 2d1aeaf0db79dfc66088c555a5e161f671a18b1ff564c1233087db03d4cf2426 8e4fcf55f9241e0967a186811e6bd0fba38f61c39c4226c85b39e2818e9b4496
CLIENT_TRAFFIC_SECRET_0 c77845740b8d13a3656b9f40d130c17706896e5e3fd7634463ad7b04d43882bd b55be91147ca3d0cb5d1c9b5a28d125aec08c73c469486fb2361ed87a7e92897
SERVER_TRAFFIC_SECRET_0 c77845740b8d13a3656b9f40d130c17706896e5e3fd7634463ad7b04d43882bd ffbd0bb55b28aac3347ddf03fd82d6e151737d31917fcc8212070c6447ae7c86
EXPORTER_SECRET c77845740b8d13a3656b9f40d130c17706896e5e3fd7634463ad7b04d43882bd 44b0bd6230f24d0fac896515133130006164220f212c3475f88188966be55e1d
CLIENT_TRAFFIC_SECRET_0 2d1aeaf0db79dfc66088c555a5e161f671a18b1ff564c1233087db03d4cf2426 051f9134e6e7818b6c301318608ffb0c67faa2fed08e0118e9edc5b8e3cf9fb9
SERVER_TRAFFIC_SECRET_0 2d1aeaf0db79dfc66088c555a5e161f671a18b1ff564c1233087db03d4cf2426 29c8eedf38ee6a95aeba10ad1f0cdb2d0fe21bd326bb2b0f3d491b5cf30061d6
EXPORTER_SECRET 2d1aeaf0db79dfc66088c555a5e161f671a18b1ff564c1233087db03d4cf2426 f56b17824ddc7e7e84dfbf3a42e17b7d0800173d2caf9e6083b0f7a0aecd5f77
CLIENT_HANDSHAKE_TRAFFIC_SECRET 9956fb0c4ba982b29780e83fdb8e8eefa8f3e2a00819909a9a3e8602c69ce29e bf13fc031d4bc38d66cf4be1e5bba4d41cca2c1c71086c18ccc44bc2993383a6
SERVER_HANDSHAKE_TRAFFIC_SECRET 9956fb0c4ba982b29780e83fdb8e8eefa8f3e2a00819909a9a3e8602c69ce29e bee3d82ca5947e5f47885f7cc646374af1028d41bcde8497af7ca6c671faa3f7
CLIENT_TRAFFIC_SECRET_0 9956fb0c4ba982b29780e83fdb8e8eefa8f3e2a00819909a9a3e8602c69ce29e 1cfc663a30380b55787149ae0f72d67c90c8c2e5827fc68dbb4b13eff071b44c
SERVER_TRAFFIC_SECRET_0 9956fb0c4ba982b29780e83fdb8e8eefa8f3e2a00819909a9a3e8602c69ce29e 501a18aea3261320b6f58a914694a6fead132149c151705fa1e82d8732f840c1
EXPORTER_SECRET 9956fb0c4ba982b29780e83fdb8e8eefa8f3e2a00819909a9a3e8602c69ce29e 79fc07bea91c4bc46eeafaf4f0d2b33b6c7a5e8635c32e90c1f91d0ef0570c32
CLIENT_HANDSHAKE_TRAFFIC_SECRET f26ad929e4c9121aa31e60e29bbd14a7b47ca79abdac97df4f7c2b818f1453e2 a9e102570221dd0f4971e24ba4dc0c3a1cd69dff11d27f29af730c510edf683a
SERVER_HANDSHAKE_TRAFFIC_SECRET f26ad929e4c9121aa31e60e29bbd14a7b47ca79abdac97df4f7c2b818f1453e2 c669f85878ecb0cf70dae55f40747c60b96e7e2880bad56b829e7f0ebae9d7d6
CLIENT_HANDSHAKE_TRAFFIC_SECRET 70ac7622a1402da55d840101be19e322f668fdd85ffe8b018d7972e36751eb28 81d39e81f9c71cfa7bc2c106c20972f59a881b7eaaae2addd08742359f7ff634
SERVER_HANDSHAKE_TRAFFIC_SECRET 70ac7622a1402da55d840101be19e322f668fdd85ffe8b018d7972e36751eb28 ff3d2e3aa09e2b0d450222ed060b84b8b0cbcea413612ed55f8d6289d8897bfe
CLIENT_TRAFFIC_SECRET_0 f26ad929e4c9121aa31e60e29bbd14a7b47ca79abdac97df4f7c2b818f1453e2 3a52a95d7dea7273f29775eee9681530370678ffe9ee344b3a8ec8bec424c3f3
SERVER_TRAFFIC_SECRET_0 f26ad929e4c9121aa31e60e29bbd14a7b47ca79abdac97df4f7c2b818f1453e2 31348339afb51bc5ccc9510bf348d0e7d71a42bc0e6607c4021dec4f661c391f
EXPORTER_SECRET f26ad929e4c9121aa31e60e29bbd14a7b47ca79abdac97df4f7c2b818f1453e2 d9c2f85efb46d6d0abf07c678f39d2a8c51acee3d34d923c331454c73c1b7ba8
CLIENT_TRAFFIC_SECRET_0 70ac7622a1402da55d840101be19e322f668fdd85ffe8b018d7972e36751eb28 4d96c49276ed599609f495425e5a831f51ce1a57871dc7b78bc00c5f5ef1bc6e
SERVER_TRAFFIC_SECRET_0 70ac7622a1402da55d840101be19e322f668fdd85ffe8b018d7972e36751eb28 4e908638d5cc5e016887b86703b5d9c83255688b798aa1e6ecda96eb291695de
EXPORTER_SECRET 70ac7622a1402da55d840101be19e322f668fdd85ffe8b018d7972e36751eb28 e26d63516330a24463f216544ccb0dad35c2d35fcd15af12b68b883e309921b6
