CLIENT_HANDSHAKE_TRAFFIC_SECRET c993fa84f0bf4ccb201225dd5ee043f149107eb5b930cbaae979afa1caf59d76 79bb9d263a2193b5d1889b864e407a0f1d9bdd9742632ec1e905aa129b5776cb
SERVER_HANDSHAKE_TRAFFIC_SECRET c993fa84f0bf4ccb201225dd5ee043f149107eb5b930cbaae979afa1caf59d76 d7035efd667860b16072b98986dfea6577b6f0f4da0ff7d43f3eecb5a8423301
CLIENT_HANDSHAKE_TRAFFIC_SECRET 8c3565da72722b5e3a13da1f8fc9fa02db4c891ebca4b3161b41957653e1f087 7800ca3424217e7773c24d9238cf80c86a72c19f2c010d43c35327cc04e2d921
SERVER_HANDSHAKE_TRAFFIC_SECRET 8c3565da72722b5e3a13da1f8fc9fa02db4c891ebca4b3161b41957653e1f087 8e10bf3901e5f19d21318e3ab3bc3a24d9de1d34e2de7d9172b8a27174d8a4d2
CLIENT_TRAFFIC_SECRET_0 c993fa84f0bf4ccb201225dd5ee043f149107eb5b930cbaae979afa1caf59d76 3d39596ef65233505c19bce84cd27605742fcf3c93c52c8046c46d1bbdbb1e16
SERVER_TRAFFIC_SECRET_0 c993fa84f0bf4ccb201225dd5ee043f149107eb5b930cbaae979afa1caf59d76 26a83a29de4989921333db059db9a08e6c57d47cbe6bcf13a6e945cbdc7d3ce6
EXPORTER_SECRET c993fa84f0bf4ccb201225dd5ee043f149107eb5b930cbaae979afa1caf59d76 b1c66250ab42257ff6a8939ab43c8c70b55ec993cf0128be8fdcebe7e3477f30
CLIENT_TRAFFIC_SECRET_0 8c3565da72722b5e3a13da1f8fc9fa02db4c891ebca4b3161b41957653e1f087 08a6f560ad2be11b747813836ff6ab4a6c9289ef884da7d23f8ac5721631b576
SERVER_TRAFFIC_SECRET_0 8c3565da72722b5e3a13da1f8fc9fa02db4c891ebca4b3161b41957653e1f087 92eefbee3c40006be638007fd26cd51cc93eac387f3b1dee4099d8027ccaf1b5
EXPORTER_SECRET 8c3565da72722b5e3a13da1f8fc9fa02db4c891ebca4b3161b41957653e1f087 265b31e90ac1f25e003e0c4b5583eeb2bc830b03c426b53d409cb7c001ebc82f
CLIENT_HANDSHAKE_TRAFFIC_SECRET 38945404c3869d28f549c07e9149840dc9de71a19b40b4dc5007154bd7db2ff9 7ec124e74f508a34f6459f644359c9d4366ed53a9cf861579f9711ac8b921340
SERVER_HANDSHAKE_TRAFFIC_SECRET 38945404c3869d28f549c07e9149840dc9de71a19b40b4dc5007154bd7db2ff9 fea2545d1505c37dc27445ac3e924414223ed842568adecadbc143d112fa65b7
CLIENT_TRAFFIC_SECRET_0 38945404c3869d28f549c07e9149840dc9de71a19b40b4dc5007154bd7db2ff9 14bc1dd15f48463ec8cc6dd8296db97e781c6e118f0ed61bec35ea077ab4e7fa
SERVER_TRAFFIC_SECRET_0 38945404c3869d28f549c07e9149840dc9de71a19b40b4dc5007154bd7db2ff9 b53a233ab54830a7db0987b3d04196ee268c1822105e8f8bf4ce91fb3be2a1b0
EXPORTER_SECRET 38945404c3869d28f549c07e9149840dc9de71a19b40b4dc5007154bd7db2ff9 a6190344db96c5cab69f31812feecdaff3e539072beed6c623a27ebd373d9980
CLIENT_HANDSHAKE_TRAFFIC_SECRET 0b65a40761e5336de8a8a08445d26d64637b1fb1fa9b02d523ca82b168099859 102032a250c965a18431f84a3f88a4a388faefd8f6ee8eed2744eb7779683831
SERVER_HANDSHAKE_TRAFFIC_SECRET 0b65a40761e5336de8a8a08445d26d64637b1fb1fa9b02d523ca82b168099859 7306e6345b33544096e9b00984098dc8cba784529a303fb4bb526255588ec265
CLIENT_TRAFFIC_SECRET_0 0b65a40761e5336de8a8a08445d26d64637b1fb1fa9b02d523ca82b168099859 ea975de5d0a25f70de6261cd2b1cd0e9250ddcd026b5b37b0d74e9a079fd723e
SERVER_TRAFFIC_SECRET_0 0b65a40761e5336de8a8a08445d26d64637b1fb1fa9b02d523ca82b168099859 4aebc66edb5e46f713ac61fdac67218346b45cd3e04cf8152bbd861e2841dde6
EXPORTER_SECRET 0b65a40761e5336de8a8a08445d26d64637b1fb1fa9b02d523ca82b168099859 dc416499937d3e26544abbf01cf9ec6b020ebd6a75e4297bb51c0884b328d986
CLIENT_HANDSHAKE_TRAFFIC_SECRET 3ef59adf2c9bb506668c85b61475be414c1c6b65de9b59117f8d8f79a2c94b7b 590fd8ca8f08296daedd03d494695d7b0cf55e093c3de5f3c79c3a5f8aab4315
SERVER_HANDSHAKE_TRAFFIC_SECRET 3ef59adf2c9bb506668c85b61475be414c1c6b65de9b59117f8d8f79a2c94b7b 0bb1ace85985d3ed350f72cf82ff71115a35749f39bb24b93fa14a1ef736e07b
CLIENT_TRAFFIC_SECRET_0 3ef59adf2c9bb506668c85b61475be414c1c6b65de9b59117f8d8f79a2c94b7b a7c965b17d9f845ad1cc29ea6b3c75328d2df61d3275942f149bd5b9d79f778d
SERVER_TRAFFIC_SECRET_0 3ef59adf2c9bb506668c85b61475be414c1c6b65de9b59117f8d8f79a2c94b7b 65782279d4c52c9f916fbc2d43f105f09a136644e34d848d4cd8f2ae03fd5e69
EXPORTER_SECRET 3ef59adf2c9bb506668c85b61475be414c1c6b65de9b59117f8d8f79a2c94b7b f81431bf8fa0726dd9d80ae15cab9b0794eb82bb63b8b572e8fe800534bade1d
CLIENT_HANDSHAKE_TRAFFIC_SECRET ce17352cdefe909e47a89d935a1ffd26f82477e5d53f45920ed2fd5c0779963d b096b13ab88b7971e314c628da361525401cb88d691d6d55b2e5ae46b4da4339
SERVER_HANDSHAKE_TRAFFIC_SECRET ce17352cdefe909e47a89d935a1ffd26f82477e5d53f45920ed2fd5c0779963d 8dea2eb0dd18629a39c6817722d4cb1020c469b4deabbbdf4ce1b1e9fc122af8
CLIENT_HANDSHAKE_TRAFFIC_SECRET 457888a40b708d3997929de2e797f52bf1e190a592b114c8c5fb4f729ea73202 bce82a22f6ac0b605d48005485bb4d75f2f84c0f89a16b7acac78bd520418696
SERVER_HANDSHAKE_TRAFFIC_SECRET 457888a40b708d3997929de2e797f52bf1e190a592b114c8c5fb4f729ea73202 16803d65930cff4a9b7c7756b549c82c8d81db355d381d21c1fdc2647163b6ff
CLIENT_TRAFFIC_SECRET_0 ce17352cdefe909e47a89d935a1ffd26f82477e5d53f45920ed2fd5c0779963d 10a9004c3304ffb397f20222e315e796c250359b8f19529b4a056e388618b48b
SERVER_TRAFFIC_SECRET_0 ce17352cdefe909e47a89d935a1ffd26f82477e5d53f45920ed2fd5c0779963d 6799abfb271be3b8bb8eb4bfe7fd4ac96f909611d175bba96ef6428b78026699
EXPORTER_SECRET ce17352cdefe909e47a89d935a1ffd26f82477e5d53f45920ed2fd5c0779963d 3c70d72b4684bd12e3ad262941fed1a4f5e4c3aa64bcb329bafe030a5cefeedf
CLIENT_TRAFFIC_SECRET_0 457888a40b708d3997929de2e797f52bf1e190a592b114c8c5fb4f729ea73202 980f40af0bb62920bcfe7abf07193f08e79d8c516b4fcf89fe92901a8cabc1ee
SERVER_TRAFFIC_SECRET_0 457888a40b708d3997929de2e797f52bf1e190a592b114c8c5fb4f729ea73202 b67242061ae67c960778b54c6f06e3e07f61dd8f4999e8522f2c67aca8cff287
EXPORTER_SECRET 457888a40b708d3997929de2e797f52bf1e190a592b114c8c5fb4f729ea73202 9847cd5251d6f01f184361d58501afa326794a2e550a05aeea9a51c02ed98c5e
CLIENT_HANDSHAKE_TRAFFIC_SECRET 587c94df378402bd04ff7462a8c00070429f10e2a618fe6798d18cc70367849b 6fa92dcf7ee24801acb5df55f6df7ebf4c34114f8c9a9e72ead95d98388a7959
SERVER_HANDSHAKE_TRAFFIC_SECRET 587c94df378402bd04ff7462a8c00070429f10e2a618fe6798d18cc70367849b ab7e7666db52a1ecd31f36333c28a708b0363a9ddc8bc9142e4a22cfe035b4fb
CLIENT_TRAFFIC_SECRET_0 587c94df378402bd04ff7462a8c00070429f10e2a618fe6798d18cc70367849b 984539cfc58a6f61ca3e11891305fd0748388510126ba942ec3e16ba0ef356e4
SERVER_TRAFFIC_SECRET_0 587c94df378402bd04ff7462a8c00070429f10e2a618fe6798d18cc70367849b 5ca7fe727bbe5537db55efaf0ffe985190eb872f5c936adf14baaf7518d6fb95
EXPORTER_SECRET 587c94df378402bd04ff7462a8c00070429f10e2a618fe6798d18cc70367849b edcbb162383c0535a20345029f9b1ba448a78954e3a263e69f885e822710b9b2
CLIENT_HANDSHAKE_TRAFFIC_SECRET 97b22a0dcea5f15527e2dd56d6ee03e4b819658e5b700bc1351606456b12b8e6 9ebb340bac21381733e2993e96be19fa33d0492842942aa3854ab966f898c0ca
SERVER_HANDSHAKE_TRAFFIC_SECRET 97b22a0dcea5f15527e2dd56d6ee03e4b819658e5b700bc1351606456b12b8e6 ed922072ab218828d1c9430723cb4ff509f9048f580dd250cb7dbb97d448c865
CLIENT_TRAFFIC_SECRET_0 97b22a0dcea5f15527e2dd56d6ee03e4b819658e5b700bc1351606456b12b8e6 85fe26a8a00f9c4eaa884bfc05ead1225868d58fd0dbcb26bceb4baaa49c9597
SERVER_TRAFFIC_SECRET_0 97b22a0dcea5f15527e2dd56d6ee03e4b819658e5b700bc1351606456b12b8e6 7079aa36746ce58818029d12b2aafddaeac3fd9b5f3644b341403bf729f1b776
EXPORTER_SECRET 97b22a0dcea5f15527e2dd56d6ee03e4b819658e5b700bc1351606456b12b8e6 32ab05ed099f70a46b54ae22f2e4fa0ac40180176b8b3071db131ae6b3bd3299
CLIENT_HANDSHAKE_TRAFFIC_SECRET 8c3e8e13a659ca8164bef510e3a43793e88c046641564f622928aa7bf9a9104d 9846587fbdb830ff3b211b7d290d3c0d0db6607606241426b2f2b7e46fe31b5d
SERVER_HANDSHAKE_TRAFFIC_SECRET 8c3e8e13a659ca8164bef510e3a43793e88c046641564f622928aa7bf9a9104d 23b637238d7cad1da0768a3b30be30b53baef419e7ea98dcf7f8832ce3d07422
CLIENT_TRAFFIC_SECRET_0 8c3e8e13a659ca8164bef510e3a43793e88c046641564f622928aa7bf9a9104d 980888eaf9c6999a2ec1d6cda61d7ffb83e39cfd12f5b490f9713a41964f3603
SERVER_TRAFFIC_SECRET_0 8c3e8e13a659ca8164bef510e3a43793e88c046641564f622928aa7bf9a9104d 171403ec2bc93d3f5482f33b2e36d1126d697212a3ca15a9964d034d3453eadb
EXPORTER_SECRET 8c3e8e13a659ca8164bef510e3a43793e88c046641564f622928aa7bf9a9104d 675d19a653a3844a940e68ea0cfac64b993891282fe9bd2bcd3a099c13240c48
CLIENT_HANDSHAKE_TRAFFIC_SECRET bc2b0fa32068571e54b206bacfdf04b61fa34ee6919174bfc4effdaf991701ee f5895152f42450a269e781b66c6e05607fc7039aa3c34f2a7347137e8d6cc502
SERVER_HANDSHAKE_TRAFFIC_SECRET bc2b0fa32068571e54b206bacfdf04b61fa34ee6919174bfc4effdaf991701ee 9a2fb3358511538fd46d718f867e21442d2f4a63411779fce301df236a2e834d
CLIENT_TRAFFIC_SECRET_0 bc2b0fa32068571e54b206bacfdf04b61fa34ee6919174bfc4effdaf991701ee 5772c16389d052f28da4c704c805eb846b812389030360078fb04c94f8ce3961
SERVER_TRAFFIC_SECRET_0 bc2b0fa32068571e54b206bacfdf04b61fa34ee6919174bfc4effdaf991701ee 02d5b0cf42e4bcae384272ef6319d77f779163aae3d74c05ed78809cc3047512
EXPORTER_SECRET bc2b0fa32068571e54b206bacfdf04b61fa34ee6919174bfc4effdaf991701ee eb975354d9dbc7ca7f8cf26b6ef76cbbec7f1bbf31f2232db226ba8a51ec5618
CLIENT_HANDSHAKE_TRAFFIC_SECRET aa5ed169b43eb901af1628d41534bd3159416f91697c699e5d604805624405cd f229bfa3a0dae6b5eb035b596e5f651f8549f046cbe1b9831e781d902a97b515
SERVER_HANDSHAKE_TRAFFIC_SECRET aa5ed169b43eb901af1628d41534bd3159416f91697c699e5d604805624405cd 71b456b9fc9e2506a388ef8aa05c0d03fbefaea0c4475ea3d5241bf73bb8ee0b
CLIENT_TRAFFIC_SECRET_0 aa5ed169b43eb901af1628d41534bd3159416f91697c699e5d604805624405cd 153cde607d404ae3f817a3f5f830e27422eba5d04bd3a7bf0f818217fe3a8e3e
SERVER_TRAFFIC_SECRET_0 aa5ed169b43eb901af1628d41534bd3159416f91697c699e5d604805624405cd 1e1558868b9a0fe307b5dd4fa02aae42c5af8e9ead5b638299d19826df6a1ac0
EXPORTER_SECRET aa5ed169b43eb901af1628d41534bd3159416f91697c699e5d604805624405cd 70d564db3abd1dc93b0e88d2b74c718663093fe7ed41d73e8464c5bf9d3c05e8
CLIENT_HANDSHAKE_TRAFFIC_SECRET 87fd0b885a910df9e8412fa2e771c1cfb92d3c193d5a404dc34faa8d4cd072d2 7afdece5543978c2f9bc3602d2381164077756cedaf8acae28badb3171bbae0593a7f5c4c621c8d46b1b2331ea3f3963
SERVER_HANDSHAKE_TRAFFIC_SECRET 87fd0b885a910df9e8412fa2e771c1cfb92d3c193d5a404dc34faa8d4cd072d2 f60866f80494bad6baad7eadd9a6ee10b7706b0213e7b477e85b0b640fdd262a392e06f50e1d68d51af59f24167f179f
CLIENT_TRAFFIC_SECRET_0 87fd0b885a910df9e8412fa2e771c1cfb92d3c193d5a404dc34faa8d4cd072d2 0d17d1606e6bc0a7892ff43f8d83f603112ede56799d1f20b010ee606bdb2b1303ee309d5b6dd3f8bbe92aa3372c5453
SERVER_TRAFFIC_SECRET_0 87fd0b885a910df9e8412fa2e771c1cfb92d3c193d5a404dc34faa8d4cd072d2 bd9584c9ab9aeaa6301abc038b4914a2650ce6390f289da51e4b00626c7d802460bcad60770b10722ad9c54441f86cf2
EXPORTER_SECRET 87fd0b885a910df9e8412fa2e771c1cfb92d3c193d5a404dc34faa8d4cd072d2 5441c20e185a03af380b114c38b841bc1980bbbaafcf766321a057a3803e50abade648bcf9fed7632cc67247dff3dcc9
CLIENT_HANDSHAKE_TRAFFIC_SECRET 94da72f94c38a390e5c233851c95727bf5f9eb54a00924947eb8e23175962569 607ce841e009b89294db3fa65ffc7343a2b09fee445a94dc77e6c3f5e081354c
SERVER_HANDSHAKE_TRAFFIC_SECRET 94da72f94c38a390e5c233851c95727bf5f9eb54a00924947eb8e23175962569 8aa624ceebf8c168d6dbb797681543d9345ea9a02a5adcdc5a0c23ba927568f3
CLIENT_HANDSHAKE_TRAFFIC_SECRET f7168f1a0cac4fe6d34e5635ec99dbb32f05e966fb4c0161cce1c32f07f11dd2 f9109f7ea09585735551cb23100ab974441b77325dca8d4d207360b5f63489dd
SERVER_HANDSHAKE_TRAFFIC_SECRET f7168f1a0cac4fe6d34e5635ec99dbb32f05e966fb4c0161cce1c32f07f11dd2 c1b337bfa752fc4907b7013919138327ff0dc66112d49bc90638f0c38cec1a1e
CLIENT_TRAFFIC_SECRET_0 94da72f94c38a390e5c233851c95727bf5f9eb54a00924947eb8e23175962569 299eab771a888290d9c12ff25f9c5c38a7e5d98bd8088bfb8ea48fff601988fd
SERVER_TRAFFIC_SECRET_0 94da72f94c38a390e5c233851c95727bf5f9eb54a00924947eb8e23175962569 ea84730f71ded973378280eb37c5f575988ac431ef37d1d2f05a0ac0e2739097
EXPORTER_SECRET 94da72f94c38a390e5c233851c95727bf5f9eb54a00924947eb8e23175962569 00974ab8cfb759fd1824a7b147d2caa7f4bfbece584e179148c2320ff8b87bc2
CLIENT_TRAFFIC_SECRET_0 f7168f1a0cac4fe6d34e5635ec99dbb32f05e966fb4c0161cce1c32f07f11dd2 d4bb8b5199517d338d25524f24ae9a79fe4ea48e96442abf8cd5b156611b2821
SERVER_TRAFFIC_SECRET_0 f7168f1a0cac4fe6d34e5635ec99dbb32f05e966fb4c0161cce1c32f07f11dd2 3561ff32dcd8302a9de739d665dd633cc01a9dfce7b627680e0d52313cd865ba
EXPORTER_SECRET f7168f1a0cac4fe6d34e5635ec99dbb32f05e966fb4c0161cce1c32f07f11dd2 5180412070983d4dcd75222726ec2321fa47bea1e1703a21816f0bcedf3ac71b
CLIENT_HANDSHAKE_TRAFFIC_SECRET d8fbfc820cd9e0c3cee379920b2408739df2af7112ccf328ee0490e0f0dbee7a 73d5c6aa5531317440168aece616316fdbf17b968a95872357efa725e802ccf6
SERVER_HANDSHAKE_TRAFFIC_SECRET d8fbfc820cd9e0c3cee379920b2408739df2af7112ccf328ee0490e0f0dbee7a 08eb448230878ecd4d2728f5a137cbced05828762009fc732873460851d5a03f
CLIENT_TRAFFIC_SECRET_0 d8fbfc820cd9e0c3cee379920b2408739df2af7112ccf328ee0490e0f0dbee7a 365695c9fd7b99bb6d77cef4f366a6e258ea15d20e5651f34e79042d654675d1
SERVER_TRAFFIC_SECRET_0 d8fbfc820cd9e0c3cee379920b2408739df2af7112ccf328ee0490e0f0dbee7a 5ac6590fa0a35e030de57838da1c7a4d9417945cd53193b8cbf64a30b0ac7456
EXPORTER_SECRET d8fbfc820cd9e0c3cee379920b2408739df2af7112ccf328ee0490e0f0dbee7a e5397983525abe889255e9a564005842a3b7cc983114be45bbb4b6c1e3934a8b
CLIENT_HANDSHAKE_TRAFFIC_SECRET 5a3f9447121f019d2e74895c3c46c0681c1ee6a7b2039f29d8b58d61fdf28f75 d1f37a85a9d30782e53eaadd3bfd870535e6adceea919dd4df926ddf159d07f8
SERVER_HANDSHAKE_TRAFFIC_SECRET 5a3f9447121f019d2e74895c3c46c0681c1ee6a7b2039f29d8b58d61fdf28f75 f6bddab0c4a56f9a6ac68beb27e89cf95e4c2fa74bbc40125dc9697cecdc7bfd
CLIENT_TRAFFIC_SECRET_0 5a3f9447121f019d2e74895c3c46c0681c1ee6a7b2039f29d8b58d61fdf28f75 b5d1ffd8073e0cb25d45bb7f809351573bd2f13778771b9a7eeb64956387de23
SERVER_TRAFFIC_SECRET_0 5a3f9447121f019d2e74895c3c46c0681c1ee6a7b2039f29d8b58d61fdf28f75 8e185e6b0414059c4c7a4061590f1896f7a7ce21dfb53f0d91896de8faa43c48
EXPORTER_SECRET 5a3f9447121f019d2e74895c3c46c0681c1ee6a7b2039f29d8b58d61fdf28f75 0d3096564afefd77e6b1b109b0c691d36b25c2e73d6fcbaf5c01ffeef2ef428f
CLIENT_HANDSHAKE_TRAFFIC_SECRET 5561a4589b36068e82ddbb3e9491f9fb4b390361f3c72a918c6669fa17fbec86 06af3b5600c83bc1bec642cebd4bc7a56d9c43823513ad6ac020f5c926aa834e
SERVER_HANDSHAKE_TRAFFIC_SECRET 5561a4589b36068e82ddbb3e9491f9fb4b390361f3c72a918c6669fa17fbec86 464be1ed3e4d05fef25c03592782ce8f9979abc3abe9f0395cc0a963fa1a0248
CLIENT_TRAFFIC_SECRET_0 5561a4589b36068e82ddbb3e9491f9fb4b390361f3c72a918c6669fa17fbec86 d519848d3d34a4330993efa0ef0606ae3be110288bcfeb82774c474a457eb5e9
SERVER_TRAFFIC_SECRET_0 5561a4589b36068e82ddbb3e9491f9fb4b390361f3c72a918c6669fa17fbec86 ef27c4adabd4370b53844168ddf0fd80c197f8cee692fe46b3dd45433377fd93
EXPORTER_SECRET 5561a4589b36068e82ddbb3e9491f9fb4b390361f3c72a918c6669fa17fbec86 186f31491d4a217b793ff2d9c19d8d2b34b5c2aad27060153a3f7a9993274b0a
CLIENT_RANDOM 09cdf605b7bf880d70822fdbaf8ec80b01460dc0e6159c7cadf18149bcf61ed5 636f7f6538a5f5767bfb0d6efc9a7f10fcf98617859c3c9e5b1494b1c86da1492066d250c2d287942f5584fec4c328e7
CLIENT_HANDSHAKE_TRAFFIC_SECRET ad1ef58d7f9c13d4905f43ccd2113202bd7147e6df3be8ea21ec795488e8b551 906d52e007b6f192e4f0b75a227605d4a3c855291f7219c1c724598a00e9bc2090969ae7e0831488e378d51239024549
SERVER_HANDSHAKE_TRAFFIC_SECRET ad1ef58d7f9c13d4905f43ccd2113202bd7147e6df3be8ea21ec795488e8b551 8599fbc02e40da66e0130c5e71f6000f5765ab045fff1c5f6bfa789beac027dfae776c04806a64305e02d2f39ae489a5
CLIENT_TRAFFIC_SECRET_0 ad1ef58d7f9c13d4905f43ccd2113202bd7147e6df3be8ea21ec795488e8b551 9b67367b903db97b2651e49245f9512535a03203a5134a13e9471d1560cdfafed51374d50ff04d023b58cd175d063ac3
SERVER_TRAFFIC_SECRET_0 ad1ef58d7f9c13d4905f43ccd2113202bd7147e6df3be8ea21ec795488e8b551 266af8e6610cc5726eb12caf4f8b9533d7cf182b1ee72978af264f7e4a85f7fa5e1977ffc2e977e373c7186a87087f8a
EXPORTER_SECRET ad1ef58d7f9c13d4905f43ccd2113202bd7147e6df3be8ea21ec795488e8b551 050eea5ca5a61154cab019404d5fe94447505574fd1a749886b6edb0e27478e6c39edb85acad413e4153acf8229230bc
CLIENT_HANDSHAKE_TRAFFIC_SECRET e430d8f8c1614cf29257a6c3c7e3206ccd5a8c67d24b301891a91132dde5a93b f56ea155ad759ac2e8d8c7319e0f0d7b13dc1cfb0ff8a15d03bdef0b32b329908ca1e74b16e1e36a02acf6d5a6a9e316
SERVER_HANDSHAKE_TRAFFIC_SECRET e430d8f8c1614cf29257a6c3c7e3206ccd5a8c67d24b301891a91132dde5a93b 9d27a509ea48afb5fc3441cd41f7f209de62588250e0f737a3bea9a816b8975c1f1b1656ddbe7174082178ef7cf6a584
CLIENT_TRAFFIC_SECRET_0 e430d8f8c1614cf29257a6c3c7e3206ccd5a8c67d24b301891a91132dde5a93b 3571bb759dd215fcb3d4b0514311f80db96c7ec71018e8f59288903d436e267712c8764a4a847e1509c45aca03e3ae0e
SERVER_TRAFFIC_SECRET_0 e430d8f8c1614cf29257a6c3c7e3206ccd5a8c67d24b301891a91132dde5a93b fe080da485e0464fb7a69315039cf7c085dae5cece567cf405c607eea34687900920295857472ed00e983edae94411d5
EXPORTER_SECRET e430d8f8c1614cf29257a6c3c7e3206ccd5a8c67d24b301891a91132dde5a93b 228cb975355b1da2f3e971f3dd6d343006c2de4923aa388da471d1a066593b23b44a36156e8c0145342468d24c615427
CLIENT_HANDSHAKE_TRAFFIC_SECRET a35c5493253109439c632702ce39fe29373a8dbd41dc6c5d456075a73481bd76 38df77ea424835e4562f1715c2e0d0414164ae40e6841d59a15ff90505711d2bc4e8f2b18968bcedbd45705e6630e343
SERVER_HANDSHAKE_TRAFFIC_SECRET a35c5493253109439c632702ce39fe29373a8dbd41dc6c5d456075a73481bd76 975037d6afbd3465c0773646907172c7679b3f92a2bf13b6e0c927418842e5eac74e7ae97c1849ef597fb6133e6bcc79
CLIENT_TRAFFIC_SECRET_0 a35c5493253109439c632702ce39fe29373a8dbd41dc6c5d456075a73481bd76 3e2253ecb011778120716d7201aff1f81c5fbb4b87c8e2faf81dc5b76b35a4a4bd9c3adadda5c8ac5d64c122c680a889
SERVER_TRAFFIC_SECRET_0 a35c5493253109439c632702ce39fe29373a8dbd41dc6c5d456075a73481bd76 90ef5ba82f5a3c32c1489c855fb901071e048735e01b838aca7daf4c5b331cd3e2ec81fb8ae7c08ea897ed8f1a650577
EXPORTER_SECRET a35c5493253109439c632702ce39fe29373a8dbd41dc6c5d456075a73481bd76 fa05d67585bb6401c4f5205e7900351b3cba169db9f030b555acf33e590d7671cbd60bb3516b9f80fcfd070a3882a412
