CLIENT_RANDOM bb1402352d5dbe92ebc9af065d45231cde80fe12ff149f8c915dc60a3ba4be14 7f4274efb5c160a84cefef7c0322426443833602b4a47f720c24e00aedfac81eccb266afa27884b2057ad16392dde0d5
CLIENT_RANDOM a03abba383e78b48a7c6c2cc056ce79aa61944500f89bc009e17b3ed398f12a9 7f4274efb5c160a84cefef7c0322426443833602b4a47f720c24e00aedfac81eccb266afa27884b2057ad16392dde0d5
CLIENT_RANDOM fd5f660a2f3f840cb7abbc6daf462810b189b59dc36407cb56369eeb9a8edaf0 7f4274efb5c160a84cefef7c0322426443833602b4a47f720c24e00aedfac81eccb266afa27884b2057ad16392dde0d5
CLIENT_RANDOM a58a23c8490d58868ca01b848fdc30a06cb4832e5c7c295a7f960e6a594a87e7 7f4274efb5c160a84cefef7c0322426443833602b4a47f720c24e00aedfac81eccb266afa27884b2057ad16392dde0d5
CLIENT_RANDOM 3133551c762ab9e1f7e23b58ff2dfeecaed7844b8cba47108c88143abea67973 7f4274efb5c160a84cefef7c0322426443833602b4a47f720c24e00aedfac81eccb266afa27884b2057ad16392dde0d5
CLIENT_RANDOM e697d9dee3193bcb6e3f1b6b21a627cd91ae84e30c18f5b5390a3f00f1bbf752 7f4274efb5c160a84cefef7c0322426443833602b4a47f720c24e00aedfac81eccb266afa27884b2057ad16392dde0d5
CLIENT_HANDSHAKE_TRAFFIC_SECRET 5aa0c05fce188d16421b2436d09bb4ffe44870e124ee9270d0a343ea80436bf1 c055c8a305876bce9baa893f9dca34275f882605c5b5f120b5e81ee06e83b8f0
SERVER_HANDSHAKE_TRAFFIC_SECRET 5aa0c05fce188d16421b2436d09bb4ffe44870e124ee9270d0a343ea80436bf1 5c1b0dc639dcfaf28687cbd29fcf54a84c5c4fee97e13451430884c88a1c19fd
CLIENT_TRAFFIC_SECRET_0 5aa0c05fce188d16421b2436d09bb4ffe44870e124ee9270d0a343ea80436bf1 1bab9bcd37f0f57498c65cd1b6105177e0d5cea648c6892443c3d3a0fc566bed
SERVER_TRAFFIC_SECRET_0 5aa0c05fce188d16421b2436d09bb4ffe44870e124ee9270d0a343ea80436bf1 3f4631c2cc01ad6798b3597237e6bd7c5eaa1b2cadfc84b1fa243d8020dc2640
EXPORTER_SECRET 5aa0c05fce188d16421b2436d09bb4ffe44870e124ee9270d0a343ea80436bf1 aacce8544c01980990387a46f49321390f590398514e6fe6a30687da1e365bb7
CLIENT_HANDSHAKE_TRAFFIC_SECRET 7486f74128f85e0debb08bc4e9511fafe236a040f33ea84f47fda83adfe6c46c d932487c71f8de6a3bec1234249f1d75c74ef7585901426de327a4bbe0f70429cfc2e0d646bb77b28dc2b927a77e9bbd
SERVER_HANDSHAKE_TRAFFIC_SECRET 7486f74128f85e0debb08bc4e9511fafe236a040f33ea84f47fda83adfe6c46c 0d39e2912189808994fadb83eae074ad3c9b0ddf27ead5c2e626a649a9a1e1ba091dd1d2b02a4cb298bba514b5421706
CLIENT_TRAFFIC_SECRET_0 7486f74128f85e0debb08bc4e9511fafe236a040f33ea84f47fda83adfe6c46c bd062144a2490e757b94e2af046729840448b0d71ac53a84a033c626a8c7b14f5d1271934dfafbeb9fb7720c52df96bc
SERVER_TRAFFIC_SECRET_0 7486f74128f85e0debb08bc4e9511fafe236a040f33ea84f47fda83adfe6c46c 1e1a6af13585a16e71349f66539bffba25916e171235358a4a00f8ca68596b843d89c8ad49c88d66dc77b3eef9dd7626
EXPORTER_SECRET 7486f74128f85e0debb08bc4e9511fafe236a040f33ea84f47fda83adfe6c46c 1f2f548fa3d2fae2860be95a013bc9b4a681a364d2e101bf15a308d49c3c8b5d74b61d9f524b37be6a85fa7be8da2f80
CLIENT_HANDSHAKE_TRAFFIC_SECRET daa397191869b0eb72421e2141936d60bac677792c627cb8355bc0158fc74bfe 9684c12af205a46b4406582f8cf0fbf6b35d0c656b2e0d1d2e3ed5621c3670f8
SERVER_HANDSHAKE_TRAFFIC_SECRET daa397191869b0eb72421e2141936d60bac677792c627cb8355bc0158fc74bfe 123dab55db3bebc369824931ce4de3067b2dc662f15248723f7d36b22fe5d46a
CLIENT_TRAFFIC_SECRET_0 daa397191869b0eb72421e2141936d60bac677792c627cb8355bc0158fc74bfe ef219f71494861fab8ac1dbe4081e993415900ba598af3d1ef08a70604facc14
SERVER_TRAFFIC_SECRET_0 daa397191869b0eb72421e2141936d60bac677792c627cb8355bc0158fc74bfe d0a310d3d923fa7823d39075bcea9b9a1db2af1f59439cffef095a147c9eee66
EXPORTER_SECRET daa397191869b0eb72421e2141936d60bac677792c627cb8355bc0158fc74bfe caf5250ad2091e93affac8f336ad517e41f96c8afbfe69f7a3cda3e541a53037
CLIENT_HANDSHAKE_TRAFFIC_SECRET 876f38453ecf5f368a07c2c1a7cb9e8aa39dc7557cc87a7ab1a3f95818eaa1ac 5f7a155fb1d25a1f825bfe06c80c6ddea197eb071e9417553e9b99d1b97891b8552885cd893e4a71a25bd5ddab0f6fb6
SERVER_HANDSHAKE_TRAFFIC_SECRET 876f38453ecf5f368a07c2c1a7cb9e8aa39dc7557cc87a7ab1a3f95818eaa1ac 12a2e0e82dc9d420a769cd4bdb177084d16eb6c4e660e2700f97dcc77e6110d084709fa429bd179e30886c1546e46686
CLIENT_TRAFFIC_SECRET_0 876f38453ecf5f368a07c2c1a7cb9e8aa39dc7557cc87a7ab1a3f95818eaa1ac d5bc98820a2a801f0bf2019e677a8dcdf08bb67de04b8c20f85f13b00630f55a9b488b3e0878fe2442678051baa9f90c
SERVER_TRAFFIC_SECRET_0 876f38453ecf5f368a07c2c1a7cb9e8aa39dc7557cc87a7ab1a3f95818eaa1ac 033dad3cbe0761d5f9fd6acb4634017c1ceecf0c1dfcb79efbbf2613e6dbb74a465a15016efb75716960a8aeba805d4d
EXPORTER_SECRET 876f38453ecf5f368a07c2c1a7cb9e8aa39dc7557cc87a7ab1a3f95818eaa1ac 6b7c66744400ebf92e9aaa65f45951e20ddb64568a7d64c977cfb2a93f43a8d86515e40960834197151e9d870017f0ca
CLIENT_HANDSHAKE_TRAFFIC_SECRET 47705c6336f395ddbc49eee56e9b8867396d5873da844908577689b3c0d80233 ee04287191dcdb88dddf8fe5a4a03847824849dc5e2bd97703e294d9b696905e
SERVER_HANDSHAKE_TRAFFIC_SECRET 47705c6336f395ddbc49eee56e9b8867396d5873da844908577689b3c0d80233 39fe9cbc9ade3e61a87eb344ae18b4397ab0bfe5e71026b257d70b72fc7d87c3
CLIENT_HANDSHAKE_TRAFFIC_SECRET 2b51d8acb916a187883e3b120fbe65a40f92eae8ef0ec1322b5f2f9746c7bb7c 090119f8047931a91dc43cc99bde7fd2162c0d5065b10c18cf3a3f665c0f44ae
SERVER_HANDSHAKE_TRAFFIC_SECRET 2b51d8acb916a187883e3b120fbe65a40f92eae8ef0ec1322b5f2f9746c7bb7c 5738a8729ff6cad01d42be53456bc5a4df4e4da2483c8ef397075f3012f56469
CLIENT_HANDSHAKE_TRAFFIC_SECRET b21021fd599f7389f828518bd50b309173b78541794367698016ec4a765060ef caa113dbd4d26d6f4695168f54c794c593afed05a16bc99bd4ac23bf979491f8
SERVER_HANDSHAKE_TRAFFIC_SECRET b21021fd599f7389f828518bd50b309173b78541794367698016ec4a765060ef cf53fee3ce70d140992bcf59061362412ce867c25cd15ed253eab69f4948ad86
CLIENT_HANDSHAKE_TRAFFIC_SECRET 5a62bae59f3cd532ffd53034c08e54b0002ac3290458b1c185c6bbf39cf7afbf b367c257f51e4c19823049cf0de34cbe87062c52eba88792becfcb0354efe673
SERVER_HANDSHAKE_TRAFFIC_SECRET 5a62bae59f3cd532ffd53034c08e54b0002ac3290458b1c185c6bbf39cf7afbf 7340db77244a3c7ed45c528003e647eb2ba27cec40530698f9737a78eb65ff8d
CLIENT_TRAFFIC_SECRET_0 2b51d8acb916a187883e3b120fbe65a40f92eae8ef0ec1322b5f2f9746c7bb7c e65af4fb99662aa7ccf556ae11dc33751498aa45b7cd353069e4488cb2c4f1e2
SERVER_TRAFFIC_SECRET_0 2b51d8acb916a187883e3b120fbe65a40f92eae8ef0ec1322b5f2f9746c7bb7c a73604a2cf7b6b9e9992cc7a2ffab5434a9c7352926471085ab585ae176fe9b6
EXPORTER_SECRET 2b51d8acb916a187883e3b120fbe65a40f92eae8ef0ec1322b5f2f9746c7bb7c a3dc51839756a28984225fd70829bfb8116044f0bfe69b2baa94ad583fb45b6c
CLIENT_TRAFFIC_SECRET_0 47705c6336f395ddbc49eee56e9b8867396d5873da844908577689b3c0d80233 942abedcd1c65e37f2dbd1012768df550bfbcf1693159af94b2de8cf662d4763
SERVER_TRAFFIC_SECRET_0 47705c6336f395ddbc49eee56e9b8867396d5873da844908577689b3c0d80233 f801e2d7a008b8d554c018c41ba268df8f8ad5c8691a44a1eeca25a2772cbd75
EXPORTER_SECRET 47705c6336f395ddbc49eee56e9b8867396d5873da844908577689b3c0d80233 6a31002c259f3079cb0031826b95df661e0944c3a8436ee894e21260eb0925dd
CLIENT_TRAFFIC_SECRET_0 b21021fd599f7389f828518bd50b309173b78541794367698016ec4a765060ef e76b7874250c05f10cf29da63afefd4abb736beb9fa955d204d352880474a4ab
SERVER_TRAFFIC_SECRET_0 b21021fd599f7389f828518bd50b309173b78541794367698016ec4a765060ef c42fef482fd445deee78d487c64c5bbf154567806eb08f0615346081c3387b97
EXPORTER_SECRET b21021fd599f7389f828518bd50b309173b78541794367698016ec4a765060ef ca43b04b65457b68a74a3baf556d22c908e95a5aff6cc06b2fe49261e41857c7
CLIENT_TRAFFIC_SECRET_0 5a62bae59f3cd532ffd53034c08e54b0002ac3290458b1c185c6bbf39cf7afbf a4ffccfaed502ab0380044aa9d9cef99690bac1fdbccaa5a5e23c874212b6493
SERVER_TRAFFIC_SECRET_0 5a62bae59f3cd532ffd53034c08e54b0002ac3290458b1c185c6bbf39cf7afbf 10631eed6d519ad5947e7310d97c80fe53bf93b82969a7f14911c9c0e192dc5d
EXPORTER_SECRET 5a62bae59f3cd532ffd53034c08e54b0002ac3290458b1c185c6bbf39cf7afbf 68b19abb3126e1a8db73e7f15461f8764871ff87a3d4a8097ee081a2d7172706
CLIENT_HANDSHAKE_TRAFFIC_SECRET bfb8a6799ce8ee9bff96c34892658ad1acb4dc83d3242a72cae2a99dcd249f72 ae3ccf95255e1edf54c9c0f8ff348c8ae297f006d966a743caac5d7ce7aa0e93
SERVER_HANDSHAKE_TRAFFIC_SECRET bfb8a6799ce8ee9bff96c34892658ad1acb4dc83d3242a72cae2a99dcd249f72 e4c37efb1be1211b93e9ed15606a467eb258a57e70e8e75766ef973afda833e0
CLIENT_HANDSHAKE_TRAFFIC_SECRET db6a6bade49d1ae14dae04c3c3720a650a3a2d1f4cbbe01761cc42aefbe9caff 3c93f16b901b7827e9b4cca5b67e58efbbb26a5b1c86e39d78e885fbf7b6bf4cccb9bbbbb11aa6864071d16349a10553
SERVER_HANDSHAKE_TRAFFIC_SECRET db6a6bade49d1ae14dae04c3c3720a650a3a2d1f4cbbe01761cc42aefbe9caff 9b02f1418c60d75c9a419cf60a8d07a9aaa1c61acd159336564b64037bd2f799aa6df0be287c55c82fb603d4f472fcb7
CLIENT_TRAFFIC_SECRET_0 db6a6bade49d1ae14dae04c3c3720a650a3a2d1f4cbbe01761cc42aefbe9caff bdf8d03da9331724de7ef3dc2f42a79136a8f30b61ad73af827c0983fddb70eb60c9da9fba84184cc82c3a6edea8a2f9
SERVER_TRAFFIC_SECRET_0 db6a6bade49d1ae14dae04c3c3720a650a3a2d1f4cbbe01761cc42aefbe9caff 472c2e10ba83fb098fee18d4e125d82c7b2e18413b096670641c55034e9dc0ed332cc767dbd9754ab47de1d857d26287
EXPORTER_SECRET db6a6bade49d1ae14dae04c3c3720a650a3a2d1f4cbbe01761cc42aefbe9caff fe583fbb49819a84774b3429e1669fb6b965378166652099fc7ad3e2ddff1252f84a456875b85ff7a4d769dfd40648ac
CLIENT_HANDSHAKE_TRAFFIC_SECRET 30abc2c4f2056a99b69f63e2878180ded697a99785ad7cf3f8e767f79bdd1d71 578b9a58fc7ccc93dff87105cdd51ba23bf48fce895e21cfc5aa5ec01b778fbf
SERVER_HANDSHAKE_TRAFFIC_SECRET 30abc2c4f2056a99b69f63e2878180ded697a99785ad7cf3f8e767f79bdd1d71 57df0bfc8d43ebbd0ae0e3243c885b1100f60ba7c00dfd67e6b4615e20637b1f
CLIENT_TRAFFIC_SECRET_0 30abc2c4f2056a99b69f63e2878180ded697a99785ad7cf3f8e767f79bdd1d71 6fef9015dde435e105b79fdb0e3b0fbc11062acc04cdc09cf24107c3efd11823
SERVER_TRAFFIC_SECRET_0 30abc2c4f2056a99b69f63e2878180ded697a99785ad7cf3f8e767f79bdd1d71 5e750c531dd3a576e02b6e0ea017507bb85e3a3cfb754361b5b7cfe860b35cf0
EXPORTER_SECRET 30abc2c4f2056a99b69f63e2878180ded697a99785ad7cf3f8e767f79bdd1d71 921ab5c8b53bbcc105a3b5febc41bb2fe5583049eb33f970b120f82e38704a16
