CLIENT_HANDSHAKE_TRAFFIC_SECRET a1dd624601f60ce5a7229609f16fdb0d534c0d794ec4bb192def1a9b66dfe1a3 c65f21cd5ee1b915599508519e17e42efde17c37e2d03ff8af3575d20c97bcab5cf73b6f95ad80a30b3c76bfb6da4725
SERVER_HANDSHAKE_TRAFFIC_SECRET a1dd624601f60ce5a7229609f16fdb0d534c0d794ec4bb192def1a9b66dfe1a3 4e44174a5676bb0954ef23f80fe5024de549fcbfd6c4d364691a3d02cf1cf702349306e35b5222085bf455dc9207100f
CLIENT_TRAFFIC_SECRET_0 a1dd624601f60ce5a7229609f16fdb0d534c0d794ec4bb192def1a9b66dfe1a3 ea76fecf188cfdddade896f23a95a02a371652a3a613059b550afea4df5f4984a91ee2f1c7e0f8d2fde7d57ec31dbe9c
SERVER_TRAFFIC_SECRET_0 a1dd624601f60ce5a7229609f16fdb0d534c0d794ec4bb192def1a9b66dfe1a3 7e016922724afc6c14fc1961bb26db0103aa7a783dbc9c7fe2fbdbeff1e5878986b49639d9186c0fd6f34cc731583fd6
EXPORTER_SECRET a1dd624601f60ce5a7229609f16fdb0d534c0d794ec4bb192def1a9b66dfe1a3 b298d015d40075e4c9a53c23086765a44c739d0835fec84c3051db8e905b230f659edaba661b09373a16244690adb723
CLIENT_HANDSHAKE_TRAFFIC_SECRET f639493a7b5b5344cd9bf1eb657e265ba0aeb37f94a7aef3b39971543c959487 071c97f48edda73db49a53180dca0bc9edb0adab2f6a9880d4083a1cf0f042fd
SERVER_HANDSHAKE_TRAFFIC_SECRET f639493a7b5b5344cd9bf1eb657e265ba0aeb37f94a7aef3b39971543c959487 afbacbd2521f2fd4eb6704eee409dbef99806820a86d010fea7664b7310996db
CLIENT_TRAFFIC_SECRET_0 f639493a7b5b5344cd9bf1eb657e265ba0aeb37f94a7aef3b39971543c959487 8cdb46fb4eb9938ae2e3b3c82a7bb449258faa5ebbe3f88ceef51ebccee6f4d5
SERVER_TRAFFIC_SECRET_0 f639493a7b5b5344cd9bf1eb657e265ba0aeb37f94a7aef3b39971543c959487 b0d4cc3f1e04e35c00e88853d54ae8629bef8ca47150ddee8c17ee77ad6a4239
EXPORTER_SECRET f639493a7b5b5344cd9bf1eb657e265ba0aeb37f94a7aef3b39971543c959487 bd1e536b8ae2fd6a2b1d5b5832740a8fc7166a31d8f2f0a536cc99333df3fd15
CLIENT_HANDSHAKE_TRAFFIC_SECRET f5d6b229108b108967326b16b863bf3ef26e8ae0ffc2b1900ca6155c41c55daf ea19aa62c95c8d82a1a3e80663157e034f06552e2ee7e402481dc1f99060398f
SERVER_HANDSHAKE_TRAFFIC_SECRET f5d6b229108b108967326b16b863bf3ef26e8ae0ffc2b1900ca6155c41c55daf 5c765360bfc3616c65723963682c65b7436eb392c0fa6ac496c4122e7d5c9842
CLIENT_TRAFFIC_SECRET_0 f5d6b229108b108967326b16b863bf3ef26e8ae0ffc2b1900ca6155c41c55daf ec7d13614fcf7725d4a2a7c73e00ceb943531ed42ba066d6847ccf68082d84d4
SERVER_TRAFFIC_SECRET_0 f5d6b229108b108967326b16b863bf3ef26e8ae0ffc2b1900ca6155c41c55daf 3a46b1f8f038ab1f0ecc8b16f4c9af2a54fda9ddd1dbf7f92639747be2b42a0d
EXPORTER_SECRET f5d6b229108b108967326b16b863bf3ef26e8ae0ffc2b1900ca6155c41c55daf 717baf0e11a827fac91ad79ccde5451608d5e04959a6923ed8001e394bff7420
CLIENT_HANDSHAKE_TRAFFIC_SECRET d8fb9b8ea7a7208018ce8c2564036851999c3961ef3c44fa68bc1b0215e3b316 cf2397145c125643dbebae6706032f1056bb366093f9dc81eb79735ba317781d
SERVER_HANDSHAKE_TRAFFIC_SECRET d8fb9b8ea7a7208018ce8c2564036851999c3961ef3c44fa68bc1b0215e3b316 8b85760ef61db0ebb592afefb84d12838a2ecfa76a04184a3328da0fae9612e4
CLIENT_TRAFFIC_SECRET_0 d8fb9b8ea7a7208018ce8c2564036851999c3961ef3c44fa68bc1b0215e3b316 772d1b5043920a03676ff03283f0c4f1e2d9a46a0994b4d28793790beffd28fd
SERVER_TRAFFIC_SECRET_0 d8fb9b8ea7a7208018ce8c2564036851999c3961ef3c44fa68bc1b0215e3b316 25c64ff0f13c609de595540f40a5a4720bd16839136932ccf49f4f7b3ae6a794
EXPORTER_SECRET d8fb9b8ea7a7208018ce8c2564036851999c3961ef3c44fa68bc1b0215e3b316 e0c431f5a517d388c42f092304942d5ab059ea370f6907a5617a02af55b79194
CLIENT_RANDOM 41deeb91ca78b436ae17d1dedda340b76f64badd4538907277efef7f43342b53 7593c78cbfc5cfa981dd09c31f3c6312983031c99f9042383fa8f2c18da691924ebd1c353aa3865dcdb0efcf1942ed24
CLIENT_HANDSHAKE_TRAFFIC_SECRET e703d324c50955ae8467202abf9d8109002128da2ed76318bfd1ddb7350a0bd9 5f91a5b72666a0dccd778740f36391a45b0037ac76bb0d40e4d16fddc594383e
SERVER_HANDSHAKE_TRAFFIC_SECRET e703d324c50955ae8467202abf9d8109002128da2ed76318bfd1ddb7350a0bd9 fab2861271028857b682a78a10282eb47222cc8b769aca21ab78e0197041dd34
CLIENT_TRAFFIC_SECRET_0 e703d324c50955ae8467202abf9d8109002128da2ed76318bfd1ddb7350a0bd9 533918e257b1ce42d2c0dd6e3b3804e227b2f9396d5bc4e189bc1a8b92ebbbad
SERVER_TRAFFIC_SECRET_0 e703d324c50955ae8467202abf9d8109002128da2ed76318bfd1ddb7350a0bd9 cd04b98ccf8fbd4627f26f4c33fa7e9d92eeb059305507834052022d3ffe720c
EXPORTER_SECRET e703d324c50955ae8467202abf9d8109002128da2ed76318bfd1ddb7350a0bd9 1fa0c51f01b2f690e882b505c05f5c9145027980baa4f3b55885459d2e3eaf02
CLIENT_HANDSHAKE_TRAFFIC_SECRET 3f04b81e6f3653aecfea66c7bf4d80472eb17d1ca51a525175fccf25a87e4917 19c2c45e6ba16e3cd0f35e432b6565e9378027245ea0bc0073182c7eeef63cb3
SERVER_HANDSHAKE_TRAFFIC_SECRET 3f04b81e6f3653aecfea66c7bf4d80472eb17d1ca51a525175fccf25a87e4917 b25e4f670bb8aee76599c145500804207ea1751fa18e332fba9ee72e829506cd
CLIENT_TRAFFIC_SECRET_0 3f04b81e6f3653aecfea66c7bf4d80472eb17d1ca51a525175fccf25a87e4917 c11bb0407b14b1a72012037a412db0c5084b7e25d20719c976e664c332e1d119
SERVER_TRAFFIC_SECRET_0 3f04b81e6f3653aecfea66c7bf4d80472eb17d1ca51a525175fccf25a87e4917 ca5f0e6d312bba5c14ac0bb334408e0d7130593bc3e8ddf1565ef595861f9829
EXPORTER_SECRET 3f04b81e6f3653aecfea66c7bf4d80472eb17d1ca51a525175fccf25a87e4917 c7b51d8d096c824fb69d7f6861821c4efedd6468cba98116486d874c7267e5bb
CLIENT_HANDSHAKE_TRAFFIC_SECRET 4a923da6c30b4bf058395d4fec96d4a63f01c5abed0e833828478bb720627fd8 32a4b817f30dc28d49a57a56b60200dfbe159f837373df1e7a8610dacfb6970c
SERVER_HANDSHAKE_TRAFFIC_SECRET 4a923da6c30b4bf058395d4fec96d4a63f01c5abed0e833828478bb720627fd8 199e0630c2d42607e46de00a35b54c47a7b9b7d5d2d9c525daf66c47ab9c76e2
CLIENT_TRAFFIC_SECRET_0 4a923da6c30b4bf058395d4fec96d4a63f01c5abed0e833828478bb720627fd8 c17b6c8205855d4ddcd0f7d29ba0d19d945355602d6a6505c9664a3a54961611
SERVER_TRAFFIC_SECRET_0 4a923da6c30b4bf058395d4fec96d4a63f01c5abed0e833828478bb720627fd8 b67f3da6f1d2607bccca85c432a2726b34851252d745e763a7a9d02cc427b062
EXPORTER_SECRET 4a923da6c30b4bf058395d4fec96d4a63f01c5abed0e833828478bb720627fd8 ef7cd345d4b0f10e38468fc6ccb419d8547a6cf5d0416039e5a988349a01a4ac
