CLIENT_HANDSHAKE_TRAFFIC_SECRET e7b0976eed4dee7cfc751a0a7b1c36bf559f4b5bde82ada21df3b4e49666bb3c 1127357c6a51c1f658b4c1c4d5ec563a118bcd9e3a507d585086b27d6be1a6a0
SERVER_HANDSHAKE_TRAFFIC_SECRET e7b0976eed4dee7cfc751a0a7b1c36bf559f4b5bde82ada21df3b4e49666bb3c b672ca97d4de33e723dc8491bf0eab81dd773d02f8bcafcabb1a6b3f9d80392f
CLIENT_TRAFFIC_SECRET_0 e7b0976eed4dee7cfc751a0a7b1c36bf559f4b5bde82ada21df3b4e49666bb3c 9b57fe5347a4a29bd5bb9fac6abdd93248f3a6bba68930e56f78260ddb50dc11
SERVER_TRAFFIC_SECRET_0 e7b0976eed4dee7cfc751a0a7b1c36bf559f4b5bde82ada21df3b4e49666bb3c 1ccf9eaa7804cf91b78c9f46b15e1ef15bdd0f2392664047aacef42e33c5619e
EXPORTER_SECRET e7b0976eed4dee7cfc751a0a7b1c36bf559f4b5bde82ada21df3b4e49666bb3c 9f2da6394d2abce3497cb2f399769516868b02ba6bce663fd9ac72ef37b6c5e9
CLIENT_RANDOM 027dbff8afed67892b0b0def06b99d100e50e733c4f3786f930341035da495a7 8b289f26b6a0b5d6692b02af947902e523553a978a581d928d25edcf8ef9a99461322b0d4c3ddb2d6f8451f0f8d9f4b5
CLIENT_HANDSHAKE_TRAFFIC_SECRET 72b5f01fd0649c113d14c419146ef3b9f2e85c89a44006e53a820e239d5e8564 b256b790c434d8dfe516ae70b8d7b3444bc570d58664921c64fd8944cdb14e65
SERVER_HANDSHAKE_TRAFFIC_SECRET 72b5f01fd0649c113d14c419146ef3b9f2e85c89a44006e53a820e239d5e8564 a2c47908784dc9a215d56467c896ba145d915e870f8c9d825bf9b52c78bfc112
CLIENT_TRAFFIC_SECRET_0 72b5f01fd0649c113d14c419146ef3b9f2e85c89a44006e53a820e239d5e8564 e1d436f5bae410c48ddb479dc331629f8665991607040aa4cff057259e86f587
SERVER_TRAFFIC_SECRET_0 72b5f01fd0649c113d14c419146ef3b9f2e85c89a44006e53a820e239d5e8564 28a081af4d33efc907f150eb04da471c2e40577e61507a67c4188792b004cf13
EXPORTER_SECRET 72b5f01fd0649c113d14c419146ef3b9f2e85c89a44006e53a820e239d5e8564 092d356eb6cb0961b483ef83d04d13c8779ebd7aa4022bc3e8ca7fd3c344fcc4
CLIENT_HANDSHAKE_TRAFFIC_SECRET 5d0f5ca3f42d203675be0fb94ecfbeb708bdb65583c88f369bb7543fc7a5a42d b244cb7e79b8ab594e0d8fc8907780ffb3406f1dd52b55a8deec00580a5877c6c612a1ead010e5f980f1f0838c7bbd30
SERVER_HANDSHAKE_TRAFFIC_SECRET 5d0f5ca3f42d203675be0fb94ecfbeb708bdb65583c88f369bb7543fc7a5a42d 862b0a4b3fa6573364b5fdc896f37c1b5fadd8af053985595afd05721ff6f461406faf427d7d531e37ff160e9b045a49
CLIENT_TRAFFIC_SECRET_0 5d0f5ca3f42d203675be0fb94ecfbeb708bdb65583c88f369bb7543fc7a5a42d c5e6ea607f3db54fb7785bd20d3a1d08a3c079ee36393d7dc44c7cf281c45b57546a5c05d6fcb96770db7bc545beb416
SERVER_TRAFFIC_SECRET_0 5d0f5ca3f42d203675be0fb94ecfbeb708bdb65583c88f369bb7543fc7a5a42d 8539aa9f7b839428641feaf9090e3f7da3599c0c1ce933f9d92139f8a5236002715307557609c52e74c4099df32cdc89
EXPORTER_SECRET 5d0f5ca3f42d203675be0fb94ecfbeb708bdb65583c88f369bb7543fc7a5a42d effeba085b3c83e30303efe1e3c7b2175216f6235f863e6a8b067eee452afbabc0e0fc5770e92dde52e87067ad9dfea9
CLIENT_HANDSHAKE_TRAFFIC_SECRET 973b94e5a1eebb144aaa5c7a20c70ec44af015ea96667f2dd0b2c1dc5719d165 0f8bd8d6a066f46eb588bcf0ab477fd5990ea45831ebda72890a1a25510e4633
SERVER_HANDSHAKE_TRAFFIC_SECRET 973b94e5a1eebb144aaa5c7a20c70ec44af015ea96667f2dd0b2c1dc5719d165 d9f3c85381e979bb0f2c5bae5d800ce4e5dc97b9395f3256488f8dd718cc834e
CLIENT_TRAFFIC_SECRET_0 973b94e5a1eebb144aaa5c7a20c70ec44af015ea96667f2dd0b2c1dc5719d165 9b81077f6f6d8f8a753ad7c56dddbb43f7a320c11c8fec4187f801feb91a0fd8
SERVER_TRAFFIC_SECRET_0 973b94e5a1eebb144aaa5c7a20c70ec44af015ea96667f2dd0b2c1dc5719d165 f0b48dae0dc64d5900a71d744d7631b756194968fcfddaf60fe38e697c476f85
EXPORTER_SECRET 973b94e5a1eebb144aaa5c7a20c70ec44af015ea96667f2dd0b2c1dc5719d165 4846bf93b253c34ae5d1d8fae600117e9179604b8f1eb2125af9cba8ad366f76
CLIENT_HANDSHAKE_TRAFFIC_SECRET 6607dde0c00fd1ca44aa9a60d80dee7d76d42713e19b79d434232293ff54fb4d b4ffc6053848a727fc39a41ece9e5a4b216a27199e7056566164e170e42a99ff
SERVER_HANDSHAKE_TRAFFIC_SECRET 6607dde0c00fd1ca44aa9a60d80dee7d76d42713e19b79d434232293ff54fb4d c520a35f28644aece8c44c6de1de2e03ecd4a59f509b5cafcd4b1f0aa041953f
CLIENT_TRAFFIC_SECRET_0 6607dde0c00fd1ca44aa9a60d80dee7d76d42713e19b79d434232293ff54fb4d aa2a82665ba832eee55ad5dd492efaaf8f27a5fb7c95986d4a23ce0726965cd8
SERVER_TRAFFIC_SECRET_0 6607dde0c00fd1ca44aa9a60d80dee7d76d42713e19b79d434232293ff54fb4d 7eee7f0be5b947b6ea123887fd4012c44fa4c60ad8aa733dfd73d0618ae8d693
EXPORTER_SECRET 6607dde0c00fd1ca44aa9a60d80dee7d76d42713e19b79d434232293ff54fb4d e897d1c25956e1891a359b9b74ba640cf01cc2cb92c443e16eaf6498bc51ee03
