CLIENT_HANDSHAKE_TRAFFIC_SECRET 1c91d9492e952144f4f9b02c5c8175e2052b915da05e108909934d8c004f503f a438fb278882a04e2f72241d246ed7e87b0455864369152dafc279c15f0ec004
SERVER_HANDSHAKE_TRAFFIC_SECRET 1c91d9492e952144f4f9b02c5c8175e2052b915da05e108909934d8c004f503f e106f9b78d8c78dd9b1ecfc15dd4f03aef575e1af13629481e88343e4414e80b
CLIENT_TRAFFIC_SECRET_0 1c91d9492e952144f4f9b02c5c8175e2052b915da05e108909934d8c004f503f 642a4297fe27688f1b50fd82f900a15530f28f2b64fd2121726b2fb95e1a1751
SERVER_TRAFFIC_SECRET_0 1c91d9492e952144f4f9b02c5c8175e2052b915da05e108909934d8c004f503f 593c368bbe88dd9f004a92d94201a5bf65de6a83733d4a4e70416d7e4a13ae87
EXPORTER_SECRET 1c91d9492e952144f4f9b02c5c8175e2052b915da05e108909934d8c004f503f c8328bab9216102ef7797f95c6bbf4af0b619d6163a373e0511b246b0da5a8d8
CLIENT_HANDSHAKE_TRAFFIC_SECRET d1796de5e676c0621d2cebe3b2f54d1b6d31315feba49eaba3b894e5b0c31e7a 257b98e4d4464ed20ade3a3ca8bcf4d910d85c90719607c22962fae59ec4e314
SERVER_HANDSHAKE_TRAFFIC_SECRET d1796de5e676c0621d2cebe3b2f54d1b6d31315feba49eaba3b894e5b0c31e7a 5e2247ac634bc3780343df0287aaf9624bf77386af97fd47769327d386e9cd37
CLIENT_TRAFFIC_SECRET_0 d1796de5e676c0621d2cebe3b2f54d1b6d31315feba49eaba3b894e5b0c31e7a 173b9904d3f0acb04cb37d8b6639a207654789dc2d940f4acebb5b992a3ce0a3
SERVER_TRAFFIC_SECRET_0 d1796de5e676c0621d2cebe3b2f54d1b6d31315feba49eaba3b894e5b0c31e7a 0116bbdc11daeaf8212187f112100570e29dbfe4c40e317ca5c781326ceab5d2
EXPORTER_SECRET d1796de5e676c0621d2cebe3b2f54d1b6d31315feba49eaba3b894e5b0c31e7a 422f48cdfca88823b4c550964844cc228692910c627d4cdb6eb3defc4802ab0d
CLIENT_HANDSHAKE_TRAFFIC_SECRET 7a9ad227f5042833dbcd88cf6305853515e0f3d3b6b388de6cda1ece18bf84d5 619a535813cb6d03d05957983fdb99bb229da2c7be9ad5b438e5a53281fbb874
SERVER_HANDSHAKE_TRAFFIC_SECRET 7a9ad227f5042833dbcd88cf6305853515e0f3d3b6b388de6cda1ece18bf84d5 c32c1e72ec5718b0390a42721a11180b22b7e55ef78f93c0f6e1f5a1e863af2c
CLIENT_TRAFFIC_SECRET_0 7a9ad227f5042833dbcd88cf6305853515e0f3d3b6b388de6cda1ece18bf84d5 18a51790352545d5a34f75158d44f9f0660f2aa4d280f0bdddfdc87a7d193e41
SERVER_TRAFFIC_SECRET_0 7a9ad227f5042833dbcd88cf6305853515e0f3d3b6b388de6cda1ece18bf84d5 a109fd077f99c512022397c83a320771c0c6537f602d126f720c4ba3b6cc19af
EXPORTER_SECRET 7a9ad227f5042833dbcd88cf6305853515e0f3d3b6b388de6cda1ece18bf84d5 d45d51c195d804011f29bfb31863d70fd64fedeadca6b2745b3b2d71ed2b3a91
CLIENT_HANDSHAKE_TRAFFIC_SECRET 1f57a37ccf0b2a2702851eaefc96484fa89236179492779294f2f86d0b1185f1 37220c7bd7143d25b9419376f130328896fcd51c2852f32cc231790db652bd22
SERVER_HANDSHAKE_TRAFFIC_SECRET 1f57a37ccf0b2a2702851eaefc96484fa89236179492779294f2f86d0b1185f1 af3ce994347fe8137477bb0d8921291963d7b8194e04ab86fb301bda23dcb1e6
CLIENT_TRAFFIC_SECRET_0 1f57a37ccf0b2a2702851eaefc96484fa89236179492779294f2f86d0b1185f1 5d794d75d98437ff5a6e59135a1cf547de38e438ed0cfb34a1bbc9b719b55569
SERVER_TRAFFIC_SECRET_0 1f57a37ccf0b2a2702851eaefc96484fa89236179492779294f2f86d0b1185f1 2c702acb36a751dbe8981842990372c2a230393352bac58d2e3b5c5a9728ebb2
EXPORTER_SECRET 1f57a37ccf0b2a2702851eaefc96484fa89236179492779294f2f86d0b1185f1 a0870371a452b7f99963ab74f64814e75f195888353ac9fcd0079089d369d917
CLIENT_HANDSHAKE_TRAFFIC_SECRET 5f67909b99e0e789613a56ef54da557ea07d6a4fe2b563965363faaeaa2b399e b5f45dccc843b7286271ea149d93253aa4e769565b3a241c301ee8821e377ffd
SERVER_HANDSHAKE_TRAFFIC_SECRET 5f67909b99e0e789613a56ef54da557ea07d6a4fe2b563965363faaeaa2b399e 188f62258b911e94dd45a18786bba04b63d6f77f471873bd16e0ec5ddd3fcb10
CLIENT_TRAFFIC_SECRET_0 5f67909b99e0e789613a56ef54da557ea07d6a4fe2b563965363faaeaa2b399e 04ed11148d63b5ad543391c81efb3b9f3be6563596e4d31c968e26bdf7d51055
SERVER_TRAFFIC_SECRET_0 5f67909b99e0e789613a56ef54da557ea07d6a4fe2b563965363faaeaa2b399e 2322e33c1b98633ba08e519f9cd33d8be9520938e6917b4107a9217c1634f2a6
EXPORTER_SECRET 5f67909b99e0e789613a56ef54da557ea07d6a4fe2b563965363faaeaa2b399e 4288df13b0a8b3439fa6cdb30db27272ba02eec6df8b401e0d16f97bb133b660
CLIENT_HANDSHAKE_TRAFFIC_SECRET 033498a28be92a528864b80bb5152d94fdc02e416a03a2bcea87c885c3d72c24 1cdfb09f6d34af8c8958aa74304fc93ba0cc2b7b1bc52620fde9f51cbfc9312b
SERVER_HANDSHAKE_TRAFFIC_SECRET 033498a28be92a528864b80bb5152d94fdc02e416a03a2bcea87c885c3d72c24 51c431c59fe72503936fec1ec9010aa876965845f9de5435314a5797e2d438c0
CLIENT_TRAFFIC_SECRET_0 033498a28be92a528864b80bb5152d94fdc02e416a03a2bcea87c885c3d72c24 4440a168d267822d608f94d44587d521ee9abc00f3495272012ee57648194995
SERVER_TRAFFIC_SECRET_0 033498a28be92a528864b80bb5152d94fdc02e416a03a2bcea87c885c3d72c24 8aa82a70f6a9e5e02981bb430ed21c224d96df07d716190fd3f1783fc9bc6263
EXPORTER_SECRET 033498a28be92a528864b80bb5152d94fdc02e416a03a2bcea87c885c3d72c24 3a0fe353fe9285d827e95f5295e61453a69b9ebc53d592e79d6c42c8a39afab8
CLIENT_HANDSHAKE_TRAFFIC_SECRET ee8f3a6adc117d7dbe96e517a7f04bfc973c42104803517bc4577210327cd82e 608764342cda10ee9391c34d89f4ecf11bd1adb36668d3850fc20cc0f2b06ff5
SERVER_HANDSHAKE_TRAFFIC_SECRET ee8f3a6adc117d7dbe96e517a7f04bfc973c42104803517bc4577210327cd82e ecc826ef8328c987068a6d8e5ed2740c9b9960537346545debd7dcf9953a387d
CLIENT_TRAFFIC_SECRET_0 ee8f3a6adc117d7dbe96e517a7f04bfc973c42104803517bc4577210327cd82e 238d6ba654d78b03b2d36a335dce34cad60d5e257a0d8898b11b3a6df440389b
SERVER_TRAFFIC_SECRET_0 ee8f3a6adc117d7dbe96e517a7f04bfc973c42104803517bc4577210327cd82e 5b32a4900d5e75818078ec1acf1255b8e0a118033eedc14c863943856603d176
EXPORTER_SECRET ee8f3a6adc117d7dbe96e517a7f04bfc973c42104803517bc4577210327cd82e 030ba3b670a48721c50a213ffe45d7cd77f014a77faa3788034796598dc9646e
CLIENT_RANDOM 63fa64e77a3b73ae8c74c0fa9e056eb7e5a279ed31c17cc0830bdeb95169cd94 12c1b8028dd89ff922d0406436797a78ad63d08e545b3beed9490b3540f016598604c56e4d3d37d22855af4f37dcd8d4
CLIENT_HANDSHAKE_TRAFFIC_SECRET fe9d10ce68ba0995fea021c011aaac46df9ba581489bd505c99e70735ae322ad 88faba5eb8149faa6754229401c3fcd4daaf902eafb955075393424f9c201921
SERVER_HANDSHAKE_TRAFFIC_SECRET fe9d10ce68ba0995fea021c011aaac46df9ba581489bd505c99e70735ae322ad 66f1c40fac3fdc5489ab863e5a774178bc4963289268445a163b39b45d7d91f4
CLIENT_TRAFFIC_SECRET_0 fe9d10ce68ba0995fea021c011aaac46df9ba581489bd505c99e70735ae322ad af17fe052ff61d7128138d289f71c43df9d5879c8c285020d4454d8264146ab0
SERVER_TRAFFIC_SECRET_0 fe9d10ce68ba0995fea021c011aaac46df9ba581489bd505c99e70735ae322ad 9076bce7fc9f9d07f995ff421c24312b31e2910ff73b33b1ee72177bdb33b2fd
EXPORTER_SECRET fe9d10ce68ba0995fea021c011aaac46df9ba581489bd505c99e70735ae322ad b9c7133a103b200590b08a16dd8dcfa89dabe10faee28bd29a426f7340054021
CLIENT_HANDSHAKE_TRAFFIC_SECRET d17df3e83f74752068645734d3d8295c2c9db867ea4ff22e1eeaa1849882dbde 3900eb37bfe62f798f90e8435a42e3bf166811fea1e0eeda09c591793fccde49
SERVER_HANDSHAKE_TRAFFIC_SECRET d17df3e83f74752068645734d3d8295c2c9db867ea4ff22e1eeaa1849882dbde d638999bb8b31de3900d9e773c4ed072a5ff8c2a4f219a9ac30568af6b4242e6
CLIENT_TRAFFIC_SECRET_0 d17df3e83f74752068645734d3d8295c2c9db867ea4ff22e1eeaa1849882dbde 962c6e63f2800e50e3be2249b65184ade52b9a2187a2a7401cd94440eae4d6ea
SERVER_TRAFFIC_SECRET_0 d17df3e83f74752068645734d3d8295c2c9db867ea4ff22e1eeaa1849882dbde 0d1022075b41f82729feafda6ab287759136bfa5334aedebf0b4c20a4d13a4fd
EXPORTER_SECRET d17df3e83f74752068645734d3d8295c2c9db867ea4ff22e1eeaa1849882dbde d6db5b44333c1fa323216e08359a8454d9fce2509f7b8e864a337bd505de9cfa
CLIENT_HANDSHAKE_TRAFFIC_SECRET e01d3e1ec9405a476204ccfb8e599b93d33d553a7ebf7292752567e71fbef59a d293276c2e3c86c5b9c77f4a67c29c9ed10b589a629d4556ce7d75bab90794bb
SERVER_HANDSHAKE_TRAFFIC_SECRET e01d3e1ec9405a476204ccfb8e599b93d33d553a7ebf7292752567e71fbef59a a8f4062d8e93a96504acf288d0c67d39bb11bd192d71984ac2bd565cfbf21c7e
CLIENT_TRAFFIC_SECRET_0 e01d3e1ec9405a476204ccfb8e599b93d33d553a7ebf7292752567e71fbef59a 015780795a69787d2b7551aa7ab906687efa27709890447c1ece1ce9d6f380fb
SERVER_TRAFFIC_SECRET_0 e01d3e1ec9405a476204ccfb8e599b93d33d553a7ebf7292752567e71fbef59a b790b3ac478f12a9899824bb2ab631b9ad5d3032b29c87740ed5d6cd3ad42796
EXPORTER_SECRET e01d3e1ec9405a476204ccfb8e599b93d33d553a7ebf7292752567e71fbef59a b8ea1ec95973ba64067f3f74210c0f19a23466d140fad78034dfbca76dbbf4a5
CLIENT_HANDSHAKE_TRAFFIC_SECRET eb0b80ba5a9cc808c5a1fd80d80ae28bc7657cb810952b994a005eb47d830569 b50b13e7921194714f76309dc5dc612cf2dd66775866516b29df5e8208c9ec7d
SERVER_HANDSHAKE_TRAFFIC_SECRET eb0b80ba5a9cc808c5a1fd80d80ae28bc7657cb810952b994a005eb47d830569 d5139d63ef2d83aeefe92782dff8e3a5c15740ec040ab12702c9bc89584bf836
CLIENT_TRAFFIC_SECRET_0 eb0b80ba5a9cc808c5a1fd80d80ae28bc7657cb810952b994a005eb47d830569 fd7527a75f109d5064244dfc835454fef84198a45e5d647ec02ca06571eb3dd0
SERVER_TRAFFIC_SECRET_0 eb0b80ba5a9cc808c5a1fd80d80ae28bc7657cb810952b994a005eb47d830569 674c15e4b9617ec75e61150b7d442a06324f00d01604993469aae47fb0b0863c
EXPORTER_SECRET eb0b80ba5a9cc808c5a1fd80d80ae28bc7657cb810952b994a005eb47d830569 31000aee1a6b1932ed5ec9197c1c24edc55fafcb2f37c5fb5170f42c1d2eeba0
CLIENT_HANDSHAKE_TRAFFIC_SECRET d438652c9e29dc6e9f3454d333ec37be54cd3d90764e164e7d7107a4e686c750 071910900bd8d3801648af5bf8d63b1f632465fbb9a5bbbeff1a47e30d268dcf
SERVER_HANDSHAKE_TRAFFIC_SECRET d438652c9e29dc6e9f3454d333ec37be54cd3d90764e164e7d7107a4e686c750 d07d0e6f061917534e0d09a8a551fe6349257ae7691be1f3fa8d4f979c105d67
CLIENT_TRAFFIC_SECRET_0 d438652c9e29dc6e9f3454d333ec37be54cd3d90764e164e7d7107a4e686c750 74ac7b0060042af5416645165fc0c77c1cb1b9e10ba59b404330de421075c07f
SERVER_TRAFFIC_SECRET_0 d438652c9e29dc6e9f3454d333ec37be54cd3d90764e164e7d7107a4e686c750 147b56973e49cdbebe53f7934133eaeb910ca9b112df02c8e50d195ee91e4958
EXPORTER_SECRET d438652c9e29dc6e9f3454d333ec37be54cd3d90764e164e7d7107a4e686c750 8d271a020f3688c6d0b6d2f449a37845a10a6b00796988d12486ab05b43fa9dd
CLIENT_HANDSHAKE_TRAFFIC_SECRET 824b0a4d59da4ae87d36fc259b8e7685ae8127d16473641a808b62f992d624a0 371d15b5638924ff94aee5f269adc662e2cce9e4fa77d610320a52686ad4dca4
SERVER_HANDSHAKE_TRAFFIC_SECRET 824b0a4d59da4ae87d36fc259b8e7685ae8127d16473641a808b62f992d624a0 31b75a78779df488ec1fe747caa5cc5c7bf36d34120563db2e7052181127a503
CLIENT_TRAFFIC_SECRET_0 824b0a4d59da4ae87d36fc259b8e7685ae8127d16473641a808b62f992d624a0 f7d6b4ed708fa8a791e496e05dcd23f70c8e481b1056d7ac731236d3816d06ea
SERVER_TRAFFIC_SECRET_0 824b0a4d59da4ae87d36fc259b8e7685ae8127d16473641a808b62f992d624a0 ecd188139cfd8b89ebbecdb110ce7ed1d0ff4bc9a18bc18b4efba13a0add24fb
EXPORTER_SECRET 824b0a4d59da4ae87d36fc259b8e7685ae8127d16473641a808b62f992d624a0 66dab8810b8e7f9aa40b4f85d9f10d55f3c217dd47929323a253404462927866
