CLIENT_HANDSHAKE_TRAFFIC_SECRET a9122e9767c3e4c71e04f4b6bb3cc33c2532d543f9d4da7ee878efd107859639 fff00e185582f7fa1133b6bac644cc71453575b8fabf8f5ac2ec53db9370e17e
SERVER_HANDSHAKE_TRAFFIC_SECRET a9122e9767c3e4c71e04f4b6bb3cc33c2532d543f9d4da7ee878efd107859639 0e1db25a16892beb4c6965c650a7a764074b872f41fcff7403afb2270b61b186
CLIENT_TRAFFIC_SECRET_0 a9122e9767c3e4c71e04f4b6bb3cc33c2532d543f9d4da7ee878efd107859639 3aa22ff38448374f33c616e8c3df4fd34e8499031743e949f090238918dc1c75
SERVER_TRAFFIC_SECRET_0 a9122e9767c3e4c71e04f4b6bb3cc33c2532d543f9d4da7ee878efd107859639 d0f8a147e7335ae85b16e862f8541f3e17bfd0bd1ca8a9aa15522b193fb3c0ca
EXPORTER_SECRET a9122e9767c3e4c71e04f4b6bb3cc33c2532d543f9d4da7ee878efd107859639 929138463808adedcbbf0f3911835169253ca25670bea3dceae2296157cb0b84
CLIENT_HANDSHAKE_TRAFFIC_SECRET 442c6a6740c4be9939f309defc4b8b41aeefb8f28eb2d57f41f71fcbca66c81f aa9f5f7c9b409476badbb98fd33b11581baa3f922b866e0826934eba63cd79957084805d3cc819bfd7b141d2c1b6aa6f
SERVER_HANDSHAKE_TRAFFIC_SECRET 442c6a6740c4be9939f309defc4b8b41aeefb8f28eb2d57f41f71fcbca66c81f 78c413d107627fb0efea088c6f1a007185b013113476a807158b2ed03ec06586d269fe77d22caa6d14fe8e108f046d8a
CLIENT_TRAFFIC_SECRET_0 442c6a6740c4be9939f309defc4b8b41aeefb8f28eb2d57f41f71fcbca66c81f 16fb34fd99028f9e158e6bb93f63ffc7f6eee4d3fe01414f5600c19c3329f0944ec24f688f5c75a6b0fd69e2dacefc9a
SERVER_TRAFFIC_SECRET_0 442c6a6740c4be9939f309defc4b8b41aeefb8f28eb2d57f41f71fcbca66c81f e791596b80013549a253cc9be6ad3dc3d3910a740e374eb1d696dcb063d0a13d71279faaf97e15fe66f9273f3f316735
EXPORTER_SECRET 442c6a6740c4be9939f309defc4b8b41aeefb8f28eb2d57f41f71fcbca66c81f e83499ec91f73c00276cce18f45194aadb49b88c420f9b388159b8e2eef7a9ab9a796d32d389deadb1eb0f228b822a1a
CLIENT_HANDSHAKE_TRAFFIC_SECRET e3aa68e0da779fc277699b1cb194834e84f367903113557d59ef1a99432774f8 7d77075d94118c1feb0f949608f89fed3987d62af66c6ecb8066459398b56cde
SERVER_HANDSHAKE_TRAFFIC_SECRET e3aa68e0da779fc277699b1cb194834e84f367903113557d59ef1a99432774f8 499d43913828c685a2763d2db8e3b8e72a56740cbeca8fe72dbbc1b4debb817e
CLIENT_TRAFFIC_SECRET_0 e3aa68e0da779fc277699b1cb194834e84f367903113557d59ef1a99432774f8 abe69c351f2f3147209cf738ee713b98da6049a55a0c618b8fe8de8b35a0594a
SERVER_TRAFFIC_SECRET_0 e3aa68e0da779fc277699b1cb194834e84f367903113557d59ef1a99432774f8 228c4de6246abb1d9a107a770dd49f4c12880ef1635214ccefb1255f583bacae
EXPORTER_SECRET e3aa68e0da779fc277699b1cb194834e84f367903113557d59ef1a99432774f8 5904f2b210e07f4de6373d7b19270c30f7022461d1dc8244575cea03ff048801
CLIENT_HANDSHAKE_TRAFFIC_SECRET 3b233c5230f80314bfc1156e621f83b6fd0d146b47c0ecb4819629c4a53571c4 e2ceb9f4646dc2fc11f2fe1dfbbba6ce00d8f27453a6ff5be7824da2873c68f0
SERVER_HANDSHAKE_TRAFFIC_SECRET 3b233c5230f80314bfc1156e621f83b6fd0d146b47c0ecb4819629c4a53571c4 fec5697b3c3886397bfe1f7be2e9127ac28206f2e648207150e91e6e1a6b4f9e
CLIENT_TRAFFIC_SECRET_0 3b233c5230f80314bfc1156e621f83b6fd0d146b47c0ecb4819629c4a53571c4 ff4cfe07fe99b757e6deac1e9b92405afe3b8033c7454886c727adc8e3ec066e
SERVER_TRAFFIC_SECRET_0 3b233c5230f80314bfc1156e621f83b6fd0d146b47c0ecb4819629c4a53571c4 cd11057d450da95c17154183c166b482a0a7330deef754a5ba89c20260319c10
EXPORTER_SECRET 3b233c5230f80314bfc1156e621f83b6fd0d146b47c0ecb4819629c4a53571c4 ad97a30def54f775925d9ed43b076974e6df37ec938b5a04115163b6da79263c
CLIENT_HANDSHAKE_TRAFFIC_SECRET 5add333f838616b39c2f6fe87617542a7d15c59a70451faac9358473090dd31c a88c46b92f0e4bdb3b01b80c09ae66745e72c85c4a0a7a4f17bdee299175d562f6dc40f1d0a72b6205807dac330cc7d6
SERVER_HANDSHAKE_TRAFFIC_SECRET 5add333f838616b39c2f6fe87617542a7d15c59a70451faac9358473090dd31c 50ce09f3ddf2ebebc78c04acbfaff02c429eb6a67b2517534bfd75954789f453d4616a7f966128c361a81464b0c45682
CLIENT_TRAFFIC_SECRET_0 5add333f838616b39c2f6fe87617542a7d15c59a70451faac9358473090dd31c cba294c17c61777fa57ed5158d17131e00c064723b7b685dc91154d8ab723b90ce8e1e0f5ed5ce9701183dcfb4bf093d
SERVER_TRAFFIC_SECRET_0 5add333f838616b39c2f6fe87617542a7d15c59a70451faac9358473090dd31c a4da83d79234589675adc379c47086af66b4b041daad13dc1b4a07edcb1a17e946c377a0a7d6f6b493bee99fa8cb0e99
EXPORTER_SECRET 5add333f838616b39c2f6fe87617542a7d15c59a70451faac9358473090dd31c f5cc860797048a7e3ca3cfb89a63e314780eaf21afbbeee29949796fbbddd2642c0486610033ef2da48bd19a0a257b5d
CLIENT_HANDSHAKE_TRAFFIC_SECRET d58739bd1400d57814ac40fa9768f9441daa81b5fc38cb907f0ad96b412da098 9912b5e2074de0dd8353b06c49c0e33f64f0616294e8b799d440606cece51caf
SERVER_HANDSHAKE_TRAFFIC_SECRET d58739bd1400d57814ac40fa9768f9441daa81b5fc38cb907f0ad96b412da098 2d5eb97aeecda4f3eb6c3da11a77135aa1acd63de07941afc8eb4e97f72155de
CLIENT_TRAFFIC_SECRET_0 d58739bd1400d57814ac40fa9768f9441daa81b5fc38cb907f0ad96b412da098 82fb7aba5082e0710f3fadd4b5fba93ad2b3ab78627ac7eadf2b858544969bcf
SERVER_TRAFFIC_SECRET_0 d58739bd1400d57814ac40fa9768f9441daa81b5fc38cb907f0ad96b412da098 bd2525dae2b1fddaaff10c39832bdc1dadc838febf124e797a6a072ad722a83e
EXPORTER_SECRET d58739bd1400d57814ac40fa9768f9441daa81b5fc38cb907f0ad96b412da098 5ae2993a16e67456120053c680dcb0959ac292d1975bb5cb7ab08354b8646781
CLIENT_HANDSHAKE_TRAFFIC_SECRET 0e2d59ebc328bde466a84e646e9cac3702a0ead3c5b709b8efaa7a91e3309b37 1bc201fa60ab2fe002793838da34f4cb5462dc58f281cea1df33ce2cac78641e
SERVER_HANDSHAKE_TRAFFIC_SECRET 0e2d59ebc328bde466a84e646e9cac3702a0ead3c5b709b8efaa7a91e3309b37 3a45697fb465f3967eeb6c4c80ded5eb8126f998fe8129ca7614856f758e18f5
CLIENT_TRAFFIC_SECRET_0 0e2d59ebc328bde466a84e646e9cac3702a0ead3c5b709b8efaa7a91e3309b37 dd760880b7c4a034952dd2fcdab531faef473241019b303ac5a5fa0b04ccd740
SERVER_TRAFFIC_SECRET_0 0e2d59ebc328bde466a84e646e9cac3702a0ead3c5b709b8efaa7a91e3309b37 04b9facc915cccf2fc1c155c286f32ebda4b2331ebfdde551e1237ad770ffc73
EXPORTER_SECRET 0e2d59ebc328bde466a84e646e9cac3702a0ead3c5b709b8efaa7a91e3309b37 877b452af5d4c49c07ce2eba5225546e358eb0a26be34cc7dd439f62b9478588
CLIENT_HANDSHAKE_TRAFFIC_SECRET a3166d1d913c7db15f973c939652bae4a97bcb69298088b1cb5516448d42671a d3dfe2691ebb892db3e02809266bec6053f7278f8a7b896b588bf8e011a98119282f8ae47460d41326e73c09f81e2bf3
SERVER_HANDSHAKE_TRAFFIC_SECRET a3166d1d913c7db15f973c939652bae4a97bcb69298088b1cb5516448d42671a 2e2238629a421dcd447af933ec89ba263b4f935f266b47a0ea5557cb4bbcc2515aace758aabba84d1daac3d239c31172
CLIENT_TRAFFIC_SECRET_0 a3166d1d913c7db15f973c939652bae4a97bcb69298088b1cb5516448d42671a cee9255c2e0580f7177cce0d0b2661eaa40ca91cbefe269050ceaf5e9960f139b33f6491a170a96745a8a56d8a9e6361
SERVER_TRAFFIC_SECRET_0 a3166d1d913c7db15f973c939652bae4a97bcb69298088b1cb5516448d42671a 34ba36a2f938f1e491dbe50d830b327c2801d26da66c08b27b2e9399d400b1db02dd5b7e11ccda575599a88d6ec1f4c5
EXPORTER_SECRET a3166d1d913c7db15f973c939652bae4a97bcb69298088b1cb5516448d42671a 33977888cddc245b6939c0204bf9cec97864504e880de44f3a76014a0619760f873d010a105ac141c256d4623f676229
