CLIENT_HANDSHAKE_TRAFFIC_SECRET dfb0579e36a4be691ea6945dbb8a5c139de685599ce76a3d0b0265af6b97d693 49bf1e2543cef711a3ce338299f41f61be42b7b393f250bce4dd69ca06aa06e5
SERVER_HANDSHAKE_TRAFFIC_SECRET dfb0579e36a4be691ea6945dbb8a5c139de685599ce76a3d0b0265af6b97d693 58da4714818f36eac4918cc65154ca121c53fc5c10a93a71e2cff9f92e4e5cf3
CLIENT_TRAFFIC_SECRET_0 dfb0579e36a4be691ea6945dbb8a5c139de685599ce76a3d0b0265af6b97d693 497d0a29c46b001553c9463884a44d772f08851902076ff7cb5b9f697d4cec5e
SERVER_TRAFFIC_SECRET_0 dfb0579e36a4be691ea6945dbb8a5c139de685599ce76a3d0b0265af6b97d693 2bfe2d81dbc5fb5704135ed731092ae58cdb199361027d72cca3e1b869858847
EXPORTER_SECRET dfb0579e36a4be691ea6945dbb8a5c139de685599ce76a3d0b0265af6b97d693 440d1718130ec6cc931fb5acc66215c77375961a145f641a14297576f13b8730
CLIENT_HANDSHAKE_TRAFFIC_SECRET f7885841997137b3353f2c7c30f5783880acef8557952564eb90a4cef6e17e1e 9c1be7173ab961425a0c10d968c7a0111da3ac7d42472e311bcdfaee874f9759
SERVER_HANDSHAKE_TRAFFIC_SECRET f7885841997137b3353f2c7c30f5783880acef8557952564eb90a4cef6e17e1e b4c26450e86f846c4f3d179610e97d8ea9f1e05b994046bdcf8f84f8075a70c8
CLIENT_TRAFFIC_SECRET_0 f7885841997137b3353f2c7c30f5783880acef8557952564eb90a4cef6e17e1e 1024f41b2c356f868226cd3f4458cb059b69a4ccaa5ed4a557475b7c5a3a9a63
SERVER_TRAFFIC_SECRET_0 f7885841997137b3353f2c7c30f5783880acef8557952564eb90a4cef6e17e1e a258a961b452de331cc1835769b6b433758dc5b3e8a3b1fd7cd7a3f5ffd5ccb0
EXPORTER_SECRET f7885841997137b3353f2c7c30f5783880acef8557952564eb90a4cef6e17e1e 51dcd8c8e5339783b619bf463219332ecb1a973c1f8996d5d0d480d1cc1117cb
CLIENT_HANDSHAKE_TRAFFIC_SECRET 721cc7965b761c0691f0631a6f1b8da903bb82a71ec0400d9d8607874ee34574 46a00b9c13b58686e159e4e294fc05554fd9a9a2c858e86c84f369516a1e5eab
SERVER_HANDSHAKE_TRAFFIC_SECRET 721cc7965b761c0691f0631a6f1b8da903bb82a71ec0400d9d8607874ee34574 a78c2ad26fdebcf6bada8240bb8a339e90e8e29f00422338b84e1b98441b3e1f
CLIENT_HANDSHAKE_TRAFFIC_SECRET 82d4cdd7c8060473b4e5b76206bc12f8abba1e1dc15ac9f827111b9a33aef0e5 b4d761ecec46983568a3be02a59758ef0e2e3ce46007e02dae86734e61295ebeb05abf1aa0004c17306fd14c53ee3d4d
SERVER_HANDSHAKE_TRAFFIC_SECRET 82d4cdd7c8060473b4e5b76206bc12f8abba1e1dc15ac9f827111b9a33aef0e5 7952ca442a45d77919c9926ad9fc367becb8d4e2a1c11a227638e1ed55905a2491336bbc9cdbd2d4a178c34af751009a
CLIENT_TRAFFIC_SECRET_0 721cc7965b761c0691f0631a6f1b8da903bb82a71ec0400d9d8607874ee34574 61047e11f31a6a3a127003d1a62997e7bcd117dde798855fb7297ed6c493507a
SERVER_TRAFFIC_SECRET_0 721cc7965b761c0691f0631a6f1b8da903bb82a71ec0400d9d8607874ee34574 748d3b5aeef83652af9928ed1b0acf5a9436a34eb8ba27f09bc8311c8be4fcd0
EXPORTER_SECRET 721cc7965b761c0691f0631a6f1b8da903bb82a71ec0400d9d8607874ee34574 9055f23c3407a97597c1deefb345db93ddda2805bd08fc119ce61ef298d83262
CLIENT_HANDSHAKE_TRAFFIC_SECRET 76e8c85faa8565cdb33f0a5843d78ecc663766fc0b35b6265021543fea128443 8fab0ca331063391c1772ac05f449d76df22d726a26f0a03dfce72220860eab28715d5795ef57b26c104ed389765e63b
SERVER_HANDSHAKE_TRAFFIC_SECRET 76e8c85faa8565cdb33f0a5843d78ecc663766fc0b35b6265021543fea128443 a6493231ea6f2f4b21e292f2f0354cf71410a5c9a0973b5f6876f1a1ae204680dceaca9af1a556a176be8e554b6fddde
CLIENT_HANDSHAKE_TRAFFIC_SECRET 056d60d2b7dafc7589ccc7910c40381e489f4ff467028ecd6351e29d0468c3e6 4f18ecbed934a2f769206e2030272f0397c4f15d8539736616f2276c56f83ebdd67f02e981f9ae1a1d0d0927cead8d73
SERVER_HANDSHAKE_TRAFFIC_SECRET 056d60d2b7dafc7589ccc7910c40381e489f4ff467028ecd6351e29d0468c3e6 cb99505a5ed19269b69165f8f0c895d5d5dfdd3d4c0b36af391f64200d14c3a297342c3edee47149eb65de18df8285e7
CLIENT_HANDSHAKE_TRAFFIC_SECRET 03e674bf1bfc447273c3bd475d34d3c8300536dbced96f2077272dec793aa8ff c80b3100af95b9f0bc7ce480e9526db3796e4bab6f45bd3f65112ecc4d486499781c7cd9844622bf321458831fcac271
SERVER_HANDSHAKE_TRAFFIC_SECRET 03e674bf1bfc447273c3bd475d34d3c8300536dbced96f2077272dec793aa8ff 87d76e5d97944be7d52f2619b08b21dc205b415d730561fa6f39a20c28cb2f2328dd11de73f80ce8213fc88dd62032d8
CLIENT_HANDSHAKE_TRAFFIC_SECRET 308e6770d142784c513995762f5312e2ff5e6b3d4a6eb031521fdc4a85716528 66d6c5f8aa4c3fcfc0d233f8274ccf69bd8e3fecfbba953cf7985d1a94e47830af18a4cc0b9033862f029f62bfdb93df
SERVER_HANDSHAKE_TRAFFIC_SECRET 308e6770d142784c513995762f5312e2ff5e6b3d4a6eb031521fdc4a85716528 5d1c899623693876de585769b71b1c4d9a50ab5e2e959082ee83dceaf9d422eb7ed2a8c6eb0a70f4ba408a313cc2ad13
CLIENT_HANDSHAKE_TRAFFIC_SECRET 6e3714ec6c29e82d4b9267628d01da1901b47a28f1ab83341926a281e1f73426 37b9b4064b1c9f3a91bac0180a7c7147f4741d726bab58b61c30c822251b4d2adb1d77c6dbc7d6e7d0b0772f682c1d81
SERVER_HANDSHAKE_TRAFFIC_SECRET 6e3714ec6c29e82d4b9267628d01da1901b47a28f1ab83341926a281e1f73426 318040524f4b0842afcf07fa535e0fc4471b49565bc2f8cd3d6a78f2a9946ada4f694158008956f920fbde16090be073
CLIENT_TRAFFIC_SECRET_0 056d60d2b7dafc7589ccc7910c40381e489f4ff467028ecd6351e29d0468c3e6 0d0d6d164b5cbf443ad4fa364d0d77fc24b7fe03d49a94969e9fdba51d7472baa232754beab9c645402247b1626e34ae
SERVER_TRAFFIC_SECRET_0 056d60d2b7dafc7589ccc7910c40381e489f4ff467028ecd6351e29d0468c3e6 6fd150b07f592c015a53a4fddbca238e4ea4d8d0d6fd4613b23602bb90ef35ed97a1570e86c1d265867686b9765b36b2
EXPORTER_SECRET 056d60d2b7dafc7589ccc7910c40381e489f4ff467028ecd6351e29d0468c3e6 03f90b2a97cb82706d2a4384dee394a8a40fad0ba4cf9199cc374ccccb2016dd5a8bed7691fbd6f24d81652b9d56725e
CLIENT_TRAFFIC_SECRET_0 03e674bf1bfc447273c3bd475d34d3c8300536dbced96f2077272dec793aa8ff d8c096ce53706806eb7ee99e552d14c4aa8501cac299474cb57bbd90e1176be05bf59bf2321850a93592e5838a31f602
SERVER_TRAFFIC_SECRET_0 03e674bf1bfc447273c3bd475d34d3c8300536dbced96f2077272dec793aa8ff 7187c28ab421af6d24a40d70084513eabe0c679b46966106b2af0211af402939ed33383589a85254721068fc0ace8b87
EXPORTER_SECRET 03e674bf1bfc447273c3bd475d34d3c8300536dbced96f2077272dec793aa8ff bc3d63b76bcefd3a9f5f9a62adc818573ce1f43bfcbc78b43f2af10e4d4b356c2216db2d903a34ad411a06079190eed6
CLIENT_TRAFFIC_SECRET_0 76e8c85faa8565cdb33f0a5843d78ecc663766fc0b35b6265021543fea128443 69e5fa1110ac2f6b1b0778ba608d3104b1a75df512a3b5703766b86458c37d4af6d52004716ea90bf1cf5ec0b0faea6b
SERVER_TRAFFIC_SECRET_0 76e8c85faa8565cdb33f0a5843d78ecc663766fc0b35b6265021543fea128443 976c12726869da42280515dab9d25e2553ebd879199ef3fa40c1df108d2486f0a5508dc7b4813c475849df56edf54343
EXPORTER_SECRET 76e8c85faa8565cdb33f0a5843d78ecc663766fc0b35b6265021543fea128443 f1c9a9d8147d331e7340e917c3b40d496cc9f97a75bae9d100e0fdbbb1b16a3d988fa64794cc67e0120c03145e72d135
CLIENT_TRAFFIC_SECRET_0 308e6770d142784c513995762f5312e2ff5e6b3d4a6eb031521fdc4a85716528 76cd364d19aefad8813c6b5d70ee175957d715bd39e23d7d926b172e39344b8e2b025bb78d307cb46c5138e036fd1a72
SERVER_TRAFFIC_SECRET_0 308e6770d142784c513995762f5312e2ff5e6b3d4a6eb031521fdc4a85716528 6a1f0cd93970abab84e23141982fbb3da29f7a7f191823d1fecaf5f5d855c1f2fc8a499aa30de2a364e826fdb7c1d906
EXPORTER_SECRET 308e6770d142784c513995762f5312e2ff5e6b3d4a6eb031521fdc4a85716528 5838cbddd8538578c5873426d839483f55210af326c4987c19b987a1e0b9438f3e1fce5e1fa9808769b9310bd8e2fb20
CLIENT_TRAFFIC_SECRET_0 82d4cdd7c8060473b4e5b76206bc12f8abba1e1dc15ac9f827111b9a33aef0e5 2ed207d7b726d3f76d16eeac4e9cf74ed90993eb64f3ba77f87f989d6e131500330f1e0e9bff447f4911e32c55d1f62b
SERVER_TRAFFIC_SECRET_0 82d4cdd7c8060473b4e5b76206bc12f8abba1e1dc15ac9f827111b9a33aef0e5 612083227bf3e37d0af3e7f139056fc459e867841093efc61673801e1362686c549e3704c3e4b248be2edc13dd30041e
EXPORTER_SECRET 82d4cdd7c8060473b4e5b76206bc12f8abba1e1dc15ac9f827111b9a33aef0e5 49b43df01107c455eded2a88af1ff347054bbbc5a74a67b7f0fac001d50d5258d977678b8adc604b272984d6b4ee34ea
CLIENT_TRAFFIC_SECRET_0 6e3714ec6c29e82d4b9267628d01da1901b47a28f1ab83341926a281e1f73426 f115b7cc58be60e01d96ad635d36b16b40e63f87f482777639742072f80b89040c8a6a9f362d97d661cd94d7891bbe86
SERVER_TRAFFIC_SECRET_0 6e3714ec6c29e82d4b9267628d01da1901b47a28f1ab83341926a281e1f73426 21998e39bf01538f8d160994d93db085e57b1f4de6816135c49ee1b22b7eb16e221ee419253dee3f4357d5e249e5f62d
EXPORTER_SECRET 6e3714ec6c29e82d4b9267628d01da1901b47a28f1ab83341926a281e1f73426 b127c6576eb6d4b2f713a8ecab36063a205550d655e563d39e7dd55f3da204d01b8fae21abf0d325cc656a6b6574a300
CLIENT_RANDOM 1d23b3ceda462dc998533c8c61315bb728997926584a8218f281dae897021c5a 2fa62a5841272f258188572eb0239234f2eeb1d65f80f6b36ba1fb4740a0b31e0e9ed80605121d13a9faeb8a5a3ceee9
CLIENT_RANDOM 6e5aefee8ffd235e98f9e6d7c2664ccd91e096c16385154d86b0b7160a8d6689 51adbf0601d18573b3d50aa3d154d131805366e8550785eeb81b18e18afc768dc59606cd8cf21b91a44be19c525f2045
CLIENT_RANDOM e73fa697b3c69084a1abcd42ba47699b4b136e0a8cbf342bb7a374d84e4fef18 dd69dd608f309a6297512fd6ee153ffb178139c91974da24ac62d42ea5c84350f257b1452cf9eaa578bed73be75329a7
CLIENT_HANDSHAKE_TRAFFIC_SECRET 0e43fbe27ab563379d2d88250990b70119a8628545bb36eb5213b7a7d8afff5b a827e8463dcd8cba515bb22d3923add7bd3ac15661cf3b2ea603e5161ffbcaea
SERVER_HANDSHAKE_TRAFFIC_SECRET 0e43fbe27ab563379d2d88250990b70119a8628545bb36eb5213b7a7d8afff5b 2ad14ac635b6213eecee38f84b997e6554ddf6f8fbd99dcf2e601c912474584f
CLIENT_TRAFFIC_SECRET_0 0e43fbe27ab563379d2d88250990b70119a8628545bb36eb5213b7a7d8afff5b 8d9aa719b1fd15d3b428bb2ebfe4529079c826e6493aadf6d5f5bbb06b6ed8e7
SERVER_TRAFFIC_SECRET_0 0e43fbe27ab563379d2d88250990b70119a8628545bb36eb5213b7a7d8afff5b b2af49898896b4c592a4d2dbe0da0c31066a5f969b60b51c0e224ad1e3909159
EXPORTER_SECRET 0e43fbe27ab563379d2d88250990b70119a8628545bb36eb5213b7a7d8afff5b 70089a727867528d910dee8550179e8b295454c1c82fae3de3ae5c7cf0dbdeba
CLIENT_HANDSHAKE_TRAFFIC_SECRET 92ca53d4d9f41f5c6571a33c55496a489654ed5623131d340584fa0bd486e2fe 8b52da4650ea8c3f4adfe77fac331f2bfe1d2ed75b22ffa20ce4f4f0b7f69602
SERVER_HANDSHAKE_TRAFFIC_SECRET 92ca53d4d9f41f5c6571a33c55496a489654ed5623131d340584fa0bd486e2fe eb836ffd2a2de8d34d67cccd3624b5aa1f646515077af9c9deb013590aa0823f
CLIENT_TRAFFIC_SECRET_0 92ca53d4d9f41f5c6571a33c55496a489654ed5623131d340584fa0bd486e2fe 3f6562c0d57b2ddf1655740f9302dad26b12cebb99c0591fb8d1c782ae5f67b7
SERVER_TRAFFIC_SECRET_0 92ca53d4d9f41f5c6571a33c55496a489654ed5623131d340584fa0bd486e2fe 373ef9b1d7278aaa787e33de1fb82cf787cca618260ed38fd9e1291d2a4e569f
EXPORTER_SECRET 92ca53d4d9f41f5c6571a33c55496a489654ed5623131d340584fa0bd486e2fe bd50c647820498ac7bdbc56fd8f6057c112891815ff0122490ffafce9b7736f1
