CLIENT_RANDOM 269e53826572dc5c0964da104a99b1583ad7713d5d9194dae4f693980655ff02 ab0ea1927cde3166644dc51a54993a4827f36e215f3b59774dadf8876216032d2d2cb9617b715e7d9df2cb675f54724d
CLIENT_RANDOM 9f1bc3f7b68164c373b2c985c76c71038d3b30bf9cc77b1c5375a5ba4688b2b2 e97de40e4a33d46a9113a1ba1d8346bee50580cfb64a9b1fcf61592f6eb52bfd3e58cdbfd55d4b8484048f289b10c159
CLIENT_HANDSHAKE_TRAFFIC_SECRET 3a9e96d5824bcef40a32675c25b42b57c3496cd3449ea037efff9245451c7edc 5f706eb145a2eb73d011d1c0fcad5a998702a91379734eb8a186e6d8d351fa03f2ac1325fa2bfa5f290be65cf8e5ffbf
SERVER_HANDSHAKE_TRAFFIC_SECRET 3a9e96d5824bcef40a32675c25b42b57c3496cd3449ea037efff9245451c7edc 90c0a57dc8ee9680382ef461d346f800cdda4803aaad9171ae2e5a58d52e8cf52cbe9ba85e2031d07b1bdda5905798ee
CLIENT_HANDSHAKE_TRAFFIC_SECRET d78aa7903f6d7fad69378644c71e23a47777fc7ca45da99821da1f53a288da4c 8c08a0d5f1d09b864943476e909dc6d1ab4ba936470953e81c0d473964aea5b49caf5b1e73a1f1231bacc168463ccec9
SERVER_HANDSHAKE_TRAFFIC_SECRET d78aa7903f6d7fad69378644c71e23a47777fc7ca45da99821da1f53a288da4c 1be6022130e6013730046b90f98d4e7d6a9ac142e81b9e07a9377413e58aae1442ee7fee5f6a558c28cf185c53aa8046
CLIENT_HANDSHAKE_TRAFFIC_SECRET a448fa76450ef96273bafd090955baf4132e3782a91227679a636082a226e30a bceff7283ddecaf043256b25ad6e9dc173fc9dd9ce955ee2ad94cb47245417c3590c4b1a18c395f3c51bc4fdb90332e1
SERVER_HANDSHAKE_TRAFFIC_SECRET a448fa76450ef96273bafd090955baf4132e3782a91227679a636082a226e30a 6b7de9677144d883084fc59aebd04d89c767c09d82f54fade60ef96fe8433dcd9a8f8c979e135f7a770e33335b2fa47c
CLIENT_HANDSHAKE_TRAFFIC_SECRET 635f2b76f4ac3aed290d117872a4321e0c64d5ce1c072a32d79f293b862e34fd 6e1b60f87bb0d0bff480c7a9f23ead1ee77c95e0f36c7d3b8888f9797710f9afb457b8a2af01066437facd9833970fdd
SERVER_HANDSHAKE_TRAFFIC_SECRET 635f2b76f4ac3aed290d117872a4321e0c64d5ce1c072a32d79f293b862e34fd 63dfb754a18f4396d602cb10170bf8a3ff0a4b6703230df757e2979e3e82d1f79118cd96a5d619a0c81fa93429d0ad2e
CLIENT_HANDSHAKE_TRAFFIC_SECRET 2deaaed0cf6fe64981b130ccfa981341ea9d683f907787234c59ab518dc9dd63 d2dbf6eb8e6a3b94e71367a50b58f64258dcf83f188b40c2b508c50d4130c0cd29d0841d472d2b57bb5c1fae773139ca
SERVER_HANDSHAKE_TRAFFIC_SECRET 2deaaed0cf6fe64981b130ccfa981341ea9d683f907787234c59ab518dc9dd63 05e47643583c62118fa190e5a4c90b5f0319aef7d048c1868e71d9c03fb8c1b36126ee3474f96cc1c39253b6b3967e8f
CLIENT_TRAFFIC_SECRET_0 3a9e96d5824bcef40a32675c25b42b57c3496cd3449ea037efff9245451c7edc da61bd9696fef3d606e7a6428628dbf5d7ab0f7ae7c65828d9da3de6568f368b8164d45497c9834beae658b80185e85f
SERVER_TRAFFIC_SECRET_0 3a9e96d5824bcef40a32675c25b42b57c3496cd3449ea037efff9245451c7edc ae48b96d0d07f6d1467b30f4f0c1b0559d883eca1b43d69ff631a70ddc767a03b7d1092ba4666de797d94c9ccf196684
EXPORTER_SECRET 3a9e96d5824bcef40a32675c25b42b57c3496cd3449ea037efff9245451c7edc ea85480812a0c80c129091af6159828a286f8ed5841d5b986e49ce4d82f3568b57bb468ea890eab1aed5f169e7632bd9
CLIENT_TRAFFIC_SECRET_0 d78aa7903f6d7fad69378644c71e23a47777fc7ca45da99821da1f53a288da4c a7e755f59f0731543214c32d1ead7880b54a00ca04639f297f3dbe756218054bbd0d5b551c6a414e354435323ab489a5
SERVER_TRAFFIC_SECRET_0 d78aa7903f6d7fad69378644c71e23a47777fc7ca45da99821da1f53a288da4c dbd6f349f64a685232db7df6bcc366da2489c751e168d99e4ebc84bd029805bdea6198456e38f537b6be97e7d40157e2
EXPORTER_SECRET d78aa7903f6d7fad69378644c71e23a47777fc7ca45da99821da1f53a288da4c 270b3203cb37fee01967743d1c0d795bb4452901caccb68197ff645bbf242851908fd4ec3825ce44d9ec3793b0173eed
CLIENT_TRAFFIC_SECRET_0 a448fa76450ef96273bafd090955baf4132e3782a91227679a636082a226e30a cf479a8e10dd4e45f898416cf84ef402472051cd593474e8c3e849467bbc56d6d7731e6713d6e2a33b1a3ee4791d93fa
SERVER_TRAFFIC_SECRET_0 a448fa76450ef96273bafd090955baf4132e3782a91227679a636082a226e30a baf961048ae6cf81c0ed9ce49c930c06736648e4d9b2540da1d4c9e1662d1fb87c8542b68ceabedc0b687f39e0cb4abb
EXPORTER_SECRET a448fa76450ef96273bafd090955baf4132e3782a91227679a636082a226e30a 29638b10995d71e5f40248bfc9a3ac9c90e3193bef78309ed3acb2f292d8c0dd668d1f5c908327912244f52a51f4a2ff
CLIENT_TRAFFIC_SECRET_0 635f2b76f4ac3aed290d117872a4321e0c64d5ce1c072a32d79f293b862e34fd f92c3114478c837001990d6927ab365c33e319b3595d1cab7cf1293abd922e385917e79412fb5111c3a2a33b9f55b9ed
SERVER_TRAFFIC_SECRET_0 635f2b76f4ac3aed290d117872a4321e0c64d5ce1c072a32d79f293b862e34fd 1769ed13c44ad6f0452931fd8bb341b64fdf01a82f1eb257b7734f7baa5c44b7bb9464a4f229181ac9507bc1911d0f74
EXPORTER_SECRET 635f2b76f4ac3aed290d117872a4321e0c64d5ce1c072a32d79f293b862e34fd 0d5808dc0b2dfe1dd8e5412c0dcb5a4fdd166f3665e58656b81e93cd72c7172a8ccda532021cf013575b26a4faf80783
CLIENT_TRAFFIC_SECRET_0 2deaaed0cf6fe64981b130ccfa981341ea9d683f907787234c59ab518dc9dd63 e5d3e7f5858228400d4c01ee69154457ccbb8b0e770d6081cfd2d6c2895817192b81375d35c9033004f50890df080d5c
SERVER_TRAFFIC_SECRET_0 2deaaed0cf6fe64981b130ccfa981341ea9d683f907787234c59ab518dc9dd63 6fede200f3ab9d89359e08ffaed6cb989d5176ed98f47f4b30d7e4b6a5bb004f0bb92127053030ee9d03f72c2536b736
EXPORTER_SECRET 2deaaed0cf6fe64981b130ccfa981341ea9d683f907787234c59ab518dc9dd63 29aba7ed4e34af35c51531fd0144102dd17ce88ddcf7dc10b56db10ce7d810e66731e0dccff595a233c3f63af70f1d08
CLIENT_HANDSHAKE_TRAFFIC_SECRET 9c35e935111fac8e44d1373056c5d92ef5088db459cc640ce53ecb329fda0abc 6f3ce3476475472ae65f9b37b2bda911b4d77adfff88ebcaab4ba860c89ef63e
SERVER_HANDSHAKE_TRAFFIC_SECRET 9c35e935111fac8e44d1373056c5d92ef5088db459cc640ce53ecb329fda0abc 89ab63d67ff52e3427bf9fe52a619369ac0b2f1de760030c039f2375347eef0b
CLIENT_TRAFFIC_SECRET_0 9c35e935111fac8e44d1373056c5d92ef5088db459cc640ce53ecb329fda0abc 3530e1ce14b49c46037fef3d3b384c299ed4f4d23f39c849d0b8d4d16cbe341e
SERVER_TRAFFIC_SECRET_0 9c35e935111fac8e44d1373056c5d92ef5088db459cc640ce53ecb329fda0abc 4344d8b9961fe4b124579553ccebcc0ea4d44467304d69d8041e31f489b2cf3b
EXPORTER_SECRET 9c35e935111fac8e44d1373056c5d92ef5088db459cc640ce53ecb329fda0abc eef212ca4efc7fdaf24d2628d7d3bf4a43761b609f3194976307481439acb272
CLIENT_HANDSHAKE_TRAFFIC_SECRET 7a0dbb846f317ba7b071ebc781a49c66a525b7692ef9a003a8ce75c43e65d23a 613dba4332b2082c4f81db4b5fcc9c85430232df569849ec598968ccd9c437f8
SERVER_HANDSHAKE_TRAFFIC_SECRET 7a0dbb846f317ba7b071ebc781a49c66a525b7692ef9a003a8ce75c43e65d23a 08f290511241221d1904655810042881e5cbe5b86ee55e63af6270952465b8d4
CLIENT_TRAFFIC_SECRET_0 7a0dbb846f317ba7b071ebc781a49c66a525b7692ef9a003a8ce75c43e65d23a 7f10d53e7a3f9cbc3f0cd1cd0785c89d43ee2c232b4e63e555fa107b939c3837
SERVER_TRAFFIC_SECRET_0 7a0dbb846f317ba7b071ebc781a49c66a525b7692ef9a003a8ce75c43e65d23a 456ed1560121b14a66e05a506e5b4ecc21ee30be65f8e5508ca37754e89acadc
EXPORTER_SECRET 7a0dbb846f317ba7b071ebc781a49c66a525b7692ef9a003a8ce75c43e65d23a 5c0bc641839128ef75ba1754749ce685d2e9b3e3811ee70be002e801272b486f
CLIENT_HANDSHAKE_TRAFFIC_SECRET 0a1cda0072379c638a738d54150cb7c7890c686a8150815c965151d2f0212fa6 dbbf3538b92d6a39abf311444b54d5bd90a26d978769a70e5abcdc81449ea38f
SERVER_HANDSHAKE_TRAFFIC_SECRET 0a1cda0072379c638a738d54150cb7c7890c686a8150815c965151d2f0212fa6 dadf2883dd94085e544bb8563d1fca873be8ce14855a9de46074bf6ed8f7850e
CLIENT_TRAFFIC_SECRET_0 0a1cda0072379c638a738d54150cb7c7890c686a8150815c965151d2f0212fa6 a79060836f4a6edff6be8fcb03838b701a7892c5bb49e37a342c28cbb5e490b1
SERVER_TRAFFIC_SECRET_0 0a1cda0072379c638a738d54150cb7c7890c686a8150815c965151d2f0212fa6 f0aa92f72ae4a25fd63c26f4913d4ce11b99f590de4e717ce12261c72e5c3520
EXPORTER_SECRET 0a1cda0072379c638a738d54150cb7c7890c686a8150815c965151d2f0212fa6 1e6d7a7cebaf08b2c068795e035a3293e0a7737201ceede648fedb613b421826
CLIENT_HANDSHAKE_TRAFFIC_SECRET d3ff838a593e1fee738789f4ce62c1544a7ffd2bc08fe6af48ba13bb74502779 c81d7f9c17017707270d72c67415b981ccf70c0ae4e055e83b96df7535290f54
SERVER_HANDSHAKE_TRAFFIC_SECRET d3ff838a593e1fee738789f4ce62c1544a7ffd2bc08fe6af48ba13bb74502779 f9057d1732dbe123de544471956dd37884cad88a54806f714531bd643f5aa96a
CLIENT_TRAFFIC_SECRET_0 d3ff838a593e1fee738789f4ce62c1544a7ffd2bc08fe6af48ba13bb74502779 a68f0b4262523c5c821c49cc364de75afbc5f50603f34aaf1a7fa3e7bc929c1e
SERVER_TRAFFIC_SECRET_0 d3ff838a593e1fee738789f4ce62c1544a7ffd2bc08fe6af48ba13bb74502779 80a9a9050173230e6108f3c97ce4867e127f28f6f98705729bc6a967f4be0b84
EXPORTER_SECRET d3ff838a593e1fee738789f4ce62c1544a7ffd2bc08fe6af48ba13bb74502779 a14088dd96bec141b61061766c896c488b415cdf07fbc46ae963c46097071e6d
CLIENT_HANDSHAKE_TRAFFIC_SECRET 6ce3f28922549df615deb29633133360caf986a579767eba765ab2b2306371c3 9fa5b99e168865efe2d36f0e21f79ffefe7ff2446f965505608edded0796a113
SERVER_HANDSHAKE_TRAFFIC_SECRET 6ce3f28922549df615deb29633133360caf986a579767eba765ab2b2306371c3 18744dfbe911039355c656d6281b1127a3b4479a7e6132851cea7fc2add70e43
CLIENT_TRAFFIC_SECRET_0 6ce3f28922549df615deb29633133360caf986a579767eba765ab2b2306371c3 b9cfebfa905f25abc8bca52886b08e5bc8c9f5af36e35f2582bc139912e42a62
SERVER_TRAFFIC_SECRET_0 6ce3f28922549df615deb29633133360caf986a579767eba765ab2b2306371c3 2e0a190d80ad99cf41ab390a95c881859a29bf6b43b81f0ac2827825ed882756
EXPORTER_SECRET 6ce3f28922549df615deb29633133360caf986a579767eba765ab2b2306371c3 1f8e85a6c857099f62a5fd65cc3635ad9250270e71c3425944ee59468412242f
CLIENT_HANDSHAKE_TRAFFIC_SECRET b1583b0a52d631d6edebdd508cbdfd3236e2f97e90c307a914c850a13147907c a96a0bcf5d84c8ee08bcc9b94f952c28752899b1a1419e70cc468efbf8e15135
SERVER_HANDSHAKE_TRAFFIC_SECRET b1583b0a52d631d6edebdd508cbdfd3236e2f97e90c307a914c850a13147907c 0f09d45e786d9300f7c3dddf9fa9684619d936eb77c1fce1420ffd22a1a6eab5
CLIENT_TRAFFIC_SECRET_0 b1583b0a52d631d6edebdd508cbdfd3236e2f97e90c307a914c850a13147907c 909537c4abd05d0d5a261be2cb759e584cc10fee9c81045a969c6e3fd2895c63
SERVER_TRAFFIC_SECRET_0 b1583b0a52d631d6edebdd508cbdfd3236e2f97e90c307a914c850a13147907c 8ed7b3371de38acc25abe3836785e64d434ec8f06e505f6af9918cfd3199205c
EXPORTER_SECRET b1583b0a52d631d6edebdd508cbdfd3236e2f97e90c307a914c850a13147907c 25926587bd86571d5500f6fce7272e7c6ef6eac1f29fe743b9345d587dae9527
CLIENT_HANDSHAKE_TRAFFIC_SECRET 48553cded1b97eb64ce965e14bfcc515c889d6ef6c19c9cc9b80d0dae7874c3b e84b90be57aca4799c4525838066408655073f84833bb475262212cefb663714fd3eedde5ae47c8fc52d2bce08c6996a
SERVER_HANDSHAKE_TRAFFIC_SECRET 48553cded1b97eb64ce965e14bfcc515c889d6ef6c19c9cc9b80d0dae7874c3b 194f5244acdb5df21938a66225b1fe6b5c8f46d6e207b0e76ff09d3d6ad759a5c9265e0117bf59669e356b54ba2acedc
CLIENT_TRAFFIC_SECRET_0 48553cded1b97eb64ce965e14bfcc515c889d6ef6c19c9cc9b80d0dae7874c3b e469caaac9576ce9da4c14878ad2d3371d1fefebbacbb79339d6b77ea6e89e7103658ea55d04db8a3dc54a39a3492b4d
SERVER_TRAFFIC_SECRET_0 48553cded1b97eb64ce965e14bfcc515c889d6ef6c19c9cc9b80d0dae7874c3b 1cbfa915ac82364b88aa5fc3c34cd23ba114196069640df0752fb38b8b3e2c6c564ca722e922ef5b3be830065a7838c5
EXPORTER_SECRET 48553cded1b97eb64ce965e14bfcc515c889d6ef6c19c9cc9b80d0dae7874c3b d15ec90f6e2266fb3b08ba616a2435695eac5286e0f43f0c645d6e52973961b1f27f4c1819acf64363a50c8cd2734fb7
