CLIENT_HANDSHAKE_TRAFFIC_SECRET ad1c0d62c25b72446d40bcc2e93bd067dd61615452202294dbc0c3f67062f169 2626841514cda4979c266c4d5d29dc878c730e8c8d3759535a99dc74cf68336afc289ec251feeaa95a7df6a5f46fdf7f
SERVER_HANDSHAKE_TRAFFIC_SECRET ad1c0d62c25b72446d40bcc2e93bd067dd61615452202294dbc0c3f67062f169 7c0f6fcf06589f8bed66125000aa29661c9206cebcebbf3405ccda824b73afa5b1d42a0508b9dff7cad69b3378d37451
CLIENT_TRAFFIC_SECRET_0 ad1c0d62c25b72446d40bcc2e93bd067dd61615452202294dbc0c3f67062f169 51d1c13511656b4ee375e026290d4102b359f987a9ba4e64ab03e896d9cad14f26d346039ec923ba32ee19dca9452e42
SERVER_TRAFFIC_SECRET_0 ad1c0d62c25b72446d40bcc2e93bd067dd61615452202294dbc0c3f67062f169 353c88cd67307db0872dbc7d6f517ba976568997f969f7c41129653e358017a4bbf4172212e6ee4f72e442b323600608
EXPORTER_SECRET ad1c0d62c25b72446d40bcc2e93bd067dd61615452202294dbc0c3f67062f169 835a0a2eac3f4ff44305af32a529f4229e8d9f53174c12853ea260be177dc340b26263cab5b2447fea2cea15a49bdfe6
CLIENT_HANDSHAKE_TRAFFIC_SECRET 0974875a871cbce1d7c2ea9f0e5c71e2c76dc5219774041d252d9df9602f9aa1 2b54f71cbc1da395fe70b2391a34ff9e6914c195d06af1cf20b4f8c28fe35a9e
SERVER_HANDSHAKE_TRAFFIC_SECRET 0974875a871cbce1d7c2ea9f0e5c71e2c76dc5219774041d252d9df9602f9aa1 72dcea566aa9ccae7e805ec809a824fc8ebe1ba07c16d574980056d9a3baa28f
CLIENT_TRAFFIC_SECRET_0 0974875a871cbce1d7c2ea9f0e5c71e2c76dc5219774041d252d9df9602f9aa1 434b168fbcca20d1f034d57bb602f23b9e243387a019eef201906590a40b39d8
SERVER_TRAFFIC_SECRET_0 0974875a871cbce1d7c2ea9f0e5c71e2c76dc5219774041d252d9df9602f9aa1 7b0185dee998494d580cc20304586cea1389fc7dcc633646e030f253cd84ac5c
EXPORTER_SECRET 0974875a871cbce1d7c2ea9f0e5c71e2c76dc5219774041d252d9df9602f9aa1 f01c3362bda5262368d06fca112dc0eccd60bdc2c5b491c3c03be27e6d0a5eaf
CLIENT_HANDSHAKE_TRAFFIC_SECRET 25d9264ab53468a8815cd9cc3aebc7fa0f55bc409a2a98164ba732df859382ed 4bca482f579cab30f95c0b6e488a7e0eb885f272e256ea30e8810cdd4def66d8
SERVER_HANDSHAKE_TRAFFIC_SECRET 25d9264ab53468a8815cd9cc3aebc7fa0f55bc409a2a98164ba732df859382ed 05357fab289086bc5029fce5b7a6f317466aad72213d293ed8c2c00473dad358
CLIENT_TRAFFIC_SECRET_0 25d9264ab53468a8815cd9cc3aebc7fa0f55bc409a2a98164ba732df859382ed 3c861278d683b97ecc8df6e96667e25c939798ae93159a517ae4eea90d380bcc
SERVER_TRAFFIC_SECRET_0 25d9264ab53468a8815cd9cc3aebc7fa0f55bc409a2a98164ba732df859382ed 8a8d72b2b723d62075dbf6e1df829966ceebf9c15c7e4d48273e8f42a64d577f
EXPORTER_SECRET 25d9264ab53468a8815cd9cc3aebc7fa0f55bc409a2a98164ba732df859382ed f1761bccc226efd51513376ae18ae7311ac4a9851375bafbbc08ff8e2a42ac22
CLIENT_HANDSHAKE_TRAFFIC_SECRET 26593b57b414478e5af84df0547b333bb9b00bff09ac5cbe6c9cfb646d0c753d 5bda90fa0f8b76c11e4113a38ca77dfde18e17af6b8a2d98e520278a7c57fb74
SERVER_HANDSHAKE_TRAFFIC_SECRET 26593b57b414478e5af84df0547b333bb9b00bff09ac5cbe6c9cfb646d0c753d b4a39a766aecbfdcdb71b32f2b1bdcef4ab4c30dc698ca98337ac0160da8d970
CLIENT_RANDOM a53efa0d9d0154384f758df864d5730c2be9a14e30af10ec148c309cd841847a 992d97558419705b0a57f440c8eafc51812ca9b2148e7535a7a7ffb90d75c612a141f5c00499045e914832082a70b705
CLIENT_RANDOM f932a44c338ea4b9b5e41b5e52ae9f76d213cf627a091e805475f25356a062b4 4a60c11099db32a74bc7fecf8cb3e4dec84eba32432dc289bb0a0e22674bd9cd9d5dc0380b1cfab81c7f5f3f561d9b0d
CLIENT_RANDOM 1a9070d6a1a81cf52da6a69ef2944e9708cee183ac4941fdcae8eac4ef879615 c761aafb3255bca17f1421470c1b623abe84bd0f58191b9140494556a46faec943dc6e29d64c7383d2e2b4a5871f0eda
CLIENT_RANDOM 62c262768796ef827eb7d36bebdfde204b5a1e0553a2c418e30074b10348565e b63c7e411721e28367731ed1f8aa9550ddf82cc5e4ae51c2f31053f1dbc37dd02d9d9dffb507400099d9952d06a3de94
CLIENT_RANDOM 43dcc714092783b0152f912f8835111b6ef2bae1825d2ad7a93c3c692085b896 b66a63477e40c03a5df75e7d0dd677ad204f96f9b52651d9cd45b4c0719667677a530f2efd0cf1f4d720839193873482
CLIENT_RANDOM 1c48bc59278b1a35281683a9485fec1840777c3181894025f6011730beedb12a b65337e1ded9a4c1692b8b85a05964c1639636edb746523add0b7332ccbe4b4c70672e4c17f61a2270a15ecd1b0ed8ed
CLIENT_RANDOM 50ab42e477d90c1bd4b57b2d1b385e30d3f5ac88e8fce6559061864e48f4942c 0b4c934464345d6ef58fb0bad5b82c3931128050002c2c9cc27feec3ce07a5f57b9162a16752e5a16115c6cefe294709
CLIENT_HANDSHAKE_TRAFFIC_SECRET 1b17d88750188abb5dd7298452d4274e7a37f0d8a7857b45c8f4b75a8c901501 2d2276b81e92d1cfe4e642e7f6f0997ca09d05bbcf8e15f8caf548a8d06e23d2
SERVER_HANDSHAKE_TRAFFIC_SECRET 1b17d88750188abb5dd7298452d4274e7a37f0d8a7857b45c8f4b75a8c901501 a8c87c249787ac2cb91bb674a757d639c68997be26ca2794196582fd6ccb4bfa
CLIENT_TRAFFIC_SECRET_0 1b17d88750188abb5dd7298452d4274e7a37f0d8a7857b45c8f4b75a8c901501 24a29ef1245a746723d7e1b6d8cc1ed064ec77e50af3138efa7dd067bdb091f7
SERVER_TRAFFIC_SECRET_0 1b17d88750188abb5dd7298452d4274e7a37f0d8a7857b45c8f4b75a8c901501 8bec8f74c94b09102fefa922ae20af2d995ba8eb635e3f21e0e58fdc0c1db42c
EXPORTER_SECRET 1b17d88750188abb5dd7298452d4274e7a37f0d8a7857b45c8f4b75a8c901501 d2fae5dbcedbd26103d863a53706a079c627a57aba633c73d94cb39b69b86e0f
CLIENT_HANDSHAKE_TRAFFIC_SECRET b861f9f3f4289b5ade4b47c957ee2c5c96d881d5ee19b589c6c84732559c439e 71ab3dd223005a0cd78252423f10835b27b445c9cc7a31d139bf13a95c6bd96a
SERVER_HANDSHAKE_TRAFFIC_SECRET b861f9f3f4289b5ade4b47c957ee2c5c96d881d5ee19b589c6c84732559c439e aca919a769135fbf32db58b05fd3b4ab87e3edf2cbc91eeab7dfc2239ca438dc
CLIENT_TRAFFIC_SECRET_0 b861f9f3f4289b5ade4b47c957ee2c5c96d881d5ee19b589c6c84732559c439e bbaab431315de7f03ddd11a1ade9e6238e7b89b0a663b61ceeb2d07d905035bb
SERVER_TRAFFIC_SECRET_0 b861f9f3f4289b5ade4b47c957ee2c5c96d881d5ee19b589c6c84732559c439e c4f0be01e58dc20356c4b1e7bcf383e63f465793757fb28c593cc821ffd29ac2
EXPORTER_SECRET b861f9f3f4289b5ade4b47c957ee2c5c96d881d5ee19b589c6c84732559c439e 62399e936e55359757d588987a01a3d9219f9eeace5d881814e3941a5db588ac
