CLIENT_HANDSHAKE_TRAFFIC_SECRET 599bffb9d840da3e193caad76bc5247854d99e01c2a7e5b96a90af5bc3382e22 e4c626841f9aa0fce8bcafe5d0687a05380868b1e689eea178917c8f96a0f91a012a84ccbd7e39c97da48040cc2262c5
SERVER_HANDSHAKE_TRAFFIC_SECRET 599bffb9d840da3e193caad76bc5247854d99e01c2a7e5b96a90af5bc3382e22 17575cc2a5e7f5f1728ef6ae0a7246c10871c5615503449fcbbc3ca10fa802dabac1247c4d873e38ed8957cd61ff1bf3
CLIENT_TRAFFIC_SECRET_0 599bffb9d840da3e193caad76bc5247854d99e01c2a7e5b96a90af5bc3382e22 e042e41d885a9e1b3093cb65ac250249bcf663149a6561d895f61c5f2b30a480e34a7f3471d2b55d1e29e9e660312562
SERVER_TRAFFIC_SECRET_0 599bffb9d840da3e193caad76bc5247854d99e01c2a7e5b96a90af5bc3382e22 8dea400fd161706494b848678241c5b4528a24d3b09069bb90a03642cf0c669a3176f6a434334af69cf5d9e87a924ba5
EXPORTER_SECRET 599bffb9d840da3e193caad76bc5247854d99e01c2a7e5b96a90af5bc3382e22 6bede360fe5d29046d13b85b1ec970a5f9790abe2013836dadcb97b5638a8bcd2c3bc28412c0ef37c8c36d85357f5e35
CLIENT_RANDOM 6c92935f8f7bb7b5e9a7a7ff5102d533f9b027314b21e0335430c405fea17371 a05a5392c1b8ef9aefcce6c9ec8f5438f9061a118ca1ed1762eded6d8840ec539b49b83b05a04a49f78698f8d3642cc2
CLIENT_HANDSHAKE_TRAFFIC_SECRET a0c953fc79e3b56a0431d51c8a194d052e94807ff375a37a12953c8f6a1be59e f32c30f05d3d26b50a5d1c0926d5ef2ecf2827b02804257f0c48a8731971cb5a
SERVER_HANDSHAKE_TRAFFIC_SECRET a0c953fc79e3b56a0431d51c8a194d052e94807ff375a37a12953c8f6a1be59e fe0ab0e4a4006b184eb78bf2522c966a21b2ca793614a46691b504f5d5c818d3
CLIENT_TRAFFIC_SECRET_0 a0c953fc79e3b56a0431d51c8a194d052e94807ff375a37a12953c8f6a1be59e dc73021b83fd16e593af2f74601a6fc4482645113a25d5f9583bacccd3d0efbe
SERVER_TRAFFIC_SECRET_0 a0c953fc79e3b56a0431d51c8a194d052e94807ff375a37a12953c8f6a1be59e 59a29048bc77cc6430e484d806cd1e0944574b5b99682b7f610926dfd8950e4c
EXPORTER_SECRET a0c953fc79e3b56a0431d51c8a194d052e94807ff375a37a12953c8f6a1be59e 03100ad51ee5ac41a35293ddef5e43cc4f08a3bea33a90b6234a6942a7c491bb
CLIENT_HANDSHAKE_TRAFFIC_SECRET 3b4092e4e52c5cc813c4021984ef661ee268f106cbaed9f7d233f52a43de7773 4cb8ff16285fc40ef4e8631541796cadcdec84c5cb2d8d4344c454af5862d033
SERVER_HANDSHAKE_TRAFFIC_SECRET 3b4092e4e52c5cc813c4021984ef661ee268f106cbaed9f7d233f52a43de7773 10cf3735cffb65bd0876f28048894cb62e0543a8b9ea910ce63ef24493db3e3f
CLIENT_HANDSHAKE_TRAFFIC_SECRET ccd38e9d4f4137488a78b39b285210dff603c85d776e62886283784baaf7c8bb 60416a79f195c36fcea0f302559744def0871e0bb62df3c540f0eaf050d99dc6
SERVER_HANDSHAKE_TRAFFIC_SECRET ccd38e9d4f4137488a78b39b285210dff603c85d776e62886283784baaf7c8bb d78fecbc3cdf6c0a49893bd4754aa9ed6604052285b539cd840d57b50424adfe
CLIENT_TRAFFIC_SECRET_0 ccd38e9d4f4137488a78b39b285210dff603c85d776e62886283784baaf7c8bb 58b593c93464c01d76dfcbc9bd0c26963ec598299d8507f9f8b7d6abcd018e4d
SERVER_TRAFFIC_SECRET_0 ccd38e9d4f4137488a78b39b285210dff603c85d776e62886283784baaf7c8bb f569cbc3837449ffa07b75a5ef849e54c23d914f474541df2234c4a1afb4a50a
EXPORTER_SECRET ccd38e9d4f4137488a78b39b285210dff603c85d776e62886283784baaf7c8bb 88195376a0495f85b7a4aaf42fedb7358ba9d4e1b79a2c333e3c109573f6d472
CLIENT_TRAFFIC_SECRET_0 3b4092e4e52c5cc813c4021984ef661ee268f106cbaed9f7d233f52a43de7773 a3666f7fff89db31c6d6acf22e680c58303a6e1a07168d69852fbce5169cbe46
SERVER_TRAFFIC_SECRET_0 3b4092e4e52c5cc813c4021984ef661ee268f106cbaed9f7d233f52a43de7773 7dded82f9be495d23ac049b2012f278d746b3abd4189b97c59d562fad308881e
EXPORTER_SECRET 3b4092e4e52c5cc813c4021984ef661ee268f106cbaed9f7d233f52a43de7773 837248458e194eef319ae7b1890cf30ac65a62cdf92e3eb872ddf4fa93147da5
CLIENT_HANDSHAKE_TRAFFIC_SECRET a6f50bb9e62d4e9554c3cf0d1837820fe9cbc8f3bc57993a6a7928a16c1f45b9 3dbfa3e3c8f384365453d37562858bfa33d08b7099c29c6e34fe2ab0157248d7
SERVER_HANDSHAKE_TRAFFIC_SECRET a6f50bb9e62d4e9554c3cf0d1837820fe9cbc8f3bc57993a6a7928a16c1f45b9 b9a559f81d2fb3baf2a8ec2bd963d7a63b49fe622173cfcae419c09bda9b6e9e
CLIENT_TRAFFIC_SECRET_0 a6f50bb9e62d4e9554c3cf0d1837820fe9cbc8f3bc57993a6a7928a16c1f45b9 d8c5fa4b0fed4b95b58e82e6425b02684f0978abfa8be62fc9dc60ad271fa3e6
SERVER_TRAFFIC_SECRET_0 a6f50bb9e62d4e9554c3cf0d1837820fe9cbc8f3bc57993a6a7928a16c1f45b9 3c4e8c156fe5f0bc9a703717d29fe6d3eef4ea4c7ac20578c72eb3b4ba5ddbc1
EXPORTER_SECRET a6f50bb9e62d4e9554c3cf0d1837820fe9cbc8f3bc57993a6a7928a16c1f45b9 4ef534a303f736a14b8030d80d535b4ce9f30d0c1500b23b89e8d6521dca533e
CLIENT_HANDSHAKE_TRAFFIC_SECRET 0bb9195fa834111778a04afdadf6f1320d08573ff6a366331482292182dfb79a 15d45edb6674c7ec8ce8e6089f5c6e033ada13ab91f6bbcc19da243cb40e8478
SERVER_HANDSHAKE_TRAFFIC_SECRET 0bb9195fa834111778a04afdadf6f1320d08573ff6a366331482292182dfb79a 34f7b0a6caf2a64ee9d5b14ebddf3d1f2f183f2fdeeeea281b88f5f4b9848837
CLIENT_TRAFFIC_SECRET_0 0bb9195fa834111778a04afdadf6f1320d08573ff6a366331482292182dfb79a 04f2154f7fe5d214153f513ac7c03a2f60a03cb6dc4085b04b7f09cf7c3e4ea4
SERVER_TRAFFIC_SECRET_0 0bb9195fa834111778a04afdadf6f1320d08573ff6a366331482292182dfb79a a8bf170bc013d7185cbc5ea4fc9f0ab233ea2f0cc9c1fd11753cb460761746ae
EXPORTER_SECRET 0bb9195fa834111778a04afdadf6f1320d08573ff6a366331482292182dfb79a 43c2ceed42a443f3f90b8b490078d37a09a1b63b91cc2b4e870b544e9b5897a9
CLIENT_HANDSHAKE_TRAFFIC_SECRET d23527137c137946b482248b899be266a77d4035bb1f52fbb9bd0d43d6cc9125 f42fa1669a58cb311815ad0856d1cc58237b8ff924ac5d11444f23bff51fbbaf
SERVER_HANDSHAKE_TRAFFIC_SECRET d23527137c137946b482248b899be266a77d4035bb1f52fbb9bd0d43d6cc9125 3791e6ef3f2d27c7ffe327be016bf9094e9bb5596d177cc9f053633fd82db283
CLIENT_HANDSHAKE_TRAFFIC_SECRET fcdc6d662aba1afd13458f3d413ed0cc2b57630a015b5c469ede8d588982da9d dfd3f110177a00ccb602b1c0d28254c87b322d0cfe895310c3ec320bd87a1b8f
SERVER_HANDSHAKE_TRAFFIC_SECRET fcdc6d662aba1afd13458f3d413ed0cc2b57630a015b5c469ede8d588982da9d ece192f79b24c3421202a3014a8e8ca5c095d0c3b829f834d2127ba265d324b8
CLIENT_TRAFFIC_SECRET_0 fcdc6d662aba1afd13458f3d413ed0cc2b57630a015b5c469ede8d588982da9d bcfc920fa34e1e3fcbb417377021647aefe462a6c9a0ce7c1b24764f55772fae
SERVER_TRAFFIC_SECRET_0 fcdc6d662aba1afd13458f3d413ed0cc2b57630a015b5c469ede8d588982da9d e595d04f587a0c164229137afca25e350815f4968026a9719ade8bfe80cbc61c
EXPORTER_SECRET fcdc6d662aba1afd13458f3d413ed0cc2b57630a015b5c469ede8d588982da9d 942da8aa48235213c364bc4a7e475c6c71ca48abf1cc19cca152674f2325b186
CLIENT_HANDSHAKE_TRAFFIC_SECRET 6ebe2926df63f3a7a489c8e0fff377f0e5c34836e09ffd51a8613645491b823f 6d16cbd2c098f651481be62d28bc9a73beb546312c58ead564814a891d210a8b
SERVER_HANDSHAKE_TRAFFIC_SECRET 6ebe2926df63f3a7a489c8e0fff377f0e5c34836e09ffd51a8613645491b823f 6a417517da0d7e17204a81c6a8f0537aa33422fd6555a9af972e4a54c1e6bf55
CLIENT_HANDSHAKE_TRAFFIC_SECRET 7ebbc8d3e51690b0d3ee40fdfdf098ad42d56f3ad8c9d6f6af1351033cb2a753 706d7ed025618ff17359e5601b4e134ade05a0dc820dc79f55969e9d325ab0db
SERVER_HANDSHAKE_TRAFFIC_SECRET 7ebbc8d3e51690b0d3ee40fdfdf098ad42d56f3ad8c9d6f6af1351033cb2a753 a91a7bced128d3ed310f71c6dfc3798cfc2fc4250f8639e3eb7e4f8ca13d652d
CLIENT_TRAFFIC_SECRET_0 6ebe2926df63f3a7a489c8e0fff377f0e5c34836e09ffd51a8613645491b823f 57bcc74fe5cfefce8cac3145f249863a95e679fd0db7a98f5963e950914f6ea6
SERVER_TRAFFIC_SECRET_0 6ebe2926df63f3a7a489c8e0fff377f0e5c34836e09ffd51a8613645491b823f d8d64b7a336688ef062f84d4a3b36da50ed6dfb03a3fd7ca266491fea426a1bd
EXPORTER_SECRET 6ebe2926df63f3a7a489c8e0fff377f0e5c34836e09ffd51a8613645491b823f 5784a6993e67fef745d04ccbb527a68b90586f052826e18bdf114ed963aa2c50
CLIENT_TRAFFIC_SECRET_0 d23527137c137946b482248b899be266a77d4035bb1f52fbb9bd0d43d6cc9125 8eb1ac0ae13b170b63cbc985c0e6984b257c8e2a577a52f59aac41e9cfa2bff7
SERVER_TRAFFIC_SECRET_0 d23527137c137946b482248b899be266a77d4035bb1f52fbb9bd0d43d6cc9125 96639cb8a3b5c44c8a9b4546b113952db160c476cd962b6f145b41137cd33c20
EXPORTER_SECRET d23527137c137946b482248b899be266a77d4035bb1f52fbb9bd0d43d6cc9125 1071c9702b41249fdd0e0cb9fc703f0d70d38ace56f02afb8d1203033e2e7f3e
CLIENT_HANDSHAKE_TRAFFIC_SECRET 106ada60d34e2af73ff4d821b650ff8c5f0591fdd1437043b966b5b1a8af0dc7 96c2491f065d2aa7b3738d3c066fbdd1776e85d69d5f86d32beebf751fd14462
SERVER_HANDSHAKE_TRAFFIC_SECRET 106ada60d34e2af73ff4d821b650ff8c5f0591fdd1437043b966b5b1a8af0dc7 b40eb56e58438f089202c69492ab80a4edaf923c6abdfd6e4a6da8ebff58a9af
CLIENT_TRAFFIC_SECRET_0 7ebbc8d3e51690b0d3ee40fdfdf098ad42d56f3ad8c9d6f6af1351033cb2a753 5d8a2ccb5dee0516514d279054e1af177db249935a977f37eda37ff6858bd9f1
SERVER_TRAFFIC_SECRET_0 7ebbc8d3e51690b0d3ee40fdfdf098ad42d56f3ad8c9d6f6af1351033cb2a753 d8e87b429cb8061ab1d48d87a0d451c5962250d934651621afcb675f32bf9d83
EXPORTER_SECRET 7ebbc8d3e51690b0d3ee40fdfdf098ad42d56f3ad8c9d6f6af1351033cb2a753 57473a737898dbcc78b68f889cc9e5a5a82ac5efa79b2e32f8f3c2deaa4c683c
CLIENT_TRAFFIC_SECRET_0 106ada60d34e2af73ff4d821b650ff8c5f0591fdd1437043b966b5b1a8af0dc7 1088a5a70e98f660febe94d2eaa7b9e5eb6e14680e61549c13e86014f6d664c8
SERVER_TRAFFIC_SECRET_0 106ada60d34e2af73ff4d821b650ff8c5f0591fdd1437043b966b5b1a8af0dc7 a797731bdb46105bc5dbb090e7cae7aa5a8f8654f34f9b626d719399686e6514
EXPORTER_SECRET 106ada60d34e2af73ff4d821b650ff8c5f0591fdd1437043b966b5b1a8af0dc7 8bbdd9035d6c2698b3de8c7dbca719495c454ece918ebae63b571cd414841922
CLIENT_HANDSHAKE_TRAFFIC_SECRET 1b300e81283178315cd55297468b05cd1d4f374191d059eef33290bde7720f0e 24c0b754bd3e11256ee9eed5e80bdf7f6096ca0859cf2ac8096d63b2e6bc501d
SERVER_HANDSHAKE_TRAFFIC_SECRET 1b300e81283178315cd55297468b05cd1d4f374191d059eef33290bde7720f0e e040e8b630bc79214adfa2b0fe95cf0484dec51e1643270a897b8c9d637cff92
CLIENT_HANDSHAKE_TRAFFIC_SECRET 841552b9c8c389be73b4a4932bb2e22c004dfdf469aec0ee311b7d9f358b9695 6081f825d53906fcbc89a5acbb4e56df6e8ab44c2e57d47316c36e673a9ac4ca
SERVER_HANDSHAKE_TRAFFIC_SECRET 841552b9c8c389be73b4a4932bb2e22c004dfdf469aec0ee311b7d9f358b9695 aa9280989974f559317e3e78133f8fa1a64a236a2615574cca02616e9c75fb1a
CLIENT_TRAFFIC_SECRET_0 1b300e81283178315cd55297468b05cd1d4f374191d059eef33290bde7720f0e e04c1fe2bcdc75d8eada5ba394b64acdadb88c233e6ef7b69f57c74b504d9755
SERVER_TRAFFIC_SECRET_0 1b300e81283178315cd55297468b05cd1d4f374191d059eef33290bde7720f0e 8fbdf154083d5fc32fb0160a51dd1b00bda823d96e3c01e4fe40e420b8a37c7a
EXPORTER_SECRET 1b300e81283178315cd55297468b05cd1d4f374191d059eef33290bde7720f0e 67897bc1a47fb4083ea884059ec88ee9af84121a5ef59e90049de8c40269b009
CLIENT_TRAFFIC_SECRET_0 841552b9c8c389be73b4a4932bb2e22c004dfdf469aec0ee311b7d9f358b9695 69aa22441478d53a001fdebd256030564500e36d8c9646f84b49559f5339e220
SERVER_TRAFFIC_SECRET_0 841552b9c8c389be73b4a4932bb2e22c004dfdf469aec0ee311b7d9f358b9695 513fa4ecd3f6b39cd836613ea96666d89e174e87c90ea6b17f2b355aa4ce9e6e
EXPORTER_SECRET 841552b9c8c389be73b4a4932bb2e22c004dfdf469aec0ee311b7d9f358b9695 9bc90af72f096d45649e6d54c1894dfca9942495d566d3ea76bac802b8612826
CLIENT_HANDSHAKE_TRAFFIC_SECRET cd5af9652d01a36997b8cef359d169af66cef7d55929a67926d1d883fbaf80a9 e47deac15f95e465d337246c2c20fd8e87d144abef1c24c29a382db386c592a7
SERVER_HANDSHAKE_TRAFFIC_SECRET cd5af9652d01a36997b8cef359d169af66cef7d55929a67926d1d883fbaf80a9 2c3179e0e9d1560935f815d9527b7659729e7a3c8f67bf29de25f87282d156e3
CLIENT_TRAFFIC_SECRET_0 cd5af9652d01a36997b8cef359d169af66cef7d55929a67926d1d883fbaf80a9 660316dad851a0d24c80e707d5bd04e22c70c2a007a44f00f21560b0da075f64
SERVER_TRAFFIC_SECRET_0 cd5af9652d01a36997b8cef359d169af66cef7d55929a67926d1d883fbaf80a9 9f00b5687e1c7536d70afc5495a6bd47e097aec72173e1f1287324ebf93dbbed
EXPORTER_SECRET cd5af9652d01a36997b8cef359d169af66cef7d55929a67926d1d883fbaf80a9 5c82bb2794961bb60ba4f3dc87fe344c7512ed1aaf594ffef8cddd97dd803c11
CLIENT_HANDSHAKE_TRAFFIC_SECRET 7fc6c24d9aba73cda321c4ad2854aa94ce2dd93b60e0371d1b80e6e998d0bbaa b7dbab614c799c1b5423aa8617aedf6a13eea74ae77e818c2e103e6a6a44446a
SERVER_HANDSHAKE_TRAFFIC_SECRET 7fc6c24d9aba73cda321c4ad2854aa94ce2dd93b60e0371d1b80e6e998d0bbaa 21b59b332a69acca4e6c66c1d59bd712a17445bb1eec75dc9e0aebf4d73bf678
CLIENT_HANDSHAKE_TRAFFIC_SECRET d3d31cfe6dd73111d17648059b9edc80bc6ec61134984f9cf07a83e96b85e847 2d41694b8e57c2ad0d75c0af08aeca83b6a70782dd260e7cfe701fc57c4d7528
SERVER_HANDSHAKE_TRAFFIC_SECRET d3d31cfe6dd73111d17648059b9edc80bc6ec61134984f9cf07a83e96b85e847 fa6748a98cc958d9ca4e20c46d679d009edbb5da31060731d6e3c35856805e46
CLIENT_HANDSHAKE_TRAFFIC_SECRET 9d29bbd1f8549a052ac73bbc4d8e92b05969668952b4129a8b6b39a814bd3e7a 732fb3f9b0e75439388aabd07c8fed7c2805102deccfb2c7f72ae8e16f9bb5a6
SERVER_HANDSHAKE_TRAFFIC_SECRET 9d29bbd1f8549a052ac73bbc4d8e92b05969668952b4129a8b6b39a814bd3e7a 51d5a7c7cab9e84c7e41212ed6b2b22869f1e6bfddfbcfaee08a9ccdb1d7849c
CLIENT_HANDSHAKE_TRAFFIC_SECRET db12fff1ef9be6cf03db36438e9e603218db335107dc637f17eac6dd16b5fedf 617fb6b8b872711c16da3d4a9cba496a97b38d6c880a9b49e9eff700cf79fcde
SERVER_HANDSHAKE_TRAFFIC_SECRET db12fff1ef9be6cf03db36438e9e603218db335107dc637f17eac6dd16b5fedf 1b31ce16cf2eb9e1af062efec7ad52cd7fcbc36f0919c92fc839952dc9b5000b
CLIENT_TRAFFIC_SECRET_0 7fc6c24d9aba73cda321c4ad2854aa94ce2dd93b60e0371d1b80e6e998d0bbaa 27bac58dabe46310b983b4c014470b77119493c64d59b7f2c04d90d48c6eea47
SERVER_TRAFFIC_SECRET_0 7fc6c24d9aba73cda321c4ad2854aa94ce2dd93b60e0371d1b80e6e998d0bbaa 6e1a945179eca7cdd7f98670bd84381567a1f79fb26d47bbaee853db408a62c7
EXPORTER_SECRET 7fc6c24d9aba73cda321c4ad2854aa94ce2dd93b60e0371d1b80e6e998d0bbaa 7043cfe876b2be9ab4c202d4574ce2ee3e53798bf0f17f48d61cc744b9da3fb3
CLIENT_TRAFFIC_SECRET_0 d3d31cfe6dd73111d17648059b9edc80bc6ec61134984f9cf07a83e96b85e847 35d2765e0c08fc4ee4a2b22ec748e70ab9f681c700ea3fd0818b481f359d88a4
SERVER_TRAFFIC_SECRET_0 d3d31cfe6dd73111d17648059b9edc80bc6ec61134984f9cf07a83e96b85e847 b2f9dd42cdaf6bcdc79b24640fde89d74a34f9bfe6fd1921647564f1538cb2fa
EXPORTER_SECRET d3d31cfe6dd73111d17648059b9edc80bc6ec61134984f9cf07a83e96b85e847 6ddb8938cb0d5c784e58775e573093b1643cdc89db9789d4fff29a7f7ee1ccbf
CLIENT_TRAFFIC_SECRET_0 9d29bbd1f8549a052ac73bbc4d8e92b05969668952b4129a8b6b39a814bd3e7a 241b0bca5192470a8e6993a0fb1009d14bef12ab91378e6e6f93f44805719eb5
SERVER_TRAFFIC_SECRET_0 9d29bbd1f8549a052ac73bbc4d8e92b05969668952b4129a8b6b39a814bd3e7a b1088188f7d5b5ebb3e4873f498a32e4a70afb0bca3f82605f4b559624f391b7
EXPORTER_SECRET 9d29bbd1f8549a052ac73bbc4d8e92b05969668952b4129a8b6b39a814bd3e7a c41dfa0918a1c21c98acfaa4921f59779c644339a4b9db7891f919dd3d2f12ce
CLIENT_TRAFFIC_SECRET_0 db12fff1ef9be6cf03db36438e9e603218db335107dc637f17eac6dd16b5fedf b1f6427a26a77d4ab48ef9aa4a4c1597c5530940d657171a93542d371570d3f3
SERVER_TRAFFIC_SECRET_0 db12fff1ef9be6cf03db36438e9e603218db335107dc637f17eac6dd16b5fedf 33b2a4fe6815c6d7a8210d0664a00ac4cafb770a82fed7ab223561f565517964
EXPORTER_SECRET db12fff1ef9be6cf03db36438e9e603218db335107dc637f17eac6dd16b5fedf 487d8ceb479d6fe43d8106457d82f2e234b87ecee907706513b7ac9cc1532b20
CLIENT_HANDSHAKE_TRAFFIC_SECRET 4cd9d7f1527c1cbae67e38298686047ee656dc0427b5e9f70bcf7fa0f1cc3801 4e2eed6bd1d37a7d418719bd87a24de1ad186c942e67acc12b7bf753251b5461
SERVER_HANDSHAKE_TRAFFIC_SECRET 4cd9d7f1527c1cbae67e38298686047ee656dc0427b5e9f70bcf7fa0f1cc3801 eb985351ad8664b9b04960451e5d4b06807441f84c5768f324b9766f8d2776e1
CLIENT_TRAFFIC_SECRET_0 4cd9d7f1527c1cbae67e38298686047ee656dc0427b5e9f70bcf7fa0f1cc3801 7526a4953afce8a8639310998231154deab6d210736e6850ec313e84a982dcb2
SERVER_TRAFFIC_SECRET_0 4cd9d7f1527c1cbae67e38298686047ee656dc0427b5e9f70bcf7fa0f1cc3801 28c303c4bf1fa13dbfc79911c8ada8f9e8eb2722fd29b6e6a126710009ddc848
EXPORTER_SECRET 4cd9d7f1527c1cbae67e38298686047ee656dc0427b5e9f70bcf7fa0f1cc3801 ccba972b373b48e3a11a17ec27ea31f98dfa4e2607f201266a5688e07292dc62
CLIENT_HANDSHAKE_TRAFFIC_SECRET 625455c4ff639a313097705d3ff497d6b8d97dfccd693e4b7a321ea38c68b188 1a6f4e68f38c0369178ec3b617515eeb57a815931e19386e3bd58f6d023da78e
SERVER_HANDSHAKE_TRAFFIC_SECRET 625455c4ff639a313097705d3ff497d6b8d97dfccd693e4b7a321ea38c68b188 e85591f14e8101aec718934ac78ae59d4e5f1f6880784c75ca7c7387bca2f9b4
CLIENT_TRAFFIC_SECRET_0 625455c4ff639a313097705d3ff497d6b8d97dfccd693e4b7a321ea38c68b188 37e923fe4eae52b0b7c1699ceade2b56162e062d3ece5380bacee0848116d331
SERVER_TRAFFIC_SECRET_0 625455c4ff639a313097705d3ff497d6b8d97dfccd693e4b7a321ea38c68b188 69bdd39cb42fe56acf5101b72e3a29dc0350073af8b28251d6d69436acd54dc5
EXPORTER_SECRET 625455c4ff639a313097705d3ff497d6b8d97dfccd693e4b7a321ea38c68b188 8817e6e7fc89eabe909009d2ea07948630cc084cedb5d9b863a344f9356e30f2
CLIENT_HANDSHAKE_TRAFFIC_SECRET 2850904a9389304ceb5537bcd007279fe7d41099254df5e60390b73971f83a77 ef1e52e1e1b1bd659fb397a845f3befd01a3d4afd44401ed8e986c36ebffcf94
SERVER_HANDSHAKE_TRAFFIC_SECRET 2850904a9389304ceb5537bcd007279fe7d41099254df5e60390b73971f83a77 9e6119ce9e9539834edc31b67cc97317236961e9f7caacecbc3fa4eb6e4b2a0b
CLIENT_TRAFFIC_SECRET_0 2850904a9389304ceb5537bcd007279fe7d41099254df5e60390b73971f83a77 f5d1cbc1daf5183346421fe205f2240e7f7f8936e497904cac40d91d0cc9b2ec
SERVER_TRAFFIC_SECRET_0 2850904a9389304ceb5537bcd007279fe7d41099254df5e60390b73971f83a77 517ff8f890c67357bea81949c42c961c2385b5af06eda0b9f6602b5535e5e2e0
EXPORTER_SECRET 2850904a9389304ceb5537bcd007279fe7d41099254df5e60390b73971f83a77 654f7978b54ee10aafa63ed1a875feca2bcc57122b4a6fdabc6d73060a07ddbe
CLIENT_RANDOM 5b1b6ef63a5935f24373e5e8bd008b0ddc0942e5596a19819e8c8ca6f7aca0cb a84574d758aeba4bcfa06c998f23d8168baa1184f43703a48055c08b44b37e4e7fa081a7eab1b49fbb25abb8ab55cf51
CLIENT_RANDOM 1632e6d640755e9c304da0629ec0a68884b082f7c8121a34b2ce5a208ee85912 9fe5228e5675dc37912b6e607d23de8ea5104eff45bfad88cf8eeab814b3d459be78e6cca952e93c65395454c17a0970
CLIENT_HANDSHAKE_TRAFFIC_SECRET d847df7e55e8d001d7d080f70ad23dcab4b585e9aea130473282211838c60b42 4a378b5bf36eee3928fc992f8071abf048f0fe16fbaf6049ecb530d03a8f4a5b
SERVER_HANDSHAKE_TRAFFIC_SECRET d847df7e55e8d001d7d080f70ad23dcab4b585e9aea130473282211838c60b42 277239108b20d0af19dc3e762f77772840feca8f00d5127a61a52615fff306c3
CLIENT_TRAFFIC_SECRET_0 d847df7e55e8d001d7d080f70ad23dcab4b585e9aea130473282211838c60b42 3f0b4e271ff0e1f33f2b5575a1a0688a810ebf953d064141e1eea9f2d1ed6165
SERVER_TRAFFIC_SECRET_0 d847df7e55e8d001d7d080f70ad23dcab4b585e9aea130473282211838c60b42 8fe9a97a73b319d7838dab608742915a114611972a51035a24a72f4738a3da8c
EXPORTER_SECRET d847df7e55e8d001d7d080f70ad23dcab4b585e9aea130473282211838c60b42 e6ffe992d13d4c24eb5a186ff3ec184ff80e7a2539851476befbc69cee49d734
CLIENT_HANDSHAKE_TRAFFIC_SECRET b8011b5176adfcfeb628654dd78fd09c7c541d15f3ca3b5a74cc0b195aa6e56a 9026e50d25f541dfea239eb5dac141fe07f4bf309353dd45bf444fcc649a637c
SERVER_HANDSHAKE_TRAFFIC_SECRET b8011b5176adfcfeb628654dd78fd09c7c541d15f3ca3b5a74cc0b195aa6e56a 852aa5c7e0311999f82cff841d185bdb83420dc9da651caa3a260bedab483635
CLIENT_HANDSHAKE_TRAFFIC_SECRET 013a60434111afa645823fa79a04ec94414636eb28b1fff99c6a62930191b76a 89ab93be847cbca1117791b1c2fcb5912ab5cb90c86100faf56d20a7279f9581
SERVER_HANDSHAKE_TRAFFIC_SECRET 013a60434111afa645823fa79a04ec94414636eb28b1fff99c6a62930191b76a 5c2d5cc8801ca1ac6c11e32eca8642b2cbf6c516006ef999de54de71bbe501b2
CLIENT_HANDSHAKE_TRAFFIC_SECRET 2c9efc31fe2e481126bfd8aaaf01cb9ed7afc7615238b4795918a94874145c26 996b8d2a37c5a28d6077cf7cf1445461a808c4b24f97612826154cc391dd5235
SERVER_HANDSHAKE_TRAFFIC_SECRET 2c9efc31fe2e481126bfd8aaaf01cb9ed7afc7615238b4795918a94874145c26 6a0331d167c65be61788a35cc9776bd338e4d21bae27102e17bdbb4431091c95
CLIENT_TRAFFIC_SECRET_0 b8011b5176adfcfeb628654dd78fd09c7c541d15f3ca3b5a74cc0b195aa6e56a 829dd3e54a2a17fafcf305bf3f63c11c6481e4a2700825d434be7a5ada723f03
SERVER_TRAFFIC_SECRET_0 b8011b5176adfcfeb628654dd78fd09c7c541d15f3ca3b5a74cc0b195aa6e56a f8727317d353b2b86e15c51a3f77da09dfc5ce45d626091869bdc8f46f94e560
EXPORTER_SECRET b8011b5176adfcfeb628654dd78fd09c7c541d15f3ca3b5a74cc0b195aa6e56a 8b87b20fd7b46145ce84007dffbc0876778b2a1e7a326acdc7578c250d53a1e1
CLIENT_TRAFFIC_SECRET_0 013a60434111afa645823fa79a04ec94414636eb28b1fff99c6a62930191b76a dfdad91e1f0b79258d2e1aee6d720307ed911109c74919ef22571a2a79327e07
SERVER_TRAFFIC_SECRET_0 013a60434111afa645823fa79a04ec94414636eb28b1fff99c6a62930191b76a 817d906f42c366573e46dfcfecc0925021c8e500b2870585f8e69d41cd0b7e22
EXPORTER_SECRET 013a60434111afa645823fa79a04ec94414636eb28b1fff99c6a62930191b76a b596de632bfe6ddd16a33c1ff14422415979c9bfd8c2df1fd8a43aefc6adf649
CLIENT_TRAFFIC_SECRET_0 2c9efc31fe2e481126bfd8aaaf01cb9ed7afc7615238b4795918a94874145c26 5ae5fb3c3f90b494940d8998c56e38b19e8b762238eeb6f1e729ca9a33277617
SERVER_TRAFFIC_SECRET_0 2c9efc31fe2e481126bfd8aaaf01cb9ed7afc7615238b4795918a94874145c26 e8da1512633be394168a3f498acd01a05b84d1d2c4fff2d15ef48ae8cd3f3180
EXPORTER_SECRET 2c9efc31fe2e481126bfd8aaaf01cb9ed7afc7615238b4795918a94874145c26 7a825ff172d128d8e67bc67c5b7dd41c3723e368360e9da4adaa9a0b4aaa3aad
CLIENT_RANDOM 29ffdef05d7489537760dd1780b54f497a533c56f1a8c8763a0f5937f399fc98 220071d44967bb939376a4009c4efa3c1eeea9daa01e9300d568282e650c3fc345a3310fbebe4c27eeb9dd0d75457907
CLIENT_RANDOM c911b86f999e67b930f7804a0e180b06576faf76bc26db7875a11229db967507 8590632b4ae9f754ceed3512a6abe3db735c5c300efe5652dfe82d794e1234804fc3cc6f9a6149fa729567909a097bf1
CLIENT_RANDOM 72e442a84185399b4aec539080281958108a2e8ffa9fd8654ac7574ccff9d29b b47be3dfb5475d5dad632eb7fd1fee904a8c42966c7a4641ea717071a1fa40ddc8a81a704e3c95fdb0fd9efb4914c632
CLIENT_RANDOM 4457c6aa94e803df85ccdaa3b7dd5f67ab0d09d2237f85a072a667a53ef105c7 855e83da060ab1f940b740b9e052676d22355fb99689cb66528afec678650c97c720dce46e667b916aff614fde12894a
CLIENT_HANDSHAKE_TRAFFIC_SECRET 79ada0c2e9bbbc6b5071bae5f92af8e157349df4e19f8a31132c764d89d947fd d9f92bd34e657cf7ffca9978e8d89462e992691f4d9cd523f847d0dae3a32aad
SERVER_HANDSHAKE_TRAFFIC_SECRET 79ada0c2e9bbbc6b5071bae5f92af8e157349df4e19f8a31132c764d89d947fd c2e4e0473819bba4404a67be6585cb9043eda0c6f44ebe694e3eac37b7bc82d9
CLIENT_TRAFFIC_SECRET_0 79ada0c2e9bbbc6b5071bae5f92af8e157349df4e19f8a31132c764d89d947fd 2bb104dbe6bed193ca8e39e5ea75d32d0a6d3657acb76a298b4a85a8d31208bf
SERVER_TRAFFIC_SECRET_0 79ada0c2e9bbbc6b5071bae5f92af8e157349df4e19f8a31132c764d89d947fd 53b9564fd96e1d29c180515c1f7fe3095f49c7ff26011914865c0b27393c1068
EXPORTER_SECRET 79ada0c2e9bbbc6b5071bae5f92af8e157349df4e19f8a31132c764d89d947fd 63ae74c863d2bfae36f16223adc7a4cce74c0a7295605f128299f502c70d87d5
CLIENT_RANDOM 88838199efa04b78226071bb5a0c465e6f3103aa59fdfa718d132a819570f673 90b388b96e5c3d388c7dfb6585333d8352e53f1bbf9bece93aec1b8611286d35bfff6f130126e57570b54be3d70061ef
CLIENT_HANDSHAKE_TRAFFIC_SECRET 56d9772ff5a96fdbc85131af7f37447bbd744802e2de3fd3931955d6971aac86 bed042bd86d97b6207587c69d2f70240f1ba439d3714fb92aad9674eeb36f950d23fe9e1599cc9c2e9240fd3aa9fdae9
SERVER_HANDSHAKE_TRAFFIC_SECRET 56d9772ff5a96fdbc85131af7f37447bbd744802e2de3fd3931955d6971aac86 b8ce49e4e76bd9c1b50a283517c234710a9dffd0a0de5c6415a3ffa6cae9d9f21fc4907eb41f60713932d4ff4541bfdd
CLIENT_HANDSHAKE_TRAFFIC_SECRET 3651e471753e41eb259dc43db0aea6e5ee285638fc013d4a4bca78a7a108d9b0 7cab24411f5b5ad136ae796320d183decc600826d6d4fb8442639efa1ffe0cad6b42f65994cd49e2a0338ce60e9f5e83
SERVER_HANDSHAKE_TRAFFIC_SECRET 3651e471753e41eb259dc43db0aea6e5ee285638fc013d4a4bca78a7a108d9b0 c25945ef24825a04f4f2eaf6e247f7ee327d66ccb5cb803089cfaab112b2c819f093249e9fe5ce03e4ab2d95282727e9
CLIENT_RANDOM 72e617ccddb9e138b946fa9b47f411d1d5c5d0dca0a5f84afb677833fb7906e1 c2ff4850d587250d27bc7afdcf0791eeecf91773469eec7c3a64f7348dbc167deb2b6801cf5dc76e2553a5cbded0a53a
CLIENT_HANDSHAKE_TRAFFIC_SECRET ca8dc782eb79095fa19d2f51f75a9f9c173981ee194b52c4d549d956b3d05d24 a34b3454eee00149d0a6577d261cdfa143b615cac85f08cd2bff09f97bd431b6
SERVER_HANDSHAKE_TRAFFIC_SECRET ca8dc782eb79095fa19d2f51f75a9f9c173981ee194b52c4d549d956b3d05d24 b62ef4b91f5bc6f485ce258fec703e8a1e63955420a13ecaa015111fe5d733a4
CLIENT_TRAFFIC_SECRET_0 ca8dc782eb79095fa19d2f51f75a9f9c173981ee194b52c4d549d956b3d05d24 e1f8ce51d7d5b3d052d739f9b5b7ef35c2582a4a6bfd8be8f94f9729ee31aa37
SERVER_TRAFFIC_SECRET_0 ca8dc782eb79095fa19d2f51f75a9f9c173981ee194b52c4d549d956b3d05d24 04d528aa12ce904cf3a644eecfa1c2e32812366343ade6634e7b4fb7e7fc0ab9
EXPORTER_SECRET ca8dc782eb79095fa19d2f51f75a9f9c173981ee194b52c4d549d956b3d05d24 b6beb6dd5eb3fbbee58fdb0ffb16b9cfce2c96f8ee0dfbc045240012e564c1af
CLIENT_HANDSHAKE_TRAFFIC_SECRET 1ff3c4d0ca2bca768db41b821f2ccaa690d0518a44741df1d592c352a2c16ca7 ab846056ea1679702b4a28c68d76e139f78c1a303614208dc0f12f08670d1eb8
SERVER_HANDSHAKE_TRAFFIC_SECRET 1ff3c4d0ca2bca768db41b821f2ccaa690d0518a44741df1d592c352a2c16ca7 50cf2f2323605d4cc32257bdbfbdeaf55c0c0fea62b6f10ad9b2de085fa4a4bf
CLIENT_TRAFFIC_SECRET_0 1ff3c4d0ca2bca768db41b821f2ccaa690d0518a44741df1d592c352a2c16ca7 777ced2d5e3a64f32ec7e466fc51bd98ad22f47db8c8c15a78d878f2156af4dd
SERVER_TRAFFIC_SECRET_0 1ff3c4d0ca2bca768db41b821f2ccaa690d0518a44741df1d592c352a2c16ca7 efd9b45c313e918214b22a6d6d8f34506a16cbcad15bd6e42c350a40439b1841
EXPORTER_SECRET 1ff3c4d0ca2bca768db41b821f2ccaa690d0518a44741df1d592c352a2c16ca7 9039322ae073235fc6038313143b51d0a9087c21668c5e09d3f287a18040806a
CLIENT_HANDSHAKE_TRAFFIC_SECRET d6694772e2a0bcd233ffbfdd92eb8d6728e0a50d135a9dbd922d4e1fc4de7c70 28a8f26987de6637b312549f2d05522b3642a4007f2a042dbed3773f4113a0f3
SERVER_HANDSHAKE_TRAFFIC_SECRET d6694772e2a0bcd233ffbfdd92eb8d6728e0a50d135a9dbd922d4e1fc4de7c70 2d6b409e073da795677dac6467a5f58fd04805510ffe1ec938b671cbbef2b97f
CLIENT_TRAFFIC_SECRET_0 d6694772e2a0bcd233ffbfdd92eb8d6728e0a50d135a9dbd922d4e1fc4de7c70 8f6d61bacd89d24c1105c21cbf0a117e8ee9407ed5f301e2c46751b6bd6b98b0
SERVER_TRAFFIC_SECRET_0 d6694772e2a0bcd233ffbfdd92eb8d6728e0a50d135a9dbd922d4e1fc4de7c70 8a79610397baa40a9b6df8cd1b148126c2bb05798b5a93025119ced22dd26159
EXPORTER_SECRET d6694772e2a0bcd233ffbfdd92eb8d6728e0a50d135a9dbd922d4e1fc4de7c70 e8b6eff388653faa31d907dcfb464e0447b0ca4eaee0b0ea3ff3af265f357f4e
CLIENT_HANDSHAKE_TRAFFIC_SECRET 04dc17c77bfb9585510d6ccee1a14ba1ed80089f7c2ecef2a907396987592b9b 91f0807600619e51feb906aa458f7daefc7abecdf22f7cabf350a47110d40f2e
SERVER_HANDSHAKE_TRAFFIC_SECRET 04dc17c77bfb9585510d6ccee1a14ba1ed80089f7c2ecef2a907396987592b9b ee3412f02de0962d07df823d0178a7b1ad7a35aba0c10a5bb5315cf728fc7146
CLIENT_TRAFFIC_SECRET_0 04dc17c77bfb9585510d6ccee1a14ba1ed80089f7c2ecef2a907396987592b9b a99b994e386ccb942bea28363d7c0ba8cdc2e03f07abeac88840244ded98a473
SERVER_TRAFFIC_SECRET_0 04dc17c77bfb9585510d6ccee1a14ba1ed80089f7c2ecef2a907396987592b9b 6ba59e5851550ac0cd0995d420ed4218a3cb1673aaa257e30899a69a747b7571
EXPORTER_SECRET 04dc17c77bfb9585510d6ccee1a14ba1ed80089f7c2ecef2a907396987592b9b 658781bf01498248bf61d8ab6b5e86bd4db2e74966d0a025272037b1a5473217
CLIENT_TRAFFIC_SECRET_0 56d9772ff5a96fdbc85131af7f37447bbd744802e2de3fd3931955d6971aac86 2f6aa5def4da55556c0cbb2220c347cb2ab752b9c38fb2604dd48d14c6bf33ecc6558983a632954ae9e19bfd8a51cbe1
SERVER_TRAFFIC_SECRET_0 56d9772ff5a96fdbc85131af7f37447bbd744802e2de3fd3931955d6971aac86 783e74197eb177ea93ab966dc77877dba0517e775c4c477f3421112942f0af958e99c453da21d63a5917b479cb1b7f85
EXPORTER_SECRET 56d9772ff5a96fdbc85131af7f37447bbd744802e2de3fd3931955d6971aac86 24f7d1f77c5cde8b37bead8951dca863bc96fc41b350425ad49efe69571c9f0ad76e2791968dad3d2af1632ddbfd1cf9
CLIENT_TRAFFIC_SECRET_0 3651e471753e41eb259dc43db0aea6e5ee285638fc013d4a4bca78a7a108d9b0 3cb7cf60724c1249e14d66c736594ba2231d1f456a10efa32cf44e6f64396552abd2e15d1cd4ed2d5173527db20fc9c9
SERVER_TRAFFIC_SECRET_0 3651e471753e41eb259dc43db0aea6e5ee285638fc013d4a4bca78a7a108d9b0 2676ec475c1489be7b2fd50889615c7c811b029a64402ff3fbf825214bc383a67d1edb8070d13eb0a5a649e175d4cfe0
EXPORTER_SECRET 3651e471753e41eb259dc43db0aea6e5ee285638fc013d4a4bca78a7a108d9b0 9af23fee813bd7696b9fc358f7893bb13c8f5d84f5d518ac6d69c56069a1ea515b0968b27e6d996e90588ddc96f3f28c
CLIENT_RANDOM 2b1509c9a812b396f7946569368443b042b555e3b588eb7a09c52e38257ab969 10cc6f2fb1f257f653a9fe157ed0ac89804e4d4f186d25d6373756a33198c2370ed2aa4f36dbd53c0d277f85094c7eb7
CLIENT_RANDOM 22a6a1fe1ff6317127e2f07cafb604782f7d033240261011bd9e06a58de80b4c 41a03fe7673c757a0b9bab29ae169677526b1587c7174a106dd6d2458aa5742394f5d5c3b1840b6456982dbf4e2c7e63
CLIENT_HANDSHAKE_TRAFFIC_SECRET 944526a292c5e9afaf10de1cd65b2ff3932df5155751c905b3ceb27fa9cb37b5 f4c32aed6af7608e8c9a32937595f6e6f7415e558fa51758b4f05482ef0a03d3
SERVER_HANDSHAKE_TRAFFIC_SECRET 944526a292c5e9afaf10de1cd65b2ff3932df5155751c905b3ceb27fa9cb37b5 760e10f8fd3e80c2909101a58a4bf386dc0eac49b5f077f15bb09d4a4aa6ede4
CLIENT_TRAFFIC_SECRET_0 944526a292c5e9afaf10de1cd65b2ff3932df5155751c905b3ceb27fa9cb37b5 4f90796946e3ff8489a7f4427dd7c66a05371325b6b1867c6e0e2cdcd4968dd3
SERVER_TRAFFIC_SECRET_0 944526a292c5e9afaf10de1cd65b2ff3932df5155751c905b3ceb27fa9cb37b5 3615e5ecc854dbd9d6401c7444e4741bb9469901129fad2f3087939fd41dabbb
EXPORTER_SECRET 944526a292c5e9afaf10de1cd65b2ff3932df5155751c905b3ceb27fa9cb37b5 8b4ea3260462fd7686a645060e45dd206cd8b216f0b5a03587b9fce47364f95b
CLIENT_HANDSHAKE_TRAFFIC_SECRET c1174e200a07f883034138bc91ef7070ca3af1566cf6ef28c02a14bf99fea473 d0446f5a0beebdd3d12864cdfba012f9abb8e75b24a25896cb77888acfadc244
SERVER_HANDSHAKE_TRAFFIC_SECRET c1174e200a07f883034138bc91ef7070ca3af1566cf6ef28c02a14bf99fea473 1dde931b599db1c5cd8885dd44607bca9d947b041851bc932fed67096f1b1214
CLIENT_TRAFFIC_SECRET_0 c1174e200a07f883034138bc91ef7070ca3af1566cf6ef28c02a14bf99fea473 d8a79c853b7c0302d79d4df876595702566ce266181c5f645199923fb56bc1f6
SERVER_TRAFFIC_SECRET_0 c1174e200a07f883034138bc91ef7070ca3af1566cf6ef28c02a14bf99fea473 36906bff91bd464c309a477a69a0c31dff67356edfd5c2c2e49063d383dda6a6
EXPORTER_SECRET c1174e200a07f883034138bc91ef7070ca3af1566cf6ef28c02a14bf99fea473 4b2dbcb7a0f5ee3fb6eca38247ac1adc648dee106d3c60de7a90ab2a78dc3ae0
CLIENT_HANDSHAKE_TRAFFIC_SECRET 1c783ad26c02ba0e34dd4e637b5d55bdf73c8965ad9ba0244b82b5890aaa54b2 84c8f0b734e728317ef98cd202755808faf66612620bc5deed941c7d78c2a5ca
SERVER_HANDSHAKE_TRAFFIC_SECRET 1c783ad26c02ba0e34dd4e637b5d55bdf73c8965ad9ba0244b82b5890aaa54b2 11f1f2ca69425ee37f5094a50e3eaedcc1f7baed2481eaa24f135d8d5caf5861
CLIENT_TRAFFIC_SECRET_0 1c783ad26c02ba0e34dd4e637b5d55bdf73c8965ad9ba0244b82b5890aaa54b2 cf5160a2f1472c0ab8dc87038f2f7366e566b0fc2c148a8ddf66fc77a277bb76
SERVER_TRAFFIC_SECRET_0 1c783ad26c02ba0e34dd4e637b5d55bdf73c8965ad9ba0244b82b5890aaa54b2 f36125e5c2717a7732d5c534cdd2ac5437365b98113b055da27b1d3f10264995
EXPORTER_SECRET 1c783ad26c02ba0e34dd4e637b5d55bdf73c8965ad9ba0244b82b5890aaa54b2 e05ffdabfe256c628c0bd65e2617631065f185c3c5fc32842d4cdf7a591510ea
CLIENT_HANDSHAKE_TRAFFIC_SECRET 6c1ec9497551121ce4f3565b650598d3433ee78a7b55783f72c91ac65f8e8879 c230d187746de0ec0376d8eaee1156e2a4a11a27a9f9cb99215ea5ff70bbe5d2
SERVER_HANDSHAKE_TRAFFIC_SECRET 6c1ec9497551121ce4f3565b650598d3433ee78a7b55783f72c91ac65f8e8879 5b2e8e86cf0ee5f577659e21174c3e03cdbde7e1426d09d847825e2fdcfeef1a
CLIENT_TRAFFIC_SECRET_0 6c1ec9497551121ce4f3565b650598d3433ee78a7b55783f72c91ac65f8e8879 ac6e027872d94da8e627d7ac0278e80e414d15c0ba4b1a19ec43ac7fc442b3e5
SERVER_TRAFFIC_SECRET_0 6c1ec9497551121ce4f3565b650598d3433ee78a7b55783f72c91ac65f8e8879 ce67517bd04f65096738f39edffe8f5b6ae4439609248ebc4050ca8351c5000c
EXPORTER_SECRET 6c1ec9497551121ce4f3565b650598d3433ee78a7b55783f72c91ac65f8e8879 5f57df22989ae56163e73e3a64c6e197750a83e0fd37c45e531017a5f484b340
CLIENT_HANDSHAKE_TRAFFIC_SECRET 8b666b3e1c6e536ef0149f4023fe065616d7c3d46dc9f49564f2f76291916fe2 bdae2389c49d77659c65d45456b700b48d178b48fb2750b5745e93b5e8bcdbe6
SERVER_HANDSHAKE_TRAFFIC_SECRET 8b666b3e1c6e536ef0149f4023fe065616d7c3d46dc9f49564f2f76291916fe2 a75215093ce13521750f22e4cb6a9d1fd091053640bd4488c5ecf3291a9ae00d
CLIENT_TRAFFIC_SECRET_0 8b666b3e1c6e536ef0149f4023fe065616d7c3d46dc9f49564f2f76291916fe2 9f8be52738661acbb9d9ba6ed5ae233cd4666205f8fd83694363a1e4369f9e32
SERVER_TRAFFIC_SECRET_0 8b666b3e1c6e536ef0149f4023fe065616d7c3d46dc9f49564f2f76291916fe2 aaf5a75c65c51afc4df373a7099f8849ebb1e4c470a49920b2350d10a28d5872
EXPORTER_SECRET 8b666b3e1c6e536ef0149f4023fe065616d7c3d46dc9f49564f2f76291916fe2 ab45cb12de3eafd70864e1d85f6c347a1245ea6dafd67e3e537c4f6095aa7c76
