CLIENT_HANDSHAKE_TRAFFIC_SECRET 4d851ee4ee03fc5118f6595f49561028816016d6191b32062d73089e213abaec 18eddbf8df253e6403ec196c99e17e70e499188011a6814396f7a3ba387e1ff4
SERVER_HANDSHAKE_TRAFFIC_SECRET 4d851ee4ee03fc5118f6595f49561028816016d6191b32062d73089e213abaec 3dd84790bca0a821d3bcd55e5a0534da58cd0b5556c13f31be3b40eedb81fd41
CLIENT_TRAFFIC_SECRET_0 4d851ee4ee03fc5118f6595f49561028816016d6191b32062d73089e213abaec 18e416a9b365d769afcedb6bd8f04d6dd5c8fd4b5f540a959fae3dd67bb04c48
SERVER_TRAFFIC_SECRET_0 4d851ee4ee03fc5118f6595f49561028816016d6191b32062d73089e213abaec 0f77d530da3fb00146977154cf33caf651d5f8d28d7d8eb4896dd0c926d67483
EXPORTER_SECRET 4d851ee4ee03fc5118f6595f49561028816016d6191b32062d73089e213abaec d1022b7540ccccc4fa4ec6424f732e8d9066018efc0d1a30d036e2e1e47e1c36
CLIENT_HANDSHAKE_TRAFFIC_SECRET 578d5325e805bf935089c11a8aa8fc6c50d8ef1472fe199c60cdf18c93d4e9e3 6bd85e108788671995ce5bbaa4cb0cee562866454d30ec9023d47404026f7807
SERVER_HANDSHAKE_TRAFFIC_SECRET 578d5325e805bf935089c11a8aa8fc6c50d8ef1472fe199c60cdf18c93d4e9e3 c01538d155e8ecfc0816e73f8bc75c4caf5a2919e105063b9c176fb0aa6d2dce
CLIENT_TRAFFIC_SECRET_0 578d5325e805bf935089c11a8aa8fc6c50d8ef1472fe199c60cdf18c93d4e9e3 83d167b39100f7bdca5d52743c25e2a77052e5be72de3d95cc485a996ae48b37
SERVER_TRAFFIC_SECRET_0 578d5325e805bf935089c11a8aa8fc6c50d8ef1472fe199c60cdf18c93d4e9e3 03e8b2025515cbab969cf7d59f3ca510f13f4de97a6b9e8e38e32f31eef4d0df
EXPORTER_SECRET 578d5325e805bf935089c11a8aa8fc6c50d8ef1472fe199c60cdf18c93d4e9e3 4f35d402cfd6c3990aa0a9ec655db517907bc97259f562a3ff3dee808211f554
CLIENT_HANDSHAKE_TRAFFIC_SECRET 4cb01947d19695474cbf8dba8962a63795609b28c5555cd66c0bad99b4040f8c c924b025ca54626bdf09375d0bf5d3f68b1be2e9397890a0e2ce86153e4e45b4
SERVER_HANDSHAKE_TRAFFIC_SECRET 4cb01947d19695474cbf8dba8962a63795609b28c5555cd66c0bad99b4040f8c 0ccdf0434dcdc76a92e0dfece2701d4177c224107803fcc63ca7ecfdeab54052
CLIENT_TRAFFIC_SECRET_0 4cb01947d19695474cbf8dba8962a63795609b28c5555cd66c0bad99b4040f8c 01bbc2b0e8902aecd9b092b4759ad6fd48bbc25d2185f040a86c67a6ac46a072
SERVER_TRAFFIC_SECRET_0 4cb01947d19695474cbf8dba8962a63795609b28c5555cd66c0bad99b4040f8c 3b4f46d72035a13da8a7f1dacd2f27b49a459fd73aae502dcfe6b05abacc248a
EXPORTER_SECRET 4cb01947d19695474cbf8dba8962a63795609b28c5555cd66c0bad99b4040f8c 3366e0626b2c7aca2979b37b42f32d27e1e31917a9900e1fba72da4a54d11014
CLIENT_HANDSHAKE_TRAFFIC_SECRET 6b65149c68c6f88cdcd1fa72a3ae46338e3ed517b867249df988f9c421232a5c 86f8e88a7f4086e726de3327c37afb5b5124070d2288c357c99d9487d75ef7c4
SERVER_HANDSHAKE_TRAFFIC_SECRET 6b65149c68c6f88cdcd1fa72a3ae46338e3ed517b867249df988f9c421232a5c 277fd5a2f0279d76b645181b1e4c5a38200f548d1d95ff0795a414e8835618e4
CLIENT_TRAFFIC_SECRET_0 6b65149c68c6f88cdcd1fa72a3ae46338e3ed517b867249df988f9c421232a5c 359ceb932dd14046a11b196f2c790a8ce5cb97a67952c709622ebc6e8b18dbe3
SERVER_TRAFFIC_SECRET_0 6b65149c68c6f88cdcd1fa72a3ae46338e3ed517b867249df988f9c421232a5c 5422408fb18878c514a9fa176ea90b8ab79666a3f554d476b4fc7b60c9bf1f73
EXPORTER_SECRET 6b65149c68c6f88cdcd1fa72a3ae46338e3ed517b867249df988f9c421232a5c 072dc90a9d70964f1320e25be2af6574ebe8cf49affe7700d7749207e59f5005
CLIENT_HANDSHAKE_TRAFFIC_SECRET 19805874c658dadc5b7c232232bb98ec08ab74e8e8cd10194968173bc4439a6d 9d770b69031814bc9cdbb5a25817c522ba50dc1aad8aacc0cdb18222c8a7cb7f
SERVER_HANDSHAKE_TRAFFIC_SECRET 19805874c658dadc5b7c232232bb98ec08ab74e8e8cd10194968173bc4439a6d c4ec82783902cfe752f70c0369b52b485bbcfd0ed0e8f6e96823651affbeca0d
CLIENT_HANDSHAKE_TRAFFIC_SECRET 260331c984ae1de0bd08d128be3eae2f874cba681b69a57eb68eb1418b65e399 acec4c298280a33efe5af2ca6224d497a4eed7d755027786416fb1c99d23eeee
SERVER_HANDSHAKE_TRAFFIC_SECRET 260331c984ae1de0bd08d128be3eae2f874cba681b69a57eb68eb1418b65e399 85f33b474c0525df39d9253b8fda123911ca5c0a5b1bc1f90e0c0c4516e14465
CLIENT_HANDSHAKE_TRAFFIC_SECRET 785129cad06290d13a0b21d09d4a4c79d6ace47c31e557aa6ee13e9b6a3ca7cd 2c6238e8e6849d260417de0e5c9742441b9098e1f51fcebb9d92c411db9e8c3a
SERVER_HANDSHAKE_TRAFFIC_SECRET 785129cad06290d13a0b21d09d4a4c79d6ace47c31e557aa6ee13e9b6a3ca7cd ffe249d7666014d11a3201cd35a703b6255cc9ea47fbc80fa2665934bb51a611
CLIENT_HANDSHAKE_TRAFFIC_SECRET 6548deff3454b88bb9c88ae82910b76f00a711ef9b91ee2af373ee20a378c04d eff3f9e2a4e35511caf36a6f758711d3bebfe374b81a4433468beee23dc1e9a0
SERVER_HANDSHAKE_TRAFFIC_SECRET 6548deff3454b88bb9c88ae82910b76f00a711ef9b91ee2af373ee20a378c04d 16f89f54653bc1ece067866cfb6a4ac8f3e0a0ea556a1db3c5ade9ead43ab928
CLIENT_TRAFFIC_SECRET_0 260331c984ae1de0bd08d128be3eae2f874cba681b69a57eb68eb1418b65e399 00324849e6cf39a8a3303479137641459b5557ed1d3a8ad8e394d30e697e0a98
SERVER_TRAFFIC_SECRET_0 260331c984ae1de0bd08d128be3eae2f874cba681b69a57eb68eb1418b65e399 cb9132794244acfa5b8e8d6c54c95b15a12b0db9a3892a675cb60571679fa4a5
EXPORTER_SECRET 260331c984ae1de0bd08d128be3eae2f874cba681b69a57eb68eb1418b65e399 255ef396fdb3c5b35c86a4eab1739bb4d41dbfe036e8f01bc7f2a9f661d1172b
CLIENT_HANDSHAKE_TRAFFIC_SECRET fa392f161d8232c848390b2acd3aa84614e752becd679cc9df91e525302ca3b0 5924d714afbdb776b42f2c5693bf98093aee0bc8e566572c9897d22f64683fb7
SERVER_HANDSHAKE_TRAFFIC_SECRET fa392f161d8232c848390b2acd3aa84614e752becd679cc9df91e525302ca3b0 bd70d064bef34ac7c2c35b0e4eeb0ebc5004a471737d8096b264891373ca027a
CLIENT_TRAFFIC_SECRET_0 785129cad06290d13a0b21d09d4a4c79d6ace47c31e557aa6ee13e9b6a3ca7cd 0effb252929d4cb3aa3a9f88b2b4112fe948cdefef7b6961787ccc2943ed86a5
SERVER_TRAFFIC_SECRET_0 785129cad06290d13a0b21d09d4a4c79d6ace47c31e557aa6ee13e9b6a3ca7cd e897a3f126f8a614bed33d5c3a2170f57104cfc9f1b6346eb296c9d6c8b10d34
EXPORTER_SECRET 785129cad06290d13a0b21d09d4a4c79d6ace47c31e557aa6ee13e9b6a3ca7cd a75141ef690774022033424869e2a75c59cbbc269d52ab223a461e8e8e82c826
CLIENT_TRAFFIC_SECRET_0 19805874c658dadc5b7c232232bb98ec08ab74e8e8cd10194968173bc4439a6d 2782aa91101ce0fe056cb370b858fc1697b99fb3edec4fff32074ae16df3ed60
SERVER_TRAFFIC_SECRET_0 19805874c658dadc5b7c232232bb98ec08ab74e8e8cd10194968173bc4439a6d cf917c554dee5c0b6e6bbf93023a48c2799bc2b49f4501c73dae9b3a3ff929c3
EXPORTER_SECRET 19805874c658dadc5b7c232232bb98ec08ab74e8e8cd10194968173bc4439a6d 92269c5eb77527891b234bccb2e1ed42173a4c73faeba07651ff022c836ded02
CLIENT_TRAFFIC_SECRET_0 6548deff3454b88bb9c88ae82910b76f00a711ef9b91ee2af373ee20a378c04d 5330c243a95a5615274c14106917b6e15dd91f6b260a479278055d80044e5804
SERVER_TRAFFIC_SECRET_0 6548deff3454b88bb9c88ae82910b76f00a711ef9b91ee2af373ee20a378c04d 2fd42349a3dbe10e4c37b37aa10e77cf0bd79b1e0d469999b76d5c310cb79dd8
EXPORTER_SECRET 6548deff3454b88bb9c88ae82910b76f00a711ef9b91ee2af373ee20a378c04d c12cf66704c63a96a3af89540fed70cd797563bcdd09bc5a6628435934cee20a
CLIENT_TRAFFIC_SECRET_0 fa392f161d8232c848390b2acd3aa84614e752becd679cc9df91e525302ca3b0 0585861701b90b454ed5b01bfb157cd83c58254e97d798d84236ce9e2615d879
SERVER_TRAFFIC_SECRET_0 fa392f161d8232c848390b2acd3aa84614e752becd679cc9df91e525302ca3b0 c91e3960cf64dec1917a87e2c579bd83a35a20756b0f28282231f70f331513cf
EXPORTER_SECRET fa392f161d8232c848390b2acd3aa84614e752becd679cc9df91e525302ca3b0 541a892cf547c8fad14ac6462785d0754f7f412795d502b5893448f8bdbe4780
CLIENT_HANDSHAKE_TRAFFIC_SECRET 39fdf83eb66e0bd6b5049372c8bfac599c46713330fdc6fd4aec85743a7fd3e4 66f97f25d4d1e175325188ce637ab3de133de54b5c57be4bbc723e7ec9f000ec
SERVER_HANDSHAKE_TRAFFIC_SECRET 39fdf83eb66e0bd6b5049372c8bfac599c46713330fdc6fd4aec85743a7fd3e4 427b320587f4b21ba4ed22197b9ecd77d7bd5b3f248ea27f9efe32badca80ce8
CLIENT_TRAFFIC_SECRET_0 39fdf83eb66e0bd6b5049372c8bfac599c46713330fdc6fd4aec85743a7fd3e4 dc54c72c72dfe0d79921d249d24a8229bab6d502cc488655d5b48d975c66215e
SERVER_TRAFFIC_SECRET_0 39fdf83eb66e0bd6b5049372c8bfac599c46713330fdc6fd4aec85743a7fd3e4 6e0ff4a47eecad2d5625ea10edd5aa997c5eeadeda3c425c86c31ea744cb20ca
EXPORTER_SECRET 39fdf83eb66e0bd6b5049372c8bfac599c46713330fdc6fd4aec85743a7fd3e4 c0264da396bc7c43909067cdbd81df9316c932bd16be9ede614321bb2d1e6ffd
CLIENT_HANDSHAKE_TRAFFIC_SECRET e66cba590b0afed3c1821c7c994225c9dfc8f63397a5c9ea2247cd640dff3e68 8ef94bc9899d2425a1392f8b3cd3c7ea713600ba1b36640e1d3ddee24fd0109f
SERVER_HANDSHAKE_TRAFFIC_SECRET e66cba590b0afed3c1821c7c994225c9dfc8f63397a5c9ea2247cd640dff3e68 2792836050ffe8d7e1d88aa56defd809e5f682b891f3fa52de4ce84efde9cd07
CLIENT_TRAFFIC_SECRET_0 e66cba590b0afed3c1821c7c994225c9dfc8f63397a5c9ea2247cd640dff3e68 19fd47dc20537bc785fded1d414e03f5bb38eb3a1fdc71f0f5a8fe730ee1e5c1
SERVER_TRAFFIC_SECRET_0 e66cba590b0afed3c1821c7c994225c9dfc8f63397a5c9ea2247cd640dff3e68 7fedcacf0b9a26406702b4c3d18d3c3c6337dde3e8a306237c955e0ddaeaae6a
EXPORTER_SECRET e66cba590b0afed3c1821c7c994225c9dfc8f63397a5c9ea2247cd640dff3e68 8049cdbf482099c540a7ff003ec9cc03f17aba2259183b84fe8939d854d45a91
CLIENT_HANDSHAKE_TRAFFIC_SECRET 6b0b5b49ca80c0cb70084f1678eec92c867758ed8c1d19f869b08e4cf8dab322 8ba92535ec07893f1b55be03ca6e7d5cdfba67b1111d75c4c262749875d053b2
SERVER_HANDSHAKE_TRAFFIC_SECRET 6b0b5b49ca80c0cb70084f1678eec92c867758ed8c1d19f869b08e4cf8dab322 baa974264644a739db23b045cdcfcd379801bf16efaaf60f7e794af1c1f110b8
CLIENT_TRAFFIC_SECRET_0 6b0b5b49ca80c0cb70084f1678eec92c867758ed8c1d19f869b08e4cf8dab322 7ce544178ad00b56be6a66a46caedbe0a6eaa124b0a27a2b28f483a9e7b9883b
SERVER_TRAFFIC_SECRET_0 6b0b5b49ca80c0cb70084f1678eec92c867758ed8c1d19f869b08e4cf8dab322 b68ad1ae6dc267b2e83fdfb172880a5095d30164fb6e8899dfbc2ac24ab4f48d
EXPORTER_SECRET 6b0b5b49ca80c0cb70084f1678eec92c867758ed8c1d19f869b08e4cf8dab322 088454a9d2521370055d97ff10d654c5d4092a9179ba591801ae7bf44f4070fa
CLIENT_HANDSHAKE_TRAFFIC_SECRET b4c7493ec6ea32e8f9097ddf8e4002c0b9c49fde20ab1e0a443bc1d8aefef854 c5741dbe480c425cb6e73877c40f1e14d8865144e4e0957b9247ee9ed69478b6
SERVER_HANDSHAKE_TRAFFIC_SECRET b4c7493ec6ea32e8f9097ddf8e4002c0b9c49fde20ab1e0a443bc1d8aefef854 e8b131d2a5172e41d6a02db5ff6aa756bfbbd3d2db866b14d3acc9ec6ea757b2
CLIENT_TRAFFIC_SECRET_0 b4c7493ec6ea32e8f9097ddf8e4002c0b9c49fde20ab1e0a443bc1d8aefef854 35b0feb553826d6670cceb8c75d6e6304594afaaeabaec76f8c3a8f62edbfe53
SERVER_TRAFFIC_SECRET_0 b4c7493ec6ea32e8f9097ddf8e4002c0b9c49fde20ab1e0a443bc1d8aefef854 afb43f294702dc2eb74beee66cf8b151ec92399c8b1d38e2ba9287bb0f121057
EXPORTER_SECRET b4c7493ec6ea32e8f9097ddf8e4002c0b9c49fde20ab1e0a443bc1d8aefef854 241ea35ae8b5f0a957aa3ee96c6ac316af4bb760cb99f9a4cd66fe6aefe2c0bc
CLIENT_HANDSHAKE_TRAFFIC_SECRET 0ec7660aecf76963da781ad9db1937343396697d4415ae212cdc6007931c9395 2a97c706737206a660f544ca25d8a15e069b62b0dc6129a358e0f33bc10e6c42
SERVER_HANDSHAKE_TRAFFIC_SECRET 0ec7660aecf76963da781ad9db1937343396697d4415ae212cdc6007931c9395 b24511728b3337ce3debd30d175e601e36683bda07c3835acbf4586f95595bd2
CLIENT_TRAFFIC_SECRET_0 0ec7660aecf76963da781ad9db1937343396697d4415ae212cdc6007931c9395 023ec9856217ec8e5d7f56a4d3f45cb23978fd49e72256efc7fd053cf92759af
SERVER_TRAFFIC_SECRET_0 0ec7660aecf76963da781ad9db1937343396697d4415ae212cdc6007931c9395 7050b3d30af23a01f2439e164bcd49a3eeb42ee5c225ef96be40784bde0fe748
EXPORTER_SECRET 0ec7660aecf76963da781ad9db1937343396697d4415ae212cdc6007931c9395 5d53c188f51a7df71cbb93d0f901d146afb52216fa15bff41fc4f7bb4e85ff42
CLIENT_HANDSHAKE_TRAFFIC_SECRET 5781f311452847967fe67e010ee62a98d6db295c3df2b850c28080af434aef3a 6211e9d70198986a32946cbe8cfc065e29d0d2abc53a4b7c1b54da027dcc4ce2
SERVER_HANDSHAKE_TRAFFIC_SECRET 5781f311452847967fe67e010ee62a98d6db295c3df2b850c28080af434aef3a 4da1160898cd2e76977f43fad085c63b9afc21ff4431cbfb76f8dcae279f6031
CLIENT_TRAFFIC_SECRET_0 5781f311452847967fe67e010ee62a98d6db295c3df2b850c28080af434aef3a aee17df8577726acc9cb3d5dfad2d651f8f576d7df3a00f13c7a52b0587ec78f
SERVER_TRAFFIC_SECRET_0 5781f311452847967fe67e010ee62a98d6db295c3df2b850c28080af434aef3a 3b33bc930eb251fd66f558250e4bd13c62ff7c1e76c00988ffd2f9827cf1865b
EXPORTER_SECRET 5781f311452847967fe67e010ee62a98d6db295c3df2b850c28080af434aef3a b7f81a7f0fb575e0e00c2b4ca9434a7bd2eecf7d6ce01b039b2d41d206459508
CLIENT_HANDSHAKE_TRAFFIC_SECRET 6f5331b5d1997dabf5ec8d7ec10fc1f845137465a8df5da4f5d0dccf6b43dde3 74342972f1b1cf8cd45ddbae24d2b4a5c8eddacb47a43bfebd3532a238063098
SERVER_HANDSHAKE_TRAFFIC_SECRET 6f5331b5d1997dabf5ec8d7ec10fc1f845137465a8df5da4f5d0dccf6b43dde3 8f83f1aa2ef6b3b47d0a914fb53456057305dcecb7b3eada30941f5b4e844dc8
CLIENT_TRAFFIC_SECRET_0 6f5331b5d1997dabf5ec8d7ec10fc1f845137465a8df5da4f5d0dccf6b43dde3 d003fdc66b7912d23ddd8ff522776989ac29f0c548ece4ceff2d3347ec3b02ec
SERVER_TRAFFIC_SECRET_0 6f5331b5d1997dabf5ec8d7ec10fc1f845137465a8df5da4f5d0dccf6b43dde3 058999f4e8e61ea9229f19a53066a41c362c72fd8dacf3bf3b1fbd00661a945e
EXPORTER_SECRET 6f5331b5d1997dabf5ec8d7ec10fc1f845137465a8df5da4f5d0dccf6b43dde3 28c87e918f4739f0ee297d47871a5df2f14199db46938636141931a280e4593c
CLIENT_HANDSHAKE_TRAFFIC_SECRET c23d3df97bc762cc9199469ea2403201bc3e7afba95b22e8c41ceb7f97e13c35 b29d73acd015c67f29cc58760ceb70a5d30ffe993916ad68211f85443837aa83
SERVER_HANDSHAKE_TRAFFIC_SECRET c23d3df97bc762cc9199469ea2403201bc3e7afba95b22e8c41ceb7f97e13c35 ea7cb8ad15a38f6a6227c15d35951ee99229bcc893c21250f866584635af43db
CLIENT_TRAFFIC_SECRET_0 c23d3df97bc762cc9199469ea2403201bc3e7afba95b22e8c41ceb7f97e13c35 2c4ccd6fbb99aa9c24cfece197495b89a026f56e3739f39bb2585f5dfacbf0e5
SERVER_TRAFFIC_SECRET_0 c23d3df97bc762cc9199469ea2403201bc3e7afba95b22e8c41ceb7f97e13c35 6a596000c14dec492017107711d78526f19d455a08a0f39a241acc861f30df1d
EXPORTER_SECRET c23d3df97bc762cc9199469ea2403201bc3e7afba95b22e8c41ceb7f97e13c35 51351f27b0fe8ca2eef0d8c03b1a14a73b456aee2fc46242d5513e6187438220
CLIENT_HANDSHAKE_TRAFFIC_SECRET 666672c29b0f289692d26d1b648d2cd1a1e02510209ad492ab0a1a0e8e17fafa 5635461fcecf4c014921acbd6788a887cf140b37955afb67ad8a72e240df3ca7
SERVER_HANDSHAKE_TRAFFIC_SECRET 666672c29b0f289692d26d1b648d2cd1a1e02510209ad492ab0a1a0e8e17fafa 32f82b3b5bd9a680e87e5b4ad3a0d7ee318657e42621e4ae55833142cab68244
CLIENT_TRAFFIC_SECRET_0 666672c29b0f289692d26d1b648d2cd1a1e02510209ad492ab0a1a0e8e17fafa 5fbb0a488ebfc01e14213ad7fae718b5bb32a5fc865ef330e83b8f13e7702d1e
SERVER_TRAFFIC_SECRET_0 666672c29b0f289692d26d1b648d2cd1a1e02510209ad492ab0a1a0e8e17fafa 92e948515da3c33202f9ec86a1e2adb42ec877e0f0b47ecfb9ac7f5d653dbb71
EXPORTER_SECRET 666672c29b0f289692d26d1b648d2cd1a1e02510209ad492ab0a1a0e8e17fafa dbec10bcacdab9dc9a7206d100d596cb6d7a7d6e6bb7e9ad2dbd3fadcc0208d9
CLIENT_HANDSHAKE_TRAFFIC_SECRET b64e7fa0193da339e9ac0aa29d1be653cb2e0e6e6dbee7219e52da32c246da61 4e0cefd8d32acbea58a1570747b95a8054927cc4d344e2b089583afe76fc3943
SERVER_HANDSHAKE_TRAFFIC_SECRET b64e7fa0193da339e9ac0aa29d1be653cb2e0e6e6dbee7219e52da32c246da61 d1e99cd0473232355058c0894a254d70e9dfdb57f792e218a8fd4c7620e78d26
CLIENT_HANDSHAKE_TRAFFIC_SECRET 07b646be14a2ceb8bf89061c80333486342fa2c5edb0ad9447ef7e0c9f8867f1 3fc7363ad6d1bf3967439286335baa0a52b32800a5bff7c8c6d5495f9f19e85b
SERVER_HANDSHAKE_TRAFFIC_SECRET 07b646be14a2ceb8bf89061c80333486342fa2c5edb0ad9447ef7e0c9f8867f1 326b0e1c28c06f0b69aff64c9aba9aed458962cfaed955b57c43163b93e242e0
CLIENT_TRAFFIC_SECRET_0 b64e7fa0193da339e9ac0aa29d1be653cb2e0e6e6dbee7219e52da32c246da61 fbb19c8df949dc700a297bd50fd814f6b7889393c35d26d61692ddcec9337655
SERVER_TRAFFIC_SECRET_0 b64e7fa0193da339e9ac0aa29d1be653cb2e0e6e6dbee7219e52da32c246da61 f0022257c0eda2a9a1e32c125c5371b1a00e7dd4720c4474dd7b87a12f4221ca
EXPORTER_SECRET b64e7fa0193da339e9ac0aa29d1be653cb2e0e6e6dbee7219e52da32c246da61 d33caaf595e323e64addcd57ba6027f5519de583f06e19ca9228573fdcacf13f
CLIENT_TRAFFIC_SECRET_0 07b646be14a2ceb8bf89061c80333486342fa2c5edb0ad9447ef7e0c9f8867f1 41841999e53f40b91745fea51855e2768a79bdaccf41d58c2f1c2165c1443429
SERVER_TRAFFIC_SECRET_0 07b646be14a2ceb8bf89061c80333486342fa2c5edb0ad9447ef7e0c9f8867f1 fa86f5e96c6f0816314b1b8b5af5301c783dd26efd7d1918bed4242dd780d0df
EXPORTER_SECRET 07b646be14a2ceb8bf89061c80333486342fa2c5edb0ad9447ef7e0c9f8867f1 340a98aa513b25520e176756901d76ed5393ea141fb530a8fa9b04d75ce91aca
CLIENT_HANDSHAKE_TRAFFIC_SECRET 4cac3015daaafa526f1f1689b395646d9b6259379c95b06805f1c5022c6caa35 6d1b00cacd3617b4297707395ac32512962e6e3f7f640c30a0f26bbbe40bbda4
SERVER_HANDSHAKE_TRAFFIC_SECRET 4cac3015daaafa526f1f1689b395646d9b6259379c95b06805f1c5022c6caa35 62536962eb83e0a8da3e32c96564411d5df0e48f2c8f25cccbd4e73620ba0887
CLIENT_TRAFFIC_SECRET_0 4cac3015daaafa526f1f1689b395646d9b6259379c95b06805f1c5022c6caa35 2142e4ba2fc526341008a6a664cd23b298108450ce85555dc80e5df181181798
SERVER_TRAFFIC_SECRET_0 4cac3015daaafa526f1f1689b395646d9b6259379c95b06805f1c5022c6caa35 13103a6fd9fe6f6ed71922ece8ef8bc966db5e7139be288a2ad402437134964e
EXPORTER_SECRET 4cac3015daaafa526f1f1689b395646d9b6259379c95b06805f1c5022c6caa35 fb4d0b3e95f4b9832ea31383dd374fe1e567dc987c6f9d59282a792a34510a76
CLIENT_HANDSHAKE_TRAFFIC_SECRET 9e871bf539a567e7804b463329c2a458e1b99feba5bacd3a1fa923b9cc378c93 c126f0fe6c0f2d5b34ff668c706d140ace440e5c82f7f2cfacfdb521d40460dd
SERVER_HANDSHAKE_TRAFFIC_SECRET 9e871bf539a567e7804b463329c2a458e1b99feba5bacd3a1fa923b9cc378c93 4903004357ec995800c62a4f43e0d2a8939f8aa2e342081fe2197efe153646f3
CLIENT_TRAFFIC_SECRET_0 9e871bf539a567e7804b463329c2a458e1b99feba5bacd3a1fa923b9cc378c93 8fe7a627ed3d4ba5b8b579e33e7787a2e382bdeff83cfcf4cf556c987c625d45
SERVER_TRAFFIC_SECRET_0 9e871bf539a567e7804b463329c2a458e1b99feba5bacd3a1fa923b9cc378c93 8b444513565c16a6560548a68b2390bdef73adc2c480abf6b0f24731b8e43ddb
EXPORTER_SECRET 9e871bf539a567e7804b463329c2a458e1b99feba5bacd3a1fa923b9cc378c93 1c92c98962e04103579138cc8073d1ef4328daf42f8d766eef2b70cf373ac227
CLIENT_HANDSHAKE_TRAFFIC_SECRET 4c2b07377d0113b490a5323d35a24b58f3fa971c2ef0d563dbd4f9732320dfff 7550753a134ff4acc6fe726f7c04789bf864136eee82ff40131a3c40e04f4165
SERVER_HANDSHAKE_TRAFFIC_SECRET 4c2b07377d0113b490a5323d35a24b58f3fa971c2ef0d563dbd4f9732320dfff bc2f1cd9ddaeef90ca58d55c252f98bc55e0f42c7edf0e2d1ea6a14b9b1e9058
CLIENT_HANDSHAKE_TRAFFIC_SECRET 5acdbb41db0cf78017c54d953a2dfab63d64eebf1a1792fea3a8b4a1980dac44 aa66277ad658912b659b66535d820699f45b855b6f112d5b8f610ad478a745b6
SERVER_HANDSHAKE_TRAFFIC_SECRET 5acdbb41db0cf78017c54d953a2dfab63d64eebf1a1792fea3a8b4a1980dac44 17cd187ea1c3adf5c1b3a5943751da51365d6faadfa8a5ee773d232d38b0a4bc
CLIENT_HANDSHAKE_TRAFFIC_SECRET c19cc4974c00a25c4db0ec195c6c0e2529206e6b2a0a227bd78efbc637d9cbd7 f5d48347dea44a5a79eb937e30218125f55a759c82c986b4918d492e2dd97d79
SERVER_HANDSHAKE_TRAFFIC_SECRET c19cc4974c00a25c4db0ec195c6c0e2529206e6b2a0a227bd78efbc637d9cbd7 8bd7975b585e304956a68a421665e4ed728db8f5a9f40867cc30ce07d796f685
CLIENT_TRAFFIC_SECRET_0 4c2b07377d0113b490a5323d35a24b58f3fa971c2ef0d563dbd4f9732320dfff dc5280cf52c86da42052c9ead5d2f8acf9bca20e8d993dce57dc46f86a39b714
SERVER_TRAFFIC_SECRET_0 4c2b07377d0113b490a5323d35a24b58f3fa971c2ef0d563dbd4f9732320dfff 3aea167d5a27c55a177e142bcd9244af5dc3db8b85fe0eaa0cf82a05b6aad05b
EXPORTER_SECRET 4c2b07377d0113b490a5323d35a24b58f3fa971c2ef0d563dbd4f9732320dfff 39cc0668d2a9ad2b79723cbbcb82890e7cc77de748812b09a09e0f4415793fe4
CLIENT_TRAFFIC_SECRET_0 5acdbb41db0cf78017c54d953a2dfab63d64eebf1a1792fea3a8b4a1980dac44 c41a1f9fa61127b35acbcf16b35c9765cce4a96586f3b47b32dae747273f9ea3
SERVER_TRAFFIC_SECRET_0 5acdbb41db0cf78017c54d953a2dfab63d64eebf1a1792fea3a8b4a1980dac44 eb24b4d18b40764f9010a23c319e642bf624686d78a3515c07c2d21689dd6bc6
EXPORTER_SECRET 5acdbb41db0cf78017c54d953a2dfab63d64eebf1a1792fea3a8b4a1980dac44 b21e9d5833d389a6bb39f0e700f6725237d418b17ade1ac5abf01ce6dd104c14
CLIENT_TRAFFIC_SECRET_0 c19cc4974c00a25c4db0ec195c6c0e2529206e6b2a0a227bd78efbc637d9cbd7 50fc1400c46e4f47142de1262ea5682c48b4d88888f6b56ff7dc1b98273f4254
SERVER_TRAFFIC_SECRET_0 c19cc4974c00a25c4db0ec195c6c0e2529206e6b2a0a227bd78efbc637d9cbd7 c2f3023a852efd9001cc312ba761dd22f60be9550861a8996d0a64a9317ed120
EXPORTER_SECRET c19cc4974c00a25c4db0ec195c6c0e2529206e6b2a0a227bd78efbc637d9cbd7 9aef8f84d417f48c87aed88228091473b15e826345f7d672a168ec90d62323c2
CLIENT_HANDSHAKE_TRAFFIC_SECRET 6d66fa9fb8d934db042af862c3caba4180c668734a8a99b30689f6281192eb85 a62c80db66345971d051e2d2e6e7c45f19574e666fae2fa69a68df06fd9d8688
SERVER_HANDSHAKE_TRAFFIC_SECRET 6d66fa9fb8d934db042af862c3caba4180c668734a8a99b30689f6281192eb85 6961ced1ece28edc975540247bbadc1469fe8539b20a9f8af5c0479543b56b35
CLIENT_HANDSHAKE_TRAFFIC_SECRET f060e641c59c80fa60d9607cf166f64d62740e4f183abd08e8fccb531f2b9ece e950062ad981a7d25590583d50fa567cc1e6ddd5aa0ef794f7d2e2bddad1425e
SERVER_HANDSHAKE_TRAFFIC_SECRET f060e641c59c80fa60d9607cf166f64d62740e4f183abd08e8fccb531f2b9ece 43dd50956442c145cf57ed9641045f910c95f32de091563ae4e3fe9695586215
CLIENT_TRAFFIC_SECRET_0 6d66fa9fb8d934db042af862c3caba4180c668734a8a99b30689f6281192eb85 352253073fb08515553158eb4d173a6e44ffc7bf8d921acb5e966dd954b60276
SERVER_TRAFFIC_SECRET_0 6d66fa9fb8d934db042af862c3caba4180c668734a8a99b30689f6281192eb85 f1a2b291743187027a92f8c8ffd3e2f3b9cd5a6408a27e89d66b643160f347a5
EXPORTER_SECRET 6d66fa9fb8d934db042af862c3caba4180c668734a8a99b30689f6281192eb85 229ffa58858377c463a4008af9150ac52c4d6f17dd3da466b539a4fe277c47e5
CLIENT_TRAFFIC_SECRET_0 f060e641c59c80fa60d9607cf166f64d62740e4f183abd08e8fccb531f2b9ece ccd0dd72cb28f73725ab2e73aaf1cb936377b4d2f9d910e259624c3d9d0f34e3
SERVER_TRAFFIC_SECRET_0 f060e641c59c80fa60d9607cf166f64d62740e4f183abd08e8fccb531f2b9ece 6807fd4fcb37c7aeaab8de8ac9bbeb09a0d3a5cb7fe4704ae643cfe64e433518
EXPORTER_SECRET f060e641c59c80fa60d9607cf166f64d62740e4f183abd08e8fccb531f2b9ece 836ae8743fdf6dabc1f2eb6a4ac4a65a219987ffdb59a861f8fb156d31f11076
CLIENT_HANDSHAKE_TRAFFIC_SECRET 3690d20da0f0aea072585c80de0e57d76129531c032e6bf3e40daf9511e3b5a4 79a50a0043ea0571a97a136e63dff9e4b4c9d1dde67e9dd19aa0691a71fe1367
SERVER_HANDSHAKE_TRAFFIC_SECRET 3690d20da0f0aea072585c80de0e57d76129531c032e6bf3e40daf9511e3b5a4 86094c745d7875c0c3f0099506ebd8a6c0cd0f9ced1a82839786c81992342813
CLIENT_TRAFFIC_SECRET_0 3690d20da0f0aea072585c80de0e57d76129531c032e6bf3e40daf9511e3b5a4 314c28740594e0b7502d45fd26fe1a18acb75773ad063d7127ab9fd6918272ab
SERVER_TRAFFIC_SECRET_0 3690d20da0f0aea072585c80de0e57d76129531c032e6bf3e40daf9511e3b5a4 43a2334216a82da3bafb53475c3f7bfbb97d2c206a0f9594900c7aa224131219
EXPORTER_SECRET 3690d20da0f0aea072585c80de0e57d76129531c032e6bf3e40daf9511e3b5a4 fe8f5ae55e03607cbf8b6186c110a1c1f8fc5040af0d2576f80b7a13285bc9b0
CLIENT_HANDSHAKE_TRAFFIC_SECRET d9d09ed72d39010313dc90bf6ff104159a4f87ab29e6915aafac5ab2bab0394e f73ef4640fea5757cbaa350f2841038a3c74c41f8c5b27879cfc167cb292f221
SERVER_HANDSHAKE_TRAFFIC_SECRET d9d09ed72d39010313dc90bf6ff104159a4f87ab29e6915aafac5ab2bab0394e e97dd7f01da3e6d0bc100d10f33820b5ad6edea4033811e1ad8d6028373175e5
CLIENT_TRAFFIC_SECRET_0 d9d09ed72d39010313dc90bf6ff104159a4f87ab29e6915aafac5ab2bab0394e 7f61765b6e60f98abb9afd345207ca34d92c0224ae7f78d432d63e90cdc98189
SERVER_TRAFFIC_SECRET_0 d9d09ed72d39010313dc90bf6ff104159a4f87ab29e6915aafac5ab2bab0394e 64771d104c96a12782b3535131dd65d7fe0fee2edbb76b637609fd9619e3e4df
EXPORTER_SECRET d9d09ed72d39010313dc90bf6ff104159a4f87ab29e6915aafac5ab2bab0394e dac23d92d687250e4aa4a6909b9ee805e765147ee66fdc1f430c67835426d5f2
CLIENT_HANDSHAKE_TRAFFIC_SECRET c3d8921380221de58418d9ea509ca8e35de4ca6deafefc53add257c0b734b979 85393451acb965503634669f9f4562b13d87814cfb593351fcb96f06977b7713
SERVER_HANDSHAKE_TRAFFIC_SECRET c3d8921380221de58418d9ea509ca8e35de4ca6deafefc53add257c0b734b979 f5c23c08beb16aa704a8a65c16a4a642551ada159fa2601f959d08129a263539
CLIENT_TRAFFIC_SECRET_0 c3d8921380221de58418d9ea509ca8e35de4ca6deafefc53add257c0b734b979 0fc16ea125756ec5561d536a34339d8db77a5083b07332df48b99f1a4b614592
SERVER_TRAFFIC_SECRET_0 c3d8921380221de58418d9ea509ca8e35de4ca6deafefc53add257c0b734b979 4338356fa9c83c2e5c57c0652858e122109f2a1d89567381d966d098ca7ffdb7
EXPORTER_SECRET c3d8921380221de58418d9ea509ca8e35de4ca6deafefc53add257c0b734b979 1073c842f03f541f2abdbfe3d994dfa258c501156473492dcfefc1bbb0b0e201
CLIENT_RANDOM 18ca32956ae411309c211a3b27fc64669653ac65bc13ecb2127e37128f8047fb c333cdb022f5085bd625f494674c03a4946931ac031001ec470bb106354d0bc5794550cabbda3ba7b67542b56d25cc3f
CLIENT_RANDOM 98a36d5ca53d905fc09ce05362baf0336c86b2bee9f7fb051c67d8139102f728 7b390fe237fef567e30461079061848d9b34d71aeda60e38fece86f77d6a2efd0a4a478eae45456ade391bd12735c523
CLIENT_RANDOM 0ad6a9d985e82659827b8d28b8d8f77eeb70d9f13f9563ce6c427e3e004393cb 60c1c07082e3f173969186f441a47880a046b86c4ffd06a7161334221dd4217233ca5e2ac030504ed4203b577de6f0ce
CLIENT_RANDOM d0a9c6bce77469ba27b82e2987aa4f26a465bb6ab1efe5de27536f56d0a43e3c 0f00223f194c2ae51d2011270065087cc9af5eca6d09c1156a05c22262cb304ca43ddc57021152fb7d92101047e9de03
CLIENT_HANDSHAKE_TRAFFIC_SECRET e03420fa7dadb859f011bebfd7a85bfdb115d8b13ced4d241823887b164b98d4 99a85be86dd28ff1df688cc80537691c93e3e6595b3548287a06d04393f21f9f
SERVER_HANDSHAKE_TRAFFIC_SECRET e03420fa7dadb859f011bebfd7a85bfdb115d8b13ced4d241823887b164b98d4 5704288c298c96f47876e7d99fc167a15255c63f70c9e08187ef530fa8d4f3a5
CLIENT_TRAFFIC_SECRET_0 e03420fa7dadb859f011bebfd7a85bfdb115d8b13ced4d241823887b164b98d4 17dcc8013c983f03dfe6a02c35f9580b636aeaf99816b5f2da474380982b0379
SERVER_TRAFFIC_SECRET_0 e03420fa7dadb859f011bebfd7a85bfdb115d8b13ced4d241823887b164b98d4 70c0a17feb9d6dacddd4fe4ddf35a3574b64c83df23433c85b8ec5ac18c69971
EXPORTER_SECRET e03420fa7dadb859f011bebfd7a85bfdb115d8b13ced4d241823887b164b98d4 771b74f9ec61fd5b1d264eb8dc5103419159fe974717bf7ce80568cc746535da
CLIENT_HANDSHAKE_TRAFFIC_SECRET a03f5879205a3c60d7b676f0d63edd45bb23aadce8694740c31aeb52c66c449e 0c37abc9d9896cafb1052dbbcc6e6c0477564c42f6cc6ac2b8d862d7925fb480
SERVER_HANDSHAKE_TRAFFIC_SECRET a03f5879205a3c60d7b676f0d63edd45bb23aadce8694740c31aeb52c66c449e 57aebab1c589c65a06241c65908973323bfc05c9e749f17146fd140453711efb
CLIENT_TRAFFIC_SECRET_0 a03f5879205a3c60d7b676f0d63edd45bb23aadce8694740c31aeb52c66c449e 2bf4f3d56d0d2156a05c0a789f33d7327c7e27c77edb376899a21a1fcb362d3b
SERVER_TRAFFIC_SECRET_0 a03f5879205a3c60d7b676f0d63edd45bb23aadce8694740c31aeb52c66c449e bc827413c1bc4a664272e57f4719a57553cfc577654b18bef4c103203bf6972c
EXPORTER_SECRET a03f5879205a3c60d7b676f0d63edd45bb23aadce8694740c31aeb52c66c449e d70e6707732ae344b0750b84f7be55e0714b7a50e1b6c7b6c28c5fadfd505868
CLIENT_RANDOM 2568439394148d834ededc8e7afc749b27d7f1a954fb73eae51ba08045dd23f0 f394a30e9da9d698e7236fd4a602389e309ec09846ea7414a0f651fc535c23918b8906e2ba77fad5f1f8ebfefcbda3be
