CLIENT_RANDOM 2418439c0d6f47efb398013fe971121fbf6101dfcbd651aaf20c370cbd71c94b 19c58a11f7fdb0215968649f3dce8585e1746437994a2cb454e2ecdb45e3e96278842bb169e9ca52f27b1decc8f02065
CLIENT_HANDSHAKE_TRAFFIC_SECRET d7fa51c1986274cfec15090d34eaf94799f07b6c0b241e2f246695c241052e26 b3f7c70b64d08448889e4cd2c5053511df0e828c3cc46174b05b690525fa5347
SERVER_HANDSHAKE_TRAFFIC_SECRET d7fa51c1986274cfec15090d34eaf94799f07b6c0b241e2f246695c241052e26 7b30282460cd3e1e2716d470da7b2111a84ffaa29e042cbaa0a88fe5a5902a41
CLIENT_HANDSHAKE_TRAFFIC_SECRET 764196fcf9c1f41b0082ff81572b14604ba9a6af4b616e7c56016ce6515592f6 40dcd47a66d1500b1e94671f95d8bae16cc5bafab3e37e0356e117fc35225fe9
SERVER_HANDSHAKE_TRAFFIC_SECRET 764196fcf9c1f41b0082ff81572b14604ba9a6af4b616e7c56016ce6515592f6 7ce33fee98e7e9335ceca536f5d5431b1905e39263059352b3d134f13096c8dc
CLIENT_TRAFFIC_SECRET_0 d7fa51c1986274cfec15090d34eaf94799f07b6c0b241e2f246695c241052e26 ce0a0036e21fe691592ca6697aedb89c60007c5721f23fe25cd873f4206b0aaf
SERVER_TRAFFIC_SECRET_0 d7fa51c1986274cfec15090d34eaf94799f07b6c0b241e2f246695c241052e26 8b120c0c4df45e90adff20eb16db209606313391088cede9aeb595b8ec9bcf60
EXPORTER_SECRET d7fa51c1986274cfec15090d34eaf94799f07b6c0b241e2f246695c241052e26 e5c1eba30be5dccd95cb16d27e4a7b28aa7095307cb633512848425c0264ff58
CLIENT_TRAFFIC_SECRET_0 764196fcf9c1f41b0082ff81572b14604ba9a6af4b616e7c56016ce6515592f6 5e3e3a362a622edcb86886acacf95a62ddcfb9b8f5c18c6721e263361da1a682
SERVER_TRAFFIC_SECRET_0 764196fcf9c1f41b0082ff81572b14604ba9a6af4b616e7c56016ce6515592f6 f107f3d50849fbe7d389b44f0e522e28c6fc32e33e35a4f9a04fc7cc450f464a
EXPORTER_SECRET 764196fcf9c1f41b0082ff81572b14604ba9a6af4b616e7c56016ce6515592f6 caaf6884856039d24392b709def96c54312f93abefc61409ad3f8b448c428ccf
CLIENT_HANDSHAKE_TRAFFIC_SECRET d453c8ec41722689c079397af21e37fd7ecfd86c84491005a5e466cccd4c59cb cd7e6d94480fa62632cf57a9df420d482a772d6db91fa40b67bddd5fc1198c63
SERVER_HANDSHAKE_TRAFFIC_SECRET d453c8ec41722689c079397af21e37fd7ecfd86c84491005a5e466cccd4c59cb a24b606e5ac1b1c1e213c5dd1472ac78fc02e94e0d2ca5c8be8e749b0e926ed4
CLIENT_TRAFFIC_SECRET_0 d453c8ec41722689c079397af21e37fd7ecfd86c84491005a5e466cccd4c59cb ec612cae375b79c06696a16595a65b78e70c746ee525f2f7ad554b155979c144
SERVER_TRAFFIC_SECRET_0 d453c8ec41722689c079397af21e37fd7ecfd86c84491005a5e466cccd4c59cb 9e589608a170b6f8360604cf3260eecdb4656d212219341b1c02f4a29ac78d0c
EXPORTER_SECRET d453c8ec41722689c079397af21e37fd7ecfd86c84491005a5e466cccd4c59cb 385cb125371b3010e0ffb5f0469f8b7b6a41b64efb40731f8858802ef882d130
CLIENT_HANDSHAKE_TRAFFIC_SECRET 6edafe4fdd361085b8f727950474094408df64ed434dad1c14b16fbda62a4030 3d4a79e49305bced9c4458483cc09e22316b118a4d3e5600dc26e9eac952b458
SERVER_HANDSHAKE_TRAFFIC_SECRET 6edafe4fdd361085b8f727950474094408df64ed434dad1c14b16fbda62a4030 a748e4a93571f85866d4a2cad911f129e3a68715f7753fb87649179fac1e46a6
CLIENT_TRAFFIC_SECRET_0 6edafe4fdd361085b8f727950474094408df64ed434dad1c14b16fbda62a4030 4ce08ca1e476d6ed5e1c99739458dcded2c88e9579bb7376a6142f499f4f0736
SERVER_TRAFFIC_SECRET_0 6edafe4fdd361085b8f727950474094408df64ed434dad1c14b16fbda62a4030 058c5fd6bf63e327f89271e5cff0f761dbd9e3d1929aa17ecc0472e8360834ca
EXPORTER_SECRET 6edafe4fdd361085b8f727950474094408df64ed434dad1c14b16fbda62a4030 b75ac0f29f7b16127c921f640af9f9e324c62163409ceafdcac435a53d7d7d84
CLIENT_HANDSHAKE_TRAFFIC_SECRET f918ce7aab2d1a263cc4ff3f476dadab67544d33fe1f672c0c7a7303ec06499f e71072b3cd7ed5a2c01333eec5db0cdcdc09c682bb25b5bc19bf5a9d94783ece
SERVER_HANDSHAKE_TRAFFIC_SECRET f918ce7aab2d1a263cc4ff3f476dadab67544d33fe1f672c0c7a7303ec06499f e4ae9c4f54dc50b74da15ceb0ccc2c4b53cbe25a4dc08d4b7881b23242f88dd5
CLIENT_TRAFFIC_SECRET_0 f918ce7aab2d1a263cc4ff3f476dadab67544d33fe1f672c0c7a7303ec06499f 128dc818060a887266809cf7cbd807dbd86fae20ded06fd2406a1b56ec99b063
SERVER_TRAFFIC_SECRET_0 f918ce7aab2d1a263cc4ff3f476dadab67544d33fe1f672c0c7a7303ec06499f 5260ec0bc1bedf5452fd07e7a124382949f5b50dafb45f00c1361647b7076419
EXPORTER_SECRET f918ce7aab2d1a263cc4ff3f476dadab67544d33fe1f672c0c7a7303ec06499f 112454a17098cd77155e91011618ceabd21247e9b50a78bf017dbbf37239ba73
CLIENT_HANDSHAKE_TRAFFIC_SECRET 66f81019b12e645d0a97a6d650ed0b30b69694aa21cd192398c8c96e5546afef 024c9cfa873e15741288bbe78def49517c6e008ec17821b7ec7e1fd691e59a3d
SERVER_HANDSHAKE_TRAFFIC_SECRET 66f81019b12e645d0a97a6d650ed0b30b69694aa21cd192398c8c96e5546afef 9cffff05b2a32268636534a72d5b01af457d9772a27db6da5cc51f86d8b6183e
CLIENT_TRAFFIC_SECRET_0 66f81019b12e645d0a97a6d650ed0b30b69694aa21cd192398c8c96e5546afef f861f5bccf3ad7a5d6369d2881d50eb31a48fd56353cf325452cb2499443324f
SERVER_TRAFFIC_SECRET_0 66f81019b12e645d0a97a6d650ed0b30b69694aa21cd192398c8c96e5546afef 5852d590bb6c8ae649103220dc52c33780b33a21ef640a790dd7e7db2a6c0f76
EXPORTER_SECRET 66f81019b12e645d0a97a6d650ed0b30b69694aa21cd192398c8c96e5546afef 9552eff99968b1ca2f840c19444c7a481108d9944ef37a4d663a3b00dd8c96c1
CLIENT_HANDSHAKE_TRAFFIC_SECRET 8acd5de495623bc712955c334b10babf4cde2323d3f0888c7b996da053876218 ea7739614297528d8e77ce6b77255f681e891c6f9061b2a5a6231a59736984a2
SERVER_HANDSHAKE_TRAFFIC_SECRET 8acd5de495623bc712955c334b10babf4cde2323d3f0888c7b996da053876218 916574a7bbfc895e0427469beedf004272b42d4b331d72c77205df15814bbbe6
CLIENT_HANDSHAKE_TRAFFIC_SECRET 4419a3c30a676d64546506feffc80d04707e2681eaf4aa93d773a8b4796e0b4d cfca3ddfbd2473cd062956a33ae53a3c34f58b2400cc54cee67b03bd82a32b16
SERVER_HANDSHAKE_TRAFFIC_SECRET 4419a3c30a676d64546506feffc80d04707e2681eaf4aa93d773a8b4796e0b4d 49751d3564a9dca6a984dc9357ba57febd6b7da01def8ea73e602150125aa26c
CLIENT_HANDSHAKE_TRAFFIC_SECRET 1445aa20a562d1359a293d63acbdfada225845039769199f7d670a7a22c238aa 27e7fc0ba6ba631009429efe2e9b5a62c8062af87c1358b3aa362885352bc75c
SERVER_HANDSHAKE_TRAFFIC_SECRET 1445aa20a562d1359a293d63acbdfada225845039769199f7d670a7a22c238aa ee2e6e28ae7322f1f83c64cdabb4c2d0124311f22e0cf6d64390659b995467f2
CLIENT_HANDSHAKE_TRAFFIC_SECRET 8bf9e479bf50cbe8465b58193ce5a1b51330f59e3371dfe980e71c54bf40696b 1ef9a2c7741eb9f10c484924a0560b86714e0fbbdf92679a9829fc74937ed775
SERVER_HANDSHAKE_TRAFFIC_SECRET 8bf9e479bf50cbe8465b58193ce5a1b51330f59e3371dfe980e71c54bf40696b 35697f95d706b30efadefe73282bdc59ceffcfc6e2f0da9e96ab3ac6b4cbaeca
CLIENT_HANDSHAKE_TRAFFIC_SECRET b588a6769aca1f6a619fab9b3843db00285a254bc54d06684577ec7c6b79d181 247bcf2a0a5fcb0a419a6d8ccd5fedcc43762f02cdda50ca8755365d8ba42a2c
SERVER_HANDSHAKE_TRAFFIC_SECRET b588a6769aca1f6a619fab9b3843db00285a254bc54d06684577ec7c6b79d181 45babe042f3b51e62266c4dd5a249bfb49a536235de673d9eb215c042668d93d
CLIENT_HANDSHAKE_TRAFFIC_SECRET a03e491bcaf12c3b827595c1af5068874e616bf67d0ad6d1bf65afdf16e9e825 8d4408add4c4b4ee0eb1717892696ef79e4614659b60deed24743ff0adde1475
SERVER_HANDSHAKE_TRAFFIC_SECRET a03e491bcaf12c3b827595c1af5068874e616bf67d0ad6d1bf65afdf16e9e825 176eb32071412635e1285b300f20b0e156e090e69c26cdaf4400882347372843
CLIENT_HANDSHAKE_TRAFFIC_SECRET ae95070174902d14c12e7eb1d625154ed6c2b6b2b15731500d3c65b0ff17c6d2 43777c55cf638be68e42330bd463f22e8d2aa33b468ab5025cd01e8bb73e1d2c
SERVER_HANDSHAKE_TRAFFIC_SECRET ae95070174902d14c12e7eb1d625154ed6c2b6b2b15731500d3c65b0ff17c6d2 054d8db102feaeb596bbcf74170ba23a6f7c4cdd0540e5bd3b4359fb9c0c6c86
CLIENT_HANDSHAKE_TRAFFIC_SECRET 947f1da61e3ec6fd7e7d02e6e2d840ab5f1de7ed54e7ffdf8044d67f38b50f11 25ccf450ded182fc6512d8c2bfe3039ce78745335fafca644ffc38e88325c23e
SERVER_HANDSHAKE_TRAFFIC_SECRET 947f1da61e3ec6fd7e7d02e6e2d840ab5f1de7ed54e7ffdf8044d67f38b50f11 1a02d556b501a6cac99f4251873a84c7be4a88b826a698800f922167f6feb825
CLIENT_TRAFFIC_SECRET_0 4419a3c30a676d64546506feffc80d04707e2681eaf4aa93d773a8b4796e0b4d 8bb984409f4f635c975b5fea35e41601b35aec5ec0fd09e43f652663c192efd5
SERVER_TRAFFIC_SECRET_0 4419a3c30a676d64546506feffc80d04707e2681eaf4aa93d773a8b4796e0b4d b17619daf5c7386386d942e9e1db75018f03509d72b1e64e14c0a582923e9073
EXPORTER_SECRET 4419a3c30a676d64546506feffc80d04707e2681eaf4aa93d773a8b4796e0b4d 7ef5cdf7a34b31cc949860be4aab192f108711099c6f64a224ef54dbda2d7633
CLIENT_TRAFFIC_SECRET_0 1445aa20a562d1359a293d63acbdfada225845039769199f7d670a7a22c238aa e06443ec310254cf5a9770fb44f7afcc16ce1c6dcaa62c86b158bc59a38a7df4
SERVER_TRAFFIC_SECRET_0 1445aa20a562d1359a293d63acbdfada225845039769199f7d670a7a22c238aa 099850cde45a7115597e626ae27e82c15bd2dfb4023a074ebe275da53fccb3e5
EXPORTER_SECRET 1445aa20a562d1359a293d63acbdfada225845039769199f7d670a7a22c238aa 7f015ec000abde8382e7d233a412ffa9c17752f515ede4f0bf9e11392a43029f
CLIENT_TRAFFIC_SECRET_0 8bf9e479bf50cbe8465b58193ce5a1b51330f59e3371dfe980e71c54bf40696b b072724c92192e2c7b945cee7f5ee2b0d0f35c0af7aa6b9666cdee6ed3d74423
SERVER_TRAFFIC_SECRET_0 8bf9e479bf50cbe8465b58193ce5a1b51330f59e3371dfe980e71c54bf40696b 60e197460591c066fa0b0bf4e8cd5ac83117c3b2c471a1a61b59658bec277c4e
EXPORTER_SECRET 8bf9e479bf50cbe8465b58193ce5a1b51330f59e3371dfe980e71c54bf40696b e8f8652cf7f3338bc482575af96c7ff5084efaef31a603a68887fb01bb4df696
CLIENT_TRAFFIC_SECRET_0 b588a6769aca1f6a619fab9b3843db00285a254bc54d06684577ec7c6b79d181 faaafa9bdc9ccc7a0f850278755cd9971f72cb097e9c0eeba31ed0bedbba0759
SERVER_TRAFFIC_SECRET_0 b588a6769aca1f6a619fab9b3843db00285a254bc54d06684577ec7c6b79d181 df4debee8dcf83b1c5d24ce0976128ef8046effb203c4f5a5a1c65920db2583c
EXPORTER_SECRET b588a6769aca1f6a619fab9b3843db00285a254bc54d06684577ec7c6b79d181 ac0f7ff133dd870d31b1d2850062d111902fb36051ba0f01bdfb363b8cd03cd4
CLIENT_TRAFFIC_SECRET_0 a03e491bcaf12c3b827595c1af5068874e616bf67d0ad6d1bf65afdf16e9e825 83f9fdb9e02ad58a1eec24cf1723a00af8334e22e936dd884e6f4edcfaf9f974
SERVER_TRAFFIC_SECRET_0 a03e491bcaf12c3b827595c1af5068874e616bf67d0ad6d1bf65afdf16e9e825 7d39eeda7f23b9368716ad15fab2e06bd1fbdd154d6ed60e8ecb06eb8ec561f4
EXPORTER_SECRET a03e491bcaf12c3b827595c1af5068874e616bf67d0ad6d1bf65afdf16e9e825 e0229513e3c6b11ca6c14c9992dfc1dad7c328052d65106be36d268773a57070
CLIENT_TRAFFIC_SECRET_0 ae95070174902d14c12e7eb1d625154ed6c2b6b2b15731500d3c65b0ff17c6d2 6f47de4b95413dfc69e8bce173fead3c5ebc32b3694649df4d0e6ad9d8346460
SERVER_TRAFFIC_SECRET_0 ae95070174902d14c12e7eb1d625154ed6c2b6b2b15731500d3c65b0ff17c6d2 5220e48f29bae5673bbdeac49d2b1757770dc62a698fc27cb7592a416cab431c
EXPORTER_SECRET ae95070174902d14c12e7eb1d625154ed6c2b6b2b15731500d3c65b0ff17c6d2 e8de58d294683f0a6deda6ca1332c8ecfb220973988b5777743123392a7eb90a
CLIENT_TRAFFIC_SECRET_0 8acd5de495623bc712955c334b10babf4cde2323d3f0888c7b996da053876218 5eb24e0a3b9241e46403144a4958294d0ba556259502d0d5d4380cfb6a377b82
SERVER_TRAFFIC_SECRET_0 8acd5de495623bc712955c334b10babf4cde2323d3f0888c7b996da053876218 05cdfe02311a20382c34c0106d385787c71723b6aa6826eecf9b67c0f096519c
EXPORTER_SECRET 8acd5de495623bc712955c334b10babf4cde2323d3f0888c7b996da053876218 4b65f8f0691c1150250710a4c8f2dd4bac320218832f96c3dae31799049bc5c1
CLIENT_TRAFFIC_SECRET_0 947f1da61e3ec6fd7e7d02e6e2d840ab5f1de7ed54e7ffdf8044d67f38b50f11 48f7a2bdbd2891ca5c184c21088fb03a8631d39c2191adff21839d47bcec2d09
SERVER_TRAFFIC_SECRET_0 947f1da61e3ec6fd7e7d02e6e2d840ab5f1de7ed54e7ffdf8044d67f38b50f11 3dc444b43e596194f0f393ac43180ee7e3278815a56a844e28c2960ea52afa05
EXPORTER_SECRET 947f1da61e3ec6fd7e7d02e6e2d840ab5f1de7ed54e7ffdf8044d67f38b50f11 5b3cefa4d3bc98be4327c2128d8671ab05e03e7a60e65212b5addddd49e4fde0
