CLIENT_HANDSHAKE_TRAFFIC_SECRET da55083696c769c765d6633f14e08bc5249b1befb85b590f16d27b7db403a46d 07a00f5d2cff9111599d131c6bcaaf4d5d169601bec12a6c0fff6fb8aaf4edc1
SERVER_HANDSHAKE_TRAFFIC_SECRET da55083696c769c765d6633f14e08bc5249b1befb85b590f16d27b7db403a46d 96082137110530ce735a36b8ef637474d973b3dee2edeeffec66d43d04099839
CLIENT_TRAFFIC_SECRET_0 da55083696c769c765d6633f14e08bc5249b1befb85b590f16d27b7db403a46d 8023e227f11fda135e9a63a2e8b55adca37994f23b4ec0577d4dd8069bacd129
SERVER_TRAFFIC_SECRET_0 da55083696c769c765d6633f14e08bc5249b1befb85b590f16d27b7db403a46d f89857de1aebc7d9782b39d7f99b0f345227d87d0d1351fb5a80f1a70d28808c
EXPORTER_SECRET da55083696c769c765d6633f14e08bc5249b1befb85b590f16d27b7db403a46d 4e6fe4b1c0ef8996d5436b5c09ac674495d396b17be3ad68f4c24ca33773f40f
CLIENT_HANDSHAKE_TRAFFIC_SECRET fa38e37c926258700ecec5031d69dfe2bebd08ea99d60744e1d99f2c1d4bcd18 92e0c3b3dc39f114a007011be8c70c4ae5b8ef47eb267fd91678d99945be29e6
SERVER_HANDSHAKE_TRAFFIC_SECRET fa38e37c926258700ecec5031d69dfe2bebd08ea99d60744e1d99f2c1d4bcd18 1d42f0a704e7ef03c6401d31d5eeb08fb686008ff21d13b302b0583d4642b1b6
CLIENT_TRAFFIC_SECRET_0 fa38e37c926258700ecec5031d69dfe2bebd08ea99d60744e1d99f2c1d4bcd18 78e8f71c7e3e355c74960f444c38819a5eb68e9f1789eeb54a7ee0678fe423b6
SERVER_TRAFFIC_SECRET_0 fa38e37c926258700ecec5031d69dfe2bebd08ea99d60744e1d99f2c1d4bcd18 07b6968faa27e160b9d060029637cd8fd9f13c9687b0d2d1e46d11fabe16818a
EXPORTER_SECRET fa38e37c926258700ecec5031d69dfe2bebd08ea99d60744e1d99f2c1d4bcd18 82cccb3e43617245e67f3275b0aef4627314a703b9cc621e1a90ee9a8188ed1d
CLIENT_HANDSHAKE_TRAFFIC_SECRET c5f069cfe7dca657a2b68ca226037701ea226fb1192f16ca9d332ab13c9ce342 80cd99a5a409a565012f0070c32c759d61b6c93ed3f941cce498d0fd217dfc4b
SERVER_HANDSHAKE_TRAFFIC_SECRET c5f069cfe7dca657a2b68ca226037701ea226fb1192f16ca9d332ab13c9ce342 ea0d343cd4a2bc16c471613dceace0097c36b7326037e738dfaa94fb1a545ff3
CLIENT_HANDSHAKE_TRAFFIC_SECRET 8e784e5a452aa79858f671c1f4b223bdaf6bd49350532c709d024780ba83a023 d6db8cb32bc2b3e4744a772df43d99fbe21fa470188dd1d4612e6e70df106c2a
SERVER_HANDSHAKE_TRAFFIC_SECRET 8e784e5a452aa79858f671c1f4b223bdaf6bd49350532c709d024780ba83a023 a9669d1aed1a54364a205565306bbeac59b922235e3692d33c220d838277f600
CLIENT_TRAFFIC_SECRET_0 c5f069cfe7dca657a2b68ca226037701ea226fb1192f16ca9d332ab13c9ce342 5a2e675c820cc5d24e2660bc1844f847bd252831556b892ae202520278597fa9
SERVER_TRAFFIC_SECRET_0 c5f069cfe7dca657a2b68ca226037701ea226fb1192f16ca9d332ab13c9ce342 c34964fddd73f0b99d70e782da7c74d75874febc5863a629298bae401c8a335c
EXPORTER_SECRET c5f069cfe7dca657a2b68ca226037701ea226fb1192f16ca9d332ab13c9ce342 d09b7a266a51ad9287f839c862fe0a2160c0ca1f50edb8583523cb1dff3fd23a
CLIENT_TRAFFIC_SECRET_0 8e784e5a452aa79858f671c1f4b223bdaf6bd49350532c709d024780ba83a023 23ff4d61d0089d21b54ff0c061f0c8a5858fbf3270b73051a20f539abddbd8d2
SERVER_TRAFFIC_SECRET_0 8e784e5a452aa79858f671c1f4b223bdaf6bd49350532c709d024780ba83a023 370da4f2b5a1699ac096ad4f64fa9a589dfc58f3782350052408aba92ce4739c
EXPORTER_SECRET 8e784e5a452aa79858f671c1f4b223bdaf6bd49350532c709d024780ba83a023 6d932999ffc827fd4f718dfa639de7a48e7c798f962eb29e212a115159b35a44
CLIENT_HANDSHAKE_TRAFFIC_SECRET 6b2b95f99ec1659a6e3c66985442ded881c1ba13546b82210daa4574e0aa0b5c 932831dc7d9c5dccde8a7d643d5bd229f97aad7047ca57d3c80f6286aebbfd3e
SERVER_HANDSHAKE_TRAFFIC_SECRET 6b2b95f99ec1659a6e3c66985442ded881c1ba13546b82210daa4574e0aa0b5c 03ffdf06eacb3746fd3c02b76dfc3478c55ba2942bf566a484926268b418823a
CLIENT_TRAFFIC_SECRET_0 6b2b95f99ec1659a6e3c66985442ded881c1ba13546b82210daa4574e0aa0b5c ec0c4a95fe23456625c1921dc007d8b26492d2e7d501953b31546b01c1dfe7d5
SERVER_TRAFFIC_SECRET_0 6b2b95f99ec1659a6e3c66985442ded881c1ba13546b82210daa4574e0aa0b5c cec219c1acd8450728b450553d6e4bb85193fc9907310d49528411c583dd27ff
EXPORTER_SECRET 6b2b95f99ec1659a6e3c66985442ded881c1ba13546b82210daa4574e0aa0b5c 93fd0ee152482bd50c09e530425bb322a3f894d38c639f9bc0e6f06d38ef769a
CLIENT_HANDSHAKE_TRAFFIC_SECRET 294d35c101173167e894089fb5fbc7a8b59ed3108ad28fc5c18dd8b03e078669 964343b96fa367bbc16e00f4d8be1a9c8de36fb8507ea1c9a061341eb76d2068
SERVER_HANDSHAKE_TRAFFIC_SECRET 294d35c101173167e894089fb5fbc7a8b59ed3108ad28fc5c18dd8b03e078669 1720c5f9eb063c01e751d17a5d25ef4b06708999918d3bc9289cbcbea746aa1d
CLIENT_TRAFFIC_SECRET_0 294d35c101173167e894089fb5fbc7a8b59ed3108ad28fc5c18dd8b03e078669 e950449923221afc0e4558b75167ad920447020fd23ef0f8228a87a280d80430
SERVER_TRAFFIC_SECRET_0 294d35c101173167e894089fb5fbc7a8b59ed3108ad28fc5c18dd8b03e078669 2116b694e4160d0b43ced7868afb8af31d6c38d56c98a8593e0395b718e3bee5
EXPORTER_SECRET 294d35c101173167e894089fb5fbc7a8b59ed3108ad28fc5c18dd8b03e078669 6c7986fc79c8cdf3f3ade04f678e6abf716f2a6e571a25fda6ebafe86c7b22b2
CLIENT_HANDSHAKE_TRAFFIC_SECRET bde82da5204be75cd1f00c5c8ec6cc15c79131fd8eb3814d23f6bac6de8dffb9 b8ee00b062afbd46d8888a724cb621e21801eb516061bb783dfb0ffbed2eec5f
SERVER_HANDSHAKE_TRAFFIC_SECRET bde82da5204be75cd1f00c5c8ec6cc15c79131fd8eb3814d23f6bac6de8dffb9 dbe9762c28798f52ab71fba593e93a1035a56d08451739c9ff3018c15cb5ec19
CLIENT_HANDSHAKE_TRAFFIC_SECRET c1dc39c4fe7ccfbe1c9ddab76390c6630440a2a3d43737aba80756453ed4927f fb5e6fc2f362186dfd3c70e5e95e6550642c587af1ecd21451043dc036182cea
SERVER_HANDSHAKE_TRAFFIC_SECRET c1dc39c4fe7ccfbe1c9ddab76390c6630440a2a3d43737aba80756453ed4927f 38f8cbbe3a93ff7685ea54d63afc6a6f62740cdd44f69f9de97987d3a83968c1
CLIENT_HANDSHAKE_TRAFFIC_SECRET 5402d494fc7aaebd0b4553dba01f559c38ac83cb3c494f333bd5291824a9c047 5b401ccc86adc7335fd3c347ee74266f4e16cb3003a5df305c7bad3796514a52
SERVER_HANDSHAKE_TRAFFIC_SECRET 5402d494fc7aaebd0b4553dba01f559c38ac83cb3c494f333bd5291824a9c047 c709efd53655c9d8b88027f3faf49138b706bb54d298a79a4969798f6f1d3cec
CLIENT_TRAFFIC_SECRET_0 c1dc39c4fe7ccfbe1c9ddab76390c6630440a2a3d43737aba80756453ed4927f c67ad7a269cdc58091b2139af8109876cc2b3d7e6ccd689ee1e827f2c038d22a
SERVER_TRAFFIC_SECRET_0 c1dc39c4fe7ccfbe1c9ddab76390c6630440a2a3d43737aba80756453ed4927f 246aea8efd87f9d29386283e3c5b879a5e0e2912f01a55a012aa9004103245f7
EXPORTER_SECRET c1dc39c4fe7ccfbe1c9ddab76390c6630440a2a3d43737aba80756453ed4927f 4c105742bb54307a660da2efb401ad71a1ad54aef77553c1e8de3f3ea7505727
CLIENT_TRAFFIC_SECRET_0 bde82da5204be75cd1f00c5c8ec6cc15c79131fd8eb3814d23f6bac6de8dffb9 d7796e50656c0784dd21b9fd1b1917e9e6e1cbc466b62645f3cc1dd1b9b19b39
SERVER_TRAFFIC_SECRET_0 bde82da5204be75cd1f00c5c8ec6cc15c79131fd8eb3814d23f6bac6de8dffb9 1bc81f96c2962d5403364fdbc4b1e51f89fc51a1575b8bff3f8ec295d5e26642
EXPORTER_SECRET bde82da5204be75cd1f00c5c8ec6cc15c79131fd8eb3814d23f6bac6de8dffb9 bd55a505a0753a99dc80d3f0aa4fd7f7c2ff3994b15c76588f92f84c51449af7
CLIENT_TRAFFIC_SECRET_0 5402d494fc7aaebd0b4553dba01f559c38ac83cb3c494f333bd5291824a9c047 9fbcfcd2a84713d2774294f368abe18523d5aab5d9f6cc0e22fe3b6a1d9c78fe
SERVER_TRAFFIC_SECRET_0 5402d494fc7aaebd0b4553dba01f559c38ac83cb3c494f333bd5291824a9c047 b03f6359f5e12b7fc97480e9297155a60582ac0ec9895f875871fee2a1228113
EXPORTER_SECRET 5402d494fc7aaebd0b4553dba01f559c38ac83cb3c494f333bd5291824a9c047 59737c75d877e3d95ee82f000407486a85a0fa067abf7b0f0b9720aa6a71e864
CLIENT_HANDSHAKE_TRAFFIC_SECRET 877c1831f2d08ede2fce7bb337f345c55c60bbbf5932db6df5b5f5d6734c8c1c 2661bab860543b747cf9babe730bdd7e60c113e832a5b061723125b1825ad37b
SERVER_HANDSHAKE_TRAFFIC_SECRET 877c1831f2d08ede2fce7bb337f345c55c60bbbf5932db6df5b5f5d6734c8c1c 60bdac700452d54d43630202285d253b02acc003acec556ff5b7ad8b2f001c92
CLIENT_TRAFFIC_SECRET_0 877c1831f2d08ede2fce7bb337f345c55c60bbbf5932db6df5b5f5d6734c8c1c e3d5ff042b5607265b94a5ff32c7e086be8ba4ef34a77f1c2067a899fcba9fa2
SERVER_TRAFFIC_SECRET_0 877c1831f2d08ede2fce7bb337f345c55c60bbbf5932db6df5b5f5d6734c8c1c c54c2eec8140abbb1a6686fc52976e3329eeab450fac085f9c01af3a80c01eb9
EXPORTER_SECRET 877c1831f2d08ede2fce7bb337f345c55c60bbbf5932db6df5b5f5d6734c8c1c 8f42b669de4303ccb0a6d12f8902679405d63d7a9934439749f523de1d682267
CLIENT_HANDSHAKE_TRAFFIC_SECRET 412b24c3c09cf9ae17051dda5db66231c50c5c51f1f93aff90bbc492b4dc7265 d00d278fc6f9d77d6094d3307fb07f7b260ad8bc4267d1684fcafdd3c6d8260a
SERVER_HANDSHAKE_TRAFFIC_SECRET 412b24c3c09cf9ae17051dda5db66231c50c5c51f1f93aff90bbc492b4dc7265 1ef31dacbc1481884d2cf7c98601bf0bd7c5720ab9105e813684b241e68b085a
CLIENT_TRAFFIC_SECRET_0 412b24c3c09cf9ae17051dda5db66231c50c5c51f1f93aff90bbc492b4dc7265 ca2107312054899ccc04699bb2c8a6bcacad3f7626e9a761c7bce3cf689ae27d
SERVER_TRAFFIC_SECRET_0 412b24c3c09cf9ae17051dda5db66231c50c5c51f1f93aff90bbc492b4dc7265 15ae044105fc6a26f51b4ee9e04fb388509fc041ef0927bfd1b74c211e3d5f16
EXPORTER_SECRET 412b24c3c09cf9ae17051dda5db66231c50c5c51f1f93aff90bbc492b4dc7265 2790f44fc1851835c5e1ceac87919c8def704f03caa3e048f5483a4ef982898b
