CLIENT_HANDSHAKE_TRAFFIC_SECRET 2279a81e1daf09fc5a036b8ba40c652565f67c4b6be23bcbf1e4c9402bb6d0d5 9442de7df7e755a4ea41bdff3a60848579f93e1ee9c65065bc3178a547c5a233
SERVER_HANDSHAKE_TRAFFIC_SECRET 2279a81e1daf09fc5a036b8ba40c652565f67c4b6be23bcbf1e4c9402bb6d0d5 6d735d058e842ed61a88826d5a80da914867318df9edcba9639a58abd3883101
CLIENT_TRAFFIC_SECRET_0 2279a81e1daf09fc5a036b8ba40c652565f67c4b6be23bcbf1e4c9402bb6d0d5 fbbbc7ba8f34a0e1b50d12ee1acd1afe1761d7dbedea8e6945428bb0e35f0177
SERVER_TRAFFIC_SECRET_0 2279a81e1daf09fc5a036b8ba40c652565f67c4b6be23bcbf1e4c9402bb6d0d5 64ebc0d7566b1a83cd6090a4878eae617472ab0904f92eb2bac5bc26791cf9fa
EXPORTER_SECRET 2279a81e1daf09fc5a036b8ba40c652565f67c4b6be23bcbf1e4c9402bb6d0d5 75e77c6a6e6efa5e541aae87f475d2023233a7a5973cbf04498b74130ec37ccf
CLIENT_HANDSHAKE_TRAFFIC_SECRET 1a0408b4d40ce414e1ab264d236312d9687107776c64d186d3fcebd35f7671f6 8f320473da796643d050f73fa852b0df9b2c62068a584a86ebba5eefabe6af61
SERVER_HANDSHAKE_TRAFFIC_SECRET 1a0408b4d40ce414e1ab264d236312d9687107776c64d186d3fcebd35f7671f6 aa6edb9b882befc401a65fa77c6c6d2c7ae29df9523491d35569d2d7f13746df
CLIENT_TRAFFIC_SECRET_0 1a0408b4d40ce414e1ab264d236312d9687107776c64d186d3fcebd35f7671f6 df11cc65f0f6744571d45a2db151e3d318c7d6152fdea72c6dc74700b3ecdaa2
SERVER_TRAFFIC_SECRET_0 1a0408b4d40ce414e1ab264d236312d9687107776c64d186d3fcebd35f7671f6 8895039098d696c112f4a73ff1b3a2494c47431fa9b84a8d25ad08972ca663ef
EXPORTER_SECRET 1a0408b4d40ce414e1ab264d236312d9687107776c64d186d3fcebd35f7671f6 f2ac908a84a667bc707e0bccb2a0fa6200f202a458046278580934d8f1bc55d6
CLIENT_HANDSHAKE_TRAFFIC_SECRET 674751af9d475f002aca80bd53fe8c7c4bbf9aefa02ad747f68b13da262577fb 9abf5297547e6042bc461875e0c0b6843ccf95e9c11eddae055fd81b9d01951e
SERVER_HANDSHAKE_TRAFFIC_SECRET 674751af9d475f002aca80bd53fe8c7c4bbf9aefa02ad747f68b13da262577fb 60d71dc0d8fcb4ff8f61e81e095d3fba9741b9bd2dc73078226c983625cb98b9
CLIENT_TRAFFIC_SECRET_0 674751af9d475f002aca80bd53fe8c7c4bbf9aefa02ad747f68b13da262577fb 2a6adf831319dbf1b8d8b8eac44f3e17dd02b2e90125d00fc70aa3d5821a0112
SERVER_TRAFFIC_SECRET_0 674751af9d475f002aca80bd53fe8c7c4bbf9aefa02ad747f68b13da262577fb 69621f59c37863ad138a2197d6c5441ff54a2858fbf39ce1bde0f77c08c0fb67
EXPORTER_SECRET 674751af9d475f002aca80bd53fe8c7c4bbf9aefa02ad747f68b13da262577fb 5c4be853ee697ebc0f52a13cb519d771ff58df08b5e13ff2ff4e69d466833b41
CLIENT_HANDSHAKE_TRAFFIC_SECRET 2f7420fbd31636deda56d2b2507da486b868e01c81cc3e77a7c159913d6489f3 8a3a31ab5f189f6ad7d9f950ee3f35ed6b8739e88d360a231dffd40d9b871c5b
SERVER_HANDSHAKE_TRAFFIC_SECRET 2f7420fbd31636deda56d2b2507da486b868e01c81cc3e77a7c159913d6489f3 52408a9d82a402e4d167415d49e4b6221d2ed765a5a3aa37b0450b2a8302c442
CLIENT_TRAFFIC_SECRET_0 2f7420fbd31636deda56d2b2507da486b868e01c81cc3e77a7c159913d6489f3 77106ff586792320108c67983a898e93086f4098bfad7c62381ecf020b7bf244
SERVER_TRAFFIC_SECRET_0 2f7420fbd31636deda56d2b2507da486b868e01c81cc3e77a7c159913d6489f3 1ce3eada5823c9a2261aca51264ca362582c5cd288a2db66a775fc514205b703
EXPORTER_SECRET 2f7420fbd31636deda56d2b2507da486b868e01c81cc3e77a7c159913d6489f3 304464b7e6c9de0ef88044e64f66113634750d50592ab36cda11ee6906169d33
CLIENT_HANDSHAKE_TRAFFIC_SECRET e666f8e3c69ca66f823a935e0c8576b55176de1f38934b3e54eacaf91b585858 9ae37c28d0e57b7b0eb10220e575402426b04c9c28d32cc7b474c860908fd12d
SERVER_HANDSHAKE_TRAFFIC_SECRET e666f8e3c69ca66f823a935e0c8576b55176de1f38934b3e54eacaf91b585858 814982c3fe6272ff453963871aca356d0891059a67ba53749ba7f068dae7a715
CLIENT_TRAFFIC_SECRET_0 e666f8e3c69ca66f823a935e0c8576b55176de1f38934b3e54eacaf91b585858 835371625edd8f9718c9be8adc03e6de5b56afec9106beefcda0dc9a667a2149
SERVER_TRAFFIC_SECRET_0 e666f8e3c69ca66f823a935e0c8576b55176de1f38934b3e54eacaf91b585858 a2276830c1f4b48e29a208e7db536c9bd3c3fd35719efcea4a3709214cbdac85
EXPORTER_SECRET e666f8e3c69ca66f823a935e0c8576b55176de1f38934b3e54eacaf91b585858 33615972236b74c27423be75b3382e7096b5215f87f6ae4d78b2e854cac8e610
CLIENT_HANDSHAKE_TRAFFIC_SECRET b417b921a78cca76ed7937bb274c9e3ca85873fd6d02a9aeb5a8ea51e1145009 c70338d35819d6782a1283a5a8c65d8d43dfa072537f5b733e27e85ade597233
SERVER_HANDSHAKE_TRAFFIC_SECRET b417b921a78cca76ed7937bb274c9e3ca85873fd6d02a9aeb5a8ea51e1145009 b1696739e01965be0bc728f669c73a4fa44264e11dfa4d37a2b3cab4d7461a0b
CLIENT_TRAFFIC_SECRET_0 b417b921a78cca76ed7937bb274c9e3ca85873fd6d02a9aeb5a8ea51e1145009 578b3a10955473ca884b7e105503b5a145397e55c842616ffc4f243ca930f8b0
SERVER_TRAFFIC_SECRET_0 b417b921a78cca76ed7937bb274c9e3ca85873fd6d02a9aeb5a8ea51e1145009 e6223ec193f4da34840a4a7de3e84a9f7a0df659e22516fb62ff0cd2d14bbd72
EXPORTER_SECRET b417b921a78cca76ed7937bb274c9e3ca85873fd6d02a9aeb5a8ea51e1145009 03e5680d4b41cfa95f2d65d24350eb0ce398e2b39b142827e57625fa3997c6e1
CLIENT_HANDSHAKE_TRAFFIC_SECRET e76303f3a9e5f1ee2ff188ca53a0ecafad82714c4b62e82a8135dff21e2aa9dd 8bc8dca5bd2cfc7104c88b7f864e1abff5f1c032c698460bc7f6928d5f1acb79
SERVER_HANDSHAKE_TRAFFIC_SECRET e76303f3a9e5f1ee2ff188ca53a0ecafad82714c4b62e82a8135dff21e2aa9dd 691d7da7183a9519fd951f269c189ccb2a63f59efd2db5962a6e9f62c9808cbc
CLIENT_TRAFFIC_SECRET_0 e76303f3a9e5f1ee2ff188ca53a0ecafad82714c4b62e82a8135dff21e2aa9dd bb40c054c80489f7b07297e58007e2466d48d9e93cd6d0b74e9d946e528bd979
SERVER_TRAFFIC_SECRET_0 e76303f3a9e5f1ee2ff188ca53a0ecafad82714c4b62e82a8135dff21e2aa9dd 83aa036f86b7ae788edb9b909212579a77dddff49cb7a81f56327f0613b3eecb
EXPORTER_SECRET e76303f3a9e5f1ee2ff188ca53a0ecafad82714c4b62e82a8135dff21e2aa9dd 7f960629985f3aab35342d28e817d8c5cdc82298ed8db40162039cc42050f5a7
CLIENT_HANDSHAKE_TRAFFIC_SECRET 056bcc95002b67b287c602517eff9a160c31d48992c4728654bd3d12612a7775 36bb19598d1978539786bc021bfd2488a6d38c6d7066aeec281fcf946f1f4197
SERVER_HANDSHAKE_TRAFFIC_SECRET 056bcc95002b67b287c602517eff9a160c31d48992c4728654bd3d12612a7775 1f5e4ee76eb0438abaf64493d682a5eea390fd5e082e1262fb4307ef2133275f
CLIENT_TRAFFIC_SECRET_0 056bcc95002b67b287c602517eff9a160c31d48992c4728654bd3d12612a7775 524d70eb85ac23b75e92eca6569528eea0633a7a046f25419baaa9d1af6e4e76
SERVER_TRAFFIC_SECRET_0 056bcc95002b67b287c602517eff9a160c31d48992c4728654bd3d12612a7775 132b8dea3bf00b2b9dec0716c29303c3f4b62b85ff27ed3bafd6cb5b32ff80ac
EXPORTER_SECRET 056bcc95002b67b287c602517eff9a160c31d48992c4728654bd3d12612a7775 5522e6184da7f2ab071148e7943b47e7c2828eb1f656f7b4a314ef8e6034f1b0
CLIENT_HANDSHAKE_TRAFFIC_SECRET 02f71d85d90dca6129e9645eb1777a8283b0b57eafe2b8a6909035cbc3d60e66 91a8e5980a8acc08bef8e3b94908d03ed718fc2f90cefbac8e90951b5220f084
SERVER_HANDSHAKE_TRAFFIC_SECRET 02f71d85d90dca6129e9645eb1777a8283b0b57eafe2b8a6909035cbc3d60e66 30f981e1db76180632513696282223e71d516274548a064e4e8c05d8adbffe2a
CLIENT_TRAFFIC_SECRET_0 02f71d85d90dca6129e9645eb1777a8283b0b57eafe2b8a6909035cbc3d60e66 30e5042fafb46353a8e35645af7c40e7eb475ded4e357c1dd08f5d4ff5f80931
SERVER_TRAFFIC_SECRET_0 02f71d85d90dca6129e9645eb1777a8283b0b57eafe2b8a6909035cbc3d60e66 4d99d6ce2eadb4282f0ca6a2e352c6ca24cf014c4bd4acebdc9f7ce53aea101d
EXPORTER_SECRET 02f71d85d90dca6129e9645eb1777a8283b0b57eafe2b8a6909035cbc3d60e66 0734f831169e8ab18fbd443a9c396c32d8bdb07cb1191f3234f0e789e5fc483e
CLIENT_HANDSHAKE_TRAFFIC_SECRET 6ba0ff227248d152a7b9cfa0fc9d502b1ddc5f195599180ce165752857cdf4a7 5b1ca77c008114ee0ba72d0c72ce957100041b49d90079bae63b2a4292821131
SERVER_HANDSHAKE_TRAFFIC_SECRET 6ba0ff227248d152a7b9cfa0fc9d502b1ddc5f195599180ce165752857cdf4a7 926ec8574a0242a9c02baa40e33e6680569904ff0fc8917645f411fe1c630b94
CLIENT_TRAFFIC_SECRET_0 6ba0ff227248d152a7b9cfa0fc9d502b1ddc5f195599180ce165752857cdf4a7 084642faad3367e6cf11a94ca840350d605279511cb6be1de5224c2b8f951b19
SERVER_TRAFFIC_SECRET_0 6ba0ff227248d152a7b9cfa0fc9d502b1ddc5f195599180ce165752857cdf4a7 9967912c7636781c1f76b5aa7d56ada2e88a1981e3eab7f5c1fa48a47dbd2e63
EXPORTER_SECRET 6ba0ff227248d152a7b9cfa0fc9d502b1ddc5f195599180ce165752857cdf4a7 54b77c22067344864e11de4cd7cf310e90c744438b393470c9cd1306a17519db
CLIENT_HANDSHAKE_TRAFFIC_SECRET db46aa4be7bd705a6ccc5608f8979aa06f121db6b2ce09c59434e1459bef9906 4558d9fca9645ff552c901efb9f0b15589fc1a5f8f35a45410d3466265e55f03
SERVER_HANDSHAKE_TRAFFIC_SECRET db46aa4be7bd705a6ccc5608f8979aa06f121db6b2ce09c59434e1459bef9906 aef5c9bc7c05e25bbc9d289fa10b1ae5317b2648999ff9dcea756c96a5bd750d
CLIENT_TRAFFIC_SECRET_0 db46aa4be7bd705a6ccc5608f8979aa06f121db6b2ce09c59434e1459bef9906 5b16f3f7cc692c4fc0cf88652d67af4fa80e59373480a6510293420db2e47372
SERVER_TRAFFIC_SECRET_0 db46aa4be7bd705a6ccc5608f8979aa06f121db6b2ce09c59434e1459bef9906 bcbe8ac76fa3fdffc7c243874d7828ee3f6969b79ceaa48bcbe070dd4d2f5339
EXPORTER_SECRET db46aa4be7bd705a6ccc5608f8979aa06f121db6b2ce09c59434e1459bef9906 d7e55b6c5a1935bd9d224b0be3a70c3b74452254a460b65d98e006f422ca21b0
CLIENT_HANDSHAKE_TRAFFIC_SECRET df59f93efa47272501a8e6c2af965e1cd068574579c2c6d8d5616c9d35a36d10 82767c2e2a9d5d332e28524ed0bd84ec229a1c3ae916c73f40d035ab70a21bbb
SERVER_HANDSHAKE_TRAFFIC_SECRET df59f93efa47272501a8e6c2af965e1cd068574579c2c6d8d5616c9d35a36d10 a11200231745f7e862c5afb6dae655d34c36204ec73ee3609f0299cdc7d43dc9
CLIENT_TRAFFIC_SECRET_0 df59f93efa47272501a8e6c2af965e1cd068574579c2c6d8d5616c9d35a36d10 cbae10427dda79e65ec6f6c3ab34cedac423699f972e2906a1a62ae3ae0f8f2a
SERVER_TRAFFIC_SECRET_0 df59f93efa47272501a8e6c2af965e1cd068574579c2c6d8d5616c9d35a36d10 a6a62ae5c67ca7a9ebf3ec4601ce7cc5ced92de4acd1d277ba251f478fa9ebc8
EXPORTER_SECRET df59f93efa47272501a8e6c2af965e1cd068574579c2c6d8d5616c9d35a36d10 155170af2bf55bc8c049834b33811f5e74bc52fd7a6923172f36fa2448cc1f19
CLIENT_HANDSHAKE_TRAFFIC_SECRET 00845b6a468d7a781cce1f8ac9b16e1a13996af1ced11be93793ac1c753307cd d276b13c4ed075ea4feeb8a9f7f89e0255522a7d96bc60d151ec0a586b364e95
SERVER_HANDSHAKE_TRAFFIC_SECRET 00845b6a468d7a781cce1f8ac9b16e1a13996af1ced11be93793ac1c753307cd e5db7f500c88977eaf5b0b117129b2d3340cc628d7a6ef2a945258491a7a8b2b
CLIENT_TRAFFIC_SECRET_0 00845b6a468d7a781cce1f8ac9b16e1a13996af1ced11be93793ac1c753307cd 9b3e8ca17798012479e21ee69854cc7f89216446b67a8c111b4a76b0a29e700e
SERVER_TRAFFIC_SECRET_0 00845b6a468d7a781cce1f8ac9b16e1a13996af1ced11be93793ac1c753307cd df4b6fe5044048a78f91d97fe67bd59e0c36194283db72b85368f6834909c390
EXPORTER_SECRET 00845b6a468d7a781cce1f8ac9b16e1a13996af1ced11be93793ac1c753307cd 3d23fd015081d997088b9690329ef5145b5ffa383ef109ddfd5cb08bcf6e9a6e
CLIENT_HANDSHAKE_TRAFFIC_SECRET 429f449759d15adb0735b5f2d415bf27a8a757b5612b1e6719916e05c9ece0d5 00caa59f92e93352395336d6c3524b081467548fb7f68a4ab612e1c74cda9a29
SERVER_HANDSHAKE_TRAFFIC_SECRET 429f449759d15adb0735b5f2d415bf27a8a757b5612b1e6719916e05c9ece0d5 fc50ad3cb446d435a42f0f49762574e6511a8a7dc07c5a6d6390e3f8663cdf74
CLIENT_TRAFFIC_SECRET_0 429f449759d15adb0735b5f2d415bf27a8a757b5612b1e6719916e05c9ece0d5 521f0a9ab5ecc35cf50f47fd87c2ad67f013fd2c32718b7d8fc69a3605e1273b
SERVER_TRAFFIC_SECRET_0 429f449759d15adb0735b5f2d415bf27a8a757b5612b1e6719916e05c9ece0d5 58c404df8c5d420dc70ab8ec642f5096a4618115f71645c1fa014b82094b588d
EXPORTER_SECRET 429f449759d15adb0735b5f2d415bf27a8a757b5612b1e6719916e05c9ece0d5 d7fc90ea43d7b938033e1eacd0f431494fba40b083004a2f17a09811cfb17cd8
CLIENT_HANDSHAKE_TRAFFIC_SECRET 2346218ce2e1ac83eba2e55937cb38dd91ab58de4922d2feee830ae3011221dd cb2704e1e2d39784ebc12165dab7cbe689b4692f309f5a6bc3746c3a38d34b4f
SERVER_HANDSHAKE_TRAFFIC_SECRET 2346218ce2e1ac83eba2e55937cb38dd91ab58de4922d2feee830ae3011221dd 97fba3f094a014f64fb9a3e7e801113baa9b15c3b24fc6488afad92d78912ac5
CLIENT_HANDSHAKE_TRAFFIC_SECRET 89a7bd60c2f38d3666f55cce18e1604c78e3cfc306bc210c09a6191272496e2d 6998ea10e22a0a836f2890dd9fb5da07cff78577144a6e4e6ca440dcea260b6c
SERVER_HANDSHAKE_TRAFFIC_SECRET 89a7bd60c2f38d3666f55cce18e1604c78e3cfc306bc210c09a6191272496e2d 9c51628fec194f61e5f7f1f02cd5f34f848235a203e72e5dba467a40d4e40c8c
CLIENT_TRAFFIC_SECRET_0 2346218ce2e1ac83eba2e55937cb38dd91ab58de4922d2feee830ae3011221dd e261197d7c82537df6db5ce1884051d97f784818caac58a3c6fc4a0a3ec3bf29
SERVER_TRAFFIC_SECRET_0 2346218ce2e1ac83eba2e55937cb38dd91ab58de4922d2feee830ae3011221dd 0d96cd2f5598dbb02610d81d9d379fa966e338a003f7b87a3ddf52dbb8b84a1b
EXPORTER_SECRET 2346218ce2e1ac83eba2e55937cb38dd91ab58de4922d2feee830ae3011221dd 5309b739f491dcab8537b02ea2758043cf48bff36ac050a6405dd697100da3ad
CLIENT_TRAFFIC_SECRET_0 89a7bd60c2f38d3666f55cce18e1604c78e3cfc306bc210c09a6191272496e2d 469794e3da223d807c4f6791bd0385b8a7eb54094f1e2735671119243d8c1e76
SERVER_TRAFFIC_SECRET_0 89a7bd60c2f38d3666f55cce18e1604c78e3cfc306bc210c09a6191272496e2d b91a23b003883483006b3cb0f93fdad455837631d8b486eb02e4003badb495b9
EXPORTER_SECRET 89a7bd60c2f38d3666f55cce18e1604c78e3cfc306bc210c09a6191272496e2d 68af2eee1db883f36938e9ac1b150262a26d84819ab914fff803b55cc6b49d31
CLIENT_HANDSHAKE_TRAFFIC_SECRET 7b24713e4f8dd52ce98c14615e05697082b4c8e5c9b2eba6b39292b4d8302a5e 5623d510ab0e19c16c6ae43ed20a14d0969952996e555249cb5fb712c1b8200b
SERVER_HANDSHAKE_TRAFFIC_SECRET 7b24713e4f8dd52ce98c14615e05697082b4c8e5c9b2eba6b39292b4d8302a5e a4ef4afa516ee04f8b5571d08b3ef58826f01094cfcc8096c9e804ea3e62f756
CLIENT_TRAFFIC_SECRET_0 7b24713e4f8dd52ce98c14615e05697082b4c8e5c9b2eba6b39292b4d8302a5e e2d8dadbfde792ccdd731b066ba91dedc9eced0e746dc340d6e9b178bd6a9dda
SERVER_TRAFFIC_SECRET_0 7b24713e4f8dd52ce98c14615e05697082b4c8e5c9b2eba6b39292b4d8302a5e 05d0c5cae5d7f381ed24dbdf9749c94a1d7fd45a8c828ed68b9b307a6eff0758
EXPORTER_SECRET 7b24713e4f8dd52ce98c14615e05697082b4c8e5c9b2eba6b39292b4d8302a5e 40cb8613bd467d9c9951a94e29e4267d8417befbf1f94596985503060fe22c47
CLIENT_HANDSHAKE_TRAFFIC_SECRET 3ef7fb7618cb0d5fc738e0a3bb27ba1a7c3a0c7d0554f967c84ce4fdad885bd3 ac7b26cdb296f94b179519737c86368406bafac556d598695f07c0c6ecb203b3
SERVER_HANDSHAKE_TRAFFIC_SECRET 3ef7fb7618cb0d5fc738e0a3bb27ba1a7c3a0c7d0554f967c84ce4fdad885bd3 123d7cc5ea41ee2a37b2b96e4b2e7bc12bcc5b2a8e60b248d43cc13b3e6dcf94
CLIENT_HANDSHAKE_TRAFFIC_SECRET e6656846afc00eed35964519a158a9099e1a45395897ecdb8a41b9ef2fe8aec8 5a8d8e87bc53112ce70cfc03bd0b81f75dd80e906341bf845f141b39ca8de48c
SERVER_HANDSHAKE_TRAFFIC_SECRET e6656846afc00eed35964519a158a9099e1a45395897ecdb8a41b9ef2fe8aec8 e1f4236332ee2bed4c18781cf920c670ff03959916583188ae67b5a89e3d8f47
CLIENT_TRAFFIC_SECRET_0 3ef7fb7618cb0d5fc738e0a3bb27ba1a7c3a0c7d0554f967c84ce4fdad885bd3 de9f10b49ede272c114605f039d77dccbf0d972fbdb4d61700384430933385a4
SERVER_TRAFFIC_SECRET_0 3ef7fb7618cb0d5fc738e0a3bb27ba1a7c3a0c7d0554f967c84ce4fdad885bd3 03e987895750c9566c3caa9ca78686e95e02576452fa0fa1d68eadb8c69a1856
EXPORTER_SECRET 3ef7fb7618cb0d5fc738e0a3bb27ba1a7c3a0c7d0554f967c84ce4fdad885bd3 fba9a48e00357e771800cc5f21eef5cf3feb44677eee62962745643dbd045096
CLIENT_TRAFFIC_SECRET_0 e6656846afc00eed35964519a158a9099e1a45395897ecdb8a41b9ef2fe8aec8 48f322acd038384005569130813d27b2a286098ce481b05377d2cf891039b835
SERVER_TRAFFIC_SECRET_0 e6656846afc00eed35964519a158a9099e1a45395897ecdb8a41b9ef2fe8aec8 2b058a9efd21ddef6ee99f03d67830b722f1fdeaf78ff7d45509a52972f01ee7
EXPORTER_SECRET e6656846afc00eed35964519a158a9099e1a45395897ecdb8a41b9ef2fe8aec8 79b43e3460715496bff879f095a9d3509957c13a1fbd5f4a39226a66167512c7
CLIENT_HANDSHAKE_TRAFFIC_SECRET d9e6d67268d33d45e7d5ac38ecdfcf284e5352fa71c30e902592d69c4206314a fe7c8ce522804546612827432ce1fb42f13d36d04c23e0c1d424f99473b7d8b1
SERVER_HANDSHAKE_TRAFFIC_SECRET d9e6d67268d33d45e7d5ac38ecdfcf284e5352fa71c30e902592d69c4206314a 9927aa8920f4970536c756ce366856cfbea17693e669104d76885ac93e15be89
CLIENT_TRAFFIC_SECRET_0 d9e6d67268d33d45e7d5ac38ecdfcf284e5352fa71c30e902592d69c4206314a eb3edb86fd8336b7c1f5d5ce96f567b9cd80babe1ab6bdee53902021f01afcda
SERVER_TRAFFIC_SECRET_0 d9e6d67268d33d45e7d5ac38ecdfcf284e5352fa71c30e902592d69c4206314a 1f933afafb19cb1fc19368e46a873d3de5fb9188a5a7841902c15fd3e6641c32
EXPORTER_SECRET d9e6d67268d33d45e7d5ac38ecdfcf284e5352fa71c30e902592d69c4206314a 74fdd64f68605e799f224af2f15500a39f698be4287a222fac0dbb4b506c1842
CLIENT_HANDSHAKE_TRAFFIC_SECRET 98dcde11a0c7f245c351a71f1f7902c273c87852f2552f96e217d531179cc3ac 065e43f8e9fdbe72c0df350da44729f3f260b24a0758e7b9014a98937f0cad2b
SERVER_HANDSHAKE_TRAFFIC_SECRET 98dcde11a0c7f245c351a71f1f7902c273c87852f2552f96e217d531179cc3ac 30bdf3a798376141a80902a0cf5740ac77ecf39ef96cea4a5538a9f88d9e11a4
CLIENT_TRAFFIC_SECRET_0 98dcde11a0c7f245c351a71f1f7902c273c87852f2552f96e217d531179cc3ac bda3000e7f61f0045da0f49736d518901bfe0cde72dd28768137ecbcc779dace
SERVER_TRAFFIC_SECRET_0 98dcde11a0c7f245c351a71f1f7902c273c87852f2552f96e217d531179cc3ac fd18f79332ce5fa61f3b6ca26db1759c52e4a0e954f1c020cc34aeb1410c3c63
EXPORTER_SECRET 98dcde11a0c7f245c351a71f1f7902c273c87852f2552f96e217d531179cc3ac 6430de31cc2f07a794c1d3dcc19914dec54f0cc89344be97c49a2e5cc8d83088
CLIENT_HANDSHAKE_TRAFFIC_SECRET 6069f14ebcf34a28cc3945ef31a644cfdb082d9adbb0322cd81be87e3c8b61e0 eb4cbb35e88fe7879c2f5f5f4417452117c5b21706760e2cafcab09c97a1538b
SERVER_HANDSHAKE_TRAFFIC_SECRET 6069f14ebcf34a28cc3945ef31a644cfdb082d9adbb0322cd81be87e3c8b61e0 3e6c7e585d723c0884749fb9a92cc4d4ddaf35d82c53ca30a9dfd9bc8bbf14e7
CLIENT_HANDSHAKE_TRAFFIC_SECRET 94ca3d6174989d71d6a8aad95b6bf7849453227679766d5acdcd599eb2830d81 1f074ce2813e6a575af08e6ced45327003d2157c833743bdd18bcf5598147173
SERVER_HANDSHAKE_TRAFFIC_SECRET 94ca3d6174989d71d6a8aad95b6bf7849453227679766d5acdcd599eb2830d81 436db1b94b22c4a499b7b0a41b7b4c2381c349abbd1eb8a2d5d9b862013fec7d
CLIENT_TRAFFIC_SECRET_0 6069f14ebcf34a28cc3945ef31a644cfdb082d9adbb0322cd81be87e3c8b61e0 85e2dbb45567f74f5b97cc412ae19814f07e71ba89618b98a2ad6a9003588680
SERVER_TRAFFIC_SECRET_0 6069f14ebcf34a28cc3945ef31a644cfdb082d9adbb0322cd81be87e3c8b61e0 26799434001c69f6fe9d23a01a4d70c7c89e3d55cb9c7eb56a6bd58a1dec34f8
EXPORTER_SECRET 6069f14ebcf34a28cc3945ef31a644cfdb082d9adbb0322cd81be87e3c8b61e0 2237d3a830725eb5435c1e5c4192ed19fab1cdd0bef23fb8181e0190aa7225d5
CLIENT_TRAFFIC_SECRET_0 94ca3d6174989d71d6a8aad95b6bf7849453227679766d5acdcd599eb2830d81 b1e924d92ca5b9c6233f33947aef4b83ea357f5397928082e254d7d79c4ab650
SERVER_TRAFFIC_SECRET_0 94ca3d6174989d71d6a8aad95b6bf7849453227679766d5acdcd599eb2830d81 388554b744b8a40191f12c4724daa4ef53517e261de541608341109aca9ae861
EXPORTER_SECRET 94ca3d6174989d71d6a8aad95b6bf7849453227679766d5acdcd599eb2830d81 6499b70ff326db0fc40c7b1416dd728fa9302a33dc3786e0ace33575156aa110
CLIENT_HANDSHAKE_TRAFFIC_SECRET 8ef7bc7f8058c355cf53697165884bc56b003786f2acbca5c12808ff5f3a9dd6 238391bcfc5d69ff748f44154606647a1b4bc158c52f1034b2a9632078cc7c3e
SERVER_HANDSHAKE_TRAFFIC_SECRET 8ef7bc7f8058c355cf53697165884bc56b003786f2acbca5c12808ff5f3a9dd6 ee84aa2339ff879a2f7632379f3cf6ba34f012c8a8ba8363fdf98d7a43f0b2d4
CLIENT_TRAFFIC_SECRET_0 8ef7bc7f8058c355cf53697165884bc56b003786f2acbca5c12808ff5f3a9dd6 5078f63f3db6dd97fa889ade39dc72cbdd8166e79a76b436882eb6ce19e18ea5
SERVER_TRAFFIC_SECRET_0 8ef7bc7f8058c355cf53697165884bc56b003786f2acbca5c12808ff5f3a9dd6 f951a5e780eadd946a17e09e4097241a8f19bf6c06ce9ac78ad5ee1f1351e90c
EXPORTER_SECRET 8ef7bc7f8058c355cf53697165884bc56b003786f2acbca5c12808ff5f3a9dd6 f9a6da0bc9d4791242a6bc12ead9a169b4e216ca4c116254a776bbccae408d0d
CLIENT_RANDOM 0595c7ae6bab4136862ddf97581026f79db12a53869760eba15da9be0cc155f1 615088aa7cc4392bee8e6f86974beb869d611f34390e4f3176ccb2086571c92267adafbc9f7150391590a261ee55daa6
CLIENT_HANDSHAKE_TRAFFIC_SECRET a1bddaf1b6a0c5ff98dd6ded13dcf70d755504c206257c1fe11d36e98ddfaab4 5fb9da20e86508a1af0432ddc0b76dedd2c8bca1346e0d7cb2f737593351042d
SERVER_HANDSHAKE_TRAFFIC_SECRET a1bddaf1b6a0c5ff98dd6ded13dcf70d755504c206257c1fe11d36e98ddfaab4 d6117a47809f7810b1482ed437d0fd5b7834dffb17edae82fd8ee9e6b5b63efd
CLIENT_TRAFFIC_SECRET_0 a1bddaf1b6a0c5ff98dd6ded13dcf70d755504c206257c1fe11d36e98ddfaab4 74a3939e406360686d6d84fb07d8e32a23ff07e820825ca6f5b99bf2408dcf24
SERVER_TRAFFIC_SECRET_0 a1bddaf1b6a0c5ff98dd6ded13dcf70d755504c206257c1fe11d36e98ddfaab4 7f07471411b3454b9402a770dc1b7c13e8d0659db01138180721b6fe5c573669
EXPORTER_SECRET a1bddaf1b6a0c5ff98dd6ded13dcf70d755504c206257c1fe11d36e98ddfaab4 431f168c7ca041450c55a03d3d8fef0770f319283d95ad714821135230b31967
CLIENT_HANDSHAKE_TRAFFIC_SECRET 8b83304ece433e8c24a09c1f6bfb10ca8de7c6e84ac8099e5b875bb65b5f7f95 59d6c86a7b665107e5deb27093decc87f3ee658e1968e14b79b034a31e714c09
SERVER_HANDSHAKE_TRAFFIC_SECRET 8b83304ece433e8c24a09c1f6bfb10ca8de7c6e84ac8099e5b875bb65b5f7f95 b62befaf2634d947cabca885b76fba97b34de3680dc300203c5e4d244ff8cd53
CLIENT_TRAFFIC_SECRET_0 8b83304ece433e8c24a09c1f6bfb10ca8de7c6e84ac8099e5b875bb65b5f7f95 77f1ec8dc653ad5792fc513cd9786b4893cf132923abfd0277c06faef2c04a0d
SERVER_TRAFFIC_SECRET_0 8b83304ece433e8c24a09c1f6bfb10ca8de7c6e84ac8099e5b875bb65b5f7f95 bf944a17f71be6fe85c7551d94927610984e3c4c6b6311938b87b0411fe431c0
EXPORTER_SECRET 8b83304ece433e8c24a09c1f6bfb10ca8de7c6e84ac8099e5b875bb65b5f7f95 dc349536aa2051d598948f88acd41fd399e0b8d241b08261f3cb28906c58f235
CLIENT_RANDOM 8293de6a99a97d4c51b492368ffc009191f135fc5d0bfa13fc00eb215eab5f3c 51f1bbab42417f7f25d78cc3e1203a2d47d880bce838fb5a03b7b18f3536530f1d9ecdb55070b1706a6a5c36f9273710
CLIENT_RANDOM 1e878e28053c5ce6136b4db5369173a1b514731881f2432a2cc7c06901b7c585 bf1e88fdd8c8ced99df4284aed4abb5255c9aab105419e59818364f1c0c6d8740d7c94a61e0d473abf92df2f21c8da74
CLIENT_RANDOM e01bb5b04c2fce03792a4bc2e60beb36aa086a455830c3ffd17acff271e474ad 9c87a0dfc098de8b349e90c0a90eb517147e4d026f63dafb5f5cb12d7f9fbb6ccdba3ac0dac67bb5e2aefdc1f38e3721
CLIENT_RANDOM 73a0ca7a71714143c4c69d9c8d96407d38e6f1a6b6272c09f007ea271b796464 24e76720777e0cce76bcd711a360fa65f71494b2c64eb744c8bf846581dd8f7cdf4829034a13f119af19f3cbcc9a3c76
CLIENT_HANDSHAKE_TRAFFIC_SECRET d2b8ee96ed19b6ef0d1922a0456911b07e3ded3f99dc08622e9da64ce233022e 5b4f609a6b6d6278be81306e0418e8cb9c05d9d4b62cd93da0c59a14b3030daa
SERVER_HANDSHAKE_TRAFFIC_SECRET d2b8ee96ed19b6ef0d1922a0456911b07e3ded3f99dc08622e9da64ce233022e 81279095aff358cd42ed4cbec64e2c5d95f4ab68dec380c8078b368327fd86e1
CLIENT_TRAFFIC_SECRET_0 d2b8ee96ed19b6ef0d1922a0456911b07e3ded3f99dc08622e9da64ce233022e 6c51a206fcd7dead776650f80e09ddd908eb599f6b61e961370f4cbf02aa87f6
SERVER_TRAFFIC_SECRET_0 d2b8ee96ed19b6ef0d1922a0456911b07e3ded3f99dc08622e9da64ce233022e 4b6b265f7d7119e02dfa19a57ac5a6b8dce26df6c0789fc595304c1b72a3f36e
EXPORTER_SECRET d2b8ee96ed19b6ef0d1922a0456911b07e3ded3f99dc08622e9da64ce233022e 40dab593c6c73fa1aa2980ba785f79d190b3d8203fd3fdeb58f7155d4c7312d3
CLIENT_HANDSHAKE_TRAFFIC_SECRET 0204aec46c17a70edeefcf41d03c78dd086d8ef076699949491c96d0cb932fa9 32082a8098ebbed76b4adc00446837bfab00838a932c7a9c9bcaace91f600ded
SERVER_HANDSHAKE_TRAFFIC_SECRET 0204aec46c17a70edeefcf41d03c78dd086d8ef076699949491c96d0cb932fa9 e4aa4e726de69314aa69a670df38f41c8e0520f4349414c13eae02b87e8afef1
CLIENT_TRAFFIC_SECRET_0 0204aec46c17a70edeefcf41d03c78dd086d8ef076699949491c96d0cb932fa9 8e2a3d60ff5923f092aef48eb216629c95a42e6ee398712f04e7033e5ee8726b
SERVER_TRAFFIC_SECRET_0 0204aec46c17a70edeefcf41d03c78dd086d8ef076699949491c96d0cb932fa9 44d14e914f1422f0a783bb8f5d292cc816f9859efc216e9d2236ce295218ee7c
EXPORTER_SECRET 0204aec46c17a70edeefcf41d03c78dd086d8ef076699949491c96d0cb932fa9 b6360147b8799e8f4dfdd191474db18630369976240c554ea503a09aee82678e
CLIENT_RANDOM 00cef7a472dede550c6da820c061cbb397f41a45db7cef074a50c0421c38f7e2 0617e3e9e8403009809cbbb0f5c356e9116c578a9f62f3ce4cbf011ceb7cfafd6441ecbb1d43151ca3138ce21be9fd4d
