CLIENT_RANDOM f0b85f95bb577bc92ced94efb3c880e66bccdfbfe63530a16e05c24c2535df29 cbff6724f807888c14556ca1e786b9802f72e8ad0654c08b6ba362e6f6a02d9f4edf57c7374afd5d6297246ed5c6f143
CLIENT_HANDSHAKE_TRAFFIC_SECRET e9cbb984e02ace536485637005a73aa2f2192f504c70c1fe28420b1b27149ff5 328ae4c2d650669f89a525f2db66ab73d817f69e5740c07f8f72988c2e2eec4f
SERVER_HANDSHAKE_TRAFFIC_SECRET e9cbb984e02ace536485637005a73aa2f2192f504c70c1fe28420b1b27149ff5 e2db93aaa9f2690a946a2ef2a2c915e5b64a614ae16a3b8d645ab696ec8f1d92
CLIENT_TRAFFIC_SECRET_0 e9cbb984e02ace536485637005a73aa2f2192f504c70c1fe28420b1b27149ff5 999be8a92ed756e1c57c6de84850a1a11c73d5046f0d88f614518ee6502f77e8
SERVER_TRAFFIC_SECRET_0 e9cbb984e02ace536485637005a73aa2f2192f504c70c1fe28420b1b27149ff5 139592598c648ee575728e058e3a3773a6a0319cdbb545ac26470fd8734acac7
EXPORTER_SECRET e9cbb984e02ace536485637005a73aa2f2192f504c70c1fe28420b1b27149ff5 90111c1874ff9181a824e1d6d2a8b0a731cd2c6a65b56044713e2c89d7fb0810
CLIENT_HANDSHAKE_TRAFFIC_SECRET dd3f2eacbf2e5b5381384089fa5e27b9a95c2f43babe541c6a5576ae60c3cfd1 93a6c2c336e64008792a53c3774c9bd2c595465fdf55347775db9712ffe8d700
SERVER_HANDSHAKE_TRAFFIC_SECRET dd3f2eacbf2e5b5381384089fa5e27b9a95c2f43babe541c6a5576ae60c3cfd1 5fe8b7a3ea4c54007e7ed6ea8788fa99827f24847f3bddd02a87f9384e8798a3
CLIENT_HANDSHAKE_TRAFFIC_SECRET ee66527dca1250b495142f9763a23b5da17e96fdb68efefa3161ea3c54a070d0 7be0a38e0fe8f4f295aed281c0efe3c05d77e91f1e68684214ba7a466722bbd2
SERVER_HANDSHAKE_TRAFFIC_SECRET ee66527dca1250b495142f9763a23b5da17e96fdb68efefa3161ea3c54a070d0 fe8d89911cc714cf71e6363ee0ff510c69287471e37eb1a320edf919404bf970
CLIENT_TRAFFIC_SECRET_0 dd3f2eacbf2e5b5381384089fa5e27b9a95c2f43babe541c6a5576ae60c3cfd1 8129d9da36efa396fa43b6896d8882fe46ea954a9defe0c3f581b08cccbeac26
SERVER_TRAFFIC_SECRET_0 dd3f2eacbf2e5b5381384089fa5e27b9a95c2f43babe541c6a5576ae60c3cfd1 d2e6c19c9a7ac08cab4e43dc7ce9da20bddb370c7b43cc9470d474db808385db
EXPORTER_SECRET dd3f2eacbf2e5b5381384089fa5e27b9a95c2f43babe541c6a5576ae60c3cfd1 1348c3b942078c70e373825c08fe972ef7c29c23156541cb65aa6b975c126bb0
CLIENT_TRAFFIC_SECRET_0 ee66527dca1250b495142f9763a23b5da17e96fdb68efefa3161ea3c54a070d0 cf5d44f1d98c78c0d18c15e7e14750f2f7101ce36830f8675a40425decf1c449
SERVER_TRAFFIC_SECRET_0 ee66527dca1250b495142f9763a23b5da17e96fdb68efefa3161ea3c54a070d0 e4dbe069944a0682b081b18165860a2f161811ccda77b1c7fe5d476f397f6c54
EXPORTER_SECRET ee66527dca1250b495142f9763a23b5da17e96fdb68efefa3161ea3c54a070d0 7e54b8a136d1480c9796fae4c8c1609fd70da5d0e4efdedcfcba4457e68d004a
CLIENT_HANDSHAKE_TRAFFIC_SECRET 17077e4cd5a394e7b875276a0b23b41934fc6345ce2315678a6de2f88715f1a7 623f8d6ba15f22ccec8a19b8a3076cdb90c296dfe561150390d003775338df01ad75c72130a9c6fcabc8af0c94f1744e
SERVER_HANDSHAKE_TRAFFIC_SECRET 17077e4cd5a394e7b875276a0b23b41934fc6345ce2315678a6de2f88715f1a7 3dc6e163c4497f988c9d2c78fd47a00637bc2e951902ac2bf2747f16a7eed7337e93727c82bd7ecb8f9de78e2cfb63e0
CLIENT_TRAFFIC_SECRET_0 17077e4cd5a394e7b875276a0b23b41934fc6345ce2315678a6de2f88715f1a7 87dba9554e844281db26e6f192a5ce229ea4deeb616b8f7361ae674c48c044f6a2bbc1fb575cc3fb30c820daf91afe3a
SERVER_TRAFFIC_SECRET_0 17077e4cd5a394e7b875276a0b23b41934fc6345ce2315678a6de2f88715f1a7 360f0e8658c6ea8b6e3f64192c0d7d94a59d9289879c77a7a49d21c3bb64883dea621bbe9e8377cf68be3fd933607ef8
EXPORTER_SECRET 17077e4cd5a394e7b875276a0b23b41934fc6345ce2315678a6de2f88715f1a7 6af8c12227c6bdba5164865a013d8d0980da53bd060bc1fef2c0a328173318dbc64a6aa7140fa8c7105965186abcf881
CLIENT_HANDSHAKE_TRAFFIC_SECRET 312b480ac4f9958b01d03c51e05423c9f880bfe2cd284b630c9e1b3397817d0d 71c843d0f16e23b81ea23540dfcb0726368441a82ab007c0e4a36a84faf8509f
SERVER_HANDSHAKE_TRAFFIC_SECRET 312b480ac4f9958b01d03c51e05423c9f880bfe2cd284b630c9e1b3397817d0d e6053080dda68a7451bb487edf4f03d277ec226f3d905353ca0941e988da705f
CLIENT_TRAFFIC_SECRET_0 312b480ac4f9958b01d03c51e05423c9f880bfe2cd284b630c9e1b3397817d0d cf008145469b65bbfc29ac4b0d6c83eff6fdce06a7671143e12e85d091170425
SERVER_TRAFFIC_SECRET_0 312b480ac4f9958b01d03c51e05423c9f880bfe2cd284b630c9e1b3397817d0d 63bf7428b3c5589b9105689a04e5cad2ef3fa619af22ed56a94dc44aa00b066b
EXPORTER_SECRET 312b480ac4f9958b01d03c51e05423c9f880bfe2cd284b630c9e1b3397817d0d b3ee151f35e9f51e747e9dc420c35dc48f399e97c4b17d2fda596a3a4c58a62f
CLIENT_HANDSHAKE_TRAFFIC_SECRET 7db6a1a822ada4c03b9efa735c0542c90973c32549d2b25ce097e8d0d6f6d198 fb344052fd9e6c455c4731346ba8e1024ece31fc4fafa79c4b43a73700d7c7f6
SERVER_HANDSHAKE_TRAFFIC_SECRET 7db6a1a822ada4c03b9efa735c0542c90973c32549d2b25ce097e8d0d6f6d198 f3a73dea9468257351d337a654c9b806b2a7f67bc727899602dc853f862bd39b
CLIENT_HANDSHAKE_TRAFFIC_SECRET 548332f8f6476986721ff5885b94075823b844f21612a5dbe6158f8cd286dc95 4ef5af6b5beabf618112a21159158179f977a8d183e4dd08b9caba061a2acde2
SERVER_HANDSHAKE_TRAFFIC_SECRET 548332f8f6476986721ff5885b94075823b844f21612a5dbe6158f8cd286dc95 038a5b70d96f2f0105209a42e199c8e95596c447a3347cfe782f86d02c307a25
CLIENT_TRAFFIC_SECRET_0 7db6a1a822ada4c03b9efa735c0542c90973c32549d2b25ce097e8d0d6f6d198 f2c93ba6c62e096956dbf853207df84f308272b80eaad218880934e6ac38e918
SERVER_TRAFFIC_SECRET_0 7db6a1a822ada4c03b9efa735c0542c90973c32549d2b25ce097e8d0d6f6d198 f88c4cac08b253db0eb5297153689d9a9fb397148ea6dbb2ca11497ecb1c1fa9
EXPORTER_SECRET 7db6a1a822ada4c03b9efa735c0542c90973c32549d2b25ce097e8d0d6f6d198 955263fd540c625259763e75e7da016ee4bc0f2c5b8521b2b987c19c4c273175
CLIENT_TRAFFIC_SECRET_0 548332f8f6476986721ff5885b94075823b844f21612a5dbe6158f8cd286dc95 ab6af75e49a7f617eb5f07e0eb419f9be753d5a4d3321f1338e6ce28e112c938
SERVER_TRAFFIC_SECRET_0 548332f8f6476986721ff5885b94075823b844f21612a5dbe6158f8cd286dc95 544aab1069a44e5449c5a6999811245754023eaca56c54e728d11f20beff1083
EXPORTER_SECRET 548332f8f6476986721ff5885b94075823b844f21612a5dbe6158f8cd286dc95 8645f50bc23420f417dfa8514c65a7702558ccbd2b2ea802d1c7603cabe392e8
CLIENT_HANDSHAKE_TRAFFIC_SECRET e658715f717fc913493d4526b2021e6bffd5a8c0bd43115d0e1dc289b33bf440 e9e192abc10b242265449f5d5edcba9c4f7f8433c604e2c3d63ed4712e78db3bcdbcc009da5376fb9ab004e8e90a0bf5
SERVER_HANDSHAKE_TRAFFIC_SECRET e658715f717fc913493d4526b2021e6bffd5a8c0bd43115d0e1dc289b33bf440 c7d3d93fcf5efd5add94ec794551dc2e7547b791319bb7233e8669f080a7d4e519e71ec6a5d39592ae8e38d7fe413791
CLIENT_TRAFFIC_SECRET_0 e658715f717fc913493d4526b2021e6bffd5a8c0bd43115d0e1dc289b33bf440 f9fd558be5f28a32bd8e5e6eeaa04a648ded1b929c70b38cfedbfb5fdb2a2a0f85928bb85f27f9338eec19987a4f1270
SERVER_TRAFFIC_SECRET_0 e658715f717fc913493d4526b2021e6bffd5a8c0bd43115d0e1dc289b33bf440 e69d4b59aacc3a0c633c743d2da9dd21ad256807e36fb0f2d7c2e9ddea385094e1fc59351b794ca5fbd64e37974d5898
EXPORTER_SECRET e658715f717fc913493d4526b2021e6bffd5a8c0bd43115d0e1dc289b33bf440 46814d7a8570d31822eb83f6dddabfe0291a0c255b0a4a6eaa05248f3f13375df7c77a63f00fcf4d499a1f334140480d
CLIENT_HANDSHAKE_TRAFFIC_SECRET 7facb9cf990ae637c6b3a098c63218e00dd67dd541936b4bde065d432f395df9 a4a908842edf918cb6e148e7ec34d0b49f134fff38228ba719e0a5b530ba73c6
SERVER_HANDSHAKE_TRAFFIC_SECRET 7facb9cf990ae637c6b3a098c63218e00dd67dd541936b4bde065d432f395df9 80ffd65d796af233ac00e1436944820103f3e6293ea0f1390334d3602432f08f
CLIENT_TRAFFIC_SECRET_0 7facb9cf990ae637c6b3a098c63218e00dd67dd541936b4bde065d432f395df9 b3ad21d2a90940fd8f01207f0423ebcfc6a73264effb5d093dba421e6f080445
SERVER_TRAFFIC_SECRET_0 7facb9cf990ae637c6b3a098c63218e00dd67dd541936b4bde065d432f395df9 76a2a6d95be5d81a0d442c0b79028f4900b641c46214e7983d05bd6686f157c4
EXPORTER_SECRET 7facb9cf990ae637c6b3a098c63218e00dd67dd541936b4bde065d432f395df9 a86e24a3a6a15e8816bb783406968023d17a29593bf4cc8f8ca9b555e495076d
CLIENT_HANDSHAKE_TRAFFIC_SECRET ea5ef4e50994ce6c64805877a2c02aa0b968ae4b24e02c057892f78ff0b3d91f 363db6fbccc4ccd6f1b1f797cfeca3a2244d4c881e1e9c01488d10ec3910af9f
SERVER_HANDSHAKE_TRAFFIC_SECRET ea5ef4e50994ce6c64805877a2c02aa0b968ae4b24e02c057892f78ff0b3d91f 3116fdc636bd92d023f22fcfb51334585e5a8ca5b96dcc18edb28613a2e30f92
CLIENT_HANDSHAKE_TRAFFIC_SECRET 62b1d5782f110c040ed80edb2c23e28501abdd7cb811b137a0a82c8a8ba7b606 986eccad227bdb41b79b5293a276df278728ae35332d46a7954796a0211eaa9d
SERVER_HANDSHAKE_TRAFFIC_SECRET 62b1d5782f110c040ed80edb2c23e28501abdd7cb811b137a0a82c8a8ba7b606 efa448f39d078b420dad0016c090e967dc2ace4792f62b4e85fccc00b6684806
CLIENT_TRAFFIC_SECRET_0 62b1d5782f110c040ed80edb2c23e28501abdd7cb811b137a0a82c8a8ba7b606 87294d6959c522c4fa941154e14b2971db4d432d2406d97b79df4df6a1a1ffad
SERVER_TRAFFIC_SECRET_0 62b1d5782f110c040ed80edb2c23e28501abdd7cb811b137a0a82c8a8ba7b606 42722c88abb0549eeab6a92150edfd87f17ab1d9e4fe6a9ce69c6d205f1115a3
EXPORTER_SECRET 62b1d5782f110c040ed80edb2c23e28501abdd7cb811b137a0a82c8a8ba7b606 47f24c55b31e17c82cb915c79a457f9470b88d77e2650e7cd7a1ca2cecf5d8b7
CLIENT_TRAFFIC_SECRET_0 ea5ef4e50994ce6c64805877a2c02aa0b968ae4b24e02c057892f78ff0b3d91f a773ce718acc08f2a70b91d0f30ea769ea4fbcd824c6e47ad2dc7bb8a512f86c
SERVER_TRAFFIC_SECRET_0 ea5ef4e50994ce6c64805877a2c02aa0b968ae4b24e02c057892f78ff0b3d91f 99cd533d2032e570bd975ef84f65cdb306fbd5dc69732a38668b522164f5da32
EXPORTER_SECRET ea5ef4e50994ce6c64805877a2c02aa0b968ae4b24e02c057892f78ff0b3d91f bd266167362fa54ae255695e154ec095451a5b49c6261bef8d6f4af28aed49b9
CLIENT_HANDSHAKE_TRAFFIC_SECRET a1faf99bd94ccaab901232da174ceccda1b50a4c6b9fa33bc53b9e95325f0cd6 1e4dde27b8be7b198296e5ff42f46b64411420a6613b705e978a477db9ed3453
SERVER_HANDSHAKE_TRAFFIC_SECRET a1faf99bd94ccaab901232da174ceccda1b50a4c6b9fa33bc53b9e95325f0cd6 936df2d958116ac323afd6a9cf8d0303a2c57de6e5a7a74208d793a379432450
CLIENT_TRAFFIC_SECRET_0 a1faf99bd94ccaab901232da174ceccda1b50a4c6b9fa33bc53b9e95325f0cd6 e7bfda3777cf33ffc9790207a4bcb68da25b21fad00fd86fc30c2c0eb016d9af
SERVER_TRAFFIC_SECRET_0 a1faf99bd94ccaab901232da174ceccda1b50a4c6b9fa33bc53b9e95325f0cd6 a8f5b4882a9dc5c5e047d523d172bce20d6e0c4766ab53d4de5e32764d34efcc
EXPORTER_SECRET a1faf99bd94ccaab901232da174ceccda1b50a4c6b9fa33bc53b9e95325f0cd6 e20d5e5350aa8a7d0807c04dd18098db2c924fd4b3af46fb72f35ad5065f2377
CLIENT_HANDSHAKE_TRAFFIC_SECRET 005a325203c0ab865f9f2e7828a4b1672f44c74591ef9d0f0dfbe49b05c8e8f2 08d039d07f5e86ace242a3e2a8fb89aed1182c0be50ae6deeb10b9970141606f
SERVER_HANDSHAKE_TRAFFIC_SECRET 005a325203c0ab865f9f2e7828a4b1672f44c74591ef9d0f0dfbe49b05c8e8f2 33e0864c11fdfe990488c1522040e5aaa8e73d00ba033a3b654cf1a0881fae0f
CLIENT_TRAFFIC_SECRET_0 005a325203c0ab865f9f2e7828a4b1672f44c74591ef9d0f0dfbe49b05c8e8f2 ef2ed0c9a1f76eef1e833bc12daa4a37dbe5dcf9517f26a0333464435210f790
SERVER_TRAFFIC_SECRET_0 005a325203c0ab865f9f2e7828a4b1672f44c74591ef9d0f0dfbe49b05c8e8f2 8af910c97d02c6ab55fe81ec7a6e5e393c01537bed522e9b45778803610803c9
EXPORTER_SECRET 005a325203c0ab865f9f2e7828a4b1672f44c74591ef9d0f0dfbe49b05c8e8f2 b2ae4f8fc2c6c446b84889bc82da4e680acb7abeb951dc860916367d021e4a47
CLIENT_HANDSHAKE_TRAFFIC_SECRET 8f70efa78b731af35f4a54557ac5d0e31ec5ee3ea302e083597920f45e61702f cdf04aedc6ae0a222b03470d149de4b3dc00f6a4a395561f212c2cf82fa24dfe
SERVER_HANDSHAKE_TRAFFIC_SECRET 8f70efa78b731af35f4a54557ac5d0e31ec5ee3ea302e083597920f45e61702f 89f397aa1a6c1174295cdf10c867f43b0146dc540ab6da83e20f19d183ef436a
CLIENT_TRAFFIC_SECRET_0 8f70efa78b731af35f4a54557ac5d0e31ec5ee3ea302e083597920f45e61702f 3634275a2169cacacff20fc8f5f0f6caeee09f72075a4b2fbd6b49b61c712b9e
SERVER_TRAFFIC_SECRET_0 8f70efa78b731af35f4a54557ac5d0e31ec5ee3ea302e083597920f45e61702f aa85261fd591a49eb5955ab50fed781e1ef7f9f6f36ee2bc3fe1156fba7ea0e4
EXPORTER_SECRET 8f70efa78b731af35f4a54557ac5d0e31ec5ee3ea302e083597920f45e61702f bca523c7f21197ca43a2b2ed716bcb2efc99ac9fc8d19c8eb811326d808e3e47
CLIENT_HANDSHAKE_TRAFFIC_SECRET 6363c9afa4c70acccfcb87bfae88d8793b4deb28711fc6607d203c6050a824cb 935e1451b945a190c615d1314b8c907f0e2ce2ca02b1ee773780c010fe6586a0
SERVER_HANDSHAKE_TRAFFIC_SECRET 6363c9afa4c70acccfcb87bfae88d8793b4deb28711fc6607d203c6050a824cb 72b7dc9f7366c7ed29b3d539194e19a8f72cd9a82b1225a8f557162a3978ba24
CLIENT_TRAFFIC_SECRET_0 6363c9afa4c70acccfcb87bfae88d8793b4deb28711fc6607d203c6050a824cb 9733236640457e91ca934d6cf515bc79fc4bf70d99356f28c820758fe9c17dfc
SERVER_TRAFFIC_SECRET_0 6363c9afa4c70acccfcb87bfae88d8793b4deb28711fc6607d203c6050a824cb ff15c691ffa8df6ff9f551a1393989aedf0954688b584f8b668a67f9ad87d260
EXPORTER_SECRET 6363c9afa4c70acccfcb87bfae88d8793b4deb28711fc6607d203c6050a824cb fb005b18e6c65a33e88d657a5b0cf52a2e9053751692a565a861021e7b675dc0
CLIENT_HANDSHAKE_TRAFFIC_SECRET ffe3b7f25251b928befe0d31451f8a3ef8c9e266a3d7bf6315c3ab2288545af9 dca45d4f0e45f1bbb2c197d3189fad2572fc2bc67eb19ee3e2cb06a8ab080ec2
SERVER_HANDSHAKE_TRAFFIC_SECRET ffe3b7f25251b928befe0d31451f8a3ef8c9e266a3d7bf6315c3ab2288545af9 e1a6f7131df8bff5fd0188e5ca297235a4823b8df57d5bf467026cfaf476b47b
CLIENT_TRAFFIC_SECRET_0 ffe3b7f25251b928befe0d31451f8a3ef8c9e266a3d7bf6315c3ab2288545af9 63a5e57f29b5579b460a9dad6114b1035e63f009d6eb7c1346a2b41ca9904764
SERVER_TRAFFIC_SECRET_0 ffe3b7f25251b928befe0d31451f8a3ef8c9e266a3d7bf6315c3ab2288545af9 7f6c46a8a7bee0ca2001af1cde7b8afce2f81f6dfa0d535ed099fa4d57080156
EXPORTER_SECRET ffe3b7f25251b928befe0d31451f8a3ef8c9e266a3d7bf6315c3ab2288545af9 428b6e80bfd04d45d840a7eaf3e4d7470812e7010d55cfed5082ad0a11bc76f7
CLIENT_HANDSHAKE_TRAFFIC_SECRET 1addaac4a911cedd8aa940dfca76273ead62fe19062cb71acad8d57e5b900f45 76c96357c1636c257f4916bdb76d38b6466dad64565f0c85c5fa477ee048e4aa
SERVER_HANDSHAKE_TRAFFIC_SECRET 1addaac4a911cedd8aa940dfca76273ead62fe19062cb71acad8d57e5b900f45 5caab1f0b5e34d2fc72f7c7d52e05a77e7b4f42d234dbaaecc059f42d351226b
CLIENT_HANDSHAKE_TRAFFIC_SECRET 75c92f926dfc2f25f7b52402dcc8ba647ee82ebc9912c48dd186d7d2cee51dcf 1430f07d108c0f298c690f9869db67fc8e77db0c079e45fd3ee3164c01372899
SERVER_HANDSHAKE_TRAFFIC_SECRET 75c92f926dfc2f25f7b52402dcc8ba647ee82ebc9912c48dd186d7d2cee51dcf 8fe59373d19f5c8151f219a61518a641d19a8f823103224e8b9c45e6572bd693
CLIENT_TRAFFIC_SECRET_0 1addaac4a911cedd8aa940dfca76273ead62fe19062cb71acad8d57e5b900f45 e1ffa083d908b337cc2e437c69720de069d911fa030ab94b480a22fbdd8a1f3d
SERVER_TRAFFIC_SECRET_0 1addaac4a911cedd8aa940dfca76273ead62fe19062cb71acad8d57e5b900f45 b98d224299f343259ee0c3a43508bcf3e1fae285f34b70e04d41fa1b5aa3d37c
EXPORTER_SECRET 1addaac4a911cedd8aa940dfca76273ead62fe19062cb71acad8d57e5b900f45 032ea33a8b15ecf0a2f774ac0c09b640979d75ee1636d41f388a23d8b6f949d5
CLIENT_HANDSHAKE_TRAFFIC_SECRET 3a3f2789fe10542cb8f823e1cbea6692f9a1113d7618826884b1ea4b42aa4bbf 06b28a80cad0a886b703a129fcad6acd5e49a5c07159350cd00843707edcc164
SERVER_HANDSHAKE_TRAFFIC_SECRET 3a3f2789fe10542cb8f823e1cbea6692f9a1113d7618826884b1ea4b42aa4bbf 274e43e190e2e5fcc2bf8d51f439d7579291a06f6a01c0c3c534b72be4e7d287
CLIENT_TRAFFIC_SECRET_0 75c92f926dfc2f25f7b52402dcc8ba647ee82ebc9912c48dd186d7d2cee51dcf a18f96717377f3fd6676dd9ca99c0c23f9c88e9dbcfa955f2f3e02f66d68688d
SERVER_TRAFFIC_SECRET_0 75c92f926dfc2f25f7b52402dcc8ba647ee82ebc9912c48dd186d7d2cee51dcf ddbb21a3374294113d08b35a7bc4504768f9ae433fae74d9fc51425a78fa9bf2
EXPORTER_SECRET 75c92f926dfc2f25f7b52402dcc8ba647ee82ebc9912c48dd186d7d2cee51dcf 4108db6560bf11e7310d41ffa6c2748c10d305613ca6002bb2e3f7492a5d0ac6
CLIENT_TRAFFIC_SECRET_0 3a3f2789fe10542cb8f823e1cbea6692f9a1113d7618826884b1ea4b42aa4bbf 56d926dd6ca3e8066bf0efe8b94ea02ee39ff81c52bef31e30def65d563ec88a
SERVER_TRAFFIC_SECRET_0 3a3f2789fe10542cb8f823e1cbea6692f9a1113d7618826884b1ea4b42aa4bbf ab13ff94bed0a033f37310235c6d3e1e4a6e4d38df4cee0e29b2e458b170fae5
EXPORTER_SECRET 3a3f2789fe10542cb8f823e1cbea6692f9a1113d7618826884b1ea4b42aa4bbf 784f1d98b71f0cbce420b0f33ae864dc9b79af03edc1d987bed852e793bc3711
CLIENT_HANDSHAKE_TRAFFIC_SECRET fb607a83282d8f0971c9a02a86d10e1609b94ae2707720663eb395b47085f073 4c43bba865bdbe87de2d681ab5a11fd5d21150ff85e1e40191a5682006eb5c2a
SERVER_HANDSHAKE_TRAFFIC_SECRET fb607a83282d8f0971c9a02a86d10e1609b94ae2707720663eb395b47085f073 127e2883b99250dafe0f8148fb1faa26babeed86126baecb1c08fca1a121f0c1
CLIENT_TRAFFIC_SECRET_0 fb607a83282d8f0971c9a02a86d10e1609b94ae2707720663eb395b47085f073 f87c71ed1a0fd9b55a825a1f9ee8589b02f84b0b97e3866a584bfe9e290d4263
SERVER_TRAFFIC_SECRET_0 fb607a83282d8f0971c9a02a86d10e1609b94ae2707720663eb395b47085f073 46c60890f2e5237a3e86a52bbfc042fd852a212c7ac46f41c698314be15507a6
EXPORTER_SECRET fb607a83282d8f0971c9a02a86d10e1609b94ae2707720663eb395b47085f073 3fbc5c5f24b2a42acc2342a13b307f35a9dc43969dac2f36bfd9e2622355f82f
