CLIENT_HANDSHAKE_TRAFFIC_SECRET 9b9d7b801400a1e367c99eef70b577fb23eaadb8569d7d09598cecf0ca8c49a7 2eec48c12dcdd5bdd485a04441775f33ee8702b3d630f1e236322d33282d9980
SERVER_HANDSHAKE_TRAFFIC_SECRET 9b9d7b801400a1e367c99eef70b577fb23eaadb8569d7d09598cecf0ca8c49a7 998e6e19581c8f990dfedb605f3c906ad057a4a15ac43d27ad5d5cee511537cf
CLIENT_TRAFFIC_SECRET_0 9b9d7b801400a1e367c99eef70b577fb23eaadb8569d7d09598cecf0ca8c49a7 fd8017acc3e9d8abf37e7d25a47782d1daed8cffb2b1714cbe535463b669232c
SERVER_TRAFFIC_SECRET_0 9b9d7b801400a1e367c99eef70b577fb23eaadb8569d7d09598cecf0ca8c49a7 ab108879856212a30c9ca04e7de7b7e622909f126faa8af37196d2c6fd98fb75
EXPORTER_SECRET 9b9d7b801400a1e367c99eef70b577fb23eaadb8569d7d09598cecf0ca8c49a7 f6c2fc71f4759e0a49e9fd60ffad2368c25a6181a8cf21313ca40f49420cf8c4
CLIENT_HANDSHAKE_TRAFFIC_SECRET 4b997c5e23ee9052df801a587ee9fb0e3722d650c14d55606975c57410dace32 175774a1ceaaeaa8608ec8027d8ece73cc4b55bbb7e218e5eca242794d34e346
SERVER_HANDSHAKE_TRAFFIC_SECRET 4b997c5e23ee9052df801a587ee9fb0e3722d650c14d55606975c57410dace32 a45496fa4aa4d630910f8d5df5f69637c197b5c623584984b235c4d319a304ad
CLIENT_TRAFFIC_SECRET_0 4b997c5e23ee9052df801a587ee9fb0e3722d650c14d55606975c57410dace32 cb830bc664bbd9d88f9d4ca006d654135d66376773dbfb93cc1e65b02e2ddbee
SERVER_TRAFFIC_SECRET_0 4b997c5e23ee9052df801a587ee9fb0e3722d650c14d55606975c57410dace32 28483a669e19d5bbbec82c3a149c18e21a26286b57b1ea952dd1c628c59b00fc
EXPORTER_SECRET 4b997c5e23ee9052df801a587ee9fb0e3722d650c14d55606975c57410dace32 e3c4cc82154a1ed722d5ab9e0e6c33ab430717e92dbf1a73f283046bb67585a1
CLIENT_HANDSHAKE_TRAFFIC_SECRET b6c615bc459c8000235d13190451e85d17b883dff89f27463479d56761101a78 c2cdb51a58ae2319d4d7bdacc49298b93888ac50dcf35f81a5c25ec287a8d511
SERVER_HANDSHAKE_TRAFFIC_SECRET b6c615bc459c8000235d13190451e85d17b883dff89f27463479d56761101a78 3cea243bd30bde32e5afe8b5e5d7f64384a2700233ea4f9fc6ed09ca67dd8561
CLIENT_HANDSHAKE_TRAFFIC_SECRET fa087b24636926102d7530baaa8fd16525b0d01f6fa778b8910ee0f2d36dd8a6 64592d9a67d1a7c9c076e16c2631db0cfe525e57a4ff609de21d1def0ad7eb7b
SERVER_HANDSHAKE_TRAFFIC_SECRET fa087b24636926102d7530baaa8fd16525b0d01f6fa778b8910ee0f2d36dd8a6 5a8120fb848343fbc3720578ccb755948a58646c019e8b640665eeaae24406bd
CLIENT_TRAFFIC_SECRET_0 b6c615bc459c8000235d13190451e85d17b883dff89f27463479d56761101a78 ef2d86fdb30786db2cf701a208e7ee4b3839954fcf7ac79ae287a262247419dc
SERVER_TRAFFIC_SECRET_0 b6c615bc459c8000235d13190451e85d17b883dff89f27463479d56761101a78 27a29d263d4e6c83233dfca90edf8092bcb690cadddd4c90e8c6866f22852d8f
EXPORTER_SECRET b6c615bc459c8000235d13190451e85d17b883dff89f27463479d56761101a78 be3c79945c679e87fda11c7cda89216d8603bd6441ec18cf1bc221785bb4296e
CLIENT_TRAFFIC_SECRET_0 fa087b24636926102d7530baaa8fd16525b0d01f6fa778b8910ee0f2d36dd8a6 5226dbd5eb7acc69b4eed0fe4995aee9f7ebfd83aa36a7675cc1d8e57f7c0760
SERVER_TRAFFIC_SECRET_0 fa087b24636926102d7530baaa8fd16525b0d01f6fa778b8910ee0f2d36dd8a6 e69180a6d593353855ed343418bbf97a132fd44ef2558625bb5b07646c0114e8
EXPORTER_SECRET fa087b24636926102d7530baaa8fd16525b0d01f6fa778b8910ee0f2d36dd8a6 9868d12b03e3d289a335eebacc576ea399da5fcd3485de850cbfe76720259ed5
CLIENT_HANDSHAKE_TRAFFIC_SECRET 6a04207bfeaad900dc16762f51fc86b16d5165c79c0fec1b0d104d1c347d868e 35e4b96eb17800008138d084afe916369daf98d4362290807cbf0d804c0126a0
SERVER_HANDSHAKE_TRAFFIC_SECRET 6a04207bfeaad900dc16762f51fc86b16d5165c79c0fec1b0d104d1c347d868e 234d574cb1f72b25d4afc9204875a9f027e4a6365a79591c75cc21b06f8f9981
CLIENT_TRAFFIC_SECRET_0 6a04207bfeaad900dc16762f51fc86b16d5165c79c0fec1b0d104d1c347d868e a6c6a15a1250daee3f157bb9ca74a972510137dd3002d738a562ce46d4b4ee95
SERVER_TRAFFIC_SECRET_0 6a04207bfeaad900dc16762f51fc86b16d5165c79c0fec1b0d104d1c347d868e 36e2741c286bda8ccb88329add7a72526aa2ad9c3575e0a8311736eaf0e321d1
EXPORTER_SECRET 6a04207bfeaad900dc16762f51fc86b16d5165c79c0fec1b0d104d1c347d868e 8eab5642c1d4ee5609e86f74f2e524cec1aeae094411ee609a3a5c319f804378
CLIENT_HANDSHAKE_TRAFFIC_SECRET 6ec103537b2bb42ca582376f10fa7f80e1ec30b65b5a58bf1de0672f46f9acba 76a6fc62b1a8234f8a465ddccb760b9e3046b66ece6152b541c2154ea5be3c90
SERVER_HANDSHAKE_TRAFFIC_SECRET 6ec103537b2bb42ca582376f10fa7f80e1ec30b65b5a58bf1de0672f46f9acba 98db02d578cf6c7155f82d2caa355a661574f5d9a669186fd9841f4b39102c0d
CLIENT_TRAFFIC_SECRET_0 6ec103537b2bb42ca582376f10fa7f80e1ec30b65b5a58bf1de0672f46f9acba 19d05c2050bad28dd56ccf48e7464afd30ea1ba4d82d6bf88d764ae2abdc62a9
SERVER_TRAFFIC_SECRET_0 6ec103537b2bb42ca582376f10fa7f80e1ec30b65b5a58bf1de0672f46f9acba caa539f2ed1e51043104c4f2f49ff8e01af1b41ad180f289af8d997bb33b1ab2
EXPORTER_SECRET 6ec103537b2bb42ca582376f10fa7f80e1ec30b65b5a58bf1de0672f46f9acba 5d51be2b05261ed55b752c53e5bbd2f7175b271937f659f0d86ea2249a1d873f
CLIENT_HANDSHAKE_TRAFFIC_SECRET 9fdcff79360b62de478decc60313174818728a75d8c5cde8c1bd89693805d6a8 ab4bb0776ef3b86b4444d449b75c9aab9d93d73f9fd0dfb92bfdb451b4c64ce0
SERVER_HANDSHAKE_TRAFFIC_SECRET 9fdcff79360b62de478decc60313174818728a75d8c5cde8c1bd89693805d6a8 ff68a15575dc3e7e47db93593ea3fe590c3194fcc8d6122feeaf2936c67cea91
CLIENT_TRAFFIC_SECRET_0 9fdcff79360b62de478decc60313174818728a75d8c5cde8c1bd89693805d6a8 1037df93e93163b866cb80a65e842e8683bef9602143b2573eb362c21f645521
SERVER_TRAFFIC_SECRET_0 9fdcff79360b62de478decc60313174818728a75d8c5cde8c1bd89693805d6a8 093d3bbb97f084db53e16db740c3c6bd050f97bed4a15cd420b56e850e10d269
EXPORTER_SECRET 9fdcff79360b62de478decc60313174818728a75d8c5cde8c1bd89693805d6a8 b5e2a023600d18af89a9ce45843d525692a83d13351431de945d4f9ad7e52e8f
CLIENT_HANDSHAKE_TRAFFIC_SECRET 866635a19fca404066f674279d2cc94f61a80a022a6cb9d0a4247cb1ebc694ab 8ffd5398a5d282dd36851970fc2a6a604885fc7d2981ee2bce3934b33143d34a
SERVER_HANDSHAKE_TRAFFIC_SECRET 866635a19fca404066f674279d2cc94f61a80a022a6cb9d0a4247cb1ebc694ab 83dca9b148d34d686e352efe95552a732a2343e050f0a098f32455a77d1ca6b4
CLIENT_TRAFFIC_SECRET_0 866635a19fca404066f674279d2cc94f61a80a022a6cb9d0a4247cb1ebc694ab effa3e581618a60022ec0ea8f58750800d7d023427b674c5e1e226adb7548e12
SERVER_TRAFFIC_SECRET_0 866635a19fca404066f674279d2cc94f61a80a022a6cb9d0a4247cb1ebc694ab 27df92db4afcb86a59b1edcf78567a90fe358bf654c205d61ab1ebe64d6aa96a
EXPORTER_SECRET 866635a19fca404066f674279d2cc94f61a80a022a6cb9d0a4247cb1ebc694ab 04d533f28521d8860118b335c3b8015f779cd78e93f6467a132f27fced3073c2
CLIENT_HANDSHAKE_TRAFFIC_SECRET 9424bac2c5869d63c9c673caa6f0d4b31bbe4b4b5472155002e91df9be4749f8 77eb62ce415d81dc6ac690a65dca9e9381d17f7b9805f42b6793c9d1a70223dc
SERVER_HANDSHAKE_TRAFFIC_SECRET 9424bac2c5869d63c9c673caa6f0d4b31bbe4b4b5472155002e91df9be4749f8 d79a5d3209d956b1a8a8a5932f4f83899e02fd4d5a4ec3b4212cf2e86406b2fe
CLIENT_TRAFFIC_SECRET_0 9424bac2c5869d63c9c673caa6f0d4b31bbe4b4b5472155002e91df9be4749f8 42c3fe75e979407c73b25fafb34fd4d9663e30f5d54df9b4f8242af8adbdadc8
SERVER_TRAFFIC_SECRET_0 9424bac2c5869d63c9c673caa6f0d4b31bbe4b4b5472155002e91df9be4749f8 0632604b0aa558effef28668af808744cdb72c0201dc818e5aef5dd6dedf736a
EXPORTER_SECRET 9424bac2c5869d63c9c673caa6f0d4b31bbe4b4b5472155002e91df9be4749f8 5c7035e9da182d80f43891ad9ce63537d09be626de90146c838302b57aceff5b
CLIENT_HANDSHAKE_TRAFFIC_SECRET d7cc31cfbd0a194254e4d87c43fef477798ff4e94503f3bf0fe9ab674c1d9f52 9d72a8caa3fda3cb10c5f6ea7f6b2d0ed27b2c3c4e22dff775e28cc93434025f
SERVER_HANDSHAKE_TRAFFIC_SECRET d7cc31cfbd0a194254e4d87c43fef477798ff4e94503f3bf0fe9ab674c1d9f52 aab878526c08f5c432f261c73ac5203c0635e7f193e67013b9ae20f7bcd6b2d0
CLIENT_TRAFFIC_SECRET_0 d7cc31cfbd0a194254e4d87c43fef477798ff4e94503f3bf0fe9ab674c1d9f52 946984558052c1061f90cc763b357aa023b5c0e43c35ab6584c21d09e56b22e8
SERVER_TRAFFIC_SECRET_0 d7cc31cfbd0a194254e4d87c43fef477798ff4e94503f3bf0fe9ab674c1d9f52 fb0e2a77f586814d0206a451815457a4ca8a8ee2efe6f9488ce3ada3d94ef182
EXPORTER_SECRET d7cc31cfbd0a194254e4d87c43fef477798ff4e94503f3bf0fe9ab674c1d9f52 554093ef6654829c8d00526a47cc0f969a4bc246504312547ae0ce5e7eb69160
CLIENT_HANDSHAKE_TRAFFIC_SECRET 4c1bb67158fde1f7727c607e475d594957d6b3acba82f4dda6ac76336abf81c7 dcb9c719d18d2e31ee03f8f60fe20e7bf7504d0c60a9a265bd7865526d351f29
SERVER_HANDSHAKE_TRAFFIC_SECRET 4c1bb67158fde1f7727c607e475d594957d6b3acba82f4dda6ac76336abf81c7 6476a8ff73814db0eadf75dbaef08031ca3f64879af9f7bb82904b6fd5afa0af
CLIENT_TRAFFIC_SECRET_0 4c1bb67158fde1f7727c607e475d594957d6b3acba82f4dda6ac76336abf81c7 2fa10c66be6dfae1d4576c440632b1d5e6429ffd71a05678428f17a117124d63
SERVER_TRAFFIC_SECRET_0 4c1bb67158fde1f7727c607e475d594957d6b3acba82f4dda6ac76336abf81c7 e548278bcd2ecac97192f0416dbd947bd20a5a2195353f2f6a5f21ea1ddedbdb
EXPORTER_SECRET 4c1bb67158fde1f7727c607e475d594957d6b3acba82f4dda6ac76336abf81c7 00dd80a43baf3e9d900051c132689faeaf0e2302a6f7ec2cfcf93017fe8fa5f2
CLIENT_HANDSHAKE_TRAFFIC_SECRET f03cf7fdc6fe0136f967febe5b45208b504d0c68db62df653fa15a52fcd9338d 1fb4e1c6453345569416cd957ae2f3ca27c4923f04d050d4ef6de480d56c03a1
SERVER_HANDSHAKE_TRAFFIC_SECRET f03cf7fdc6fe0136f967febe5b45208b504d0c68db62df653fa15a52fcd9338d 8cf6cac18f60de3f44439b4a0dc25ba72920d413aa17a51daa95d6601fef528c
CLIENT_TRAFFIC_SECRET_0 f03cf7fdc6fe0136f967febe5b45208b504d0c68db62df653fa15a52fcd9338d b8e3303bfcbdb68c69c5f7fb8fb0abdd118073c667f9cf07daf0f4eb928eb224
SERVER_TRAFFIC_SECRET_0 f03cf7fdc6fe0136f967febe5b45208b504d0c68db62df653fa15a52fcd9338d 336fbfc38dad91c38eeef41ada3a1eec0f15ecd4964b00e8b78a9505acb940f8
EXPORTER_SECRET f03cf7fdc6fe0136f967febe5b45208b504d0c68db62df653fa15a52fcd9338d 4571c023a77d31cebc6a82eacbbc585b88bd37751d2b91cab9044c41081cfef8
CLIENT_HANDSHAKE_TRAFFIC_SECRET 84fa1794aff22d4a364790e0156d078fb292a99150941492f5f6ddd246d21264 9b2f4fb61750f87dd0c9e765d1716d02096d24a93e96204cca1df741a825cb99
SERVER_HANDSHAKE_TRAFFIC_SECRET 84fa1794aff22d4a364790e0156d078fb292a99150941492f5f6ddd246d21264 42e6263413bc029c45c5b2e8dfd378fbd206be9de385039ecdfa7ab5006cae55
CLIENT_TRAFFIC_SECRET_0 84fa1794aff22d4a364790e0156d078fb292a99150941492f5f6ddd246d21264 b6a59cb0ba2b06e059068cfa03d916c2c36079f752932cd41ee27beb28dc6e01
SERVER_TRAFFIC_SECRET_0 84fa1794aff22d4a364790e0156d078fb292a99150941492f5f6ddd246d21264 9fb6d3337313d9bb5b744f7a76c4e121457ce93bddee0c799710b462f577fbf7
EXPORTER_SECRET 84fa1794aff22d4a364790e0156d078fb292a99150941492f5f6ddd246d21264 04b0ecca0289eccebb0d575395101e8d9edf85369a60856d85346c1e7dc1fb0d
CLIENT_HANDSHAKE_TRAFFIC_SECRET b2a8935adbc99e85a0fb4260f8b7e133c5ecaa410aa570227710a0eaef4051ff a1b4a25bb2e10a96f428f4863229466958207faa63743c27d1690aba8e990ca5
SERVER_HANDSHAKE_TRAFFIC_SECRET b2a8935adbc99e85a0fb4260f8b7e133c5ecaa410aa570227710a0eaef4051ff fe81a31757a2400e5b1d7ffe12bc686783ccfae296daecdf31dc7adc52b55ed2
CLIENT_TRAFFIC_SECRET_0 b2a8935adbc99e85a0fb4260f8b7e133c5ecaa410aa570227710a0eaef4051ff a915b3a550ac4e14a6e4a150d0b947b5a65ced13ac1e504c2e5f39f22fd1fe62
SERVER_TRAFFIC_SECRET_0 b2a8935adbc99e85a0fb4260f8b7e133c5ecaa410aa570227710a0eaef4051ff a1e82be27592554a762946bafb2d25ec196070f8e529ec65509f2de49f7d8278
EXPORTER_SECRET b2a8935adbc99e85a0fb4260f8b7e133c5ecaa410aa570227710a0eaef4051ff 7b520b83f221c6db3fd8f7a09172b56a4ca82aa36b06eb57f0c553547e1143e5
CLIENT_HANDSHAKE_TRAFFIC_SECRET 775046dcccbb6e4fc79ee3687f024dd063e733ffa33a245eeb5723f5fdbe6e54 d0d0cd7379abb4b82bbc9357baffbe5e809970bb745964a201e93d03b6293267
SERVER_HANDSHAKE_TRAFFIC_SECRET 775046dcccbb6e4fc79ee3687f024dd063e733ffa33a245eeb5723f5fdbe6e54 3030d60f416c6315e4d2a91171ea37aa9008289399a5110b57fc47f293755f20
CLIENT_TRAFFIC_SECRET_0 775046dcccbb6e4fc79ee3687f024dd063e733ffa33a245eeb5723f5fdbe6e54 7b3ca7fcb44f15919570e39fb8c0e87807dd9590b8fb552872edda273f45e52d
SERVER_TRAFFIC_SECRET_0 775046dcccbb6e4fc79ee3687f024dd063e733ffa33a245eeb5723f5fdbe6e54 f76f395147aa0d580531d0798b597316e5639cd86c4390c6d04a4d572c3eba04
EXPORTER_SECRET 775046dcccbb6e4fc79ee3687f024dd063e733ffa33a245eeb5723f5fdbe6e54 9655e2835839b90d1ada72cc6a8fee98413d4ccfa6c1b86da72d8bb330da4e0f
CLIENT_HANDSHAKE_TRAFFIC_SECRET ffb2a0d46b3caafa89143e9cc3fcc2006a08a37388e3636509facbd126786281 03d19f94a2079a99640e0e760cf6f580df8939dc8517c0a97a93c3a15e22e3b6
SERVER_HANDSHAKE_TRAFFIC_SECRET ffb2a0d46b3caafa89143e9cc3fcc2006a08a37388e3636509facbd126786281 3bf79db140571e3ae55ffe4dd548ab1fd3027a1aa83d854dd4075ada0b3b08f6
CLIENT_TRAFFIC_SECRET_0 ffb2a0d46b3caafa89143e9cc3fcc2006a08a37388e3636509facbd126786281 e001f4f305e2e2a97301676ad0617bf38bc1342e32906818f846d653b66ce14c
SERVER_TRAFFIC_SECRET_0 ffb2a0d46b3caafa89143e9cc3fcc2006a08a37388e3636509facbd126786281 a1bbe18f520eada20ab0517325af8071d082d91404f35698c925c6a478dade72
EXPORTER_SECRET ffb2a0d46b3caafa89143e9cc3fcc2006a08a37388e3636509facbd126786281 ea6653ce16cc346fa8f4495f41f4e55df84a5098e60de0c9f780ad50cd68df58
CLIENT_HANDSHAKE_TRAFFIC_SECRET 8cea0c62b395e4e251d737b872242f4d20b10123135fc41c31093193b6d4f3e9 742ef38bfb0b72619e92db865f164f4fd39752339ace5dc083195fe6f9994b62
SERVER_HANDSHAKE_TRAFFIC_SECRET 8cea0c62b395e4e251d737b872242f4d20b10123135fc41c31093193b6d4f3e9 4e80f31badf3cc1c0ffa854581b3944f4e71dabfec0e067e868d59a9488e21c2
CLIENT_TRAFFIC_SECRET_0 8cea0c62b395e4e251d737b872242f4d20b10123135fc41c31093193b6d4f3e9 b70670b269a9b10c9197d00b7a9fcc57155ddf376c549ec37b148f1a6ffc4303
SERVER_TRAFFIC_SECRET_0 8cea0c62b395e4e251d737b872242f4d20b10123135fc41c31093193b6d4f3e9 bb6167088078d24ed7b3e075b0474b6284395c56375ffde9a232da055e84d2aa
EXPORTER_SECRET 8cea0c62b395e4e251d737b872242f4d20b10123135fc41c31093193b6d4f3e9 0011ca6742594f794ebc5fafa100a1a6a72917397346ba5b486adf27e0ba9ac3
CLIENT_HANDSHAKE_TRAFFIC_SECRET 258c71657457e1cd3d48a744a62c38cc6e3d52fffba05cf81342e607e3fcba91 cade27757d67464c10da5294f4c33d5cd6608f0e17f93260686600b098a25e36
SERVER_HANDSHAKE_TRAFFIC_SECRET 258c71657457e1cd3d48a744a62c38cc6e3d52fffba05cf81342e607e3fcba91 f52cfc203edda37f7d0d3c5192a336ee45958a43fd57a26d486afb60bd565c77
CLIENT_HANDSHAKE_TRAFFIC_SECRET 50adf94a31ff31203e95fef4d82ec87262102cb03c9c21aa6d8c49c37f3cdc80 3760f57353a10994fb7a4606a1978e468fee83e4c5438340761f0aec830cb41b
SERVER_HANDSHAKE_TRAFFIC_SECRET 50adf94a31ff31203e95fef4d82ec87262102cb03c9c21aa6d8c49c37f3cdc80 cfceffebbd780565fef9c26e13f257ec56f29c4a370c10aeac364d79f6547190
CLIENT_TRAFFIC_SECRET_0 258c71657457e1cd3d48a744a62c38cc6e3d52fffba05cf81342e607e3fcba91 d2eacaf25558245ab63d74915b4b50dc27cb12aebae797bd9ebf7b45102488a2
SERVER_TRAFFIC_SECRET_0 258c71657457e1cd3d48a744a62c38cc6e3d52fffba05cf81342e607e3fcba91 4cdb512ca4238fc1fda6bde40f5061ad43e5e2cd9e87d19726d58bd9bdef8ce2
EXPORTER_SECRET 258c71657457e1cd3d48a744a62c38cc6e3d52fffba05cf81342e607e3fcba91 0019a8ebb4c156afc67ff4a3b0000d01a02d2739b8c420196697ea86dc4e7ebb
CLIENT_HANDSHAKE_TRAFFIC_SECRET 41d480877857df3f2e4981e3d262851ba65e870dd9568f3ace4aaa0cc6437b34 0a215c37e7f6ae14d6051d393a400ceb0a5db4fdaa207e42c3657888502e690b
SERVER_HANDSHAKE_TRAFFIC_SECRET 41d480877857df3f2e4981e3d262851ba65e870dd9568f3ace4aaa0cc6437b34 e70d11945f7452141cc5826ceab22a81a0379072f139999f932b7fe27923e0a4
CLIENT_TRAFFIC_SECRET_0 50adf94a31ff31203e95fef4d82ec87262102cb03c9c21aa6d8c49c37f3cdc80 3d5dd6dec1b77974e52330ee5b30aa44e8632aee89cdff4074f67a3ce5d3ee1a
SERVER_TRAFFIC_SECRET_0 50adf94a31ff31203e95fef4d82ec87262102cb03c9c21aa6d8c49c37f3cdc80 28db953f16811892079ff8cfd9e8503be52f24282a8c37edfd57901a4f006c65
EXPORTER_SECRET 50adf94a31ff31203e95fef4d82ec87262102cb03c9c21aa6d8c49c37f3cdc80 21bf69fbb7f4fa64f4bdfa4cafcbabfd02bfa78a9eb558064c2563eeccda3b93
CLIENT_TRAFFIC_SECRET_0 41d480877857df3f2e4981e3d262851ba65e870dd9568f3ace4aaa0cc6437b34 e5eca928180096b736d320e15073b29752ae66897ac0a666806442687573a30e
SERVER_TRAFFIC_SECRET_0 41d480877857df3f2e4981e3d262851ba65e870dd9568f3ace4aaa0cc6437b34 40cd6b66ca31ecdc24c6b0d688d34efb8cf9eaeb07c5aa0b485ca404f329d32d
EXPORTER_SECRET 41d480877857df3f2e4981e3d262851ba65e870dd9568f3ace4aaa0cc6437b34 cd28bc450f2599c4469112488cf538884bcc11b15c09df6cda3d13c4e2addb73
CLIENT_HANDSHAKE_TRAFFIC_SECRET 15e74ca56b27d07a531d04bc035bb4c12510ce54c026892bcf5163962b74d5b2 15b0319fbac076bf7c247ff57d55060a81e6f4314aafbf83f958d6916aa5ae71
SERVER_HANDSHAKE_TRAFFIC_SECRET 15e74ca56b27d07a531d04bc035bb4c12510ce54c026892bcf5163962b74d5b2 7fb6f3ad4b72195f376394596d1cee7082ab4246b6601792eea1f33a46cb4d59
CLIENT_TRAFFIC_SECRET_0 15e74ca56b27d07a531d04bc035bb4c12510ce54c026892bcf5163962b74d5b2 2cbeb50c1c6e723fd41f0f5cf54fb4119e5ed922573a5fae1086c9457bd5b38b
SERVER_TRAFFIC_SECRET_0 15e74ca56b27d07a531d04bc035bb4c12510ce54c026892bcf5163962b74d5b2 f0b77655a0eac29a96cd7444d467d4677fb20e0ae225cb39421dec82da4296e4
EXPORTER_SECRET 15e74ca56b27d07a531d04bc035bb4c12510ce54c026892bcf5163962b74d5b2 9750c00f8d2c9afce432c0c796a9293131e3b7d132244c8a6b658971c7793225
CLIENT_HANDSHAKE_TRAFFIC_SECRET c7d637166ed45aa23577de24b35a9c89b49d723bcbd3531ce7647fd51c8edac7 122ac4f60301b3820aac6fc4e8c32e34cfaddeb13bd1cf160d704839277ecb85
SERVER_HANDSHAKE_TRAFFIC_SECRET c7d637166ed45aa23577de24b35a9c89b49d723bcbd3531ce7647fd51c8edac7 41573e2bd75929b5e82a8f4b288d669b305d28e1b73f5bbfe719ff8163ec1f4f
CLIENT_TRAFFIC_SECRET_0 c7d637166ed45aa23577de24b35a9c89b49d723bcbd3531ce7647fd51c8edac7 df7a34d4ac1d22253daaae3059920df81769514e7c09f8a5d2d46c103e383fc4
SERVER_TRAFFIC_SECRET_0 c7d637166ed45aa23577de24b35a9c89b49d723bcbd3531ce7647fd51c8edac7 66af43d3b553fd0a59281e832bc45caa40c9f314378fc79cc678f720694c86eb
EXPORTER_SECRET c7d637166ed45aa23577de24b35a9c89b49d723bcbd3531ce7647fd51c8edac7 69dfc58b9205a2ab59b104f1e7f57b7ac64b70870d40b1e3013d268121b14fc1
CLIENT_HANDSHAKE_TRAFFIC_SECRET 95c436e00417e2f026ed6b07b475efe903096a0c898bb5722e8d418aa4dfb6d9 6abc1c5c6e596230071fbd3f5ec3565d4e63dd14b110d25436503d5e7b839a18
SERVER_HANDSHAKE_TRAFFIC_SECRET 95c436e00417e2f026ed6b07b475efe903096a0c898bb5722e8d418aa4dfb6d9 3d88c0676098dd460e8f30ecd860d5514e36780eea21bd6a21050b777baa9ea6
CLIENT_TRAFFIC_SECRET_0 95c436e00417e2f026ed6b07b475efe903096a0c898bb5722e8d418aa4dfb6d9 6dbd48278c3cb123091a824274a0bf569a1785e50c4bc86db09e2763f3a64436
SERVER_TRAFFIC_SECRET_0 95c436e00417e2f026ed6b07b475efe903096a0c898bb5722e8d418aa4dfb6d9 f9acb5a9d7f76e7f060a8658dbd8a0c4d264c6b3cfe48c6eb4cfe0d96598f81e
EXPORTER_SECRET 95c436e00417e2f026ed6b07b475efe903096a0c898bb5722e8d418aa4dfb6d9 6859faef335a141170fb1a6125071a00d4135023491af9207adc6b3f2b8b1e1a
CLIENT_HANDSHAKE_TRAFFIC_SECRET 9f6fdef2a3d411acced79f73062a2641d8e1dd0a92f9e75662a20e672c88be5e d2bb1de81bf7e07e055a08ff4c88e210816777b5bab33e9644f0609b04d5c6e6
SERVER_HANDSHAKE_TRAFFIC_SECRET 9f6fdef2a3d411acced79f73062a2641d8e1dd0a92f9e75662a20e672c88be5e 2adbe4d8bc3d7cf41afffa83b9f42b288a0c2f7331097d6ac1ba23e84c4bdad8
CLIENT_TRAFFIC_SECRET_0 9f6fdef2a3d411acced79f73062a2641d8e1dd0a92f9e75662a20e672c88be5e 43e4d383917922c7ba9c7f781b3970d95348d2f571a29585705ad8df0d2d8e35
SERVER_TRAFFIC_SECRET_0 9f6fdef2a3d411acced79f73062a2641d8e1dd0a92f9e75662a20e672c88be5e cc551a09fc7487268ad01395928b6568636e9e183a9f620eb9900265730797d6
EXPORTER_SECRET 9f6fdef2a3d411acced79f73062a2641d8e1dd0a92f9e75662a20e672c88be5e 0e3875ab1e0be3520b8cc1259022f88e3643275c3b01d364dd011447e3d68b5c
CLIENT_HANDSHAKE_TRAFFIC_SECRET 714cb8cd76cf4e8302966c37445ef9bff5b65f8fa258b02ecfa871ae9487746c 458364cca127722c4e4240b710459f7c69e6708536d378749533d2c7418ee57e
SERVER_HANDSHAKE_TRAFFIC_SECRET 714cb8cd76cf4e8302966c37445ef9bff5b65f8fa258b02ecfa871ae9487746c b59dfca73c9d05d125311b0c90bccc862b0cc1948aac1c9485c4495cd193eb09
CLIENT_TRAFFIC_SECRET_0 714cb8cd76cf4e8302966c37445ef9bff5b65f8fa258b02ecfa871ae9487746c 397e4eafae9d1bb9a028f22fffdfe2e67b132889487ccd45c35dc260a283dcda
SERVER_TRAFFIC_SECRET_0 714cb8cd76cf4e8302966c37445ef9bff5b65f8fa258b02ecfa871ae9487746c 3b870a6d9309fb3ed5f40a35409b56805da89b8a630d95ae98f5cb7a0d9d09cf
EXPORTER_SECRET 714cb8cd76cf4e8302966c37445ef9bff5b65f8fa258b02ecfa871ae9487746c 692d0990632d6cf7bb2fd9ab666a55bdad51c31973f9becbcfac25074bdbe954
CLIENT_HANDSHAKE_TRAFFIC_SECRET be5636584b138ecadf5bca566150da6b1aa551e90e90472afb83f5f3dac25b89 4c5ddd39608bee8a4a392d2268583fdb211533c288b0b3c2347939d29f7307b4
SERVER_HANDSHAKE_TRAFFIC_SECRET be5636584b138ecadf5bca566150da6b1aa551e90e90472afb83f5f3dac25b89 1b30c0603a947cbad63ad8457581e8fd9e27518802fe684c1157248fbdf35eff
CLIENT_TRAFFIC_SECRET_0 be5636584b138ecadf5bca566150da6b1aa551e90e90472afb83f5f3dac25b89 79debf36dd97d125c3c3a271fe2a0b2982e027d8ba35c60f840fce9b44d24435
SERVER_TRAFFIC_SECRET_0 be5636584b138ecadf5bca566150da6b1aa551e90e90472afb83f5f3dac25b89 3024fa21bf238a9cc424f9ea16e3e16a7ab433525988d7dedd1fdb3437818bfa
EXPORTER_SECRET be5636584b138ecadf5bca566150da6b1aa551e90e90472afb83f5f3dac25b89 3bf62d848a1cd4a3dce739b116a46377f0b091074d0449e7ea6f0efe3920a9d9
CLIENT_HANDSHAKE_TRAFFIC_SECRET ad424c17d856ff436ba399eeb3bc76ca15a44e7182817c7259071d346d01b9ac 32e8b5f95af1a136a5650a0621d510086a95a4dcf360f0ca073823f4607a6730
SERVER_HANDSHAKE_TRAFFIC_SECRET ad424c17d856ff436ba399eeb3bc76ca15a44e7182817c7259071d346d01b9ac c0dddefe9024af380f2d35dc996c0f4954a5d45d731f7dc91e01884603f0d6cf
CLIENT_TRAFFIC_SECRET_0 ad424c17d856ff436ba399eeb3bc76ca15a44e7182817c7259071d346d01b9ac 94649380afbc0e0f405d538cb92a1220e6fe0cb00d682d5968dfc7464b240756
SERVER_TRAFFIC_SECRET_0 ad424c17d856ff436ba399eeb3bc76ca15a44e7182817c7259071d346d01b9ac 326a49c760091cbe5e42223074054936bcb0967397a4024d4467dad0c4cd1c98
EXPORTER_SECRET ad424c17d856ff436ba399eeb3bc76ca15a44e7182817c7259071d346d01b9ac 57f8c83de905a08398df3b6185b70cfb425b113c0e324adc01e78e3433a42bbe
CLIENT_HANDSHAKE_TRAFFIC_SECRET 7be97ffed4da087447b55d086bbdb61b6b10c95962992943d6254909c901a60f 831409381f03b113afa0994ac394eec6b69cbf094b51465ad94988eba2a8850d
SERVER_HANDSHAKE_TRAFFIC_SECRET 7be97ffed4da087447b55d086bbdb61b6b10c95962992943d6254909c901a60f 85be7f3942e5eb1e4742c82cdc6e9b82a1171506232bd2d5c7711457426e26da
CLIENT_TRAFFIC_SECRET_0 7be97ffed4da087447b55d086bbdb61b6b10c95962992943d6254909c901a60f d947e6fb2db5305f83be52599dab703a006b8d04766f4e5dadea65684c939371
SERVER_TRAFFIC_SECRET_0 7be97ffed4da087447b55d086bbdb61b6b10c95962992943d6254909c901a60f b0fa1d3855b82a04fd64cfb44add42c600f4085a8d4d9392ae2464bf9ef9c1e4
EXPORTER_SECRET 7be97ffed4da087447b55d086bbdb61b6b10c95962992943d6254909c901a60f 90651f3cd24c6c86b5aa4462b1f9bc579705a62b5877e0a0d1a61edbbc46bb0d
CLIENT_HANDSHAKE_TRAFFIC_SECRET 85321b2b1bfca4d86fb489e2987dc85fa329b8240bf010a1919954875695e07a c9b3622cc0ac490765cc875f12146f6fb3c1ac32882a1140d3ece0533324f964
SERVER_HANDSHAKE_TRAFFIC_SECRET 85321b2b1bfca4d86fb489e2987dc85fa329b8240bf010a1919954875695e07a b743120e4f8da0c62926b8d9a2a50f9fc1eeda2858a1f7463946bb23cfc818b9
CLIENT_TRAFFIC_SECRET_0 85321b2b1bfca4d86fb489e2987dc85fa329b8240bf010a1919954875695e07a 10f79f03ba190dce07193ce8ad90f6e9c667d274c9258cc7d13ed841edda0d1e
SERVER_TRAFFIC_SECRET_0 85321b2b1bfca4d86fb489e2987dc85fa329b8240bf010a1919954875695e07a 84a13b962df65983e20371967c86227d09aacf8470ee14b06389304577113c98
EXPORTER_SECRET 85321b2b1bfca4d86fb489e2987dc85fa329b8240bf010a1919954875695e07a eb2443c66c10a20168f0a2eaf2a4491e072769107d3af26c7e99a797063a24d4
CLIENT_HANDSHAKE_TRAFFIC_SECRET 0e18a0dfa36f4186444063b07beb7a3bc37e12bf60385d2a2d8cbe0548f83808 8bdb5ac661a6ea7993242bbeaccdb2fe8076a6baea3f06e64169d6f6fbb630ec
SERVER_HANDSHAKE_TRAFFIC_SECRET 0e18a0dfa36f4186444063b07beb7a3bc37e12bf60385d2a2d8cbe0548f83808 a615bf84f694470ddcc0cfb90af0704cff361d9d9172e845b282beae729e9408
CLIENT_TRAFFIC_SECRET_0 0e18a0dfa36f4186444063b07beb7a3bc37e12bf60385d2a2d8cbe0548f83808 e5cde131e4693c7724d6f1a3dad35fb83d44c0ae09fbfce982a6e598a9d3231d
SERVER_TRAFFIC_SECRET_0 0e18a0dfa36f4186444063b07beb7a3bc37e12bf60385d2a2d8cbe0548f83808 b952f58105a07158967129c49afb9c66bbd4b8ca1f0b8de9e23f8fc2ffc29310
EXPORTER_SECRET 0e18a0dfa36f4186444063b07beb7a3bc37e12bf60385d2a2d8cbe0548f83808 3c7f14aa31b81c2d4682597dd6aff030da0c51bc2b805996621dcf52a93474ee
CLIENT_HANDSHAKE_TRAFFIC_SECRET 856b4b10746054109ac9936893224d4e8e459d0c3637a0dcab7d445b1a5b2d47 480dda739ba409f6c90da4ec5bce73a870e87cfa5a345bb75b191a485d608380
SERVER_HANDSHAKE_TRAFFIC_SECRET 856b4b10746054109ac9936893224d4e8e459d0c3637a0dcab7d445b1a5b2d47 4ea26faf27fa972ab6092e9d97b5b0243667d96ea2c890a6e409b9329d15d10a
CLIENT_TRAFFIC_SECRET_0 856b4b10746054109ac9936893224d4e8e459d0c3637a0dcab7d445b1a5b2d47 756fd254b43d2cc85c1b38518e37343ee6227607386356ddd1d937a374744ec0
SERVER_TRAFFIC_SECRET_0 856b4b10746054109ac9936893224d4e8e459d0c3637a0dcab7d445b1a5b2d47 e4c39f46e6f3675aa6b45625c556ee55eed5bbe35a93c6e54db00431ab2400fb
EXPORTER_SECRET 856b4b10746054109ac9936893224d4e8e459d0c3637a0dcab7d445b1a5b2d47 789ff5b1c89e0c919c1898715fe9d337157861ac395a263a8127c362aace1315
