CLIENT_HANDSHAKE_TRAFFIC_SECRET 1638eae0a5c2c24a916301a78308743d0468b95d290766b21fbb67b49baeb00f 1753da705a8d30fce3f5a84774839713302427ee62e8adb3b73dbcda572e1555
SERVER_HANDSHAKE_TRAFFIC_SECRET 1638eae0a5c2c24a916301a78308743d0468b95d290766b21fbb67b49baeb00f be68052ffa55f7268be22e1f5591ef7f2ee8a7c64377ac6b5abae7371b253065
CLIENT_TRAFFIC_SECRET_0 1638eae0a5c2c24a916301a78308743d0468b95d290766b21fbb67b49baeb00f 7ecd6be2260e13bcb6ef6c7390b9eadfcc435e123c747a6acbde1c1daff15d93
SERVER_TRAFFIC_SECRET_0 1638eae0a5c2c24a916301a78308743d0468b95d290766b21fbb67b49baeb00f 0476a53d5aa11c743e441e25d9a1f3d53b68db6133c8acd45366ce8f5c2da998
EXPORTER_SECRET 1638eae0a5c2c24a916301a78308743d0468b95d290766b21fbb67b49baeb00f 6d4c8c57c13de98c66be4140f895b69b4703a87cc8571494e51087446d6fad90
CLIENT_HANDSHAKE_TRAFFIC_SECRET 517d48da4074eaf58e05d95d8f1f3c3eceab5c9ec373bdbac3d9ac4463e11ddb ef4c85e800d42bfbb01159117ab255eb96e308de400bb906af25d75b34f2ce38
SERVER_HANDSHAKE_TRAFFIC_SECRET 517d48da4074eaf58e05d95d8f1f3c3eceab5c9ec373bdbac3d9ac4463e11ddb cf4c169c1490a1b05a51326525b88fe462af9eb0bca4a23153acb9b0be35af02
CLIENT_TRAFFIC_SECRET_0 517d48da4074eaf58e05d95d8f1f3c3eceab5c9ec373bdbac3d9ac4463e11ddb 398068f65582073676452e1323188e9f60068ab697045d11aac3a9d5ba586b79
SERVER_TRAFFIC_SECRET_0 517d48da4074eaf58e05d95d8f1f3c3eceab5c9ec373bdbac3d9ac4463e11ddb 00453883a28f5e3817e73bc91031dec83bbf413804b260af7ed6cfded68579c5
EXPORTER_SECRET 517d48da4074eaf58e05d95d8f1f3c3eceab5c9ec373bdbac3d9ac4463e11ddb cef09af51feae8fd84591fcf996c4cdd26313ddb217d7d89a95b93feb086cdbf
CLIENT_HANDSHAKE_TRAFFIC_SECRET f74417980942ffb70dbb72ea6a3190391b28ed7eda1229ac9b8b118952e52402 d425db8ddf77b7d7ebe2bff2d50ad118a1bbb4b1bcecf827e5a8fe66148dde8b
SERVER_HANDSHAKE_TRAFFIC_SECRET f74417980942ffb70dbb72ea6a3190391b28ed7eda1229ac9b8b118952e52402 483cef270c38d64ae11c7fc84d9db5ce038273671b831d756dfa45142150a34b
CLIENT_TRAFFIC_SECRET_0 f74417980942ffb70dbb72ea6a3190391b28ed7eda1229ac9b8b118952e52402 fcbd84839689f39546924304ea3679e4bc792bf9c1a3e73c9d6181c35825bb47
SERVER_TRAFFIC_SECRET_0 f74417980942ffb70dbb72ea6a3190391b28ed7eda1229ac9b8b118952e52402 9397f1db27e5b4e4f94b79836f5ffbe7f346abc1649af0191bddc81ffdfb2aaf
EXPORTER_SECRET f74417980942ffb70dbb72ea6a3190391b28ed7eda1229ac9b8b118952e52402 44c09f8d7b17402de0bba99c44485e030c688dc173714fd5f8b2e08e2812ad7d
CLIENT_HANDSHAKE_TRAFFIC_SECRET 3e54174cbbaf85447b46818cec843c7765429eaa53a500bc35101d61e1ab5a00 666cf9b771d8d25e5a5be14c9c353ac6cb5bf8dca8d12ba1743d9d47531afa8a94bb0e3c3743142e1405a291faea774c
SERVER_HANDSHAKE_TRAFFIC_SECRET 3e54174cbbaf85447b46818cec843c7765429eaa53a500bc35101d61e1ab5a00 7311d41036140d678eedbe1ce7cb442fae439d9f53b5699ca653059b932f9bd95369b8fd283e8159d44cf415393ec65d
CLIENT_HANDSHAKE_TRAFFIC_SECRET dfb75f847a0341b3e55ce2a5aa4ad8a42832d0923ab68f51f598337baca4aa93 f3ed554a0591bc25316540e63d98a76b94a30245097fb9b4b3f820d6e9681fd0d48a3488b71c5d1aa39c358309f015d7
SERVER_HANDSHAKE_TRAFFIC_SECRET dfb75f847a0341b3e55ce2a5aa4ad8a42832d0923ab68f51f598337baca4aa93 25fbcb401a1fb69831b4e39a07c8aa73c5293d7a601a714fde2737361d9187b31f191f1328575c95399330189bd1b5ff
CLIENT_TRAFFIC_SECRET_0 3e54174cbbaf85447b46818cec843c7765429eaa53a500bc35101d61e1ab5a00 ffc4c87c63b68b51307ee6e49d3d9cd3bced1efc0ed9431d6088e289afe9d3f50c302e2868b5cc4981de22b3bcaa1fae
SERVER_TRAFFIC_SECRET_0 3e54174cbbaf85447b46818cec843c7765429eaa53a500bc35101d61e1ab5a00 39b2d422857822e73fc1d1c0b2e578613725720c183ca71bb357da280ffc37f150be8e536290c7325e682b9170d5cb8c
EXPORTER_SECRET 3e54174cbbaf85447b46818cec843c7765429eaa53a500bc35101d61e1ab5a00 7a4cbb63bc87baf524d858bd781105e3324eea7838cb4d49664e5dd59b91eef462a46f8cb08d8c9e7637091c066faf4c
CLIENT_HANDSHAKE_TRAFFIC_SECRET 8fdb8ccc9117503589208f16d11954d829d8cdae83939cecd6be0dbce75911d1 f68d09621436af851440ee6226ab157252d0f2741af213b0010b7e22ff77e597
SERVER_HANDSHAKE_TRAFFIC_SECRET 8fdb8ccc9117503589208f16d11954d829d8cdae83939cecd6be0dbce75911d1 befa93e61b1fee42ae8777cedae6d0e0e29ac16585db3d871992de52d717c2bb
CLIENT_TRAFFIC_SECRET_0 8fdb8ccc9117503589208f16d11954d829d8cdae83939cecd6be0dbce75911d1 d64c0d45dd91a846b8808d1c511880df4c897829ff32116c92e3f5a35f21f769
SERVER_TRAFFIC_SECRET_0 8fdb8ccc9117503589208f16d11954d829d8cdae83939cecd6be0dbce75911d1 328cd4bbca31923064ec060e4f1b5b84ccfc00af5b295a0409d88b2a78f9cdf9
EXPORTER_SECRET 8fdb8ccc9117503589208f16d11954d829d8cdae83939cecd6be0dbce75911d1 3cce02bbe7933d0fb749d5d55be0a78fc517d219ccc6d02e8f5e8afa38372a7d
CLIENT_RANDOM f9fc9325306ef764cf289ac511b8e97952014556e3834f8af318385fe75a0820 ab1de539979357292810c9844186ae0dea1f572b83ea1a182f2525d9282b11de238dae2cfa9d17077c81f535f1648293
CLIENT_HANDSHAKE_TRAFFIC_SECRET d4a15acc90a549da99ac841d2653d2a8c863fed9a1217c8a4f950b09d78631f7 a20d1a7237128d640979c90d72d3262f620fdfe240ad6d9eae0e574679e7c00f
SERVER_HANDSHAKE_TRAFFIC_SECRET d4a15acc90a549da99ac841d2653d2a8c863fed9a1217c8a4f950b09d78631f7 66792adbe8d748f1e27fcb5c91169f8e00b78f4f2f5727b1b08f58f3bf750af3
CLIENT_HANDSHAKE_TRAFFIC_SECRET 8a31920c51c9dbdc94e2b4fea446977fe4051694ba24a52f8a6bfa4553e12aa9 7c7fcadbb88f5e72b57a9ce0cbb9b47e5425a41773eee73f6da19557d97e290f
SERVER_HANDSHAKE_TRAFFIC_SECRET 8a31920c51c9dbdc94e2b4fea446977fe4051694ba24a52f8a6bfa4553e12aa9 b13ff08d3c8f08f6f69ebe82b00fc9aa5a6e3f970d0ed5b275e2bcb09a0cf173
CLIENT_HANDSHAKE_TRAFFIC_SECRET 9a157f4652c549c9dbc557baa6d08853de060dbbabd95a6c415e94ad51a45ecc d54f9b7f6b7ae3aa6257f3ec33aabfbc8390fe43a82d01249290ca7cdf1e429d
SERVER_HANDSHAKE_TRAFFIC_SECRET 9a157f4652c549c9dbc557baa6d08853de060dbbabd95a6c415e94ad51a45ecc fd697cb85945c468550f3f33eca322b16edca8ff37fca937d73884c966d05d04
CLIENT_HANDSHAKE_TRAFFIC_SECRET f1d958160649b08b1ceaff3c43f5ab5c184e1794b639813c5b5599c24cbe875a de2ea72b8d99efc18dad414092e4fc5d282f3345d9c30d417d3bf82f82847377
SERVER_HANDSHAKE_TRAFFIC_SECRET f1d958160649b08b1ceaff3c43f5ab5c184e1794b639813c5b5599c24cbe875a 7995d04b21b6ecab4759127854e6656cfab6f20e6f016518d32ca6bae654bec6
CLIENT_TRAFFIC_SECRET_0 d4a15acc90a549da99ac841d2653d2a8c863fed9a1217c8a4f950b09d78631f7 44ca43f61a4723fbfa9d7b2bd0194945428d9db08934aacce0f2f1de62c94889
SERVER_TRAFFIC_SECRET_0 d4a15acc90a549da99ac841d2653d2a8c863fed9a1217c8a4f950b09d78631f7 f1a66b2f26c922d9c7afe681fb5e124d8abf8afb283fcd06cec43a6bd14823c7
EXPORTER_SECRET d4a15acc90a549da99ac841d2653d2a8c863fed9a1217c8a4f950b09d78631f7 146ab6b93e86c7cb96f7ee198d4eff23fb7f7e3448b72ab746ba45255861099a
CLIENT_TRAFFIC_SECRET_0 8a31920c51c9dbdc94e2b4fea446977fe4051694ba24a52f8a6bfa4553e12aa9 3dab6da8eebf66b9f2c22410635312577391daa28c2ae9d83a090c1e854a3a9b
SERVER_TRAFFIC_SECRET_0 8a31920c51c9dbdc94e2b4fea446977fe4051694ba24a52f8a6bfa4553e12aa9 890cc28bef5cc05b3d2e6372e8fd78e962f4e1204aa1d3cf09b86994fe0c383b
EXPORTER_SECRET 8a31920c51c9dbdc94e2b4fea446977fe4051694ba24a52f8a6bfa4553e12aa9 a427573f384bae6e3b02684f831f30073c2dc98e93be92344848669397b3d538
CLIENT_TRAFFIC_SECRET_0 f1d958160649b08b1ceaff3c43f5ab5c184e1794b639813c5b5599c24cbe875a 5a422969ed2a687e77b655977c0a6c0db16b2f51a7f646b9e94b67b26797628d
SERVER_TRAFFIC_SECRET_0 f1d958160649b08b1ceaff3c43f5ab5c184e1794b639813c5b5599c24cbe875a af41913307b5f820acc0b92ad9d86c3464162511a67793aa5c8a3ef4eb6729fa
EXPORTER_SECRET f1d958160649b08b1ceaff3c43f5ab5c184e1794b639813c5b5599c24cbe875a 6e27ab714d99e6e7e2d88eb77c0f6df2d0998415ef0a47ad6c1f5a3577b73ea0
CLIENT_TRAFFIC_SECRET_0 9a157f4652c549c9dbc557baa6d08853de060dbbabd95a6c415e94ad51a45ecc 9467ac5492fff1847aa78d8d7b4470c71c4c22155e171625cd1e3a18bc2ac68f
SERVER_TRAFFIC_SECRET_0 9a157f4652c549c9dbc557baa6d08853de060dbbabd95a6c415e94ad51a45ecc 9fd16f283261d95bb0e24ae10f274b79ac3deb65276748c4efff3fede205563a
EXPORTER_SECRET 9a157f4652c549c9dbc557baa6d08853de060dbbabd95a6c415e94ad51a45ecc 7a96e4fd976bbe27826fb6ce052168c492f0710dc8adb48107fad112fde8063e
CLIENT_HANDSHAKE_TRAFFIC_SECRET 6dc918706ea12867ffba51ce1d95e19f98595251253db050e8cfa8941e8f6141 6fd82c2d34616a7851a3d5cebf3b07967a8f98ac70fddb98f5f50a8502b6b769
SERVER_HANDSHAKE_TRAFFIC_SECRET 6dc918706ea12867ffba51ce1d95e19f98595251253db050e8cfa8941e8f6141 177dcf88f2871bed572df6fdd05a667ef0078c1408a98ab0827d419bf70125af
CLIENT_TRAFFIC_SECRET_0 6dc918706ea12867ffba51ce1d95e19f98595251253db050e8cfa8941e8f6141 40951f4bf710d47546eac08ac33a52e3d098cbbd09cc3c790990bbee18c86876
SERVER_TRAFFIC_SECRET_0 6dc918706ea12867ffba51ce1d95e19f98595251253db050e8cfa8941e8f6141 d58d8f27468c5b65ecb314c6138727cb81c314d7445d6b4d002d8e8f3063ba2c
EXPORTER_SECRET 6dc918706ea12867ffba51ce1d95e19f98595251253db050e8cfa8941e8f6141 78cc7e9f96741fffe30478083bfde2245f4b1db8e4ee306d1aee7760319f7f01
CLIENT_HANDSHAKE_TRAFFIC_SECRET 9713b43490f0a04cac6995e06a1ede2601b6bfef15774cc7e9e55aa095e5abfb 043af20575d0557b578682e72005b441307062830eda36135f334fb768b7ff04
SERVER_HANDSHAKE_TRAFFIC_SECRET 9713b43490f0a04cac6995e06a1ede2601b6bfef15774cc7e9e55aa095e5abfb ce75136347aa751746ce5f3de32def05dd959a8ff870ad6a3946e9bdafa50469
CLIENT_TRAFFIC_SECRET_0 9713b43490f0a04cac6995e06a1ede2601b6bfef15774cc7e9e55aa095e5abfb 8795c563d8396b3cfd13a3915fef7b60a0ca9337f3fac03d78d8d7a79803b1f6
SERVER_TRAFFIC_SECRET_0 9713b43490f0a04cac6995e06a1ede2601b6bfef15774cc7e9e55aa095e5abfb dc305121ef02d2aac132d87ed8737fef414d115b96c6d7f5e4698d2d8ce54a07
EXPORTER_SECRET 9713b43490f0a04cac6995e06a1ede2601b6bfef15774cc7e9e55aa095e5abfb 4eef9bd11f5563e97c8c333040ab1d29c201958541e1bf8170449a4732390d65
