CLIENT_RANDOM 0d9c74340ee337f8c3734dd7c0801c80ea3ce40fb2dc7a2ef2222de694e75631 210710d66308122ea623668e8cb006bf6e69441badaa8410bcd287545809f5f854046fa6f94eeef340ab5390669a83e2
CLIENT_RANDOM 681449ea6a5daab455cbfaa89ef1aa99aca07c0ffd11b4fcbe63ed4d7be0c517 210710d66308122ea623668e8cb006bf6e69441badaa8410bcd287545809f5f854046fa6f94eeef340ab5390669a83e2
CLIENT_RANDOM d97d0e9295bde28273f51bec969ac9e42b093506c73cbfbbecb00a106c894c8f 210710d66308122ea623668e8cb006bf6e69441badaa8410bcd287545809f5f854046fa6f94eeef340ab5390669a83e2
CLIENT_HANDSHAKE_TRAFFIC_SECRET 4d2a2fb38bc022d1df4523fd99a1f20e30c49f7ad4bc2bed6e4a522f3e9cdcd6 4491eca0c4f1eb5e3b76423c2fc40b87443f60319b45c310bf45cfd9e22bbbe2
SERVER_HANDSHAKE_TRAFFIC_SECRET 4d2a2fb38bc022d1df4523fd99a1f20e30c49f7ad4bc2bed6e4a522f3e9cdcd6 4be77b0b97441e6921c51610911708e84423584ade6f19489178d45f78b293d0
CLIENT_HANDSHAKE_TRAFFIC_SECRET 12e076562489f262c7de6bf5180f55e7d15549efb9e7a897d161eaee814c8c85 0bfe4e497b190c24095daec94aeaafe9c622bdc4e024a05cd0f40a5a26d11b24
SERVER_HANDSHAKE_TRAFFIC_SECRET 12e076562489f262c7de6bf5180f55e7d15549efb9e7a897d161eaee814c8c85 0105ecff039c1aa3fe5a7c28cdcb366a80e6bfe0383bb8aa52e987bcc1a5d98f
CLIENT_TRAFFIC_SECRET_0 4d2a2fb38bc022d1df4523fd99a1f20e30c49f7ad4bc2bed6e4a522f3e9cdcd6 95129cf13656e3684b460fa164d9cd5e17b86a839a901efea5dd777e4959b3dc
SERVER_TRAFFIC_SECRET_0 4d2a2fb38bc022d1df4523fd99a1f20e30c49f7ad4bc2bed6e4a522f3e9cdcd6 ccb812e9a903403a80f69329bd128e0cb0e236dbc3d2b6fff242b20d48c2f26e
EXPORTER_SECRET 4d2a2fb38bc022d1df4523fd99a1f20e30c49f7ad4bc2bed6e4a522f3e9cdcd6 f2ce951b2b87a63c907f2b08d53c3f10853de91cb66112f5e16047b9c67b9d1c
CLIENT_TRAFFIC_SECRET_0 12e076562489f262c7de6bf5180f55e7d15549efb9e7a897d161eaee814c8c85 66a4da70af32452abd4c9651733d45d1b72d22db800bc9c7c5795291225cb7fe
SERVER_TRAFFIC_SECRET_0 12e076562489f262c7de6bf5180f55e7d15549efb9e7a897d161eaee814c8c85 99ce29813e48a9126e69469c9cadf2770453a35787f7aa50a2b8317e4dee0389
EXPORTER_SECRET 12e076562489f262c7de6bf5180f55e7d15549efb9e7a897d161eaee814c8c85 e522e7743b680b866b2a052a9750765d704881677ebd7ce3aff56dedf827d900
CLIENT_HANDSHAKE_TRAFFIC_SECRET d43449ce212656f5fb3df997f0da610dbc9511557b028417b90ee367f3caf0c6 d0fe9a7c7edba29f7c91a26acb0cbaf32533cb49bb18bd4e70ec634b8ff4502f
SERVER_HANDSHAKE_TRAFFIC_SECRET d43449ce212656f5fb3df997f0da610dbc9511557b028417b90ee367f3caf0c6 e36016cc5cfed4e00fc5c0c66bc45962cdf4bfcd19ff4d27f11b0718ef8a66f5
CLIENT_TRAFFIC_SECRET_0 d43449ce212656f5fb3df997f0da610dbc9511557b028417b90ee367f3caf0c6 ae3aa5ca546107ea143ce5bd52ed1a44a893bf3938a20eb6ad6b209d235a38ab
SERVER_TRAFFIC_SECRET_0 d43449ce212656f5fb3df997f0da610dbc9511557b028417b90ee367f3caf0c6 43f70ca245c2b047d5fad9014c511650d8bc20e991a6d03d4769b2c65e9761f9
EXPORTER_SECRET d43449ce212656f5fb3df997f0da610dbc9511557b028417b90ee367f3caf0c6 6d78336b8bdac6872c016885bf71123e28d917a0826bff253ea1a495ff13d0e9
CLIENT_RANDOM 434157fa0909f7c836663c6d5a6cdafc9bbc10a862efeb16bc4b86a4e5b5fcc4 210710d66308122ea623668e8cb006bf6e69441badaa8410bcd287545809f5f854046fa6f94eeef340ab5390669a83e2
CLIENT_RANDOM 4384b415b5191d16fff1c25198544e0d68d53f13bb8447f69d1e6b94044f27da 210710d66308122ea623668e8cb006bf6e69441badaa8410bcd287545809f5f854046fa6f94eeef340ab5390669a83e2
CLIENT_RANDOM 0e67a3de168fb3b97220959f17ad5c23f3c57fa2a74a3e516e69ac068da17476 210710d66308122ea623668e8cb006bf6e69441badaa8410bcd287545809f5f854046fa6f94eeef340ab5390669a83e2
CLIENT_HANDSHAKE_TRAFFIC_SECRET d3d04bc0ae8af64141188e2489120228dac07b38a89597b35d967a998c52a550 9659c952ea85b642880bf8bd43778d73394e685c6de767e11f986e9c3200fb5c
SERVER_HANDSHAKE_TRAFFIC_SECRET d3d04bc0ae8af64141188e2489120228dac07b38a89597b35d967a998c52a550 ea3b031da311eafbcf76c1f9259718e8d05e61fd4d4bc928adb948ec56c655a8
CLIENT_TRAFFIC_SECRET_0 d3d04bc0ae8af64141188e2489120228dac07b38a89597b35d967a998c52a550 7d9336e7150a65b1a3bd178dd83780fe7f1ed6aca252598040657b9c623e62c9
SERVER_TRAFFIC_SECRET_0 d3d04bc0ae8af64141188e2489120228dac07b38a89597b35d967a998c52a550 1c77565d8803beec48575a7a25fca70d71da6da0e05d3571f8fd77aec23d58cc
EXPORTER_SECRET d3d04bc0ae8af64141188e2489120228dac07b38a89597b35d967a998c52a550 a4b7643807af3b00a4cd2a3eddea809aac33647b895b42e45484faca468ea952
CLIENT_HANDSHAKE_TRAFFIC_SECRET 4e2477e703b54436a281577c374bc1af5eaaf62f82af249d165d3b2fc1e56530 919ecb0883eaf301757457a3d02d774ad893873cf262fed97d6732e93d0398b3
SERVER_HANDSHAKE_TRAFFIC_SECRET 4e2477e703b54436a281577c374bc1af5eaaf62f82af249d165d3b2fc1e56530 c9cefe66bd80cdc8be309429d2020c174df5e4b2965a40c890d3006c93fe6cf8
CLIENT_TRAFFIC_SECRET_0 4e2477e703b54436a281577c374bc1af5eaaf62f82af249d165d3b2fc1e56530 704b6a4b0e4308baddcfe6fbf05b97b65ce0b593cb3740addfd1978fb0a6fd11
SERVER_TRAFFIC_SECRET_0 4e2477e703b54436a281577c374bc1af5eaaf62f82af249d165d3b2fc1e56530 2345e8f09d0a0121ce96b93cb513e94c478281bdc7df183b13584ac7205bec09
EXPORTER_SECRET 4e2477e703b54436a281577c374bc1af5eaaf62f82af249d165d3b2fc1e56530 8ade5b794e9531d47ae006be0291f59c5af5f52051f80d0cd58940dbed6de694
CLIENT_HANDSHAKE_TRAFFIC_SECRET b184814f6561571ec3fd5acd47ccd19ff168433f196a4a926c2b7d77c4b7f6fc 06c84399fc64670b32c95d04704d37fe8ede009790a16f1c66915478f786c8ee
SERVER_HANDSHAKE_TRAFFIC_SECRET b184814f6561571ec3fd5acd47ccd19ff168433f196a4a926c2b7d77c4b7f6fc 46de8598da64ae29605fbae6988822024d441c91378b36e7efeb18f3d2fa8517
CLIENT_TRAFFIC_SECRET_0 b184814f6561571ec3fd5acd47ccd19ff168433f196a4a926c2b7d77c4b7f6fc 4e6968b88844916c0627443921148bf4079847aab92c327d1bd483f8a6ca493d
SERVER_TRAFFIC_SECRET_0 b184814f6561571ec3fd5acd47ccd19ff168433f196a4a926c2b7d77c4b7f6fc 7181cc21a1f5057ed5a1b64c5493b32ff16385330b558274685980417ff0c6a9
EXPORTER_SECRET b184814f6561571ec3fd5acd47ccd19ff168433f196a4a926c2b7d77c4b7f6fc 0ccce56de5cae010821f77019f85843d299f8878e4394cabd903e086f8483099
CLIENT_HANDSHAKE_TRAFFIC_SECRET e6a83bbca10a1babd12333410b09c3e01e2e6542352a89d14f0b0d567c9491f1 59da0c2c3ad22c7ffd4e4bc49084f14ac225a1f1947e2f42692648c194f51823
SERVER_HANDSHAKE_TRAFFIC_SECRET e6a83bbca10a1babd12333410b09c3e01e2e6542352a89d14f0b0d567c9491f1 999f55728b22cdbfb3ead36485cfd4fbd05b5e94a8d42d48dd46e58aa4d2f5f1
CLIENT_TRAFFIC_SECRET_0 e6a83bbca10a1babd12333410b09c3e01e2e6542352a89d14f0b0d567c9491f1 9bc676fff883172989f308232e30df8fafcd9b97da15cb2bffff4fa87e283be4
SERVER_TRAFFIC_SECRET_0 e6a83bbca10a1babd12333410b09c3e01e2e6542352a89d14f0b0d567c9491f1 20cc3cf8e4c43e1504cb2cb1dea1b708e5435ca2afdb8c9d517c41fedcbbd074
EXPORTER_SECRET e6a83bbca10a1babd12333410b09c3e01e2e6542352a89d14f0b0d567c9491f1 dfdd7405b81defe8e8b38fe60b98449daf5bbdd022e8cb5c0cbc1cb018eedbc4
CLIENT_HANDSHAKE_TRAFFIC_SECRET 017c8519c2d5afd293d0ccc95e67793886a647bb53d7d57e29467e436e91de09 9afc1c64c63c2fcc72e292195767c21e76ea938cf3ff81d227254f7ad99e2107
SERVER_HANDSHAKE_TRAFFIC_SECRET 017c8519c2d5afd293d0ccc95e67793886a647bb53d7d57e29467e436e91de09 fb992f21fefb142b35aaf22cdb73a77c0fbc063d0920d8daf3562f898737e7db
CLIENT_TRAFFIC_SECRET_0 017c8519c2d5afd293d0ccc95e67793886a647bb53d7d57e29467e436e91de09 da0f29c852154f9c88d5477695b1e1e4d5b30242417ea447a1fbbbdedcc26ef9
SERVER_TRAFFIC_SECRET_0 017c8519c2d5afd293d0ccc95e67793886a647bb53d7d57e29467e436e91de09 7594b3037a9e2dab81e6328c5f6aeb262b2e58b4091228a138e387c096afc15c
EXPORTER_SECRET 017c8519c2d5afd293d0ccc95e67793886a647bb53d7d57e29467e436e91de09 2d15372df8946a5586ea5a2b70890adb68bd2cdacb6d0d8cf3efbba35e4aace7
CLIENT_HANDSHAKE_TRAFFIC_SECRET b06632c5ffb763c57fe21680525aa07c95c5c7637435b368e2e8efb43840038b e25cb0ff7c1f3d2d42e19a53278de83b65d5f46a1f85a3aca4c8cb9281ab10cb
SERVER_HANDSHAKE_TRAFFIC_SECRET b06632c5ffb763c57fe21680525aa07c95c5c7637435b368e2e8efb43840038b f4570bb567b88fae6e9776f2d1c909497f22301f6e87f89c031d0b6e018c4b3a
CLIENT_HANDSHAKE_TRAFFIC_SECRET e77892c71d6d136dfd42d03c490292b88bf3833fc28b01cacb78221ba383a4f5 e51225521959ebf2156bea0958c9cb0ee08d2bafcab4e5d915c0b524b5cb8bac
SERVER_HANDSHAKE_TRAFFIC_SECRET e77892c71d6d136dfd42d03c490292b88bf3833fc28b01cacb78221ba383a4f5 90a63fb8f9bc2ca9664e122ff23d4012dbf4bf9d37debf8e51b086c3982e572c
CLIENT_TRAFFIC_SECRET_0 e77892c71d6d136dfd42d03c490292b88bf3833fc28b01cacb78221ba383a4f5 6dc00df9437fd63110c4a73d533a2ad3ef24dbe2d88cd9506c0c8c3ca21339e6
SERVER_TRAFFIC_SECRET_0 e77892c71d6d136dfd42d03c490292b88bf3833fc28b01cacb78221ba383a4f5 c2b9a63d421fa7d3342a0e3e0fff80b9fd37ab79efffa0227f8b202cfb87f85d
EXPORTER_SECRET e77892c71d6d136dfd42d03c490292b88bf3833fc28b01cacb78221ba383a4f5 19756145d1f1553887fd2e8237ce97872352dcc41e6762c431d87efafb20e8fc
CLIENT_HANDSHAKE_TRAFFIC_SECRET 94b97b8b2ba2e40d47dc04d15de00d255a5ea2637e8c5f1e96a51631d5342bb9 241b672797768bd96e50369ac8869415b3083200673b0ee88d5494a53cf74bf4
SERVER_HANDSHAKE_TRAFFIC_SECRET 94b97b8b2ba2e40d47dc04d15de00d255a5ea2637e8c5f1e96a51631d5342bb9 69b7c663e4a40057b166d77601660bb4c9cb51149989d597fa2f7b83740b2099
CLIENT_TRAFFIC_SECRET_0 b06632c5ffb763c57fe21680525aa07c95c5c7637435b368e2e8efb43840038b 1404db60c8dbc5ea0a0f91fff8f6856f2598696d92a45de82cc3aa65b78d3ddc
SERVER_TRAFFIC_SECRET_0 b06632c5ffb763c57fe21680525aa07c95c5c7637435b368e2e8efb43840038b 2ca99ebc49f8ebd8a317c95091f7d9895011198de9deafc4de71eb56b348d6f4
EXPORTER_SECRET b06632c5ffb763c57fe21680525aa07c95c5c7637435b368e2e8efb43840038b 3c7f3aadf1512bf37c5717cb32a27003f877ed9b6bfb1cb75d5c9a41131b29e9
CLIENT_TRAFFIC_SECRET_0 94b97b8b2ba2e40d47dc04d15de00d255a5ea2637e8c5f1e96a51631d5342bb9 0dae40062fb014a6685aca38511dba0be3dd34f5c8d388ef1694cc74f9691ece
SERVER_TRAFFIC_SECRET_0 94b97b8b2ba2e40d47dc04d15de00d255a5ea2637e8c5f1e96a51631d5342bb9 43e6dcdbf6a7c001028304ca5f59ed5d55caae4ace98660e9c9c92687f61c3a7
EXPORTER_SECRET 94b97b8b2ba2e40d47dc04d15de00d255a5ea2637e8c5f1e96a51631d5342bb9 2432d99ccecf2c6da907d7f43f33711b0fbadd98c5f99b658b1bf9e11257903a
CLIENT_HANDSHAKE_TRAFFIC_SECRET 9555e364c39b7234e094050e802d05e3042e1b3563bc09188f1a6327bcc20902 7b692b080103596a2289430825648dce5fff4f0b513e2e8570381b1c7a0d3480
SERVER_HANDSHAKE_TRAFFIC_SECRET 9555e364c39b7234e094050e802d05e3042e1b3563bc09188f1a6327bcc20902 d12b357dd01d9d502f684101fbb8e6f2ba5902bc08af7a62703f6ff1081a6a76
CLIENT_HANDSHAKE_TRAFFIC_SECRET 0c60a9e3a3f93bb8f9fb688af3f8da8cbdeb62dafda9acf96839db2cdac9113f 92f0402026c765d5c7054b09e20f81c1b86102f61dccd9c3288828a830f09c89
SERVER_HANDSHAKE_TRAFFIC_SECRET 0c60a9e3a3f93bb8f9fb688af3f8da8cbdeb62dafda9acf96839db2cdac9113f 2737d3531bcbb52a774c2be0dfee91c3ea82c4d61d1733817c32dc19e665a903
CLIENT_HANDSHAKE_TRAFFIC_SECRET 0fc9287454dd18c40d9a0afd2164beddb98513b56837f0e588b39bbeef0e2de9 45e5e8fd5e74e063030d22a73b1b0e170ae7a6c060797a4e80e87bc12fa163be
SERVER_HANDSHAKE_TRAFFIC_SECRET 0fc9287454dd18c40d9a0afd2164beddb98513b56837f0e588b39bbeef0e2de9 20d5ba46dbf8c9702c9b83c0f8a5c5837f29c4bd53f5d280568e96c1e6d1d34b
CLIENT_TRAFFIC_SECRET_0 0c60a9e3a3f93bb8f9fb688af3f8da8cbdeb62dafda9acf96839db2cdac9113f 330195376e3ff29e24e6cbc37f40a7cab4a3b84ef49181844aa2325705282290
SERVER_TRAFFIC_SECRET_0 0c60a9e3a3f93bb8f9fb688af3f8da8cbdeb62dafda9acf96839db2cdac9113f 296f802a2abfbe1bf70f15ae0b0ea38ccfd758d5ea38b2ee3dd009de0d4e856c
EXPORTER_SECRET 0c60a9e3a3f93bb8f9fb688af3f8da8cbdeb62dafda9acf96839db2cdac9113f 8b26c0f4a84d5516a71e73af168b3071b0f2c7b1439548f7d66fc70010fc6de7
CLIENT_TRAFFIC_SECRET_0 0fc9287454dd18c40d9a0afd2164beddb98513b56837f0e588b39bbeef0e2de9 0c3f910e7a2929a6b715e24a4edea29de14baf9c57e83a1007ee5b480a3bbf3f
SERVER_TRAFFIC_SECRET_0 0fc9287454dd18c40d9a0afd2164beddb98513b56837f0e588b39bbeef0e2de9 2d8a682f84a85e2266482e9c5d07bc5a6c22756f31e5e99128b89aa7d84d1984
EXPORTER_SECRET 0fc9287454dd18c40d9a0afd2164beddb98513b56837f0e588b39bbeef0e2de9 c75f49a61db5367c8c55b9c850d879cf01e3cf5b4062db8aaf6a1f5dfb919a86
CLIENT_HANDSHAKE_TRAFFIC_SECRET 04556b0410c959df5e04a3b491a0cced855627d51bce1eb6907568fd3d857644 fb9c3fd01f66c7978ca1e740f4aa9b40f92565fd03e07997aaa2c24349bd515d
SERVER_HANDSHAKE_TRAFFIC_SECRET 04556b0410c959df5e04a3b491a0cced855627d51bce1eb6907568fd3d857644 1b991273a20d2ad338e749a820318594678c5f59a9bd75acf361d7e9d71d4390
CLIENT_TRAFFIC_SECRET_0 04556b0410c959df5e04a3b491a0cced855627d51bce1eb6907568fd3d857644 b45a6e4ee7666260367c633249fb2976481e30a8ef654a32f8a3e52b61016417
SERVER_TRAFFIC_SECRET_0 04556b0410c959df5e04a3b491a0cced855627d51bce1eb6907568fd3d857644 59369de18427fa1db411ad6c72679a1559383bbaa7c7d4cf828676e3c33f88eb
EXPORTER_SECRET 04556b0410c959df5e04a3b491a0cced855627d51bce1eb6907568fd3d857644 4c427695d7e99e7ee915cdc64743fa6b9e2d85fede745860c1d5ec102d5b688e
CLIENT_HANDSHAKE_TRAFFIC_SECRET c5510de70795e07105f0aa562cf1a05b5f4cf4291312427455470690458fa3b9 d3778066c828d61170a3ed5c8259f72eb22062a51a53817f01560aaca138f080
SERVER_HANDSHAKE_TRAFFIC_SECRET c5510de70795e07105f0aa562cf1a05b5f4cf4291312427455470690458fa3b9 f5ded5ff46376c78d045efbc89c62083f12e0e0f4dc056cf797a50aa6eec46b8
CLIENT_TRAFFIC_SECRET_0 c5510de70795e07105f0aa562cf1a05b5f4cf4291312427455470690458fa3b9 4b18d0654ccf2d2c7f57efa4687bc193592f446e2d587de1dabd2937afd9e1cf
SERVER_TRAFFIC_SECRET_0 c5510de70795e07105f0aa562cf1a05b5f4cf4291312427455470690458fa3b9 3643f9bb1b94794e15155f582e8feca8a8d437bf68c2babbcc4cc87920fd91ad
EXPORTER_SECRET c5510de70795e07105f0aa562cf1a05b5f4cf4291312427455470690458fa3b9 4422c5d38a670ad1327a7daf8d3c017988929f4a85892cee6999957b5350a640
CLIENT_HANDSHAKE_TRAFFIC_SECRET 768d65238e57401d6c9d70ad9f6605af3433939d3c9ef532ef00f8c7ac093211 e225cb2088fa2f32b726f213345d627db1b2c72957f52050b840d80fda3381ad
SERVER_HANDSHAKE_TRAFFIC_SECRET 768d65238e57401d6c9d70ad9f6605af3433939d3c9ef532ef00f8c7ac093211 150404d689fc939a91f6ca1a6fb28a100acf1ad62e1950ca388860292d2c7baf
CLIENT_HANDSHAKE_TRAFFIC_SECRET 85969345ee5646dbdf17340d5fc13bd11a4d042ac097a82be88f8e020fd0c17d f9ec8c5aa1862aec36c2ecdd214e482109d6dcb5f2b2683dadcde7c7dbb3fa0f
SERVER_HANDSHAKE_TRAFFIC_SECRET 85969345ee5646dbdf17340d5fc13bd11a4d042ac097a82be88f8e020fd0c17d 9ec8dcb148e2512f5d1b9be57b8db7cfaec7e94fc4cc4b7d5e76bc6c6c52aaaf
CLIENT_TRAFFIC_SECRET_0 768d65238e57401d6c9d70ad9f6605af3433939d3c9ef532ef00f8c7ac093211 3df7b9a8e7e03694d381c2a7c41eaa47032d370bceac7dc3b2a5b59b9cd0336d
SERVER_TRAFFIC_SECRET_0 768d65238e57401d6c9d70ad9f6605af3433939d3c9ef532ef00f8c7ac093211 e788c2e37c5c66b6c7ac40dcd0dc99245ab262a796f0964fdda2e9bc47eaf643
EXPORTER_SECRET 768d65238e57401d6c9d70ad9f6605af3433939d3c9ef532ef00f8c7ac093211 671a742fe00c348ca862d3fab581fbf644dd511df809a9f80be92d4cfcd984ac
CLIENT_TRAFFIC_SECRET_0 85969345ee5646dbdf17340d5fc13bd11a4d042ac097a82be88f8e020fd0c17d dc8af663119708ef7644ab5711bdbff594bfd55bbdfe132e788cae2c2b25ffaf
SERVER_TRAFFIC_SECRET_0 85969345ee5646dbdf17340d5fc13bd11a4d042ac097a82be88f8e020fd0c17d 26fae7bd9720db53ddcb2d4e625faf433894864e1dee1b4556f848409ba6d26f
EXPORTER_SECRET 85969345ee5646dbdf17340d5fc13bd11a4d042ac097a82be88f8e020fd0c17d 5af58e9c768b51f13d96227085cf2dd75d40152ec1b5e22e3dd2519bb4a8ac8d
CLIENT_HANDSHAKE_TRAFFIC_SECRET bda062bb9e6bd1d43b6106eb79d8fa1e1de17010fcebd6d1691c9ab08b6a5a42 d5cd61efdf5e6185d949ce760d604d9322655fb8cc0b71dbc981dafd0033800b
SERVER_HANDSHAKE_TRAFFIC_SECRET bda062bb9e6bd1d43b6106eb79d8fa1e1de17010fcebd6d1691c9ab08b6a5a42 02c0d623724cf90d7aeed540c0c016da33769832fb6168ff1ace73e76aa142d0
CLIENT_TRAFFIC_SECRET_0 bda062bb9e6bd1d43b6106eb79d8fa1e1de17010fcebd6d1691c9ab08b6a5a42 788029df4477027a37fae06543d5b1993cd84b7f2163d6b2ba2a00c63effefd5
SERVER_TRAFFIC_SECRET_0 bda062bb9e6bd1d43b6106eb79d8fa1e1de17010fcebd6d1691c9ab08b6a5a42 0dd8428cf5092ce8b19cf1373de705be8cceddf2e721f55f693d25af9b5bbf67
EXPORTER_SECRET bda062bb9e6bd1d43b6106eb79d8fa1e1de17010fcebd6d1691c9ab08b6a5a42 5dd4c7d24d965ebb07b03bf3eeb2f7ba8eb7348809d81c23abe94dd0bc29fbd0
CLIENT_HANDSHAKE_TRAFFIC_SECRET 1048e9a7ea70004aa227e17fb76ee4987ff0428f8e994303d730f0b462473d11 b957cae117abb77690f7b148e1704b478fd025604c9ed3f992c9a249493cefe1
SERVER_HANDSHAKE_TRAFFIC_SECRET 1048e9a7ea70004aa227e17fb76ee4987ff0428f8e994303d730f0b462473d11 809578049e74dc1c87f06b9fc3a497f2eb730d31edd896a163f0e8bbfc166345
CLIENT_TRAFFIC_SECRET_0 1048e9a7ea70004aa227e17fb76ee4987ff0428f8e994303d730f0b462473d11 1695c29b5fce98b5ed332e1b0c4c4b26e62484f6939ebc39bf81c825c976a741
SERVER_TRAFFIC_SECRET_0 1048e9a7ea70004aa227e17fb76ee4987ff0428f8e994303d730f0b462473d11 431c2e1cd4bc1650b66f2737a9bcbe771f26d0359883b5e20bfaa66627f93a25
EXPORTER_SECRET 1048e9a7ea70004aa227e17fb76ee4987ff0428f8e994303d730f0b462473d11 6ff5eecdc9230b501c008e340188f1514f5225052acc1c2daabeb78a86bea98e
