CLIENT_RANDOM 4f1aae14eed6bc1e24a367561f2a55600574b4e985377e269d2028fd7b959821 52396828ce0c414b924f9c5223aa69f83637bd68755fb4233de6736e6f9723002f781e1b80f8fa7cc6eec219eb373210
CLIENT_RANDOM c823b028f003b78e790fb21d8cbfb566c9aacb3453dc28aade98b66f8e60b943 52396828ce0c414b924f9c5223aa69f83637bd68755fb4233de6736e6f9723002f781e1b80f8fa7cc6eec219eb373210
CLIENT_RANDOM 3db834e065e8e69e7d520292505b7555ae83c32561e4b4453ee9ce0cd461e4f0 52396828ce0c414b924f9c5223aa69f83637bd68755fb4233de6736e6f9723002f781e1b80f8fa7cc6eec219eb373210
CLIENT_RANDOM b1f4e78d889c28ee8f0b413b570a3f6d1a6403cdb9596aed39edb527a3b1e6b1 52396828ce0c414b924f9c5223aa69f83637bd68755fb4233de6736e6f9723002f781e1b80f8fa7cc6eec219eb373210
CLIENT_RANDOM fc115ca7eaece02b8088c9c2511dc9920c04961d8ed33f11990fc9e6d065e1cc 52396828ce0c414b924f9c5223aa69f83637bd68755fb4233de6736e6f9723002f781e1b80f8fa7cc6eec219eb373210
CLIENT_RANDOM b9c965a1e83e464911223a7584562f5d15898160cf1b6e016615037f7ff2f3f5 52396828ce0c414b924f9c5223aa69f83637bd68755fb4233de6736e6f9723002f781e1b80f8fa7cc6eec219eb373210
CLIENT_HANDSHAKE_TRAFFIC_SECRET a3e5748b389bd370bd3995e94a4aee0a6513c7f6ca9cbbe02415e56d2245b091 8071090e375de7baeae2137abb96f04a69a488382cef60d78d02039a0395e1a3
SERVER_HANDSHAKE_TRAFFIC_SECRET a3e5748b389bd370bd3995e94a4aee0a6513c7f6ca9cbbe02415e56d2245b091 3d7a63a88975710d68eb407caafb6edd44a943dfe89521d9ce4084f4dc43ebda
CLIENT_HANDSHAKE_TRAFFIC_SECRET ed490295440b9ce4a761c6aaa53a3a437f581a0a3398dfa505e4b95488f68b97 4e6b51327a5153dbd416dad5ffd1a3c47127eb91f40d276b5bd1416340571fb3
SERVER_HANDSHAKE_TRAFFIC_SECRET ed490295440b9ce4a761c6aaa53a3a437f581a0a3398dfa505e4b95488f68b97 1775d8d8b9a9a6520795b9c2557fba6173478337a71b8207d870c00753281db3
CLIENT_TRAFFIC_SECRET_0 a3e5748b389bd370bd3995e94a4aee0a6513c7f6ca9cbbe02415e56d2245b091 799159ac0b1c6171e2416677c0effe81267cbe2375b94eff7a6843b6aaeeb0a4
SERVER_TRAFFIC_SECRET_0 a3e5748b389bd370bd3995e94a4aee0a6513c7f6ca9cbbe02415e56d2245b091 57863bbb26d4082b2126f7cd921c41bff931245eb4a47e1f666fd71ff65ab259
EXPORTER_SECRET a3e5748b389bd370bd3995e94a4aee0a6513c7f6ca9cbbe02415e56d2245b091 f2fe7f6565b4ee0d8d1a61610c06e648562b68b175654d7286f9e39ee1d1e1de
CLIENT_TRAFFIC_SECRET_0 ed490295440b9ce4a761c6aaa53a3a437f581a0a3398dfa505e4b95488f68b97 8203ceb835404a45a0baeb1f31766261e1859c5aba889326f0cc9c1a86b847c7
SERVER_TRAFFIC_SECRET_0 ed490295440b9ce4a761c6aaa53a3a437f581a0a3398dfa505e4b95488f68b97 b8a4d643dca0c778625105919ca09fe3314a6d47006ab8b7e877dde8fdc6f7f8
EXPORTER_SECRET ed490295440b9ce4a761c6aaa53a3a437f581a0a3398dfa505e4b95488f68b97 7ebcdb87b48fc028d2399ad3cdc093892e312c62c7499c28cf8d53a9bfe642a6
CLIENT_HANDSHAKE_TRAFFIC_SECRET 1e1453b96751917300de73e67d448473800a477933287ae0341fee602841c65d f97a6a4ed3db91ea9bd8bee817011b5c4f9732588fca7b0196bb1805cc2d74e2
SERVER_HANDSHAKE_TRAFFIC_SECRET 1e1453b96751917300de73e67d448473800a477933287ae0341fee602841c65d 8597c0cfdc64412a6b6dd6a61bfe91890708d3c4fb25546e6d6037e3b5782a4b
CLIENT_TRAFFIC_SECRET_0 1e1453b96751917300de73e67d448473800a477933287ae0341fee602841c65d 0a888a2f6b37d652feae9280004f05a938649105fd5c7a3e35710274823c1fe9
SERVER_TRAFFIC_SECRET_0 1e1453b96751917300de73e67d448473800a477933287ae0341fee602841c65d fb7376be40652150c91ad1902c78ebc816e87717e23141d21a438ebdc8581bae
EXPORTER_SECRET 1e1453b96751917300de73e67d448473800a477933287ae0341fee602841c65d 825eef262a4dc14a30d8aa6593def594e3412adf8bc71e615598aefc8f134d47
CLIENT_HANDSHAKE_TRAFFIC_SECRET 4416d10a4eb5c0f8b9cd94a06526a15ef89e21eb59e0cc523f75bf7d30c2b12a 75e4de459e36c4cd0cc1c37a0de4fcd35559c6eae3e54f4dc304bccaff59682e
SERVER_HANDSHAKE_TRAFFIC_SECRET 4416d10a4eb5c0f8b9cd94a06526a15ef89e21eb59e0cc523f75bf7d30c2b12a 69b8fb058acf3355202f35f5f884eba8e688d20cd063e07daecb717abdb9eb7e
CLIENT_TRAFFIC_SECRET_0 4416d10a4eb5c0f8b9cd94a06526a15ef89e21eb59e0cc523f75bf7d30c2b12a ec4aa588373af6cd79b92b40153ecdade278fe785242e9280df6da52d0350b34
SERVER_TRAFFIC_SECRET_0 4416d10a4eb5c0f8b9cd94a06526a15ef89e21eb59e0cc523f75bf7d30c2b12a 13f8f0b783409c552e3f11197dfbd298d7ec2db0245e3349f8d50dc218661788
EXPORTER_SECRET 4416d10a4eb5c0f8b9cd94a06526a15ef89e21eb59e0cc523f75bf7d30c2b12a dbd7d0b8159e69a9be61531755c890e253ed41a2200459dedb78040d45547988
CLIENT_HANDSHAKE_TRAFFIC_SECRET e7a2a1fbd921dcbdb98e353886720424aef04afa41ee6a933723ee6ccc809146 076bde713f956cc28589b11f0e830665390bfb93f06f1d85f524a705f72a08dd
SERVER_HANDSHAKE_TRAFFIC_SECRET e7a2a1fbd921dcbdb98e353886720424aef04afa41ee6a933723ee6ccc809146 e1d5b5d477f0b20a26069d4acfdc04b9aadfc48efe8df4a8558073def8627561
CLIENT_HANDSHAKE_TRAFFIC_SECRET 3ee17a6b176227f563bbe7928a4e2236bf6ad9ca8ccc416fcd76ec0ffea473a6 788d4ab6f630eecedc32646e8b68567b713fae7db97ac5e5d66f4c88a7f93201
SERVER_HANDSHAKE_TRAFFIC_SECRET 3ee17a6b176227f563bbe7928a4e2236bf6ad9ca8ccc416fcd76ec0ffea473a6 0198f60b6760d07f7ccce2a63af81a723a5a3a30425872ddfee9151b5db0da78
CLIENT_TRAFFIC_SECRET_0 e7a2a1fbd921dcbdb98e353886720424aef04afa41ee6a933723ee6ccc809146 bd9c8c0a0d80bd100fcc6821ff91f0ac90625b92d43117a8bd7cfa14dab9dbe2
SERVER_TRAFFIC_SECRET_0 e7a2a1fbd921dcbdb98e353886720424aef04afa41ee6a933723ee6ccc809146 ad764dfc16cf12ac94c28dd80ab1b6c08394dc0d72d328aa7c786490fd96b799
EXPORTER_SECRET e7a2a1fbd921dcbdb98e353886720424aef04afa41ee6a933723ee6ccc809146 85c28a7ff7d433b5f695113ddeddd80b8355381724c671954ee97ccdd70db0f6
CLIENT_TRAFFIC_SECRET_0 3ee17a6b176227f563bbe7928a4e2236bf6ad9ca8ccc416fcd76ec0ffea473a6 525f6d55e2d428c462bc6fd92a9a411059de8f443cdd905b82e3bcaaaf6d8894
SERVER_TRAFFIC_SECRET_0 3ee17a6b176227f563bbe7928a4e2236bf6ad9ca8ccc416fcd76ec0ffea473a6 21bef4f99e3eebc67a8e2b5cd1012e00bed917d1a678a195c0d06b8a7fb23386
EXPORTER_SECRET 3ee17a6b176227f563bbe7928a4e2236bf6ad9ca8ccc416fcd76ec0ffea473a6 4cf6a2fc79882bbbf07143fe071379af57ec9797976292a465df4df3c6678d4c
CLIENT_RANDOM 85dc3dd7ba1a3da92bf64202c885d84ab9383abb40160cb81032db0d7f4e829f a24f0632fb463dbea16749d779636317fc96b2abbfbf5617ed9fe326c3cb6e206e2e1d17b6e39d90ccc7484b6074bacf
CLIENT_HANDSHAKE_TRAFFIC_SECRET a7876e9649f2f2a5fff6cfa306fb72adaf71b7e8c5a02a8095553b9a62cde657 b12a3c5cc156768acaa5efb54fbfd4b1761d1bb5d34e8232260dc879b8b85e8f
SERVER_HANDSHAKE_TRAFFIC_SECRET a7876e9649f2f2a5fff6cfa306fb72adaf71b7e8c5a02a8095553b9a62cde657 2e57f4fef2cfe8b8f2118bea46b0f19815d0f63f98ceafe895d592f6a175323a
CLIENT_TRAFFIC_SECRET_0 a7876e9649f2f2a5fff6cfa306fb72adaf71b7e8c5a02a8095553b9a62cde657 b5486f4295440059a2559381f4184c905a1e2b67f06f9556b6e8dd44fdfa35c4
SERVER_TRAFFIC_SECRET_0 a7876e9649f2f2a5fff6cfa306fb72adaf71b7e8c5a02a8095553b9a62cde657 7165b0e8c14d757ad044fee67914ead9833efa13818afeeebb27a9061d4c6351
EXPORTER_SECRET a7876e9649f2f2a5fff6cfa306fb72adaf71b7e8c5a02a8095553b9a62cde657 8bbce77b42d0c61f37b4ffb1cf91cb1d3406f834fe9fa64e3518e16067c6b253
CLIENT_HANDSHAKE_TRAFFIC_SECRET 88afb4bfc8ad0137e0ed3b315b2f60c18f055fa2d146a0c1444ae479f585f1a4 80223919f5417b490e5a7bb67bbf5b105a804205cfc4d49f5969dd74094a8994
SERVER_HANDSHAKE_TRAFFIC_SECRET 88afb4bfc8ad0137e0ed3b315b2f60c18f055fa2d146a0c1444ae479f585f1a4 eff63e65f41cd5668ef9cce76c35e2cc8dfc5ff77a339d127aab2aa584ef851b
CLIENT_TRAFFIC_SECRET_0 88afb4bfc8ad0137e0ed3b315b2f60c18f055fa2d146a0c1444ae479f585f1a4 6284b627d4b1ced0040aa34cabf85eb515aa2b1434d4b230b4eb58e237f68249
SERVER_TRAFFIC_SECRET_0 88afb4bfc8ad0137e0ed3b315b2f60c18f055fa2d146a0c1444ae479f585f1a4 8c9155c9a89b9be27a22d4c9322c9ba40f15182b211ea7e81aad06c94ed4a3c0
EXPORTER_SECRET 88afb4bfc8ad0137e0ed3b315b2f60c18f055fa2d146a0c1444ae479f585f1a4 d01f5a6eab04c2cf702d75ef7eb5adf97e9533a09d22870bc0f7f6993554d597
CLIENT_HANDSHAKE_TRAFFIC_SECRET c4da72ca261e012938ec93f8138c1b07d9b3b4a8e19efa435c662723694884a7 2056cdde5d6707dbe60383961a85667b72ee1040d9a5c760faec0afc0b765ab5
SERVER_HANDSHAKE_TRAFFIC_SECRET c4da72ca261e012938ec93f8138c1b07d9b3b4a8e19efa435c662723694884a7 6cec132b7d2ccf69e2306eefa22443a4f88aacbb04c62d519649050d735a9cf4
CLIENT_TRAFFIC_SECRET_0 c4da72ca261e012938ec93f8138c1b07d9b3b4a8e19efa435c662723694884a7 3c1573f1774c97e04bbca93e17b40ecaad5c3f87a61b5ad65b82af9679d54386
SERVER_TRAFFIC_SECRET_0 c4da72ca261e012938ec93f8138c1b07d9b3b4a8e19efa435c662723694884a7 200e68e69c88d8e846759ed240817659c8fd349a706b0397773e58408ae9bea8
EXPORTER_SECRET c4da72ca261e012938ec93f8138c1b07d9b3b4a8e19efa435c662723694884a7 ce7f0317d560253d38db880288678c350869a04e0068fb388ba5ed774e3a6c1f
CLIENT_HANDSHAKE_TRAFFIC_SECRET 8807227fca58b41f07dcfac61c01bbfb26ba1a0805a54e529f6c2c4a0a41320f 36c9c5dc4c8e4f5fb815c332e5fb999b714fca96f794b7ec88a7a1b1eda1a2a8
SERVER_HANDSHAKE_TRAFFIC_SECRET 8807227fca58b41f07dcfac61c01bbfb26ba1a0805a54e529f6c2c4a0a41320f 6c171abbd713a0431e43cfa4469753f257171f5f71eaa5bd6c52b7c18e13f624
CLIENT_TRAFFIC_SECRET_0 8807227fca58b41f07dcfac61c01bbfb26ba1a0805a54e529f6c2c4a0a41320f 2fea701a86bb242edfd83f3ee609b0bc0233113a267558b12d47dce39b4416eb
SERVER_TRAFFIC_SECRET_0 8807227fca58b41f07dcfac61c01bbfb26ba1a0805a54e529f6c2c4a0a41320f 8a3b8feeec3f5ebc319c468fb6de3c36f5215aa619fb8db0a0974720fc5b708d
EXPORTER_SECRET 8807227fca58b41f07dcfac61c01bbfb26ba1a0805a54e529f6c2c4a0a41320f b8f5c3973df020d926996948db03159292e0a63813d3b4f90b799e8c500715b6
CLIENT_HANDSHAKE_TRAFFIC_SECRET 63303eace8b32a01d7e71d97a21048273bbf16d6a3448fc0db0a3c04a82500bb 610b57f6ea600fc231a0b9d66adc316b80cd3c43579e9ff74485595a3153556e
SERVER_HANDSHAKE_TRAFFIC_SECRET 63303eace8b32a01d7e71d97a21048273bbf16d6a3448fc0db0a3c04a82500bb ed9e7b9749081f101ad3c3677ab2d6f5617ee38de2478b35c776cf771ceea99f
CLIENT_TRAFFIC_SECRET_0 63303eace8b32a01d7e71d97a21048273bbf16d6a3448fc0db0a3c04a82500bb e2377b7e99a1141cabcb22728765da28818247bd80ecef3ff9bc76c76dedd9a4
SERVER_TRAFFIC_SECRET_0 63303eace8b32a01d7e71d97a21048273bbf16d6a3448fc0db0a3c04a82500bb 5375f7095a9d237cd6e0b476dcb126d94752e51c5aacab2bb34406f7db49bb0f
EXPORTER_SECRET 63303eace8b32a01d7e71d97a21048273bbf16d6a3448fc0db0a3c04a82500bb 92bf22b4e45997376ec30e38d6c6115494b1ec0a22f6062c063745d0db776633
CLIENT_RANDOM be8f6ce306006857334fa24d0b45e30e41140b7f3f4283ad747b1c20be4207a8 0d4faf44e715699b1fdaf52e3c8257ea1b5459c032ff8e735df2a7f2fc42fa70671eb57b14a935f5ce0611b1b2e84a25
CLIENT_HANDSHAKE_TRAFFIC_SECRET 1ad7199ffc463d9fd040a7530fd9004940ae834967192d70d6d6da8c12a8a1db de79543da661b533c50652fea010dfbcaa049ec2b04cdae96c9e44b2ec9f3dc9
SERVER_HANDSHAKE_TRAFFIC_SECRET 1ad7199ffc463d9fd040a7530fd9004940ae834967192d70d6d6da8c12a8a1db 38df0214a7f2c69b7ef44c42962d68a538f39c8ab296090cb2f78b6be8f3d3f6
CLIENT_HANDSHAKE_TRAFFIC_SECRET 115e092a8d633551e5b3eae9616eb2dddd9a626403fed187b0aca2cb022cdb31 a64eba4f2e3a987ff970a6333222a3497475fdd373a3a340013abf75abd814d3
SERVER_HANDSHAKE_TRAFFIC_SECRET 115e092a8d633551e5b3eae9616eb2dddd9a626403fed187b0aca2cb022cdb31 476d27043dc78e7a1fb0aeacc2a2e038530dfacb7a5114bfa11a095482c8fef6
CLIENT_TRAFFIC_SECRET_0 1ad7199ffc463d9fd040a7530fd9004940ae834967192d70d6d6da8c12a8a1db 0368d343534b962675515ae8c3bd55278a0c8d0ee37355ed8779a70dc6fa1416
SERVER_TRAFFIC_SECRET_0 1ad7199ffc463d9fd040a7530fd9004940ae834967192d70d6d6da8c12a8a1db f536fc944d8575290503edf771bb89dc51f5840f98ac0b16ab8bb00372cf7c86
EXPORTER_SECRET 1ad7199ffc463d9fd040a7530fd9004940ae834967192d70d6d6da8c12a8a1db 495468d3a378e28a3bad5af8f97dc72c998370d54e044b4a41e83bb52ae59df5
CLIENT_TRAFFIC_SECRET_0 115e092a8d633551e5b3eae9616eb2dddd9a626403fed187b0aca2cb022cdb31 69f868629fe70211f1c49c443edabb26e0d7b9601b20bd205a7b4644b594c966
SERVER_TRAFFIC_SECRET_0 115e092a8d633551e5b3eae9616eb2dddd9a626403fed187b0aca2cb022cdb31 9b3af28129084539fa75b0f0bdd3d8f4747883bd921a459a8351c003c270649a
EXPORTER_SECRET 115e092a8d633551e5b3eae9616eb2dddd9a626403fed187b0aca2cb022cdb31 3552a3db98c33b620f9cf4ebdb69fa6c790dda11f0166668a703e69981d659d2
CLIENT_HANDSHAKE_TRAFFIC_SECRET 4a1313509039dbc11a30f90b75a2d57899849811568ca47ee9b3b258cd54b3db 23123d1a46f60a42a508d61eb0d3445b2cc06d56647bce85c6cd6496093ba455
SERVER_HANDSHAKE_TRAFFIC_SECRET 4a1313509039dbc11a30f90b75a2d57899849811568ca47ee9b3b258cd54b3db 7bb3aea4daef0a1327f925233277af2874b7097cbeb66d48a037c4dada1611fc
CLIENT_TRAFFIC_SECRET_0 4a1313509039dbc11a30f90b75a2d57899849811568ca47ee9b3b258cd54b3db a0084bf8ae5dd2a5014482929f32a2f0aac0a36f29187b5c5560f5e9c6f78fa5
SERVER_TRAFFIC_SECRET_0 4a1313509039dbc11a30f90b75a2d57899849811568ca47ee9b3b258cd54b3db 1170332de741a0e13a0aa8d6213c60297c72432c4e6c8bdb1b2d88cb15831e6e
EXPORTER_SECRET 4a1313509039dbc11a30f90b75a2d57899849811568ca47ee9b3b258cd54b3db 0a5f907e8255504bbff32ea36fa5a135bb8594adc905419460c65429453bebe9
