CLIENT_HANDSHAKE_TRAFFIC_SECRET 6787511aa5a69fffa0b8553c56155a0a470652d351239a4f69e4ab74d529133a 06776cbdf28b47fc26094ee2e4bc7b3b095d2d3673924945a0f3a4da597fb006
SERVER_HANDSHAKE_TRAFFIC_SECRET 6787511aa5a69fffa0b8553c56155a0a470652d351239a4f69e4ab74d529133a 8a01d20c70a3e110f473403bf89c2f7c23c53974258e6ae492e7e9daee2590ba
CLIENT_TRAFFIC_SECRET_0 6787511aa5a69fffa0b8553c56155a0a470652d351239a4f69e4ab74d529133a 479cead36c92a6d5eeb17391b07696af0d61052a6a9062ad2b2d952bb58c8107
SERVER_TRAFFIC_SECRET_0 6787511aa5a69fffa0b8553c56155a0a470652d351239a4f69e4ab74d529133a 09788ca6b029193a5b167c9d21ff01e8d4de85a42ff99a091f564dad785a044c
EXPORTER_SECRET 6787511aa5a69fffa0b8553c56155a0a470652d351239a4f69e4ab74d529133a ce02c838b33b53a4529924e750e8a20ef19811784fe9814ec93f9223949c2007
CLIENT_HANDSHAKE_TRAFFIC_SECRET 1c2d25aac5ffda6a0d4c52f4395c16353cb905daa1ed5c36cfd82cc45631c295 af64a079d87c2c00be87c0e371cc5cfb2b22706342664f377bf72dd522f7226b
SERVER_HANDSHAKE_TRAFFIC_SECRET 1c2d25aac5ffda6a0d4c52f4395c16353cb905daa1ed5c36cfd82cc45631c295 1a6e6b700b1b89403e99c40dd6a0ac78bf0efbb3fd9bad3bfb49fc7834b33a23
CLIENT_TRAFFIC_SECRET_0 1c2d25aac5ffda6a0d4c52f4395c16353cb905daa1ed5c36cfd82cc45631c295 a1b9b161a860f2c2895ccec82aa2eb07d4368a2e68de10cccd6a2278044c0001
SERVER_TRAFFIC_SECRET_0 1c2d25aac5ffda6a0d4c52f4395c16353cb905daa1ed5c36cfd82cc45631c295 ffeb95700ba755a1a6edf4d89907d2ed9dfba8250483d322c1b5aa98052e8cd0
EXPORTER_SECRET 1c2d25aac5ffda6a0d4c52f4395c16353cb905daa1ed5c36cfd82cc45631c295 fe2ba78210389dacb51d5298b928b669af0690d3116f004701d7d080a1ab3a17
CLIENT_HANDSHAKE_TRAFFIC_SECRET be6433eebb53b42c434fa88f5a82a77a2678974f2370b1b406559fede87e1b5b fd0e51c2e275f1b0e3a147e312a4db32fc765113e1bc1e43ab2e6be7226f2226
SERVER_HANDSHAKE_TRAFFIC_SECRET be6433eebb53b42c434fa88f5a82a77a2678974f2370b1b406559fede87e1b5b f31a89b603840e0858113d7951a93315a77b09ff33f11ef406795f26cf93d0de
CLIENT_TRAFFIC_SECRET_0 be6433eebb53b42c434fa88f5a82a77a2678974f2370b1b406559fede87e1b5b a147fdc552ae13da432add01099fa58e71c4996b2ef6528aa359bbdf96b781a4
SERVER_TRAFFIC_SECRET_0 be6433eebb53b42c434fa88f5a82a77a2678974f2370b1b406559fede87e1b5b bece2787f693aa5a13dfd4c84d2d9a482f224b84f34be8b27523b22f650dc0e1
EXPORTER_SECRET be6433eebb53b42c434fa88f5a82a77a2678974f2370b1b406559fede87e1b5b 430e3389763b2aa806681cf5210b8b015b2749851973335c04c17de21a7c89f1
CLIENT_HANDSHAKE_TRAFFIC_SECRET ea97f7a237d2eae733b82b52c7657010bfb461bda55165e40b53c77a9c8ffb01 70020226db45b4191d339867299403bb76c015e61c58f59147f9b120e87b40a7
SERVER_HANDSHAKE_TRAFFIC_SECRET ea97f7a237d2eae733b82b52c7657010bfb461bda55165e40b53c77a9c8ffb01 5178e7ec0955cac081096ca778950f7ed21b2ea3ed9db0744edb102c1a2711d3
CLIENT_TRAFFIC_SECRET_0 ea97f7a237d2eae733b82b52c7657010bfb461bda55165e40b53c77a9c8ffb01 d21befe19dc6ede95aa30f619eb3971a38c40f5920dded25983796d94cccdab2
SERVER_TRAFFIC_SECRET_0 ea97f7a237d2eae733b82b52c7657010bfb461bda55165e40b53c77a9c8ffb01 ac232e5b744d071c73d07cd1e21ab7d697a46aecbdcb29da9d13ab2e022f2f4c
EXPORTER_SECRET ea97f7a237d2eae733b82b52c7657010bfb461bda55165e40b53c77a9c8ffb01 eeea373b929c272851f38b4db49c9c6fb0d571988a454e3ecb0ed788efcf1e07
CLIENT_HANDSHAKE_TRAFFIC_SECRET fd85a525e1c00f9ce6d8b1afbe537fb30e9c4b6350d10ba7c2e4132269e7a295 a871ffae03df662b03293bf4df3d03efe1544550be4cd86dc26163b7935be85b
SERVER_HANDSHAKE_TRAFFIC_SECRET fd85a525e1c00f9ce6d8b1afbe537fb30e9c4b6350d10ba7c2e4132269e7a295 2f3cca36e7554e79895060051f560a0defea040af0baca32d993c88a5bc7b5d0
CLIENT_TRAFFIC_SECRET_0 fd85a525e1c00f9ce6d8b1afbe537fb30e9c4b6350d10ba7c2e4132269e7a295 3eb851fc79c011a5a9d14f70bb1d0b88f083bd39c2929d2df414740527bdb261
SERVER_TRAFFIC_SECRET_0 fd85a525e1c00f9ce6d8b1afbe537fb30e9c4b6350d10ba7c2e4132269e7a295 f060b13dfb57a70960cd0d60116df38f2416eef8405d784bfcf14c8584db4f1c
EXPORTER_SECRET fd85a525e1c00f9ce6d8b1afbe537fb30e9c4b6350d10ba7c2e4132269e7a295 7cf0e9c1a987f9abeec1360dc06e2630df833195f5c24579f5d649fad15eef02
CLIENT_HANDSHAKE_TRAFFIC_SECRET 523dc3640a85601087bfc7201b0c8e0e913f73487ff754d327b93bfea97acaae 62a6caafb792b0968ac73f9f623e61c87f10b6e4467a89e62b084767ca33d9a8
SERVER_HANDSHAKE_TRAFFIC_SECRET 523dc3640a85601087bfc7201b0c8e0e913f73487ff754d327b93bfea97acaae 489bb77cefd4603234f085c094a89feb2f2e33a5b6d55ed4b84c5d4bf6af5b56
CLIENT_TRAFFIC_SECRET_0 523dc3640a85601087bfc7201b0c8e0e913f73487ff754d327b93bfea97acaae 71dc93a6499cc58a04aec668c1a77bfb04246a3f9c06d12ba09728ed2a763f69
SERVER_TRAFFIC_SECRET_0 523dc3640a85601087bfc7201b0c8e0e913f73487ff754d327b93bfea97acaae 7da2a87174b946e06b6c64c958f6343bf7dfcacb850c0e6c74d5b04509550889
EXPORTER_SECRET 523dc3640a85601087bfc7201b0c8e0e913f73487ff754d327b93bfea97acaae 18a068f2d804cc1e34ea92f87909f234ef432f93db2058dce1132ef5594f71d8
CLIENT_HANDSHAKE_TRAFFIC_SECRET b987623c4e27f0c01816252b035d9b5bee3a8ec1d454392ef2eacb280f1a6b18 6fdc0596a85c61eb66375f65d26c5dc478928f854f3e559dea09804da1bb916d
SERVER_HANDSHAKE_TRAFFIC_SECRET b987623c4e27f0c01816252b035d9b5bee3a8ec1d454392ef2eacb280f1a6b18 e318b2e82e431d0d46391841d17f30d64f21e01184417de3807f4c767df6c724
CLIENT_TRAFFIC_SECRET_0 b987623c4e27f0c01816252b035d9b5bee3a8ec1d454392ef2eacb280f1a6b18 b020bd1f2f64a5e590c4525a7bd993a40a41c7a6912f328f8b89a0df1e01dd92
SERVER_TRAFFIC_SECRET_0 b987623c4e27f0c01816252b035d9b5bee3a8ec1d454392ef2eacb280f1a6b18 34158930688904d4eb903f00a25acbf4c44f6866e486e3bcf6940932504abd99
EXPORTER_SECRET b987623c4e27f0c01816252b035d9b5bee3a8ec1d454392ef2eacb280f1a6b18 6f71dc74a3badeef9ee1f7efa6038deba446836b6919dd7d4bd0f5c9d19d4734
CLIENT_RANDOM 69af9026150c47c7c9f4b1ff100a76fd07e49cb545983fb55e316cec5c9916bb 89b27338fbe0058334de1130d5b151552446bb878855d6cebaae0d965633ac8908a15d16c06eaf883e90983dda6ffd09
CLIENT_HANDSHAKE_TRAFFIC_SECRET c24df6ee7a45f4e914947db16565c317bb7a79f059b4e99276999689698005c4 03c27e70e9a1cbf9306c60c0d6a340e1b21563b1c26fed1e01d26723dea290bbec23e16c1b3ac0b9a86eb7f60e84722d
SERVER_HANDSHAKE_TRAFFIC_SECRET c24df6ee7a45f4e914947db16565c317bb7a79f059b4e99276999689698005c4 c209ab3762cf7be4d10c839ba58447fa2d650baeca16370c7be0fe1fb65caa083a4906f7292e22c179693d1eaf19b2ce
CLIENT_TRAFFIC_SECRET_0 c24df6ee7a45f4e914947db16565c317bb7a79f059b4e99276999689698005c4 0a0aa2a834801c18ba49a570bf19824aa3a96bb9fecfb83edf9169ab849801eb90f3cc68bf33ce4cc0d282ab75bcf769
SERVER_TRAFFIC_SECRET_0 c24df6ee7a45f4e914947db16565c317bb7a79f059b4e99276999689698005c4 f49c88c293bf0954fefab3e6d0eee484d0722dda8a3c16a7ea53d768da0b2ff372fb1f78abf523f91ce5dac9a03d18b4
EXPORTER_SECRET c24df6ee7a45f4e914947db16565c317bb7a79f059b4e99276999689698005c4 388706423642b3278cec1ca46ab49150fedd9c74a8b86cd03236ce56cd42542eeb8aa5b3929a5e76156039fda8054f7a
CLIENT_HANDSHAKE_TRAFFIC_SECRET 78392f941566e88cc4f083d2d2b760b02019ff0c4ef88a30caa44c8ba963465b 044c88ccdb08d97ec2a8fde981ef95fd24074dff8bb1446306ef82178523f9d3
SERVER_HANDSHAKE_TRAFFIC_SECRET 78392f941566e88cc4f083d2d2b760b02019ff0c4ef88a30caa44c8ba963465b b8862085f46cad339110f9d43174ed9208f5b70d4179996c674600c5695aaad6
CLIENT_TRAFFIC_SECRET_0 78392f941566e88cc4f083d2d2b760b02019ff0c4ef88a30caa44c8ba963465b e9971b1fa35c32f2a777eb7c8b9853359203527d32916d9a888ab34910c60666
SERVER_TRAFFIC_SECRET_0 78392f941566e88cc4f083d2d2b760b02019ff0c4ef88a30caa44c8ba963465b e1d250da8d19bd8a42e9f64febd2db75cd500a202b42a0a8827cd3b324d6f920
EXPORTER_SECRET 78392f941566e88cc4f083d2d2b760b02019ff0c4ef88a30caa44c8ba963465b 44acca866316feb69f957fec12a24fe6323c8c00673bf9cd88f338dd6923f58e
CLIENT_HANDSHAKE_TRAFFIC_SECRET ebddac555dcee0c054f9e422b5d0a6b5378b471e39382d94c33e0aebbe30fac2 dbe4ada93f60582401bb1140f59cc3aef88d5a2791342aaae1e46411ba199973
SERVER_HANDSHAKE_TRAFFIC_SECRET ebddac555dcee0c054f9e422b5d0a6b5378b471e39382d94c33e0aebbe30fac2 b571130f27bf4c2a965d1554cf636979a9f32902cd0fa2d3c6338f20b5ddef0c
CLIENT_TRAFFIC_SECRET_0 ebddac555dcee0c054f9e422b5d0a6b5378b471e39382d94c33e0aebbe30fac2 c332d82bd85108f7a12ef4528f31874b51851f05d48b9de56c7c934e47634d2f
SERVER_TRAFFIC_SECRET_0 ebddac555dcee0c054f9e422b5d0a6b5378b471e39382d94c33e0aebbe30fac2 ac558d4074cfe62ace56e17e3e866e8ca4cdcc0dd0e160f075d35b26dffadb4d
EXPORTER_SECRET ebddac555dcee0c054f9e422b5d0a6b5378b471e39382d94c33e0aebbe30fac2 094e600752c2211fdb68b3ff0f22d6d5f9df5fbf17b886788c489be296eae7a5
CLIENT_HANDSHAKE_TRAFFIC_SECRET cd9ae7860c8ec4fbcd9a409cc9626eb28c0370e0b870c3f4a95df4565b0a086f 734464e61e9943153434dc34a6c0276ed733de3ebd218962a1d181bb02f976c7
SERVER_HANDSHAKE_TRAFFIC_SECRET cd9ae7860c8ec4fbcd9a409cc9626eb28c0370e0b870c3f4a95df4565b0a086f 164f3ad81cd6004aa769f2e8b7969ec2ced7eba682afbd328be2ec3eee018988
CLIENT_TRAFFIC_SECRET_0 cd9ae7860c8ec4fbcd9a409cc9626eb28c0370e0b870c3f4a95df4565b0a086f 9b0da8aaf130fb0f0165b13df9e6056e78eb6ffc1429accf8bb7c32fca9dfb35
SERVER_TRAFFIC_SECRET_0 cd9ae7860c8ec4fbcd9a409cc9626eb28c0370e0b870c3f4a95df4565b0a086f ea737df6efd0eb1f3848eb4654c1e0be261033e94cc9c4b4b08706faf4b2adf2
EXPORTER_SECRET cd9ae7860c8ec4fbcd9a409cc9626eb28c0370e0b870c3f4a95df4565b0a086f a0e6c93f6df49dea82a76b508a1bf4b6897673b388c2de0c60e99ca3fc26a532
