CLIENT_HANDSHAKE_TRAFFIC_SECRET e641badd72a286b569898fc8020ebe75f4e5e3b6d5292f7407df5ccb9c861ad9 5bb811cb690b86195bd872eb0416b56a9036aec71cb0f465b29783d7f2a5558b
SERVER_HANDSHAKE_TRAFFIC_SECRET e641badd72a286b569898fc8020ebe75f4e5e3b6d5292f7407df5ccb9c861ad9 1120ec89ae242009ed5fef434883b765cccddf49b7ac4bc729af9cd1921c6928
CLIENT_TRAFFIC_SECRET_0 e641badd72a286b569898fc8020ebe75f4e5e3b6d5292f7407df5ccb9c861ad9 bf36c80b7940699c06ea62db35e090e5b9791110471d779a80094aa7328a5e8c
SERVER_TRAFFIC_SECRET_0 e641badd72a286b569898fc8020ebe75f4e5e3b6d5292f7407df5ccb9c861ad9 e93b939bb6d5c442299e8ad6c1d9713dcf1594749a75839ad0f28444747a0f15
EXPORTER_SECRET e641badd72a286b569898fc8020ebe75f4e5e3b6d5292f7407df5ccb9c861ad9 255b0b5dde08a4d9b228c7827cf83dd1edf1da12a04acaad42ebf9f2c4437abc
CLIENT_HANDSHAKE_TRAFFIC_SECRET 7d0992f9132b1943d7882a55fa33cdc08c247b9fae3c278031a3e033614a8f14 0a30902eb5ea100a7d14af9c86a72de17582ee7f24b7fbc67726a4571f721b96
SERVER_HANDSHAKE_TRAFFIC_SECRET 7d0992f9132b1943d7882a55fa33cdc08c247b9fae3c278031a3e033614a8f14 d05c6596e93ffc5aecad5151b1f70f1260edce17eb462b1557f2e1eb02c65db1
CLIENT_TRAFFIC_SECRET_0 7d0992f9132b1943d7882a55fa33cdc08c247b9fae3c278031a3e033614a8f14 078ad00f3207aaed569012fb4dbc899a97f3184e6b76b92efa1adf70e0d4102e
SERVER_TRAFFIC_SECRET_0 7d0992f9132b1943d7882a55fa33cdc08c247b9fae3c278031a3e033614a8f14 7b7d922da5b126b96038cf19f48f91cac82200a2012e518310afe5651ed02031
EXPORTER_SECRET 7d0992f9132b1943d7882a55fa33cdc08c247b9fae3c278031a3e033614a8f14 2f76c08e00b3380b9e5fa84a58bb7188dec63e4ee482dad638b2d4b06f9029b6
CLIENT_HANDSHAKE_TRAFFIC_SECRET 4dd6f73bfc85e239eb23e324a380aa4ea58025b2f22af971bfed5421a0cb9e7e 000a4fafe183a6bcf62f04e08775c9be914b6445c76ef1761c1a932ef55afdb7
SERVER_HANDSHAKE_TRAFFIC_SECRET 4dd6f73bfc85e239eb23e324a380aa4ea58025b2f22af971bfed5421a0cb9e7e 6c358353b89bf319da877445f988362343f6aa29e9e91a75e9c959f44f561aca
CLIENT_TRAFFIC_SECRET_0 4dd6f73bfc85e239eb23e324a380aa4ea58025b2f22af971bfed5421a0cb9e7e a8b5ba33cc20ab8ba0e2d777524a58f3bdcff35c99cfb4e9f8095ed9d533af2d
SERVER_TRAFFIC_SECRET_0 4dd6f73bfc85e239eb23e324a380aa4ea58025b2f22af971bfed5421a0cb9e7e 962a3f761b93878c14aade12e28ba7d62c9045209327c372fe6a1546e68912e8
EXPORTER_SECRET 4dd6f73bfc85e239eb23e324a380aa4ea58025b2f22af971bfed5421a0cb9e7e 5b29300d8f61a0f1926ff018eba548f4c97af576c8054d55e58e9b62e4907f7f
CLIENT_RANDOM 0365be80f4917e8e93e5f4f57c34b3e532bbd6c0113184d4a0625b5590898e6a d5d560d9419ad6d8e617271e41a10bf8470289f1cb5c8b2f7bf2faaf9174ead88f3c4469ccd30f6b8174609a3e1708d4
CLIENT_HANDSHAKE_TRAFFIC_SECRET 84a3ee8419704bc3fdcff2b14d98206710c5ece1eb0815dab45f81f0098d07e8 8b7dc7e5beec18201b3a30ce66f76d47fff714264576d9ed7ec4320707cd9aba
SERVER_HANDSHAKE_TRAFFIC_SECRET 84a3ee8419704bc3fdcff2b14d98206710c5ece1eb0815dab45f81f0098d07e8 6c9284d1eeaed1d578ed5a67ab7b02bd7a399b95374db72955e16d306527dd10
CLIENT_HANDSHAKE_TRAFFIC_SECRET 10f2c7ff25d853fd6ea50849bdf62c4a650e09730ed4faa8e0ad548796ad45f5 81a07c08f2975759c302799cc2b9bda6896f363c7055eb457ec1f22553863994
SERVER_HANDSHAKE_TRAFFIC_SECRET 10f2c7ff25d853fd6ea50849bdf62c4a650e09730ed4faa8e0ad548796ad45f5 04ed744402730864a6dc49d5806152d5a3e90bff2c08b29b35683be092c5dfea
CLIENT_TRAFFIC_SECRET_0 10f2c7ff25d853fd6ea50849bdf62c4a650e09730ed4faa8e0ad548796ad45f5 322cd55125d4f80498fe0adda9655a2df04c6f0b4db878fc8b5b15da9be2b959
SERVER_TRAFFIC_SECRET_0 10f2c7ff25d853fd6ea50849bdf62c4a650e09730ed4faa8e0ad548796ad45f5 e4c471b9905188f93f83c55d61723119702da48f277f6298bd113c8a00703733
EXPORTER_SECRET 10f2c7ff25d853fd6ea50849bdf62c4a650e09730ed4faa8e0ad548796ad45f5 6e48ff4d852c9c9a8622cb7d1552549cf3b14c153f35501db1fff324d683dd99
CLIENT_TRAFFIC_SECRET_0 84a3ee8419704bc3fdcff2b14d98206710c5ece1eb0815dab45f81f0098d07e8 8ed823442062430deaf445ed965044ccfddc2465f7f0a7d510ce313d274e1957
SERVER_TRAFFIC_SECRET_0 84a3ee8419704bc3fdcff2b14d98206710c5ece1eb0815dab45f81f0098d07e8 bd7a40b95c6a2a267d298d399d82b4492d7dc06bab4d63c1bb2e096bd65cca20
EXPORTER_SECRET 84a3ee8419704bc3fdcff2b14d98206710c5ece1eb0815dab45f81f0098d07e8 26b8a4d7f0972a913929c248855d6a8fe8500eb287d75643dbbed46538eda8e9
CLIENT_HANDSHAKE_TRAFFIC_SECRET aaf981f9cb0c81fc32eb4c5c912eddb19fb70d6503833a798fe611cef9fe3bbc a155456288f7e400df5563d4970d10beab3cffa342cb3a21c00598a9a040260d
SERVER_HANDSHAKE_TRAFFIC_SECRET aaf981f9cb0c81fc32eb4c5c912eddb19fb70d6503833a798fe611cef9fe3bbc 294a842976444fa4ec3509bb917698564d76d65f9fa25b4174540c739f14540c
CLIENT_TRAFFIC_SECRET_0 aaf981f9cb0c81fc32eb4c5c912eddb19fb70d6503833a798fe611cef9fe3bbc 8a91267fac25c42c95d85cd994c057f61b3e9a900f71ce16234c0442ee529cd9
SERVER_TRAFFIC_SECRET_0 aaf981f9cb0c81fc32eb4c5c912eddb19fb70d6503833a798fe611cef9fe3bbc e78edd4dcb28ba9845cc5043e8d76235ad3d8cd4339c1630f0915045b0c35d1a
EXPORTER_SECRET aaf981f9cb0c81fc32eb4c5c912eddb19fb70d6503833a798fe611cef9fe3bbc 6f3342d68abf2daed5427b87f31b83f7fc9e732a26d91874aa8c6879b514f5b6
CLIENT_HANDSHAKE_TRAFFIC_SECRET c1615d36833ff452c983b245d79c2f818d5307abe00a085d60390321dea74385 e8e68278ea42f770ffd75cf99e47df7b9dd8e9a71f6bd8bf3dbf62c76624c85b
SERVER_HANDSHAKE_TRAFFIC_SECRET c1615d36833ff452c983b245d79c2f818d5307abe00a085d60390321dea74385 6bc6b72c2124d8ec452c1737ce47add528566d2f6bdbca0ec5102cd50aca366b
CLIENT_HANDSHAKE_TRAFFIC_SECRET 7916dd449f9d821bc1bfc5c88de9987d55c206665c867bf6f431ec5c48495603 2c1d5a6cd015cee3b401f2d617e9a2849f1a965134de2b70e75a7e5f3bdf335c
SERVER_HANDSHAKE_TRAFFIC_SECRET 7916dd449f9d821bc1bfc5c88de9987d55c206665c867bf6f431ec5c48495603 388acc2278670f46a8c36c937f45dd94b0dd9a7e4f010a18f89569c6072112b2
CLIENT_TRAFFIC_SECRET_0 7916dd449f9d821bc1bfc5c88de9987d55c206665c867bf6f431ec5c48495603 766e71f790e943c346985bfd6954198d968ac518a3f12e752f3ac4d685db6ea3
SERVER_TRAFFIC_SECRET_0 7916dd449f9d821bc1bfc5c88de9987d55c206665c867bf6f431ec5c48495603 8c90f991769091bea030f6b2c25a4eec130de06bb06daa9f7e803f4ad132c60b
EXPORTER_SECRET 7916dd449f9d821bc1bfc5c88de9987d55c206665c867bf6f431ec5c48495603 5662e4d296ad574bc0a63f0c78dafeeaf6e4c2c227a828d8b61ba4dae03b0e86
CLIENT_TRAFFIC_SECRET_0 c1615d36833ff452c983b245d79c2f818d5307abe00a085d60390321dea74385 880891f68924baa0a74103593fbdc5326058554f0631d70fb667aa5e8599886c
SERVER_TRAFFIC_SECRET_0 c1615d36833ff452c983b245d79c2f818d5307abe00a085d60390321dea74385 150446ff4048008e209b72e2ac8b2f72b493dd5310b36970821f8b661e220251
EXPORTER_SECRET c1615d36833ff452c983b245d79c2f818d5307abe00a085d60390321dea74385 eca48561e2c32df236f190e1716071b33d108bd97ed0b2b991348dae1a5537ab
CLIENT_RANDOM ed204907f845467d783f4d3f15144f20cd0a0560dbb10a59dfd566f2027c89b4 c224399c6824fce5c6c010018fa5ac190e1d0254caa0a059486124db9ed06bac49feede0d7753791a67690999b9e749c
CLIENT_HANDSHAKE_TRAFFIC_SECRET 648a5f79fd09092da4330c539c9b292f47509f586617dcc46955d318e1eec26d 64609daa5bd1cd32402faf2f76876b74d7ad5526288d7bd886bc04d6275128dd
SERVER_HANDSHAKE_TRAFFIC_SECRET 648a5f79fd09092da4330c539c9b292f47509f586617dcc46955d318e1eec26d 6f74e3630871bc2a3e12a9496b817824c062abda2d7ae209945717de39e2e68e
CLIENT_TRAFFIC_SECRET_0 648a5f79fd09092da4330c539c9b292f47509f586617dcc46955d318e1eec26d 0aa76d848a966ed7daf368c4784242cb1e45597f6803c62d52ce1819ad085833
SERVER_TRAFFIC_SECRET_0 648a5f79fd09092da4330c539c9b292f47509f586617dcc46955d318e1eec26d 85e2d11e2413428f801ba0b57f663eda5ad5d24288f3c94f6b14b562baacae3e
EXPORTER_SECRET 648a5f79fd09092da4330c539c9b292f47509f586617dcc46955d318e1eec26d f969a7a5a598fe7bd470a945a2932eeb400065a37d583e56798a63224db315aa
CLIENT_HANDSHAKE_TRAFFIC_SECRET b73be8a05cadab787655cb5f5c2f00b0402a4562bf94208f07613088fca84d52 7961e8da71fc704aeb4ce70f167c4faf28fcb0f43d7a44bc12dfba978c034c55
SERVER_HANDSHAKE_TRAFFIC_SECRET b73be8a05cadab787655cb5f5c2f00b0402a4562bf94208f07613088fca84d52 419b4a10321b0304f0f31e639d0b8b150c312ced77101630d8d84b552d4e843c
CLIENT_TRAFFIC_SECRET_0 b73be8a05cadab787655cb5f5c2f00b0402a4562bf94208f07613088fca84d52 e835625abecd78eec81ea661705f2825fe52768121035b0ab0edfcf509b21c54
SERVER_TRAFFIC_SECRET_0 b73be8a05cadab787655cb5f5c2f00b0402a4562bf94208f07613088fca84d52 9fc28f3fa2693d14e2620b95f6b73eee9129277f66e020cdb8951ea941de7601
EXPORTER_SECRET b73be8a05cadab787655cb5f5c2f00b0402a4562bf94208f07613088fca84d52 65fc56c6b56fe5ce22a21130f424984307f1a04ccd935e5928e35f0cc5559bf8
CLIENT_HANDSHAKE_TRAFFIC_SECRET b6228b4f346d2a505ecb7f600d281b80c714aaa6c5cdc1628b44b89a0c1daeab b42d7fc296b34eb41e29cc2917962461c852caae49bd8d2eba36b623b1f5a1a7
SERVER_HANDSHAKE_TRAFFIC_SECRET b6228b4f346d2a505ecb7f600d281b80c714aaa6c5cdc1628b44b89a0c1daeab 09279629d84581c55a8010b8b8150a9acfd3431e5ba3c6c8ddafa44e484dcf7c
CLIENT_TRAFFIC_SECRET_0 b6228b4f346d2a505ecb7f600d281b80c714aaa6c5cdc1628b44b89a0c1daeab 2113b9a4d3572be763f656d76a249e7a2955c78d4c9499a2ac4a931d4c86f29c
SERVER_TRAFFIC_SECRET_0 b6228b4f346d2a505ecb7f600d281b80c714aaa6c5cdc1628b44b89a0c1daeab 31fae876d03721c03f8bd19f30a69c8f156c93d46fa499f88cc2fde08b7de3d0
EXPORTER_SECRET b6228b4f346d2a505ecb7f600d281b80c714aaa6c5cdc1628b44b89a0c1daeab 1bce2c4c05b00be5954d6eebd64368b100e6cf7ea4cccdffdf370c16782ae742
CLIENT_HANDSHAKE_TRAFFIC_SECRET 8d12493f65db0fc0c64641d799459ca06386d3d3ef42728cee7a21922d27a1f7 f6eb5855a5f9875066fea2376965f7bed295f1061eaa48613fa2444687ac6f8a
SERVER_HANDSHAKE_TRAFFIC_SECRET 8d12493f65db0fc0c64641d799459ca06386d3d3ef42728cee7a21922d27a1f7 b19eedcd79b1de7021ba987f2a5f154ec36385fc8904223b4a98998d7da7615e
CLIENT_TRAFFIC_SECRET_0 8d12493f65db0fc0c64641d799459ca06386d3d3ef42728cee7a21922d27a1f7 c8765e6a6c04650d0fc3d264950340809f0938fbb60f6ea12966b9df4226c8a8
SERVER_TRAFFIC_SECRET_0 8d12493f65db0fc0c64641d799459ca06386d3d3ef42728cee7a21922d27a1f7 e72f1b30633998ec149773d75c5e5099784ceb982c94eaed0888db8e4a505632
EXPORTER_SECRET 8d12493f65db0fc0c64641d799459ca06386d3d3ef42728cee7a21922d27a1f7 d5fa49c7a76ece3347faa0dacd63f63122525576c2801d35034fb1aeb9d07d75
CLIENT_HANDSHAKE_TRAFFIC_SECRET cc4315d6a33a7f576c7784a0c675970442c715457ac243bb44953cd4bfa680ed 7266706ee9e045793650d7689a8413ceb67d8faed4d4ddaeaa143c2f7d465f68
SERVER_HANDSHAKE_TRAFFIC_SECRET cc4315d6a33a7f576c7784a0c675970442c715457ac243bb44953cd4bfa680ed 3e82be0aace035ece66378cf8c158dce40b42cdfe36161030b163ec0ab127b25
CLIENT_TRAFFIC_SECRET_0 cc4315d6a33a7f576c7784a0c675970442c715457ac243bb44953cd4bfa680ed de91753480da917ad764436f380d84c915082fea54a1c18a208d511a82eecf4d
SERVER_TRAFFIC_SECRET_0 cc4315d6a33a7f576c7784a0c675970442c715457ac243bb44953cd4bfa680ed 1b621a14009c0b5791517907b620254b863d84b3e35c2d4585dbcf00bad24aca
EXPORTER_SECRET cc4315d6a33a7f576c7784a0c675970442c715457ac243bb44953cd4bfa680ed e1838f1d0b10dcb36c9781bac6e97be299639d5348effb09bd687f72cb5743bc
CLIENT_RANDOM 46f5150155e240b4e85627586bbaa133c945417b43065a61fc620370be63c717 c9a1feb9a49232a80fb3db176c655a5ab1dcbbf363da8e6eee6b5dc893df30182551c7524b717679f2f5aa64fafe119f
CLIENT_HANDSHAKE_TRAFFIC_SECRET 9f612b5796ce2572dc499879d429dcd7d4af1a54037ea76fdf15d4e024a7aa21 9e186c9e968592c393f4065ef088a0e4b08b9e4cdf14347c301c4d7815002552
SERVER_HANDSHAKE_TRAFFIC_SECRET 9f612b5796ce2572dc499879d429dcd7d4af1a54037ea76fdf15d4e024a7aa21 7a0e768c88519f9def137e53199d65bafcf4d1f51313bc3186d90d46ad302ff0
CLIENT_TRAFFIC_SECRET_0 9f612b5796ce2572dc499879d429dcd7d4af1a54037ea76fdf15d4e024a7aa21 0ebaa7fa3f340c37c09ed773045cb4422a8529c44f86fcc5933839a3db047f9f
SERVER_TRAFFIC_SECRET_0 9f612b5796ce2572dc499879d429dcd7d4af1a54037ea76fdf15d4e024a7aa21 9bf1cded55cf23956b590ca1e52322d9b0cda3cc61b312fbaa3bcd07e72fa7c6
EXPORTER_SECRET 9f612b5796ce2572dc499879d429dcd7d4af1a54037ea76fdf15d4e024a7aa21 3b969a4c7d79a3a3b15ddf53536dd1cb1a95a89aebae58c2b0ece57e32721b59
CLIENT_HANDSHAKE_TRAFFIC_SECRET b40cf352d6e2155f763472d2503cd1d3b37db0953b62e9636431c5d1c2117caa 8cd2347a970775a7f9c2b01c0f5a6a14b5b9f69dfe682953925cf8db25dd6e5e
SERVER_HANDSHAKE_TRAFFIC_SECRET b40cf352d6e2155f763472d2503cd1d3b37db0953b62e9636431c5d1c2117caa 9f6fb295b20df8629ef0b7d5b53eb6a02df3c75b483d8a3bfb31446d0dc7011f
CLIENT_HANDSHAKE_TRAFFIC_SECRET c4a664a70eb902a6bbd817693a94fb06062e46c7392937571073be5f45398114 d00c73b7f11406a014b6c0cbbcd10720600d8aa3fa0334422e39985472037862
SERVER_HANDSHAKE_TRAFFIC_SECRET c4a664a70eb902a6bbd817693a94fb06062e46c7392937571073be5f45398114 3e5f25ba6b20ef0c12e568d2d62494ab6d5be15f96d1246af72719ed81e12536
CLIENT_TRAFFIC_SECRET_0 b40cf352d6e2155f763472d2503cd1d3b37db0953b62e9636431c5d1c2117caa 2dc5fe4427bd8e69e617707b2bac982ab5cba5f09da4b089a026efde20f2bceb
SERVER_TRAFFIC_SECRET_0 b40cf352d6e2155f763472d2503cd1d3b37db0953b62e9636431c5d1c2117caa 005b8513f0a833c1866eef72e33999041146c4f54466d6f1f2fa89f0d62917d3
EXPORTER_SECRET b40cf352d6e2155f763472d2503cd1d3b37db0953b62e9636431c5d1c2117caa c1902a900cb10f518e3aac8fa3f7014c4b5918eeb229f3739bb77603d46846c8
CLIENT_TRAFFIC_SECRET_0 c4a664a70eb902a6bbd817693a94fb06062e46c7392937571073be5f45398114 8b48d9ac4925d5144546ee29aac73dfdb1c2da7954cbe4decc7986eff35dcc68
SERVER_TRAFFIC_SECRET_0 c4a664a70eb902a6bbd817693a94fb06062e46c7392937571073be5f45398114 0269f79bb263c2da41a5b4034bb4c9183de667201db53785fac64114d82bc6cf
EXPORTER_SECRET c4a664a70eb902a6bbd817693a94fb06062e46c7392937571073be5f45398114 8f29c150d61b4de97c04105e7e22430f19ff0af296cc5e70cd9b5342b87bb63f
CLIENT_HANDSHAKE_TRAFFIC_SECRET 89d0064993fb68c7107caccf6d9e371df517a2933c910e2dabe6f97439c41dea 369391eb8372abcd4d41dc38d01eba4e5a217fb249d04f51398d7bc62398978c
SERVER_HANDSHAKE_TRAFFIC_SECRET 89d0064993fb68c7107caccf6d9e371df517a2933c910e2dabe6f97439c41dea 49b8914a8def99778930b02d4130ddff6671a8a6e1319a9b8dc53f5b9464425c
CLIENT_TRAFFIC_SECRET_0 89d0064993fb68c7107caccf6d9e371df517a2933c910e2dabe6f97439c41dea c1e3b2d90515ae6845e3bad604746662dd5c5efbaf89dcce88203c4950dd98e2
SERVER_TRAFFIC_SECRET_0 89d0064993fb68c7107caccf6d9e371df517a2933c910e2dabe6f97439c41dea 5e6f8c38e92c64d51cf8e9ed61cb394ead13f0f387c554426bea0acbe8e05929
EXPORTER_SECRET 89d0064993fb68c7107caccf6d9e371df517a2933c910e2dabe6f97439c41dea f9abb3300a9072becbc87ae14732a66c091b62049ef95e07b8b2b938166cb611
