CLIENT_RANDOM ed8df1ae8a0a8f6085936ac71ee9c315d9314f36a961e3e5fdd3351d6cc32a13 a15a6ac9c746733495c434e795e0b472cf7aa076472b6f2ad320f54f05907ea48665e8503ca5afe7678000932ab2d093
CLIENT_RANDOM d8de97e4a20ca4e7f93c84e0bd987f453cfee03c56ff0be92ab840297722c2e6 3a4b25c4642b09ddf849b51ecd9cfd25e4f2bd82c65a15ad03d846f32f1dd72685a5dc959ff97b3093465c09908a1da0
CLIENT_HANDSHAKE_TRAFFIC_SECRET fd12e0384e2b407b1faf8f90c5afcf9b7c13cefcde35a30b87af159c463f4ce5 906c32c249fb122c0bfecb749ce13a11087978d12cf10f3a6d559fa84520ce85
SERVER_HANDSHAKE_TRAFFIC_SECRET fd12e0384e2b407b1faf8f90c5afcf9b7c13cefcde35a30b87af159c463f4ce5 e31cb455e491849999f26353023f9d985ffa25d0048d49b48d8ed85633f1ba63
CLIENT_TRAFFIC_SECRET_0 fd12e0384e2b407b1faf8f90c5afcf9b7c13cefcde35a30b87af159c463f4ce5 9395bc2115b5c72b52a2056881cc274abfd2fc4b95a89959c68dafee7c6d49c5
SERVER_TRAFFIC_SECRET_0 fd12e0384e2b407b1faf8f90c5afcf9b7c13cefcde35a30b87af159c463f4ce5 aca57852752aae133d643c465dccf6dc86d61e4cbd9ae009b0e76153985fc426
EXPORTER_SECRET fd12e0384e2b407b1faf8f90c5afcf9b7c13cefcde35a30b87af159c463f4ce5 329375ca7d390130e70d202b2cb705be1fe0a444934d8c8857bf7db0f44b57f2
CLIENT_HANDSHAKE_TRAFFIC_SECRET 5db1a8fe3494a5d63ac6a263367b31b276d88965e634a172bb27ce760551c36e 13ec15fc3c0f9ee760863f8a9a0628b69cdc5b765ad38f651da2dc1e455dbe0c
SERVER_HANDSHAKE_TRAFFIC_SECRET 5db1a8fe3494a5d63ac6a263367b31b276d88965e634a172bb27ce760551c36e 918fd720845916ba67110aedaf65459f5cbda88f4eab5fb74959a1c62db4b589
CLIENT_HANDSHAKE_TRAFFIC_SECRET 2abe448b0411958638f9b9f34713a45c7e3153ac0b7eecdf6ef25a35856213b9 7a1e1dfc229a4b2e0e616fce97c410f12aa53cca0704b79ddd727fb2e22e5458
SERVER_HANDSHAKE_TRAFFIC_SECRET 2abe448b0411958638f9b9f34713a45c7e3153ac0b7eecdf6ef25a35856213b9 ab84274d3957eee632131f4bb7236d62b1eef8de42a095ce2f40f1bae7fb9317
CLIENT_TRAFFIC_SECRET_0 5db1a8fe3494a5d63ac6a263367b31b276d88965e634a172bb27ce760551c36e deae53bad5596afbedf923a3076887600787ce8d646778c3eea3bf6657c02694
SERVER_TRAFFIC_SECRET_0 5db1a8fe3494a5d63ac6a263367b31b276d88965e634a172bb27ce760551c36e 7ad5d057c2db4c8a87fbd11e5f0280840a817329ed5391c860169b9aef4d19d8
EXPORTER_SECRET 5db1a8fe3494a5d63ac6a263367b31b276d88965e634a172bb27ce760551c36e f90f3ced255ade31a45165ae26a91f24ee6041339eb6e2391695714a753aa5cc
CLIENT_HANDSHAKE_TRAFFIC_SECRET 2f1f857b7c9778c3dce4f1430077a578bc79c1707a894a4812ec19026cedf8ae 979d454c505087801c000990083be19006be614642f9c1c597f329331268e557
SERVER_HANDSHAKE_TRAFFIC_SECRET 2f1f857b7c9778c3dce4f1430077a578bc79c1707a894a4812ec19026cedf8ae 86b3ddfd4242dd470784b1265c076f4cb29818d20ca94107ce1616db094c1073
CLIENT_TRAFFIC_SECRET_0 2f1f857b7c9778c3dce4f1430077a578bc79c1707a894a4812ec19026cedf8ae a6630d122c52d9619bd4961ef24565a1dd5d2e337ccf8f83571e06ce6a66c81b
SERVER_TRAFFIC_SECRET_0 2f1f857b7c9778c3dce4f1430077a578bc79c1707a894a4812ec19026cedf8ae 442b3ac299340cce696cf3efc7b93b21071a337f0bd7f13a31430706e1e534b9
EXPORTER_SECRET 2f1f857b7c9778c3dce4f1430077a578bc79c1707a894a4812ec19026cedf8ae b4a35add7959581fbc32b33b0cea9859605d84f4e4e1478e3c37119f4d61666d
CLIENT_HANDSHAKE_TRAFFIC_SECRET e3af5282a6fa32959942c025fb9b0975417d1d3b9d2cf2c3ba860088f951653e 77a7e573be30cb1e560f55341999c70ec48a5f8e81e15db7c1ccbe0d921d2bfe
SERVER_HANDSHAKE_TRAFFIC_SECRET e3af5282a6fa32959942c025fb9b0975417d1d3b9d2cf2c3ba860088f951653e 85c38f616fc60b1f854f3caceb5364ca42ba6fe7c0865f1901a97ed91aca36a2
CLIENT_TRAFFIC_SECRET_0 2abe448b0411958638f9b9f34713a45c7e3153ac0b7eecdf6ef25a35856213b9 822e39495b7966a9acb7bcf4f7440444d2b58770ce74d17c1a7363fca371a71d
SERVER_TRAFFIC_SECRET_0 2abe448b0411958638f9b9f34713a45c7e3153ac0b7eecdf6ef25a35856213b9 082509c848cb3dc5d8dbb15a1f9af886e0138f58967819dfdb7bde5edacdc0e3
EXPORTER_SECRET 2abe448b0411958638f9b9f34713a45c7e3153ac0b7eecdf6ef25a35856213b9 8f893bba8a7acf89bfd5c3baeb668ae1cdf3e2b1e44a4b954b12d2e745401661
CLIENT_TRAFFIC_SECRET_0 e3af5282a6fa32959942c025fb9b0975417d1d3b9d2cf2c3ba860088f951653e 87f11246edc4ba787c4aad895634d9277fa1c8bc6c11bf935983ef35c6fdb89d
SERVER_TRAFFIC_SECRET_0 e3af5282a6fa32959942c025fb9b0975417d1d3b9d2cf2c3ba860088f951653e a5d43a1f3ca9569e7c952cf8c926e85a63b4ea2791c82486e621a02910685cd1
EXPORTER_SECRET e3af5282a6fa32959942c025fb9b0975417d1d3b9d2cf2c3ba860088f951653e 7f4c20344ea47e51362d29951c92ad062e54f234c46ccd7a93b417a1e9e62035
CLIENT_HANDSHAKE_TRAFFIC_SECRET 655065ef3cdd451e4ea31f6db84cd42d54cf75d97db8c5d8a198a886fa3a0b35 0964b4d47f4b778e636df7e724cc9df88e549a842d5cffbf9f5e506ae7fead53
SERVER_HANDSHAKE_TRAFFIC_SECRET 655065ef3cdd451e4ea31f6db84cd42d54cf75d97db8c5d8a198a886fa3a0b35 c0fc0d77f683b31da47b56091c5f91120e8c3906f733c5e11cc3b768406d8f62
CLIENT_TRAFFIC_SECRET_0 655065ef3cdd451e4ea31f6db84cd42d54cf75d97db8c5d8a198a886fa3a0b35 59be26c83fec4124c642f0f433ff38239560a1b6aefdd834d9a54fdd8fa846ae
SERVER_TRAFFIC_SECRET_0 655065ef3cdd451e4ea31f6db84cd42d54cf75d97db8c5d8a198a886fa3a0b35 c43f9699758d08b604ee8691236925ebdb3140bb1ab19fe42b754de144a05c81
EXPORTER_SECRET 655065ef3cdd451e4ea31f6db84cd42d54cf75d97db8c5d8a198a886fa3a0b35 0fff61835f86db338fa22c19ab0a6d82d79c054a4a9354f4c3d88446e10b8735
CLIENT_HANDSHAKE_TRAFFIC_SECRET 2d492a428b1beb170ff42bb83cea79ced64a04cab7c64aa43c3247efeaa2d63b ba7c8afdced13d84d54104c1c4fe20fc98bb5aa1cbfad8fd3caf76388ad4559e
SERVER_HANDSHAKE_TRAFFIC_SECRET 2d492a428b1beb170ff42bb83cea79ced64a04cab7c64aa43c3247efeaa2d63b cb4f207df0d45f37bbbfbe379065581955e74d09daf9fcadc45f386e5d14aa63
CLIENT_TRAFFIC_SECRET_0 2d492a428b1beb170ff42bb83cea79ced64a04cab7c64aa43c3247efeaa2d63b b6b35f3808e96bc6fa9fb09387127c09642db5f0bc81245029b83b4efd6a9374
SERVER_TRAFFIC_SECRET_0 2d492a428b1beb170ff42bb83cea79ced64a04cab7c64aa43c3247efeaa2d63b ff73ee87f97deada6b52237275f94e65d68281179b24789b1f73c31996c679d1
EXPORTER_SECRET 2d492a428b1beb170ff42bb83cea79ced64a04cab7c64aa43c3247efeaa2d63b fcc50cbeb1e074425daef1fc88aa80cde091b87e33b04bb059d371a4c85a1068
CLIENT_HANDSHAKE_TRAFFIC_SECRET 642ed679d2572d27528cdd3aa0218bd47eee5963499d851a4d7f186b94a24870 87f9f689d81d2685e642423cc49243a6523ca0af0fe9854d3a802319eac30a30
SERVER_HANDSHAKE_TRAFFIC_SECRET 642ed679d2572d27528cdd3aa0218bd47eee5963499d851a4d7f186b94a24870 c26f39a0e6f5808e309786d3141f26a98b70a2bc627c7cc4bf33a287918bb3de
CLIENT_TRAFFIC_SECRET_0 642ed679d2572d27528cdd3aa0218bd47eee5963499d851a4d7f186b94a24870 eb36c5af66257165b4b626183a206f06e3e16a99222f9b64e77ee562d8016cc8
SERVER_TRAFFIC_SECRET_0 642ed679d2572d27528cdd3aa0218bd47eee5963499d851a4d7f186b94a24870 3a53bc24543dee8ed3f2758d968c75708e7cce2a59bcd5a8d278fd596d17a75d
EXPORTER_SECRET 642ed679d2572d27528cdd3aa0218bd47eee5963499d851a4d7f186b94a24870 2de2ad99a8ce5922c1fb664e0d501e50e5a0e35225c7fd262d849c4e44e03eac
CLIENT_HANDSHAKE_TRAFFIC_SECRET 07f89b7043dce1596f9a4e0e4dd7eecfeeda078176f0d27ee2c32efd7305c81e 259a6b43dfe8463ae298e80c9cad4509625b3a2b12723ddbd886890bbc67844f
SERVER_HANDSHAKE_TRAFFIC_SECRET 07f89b7043dce1596f9a4e0e4dd7eecfeeda078176f0d27ee2c32efd7305c81e 05a86de2bbef799e4d690792b0fb17b8bf8f026876f057343f04b01288407d4b
CLIENT_TRAFFIC_SECRET_0 07f89b7043dce1596f9a4e0e4dd7eecfeeda078176f0d27ee2c32efd7305c81e d30560247667d0a4d8108f3a59ff7562d89075ac2ea8c6461f6cddae5e60c5cf
SERVER_TRAFFIC_SECRET_0 07f89b7043dce1596f9a4e0e4dd7eecfeeda078176f0d27ee2c32efd7305c81e 6db538cc6688de9382f8799e6f47e2d4a96ff495efbb8d5f307d08389892864e
EXPORTER_SECRET 07f89b7043dce1596f9a4e0e4dd7eecfeeda078176f0d27ee2c32efd7305c81e 6464e29856d5148465e6ae008fada803e85ee31879892d61b315bb36bdf4381d
CLIENT_HANDSHAKE_TRAFFIC_SECRET a70012b0b05157f577667f0f17af90d8e77e36832b37aab4fe2aa7a3f40bad1e cf8127713b1b723a7d4acb6b92d61c78bdf824a645bae218958a058fc9505da5
SERVER_HANDSHAKE_TRAFFIC_SECRET a70012b0b05157f577667f0f17af90d8e77e36832b37aab4fe2aa7a3f40bad1e 1c0db3dd7718835d23190c5177af1cd607c5ca6b598effddb6b3a3cb6bdc6636
CLIENT_TRAFFIC_SECRET_0 a70012b0b05157f577667f0f17af90d8e77e36832b37aab4fe2aa7a3f40bad1e e54db90ad59a79b2b8b98ed57628af4448349e6462da86b6e3e5908bf482e3ec
SERVER_TRAFFIC_SECRET_0 a70012b0b05157f577667f0f17af90d8e77e36832b37aab4fe2aa7a3f40bad1e a7d5f739860232a2bce2ba8863377239d1fb02e179544fd099b5fea0a0c9e8bd
EXPORTER_SECRET a70012b0b05157f577667f0f17af90d8e77e36832b37aab4fe2aa7a3f40bad1e 6f7fb7af05570bfbda4c7e5f297cd5db374d1d95db54ef49c115f6e38f6be1aa
CLIENT_HANDSHAKE_TRAFFIC_SECRET dfdcb4070bc7e5a1a5ef618d60e04da48a7f31fc8fed251ff95abb6e515bf1a7 28897ae866f872677bd559468ad3c09791d8b265e610e243312cdde005cc04aa4ca71a863bb815f6cc7fc77b333ac914
SERVER_HANDSHAKE_TRAFFIC_SECRET dfdcb4070bc7e5a1a5ef618d60e04da48a7f31fc8fed251ff95abb6e515bf1a7 c35cab24d10d8f41b72f84c4fedcebab972b2dcd39bf131eea7a9e06402d76ff2b2d71386cfe45117a4f52ab9a04a34b
CLIENT_TRAFFIC_SECRET_0 dfdcb4070bc7e5a1a5ef618d60e04da48a7f31fc8fed251ff95abb6e515bf1a7 884d7b702f8daa2e18d164466218719f750a0079c682350e77de3c72e0e50c225422231968e46bfb49a7dc2ef18288cd
SERVER_TRAFFIC_SECRET_0 dfdcb4070bc7e5a1a5ef618d60e04da48a7f31fc8fed251ff95abb6e515bf1a7 b93bf8c5c600b2ae32e2d4e01baed9c155a2d0d5dff9b16ad34a444f58989a6d1b65ae7a1a856d6972b568e007be24bc
EXPORTER_SECRET dfdcb4070bc7e5a1a5ef618d60e04da48a7f31fc8fed251ff95abb6e515bf1a7 e9ece19fec352df3219265c65c093ef4e687e2c444914f7b9652d31aa18af34d411fa26348f6af8fed2c3479b33004f2
CLIENT_HANDSHAKE_TRAFFIC_SECRET 8e6e072cd05c352f6260a95283d989b0f92c9ab39dce326f23ebd4a97a628f73 80c4b3f91ee961ee7411a2e3b71b2de46d4601fba06bd87fb5731cf71aebc278ec59acfc62018201b8ff38f8fc0deaf0
SERVER_HANDSHAKE_TRAFFIC_SECRET 8e6e072cd05c352f6260a95283d989b0f92c9ab39dce326f23ebd4a97a628f73 7ecdba5e81d5a1e90783cb79976bf85bbf4532ab1bf503daf275231e815cca8d6b0f340cb29bceffc845c714f2cc07f6
CLIENT_TRAFFIC_SECRET_0 8e6e072cd05c352f6260a95283d989b0f92c9ab39dce326f23ebd4a97a628f73 cfcb05f98ff00e9283f0b0f06df01d08d959a465ce813bf7e0d49e924ab64f21c2b47c38941d88a9dc254d860a406652
SERVER_TRAFFIC_SECRET_0 8e6e072cd05c352f6260a95283d989b0f92c9ab39dce326f23ebd4a97a628f73 340d3516eeb8ba5eb4cccdb6ff6ccf0b5a0822d9c4254fdd640ecfa79250a7afa7dcbc4a611fbfcd02ad1c3fb5105c57
EXPORTER_SECRET 8e6e072cd05c352f6260a95283d989b0f92c9ab39dce326f23ebd4a97a628f73 144684f51d6083a8c0ef2723e11b5da148edae739544ed1ff84894c63d50fefc6bf9c5e2690a6e10ca2fb4eacb53b495
CLIENT_HANDSHAKE_TRAFFIC_SECRET 736fb642baff9eb75602277387b93ccac7c01b9c3af99dda2144e77639546412 812b9f468d4e0ba58d4894f90699004e786bc225ed3769451a5d32d451265bee
SERVER_HANDSHAKE_TRAFFIC_SECRET 736fb642baff9eb75602277387b93ccac7c01b9c3af99dda2144e77639546412 afd6b3a8ac5374ccc8ef34dc6822373f62db10ff528e8a7f6b5e3c1d6029a8d8
CLIENT_TRAFFIC_SECRET_0 736fb642baff9eb75602277387b93ccac7c01b9c3af99dda2144e77639546412 7bb5f6551d46e2560c5ddf0ee285afdfe1b3955ca8dfb13ca4697c9e5a60801c
SERVER_TRAFFIC_SECRET_0 736fb642baff9eb75602277387b93ccac7c01b9c3af99dda2144e77639546412 f7603e72f816038a5812deade9316179bc12bed9d34351143741acd2250088d0
EXPORTER_SECRET 736fb642baff9eb75602277387b93ccac7c01b9c3af99dda2144e77639546412 5482f70e4585763ea8ca3eef3f2311271fab7e5bce99fbbe3a6552745774247a
CLIENT_HANDSHAKE_TRAFFIC_SECRET 9ae3137b0d4bdf7c3d5aa7b6c88a066f3a96b7d47ada8f90b61cc2de2f3b5f33 18eed97787ac21710fd28389a2ec0104f60f1b0ead0dcc17ba9274ee0794e6ae
SERVER_HANDSHAKE_TRAFFIC_SECRET 9ae3137b0d4bdf7c3d5aa7b6c88a066f3a96b7d47ada8f90b61cc2de2f3b5f33 83aa89b653e944e834d18cac2045143c02258e6f5e5d5a5de3fb00038275510e
CLIENT_RANDOM 61a666bcd6a723a3944a787db889c69b745ab2d0fa7819ad5c8ab2ddd97a52f4 6b8ede365c6f8d6cfa831e316cbfa8409c59f7794397065cfc373978254a9f0c2103130861a2e7a1feccbeb767bb045a
CLIENT_TRAFFIC_SECRET_0 9ae3137b0d4bdf7c3d5aa7b6c88a066f3a96b7d47ada8f90b61cc2de2f3b5f33 023bf4459e073cc3103ee98851765ef1410bd3979f3fa53b3eeaa3437707d9bc
SERVER_TRAFFIC_SECRET_0 9ae3137b0d4bdf7c3d5aa7b6c88a066f3a96b7d47ada8f90b61cc2de2f3b5f33 8f84df6223fadce7d6b6deee5cbd7cf0365d1b8cdba9b66234ab1926dab857ad
EXPORTER_SECRET 9ae3137b0d4bdf7c3d5aa7b6c88a066f3a96b7d47ada8f90b61cc2de2f3b5f33 cc22b8c35ac4123f22f247b6afac4b3f2cf4da39790cfd07c18c657ca1aa6649
CLIENT_HANDSHAKE_TRAFFIC_SECRET ed642c443d6a37ce2fefffdee35134b79639568e53cf89277d4fe2bd4ce7910f 30abd26e3977728740a5276fa83cdc717e35d9fcc026db89d7a2afc5cab1308c
SERVER_HANDSHAKE_TRAFFIC_SECRET ed642c443d6a37ce2fefffdee35134b79639568e53cf89277d4fe2bd4ce7910f a1a33c05d13ed4e15dfee8b6ec1309e186e0dd61c09d2054115bd5739b32b555
CLIENT_TRAFFIC_SECRET_0 ed642c443d6a37ce2fefffdee35134b79639568e53cf89277d4fe2bd4ce7910f 06af5ee2f3827ddfc40c4e6eac1ab757a093844792f125fcde10fd6a8f641f7c
SERVER_TRAFFIC_SECRET_0 ed642c443d6a37ce2fefffdee35134b79639568e53cf89277d4fe2bd4ce7910f 8484a2f0b288a859c9c50dcefb5d973cb34410b0f219e26ec70d9b182160a81a
EXPORTER_SECRET ed642c443d6a37ce2fefffdee35134b79639568e53cf89277d4fe2bd4ce7910f d606cf6bd09f7b280ba62a0a68ea09a6354849f70dd91d3f9452075dd89639a0
CLIENT_RANDOM f839a054f77fce52d3fa597062e6ed0b4c90a56e21ce41788111a1e649038433 deaafe12c6fe59bc1878690ac44479b00f2de038ad2abf211eddff566b8d28fac849c001042c751d2d0ad575c982ea00
CLIENT_HANDSHAKE_TRAFFIC_SECRET e132c5cf259b60bb0324c6a999d3b8d40498077cd6db9d770c861c80aaeea583 4145438ef6ea648f736df5df1ea41a7c1222585b82bdf782ece99c824b06d826
SERVER_HANDSHAKE_TRAFFIC_SECRET e132c5cf259b60bb0324c6a999d3b8d40498077cd6db9d770c861c80aaeea583 257fe38ff05799927e34ed0f286edb968d5b8fd40caa6b8a0f87017278b7257a
CLIENT_TRAFFIC_SECRET_0 e132c5cf259b60bb0324c6a999d3b8d40498077cd6db9d770c861c80aaeea583 765c0681e290cb8d4e31d9283369917af892f4a00b298045ce00b684cbbba33e
SERVER_TRAFFIC_SECRET_0 e132c5cf259b60bb0324c6a999d3b8d40498077cd6db9d770c861c80aaeea583 493c5428704aa3905037524d278475cc643233d7ead61fc5c51b0f818d0bf173
EXPORTER_SECRET e132c5cf259b60bb0324c6a999d3b8d40498077cd6db9d770c861c80aaeea583 e90d655cb969995274e0269f3f0f9adf4fab63ce49563f0d2d7f87719679452e
CLIENT_HANDSHAKE_TRAFFIC_SECRET 940272f78a4dce6d80bcf5c81872ca8404a60fa975989cee9780d1bb8bddf424 aec789efd1657e4d23410db6852f03106ffebfe0f6482a5dd2d58367aa147fae
SERVER_HANDSHAKE_TRAFFIC_SECRET 940272f78a4dce6d80bcf5c81872ca8404a60fa975989cee9780d1bb8bddf424 bdaf5b7df5edfcb4d2bc83cbc050b64d5eebfef1f4236423ad7d18baef689553
CLIENT_TRAFFIC_SECRET_0 940272f78a4dce6d80bcf5c81872ca8404a60fa975989cee9780d1bb8bddf424 9cf575ffe32bbef09707e42259a38b8b6b811ecd05130a95ed484c33c6424558
SERVER_TRAFFIC_SECRET_0 940272f78a4dce6d80bcf5c81872ca8404a60fa975989cee9780d1bb8bddf424 29d0a82791314bd103bb1cd7d7406429070e65b532cad827a69ed883b7c441dc
EXPORTER_SECRET 940272f78a4dce6d80bcf5c81872ca8404a60fa975989cee9780d1bb8bddf424 15a64b8fa05fd1e5b7fd0515837c2b13d400b64644de5618f3413e281b46a186
CLIENT_HANDSHAKE_TRAFFIC_SECRET daf6d4366ac8b15db5aef461b8921fec12ac2597689b3973973140c8873b47f7 9c9a17fbf7be72c69ea25c15f6c278b96f7822fc7e7c902b214ca54f4e8df5b9
SERVER_HANDSHAKE_TRAFFIC_SECRET daf6d4366ac8b15db5aef461b8921fec12ac2597689b3973973140c8873b47f7 f237c600813cc959dad933485273a9e69ec3c964c0bf0571bcf91aa87804a515
CLIENT_HANDSHAKE_TRAFFIC_SECRET 34049e71d9c99b34ae1b9c220223fe0408b4c3feee6147ba175f7780c425d343 b4df8785bb1317a558e6e1168db1bb18bf42ebe3690d055861aa274e85f78345
SERVER_HANDSHAKE_TRAFFIC_SECRET 34049e71d9c99b34ae1b9c220223fe0408b4c3feee6147ba175f7780c425d343 bd7d538b8e4e9d1f90aa3a26e9858b9ca53feef3d84b286457f4f7d90fc55371
CLIENT_TRAFFIC_SECRET_0 daf6d4366ac8b15db5aef461b8921fec12ac2597689b3973973140c8873b47f7 e60d3395e9c2c4b77873be35639b680e07b3682b5f7bc355c4537945870eba91
SERVER_TRAFFIC_SECRET_0 daf6d4366ac8b15db5aef461b8921fec12ac2597689b3973973140c8873b47f7 74e1b559a01a2e8aac3a21c33c7345b68214a7768640bc9a14562f0927a6afe3
EXPORTER_SECRET daf6d4366ac8b15db5aef461b8921fec12ac2597689b3973973140c8873b47f7 b0f7e35b337e99902560e9babbad22c4561b987f3195193222f555f38190303f
CLIENT_TRAFFIC_SECRET_0 34049e71d9c99b34ae1b9c220223fe0408b4c3feee6147ba175f7780c425d343 6313e02fef3f2db59ec77153549042d4b74ace7e1e25b1421a9fccbe56bfaebc
SERVER_TRAFFIC_SECRET_0 34049e71d9c99b34ae1b9c220223fe0408b4c3feee6147ba175f7780c425d343 15574ecf678e5b23aa0809d5f3f45af4543d0428a2c4ae3e675a6a1ab2e4b23e
EXPORTER_SECRET 34049e71d9c99b34ae1b9c220223fe0408b4c3feee6147ba175f7780c425d343 388d8176d9810527fa224b300cecc16d77da6f85fe607eb23c31d3651dc305d1
CLIENT_HANDSHAKE_TRAFFIC_SECRET 5bb3cfb5212c72da7d3d08111eacda1e290d2c616d1b3a52104a5c220a3914b5 bf0ece97b97dca45ee24c6254773ced9dfdbaa639ff338e75116847b4223fe18
SERVER_HANDSHAKE_TRAFFIC_SECRET 5bb3cfb5212c72da7d3d08111eacda1e290d2c616d1b3a52104a5c220a3914b5 8147959517597bdd15e371f9353c634eecb39540657e1a7e090f457c994bb945
CLIENT_HANDSHAKE_TRAFFIC_SECRET e9759814f542a8a7dbeef37853ef3387888006080769623836c00a3c4c70f148 f5a6bf7c176faacdb4346593ebf5041592967bf7f6ffa143fd0c16ab6929a1d0
SERVER_HANDSHAKE_TRAFFIC_SECRET e9759814f542a8a7dbeef37853ef3387888006080769623836c00a3c4c70f148 336c60610e4f2766730d0e31d5dc7bd7e044885716c52b2d425cd645a1be34ea
CLIENT_TRAFFIC_SECRET_0 5bb3cfb5212c72da7d3d08111eacda1e290d2c616d1b3a52104a5c220a3914b5 89dd238c87686f43685c809a2bc42202162496fc03eb300dce5e544ad18e4deb
SERVER_TRAFFIC_SECRET_0 5bb3cfb5212c72da7d3d08111eacda1e290d2c616d1b3a52104a5c220a3914b5 19180f5008b517357ae5395c87cfbfade3c908006d6a33842383588141e141e8
EXPORTER_SECRET 5bb3cfb5212c72da7d3d08111eacda1e290d2c616d1b3a52104a5c220a3914b5 59342331c881dcb55f398221ffe6df3551d2c63ad6e266408da4d058534fdd5f
CLIENT_TRAFFIC_SECRET_0 e9759814f542a8a7dbeef37853ef3387888006080769623836c00a3c4c70f148 35ad522230e27e7f39af443a73d122df6fd9768410b09c0741d8449d82c2fe23
SERVER_TRAFFIC_SECRET_0 e9759814f542a8a7dbeef37853ef3387888006080769623836c00a3c4c70f148 bccbc4db34602f19b378d54d2bf80db5de9a1f5256c4d1a36e405b5b704f85f3
EXPORTER_SECRET e9759814f542a8a7dbeef37853ef3387888006080769623836c00a3c4c70f148 dca96b9135f8d5dd401d80664ebede86a1a2143724b45a12798412c6f840ae55
CLIENT_RANDOM 5eaf4955cd8e9842ed8fe202aca82b3334ef596ccfa1e405a71ed636278136b4 20c79d8be3ddf375467368bf67f6e50e5d46c795d7e6971e619d62bae2a8a6d279006938e3ecfc03949370cda4aee35b
CLIENT_RANDOM daf7777b672f355168f56d09ace40f3df014ff6e425da9a37b666fba4a7e2807 84bf2bd5445902b7a9b643b82fd13b5f3d6c426c57075c6214765183b4dd0a6f0ec359005c40e0e9c00e064c020d66c5
CLIENT_HANDSHAKE_TRAFFIC_SECRET 2bed3285afd3fffa4e2bd1173bcdf4a577d60410d27882c500f739a980e61942 e421871293c8810fdc1a490a6f2ba447699575edaee7fe4c93f6f36386c62d45
SERVER_HANDSHAKE_TRAFFIC_SECRET 2bed3285afd3fffa4e2bd1173bcdf4a577d60410d27882c500f739a980e61942 b5072270b3b78b09aeb5a4336ea2f8e09cef023fc5cd47b90992446a0798534d
CLIENT_TRAFFIC_SECRET_0 2bed3285afd3fffa4e2bd1173bcdf4a577d60410d27882c500f739a980e61942 694f5660bab7f48790f984f04c9ef0b518db2f5afdebe183bf7341f0727f45f7
SERVER_TRAFFIC_SECRET_0 2bed3285afd3fffa4e2bd1173bcdf4a577d60410d27882c500f739a980e61942 80a2df17a72950c3255e45cbd62b00d105bbf50b9c4b51edee2159c1af2e6e36
EXPORTER_SECRET 2bed3285afd3fffa4e2bd1173bcdf4a577d60410d27882c500f739a980e61942 1b822adec676e68f752580910b0933eed66a1c6d85d65d292e9c5a8d8eecdfdd
CLIENT_HANDSHAKE_TRAFFIC_SECRET e72e3cfe58a2e3ae663f88113d79c8516833d23e9e75d84a6fdb6c9c7a405881 317fa545c437f03804264918e71f59bfb1670c418656fbe5b390a57cebe4195b
SERVER_HANDSHAKE_TRAFFIC_SECRET e72e3cfe58a2e3ae663f88113d79c8516833d23e9e75d84a6fdb6c9c7a405881 928f9845fc3c0ec1dcb66ae61b6965b0630d478098a2b90c4615d646ca1be5fa
CLIENT_TRAFFIC_SECRET_0 e72e3cfe58a2e3ae663f88113d79c8516833d23e9e75d84a6fdb6c9c7a405881 5355ae8f71bee8c61328898c79be58fd0389a284be2cfa947867b1ca76be4668
SERVER_TRAFFIC_SECRET_0 e72e3cfe58a2e3ae663f88113d79c8516833d23e9e75d84a6fdb6c9c7a405881 34832371a144410734f6616fea9709a3c4ed647b30e4d2879dd5a2b442045648
EXPORTER_SECRET e72e3cfe58a2e3ae663f88113d79c8516833d23e9e75d84a6fdb6c9c7a405881 47675f16de31d77c590bdb9583e21edd23414486bb45b579f07ff756fd8769d0
CLIENT_HANDSHAKE_TRAFFIC_SECRET 7584ac3923d6e4bc7e84c882001039b4d1be14a55f98b8c21b9619d763d2387d 6d330f0cc257b7e9e8623860dd40257f68fa6cbfb94503908fdeb56606549b2b
SERVER_HANDSHAKE_TRAFFIC_SECRET 7584ac3923d6e4bc7e84c882001039b4d1be14a55f98b8c21b9619d763d2387d 42fac3172cd8c84f5fc7da3a4ddad2b42b359655ae53751e28a7e7b9060dca45
CLIENT_TRAFFIC_SECRET_0 7584ac3923d6e4bc7e84c882001039b4d1be14a55f98b8c21b9619d763d2387d 785c396380057ccc3da39e083d5f87dc3b1e883b31b04ff9896fa9d37a73f1c0
SERVER_TRAFFIC_SECRET_0 7584ac3923d6e4bc7e84c882001039b4d1be14a55f98b8c21b9619d763d2387d a4f8c90ad3f1158991838ddefc421359d7b85bba168d1ee4f733609651927f8a
EXPORTER_SECRET 7584ac3923d6e4bc7e84c882001039b4d1be14a55f98b8c21b9619d763d2387d 575cd53339efe9418e6d6459ee07db31f524861cb1cb227ad150ff6d1673fdcb
CLIENT_RANDOM 8df89573e29ad88b2f335fbeaca7e05556d0812d6d9e1238be64491f5466ae21 4d18a227ce8c49f0ed1168981ccbd3b83e4a1e1486ad1df897542386c62a4bc9cb1bcbe82bc40255ae00437d149dabb4
CLIENT_HANDSHAKE_TRAFFIC_SECRET 7821bdf147541091efffd271f26ac2715b06c5e6b30dc8ecb983edb358c69556 c8621cad019cfce34dba0a26fb56327877ec1b6bfff2108258a1445b4d2b7835
SERVER_HANDSHAKE_TRAFFIC_SECRET 7821bdf147541091efffd271f26ac2715b06c5e6b30dc8ecb983edb358c69556 8a58c0e1761e11c1b8dbe9a157d60b678b28d2bbf973634873ab009178f1ce59
CLIENT_HANDSHAKE_TRAFFIC_SECRET 31e9f8bd9184a59f0576f5fa0f99cb2aed4cd7dcd30a6d785dcf4feeb636ff13 316c32172f22f576b10b76d4b252bca1e166ec792dd4bbfe6ad382f23e4cee29
SERVER_HANDSHAKE_TRAFFIC_SECRET 31e9f8bd9184a59f0576f5fa0f99cb2aed4cd7dcd30a6d785dcf4feeb636ff13 2a9caa4d715cb0bf4f671528c54d21707cdc61aac9c6c4b1a639e02cecb16714
CLIENT_TRAFFIC_SECRET_0 7821bdf147541091efffd271f26ac2715b06c5e6b30dc8ecb983edb358c69556 6252ae543a2e0a5e559b53d21adb39b71024a9f63b117c4caddc3eca4dadab84
SERVER_TRAFFIC_SECRET_0 7821bdf147541091efffd271f26ac2715b06c5e6b30dc8ecb983edb358c69556 12d9f3ccd53a095be5f2ec78bd64c478fa6d7d3322dfc28b09d9244eb9a747d6
EXPORTER_SECRET 7821bdf147541091efffd271f26ac2715b06c5e6b30dc8ecb983edb358c69556 c858dfe2281a333177539593dfc707dd30356c66ab3a167675db018af7eb1478
CLIENT_TRAFFIC_SECRET_0 31e9f8bd9184a59f0576f5fa0f99cb2aed4cd7dcd30a6d785dcf4feeb636ff13 1dea1a0313ec8b213e8c5fbcefe51e96b92db899495323979788d8a09b8af269
SERVER_TRAFFIC_SECRET_0 31e9f8bd9184a59f0576f5fa0f99cb2aed4cd7dcd30a6d785dcf4feeb636ff13 e8e913b57fae5d9b54182a5882eb8db15945443413e2fa187808ba44647b2a1b
EXPORTER_SECRET 31e9f8bd9184a59f0576f5fa0f99cb2aed4cd7dcd30a6d785dcf4feeb636ff13 a7f13d28e281f6d94ec7a0713adb6e7ac6e7f7cdfd15dd314251dfa3e80c0d14
CLIENT_RANDOM 6a2d6a3e3d22288e0d94c98e62d548b5ab8e79257c5a1f0a2fdc56b8c718612a 03450b622723b67464484899ac50561061d184cd83056d9d59e9a7300ba8aedbc76eca00f54c5d8a92c7da0a39720c51
CLIENT_RANDOM 20d49590c3c237c571e280f6521bf3f30f60620ff9fd79abad39af64929c11a9 7d9640e9badfd4e64dc86484c2d83e7f78cfee2cd3d8cd7bb2e4c1a4e089441515aa77c88e382d547452df68bbe302fd
CLIENT_HANDSHAKE_TRAFFIC_SECRET 20d9a33983e14544a7bc2bc9b136e3c893538733726eb7e75275b669aedb892c cc1c01cea4c57a7258d276f562801c7ab4dfef060e857a25ae0b7e7508d5a0e1
SERVER_HANDSHAKE_TRAFFIC_SECRET 20d9a33983e14544a7bc2bc9b136e3c893538733726eb7e75275b669aedb892c 88dee74689235f36168c026c4fbab4af9669cff920b79c3b0145c0cd9886c4f4
CLIENT_TRAFFIC_SECRET_0 20d9a33983e14544a7bc2bc9b136e3c893538733726eb7e75275b669aedb892c dff5e64c17ea38ce730783ae0ecb52376fefdea75dc0123bc5fe07712a7e08e3
SERVER_TRAFFIC_SECRET_0 20d9a33983e14544a7bc2bc9b136e3c893538733726eb7e75275b669aedb892c 58aaf4fcf68d2edb4d4eaabaeb7dc908ae06272678f8bacf75dc104dd14539e1
EXPORTER_SECRET 20d9a33983e14544a7bc2bc9b136e3c893538733726eb7e75275b669aedb892c 8d70b2545144f53f1e53a92272154f17e10f2634ed4a2d543ad94a1e0b0d9f10
CLIENT_HANDSHAKE_TRAFFIC_SECRET d604ce39f21f0fce4384409861e4f650b2a21a6cb4f3947d048c5a6f21e1f71e e1c3066f30ce57809f643d27d6b7b203da79023e7c361fb7cbbd3a2fb943fbb7d6aa5214ef8bae35725b147adf37d505
SERVER_HANDSHAKE_TRAFFIC_SECRET d604ce39f21f0fce4384409861e4f650b2a21a6cb4f3947d048c5a6f21e1f71e 4eb405a2bd270fe381c9e0a71a42388a7ce5bc56ff02440f11db4909770f3217d35bee2763fca2fb78639bd8e53a30c1
CLIENT_TRAFFIC_SECRET_0 d604ce39f21f0fce4384409861e4f650b2a21a6cb4f3947d048c5a6f21e1f71e 9d609e55999e973c10eb0a84afbacc66b25f3e8102d75d6fdc628b75a7a5b4dc8749f8f3e461faceb91ab5a785c35160
SERVER_TRAFFIC_SECRET_0 d604ce39f21f0fce4384409861e4f650b2a21a6cb4f3947d048c5a6f21e1f71e c99d8086cc7140342db50ac233168f35a74661d69c67dd7dc532b8b3bd7700fd693bde298f1bb31f827b1d5dbbfa7e7e
EXPORTER_SECRET d604ce39f21f0fce4384409861e4f650b2a21a6cb4f3947d048c5a6f21e1f71e 18c5b0b1f4359ba3f643e19373aa458f8f28f78e779109ae93d470343497786ac912bf76138cd3870953dfc09d559bf9
CLIENT_RANDOM 7854a1879af93c49817237d156130b8148bcb1610f6250a401739e3eb598ea1d c09e90b114ab13b5f941bc9b2643c26d7513402045590c490753f87a17470f1bfe856a947325cdd0596f07395280c196
CLIENT_HANDSHAKE_TRAFFIC_SECRET 757a6777cd68101d31bef2ac105cfc0676661aefbf5070714cb1cffb6b331041 e8e36c9ace1814dd2f66270eb5accd70504f90cccd70126124d0f925f6d67edbf8b367ef5ec1874d7c453aa467d7ffec
SERVER_HANDSHAKE_TRAFFIC_SECRET 757a6777cd68101d31bef2ac105cfc0676661aefbf5070714cb1cffb6b331041 e9072f14984fdbf2f4c8802f764ae9661943f3bbc9e5bdcc6038f680c93fcd75c621c521a7fb660e80d605be4b211453
CLIENT_TRAFFIC_SECRET_0 757a6777cd68101d31bef2ac105cfc0676661aefbf5070714cb1cffb6b331041 88ce13e710a8cf6a563575eb403217a750a2b44b7e9c55bfeda99a47d15b77120302b8304e02d8d54a99862bf2fe336e
SERVER_TRAFFIC_SECRET_0 757a6777cd68101d31bef2ac105cfc0676661aefbf5070714cb1cffb6b331041 26b8381f6dbf00111894061973a46f6a61ad830f5de8d12dec6ddd3d8c7f5e0f2761e588b7d842867c81607139e0ae69
EXPORTER_SECRET 757a6777cd68101d31bef2ac105cfc0676661aefbf5070714cb1cffb6b331041 7d9189038ee56f34d5a32f4b60f7e1adf67ba759681f3158451e397afa822f2429942a608285bb397e9ae837b9ea79e8
CLIENT_HANDSHAKE_TRAFFIC_SECRET dfe020a471e8a63538370134bb44a7165bb7708ac7270e010f4552ae8bae5f3b dae811aedd07e5c3ccf762aa4bd46c13aacbcb12376e4f3c87c5c2152733c677
SERVER_HANDSHAKE_TRAFFIC_SECRET dfe020a471e8a63538370134bb44a7165bb7708ac7270e010f4552ae8bae5f3b e3a51433be2331678258a70984e02737c6f3443058534de4b1395ec5ee39463a
CLIENT_TRAFFIC_SECRET_0 dfe020a471e8a63538370134bb44a7165bb7708ac7270e010f4552ae8bae5f3b be72b9db41d76f58b709b33eebb5a7fa7bdd43018b38b0fece477cd6a97aef52
SERVER_TRAFFIC_SECRET_0 dfe020a471e8a63538370134bb44a7165bb7708ac7270e010f4552ae8bae5f3b 2c4059cc52aafa1a054eed27282e6e94ba5d928ed461322c79b5441a826f6b4a
EXPORTER_SECRET dfe020a471e8a63538370134bb44a7165bb7708ac7270e010f4552ae8bae5f3b 2f442b38659d681571d64089e14fd38eda942cd602922486d8b27c8acf77d82b
CLIENT_HANDSHAKE_TRAFFIC_SECRET 4a4fd9f53e0a6a6bc28ac858c2651b5c1eae0a14e0b51c8bf635af79545c02a5 a33a7dad266ca2139cbd1e88a5462478a9127d408f2621c8a175aa84635a2019
SERVER_HANDSHAKE_TRAFFIC_SECRET 4a4fd9f53e0a6a6bc28ac858c2651b5c1eae0a14e0b51c8bf635af79545c02a5 891dc18b8ff07c1732603e348c1c8f590d9245b2e5f50458a8eb10e9da5edc9c
CLIENT_HANDSHAKE_TRAFFIC_SECRET b0c2faffe9e3c77b89e0779c65955af26b8991675ccde47555aec382350980cd 2ee855421abcbf68b7939aa9eae9674e956418460366f2c1b5ce47ab56e77879
SERVER_HANDSHAKE_TRAFFIC_SECRET b0c2faffe9e3c77b89e0779c65955af26b8991675ccde47555aec382350980cd d0966f7a76f70d9df5bb24b956cd571d73d5fefac44a162f4e50d3145750c096
CLIENT_TRAFFIC_SECRET_0 4a4fd9f53e0a6a6bc28ac858c2651b5c1eae0a14e0b51c8bf635af79545c02a5 cdbbf1d3e73ab128c81ae9bfe2c4c482f268b57da35a707c27b398fd0c7ff2f9
SERVER_TRAFFIC_SECRET_0 4a4fd9f53e0a6a6bc28ac858c2651b5c1eae0a14e0b51c8bf635af79545c02a5 cdb9610eff634a416951ffc6b209273ab44d901edfd23a71f4a788b8c8621fec
EXPORTER_SECRET 4a4fd9f53e0a6a6bc28ac858c2651b5c1eae0a14e0b51c8bf635af79545c02a5 a17ca72aaf2b26222921a45015a4e150e228cdcb6e66d2996e031264acf0db83
CLIENT_TRAFFIC_SECRET_0 b0c2faffe9e3c77b89e0779c65955af26b8991675ccde47555aec382350980cd fe6434f2ef4c140525bab5b72d37575f1ac78d9f3c9ec3c8a932d3ea01239b5e
SERVER_TRAFFIC_SECRET_0 b0c2faffe9e3c77b89e0779c65955af26b8991675ccde47555aec382350980cd e099d57c6e15303102cf742ffe4bccaa33eeb5f8e8b713859778722ce81bfe6c
EXPORTER_SECRET b0c2faffe9e3c77b89e0779c65955af26b8991675ccde47555aec382350980cd 3960cf10e4afa0ebc03a7a91b3bd4a7fbd44e5523f4d0ba960a276af8b909569
CLIENT_HANDSHAKE_TRAFFIC_SECRET 867a3ea700498bcfd9b5cb2f9845ba985de1b7b8816573e5a9365dceb7e79dde 071f129f5830e5513738268559989945745d1cac6092893a8d834061277b378b
SERVER_HANDSHAKE_TRAFFIC_SECRET 867a3ea700498bcfd9b5cb2f9845ba985de1b7b8816573e5a9365dceb7e79dde 1c7de50b37d95a89efc8b448edc83f6536f6e19f915b2aee4b90550897ad959f
CLIENT_TRAFFIC_SECRET_0 867a3ea700498bcfd9b5cb2f9845ba985de1b7b8816573e5a9365dceb7e79dde 013cf77f33bd5ebcbc0a31f926ab890939f71d57f33c0186a12e868b291c2d6d
SERVER_TRAFFIC_SECRET_0 867a3ea700498bcfd9b5cb2f9845ba985de1b7b8816573e5a9365dceb7e79dde 5eafdaf88d6b247b435e25b8ccd203cdff0da0e15a8391751831f96e97f3c07f
EXPORTER_SECRET 867a3ea700498bcfd9b5cb2f9845ba985de1b7b8816573e5a9365dceb7e79dde 75301e15e5d81e97fdc31a075fa0c8bfa4bbe332d497ec75a8eaa1a593c2c516
CLIENT_RANDOM 96b0fa1448f28d328db612060a6f6c3b7e7ca1c035b792b0805127fe789a2561 220361b66e5879f74d30b5eb045d1f0fbeaa1c753cec39ef1344c657a70f23b3abbcaa738477bacd9d7e00cf7104c9c4
CLIENT_HANDSHAKE_TRAFFIC_SECRET 8bf018952b5a30320c74c349149968717a6dfdaec7fab7f58f09f52956bb9a79 3290b9e51733adf5b088cc2e31fd380413803b710ee761dc67f9091bff1fb408
SERVER_HANDSHAKE_TRAFFIC_SECRET 8bf018952b5a30320c74c349149968717a6dfdaec7fab7f58f09f52956bb9a79 8f7e5bba7df64e91c753db13045088034ea4b36902f28d44f305a39b3e03191d
CLIENT_HANDSHAKE_TRAFFIC_SECRET 8f7cef6f2e0ded54c346f214ad8e0524c36f1d992e1bb69c63386a08586eff18 8bda6c99bfdacd8c2da10927d8107abeed4b1b7822b46418a9e4fcf174ebddfd
SERVER_HANDSHAKE_TRAFFIC_SECRET 8f7cef6f2e0ded54c346f214ad8e0524c36f1d992e1bb69c63386a08586eff18 ebcc64cc9013352b51a6b017c31bca8317ee6e5c522c28b49e295deb98129b94
CLIENT_TRAFFIC_SECRET_0 8bf018952b5a30320c74c349149968717a6dfdaec7fab7f58f09f52956bb9a79 6a53c8ee3db4e0a0346f10be1aa414ba3a222a7f0f6b121fe9d327f984e8cbef
SERVER_TRAFFIC_SECRET_0 8bf018952b5a30320c74c349149968717a6dfdaec7fab7f58f09f52956bb9a79 d3a9594d82a99c2070556335f06a543f0bfa3ba8638a34f0a1697a0731905dff
EXPORTER_SECRET 8bf018952b5a30320c74c349149968717a6dfdaec7fab7f58f09f52956bb9a79 07e86b127edb943e64d774ea970837aed87e73155792d60fa45cfdbbdaab1fbd
CLIENT_TRAFFIC_SECRET_0 8f7cef6f2e0ded54c346f214ad8e0524c36f1d992e1bb69c63386a08586eff18 75d82b99bbc58eef76c56f7da13dbdf1501bd476dd3540cad50cd57a6d767951
SERVER_TRAFFIC_SECRET_0 8f7cef6f2e0ded54c346f214ad8e0524c36f1d992e1bb69c63386a08586eff18 e8a0b3e654b84d8b92ef648e1516a253cc39388d263a6f2959240435bebcbece
EXPORTER_SECRET 8f7cef6f2e0ded54c346f214ad8e0524c36f1d992e1bb69c63386a08586eff18 9e69ed59f78202e37b662756c67205576100a3a37726b83b3ad3e5e858016073
CLIENT_RANDOM 42c541297f5e0e2fd66a1be8fd7423c4a36f00f96d33c4fdc569627a78816d01 88d1687b1a3a3f5aea718f7a49ae9b476240806769406a8a36af44f121e1a94c3fdf7cdcd8507491ca5933cadfeee615
CLIENT_HANDSHAKE_TRAFFIC_SECRET 0630bf2189977091063f1bea8f02bdef074b6872cabbed76dee1b192e3ef01f0 51a48c83d6873cc1005147343883e232de2dc12853a39b44cf49480c72c06bf6
SERVER_HANDSHAKE_TRAFFIC_SECRET 0630bf2189977091063f1bea8f02bdef074b6872cabbed76dee1b192e3ef01f0 9f695e6208dc872ff1e2b2495db6230601a49403ac846d93b34bcb9bdfe14130
CLIENT_TRAFFIC_SECRET_0 0630bf2189977091063f1bea8f02bdef074b6872cabbed76dee1b192e3ef01f0 9213c1ef4fb7b244ca7d11fc6e0d0c6612468c11b146de27de2a20c9c1c3948b
SERVER_TRAFFIC_SECRET_0 0630bf2189977091063f1bea8f02bdef074b6872cabbed76dee1b192e3ef01f0 984f4eaeb311deaf1edddd1997b51d9fb4ffe1cc7c5b4f7e77d7a82dd7e9d3f7
EXPORTER_SECRET 0630bf2189977091063f1bea8f02bdef074b6872cabbed76dee1b192e3ef01f0 dbd941c5ce3a0a4cc5155087eb439ca6068c0de87a6f66a2a5848923a13efede
CLIENT_HANDSHAKE_TRAFFIC_SECRET fc7fce88cfd9c777558686f51dbcd414fabc7ba8b52c7dad7534b0709050d894 1ac2c8d49d13782faf9eedae8c55688243f67241d3e038f286c111295210fcad
SERVER_HANDSHAKE_TRAFFIC_SECRET fc7fce88cfd9c777558686f51dbcd414fabc7ba8b52c7dad7534b0709050d894 d163a02c5eb64067b92106d8b2b393b5d4e6b62c7719729f4f3555cd4e0d7347
CLIENT_TRAFFIC_SECRET_0 fc7fce88cfd9c777558686f51dbcd414fabc7ba8b52c7dad7534b0709050d894 224fb7d0b6c22d7aaeb77eb39f2f67a3ef087704a013405171f6504972fe59d6
SERVER_TRAFFIC_SECRET_0 fc7fce88cfd9c777558686f51dbcd414fabc7ba8b52c7dad7534b0709050d894 bb3dac9a2199147dad140d424f2edf8946658e20a5296ac5823a1c505a0f4fb3
EXPORTER_SECRET fc7fce88cfd9c777558686f51dbcd414fabc7ba8b52c7dad7534b0709050d894 797dbd122364a8052b93ff7add33b69045867ef683271ebe817ae378d20642a2
CLIENT_HANDSHAKE_TRAFFIC_SECRET 9e37f34fbbd6cda25a76cca1d35226d6c20e26e9b5f7f38cf626881907b173b4 766010244478c4196c5d484f5e70c21f38f595f47eeb8d25047564a0eb16d5c6
SERVER_HANDSHAKE_TRAFFIC_SECRET 9e37f34fbbd6cda25a76cca1d35226d6c20e26e9b5f7f38cf626881907b173b4 413ff79f0a65dfb240b98cbcb540ebeaa0c18b46cd20fb7e0e8db7fdb2643696
CLIENT_TRAFFIC_SECRET_0 9e37f34fbbd6cda25a76cca1d35226d6c20e26e9b5f7f38cf626881907b173b4 1cfb15f52aa691591824864e57135a4c46e64f240db0153d579b3c149c3aa454
SERVER_TRAFFIC_SECRET_0 9e37f34fbbd6cda25a76cca1d35226d6c20e26e9b5f7f38cf626881907b173b4 8314347c6ff1a38968e0cb747760d0f72503e10f865b7595a1495e00cfdd423f
EXPORTER_SECRET 9e37f34fbbd6cda25a76cca1d35226d6c20e26e9b5f7f38cf626881907b173b4 26754a5c09ca958b49fc64b28a9b4dc4e888b88eb70e43ee9ce946f701d5f770
CLIENT_RANDOM 22280b9d997af3abb1cebea2333820c78b5c3219cf3f9b39bd8bb5b3812b7a7d 87a34d18e81aedc505e3959d73a2bf61331b2cb0ce1a6489d3b8d72d6fed6c8c14b8aaae89cc30ba487708eda926003d
CLIENT_HANDSHAKE_TRAFFIC_SECRET c6e55cde2672fc33c1996604210a2b800edaa78735c92d09b46b10fdac1e5a17 d641112b3e02b2790f9da9be9dfc956d4e436b94807eb30a7e46589fa073c4e7
SERVER_HANDSHAKE_TRAFFIC_SECRET c6e55cde2672fc33c1996604210a2b800edaa78735c92d09b46b10fdac1e5a17 a95a31b882d654e913cf674e647fd0a19bb1dc278b47a66b1b81100e961d77b1
CLIENT_TRAFFIC_SECRET_0 c6e55cde2672fc33c1996604210a2b800edaa78735c92d09b46b10fdac1e5a17 3f8404fa1fad58fa86aab72dc176ae6500b767c700e2aa5708ba72ccd650092a
SERVER_TRAFFIC_SECRET_0 c6e55cde2672fc33c1996604210a2b800edaa78735c92d09b46b10fdac1e5a17 16eff28925eed96a9550cddeb03fa96261c41383a50c9e967bcc71cff1ad89af
EXPORTER_SECRET c6e55cde2672fc33c1996604210a2b800edaa78735c92d09b46b10fdac1e5a17 cf9815236806536977b3ea3b116b10f0856570882426af4fcdb1d524f81301e0
CLIENT_HANDSHAKE_TRAFFIC_SECRET 9d1a494b687b15240ad31e0067f63d1f1a116ee7171dae38e093df92f3c953db 70906c2387f950c9562c65c0c0ed426a460cc18fa0c0b4d174c88dbf987a056b
SERVER_HANDSHAKE_TRAFFIC_SECRET 9d1a494b687b15240ad31e0067f63d1f1a116ee7171dae38e093df92f3c953db 2e333871c454a9c06f5d9f4eac0e18028cb1c6cea93ca0d15009253ee10c5ec2
CLIENT_TRAFFIC_SECRET_0 9d1a494b687b15240ad31e0067f63d1f1a116ee7171dae38e093df92f3c953db a48be4b116e3d6480a0e53e719bc434453df07dc2d2dbf3885e23da3f5d82af0
SERVER_TRAFFIC_SECRET_0 9d1a494b687b15240ad31e0067f63d1f1a116ee7171dae38e093df92f3c953db c69c8b00cc12369ee38bd4b4949d8452c7d0a32b65e9c47aa91b35f8bb36c3b3
EXPORTER_SECRET 9d1a494b687b15240ad31e0067f63d1f1a116ee7171dae38e093df92f3c953db ad9471e1b74fcb6cf004eea3557176cca18760879d1c1cb4010c8a9a1b0dfd80
CLIENT_RANDOM 174c70c5f0c0bb52b95d57d439d3a9d9c02ff9acf3409f1577b0fefb48095d6b ec0ba76b2decf09653522a3bd4cdfd9cccf0caf5d071803d7cd673318212f1c3dd8beeddd739222459933a5f40da8285
CLIENT_RANDOM b1332cf9d95e169d1f8e1dfedbcd0edfc7f9363db447266586373c235e36f72b 7c1e109eb1cd775961df02d8f1f37b0d3f20c9f29da8025532ced6c92466d5c38362a50cdec7cc8b5415b133b145e6f8
CLIENT_HANDSHAKE_TRAFFIC_SECRET a70be1a69a287a797ebce09cf00315a79268a8cef77c29f604efb889480071b6 e7624f2802dfa42602fa8078b0c6a3dd50fb4d2b7232f6e8c4355860ff4803e9
SERVER_HANDSHAKE_TRAFFIC_SECRET a70be1a69a287a797ebce09cf00315a79268a8cef77c29f604efb889480071b6 eb8dd61c4a694f4164211476edda1d467e1d90e9df7ec6b5c4115132273de38c
CLIENT_RANDOM cb8fa94d8e405a89ced9dd1d4896eec1f64e5b005b0871784dec084d4111eff5 28956999818ba810adb1ad532ac753110158e0ec7ecf594af027d825dc8dacc50d6d704fb0a7f8be1809ae53f44aa0d2
CLIENT_TRAFFIC_SECRET_0 a70be1a69a287a797ebce09cf00315a79268a8cef77c29f604efb889480071b6 569c3d8b7834557a14ebb0bbcdf97c082807b1a4dcbd554fcd8b1fcfcea3448e
SERVER_TRAFFIC_SECRET_0 a70be1a69a287a797ebce09cf00315a79268a8cef77c29f604efb889480071b6 aa177719865c541939f80ed54af93b703f107333be5f0c7e7f814b827d1d3957
EXPORTER_SECRET a70be1a69a287a797ebce09cf00315a79268a8cef77c29f604efb889480071b6 8163883f05a6d06dfdca9fabc7a74fdecc2bb530de76788ae675df08cf037be2
CLIENT_RANDOM 56d39450283ca0a2c65461f3b1eeb84c71d50575e817dac5489c454963af7c58 ad4ff6c6a1466951b27eb4a0b2bc02489759b9806b2cf3011e8e5de81cfd87b81fc13378f2b377fd761fe074c220bb1f
CLIENT_RANDOM 29b909f822e2f6756610adca8e1642cb711c8cdde0cf09591774fe41fd6f71f3 a42cc6f42ae59b5560ca0f2967715c92608ef199bb971276067c6c1b749424d6e89559cb2b5dfce780d9a4a70b21923a
CLIENT_RANDOM 65106ce2f3a596eeab24d6379eaeefe439b0da54a42df553f7033fd6857bb5bb 4c7f7f635280f46c14923c5e54eac4ea4a6f24ca72c1f21a2de7a3e162c9cd69141d83eaa9b1bd6716b76594c986ecd4
CLIENT_RANDOM bd5cb3cd59cf99ba100799cf25d20248b572837d27ec1aea973e7e919c431a8a 0c141bce685139bb2da5dab73265103b244a67e7d4803f73466067541d1f32db2853e459502661c295b3a57c98870472
CLIENT_RANDOM 8e1272996c56832be118f60f2ad84f7e260a2742ffc013b8f835bc62107d5295 3ecbc5548874d96746d0eea9b1937b3f1d68537094cfa6a513416b81b9753068425b93d29a7b71480773a39dfc78a74f
CLIENT_RANDOM ff9220cfa6349c049978155b644f8d7aacf72fd4625aefd5ba7a2946b240f15b f943a4b8930b71a069f3a39b587f855c6c56929129607de85c02a28be63d2b549505d26604ac9d149dc641225069df79
CLIENT_RANDOM 4659737badacdf8efcdf31afa6f428b44256bb7de919c9e69ccd9ec1d61210e1 891222f79c494bd3bb30e75086c9c368383410c1218e529d55c818245c9f4efdb08687bda8c1cea347fcacd52ae27d11
CLIENT_RANDOM ae383d67cca8c0d641acab47c98b8b0fbd5be83ed1a8107dde8559ad5f319983 cbd64f425ca717d167896148dfbab1907e1cc65e6db28173a8defaed2ed844d2c91c35d85ddff650b6e75990daef2114
CLIENT_RANDOM 306b8487597d0e59949632df0f90a3b4655a5e149eecc64810c7ba01557cb411 f307b9025c0ff33ed4ae23161c8be1f4d112a385ae83f86318e3be36c37b0c63f262fe1ce174caf6766fbdd6017c2afb
CLIENT_RANDOM 8b9feaa1f1f387068559b199be77cdcb529d9adde1b3b7c7501b7bf5cbf432c6 c480f3b8c281c0a12d0f46c724bbe9af4001727d6817d5b36ca38771168a1f04b69492c3abd290dcbd39af132b86cfcb
CLIENT_RANDOM 574633f73090dbb91fc7da4e6ed4b7fb95ebcfb04637bd13fd10a4b4d11f794a a46a0e2a4f4c8e6b86c0e53af7590ed54ba8397aff8fd3b1fa9bf2f29c82a00781ceab11c551d32fe060b6a08e8ecfb1
CLIENT_HANDSHAKE_TRAFFIC_SECRET b4415cfa6ac9d6a93933dc16f7e2894b9760c22d54f16b5a7b196cf64ebd5cdd a991f67ac621d0570907b80a99ff859e47894be3ddc58164628101738160153f3975e6934bce40ad70a0c1d758efd3f6
SERVER_HANDSHAKE_TRAFFIC_SECRET b4415cfa6ac9d6a93933dc16f7e2894b9760c22d54f16b5a7b196cf64ebd5cdd 40356ee23e59b8961cc535e8b4c1038f56248ea0bc17165dab77fa0f4351a7c7af57b3f4f026f07d548bccb605e6e194
CLIENT_RANDOM 71cc81ea7bc6df46cd3e9183bf3d3330756e07a0e3e8074bae43608e4d39e90d 7ade5cb3a42385adc996698f8f02b1cc81f0104c6e65f4b0729b994eec9c27ec75407c88aad57dd6323b12230dc91cab
CLIENT_TRAFFIC_SECRET_0 b4415cfa6ac9d6a93933dc16f7e2894b9760c22d54f16b5a7b196cf64ebd5cdd 25067b32225420acaf29ef6ed5aaa08b0e12b59d5eea3e38bb022fc5ffeb14421337ce0a7e2faff089a1d49050caf5fe
SERVER_TRAFFIC_SECRET_0 b4415cfa6ac9d6a93933dc16f7e2894b9760c22d54f16b5a7b196cf64ebd5cdd 84f054800cf0c04313f6586ef85a21c862e11d96f2248e93a866ce8e908752a4913d261f3bcd5052286ba3cdfb826726
EXPORTER_SECRET b4415cfa6ac9d6a93933dc16f7e2894b9760c22d54f16b5a7b196cf64ebd5cdd 55a37fae3b5daf1d212baeeb6ad9c0de90e21c289de9c2ae3ead0e22377788f3da1811c543c2f98ddf13e2ad1f24f9c4
CLIENT_RANDOM 9f7d5baf8a1b64edfece774b49d2fcac8b9225bb98ae7b49d09624c6d1a04009 358052735f19625e0bf4829bfc290558257e0a69017508c7f6b5be947421f8a1f5332bc1820918f4360ac4fbff5c67b7
CLIENT_RANDOM 29438a058076091a5401c847f57d26ce0c1773213a8f7ef74318215e920c6fc1 44f6c76e41ee5531f7631bc6be0589a0a8b0c8c72d8db162d18653c0bc481564e987f35f504ef430190be991cfecbc00
CLIENT_RANDOM 81f9815168abe40d34b0e987e9323cffad50bf3896e0d56b478ac2d71a1efc3c 51b65872310ac8fb999397000487b5fa15b59ec91d27dede17832dfd0228e7fa8d6353ce6e822d37d57391c85403dee7
CLIENT_HANDSHAKE_TRAFFIC_SECRET a1cde98bad12d13567a45da09bfff6ccfa1ebe904fa170e98d1c86f52f643b11 c98cc3521afac4543629bdba83bfe2b282b9a1a1613116006a8555cf265a492bb50bd339fbc77fc6ee83ed4e26aac680
SERVER_HANDSHAKE_TRAFFIC_SECRET a1cde98bad12d13567a45da09bfff6ccfa1ebe904fa170e98d1c86f52f643b11 af0290c821063586e3faf23c23b859a69e7c3f52ca241f0aead3c8b04c689b6f920551f4cb2a8c3bf29e411135978829
CLIENT_TRAFFIC_SECRET_0 a1cde98bad12d13567a45da09bfff6ccfa1ebe904fa170e98d1c86f52f643b11 de7ebeca8bb637f85f1aa350b3b866ebb7d795032842a9cbe3d6181336880984c40c043c2febc07fac85bd4e4b02e47e
SERVER_TRAFFIC_SECRET_0 a1cde98bad12d13567a45da09bfff6ccfa1ebe904fa170e98d1c86f52f643b11 8411f530bde3f668233ff623a079815b9ccdf440607b1b92b3bfe76793f5efddf7a3a9a91120d3a16db88fb3e1d766b4
EXPORTER_SECRET a1cde98bad12d13567a45da09bfff6ccfa1ebe904fa170e98d1c86f52f643b11 0e15eebc30b9974f1c1c49a31cfaba98404919f4d4541c66a37320ab0317bc25a9cdd94e135a1c2171776fc467da3bfc
CLIENT_RANDOM d20e7fc6c355732f831ac279efaba0750feee6ab480fffd14baa797cfb8407b2 4da5c96b5671dd7a2eee806927ddbb7d7d480010f4c8e48d020fc1ba20f7691aec62a144a5f03f9ab4d34f7f42135022
CLIENT_RANDOM db4b607dc7a5cf425cd7f669a8f47760e08d2ed3c286e95094cbc3950248ad4c dc0ac14ceeb0cc442204476e4ee7238e5a6560be9d2e58ec1e3334362b3a06baf3b4569b5d4d2accf157e6dd34dcf604
CLIENT_HANDSHAKE_TRAFFIC_SECRET 6cdb42b9ed469f1296bb66c2c13bbb868abca3603ff8c91065ea2019ec2c8dba 8168666dfd89c208e67d6bfc3b5de0441c82f527f58307005fabdf1f0167be11
SERVER_HANDSHAKE_TRAFFIC_SECRET 6cdb42b9ed469f1296bb66c2c13bbb868abca3603ff8c91065ea2019ec2c8dba d169a03e7cf895e5f4d4a687bf9d62381ef0fca8ce139b76ee74a39a9fb34069
CLIENT_TRAFFIC_SECRET_0 6cdb42b9ed469f1296bb66c2c13bbb868abca3603ff8c91065ea2019ec2c8dba 67becf16e9cb29244b7eb849be6b8c9a7464d6f2e30ee3fda1f2f5fd4444022f
SERVER_TRAFFIC_SECRET_0 6cdb42b9ed469f1296bb66c2c13bbb868abca3603ff8c91065ea2019ec2c8dba 97b49ed796a8bac06bbd189fc9fe7cc7f55ec76335d2f48f9648a147d26439bc
EXPORTER_SECRET 6cdb42b9ed469f1296bb66c2c13bbb868abca3603ff8c91065ea2019ec2c8dba 650e6684ac5011ddf77d16d95526e667209b5b8712ac9097eec68e78fccc883e
CLIENT_RANDOM 1bddb7e271c218df808abf97d06c6284bb59012d68caa49dfde8a5e04ff4e1ff ea727415b2d280f5e65cf840d0011880fdda9bfe6a037fd7bb51cc58f28f011ecc6f1cc61bce05163fc3cbe065f711e6
CLIENT_RANDOM 28f6fe449e117ba9372b4f641157ceb9fd4e7f14642105645cae41971be66f32 a5a29b6c08c8a55e34541f4cc2f7b53168ed654f02da0babfc80dff0a88fdde6d003f222c0a3c2da2eeb340e17b5b9b2
CLIENT_RANDOM af1341b230d09306027c49aee309ef3cd420da5c2ab6bde615324a83c73fc26c 398dd85a1f4e9ec8240713203dc2634cd005cde166d8ba676d12d9e3535938385d81eaddf429033f8800e957211debb0
CLIENT_RANDOM 3eca7712f95412225b8eaee8c6479168becba904da56b752ca3b27808ffd63df 7526f985df4f44f20e405595347a18ceade2195053bc8bb6570225242bc636450e1ca831e4d90703b5b5ceb22543fab9
CLIENT_RANDOM 80f11716cbdae4707fd78eb100ab161ed4f91dc647df2e77f4a7af518855422f 9c07544eb5d9499e54567bbc8048e3c79d443bb3f4540de35bbe23fbe55be54a2616bd2b27e732255fa08d4f29dffd93
CLIENT_HANDSHAKE_TRAFFIC_SECRET d8a08bb192748015204bf30bacceaebcef7c27fa13d8aad01ad5c3c8f35c00fb fd77175a88e916a4a8c7ba046aac46067f1122f1e2536d7c67c7c8cfbf926dd4
SERVER_HANDSHAKE_TRAFFIC_SECRET d8a08bb192748015204bf30bacceaebcef7c27fa13d8aad01ad5c3c8f35c00fb b44f722170da4f7b8567efef75463d996678d343bebd4412d80414dbd29953a1
CLIENT_TRAFFIC_SECRET_0 d8a08bb192748015204bf30bacceaebcef7c27fa13d8aad01ad5c3c8f35c00fb f7c4019e30a5e5852e6a0d92acb0b39e119f49eb5d58fb24c5316aa0bc87dab8
SERVER_TRAFFIC_SECRET_0 d8a08bb192748015204bf30bacceaebcef7c27fa13d8aad01ad5c3c8f35c00fb 67704f51cc600cb999424f81cf38e3b86d1ab4821811b1c4af60a468317debd9
EXPORTER_SECRET d8a08bb192748015204bf30bacceaebcef7c27fa13d8aad01ad5c3c8f35c00fb 81091293af7aaeb7f889664ad70bfa3d30d128deaa4a350c03036105c1e48ebc
CLIENT_RANDOM 7baa65722c0e0430b2486e49249bf20d6af87a696faa81803a335cd28ea89ca0 39f130bc3e3d33d8e9eb800868ff1ef61e6529803431b17fb38fa72638f782d0273adf513f6a59b4554f2a37782049a1
CLIENT_RANDOM f4d2eaf983661f0abee1bc5a96593db090b4d6a89a414f5d74236ac0492b5591 6c44ae03a31b6e43adfd8cfd30df6d6489366f94a1e09ae3b8f67cc451bf012527ce84b5a527ec6bee1f2347af246b05
CLIENT_RANDOM d202c38f6fcd5f5fb02668d451aa31af52f2fad44983f67befbf7add4f131270 dcb8ff3aaf552b20b36aca569e8cbba3ef86230b47a4500fced11c5d5704e9031afdb22d7e84cfbc50ed606809ea4ec8
CLIENT_HANDSHAKE_TRAFFIC_SECRET 145453339a436cb7fa6f1f3ed1bd6846e801a9c7a99fe960ee619005126241f3 7e54a10b7222a056ff1a1b336b902943e423dfea34adbdae1639e960907433ba
SERVER_HANDSHAKE_TRAFFIC_SECRET 145453339a436cb7fa6f1f3ed1bd6846e801a9c7a99fe960ee619005126241f3 84c6499123ab7cdf4f3e958f5f032d38bdff5d94fa6e95be0f3e877f5c841627
CLIENT_TRAFFIC_SECRET_0 145453339a436cb7fa6f1f3ed1bd6846e801a9c7a99fe960ee619005126241f3 ef1c3dcc3a12b64605c64970420d3b60a60203f19deb88932a1c9a3aa44ef611
SERVER_TRAFFIC_SECRET_0 145453339a436cb7fa6f1f3ed1bd6846e801a9c7a99fe960ee619005126241f3 670d6f56ef152528e543e85578039836276052edef376ab48da2d8790617b2a7
EXPORTER_SECRET 145453339a436cb7fa6f1f3ed1bd6846e801a9c7a99fe960ee619005126241f3 c4a1d253252ccc4a312ded48bbcad71c50fec89014c55b2d1530bcf676088272
CLIENT_RANDOM c0e4c324fb42fd2331e720218e17e02c3def8f078503353e04cc70542ff4245a c6c0e54bf5734b135d4949beddc22cd148aa46bd6105bceec184062ead51a6f5271243ad03b48206d17578958c39c791
CLIENT_RANDOM ae5d9ecfcbc5e66c56038455a3c8b020fe6468dc0713ecb92e40ee60087f3e5a 46e839e333d55f9a5b9df1187d1fc7478e1935b415e34fdd16d3cc30ed1a1d4320c76dffe9f41d6059e260291791e5ca
CLIENT_RANDOM b5db7ef6e0cdee63754f037f33d1eae575573a1d7e0c7d3d2cfb727c47e4bbbf 7972c53c92ae1e6a2009780d57bb05ef55626e5dabcc4f03b78a7ffcde0d2f516c1af55d79b1d7d5a195b5bc4a076725
CLIENT_HANDSHAKE_TRAFFIC_SECRET 01d9a3e94237408d7deceb6b830cbd6c666c0d426d5e38357c7ecd333099d595 a54086ce2e714803427b322318ac94a79c192c9f9d723e727ef58ae7a9cb9a8f802109e8172e69c40c959840acd37384
SERVER_HANDSHAKE_TRAFFIC_SECRET 01d9a3e94237408d7deceb6b830cbd6c666c0d426d5e38357c7ecd333099d595 e6c0d7fe6662ed4ef6bea94d8b646ff67d8428bf2be9f83a96a3bc03e5cf574fff18a564e19c717b321f3ccc54058bf1
CLIENT_TRAFFIC_SECRET_0 01d9a3e94237408d7deceb6b830cbd6c666c0d426d5e38357c7ecd333099d595 50dd5ca374076de4cbc37631a7013ade60346786824c3560c8183fd74d12bb77c74bd7cd8a4ebd3ff3cd578d719e102f
SERVER_TRAFFIC_SECRET_0 01d9a3e94237408d7deceb6b830cbd6c666c0d426d5e38357c7ecd333099d595 55c9d161862a52e7d5a7b023c70077c62227066219f811c71526e6e76852196fabf7287d4e6c052dc8c650030af13283
EXPORTER_SECRET 01d9a3e94237408d7deceb6b830cbd6c666c0d426d5e38357c7ecd333099d595 6bc4bb9d292ae915bee9e7be3e4ea8d4e92e582aabd621731f27db5bf5e4df356ba258f22a3f145fce030e1bd33c2f0a
CLIENT_RANDOM e178a37eea25dd361817a18e081d796ae6b0cf0d5a53e3e12804470179a94b3c 27db5cd858042fdc1216aea593161abc013ff6d7bd224788a7668704760b88d1d915f29893eb0ebc191ffa65bc124c1e
CLIENT_RANDOM 2040c2f2752901dd55cf8fc459b558872dbb207f0e54253df638b911d0b93fe5 f06a890eb301aebad304deaf81e4d04e9a80ebd82081bb66b2c92ab601ecb25661cc65955de77fa6fa0c3d7f226e027a
CLIENT_RANDOM 7bdc3013d7aec5aee28a906495027bc8c89f603d9191402a02a721b044baabc7 285fed9a2781d89c4fef80175eac4922bb499055a15dcece289069d4820d589c045983d3dcc166d15a22025ba87163c3
CLIENT_RANDOM f721d0efd9e7c6f67b16b5c45adc02a316a68ba99e3c871c0bfc1b17ab04a89e 41cd81ef2d4b27a268bc7be2b7a97fcfe9af6a3472a62dca64d902ba7a6f806158d7df59728ce81ee93b4ad931ece174
CLIENT_RANDOM b54a1a2cab4ac14d14bcd2bf6fbeb7b02e79a89a0409fbbbb0c533caa63b77bd 662c40e2f7536343eb1b5f1fb5b49643842546cf7b2d1f2b6627965f0862221b2ef6f0bbcc213d5b0c88c194b2af07c8
CLIENT_HANDSHAKE_TRAFFIC_SECRET 12bd5041c830b13d024ded548b06c05017ad908f9339373e2c56005a598c3fb4 2d070fefc6af1063ab7dfdcaf2e23816ebc9613a465f1020f77558c3325c0fdf
SERVER_HANDSHAKE_TRAFFIC_SECRET 12bd5041c830b13d024ded548b06c05017ad908f9339373e2c56005a598c3fb4 587d8dc844d834e8b0a26d8ee46c82282b723a608e5a9f9a4aa06a3bef73c40e
CLIENT_TRAFFIC_SECRET_0 12bd5041c830b13d024ded548b06c05017ad908f9339373e2c56005a598c3fb4 6aafc14854d4e3beb2e445bbc69021bb630cf803dffa13bb113f6fe53ee83495
SERVER_TRAFFIC_SECRET_0 12bd5041c830b13d024ded548b06c05017ad908f9339373e2c56005a598c3fb4 4a7dd8617959f2c95635954e260c45f7f186801378c75b6a9d29762d3f3c0839
EXPORTER_SECRET 12bd5041c830b13d024ded548b06c05017ad908f9339373e2c56005a598c3fb4 e624ea36a178baa83436b38c873c65cc7c45cf0141d2a1c3fcffd71761c1ae79
CLIENT_HANDSHAKE_TRAFFIC_SECRET 9a3bf16bddf319bfbecac5ad0e998ec77c5978c701489b79e27a71d4c77c382b 1cb35f09e41192c631ac799224ce5b635899df0c502e58d388e203dc61222914
SERVER_HANDSHAKE_TRAFFIC_SECRET 9a3bf16bddf319bfbecac5ad0e998ec77c5978c701489b79e27a71d4c77c382b 4cc3fd9930b4f8b9e7daef921aee4cc65e2a849c64265129230282e2e0dc49cc
CLIENT_TRAFFIC_SECRET_0 9a3bf16bddf319bfbecac5ad0e998ec77c5978c701489b79e27a71d4c77c382b 2778bc62ddeee485088e0669588961d0ae10960902f23ca7d10ce6434ff8a061
SERVER_TRAFFIC_SECRET_0 9a3bf16bddf319bfbecac5ad0e998ec77c5978c701489b79e27a71d4c77c382b 72b270326f668e08549013e0d6ef9f9fa41eaa3aefda64597f881bf033bf4ead
EXPORTER_SECRET 9a3bf16bddf319bfbecac5ad0e998ec77c5978c701489b79e27a71d4c77c382b 2f4538a15a43b41f87821c3d14c492f968c8ff7c6b1372673c80b843198453ea
CLIENT_RANDOM 354a3cb2a09430ad2515c0d09c42eb0918d25baabd27c8f6c301afa1ec37e380 b7829535df1e324167e669213deb377ea27ee930d8293d8b09b11071eab6b2a09d124d601f6f46f9abefc4a3dad79b55
CLIENT_RANDOM 38e57ad456c33a0cd60a1d50e1ba41024b3cacb886db152d72c0969c5d84eec2 424adc03232df70a421f09172025a0a0060ead2b01504be567f15f5c5a900047535477ad815295a1885cd8120b41df82
CLIENT_RANDOM 921c921652ebfdc4960f9c2a36bb1c0c212d1c12ed064af970942bcee1256c1b 46910feb3ffd94f2045327648482fdfeeb67242659279fbbb675c749fca38d218a0c99a3c856890b2c730ad94913935f
CLIENT_RANDOM c7fe472d055379737a377aaa8b3db89a64075a23ebe2c334cef7490ec7743ac8 7c96861f7d6147c629e2ebd618278dcc9e5387fe4fec21008ec97c6e97b6f309e9894a22cb26946e10dc512a1159b815
CLIENT_RANDOM 913aeb1639cae61026b0aa3d29572390d057a3ddbca057e36eef3ae4fdd66db2 f1a43255ed10ab9ad68213c8e2adf3d370d1229a980edd42cf690e3e029d262e64463fbc263409faff30ee1221783d51
CLIENT_RANDOM 961adcf374457ef97a899927658ebe8ced77ddd5c47d26ae0b4eaec0cb8c4a32 9b0a3984757b7e321d7555345a30d5b7f19ad4ed3cec62735a3fbe5cbbb5f031e8b9ee39daaedc41d668efa6bcb1ef40
CLIENT_RANDOM 582a21c106fe58db8fde641696f10fe14b1290817ce08a33c9009f87f2524641 6c5258848004697cb0772aff0bd1eb67b46e9bf7bd47d9f3c73f59e45d52fd0a232920e8746f9a6560ca7ca4a282d2bd
CLIENT_RANDOM 41ae16f1781bd6f91981f4402e21bb7355054d348ec9fbdf4e9f9dfba3a0092f dd416bf144ab95824d9deb8449c82ee9d2338f522aafd14c0426ae711aa55240f3bf5ce540fad1a015c142670c88b5b2
CLIENT_RANDOM 8f1b1371332d5a5fbb96f3ac884185a291a54200be598bdaf3a1f790db0acb82 8f6a5dfb4dc89b1d3c5b6db036c70bf401f12a5b3a142e80089615e06732d3e03a69c855d931cefcdb0a4da87930251a
