CLIENT_HANDSHAKE_TRAFFIC_SECRET d8f8554da25d1aa37a139e212251cbab7d11c1fe0eb09f9ffab67466da17d477 b460e5c124bc8cf81c1de51e3b153ebfe78fb9a6bb9f9929bb3b2a45e910e5c9
SERVER_HANDSHAKE_TRAFFIC_SECRET d8f8554da25d1aa37a139e212251cbab7d11c1fe0eb09f9ffab67466da17d477 904fa441abe30e899985a8f73fb60889d3cc7bf565106d18c76967d07a5ab18f
CLIENT_TRAFFIC_SECRET_0 d8f8554da25d1aa37a139e212251cbab7d11c1fe0eb09f9ffab67466da17d477 5105adec2ef80ea2657c97b14420c38c5b1167b6dc38de04628c1c61ec247e4c
SERVER_TRAFFIC_SECRET_0 d8f8554da25d1aa37a139e212251cbab7d11c1fe0eb09f9ffab67466da17d477 a0c1fef31a2d87e97de9172f38d47385d2bd04d19947830649655a999d22e6fc
EXPORTER_SECRET d8f8554da25d1aa37a139e212251cbab7d11c1fe0eb09f9ffab67466da17d477 4a9d7a9de585067fb2947189e9e615047d52479c04d733f3bc2f53b45dc87d3e
CLIENT_HANDSHAKE_TRAFFIC_SECRET ea5ff50bd30f4e314d6470c388e001b77ab1f98f628c795f31157e5fba30bef3 cf5d612112f2c407a8cc6874b4a1e4d7d20b89de3cdded06f7ab8996e8f7d8f4
SERVER_HANDSHAKE_TRAFFIC_SECRET ea5ff50bd30f4e314d6470c388e001b77ab1f98f628c795f31157e5fba30bef3 2d01dab77f9168e534516d98d8c110069ff032432bd126c883a67bba7868acd0
CLIENT_TRAFFIC_SECRET_0 ea5ff50bd30f4e314d6470c388e001b77ab1f98f628c795f31157e5fba30bef3 1a573a3005b1ac7f2d16228a704a2f37c0e971729d3bcddd215d9729b8c043dc
SERVER_TRAFFIC_SECRET_0 ea5ff50bd30f4e314d6470c388e001b77ab1f98f628c795f31157e5fba30bef3 13b109da942bc0fd92a482abf881ab0b3fc7c02339c4463eb334d1d21c861c50
EXPORTER_SECRET ea5ff50bd30f4e314d6470c388e001b77ab1f98f628c795f31157e5fba30bef3 66e64c42052eb8c375cd045b4cce5ae0207e7cb0194f991905921dcac3206f4d
CLIENT_HANDSHAKE_TRAFFIC_SECRET fbd0ad2942f96f3ebd605781c11322b76b6fca0462252ce0a0ce7eef511aef5f 4c2b9849c24cbe6d4acdda4fc7ce8ab91f090a2965ff16d92886b8b4a4f77fdd
SERVER_HANDSHAKE_TRAFFIC_SECRET fbd0ad2942f96f3ebd605781c11322b76b6fca0462252ce0a0ce7eef511aef5f 3e522c0225edb98deb0e122d1dfb225d303fc89bfe78f55f7eb81bef96d0a4a0
CLIENT_TRAFFIC_SECRET_0 fbd0ad2942f96f3ebd605781c11322b76b6fca0462252ce0a0ce7eef511aef5f 6620e3cf8e5c4ea7a79c79f95fedd22eab961752b453d004857069fc4d470b9e
SERVER_TRAFFIC_SECRET_0 fbd0ad2942f96f3ebd605781c11322b76b6fca0462252ce0a0ce7eef511aef5f 0b0ec3f4f9de08135887d4fd488554768dcef4285809bde3ec84d355435441bb
EXPORTER_SECRET fbd0ad2942f96f3ebd605781c11322b76b6fca0462252ce0a0ce7eef511aef5f 595ad589608ad6a6de76cde3a1a50df70a3d6d34f23c5c2cc0b369491b751ac4
CLIENT_HANDSHAKE_TRAFFIC_SECRET cbceb5200592c9208163ee74341e4da7e6c077dd1a5eb9b602a833fb63ad197e b3e774262ab4811eb67b87f8316fd8506f0814742d06d0160e48df9e7c3ecadb
SERVER_HANDSHAKE_TRAFFIC_SECRET cbceb5200592c9208163ee74341e4da7e6c077dd1a5eb9b602a833fb63ad197e 295104e640d95bcf84d05abd1a55b7695ab2ae7f36f21f43b60098dbe9006114
CLIENT_TRAFFIC_SECRET_0 cbceb5200592c9208163ee74341e4da7e6c077dd1a5eb9b602a833fb63ad197e c1ddd3ec75c4ded8db7191f51bf8b8e4d9b25292bb5cb2cfa0d9adaf73e4b510
SERVER_TRAFFIC_SECRET_0 cbceb5200592c9208163ee74341e4da7e6c077dd1a5eb9b602a833fb63ad197e dd9e1b978d9280e555d369106207e1fccaebbf52808d05cbc07cd94b4f828211
EXPORTER_SECRET cbceb5200592c9208163ee74341e4da7e6c077dd1a5eb9b602a833fb63ad197e 90062ff4d38482ef2f314250da9e4c3d2d286f6a815ec510b7629312f77499a3
CLIENT_HANDSHAKE_TRAFFIC_SECRET 53b4afb67ee862e03cfd1fa2e7d047e79328c742eb217f2f0e26c26cc079c086 047828597e6ce8c53010d2c1fc8387ed9efbf4b5df20cd52a35e7ff308823818
SERVER_HANDSHAKE_TRAFFIC_SECRET 53b4afb67ee862e03cfd1fa2e7d047e79328c742eb217f2f0e26c26cc079c086 b7850eb30820c7cb6f2c1758a1aeab108da4d6b387abe649cdfb25ea70510b4d
CLIENT_TRAFFIC_SECRET_0 53b4afb67ee862e03cfd1fa2e7d047e79328c742eb217f2f0e26c26cc079c086 d6f31e41b46140a0138ceaeb67ec9dcdc6c703d2f6e48cf6270c0aa68f27d81f
SERVER_TRAFFIC_SECRET_0 53b4afb67ee862e03cfd1fa2e7d047e79328c742eb217f2f0e26c26cc079c086 9299cccc93cf4e6f6c7a513fb463d7d7a3aae33b64d613e93b0ba24b33dee992
EXPORTER_SECRET 53b4afb67ee862e03cfd1fa2e7d047e79328c742eb217f2f0e26c26cc079c086 cc9c9447fcf2d26cbaca57c707017fb5589fe1df1c9f77ae57aad917720e336c
CLIENT_HANDSHAKE_TRAFFIC_SECRET d605259e5ed3444212a88da8936bae06fc9f83137e74fe26ae8181ebd018179f 1315fff531d00ab7fcdda9a6ac151d27219257116928f527c6f788c12b35678a
SERVER_HANDSHAKE_TRAFFIC_SECRET d605259e5ed3444212a88da8936bae06fc9f83137e74fe26ae8181ebd018179f 0b07a8b78e298806018f16efa031b2e8c89d53683c27a8e31203710e56315e16
CLIENT_TRAFFIC_SECRET_0 d605259e5ed3444212a88da8936bae06fc9f83137e74fe26ae8181ebd018179f 471773d724a2c6dd39afc6d9d56e73c08ea2c5a98020fe3337eb069ebbdd4016
SERVER_TRAFFIC_SECRET_0 d605259e5ed3444212a88da8936bae06fc9f83137e74fe26ae8181ebd018179f 4c781914b8dbfee9752d8116a2a2c96e7a9352345e211279fcf8bb556beb67d5
EXPORTER_SECRET d605259e5ed3444212a88da8936bae06fc9f83137e74fe26ae8181ebd018179f aefb694a43abd63c63fd4eea4a9fbf0727e092cdaba051cefa1e5bca0418b55a
CLIENT_HANDSHAKE_TRAFFIC_SECRET b385de81dfca0131e1502221f75503cd180f1d6e5e6e5973c495a58843f96cc2 70a3a78f7a498d2dd0f860ffbe178bdc9688ad95885fab78f4466d288307a7d4
SERVER_HANDSHAKE_TRAFFIC_SECRET b385de81dfca0131e1502221f75503cd180f1d6e5e6e5973c495a58843f96cc2 6cd6a49235a9f5eb4980715812fd9b3bedb213cee4270db3e8c9a725883b0380
CLIENT_TRAFFIC_SECRET_0 b385de81dfca0131e1502221f75503cd180f1d6e5e6e5973c495a58843f96cc2 4148bd54f0028234a16a01e1d0d9490e5a578e8fcc7933276f45a5ad0c57d30e
SERVER_TRAFFIC_SECRET_0 b385de81dfca0131e1502221f75503cd180f1d6e5e6e5973c495a58843f96cc2 ea0b221229589c0c9c8f4504a903205ec6ed75f6b40f4faccc5d12d442f0ea41
EXPORTER_SECRET b385de81dfca0131e1502221f75503cd180f1d6e5e6e5973c495a58843f96cc2 93385749aef0e8314adb805ffe6c1187233ea1013913f8416a313574226ad083
CLIENT_HANDSHAKE_TRAFFIC_SECRET 7aa267bf242a870e27694147967bfac1d62bed4a1ccf498e9d28ee763fa382b9 32fd412e327821af3de8e73668eff61b57911aa091fcbe65ffc2dc70ee923799
SERVER_HANDSHAKE_TRAFFIC_SECRET 7aa267bf242a870e27694147967bfac1d62bed4a1ccf498e9d28ee763fa382b9 5b90d3f26904cd350dd057da30a12ce4415ed916e6fe75d5463f40afde97fd23
CLIENT_TRAFFIC_SECRET_0 7aa267bf242a870e27694147967bfac1d62bed4a1ccf498e9d28ee763fa382b9 52cf41eea577462c65436d25d6bb080e00498a9d5a0315f8760a01bc9697f86e
SERVER_TRAFFIC_SECRET_0 7aa267bf242a870e27694147967bfac1d62bed4a1ccf498e9d28ee763fa382b9 204dc05c1ffb5ea138aecb634fd5147c2ecf2619cba57aa3e0a8638ec529db80
EXPORTER_SECRET 7aa267bf242a870e27694147967bfac1d62bed4a1ccf498e9d28ee763fa382b9 9d3c3a4c011ebeb09009b706fa8d99819e3f697c5562a1db4f7c04c2c699ddab
CLIENT_HANDSHAKE_TRAFFIC_SECRET 5f564ebbc5f8c34e08b4cf90b1b9965e1f6e7d68efbb95cad754df35ce217194 b365d9406ee3c2e96a356124cfd8c959a45a71db8a6310e4e8ec7ba341761e4e
SERVER_HANDSHAKE_TRAFFIC_SECRET 5f564ebbc5f8c34e08b4cf90b1b9965e1f6e7d68efbb95cad754df35ce217194 10a844576df142ce2ff03904d449c6656aec0e056fe5fec158853960b068e57e
CLIENT_TRAFFIC_SECRET_0 5f564ebbc5f8c34e08b4cf90b1b9965e1f6e7d68efbb95cad754df35ce217194 608ec61df05c7a7496ca65571b0bb9faafdfa0ad6e3372a295d52f0c1db38d66
SERVER_TRAFFIC_SECRET_0 5f564ebbc5f8c34e08b4cf90b1b9965e1f6e7d68efbb95cad754df35ce217194 e2acda57c97e2e928725586c2b4725a480a7b9e13e4be7d5bbc7bc250d9f560d
EXPORTER_SECRET 5f564ebbc5f8c34e08b4cf90b1b9965e1f6e7d68efbb95cad754df35ce217194 fb02667198e6a9d64c00418d6ea03fbb6974246e28d0e84a86fb109f63033a4d
CLIENT_HANDSHAKE_TRAFFIC_SECRET a9a766b517d5d9ff068f32c6e10badc7958bcae43a594d00b434a06843b98f1e 073d2d2efc5fbb72416ee8349a19b705b326bc6eb0cf6ae1b483dbeb8688a3eb
SERVER_HANDSHAKE_TRAFFIC_SECRET a9a766b517d5d9ff068f32c6e10badc7958bcae43a594d00b434a06843b98f1e 41a57329a613f8b05d56337f54310a5b72760c1c017314252ae80fca687d6035
CLIENT_TRAFFIC_SECRET_0 a9a766b517d5d9ff068f32c6e10badc7958bcae43a594d00b434a06843b98f1e a37d27489d2040f7d6938b416e91131a4eab55687081d0b17fad8a8f9ab37507
SERVER_TRAFFIC_SECRET_0 a9a766b517d5d9ff068f32c6e10badc7958bcae43a594d00b434a06843b98f1e 12605c460e4629c77f047b20481207e2acf88d4b939e41625604853f3da11a55
EXPORTER_SECRET a9a766b517d5d9ff068f32c6e10badc7958bcae43a594d00b434a06843b98f1e e21791af4a76edc9ee3f0f161fe617495dcf1bff92467e42e3d4aca6c30c1f51
CLIENT_HANDSHAKE_TRAFFIC_SECRET cf90af71f9def3abfd516747c85adaca12cc2d26618c20ad3e3446121fdfc8e2 283b312feee6950261ced4fb16409cc835efde23b30765b658811e1d39571513
SERVER_HANDSHAKE_TRAFFIC_SECRET cf90af71f9def3abfd516747c85adaca12cc2d26618c20ad3e3446121fdfc8e2 58dbe7adee8d7fe1e7d7afb5265a2eccb40be04864ec7490cd6c4622c886fcd3
CLIENT_HANDSHAKE_TRAFFIC_SECRET 6749780bb23e1e063cefc28b64d729ed9f27b710cef901584deadaff9faeb1e6 fff1cdcea825f5e62e4ff8744729857f6fd390f736b7c3a0237787a5c6bdfba7
SERVER_HANDSHAKE_TRAFFIC_SECRET 6749780bb23e1e063cefc28b64d729ed9f27b710cef901584deadaff9faeb1e6 cb4d1a3195e92b54c7985034f11223825e38af9a92fd028696033b41ff456d39
CLIENT_HANDSHAKE_TRAFFIC_SECRET e614f5f9ef58d52a7b2f1db133569c9c1c6f133a5878594c97f42797702345f9 839ee098a2b0e9a06a5679830e81adcbd27dcbd321ba8e9b83cc086d92b4980d
SERVER_HANDSHAKE_TRAFFIC_SECRET e614f5f9ef58d52a7b2f1db133569c9c1c6f133a5878594c97f42797702345f9 c5da7ea2cf7398b8908e1d60bd1058d8180926876e35da4b7c3b0fa5b084448e
CLIENT_HANDSHAKE_TRAFFIC_SECRET 27c0653a51b2e8492bdd667861c3aa706e4b94613088735d4d7a974cb5018364 750ce28c5331518ffd79e4db1f13b3193bf9390b66cf89665bd2be3a96984a1048bdb4a7d5ba3e6fa2688e9ed0758b30
SERVER_HANDSHAKE_TRAFFIC_SECRET 27c0653a51b2e8492bdd667861c3aa706e4b94613088735d4d7a974cb5018364 f1610d85f1376d65c997e1e592da76a5cf63a8a41bad7a3548e36303e5ef14a46061cda8c0b5f3850e5ecf12ba94d7a2
CLIENT_TRAFFIC_SECRET_0 6749780bb23e1e063cefc28b64d729ed9f27b710cef901584deadaff9faeb1e6 b45418a15dd592e25683fa2edf021c47cf8936ce48c4651da02bec91f63dc92d
SERVER_TRAFFIC_SECRET_0 6749780bb23e1e063cefc28b64d729ed9f27b710cef901584deadaff9faeb1e6 b18c67b9cd717acbf80194a0411a25d08b6150b9f673695560619f88cb4351d7
EXPORTER_SECRET 6749780bb23e1e063cefc28b64d729ed9f27b710cef901584deadaff9faeb1e6 5b3b688262e25bb7702240788b4fec449e051cde04310a00f91f532a6c36e2d6
CLIENT_TRAFFIC_SECRET_0 e614f5f9ef58d52a7b2f1db133569c9c1c6f133a5878594c97f42797702345f9 e1af5ef31f63d820aa02ae47de596a1653d70bb5800537bf690a01d9d2ed95f6
SERVER_TRAFFIC_SECRET_0 e614f5f9ef58d52a7b2f1db133569c9c1c6f133a5878594c97f42797702345f9 e72e44ba022432b16688467cb391e45568507a1e124fe068a4f85dcdabd6722c
EXPORTER_SECRET e614f5f9ef58d52a7b2f1db133569c9c1c6f133a5878594c97f42797702345f9 ad66684ec0da51451230bc93c122a0db5a411f84144b09314a442ef0fe69417d
CLIENT_TRAFFIC_SECRET_0 cf90af71f9def3abfd516747c85adaca12cc2d26618c20ad3e3446121fdfc8e2 1d47d438e4a3cdfb53b9553346f2643f937bf2eae367c0b88e346b9a6143bda0
SERVER_TRAFFIC_SECRET_0 cf90af71f9def3abfd516747c85adaca12cc2d26618c20ad3e3446121fdfc8e2 3041137233ead49367181c354a67b33499268d918345238b4dcc71fdf0cfa84c
EXPORTER_SECRET cf90af71f9def3abfd516747c85adaca12cc2d26618c20ad3e3446121fdfc8e2 4c0236d13a784e3dc3f0f2425380e48f6fd9a3add7cea7ceff43ecfc0e7c6101
CLIENT_TRAFFIC_SECRET_0 27c0653a51b2e8492bdd667861c3aa706e4b94613088735d4d7a974cb5018364 3b3635fcd81db718b9134809eb994d0738c8fe089c42654a5b9117bf2e7e59b4cbb3ee082de0e50735d6e2ced4e3c714
SERVER_TRAFFIC_SECRET_0 27c0653a51b2e8492bdd667861c3aa706e4b94613088735d4d7a974cb5018364 1d78142a8feffaa1c4a7b0598514b2e6fac1b95442da2d9eea5000a0c375003cec77b5cc877498101992e38e030b153e
EXPORTER_SECRET 27c0653a51b2e8492bdd667861c3aa706e4b94613088735d4d7a974cb5018364 62a514874fd1db7e01d1ad63587cc93ebcecc26572bd384b0e4685e1979b9671a437bd042b838879e1fb65b2697e2de6
CLIENT_HANDSHAKE_TRAFFIC_SECRET a568219b022f6d4f8452198fec54fcae7036aea26ee92d06f62f7a53aad5f644 0825f68ce80467726e72f432fd29085fb4023afe092463cbfc81ef8a6f2aec2a
SERVER_HANDSHAKE_TRAFFIC_SECRET a568219b022f6d4f8452198fec54fcae7036aea26ee92d06f62f7a53aad5f644 dfaa99074fdb872c5b1135d437f381d8f3803dfb91f0196981735da99de508d5
CLIENT_TRAFFIC_SECRET_0 a568219b022f6d4f8452198fec54fcae7036aea26ee92d06f62f7a53aad5f644 d17f0be2305351ed9c1ff5d99a898bb1f29425b37699c88b324fa287b17fec39
SERVER_TRAFFIC_SECRET_0 a568219b022f6d4f8452198fec54fcae7036aea26ee92d06f62f7a53aad5f644 3e0889e60e32b22a56a9572becab7108acbdc606fe4567067831f59f2ea39795
EXPORTER_SECRET a568219b022f6d4f8452198fec54fcae7036aea26ee92d06f62f7a53aad5f644 a92d0dc535502afcc06ba1f6aa9522e367d99dfe792b0c25521648be8cf4ad3d
CLIENT_HANDSHAKE_TRAFFIC_SECRET e743c8b05a390fdebef471f05e527493aea7e6143c291bce91b456d30939a06c 48e8088a04662ddd9d4011ae5f95708d37b3e6fa17566c5608ceb5b636b36a1c
SERVER_HANDSHAKE_TRAFFIC_SECRET e743c8b05a390fdebef471f05e527493aea7e6143c291bce91b456d30939a06c 3157114c5fd1a73a621eef2b9f2423d6213fb1b7583eaf1183f7c9f6190d2e0b
CLIENT_TRAFFIC_SECRET_0 e743c8b05a390fdebef471f05e527493aea7e6143c291bce91b456d30939a06c 2c55d0f171eff855f12f12c33dbcfbfcfd13424e3cc79a6406bcc9f0b11dc8b1
SERVER_TRAFFIC_SECRET_0 e743c8b05a390fdebef471f05e527493aea7e6143c291bce91b456d30939a06c e5efb4cf3c27df8ba3d45856909097fdee83d52618e9703240b3838a1f728fd1
EXPORTER_SECRET e743c8b05a390fdebef471f05e527493aea7e6143c291bce91b456d30939a06c ee302b26dc871026935f565f9b1e1e2203405019feeb2cf1aecc35c758201a02
CLIENT_RANDOM 78dec207c1cf361e1f755a4dafcafbf572e2a0989f8cd82b02f37820ba7ea5c3 6f213d2fe6c06623cba91b20b872f70bc878722ca935f635a53f14356e5e06430aada10314fdd1fd4782a16f0edb3b9a
CLIENT_RANDOM 5bec1eed1c7fc5ab9e79c848159d5eb9663ada0c5872d92d164fd3ee09c92596 eb037856ebe33a7451fbf5ac5b66feceb2dd08e8d49f43c405069b9510af8f9d753a0cfee5dff56045a0c5de95054305
CLIENT_HANDSHAKE_TRAFFIC_SECRET 24a9260ed1d94474907c71330cb6227bfb7cfbd3546b75d47e807093c22909bf b23cd30d48f67762c454c18634cf1cf28c41ccd1b6afa7a561fdb8037da24129
SERVER_HANDSHAKE_TRAFFIC_SECRET 24a9260ed1d94474907c71330cb6227bfb7cfbd3546b75d47e807093c22909bf 20641f3cefb1858cbb6a88a35eba9dff7751396a362bb98e573f22971c7a416e
CLIENT_TRAFFIC_SECRET_0 24a9260ed1d94474907c71330cb6227bfb7cfbd3546b75d47e807093c22909bf 0a192991f151f03e9a5f3d3101b2d7181a03027cf729d483c118c0b2d9211146
SERVER_TRAFFIC_SECRET_0 24a9260ed1d94474907c71330cb6227bfb7cfbd3546b75d47e807093c22909bf 30d372c62caf7b58b293ada5a4301a2898d048fe4f03a8902ffac6cb162195c1
EXPORTER_SECRET 24a9260ed1d94474907c71330cb6227bfb7cfbd3546b75d47e807093c22909bf a2f2ed1d10ae333cbbb84960edbe3b5fd021a309a61d8f4ff56808f8774e9a85
CLIENT_HANDSHAKE_TRAFFIC_SECRET 8e5b6cec6dbe0ad913ce629913fee837fc54f5c01fbc5b580081b4b8357bff14 9e30d1be7cb1f527d1de77c32ba2a63f123c50a6ac9046edefbb19845369fc6e
SERVER_HANDSHAKE_TRAFFIC_SECRET 8e5b6cec6dbe0ad913ce629913fee837fc54f5c01fbc5b580081b4b8357bff14 0a030a29379c5b799b1e76c7b951e16ee7ec114f7cf7aab5501a21d85570c7d4
CLIENT_TRAFFIC_SECRET_0 8e5b6cec6dbe0ad913ce629913fee837fc54f5c01fbc5b580081b4b8357bff14 5e85310141c01abd1f9376ff5530e18f3b95aeb743c720a4c4655600289ba5c8
SERVER_TRAFFIC_SECRET_0 8e5b6cec6dbe0ad913ce629913fee837fc54f5c01fbc5b580081b4b8357bff14 fbcb83bca8a58b4b77dec0741ebf2952bfb7be66ccd7017e946553f82cd33713
EXPORTER_SECRET 8e5b6cec6dbe0ad913ce629913fee837fc54f5c01fbc5b580081b4b8357bff14 8b4b0040617417ae6bfcee8ced444cb1005eddb9e00c904b45f600d02d49a9d5
CLIENT_HANDSHAKE_TRAFFIC_SECRET c9a6ba7bf81b4fdf382cda9b36cc1f8431b98ed7c996fb389e54d20ba2d529e2 3e601767163812eac8295d54d5df2fde187c562a23bd07db4a90a0eabf220150
SERVER_HANDSHAKE_TRAFFIC_SECRET c9a6ba7bf81b4fdf382cda9b36cc1f8431b98ed7c996fb389e54d20ba2d529e2 9e910f4f6c499a6d2964404fb589b1d07dbc316cf263440e93ee80022a542ff7
CLIENT_TRAFFIC_SECRET_0 c9a6ba7bf81b4fdf382cda9b36cc1f8431b98ed7c996fb389e54d20ba2d529e2 282af245770e05bba13ac300b06c072331987034e859dd948e9249d2b6838811
SERVER_TRAFFIC_SECRET_0 c9a6ba7bf81b4fdf382cda9b36cc1f8431b98ed7c996fb389e54d20ba2d529e2 d996959e117f261d0bfe43fc2dfb69b1be7d2cb5806da88465cde426ad1f60a1
EXPORTER_SECRET c9a6ba7bf81b4fdf382cda9b36cc1f8431b98ed7c996fb389e54d20ba2d529e2 5640b9c18239bbe873c63f4090f538a26e27dd95f178b65abd4422ff1839f133
CLIENT_HANDSHAKE_TRAFFIC_SECRET c8279aec87897235f08b74cf4162016bad170384166b4151aec13b3bde4d907f 372d3e8c50e33fe49b31dc9420e254abb9d32002511be36fa3cf1a5db11ec719
SERVER_HANDSHAKE_TRAFFIC_SECRET c8279aec87897235f08b74cf4162016bad170384166b4151aec13b3bde4d907f 3e1ea3c4b0a7f16b1c3285f68e3b20d3eb75b8de47f0ec7db0078970026fc826
CLIENT_TRAFFIC_SECRET_0 c8279aec87897235f08b74cf4162016bad170384166b4151aec13b3bde4d907f 3c23c006605363a68e5ea6104eab36141de01912082e5ddd44dd71c1c373bd20
SERVER_TRAFFIC_SECRET_0 c8279aec87897235f08b74cf4162016bad170384166b4151aec13b3bde4d907f ce415012793ac4c06bc68e5829b9561bdd36a702be6c4673d9c3c6bdc88e1bbe
EXPORTER_SECRET c8279aec87897235f08b74cf4162016bad170384166b4151aec13b3bde4d907f 618d5ad6f13074417fbfb1cc7711012bca73dd96414eb927e7fcdd7e3e913b1b
CLIENT_HANDSHAKE_TRAFFIC_SECRET 044f07f3edc15455c6fec52e72afd4af2fec049621ac2343cf242f9219248d68 0086fefcfc30b8fc02156fd2d38b4609d0d57e5dcf45048dead166ed9504a762
SERVER_HANDSHAKE_TRAFFIC_SECRET 044f07f3edc15455c6fec52e72afd4af2fec049621ac2343cf242f9219248d68 67c5f010fbeef674651d16cbf4ee0395bcff4068436940ed088796b96aff1436
CLIENT_TRAFFIC_SECRET_0 044f07f3edc15455c6fec52e72afd4af2fec049621ac2343cf242f9219248d68 83f46aba049b30c5e3b8f4f35222665d2fc3bec2316da3a8c3600c977fb8e066
SERVER_TRAFFIC_SECRET_0 044f07f3edc15455c6fec52e72afd4af2fec049621ac2343cf242f9219248d68 a3fe04120ac02adc46e3d96667cfcc21d42313f5aef809b8705c2bd03a6acc71
EXPORTER_SECRET 044f07f3edc15455c6fec52e72afd4af2fec049621ac2343cf242f9219248d68 b273bff421a5686998502958040c35aed75323c034214a82683fc4ae01b09430
CLIENT_HANDSHAKE_TRAFFIC_SECRET 8f708a1747ac0b68b633f0d05fe693a2939702dad9997212aaa01af0e91fde23 3d3f5eb6af3332f251dc1c23829a88db7454efd71706a17d7a19ed53badeb6c2
SERVER_HANDSHAKE_TRAFFIC_SECRET 8f708a1747ac0b68b633f0d05fe693a2939702dad9997212aaa01af0e91fde23 2c3f633989e909c98bf871e0bef1ab4b92fe8e8f6f5e96bd4951466b50790f51
CLIENT_TRAFFIC_SECRET_0 8f708a1747ac0b68b633f0d05fe693a2939702dad9997212aaa01af0e91fde23 90f76ab877e3dd726a14cefe3be1aa6d2ae7268a0d93f12b8355c10e0e5769eb
SERVER_TRAFFIC_SECRET_0 8f708a1747ac0b68b633f0d05fe693a2939702dad9997212aaa01af0e91fde23 3933a94600d158765fc1f2a0f4199bb1fac2832ddaf9bc6e640abcdd693f05e6
EXPORTER_SECRET 8f708a1747ac0b68b633f0d05fe693a2939702dad9997212aaa01af0e91fde23 7554520b4d6f5a9994f16444070b7dc57177a3dcd2f10904e4ec996e5ec2d2ed
CLIENT_HANDSHAKE_TRAFFIC_SECRET 255d11f8e51029802c9879799f396852ad04ed65d68ad36f728a2e71ceda935e 10c162c1d05e0d12cd07ffc1cb1c4ff9c934925b6c2701b81e9a3b8e3a37d285
SERVER_HANDSHAKE_TRAFFIC_SECRET 255d11f8e51029802c9879799f396852ad04ed65d68ad36f728a2e71ceda935e 7e7f44b8adacbf0e669586b994b5a022b4c3047fd2783a83cdcec9fa608334dc
CLIENT_TRAFFIC_SECRET_0 255d11f8e51029802c9879799f396852ad04ed65d68ad36f728a2e71ceda935e edeab782977e2889ce5eaef4fdc7698fff6beb14834b16c04a8eb38c62f61662
SERVER_TRAFFIC_SECRET_0 255d11f8e51029802c9879799f396852ad04ed65d68ad36f728a2e71ceda935e 8e38d26a75694803fcad50c61537e3b4903b664d80abdd60920c4072987dcb69
EXPORTER_SECRET 255d11f8e51029802c9879799f396852ad04ed65d68ad36f728a2e71ceda935e 24c57ebe2a717dd1d85a9bd286227923d309d85a7db2a0d915df537fa2681752
CLIENT_HANDSHAKE_TRAFFIC_SECRET 8ea94e561f965d4161cb014737ee98362f095635d8cd22c87ab1b2cdaa47bedb a5d166d2ca0c04e9ac52227461ae688927e4f8a00d8c3d4bfb218c58a65af159
SERVER_HANDSHAKE_TRAFFIC_SECRET 8ea94e561f965d4161cb014737ee98362f095635d8cd22c87ab1b2cdaa47bedb 96f39dad0799093acbe55bb4118bc8b31b1c34dbef498de9f4bfb2707ced3987
CLIENT_TRAFFIC_SECRET_0 8ea94e561f965d4161cb014737ee98362f095635d8cd22c87ab1b2cdaa47bedb 29961ad005e0703770d132625aac17f5ee23cc561fb2e3833b56c2c1b6f603ce
SERVER_TRAFFIC_SECRET_0 8ea94e561f965d4161cb014737ee98362f095635d8cd22c87ab1b2cdaa47bedb a9d380f50a692c697bce7fbebe75a44ea5eef1615fe38653176de0c635817f50
EXPORTER_SECRET 8ea94e561f965d4161cb014737ee98362f095635d8cd22c87ab1b2cdaa47bedb 3b2e91551d7db9175a7b6aa875df07306e6cbf9eea398744632544f84c494bf8
