CLIENT_HANDSHAKE_TRAFFIC_SECRET bc806b1490bbc4b94d72048cbbff4e58279a6d0f529f4b20c8effdcefd9a3c34 ebb5f7671b39d0bd444276dd76f7c9866ff55ddfa0fbb89c290d7d0bf0922dee4bb93ca6202a16c43e9c6a87a5896030
SERVER_HANDSHAKE_TRAFFIC_SECRET bc806b1490bbc4b94d72048cbbff4e58279a6d0f529f4b20c8effdcefd9a3c34 80a780fc4ad7e79d76bf3640d39a3d9f8d6b5467432c386e89da1ea93f85974a4847fdf14a61ee605d619253a0ab6166
CLIENT_TRAFFIC_SECRET_0 bc806b1490bbc4b94d72048cbbff4e58279a6d0f529f4b20c8effdcefd9a3c34 500582a86560198d731abb1329226a51ef18ec0ef29f2d643530770ebcedc005857e63ee29139bff8f9272f55e5b87ef
SERVER_TRAFFIC_SECRET_0 bc806b1490bbc4b94d72048cbbff4e58279a6d0f529f4b20c8effdcefd9a3c34 085a9a4101db8e3d04ca7ff3d660997c27efd0c4ac33e63116c6f420f606b31633b337b658f44ca3b1fbc05285c755dc
EXPORTER_SECRET bc806b1490bbc4b94d72048cbbff4e58279a6d0f529f4b20c8effdcefd9a3c34 031bb66f6a776661d8ed0198cc11a221c8415dacd9b40af50be799039fa14ef01c9f7b6fdc30762e6effb15f47eed71f
CLIENT_HANDSHAKE_TRAFFIC_SECRET 101d4e00ff882f08cf84042588fcf15b4c5b6a6b1253c973a343d4d0c5624ed4 2629d53c2ec388b83fc3ddeffcd88955487d464abaa5c8d51044341e0cc568df
SERVER_HANDSHAKE_TRAFFIC_SECRET 101d4e00ff882f08cf84042588fcf15b4c5b6a6b1253c973a343d4d0c5624ed4 75c93fd026c88a78c696aac0c96ecfd91d117cc19d7e82462829f6a35338b9c4
CLIENT_HANDSHAKE_TRAFFIC_SECRET 3f365838fe439c797b6601a5343c185ec812350d7b1f150e6495144b74dee739 86f3f6d9e6a111daf46f60044dec3e2b0d5f1c1ef3b2f9a2773142d1821c3bd4
SERVER_HANDSHAKE_TRAFFIC_SECRET 3f365838fe439c797b6601a5343c185ec812350d7b1f150e6495144b74dee739 bfa13d6d9982f181c34f160af930397c1745a08baa6b794ef902fd12d255b369
CLIENT_HANDSHAKE_TRAFFIC_SECRET 189460b5891b96f91f79aef5615d0592fcf1467a2c38316af425312176ed3a73 81616e18a916a642016c3b23a259150ea291339e347c7039ec75cb7b2357807c
SERVER_HANDSHAKE_TRAFFIC_SECRET 189460b5891b96f91f79aef5615d0592fcf1467a2c38316af425312176ed3a73 836b4fd5be4ae456c929f58d7cde452a7d2aa718ef0dc6d27368ce7d27d12b41
CLIENT_HANDSHAKE_TRAFFIC_SECRET 704a0cc125144ef501b55f4165a85ac5dcfd7c4f1a9492d42ea0d35197331495 80bca437ded14f1245d6263d5f013dccc0c9f09d3e5b23615680d7086c8911fd
SERVER_HANDSHAKE_TRAFFIC_SECRET 704a0cc125144ef501b55f4165a85ac5dcfd7c4f1a9492d42ea0d35197331495 aa64feef30fe8046b3dc5505dc0657b64a4b13588edfafb6218d6f0d887de081
CLIENT_TRAFFIC_SECRET_0 3f365838fe439c797b6601a5343c185ec812350d7b1f150e6495144b74dee739 1cfe8af2662c8a00b6127e97ef11aaaf8cf5cf32ff56c461dbf1c57e8d7f725a
SERVER_TRAFFIC_SECRET_0 3f365838fe439c797b6601a5343c185ec812350d7b1f150e6495144b74dee739 f809a20dad9be7df11afd37127cfe1542f0e3c50cb920e597d595ce4e20221f0
EXPORTER_SECRET 3f365838fe439c797b6601a5343c185ec812350d7b1f150e6495144b74dee739 ba9c2dc2c2708f5d73cc094d3eea54c7c6cc84b2b056d37f2ca9fa3e285459d6
CLIENT_TRAFFIC_SECRET_0 101d4e00ff882f08cf84042588fcf15b4c5b6a6b1253c973a343d4d0c5624ed4 3dcd3ddc9a79c92fdf6063554f024d84058e7a094916593a8cfd38223a02bce3
SERVER_TRAFFIC_SECRET_0 101d4e00ff882f08cf84042588fcf15b4c5b6a6b1253c973a343d4d0c5624ed4 7d1304ae6b24f0df52deeb58bf66a1b1a552c4e94d144d29178521d3af1898fa
EXPORTER_SECRET 101d4e00ff882f08cf84042588fcf15b4c5b6a6b1253c973a343d4d0c5624ed4 bff6a48c72e23bfd53a4f65b23d3a6174a2e14925078149d17c0dd700e06adb1
CLIENT_TRAFFIC_SECRET_0 189460b5891b96f91f79aef5615d0592fcf1467a2c38316af425312176ed3a73 269ea2497ccb3d2a7a0340e014f3f6dfcca4ba88834714e76b9717a9ca21143f
SERVER_TRAFFIC_SECRET_0 189460b5891b96f91f79aef5615d0592fcf1467a2c38316af425312176ed3a73 b8128be933fa8df0d391d8f298c7105ffd23a98c504e7992bbcdbb16f64b384a
EXPORTER_SECRET 189460b5891b96f91f79aef5615d0592fcf1467a2c38316af425312176ed3a73 fdefc8067b3100e90da83920744575c7aa92f1ec5e4a07fa329a84c585ce64f5
CLIENT_TRAFFIC_SECRET_0 704a0cc125144ef501b55f4165a85ac5dcfd7c4f1a9492d42ea0d35197331495 4168aa3eb7717850fb79a6444668818390394b96856eace8c7e7ef1f0c65e587
SERVER_TRAFFIC_SECRET_0 704a0cc125144ef501b55f4165a85ac5dcfd7c4f1a9492d42ea0d35197331495 f4142b063f4e146f214e26ed7c28ede4986cd911014b15d8e41786f33d41ccb1
EXPORTER_SECRET 704a0cc125144ef501b55f4165a85ac5dcfd7c4f1a9492d42ea0d35197331495 f26267b39c82bd109046c3b2c0967319213cbf0ca56b87ebb2e8dd1120c54244
CLIENT_HANDSHAKE_TRAFFIC_SECRET 0a09bb31a4aeaca2f9dcf03560df3f27c6853cda812a6730af40ea1ca5fb9a38 89d7d68cf37288e1eb3f1a6b5410020ee6cc694129703cfc2269a643e99491d5
SERVER_HANDSHAKE_TRAFFIC_SECRET 0a09bb31a4aeaca2f9dcf03560df3f27c6853cda812a6730af40ea1ca5fb9a38 0a71fad397fa3a191aa3e934a70226c1596d3537d5734dcc7772b0d5ecd28fab
CLIENT_TRAFFIC_SECRET_0 0a09bb31a4aeaca2f9dcf03560df3f27c6853cda812a6730af40ea1ca5fb9a38 78db6be10ab14fd0768ea78c09ff1d122b1b94114098ffc630570bfb59ac4d7b
SERVER_TRAFFIC_SECRET_0 0a09bb31a4aeaca2f9dcf03560df3f27c6853cda812a6730af40ea1ca5fb9a38 aa2d9134a3933c02e0b2c066a9e0b492a042794a4d4b39c987df36413f2f756e
EXPORTER_SECRET 0a09bb31a4aeaca2f9dcf03560df3f27c6853cda812a6730af40ea1ca5fb9a38 84d588648f1df5d750f51ffbb0c49c76428e49e058da5c09305e9959fe4fa604
CLIENT_HANDSHAKE_TRAFFIC_SECRET 951f91806711b65062373736b6dd1333c250c76cf4e422bea6af1651dee42886 1dd884e8dd9b96b930ff924882dc897f918211eeebe7ec35ead507efd7528aec
SERVER_HANDSHAKE_TRAFFIC_SECRET 951f91806711b65062373736b6dd1333c250c76cf4e422bea6af1651dee42886 4d0f37ba7b6d380ef1a385dcc8845c921809f263f27122b375180eba22951e00
CLIENT_TRAFFIC_SECRET_0 951f91806711b65062373736b6dd1333c250c76cf4e422bea6af1651dee42886 83ceb9397d925c1133710a1d311c35c1071c145621b2a008090be586dfbf5d15
SERVER_TRAFFIC_SECRET_0 951f91806711b65062373736b6dd1333c250c76cf4e422bea6af1651dee42886 c7aea2a69046a75178d4f950ffdf52149e57983d452ef83e047a873ecd7d6fbb
EXPORTER_SECRET 951f91806711b65062373736b6dd1333c250c76cf4e422bea6af1651dee42886 3c4e29c5d4a1be56910ae6f74cc5b962199649a8d953b320970a1d4621ec919a
CLIENT_HANDSHAKE_TRAFFIC_SECRET b6a648f2466ef47c70b528b0f36a27a136f18ee164aec95bfd0ecafcd5f5949d 1110ff42173ab4f510cde978eb01e4590f134e53c9571526e4c2a9a7469d597a
SERVER_HANDSHAKE_TRAFFIC_SECRET b6a648f2466ef47c70b528b0f36a27a136f18ee164aec95bfd0ecafcd5f5949d 6f1a2ef5e2e393eb1898b5d8c0bc9922cfc1a0acad49110372b870ab4497df77
CLIENT_TRAFFIC_SECRET_0 b6a648f2466ef47c70b528b0f36a27a136f18ee164aec95bfd0ecafcd5f5949d edf59ae89a7876f6697ddf9c5a4afddb2728bd34ee6add7602e603c6a41b21ae
SERVER_TRAFFIC_SECRET_0 b6a648f2466ef47c70b528b0f36a27a136f18ee164aec95bfd0ecafcd5f5949d 447bb929040be97338c4fad9aef240e5de424f1b14a7b971c2bed23182892526
EXPORTER_SECRET b6a648f2466ef47c70b528b0f36a27a136f18ee164aec95bfd0ecafcd5f5949d e1aa35b9ee5a6cd5d3e7e2169d39953355487ec06ce18f676084bbc1c7052fa9
