CLIENT_HANDSHAKE_TRAFFIC_SECRET df7fd521deb1ec65c162a742ae4b712bda31b9527d56c8e20a6dd81c4b32cf79 f95d466324cc001382a8fc16ab05e76d6de843d57d4f8a09811e531476da0d96
SERVER_HANDSHAKE_TRAFFIC_SECRET df7fd521deb1ec65c162a742ae4b712bda31b9527d56c8e20a6dd81c4b32cf79 2267d2d610037b023aef972da6d49a4cd837279473df9295baa1e23d8d2c5ef9
CLIENT_TRAFFIC_SECRET_0 df7fd521deb1ec65c162a742ae4b712bda31b9527d56c8e20a6dd81c4b32cf79 4ccaa388374cdfbf3679fb902cd58e0bfd44a034323314c5a667fc75045b6ecc
SERVER_TRAFFIC_SECRET_0 df7fd521deb1ec65c162a742ae4b712bda31b9527d56c8e20a6dd81c4b32cf79 a37bc8ad8b5d8a640defda14756ad2266557cd29ca02027c43e98e5b3801c88a
EXPORTER_SECRET df7fd521deb1ec65c162a742ae4b712bda31b9527d56c8e20a6dd81c4b32cf79 e1d4bab54e9bb65ea1ce0edaf8e740291bda1eef2f02a3ca2d2960f7748236ef
CLIENT_HANDSHAKE_TRAFFIC_SECRET ebb1c17501f2cf3799d00970d0f6411d5b5eef9abc351e9ff383ad871fac961e 9a43aa47e5bc0577311506edc48d7a07da68729049721e84883a0f172c415c99
SERVER_HANDSHAKE_TRAFFIC_SECRET ebb1c17501f2cf3799d00970d0f6411d5b5eef9abc351e9ff383ad871fac961e d311536933d81e37f30208f1ae6b0d404804cbb6f3dd808b82ba8aa65430ea90
CLIENT_HANDSHAKE_TRAFFIC_SECRET 75df7bb1a03878e03fe93fa4157020b866e6a2a4c2cab81bdeb9e8a5c7b68712 c0c2d00d4bc5b5997bc914e42223e6fb00ffa356285cb878a3cfd1c3fbff6e8e
SERVER_HANDSHAKE_TRAFFIC_SECRET 75df7bb1a03878e03fe93fa4157020b866e6a2a4c2cab81bdeb9e8a5c7b68712 7ffa8818f9213f1981e18be9e334f0fc607ba64a858b91a051879364ebb88e6b
CLIENT_TRAFFIC_SECRET_0 ebb1c17501f2cf3799d00970d0f6411d5b5eef9abc351e9ff383ad871fac961e 42f7f1a5623245d21bd046bb8eebf4a51699b00f133fa49395ba5dabe9b4130b
SERVER_TRAFFIC_SECRET_0 ebb1c17501f2cf3799d00970d0f6411d5b5eef9abc351e9ff383ad871fac961e a163509c7d662a8b3644566bd32af6b1719dc3e0f1bc7ac9414bb4d421cda841
EXPORTER_SECRET ebb1c17501f2cf3799d00970d0f6411d5b5eef9abc351e9ff383ad871fac961e 600c7f4f08e758668c7ea66f788dea52efa011a19505da839d087307f8d016f0
CLIENT_TRAFFIC_SECRET_0 75df7bb1a03878e03fe93fa4157020b866e6a2a4c2cab81bdeb9e8a5c7b68712 c76b8294bbeb70f9188342255adcc1cc5fa31dca049223629a272078610976be
SERVER_TRAFFIC_SECRET_0 75df7bb1a03878e03fe93fa4157020b866e6a2a4c2cab81bdeb9e8a5c7b68712 a57f556dd9d63d153e5e91221e15dbe57b0174773534aabba1113ba49fd14163
EXPORTER_SECRET 75df7bb1a03878e03fe93fa4157020b866e6a2a4c2cab81bdeb9e8a5c7b68712 3df559c205b9a542666a0cbfa09ded82ad7a8d8586f07597fee91d9976ee030b
CLIENT_HANDSHAKE_TRAFFIC_SECRET b61cdfb9cedf399cd381b53a934ac0f36962e9236f793744d8080dff7c1ebd6b ada265a55e3a1404be18f6d3627379092d39c3f2179b2f01c36ec37f65042630
SERVER_HANDSHAKE_TRAFFIC_SECRET b61cdfb9cedf399cd381b53a934ac0f36962e9236f793744d8080dff7c1ebd6b fca5dbb440a8bc0969e9db6caa073c5a0321455e89d7a15be96aeb2b812d7f20
CLIENT_TRAFFIC_SECRET_0 b61cdfb9cedf399cd381b53a934ac0f36962e9236f793744d8080dff7c1ebd6b 3996f9c3484e80eba62c8f8896f3771d9670bef13416fd09a8d70086a616a3fe
SERVER_TRAFFIC_SECRET_0 b61cdfb9cedf399cd381b53a934ac0f36962e9236f793744d8080dff7c1ebd6b b3dd525ee8144232a3f9d87254ee72af694dcde8634a966fc3c7be79e77fe81a
EXPORTER_SECRET b61cdfb9cedf399cd381b53a934ac0f36962e9236f793744d8080dff7c1ebd6b e2caa98421a796b9b4efc221ecba95e6288a2904ff039105cf7287cce354005d
CLIENT_HANDSHAKE_TRAFFIC_SECRET 7d5cb0924d6892cc6f58ddb5ba5ac53ccc60a3f9037a709c2145bc7b5e611414 759dd6761218ee3dbb1ca5dd332f2a00548abbffaf4aba2facf35996ab87401b
SERVER_HANDSHAKE_TRAFFIC_SECRET 7d5cb0924d6892cc6f58ddb5ba5ac53ccc60a3f9037a709c2145bc7b5e611414 bab9f749ab7a564e459f87c6b4febb2d6ee7e526a86634040f2d5dd71312833e
CLIENT_TRAFFIC_SECRET_0 7d5cb0924d6892cc6f58ddb5ba5ac53ccc60a3f9037a709c2145bc7b5e611414 0762901ece7a135895d831789659001bf4330b62d4fc66c31873213bf3986440
SERVER_TRAFFIC_SECRET_0 7d5cb0924d6892cc6f58ddb5ba5ac53ccc60a3f9037a709c2145bc7b5e611414 f1afbc455a0095ccc53aa23c7b337e13cb7cb4055b7b577a1544c5f14409bf3a
EXPORTER_SECRET 7d5cb0924d6892cc6f58ddb5ba5ac53ccc60a3f9037a709c2145bc7b5e611414 edf5c8453d028cdf6e3ad8209de98e580221bb7470ac1db162041f855c96a93f
CLIENT_HANDSHAKE_TRAFFIC_SECRET 553277df77bdb883f950ce71a3a8d9c894801c68ebf99b32cbb1866832699a81 887d3a63ba788d0cec1a28b58f84c2e7dca83fdccf8eb21fe64fa3405efaf0cc
SERVER_HANDSHAKE_TRAFFIC_SECRET 553277df77bdb883f950ce71a3a8d9c894801c68ebf99b32cbb1866832699a81 6b2df8e9cfbf1a17c242ffcd588401c6e79891bf384a1f315f1a69a4469c0caa
CLIENT_TRAFFIC_SECRET_0 553277df77bdb883f950ce71a3a8d9c894801c68ebf99b32cbb1866832699a81 9d75cfc4b4c7da41959aae62675ae6cc2983fc1646939e02fa325c7c0d6904f6
SERVER_TRAFFIC_SECRET_0 553277df77bdb883f950ce71a3a8d9c894801c68ebf99b32cbb1866832699a81 0560ab2f5236e1a204f3a1825a065755faec11a9897a8013762ee02ea3b6b5bb
EXPORTER_SECRET 553277df77bdb883f950ce71a3a8d9c894801c68ebf99b32cbb1866832699a81 30315ca21032897cc7b16183aa168956493217d90834f3be730a07ef93dfb984
