CLIENT_HANDSHAKE_TRAFFIC_SECRET 71df2795f3bf0791dd85a6319ca31184eac40b658ae76e7352deb2bc5c76d19e 4f0ac7c381d57abf655d6078a6581d7f2e21933067e45f63b99a32c886080771
SERVER_HANDSHAKE_TRAFFIC_SECRET 71df2795f3bf0791dd85a6319ca31184eac40b658ae76e7352deb2bc5c76d19e 012c7166d44cb8706749a9f7f9f0588811b4198e8c24d1d10cc28836bfac9941
CLIENT_TRAFFIC_SECRET_0 71df2795f3bf0791dd85a6319ca31184eac40b658ae76e7352deb2bc5c76d19e a98974edd0e6d562489b6ef2bd88d1568e1652239c33f34e52f2262b982b6c74
SERVER_TRAFFIC_SECRET_0 71df2795f3bf0791dd85a6319ca31184eac40b658ae76e7352deb2bc5c76d19e 2073b559a4fff9a62726130da93d8727c89a7cbf561a5aed4a30dbe39f243bcd
EXPORTER_SECRET 71df2795f3bf0791dd85a6319ca31184eac40b658ae76e7352deb2bc5c76d19e 265e7e302c165764ac1ef472c3fb3c6268d807f062b255c9ce9255c1eb8ae31f
CLIENT_HANDSHAKE_TRAFFIC_SECRET aef408f06784117f76db14fa9a267b7b5106d5d2e68e5cc1241994752472d485 1e490d152669984be6ce24854778472a092d2f3fe9c078816c23b8fd5978d82f
SERVER_HANDSHAKE_TRAFFIC_SECRET aef408f06784117f76db14fa9a267b7b5106d5d2e68e5cc1241994752472d485 857e40f3aa143c276188a387284021412ea1a4847a29f5f9335180f256ca159c
CLIENT_TRAFFIC_SECRET_0 aef408f06784117f76db14fa9a267b7b5106d5d2e68e5cc1241994752472d485 3517a247161c10e839055cdfbf5bc36e1101ce58a855b784c2fc43d521a8d227
SERVER_TRAFFIC_SECRET_0 aef408f06784117f76db14fa9a267b7b5106d5d2e68e5cc1241994752472d485 9525ec095dbb15b773a5d0de05e790e4df68a8e1caf2c141918a7e2c15d812d3
EXPORTER_SECRET aef408f06784117f76db14fa9a267b7b5106d5d2e68e5cc1241994752472d485 9f1b3a54d970361df41de8c317243ce9e030a09d1bea13090ca7b2d435918506
CLIENT_HANDSHAKE_TRAFFIC_SECRET a0b1d526f7f988f1cedc2b6377fbeb74fee522ca60c2c9dbd8421e9cb251961c 86f168aa25ae636f3f30aead27473fcbb75078a3854df5e3389c8fdaf2a0bbcb
SERVER_HANDSHAKE_TRAFFIC_SECRET a0b1d526f7f988f1cedc2b6377fbeb74fee522ca60c2c9dbd8421e9cb251961c 6ffdcd3ca7b8e7f2ebc78241e749cced8cd73d045bde355a9df653a9a4ecb0ab
CLIENT_HANDSHAKE_TRAFFIC_SECRET c111be6289974bac982b735208b8a5d3e8f59f9cbc64c67124a23527c91aa792 5a4970f99b784f61756e1ea795dc479c4c3f9b42b05790525910b02502806656
SERVER_HANDSHAKE_TRAFFIC_SECRET c111be6289974bac982b735208b8a5d3e8f59f9cbc64c67124a23527c91aa792 e2b852efda7c377031aa0f4e310cfb8dfc0783bcdf99ced8876dc3cef12dec1d
CLIENT_HANDSHAKE_TRAFFIC_SECRET 648ee52508e84b795478db16ff8334351659e28a3cba0f92cf3ae05908fa790f 3f1d5e6e3e957bc70f5a8aeca0ccdfe770aede67289a0cc8c4ab5c52f8566e50
SERVER_HANDSHAKE_TRAFFIC_SECRET 648ee52508e84b795478db16ff8334351659e28a3cba0f92cf3ae05908fa790f 41e99eee00cd60d219d76d6f5f63f59ecbaace2ff0a55d8d5fbfb9328d5763e0
CLIENT_HANDSHAKE_TRAFFIC_SECRET b954ab783b17f63e1dbfc25d0787001e9a944424f80bd1fc774bc089acfb51ca 088b35a5abd2b3c92a0891647f4d3bc7a631ca9ec93bd7e34edccb184acb237d
SERVER_HANDSHAKE_TRAFFIC_SECRET b954ab783b17f63e1dbfc25d0787001e9a944424f80bd1fc774bc089acfb51ca e1369c7b04c97a5b6dd34645aa03757840b8835013248b6c7be9f9b6fcaa8ae0
CLIENT_HANDSHAKE_TRAFFIC_SECRET af66af2e7be0941288ba22f5738a4322902a93fc6f014079e48e82ee35cdd18e 4e0c12606dba050d89706f899cbf33d952b12f446077a185d6bc219b4b930616
SERVER_HANDSHAKE_TRAFFIC_SECRET af66af2e7be0941288ba22f5738a4322902a93fc6f014079e48e82ee35cdd18e c18c61885908f5ebfce3566103756f80d6d4d22d31269ca7eecf771f4ea4b826
CLIENT_TRAFFIC_SECRET_0 a0b1d526f7f988f1cedc2b6377fbeb74fee522ca60c2c9dbd8421e9cb251961c fcf7c1621e8060f133337fef22fa48309229df6b566d2fd87efa6979fc4414c5
SERVER_TRAFFIC_SECRET_0 a0b1d526f7f988f1cedc2b6377fbeb74fee522ca60c2c9dbd8421e9cb251961c 8459cfa14d2039aa300d4200351a4c0a9268044989e2f800384b198af0a452f3
EXPORTER_SECRET a0b1d526f7f988f1cedc2b6377fbeb74fee522ca60c2c9dbd8421e9cb251961c 62d04acf7fff8d8f5f838e2508bbc065f6851748958ceb4df95ea455e362a273
CLIENT_TRAFFIC_SECRET_0 c111be6289974bac982b735208b8a5d3e8f59f9cbc64c67124a23527c91aa792 a09fd089e3ab47e5ef6c794b5884e6c28a3a43e1c3d8be435056df12c7c4c03a
SERVER_TRAFFIC_SECRET_0 c111be6289974bac982b735208b8a5d3e8f59f9cbc64c67124a23527c91aa792 1df94f596f0bfe8bdff75ca4d528c1f175397ee912e9dc17254f0eb0125cb8cd
EXPORTER_SECRET c111be6289974bac982b735208b8a5d3e8f59f9cbc64c67124a23527c91aa792 349689264741852ae9bd9a76044ec253b296cf6d73dffacd76241d2d0734ef0e
CLIENT_TRAFFIC_SECRET_0 648ee52508e84b795478db16ff8334351659e28a3cba0f92cf3ae05908fa790f 451406a9511b11bc34fdd84692b1fbeca9fe01408611b36c09d82e040f5212a3
SERVER_TRAFFIC_SECRET_0 648ee52508e84b795478db16ff8334351659e28a3cba0f92cf3ae05908fa790f d66a3791bd41ef2e7bb8932255c3748565184ebdfedc87123073dd563a335b53
EXPORTER_SECRET 648ee52508e84b795478db16ff8334351659e28a3cba0f92cf3ae05908fa790f 356b5f0c5c2d37e82e16f1ea25453591805b5d8bf69f1b682110b6d406f10b73
CLIENT_TRAFFIC_SECRET_0 b954ab783b17f63e1dbfc25d0787001e9a944424f80bd1fc774bc089acfb51ca f4995bd22dad03a333c4d7d7451b6b5868310a261535e415ffc8bcb80da210bc
SERVER_TRAFFIC_SECRET_0 b954ab783b17f63e1dbfc25d0787001e9a944424f80bd1fc774bc089acfb51ca 60945dca7fec773e91c186510bc0527909041b272fe98294bebb372d4c65b316
EXPORTER_SECRET b954ab783b17f63e1dbfc25d0787001e9a944424f80bd1fc774bc089acfb51ca 1f169cc605a7905ff044a0ca4118fc490cf03866e321d6cef359b224d6385952
CLIENT_TRAFFIC_SECRET_0 af66af2e7be0941288ba22f5738a4322902a93fc6f014079e48e82ee35cdd18e 9775800e26befab3045af7ccf2d597aad2df24a390397c7e4d7d08ad3aedae2c
SERVER_TRAFFIC_SECRET_0 af66af2e7be0941288ba22f5738a4322902a93fc6f014079e48e82ee35cdd18e ea8c7ef4f0540c661bcdace4d35de342fb26545921d69cc8d77a24f49c2f4dca
EXPORTER_SECRET af66af2e7be0941288ba22f5738a4322902a93fc6f014079e48e82ee35cdd18e 55b1430dfaaacece699060b3200e0cbfc19dc1c695fa3cd3a461e8599a5c3076
CLIENT_HANDSHAKE_TRAFFIC_SECRET 1d3575f453af2d9b1aa062090589ac6b9672e19911bc9f089674b022b711351d 03ab35db43c897deba7ba7e961ea033c332201ef617c2062079aa5533f875d62
SERVER_HANDSHAKE_TRAFFIC_SECRET 1d3575f453af2d9b1aa062090589ac6b9672e19911bc9f089674b022b711351d 5b17c9afd3786ef6157de95cc969020464a669f7d559f885fc374c6959845c6d
CLIENT_TRAFFIC_SECRET_0 1d3575f453af2d9b1aa062090589ac6b9672e19911bc9f089674b022b711351d 2058f4681c0a64f4629596e02e72433dac898d8bc70083ba24c59279e4611499
SERVER_TRAFFIC_SECRET_0 1d3575f453af2d9b1aa062090589ac6b9672e19911bc9f089674b022b711351d 4fc69169e7abb3c0acb6ee95453b45647fba4a77654ee5f24eeca7364e5ebb1e
EXPORTER_SECRET 1d3575f453af2d9b1aa062090589ac6b9672e19911bc9f089674b022b711351d b42eb9367ee9599204cfc650cf391a63e1aafba1586b70cc51b8866798350f61
CLIENT_HANDSHAKE_TRAFFIC_SECRET f2c6785358c5d352c5c7e74a7f9af6d9aed89e5c807a4db695a7bcb1d181a658 1bffe83880473f9ad79bb1b09c15ef2a4c8fca015bd211d3e549dccab7c53fde
SERVER_HANDSHAKE_TRAFFIC_SECRET f2c6785358c5d352c5c7e74a7f9af6d9aed89e5c807a4db695a7bcb1d181a658 0313594827e3eb381cc0afbc12f67d28494b42ccc719f797b94b51af59bca419
CLIENT_TRAFFIC_SECRET_0 f2c6785358c5d352c5c7e74a7f9af6d9aed89e5c807a4db695a7bcb1d181a658 b0c7edc09c57643efbe30ae7a4f7eb266cd57bc44ee17838b360dcf29eb8087e
SERVER_TRAFFIC_SECRET_0 f2c6785358c5d352c5c7e74a7f9af6d9aed89e5c807a4db695a7bcb1d181a658 e4ed4c77163c378726d1ecf636f7f9c065030988483202f94c049aadeee7954d
EXPORTER_SECRET f2c6785358c5d352c5c7e74a7f9af6d9aed89e5c807a4db695a7bcb1d181a658 70e9b87940590c00abf7b8e8c3e9fd21121205e8d72cb2ff35c684c8765d9cdd
CLIENT_HANDSHAKE_TRAFFIC_SECRET a736ee918c019f2c2b7399e6da13685ae659708524983a6e2f3da1eb304dde67 fc0f501ef16a63ff71fe903a541341740b9cfda4c0f8d02067bee78fbb53ea9b
SERVER_HANDSHAKE_TRAFFIC_SECRET a736ee918c019f2c2b7399e6da13685ae659708524983a6e2f3da1eb304dde67 846c35a122457b2980436a27575e8b6563a62d0bdc9650787a652fef69088345
CLIENT_HANDSHAKE_TRAFFIC_SECRET 398f3266d93580bbfa2fca2cdfccf11540d3037f4196885300083266704214aa 34e75aac36f33fe60d952c08e12ad7194919e41b8a2c9efc2fc6e5cdfb220d69
SERVER_HANDSHAKE_TRAFFIC_SECRET 398f3266d93580bbfa2fca2cdfccf11540d3037f4196885300083266704214aa 7e30aa52931fcab47f98aa0fd806d26392a79dfca0eb3e0ef31eb3554215effc
CLIENT_HANDSHAKE_TRAFFIC_SECRET b5baf68cd80cc7396db1a5917bd75e2f0cdf1e6a0782467ea73686a8ac711673 52d8a48c4db44c49d614e008b5f7a25d16cb637fcb4fa6ac6b1648fd1ad3201f
SERVER_HANDSHAKE_TRAFFIC_SECRET b5baf68cd80cc7396db1a5917bd75e2f0cdf1e6a0782467ea73686a8ac711673 e74e520223318a79dc97111649ddb56d4b4dc4e8b39db5413907053af8d9e8ae
CLIENT_TRAFFIC_SECRET_0 398f3266d93580bbfa2fca2cdfccf11540d3037f4196885300083266704214aa de79ee105b4013dc6964a0a3c7e88b51632e46e051fea1359c6bf542727234e7
SERVER_TRAFFIC_SECRET_0 398f3266d93580bbfa2fca2cdfccf11540d3037f4196885300083266704214aa 66dfeeb70d0c67d5cbdc6e48f1eea9758d3a08e5ebbb79dc84b8d079633a72bd
EXPORTER_SECRET 398f3266d93580bbfa2fca2cdfccf11540d3037f4196885300083266704214aa 2fbbaad9e8d9530192316afa65b1c0ae9a398189a5baa9d4d20e2c8dc9e06c25
CLIENT_TRAFFIC_SECRET_0 b5baf68cd80cc7396db1a5917bd75e2f0cdf1e6a0782467ea73686a8ac711673 bd47842ba5a557d547bfe09fb0b49bb8a772469fd054344ea21962dcaa62310f
SERVER_TRAFFIC_SECRET_0 b5baf68cd80cc7396db1a5917bd75e2f0cdf1e6a0782467ea73686a8ac711673 8a40b2834cf624123e589e4cee3f1e0c9f0f9a3d7d24df8a1bcd166287a5a149
EXPORTER_SECRET b5baf68cd80cc7396db1a5917bd75e2f0cdf1e6a0782467ea73686a8ac711673 9f9636f42947c29a043a9d33b8fbb1da573ac214d1b15cd061472dba956c0fd7
CLIENT_HANDSHAKE_TRAFFIC_SECRET 83150a4268a63b9425198a624ac6b9f417374805ee7b2316682ae7b11e312548 9e9c95548b78bd9e8614ff8ed394ff9b4878d9f1bfc435ed35cc6400cdc5f9b2
SERVER_HANDSHAKE_TRAFFIC_SECRET 83150a4268a63b9425198a624ac6b9f417374805ee7b2316682ae7b11e312548 9f082e85bbece2d97087a56ed4c1e2abab7f127037881992c787450b85706a6b
CLIENT_TRAFFIC_SECRET_0 a736ee918c019f2c2b7399e6da13685ae659708524983a6e2f3da1eb304dde67 59b815d53264ab83764a60bea0474e921ff583c700b0ab11cdd3bf364b98ab10
SERVER_TRAFFIC_SECRET_0 a736ee918c019f2c2b7399e6da13685ae659708524983a6e2f3da1eb304dde67 8e09c3b41c915155807a21c3089eb70051aa851ff81592bbe02c9cc01f670391
EXPORTER_SECRET a736ee918c019f2c2b7399e6da13685ae659708524983a6e2f3da1eb304dde67 8e1b795a198db552a73208b8a433502192ef9e5fca93856867f7771d6c8ed817
CLIENT_TRAFFIC_SECRET_0 83150a4268a63b9425198a624ac6b9f417374805ee7b2316682ae7b11e312548 427a0ede53ae8e0610472c8d94ba7066ea854db6bd35c2111023dae824be5096
SERVER_TRAFFIC_SECRET_0 83150a4268a63b9425198a624ac6b9f417374805ee7b2316682ae7b11e312548 0ed41dddcd2371d4a97cc0586c63b286974432687bd34c0baccf35158c124504
EXPORTER_SECRET 83150a4268a63b9425198a624ac6b9f417374805ee7b2316682ae7b11e312548 201275db8215f27397b53b560cbb9843acd1bdbab9b4e621af08a1ff13d97d60
CLIENT_HANDSHAKE_TRAFFIC_SECRET 5de6b1ce431bfed2f84dca30abb0f9205812be937d9acb0dc01d2afe2a59cdc5 3d2dcb3430d9e666495aa612b6af875348820dc010ffcd6732b5e5ef2ce24fd0
SERVER_HANDSHAKE_TRAFFIC_SECRET 5de6b1ce431bfed2f84dca30abb0f9205812be937d9acb0dc01d2afe2a59cdc5 ad88416ad78a6e5cf51f32907f47242abca9b82365468389f8fe464ca3b7e539
CLIENT_TRAFFIC_SECRET_0 5de6b1ce431bfed2f84dca30abb0f9205812be937d9acb0dc01d2afe2a59cdc5 8c1366c5070540513e7a43a2c31f55741e27ec309df3c14aa091f34639d3e4f1
SERVER_TRAFFIC_SECRET_0 5de6b1ce431bfed2f84dca30abb0f9205812be937d9acb0dc01d2afe2a59cdc5 8b109d988826d20237138d59b7f342fa2f7c5b481a89373f2875cb3537822f82
EXPORTER_SECRET 5de6b1ce431bfed2f84dca30abb0f9205812be937d9acb0dc01d2afe2a59cdc5 36d11e3200e3fedb2e99e4deef679a8b1fcea7504c00cb94033042962e572f72
CLIENT_HANDSHAKE_TRAFFIC_SECRET 1ded0ac5d3f4fa451ad5ace144293018b7e249914c137428a6eaf4aef4a9d427 c19aeb4dc63ed348f81ca7581219dd6457c8dbc91975513103f8301c58452a2f
SERVER_HANDSHAKE_TRAFFIC_SECRET 1ded0ac5d3f4fa451ad5ace144293018b7e249914c137428a6eaf4aef4a9d427 1c633d01ba9c1b4c7555c62c153df973739d00da13836d20d41e82dbb72cb04d
CLIENT_HANDSHAKE_TRAFFIC_SECRET 91d81af8f7e5042a4b437a53aa7049d1f21ddacd997a72b54cfcf1b0fd78fc23 be2c6cb775398647f13f700ce1d04c955efcbce9bc57574ca09b31a5ce8faf0a
SERVER_HANDSHAKE_TRAFFIC_SECRET 91d81af8f7e5042a4b437a53aa7049d1f21ddacd997a72b54cfcf1b0fd78fc23 ba185133b7c27c9474a8dd5691de8c5d236b48622a836cbef1476e1a4ac13373
CLIENT_TRAFFIC_SECRET_0 1ded0ac5d3f4fa451ad5ace144293018b7e249914c137428a6eaf4aef4a9d427 536c9dd10ba7454ef837682135d0cf8c6c2dd181ea844d8ec2941378f030a96c
SERVER_TRAFFIC_SECRET_0 1ded0ac5d3f4fa451ad5ace144293018b7e249914c137428a6eaf4aef4a9d427 2a0638e4a932d2939ccb1a1576bedfc97535501a868040b04b40561576a5c329
EXPORTER_SECRET 1ded0ac5d3f4fa451ad5ace144293018b7e249914c137428a6eaf4aef4a9d427 14718bc6a9163e81665f4307d31e3fd357de566ef5cf43db216106992a85e4d5
CLIENT_TRAFFIC_SECRET_0 91d81af8f7e5042a4b437a53aa7049d1f21ddacd997a72b54cfcf1b0fd78fc23 290c55e296c44a524e3965ffd9d4a9ce3205c74f287d59ead7ee197011b40bb5
SERVER_TRAFFIC_SECRET_0 91d81af8f7e5042a4b437a53aa7049d1f21ddacd997a72b54cfcf1b0fd78fc23 e86dea0805cd6891c52a0d37926ceb27f93146ada0fb51d398bb931313d3d106
EXPORTER_SECRET 91d81af8f7e5042a4b437a53aa7049d1f21ddacd997a72b54cfcf1b0fd78fc23 5d9ab77904a854424d37b8cc2ad03521b0dee51460d657940ed98bdd2fa42c1e
CLIENT_HANDSHAKE_TRAFFIC_SECRET 6fbbf6b54ef6473d1739348085d335f1d74accd7824eba15b5c25c173717f704 1043a1c181a693287b448a077311074eb0cee9fb0dbc9893938aa4e041ff9af5
SERVER_HANDSHAKE_TRAFFIC_SECRET 6fbbf6b54ef6473d1739348085d335f1d74accd7824eba15b5c25c173717f704 a84f90d28a570b892bc58a878a0846f1ad319f5ae0a4dc4b44657ded917facc2
CLIENT_HANDSHAKE_TRAFFIC_SECRET 16bba6896ac444283ea9dfefd4d0da26a1d17037528e40610ccf7c16d57229bc 199a05cbe22b7148240e7e31007e043f7ace19c74fa148e4dfea27b369896758
SERVER_HANDSHAKE_TRAFFIC_SECRET 16bba6896ac444283ea9dfefd4d0da26a1d17037528e40610ccf7c16d57229bc ebe3a94df3800463f67363d96bf6d251ab447676f8530392db64514044848a81
CLIENT_TRAFFIC_SECRET_0 6fbbf6b54ef6473d1739348085d335f1d74accd7824eba15b5c25c173717f704 ba4a284aed48ff01e6700b7ad8e2fe3516aac8d52cbd91de21d4a98780e6e817
SERVER_TRAFFIC_SECRET_0 6fbbf6b54ef6473d1739348085d335f1d74accd7824eba15b5c25c173717f704 21c8bff15be0f194615a6c72ad6b6db89595983b69eb2774e0e5ed45921ee4db
EXPORTER_SECRET 6fbbf6b54ef6473d1739348085d335f1d74accd7824eba15b5c25c173717f704 b573851e8baca1d438748ffe9c3de9ae277864680b62f982624d68f63d8dfca5
CLIENT_TRAFFIC_SECRET_0 16bba6896ac444283ea9dfefd4d0da26a1d17037528e40610ccf7c16d57229bc bbc4059d38a9f9dcfa3bb5835073a26f132c613f4d5823d7b6acb089c4c2e5f4
SERVER_TRAFFIC_SECRET_0 16bba6896ac444283ea9dfefd4d0da26a1d17037528e40610ccf7c16d57229bc 40d9ca0d794de15b71d2528c4acfdee2d29c82e468ee32a406d88eb1fa4aeff5
EXPORTER_SECRET 16bba6896ac444283ea9dfefd4d0da26a1d17037528e40610ccf7c16d57229bc cc3a711b5958e57213c21e74b6fa5142dfa80b9132bccd2ca7bc8022a04d9f2d
CLIENT_HANDSHAKE_TRAFFIC_SECRET 62ab718c71b30127055d1e80ad2b130c369fc0c96ec0a6f0a669a23500c04a21 b9216199a4eb3133c57dc6b68f640bb96746afc9fb5a3f9bd641aac55ecfb2ee
SERVER_HANDSHAKE_TRAFFIC_SECRET 62ab718c71b30127055d1e80ad2b130c369fc0c96ec0a6f0a669a23500c04a21 b00ceb77c85adf9f76e721245acf4dcff6fa7bb746a9cd3f85f16bdb698f2fdf
CLIENT_TRAFFIC_SECRET_0 62ab718c71b30127055d1e80ad2b130c369fc0c96ec0a6f0a669a23500c04a21 5f662080a3299761f0c96e2a2dcadeb94bee88e5f257ce57a840db183c8d88bd
SERVER_TRAFFIC_SECRET_0 62ab718c71b30127055d1e80ad2b130c369fc0c96ec0a6f0a669a23500c04a21 774bbd91d68dcc61303b8682f8ff2a20be209fcaada23d3419cfaf1a2e36acca
EXPORTER_SECRET 62ab718c71b30127055d1e80ad2b130c369fc0c96ec0a6f0a669a23500c04a21 a8edec23b88f0cb37267e0c8eeaf52d29a2d5d896ca76d2cc55a6c434b88758e
CLIENT_HANDSHAKE_TRAFFIC_SECRET c309dda07e4339248538ffd83f16da120fd4bd850c847dff645b0319ef741070 df603084b6ecbadea6222274869d247ab735bc15a31dbfbb939e627ccbe656d7
SERVER_HANDSHAKE_TRAFFIC_SECRET c309dda07e4339248538ffd83f16da120fd4bd850c847dff645b0319ef741070 000b08e451143d424bcbc6893135f3d3bfb040530a5867b1bf65df27c926b5db
CLIENT_TRAFFIC_SECRET_0 c309dda07e4339248538ffd83f16da120fd4bd850c847dff645b0319ef741070 287841ef6ea67eb442817a920a54395803d677b90615fa5b55a2953994978d88
SERVER_TRAFFIC_SECRET_0 c309dda07e4339248538ffd83f16da120fd4bd850c847dff645b0319ef741070 4a9e2f0f9f248f770293e59653f46f68e08ce6bfd60722ed6737a7e855859a1c
EXPORTER_SECRET c309dda07e4339248538ffd83f16da120fd4bd850c847dff645b0319ef741070 43be1ac65750eb6969afb838949e640ff2e3541d267f08a335f1144bbc753221
CLIENT_HANDSHAKE_TRAFFIC_SECRET 91133679f5aa6ff97b799062d4c393608a775147826c58a9f5275408388d7c6e 3bb1e9a5e88ac4d0a5394ad50ff899aede85a331dd71a7c1cee4b2fef5fadc3d
SERVER_HANDSHAKE_TRAFFIC_SECRET 91133679f5aa6ff97b799062d4c393608a775147826c58a9f5275408388d7c6e c9dbdc49f2b7ce4cf6eec7ecdbfe60050a3f787514ab5efcf7d713a4663ae6d5
CLIENT_TRAFFIC_SECRET_0 91133679f5aa6ff97b799062d4c393608a775147826c58a9f5275408388d7c6e 45cac4f79c460b6367baf47fab4b23b402bbc31f1b27e379c5d364c13508d32a
SERVER_TRAFFIC_SECRET_0 91133679f5aa6ff97b799062d4c393608a775147826c58a9f5275408388d7c6e 17d4134bb85eaa6b361a6f1c42e666b7f15dea2ee141360090a09c841fd3b5dc
EXPORTER_SECRET 91133679f5aa6ff97b799062d4c393608a775147826c58a9f5275408388d7c6e 6475ab19081496988e7826c8fd2ffac61d2eb509751a78626ecd1069036d78d7
CLIENT_HANDSHAKE_TRAFFIC_SECRET acc442c40baaab4648b34e642a9de0e661373bc38038c8fbd0ee976355a2cc00 05b0f6e8e848947efd97d9dae28e7d01eb50d64c49eba8d44a49b0cf38dd7aec
SERVER_HANDSHAKE_TRAFFIC_SECRET acc442c40baaab4648b34e642a9de0e661373bc38038c8fbd0ee976355a2cc00 9aefbb3110753cff1dfce51ccb98831f8bc67fa67bc0039a4301a56589452177
CLIENT_TRAFFIC_SECRET_0 acc442c40baaab4648b34e642a9de0e661373bc38038c8fbd0ee976355a2cc00 16361483684ffcbd414c03d4cd56f054aff96c7547e1510f8697562914395f7c
SERVER_TRAFFIC_SECRET_0 acc442c40baaab4648b34e642a9de0e661373bc38038c8fbd0ee976355a2cc00 79591146adc379c95e9c51c0ce148d43600308e762a5eedbf8fb7f5521a57273
EXPORTER_SECRET acc442c40baaab4648b34e642a9de0e661373bc38038c8fbd0ee976355a2cc00 32a698354a09e017ecad875e2f2713a08f6b37045bae2d819d2aff3ffa99b7e0
CLIENT_RANDOM db744f624ec80be8dc3ff5b109e4cfa1e88102333e3e760bb1b1876c01897e9f 97f473930adf22f5669379dd4d473484cd42355ff51aec741b4d23144979871fa1908ec3a7a63f2b1a65533c753b9188
CLIENT_RANDOM 2f76f57caa8aa62cc1dd9eb660bd7635c9c6ad947b0faced5d1252e4e53d61fc c492ee3b2c8f28b30902f69e95b68e130f2db06658edbe9a417528cecac4bcaf721223eba07cc2ad85236a2e846a3142
CLIENT_HANDSHAKE_TRAFFIC_SECRET a8faf4cbd3538b67a57944bcacb6d41330e6723a780b8a3b0be3c04105385d17 dcacee28bde40426a6b25a3139963104aae8d8f6735b8fede1899361d727033a
SERVER_HANDSHAKE_TRAFFIC_SECRET a8faf4cbd3538b67a57944bcacb6d41330e6723a780b8a3b0be3c04105385d17 94939dfb698dce9147d809733796725d49a82467258d152aa74040e59281fba6
CLIENT_HANDSHAKE_TRAFFIC_SECRET d71680e8f0213da371eb285515a535c85d100b508fd1feb55293c07632226d1c b6170f458d924076ef75ab3e5d3839ba104b7a060c78c621ab97cdb87e406559
SERVER_HANDSHAKE_TRAFFIC_SECRET d71680e8f0213da371eb285515a535c85d100b508fd1feb55293c07632226d1c 2e10a50908d4a783674121e18e8ebd89a0f0e7ac2fa732a09161c5eb4d1f9abf
CLIENT_TRAFFIC_SECRET_0 a8faf4cbd3538b67a57944bcacb6d41330e6723a780b8a3b0be3c04105385d17 63b05358d2615c3446925108366f3acbb243552616c2ced90a552c86b88e03f5
SERVER_TRAFFIC_SECRET_0 a8faf4cbd3538b67a57944bcacb6d41330e6723a780b8a3b0be3c04105385d17 cbb4a2e1ca18605758eb3d75c90687c87acac665f75314f59f7f62ec88094119
EXPORTER_SECRET a8faf4cbd3538b67a57944bcacb6d41330e6723a780b8a3b0be3c04105385d17 494c9000ecd1c7d40bb4c8924443d2893cbe1bd2c5eecc0cc56975c6e309df4f
CLIENT_HANDSHAKE_TRAFFIC_SECRET bf8492fed5f1c201a7cddf858e27416e8dedc6f64cd8a1be98597c06cd162902 c08bcee42382c5a9cb8dfd01a418224c3ed23a56f998dce474a6669d57fc6d16
SERVER_HANDSHAKE_TRAFFIC_SECRET bf8492fed5f1c201a7cddf858e27416e8dedc6f64cd8a1be98597c06cd162902 bf284ee78901b8f16a6400c4621b734534a8afe00b38c32ed3f59681b2e38f0b
CLIENT_TRAFFIC_SECRET_0 d71680e8f0213da371eb285515a535c85d100b508fd1feb55293c07632226d1c a61e9a0360c5276313c8c48b2e64faae7600437b0385ad255d6e6d906b39629e
SERVER_TRAFFIC_SECRET_0 d71680e8f0213da371eb285515a535c85d100b508fd1feb55293c07632226d1c 54f228a271a81a38990bcce3f59a9170198829bfbddb821301e6627d4cbda5d2
EXPORTER_SECRET d71680e8f0213da371eb285515a535c85d100b508fd1feb55293c07632226d1c 88a0ba984c68bd648401e5278f491c9d797feebb177bb51e7b667c3ab60e35d5
CLIENT_TRAFFIC_SECRET_0 bf8492fed5f1c201a7cddf858e27416e8dedc6f64cd8a1be98597c06cd162902 a2ab893d20f52f079487f12ceba7bed9611e22b4e4ce872cf4074f224e7be1d3
SERVER_TRAFFIC_SECRET_0 bf8492fed5f1c201a7cddf858e27416e8dedc6f64cd8a1be98597c06cd162902 1e1a80b0eb05f188c7e569f3af0afba1e1215ab3c0a84e96affbbe95309c9d14
EXPORTER_SECRET bf8492fed5f1c201a7cddf858e27416e8dedc6f64cd8a1be98597c06cd162902 3f03b4af33367150b6c7cc15279cbd8c77520850d219425654bbd71804eebf88
