CLIENT_HANDSHAKE_TRAFFIC_SECRET 3a44f3e347beb0b276be063b459fe9589a3b5c77847c0794f5cf2db55a743183 ed6b1a4d6ca450a39445988babdf50d51d2bf0202bbf0c1fd01584f453319225
SERVER_HANDSHAKE_TRAFFIC_SECRET 3a44f3e347beb0b276be063b459fe9589a3b5c77847c0794f5cf2db55a743183 5c07399ae89e263098239728cdce7b2790674668f67bdd4ab3d02ceb752da14e
CLIENT_TRAFFIC_SECRET_0 3a44f3e347beb0b276be063b459fe9589a3b5c77847c0794f5cf2db55a743183 928e8cc121b9eb44a7cf3e728ce3d8b47d015891b2b266171d6bbbc561feda27
SERVER_TRAFFIC_SECRET_0 3a44f3e347beb0b276be063b459fe9589a3b5c77847c0794f5cf2db55a743183 04e23b32410e019feb4967a6a27f9528ae98c3ef495a31973d535a3a83d659f5
EXPORTER_SECRET 3a44f3e347beb0b276be063b459fe9589a3b5c77847c0794f5cf2db55a743183 3bc70548b741522b798e64d3ca64e4b3236b75968ccb1092b9ca723267c81833
CLIENT_HANDSHAKE_TRAFFIC_SECRET aa8c6a76992341f66617b1c26330afee6f0eea4735dd8ffaf027d639deed6f6b 4d3df6f6392a5270af86e046140055d486ae65dc3ef851aac63ce283f3297e83
SERVER_HANDSHAKE_TRAFFIC_SECRET aa8c6a76992341f66617b1c26330afee6f0eea4735dd8ffaf027d639deed6f6b 473c4995c9e8cb4edf68f59379a32fd2aa1d72c761d28934df9ff8ec6662a732
CLIENT_TRAFFIC_SECRET_0 aa8c6a76992341f66617b1c26330afee6f0eea4735dd8ffaf027d639deed6f6b 85ad45425f96769635c66dec2275e65f3798c213d0be85e9fcc284b5d2364b18
SERVER_TRAFFIC_SECRET_0 aa8c6a76992341f66617b1c26330afee6f0eea4735dd8ffaf027d639deed6f6b 49535d897d735aff5ad05a45e74ea5b19a8ae09208a203e6d4dd0ff53dab7a0d
EXPORTER_SECRET aa8c6a76992341f66617b1c26330afee6f0eea4735dd8ffaf027d639deed6f6b 3494a39d5f14958333197897498b1cdca45a6f82096046169cedb4c628ef6690
CLIENT_HANDSHAKE_TRAFFIC_SECRET 5849c37e80d8e0f43bf85f6de60aeab47f535187384c7c4c1cf740601af78450 043cdfcd4d089558cafb13cc372d84c99ef1da2fd43b3ed8ae95c0ed3ebf5ffe
SERVER_HANDSHAKE_TRAFFIC_SECRET 5849c37e80d8e0f43bf85f6de60aeab47f535187384c7c4c1cf740601af78450 074948762667f33303a2cfe4c01f9483002a24d6f1720ccbd5c3c7727f2b1b35
CLIENT_TRAFFIC_SECRET_0 5849c37e80d8e0f43bf85f6de60aeab47f535187384c7c4c1cf740601af78450 74f090a823f0d0a97db933ceacbba64091f910bca67c779e38ea8423f7308269
SERVER_TRAFFIC_SECRET_0 5849c37e80d8e0f43bf85f6de60aeab47f535187384c7c4c1cf740601af78450 512c874b61be4a86cafebb3b387d550863c93a1c03b0fb4b5ad5eb5fac722982
EXPORTER_SECRET 5849c37e80d8e0f43bf85f6de60aeab47f535187384c7c4c1cf740601af78450 e8a3c0ad6c7bf51b62b5dcd1bfcb7c10591b58400cb958902195244aa57e2e7f
CLIENT_HANDSHAKE_TRAFFIC_SECRET 4a9190ddd460425269889654e6ad4e07197a205af4453fe0c3ce3573cff806fa c5680caadc5b551faf286f4a119077eb867a828010eedca4491e535bf22e571a
SERVER_HANDSHAKE_TRAFFIC_SECRET 4a9190ddd460425269889654e6ad4e07197a205af4453fe0c3ce3573cff806fa 54e030669e1abeafac5c04e347e0b923829b4be4a5b016e6cceaff6e2e111937
CLIENT_TRAFFIC_SECRET_0 4a9190ddd460425269889654e6ad4e07197a205af4453fe0c3ce3573cff806fa a2fc4e88f8023fcfafea3f9b807a371eb7430aa465fbc01927706cd7a0dc1101
SERVER_TRAFFIC_SECRET_0 4a9190ddd460425269889654e6ad4e07197a205af4453fe0c3ce3573cff806fa b50e53ca34a780d7cbcb463b7f38d49ddcdb2c41995f95057c41c6921e58d4c0
EXPORTER_SECRET 4a9190ddd460425269889654e6ad4e07197a205af4453fe0c3ce3573cff806fa 330a507519555a098ca9b74718b8c800ed4467338883c3c9d709cde21462d2ec
CLIENT_RANDOM 4951ae4f983727ed55a1f4faa7ebb94399115155dfd5364e049673efa8cb81aa 3399975c374d15293fc9c429be7f9b4f18916fea7c5aacd906ec4353c16cf145dc927c04f827ffc31c4d9b481654266f
CLIENT_HANDSHAKE_TRAFFIC_SECRET 5d767f1fb2a3665a5df2950279d2743e718c6cf3087970d8c01d20c8e4f24e96 f3067076e18454578ab4a18bfc81c0efa4f5d12186695782f22038021b23085d
SERVER_HANDSHAKE_TRAFFIC_SECRET 5d767f1fb2a3665a5df2950279d2743e718c6cf3087970d8c01d20c8e4f24e96 5dec8bdf54260fccfb14877050771f0b1cf58bc9f5cfa9e0326ae0a9857dfdb5
CLIENT_TRAFFIC_SECRET_0 5d767f1fb2a3665a5df2950279d2743e718c6cf3087970d8c01d20c8e4f24e96 73bd20dc84308b2231166db7fc9997e9829fc18464edf6946f8f807f391cec95
SERVER_TRAFFIC_SECRET_0 5d767f1fb2a3665a5df2950279d2743e718c6cf3087970d8c01d20c8e4f24e96 9b8c8414bb2f38e96917f2ece4c6275f06f829c56e8d2a3dceffb371f7322ea1
EXPORTER_SECRET 5d767f1fb2a3665a5df2950279d2743e718c6cf3087970d8c01d20c8e4f24e96 a4f57fa6d1c1a24af8943801e917692cf52eb7ef5bcbb7c76fc213aaadd0ce63
CLIENT_HANDSHAKE_TRAFFIC_SECRET d358f9dc7b8e736886ef08dec76d65de609e19293b4b7013caafc60571cbd959 774bbdd9cac000897f52d0f24337c263936edd8c3436b34b493e2beb2a0f258e
SERVER_HANDSHAKE_TRAFFIC_SECRET d358f9dc7b8e736886ef08dec76d65de609e19293b4b7013caafc60571cbd959 efa522e14ed25240574d878ca867ed91be83831e5c0f6cdab5f0ea5836e5f075
CLIENT_TRAFFIC_SECRET_0 d358f9dc7b8e736886ef08dec76d65de609e19293b4b7013caafc60571cbd959 de37b26faf22d09cb21818758232ba60622eb2dc25e601da57744edc84e3dd1a
SERVER_TRAFFIC_SECRET_0 d358f9dc7b8e736886ef08dec76d65de609e19293b4b7013caafc60571cbd959 fbdbd58bc13eba8a3a10adb2aada7f6a60375682bc8f7e4543977ea2780ca807
EXPORTER_SECRET d358f9dc7b8e736886ef08dec76d65de609e19293b4b7013caafc60571cbd959 cb20fa263f7730691d2421dbcaee7d57a308a16394b669d1d7e7883a29830349
CLIENT_HANDSHAKE_TRAFFIC_SECRET 971c8f3156578c3f4b67dba7d99a4a344433c19a534d5a817b54b015b1470647 7c7fd8a1bcdbb914b0089e031edfcd354c74c6e353531685a3732920b6930f6b
SERVER_HANDSHAKE_TRAFFIC_SECRET 971c8f3156578c3f4b67dba7d99a4a344433c19a534d5a817b54b015b1470647 1ea2d0cb1bbbd5a77815e3f4ebb68c3a106e221e179c022932e18d052c979a34
CLIENT_TRAFFIC_SECRET_0 971c8f3156578c3f4b67dba7d99a4a344433c19a534d5a817b54b015b1470647 ee0bf6b1ab2c06fa404c6d701bb54c8ad06907f2ed07fa287b6fd871e6a5a84b
SERVER_TRAFFIC_SECRET_0 971c8f3156578c3f4b67dba7d99a4a344433c19a534d5a817b54b015b1470647 b41e0f2fc0ef77f4e68bb28172418f43a10b82db5a8b80127523f9a5c8fdc564
EXPORTER_SECRET 971c8f3156578c3f4b67dba7d99a4a344433c19a534d5a817b54b015b1470647 7d51b30fd25f58964dfb1d08c12eacdc08380a937fc7d7fdae7c07cad0bfdd3c
CLIENT_HANDSHAKE_TRAFFIC_SECRET 02b949688d8c7c47a19c28461118e96fca78d17a6efa9466c9335f5163465239 ce6c8985ec66eab47660b2cbbf883c8280b7ad6f54766f7cbd1e393c182aef22
SERVER_HANDSHAKE_TRAFFIC_SECRET 02b949688d8c7c47a19c28461118e96fca78d17a6efa9466c9335f5163465239 4907147f103a3ea5980b1135d3b6fbc9f368b78cdadf023ac396eba026dac1ee
CLIENT_TRAFFIC_SECRET_0 02b949688d8c7c47a19c28461118e96fca78d17a6efa9466c9335f5163465239 8f53b857b2cb9894e6754b57bde81e560f5cd5364c669f7e71adcd59afbbf439
SERVER_TRAFFIC_SECRET_0 02b949688d8c7c47a19c28461118e96fca78d17a6efa9466c9335f5163465239 dfc96928b6bdcfcabd48cb6b58c95795accee73704797cf37c57b9a664d5c6ae
EXPORTER_SECRET 02b949688d8c7c47a19c28461118e96fca78d17a6efa9466c9335f5163465239 5420f727ed430e59e97d7bdfc9256c0d87c131db1742a8dfbd38dc6838659f34
CLIENT_HANDSHAKE_TRAFFIC_SECRET 4436c46889a8db73ed6a0fc6be15b6afe7a10cd8754af1284b536e688a0101cc 65ca7cdc7b6a8679db211860a330bbc641f7d3666c6d67413b3964cc870843c0
SERVER_HANDSHAKE_TRAFFIC_SECRET 4436c46889a8db73ed6a0fc6be15b6afe7a10cd8754af1284b536e688a0101cc e920ff90b51b7ddb2f1f37abe462f68b0dc4ee9e89bd34a20cd146c39a45df0f
CLIENT_HANDSHAKE_TRAFFIC_SECRET c3f3b22dce86ac9d49c5a64773c9c5d06203cfd7c485c4435c9d7645cf30e8eb 811dcba91ac96be6cc7965e76ba986d3f9f403679809e5adb788462cac3096eb
SERVER_HANDSHAKE_TRAFFIC_SECRET c3f3b22dce86ac9d49c5a64773c9c5d06203cfd7c485c4435c9d7645cf30e8eb aa5099e2ab2dde167d4cfad1c193b432d2409ebf59fa6f027c996b825ce307ee
CLIENT_TRAFFIC_SECRET_0 4436c46889a8db73ed6a0fc6be15b6afe7a10cd8754af1284b536e688a0101cc 200d429ab3abb1350e5ac3799a7ddc31782ae492743647b3e96b7582e0fa3e40
SERVER_TRAFFIC_SECRET_0 4436c46889a8db73ed6a0fc6be15b6afe7a10cd8754af1284b536e688a0101cc 15d6c30212786388e14a2fe400f8c93fd6735e0a8e46d7ed8e736754892d3041
EXPORTER_SECRET 4436c46889a8db73ed6a0fc6be15b6afe7a10cd8754af1284b536e688a0101cc 408e26411207e601f7e4e5d935c0f9f40054a2440c9ecc1b0d070483f4b60025
CLIENT_TRAFFIC_SECRET_0 c3f3b22dce86ac9d49c5a64773c9c5d06203cfd7c485c4435c9d7645cf30e8eb 70cd55a2ac714968882d67590575d6da19beb7d41420a166e60e86e4e8ceb61f
SERVER_TRAFFIC_SECRET_0 c3f3b22dce86ac9d49c5a64773c9c5d06203cfd7c485c4435c9d7645cf30e8eb 8b6106f6d001b40cd8e77a3188b8b4f7977ac2e13191233709a0b373355887c7
EXPORTER_SECRET c3f3b22dce86ac9d49c5a64773c9c5d06203cfd7c485c4435c9d7645cf30e8eb 6d0928f56136595e47ad032182db95de12654e1fdd43150afd99f9a15344696a
CLIENT_HANDSHAKE_TRAFFIC_SECRET 6b1b9b2d9cab47068129c6af1518440337d6b3b3652d518885dccead058289c0 e66e5977e334cc86616acc6f78fcbed0a9708658a94e6f50e25659dff1b4a461
SERVER_HANDSHAKE_TRAFFIC_SECRET 6b1b9b2d9cab47068129c6af1518440337d6b3b3652d518885dccead058289c0 ba0bf0536346e25e2fa16d36bf2d1a524c615856f9c5dabc59485149b0ffab71
CLIENT_TRAFFIC_SECRET_0 6b1b9b2d9cab47068129c6af1518440337d6b3b3652d518885dccead058289c0 4a7641f8aa3aa2c38900d7b537d2fb68700bf4f038cd40fa97bb8cb189f88808
SERVER_TRAFFIC_SECRET_0 6b1b9b2d9cab47068129c6af1518440337d6b3b3652d518885dccead058289c0 0a2e55adcefe42f62ddf4ce676338ec5a78fde544bdf9dfea043a4de0098c604
EXPORTER_SECRET 6b1b9b2d9cab47068129c6af1518440337d6b3b3652d518885dccead058289c0 8fd713ad55f3878f4a8f5793b2e3efb2c95c96ebaab7898726d90bc3e6c458db
CLIENT_RANDOM 47969acb2f9cedb6e241a6e85dd85270ca11a46a259452bbf616cf8e24b21de3 11ea5ce455d81e29f4f7230772ddd030fd613ece2018aa147bf71cdcbd7ee957242e539c49ddd76ec7fa717b6005b528
CLIENT_RANDOM 9714eddb2c243f6c3f9e03b459f78cdc6551ffc9a58954dc40925f6efa246a5a 960b5dcc8a1d196d6cb242418c559a2913cb510e18417336a9fe5d0a7142d72a4fc240ba17dd2ebf3adccd940d267be4
CLIENT_RANDOM 37f453ff79652218368de6aebc5c168229b14680ce0534ee9fb524cb3b0697b8 1b0a8e959c0943ea125d20b3c99e86b3b2eeecac88673cc296df69ca1a3a9f3d3370df0041ee3e39696af131901a70c7
CLIENT_RANDOM df16f504ec9775aff6736ee813a4c0cc274fd9b947e478c5207361f99cad9e4b 26e4978da0efbac846f7e87b2d8ee2e69719c7d58f0b5a9bb82a4668fdf433d198e631992ffc2208db63e2445de91369
CLIENT_HANDSHAKE_TRAFFIC_SECRET fdb51a5bfca719e2a674b7b69095b5ff2c775f897c3bbf016fed8476e85bb73b 782c1af7321b5b0a73716343ed1ebd7a754b39311acdc7fb86cf62e0046bd998
SERVER_HANDSHAKE_TRAFFIC_SECRET fdb51a5bfca719e2a674b7b69095b5ff2c775f897c3bbf016fed8476e85bb73b da7dd6ad4e2a8c25357471e227850a9d987efea64e8d90c8efd6b17bd1d9501c
CLIENT_TRAFFIC_SECRET_0 fdb51a5bfca719e2a674b7b69095b5ff2c775f897c3bbf016fed8476e85bb73b 0d5de970fd4be17e8f37a4a5ad14b1e3b800635da2753a57606a9e2c7a487ab8
SERVER_TRAFFIC_SECRET_0 fdb51a5bfca719e2a674b7b69095b5ff2c775f897c3bbf016fed8476e85bb73b 36c463392a0856fd1b3a47b9b04b8c436b5d5e9fb47945da65a4a7f30e085f09
EXPORTER_SECRET fdb51a5bfca719e2a674b7b69095b5ff2c775f897c3bbf016fed8476e85bb73b 46de3618a88214b29994d4ef28fd0940d6430175a5740fc0eb72b720fab55832
CLIENT_HANDSHAKE_TRAFFIC_SECRET e73acab02cab9877039bca9801a32001bc201f1e6d9ffcd4e499f5820ce3340b b04b942f6e1bfbd50bc0720e5ed851a04d217700009d6add30b58a8779410a07
SERVER_HANDSHAKE_TRAFFIC_SECRET e73acab02cab9877039bca9801a32001bc201f1e6d9ffcd4e499f5820ce3340b 5a3bec9bb79c0eb67c2876a9fc7eacf4e6c18d6f4f14ed68107c8e344c3ea2d7
CLIENT_HANDSHAKE_TRAFFIC_SECRET adbe5f69db5cfcd4cf0d5ef9cf41738071a428d147b1b1086962b5a0f17f685c 7a5d058120a19d662033aa41714c5817e31bd73dc6f792834e5be4caf79a573e
SERVER_HANDSHAKE_TRAFFIC_SECRET adbe5f69db5cfcd4cf0d5ef9cf41738071a428d147b1b1086962b5a0f17f685c ca472499ccdb3c9b794ddff20aaf1e0f334975777dc904848a5dffae93b91056
CLIENT_TRAFFIC_SECRET_0 e73acab02cab9877039bca9801a32001bc201f1e6d9ffcd4e499f5820ce3340b d4c70bd00b0b937b273adf5c7ac49a57478cdfbd5a2b2067eb61210525af8459
SERVER_TRAFFIC_SECRET_0 e73acab02cab9877039bca9801a32001bc201f1e6d9ffcd4e499f5820ce3340b f89778e36921960cfc1dac513ab5c77c98229da20b301d2a5b70ec0fae8bd83b
EXPORTER_SECRET e73acab02cab9877039bca9801a32001bc201f1e6d9ffcd4e499f5820ce3340b 982de31eef8b956415ce6355f304e2fa7912b43f446db911c3a991c0391bfa19
CLIENT_HANDSHAKE_TRAFFIC_SECRET 3c900d5b78131db0455b4cbba82aec94491f5b3c988ce213a23db02bc379b544 c6b33555f6492a8c1bf78c13543db4634c2a8650e9a22805ec4fea2a0011a4c3
SERVER_HANDSHAKE_TRAFFIC_SECRET 3c900d5b78131db0455b4cbba82aec94491f5b3c988ce213a23db02bc379b544 c7cdbf65684ca54e5653de32017a9b915b9efdf3a2a535c2844c715867fb56d3
CLIENT_HANDSHAKE_TRAFFIC_SECRET 362048f92193b6a4247cab9e6d1588bf9fa5e79ab743c6d8c2d01fc8d7e8cb61 2aff2a6af5df22d15129fb5b5d9821bb1b540e982ee6054c28222f728483b6b6
SERVER_HANDSHAKE_TRAFFIC_SECRET 362048f92193b6a4247cab9e6d1588bf9fa5e79ab743c6d8c2d01fc8d7e8cb61 4377827504c46e73ce301a50b5033278f17adf1e141a1f2a43e9af9d4082a88e
CLIENT_TRAFFIC_SECRET_0 adbe5f69db5cfcd4cf0d5ef9cf41738071a428d147b1b1086962b5a0f17f685c 60b034809e061010c07e83a434342485a810cf5107f73165d0a108b620d2263d
SERVER_TRAFFIC_SECRET_0 adbe5f69db5cfcd4cf0d5ef9cf41738071a428d147b1b1086962b5a0f17f685c 7cc2d3d2f8116cbb64f7a5b2a7cd65c772a69d2d52bd2d148505010934aa6ae2
EXPORTER_SECRET adbe5f69db5cfcd4cf0d5ef9cf41738071a428d147b1b1086962b5a0f17f685c 650616aad5bbbb43d21575d4cab08e2183c1c49889860f71ec9258a67ffaa419
CLIENT_HANDSHAKE_TRAFFIC_SECRET c8730ac06a418d24c09e5e55260906e7367e267524ae88efc330436c0d3e9209 90027bf8fcedb0cbaff5bd7e52b06f697d4921b0abeefa530a11c60fcd3066b8
SERVER_HANDSHAKE_TRAFFIC_SECRET c8730ac06a418d24c09e5e55260906e7367e267524ae88efc330436c0d3e9209 3617c4db13a77ebbd9af7382eda9796f1dd416c6c51229f230852b5b122248d9
CLIENT_TRAFFIC_SECRET_0 c8730ac06a418d24c09e5e55260906e7367e267524ae88efc330436c0d3e9209 9ef946243c260736be32d2bf2b66b74e70b6706fac53fe5a9023ff2d791849a7
SERVER_TRAFFIC_SECRET_0 c8730ac06a418d24c09e5e55260906e7367e267524ae88efc330436c0d3e9209 789ec227af8b46039f84717ddf718feea0660f680c1400d6fffa32faf421f45e
EXPORTER_SECRET c8730ac06a418d24c09e5e55260906e7367e267524ae88efc330436c0d3e9209 c222cfa9150f7447d8f0fe41d18924c7ff497a93c9a5a0c7149775a293ae6cfd
CLIENT_HANDSHAKE_TRAFFIC_SECRET 5a9ee55e01f1d415a05a8525595dc2a5e24b731693209fe7552c6fd76339bc97 95999a48e1d64bc3b398e84c1669ee00057fe51e4f4e9470a8668db7b40f7ab5
SERVER_HANDSHAKE_TRAFFIC_SECRET 5a9ee55e01f1d415a05a8525595dc2a5e24b731693209fe7552c6fd76339bc97 f8826cc20803552014ddad33016fddf4c5a18c34084513c3dbce6bdaa2c68144
CLIENT_HANDSHAKE_TRAFFIC_SECRET b689cfcb87cf056c1598e60f18c141312f9c1f08c839be69c8e60aec582615be 78ef82f497383e32044e4fa72b65d6e4e1a7270eedf449480d75f3309515c9ce
SERVER_HANDSHAKE_TRAFFIC_SECRET b689cfcb87cf056c1598e60f18c141312f9c1f08c839be69c8e60aec582615be dc79b05e20631432d536759ff7e42a42a6fad9953615af5510f13c2d23611945
CLIENT_TRAFFIC_SECRET_0 b689cfcb87cf056c1598e60f18c141312f9c1f08c839be69c8e60aec582615be c29f582f5cd039a0f994b135dcbfc9dca4f223cb2b0edc140873bf3b2b1102ac
SERVER_TRAFFIC_SECRET_0 b689cfcb87cf056c1598e60f18c141312f9c1f08c839be69c8e60aec582615be 5c5b20de9eaf16b2c4a0b213c3c8ce71c319349701be42523e92b9e87789f2ff
EXPORTER_SECRET b689cfcb87cf056c1598e60f18c141312f9c1f08c839be69c8e60aec582615be 28d79d07c21968b35ae6f6da0c3dc57b96e194f81c74fffda12f58fdba4d718a
CLIENT_TRAFFIC_SECRET_0 5a9ee55e01f1d415a05a8525595dc2a5e24b731693209fe7552c6fd76339bc97 7190edaf3af0cf11ee77d051b4a513162384dbf7b85b01f14be9125f97bc0f68
SERVER_TRAFFIC_SECRET_0 5a9ee55e01f1d415a05a8525595dc2a5e24b731693209fe7552c6fd76339bc97 7993d04aa95261ef78eac49e7c2e45613536982f7c78584549e43df90ebe89de
EXPORTER_SECRET 5a9ee55e01f1d415a05a8525595dc2a5e24b731693209fe7552c6fd76339bc97 6655e87e34e3d5a8069a9f81aa77d784d8344231ca555f637134481bed7d78a4
CLIENT_HANDSHAKE_TRAFFIC_SECRET 5fe0bb63d65394451737151fb894ee1b57753305db03c207f05538cd262e37a5 c0792b19e103dd774236ddba445c65df838a0c55ad95604ee47539441c1bcb7f
SERVER_HANDSHAKE_TRAFFIC_SECRET 5fe0bb63d65394451737151fb894ee1b57753305db03c207f05538cd262e37a5 38000f30a1279938e383c5dbe9fd67e1194de590b6a28aa21a68a6937defa671
CLIENT_TRAFFIC_SECRET_0 5fe0bb63d65394451737151fb894ee1b57753305db03c207f05538cd262e37a5 c81d135b083f78ba3b43799bd4f52509ff8c45182e55c93aab0525cc288318fb
SERVER_TRAFFIC_SECRET_0 5fe0bb63d65394451737151fb894ee1b57753305db03c207f05538cd262e37a5 241a45c7ef7a393e51615a3781c3d6cab480a3a0540f9d1957db6dd1718bd352
EXPORTER_SECRET 5fe0bb63d65394451737151fb894ee1b57753305db03c207f05538cd262e37a5 7214323a9e0ba59c79a51e2bb2597d1b530a76fc14961a893f440d22097a9371
CLIENT_HANDSHAKE_TRAFFIC_SECRET 0fea222ec0723f2304866f658a255120efdb03812eba67cc57519bdeebe9d09e d9fa9f0fc8f6497cb905a98dc3897be728bf15dd0544fec129ccac679c60dd96
SERVER_HANDSHAKE_TRAFFIC_SECRET 0fea222ec0723f2304866f658a255120efdb03812eba67cc57519bdeebe9d09e d8743e7a0f4e5d458b761fd1aa23d0f0e604428eca672b52e02e3ca5753c7363
CLIENT_HANDSHAKE_TRAFFIC_SECRET d3185b8cf63b91fa0ccff8388503459116bb936064fdf258f5fb5da5b102b297 948a021c194585025a5124841482337b8c36160e2be6004d00a8ce9b966b0c22
SERVER_HANDSHAKE_TRAFFIC_SECRET d3185b8cf63b91fa0ccff8388503459116bb936064fdf258f5fb5da5b102b297 91a3aaca21ca609ee31b95c67d7e4a0d1a95e70792f62e84b033990e9336633b
CLIENT_HANDSHAKE_TRAFFIC_SECRET 6d358bb69a9a908f42eedfec6314d9153ca6567ef27cd6c0f0dcac90cbac2d29 0f5fa12f7efb49f4fd6e47f2f8451480507e9e66985973a9a289150f44fbdac9
SERVER_HANDSHAKE_TRAFFIC_SECRET 6d358bb69a9a908f42eedfec6314d9153ca6567ef27cd6c0f0dcac90cbac2d29 d1e72352e6240af93af16df119088c7c3b5a01bc54a894a4e50f5aa2e7694fac
CLIENT_TRAFFIC_SECRET_0 0fea222ec0723f2304866f658a255120efdb03812eba67cc57519bdeebe9d09e 38a6c8b855c90b53ccb8cb202a97a7a50f56b19eea065d77b0472ab4d72a50a3
SERVER_TRAFFIC_SECRET_0 0fea222ec0723f2304866f658a255120efdb03812eba67cc57519bdeebe9d09e 6d22fd3c3b1c8ac627cfcaf194c3d561570fbd3d7310b69e234cdac116545c09
EXPORTER_SECRET 0fea222ec0723f2304866f658a255120efdb03812eba67cc57519bdeebe9d09e 95aaf46d5894c01cafd89231f87efecbe6df5534a1764689987705b6c28e858c
CLIENT_TRAFFIC_SECRET_0 6d358bb69a9a908f42eedfec6314d9153ca6567ef27cd6c0f0dcac90cbac2d29 71c2062e3fc79104980f216224b4f3db8066e924c638df83f0637b2bd2670316
SERVER_TRAFFIC_SECRET_0 6d358bb69a9a908f42eedfec6314d9153ca6567ef27cd6c0f0dcac90cbac2d29 a27737586d925090e0af93988c5f2ab1338a3498a0f370d23a268786e40ff4d4
EXPORTER_SECRET 6d358bb69a9a908f42eedfec6314d9153ca6567ef27cd6c0f0dcac90cbac2d29 6fdf964ac30e76ea0bc88d5ca298893c441b6ed0f3949741b29b29dd6bd846eb
CLIENT_TRAFFIC_SECRET_0 d3185b8cf63b91fa0ccff8388503459116bb936064fdf258f5fb5da5b102b297 a132cac7fcd22574dafbb247806931c4044969269dc04221ad26a9ea996eaff1
SERVER_TRAFFIC_SECRET_0 d3185b8cf63b91fa0ccff8388503459116bb936064fdf258f5fb5da5b102b297 d960eb710cb0fb89ed3e5273b07234ec6efe65bcf996fab10f14108f6aaba205
EXPORTER_SECRET d3185b8cf63b91fa0ccff8388503459116bb936064fdf258f5fb5da5b102b297 2d3814ebdb3e0ae981bb4e8c2e0ef81a239dd3c475344a5ace8aadd95fcb43c6
CLIENT_HANDSHAKE_TRAFFIC_SECRET 8e123be3a08a3921ee52f9786eca6fa04df353771ecf655d24f66c58471cbcba 8c078786608a3678000698dc54c407d70c8c08de1b09c6c63336b2a9f02bf022
SERVER_HANDSHAKE_TRAFFIC_SECRET 8e123be3a08a3921ee52f9786eca6fa04df353771ecf655d24f66c58471cbcba 5e370bdf1cbfa610b6a7f050f3653d99e82b477df0c7b2ac53f20ec2b978892f
CLIENT_TRAFFIC_SECRET_0 8e123be3a08a3921ee52f9786eca6fa04df353771ecf655d24f66c58471cbcba 759cff1ac5de0fe208d6f3d4ec67c34a445a6cc4c3231753aa15a18f13269fb5
SERVER_TRAFFIC_SECRET_0 8e123be3a08a3921ee52f9786eca6fa04df353771ecf655d24f66c58471cbcba 7f32a57a0938ce89d8da05c1b1d20674c9ea1a28725161fd16e8d7ee77bfe34a
EXPORTER_SECRET 8e123be3a08a3921ee52f9786eca6fa04df353771ecf655d24f66c58471cbcba c9900dcfeb456ad4c9cc43f62d7ebf9218aabc47111bebfadabb49737d8e8313
CLIENT_HANDSHAKE_TRAFFIC_SECRET c9f5f648f3c7eae42e062eb5c0c22eae14247ff76482bc8071c2261f325ae8bb 8e7c6876dce7a4f5c4c145283ee00f951b9a03511a00754891ec11ecde49ff86
SERVER_HANDSHAKE_TRAFFIC_SECRET c9f5f648f3c7eae42e062eb5c0c22eae14247ff76482bc8071c2261f325ae8bb 8773da8b75498e0f30f81f87768ba9018fe84a1a0d2f6eeab0623770b1c646d7
CLIENT_TRAFFIC_SECRET_0 c9f5f648f3c7eae42e062eb5c0c22eae14247ff76482bc8071c2261f325ae8bb 0c7c60b7fcfdce0a1eeac93fa30cae66736ad07d746e118648b975f5e7e0e234
SERVER_TRAFFIC_SECRET_0 c9f5f648f3c7eae42e062eb5c0c22eae14247ff76482bc8071c2261f325ae8bb 44ee1e876995b1eeb16542c90424c67517d227fa7a0e1a7cdaee6df2a6658c28
EXPORTER_SECRET c9f5f648f3c7eae42e062eb5c0c22eae14247ff76482bc8071c2261f325ae8bb cdccc83fd0cbec883993a99b97474241515d1045e16e4a0074747d60237b4b6a
CLIENT_HANDSHAKE_TRAFFIC_SECRET 1ca1c0a2915d5181b68b29d0b56d1513901f90da43ddd9a1c4ec085af6c672a8 4b87337daaa9b49ffe5a296c36ae64d4abd82c23ab62087f3c73e7280fdbd297
SERVER_HANDSHAKE_TRAFFIC_SECRET 1ca1c0a2915d5181b68b29d0b56d1513901f90da43ddd9a1c4ec085af6c672a8 c7fab8e3716be1995e7aca6498b7db9065247e085750fb4296a34d921381c532
CLIENT_TRAFFIC_SECRET_0 1ca1c0a2915d5181b68b29d0b56d1513901f90da43ddd9a1c4ec085af6c672a8 9e6177e695da5a30863ea4c6175597af2ed0e1440fa1f851bc24175accc33b14
SERVER_TRAFFIC_SECRET_0 1ca1c0a2915d5181b68b29d0b56d1513901f90da43ddd9a1c4ec085af6c672a8 710e649469aca6ae6fea1d3ed0d57a1ddb0dfc48a8e1df1e5ce068f283a2a8da
EXPORTER_SECRET 1ca1c0a2915d5181b68b29d0b56d1513901f90da43ddd9a1c4ec085af6c672a8 46afe8fd5ff9c43cf9fc6112f567365291939d36645b8ce1175235cd96336f9e
CLIENT_HANDSHAKE_TRAFFIC_SECRET d5a4e269c3adf466012b125fca6b143927aa09e5bc5477c490cf6b21e9be926e 9cda29abdf86f7b5787cdcccad84ce3cd23f2e974e12d9d2c583a62722e77b71
SERVER_HANDSHAKE_TRAFFIC_SECRET d5a4e269c3adf466012b125fca6b143927aa09e5bc5477c490cf6b21e9be926e 44e276b1232484b5e6433126d801f87649c6ea3986c1427c42bb892f6c6d1b01
CLIENT_TRAFFIC_SECRET_0 d5a4e269c3adf466012b125fca6b143927aa09e5bc5477c490cf6b21e9be926e e8ad3cf0dcbfc88c22de05dc73210f133defe887aece933b56c65e76e500b883
SERVER_TRAFFIC_SECRET_0 d5a4e269c3adf466012b125fca6b143927aa09e5bc5477c490cf6b21e9be926e fd5ab72101748d268b2656420362696b06ab8e37f595c65c37fe4e6bf7895061
EXPORTER_SECRET d5a4e269c3adf466012b125fca6b143927aa09e5bc5477c490cf6b21e9be926e 83003324900140a32ea6d1c6ce6408517473349d8b7c3fd2a2b9e2a9d8987c8c
CLIENT_HANDSHAKE_TRAFFIC_SECRET 58d433a96bc40b3b7a9c5a027f28813d54bcb1f0dec546c34723405ddb8a6341 8e01976ccbaa1dbf75599e58cd8246aeb5141681d66751dacddd30451822b436
SERVER_HANDSHAKE_TRAFFIC_SECRET 58d433a96bc40b3b7a9c5a027f28813d54bcb1f0dec546c34723405ddb8a6341 2a83b5f4557f986709001569e949754fce2dad96cf20557735a83a20eb3d56cd
CLIENT_TRAFFIC_SECRET_0 58d433a96bc40b3b7a9c5a027f28813d54bcb1f0dec546c34723405ddb8a6341 04ec99216e6a7cdc7a3e3f2c387d7e57b006b4341eaa5f32b100c86bef2b26b3
SERVER_TRAFFIC_SECRET_0 58d433a96bc40b3b7a9c5a027f28813d54bcb1f0dec546c34723405ddb8a6341 61719002d3aaa64b7c60b5e07beeb7ffe0c455efea564ee2bfaab902c46419de
EXPORTER_SECRET 58d433a96bc40b3b7a9c5a027f28813d54bcb1f0dec546c34723405ddb8a6341 595e66930cede2d779e02945cd6aa0dbebd8f664414e64a1d680765f5b2fe2a1
CLIENT_HANDSHAKE_TRAFFIC_SECRET a29c0851fd71e9d10ce85e33bd424833ffcc75b4d11fc538b07f632188281bbc 5b60ba4ed7e4a21f088016ff8c970095222580d3e9f7005d1c5485cef95db1a3
SERVER_HANDSHAKE_TRAFFIC_SECRET a29c0851fd71e9d10ce85e33bd424833ffcc75b4d11fc538b07f632188281bbc efe69b1f925413ffea70ff46398d2b6870ebac726cbe687f8d2d394fd38dea2d
CLIENT_TRAFFIC_SECRET_0 a29c0851fd71e9d10ce85e33bd424833ffcc75b4d11fc538b07f632188281bbc 01f29abc11739b2915a7d6a30356f86300f4d3b5cc564f3a7a60b0ed24a89c28
SERVER_TRAFFIC_SECRET_0 a29c0851fd71e9d10ce85e33bd424833ffcc75b4d11fc538b07f632188281bbc ed345e1d1b4071c66e1106a9450ee18e599717d89c1cff071cd86c73bbb2104a
EXPORTER_SECRET a29c0851fd71e9d10ce85e33bd424833ffcc75b4d11fc538b07f632188281bbc 8b839e1c67dce01df6848e6dc84ab67395756728f9187c21b817541da2127e6c
CLIENT_HANDSHAKE_TRAFFIC_SECRET d14756fe5911579f058e36fb7101d13f69e7329b0cf672ec22ae81130cca556a 4db9b3501f88845d057603da7a9f91e3a9c57ef7675bfd50376608b36f01d7a5
SERVER_HANDSHAKE_TRAFFIC_SECRET d14756fe5911579f058e36fb7101d13f69e7329b0cf672ec22ae81130cca556a 924f0b08c4e89bbceef320d14aa16d1dac58eec3bbfc7d9578985d1208e664f5
CLIENT_TRAFFIC_SECRET_0 d14756fe5911579f058e36fb7101d13f69e7329b0cf672ec22ae81130cca556a 9ad0a4ac6c1ea6132521bfd989f23a945661607202f31a6c46b9acedc4ca90e0
SERVER_TRAFFIC_SECRET_0 d14756fe5911579f058e36fb7101d13f69e7329b0cf672ec22ae81130cca556a 29b76e643e285ed8f56566684f93fc7d4389ed2164317369291eb6c85bb413da
EXPORTER_SECRET d14756fe5911579f058e36fb7101d13f69e7329b0cf672ec22ae81130cca556a 01a8589b7cb5cb10aa48726f46fa11fdab7b13502511c4e8c786123f8c72c819
CLIENT_HANDSHAKE_TRAFFIC_SECRET feec8c4f7b835451eec3853d61225b45b9e428c09705f21c5d163297f5c7f87c 6ae7d1fac80225e8585d63cf5084307e8a2c49541351b4535a41d3a490557fdf
SERVER_HANDSHAKE_TRAFFIC_SECRET feec8c4f7b835451eec3853d61225b45b9e428c09705f21c5d163297f5c7f87c 5a1294d201bcc4c8c4952e3c34db9cdc5e62e74ec1fcb673b7155f4fd55d5287
CLIENT_TRAFFIC_SECRET_0 feec8c4f7b835451eec3853d61225b45b9e428c09705f21c5d163297f5c7f87c 3b5489f32681328d5d8ea85168fa9e1d16a954322519f5541e1f04e43666e50d
SERVER_TRAFFIC_SECRET_0 feec8c4f7b835451eec3853d61225b45b9e428c09705f21c5d163297f5c7f87c afd5557f80af6c770fd31d137850200b5ca4ecf79f8bb0dde04b036dae5a0f11
EXPORTER_SECRET feec8c4f7b835451eec3853d61225b45b9e428c09705f21c5d163297f5c7f87c 916f389686b1ab344f665d92a76a31a53bca902d91af437a5442438bdf8a924c
