CLIENT_RANDOM 68f3e9034d6dd76b71f649c4c69ebef2dce89c71ee158a1066380e7de3b6ebbc 47aa242eccbca6ebee7f44646be6c100c0d0eb18e05fd29473771b92380b723f976ab7eb8d6ee340f481c839a0d5420a
CLIENT_HANDSHAKE_TRAFFIC_SECRET f6dbb9f31915ce4a261f552a4ffae1027bdd830ae63b679fefb171efe0c7ddc7 0cf7bbd7e78cd79b8cc6b8983efb2da61823e7d36b7a7ed356d3940ed3e3ea52
SERVER_HANDSHAKE_TRAFFIC_SECRET f6dbb9f31915ce4a261f552a4ffae1027bdd830ae63b679fefb171efe0c7ddc7 ade5d5f8d1d834a29ccfe2be169bce0f67de9bcd287cb61718a8b5ab62404054
CLIENT_TRAFFIC_SECRET_0 f6dbb9f31915ce4a261f552a4ffae1027bdd830ae63b679fefb171efe0c7ddc7 041e9fc14f7df5407d1284b40a46c0b9583672af18cb6a12547dc9b8eecd3787
SERVER_TRAFFIC_SECRET_0 f6dbb9f31915ce4a261f552a4ffae1027bdd830ae63b679fefb171efe0c7ddc7 e490f9805bafc6420c544ad5cf73b82638556f85c15b32fd0126fc73d5642675
EXPORTER_SECRET f6dbb9f31915ce4a261f552a4ffae1027bdd830ae63b679fefb171efe0c7ddc7 437cddb9d4b419e786c9651666f20157fb1925f975b892f889543ff16d294e2f
CLIENT_HANDSHAKE_TRAFFIC_SECRET 07ef2e6f99a3de3175d124d68068d0407131c61f6a679d8488c11e1cf0b67624 23dfbc1b57d9b630f5aff8dc5e83f74700a4e00f301670f0584e790af0d7ba3b
SERVER_HANDSHAKE_TRAFFIC_SECRET 07ef2e6f99a3de3175d124d68068d0407131c61f6a679d8488c11e1cf0b67624 33ff39954c3d91d3db6c1f35f3f8fbb8dc506cf5d9f525103b50c5c1c321aee3
CLIENT_TRAFFIC_SECRET_0 07ef2e6f99a3de3175d124d68068d0407131c61f6a679d8488c11e1cf0b67624 d7b7ff9da50b9d18d9ecf2cad254c702990f1eb5c36e7533ba1fde3ef1ca4b1b
SERVER_TRAFFIC_SECRET_0 07ef2e6f99a3de3175d124d68068d0407131c61f6a679d8488c11e1cf0b67624 49fa4b35e736f3b804b87319736779b3093da9a24ce58adadba404867a31a806
EXPORTER_SECRET 07ef2e6f99a3de3175d124d68068d0407131c61f6a679d8488c11e1cf0b67624 dcae4c1e1e5615d93c05c3ef3f04d481d085efc28956b569b86f5675e6cd7583
CLIENT_HANDSHAKE_TRAFFIC_SECRET d4d45b0bb6233bf1367c32814916701821fec686eb569bf075dec7795b865bf6 1e685de5d308133879e9a29083e06f2675b1a58e63f4176a1c5ee95161ae552f
SERVER_HANDSHAKE_TRAFFIC_SECRET d4d45b0bb6233bf1367c32814916701821fec686eb569bf075dec7795b865bf6 de6ce24c0697d036ead1a1a0cbbe190ebb22f4676f26f57fb73942ffb2328514
CLIENT_TRAFFIC_SECRET_0 d4d45b0bb6233bf1367c32814916701821fec686eb569bf075dec7795b865bf6 fd392e7bada8db2cebe704c2605a0562bf535431b0f3628f7bc41041d6180583
SERVER_TRAFFIC_SECRET_0 d4d45b0bb6233bf1367c32814916701821fec686eb569bf075dec7795b865bf6 80d7bfcd2d1f3491934984e85420a28ccc7cb77971da4bc68b204e7c27dfec63
EXPORTER_SECRET d4d45b0bb6233bf1367c32814916701821fec686eb569bf075dec7795b865bf6 6dbf5e308d7072933fb74f63338e3b3e3c3725a8ec4306116018a1a99aa9967b
CLIENT_HANDSHAKE_TRAFFIC_SECRET 495817dde96612d639819fae29a5458cc3d05f4529ab213988d19dce5ec801d4 71de2ecaa7359759b836ae3f54645efca44415d6c1e11d80947c3ccc3f6d321d
SERVER_HANDSHAKE_TRAFFIC_SECRET 495817dde96612d639819fae29a5458cc3d05f4529ab213988d19dce5ec801d4 52700da17a96ff3c209538065162539952b9f191266fd339562d5f83574579c6
CLIENT_HANDSHAKE_TRAFFIC_SECRET 19a836b4787f36ae0c3501768cbc34a946662fadc4e9d0697f769be807124a3c 534f8d6022effc9c3f9aca1a9fad91f44bc3d8cc69193ddfa62cc2773e4fa40f
SERVER_HANDSHAKE_TRAFFIC_SECRET 19a836b4787f36ae0c3501768cbc34a946662fadc4e9d0697f769be807124a3c b428b216fbff8a0f23a8e6c645bb5048f639478f0e532c422c65be58fe457a8e
CLIENT_TRAFFIC_SECRET_0 495817dde96612d639819fae29a5458cc3d05f4529ab213988d19dce5ec801d4 ce889b5ff9fdb4d2495b6dccb0814a0e9c3743225c24a19dc9ab671c8fe39f21
SERVER_TRAFFIC_SECRET_0 495817dde96612d639819fae29a5458cc3d05f4529ab213988d19dce5ec801d4 50fbc77d42dec24509a50ea4863ea263425fb783085bab3acd2949b887e03bef
EXPORTER_SECRET 495817dde96612d639819fae29a5458cc3d05f4529ab213988d19dce5ec801d4 d7ba9e4e25315169d4397ee2c79e7fac00fab498bb8a7f07e5ff87d9c4793ad7
CLIENT_TRAFFIC_SECRET_0 19a836b4787f36ae0c3501768cbc34a946662fadc4e9d0697f769be807124a3c 157a893913cc62c707b2aabce0874711aeae89443fd9a2a91b9c1870c660fb05
SERVER_TRAFFIC_SECRET_0 19a836b4787f36ae0c3501768cbc34a946662fadc4e9d0697f769be807124a3c bb5222889aaddfc328bc8c7c1dcbdee9b24df2bd79444850828eb8afa909a783
EXPORTER_SECRET 19a836b4787f36ae0c3501768cbc34a946662fadc4e9d0697f769be807124a3c 12f0e9ef1bc7e5b045e045c4525ebc0180adffb58a9e8fd0df24bebbe2dd3462
CLIENT_RANDOM 239f688e9b41857f557402153a425943c7d3624cc73c0aa21c16fff4229d5a8e 8bc54c433c94c02e6c201e387dbc51d4a25576728bfc3d86f0245e12334c92f0b451d4b210e83225d61f2c26fa601c7b
CLIENT_RANDOM d792c32edcece15e5df89293ee5106b939a269e515fccd952a2169f42d752013 b1d0c96ed4cd7d3175cbab8b9066f5b7b221d862806cf20bceff7ce49aed970e6c3e0f330052c8df3f1b241e0e9e3364
CLIENT_RANDOM 76123d7a5cf3dc49575998276bfd5cb4d79d7804c267ac48a716ef59046c379c 0ccb93d3db67fd1caa5780615970d4e83224918aa17217ff63cd752115274a029999bde61d59b9df34905e691f2c2424
CLIENT_HANDSHAKE_TRAFFIC_SECRET 1d50bceff014c25f2f8b53c1459023972504432c7cc2680a158a2c23b6b54740 bfd5c6bc361a7114f51768650a444653a95cc88680705d8e8df4e9a0f684ee4f
SERVER_HANDSHAKE_TRAFFIC_SECRET 1d50bceff014c25f2f8b53c1459023972504432c7cc2680a158a2c23b6b54740 0a4ddb0425b112a37f0fcd8a42d3f4b7e76564202e69eabeb95f20734d9c52b0
CLIENT_TRAFFIC_SECRET_0 1d50bceff014c25f2f8b53c1459023972504432c7cc2680a158a2c23b6b54740 c5fb2f56baf98c24db998f728ed3f136612ab821d009edce776d9cba3d63a8e1
SERVER_TRAFFIC_SECRET_0 1d50bceff014c25f2f8b53c1459023972504432c7cc2680a158a2c23b6b54740 748a99050d0c2352d7efea16da57bb5e98f12ba580ffe38a2d52394fa940933f
EXPORTER_SECRET 1d50bceff014c25f2f8b53c1459023972504432c7cc2680a158a2c23b6b54740 7ccc1fca81f2f0f88613603fa5e65a3a10dedf9bbfa4cce436be9a01cda85b3f
CLIENT_HANDSHAKE_TRAFFIC_SECRET 31f9fec50635ae7e24ab193e5e2cce7e02a62dcb8c49b8330032f0efb7d82dd7 d30c4e466d355bdcb911e23bb83e729bdd48df4ee8032e380db8ed0922144d69
SERVER_HANDSHAKE_TRAFFIC_SECRET 31f9fec50635ae7e24ab193e5e2cce7e02a62dcb8c49b8330032f0efb7d82dd7 2b534c2289ad8454f64cbf21d538196255f9c8640e881d859d3c14b0c251df17
CLIENT_TRAFFIC_SECRET_0 31f9fec50635ae7e24ab193e5e2cce7e02a62dcb8c49b8330032f0efb7d82dd7 89a55e53b9dac9633353a7833a25998c711b93b7f91a72eb14c0b46f51d29d41
SERVER_TRAFFIC_SECRET_0 31f9fec50635ae7e24ab193e5e2cce7e02a62dcb8c49b8330032f0efb7d82dd7 41e6ec016f5a4f81f5b17a9a67856dff56ddb7964ef7062ca333b396d5097e53
EXPORTER_SECRET 31f9fec50635ae7e24ab193e5e2cce7e02a62dcb8c49b8330032f0efb7d82dd7 7b8c0f074d179340dacb99bb937ba70ffc708d17a1a3ef218e4d9f84f4652cf9
CLIENT_RANDOM ea75bd96016fea6acc5f552655c1a4bdf1e63a59902cb6a5133790976f335490 100450580fe32109284946b2e7b88f0b518cca69491c1f59e75a8f837a2cfcfd0b1e605aeb7621bf3e257408ab47da0e
CLIENT_RANDOM 793776fca2fc202380ddc13f828a386eed928b37eec05489ae86b33afd081067 14f53776859c8bd1233d50f0a5759f3b8d136d25a5f85b2987fc5b1e44b35f16326c7cd83c774d9ce64ca65818c1eda3
CLIENT_RANDOM 7cc5263df60551370b4993c3c98484ca760fae7807e14c365d6805f158fe1420 0e7887c2c11880930412791d8c117d94895d59c3de013bae8b137fb417c52501ef1a35c1d95c301f926723ad2ae21f37
CLIENT_HANDSHAKE_TRAFFIC_SECRET a0b12df736861602dc792fe768930e6d8b2ba8eca954cdb889138d2bff24acc2 c295fc5506a146a790652ac0462f8c1b16512e3803285657732fb81cff9561c196c2ee88ec4bdd54a6c7c48dde142412
SERVER_HANDSHAKE_TRAFFIC_SECRET a0b12df736861602dc792fe768930e6d8b2ba8eca954cdb889138d2bff24acc2 6423085f72c8a440dcd9ee464b73df3085a2d861583c62f26df0b12e855372850e26f528e2d011e5a80565e63932e854
CLIENT_TRAFFIC_SECRET_0 a0b12df736861602dc792fe768930e6d8b2ba8eca954cdb889138d2bff24acc2 feb70a6e190dafe1d43cad9a3a5114f1dc2179fac1876660f29c63fd5a039c4cd7ccbf8ed435f4873f11fbdaacd0223c
SERVER_TRAFFIC_SECRET_0 a0b12df736861602dc792fe768930e6d8b2ba8eca954cdb889138d2bff24acc2 6112d618015aa504bce0f33bfdfc8c9aac906665fd8bcb2acaf4a2be0dd7d568487407ff929688b6b499948389b9aebd
EXPORTER_SECRET a0b12df736861602dc792fe768930e6d8b2ba8eca954cdb889138d2bff24acc2 5d1c70bcab23376ee14d537e438a893957c936548218550bff12d48003e2ea8d285c86cfd9702b098ce509a359c7ee07
CLIENT_HANDSHAKE_TRAFFIC_SECRET 511687124d77f60d6e276b6a5778137289adbd242e3e592e3fd280a43a3d8b41 1c9f41a41a5d47e1a2816252040f8c78a723a8b1c2c098e720d70418ebe1b940
SERVER_HANDSHAKE_TRAFFIC_SECRET 511687124d77f60d6e276b6a5778137289adbd242e3e592e3fd280a43a3d8b41 916a26e15b21792b10941779ca7b43dbc0ca360cede940101f746b8b965b96e4
CLIENT_TRAFFIC_SECRET_0 511687124d77f60d6e276b6a5778137289adbd242e3e592e3fd280a43a3d8b41 53c6a02c8fbfb2ef5d0d66f640b748e816413f187151eed429043a4abb22e0a1
SERVER_TRAFFIC_SECRET_0 511687124d77f60d6e276b6a5778137289adbd242e3e592e3fd280a43a3d8b41 2c7c21ee1abcdec57ff2e461b6b79064f1ce36735f54d927b88533cc3319842e
EXPORTER_SECRET 511687124d77f60d6e276b6a5778137289adbd242e3e592e3fd280a43a3d8b41 06156865e60e3d0fd9534d45ace9810b161d2a359d1bbf4e0462cec9d15a22d2
CLIENT_HANDSHAKE_TRAFFIC_SECRET c97688499683666ae342caf785b73a2755fa2d9bc8c9ed3ff45aaacfffcc9cc7 2565431e9f645a2b9ad8c2d7974b30a0789ca1090cbd6d6ce833515df43f1103
SERVER_HANDSHAKE_TRAFFIC_SECRET c97688499683666ae342caf785b73a2755fa2d9bc8c9ed3ff45aaacfffcc9cc7 6cffd9f747b0204906f0a6975ca95820223e410f966fe3adaea967127e751709
CLIENT_TRAFFIC_SECRET_0 c97688499683666ae342caf785b73a2755fa2d9bc8c9ed3ff45aaacfffcc9cc7 2a3c268dd7f8cfa1a0ebab954e45391d3930745c822f93090c61f66e1883342e
SERVER_TRAFFIC_SECRET_0 c97688499683666ae342caf785b73a2755fa2d9bc8c9ed3ff45aaacfffcc9cc7 9f2d2377859d8d473b1b0d015891cfb049b4a6028813472603be97b04e3a7571
EXPORTER_SECRET c97688499683666ae342caf785b73a2755fa2d9bc8c9ed3ff45aaacfffcc9cc7 acad0bac266f7f8f17f525b5c03d9ad9262f994e0ac3a9d14a9813baac758d28
CLIENT_HANDSHAKE_TRAFFIC_SECRET 397fe1c5770ea89436dcdd250a47564f933ecc10ff0e32c45dcc5f194fd7c1dd 57ab1a52e752aa57311605d47ee7976e5e9545fad8054a49dedd54b2bf6477a7
SERVER_HANDSHAKE_TRAFFIC_SECRET 397fe1c5770ea89436dcdd250a47564f933ecc10ff0e32c45dcc5f194fd7c1dd 289d5775c9fab198de49f69e8b82cc6e6b8d2aaf557dae81eb94e54b0c89c492
CLIENT_TRAFFIC_SECRET_0 397fe1c5770ea89436dcdd250a47564f933ecc10ff0e32c45dcc5f194fd7c1dd 8be24cb8ed3ad01ba7e87763e2265110ab35b9b83763fc1361b213ba3ffb227a
SERVER_TRAFFIC_SECRET_0 397fe1c5770ea89436dcdd250a47564f933ecc10ff0e32c45dcc5f194fd7c1dd 5bd1fdd4098d6c45433fb9964233cd5fe789d06085f7ea31223aeb82ebf0ba96
EXPORTER_SECRET 397fe1c5770ea89436dcdd250a47564f933ecc10ff0e32c45dcc5f194fd7c1dd b934773e914afc5aa7c4ea1706329f958f027ab21d842edd8d0a40fce3a1c260
CLIENT_HANDSHAKE_TRAFFIC_SECRET fa90ad11d5b25e83e07985373000a820b2c084df30517502d4a1184842c99210 a644bec2ca10a5288b3c6d688408ee3a9161e862e1d7a54fc12551d298e69c48
SERVER_HANDSHAKE_TRAFFIC_SECRET fa90ad11d5b25e83e07985373000a820b2c084df30517502d4a1184842c99210 7db58b2d84d3352e37d87a1b4022e98b6bc3fc8ace5e6e86af4637f47a5732b0
CLIENT_TRAFFIC_SECRET_0 fa90ad11d5b25e83e07985373000a820b2c084df30517502d4a1184842c99210 8e3db1c2453e4ba3230a83a88e8a82fc292c6955fd567d69a3435891148cc174
SERVER_TRAFFIC_SECRET_0 fa90ad11d5b25e83e07985373000a820b2c084df30517502d4a1184842c99210 27ac6406b67fd63e427ee174446eedc5ebc60ca14a264431dc73e194b9e943f5
EXPORTER_SECRET fa90ad11d5b25e83e07985373000a820b2c084df30517502d4a1184842c99210 e21b6158f32f6a2df9a0a20398a3078313c1c2efb18a3535b7da2717c51708fa
CLIENT_HANDSHAKE_TRAFFIC_SECRET cb329a0f3810e1cb4123f5131b8d4d4fceb38045ee8ebc16b90a53cb68abc60d 4be22a8b5651edf6e988156eb6deeeafa52160480d5e703eaf7123fafa4aeae1
SERVER_HANDSHAKE_TRAFFIC_SECRET cb329a0f3810e1cb4123f5131b8d4d4fceb38045ee8ebc16b90a53cb68abc60d a7aaf979f5596f3264e657522bff7fb1bb8364a649f6cd726f7689b7124e32a1
CLIENT_TRAFFIC_SECRET_0 cb329a0f3810e1cb4123f5131b8d4d4fceb38045ee8ebc16b90a53cb68abc60d 9a6a6a8d2ad99b1e4a701a36b74867d7d63b62b3bb89b0a198bd79adc3b9ad35
SERVER_TRAFFIC_SECRET_0 cb329a0f3810e1cb4123f5131b8d4d4fceb38045ee8ebc16b90a53cb68abc60d 4671466fba4f9b5f0205ff1abba65bfd06f1462eca3c644b24e3472f557497d7
EXPORTER_SECRET cb329a0f3810e1cb4123f5131b8d4d4fceb38045ee8ebc16b90a53cb68abc60d 58aa82c0758734fc4754625976ddd5428d57e77ca7c856db2fafa31cd5708c80
CLIENT_RANDOM 28545b9aba1648b81100f0f1f12dcc0359f23708d53dced0755f8d83bee4d901 3fc56b7892759ba0b2babc65bb11f01c79c8bd63a001a76e2dbf00dcf9db4555068846a8bf858964d53c96d7bbb81ef6
CLIENT_HANDSHAKE_TRAFFIC_SECRET 73ddbd7e6e1b74360b2e9a66fa1b96f9944a75e8ba3a7ddcf59585488551a0de a848b109587fd1189f670dc90cfe55dd624e58a4617252f306cf2592004b3cdd
SERVER_HANDSHAKE_TRAFFIC_SECRET 73ddbd7e6e1b74360b2e9a66fa1b96f9944a75e8ba3a7ddcf59585488551a0de 341e494aa0fd5b39ba874e8ad34d6baf132bde171e6447f949e8253aca616edc
CLIENT_TRAFFIC_SECRET_0 73ddbd7e6e1b74360b2e9a66fa1b96f9944a75e8ba3a7ddcf59585488551a0de 8bf8a5ab452fe5cc65f84bf7e554e05310c488ceecb73d54a4031e2acce79b52
SERVER_TRAFFIC_SECRET_0 73ddbd7e6e1b74360b2e9a66fa1b96f9944a75e8ba3a7ddcf59585488551a0de 6b5370bda2128ac5eb6f42fa39a6332f8c72922fdb7c5bd0a01e4f481e60ee66
EXPORTER_SECRET 73ddbd7e6e1b74360b2e9a66fa1b96f9944a75e8ba3a7ddcf59585488551a0de 6139861244ae78ab23d855eb8dd5bf9adbf1b98d0e8a2a7f6c097cd02d7b0165
