CLIENT_HANDSHAKE_TRAFFIC_SECRET b9af04d774b17ff6445529902483fc75ffc949e4aad01f8ecf412078d710cbb2 0d3b88b9445e65abb96dbc59cf5036b22b5f7c35361fa9bca3a9ea0d9aac85fe
SERVER_HANDSHAKE_TRAFFIC_SECRET b9af04d774b17ff6445529902483fc75ffc949e4aad01f8ecf412078d710cbb2 518fb70852109d7c8f20860dc4a54a3a369ac0282326933dd9acd52c18c7d6ff
CLIENT_TRAFFIC_SECRET_0 b9af04d774b17ff6445529902483fc75ffc949e4aad01f8ecf412078d710cbb2 5007d045474ee9aded5d65d89d3fbe6de477cc475d7574cb8ed6537e0d702fd9
SERVER_TRAFFIC_SECRET_0 b9af04d774b17ff6445529902483fc75ffc949e4aad01f8ecf412078d710cbb2 3d73359a86857741b96b27eca0e987dc5afe7a0db0f2b09792f3bd8dfebab34a
EXPORTER_SECRET b9af04d774b17ff6445529902483fc75ffc949e4aad01f8ecf412078d710cbb2 205797205eaa1617dcf3b278dda01fd4bcfd647143aa3a4105591301f8310af1
CLIENT_HANDSHAKE_TRAFFIC_SECRET aa1ae149db86a4c548710fe930085bebc7676f8333348b3d8399af8241161d21 b5c70b3efe0e3cd60f3bbf066f8f8413142f00c9d4779648613056de6ac06bc8
SERVER_HANDSHAKE_TRAFFIC_SECRET aa1ae149db86a4c548710fe930085bebc7676f8333348b3d8399af8241161d21 3b2e3d64af95a1edb14937206f6b7c498cda74ae61cc702f5426cb65e23be55e
CLIENT_TRAFFIC_SECRET_0 aa1ae149db86a4c548710fe930085bebc7676f8333348b3d8399af8241161d21 220c33d2400ca042b9c504cec4f5f82aeba29eb53d737dd72ad4bc925ff7a533
SERVER_TRAFFIC_SECRET_0 aa1ae149db86a4c548710fe930085bebc7676f8333348b3d8399af8241161d21 980d1dabc510b53401cbe58d631ee2c8ac3e06ade042c149e5cb808eee548bdb
EXPORTER_SECRET aa1ae149db86a4c548710fe930085bebc7676f8333348b3d8399af8241161d21 8c76424765f1237b6a0267b91de9f7bc5bbb5d303df901a161da3a2665132f5d
CLIENT_HANDSHAKE_TRAFFIC_SECRET 6f116dab9f101023a65aa1d0e7af2a4794382f6167fed33986d1d9017d845f27 ae796c3b897b746a4308c719a5485368fdbc0a22b294e6179469968d99bd18b0
SERVER_HANDSHAKE_TRAFFIC_SECRET 6f116dab9f101023a65aa1d0e7af2a4794382f6167fed33986d1d9017d845f27 e503288d75104e18b2c24dae0fa6e5d81cf7666ccb23eba9edfda6f7a98c2d6e
CLIENT_TRAFFIC_SECRET_0 6f116dab9f101023a65aa1d0e7af2a4794382f6167fed33986d1d9017d845f27 d34f22fd9cf6c8b2851982cce3d0ff7765f7df22b1ecc13d5078d757f958d0ce
SERVER_TRAFFIC_SECRET_0 6f116dab9f101023a65aa1d0e7af2a4794382f6167fed33986d1d9017d845f27 ae6164712f8307087f8f67eaa6a8c52add8945bbe5c5057b7799bc428131aa4f
EXPORTER_SECRET 6f116dab9f101023a65aa1d0e7af2a4794382f6167fed33986d1d9017d845f27 53e78cadf47869b68d6b2657d4851a6877f7b398f95e948b3461fc763294d2d4
CLIENT_HANDSHAKE_TRAFFIC_SECRET 1c96f979742322b9fe0cd50d3883c7959fc0b18a793c20e29a47b72643ae06bc 5e67c08351840baa6d331a3f9b013b8b5d1bac6b918325829d7244f4dac3c111
SERVER_HANDSHAKE_TRAFFIC_SECRET 1c96f979742322b9fe0cd50d3883c7959fc0b18a793c20e29a47b72643ae06bc f1ae7e87d897ceb6638869060a6fc92bb9ef1a73770529ba156f6a7dd5f21792
CLIENT_HANDSHAKE_TRAFFIC_SECRET fd6c45d87798b9c46cc365f351c196c148377deea1ea37f78504b57afac90f15 85de88f65cfeec271e01542bba28935943c4807664f79105e6ef9b096c56d9b2
SERVER_HANDSHAKE_TRAFFIC_SECRET fd6c45d87798b9c46cc365f351c196c148377deea1ea37f78504b57afac90f15 13ff6f1af44691eae1947b80c3806b420ae00cc782c0338d4438ba7454c98567
CLIENT_HANDSHAKE_TRAFFIC_SECRET 6ee19818efee402dbebdfb48327c23afc81977ddea84eba85e9af7711435c7fc 89a5d005bc42ab05c9d4635daf1997e54360238d0d6f7478a945fc94a44e5bb8
SERVER_HANDSHAKE_TRAFFIC_SECRET 6ee19818efee402dbebdfb48327c23afc81977ddea84eba85e9af7711435c7fc c8ac601df2487d2ae43d039447d8cc22bdc358108bd4213aa74b285869481eb0
CLIENT_TRAFFIC_SECRET_0 1c96f979742322b9fe0cd50d3883c7959fc0b18a793c20e29a47b72643ae06bc 9fef7db9060ce5fcfc6e3b961049e8c91f7a6bbfc9196913d80dd33fd5479c25
SERVER_TRAFFIC_SECRET_0 1c96f979742322b9fe0cd50d3883c7959fc0b18a793c20e29a47b72643ae06bc 88ac5a0457b82fb63fb19c9079aa9ea2afe977605468c05aec469f3f967ed2d4
EXPORTER_SECRET 1c96f979742322b9fe0cd50d3883c7959fc0b18a793c20e29a47b72643ae06bc c1ad970b14e626951d934c3ff31a4e49f787f9fe8fe3e93e5addc3ba53700245
CLIENT_TRAFFIC_SECRET_0 fd6c45d87798b9c46cc365f351c196c148377deea1ea37f78504b57afac90f15 2bb5adb2581d0e9c4ec0eb5918e87f07945508f277b61dc2df05c3b44cfbe0cc
SERVER_TRAFFIC_SECRET_0 fd6c45d87798b9c46cc365f351c196c148377deea1ea37f78504b57afac90f15 a1ddf8db7d5dc5424e5c866120d618547008601651bc891f6ea0bafd9f822717
EXPORTER_SECRET fd6c45d87798b9c46cc365f351c196c148377deea1ea37f78504b57afac90f15 f1a725121ab4f79863d8c96091ed62b72e922f5c1675bcd7c8b616d992f5ef5b
CLIENT_TRAFFIC_SECRET_0 6ee19818efee402dbebdfb48327c23afc81977ddea84eba85e9af7711435c7fc 7cefaf06376cd8ac7f3cfb2d0fe2b4541d91e0e999956793e3ee79409c2140ad
SERVER_TRAFFIC_SECRET_0 6ee19818efee402dbebdfb48327c23afc81977ddea84eba85e9af7711435c7fc 363b3a5b46c12b93cbdcf1e3ef7764ef5c958daff7cfb474b297a47c134fc42f
EXPORTER_SECRET 6ee19818efee402dbebdfb48327c23afc81977ddea84eba85e9af7711435c7fc cdaa3f9dbc2409b02c22e7cd110a86b7b356cb337225ec653ff2607359df1c4c
CLIENT_HANDSHAKE_TRAFFIC_SECRET d3b07e2957183b1b6533fa9d5e5a8c82f6d3cdb96dc73bc1198a9e05f0590c95 536ba684f63162ee11b72b8aef17dbf92873a620d5665bbc5752fa5e44fa9a14
SERVER_HANDSHAKE_TRAFFIC_SECRET d3b07e2957183b1b6533fa9d5e5a8c82f6d3cdb96dc73bc1198a9e05f0590c95 19224ccb8743cbbc54f149920d90fcec422c9169d249ab8483aef86f38943a09
CLIENT_TRAFFIC_SECRET_0 d3b07e2957183b1b6533fa9d5e5a8c82f6d3cdb96dc73bc1198a9e05f0590c95 7146b52030cae81e452ddbb41750559af3cc004e28874ed19b85ea1ceaa077e3
SERVER_TRAFFIC_SECRET_0 d3b07e2957183b1b6533fa9d5e5a8c82f6d3cdb96dc73bc1198a9e05f0590c95 abbe742a83dbf9701f76731467620d58576b7263c7010223dd63ce33f80c7b1e
EXPORTER_SECRET d3b07e2957183b1b6533fa9d5e5a8c82f6d3cdb96dc73bc1198a9e05f0590c95 d25f1428abe9f38ec8267141e0648388c5c0b36f810d247ecaee46840e5509be
CLIENT_HANDSHAKE_TRAFFIC_SECRET 69890f3b519a91e132e4e7af2fceb3c8976cf10e45d052f5897251e6fa0c7f5c 41ad49d6e9769e4008e79089a42f6d1ac11491eed6672a6390052a98294a23dd27f8809917bb02f13dbbd2202cb836e0
SERVER_HANDSHAKE_TRAFFIC_SECRET 69890f3b519a91e132e4e7af2fceb3c8976cf10e45d052f5897251e6fa0c7f5c 9731a1178cbfe6e16d46121eb0a061dc3cbd0131e1af77872c327f8d21c17b745bf6955601e4f9ccb0d99319e1e1a0fe
CLIENT_TRAFFIC_SECRET_0 69890f3b519a91e132e4e7af2fceb3c8976cf10e45d052f5897251e6fa0c7f5c 030e61d616365814d122801729576b55315852cea89b181d1aa253823389d83a0a391ac9a91818c332dfe1bb7eb67f78
SERVER_TRAFFIC_SECRET_0 69890f3b519a91e132e4e7af2fceb3c8976cf10e45d052f5897251e6fa0c7f5c 955e9ecfcf9d6cee0aff56bdd3c35ce990b8756b8f54917f8e6fb4390018938841e1533acd31c66f42df59a82f073b0c
EXPORTER_SECRET 69890f3b519a91e132e4e7af2fceb3c8976cf10e45d052f5897251e6fa0c7f5c c2352e2f84692300eef3a2c53e39d0673e3aacb2b399ddbf1e3678c5c59e9d368e15ee3b178935256d474bd532ad13b0
CLIENT_HANDSHAKE_TRAFFIC_SECRET 627f533bca03740708416e034e307fe95649f8b83338c5119393a2b775f1a234 17fcbd4e77275532af3ee0bff80a5f328de4f03aa829623ca11ef9569b11c140
SERVER_HANDSHAKE_TRAFFIC_SECRET 627f533bca03740708416e034e307fe95649f8b83338c5119393a2b775f1a234 09ba1dc89ce351b33ca1d3a03189ea05adf0d0f62b1a44f14ade7eac8bb02575
CLIENT_TRAFFIC_SECRET_0 627f533bca03740708416e034e307fe95649f8b83338c5119393a2b775f1a234 5e0e9df6e323ace4d3b9b7995a572d59c5912942470cdfebbc08269f4b8cccc6
SERVER_TRAFFIC_SECRET_0 627f533bca03740708416e034e307fe95649f8b83338c5119393a2b775f1a234 585cf9e67928b059db61910b7e6e78fedd5a4a6ea2bcd91da5803f7cad8faaf8
EXPORTER_SECRET 627f533bca03740708416e034e307fe95649f8b83338c5119393a2b775f1a234 ea0b711a99a54a6c85bf5fc03efc488f3f560e974b3fc46787c77cbfa2836df4
CLIENT_HANDSHAKE_TRAFFIC_SECRET dfa11498872bd4180c6c64b69d61aa2623ed9e9da1235ccf201ed5efbb3ffe9b e617df37d1790bc6c73ab5ff83aa9b7effc809b28c191ebd765abe3360593c6b
SERVER_HANDSHAKE_TRAFFIC_SECRET dfa11498872bd4180c6c64b69d61aa2623ed9e9da1235ccf201ed5efbb3ffe9b fc10d6c28e5962ac532994895aa44da64bfc2e85206283f2c66085fe57374e3d
CLIENT_TRAFFIC_SECRET_0 dfa11498872bd4180c6c64b69d61aa2623ed9e9da1235ccf201ed5efbb3ffe9b 8083b7220cd11bcf33039e2d45b96ac7fdf17a71c18397e3b1babfdc4e22075e
SERVER_TRAFFIC_SECRET_0 dfa11498872bd4180c6c64b69d61aa2623ed9e9da1235ccf201ed5efbb3ffe9b 6221122b51744c5e519df15ee74ad245ba92fa939de1f08348ff7d248437249b
EXPORTER_SECRET dfa11498872bd4180c6c64b69d61aa2623ed9e9da1235ccf201ed5efbb3ffe9b 816bab404f03e8518f44e4898dbd79e90d3193b286a3187310bdf3a5fda0780f
CLIENT_HANDSHAKE_TRAFFIC_SECRET 47664c3031610d3a2fceb34f153cd1acbd70a3d96f6181320ea1aceb1049b01a c8cd54be5b2c668f59c2aae2acb0526b2472961569aac96e74c0e45d053940e1
SERVER_HANDSHAKE_TRAFFIC_SECRET 47664c3031610d3a2fceb34f153cd1acbd70a3d96f6181320ea1aceb1049b01a 1237f03ae07760e745be93e00dd8c7618cc65340de524df052f6ca3be2e1988f
CLIENT_TRAFFIC_SECRET_0 47664c3031610d3a2fceb34f153cd1acbd70a3d96f6181320ea1aceb1049b01a e9187756c0c7ba89caa1199478da43bdbe7b274e2932e8875e2e93b52edde927
SERVER_TRAFFIC_SECRET_0 47664c3031610d3a2fceb34f153cd1acbd70a3d96f6181320ea1aceb1049b01a 63d0b85edac0731da75fb7609e377393d43ef1c59ac44b0cbef7418266cea91b
EXPORTER_SECRET 47664c3031610d3a2fceb34f153cd1acbd70a3d96f6181320ea1aceb1049b01a 5e1bbc62835386ea8a6a54f81660f339cf96d7b721cace43fbccc5f1bbaec1e5
CLIENT_HANDSHAKE_TRAFFIC_SECRET ada2807e82209ebd5396f419d5e1977a5c7cca1fd8ddfd430db318c8dbeb7d26 28545d9ebd3949376d9d8767869499ce2474d0ba550c12e66ef9832f37ab751d
SERVER_HANDSHAKE_TRAFFIC_SECRET ada2807e82209ebd5396f419d5e1977a5c7cca1fd8ddfd430db318c8dbeb7d26 3dbaf2e24811a3ba9445f2b854f202714fe06c2e07cb4c73481c3c2c3b2c471c
CLIENT_TRAFFIC_SECRET_0 ada2807e82209ebd5396f419d5e1977a5c7cca1fd8ddfd430db318c8dbeb7d26 68cf1201dcec7dbb59c999071aba58fad47232f88f069b680b29c2407fe787fb
SERVER_TRAFFIC_SECRET_0 ada2807e82209ebd5396f419d5e1977a5c7cca1fd8ddfd430db318c8dbeb7d26 3ad99b9eba725ebef64a64c8da527ba178adb47550908cb5cbf12c094271704a
EXPORTER_SECRET ada2807e82209ebd5396f419d5e1977a5c7cca1fd8ddfd430db318c8dbeb7d26 971edad554ca637329ee9beef3ba3909065ebf52e5d6b449b09de1d61d9d2b36
CLIENT_RANDOM d5ce9af46e45f48d191117ed1283996319c92dae591d03c02549a1a751a6e428 e23cefce29ce0aa520ba8af8f8d8c3cd683128599d85b953cd32699a46f75fe99bf4fbc79ef88ab547f3698b7ea92f9e
CLIENT_HANDSHAKE_TRAFFIC_SECRET 41039a737915b8c9fa995e7045d4bc95cee221a465988958269ee8b0c65d764c 555f3850c0a18bbbfb405315a9a2c49be50d31f95801728c1b4e361f830fdf5687713f69ef1bc5e2ac27f9aa9912907f
SERVER_HANDSHAKE_TRAFFIC_SECRET 41039a737915b8c9fa995e7045d4bc95cee221a465988958269ee8b0c65d764c 6643def542c514ac37f82dbf22c6a26c3e226aeb0562e4b8bd3f2fc2774fd3364df7a7546655725418cc67095b7f07a5
CLIENT_TRAFFIC_SECRET_0 41039a737915b8c9fa995e7045d4bc95cee221a465988958269ee8b0c65d764c 2dc49785d609f7b982fe237b49a88af61ef79c7f84ed4f45aae846a87f45bcafbaaf9fc856af0ca4048b4da49422bb3d
SERVER_TRAFFIC_SECRET_0 41039a737915b8c9fa995e7045d4bc95cee221a465988958269ee8b0c65d764c 7e5a563b71e902ae881804e11380fde9e11349d6188335c9fc4a7bcf783ffea2e62a378dd723690cab56373b796e3ffc
EXPORTER_SECRET 41039a737915b8c9fa995e7045d4bc95cee221a465988958269ee8b0c65d764c cb990dc95c65517ea8d942fcf438db7b732b87ec0021f1ed8137409de77c066d89a4e56fb2d3efa3b795ffe4b897c518
CLIENT_RANDOM 551c0d341c6afb07919b7834681e54c01ec7d38e35ad7c8de1fc5995392ee12e f639e5e7752554cb8ef23aabd387d19ec0d4db961e1b8cde53441aca4db9847f7df5ae08be604a8c8c69873068d03610
CLIENT_HANDSHAKE_TRAFFIC_SECRET 3b989d75f01ce6066519262775b6125919ea765142d0cf2b35a06803edcab641 68a2889f7a227819f884ffec5a29979f8711e99ac08956e8be90bc8c3cddc2fe
SERVER_HANDSHAKE_TRAFFIC_SECRET 3b989d75f01ce6066519262775b6125919ea765142d0cf2b35a06803edcab641 fa08cf521db5df1c355f54e366a70d7e95370c8142796c72ff625a7b36f437e3
CLIENT_HANDSHAKE_TRAFFIC_SECRET 893f4f1eb32ece5f8c2a28984074747d207116aada15e2f7a3cf245d70fca7fb 751a7b7a720599c397761f33a3cf8a1cf43bb1e7956a64435fd89e44329eaa2f
SERVER_HANDSHAKE_TRAFFIC_SECRET 893f4f1eb32ece5f8c2a28984074747d207116aada15e2f7a3cf245d70fca7fb 68b6f60be42ec64ba42f50a7a46b1028d7c3d47fa9fbb035d4869e7ad080576c
CLIENT_TRAFFIC_SECRET_0 3b989d75f01ce6066519262775b6125919ea765142d0cf2b35a06803edcab641 d65a71e30ac6d4bf50dddbf8b5040f8f77204b4d70ab1132665b60ac138674c4
SERVER_TRAFFIC_SECRET_0 3b989d75f01ce6066519262775b6125919ea765142d0cf2b35a06803edcab641 d5661e77d3ebb8eda1faf42abffca1d8c142755026e69751b331b306743f77f5
EXPORTER_SECRET 3b989d75f01ce6066519262775b6125919ea765142d0cf2b35a06803edcab641 954dfa86317123460512cc9b83235a6aefc74b2222c344538f6207e77a7ba537
CLIENT_TRAFFIC_SECRET_0 893f4f1eb32ece5f8c2a28984074747d207116aada15e2f7a3cf245d70fca7fb 78fa11e160e46c470e3a75b5a4522270ffdfbfcf847492310ff83ec22867da83
SERVER_TRAFFIC_SECRET_0 893f4f1eb32ece5f8c2a28984074747d207116aada15e2f7a3cf245d70fca7fb ce2e1f22f03a36789894a46d4e430618ae8d9f7fbcbdc184918017dc3d49a110
EXPORTER_SECRET 893f4f1eb32ece5f8c2a28984074747d207116aada15e2f7a3cf245d70fca7fb 36d138eb8e2045d119145b690819aa6472244e8c8ea2c2e66ec59b7e1f4dba17
CLIENT_HANDSHAKE_TRAFFIC_SECRET 847c2bd9e48a94b280c2b526c8fb54d802a27ac7bf11208fd492cdad33053a24 d48be7483dbae5d309e8a15735dd8a8b659c66d57c6d26f9744fe3915de4c1d1
SERVER_HANDSHAKE_TRAFFIC_SECRET 847c2bd9e48a94b280c2b526c8fb54d802a27ac7bf11208fd492cdad33053a24 af8a36fad70216eeca534e1531bb70e88fdd40f07f71e8ea92f4145d64ab45c2
CLIENT_HANDSHAKE_TRAFFIC_SECRET a0453d9a38c293094ba989a7ddfa1c6b240eb890005a888ba7ca5896983b355b 333e5c4a2f3d5050e3f1d12b9ccfbc31cebcfa6db0003b08b188bc08e823726fc2ced6c9cbb6721f260579bcd942ee62
SERVER_HANDSHAKE_TRAFFIC_SECRET a0453d9a38c293094ba989a7ddfa1c6b240eb890005a888ba7ca5896983b355b 5e8e6be7c4f1c6f327d8da0ab957488f5321620fd95dc7991aa264fd2d8c966f4983848df444f80d89ce6cc9fec7fdff
CLIENT_TRAFFIC_SECRET_0 847c2bd9e48a94b280c2b526c8fb54d802a27ac7bf11208fd492cdad33053a24 1d5f590dcaaf679d680977bf761f059c8394fb567b1333c8545c34de9f0be4a0
SERVER_TRAFFIC_SECRET_0 847c2bd9e48a94b280c2b526c8fb54d802a27ac7bf11208fd492cdad33053a24 9a67c790d44c553aa09f20158b67653816fd5df18f4d95cc05a1c8a8ee8a9e3d
EXPORTER_SECRET 847c2bd9e48a94b280c2b526c8fb54d802a27ac7bf11208fd492cdad33053a24 a2006da62ab455a6916c989d87259284368f48ffc57210a3b436a544baa2e42a
CLIENT_TRAFFIC_SECRET_0 a0453d9a38c293094ba989a7ddfa1c6b240eb890005a888ba7ca5896983b355b 9a2abe869ed10c28f9d729cb7a4498f739f1fd14ffe1ccc53aae7307d1a5e69145fc417884e92182e2fc3c524213654c
SERVER_TRAFFIC_SECRET_0 a0453d9a38c293094ba989a7ddfa1c6b240eb890005a888ba7ca5896983b355b c49304701ff9dc441586ad69eeaafc51aa08548b9624ce436e92f0afccf2798344dcddc8191f506388f5fd5d51669421
EXPORTER_SECRET a0453d9a38c293094ba989a7ddfa1c6b240eb890005a888ba7ca5896983b355b 604a25101feeeccee8828249145500e40dfa2b79b85995fa4526c6f44da3f15d7002a96cff2a647cf745b237206616fa
