CLIENT_RANDOM 1579a9bccfcf8adeb61a03d1b111d86a410aab2721ccab53697823ff34d3ddb2 ec2dcdb5ec31bd0b2bdd21a0fcdc2c10de697f22b052c65c5af242d634920ec7d4be84f0860caeea6b508d8bf4c8ebb3
CLIENT_HANDSHAKE_TRAFFIC_SECRET d8b5c0d7c1728062a8b5da67146705c2b65e23ebb1367f89e7d8300fd077ba71 883a5865aa9c917529a63a020bfb7bcc61ea605bbe6b3b94d98ef2051047de1b
SERVER_HANDSHAKE_TRAFFIC_SECRET d8b5c0d7c1728062a8b5da67146705c2b65e23ebb1367f89e7d8300fd077ba71 352c51ab8711bec258d68a51f78b59313800d0676c9b773b472e032c56bbb21a
CLIENT_HANDSHAKE_TRAFFIC_SECRET b85cde0a1645f1aa075c9ac27ffcabe48d7e40f992658cac8a078de45e49ad94 041d7a29fcb3a6b7a6f4d98be2bec1c54071e12be16cb354d4a5a25ec69f7716
SERVER_HANDSHAKE_TRAFFIC_SECRET b85cde0a1645f1aa075c9ac27ffcabe48d7e40f992658cac8a078de45e49ad94 03d539bb76f023ad655c2a41db34650b6cf32fe2a48d694e12c0460df9d678ce
CLIENT_TRAFFIC_SECRET_0 d8b5c0d7c1728062a8b5da67146705c2b65e23ebb1367f89e7d8300fd077ba71 cd3f0f77371c1764fae718a669370f3177a822b15cccb83a7debf6597a585a9b
SERVER_TRAFFIC_SECRET_0 d8b5c0d7c1728062a8b5da67146705c2b65e23ebb1367f89e7d8300fd077ba71 4a2c2a68d256887cf47d2875c514993c37b2bb8e9d75e76d2cf04a708b57c28c
EXPORTER_SECRET d8b5c0d7c1728062a8b5da67146705c2b65e23ebb1367f89e7d8300fd077ba71 8bc746003cc735addc0882c2f877156134ff720df3441bc1e88c5cfa5d2bec21
CLIENT_TRAFFIC_SECRET_0 b85cde0a1645f1aa075c9ac27ffcabe48d7e40f992658cac8a078de45e49ad94 ab8fea6066a789dbb32f1a195f821a670813aeb85d28406028a16bd43ce5c309
SERVER_TRAFFIC_SECRET_0 b85cde0a1645f1aa075c9ac27ffcabe48d7e40f992658cac8a078de45e49ad94 74d6a42a86193b0c2fba34aca77de10e1b49acdf54a2fda8971678ea88730768
EXPORTER_SECRET b85cde0a1645f1aa075c9ac27ffcabe48d7e40f992658cac8a078de45e49ad94 6d0602fcaca0ef48b5fc458f8ecf47ec8e6b4700d2eac73540e05ad1a5225266
CLIENT_RANDOM 2d7f9a7c33fb202335665c5fc1c648c411ecd5413cad65933349115d4bd52012 4e983c78206fc3bba6e9b3df8c6c2602aa65bab0ddbbfc40e1bea7c0c2e2ffc7020a29414c324361896b74f98fa110e7
CLIENT_RANDOM ba6273391dd52203abc69dd2a7e354a94c74841c935b9f0dcc313fb960a7e5a7 cfd28ba086dc82b648d1d6dac748b17ca9248fd54eaf195efb5774c1688dd75430eaf719a98a5b8af1928b4e55ec1143
CLIENT_RANDOM 5e62bb8c2432e8163444c514f87d25842b662ade95a683e1ac94011333f6738f a4bbb4056a5284e8652c099b972d31854bdbdcd61a24a45192d40f486921c102f76c3b6cd252054f8fc8e5b86247eb76
CLIENT_HANDSHAKE_TRAFFIC_SECRET 4dd66f2da593e7b126c40fb61bd909f953207ccc1c50021f4887f5b068a6373a e8250c5f7465b4b5e885960d506fc3c5cc9fec80feeb2829b301318f96b295b1
SERVER_HANDSHAKE_TRAFFIC_SECRET 4dd66f2da593e7b126c40fb61bd909f953207ccc1c50021f4887f5b068a6373a e695fa1925411b4760bd63dea63844ab7ec3352e1904e6b00211acd3f78a6700
CLIENT_TRAFFIC_SECRET_0 4dd66f2da593e7b126c40fb61bd909f953207ccc1c50021f4887f5b068a6373a e0d73f56b4b8e9bbd5e7108289fec0847a23ead356f43b2f835b3ab01ae04d06
SERVER_TRAFFIC_SECRET_0 4dd66f2da593e7b126c40fb61bd909f953207ccc1c50021f4887f5b068a6373a 914c705fd69060721ab754796ea9b316cdffb0e4821b1d0b5278b99a884bd9f6
EXPORTER_SECRET 4dd66f2da593e7b126c40fb61bd909f953207ccc1c50021f4887f5b068a6373a ed046a8347bda0fe25361908b047204df894baf5acc1f3b1662f2bf2981088bd
CLIENT_RANDOM eedac54b7c88819d9b86bae0c26682b9253e82541b3169f990dd049eabd7eb83 58a010d1d2d1485ff1a53e2714ca778c49791de501a98d6803b520c5f2e9597865d7b496c0aa7a5c9a3562cf129dab7b
CLIENT_HANDSHAKE_TRAFFIC_SECRET b99037bad5fd11b28f43be6de3a97f07b4c66824ba342775d14cc9e59773b0aa 83665ea5799befd5a79b93b6e32a0ecd38a15d57c9154dff74046f9cdb172380
SERVER_HANDSHAKE_TRAFFIC_SECRET b99037bad5fd11b28f43be6de3a97f07b4c66824ba342775d14cc9e59773b0aa edde2a53f7f45a0307e2ac068d138bb1748a368ad7719d91c74b383371f4033a
CLIENT_TRAFFIC_SECRET_0 b99037bad5fd11b28f43be6de3a97f07b4c66824ba342775d14cc9e59773b0aa 7446887314be99a0fba25600555ea6d71e508c0f44b5edd0f85b4587191448b7
SERVER_TRAFFIC_SECRET_0 b99037bad5fd11b28f43be6de3a97f07b4c66824ba342775d14cc9e59773b0aa ab57a7353aab90a1a12435a771a2f64d063b229fd63bd0841f853d2a2bd7c4c4
EXPORTER_SECRET b99037bad5fd11b28f43be6de3a97f07b4c66824ba342775d14cc9e59773b0aa da7bc830cf1e4bfacf6f143d61bf01083fda5a1e4e9cce273980ee2e5590c2b2
CLIENT_HANDSHAKE_TRAFFIC_SECRET 9de23a1f05078c5dbc4a0ce3e317bed846a6bdee0c5e669038cc085f8aedadcf 3cd3abadae266dc374a1f9ed96a6a4174d7ff3d468e03965e5762d2e8ae881fb
SERVER_HANDSHAKE_TRAFFIC_SECRET 9de23a1f05078c5dbc4a0ce3e317bed846a6bdee0c5e669038cc085f8aedadcf a26d2108ca8273b5966ae9ef98cce94e6773b0db1cfddd62042d2ee9d91665d5
CLIENT_TRAFFIC_SECRET_0 9de23a1f05078c5dbc4a0ce3e317bed846a6bdee0c5e669038cc085f8aedadcf e42512c7d7ef9e1ed8215e26e3f7197effaf7e3951cc386b924ec32d387585c8
SERVER_TRAFFIC_SECRET_0 9de23a1f05078c5dbc4a0ce3e317bed846a6bdee0c5e669038cc085f8aedadcf dd11186296464f8157269b27e6ff5dd253170a6978ae9a6faff6a8b3c40775af
EXPORTER_SECRET 9de23a1f05078c5dbc4a0ce3e317bed846a6bdee0c5e669038cc085f8aedadcf ddce8fbb0ac8ed16a4b3904d0c10132807d655a5e9b3f3d1250972e5fc5c3cb5
CLIENT_HANDSHAKE_TRAFFIC_SECRET e53c502b905f3fd8380c9e152ef6c5413ba10352acf81f1841dbe749f227f176 3624af8364e76a7524807bc17952b0bbf4a474ab8022253fc132056da5c9905e
SERVER_HANDSHAKE_TRAFFIC_SECRET e53c502b905f3fd8380c9e152ef6c5413ba10352acf81f1841dbe749f227f176 cbc0053437654d2fcacd8eae09de9579ca24b7ea5aad9c25f6eb427b3d7ddd76
CLIENT_TRAFFIC_SECRET_0 e53c502b905f3fd8380c9e152ef6c5413ba10352acf81f1841dbe749f227f176 c5c715bfe36276c63e38a01506bb32986104356f39c03f33e807765835ce8851
SERVER_TRAFFIC_SECRET_0 e53c502b905f3fd8380c9e152ef6c5413ba10352acf81f1841dbe749f227f176 5b31713a9ccd69019235fb70dfce6cd3cc3849326bd26a1c5d59cc8066353d21
EXPORTER_SECRET e53c502b905f3fd8380c9e152ef6c5413ba10352acf81f1841dbe749f227f176 b8467ddadfc823161d8003f337c2d2c843fbe1e206548726f00e5112218ee5c8
CLIENT_HANDSHAKE_TRAFFIC_SECRET bc96d4601d7f2bc748dcb736dec4ffb3a81afd8905a7444f284960c0856a8a6f 6f91f03a1d64c4b497bd563d30ef77465294afba8987fc643bb9f2e439f0939e
SERVER_HANDSHAKE_TRAFFIC_SECRET bc96d4601d7f2bc748dcb736dec4ffb3a81afd8905a7444f284960c0856a8a6f 42024c05a21f1a9965303ca88e632ead3e83a570b9891c9914626b28f46ae0d8
CLIENT_TRAFFIC_SECRET_0 bc96d4601d7f2bc748dcb736dec4ffb3a81afd8905a7444f284960c0856a8a6f 7da1e9252a3f9d0327c2f0fdd1705d854b67600bb0f7fbe377a9114d7acded9f
SERVER_TRAFFIC_SECRET_0 bc96d4601d7f2bc748dcb736dec4ffb3a81afd8905a7444f284960c0856a8a6f 7c38dfc35f67ae0fdd1336a9b0031236893d62a06dd95273508a475091325b38
EXPORTER_SECRET bc96d4601d7f2bc748dcb736dec4ffb3a81afd8905a7444f284960c0856a8a6f 2f8d78b2b0e25d27ebc8fb8667486422cf80b5bb096fc2d10602d57727e353ce
CLIENT_HANDSHAKE_TRAFFIC_SECRET 5deb5aabc7f41104301dfec24d7f476fa67f0150b99638faf28ea174a1ba6e7a 3cda8b40c5c204ad69006ffc207bdf26a2777f16cd8ce859672d9a423fd7e904
SERVER_HANDSHAKE_TRAFFIC_SECRET 5deb5aabc7f41104301dfec24d7f476fa67f0150b99638faf28ea174a1ba6e7a e3a3c0a91edd24fae05c4bb2b5a7e7177b19956f80df32da5c5cb481061d3486
CLIENT_TRAFFIC_SECRET_0 5deb5aabc7f41104301dfec24d7f476fa67f0150b99638faf28ea174a1ba6e7a 893edf5b611d7ed5c9e0ba18c147bc9ef36127ebe98a37081148c68797c1473f
SERVER_TRAFFIC_SECRET_0 5deb5aabc7f41104301dfec24d7f476fa67f0150b99638faf28ea174a1ba6e7a b4de056118b33731dbb9fc45556786d5a3ce66342fb074b0ebd09d112a66ba35
EXPORTER_SECRET 5deb5aabc7f41104301dfec24d7f476fa67f0150b99638faf28ea174a1ba6e7a 975aca344ed80017f4678a2583107ce5f4b6709e703e6c7e6a781f84db2cc20a
CLIENT_HANDSHAKE_TRAFFIC_SECRET 30ebf364de216ed68c3f485eb09b8f54bd73aab2805a5d38be1d024c4c6453c7 d6ef64282718276f7e38ae8430f2cd132619e040b8905a099a0c8a86743c3a85
SERVER_HANDSHAKE_TRAFFIC_SECRET 30ebf364de216ed68c3f485eb09b8f54bd73aab2805a5d38be1d024c4c6453c7 a796a16077a66131a777679cb1f0eab4659ccfc52927a94655d71ca119218393
CLIENT_TRAFFIC_SECRET_0 30ebf364de216ed68c3f485eb09b8f54bd73aab2805a5d38be1d024c4c6453c7 c97ba847e887439064228b344ab32fb0f8a07b1907f082753c373545d23c2cdc
SERVER_TRAFFIC_SECRET_0 30ebf364de216ed68c3f485eb09b8f54bd73aab2805a5d38be1d024c4c6453c7 41ca30daf2898ef1b9dbcb6acef3a983e76d24bdc28e99721fb6acc86cfb58ea
EXPORTER_SECRET 30ebf364de216ed68c3f485eb09b8f54bd73aab2805a5d38be1d024c4c6453c7 dba6cceb089879968211d19da858e48f6ae40b9a08456aec8006a8b0a6dadd5c
CLIENT_RANDOM d67c0a43b23c00cad26beb02d0143fb3ed9ca50a72219423dbf66e1bf2f311d4 49e35610178288afef9d41b358470e904b0999d5b55662863dd5fb7b192518aaff51cadd47673faa2bcf413d8385ff0f
CLIENT_RANDOM 31dab5c34c0c2b5cafbddb8e1f7456e54c97251bf243b072b9f2997c5791e4d1 afd222ce0e0b1e53ca22d22224d7c55c6e50c78695e62b5baa1cae707cf23f894a21af609537ea6ef7f7e25fcc841279
CLIENT_HANDSHAKE_TRAFFIC_SECRET 54307c226082008853e289eaa97434e48c50bdd524d5b7e6f5c40a9ceaa1c345 e668007be1216d6952b8d880606706e904c225c45b57ec7569ae65d81a83ff9c
SERVER_HANDSHAKE_TRAFFIC_SECRET 54307c226082008853e289eaa97434e48c50bdd524d5b7e6f5c40a9ceaa1c345 1d2d54df93679e4c662349430a33608d487ba8ca91cb851a5e07da5e2b798bea
CLIENT_TRAFFIC_SECRET_0 54307c226082008853e289eaa97434e48c50bdd524d5b7e6f5c40a9ceaa1c345 0ebc44a595ccdc04078a736373c40bde4451bfae985666a8c16cb55f85108173
SERVER_TRAFFIC_SECRET_0 54307c226082008853e289eaa97434e48c50bdd524d5b7e6f5c40a9ceaa1c345 9073b4077c5cea80fd25a86c936090a94634564c867077822d9dc283bfa37465
EXPORTER_SECRET 54307c226082008853e289eaa97434e48c50bdd524d5b7e6f5c40a9ceaa1c345 144f406e5c4e034581bb9843491b0164fb7d71f70cd65b222176202ebd57661d
