CLIENT_HANDSHAKE_TRAFFIC_SECRET ff1b31b1491c523b67deebeb7a345de8c8036bf31a91634def802ad404d56211 9be68f093d0a5f7a780009801acbd9794f8f1c3797bd64f706cfc90a1637a9b9
SERVER_HANDSHAKE_TRAFFIC_SECRET ff1b31b1491c523b67deebeb7a345de8c8036bf31a91634def802ad404d56211 48771d95ddb517cbba2c4235225a7e77dc6738554c0f42805e8a29a1ecb6592b
CLIENT_TRAFFIC_SECRET_0 ff1b31b1491c523b67deebeb7a345de8c8036bf31a91634def802ad404d56211 e6e42372762962f45a206563d5e52a4c899e534b08077b36e594399684528281
SERVER_TRAFFIC_SECRET_0 ff1b31b1491c523b67deebeb7a345de8c8036bf31a91634def802ad404d56211 95e03e8d2d4941eb55ce39a825d5772b5d758040a1025bc2b35a652326e47ae3
EXPORTER_SECRET ff1b31b1491c523b67deebeb7a345de8c8036bf31a91634def802ad404d56211 471023fc2cc61d2174cff9103c137da9f310446cd3cbcbf75c401124710c3856
CLIENT_HANDSHAKE_TRAFFIC_SECRET 862b67bde7f6e082b796301b40e216746b0e110ce2a8cf3a60bdfe6d75f6d168 b6aca1f37f805259dd1071227db7e2d195075a3d4dd87c4d85cb849eaeab3907
SERVER_HANDSHAKE_TRAFFIC_SECRET 862b67bde7f6e082b796301b40e216746b0e110ce2a8cf3a60bdfe6d75f6d168 f1efbe63b0f833a7b7ebdca05751c5e7ae8bee7f38a510965395450a70350efe
CLIENT_HANDSHAKE_TRAFFIC_SECRET f90c8d79bb011a9c33d526368f5780066f7eac6853b36a48072f15429b30aec1 b1481161fb9078842fab416685640e740f4d8b970ff68b9e80363928fc2f52ae
SERVER_HANDSHAKE_TRAFFIC_SECRET f90c8d79bb011a9c33d526368f5780066f7eac6853b36a48072f15429b30aec1 ded16daac37bba59e36446df5db88809a752bb36d1a2311cf9cfa4692c9ca5be
CLIENT_TRAFFIC_SECRET_0 862b67bde7f6e082b796301b40e216746b0e110ce2a8cf3a60bdfe6d75f6d168 4f61f31b7f2725f88287970809d962a3d94e49cc9a917a840499da01b2a55c59
SERVER_TRAFFIC_SECRET_0 862b67bde7f6e082b796301b40e216746b0e110ce2a8cf3a60bdfe6d75f6d168 09c5f0c1afec622eb54632e76e96419e3a9d7071b75749e6c3cc7fceaa60ef87
EXPORTER_SECRET 862b67bde7f6e082b796301b40e216746b0e110ce2a8cf3a60bdfe6d75f6d168 ce9245bba057cd6a7451396314688f031b784a1f3fe8b5f72cd75835a6a6defd
CLIENT_TRAFFIC_SECRET_0 f90c8d79bb011a9c33d526368f5780066f7eac6853b36a48072f15429b30aec1 91ca5793bb7d4e6fb81452e330dc2ff94bdf7e6a850a52bd9f5e3f5831a79e6a
SERVER_TRAFFIC_SECRET_0 f90c8d79bb011a9c33d526368f5780066f7eac6853b36a48072f15429b30aec1 62621b8171e6fefd494d1753d6d4f2fc350915930fe04e68e4d0227629424976
EXPORTER_SECRET f90c8d79bb011a9c33d526368f5780066f7eac6853b36a48072f15429b30aec1 cd9ae0763bf9197fd8b149f082430a099c1d06807fcaa1964a82e2ab6331e203
CLIENT_HANDSHAKE_TRAFFIC_SECRET e58c6399b74aeaf1184862a7eac5ae16c0f64349eea3bd49d0f37d222ae4504f 92d35dbef175cbcfe6cbfecf11e1d9f481f365e0471a285afd669d4a844f60a0
SERVER_HANDSHAKE_TRAFFIC_SECRET e58c6399b74aeaf1184862a7eac5ae16c0f64349eea3bd49d0f37d222ae4504f c22b75216416714e8b11df2bfbd6fd3a830e85bc0f824f2955b78c6984fac3b4
CLIENT_TRAFFIC_SECRET_0 e58c6399b74aeaf1184862a7eac5ae16c0f64349eea3bd49d0f37d222ae4504f 6b282d86e7ec324a219312b19d74cb0f86713e9b47e70336f438716143d24577
SERVER_TRAFFIC_SECRET_0 e58c6399b74aeaf1184862a7eac5ae16c0f64349eea3bd49d0f37d222ae4504f aef9a59ca7ab40fdb135a91b7daed6d8e8dbeea0a77dbe614e610697f18e2afc
EXPORTER_SECRET e58c6399b74aeaf1184862a7eac5ae16c0f64349eea3bd49d0f37d222ae4504f 42c737338b468a6260e9d8f1ada50c50a3c54fe2a3758b4b4255b1fde5958d96
CLIENT_HANDSHAKE_TRAFFIC_SECRET fd9266a61e687a9e8836c03bde7162be531537af4bf984caf8b232d82114d8a6 e161ab3284333050477b100a174f1cb3d27ec39c1076e43fba46e65e9fd1d718
SERVER_HANDSHAKE_TRAFFIC_SECRET fd9266a61e687a9e8836c03bde7162be531537af4bf984caf8b232d82114d8a6 153b6c18c01fb3da37870bff101882af5e8fd0aabba808c33f729e67ad79565b
CLIENT_TRAFFIC_SECRET_0 fd9266a61e687a9e8836c03bde7162be531537af4bf984caf8b232d82114d8a6 43a3c5498bafcb8cc8fb6dc4727ead2ca9fde3dea0f67e963e4fd69f7c9a4af4
SERVER_TRAFFIC_SECRET_0 fd9266a61e687a9e8836c03bde7162be531537af4bf984caf8b232d82114d8a6 0fe75d75d12bd69920d622a797a4e5b980d3c38f1d4eb2b4814150a7fdd7f537
EXPORTER_SECRET fd9266a61e687a9e8836c03bde7162be531537af4bf984caf8b232d82114d8a6 630b982a6edb955c5ae642195af687221734801b35bbeabd4f9fb62e1db97f68
CLIENT_HANDSHAKE_TRAFFIC_SECRET bccf1567359340e17a1a8af420062dcb068d9ec1e209585925472c529a5e7f5e 1cacb34c54eb22a759042a7328cebf13cac86dc10950b3668a4d9a9e2c4fc10a
SERVER_HANDSHAKE_TRAFFIC_SECRET bccf1567359340e17a1a8af420062dcb068d9ec1e209585925472c529a5e7f5e 30b98bfda7b113cc5134750bdc92d46153a61d8a76122a1572d54cabb6ac9e51
CLIENT_TRAFFIC_SECRET_0 bccf1567359340e17a1a8af420062dcb068d9ec1e209585925472c529a5e7f5e 008983cf36f42bffd92a382162d2a7e6e2818f277282119d139e485c1d1b868a
SERVER_TRAFFIC_SECRET_0 bccf1567359340e17a1a8af420062dcb068d9ec1e209585925472c529a5e7f5e eff267245675eef414c3ee83c97883d935844446690418ba202e8a8c5dc16035
EXPORTER_SECRET bccf1567359340e17a1a8af420062dcb068d9ec1e209585925472c529a5e7f5e f0920535f7413dfd29cb31c438849817d91c068e5d452a9f57752afee1220938
CLIENT_HANDSHAKE_TRAFFIC_SECRET 36eb1a023fa69363f13790d268cc56f3e348a0617f4323ea9181ff285f40a5c6 d336f482e43d0bd28eeb5e8681be9a75de6c69ced8829b2e2e2864ea33ba5a20
SERVER_HANDSHAKE_TRAFFIC_SECRET 36eb1a023fa69363f13790d268cc56f3e348a0617f4323ea9181ff285f40a5c6 41cd32956b06957ee5e173e49f69af93bf971de1ac2da9c4901071c8e1513b7a
CLIENT_TRAFFIC_SECRET_0 36eb1a023fa69363f13790d268cc56f3e348a0617f4323ea9181ff285f40a5c6 4feb58bf8ce3c4fb36cc445d2d2386e776732ff8604c785ef9e7dea8942dcb6e
SERVER_TRAFFIC_SECRET_0 36eb1a023fa69363f13790d268cc56f3e348a0617f4323ea9181ff285f40a5c6 c3dfb924a2b05d323a9f8e1f11f8adcbaf00c1f4725cad77648a31d88ab1598a
EXPORTER_SECRET 36eb1a023fa69363f13790d268cc56f3e348a0617f4323ea9181ff285f40a5c6 fae83db1cf48fb5c70b9a72c7447bacd3c36dfa092adc40599d3cc6e1c3c01d8
CLIENT_RANDOM 9ac7edc6e7246df7eb638f2d51b5a7ae6a5a3ab80c4c2f9584ac9b3fe109c8dc de8aef1f405a360b9d260fe5ce8f5d01b60418f4b325acd158ef6b16c4472a85de10768da582f17508d4e4170910f186
CLIENT_HANDSHAKE_TRAFFIC_SECRET 28a29716905ed47e3a426d1472d7359f1933d900c024b0e0344e94432834e193 d62fc603aa83f11e4bdb5f4b29b32a000983fcdd2884a08fff4bf5fffd8753eb
SERVER_HANDSHAKE_TRAFFIC_SECRET 28a29716905ed47e3a426d1472d7359f1933d900c024b0e0344e94432834e193 04f89ba7add9cd2468fdb3dd963cd9c59f108d066b434549bd17e14b863ef4e8
CLIENT_TRAFFIC_SECRET_0 28a29716905ed47e3a426d1472d7359f1933d900c024b0e0344e94432834e193 e8c7744bd761c5688eadbb227b9ab7233683df58ef112d87eefad9cc2cf89cd3
SERVER_TRAFFIC_SECRET_0 28a29716905ed47e3a426d1472d7359f1933d900c024b0e0344e94432834e193 1d87308c77a54cb2dc728ce30639903d5ddad6134eb7a1872c2b23c56325d447
EXPORTER_SECRET 28a29716905ed47e3a426d1472d7359f1933d900c024b0e0344e94432834e193 9263236e95bd9daf1183eefe81c57df50a8f298908a4da82e2b7d815b3aad598
CLIENT_HANDSHAKE_TRAFFIC_SECRET 6c5cd0a65db9c7b78eb53edc7a6ffb66a3227d2c74ec3edddf12409fcd0f7659 93601cc273869baa8cf67fff37cd6942f513064f83e08ceac00c625c9328cc7c
SERVER_HANDSHAKE_TRAFFIC_SECRET 6c5cd0a65db9c7b78eb53edc7a6ffb66a3227d2c74ec3edddf12409fcd0f7659 97ebf3f18ee0be5b5cd0830b1ef94d879cc772ee156b138977132227796826bc
CLIENT_TRAFFIC_SECRET_0 6c5cd0a65db9c7b78eb53edc7a6ffb66a3227d2c74ec3edddf12409fcd0f7659 24fe54161717e4e1781d28ae648e20a09d2e3882e24cbed0a74c87171ea168d2
SERVER_TRAFFIC_SECRET_0 6c5cd0a65db9c7b78eb53edc7a6ffb66a3227d2c74ec3edddf12409fcd0f7659 b7d3a96d7dd9ba280b3449f3992cbe8f89e9c648f4eecd13d2ddf997f59ecb73
EXPORTER_SECRET 6c5cd0a65db9c7b78eb53edc7a6ffb66a3227d2c74ec3edddf12409fcd0f7659 8bb9e9daed411af62b262944ee05f7530ce05c4844cc305453ac7c57703540e3
CLIENT_HANDSHAKE_TRAFFIC_SECRET a3b48fd98e4d0b43b6b8aae458e49c8c684d061daa0d88fa96429abb14cd0663 61ba6c19cd9e923c54c314424a0128ecf2db935a9e7be3367741823090377f5d
SERVER_HANDSHAKE_TRAFFIC_SECRET a3b48fd98e4d0b43b6b8aae458e49c8c684d061daa0d88fa96429abb14cd0663 db9e7cc6b3c7dce67f6345c16f91375aa3105bc5b9c9af27e3f5245dd11c5881
CLIENT_TRAFFIC_SECRET_0 a3b48fd98e4d0b43b6b8aae458e49c8c684d061daa0d88fa96429abb14cd0663 e07769b46b6594532254a21be78aaf5b7f01d63ae1166ef88a042478aa733a28
SERVER_TRAFFIC_SECRET_0 a3b48fd98e4d0b43b6b8aae458e49c8c684d061daa0d88fa96429abb14cd0663 32466adb1279a0baf0bd08195e1dd6937b082d99a4640d838538a137903c51c0
EXPORTER_SECRET a3b48fd98e4d0b43b6b8aae458e49c8c684d061daa0d88fa96429abb14cd0663 d3eec55858f0dabec41e9ac3a7c1f8c0650cd18b29964920a9e71887f022223d
CLIENT_RANDOM 4808cdf22bbb6d34449f07ffd7d2201e2996e81017711e460e5cdb3e83964ed5 adc2f50ee60d233ea7731a622eba3c5b9da492fb285584ff55518dbd836fc576857dd61c8211193b5df7d1b3412b077f
CLIENT_HANDSHAKE_TRAFFIC_SECRET bec41748a9405b06cd405e3250e82acddb5e647421811b0e1ffb9f4b59d437be b4abb841f48847e298209b1ef40656c67234dbb03d1728330e1c6cbaff59f700
SERVER_HANDSHAKE_TRAFFIC_SECRET bec41748a9405b06cd405e3250e82acddb5e647421811b0e1ffb9f4b59d437be 10fe5e28b7de65ba136bd22ff94be08db0e6154bbd6a9e97dfd7ecb7680d4569
CLIENT_TRAFFIC_SECRET_0 bec41748a9405b06cd405e3250e82acddb5e647421811b0e1ffb9f4b59d437be 319355bf7336afafc11428e79f64f33d734ef8742526c749052496b73b9e6610
SERVER_TRAFFIC_SECRET_0 bec41748a9405b06cd405e3250e82acddb5e647421811b0e1ffb9f4b59d437be d57cb993b159b5b82b8fd2acafeb5a2152d84abaa13bb11b7ade2d80ae9d99e7
EXPORTER_SECRET bec41748a9405b06cd405e3250e82acddb5e647421811b0e1ffb9f4b59d437be 6b6d6d3ec5885c0b1cab722e36e75199e2b0213f52feab8ab088b3a5d5d82ee3
CLIENT_HANDSHAKE_TRAFFIC_SECRET 097ff7bb328c8eb1e26e77116b17b7b3b5b59107e26912c07d1a74c23b563ce8 b8313056abad802a337febdacf1f16fd37d9585fa9b172ab25f1157ed6ec7f77
SERVER_HANDSHAKE_TRAFFIC_SECRET 097ff7bb328c8eb1e26e77116b17b7b3b5b59107e26912c07d1a74c23b563ce8 6d18c895c8061b77392b236c1eca7a20142417a616738fca2a4055f2f7bc3030
CLIENT_HANDSHAKE_TRAFFIC_SECRET 10bdc65a60361b55e979a5def35236d9269506f6b5a5476aaa6d427694de6f30 8bee20342a21e0c82d30aa3507de35f9d7c132aec74580520d203511db2d6e15
SERVER_HANDSHAKE_TRAFFIC_SECRET 10bdc65a60361b55e979a5def35236d9269506f6b5a5476aaa6d427694de6f30 90560323a3f13b9084216ea16dca05317aba9579a62b6a70be95a23d761526c2
CLIENT_TRAFFIC_SECRET_0 097ff7bb328c8eb1e26e77116b17b7b3b5b59107e26912c07d1a74c23b563ce8 f808422b3a1d69e4181303464bea8a5587061b8c85063e234abe01fbf4f6669d
SERVER_TRAFFIC_SECRET_0 097ff7bb328c8eb1e26e77116b17b7b3b5b59107e26912c07d1a74c23b563ce8 8eea23669eb7e5895387dbc1115c4cf00bf5aa87e0bd105786725135de5f578f
EXPORTER_SECRET 097ff7bb328c8eb1e26e77116b17b7b3b5b59107e26912c07d1a74c23b563ce8 4a8e85c2465ffba51462412896ea0e38548f509450706c2a6e5b75df1dd8e0f3
CLIENT_TRAFFIC_SECRET_0 10bdc65a60361b55e979a5def35236d9269506f6b5a5476aaa6d427694de6f30 a7278efe798747fe23d7fd45c7e8e52512c2f09571aa547d9e7c8aaeccdd17ca
SERVER_TRAFFIC_SECRET_0 10bdc65a60361b55e979a5def35236d9269506f6b5a5476aaa6d427694de6f30 093639115ccbcf79189552649ddbf92e7c801dcb232cac209461fa44afdbc16d
EXPORTER_SECRET 10bdc65a60361b55e979a5def35236d9269506f6b5a5476aaa6d427694de6f30 bab63771d5c831d6270ed3989555d00129dd7926fb25f942ee81670dcec2c336
CLIENT_HANDSHAKE_TRAFFIC_SECRET 53ab5f13fe4a32a7fb3c79131eaca6dc5f8bed7fb2ae03aab10aa0595b34e50e a8d1c34d87c60be01948a77a1bf889d991e62a167469c6cec782f685181d3c5e
SERVER_HANDSHAKE_TRAFFIC_SECRET 53ab5f13fe4a32a7fb3c79131eaca6dc5f8bed7fb2ae03aab10aa0595b34e50e fbfd8fde88ebca092e3aa36e7ca35be1513d7aa05e4fd8544f82b6cf49647406
CLIENT_TRAFFIC_SECRET_0 53ab5f13fe4a32a7fb3c79131eaca6dc5f8bed7fb2ae03aab10aa0595b34e50e fec5fbd9303426fc67ca9e18faf405ba2029660e239d9e6f75637b5166291b06
SERVER_TRAFFIC_SECRET_0 53ab5f13fe4a32a7fb3c79131eaca6dc5f8bed7fb2ae03aab10aa0595b34e50e e3efe2fc20d081a6b81e6c654d20c6deaee25d9cd2fda2e4c110323e760ea01a
EXPORTER_SECRET 53ab5f13fe4a32a7fb3c79131eaca6dc5f8bed7fb2ae03aab10aa0595b34e50e ffada4f2866bdb87169d5bfc3e2fb88888fcb06799e190424e4645cc13d0c227
