CLIENT_HANDSHAKE_TRAFFIC_SECRET a7767a75f219f23111be6b1516c83831b678fe63be458eb5ac867a9630c76958 73012cbd6c25a5c151e85c3b11b972ce3b13e1c7460c814b11f14bedf0709568e1c6bab10172049c057531bf1f02262a
SERVER_HANDSHAKE_TRAFFIC_SECRET a7767a75f219f23111be6b1516c83831b678fe63be458eb5ac867a9630c76958 aa5195062c0a27bed3ee123644b6687797476d631e3a1508f3026b7bf57c11e47a46a29a2185b9945c7e4e43ad44bc92
CLIENT_TRAFFIC_SECRET_0 a7767a75f219f23111be6b1516c83831b678fe63be458eb5ac867a9630c76958 30ae4746ea3613be8bc616aa4baa96cf3e654560a40b917258a660b42c1b596da3d5d1e13b614f1b993efc2718a45724
SERVER_TRAFFIC_SECRET_0 a7767a75f219f23111be6b1516c83831b678fe63be458eb5ac867a9630c76958 e12ce35cfa98a71126305dca2af869172b29b537ac17dbd0ebe33fefb2ab1ae9c9627f2395a0c1a74fe9858e7e3e8b37
EXPORTER_SECRET a7767a75f219f23111be6b1516c83831b678fe63be458eb5ac867a9630c76958 99c468c781262ed6b82719ca39f62f0c9b0f1349692899a2e54ec98bda8bae9d02b259e14c7410b128b4988fb660a74a
CLIENT_RANDOM 27fe128388c02b1698815a22f0134517d5228bc0f9da9c4cfeafc653c7a17fcd 70e9acbc2a998469946faa27fa148d249d595654b01e8b811747decb94e4728a1e587b67e603604e604bdbedab886c8d
CLIENT_HANDSHAKE_TRAFFIC_SECRET 8d18114c3884ff625e3ccbff3e43ea1911f2e47a5311ecefd4b4dff02effbcd0 1e073b1a6b782451d682fd0320b55a7dd2ee004e02721f02aeeda77cb1fcb90bfdad33bcca4b5b9e07943f918dd74057
SERVER_HANDSHAKE_TRAFFIC_SECRET 8d18114c3884ff625e3ccbff3e43ea1911f2e47a5311ecefd4b4dff02effbcd0 50f424160f76f34f606728c11a1e801d717de16eead4da2778aed8c2b2450aff98362c220d53c5703380014c236eba2a
CLIENT_TRAFFIC_SECRET_0 8d18114c3884ff625e3ccbff3e43ea1911f2e47a5311ecefd4b4dff02effbcd0 b80b5c5b96f42768158ce18d91e449ea73ade2078854b77d350ac71e1a1783816655a02d5c5acd36a8f89ab0b1a4bd01
SERVER_TRAFFIC_SECRET_0 8d18114c3884ff625e3ccbff3e43ea1911f2e47a5311ecefd4b4dff02effbcd0 1b4d21dc1a6ebfed5c0f1630f2f709b75aa7eb9a83c73564a43b2dae7cecffd79cc25635ecb2eee8f3c955dcc1966fef
EXPORTER_SECRET 8d18114c3884ff625e3ccbff3e43ea1911f2e47a5311ecefd4b4dff02effbcd0 e6c7bf58c6f18225ecfe070da4089db5fa44f5d7fcadebab76cd352462476e05311b661ded0d21446876df557dcd468e
CLIENT_HANDSHAKE_TRAFFIC_SECRET 92d1c534125e56fe12c3008a39608b1ed58a77ad74abec26ed6796f6d4a5b86c 8700afa6b14913963ff7889db78f86bcdba949b05ae783ad84168bc9c606b54e
SERVER_HANDSHAKE_TRAFFIC_SECRET 92d1c534125e56fe12c3008a39608b1ed58a77ad74abec26ed6796f6d4a5b86c 6d88e65c99da885c5692eb49de8bff3e7e05d7749306c5410df1602f200d6c0b
CLIENT_HANDSHAKE_TRAFFIC_SECRET 5c44d541a23ba6a6a1cd0f8f8df21070764220cc1291bf0926cb3b888d358fe3 cc71b6e815afe459f37ee3de9d15d36d05c22e27075e0548e561e1c61b4e46cc48cc62f0889ec7f23ea773cc0c98b5b4
SERVER_HANDSHAKE_TRAFFIC_SECRET 5c44d541a23ba6a6a1cd0f8f8df21070764220cc1291bf0926cb3b888d358fe3 e8566c7f05f584a418debc52f441a1e00be1c61b82c722034e07736d6bd41d988906264f2e3e5263deebefa9369fe297
CLIENT_TRAFFIC_SECRET_0 92d1c534125e56fe12c3008a39608b1ed58a77ad74abec26ed6796f6d4a5b86c 0f905658055879c71c72ef06a46da9239e779f26c7b6e9c649571b626f57d430
SERVER_TRAFFIC_SECRET_0 92d1c534125e56fe12c3008a39608b1ed58a77ad74abec26ed6796f6d4a5b86c 65873440cdf6b7fee0c8197cc6189863bf89e97a003b47821b2aada2c0e62bc8
EXPORTER_SECRET 92d1c534125e56fe12c3008a39608b1ed58a77ad74abec26ed6796f6d4a5b86c 0b9d6dafa61228c404b76a54e151206df18e542b36ba7ee3899b66627765e991
CLIENT_HANDSHAKE_TRAFFIC_SECRET d5bb970cb8760e56f6278a2f751f2f7d728bcefd838f8844e1d5dd2c5b90bd99 d15411dee9924133aaa47fb91e0f5cfcc1a373f8edb05e7afe002ab2ba8973fa347dd9bbd9093aa702fbc0ba3e827f68
SERVER_HANDSHAKE_TRAFFIC_SECRET d5bb970cb8760e56f6278a2f751f2f7d728bcefd838f8844e1d5dd2c5b90bd99 ea8030cfd21164d2206a78d3e6b8470939ec24aa1cb3dc07c33fb933006d7e9b32173df5563d61037f6df590cd016362
CLIENT_TRAFFIC_SECRET_0 d5bb970cb8760e56f6278a2f751f2f7d728bcefd838f8844e1d5dd2c5b90bd99 6357fbeca04893185849f2e50c5d01eaadef5f8532617733d919c7d8ad2f53b519fa71058513c34c1e80254545839c1e
SERVER_TRAFFIC_SECRET_0 d5bb970cb8760e56f6278a2f751f2f7d728bcefd838f8844e1d5dd2c5b90bd99 0e7f8c68801d63410d2aed8c51d6f2b6f94ae6caca7ff267c5c525026bb174100d5f3e8ff301098ab8590366c9428541
EXPORTER_SECRET d5bb970cb8760e56f6278a2f751f2f7d728bcefd838f8844e1d5dd2c5b90bd99 85b64fa756d505fa5be7d434b16eccb3db6257712b427b8dba40868fe5fcc690fea37f14deaf3b2b64da278c9451c487
CLIENT_TRAFFIC_SECRET_0 5c44d541a23ba6a6a1cd0f8f8df21070764220cc1291bf0926cb3b888d358fe3 aebbb9ced4c90894666577441b1d0624ce1e455e58e8934cf5fbe41aae5e8e2b5c08e7e3bb353cf098ee32e49e374190
SERVER_TRAFFIC_SECRET_0 5c44d541a23ba6a6a1cd0f8f8df21070764220cc1291bf0926cb3b888d358fe3 51f91213ec673e1f4cc3ab6452282b3e4957ae3c4015e887b3eb0316200fd90d257d3a3b2d8ff0e7b4259f4bd9738b37
EXPORTER_SECRET 5c44d541a23ba6a6a1cd0f8f8df21070764220cc1291bf0926cb3b888d358fe3 f0fd6bbcf1e4402a96383d25d1278b77b8762a1cc53c47959e3e7dcdcbe0d6d300fbddb4fd7a45cf3c32f7053a81c1a1
CLIENT_HANDSHAKE_TRAFFIC_SECRET 5f7f996ecc7004f128ab3afb2654a27b328db6cdafb204a27fc653837051d51a bab5475670e146eb65cd2768e3c46468244f347f272b15f0fde5e198a2bec468
SERVER_HANDSHAKE_TRAFFIC_SECRET 5f7f996ecc7004f128ab3afb2654a27b328db6cdafb204a27fc653837051d51a 2f8580587a789bfa7299b3e5d3941c6a47eac3f2088fdb3bc964eb5d4cadf957
CLIENT_TRAFFIC_SECRET_0 5f7f996ecc7004f128ab3afb2654a27b328db6cdafb204a27fc653837051d51a 95569f5bf2f53ef6b6bd29d89c3ea3e700a07e0e3a98a7c412f8495ef65d78dd
SERVER_TRAFFIC_SECRET_0 5f7f996ecc7004f128ab3afb2654a27b328db6cdafb204a27fc653837051d51a 28110879cf9695e0b2dab37830636b583683ba0955307ff51453be926d3b8de7
EXPORTER_SECRET 5f7f996ecc7004f128ab3afb2654a27b328db6cdafb204a27fc653837051d51a b7f4781256e4af16c883902fcc63d555c5e54e75972908fe8df524a6cfc53d49
CLIENT_HANDSHAKE_TRAFFIC_SECRET 639ea60cee600aeefda1c8a9957c18101bdaf5849a576ac9bfea446ebf4272f1 ef84c258b0573c5a48a287cdd31f5b10ed46a643e789f0e344aacc052b769885
SERVER_HANDSHAKE_TRAFFIC_SECRET 639ea60cee600aeefda1c8a9957c18101bdaf5849a576ac9bfea446ebf4272f1 f02df039e473a20e850569073328e7dc92c9739d366bea3e512841ab58fc37b9
CLIENT_HANDSHAKE_TRAFFIC_SECRET 8ccd7c6f19a61f223308b7aef57631d1aa1a63defd7f4fe7ca7b74ad9890fa99 268bfa1a7b0f8f88e9411180f8718ce5bc6738b4255a26af058e15b5f4481cdb
SERVER_HANDSHAKE_TRAFFIC_SECRET 8ccd7c6f19a61f223308b7aef57631d1aa1a63defd7f4fe7ca7b74ad9890fa99 73b80da28f739072e8b2e8bc58df3846c7316a1bfb5896361a91b44e063efaba
CLIENT_TRAFFIC_SECRET_0 8ccd7c6f19a61f223308b7aef57631d1aa1a63defd7f4fe7ca7b74ad9890fa99 594369ab26747e51059758c09dd5049021ef4be984a9f83273eb898e01e89468
SERVER_TRAFFIC_SECRET_0 8ccd7c6f19a61f223308b7aef57631d1aa1a63defd7f4fe7ca7b74ad9890fa99 5e660d5a24d86cbc5421887c6420515e2cb563452f519de420da507022c7e110
EXPORTER_SECRET 8ccd7c6f19a61f223308b7aef57631d1aa1a63defd7f4fe7ca7b74ad9890fa99 40688976af91ea2cf8dcf1952601d5ff4c309f08845e33818e3152313f5a241e
CLIENT_TRAFFIC_SECRET_0 639ea60cee600aeefda1c8a9957c18101bdaf5849a576ac9bfea446ebf4272f1 8d4f4be4c3017551b80cd453270b1c43a4131d152503cbfd9fc944c4c05e080e
SERVER_TRAFFIC_SECRET_0 639ea60cee600aeefda1c8a9957c18101bdaf5849a576ac9bfea446ebf4272f1 31e1b53e07d68b0c9455531bb12a47b293e311415f4080ad6a54a527ee1ab4c4
EXPORTER_SECRET 639ea60cee600aeefda1c8a9957c18101bdaf5849a576ac9bfea446ebf4272f1 79424536e0ad103a31e4a6b3e6e36713558053e3156dd02321b3a42ca428b4f4
CLIENT_HANDSHAKE_TRAFFIC_SECRET b614f5bb96de9b8be1a6d51ccbc210c8d854fd94f318edc6b3baf961bf6e5b07 a4c63762e0cc8d343954509a071abf2303ce05916e3aa9168d37241b86031f1c
SERVER_HANDSHAKE_TRAFFIC_SECRET b614f5bb96de9b8be1a6d51ccbc210c8d854fd94f318edc6b3baf961bf6e5b07 ded6181d057bcec6522bd6033d293b2f1092fc5c067479afe7c61a796ea0f118
CLIENT_TRAFFIC_SECRET_0 b614f5bb96de9b8be1a6d51ccbc210c8d854fd94f318edc6b3baf961bf6e5b07 67424aff8132a976b3b73730a79a2aa25174487663299d5d606d7e1c7d160823
SERVER_TRAFFIC_SECRET_0 b614f5bb96de9b8be1a6d51ccbc210c8d854fd94f318edc6b3baf961bf6e5b07 ade36604af2424910f7ac2bec456ba63712f0dff6742991d20c6d8d968098d7c
EXPORTER_SECRET b614f5bb96de9b8be1a6d51ccbc210c8d854fd94f318edc6b3baf961bf6e5b07 4d2b658bd49c0eec5a6ad7cfa915dc8b0c1764ff347feac14c12bd5a5b1a5574
CLIENT_HANDSHAKE_TRAFFIC_SECRET d737e321ee4dd88fb8560f86832cd6c200d0f3a6ed754dc9f529d3cfcd13bfe3 7376939f29a04173dc337dcec1fe3995b036536867648fd006dbb2989c49bf0af4847497b6c5895c77df65fa28bf5de7
SERVER_HANDSHAKE_TRAFFIC_SECRET d737e321ee4dd88fb8560f86832cd6c200d0f3a6ed754dc9f529d3cfcd13bfe3 4ef4bcdd7bd36b62acaa0528fb2dffcf98394a53aa673cf3af5ec3e71a0baa8692a1065a810e69172c48bb30eb8181bc
CLIENT_TRAFFIC_SECRET_0 d737e321ee4dd88fb8560f86832cd6c200d0f3a6ed754dc9f529d3cfcd13bfe3 87d9da05d78056bfec6713ecb43b4f10fed0c9e5385052bc223ba519e6ed6843d8291126f1874bc5e64520af0f3555db
SERVER_TRAFFIC_SECRET_0 d737e321ee4dd88fb8560f86832cd6c200d0f3a6ed754dc9f529d3cfcd13bfe3 5d5eab048ef7d843a6b4793c1da2e4530d1070bf3c01184f52ffe1637c5635ddc215726dca6bd3387c12705fc25778e2
EXPORTER_SECRET d737e321ee4dd88fb8560f86832cd6c200d0f3a6ed754dc9f529d3cfcd13bfe3 87d8532dcdfd41c69cad5ba8e491fcda9bfc5b494d47a1e7045713dd277cd4d209f3c5e0c6242192705e08763098d060
CLIENT_HANDSHAKE_TRAFFIC_SECRET 19a739f466690bd6d13a9b390df5dd6e0ddf92e5553c526531cd130aa9214377 5aec64c3224dacb3ccc18f612cdb57862f6acad5557fcfa4411cd0c8929e45b3
SERVER_HANDSHAKE_TRAFFIC_SECRET 19a739f466690bd6d13a9b390df5dd6e0ddf92e5553c526531cd130aa9214377 7d1f4739d0b1c05250dd8b3744c1482fcc62a549461eab3333d6a3822e1988e7
CLIENT_TRAFFIC_SECRET_0 19a739f466690bd6d13a9b390df5dd6e0ddf92e5553c526531cd130aa9214377 f335e408f7b2d7aaeca40a17ee797d280145256d0fe59ef688884fef4084d2e4
SERVER_TRAFFIC_SECRET_0 19a739f466690bd6d13a9b390df5dd6e0ddf92e5553c526531cd130aa9214377 59a30a5f085507890aab84bdcc70f0ae39d8ce5cb2d89d75fedad43e7b0a7b14
EXPORTER_SECRET 19a739f466690bd6d13a9b390df5dd6e0ddf92e5553c526531cd130aa9214377 7f96fd7f1722fa553958da3c5abd23cb13a0a0b60bc071f9127f694b35f8e460
CLIENT_HANDSHAKE_TRAFFIC_SECRET 52c163a2803a34fde4327e8cd30de7299b826731890237e97b5b01afb223ed85 eb16e22a7a4fd05f23e14f4109752246daf4f4ab2053dcc0d3be3453677f378c7647740e7b1e347562daf6cfa9fabea4
SERVER_HANDSHAKE_TRAFFIC_SECRET 52c163a2803a34fde4327e8cd30de7299b826731890237e97b5b01afb223ed85 bb7dfc2106c762f5c5c5f442ec14de588ec1251bd1397c80308e29d95474b3e0fc3b616064a11c098ee91a1a39ce8178
CLIENT_HANDSHAKE_TRAFFIC_SECRET 9ea5a71250d65a8301141f57d34365b6f86944b3fc741fce36a369f537f00b0d 6c10ed4e1ac96d37297a68bfb9054efae50fe02510a58355d85c91dff4dbd817b1caa5dbf9df6dd55b89db3ba9d6d342
SERVER_HANDSHAKE_TRAFFIC_SECRET 9ea5a71250d65a8301141f57d34365b6f86944b3fc741fce36a369f537f00b0d 784159ca548189c766ee7c135a0a34085df8abf24752ffef326780bd895d09190a48710b9a1c28aa8dd6a1a87b179835
CLIENT_TRAFFIC_SECRET_0 9ea5a71250d65a8301141f57d34365b6f86944b3fc741fce36a369f537f00b0d 70992cc2ac72950f15d456375b0c3a15573aa18b799f2f0dfe7d24607441d8233672b3398996b8d9de28b248901763ec
SERVER_TRAFFIC_SECRET_0 9ea5a71250d65a8301141f57d34365b6f86944b3fc741fce36a369f537f00b0d 7ac3d0856bda7c1abb77c580a5577ea20b4d1b94c34eb798e4863fddd59524f93194ab776943d0b0832ded4c361b9c64
EXPORTER_SECRET 9ea5a71250d65a8301141f57d34365b6f86944b3fc741fce36a369f537f00b0d d05500ffd275f5272caef33422fd36cce9c14ec8155d612b3bae4a977e09fb3a42fa69f7e5dc75bd98a2a029032402c8
CLIENT_TRAFFIC_SECRET_0 52c163a2803a34fde4327e8cd30de7299b826731890237e97b5b01afb223ed85 cf1eaa46693f45198119df81513562dd35304b614b82b2afe50cdcf4a7f285dca3429f82965a2f257b10cc9a8e64a8b6
SERVER_TRAFFIC_SECRET_0 52c163a2803a34fde4327e8cd30de7299b826731890237e97b5b01afb223ed85 d430c2da7e210a828aa94d626beaf8afcdd454f540502874461424cdde33a20710421b024b19c6dc88afb718bb4eb346
EXPORTER_SECRET 52c163a2803a34fde4327e8cd30de7299b826731890237e97b5b01afb223ed85 775a6424c39e1939a1e8eda6293e4a45b64da863c106b8439d6c5f6dd18da5f14a71406b54873d927c094c9d840cc507
CLIENT_RANDOM 36e557c6334ca6a6357be22fd0fe252ca6cc18d551de7d09896b298a433b2165 913b5fe4f0a2a3e71bd9432a30065bb3cfc6f2dd3a9892235ddad1d1a111023ba6e78e5239038b2cfbd5bf532e37af75
CLIENT_HANDSHAKE_TRAFFIC_SECRET b678cad6a2adfa73988818f80ad0e47ba456574680e7dfdbe70eadac520cf646 4b5c18ccf0fbfb8371000b4f74bc3753b8f24bbcb8d5a328506b9920bffb2acd
SERVER_HANDSHAKE_TRAFFIC_SECRET b678cad6a2adfa73988818f80ad0e47ba456574680e7dfdbe70eadac520cf646 199d26c22cf9b3860a136b51be2ae80f814728c67e2af973be7815f664e7698b
CLIENT_TRAFFIC_SECRET_0 b678cad6a2adfa73988818f80ad0e47ba456574680e7dfdbe70eadac520cf646 7cdb1c054c104c546dd83fbab9f8af646810ae6e53c1d900ba35edcdec0c7b82
SERVER_TRAFFIC_SECRET_0 b678cad6a2adfa73988818f80ad0e47ba456574680e7dfdbe70eadac520cf646 14f6ac81322583ece3b869f8403d8f9a6846c689c45520eaa42f88531fb6da20
EXPORTER_SECRET b678cad6a2adfa73988818f80ad0e47ba456574680e7dfdbe70eadac520cf646 5ec345f7f9b84701786090c1872c681847755dd3f2bd672d458e1f7ec4132461
CLIENT_HANDSHAKE_TRAFFIC_SECRET 80f096adbcfbff7f798b8949b9fc1966b216cb9cf0d9914f0ed245aee3c6c852 3e5fe294b8dcaaa0c5b60a527855cf01a401d787a506f6f74097835faad51112
SERVER_HANDSHAKE_TRAFFIC_SECRET 80f096adbcfbff7f798b8949b9fc1966b216cb9cf0d9914f0ed245aee3c6c852 82718c81b7544344ee4c537c199cf378ccb908700a4980b183d1aa5a16d45b24
CLIENT_TRAFFIC_SECRET_0 80f096adbcfbff7f798b8949b9fc1966b216cb9cf0d9914f0ed245aee3c6c852 ccbb74d6a47025c080a391a0952df8ea21912277b1f251aa8fd4585c5320f7bb
SERVER_TRAFFIC_SECRET_0 80f096adbcfbff7f798b8949b9fc1966b216cb9cf0d9914f0ed245aee3c6c852 e528d9dda8e2339a0400759499ea6d6dfeac16f6634587cdee7145397436f73d
EXPORTER_SECRET 80f096adbcfbff7f798b8949b9fc1966b216cb9cf0d9914f0ed245aee3c6c852 d30f4de38b6cce1216e84088170c13f30feb787b82ba4cbb746c76f7adb59469
CLIENT_HANDSHAKE_TRAFFIC_SECRET 445af4ccad79657d7d4fd774e74217e3563b489f79f716164fcc4086edc79f61 5f0824c82f156dedd988ef53664ca711bd40fcf86db88731c93ac978563ca632
SERVER_HANDSHAKE_TRAFFIC_SECRET 445af4ccad79657d7d4fd774e74217e3563b489f79f716164fcc4086edc79f61 12800def440791ea6b067bc0fe22454c06b903f620542b8309355942f0746758
CLIENT_TRAFFIC_SECRET_0 445af4ccad79657d7d4fd774e74217e3563b489f79f716164fcc4086edc79f61 83890077fc3ff64317f9d8c5f217e377cc746ed7b9f82caca6cfc0d5cf1288f9
SERVER_TRAFFIC_SECRET_0 445af4ccad79657d7d4fd774e74217e3563b489f79f716164fcc4086edc79f61 1f289805f9b9e3576f365c3a1eb94aabb5aa3d5a3971c06a3161a1cc7e6f9b61
EXPORTER_SECRET 445af4ccad79657d7d4fd774e74217e3563b489f79f716164fcc4086edc79f61 ffec29713cd4083ee5f703030d0d866f42363904de4d051badf27f79db41ebec
CLIENT_HANDSHAKE_TRAFFIC_SECRET d0d827765d21d6ffd2ab4e1c6e5432ee3f930d4e2f8b3864915848dcd628359b 530c6f87457081c9f5f12d2530b92cda5c446a0c44813558f1b0202fec9512e2
SERVER_HANDSHAKE_TRAFFIC_SECRET d0d827765d21d6ffd2ab4e1c6e5432ee3f930d4e2f8b3864915848dcd628359b 47035022546e4285400bf2edae3ff84e8201a50cfc14981392fe94af64fb41b9
CLIENT_TRAFFIC_SECRET_0 d0d827765d21d6ffd2ab4e1c6e5432ee3f930d4e2f8b3864915848dcd628359b f97b43d8038ffacd01dad43b2f8c08d81a9672d5463f84cede24e4bf8263c558
SERVER_TRAFFIC_SECRET_0 d0d827765d21d6ffd2ab4e1c6e5432ee3f930d4e2f8b3864915848dcd628359b f0bced2e44c30e7448fa424dcf2b0cc47905ac1f406dfe11ae5a383cbba1367c
EXPORTER_SECRET d0d827765d21d6ffd2ab4e1c6e5432ee3f930d4e2f8b3864915848dcd628359b 1b6eacaed2cffe4f72e2b60b548b02f21abbd75e897326345b26fd22662aa5d6
CLIENT_HANDSHAKE_TRAFFIC_SECRET aa7c7ee291eaee59b32e242bf84f6adac95c610200abc424de2e7094e16e3a3e b3a472b4bbc47f32084ad652b46cec31b1d6a6300ce40867090fc77d5e9912c8
SERVER_HANDSHAKE_TRAFFIC_SECRET aa7c7ee291eaee59b32e242bf84f6adac95c610200abc424de2e7094e16e3a3e 78355b90c8fba57f3bf5b38418e0be41bd4209928b6cd4a2a4aa7ca10de20928
CLIENT_TRAFFIC_SECRET_0 aa7c7ee291eaee59b32e242bf84f6adac95c610200abc424de2e7094e16e3a3e 2bd7df5df7c20bccd11ac3a21c3b57620e5b235eb5b249e0e17e5a77ffe2004b
SERVER_TRAFFIC_SECRET_0 aa7c7ee291eaee59b32e242bf84f6adac95c610200abc424de2e7094e16e3a3e 2e48a3e8d93476150e52c9f0d6bf8b072f1b52975718f58f13babcb3aac2817c
EXPORTER_SECRET aa7c7ee291eaee59b32e242bf84f6adac95c610200abc424de2e7094e16e3a3e 20e08794366d3bc0f45fce8de120efa3462d7ef9ba2f897aa90ef23a4345a838
CLIENT_HANDSHAKE_TRAFFIC_SECRET 6fada49bbe2004fa51ad7fab796ef1e5864a5e844f33c22ae7ae06f739b7b152 a03b0a5d267cc1ab0e72dced97fd1fd45e2acc948578c145540840eda0d9ec96
SERVER_HANDSHAKE_TRAFFIC_SECRET 6fada49bbe2004fa51ad7fab796ef1e5864a5e844f33c22ae7ae06f739b7b152 3e7e6e3dccdfab2180a3bdc04916bad1fb287406e96afbae9081f4749cba5c21
CLIENT_TRAFFIC_SECRET_0 6fada49bbe2004fa51ad7fab796ef1e5864a5e844f33c22ae7ae06f739b7b152 9468be33e6409e7df66da52eb12493bb6dc96f1892ca7c70b8863b6a7e7ed631
SERVER_TRAFFIC_SECRET_0 6fada49bbe2004fa51ad7fab796ef1e5864a5e844f33c22ae7ae06f739b7b152 7e6e2decfc53e25dbabac78eb35e3803a92581a806f0a890b785da0f4e3bc01c
EXPORTER_SECRET 6fada49bbe2004fa51ad7fab796ef1e5864a5e844f33c22ae7ae06f739b7b152 6cdf5f8d8b42ba2f97d10abb4a3be37197d99ebfbadca1139c41042ecee8b6bc
CLIENT_HANDSHAKE_TRAFFIC_SECRET 3bda1d5f13fc7a65de1af4e59ab9a9b02973b1c9074c8e7865f1a4e52f4c95ab b8ba3f6e3be6e5b1277db9e05b6747eb04cd4af0aeae7a92ae841e9f72a858d7
SERVER_HANDSHAKE_TRAFFIC_SECRET 3bda1d5f13fc7a65de1af4e59ab9a9b02973b1c9074c8e7865f1a4e52f4c95ab a9403f6beb1d68066dd9663935ef0683234c5f7ecdd3e7afd40008febaad3ff2
CLIENT_RANDOM c1d3c3fde0adb66e6c1661a4aeddc1119cb2f3f36997e349197b0ae4f83d44e1 ab7ed363559d4557e506a7bcf8ecc7b0b8722e8c0b6b37f271ef6585961a42137a856aea93abc4abe383be18e17398b2
CLIENT_TRAFFIC_SECRET_0 3bda1d5f13fc7a65de1af4e59ab9a9b02973b1c9074c8e7865f1a4e52f4c95ab 405c8df4ec35d45706144ef1e152d37adf200b9d25a419c7b93e897b1f863a43
SERVER_TRAFFIC_SECRET_0 3bda1d5f13fc7a65de1af4e59ab9a9b02973b1c9074c8e7865f1a4e52f4c95ab 1a9a880f04f36bb2ad85459526f7ec96e3e33abc94fb00470805b41bf6481210
EXPORTER_SECRET 3bda1d5f13fc7a65de1af4e59ab9a9b02973b1c9074c8e7865f1a4e52f4c95ab 7f135a4a6d5d90e3f0ded83bb072c6dfba29d3e31f5149a82e0b17ae3ad0ecf8
CLIENT_HANDSHAKE_TRAFFIC_SECRET c21000dc6f5848354d2daeaf03c9468835ba1527909f46f09239dd0233b2bf9d 5ec1abc2d222aa4254d2b3c79c8f8c8869988b400712718a8cef3414dae5aaca
SERVER_HANDSHAKE_TRAFFIC_SECRET c21000dc6f5848354d2daeaf03c9468835ba1527909f46f09239dd0233b2bf9d 112867f91a96bf79c8dd5fe41f9ea90687ba419ef8e81fb00e51e04c65f9d4b4
CLIENT_TRAFFIC_SECRET_0 c21000dc6f5848354d2daeaf03c9468835ba1527909f46f09239dd0233b2bf9d 919564fd2eff9ba41d9275a930af7d71ba9b45e3aadad7f6f2d5665e9239dcc4
SERVER_TRAFFIC_SECRET_0 c21000dc6f5848354d2daeaf03c9468835ba1527909f46f09239dd0233b2bf9d 725f1c9fe91ad5200e7945aa56431c94211f4fa674ad117b0c8ff30f7e1c4dec
EXPORTER_SECRET c21000dc6f5848354d2daeaf03c9468835ba1527909f46f09239dd0233b2bf9d d335cef7a6107ce155344cae0b6d198d00959207f4aae80172997d77f066a77d
CLIENT_HANDSHAKE_TRAFFIC_SECRET 28bb4b24c2bc44088c42eb601becb67d868fbc71be0b075f8f04629201973668 f8ea5f0db4fc61491c4f6755b8ccc87c7f646e80125aed411fb027d638c1b8a7
SERVER_HANDSHAKE_TRAFFIC_SECRET 28bb4b24c2bc44088c42eb601becb67d868fbc71be0b075f8f04629201973668 6d9348a020facd59e6bd74859a966a08f0055274f446a4d05e41b3372e690a65
CLIENT_TRAFFIC_SECRET_0 28bb4b24c2bc44088c42eb601becb67d868fbc71be0b075f8f04629201973668 9b39922f859e22402db67331224fc538b1dda4fb57282373be464c2651ae0715
SERVER_TRAFFIC_SECRET_0 28bb4b24c2bc44088c42eb601becb67d868fbc71be0b075f8f04629201973668 97cb45030b7704fa58842a226f52f2b6eede47c4de3139a213e7a97634c46723
EXPORTER_SECRET 28bb4b24c2bc44088c42eb601becb67d868fbc71be0b075f8f04629201973668 aeba4c2b3185b4f46a3d112a6162fed232352ec0a6e0102d765b746d20a767eb
CLIENT_RANDOM b939a6d9f4af3200ba866852d8d0ea5b7b431d5fe6a76c1d7c4df48d8063cb68 c417269d138805ec01bc30780cdea06169e78535d3945946633bade9b668aeef68ce46246636b1b96f7bb55010484840
CLIENT_HANDSHAKE_TRAFFIC_SECRET 8f28b5bb7030e1bf6fda6c987ec9a13b5498dff82eeaf34e3d29d84dc6487417 dda5785454fa93694c3a10ae809c279c2e25b16c7422ed76a9a72717c14ab0a1
SERVER_HANDSHAKE_TRAFFIC_SECRET 8f28b5bb7030e1bf6fda6c987ec9a13b5498dff82eeaf34e3d29d84dc6487417 89cacbec6133e9129fcdf060c11478e8fd8d91f5cf55d21c154f87fc6afc54b8
CLIENT_TRAFFIC_SECRET_0 8f28b5bb7030e1bf6fda6c987ec9a13b5498dff82eeaf34e3d29d84dc6487417 46932e4a36b17f5885ed977b714799bee4a26af1d9e802a87b53a1e9f202907b
SERVER_TRAFFIC_SECRET_0 8f28b5bb7030e1bf6fda6c987ec9a13b5498dff82eeaf34e3d29d84dc6487417 734248b4edecb02676298817ecd6857f305cab3f85caa11986773de0933cebbf
EXPORTER_SECRET 8f28b5bb7030e1bf6fda6c987ec9a13b5498dff82eeaf34e3d29d84dc6487417 678d420e38b9ce3006cf6c6346cf326b88dfd8a536baa4922079ef6e691e88d1
CLIENT_HANDSHAKE_TRAFFIC_SECRET 6b09f92ba467f192dc248c79889a50108762b5fa0c5fd750e8a0176cd839a8ad 1aa93048746c8f7ffd31e46679ae06c4d97ddb7c388f0f9ded6be3ed099ef6c4
SERVER_HANDSHAKE_TRAFFIC_SECRET 6b09f92ba467f192dc248c79889a50108762b5fa0c5fd750e8a0176cd839a8ad c498fc7848e5392c295164edc0b97df35afed409e830c53ced64e054fe24eb36
CLIENT_TRAFFIC_SECRET_0 6b09f92ba467f192dc248c79889a50108762b5fa0c5fd750e8a0176cd839a8ad 82a4204c79143af9e68014e4f214a2f7891cf51f263b62291aeff24e0f5c41d6
SERVER_TRAFFIC_SECRET_0 6b09f92ba467f192dc248c79889a50108762b5fa0c5fd750e8a0176cd839a8ad 6b045d1b19abe770cae60b549ff1460e63f6ff65b96375ce5d842cf6844001b3
EXPORTER_SECRET 6b09f92ba467f192dc248c79889a50108762b5fa0c5fd750e8a0176cd839a8ad ed6900061ad4908520dcf54793558a41edfe189a2bc3e43e2e31804a6d1cfb2c
CLIENT_HANDSHAKE_TRAFFIC_SECRET 76f90fe08519f466ce82c3f164499663c37127b28cfb7dfc17daed39b0618858 a3ce8709c999bb263ff7717c93d7b7f89399d6a1ca89b8dbfaab0325087d4a51
SERVER_HANDSHAKE_TRAFFIC_SECRET 76f90fe08519f466ce82c3f164499663c37127b28cfb7dfc17daed39b0618858 71f2de5d84c08bc36fc49711619a7d37cf489f647e4cf69a27e9ae866dbae5eb
CLIENT_TRAFFIC_SECRET_0 76f90fe08519f466ce82c3f164499663c37127b28cfb7dfc17daed39b0618858 5027e9a43f5620b8fe2b91723b2f2bf53a84c341be112c8dfb4471c3296828c4
SERVER_TRAFFIC_SECRET_0 76f90fe08519f466ce82c3f164499663c37127b28cfb7dfc17daed39b0618858 337e1bbe9d9deeccdc6cdccf33b08ec5fd48c82d00ff4da7bdaf281b19af1e63
EXPORTER_SECRET 76f90fe08519f466ce82c3f164499663c37127b28cfb7dfc17daed39b0618858 0d0ba6adea4fffac453e4a34a35e9b30d0daea3c32310c8aa34eb0359b6c624d
CLIENT_HANDSHAKE_TRAFFIC_SECRET da7614981c80f895fb3cd09295b4755b4f6d89308652b9aeeab9d4db5dd6beb0 2f61c7767e4a03dcd77583b80f3f72356381b910193896f141e99c4b78bb1441
SERVER_HANDSHAKE_TRAFFIC_SECRET da7614981c80f895fb3cd09295b4755b4f6d89308652b9aeeab9d4db5dd6beb0 980dc36da5e343eb7f470d32e7f365828cbfae3492ca417bf60008a58593181b
CLIENT_TRAFFIC_SECRET_0 da7614981c80f895fb3cd09295b4755b4f6d89308652b9aeeab9d4db5dd6beb0 93e966159eb541c6fef42b6968db1d86e3103e829d0976fa793d56587cb4f257
SERVER_TRAFFIC_SECRET_0 da7614981c80f895fb3cd09295b4755b4f6d89308652b9aeeab9d4db5dd6beb0 1b26fa0e36f88bd4825a6a12424cdf213db662180fbad774d934f8f07e557dd4
EXPORTER_SECRET da7614981c80f895fb3cd09295b4755b4f6d89308652b9aeeab9d4db5dd6beb0 b8ad4791dd0d04c48b8953f1e1d2ec9d9134e8e42a1d3ecffe031d133bc8f76c
CLIENT_HANDSHAKE_TRAFFIC_SECRET e6727197f687a85dec443b99fa499188fc93c7b1df05885b3429b791491e0b63 2c04295d2c2bfaaf4dacf060b329fef41a0228f27d31fa5c443f743f83cdec92
SERVER_HANDSHAKE_TRAFFIC_SECRET e6727197f687a85dec443b99fa499188fc93c7b1df05885b3429b791491e0b63 fe0918eb42383b092d000bdd9312820a3ba783f04430820c7827b4e40cb0518c
CLIENT_TRAFFIC_SECRET_0 e6727197f687a85dec443b99fa499188fc93c7b1df05885b3429b791491e0b63 4ae2e644a25de52395e82245a385ea54370c1bdaca568d7dbf0900dbcd631420
SERVER_TRAFFIC_SECRET_0 e6727197f687a85dec443b99fa499188fc93c7b1df05885b3429b791491e0b63 653ab33f32952fd065ecee2cd566c59232bdcc27ac58923808e51c71fbf6ef81
EXPORTER_SECRET e6727197f687a85dec443b99fa499188fc93c7b1df05885b3429b791491e0b63 705694f6a61c807aa37c865a7cdde4b00aac72a35ff232ba12a465c8f6a77217
CLIENT_HANDSHAKE_TRAFFIC_SECRET 16eb26a7f6b16bb086c6d9cb8b8329a8aff492f8f759bf8877b387c253ba5676 8230dbffa228780e2daab6d5f1649b1617bcc8d930a3429e86e8540daa4b6583
SERVER_HANDSHAKE_TRAFFIC_SECRET 16eb26a7f6b16bb086c6d9cb8b8329a8aff492f8f759bf8877b387c253ba5676 82cbfcdd1ee22033551ce52759ec24f400a380c35db08e3ed4f467636fd59ef7
CLIENT_TRAFFIC_SECRET_0 16eb26a7f6b16bb086c6d9cb8b8329a8aff492f8f759bf8877b387c253ba5676 5d3fc2712b7a47f61166b75b1519ac761cf522997fc8bd72a53dc7d075595b41
SERVER_TRAFFIC_SECRET_0 16eb26a7f6b16bb086c6d9cb8b8329a8aff492f8f759bf8877b387c253ba5676 afada5f757ea0f9cd26703307f9cb9870cdf01e446ba5de5dea73ab3de887291
EXPORTER_SECRET 16eb26a7f6b16bb086c6d9cb8b8329a8aff492f8f759bf8877b387c253ba5676 ee73a97311568c115c6ef788c4eb1db083960fedda3a47d19323bfa879e192a9
CLIENT_HANDSHAKE_TRAFFIC_SECRET a4ee45363409ecc49b907960ed2e1b7e3b30230257fb50b915bf528bd17726ae 53772e19c46b3845b8da5475f2415a58fa6db0b983af5a042a53aa709f847a52
SERVER_HANDSHAKE_TRAFFIC_SECRET a4ee45363409ecc49b907960ed2e1b7e3b30230257fb50b915bf528bd17726ae 110b8803c28060da6f0dae085f428292b58f3c27266b80115a16409743d4e240
CLIENT_HANDSHAKE_TRAFFIC_SECRET 9b3f584b275268876900550c05462441d457f279054617e0eb8117610144f990 310f1b6ef705776ff61702a6c4da9cce1f195146bcf8596783e2b29b0b5f5937
SERVER_HANDSHAKE_TRAFFIC_SECRET 9b3f584b275268876900550c05462441d457f279054617e0eb8117610144f990 9cb425636437be12df87d30d2b73e01ad0c36e17859b9ff31ff88bf3a5f94f23
CLIENT_TRAFFIC_SECRET_0 a4ee45363409ecc49b907960ed2e1b7e3b30230257fb50b915bf528bd17726ae 17356fd4b8f44395bac7558005e7e66462ddf5fe7bc184ac200491a901b11d4c
SERVER_TRAFFIC_SECRET_0 a4ee45363409ecc49b907960ed2e1b7e3b30230257fb50b915bf528bd17726ae bb5b791f63d66528bc156649c0c656b2892d6ececd0df9495fe96dfdb19b5cb8
EXPORTER_SECRET a4ee45363409ecc49b907960ed2e1b7e3b30230257fb50b915bf528bd17726ae aa996682c24191bd850abec8b8a6e33f3ba9e1cf027516be02870d0bbef752dc
CLIENT_TRAFFIC_SECRET_0 9b3f584b275268876900550c05462441d457f279054617e0eb8117610144f990 9b706edcce3fc31484acadc59326948c874445878380145583aef9c583ccc731
SERVER_TRAFFIC_SECRET_0 9b3f584b275268876900550c05462441d457f279054617e0eb8117610144f990 f04a6c8c852b010a2f5bf642dec90fe0ed691b8c968e2ce32815dabb1d527982
EXPORTER_SECRET 9b3f584b275268876900550c05462441d457f279054617e0eb8117610144f990 c156cdc507d0910f1aaa3f480c9cd1a449a51adae2b2b425441869156ae3059b
CLIENT_HANDSHAKE_TRAFFIC_SECRET e39e1a209d5500eddcf5ecb746fea1a9528beec80316df9024c32d3502e3912f 6b5d790d4b5f35cdb85ddbbc71096fdfd4cf813252e888a08c59d101f6e6bda2
SERVER_HANDSHAKE_TRAFFIC_SECRET e39e1a209d5500eddcf5ecb746fea1a9528beec80316df9024c32d3502e3912f 675186594509cfb6ea662a2d975a135c2968431582902e1f9a38ca7f6f6198dc
CLIENT_TRAFFIC_SECRET_0 e39e1a209d5500eddcf5ecb746fea1a9528beec80316df9024c32d3502e3912f d3aab96d5249fa228469afff8123ab81b2c0b95a5b9b5b51e7e5c378f3a70852
SERVER_TRAFFIC_SECRET_0 e39e1a209d5500eddcf5ecb746fea1a9528beec80316df9024c32d3502e3912f 80c3554bed115cbd4093f01e320ae8cc02d32681c4d10934030c240d7a102e64
EXPORTER_SECRET e39e1a209d5500eddcf5ecb746fea1a9528beec80316df9024c32d3502e3912f e4c7a44224b6c7e30e2c2929794a4e98a29458f31ef4e0ef77eaeffa297a105c
CLIENT_HANDSHAKE_TRAFFIC_SECRET f884b18c81ebe4b20eeb0b033269feabe6a70290aa61f2072ead5feab2cb7a1d 34571237310afc3b5b002e1bc5fc2c1c397f9b757333661735a12b435d550ad9
SERVER_HANDSHAKE_TRAFFIC_SECRET f884b18c81ebe4b20eeb0b033269feabe6a70290aa61f2072ead5feab2cb7a1d a3c2005a26fec06fd9a06b5636f8c0104923897e6bc8652d2504db31cd2b9f8c
CLIENT_TRAFFIC_SECRET_0 f884b18c81ebe4b20eeb0b033269feabe6a70290aa61f2072ead5feab2cb7a1d 798b0794138afb2813904ddd3b431f6c222393264f1b502affc76e44130ac0f3
SERVER_TRAFFIC_SECRET_0 f884b18c81ebe4b20eeb0b033269feabe6a70290aa61f2072ead5feab2cb7a1d 1daf80331cb253d31422c7d5b1465b562141bd78c02df268c6890aad7f98182d
EXPORTER_SECRET f884b18c81ebe4b20eeb0b033269feabe6a70290aa61f2072ead5feab2cb7a1d 7c6cf8345d49a3a73b7aa35676049a16592bfd1a0d1f59f631ee220f71f32382
CLIENT_HANDSHAKE_TRAFFIC_SECRET 6f46e885dbc09a0ff35eb0102fd516a365a66ab2af86bc304d5ee18508710ac3 d356ac6742d33cfdfb3e02d9929bea624c32d066a95197a9935d35d9e10f24e8
SERVER_HANDSHAKE_TRAFFIC_SECRET 6f46e885dbc09a0ff35eb0102fd516a365a66ab2af86bc304d5ee18508710ac3 f8dae43267480418a1d8f2fd526eec204de1d14f9cc54d982811cee0ee87c02c
CLIENT_TRAFFIC_SECRET_0 6f46e885dbc09a0ff35eb0102fd516a365a66ab2af86bc304d5ee18508710ac3 31201e0c5ecc38048ac9842a2589c13aa2f3571cccaeb91798380f740d54cea9
SERVER_TRAFFIC_SECRET_0 6f46e885dbc09a0ff35eb0102fd516a365a66ab2af86bc304d5ee18508710ac3 7b51f98d03ff8919c01234126596740ac33d9b2dbb1b4f183c1fe10bd35847cc
EXPORTER_SECRET 6f46e885dbc09a0ff35eb0102fd516a365a66ab2af86bc304d5ee18508710ac3 0607b8c1ecc42ebdafcfd5f332e923a9b0bbcad618e151dc80c68615bb21aed4
CLIENT_HANDSHAKE_TRAFFIC_SECRET 92303316ce5c6b92ad5cbc1532dc0166323bab64b4ba26ed83e94faf7b079d2d 4508099c9e565c6c2aec7022fea55f7b9e42a4edd045d59885457aba91fedb13
SERVER_HANDSHAKE_TRAFFIC_SECRET 92303316ce5c6b92ad5cbc1532dc0166323bab64b4ba26ed83e94faf7b079d2d 9d7bf1ad6fe2b623b4490e9541c4fcd301dded1474b58d328bfa8871d7da90a1
CLIENT_TRAFFIC_SECRET_0 92303316ce5c6b92ad5cbc1532dc0166323bab64b4ba26ed83e94faf7b079d2d ec952d27e98756059db317c5c459916219442ab3412a0ebc872afab8262be5cf
SERVER_TRAFFIC_SECRET_0 92303316ce5c6b92ad5cbc1532dc0166323bab64b4ba26ed83e94faf7b079d2d 3ca086051ef0e97c9f87ce8d7e977920b181e060522afdf61ac5bbb32ec7cf36
EXPORTER_SECRET 92303316ce5c6b92ad5cbc1532dc0166323bab64b4ba26ed83e94faf7b079d2d cb53abdcc2dd32c51fcc9e9a2f8f9e4c2438e865cbe26ad42f435779629e76a3
CLIENT_RANDOM 4d8179eae4500c97288e86b299e59010890b398b13a4e7727a7463a38578338d 8f6327dd154beb88988830d5a32cfca18abd608d680d89f2762f7fd4fe862c7a805aefabecc2ec5c47083cc4a92887c3
CLIENT_RANDOM b7e4a5f06556efc51cbdd14b38a62c603e6511cb79af6626473a696136b846f8 bdd324ddf22c30aca8d3c84ff864b1aefa6ba3723f6b89b8c189194190caf9ee4bc845d20cd83acfc5cd545ed657dda2
CLIENT_HANDSHAKE_TRAFFIC_SECRET 45424c8962deaa21e1c181de9e5e2e4cf5413c655336e7bbe9ddea067ca0d508 af6cd2f6b6677e2f611a9c369826f09717870b6697ffb46875667f619bf18f5f
SERVER_HANDSHAKE_TRAFFIC_SECRET 45424c8962deaa21e1c181de9e5e2e4cf5413c655336e7bbe9ddea067ca0d508 c759674ba2af90981fccdfb269526ffd08869c5fba7ce20adc93f645bab345e5
CLIENT_TRAFFIC_SECRET_0 45424c8962deaa21e1c181de9e5e2e4cf5413c655336e7bbe9ddea067ca0d508 7b6245f45d59ed52267155e9c10b51ef3daa328e2ac3014984967087af7b3292
SERVER_TRAFFIC_SECRET_0 45424c8962deaa21e1c181de9e5e2e4cf5413c655336e7bbe9ddea067ca0d508 32e50ef03c5e4d248aa2c8a110ed11cb0f40291b530ea32411b0e043f906cd18
EXPORTER_SECRET 45424c8962deaa21e1c181de9e5e2e4cf5413c655336e7bbe9ddea067ca0d508 f7b629e2500aba2ea0a99c2455563cee1854207e112ca2dcd09f2ce371538143
CLIENT_RANDOM 25b6607bcc456a4a90fb2b9e766829724e66a71382d48fcb7481f27357bd8df1 c417269d138805ec01bc30780cdea06169e78535d3945946633bade9b668aeef68ce46246636b1b96f7bb55010484840
CLIENT_HANDSHAKE_TRAFFIC_SECRET bf54d99e24b591c0b13df75dc118a3dfa3f0f161366887279e1b430f70fc64c3 f9737a49c3a5a0efda4d24570456d26b90b50c1d9d239ed404a755f08a77ec5b
SERVER_HANDSHAKE_TRAFFIC_SECRET bf54d99e24b591c0b13df75dc118a3dfa3f0f161366887279e1b430f70fc64c3 786ab25304567603a7764245b71badd7d7d1e923f5ca4d5dca4c841b73456090
CLIENT_TRAFFIC_SECRET_0 bf54d99e24b591c0b13df75dc118a3dfa3f0f161366887279e1b430f70fc64c3 5e1ec80ec1a245a547ec9c8a2314fc1ed8266ddee4811ac1ca8d4eb9e560b2ea
SERVER_TRAFFIC_SECRET_0 bf54d99e24b591c0b13df75dc118a3dfa3f0f161366887279e1b430f70fc64c3 44e9d1af8f6491666a94b95ee85ad54b5fb171afa4e50b2c742c7ae435f508a5
EXPORTER_SECRET bf54d99e24b591c0b13df75dc118a3dfa3f0f161366887279e1b430f70fc64c3 e882b86318076a70e7ac30bffaf1d7081327bb7d17435aecdc7c0eb6bb6d76fb
CLIENT_RANDOM 8f0826eff383a073519635f3936e220348f68ec5ff4d3f97a0c13f06259d7714 25252311463ec22dee3aaac914d87e92f66f3b7f310d9bf0db3c28330bc300fe7709ffc2d6f611b62414653443bd1b17
