CLIENT_RANDOM a1a70b012ed78e93c75a1a41840c91fe1f442ecba16026286ddbce5b7dc0ae76 7e9ed50bf8c9bc146d110cf5292cd88ab0962bab5d26a2744da5fc37da18cfe18c5b54914362b4047a5f302314490fad
CLIENT_RANDOM 7b228a2a60a6de883bbd3582b06d9f3c8553ba9c00678a5b8a768384ff938da1 6b3567ad2a5e33ea594d2f10809f9ea67665b674d2aa9e74e5786f2cf9416dcb972f80363565330ba985ca729f7410a6
CLIENT_HANDSHAKE_TRAFFIC_SECRET fc203535936d1a81d1c31ba7fc90c68cd8334511e79f85cccb27df8f515fd43a 73fc8975854a2f94271a8fdbf6c0a576358fe484cd2b6e93b31967399de36d9f
SERVER_HANDSHAKE_TRAFFIC_SECRET fc203535936d1a81d1c31ba7fc90c68cd8334511e79f85cccb27df8f515fd43a 049ff25ef38e9861b99ad9ca469d742f7768a9108b5499533bb71f4a71056cce
CLIENT_HANDSHAKE_TRAFFIC_SECRET c2cd29be22bf8c1d4ed28c0aeb1ac741f37cc9049fb64663e6b99864b0abe539 bda4b6f73e1e4f51d566553bb132dc433d8af5a7a1ef135c3bff5e6dd0d4ffb3
SERVER_HANDSHAKE_TRAFFIC_SECRET c2cd29be22bf8c1d4ed28c0aeb1ac741f37cc9049fb64663e6b99864b0abe539 ab00b82214e55ddaeb4e3853af4ba505375a94d4734eac4bef7c665db2260f0f
CLIENT_HANDSHAKE_TRAFFIC_SECRET d8026456716a674f089e82a586f0b2764441b43c05bfc017bbcdc2fc22d7960e 347b01c9d20881ebc1761f85576cce709a956553c7022d18bd177f9ed16df2e6
SERVER_HANDSHAKE_TRAFFIC_SECRET d8026456716a674f089e82a586f0b2764441b43c05bfc017bbcdc2fc22d7960e eb58a08fe7545f0323cb7a2e912abdfbceb04d9c6db2981ee8d22580bd99bff3
CLIENT_HANDSHAKE_TRAFFIC_SECRET 3a6aee3254795e485cc86eeff6aa4cfdd8592c0898963f3c28fc1dc33e4c9675 16c7a4217e660f783f6ed70cfd09727c0435ed3c6e909bc868e6c6613bbe14a4
SERVER_HANDSHAKE_TRAFFIC_SECRET 3a6aee3254795e485cc86eeff6aa4cfdd8592c0898963f3c28fc1dc33e4c9675 7caba3074eb473a6360b76843a9f930abe5442b8305674c957da897b68a05275
CLIENT_TRAFFIC_SECRET_0 fc203535936d1a81d1c31ba7fc90c68cd8334511e79f85cccb27df8f515fd43a 3ccee9e116431a28ddf71fabae435fa73bf9fe4e43150aefb050b672ba83245d
SERVER_TRAFFIC_SECRET_0 fc203535936d1a81d1c31ba7fc90c68cd8334511e79f85cccb27df8f515fd43a e3eab2fb8bbb1eadfaa9915aadd4a102103e14eff6005e02a8450a0c7f4d3f93
EXPORTER_SECRET fc203535936d1a81d1c31ba7fc90c68cd8334511e79f85cccb27df8f515fd43a e2d0c23547afb22730228963d0570262fe585f82395c4a81b60d432e9ff3a33c
CLIENT_TRAFFIC_SECRET_0 c2cd29be22bf8c1d4ed28c0aeb1ac741f37cc9049fb64663e6b99864b0abe539 b0654f8c7cab79a496e9c383b8be6b4138eafed5714bb104d927f8097c108d3f
SERVER_TRAFFIC_SECRET_0 c2cd29be22bf8c1d4ed28c0aeb1ac741f37cc9049fb64663e6b99864b0abe539 634809a29ee1825b204344347b47a3ec1711b08b59cdbad0a8e95d80db8c97c7
EXPORTER_SECRET c2cd29be22bf8c1d4ed28c0aeb1ac741f37cc9049fb64663e6b99864b0abe539 c35e99fca4559bd48b076c75fd9932c6a9a16b269107203bd7ace163e8b1938b
CLIENT_TRAFFIC_SECRET_0 d8026456716a674f089e82a586f0b2764441b43c05bfc017bbcdc2fc22d7960e 0b9c1e322fb001d36976b2f21f5bc2f678edb9c7ffea77217608af2117fabe19
SERVER_TRAFFIC_SECRET_0 d8026456716a674f089e82a586f0b2764441b43c05bfc017bbcdc2fc22d7960e 869c8532e9fd5037e98c797942a1f31020824db9cf652b912d578936ab54b6cf
EXPORTER_SECRET d8026456716a674f089e82a586f0b2764441b43c05bfc017bbcdc2fc22d7960e 687420da2a879c9be1d14fc3afee09affcc9826cf27f31b2ea61d97caece3c43
CLIENT_TRAFFIC_SECRET_0 3a6aee3254795e485cc86eeff6aa4cfdd8592c0898963f3c28fc1dc33e4c9675 ea9035bb2c085451d7dcaa0e177a440b55d6f28375b274a914f8138292ca513b
SERVER_TRAFFIC_SECRET_0 3a6aee3254795e485cc86eeff6aa4cfdd8592c0898963f3c28fc1dc33e4c9675 d8ecca08c4a0a549515b03aef23424521384368909b57683f3324bc58b56bcbd
EXPORTER_SECRET 3a6aee3254795e485cc86eeff6aa4cfdd8592c0898963f3c28fc1dc33e4c9675 11757db13e7c440a7df140f5ab99d2be0b4a873c1785755c6b5482f4de6f0897
CLIENT_HANDSHAKE_TRAFFIC_SECRET 221120a4afd5ec5b4dcfd70e4ff6479b34f1462f50f0c7d9231cc634eb79b636 50e22cd382de5b9cdb393faf59db28a227eb4a4682f22089e7f0d1ebce7fd26d
SERVER_HANDSHAKE_TRAFFIC_SECRET 221120a4afd5ec5b4dcfd70e4ff6479b34f1462f50f0c7d9231cc634eb79b636 b4f3ed2a6c4fd794198a2b003fe307d8b3af585bc8de039603f95c204b33e054
CLIENT_TRAFFIC_SECRET_0 221120a4afd5ec5b4dcfd70e4ff6479b34f1462f50f0c7d9231cc634eb79b636 4ab27345c5ea94e4c4161628265d2b3d1d7585d15c6a73fe375dae43cf9eca07
SERVER_TRAFFIC_SECRET_0 221120a4afd5ec5b4dcfd70e4ff6479b34f1462f50f0c7d9231cc634eb79b636 10d3c946996b586c3602f84e102f94f94378a07520d1364d9230400755d0df72
EXPORTER_SECRET 221120a4afd5ec5b4dcfd70e4ff6479b34f1462f50f0c7d9231cc634eb79b636 0fd547c5a22a935abd90aae52d0754b1bc80bcde263c8eb0390cf1d415fca414
CLIENT_HANDSHAKE_TRAFFIC_SECRET f6d787bcc88c52f9a69dc446b773f22affe3e94668320cd8d276cf9fa6f2ba25 47d22d96e3f05a44ebc29904bfe2e5c628de2a061c61c0a2bcdfa1ba0f22f77d928d249c8490d6835b165643ecd6f331
SERVER_HANDSHAKE_TRAFFIC_SECRET f6d787bcc88c52f9a69dc446b773f22affe3e94668320cd8d276cf9fa6f2ba25 9c5ab4ecff481123b2ea20e5f807d5d5a9e705e7ec9a92cf932ad190ce3e8234c619277b4c4e37e004dd76aac436acdb
CLIENT_TRAFFIC_SECRET_0 f6d787bcc88c52f9a69dc446b773f22affe3e94668320cd8d276cf9fa6f2ba25 fe69e7e17d321fcc5677da3f41d64fb701c1cbd29670b6233a50848b6f72af408fd10274f7cb8ead348b7517d2f9708c
SERVER_TRAFFIC_SECRET_0 f6d787bcc88c52f9a69dc446b773f22affe3e94668320cd8d276cf9fa6f2ba25 7e87012e661322c38cf5e9736eb0de4ebcd53b1455005c3a593d876a3db3cc19887b0053ab95361d3574bc09962eab23
EXPORTER_SECRET f6d787bcc88c52f9a69dc446b773f22affe3e94668320cd8d276cf9fa6f2ba25 331abbcbc4d6fcf1f09673c22dca3c67ee56c3cfc7476a93d9dfced25ab665c2c2b39fbc2768a91786c8db85fb68dd58
CLIENT_HANDSHAKE_TRAFFIC_SECRET 748fc79100e9d03535daef76f752515afe3b31e3bef85e9822647daa17529277 8b49da7f9d6cb0a0201817acbd0ffb948d20cfd3c6cad43bdf9038dbdfe8d90b
SERVER_HANDSHAKE_TRAFFIC_SECRET 748fc79100e9d03535daef76f752515afe3b31e3bef85e9822647daa17529277 6c9995fd7c494377d321cf33c3644b1e833330778a32ac364d34eb3d2d11c5a1
CLIENT_TRAFFIC_SECRET_0 748fc79100e9d03535daef76f752515afe3b31e3bef85e9822647daa17529277 71b589aac9399a46df0e04cb6bbf0bedbde22dff925a7c6f7146c7d749ea42ab
SERVER_TRAFFIC_SECRET_0 748fc79100e9d03535daef76f752515afe3b31e3bef85e9822647daa17529277 c8cab5cbb204bebf5232bb52cacca3c86876a6665cee226c9db1786c2cd11bec
EXPORTER_SECRET 748fc79100e9d03535daef76f752515afe3b31e3bef85e9822647daa17529277 85c2e583f810a22c8b593bdc9a1bcaa4e1f871260efe66a235487cdede22413b
CLIENT_HANDSHAKE_TRAFFIC_SECRET 7be03925e80d72e3e4066737bfb6055bd9729d94c374e89c8e0cd175ace9157b 04ffbb81029f2f7c2f94248a0e3acbd27fc856e2fc8886d63a3c4f0a4728faa3
SERVER_HANDSHAKE_TRAFFIC_SECRET 7be03925e80d72e3e4066737bfb6055bd9729d94c374e89c8e0cd175ace9157b b05590284028087d5deee723e2a11e6af5a7fec6201a3dd0d112f7762e1baa9f
CLIENT_TRAFFIC_SECRET_0 7be03925e80d72e3e4066737bfb6055bd9729d94c374e89c8e0cd175ace9157b 51a09e5fec1572900af2b43b7b6d2153088dd600055b584897373333f06c5818
SERVER_TRAFFIC_SECRET_0 7be03925e80d72e3e4066737bfb6055bd9729d94c374e89c8e0cd175ace9157b 18eece76002732aac6794d8d834280b031408752a332939f469dde04e344d686
EXPORTER_SECRET 7be03925e80d72e3e4066737bfb6055bd9729d94c374e89c8e0cd175ace9157b 0d12dbfe4c616798cc4a8add13e53f7f5d7ebd0b36dc17855a9dbc66ff67ed8c
CLIENT_HANDSHAKE_TRAFFIC_SECRET f52cad9e1bb3cc0fb6539265fb6c3ba1ffd4f978679099173fb1093a840f2de1 c4a9114b3aaf5a2c91a1293902a51d7719e9f206acf0b5eb375e0f86d4dfafeb
SERVER_HANDSHAKE_TRAFFIC_SECRET f52cad9e1bb3cc0fb6539265fb6c3ba1ffd4f978679099173fb1093a840f2de1 b332071b518e8e2938dcf6e3e4b4c0ed537374bef3cb3e9ed5c1700d2c1ce50a
CLIENT_TRAFFIC_SECRET_0 f52cad9e1bb3cc0fb6539265fb6c3ba1ffd4f978679099173fb1093a840f2de1 2287e082b745d060132eccd519019d58aa4d57c8ef0af9e803dc642c2454cd17
SERVER_TRAFFIC_SECRET_0 f52cad9e1bb3cc0fb6539265fb6c3ba1ffd4f978679099173fb1093a840f2de1 d762c5c07bef020f01eb3aab4e5f8056286ea866f62f4c9731a8be83fd5fe060
EXPORTER_SECRET f52cad9e1bb3cc0fb6539265fb6c3ba1ffd4f978679099173fb1093a840f2de1 c2423a10f8443257c2a95865ebcfc14997112dc87e7dd1fe783e274701a5fa7a
CLIENT_HANDSHAKE_TRAFFIC_SECRET ca307edef75f00081222a9b401ea5d969c7cbc47306808998c27b37225d3cbbe 8263ca0b84ff472596a4782e593f292dd3eaf0eb9a6531b1313aec37f5817139
SERVER_HANDSHAKE_TRAFFIC_SECRET ca307edef75f00081222a9b401ea5d969c7cbc47306808998c27b37225d3cbbe a6e97d1ba4991f75c88752338721d507280b1c27f54bac80b461b918ad8c58c9
CLIENT_HANDSHAKE_TRAFFIC_SECRET 9c9ab2af6ca9af8be91983371969a1fc6c0620cd007f8f471802c265e8323cb7 9bdb58575a9013830bf78a149110210815ac194e35c14cab3a81733155849004
SERVER_HANDSHAKE_TRAFFIC_SECRET 9c9ab2af6ca9af8be91983371969a1fc6c0620cd007f8f471802c265e8323cb7 9bc22c2ba348e55247bdca82f937ee25f0445278b12d6082b7f011e40e458682
CLIENT_HANDSHAKE_TRAFFIC_SECRET c0d1703a04f562777bc1a349bad549179f2e52bfb27c77685dc21c23512afbe8 2e7cbd8f6ba51ee0ebb1893ed52b6f6e56e0c979907046d5537daaba12004c1a
SERVER_HANDSHAKE_TRAFFIC_SECRET c0d1703a04f562777bc1a349bad549179f2e52bfb27c77685dc21c23512afbe8 660e01eded682e2277795f297df580540718d5b1241515a2f114c99ef380aa88
CLIENT_TRAFFIC_SECRET_0 ca307edef75f00081222a9b401ea5d969c7cbc47306808998c27b37225d3cbbe b176214c505cde196e5c970fff8315e33a5ba7c69cbdaad7896b08b3b7c54b3a
SERVER_TRAFFIC_SECRET_0 ca307edef75f00081222a9b401ea5d969c7cbc47306808998c27b37225d3cbbe daddffe3fe5f968dea6da4d4457021dd23b29a090e9cae524b1d3ebe5e92582b
EXPORTER_SECRET ca307edef75f00081222a9b401ea5d969c7cbc47306808998c27b37225d3cbbe 2cf502e8ddd6e822d22f5796d5720973184fe9f0c2c82cd10c10cfa7a57b2da9
CLIENT_TRAFFIC_SECRET_0 9c9ab2af6ca9af8be91983371969a1fc6c0620cd007f8f471802c265e8323cb7 af5753e64710616094a1b767825ac82c8ec07f6c7a6b02fe3001e646e133da9b
SERVER_TRAFFIC_SECRET_0 9c9ab2af6ca9af8be91983371969a1fc6c0620cd007f8f471802c265e8323cb7 f0900de1460c5c1660af4fcefaab0613d8de82ec7bf1bfa63ab9e3c0b5de2c3b
EXPORTER_SECRET 9c9ab2af6ca9af8be91983371969a1fc6c0620cd007f8f471802c265e8323cb7 6b7b0f510ecd4c5fefd35292522bf612c018f92453761d4a39cd6935fafabd4e
CLIENT_TRAFFIC_SECRET_0 c0d1703a04f562777bc1a349bad549179f2e52bfb27c77685dc21c23512afbe8 56edfe99aa1453ca9e7d9662d30f6a30a0d6c49e55b5a7046695d0b36d09f7e7
SERVER_TRAFFIC_SECRET_0 c0d1703a04f562777bc1a349bad549179f2e52bfb27c77685dc21c23512afbe8 556a3f34d3bda1af9362f10859b3ea4780a485601a83cabef6867a1c5b9529cd
EXPORTER_SECRET c0d1703a04f562777bc1a349bad549179f2e52bfb27c77685dc21c23512afbe8 21de4f4906815f5b7fb90e437bf96b8aa550cfa78e35fc8dc2419a2e5d1a76f9
CLIENT_HANDSHAKE_TRAFFIC_SECRET 89de59d2b51fe234a6b0d8ad6e1e83745c2bfc0895d7555c6d76ee2696d5f040 108f31aa94c58cb8aeed269a538ee4d7d2ed661bd6ac096fece8d3e3221346ed795786bd6ebc872e8f1f73e532b95fcf
SERVER_HANDSHAKE_TRAFFIC_SECRET 89de59d2b51fe234a6b0d8ad6e1e83745c2bfc0895d7555c6d76ee2696d5f040 8c60cf9067d8d74e393fb18b7b0db68eeacba549a5d742643cc50a5a7e52be57b5d28419a85972c6209d197b926b1403
CLIENT_TRAFFIC_SECRET_0 89de59d2b51fe234a6b0d8ad6e1e83745c2bfc0895d7555c6d76ee2696d5f040 42607ff1361a80e3b3eb37a28df2f68b4eb2865141fc26f4a4d4f85862c362d4eb82a7c4e32893688b208e9029a939d9
SERVER_TRAFFIC_SECRET_0 89de59d2b51fe234a6b0d8ad6e1e83745c2bfc0895d7555c6d76ee2696d5f040 3ad25a25cc1643f5a0e19ff09d4e9d34d5aee3f23b633ff20be47c49dce6fd544dcf9af62260b649fe591b2f13ef6468
EXPORTER_SECRET 89de59d2b51fe234a6b0d8ad6e1e83745c2bfc0895d7555c6d76ee2696d5f040 7d66457ebfee328cfc17167f816678b6abf40f7c264adc5fa7e6960be5f035a8b0d0ac4a1a5771f39ffd15978fa999c6
CLIENT_HANDSHAKE_TRAFFIC_SECRET a7878c1722d5f12ec2a1745dc041f3c6bed12935f6a34d67aecad5dd4992396f da8add0ec559d075727f505bcf345c62d60d29f0068dabb291df3393823e5c48
SERVER_HANDSHAKE_TRAFFIC_SECRET a7878c1722d5f12ec2a1745dc041f3c6bed12935f6a34d67aecad5dd4992396f 9aa0d3e3ee220c2eac8e5e20ee8dec0ccbf5d2b67b23ab2056880470667fd58a
CLIENT_TRAFFIC_SECRET_0 a7878c1722d5f12ec2a1745dc041f3c6bed12935f6a34d67aecad5dd4992396f 469acac48f39a8d10e5777b3a8ea7d933ecbbefe49de6469dfa14f0d428e8371
SERVER_TRAFFIC_SECRET_0 a7878c1722d5f12ec2a1745dc041f3c6bed12935f6a34d67aecad5dd4992396f a542ae2a01a4e4d53e7126569b121d427835bef6f0e78ae2705eed90a321d752
EXPORTER_SECRET a7878c1722d5f12ec2a1745dc041f3c6bed12935f6a34d67aecad5dd4992396f 1654497d5b2f36a57cd49a3ec61738a71363e6804de23396a63c1ccbfc7dc47f
CLIENT_HANDSHAKE_TRAFFIC_SECRET a664328893346c56f611cb978400886e3c02a6c382b590aa87e24d75fc2d5bde 8df74674996be9f396cc87d8682be89dba569ff3630fa5f1948f19481060f55c
SERVER_HANDSHAKE_TRAFFIC_SECRET a664328893346c56f611cb978400886e3c02a6c382b590aa87e24d75fc2d5bde 2d8a402c96a7f035d44449d89500863522f16548cb86e599fb48d628804c8fa0
CLIENT_TRAFFIC_SECRET_0 a664328893346c56f611cb978400886e3c02a6c382b590aa87e24d75fc2d5bde 28358fa06648428b08c30534c01246288a0f19fb63a6b713aa1287203cd97bfa
SERVER_TRAFFIC_SECRET_0 a664328893346c56f611cb978400886e3c02a6c382b590aa87e24d75fc2d5bde f5ed25bcb08428797929c42b0d80dbdf410cdfce4b9a6fc477b25eb1803e68e5
EXPORTER_SECRET a664328893346c56f611cb978400886e3c02a6c382b590aa87e24d75fc2d5bde 9147f5e3bbbf4628dae1e5cfe817b322d8c16c9ba2acd4fed1076e2a80f28c2b
CLIENT_HANDSHAKE_TRAFFIC_SECRET e679d7d49f78a2660d094a561b0ea99e16580b267a79704f29c07125f5d53d0e f65f9c18dd4910d6fcfb7682fc99dfa5b55680d004c2e0f294d687509cd305de
SERVER_HANDSHAKE_TRAFFIC_SECRET e679d7d49f78a2660d094a561b0ea99e16580b267a79704f29c07125f5d53d0e 514bf066e27280a4968fe7cdb10c2602b2fc4ec940f158232fb099a189ae5e7e
CLIENT_TRAFFIC_SECRET_0 e679d7d49f78a2660d094a561b0ea99e16580b267a79704f29c07125f5d53d0e 5468ab3c3619418b024208469cdcad230dd37332485d672fa9cc2676c6e66eb3
SERVER_TRAFFIC_SECRET_0 e679d7d49f78a2660d094a561b0ea99e16580b267a79704f29c07125f5d53d0e 0fb5e101b0bc1c997da8a86f0848ccd396bdead8465b3ca05b986251062dec80
EXPORTER_SECRET e679d7d49f78a2660d094a561b0ea99e16580b267a79704f29c07125f5d53d0e d82426fea0d806706f9beefe4c59def6b8705d64e5ca8558a1145ee13b1d1caf
CLIENT_HANDSHAKE_TRAFFIC_SECRET 01fdf83c0a29cf55bdbecb5ca4015f74a8b16c5e64ee85c3e57e5a42dac75b9b d1c8cd6c642f4f46c7d2405ff1db8ff56678c13d35a71265434751a0e8d59dfe
SERVER_HANDSHAKE_TRAFFIC_SECRET 01fdf83c0a29cf55bdbecb5ca4015f74a8b16c5e64ee85c3e57e5a42dac75b9b b44b0ba830d62fe30e848322ece19fd18257b63e137acb53c76fc1cf98a570b1
CLIENT_TRAFFIC_SECRET_0 01fdf83c0a29cf55bdbecb5ca4015f74a8b16c5e64ee85c3e57e5a42dac75b9b 4bd86468f1574cbf7fb2a3812d7867deb8e6031041604cfe5735eeaf35d48902
SERVER_TRAFFIC_SECRET_0 01fdf83c0a29cf55bdbecb5ca4015f74a8b16c5e64ee85c3e57e5a42dac75b9b 1eb04c75865837a232b189e91b8b98ec2dff38c078d8bafd93f709ae8222f885
EXPORTER_SECRET 01fdf83c0a29cf55bdbecb5ca4015f74a8b16c5e64ee85c3e57e5a42dac75b9b 87184a48dbeebc65e5c5ee46a72ae5949041430bd1a099bd108b28f91a99fde2
CLIENT_HANDSHAKE_TRAFFIC_SECRET 8373063c6c97714f7f285a2c143fff1f946f8c1b9982898859bd5855fc7d77ea 31c42a6762b239aa35db0adf3aea3995d4ae77367ea33e145fa4afa65b939325
SERVER_HANDSHAKE_TRAFFIC_SECRET 8373063c6c97714f7f285a2c143fff1f946f8c1b9982898859bd5855fc7d77ea 6c3a1deb088e1efcb581414b5deab489383cf5b360aa1e91684a4e6b1d616e19
CLIENT_TRAFFIC_SECRET_0 8373063c6c97714f7f285a2c143fff1f946f8c1b9982898859bd5855fc7d77ea de2cb6132f9a6aac34f7b5192787cbc336ce2aa7de3f1a91db70ca0340b26d27
SERVER_TRAFFIC_SECRET_0 8373063c6c97714f7f285a2c143fff1f946f8c1b9982898859bd5855fc7d77ea e39670155b8f109ee637b6ead59206ba23b519a75d049e57ade39c3b40a0e977
EXPORTER_SECRET 8373063c6c97714f7f285a2c143fff1f946f8c1b9982898859bd5855fc7d77ea 5eb3a1228ee1f2eca9ad49dac49019599943e079293f7ca7f60fc9e9744bc9d7
CLIENT_HANDSHAKE_TRAFFIC_SECRET 32dc17d927c66645860b664204adc044030035138d2cbb39774082f61388ea39 dd0abe8e57b060e8cd1ca2525820f5856da846c3bb1cf35abf0225fa98973e0f
SERVER_HANDSHAKE_TRAFFIC_SECRET 32dc17d927c66645860b664204adc044030035138d2cbb39774082f61388ea39 58cfee2ae76c3a8ba2f9b61fd5612e170ba5e52970ab7ce1bf16400ce184dbc5
CLIENT_TRAFFIC_SECRET_0 32dc17d927c66645860b664204adc044030035138d2cbb39774082f61388ea39 e8c2422c70df82aac5b26cd123577e9c4745e18bcd59497ead193c9927dea54f
SERVER_TRAFFIC_SECRET_0 32dc17d927c66645860b664204adc044030035138d2cbb39774082f61388ea39 ba9742c099c538ef3c1046f9cf325a04f15d864f53d5bea4bee1785d40d2f069
EXPORTER_SECRET 32dc17d927c66645860b664204adc044030035138d2cbb39774082f61388ea39 2d804883aa0a0bbf697c63bc130662165343e23061946e9e3613ccd672eb6a11
CLIENT_HANDSHAKE_TRAFFIC_SECRET 08a93fefa6d59f952b3e27a51a8f99149048c75ac73e30eb200b9a4ea40ad002 2b7219a9db8ec77e5cf13efa2e2a62d861fd0a01f5c22bf8676b4765e5222dc9
SERVER_HANDSHAKE_TRAFFIC_SECRET 08a93fefa6d59f952b3e27a51a8f99149048c75ac73e30eb200b9a4ea40ad002 20eb904b4ef39e7492ac9f6f83b6e2a797278c9b5c9143e050b9cddbc7284a03
CLIENT_TRAFFIC_SECRET_0 08a93fefa6d59f952b3e27a51a8f99149048c75ac73e30eb200b9a4ea40ad002 5cec898fe61ce7169b62a9499e9db72a430df9e0f4d02ed14efe53c87863f44b
SERVER_TRAFFIC_SECRET_0 08a93fefa6d59f952b3e27a51a8f99149048c75ac73e30eb200b9a4ea40ad002 4b840251a9124670f93bbf7d331233977e198aea46773ac7b85321f70e171d5d
EXPORTER_SECRET 08a93fefa6d59f952b3e27a51a8f99149048c75ac73e30eb200b9a4ea40ad002 4c7981bd143067bcfa7a703711872a440df8287181d7063d7c20932545cc1bc8
CLIENT_HANDSHAKE_TRAFFIC_SECRET 1eed1c47301fc81e424140e44935ad49419cd4d210042d8b128edc4c70d5ba15 43d92b22a72b1f2974d36195e029d450a6bf9a3fe288563d881000cf0141f5bc
SERVER_HANDSHAKE_TRAFFIC_SECRET 1eed1c47301fc81e424140e44935ad49419cd4d210042d8b128edc4c70d5ba15 11852aecfa8be63f1f812c83c85212f0fdc19238ef956072e0e29f2bb9b62b9a
CLIENT_TRAFFIC_SECRET_0 1eed1c47301fc81e424140e44935ad49419cd4d210042d8b128edc4c70d5ba15 29c0db6675f1cd37d1f69ee6290c5237c4351ff7d0260af0bc5f19c393d28f7b
SERVER_TRAFFIC_SECRET_0 1eed1c47301fc81e424140e44935ad49419cd4d210042d8b128edc4c70d5ba15 b167483ee938aa2f101bfa0c5d480de40b2463385d4221df414314425869dfd2
EXPORTER_SECRET 1eed1c47301fc81e424140e44935ad49419cd4d210042d8b128edc4c70d5ba15 ec2b126d6bb73d554bd29cf0a21fe3a05b53301e887e19939c880f4f851307d4
CLIENT_HANDSHAKE_TRAFFIC_SECRET d8a02384698ee8b7b948e437c5ab6386765e315f6f082c3f795e4c4602310f14 140257f91fd5c4658812a5b99faa204febbd6268104676ad37f430f62ae66c79
SERVER_HANDSHAKE_TRAFFIC_SECRET d8a02384698ee8b7b948e437c5ab6386765e315f6f082c3f795e4c4602310f14 7b827aae7b78e7da782cc5e0ae66618ce4abd6bf8b70002cb2974493c294230d
CLIENT_TRAFFIC_SECRET_0 d8a02384698ee8b7b948e437c5ab6386765e315f6f082c3f795e4c4602310f14 90386ef303daa2611470bbff02adf629ceeac03a86c786ce7c6cc5bc4750517c
SERVER_TRAFFIC_SECRET_0 d8a02384698ee8b7b948e437c5ab6386765e315f6f082c3f795e4c4602310f14 426b0d6268cae78904faa008f179b99be7da1860ed35a312944f1a6f881832c0
EXPORTER_SECRET d8a02384698ee8b7b948e437c5ab6386765e315f6f082c3f795e4c4602310f14 94dcf6b943dae9b7b568e2ce585e4be074ea08fd5282c9b34a066ca9b5a4e1ba
CLIENT_HANDSHAKE_TRAFFIC_SECRET 1dbd487430e34c8ff69d408951d8f502c9de508adc826ef04b45fee368624ff3 e47956fdb2d3a0f3fa6c14a58b5c92b4ae3df448f2f039a6032ae3089856ef55
SERVER_HANDSHAKE_TRAFFIC_SECRET 1dbd487430e34c8ff69d408951d8f502c9de508adc826ef04b45fee368624ff3 c49847478d1d47492a445e6618b7da7ed2ce1959d3e8804547cd553aece7b2a9
CLIENT_TRAFFIC_SECRET_0 1dbd487430e34c8ff69d408951d8f502c9de508adc826ef04b45fee368624ff3 9ee07ce2225f1f0ea845325c8edec5a679b1f4ffa4f69fe033b630b17eba2f78
SERVER_TRAFFIC_SECRET_0 1dbd487430e34c8ff69d408951d8f502c9de508adc826ef04b45fee368624ff3 192b908ba4c6a0a47c9986625764cb76ebd9cdf0fa89dbd43bda60c1ec8cdc67
EXPORTER_SECRET 1dbd487430e34c8ff69d408951d8f502c9de508adc826ef04b45fee368624ff3 759a5b5e4f3f7988d5e42e1113621ec7f21a7e403725d7ac2bfe6e5c69d24cfc
CLIENT_HANDSHAKE_TRAFFIC_SECRET c11ed3900639a26bfc8d9b8e8c575112b66e6b606d7ba8f4d9e628baf3334494 fd6235c3e2c3b86cc61480331c198d438baab70ddfef305b2312b55ce8fc0d4c
SERVER_HANDSHAKE_TRAFFIC_SECRET c11ed3900639a26bfc8d9b8e8c575112b66e6b606d7ba8f4d9e628baf3334494 e3e218e98800989db5202822471fb1f8667b08af83ee6ec7b83c7c44d95f862d
CLIENT_TRAFFIC_SECRET_0 c11ed3900639a26bfc8d9b8e8c575112b66e6b606d7ba8f4d9e628baf3334494 245622382cb17f44ea65df36acc555af66936be2f0c360f855fb54870cd783a8
SERVER_TRAFFIC_SECRET_0 c11ed3900639a26bfc8d9b8e8c575112b66e6b606d7ba8f4d9e628baf3334494 9e44217efba36400c243b648333f328dedc3f47e68a8b21ac9849dbd75485d33
EXPORTER_SECRET c11ed3900639a26bfc8d9b8e8c575112b66e6b606d7ba8f4d9e628baf3334494 dba0cd9974730d67f3d75db12773a3a0c7c3699f823630e6dee4499d108f9f5a
CLIENT_HANDSHAKE_TRAFFIC_SECRET b8b590590557bb5eba574bcb8935792c984e0bea0059d6b776d0941094e2454f 046505d50b20053106cfa6342c2f15ec9769a800f714f8877b0c3cc69ffedd68
SERVER_HANDSHAKE_TRAFFIC_SECRET b8b590590557bb5eba574bcb8935792c984e0bea0059d6b776d0941094e2454f d0ae7a93b5682b0782f1a8e0e1fabbdbf853b49994c9debf6de6d4a8c741c520
CLIENT_TRAFFIC_SECRET_0 b8b590590557bb5eba574bcb8935792c984e0bea0059d6b776d0941094e2454f b6f1afe24819a8541987574a822a1ea8c480e841653dd197fa6c050109b3a609
SERVER_TRAFFIC_SECRET_0 b8b590590557bb5eba574bcb8935792c984e0bea0059d6b776d0941094e2454f b4b185984373e29663f0b49567a75427e30254b3db290d75f73111ec06e85e95
EXPORTER_SECRET b8b590590557bb5eba574bcb8935792c984e0bea0059d6b776d0941094e2454f 9d1be7adc38bb07779c73af7a0d5e89fc9e47c29118d33ff63eefb4e10676463
