CLIENT_RANDOM 355d2d908f6d75405a19f1c90778525d3ac922eeacb0cdbc9aee5fee4136001b 986ba7f20c8b5969ab71fda1937e6e842b1f465529c585332cc4278238c607520bf06b8ff11a956f3be474ee80907b75
CLIENT_HANDSHAKE_TRAFFIC_SECRET fe7f52843d8ca6691406a5fd557b8ba055a51e601ffc3be8231be8efa9d5c346 9ba11f1d62d415b92e92ca40e58804c4c3469a768022f3ce2346331a0d8736851d3180872c5f1e8a532485ed84051bcc
SERVER_HANDSHAKE_TRAFFIC_SECRET fe7f52843d8ca6691406a5fd557b8ba055a51e601ffc3be8231be8efa9d5c346 9ea5cb54ff2e7c1b4e30000220c7880b5aa8868c1327af58f9246c1a870caae6d7597d2fd6f8023e4ad028c3380d4b79
CLIENT_HANDSHAKE_TRAFFIC_SECRET 77778174946fc0c41bd432feb4e8cf567a155bd57cfc03573464ecc430d6af93 de7ca66423f9bdee8bdb4e77f439ab3ea02eebea00eca9fb12cb18fc7d67c75e5fd96422cb1bb4e484341d196ea54f6c
SERVER_HANDSHAKE_TRAFFIC_SECRET 77778174946fc0c41bd432feb4e8cf567a155bd57cfc03573464ecc430d6af93 68a7d47d7ba56f561f42294811860b9cf4c0ebf441281ac74d57d3bc8f8f294291f803bac57d4045fbde771a05075a56
CLIENT_HANDSHAKE_TRAFFIC_SECRET 32e30c4e5d3201486770f2cf8217bca995fbfb7c5e452eb8b7a2c6eeee77512e 14e9fd8c735f0b22940621ba27554947d5039134272384035a8b3d1fc93c605e7842b8fd220054137ab7493d7c04293c
SERVER_HANDSHAKE_TRAFFIC_SECRET 32e30c4e5d3201486770f2cf8217bca995fbfb7c5e452eb8b7a2c6eeee77512e 6dd1c519b143cf9edc2681940967c5600666022ac0826884e50dac591fa146d1ec1978e97b5d7e24092ec98c9e3141a8
CLIENT_HANDSHAKE_TRAFFIC_SECRET 1c40e5010c7d1916e97a1d5f7c83a208f29ac6929492daba828e43f70c0c8722 09d682e57a1edd7b825e490c38dac67eae767371e2245acc420a65d787a08d08c0350a88abace74a51eee198ba08c450
SERVER_HANDSHAKE_TRAFFIC_SECRET 1c40e5010c7d1916e97a1d5f7c83a208f29ac6929492daba828e43f70c0c8722 7b77f265fa3b21a1beb177aac24d56bad27488640ac7e6dc3afec22e85dfd5a002219a45c0280a07af7ae73b16b1f4b5
CLIENT_HANDSHAKE_TRAFFIC_SECRET e121721328f30c74712c6227fd16c43c6b15fc199640bb3fc1fd717554aa98a2 f049bfb039a41afd3df83cec6f04bf263a01012918aa7e7e1d0265819d374be631cc63855c96a31dd68aa348aeadaecf
SERVER_HANDSHAKE_TRAFFIC_SECRET e121721328f30c74712c6227fd16c43c6b15fc199640bb3fc1fd717554aa98a2 4035a623cb258ad1db4483cd33f0e235ba51ef26ce2be22e4c788ed7d319d6d63ccd6442b7b3d9e6f282524dfd6ab1ea
CLIENT_HANDSHAKE_TRAFFIC_SECRET 282b312b49a48d9d664c0818b34397e217017146c2668f1303f24e075c0f0e47 695c2816ae02b23bd8d227a1b48949ed86bdfb2d3881f822536c1b4c72fe4d9c251afe64cb12f033dcaf3800d4edb08a
SERVER_HANDSHAKE_TRAFFIC_SECRET 282b312b49a48d9d664c0818b34397e217017146c2668f1303f24e075c0f0e47 a01a7a0d62b67eca85496b09d194a37b9613a3efe85d5a99f89b60dd76981eeb1ec0f9d2546c6d5795ff1fabcbfa6df9
CLIENT_TRAFFIC_SECRET_0 32e30c4e5d3201486770f2cf8217bca995fbfb7c5e452eb8b7a2c6eeee77512e e7e28235104dcd81019b686504b1efcc277c258317f5d765d1de836de49f7b39622332a6c05d137e95d0d3de5588f8e4
SERVER_TRAFFIC_SECRET_0 32e30c4e5d3201486770f2cf8217bca995fbfb7c5e452eb8b7a2c6eeee77512e 32671abaee02c1d02f75759dc937e3acae17c296721ceda95b1637a007337a67f7a9efebe0a16898a4f54e2174635e50
EXPORTER_SECRET 32e30c4e5d3201486770f2cf8217bca995fbfb7c5e452eb8b7a2c6eeee77512e c241ba7dbca11bfec2254a496a428bb34c07bfda86bfbcbd5c41c94392a3ce699376ecfd79975a12bd72dd019d8db231
CLIENT_TRAFFIC_SECRET_0 fe7f52843d8ca6691406a5fd557b8ba055a51e601ffc3be8231be8efa9d5c346 7fe8bb233c53baf62d2bc40633e574581c1daeead908ab9586ecd57bf557a1ed58e08a19066581caec339f486c92a375
SERVER_TRAFFIC_SECRET_0 fe7f52843d8ca6691406a5fd557b8ba055a51e601ffc3be8231be8efa9d5c346 202b390d0acfd03f573777654d0330aa60232e9e1e3ac8ecdbb993054ffc9d4d1855f5265a3202cad957f82a4031c722
EXPORTER_SECRET fe7f52843d8ca6691406a5fd557b8ba055a51e601ffc3be8231be8efa9d5c346 340c9af6761c296ee2adf688fb0b412def8e56a80c6f370656c90bd9b767d0710d969b22088e9623b52c19fe73f70910
CLIENT_TRAFFIC_SECRET_0 77778174946fc0c41bd432feb4e8cf567a155bd57cfc03573464ecc430d6af93 5eccaf79306364002bf0e6673d55e2966186c8c2a5915d0c154fe8ef76342cbc4880e6482b04581a99d7b51c4a589698
SERVER_TRAFFIC_SECRET_0 77778174946fc0c41bd432feb4e8cf567a155bd57cfc03573464ecc430d6af93 5216709b0e8159065e74aea8ea994454858bb0b87dd8395d1376bce0c0ffeca53e8fc4157e6927b30813314ad210d219
EXPORTER_SECRET 77778174946fc0c41bd432feb4e8cf567a155bd57cfc03573464ecc430d6af93 ab7ece65a04057fcaa39b78492e340c65b63fc84c39f08ce444123296f2c2e447c98b30d6474dae92d835f86ef8c23c4
CLIENT_RANDOM 3e8fe10d3e871b312b1a460ac21c79c48e996a861b1f011d009435e1a92c752c 73f355aa2a6cd8987f3dc2245d9666b32aa863113027c617283849903471417ac8862e3bfbbc99434ec3c110e8b8db72
CLIENT_HANDSHAKE_TRAFFIC_SECRET 0937bf0d2ca724f9d42e2be8aca359b88357840f0b437f43499211f11ec3a62e df45783741dcd4acc082daafa0b9219ae2aedfda40a9ad7427dde4838dabcd4c
SERVER_HANDSHAKE_TRAFFIC_SECRET 0937bf0d2ca724f9d42e2be8aca359b88357840f0b437f43499211f11ec3a62e 4312a020c4c6ddf6d6f076746c0c900cb116ea6ca414986037fbba14787d43aa
CLIENT_TRAFFIC_SECRET_0 0937bf0d2ca724f9d42e2be8aca359b88357840f0b437f43499211f11ec3a62e 93b49578cde7778e4580034472045549014054c5e1cb05305962aaa391ced6b4
SERVER_TRAFFIC_SECRET_0 0937bf0d2ca724f9d42e2be8aca359b88357840f0b437f43499211f11ec3a62e b930f6936c983c60c14452536aadbebc3334d54f7d319c3db3886a90e45f6aae
EXPORTER_SECRET 0937bf0d2ca724f9d42e2be8aca359b88357840f0b437f43499211f11ec3a62e 5399451003f345505d7df07adc47746594713ac24fcd601829f39487debe9cba
CLIENT_RANDOM 2ba6c2c59a4b1c0a63642b37486440f0090a282cafb5a0b8f08a894ad1137c31 2ecab23bdc09aeea3c0d5b409136c972fa69c34d2214f83f3f9f81e28367f68fec9bcd2456225f4023695b9dbfd968a9
CLIENT_HANDSHAKE_TRAFFIC_SECRET 1b09ba933706c9c2865fb1f2a1bec999e99d28b496f94439fbdec654fd1e6578 c364398132193a78336cc66a101de6c3cc488cb3b12b505a38a4809a7d1d54bb
SERVER_HANDSHAKE_TRAFFIC_SECRET 1b09ba933706c9c2865fb1f2a1bec999e99d28b496f94439fbdec654fd1e6578 ea4be95cdfba43037e5815eeffbe56ab421d7e56a5364cddaa000db62a875d05
CLIENT_TRAFFIC_SECRET_0 1b09ba933706c9c2865fb1f2a1bec999e99d28b496f94439fbdec654fd1e6578 96f2709c7c7171bf90e28ffc24a4280ec9930dd78ea5be2636736d73e3d9b371
SERVER_TRAFFIC_SECRET_0 1b09ba933706c9c2865fb1f2a1bec999e99d28b496f94439fbdec654fd1e6578 4adf914029e75298da459abe215dba24dfa5e4498375e663729e136c18fda002
EXPORTER_SECRET 1b09ba933706c9c2865fb1f2a1bec999e99d28b496f94439fbdec654fd1e6578 d27f8d50d49fd59d644c55fc0fd2836b65778a14ff338440f6585f4212d9edb9
CLIENT_HANDSHAKE_TRAFFIC_SECRET 4e5f960d3be44048fab18273f03c2cf2a5b4755b397d787a0fdde78b029d21ea ec2c35a4acfc62b9b927165d62495a36584e65f713f590f1923513b5803ed3a2
SERVER_HANDSHAKE_TRAFFIC_SECRET 4e5f960d3be44048fab18273f03c2cf2a5b4755b397d787a0fdde78b029d21ea b11b23d3002eb5efdc71b5043a40ea664b9332732cbe69dbc3cff621dc40ee00
CLIENT_TRAFFIC_SECRET_0 4e5f960d3be44048fab18273f03c2cf2a5b4755b397d787a0fdde78b029d21ea 3cb55cccb5984b55ed3a410c3e9f09bfb8e735a32f538bcd5a1ecb6c46da373f
SERVER_TRAFFIC_SECRET_0 4e5f960d3be44048fab18273f03c2cf2a5b4755b397d787a0fdde78b029d21ea 9a022395f11b876b35e99ecc38629ec6d5197dbc591c3f547ccf4e8ed5ab920c
EXPORTER_SECRET 4e5f960d3be44048fab18273f03c2cf2a5b4755b397d787a0fdde78b029d21ea 27d0c6ebb13cbdb18ff70237fe2f6736457f1614769405be8c1c2874d57fa5cc
CLIENT_HANDSHAKE_TRAFFIC_SECRET 2cb71f8c85b654c8ea36addfd16a8c151e6e95fe4b4116f6a9ee77a88558a342 cc578f90ce1480e2ba65f3bf6630ff6601219e31fba68afc7b1598d21e290c64
SERVER_HANDSHAKE_TRAFFIC_SECRET 2cb71f8c85b654c8ea36addfd16a8c151e6e95fe4b4116f6a9ee77a88558a342 f9625b3977d8671f1b6c5274c96d79a1c381a9f62a93d18413464e364845fcb7
CLIENT_TRAFFIC_SECRET_0 2cb71f8c85b654c8ea36addfd16a8c151e6e95fe4b4116f6a9ee77a88558a342 4d9d3015d0286aaa8b28f3a2bad8f28fa579d1b97f1826f476666c6e25a32d92
SERVER_TRAFFIC_SECRET_0 2cb71f8c85b654c8ea36addfd16a8c151e6e95fe4b4116f6a9ee77a88558a342 20868f4af2cbb8f563347c9a3ef009a3abeb9a9ac444921387fba4ee684430ea
EXPORTER_SECRET 2cb71f8c85b654c8ea36addfd16a8c151e6e95fe4b4116f6a9ee77a88558a342 a7c813f8e26562d1ec0edf72121a810e8e505e2ad825b868bf67733b8ea8ec7e
CLIENT_RANDOM 12ee9c57d0d0c9a5d6a7d716974a4ab15ff16de73621af4f55ea28df04603e18 da62dc9f25748e38fc8b2af9ba9f73a07310348fc99ad63cfc0a38586ccb69d7536aa61ccd58ebd71fa637ce041a0f21
CLIENT_RANDOM 667605d2082e920a6e6b8bd2841b9f15ff3abe0966fbb9cda0d9365b823d2f0d b8bb53fb0ed3b9749d642f04fb1169e9922e2eec38376ae803dccff4c6da7953f4ef22cccac61eed4598ec43328089b0
CLIENT_RANDOM 27af3f091343254da0a76be94acfe8d6db7805da7945deea59ba61e116d9fc7c 4b9881ee0546302f847a2ca302d46edefebe5474c6efe2244015144221e9d097218e5dc587639ef54e0596689abcfb6b
