CLIENT_HANDSHAKE_TRAFFIC_SECRET d05e28ced0f8db99e46dc0525be1351b35cd1fca085fb695459dac90e6881611 ee6e476d22f63265c3bc847d08a2ff1cef1f8b4a6f75407894ca6ff3a643e292
SERVER_HANDSHAKE_TRAFFIC_SECRET d05e28ced0f8db99e46dc0525be1351b35cd1fca085fb695459dac90e6881611 61fe119247d01dae68a3daa9bce7cc8a84e37af18401a0a1f32dfab889991af8
CLIENT_TRAFFIC_SECRET_0 d05e28ced0f8db99e46dc0525be1351b35cd1fca085fb695459dac90e6881611 147a6c819e375207dbfc16e784b368fe562e8cf2d132e8932cc3a4ba0e79595a
SERVER_TRAFFIC_SECRET_0 d05e28ced0f8db99e46dc0525be1351b35cd1fca085fb695459dac90e6881611 5592759e00a467a08ab18bf3fcade591946a4ce6c21c2441ace5b0e5dfd41798
EXPORTER_SECRET d05e28ced0f8db99e46dc0525be1351b35cd1fca085fb695459dac90e6881611 5c66a6b1e05801ae1ac7f3de54342dc800276b2ab1c8c14744ebb923b7c8be7f
CLIENT_HANDSHAKE_TRAFFIC_SECRET 7d841e1d93023fb4c0763807c22345486446f1d9329d65cdb40bb0c21a95903f a26d158f774fab1d8e29c8ac3d059e7e0fa9e9da2688bbdc638cf4ee51c4806c
SERVER_HANDSHAKE_TRAFFIC_SECRET 7d841e1d93023fb4c0763807c22345486446f1d9329d65cdb40bb0c21a95903f 1864d6b1c4bb368f9d76cfdab51b8f2ef930d6cede47ca943916017f37f775ed
CLIENT_TRAFFIC_SECRET_0 7d841e1d93023fb4c0763807c22345486446f1d9329d65cdb40bb0c21a95903f 48d5c53dca0b54d50381d28d0e154639cab4cf9ee2df929b0dd7eab4d392e62c
SERVER_TRAFFIC_SECRET_0 7d841e1d93023fb4c0763807c22345486446f1d9329d65cdb40bb0c21a95903f afa02e8f88d21ab0f738baea222b56118241a9113970a512b34dedaa47a0f164
EXPORTER_SECRET 7d841e1d93023fb4c0763807c22345486446f1d9329d65cdb40bb0c21a95903f 25cee6ac4431f79f8208c8df0786a68eac1a7f95ad7ebe06ddb859b0ad79aaf1
CLIENT_HANDSHAKE_TRAFFIC_SECRET a7f92b1cd93ec8727c118000bec0de262b31530d8709da835c7bcbf26691a197 50a4271421b43bbc0fd981b21b8a9060e55be44d16aed13e32bb7c95f900c0082611e5c377c99154d38f7eab594239a0
SERVER_HANDSHAKE_TRAFFIC_SECRET a7f92b1cd93ec8727c118000bec0de262b31530d8709da835c7bcbf26691a197 4d470c56601038aae279e9fc1247b51ad64c6ab27515a63cb1bc573002b26a9d3d835fa611f79c11f7cbe57c909cbc05
CLIENT_TRAFFIC_SECRET_0 a7f92b1cd93ec8727c118000bec0de262b31530d8709da835c7bcbf26691a197 b386fd0bd31e10d02c6347f2a7e86b4c26c811ca509c5aa296204d9b002563bcc1ed1115846eaa39f8f6d2517b97d208
SERVER_TRAFFIC_SECRET_0 a7f92b1cd93ec8727c118000bec0de262b31530d8709da835c7bcbf26691a197 828f0885c6b49d4fde9c2e092624e457ce8d8ebfed5854272ffe63388272aa0388073b301cc7c12ae082e33b0547aef7
EXPORTER_SECRET a7f92b1cd93ec8727c118000bec0de262b31530d8709da835c7bcbf26691a197 5c04da60e7c80aafd843f994a2bd62564b67078bb66de7a707550404485b542025af68b229124ff81165f11e7f8fe21e
CLIENT_HANDSHAKE_TRAFFIC_SECRET d887fdd0d5141d06268855ec3971e9e37fb32646ab7263d772975688e9b5d42b 45fb3b26962ed5a89f58c86ac33a37f9ea4433a1f145ce8b2a622da496e3a6f9
SERVER_HANDSHAKE_TRAFFIC_SECRET d887fdd0d5141d06268855ec3971e9e37fb32646ab7263d772975688e9b5d42b 0b3bbe97cfa4b37b7da2a230b54f434844899058580e99b8946aae87e5d43dd5
CLIENT_HANDSHAKE_TRAFFIC_SECRET b63a4f6cf6ff17a3f8b598736498ad20c4880225eba6abb2c3f984972d4df4d9 4f46500cc761ccb6725cc57c21837c2a1d58410ae6eb9d1e3c6712806d4131b2
SERVER_HANDSHAKE_TRAFFIC_SECRET b63a4f6cf6ff17a3f8b598736498ad20c4880225eba6abb2c3f984972d4df4d9 247dcea2c2a20e278fad8e75e8599a99d233785e3d5a5457f030b3d7273ca122
CLIENT_TRAFFIC_SECRET_0 d887fdd0d5141d06268855ec3971e9e37fb32646ab7263d772975688e9b5d42b 0be55209a6b1cf3415ddc769402276e8decabe1ef179a4f51bdb0ade65738231
SERVER_TRAFFIC_SECRET_0 d887fdd0d5141d06268855ec3971e9e37fb32646ab7263d772975688e9b5d42b aa1abf5537850dd6cdf0f4e90c22c15c914fe610e7e418e821a7dc1e18d8a7d7
EXPORTER_SECRET d887fdd0d5141d06268855ec3971e9e37fb32646ab7263d772975688e9b5d42b eecf64133fc0610c3d5588db5949aacbf8e7af69260c108885d3da55bfce76da
CLIENT_TRAFFIC_SECRET_0 b63a4f6cf6ff17a3f8b598736498ad20c4880225eba6abb2c3f984972d4df4d9 a71a3adce4eb3abac2645b3054b56ea73fd238b594a9b90b48264406da73b2ab
SERVER_TRAFFIC_SECRET_0 b63a4f6cf6ff17a3f8b598736498ad20c4880225eba6abb2c3f984972d4df4d9 4c5718d40a7c371aea1c57a165948a22068d40331d9ba082d1f6831dedb208f8
EXPORTER_SECRET b63a4f6cf6ff17a3f8b598736498ad20c4880225eba6abb2c3f984972d4df4d9 20961a4920a1ceda7f54422dd990484a6267486da6a3addf773504bd81fd368b
CLIENT_HANDSHAKE_TRAFFIC_SECRET 27b6bb7d601f8997623fb876b42e5c77693ca69ffd6259835f45546c1bb96173 30226607eb17ed0fb478894b36f812ec67f37d62524656eaf7fe82570ab0f63ac4af9e5f9efbcc4368c4848795c61d47
SERVER_HANDSHAKE_TRAFFIC_SECRET 27b6bb7d601f8997623fb876b42e5c77693ca69ffd6259835f45546c1bb96173 4a9e4209ddae952ae40e9eded746ffe8b3658bf2c9b4604d9506a997c15b88398bd83a0a3b792b9b57c3fc8d23d690e3
CLIENT_TRAFFIC_SECRET_0 27b6bb7d601f8997623fb876b42e5c77693ca69ffd6259835f45546c1bb96173 393aff136553ecef2ae414218d91f8d34b1451f95bd7f9fee06376a4c934c3c045a3a41d66d12d2178e6a50849af17c3
SERVER_TRAFFIC_SECRET_0 27b6bb7d601f8997623fb876b42e5c77693ca69ffd6259835f45546c1bb96173 ae1b2dd88aa67fc6fee43e80159ddea9b868abd55d89ba022d2dd6e678c5f193d5bbd0ba9159f28bc10ffb4cfe54e50a
EXPORTER_SECRET 27b6bb7d601f8997623fb876b42e5c77693ca69ffd6259835f45546c1bb96173 4a36a768171e1caee66a1339ce272d26afb3d55936c2988e3ba7efe77f2238bae0d90a00b78f1b5b24778533d8abc627
CLIENT_HANDSHAKE_TRAFFIC_SECRET d19359696606da82062f8c676a8e15d4797aa398aeba6979ea189f0dbaeb0492 42564311db22af91a410860eb676786a9defce0ac9a60b58b1d426e2f87bd50e
SERVER_HANDSHAKE_TRAFFIC_SECRET d19359696606da82062f8c676a8e15d4797aa398aeba6979ea189f0dbaeb0492 16a960abc91f265b274ac92f54dff90ed2418aa7990f74d103ef90bae18fb719
CLIENT_TRAFFIC_SECRET_0 d19359696606da82062f8c676a8e15d4797aa398aeba6979ea189f0dbaeb0492 9caefa64472c2d7e8c15a17b28f4e788120f18987852fa7b6aedbe5c18c9f7f1
SERVER_TRAFFIC_SECRET_0 d19359696606da82062f8c676a8e15d4797aa398aeba6979ea189f0dbaeb0492 4a03d730c44bee7ab02641fd2a5f99f50c4c0bfca2bd1539f47ac0423ac62c2c
EXPORTER_SECRET d19359696606da82062f8c676a8e15d4797aa398aeba6979ea189f0dbaeb0492 9a2c80595e8275fd860c3af846cbe7a3c66499b70231018bf5bca848f1bf1544
CLIENT_HANDSHAKE_TRAFFIC_SECRET da9b7dcae205e80bfeb34d16ed33ad9014b4d129bcf88f6a8846e8bc85ce949f e2a99c8f81cd411442c461ad0c161189c192f5105311864a3894517a0672a076
SERVER_HANDSHAKE_TRAFFIC_SECRET da9b7dcae205e80bfeb34d16ed33ad9014b4d129bcf88f6a8846e8bc85ce949f ca732442d4abd099226b912dc6eb9987bc626f1d118f80997470e653fde60caf
CLIENT_HANDSHAKE_TRAFFIC_SECRET bb8f8cf068d2ced0fabb3220855d9c02c21858cd858d1ae2ec9dea5906355141 f521c352850c1488fc451ba1f606b6f78a694a5574705989cc9e39e7d6510005
SERVER_HANDSHAKE_TRAFFIC_SECRET bb8f8cf068d2ced0fabb3220855d9c02c21858cd858d1ae2ec9dea5906355141 ab9f902b4e2c2227f856afa6068ab454397f93b92e88190eb9c49a08a5e09f59
CLIENT_HANDSHAKE_TRAFFIC_SECRET 83a328ac0efdbdc837bc982f78f61b63cc246e29ad0723c21f8c0986c9203719 472aecd8386f3a1ebc4f8e4c651ec862e572e6963cbeabbedac8a1b38390baca
SERVER_HANDSHAKE_TRAFFIC_SECRET 83a328ac0efdbdc837bc982f78f61b63cc246e29ad0723c21f8c0986c9203719 953fce5388e90bfe706fc8bbc4e7e2a637843e3430bb9509ca912dd0ec1fb9ca
CLIENT_HANDSHAKE_TRAFFIC_SECRET a72b63e483de45c2590cbc4deb5962b960983f0b3428a9591d14ead025082b86 83a963ef4c8d0b059d66089bbb0f637dab3cc0b278cb3e947025ec2c739d8e57
SERVER_HANDSHAKE_TRAFFIC_SECRET a72b63e483de45c2590cbc4deb5962b960983f0b3428a9591d14ead025082b86 27f5f1051c16b5a4152d2ea0eec46a141fe7dbc94ed0824d66976a02a712316d
CLIENT_TRAFFIC_SECRET_0 da9b7dcae205e80bfeb34d16ed33ad9014b4d129bcf88f6a8846e8bc85ce949f c7d248a76104f30edcadd45661caa29795aca4d8ee9804fb574b2c2245ca0bf8
SERVER_TRAFFIC_SECRET_0 da9b7dcae205e80bfeb34d16ed33ad9014b4d129bcf88f6a8846e8bc85ce949f 96e4965dee036b8436b0727212ac6ff7acb9b4994c89fddebf037a5d8ffe1399
EXPORTER_SECRET da9b7dcae205e80bfeb34d16ed33ad9014b4d129bcf88f6a8846e8bc85ce949f ae8d144774ab908fb55a36aaa00e6da2423bd926cdfe4935d0709fa138d1f948
CLIENT_TRAFFIC_SECRET_0 83a328ac0efdbdc837bc982f78f61b63cc246e29ad0723c21f8c0986c9203719 2e28399f9d0ac19fb73b9ff56b3029b109011f6a3ca0f0182ddec4c75c0b25e8
SERVER_TRAFFIC_SECRET_0 83a328ac0efdbdc837bc982f78f61b63cc246e29ad0723c21f8c0986c9203719 bc92e475d848a2b3852c380df795a03da65c56a3a41ba185816343dd7c5d72f3
EXPORTER_SECRET 83a328ac0efdbdc837bc982f78f61b63cc246e29ad0723c21f8c0986c9203719 627141443441346271f1dfaf7c740de21138648f951b10ce5cdd2e20dd31c01c
CLIENT_HANDSHAKE_TRAFFIC_SECRET fb6720dbb01593d63e5b944ab46c5acb54eb3d325af287c4db55048484ee15f2 8fe8943d4193983000035cb03ef5e780bbdbe053171a84734084cbe90762d2dc
SERVER_HANDSHAKE_TRAFFIC_SECRET fb6720dbb01593d63e5b944ab46c5acb54eb3d325af287c4db55048484ee15f2 55292a2ab4059deba89b55126e3c9b59ee03e79613c7e3045ab845f677b20c15
CLIENT_TRAFFIC_SECRET_0 fb6720dbb01593d63e5b944ab46c5acb54eb3d325af287c4db55048484ee15f2 e62488f39cb08320df7e0dd83bac3c3ab4be53465a811b90f4f2014b0bacd02e
SERVER_TRAFFIC_SECRET_0 fb6720dbb01593d63e5b944ab46c5acb54eb3d325af287c4db55048484ee15f2 e349ff22fd63108dbab1f7e2a0dd38beb15297463feb11007d4ffaeb25371e9f
EXPORTER_SECRET fb6720dbb01593d63e5b944ab46c5acb54eb3d325af287c4db55048484ee15f2 bfa1224a38abf4b050ffe521fd7edb51e5e094e22c537f14b496411f148c9e9d
CLIENT_HANDSHAKE_TRAFFIC_SECRET 2ec528b7f299eb322d989b1286b9198cf1f8e67810c6dfb423728f8734d03851 eceb9e3c4d6d0c23210f9c10437119a0bd77d3d891f99e4c8f7fab8b92193b4f
SERVER_HANDSHAKE_TRAFFIC_SECRET 2ec528b7f299eb322d989b1286b9198cf1f8e67810c6dfb423728f8734d03851 efc21627e7e1972119fd519690abd3250a40ed54666b5e8236c202d027f607f4
CLIENT_TRAFFIC_SECRET_0 2ec528b7f299eb322d989b1286b9198cf1f8e67810c6dfb423728f8734d03851 8fe98006dbbc0b852b6fa384991c2f83d54f7e754b2266b46981185d08a91216
SERVER_TRAFFIC_SECRET_0 2ec528b7f299eb322d989b1286b9198cf1f8e67810c6dfb423728f8734d03851 8ee09e2a09085f402907fbdb069fffcde20ed2db2c271bd12f2c1c9b252de889
EXPORTER_SECRET 2ec528b7f299eb322d989b1286b9198cf1f8e67810c6dfb423728f8734d03851 a7d049224795a41c31bf1d6f7d51fdad07105c7c70e911ff442d5c3532283597
CLIENT_RANDOM 7c1a22643b437830f2f038bc14f1308d88ce0e5e99bb02822ed214fc5e779dc9 3880aa1f6c2c9c1a7681a24ddbd5ceecf3c1b20fac7b87408439cf425ddcf6b91efcef1f067bee42c124280e9bd2f1b8
CLIENT_HANDSHAKE_TRAFFIC_SECRET 154eb5bb1d60029cddd290e6b185dc2c74679224cd0dac356f230db30e74c598 c1bc364b5dfa91e67681505db178519a26f341ed14d167bd83a49c656de0f262
SERVER_HANDSHAKE_TRAFFIC_SECRET 154eb5bb1d60029cddd290e6b185dc2c74679224cd0dac356f230db30e74c598 5a513f8fd4b833225ebb8ec219177cdf61bdf4aa1fea1e4360b8f617b8562730
CLIENT_TRAFFIC_SECRET_0 154eb5bb1d60029cddd290e6b185dc2c74679224cd0dac356f230db30e74c598 fe2d4d5a90dc6b5824ebe21c9487d9341641f41dda7dfe81b1983b45aa2ac71c
SERVER_TRAFFIC_SECRET_0 154eb5bb1d60029cddd290e6b185dc2c74679224cd0dac356f230db30e74c598 e7dc97fbac8239ca810762a0980443508df950c1e5e65112301eb97b5d1938bb
EXPORTER_SECRET 154eb5bb1d60029cddd290e6b185dc2c74679224cd0dac356f230db30e74c598 d111fb6918f883e7cdeeaaad9d13c6ef2892d1133cec2f1ccd4a3079280bc2b8
CLIENT_HANDSHAKE_TRAFFIC_SECRET e43106c2d459dc90d1a1d2b13da498b1cebe4aed1f068f7316c5c1d5f1b5247c 1f8fe97a3c400a99d10b6d7f9c84dbc460eb882294940ec16d51294dd1e113e2
SERVER_HANDSHAKE_TRAFFIC_SECRET e43106c2d459dc90d1a1d2b13da498b1cebe4aed1f068f7316c5c1d5f1b5247c af60400b178f3c19d7f851132bdf9a998a8a886ffd9a99c03aee01bc09ac7c40
CLIENT_TRAFFIC_SECRET_0 e43106c2d459dc90d1a1d2b13da498b1cebe4aed1f068f7316c5c1d5f1b5247c 81c976f5577bba6d741ec26c1bc3df30dcd985cf543b96a27a717a4ffab92843
SERVER_TRAFFIC_SECRET_0 e43106c2d459dc90d1a1d2b13da498b1cebe4aed1f068f7316c5c1d5f1b5247c 8d60f9467972025f6b531ef1f70dc9d654439b0c570efd215ed2865e39efb93b
EXPORTER_SECRET e43106c2d459dc90d1a1d2b13da498b1cebe4aed1f068f7316c5c1d5f1b5247c a1da74eb23bd311bd63e95b56969863faa7c9340ebc5d6c423dd3c7f6ba4d1ad
CLIENT_HANDSHAKE_TRAFFIC_SECRET 78a434be223cc7de2f10f3231e27256681e93e9ff2c5c536ad5bea81727c7c31 3fe482113ec9a4dd0d29fcdb5f9ff6528a55389b0a1f4453acc7759365f3de6f
SERVER_HANDSHAKE_TRAFFIC_SECRET 78a434be223cc7de2f10f3231e27256681e93e9ff2c5c536ad5bea81727c7c31 0d5ec0da858e692fb66d006a140311665b88e5ec6e313c1e21260088b88bd395
CLIENT_HANDSHAKE_TRAFFIC_SECRET ff648f9b84813602ac6a5a79c771c12e65e617195c2bb6081ad84ad8eb46518f fa8a2a28b1aa045e114936ccd232f15370f5051d3f6e67af3a781319c7949372
SERVER_HANDSHAKE_TRAFFIC_SECRET ff648f9b84813602ac6a5a79c771c12e65e617195c2bb6081ad84ad8eb46518f fc6f04c97d2162f5b67fb34d14934102eda67bff7e0d3b610edd8fe6d9ea6c99
CLIENT_TRAFFIC_SECRET_0 78a434be223cc7de2f10f3231e27256681e93e9ff2c5c536ad5bea81727c7c31 60de1db14f9cbec9ad73bdb07b3d1ef0c5e74f74c5cc83a7c8fd3758399e1769
SERVER_TRAFFIC_SECRET_0 78a434be223cc7de2f10f3231e27256681e93e9ff2c5c536ad5bea81727c7c31 34bc0fdbbe745d7cc5f5e562d0f3200c0967a3f0686275aad077ef7428d01e36
EXPORTER_SECRET 78a434be223cc7de2f10f3231e27256681e93e9ff2c5c536ad5bea81727c7c31 ae5fd12ca9cb7757b4dd74bea711a6bf750fa5c9111f3fb11800a34b666a814d
CLIENT_TRAFFIC_SECRET_0 ff648f9b84813602ac6a5a79c771c12e65e617195c2bb6081ad84ad8eb46518f 8878f3d198fa26a683353e71f38f2711ccec011cb9d4c2b88c5f808acfcdc53e
SERVER_TRAFFIC_SECRET_0 ff648f9b84813602ac6a5a79c771c12e65e617195c2bb6081ad84ad8eb46518f 7e3570db80e95f6ebddd92f39d4a035b7b24728ef629d64603167b26116a1d1d
EXPORTER_SECRET ff648f9b84813602ac6a5a79c771c12e65e617195c2bb6081ad84ad8eb46518f 4217ec6e894afc21b0975e2215de2623451f2b7d8a30ff185caa61096158f7e4
CLIENT_HANDSHAKE_TRAFFIC_SECRET 4adb80d0bcc1f43ecdfb89a63fb183038f8b5b4fa739a4e6fbd32c236c9baecb 7d7795339c80a59d78279fe69fb7751ec67c60339314a59901415989bc7c669c
SERVER_HANDSHAKE_TRAFFIC_SECRET 4adb80d0bcc1f43ecdfb89a63fb183038f8b5b4fa739a4e6fbd32c236c9baecb 87f26dc2c6f350a9752a2ed41eab69b8d381c07bc93003168b21296b91b8ddf4
CLIENT_HANDSHAKE_TRAFFIC_SECRET 2bba9c100a01fa926cfae41b523c7e1788178b90699f06b222bf7480e1220df5 d77deb82c95f0a9820693e9d3dc80dc5016b863c50fcd5b4eb64314d487f8d74
SERVER_HANDSHAKE_TRAFFIC_SECRET 2bba9c100a01fa926cfae41b523c7e1788178b90699f06b222bf7480e1220df5 a3fa6a6becfcfabf9df24a657a7e40d367fb215d81cea323a2feeddbe92b4048
CLIENT_TRAFFIC_SECRET_0 4adb80d0bcc1f43ecdfb89a63fb183038f8b5b4fa739a4e6fbd32c236c9baecb f6556fb9cf1a0224541d71266fbbe425b5fb818d2424200e11c29afad00a4fda
SERVER_TRAFFIC_SECRET_0 4adb80d0bcc1f43ecdfb89a63fb183038f8b5b4fa739a4e6fbd32c236c9baecb 4fc943d78ced9557c99d131cc7d2b6ec3839d1854f7ddca7b4a911a329794929
EXPORTER_SECRET 4adb80d0bcc1f43ecdfb89a63fb183038f8b5b4fa739a4e6fbd32c236c9baecb c6d3f32d1776f59f3eb4b7375803a6dfd75bd06c19e9eae8861d90c724ae9576
CLIENT_HANDSHAKE_TRAFFIC_SECRET 3085dacc3e87a4db8661f1f2171fd23d43fb8f69d59972d780537e9893315222 0aa82043810103971c7330d179c0d00257abbd818a89ecafa40abee9dd79362c
SERVER_HANDSHAKE_TRAFFIC_SECRET 3085dacc3e87a4db8661f1f2171fd23d43fb8f69d59972d780537e9893315222 ddd875c8b7813ee7cd04ed76fbbfe95d7fe7bca0ca29158b97482829d1373a06
CLIENT_TRAFFIC_SECRET_0 3085dacc3e87a4db8661f1f2171fd23d43fb8f69d59972d780537e9893315222 d1366a3a7b477be33589698e9ee03b2573bb299c2de353896a80fd119df15417
SERVER_TRAFFIC_SECRET_0 3085dacc3e87a4db8661f1f2171fd23d43fb8f69d59972d780537e9893315222 e0dbf5ba77aa6df15bcae19e0d1574acaa95ac4955d8b3ed63a5965ccb840c0e
EXPORTER_SECRET 3085dacc3e87a4db8661f1f2171fd23d43fb8f69d59972d780537e9893315222 e22805bdb616c0cae40c06be5e870c3d98c678d1bea5f9f417cc8abff821cc73
CLIENT_HANDSHAKE_TRAFFIC_SECRET b8703c75ffece8b41428c810f447c314d728cb4975af9167a980df22c40f84ab 17f0f500c5c1a0c68e26c76237672942e781a5b78f45a601c0f1d1ef90bef24c
SERVER_HANDSHAKE_TRAFFIC_SECRET b8703c75ffece8b41428c810f447c314d728cb4975af9167a980df22c40f84ab 4732e2db862b600ba6d1385ea1063e134ff3254cf7053031116bce9c17cc33f8
CLIENT_TRAFFIC_SECRET_0 b8703c75ffece8b41428c810f447c314d728cb4975af9167a980df22c40f84ab 5235d913f7800dbd730665e5ef1ef821ccd006f920b29cb336378d313abddb70
SERVER_TRAFFIC_SECRET_0 b8703c75ffece8b41428c810f447c314d728cb4975af9167a980df22c40f84ab 787aee3065bc6e08d8782cb8ae3e1c9d85dd719063c7271e5acff09415636110
EXPORTER_SECRET b8703c75ffece8b41428c810f447c314d728cb4975af9167a980df22c40f84ab 67485ae02acec1c5b8dd984a57a176b9bcb55126644a81cc2004325a7b315cd2
CLIENT_HANDSHAKE_TRAFFIC_SECRET 8c0f457c5959d306af68a6153717a26ff22de81839ac1ef451358dd97cda6660 b48263522858458a50c93838c46b373df3cea3b0c1aeb1a5372c87479aa5b62d
SERVER_HANDSHAKE_TRAFFIC_SECRET 8c0f457c5959d306af68a6153717a26ff22de81839ac1ef451358dd97cda6660 191265057a2e2e0d44509f6cc4a46e2fb9ec0d3ba5ebe1ed6ba13053a03cd8ac
CLIENT_TRAFFIC_SECRET_0 8c0f457c5959d306af68a6153717a26ff22de81839ac1ef451358dd97cda6660 8265175ad53060e7d3e5599eff0fd3da99ed820a965ee320fba6f641f8212c94
SERVER_TRAFFIC_SECRET_0 8c0f457c5959d306af68a6153717a26ff22de81839ac1ef451358dd97cda6660 e7645c87762c889b4ff473e3188b26bb2422ee29f94d32413352c3e595d1fb4f
EXPORTER_SECRET 8c0f457c5959d306af68a6153717a26ff22de81839ac1ef451358dd97cda6660 4e34a2cfd4fba3404f6e3e89b19f7efae73492f4b1710f6cc3be032e03fdc56c
