CLIENT_RANDOM d196ac4d93c17fc53e7f67e87d6560a08b79ec696c177be9884262c802233b49 5d0812c41dcf8e0e4d653f79e955a51aac0dc5f5ef69e86afcee836763dcc566f9d4fe645807bdecdafa26f900e39a97
CLIENT_HANDSHAKE_TRAFFIC_SECRET fd69a05219bb78f0763e33f154dff8548141b03579958b3de917bcbe51a0948e c2aef662ade4de0a9da29121f8b674cbc11fcc1b2d85788e3ebf38b8e4b229a5
SERVER_HANDSHAKE_TRAFFIC_SECRET fd69a05219bb78f0763e33f154dff8548141b03579958b3de917bcbe51a0948e 894bb33f57757569fd12a5dde50b9e906be8c012732bfdc4abb567dbe6a05d24
CLIENT_TRAFFIC_SECRET_0 fd69a05219bb78f0763e33f154dff8548141b03579958b3de917bcbe51a0948e c2156b0e81789f307273a2fe5af7756abe9f73e42756ee76b89b57849754e7bb
SERVER_TRAFFIC_SECRET_0 fd69a05219bb78f0763e33f154dff8548141b03579958b3de917bcbe51a0948e 40c8420c1ab463a5a66ac1d03ef039b04c87faadcc0d4559ac964460657adaed
EXPORTER_SECRET fd69a05219bb78f0763e33f154dff8548141b03579958b3de917bcbe51a0948e 752a5bff033202d3ce7ddd1d0686fc251c56de28532c1e5b5fbcea975bd76532
CLIENT_RANDOM 23a6082d1b6dc1fb379b0c882df326febbd9a411730a58c605d3c8344997e51d 691886beef3baa93ef74b04b9bd108d3ef85874ad1a6f06dfe835861701245a96728ba3868d6810c13b997f4f960cf67
CLIENT_HANDSHAKE_TRAFFIC_SECRET 1df542b3f77cd30902aa588d0f7a20487308af529eed6367b864484cab0c8aa3 54e2737581c8620f477fe403855ce522d751e101718b20a7e664b1245c43163c
SERVER_HANDSHAKE_TRAFFIC_SECRET 1df542b3f77cd30902aa588d0f7a20487308af529eed6367b864484cab0c8aa3 d76b07f1c62663cb33e0c61fb77a35a1f3fc4b5ca3604fbdf20863f07f76ae18
CLIENT_TRAFFIC_SECRET_0 1df542b3f77cd30902aa588d0f7a20487308af529eed6367b864484cab0c8aa3 6e2445e071204e98ae3bbec2630cfbf366a05098e29c18a6bd1237ff17660e58
SERVER_TRAFFIC_SECRET_0 1df542b3f77cd30902aa588d0f7a20487308af529eed6367b864484cab0c8aa3 cb01d3c0ba2b163941eb0015e7655ff7638b4c59b2f81ca9635a574e2c4b3d0a
EXPORTER_SECRET 1df542b3f77cd30902aa588d0f7a20487308af529eed6367b864484cab0c8aa3 1f9ac414ee7ba9dd559ab71df6600ab07c87dfccb1c716061253412025b1c746
CLIENT_HANDSHAKE_TRAFFIC_SECRET 4f6f66f8bbcba18b09de42b8f16ae1b43acc3e1bc75fcc4b23803c97c673781e a47d23f761d881c7bd66c108e0427c8b9cf37454c970e1cb76936b4569b72c48
SERVER_HANDSHAKE_TRAFFIC_SECRET 4f6f66f8bbcba18b09de42b8f16ae1b43acc3e1bc75fcc4b23803c97c673781e 3e66eaf554f40bca6534d60f56d1a29a0cc21bbf78c44b33b9b7ea939e4809e2
CLIENT_TRAFFIC_SECRET_0 4f6f66f8bbcba18b09de42b8f16ae1b43acc3e1bc75fcc4b23803c97c673781e be894309b4a85431a73576337ea1f8d685ec1dbf54587bf13a38f1bf2c744ce6
SERVER_TRAFFIC_SECRET_0 4f6f66f8bbcba18b09de42b8f16ae1b43acc3e1bc75fcc4b23803c97c673781e 693b6593d9338f13bd247f10055f0b5b71d9dc052d0b36cb5d92b076b89c1e01
EXPORTER_SECRET 4f6f66f8bbcba18b09de42b8f16ae1b43acc3e1bc75fcc4b23803c97c673781e 21e2e10527b225e8ca5b91b6daeddf5b0990263fc001a6e1ea5819aa61c6aaad
CLIENT_HANDSHAKE_TRAFFIC_SECRET 5b88787c04a6d342fe9a1d1d9886f3daab8211aa8f22d97232e6bdfc04fe0ad5 a883621e02d8886f657408a489694b25883cd90689e214f1293110a5985ca38b
SERVER_HANDSHAKE_TRAFFIC_SECRET 5b88787c04a6d342fe9a1d1d9886f3daab8211aa8f22d97232e6bdfc04fe0ad5 c05c0ec65b39a66e77f93663c5b155d5801dbd2b47a17b6e5d0634924953576f
CLIENT_TRAFFIC_SECRET_0 5b88787c04a6d342fe9a1d1d9886f3daab8211aa8f22d97232e6bdfc04fe0ad5 09405053c1652ef888a228527dc09191527c9e90859e5256a78afd0759d1be95
SERVER_TRAFFIC_SECRET_0 5b88787c04a6d342fe9a1d1d9886f3daab8211aa8f22d97232e6bdfc04fe0ad5 a7e50914619980f9d59d9be4e59719b1715e9015e1d77ae20631f50a4b368112
EXPORTER_SECRET 5b88787c04a6d342fe9a1d1d9886f3daab8211aa8f22d97232e6bdfc04fe0ad5 e56be1ff9af12c92bb1c5546438a4813c13c5ffb7c6e6ea142c6c7cefba25d77
CLIENT_HANDSHAKE_TRAFFIC_SECRET a5002fa9730b1c9bdc7db114c79c623f96853bad55821d06cc22a324b134767f 07a975bab1453ebdcf1e4e4f08ed88727c20baf72a2cbfad4980f2d136c8cbb0
SERVER_HANDSHAKE_TRAFFIC_SECRET a5002fa9730b1c9bdc7db114c79c623f96853bad55821d06cc22a324b134767f 161737071e7700e7d9575990765b33acb37899103fa1deb47d6c722edb29a928
CLIENT_TRAFFIC_SECRET_0 a5002fa9730b1c9bdc7db114c79c623f96853bad55821d06cc22a324b134767f 134479f3eb6f8d3301c5876a0bb1c4ca35fecfc2b6447d633c62f2889b37c47b
SERVER_TRAFFIC_SECRET_0 a5002fa9730b1c9bdc7db114c79c623f96853bad55821d06cc22a324b134767f 43d34edc99b601a4c4231eba3c579169340b35796dd6ba6dfe32aac807f4df2f
EXPORTER_SECRET a5002fa9730b1c9bdc7db114c79c623f96853bad55821d06cc22a324b134767f c1909b972d7daa00192c2d63a632f94901fac7cd7eeebe2d6c560e7d158031bd
CLIENT_RANDOM 308256ba2dd3e2792dd0015352cc9292f233757dadd466d4c9f97c0465871495 9d65524c701b11ca0191743de7432c426c196d97701e6d823fd8d1cf0934df658d1a21de4e445a21fbf6d78f520819ec
CLIENT_RANDOM dfe45b619ea0d182671d6caa63494576ea64704510738ebf8364673b8eef0c6a b06f3b3061a97d2722b26c77543e00dbc2f2bf188a0b2a71e1475bf81d23bcd75dc84c3833bc905e2238317137560dde
CLIENT_HANDSHAKE_TRAFFIC_SECRET a3f38728e555f1d8cde42bcb602c81291be6ad981be9719c0beb5116d9ee3a5d 1a516d57f90c643643def86835d702305fd268106059322d821fd8a8c1653083
SERVER_HANDSHAKE_TRAFFIC_SECRET a3f38728e555f1d8cde42bcb602c81291be6ad981be9719c0beb5116d9ee3a5d bc55501706f561023e7bbbc1bcfbe1ddecb5d3cdd264d72d4043b5d68843f865
CLIENT_TRAFFIC_SECRET_0 a3f38728e555f1d8cde42bcb602c81291be6ad981be9719c0beb5116d9ee3a5d 54fb16f8af5eb995fcae50270b1822fed9301d7290e4ce3af989d3b73fd1ed04
SERVER_TRAFFIC_SECRET_0 a3f38728e555f1d8cde42bcb602c81291be6ad981be9719c0beb5116d9ee3a5d a0d8496d91686aff62704810795178b0601b03ecd1ba0b4e99bf0393d09458ce
EXPORTER_SECRET a3f38728e555f1d8cde42bcb602c81291be6ad981be9719c0beb5116d9ee3a5d 6027803edf09f96508900a7057b91c43815debad27d700c44fdd13441aa48fc6
CLIENT_HANDSHAKE_TRAFFIC_SECRET 3ada7c27746a786772da89d1ebe272b242e86ae50a3ab616ce938e5973290c92 eaca23661d14ef40efa3dfbefde2b9633f220dcc9aac6f3bf9364ef30134fb45
SERVER_HANDSHAKE_TRAFFIC_SECRET 3ada7c27746a786772da89d1ebe272b242e86ae50a3ab616ce938e5973290c92 5c2be0a391b682c2eaebf4610cd236d1c8ce951d1a1d93fb7ee22bca622ca520
CLIENT_TRAFFIC_SECRET_0 3ada7c27746a786772da89d1ebe272b242e86ae50a3ab616ce938e5973290c92 ddf37a5a08f6c00828703960de2090dcf1bf15cb51e193cb2b8ad73d765f5629
SERVER_TRAFFIC_SECRET_0 3ada7c27746a786772da89d1ebe272b242e86ae50a3ab616ce938e5973290c92 ebe685bbbe6d0a7fa4fbfc490ec1e849988aef86ede3b9cb5f756f4ff6105ad2
EXPORTER_SECRET 3ada7c27746a786772da89d1ebe272b242e86ae50a3ab616ce938e5973290c92 2ad1da2ab2b7f0eaf5b89600dc9ac7ad72f1238147549d4d10dbda1da3ca53a7
CLIENT_RANDOM 45c7e1f23efc4763f84eeae0c2bd31a0bc21f1e59e4041802d82d03e80b1917e 6e7feb0bab1ed0ab428e4986c4d81ebb5b126bd3d64c99bf021da9e2ffd2c9dbffe542dcbece7d78492c4ac6fc1dffbd
CLIENT_RANDOM ae32b0b6981641fa7088ae3a1c31923c32d4451029a6a9ed9ff85025c2e92825 f143cee28c80108f54f0c7c12d787159c8dd31848c26454cab8ea2dbba3707e41bdb374410c86aab3467358568394a03
CLIENT_HANDSHAKE_TRAFFIC_SECRET 45c82f2fc64a0c776b561e5268c3166d07af705998a1c8f67b0c69fc5f8828f5 080eed0df80fa68ad0ecfcbd4b68cb27c8c78fd94fbf14a35bf02244f21a1a9d
SERVER_HANDSHAKE_TRAFFIC_SECRET 45c82f2fc64a0c776b561e5268c3166d07af705998a1c8f67b0c69fc5f8828f5 15669a74f45a5d32e7965977452794e5ff186ba61db974b2e03d566db9416655
CLIENT_TRAFFIC_SECRET_0 45c82f2fc64a0c776b561e5268c3166d07af705998a1c8f67b0c69fc5f8828f5 291efe64c5f75c66285db58b3399540217f302185fb382db02a2ea22fa612bd0
SERVER_TRAFFIC_SECRET_0 45c82f2fc64a0c776b561e5268c3166d07af705998a1c8f67b0c69fc5f8828f5 a8560bfb245bd87ef89a8dd89f9b8b979cec19228de3a4d6176ea350d2819c03
EXPORTER_SECRET 45c82f2fc64a0c776b561e5268c3166d07af705998a1c8f67b0c69fc5f8828f5 965a18f3fbb58d120346f897922a3e93e2dfd5219c9c13905630e85e3e6302cb
CLIENT_HANDSHAKE_TRAFFIC_SECRET 9d005a6950a64354c7cfde7bbb0dfafaf55e4b4bb083c26b230f347a5c1c2bbe e8cd0cbdd2609ff765d4e44a6c7f55d193d238765bd6b08abb63aaaf181768bc0546746c5dd4a6da80dd5cf488b6d526
SERVER_HANDSHAKE_TRAFFIC_SECRET 9d005a6950a64354c7cfde7bbb0dfafaf55e4b4bb083c26b230f347a5c1c2bbe 3d7c8ea46990fd774cd4a6f44c5ba9791bf88e454e22e5faf1e2caf67c34936509fa806b659a05d5c18577ceb7ed149e
CLIENT_RANDOM 129b4361991c2370cfa069d54e6639d60aeb5474c4c9874323ac9def4259f5df 3a277ca332b67519d4ee684274fe9bcfe03e7d26159241f56ec95bfedc54c17fdcd115bb72b0b35cfdd7c0556e890484
CLIENT_TRAFFIC_SECRET_0 9d005a6950a64354c7cfde7bbb0dfafaf55e4b4bb083c26b230f347a5c1c2bbe 3a6dbb69f6686cb96739a97ef7ce27183553eef22370c3cea6865fafc8bf42d0662a2e809447597149ef2587536dfcff
SERVER_TRAFFIC_SECRET_0 9d005a6950a64354c7cfde7bbb0dfafaf55e4b4bb083c26b230f347a5c1c2bbe e5c442f11afd89aea1cfca1cb02ecb26bc0efd6318ebf33eff711e69cca2d4f48738f3203d8f85711db3a4540847e72f
EXPORTER_SECRET 9d005a6950a64354c7cfde7bbb0dfafaf55e4b4bb083c26b230f347a5c1c2bbe 28adf1c8d99f84b124858b417b3cadec86eb17c3422cb27f474cebd6182a04af6dfb366ec4039b5f8b852fec11e5813a
CLIENT_HANDSHAKE_TRAFFIC_SECRET 5958eb1002193d4ca6e4f854396390175f5426ef117036366c42f58c86010013 c074600e2e1507ce8d9a30589a4d48c6175053279f5f67c4fb29397d506be47b
SERVER_HANDSHAKE_TRAFFIC_SECRET 5958eb1002193d4ca6e4f854396390175f5426ef117036366c42f58c86010013 25ed8211b55e056123722599526229560b65f1ba3ba9f1b46e6e07159cf9dc13
CLIENT_TRAFFIC_SECRET_0 5958eb1002193d4ca6e4f854396390175f5426ef117036366c42f58c86010013 17814cf27cf28414125b9419be367583729e450a6af6668c0ce324c3c49a6bd0
SERVER_TRAFFIC_SECRET_0 5958eb1002193d4ca6e4f854396390175f5426ef117036366c42f58c86010013 767df1bc12e22d12229ef27a11a9f4be8db1133271e21f953bd01e3f9c40c702
EXPORTER_SECRET 5958eb1002193d4ca6e4f854396390175f5426ef117036366c42f58c86010013 97e27238979d8a1db5f94443da89957948e1a2ee0b2983eca4392fcd62c6f625
CLIENT_HANDSHAKE_TRAFFIC_SECRET 5f7f7cf0f03100cfe718e4fa712b806d1470ee73b837e57471f04ed501b5f471 5a9dd496975de799ecb8d4c154dc111720ba9fe6360f075871bd81a292b64302
SERVER_HANDSHAKE_TRAFFIC_SECRET 5f7f7cf0f03100cfe718e4fa712b806d1470ee73b837e57471f04ed501b5f471 d3477cbf3dd57fbce659b555ddf59208995968b32fe9d9bc98881846bae7285c
CLIENT_TRAFFIC_SECRET_0 5f7f7cf0f03100cfe718e4fa712b806d1470ee73b837e57471f04ed501b5f471 4179ded4efc7af4e414b0be1a49ad7ab67d519d5b38237fbdd4bf24337a9acf3
SERVER_TRAFFIC_SECRET_0 5f7f7cf0f03100cfe718e4fa712b806d1470ee73b837e57471f04ed501b5f471 0b48b0ce131334505a5a22a03db3cdc028d09fd87bebca352d22c333d61c9225
EXPORTER_SECRET 5f7f7cf0f03100cfe718e4fa712b806d1470ee73b837e57471f04ed501b5f471 31ec9a5181c4fa0148b2a3d587615fdc0556816e80a05355c5bd47b1c5a75e68
CLIENT_RANDOM 6791118cb70cad606d8612338f87af1f4076ca655048d1616446fbac8f1272a2 95dc8d7df17230a298bb728c9098dc92783e16eef12b18a3c759c27e186f1eb0180f493e56d1b4852d0a64d7bcba37d2
CLIENT_HANDSHAKE_TRAFFIC_SECRET 128fc377fbbc53d4ff515d1ad5383692010c54d11ced03025bcfdca374b03b01 f8bb983e184849b28ce477b2230c06a1114fcb269edc457b215b8d4d56df4a72
SERVER_HANDSHAKE_TRAFFIC_SECRET 128fc377fbbc53d4ff515d1ad5383692010c54d11ced03025bcfdca374b03b01 2a1ac4cdbcb6455330a091de5c623638e73ad690969adbf5e72de22bd2bfd7e9
CLIENT_TRAFFIC_SECRET_0 128fc377fbbc53d4ff515d1ad5383692010c54d11ced03025bcfdca374b03b01 5d5ddff0cf366260442b93aeb3d241edea66b931441719e74e0e1984382e7327
SERVER_TRAFFIC_SECRET_0 128fc377fbbc53d4ff515d1ad5383692010c54d11ced03025bcfdca374b03b01 8b30f47e750e354e14fb597aebb08000469eefa2a993c48f045ed7c3cb232fb7
EXPORTER_SECRET 128fc377fbbc53d4ff515d1ad5383692010c54d11ced03025bcfdca374b03b01 0e506e44ab82983cc097ea04f30c111267498174be1900212b6b2a87549db6ed
CLIENT_HANDSHAKE_TRAFFIC_SECRET 8849b8ca18e9679ffcc74d43c6c6b7c199c4c75138c14bede60a8d5ce57a52b0 fa9fc4aa1f2743e8f592ef263429e30a5839def82026292a78ae4944337c95b0
SERVER_HANDSHAKE_TRAFFIC_SECRET 8849b8ca18e9679ffcc74d43c6c6b7c199c4c75138c14bede60a8d5ce57a52b0 9bddcd786b6228c5427a4ce5bccbe8480f5caf9f1696884e01fff2b6899db92f
CLIENT_TRAFFIC_SECRET_0 8849b8ca18e9679ffcc74d43c6c6b7c199c4c75138c14bede60a8d5ce57a52b0 9db4b1f7a0d7a1ad276c6cdf62a67125690c7d755f4b056fbdb8dc9c189fa968
SERVER_TRAFFIC_SECRET_0 8849b8ca18e9679ffcc74d43c6c6b7c199c4c75138c14bede60a8d5ce57a52b0 8c8979e6fa600a08286a56f8851e2154bf53d98fa0cb80b4c6195c77e34b1c3a
EXPORTER_SECRET 8849b8ca18e9679ffcc74d43c6c6b7c199c4c75138c14bede60a8d5ce57a52b0 7f388205725d688923ee7f9606cf43e89a021e45a1d27fc7283e0c3f588a63db
CLIENT_HANDSHAKE_TRAFFIC_SECRET 2ff7eb9f13fe7a3d51120521d317115e59776ec0872d660c438c1f27ee19cf8b 8cfb2410f16bb8a4207a52175d6f9cc82117e826902e5b3c864dca3ab10ce275
SERVER_HANDSHAKE_TRAFFIC_SECRET 2ff7eb9f13fe7a3d51120521d317115e59776ec0872d660c438c1f27ee19cf8b 22f4fac34fb09a51df4c2236c3625a62d9748bb26272a2aed40ed58019abfd6d
CLIENT_TRAFFIC_SECRET_0 2ff7eb9f13fe7a3d51120521d317115e59776ec0872d660c438c1f27ee19cf8b ddadd8e14ba07dd6d79bc6048d14fb799cab11ffb1a0f07b1a11f3b2c597c767
SERVER_TRAFFIC_SECRET_0 2ff7eb9f13fe7a3d51120521d317115e59776ec0872d660c438c1f27ee19cf8b 4bf8a960cc770867022cd6ead7236a5ef8cf76580e75fdd1525ee26ca9a8098b
EXPORTER_SECRET 2ff7eb9f13fe7a3d51120521d317115e59776ec0872d660c438c1f27ee19cf8b 42c3ccc2c4eeb8ac937ec8b8423a038bb0c5af9e23676e507dc677514f6870be
CLIENT_HANDSHAKE_TRAFFIC_SECRET 6615aaf7dae9033233b98b256b2908775fb375a09f04b3a306c5e79a6881cb6e 6251c01c4f15d6a48b842ec780e03099f734c28f0d2b610347a89600b66a7848
SERVER_HANDSHAKE_TRAFFIC_SECRET 6615aaf7dae9033233b98b256b2908775fb375a09f04b3a306c5e79a6881cb6e 7ae953d143fb74396aa855f08707efa6482729853cde868ee0ad2c385b6d6efe
CLIENT_TRAFFIC_SECRET_0 6615aaf7dae9033233b98b256b2908775fb375a09f04b3a306c5e79a6881cb6e d41dc8908753082f1bad18aa0d77168db2e57fad7961629cde3f8d003e352dd9
SERVER_TRAFFIC_SECRET_0 6615aaf7dae9033233b98b256b2908775fb375a09f04b3a306c5e79a6881cb6e 7f1e01cc9b54891a1bdf76a6675d05cc93404b49fbafc23e2b1145a46d91afd5
EXPORTER_SECRET 6615aaf7dae9033233b98b256b2908775fb375a09f04b3a306c5e79a6881cb6e dfc1201d28f44733310ac6b50aad154dd953f0f04379bc315e52e989b93ce3a8
CLIENT_HANDSHAKE_TRAFFIC_SECRET 241d69ea95ee6d95aaa802949da472fe507a059e8a667c1faea180bc698807fb 1d0ed8bcf852462e8fde2b684579f44ed498bf247b33a91816af7edccf110fc2
SERVER_HANDSHAKE_TRAFFIC_SECRET 241d69ea95ee6d95aaa802949da472fe507a059e8a667c1faea180bc698807fb 642834a20bff4ee3f2e40c7a0f090530527b428c4ee85ae68dc88744089a3df4
CLIENT_HANDSHAKE_TRAFFIC_SECRET 4e5849886290de89d64f4a0cb31f11546247a49ab62d22e0a5a4de0ee71c77c1 a37452b826b51b6f382dbc760410ad7b5f9a9834215ba2988c204d68c9c5f90c
SERVER_HANDSHAKE_TRAFFIC_SECRET 4e5849886290de89d64f4a0cb31f11546247a49ab62d22e0a5a4de0ee71c77c1 f3153d802dbf20982da6ef09a4975629d6a6f216a7f095d26c40e4c0cb7cd11f
CLIENT_TRAFFIC_SECRET_0 241d69ea95ee6d95aaa802949da472fe507a059e8a667c1faea180bc698807fb 3255fac2444b0052d375839ad605d61301a11b975462530603516fddfae79ba1
SERVER_TRAFFIC_SECRET_0 241d69ea95ee6d95aaa802949da472fe507a059e8a667c1faea180bc698807fb 778ce2625da6628b3715d76137350df973e1232e459e0a6287a0c6cbcc298863
EXPORTER_SECRET 241d69ea95ee6d95aaa802949da472fe507a059e8a667c1faea180bc698807fb fc201975779beeab69b46f62bd614caf2503c88661162c0d6531527c9253b617
CLIENT_TRAFFIC_SECRET_0 4e5849886290de89d64f4a0cb31f11546247a49ab62d22e0a5a4de0ee71c77c1 2812787415d6aa20da2312196bbe136072ef2523f05799eef13a76546c8222a3
SERVER_TRAFFIC_SECRET_0 4e5849886290de89d64f4a0cb31f11546247a49ab62d22e0a5a4de0ee71c77c1 0e48cd390a7200c24096e2925c512ad90a6aff176a90d97ee58fe96b4473bca1
EXPORTER_SECRET 4e5849886290de89d64f4a0cb31f11546247a49ab62d22e0a5a4de0ee71c77c1 6c550cf012bfdf4214fe5e09b43f348062ac0d39881c52ab396d095fe70b9953
CLIENT_HANDSHAKE_TRAFFIC_SECRET 939cb70a208a8d526a580ccbb939ef2e36662bba8cd60c7aad1d16b12cf53d5d da6e57cc039b8a6780a2a3a3130d2d50547e28d5e57679d8bbdd09065bf6e89c
SERVER_HANDSHAKE_TRAFFIC_SECRET 939cb70a208a8d526a580ccbb939ef2e36662bba8cd60c7aad1d16b12cf53d5d c70c02b666e4b46c86c4c101c248440554cc834124602928de99f8008ddba4e1
CLIENT_HANDSHAKE_TRAFFIC_SECRET c79ed1dd35ca48e88631acb054db9a46a1fc2b66a9edb56041cc122f66696bd1 33f6a6846c21b644585ff6630389e6978eaec1ce71cf0bf4887a140f059d3baf
SERVER_HANDSHAKE_TRAFFIC_SECRET c79ed1dd35ca48e88631acb054db9a46a1fc2b66a9edb56041cc122f66696bd1 838a0f22e5e373bcb52a2ec60ba545c08885eeb35439f423fb014366a0e00727
CLIENT_TRAFFIC_SECRET_0 939cb70a208a8d526a580ccbb939ef2e36662bba8cd60c7aad1d16b12cf53d5d 6aa925ab403687f89bc9e0bbd3595044001e24f88e6c0c23e48b882a26bf9a84
SERVER_TRAFFIC_SECRET_0 939cb70a208a8d526a580ccbb939ef2e36662bba8cd60c7aad1d16b12cf53d5d 5691be74f46fdb17604463b311f6c8981c43e282950ec0bf2e6228a6b3642667
EXPORTER_SECRET 939cb70a208a8d526a580ccbb939ef2e36662bba8cd60c7aad1d16b12cf53d5d bf0e06cf2ab8e454266dc62faaeaefa5bd02b397d76c7b107b7afca009f73cc0
CLIENT_TRAFFIC_SECRET_0 c79ed1dd35ca48e88631acb054db9a46a1fc2b66a9edb56041cc122f66696bd1 8dcdf57f2c74b5ae0144c047cf0fd68c795b9ae3eb9fece99947188319d91c75
SERVER_TRAFFIC_SECRET_0 c79ed1dd35ca48e88631acb054db9a46a1fc2b66a9edb56041cc122f66696bd1 9581871a305316a4c7ca7ed57d8859fbce6780ea0a162bfa7016c15bf4810cc3
EXPORTER_SECRET c79ed1dd35ca48e88631acb054db9a46a1fc2b66a9edb56041cc122f66696bd1 50366e521eae559db81ee077a5b3d47ee9d31fca58a5459a15d8c274bd0d66c1
CLIENT_HANDSHAKE_TRAFFIC_SECRET 58fbee1629d94694cf47495e3c7b76a953933ef30ea20a7ac17b0d41cec36ff7 179932b5c11b1087bfe106783ffc3fe9b41639ccbeda7d5547708de6adf0b2969ffef95d04df32e9cdf690fac64791b9
SERVER_HANDSHAKE_TRAFFIC_SECRET 58fbee1629d94694cf47495e3c7b76a953933ef30ea20a7ac17b0d41cec36ff7 d0042d7dcc9dde15c0cc9e3ebe2f8eeebbf0515aee82af56c518c41ba26e4536535f10e523014b0dda4bcff82e8c76a1
CLIENT_TRAFFIC_SECRET_0 58fbee1629d94694cf47495e3c7b76a953933ef30ea20a7ac17b0d41cec36ff7 8d2aa3f082b90c0dd530771e95d02bd48339f319b4c9651e1f559efb1e797d1537f76e7541ef73bbe1a4c2d82e2a7011
SERVER_TRAFFIC_SECRET_0 58fbee1629d94694cf47495e3c7b76a953933ef30ea20a7ac17b0d41cec36ff7 03a3d150ebbd34f4b17dec57a249e0b4416d270887ac9f5ab1a150ab3fccaa20a2110335ef9781021c90fc4a28e331ad
EXPORTER_SECRET 58fbee1629d94694cf47495e3c7b76a953933ef30ea20a7ac17b0d41cec36ff7 a2d07086967f849c15a075a263bb68e6360c0beb9cd3440e4473c496965d7d0d01fec28cece8e655304141c98d46640e
