CLIENT_HANDSHAKE_TRAFFIC_SECRET 02f9f9c79620056b4eaf23ef2e8e057ded96824c5e674a1fc75d453c3e57ebb6 18461d4d5c4ea1da205d72f3011d609d21a5f9c9ff70dd33036725f192eba618
SERVER_HANDSHAKE_TRAFFIC_SECRET 02f9f9c79620056b4eaf23ef2e8e057ded96824c5e674a1fc75d453c3e57ebb6 2423bb84d226527014786da3e0637ee43419e333dbdbbb5f6c79d50a04c32ae7
CLIENT_TRAFFIC_SECRET_0 02f9f9c79620056b4eaf23ef2e8e057ded96824c5e674a1fc75d453c3e57ebb6 55b3d285be3c7488c214765c5acaf1ee7b8e7ac6e54e5faf91e780f7bdcce9c6
SERVER_TRAFFIC_SECRET_0 02f9f9c79620056b4eaf23ef2e8e057ded96824c5e674a1fc75d453c3e57ebb6 0659be279333bf9154d31aabf99649b9afdb2cba4e1e095f6b9b533b530abbb1
EXPORTER_SECRET 02f9f9c79620056b4eaf23ef2e8e057ded96824c5e674a1fc75d453c3e57ebb6 21ad743faf9d4f4a26c6447539f87f2de615feddf5f760efbd9fef6166735178
CLIENT_HANDSHAKE_TRAFFIC_SECRET 4a610acd0a9c9ba86ba9bbf486064189270c5090a610943b56459d4d4404d375 76b5ff00d68ea8058bd204764bb8667459098b1463e40812711aa29abffa572c
SERVER_HANDSHAKE_TRAFFIC_SECRET 4a610acd0a9c9ba86ba9bbf486064189270c5090a610943b56459d4d4404d375 6c4380d9ef68af80e2c594a51ce7fc1fac635d5a02d35536336d7f174bb2a8d0
CLIENT_TRAFFIC_SECRET_0 4a610acd0a9c9ba86ba9bbf486064189270c5090a610943b56459d4d4404d375 72a867e65b8460778c22833e19f4d731901ef7cca951a6df1711578f5b1bd585
SERVER_TRAFFIC_SECRET_0 4a610acd0a9c9ba86ba9bbf486064189270c5090a610943b56459d4d4404d375 6fbdd1b191b25362332c465700ab0f44c5ede73c648213c458d5c8b8b2901a43
EXPORTER_SECRET 4a610acd0a9c9ba86ba9bbf486064189270c5090a610943b56459d4d4404d375 8c3805eb846ef987f9b96bcc1e62ce92e60f75a1ccf20ac55de52255e4efe24f
CLIENT_HANDSHAKE_TRAFFIC_SECRET 7968554e614273fa4c093db6b4de603f8aa62f706b5937543c8e3e4d77b83e2e da2737954822898e8e21aafa4f8f39100dbc98da1dbbdb6a6c889ed67352350a
SERVER_HANDSHAKE_TRAFFIC_SECRET 7968554e614273fa4c093db6b4de603f8aa62f706b5937543c8e3e4d77b83e2e 30352fd788a4005df85fff65955727c74d9793f7c27123387492df49e1178f43
CLIENT_TRAFFIC_SECRET_0 7968554e614273fa4c093db6b4de603f8aa62f706b5937543c8e3e4d77b83e2e 61790a08dc854ad9d55d3d185c11dfe487386b22b26bb953dd07d798866798ad
SERVER_TRAFFIC_SECRET_0 7968554e614273fa4c093db6b4de603f8aa62f706b5937543c8e3e4d77b83e2e 70551e496403538e328f002b9b2f2bfa03c9b858befcb0b6a376c1447e87e45b
EXPORTER_SECRET 7968554e614273fa4c093db6b4de603f8aa62f706b5937543c8e3e4d77b83e2e 39cf2dea87b6930d8e3aacf20af55c990c416fed4a26974abb9a055c2a71e54b
CLIENT_HANDSHAKE_TRAFFIC_SECRET 7c757c8ba4fca0be04b2d7e9dc59911a922ed7ad91b893f03ecff2b82db70b9b 80fc86852e2d31828e1d88158a53cc81291397d6a83a88c51c53826f257b46e4
SERVER_HANDSHAKE_TRAFFIC_SECRET 7c757c8ba4fca0be04b2d7e9dc59911a922ed7ad91b893f03ecff2b82db70b9b 5b926ce015b35001cbedf304305a3d497297d46875f7adec76e198aab1764eb2
CLIENT_TRAFFIC_SECRET_0 7c757c8ba4fca0be04b2d7e9dc59911a922ed7ad91b893f03ecff2b82db70b9b 981233d0bdaafc74d3f6e19bb7e6200a2e3889582b1334d49149c3903144b8c0
SERVER_TRAFFIC_SECRET_0 7c757c8ba4fca0be04b2d7e9dc59911a922ed7ad91b893f03ecff2b82db70b9b 8ec9db2cdbb64c99709cf528f030cd082bbeef6069b6a6e07295792510117fb5
EXPORTER_SECRET 7c757c8ba4fca0be04b2d7e9dc59911a922ed7ad91b893f03ecff2b82db70b9b 94c55aec1682b9af01c7d206b03cd0dc0b93ec714a9b2754ed91d6277fb7bbc0
CLIENT_HANDSHAKE_TRAFFIC_SECRET 6a950a0469423f9d8e88469ed5eb94a626672d246351e84f83e489c40b16c226 8d64eb6ca63cf02e59069343b4d6d615be0cc829c741a2af8f471c0388a75f46
SERVER_HANDSHAKE_TRAFFIC_SECRET 6a950a0469423f9d8e88469ed5eb94a626672d246351e84f83e489c40b16c226 4b548925e81287eb46d53d759d8040da331804f91aa3a830b443f99250ed1c55
CLIENT_TRAFFIC_SECRET_0 6a950a0469423f9d8e88469ed5eb94a626672d246351e84f83e489c40b16c226 6c2d3a59c1848dcf01367c46996d2e5f499e5c5ba44333a608f8bf8ae44d09a4
SERVER_TRAFFIC_SECRET_0 6a950a0469423f9d8e88469ed5eb94a626672d246351e84f83e489c40b16c226 76424462cc272d49a7cac1db35089b217a41573ede145b2a758be35411765d80
EXPORTER_SECRET 6a950a0469423f9d8e88469ed5eb94a626672d246351e84f83e489c40b16c226 4b0f798f726249cffbd1fcaef3d5549d20ebb4fcb20845d175fe6228ee427b55
CLIENT_HANDSHAKE_TRAFFIC_SECRET 98450a2d0d1a3eb42111f71be023b3804c0d9c6b149326f5888c80d39503f60a e41012f64b87c27e33f55137f60c086f284814e4d2d39626f6a8578a7ea3e5cc
SERVER_HANDSHAKE_TRAFFIC_SECRET 98450a2d0d1a3eb42111f71be023b3804c0d9c6b149326f5888c80d39503f60a 9df48d77d7c6934717d571669604e2614f2380249bcf318f9e796a641b8f8791
CLIENT_TRAFFIC_SECRET_0 98450a2d0d1a3eb42111f71be023b3804c0d9c6b149326f5888c80d39503f60a ddd4044064afe1e4217bb65f87c4e9bdecf2711641e7805114873501aeae0ea8
SERVER_TRAFFIC_SECRET_0 98450a2d0d1a3eb42111f71be023b3804c0d9c6b149326f5888c80d39503f60a ba775e889f20b6c0119b0c6c1ccec939cbcc670b0443651f5e4b149783671cfc
EXPORTER_SECRET 98450a2d0d1a3eb42111f71be023b3804c0d9c6b149326f5888c80d39503f60a 0210811f9dfe40c0574ca8ed0e7c7a6279428ed357d2662dd4b21dd622254cbf
CLIENT_HANDSHAKE_TRAFFIC_SECRET bc0e0d7a7229f8389279a4702e45028a5d13e25dd8e01b53246320f4ceb7258b 51851f1be97f5c40b8205d14b042771e803f12ba700eea7115fc6a8f64877620
SERVER_HANDSHAKE_TRAFFIC_SECRET bc0e0d7a7229f8389279a4702e45028a5d13e25dd8e01b53246320f4ceb7258b f5e92945a4c2be9cbd780aef03081ba932fcfcb1a39681161c2a8884bc1309a5
CLIENT_TRAFFIC_SECRET_0 bc0e0d7a7229f8389279a4702e45028a5d13e25dd8e01b53246320f4ceb7258b b1e00fb6e58ca294f7d552ed169312de65910cf563b0fe6ecd9e534a9e0662e7
SERVER_TRAFFIC_SECRET_0 bc0e0d7a7229f8389279a4702e45028a5d13e25dd8e01b53246320f4ceb7258b c5fa28c2afccd34be0d1b98f34355b9cf081233265d8e30cf8d87e8bb2edfd69
EXPORTER_SECRET bc0e0d7a7229f8389279a4702e45028a5d13e25dd8e01b53246320f4ceb7258b 59944821086698401688fc9e942d9fb8c4733a44f02b5f26163c898cd236903a
CLIENT_RANDOM e1a1b376aff20005b34ad6b4c6ab4b49c78874d97f74087cc58e6fad801e49c2 46e0eda5b6c04d7901e0d53ede330b1fb47c3e3cab7ad4fa4b29a32b50d87bb3a6e3f7ae5994ad4e9c97d52ebc6179c4
CLIENT_HANDSHAKE_TRAFFIC_SECRET 2deab3f6143f8781b3ae440942f278fd7ef34a2d01a18d038c1be010e698fbed b6dabe0de4e40478be44d6987902087baf985ba03a8e80bf3b5aab9bbf9b3ecc
SERVER_HANDSHAKE_TRAFFIC_SECRET 2deab3f6143f8781b3ae440942f278fd7ef34a2d01a18d038c1be010e698fbed b33d6efe4af896951dcc98d749dab45115dd6b56b7e77a309667f246d7e57e2d
CLIENT_HANDSHAKE_TRAFFIC_SECRET fa547bb5297118a6c905c56b206bf87f8d6ce92b4f51cb7be3789763f3a7da3d 86fc501a7f8afdcf374258e3e78f51946b99214822f903a308efe561279796cd
SERVER_HANDSHAKE_TRAFFIC_SECRET fa547bb5297118a6c905c56b206bf87f8d6ce92b4f51cb7be3789763f3a7da3d c873f7c3a72019f7404bfd5385c4bc9414eee41a89ff5b0852f99d87be6bb0d2
CLIENT_TRAFFIC_SECRET_0 2deab3f6143f8781b3ae440942f278fd7ef34a2d01a18d038c1be010e698fbed 518660792d37837de19c57020f4a466bfc686865aa9be055d30b0a51df418af9
SERVER_TRAFFIC_SECRET_0 2deab3f6143f8781b3ae440942f278fd7ef34a2d01a18d038c1be010e698fbed a353c52fb5c9d3cfc61740fa9a8910ee4d33b6d934d3e692082dc810105f2f3f
EXPORTER_SECRET 2deab3f6143f8781b3ae440942f278fd7ef34a2d01a18d038c1be010e698fbed 4ac89991d3370f83ce58180125907760c7fad4a6a62e1c2a1e433f89e6cae28d
CLIENT_TRAFFIC_SECRET_0 fa547bb5297118a6c905c56b206bf87f8d6ce92b4f51cb7be3789763f3a7da3d 59ce17c27b122061242c7d9915713a7a14f98f92cda2901d525bd05640e87776
SERVER_TRAFFIC_SECRET_0 fa547bb5297118a6c905c56b206bf87f8d6ce92b4f51cb7be3789763f3a7da3d b01f35db4b7b954a41a8186a2daf185804af2c1d19b7cbe34ee317b7fc04430f
EXPORTER_SECRET fa547bb5297118a6c905c56b206bf87f8d6ce92b4f51cb7be3789763f3a7da3d 126aca1be2f1679fe596fe4faefd81e9d76697e9c8fd5fc7db1c2f5480608752
CLIENT_HANDSHAKE_TRAFFIC_SECRET 192d6633c4de664a416d284e02054dc17780fa98b9e1bfe60d594bfb9fd0e7c4 d8da036aed5c4bf8c62847f47df73be3ee19a247b807c151d2e5912afaccb2dd
SERVER_HANDSHAKE_TRAFFIC_SECRET 192d6633c4de664a416d284e02054dc17780fa98b9e1bfe60d594bfb9fd0e7c4 6f04ed44e2abcae8819554755be3b7f1a5125d5db0d90fd3e555765e16048643
CLIENT_TRAFFIC_SECRET_0 192d6633c4de664a416d284e02054dc17780fa98b9e1bfe60d594bfb9fd0e7c4 ba04a397dc85a79af43408cdd0054fded584f1c41bea9a29a9ed0d8d621c9478
SERVER_TRAFFIC_SECRET_0 192d6633c4de664a416d284e02054dc17780fa98b9e1bfe60d594bfb9fd0e7c4 cddb2a9009b21be458006ef3c445ef02569833e39cf2e36890d93f0afff4410c
EXPORTER_SECRET 192d6633c4de664a416d284e02054dc17780fa98b9e1bfe60d594bfb9fd0e7c4 20820b80f799ac73fcf098fa4812dc269dc140582f323d3ee8bfe6aa08af74fb
CLIENT_RANDOM d86e51bd29b987f8ddc08f26156fac87a7c7c5fb220b95ea5aaaad1c5217a093 f71f12497cd3025c0aaff2e03a0c71e9cc5b79cad1e375074a9d7ae7726dd70fc9ab6e4786973a7e92feb1ec2298e532
CLIENT_HANDSHAKE_TRAFFIC_SECRET 49f251344ae6bf81f9ea1ae4aa3367d9139f7cc72a4b2674ba109d9dc1df1ca0 b89ce53d9c68f2a64a934309743cdcc52a986021987d5fdd2acd76b63f32a2a4
SERVER_HANDSHAKE_TRAFFIC_SECRET 49f251344ae6bf81f9ea1ae4aa3367d9139f7cc72a4b2674ba109d9dc1df1ca0 2b82ef495f22e73dee816e8e11db7f98998b9780f8e7316370b0b7d10151ca45
CLIENT_TRAFFIC_SECRET_0 49f251344ae6bf81f9ea1ae4aa3367d9139f7cc72a4b2674ba109d9dc1df1ca0 904ad7fc96045dec1c11a1e6bb104a523538eade7b5a3aa9ed51b4814286565f
SERVER_TRAFFIC_SECRET_0 49f251344ae6bf81f9ea1ae4aa3367d9139f7cc72a4b2674ba109d9dc1df1ca0 47caebf62da185175c21053d258fd50f979d8cf5c27bb4c9294015003fc790a7
EXPORTER_SECRET 49f251344ae6bf81f9ea1ae4aa3367d9139f7cc72a4b2674ba109d9dc1df1ca0 834da65f1457e0bdd8f774c96559158d544342e83cdbab372ce920c4c20b1f35
CLIENT_HANDSHAKE_TRAFFIC_SECRET e0c19131f4db405e699bcd4effb1d68ec72e5ccc7107fde2a73adc02ad4dd34a 05389da97190150ee03596bdefcce984828ed0e5d217475c4b9278e31d1ef377796dac94b3afcec8f816951eac28eaef
SERVER_HANDSHAKE_TRAFFIC_SECRET e0c19131f4db405e699bcd4effb1d68ec72e5ccc7107fde2a73adc02ad4dd34a 4606ba9f839b85f695da0246781f1bb3633d626c1ecf009fc6eff7b56da5fd64af1666c0d69d29e16243866bcd1ac01f
CLIENT_HANDSHAKE_TRAFFIC_SECRET 8280acc5ada6d5326db16b23c4152e9abd0195494a2bfbba1126d533e2cba734 045970ddc79ba98cae11b2320a26d769ff7a28f79c202cde707edea83b74d38e
SERVER_HANDSHAKE_TRAFFIC_SECRET 8280acc5ada6d5326db16b23c4152e9abd0195494a2bfbba1126d533e2cba734 a1f53111381876f22c31b297be41d71dccbb47f0471d5b31cde65691ce374d92
CLIENT_TRAFFIC_SECRET_0 e0c19131f4db405e699bcd4effb1d68ec72e5ccc7107fde2a73adc02ad4dd34a c20f63d1d4fe98698076bc040d40b3d6ea1fa94d0df482f8fb01083ac1b9fdb4284031a8080a6f6f950c2223c5319488
SERVER_TRAFFIC_SECRET_0 e0c19131f4db405e699bcd4effb1d68ec72e5ccc7107fde2a73adc02ad4dd34a 9445f151c419bda1627a265ebefb1338f3c862831be54b6144f44e5f5d0fafd6d7785a5585d82afb3e8229958ff53b06
EXPORTER_SECRET e0c19131f4db405e699bcd4effb1d68ec72e5ccc7107fde2a73adc02ad4dd34a cedaef8c2f8a0c7a0fcec436c6a089ed65a2cc5e84898b73bf45ae0230920270287e08fc782ec458aa161dd390d035c1
CLIENT_TRAFFIC_SECRET_0 8280acc5ada6d5326db16b23c4152e9abd0195494a2bfbba1126d533e2cba734 424e2008c07163019d09e74610800b75331375369e2dec8f4a6df433922873bb
SERVER_TRAFFIC_SECRET_0 8280acc5ada6d5326db16b23c4152e9abd0195494a2bfbba1126d533e2cba734 1a8e6bcff1a11a1ec7e24d25439a26847808d561d50f9911287912fc88eb4d09
EXPORTER_SECRET 8280acc5ada6d5326db16b23c4152e9abd0195494a2bfbba1126d533e2cba734 837afe132258270c08ef4a9890f9c6d160d2fb3229f4d15d39099c556d535d1e
CLIENT_RANDOM 691e94e23852697c80ee51490230c2d01801ae9fa04364f5b17dff65c05dbd14 c641088d6c9441e0cb01f2a60f27ecfdc44e7a7ccab4d9da46c8bb6e687a75b9784956f4b872fcbc1954e2a1763a0614
CLIENT_RANDOM 297bddfd965ceaba46605eabdac5b2bac2267e5d4d3ddec5c1c2b4605f926ae7 b14cba792169fbc1e1ac7f7a60a52ee2698c6f92984c2896e59cebf366d08d58c6130f0fba540bbf632ed6b7dced2eca
CLIENT_HANDSHAKE_TRAFFIC_SECRET c106aec0accef4f7b0deb68016c8c9855a58e6067e0f2180903a94d809154d11 38c1b24b9402204b7c911fd8618c480451e1a4fa53cf81e573faa83daf7b2118
SERVER_HANDSHAKE_TRAFFIC_SECRET c106aec0accef4f7b0deb68016c8c9855a58e6067e0f2180903a94d809154d11 73f6a4509496471cc81dde0431927ad5242e94d1383598dbba74611a21aae98a
CLIENT_RANDOM 00267a190b8e59da085449476c0c2aa101fa2109eb1d13d2c9584545dc11e20f b834659f375afffba14918a3485776b75adcb7cdf0f2c3617361cd59371be6acb57925ce2a80c7128f7996b1d815b32b
CLIENT_HANDSHAKE_TRAFFIC_SECRET e6f68f8af0c611e66da59841bbc958c1f9933924cd8a0b215b24a106567859cf f68b55b62bf7ff78fc217c857f089898371d126f079a9398fe66402cd50a5c1c
SERVER_HANDSHAKE_TRAFFIC_SECRET e6f68f8af0c611e66da59841bbc958c1f9933924cd8a0b215b24a106567859cf 08239104b612757bd5ca567cb12e75950ddbc899163a7d84657b38168606e6ba
CLIENT_TRAFFIC_SECRET_0 e6f68f8af0c611e66da59841bbc958c1f9933924cd8a0b215b24a106567859cf ca3b62e59fdb9cfcd63232819c0154b9b7dfd55bf04ff85227de648d4e3df7ce
SERVER_TRAFFIC_SECRET_0 e6f68f8af0c611e66da59841bbc958c1f9933924cd8a0b215b24a106567859cf b80e81de53f5b7c4a4af2935a9f24090f510194fb009748eb55403aea5a83506
EXPORTER_SECRET e6f68f8af0c611e66da59841bbc958c1f9933924cd8a0b215b24a106567859cf 97fd329560caf3591bc2de1c8da86694318e78f34e3dd45d8523f9ee6eae21a3
CLIENT_HANDSHAKE_TRAFFIC_SECRET 0af29a4f77a1cfc318ce554523e755b73b763c5ce2e4d13d9279801abb82e92d c25f3416dc6a6f24d0a14e96fcf706e44cd1a16952482ea72be74bf7f2048928
SERVER_HANDSHAKE_TRAFFIC_SECRET 0af29a4f77a1cfc318ce554523e755b73b763c5ce2e4d13d9279801abb82e92d 6f26bec2f2454f4938588c72e6d94a3968db1172f6a04b922c287cd2d38eb65c
CLIENT_TRAFFIC_SECRET_0 c106aec0accef4f7b0deb68016c8c9855a58e6067e0f2180903a94d809154d11 986e0caa189e73611dfb0f4885db63a122b41e5495ad1739a2241b46e8faa881
SERVER_TRAFFIC_SECRET_0 c106aec0accef4f7b0deb68016c8c9855a58e6067e0f2180903a94d809154d11 a8464983821157785d65ce0d6b679e35b379c571048071d54c4a635f3c2819c6
EXPORTER_SECRET c106aec0accef4f7b0deb68016c8c9855a58e6067e0f2180903a94d809154d11 57237a904929a0a1bee227a71f1b31e6f5bf52c9a5f6939d3e6b1f0ed84218de
CLIENT_TRAFFIC_SECRET_0 0af29a4f77a1cfc318ce554523e755b73b763c5ce2e4d13d9279801abb82e92d f1896c2b56b5d7075cb0b00e5499450a42767c2e9839b458e201644587b5187e
SERVER_TRAFFIC_SECRET_0 0af29a4f77a1cfc318ce554523e755b73b763c5ce2e4d13d9279801abb82e92d 1d48a242ba6a3a44dfe25ab4037bcfe46fd7e6c80f826bf1575fcdac005cf762
EXPORTER_SECRET 0af29a4f77a1cfc318ce554523e755b73b763c5ce2e4d13d9279801abb82e92d 78268f9b2928a1170a32bfafb577b6a7b10272c0c8a5782ee24e81359943f753
CLIENT_HANDSHAKE_TRAFFIC_SECRET 70548d16ad515ccb4f7eb0071ae6176c67d6a511f4684d24f4d154201c17cc98 d8c67a7ea1dda741a827a654412358a461efd74e252efe58baa974199f595b29
SERVER_HANDSHAKE_TRAFFIC_SECRET 70548d16ad515ccb4f7eb0071ae6176c67d6a511f4684d24f4d154201c17cc98 af23c845ffd0c93b76a11065790a600f9097e81950c93315268fb4bfa2b74c6a
CLIENT_TRAFFIC_SECRET_0 70548d16ad515ccb4f7eb0071ae6176c67d6a511f4684d24f4d154201c17cc98 7f1268533a5d93b09ee0d86bfa2bc2c83e811f3ef8737e6cd86b220cd066efcc
SERVER_TRAFFIC_SECRET_0 70548d16ad515ccb4f7eb0071ae6176c67d6a511f4684d24f4d154201c17cc98 3eff6c740b95dc96711076a9598032be5e2747645331094cd10b9e2af483efcb
EXPORTER_SECRET 70548d16ad515ccb4f7eb0071ae6176c67d6a511f4684d24f4d154201c17cc98 70979b88f50ce80ee17dce9a2282b6be8c71070c36ceb6be0580373ef2427421
CLIENT_HANDSHAKE_TRAFFIC_SECRET 81ba60d1a7f32c0d99cab1afef36076c7bd6362bcc5c1963e225ad045f9ef36f 733a863a1c2a0ff2cce6effdea53b633041b56087bbbeeaa05697508390a2c4e
SERVER_HANDSHAKE_TRAFFIC_SECRET 81ba60d1a7f32c0d99cab1afef36076c7bd6362bcc5c1963e225ad045f9ef36f 38387f94da5b21cdbce249c2c89895edd1d0c898db167453ce71a8a4b2c8ad7c
CLIENT_TRAFFIC_SECRET_0 81ba60d1a7f32c0d99cab1afef36076c7bd6362bcc5c1963e225ad045f9ef36f ed31ea203de0dd78c13024077fd0e796d35be25156798da122fa27ec17c6b8ed
SERVER_TRAFFIC_SECRET_0 81ba60d1a7f32c0d99cab1afef36076c7bd6362bcc5c1963e225ad045f9ef36f 1e4c08dc0f0f3722d1150dd9d2e8e51b871e361fce7f8267a52dd062108f84c0
EXPORTER_SECRET 81ba60d1a7f32c0d99cab1afef36076c7bd6362bcc5c1963e225ad045f9ef36f 96f781dfcd21758cce664d1edda52e836b6c5325bf3569abc0f98b7dbbe8bcbe
CLIENT_HANDSHAKE_TRAFFIC_SECRET f12ba6ef7c95608de3ee9a7c6f9d1f836eced069975b617392a720fa5c6c6f94 24d2504be623d176a8ffe0956c5d1893a9e5cde286f43fd0fd31adb0b9f94b3f
SERVER_HANDSHAKE_TRAFFIC_SECRET f12ba6ef7c95608de3ee9a7c6f9d1f836eced069975b617392a720fa5c6c6f94 7a9a80fe61e53c5332ad77b276e7264185f04cc5295889639db0750178fffcc9
CLIENT_TRAFFIC_SECRET_0 f12ba6ef7c95608de3ee9a7c6f9d1f836eced069975b617392a720fa5c6c6f94 2ab3826b12862a5ccc650c3b97e1db76e2f38a4342c3c70cf34289ad92751b7a
SERVER_TRAFFIC_SECRET_0 f12ba6ef7c95608de3ee9a7c6f9d1f836eced069975b617392a720fa5c6c6f94 953c8143912a263cc91106d9271e80d00b70595cdd71a8d198ca7e7129f8e9f0
EXPORTER_SECRET f12ba6ef7c95608de3ee9a7c6f9d1f836eced069975b617392a720fa5c6c6f94 84d3747fc45f30789d4742a60647593901e63711b32aac8807ce298cfe872c2e
CLIENT_HANDSHAKE_TRAFFIC_SECRET 4aadb56e097598384a20d81e97691f18fde416dbe9cbf60f978b8d0c2041ec1f ad52d062dc3e3ef5f4b5aa12f88c1d6f11d51f6423941454af18ea9eec442688
SERVER_HANDSHAKE_TRAFFIC_SECRET 4aadb56e097598384a20d81e97691f18fde416dbe9cbf60f978b8d0c2041ec1f 5a674e4ba88541e856e7df3eff4a2867311da978554db0fda4dcf3882ee75a17
CLIENT_HANDSHAKE_TRAFFIC_SECRET 4a4f6a51bc0941d115c0a4d3781d47377b58c6b06439faa605ef8c992e9806ef 7e5eaee94a2738b3835a77952fd98859acd347ae6a6b1208652c36ef4066c64d
SERVER_HANDSHAKE_TRAFFIC_SECRET 4a4f6a51bc0941d115c0a4d3781d47377b58c6b06439faa605ef8c992e9806ef a6adc4e1e104f16faa141ecdce4d35f916944bc7b616552bcea46d4f7c776ba6
CLIENT_TRAFFIC_SECRET_0 4aadb56e097598384a20d81e97691f18fde416dbe9cbf60f978b8d0c2041ec1f be4b123782991b8a9d153c705a9fe24393b6f96aed720e47b0bcb3b7567671e1
SERVER_TRAFFIC_SECRET_0 4aadb56e097598384a20d81e97691f18fde416dbe9cbf60f978b8d0c2041ec1f 640c58b24f2808d7d43d45895b10d411bd8285d0f6dc61cfcabf5abfc8f09857
EXPORTER_SECRET 4aadb56e097598384a20d81e97691f18fde416dbe9cbf60f978b8d0c2041ec1f 5a6c40044b5fdeb18ed167263a7becbfef889a3fbb2763ea706d21149ec63abe
CLIENT_TRAFFIC_SECRET_0 4a4f6a51bc0941d115c0a4d3781d47377b58c6b06439faa605ef8c992e9806ef b3f61faa1ec2f0b66c3bfc5bc73d10edd09cd46c5db002a3a6fc0cfdf872a9e4
SERVER_TRAFFIC_SECRET_0 4a4f6a51bc0941d115c0a4d3781d47377b58c6b06439faa605ef8c992e9806ef 1b90ceb1b6ad3b2fcd5283bb0a1a189ff8caeb29fb81a5abcfc2773059ef3c78
EXPORTER_SECRET 4a4f6a51bc0941d115c0a4d3781d47377b58c6b06439faa605ef8c992e9806ef b7765e9fd05c2a0b28a6b993ef84b3638ec57d3dbf5000d5442c364726dab94a
CLIENT_HANDSHAKE_TRAFFIC_SECRET cc7f6ea64c93cd1e32b433ea6d92b4d5dd6a7c2d609a2fc96adb2403883559c7 84b365dc1e99a2e33e9a20f9bd18ff0e6a8a804457b98f5c116d02600bc936bb
SERVER_HANDSHAKE_TRAFFIC_SECRET cc7f6ea64c93cd1e32b433ea6d92b4d5dd6a7c2d609a2fc96adb2403883559c7 7178bed201d6ae15b51509ce6ef5147b563d605740369c5fef86213823b48a5c
CLIENT_TRAFFIC_SECRET_0 cc7f6ea64c93cd1e32b433ea6d92b4d5dd6a7c2d609a2fc96adb2403883559c7 a498555e4f9d214be77d272a6f1a0bdc7d139a8cb8c20f3132067dee73a4cad8
SERVER_TRAFFIC_SECRET_0 cc7f6ea64c93cd1e32b433ea6d92b4d5dd6a7c2d609a2fc96adb2403883559c7 d0d6bf86a8e8fc73d5fe836e410308d6e75a7d698be33daf0c920225f69dca95
EXPORTER_SECRET cc7f6ea64c93cd1e32b433ea6d92b4d5dd6a7c2d609a2fc96adb2403883559c7 e48be21fc97822415e46c3d74e8616872fa69727570869df076e00769afac872
CLIENT_HANDSHAKE_TRAFFIC_SECRET 2aaba350c04757a4dedc11db766ed20c2965f6bf834a074e911eac6f3f756a0e 0c5c1bcb2b12d4ccedc858a026aa21bab5f135f3453c301435f68894493e6c30
SERVER_HANDSHAKE_TRAFFIC_SECRET 2aaba350c04757a4dedc11db766ed20c2965f6bf834a074e911eac6f3f756a0e 6ee845dabdb72e28dda32aeb01dee45595563ef615f29a7a8f597fd453100c55
CLIENT_TRAFFIC_SECRET_0 2aaba350c04757a4dedc11db766ed20c2965f6bf834a074e911eac6f3f756a0e 98947438548a5699e950c64e3a81903f7c4a58c81ce6b27ac6e52fae404ee646
SERVER_TRAFFIC_SECRET_0 2aaba350c04757a4dedc11db766ed20c2965f6bf834a074e911eac6f3f756a0e 844c1a062e708660a795893c4edc00ffe6a7dfcfb50254a415cd47ac52e02b28
EXPORTER_SECRET 2aaba350c04757a4dedc11db766ed20c2965f6bf834a074e911eac6f3f756a0e ba5d8a3012871de8ee31b5c69359db7805e5e3d7176615089e058916ba961fab
CLIENT_RANDOM 7326f2a15a91eee4c2ae3a2c527432496864fe042daef912e79346e5b09c5245 0c4212b9b362959bc76d4de9f39132fb7b56acfb1e05cc8b46d686dd2d394ff20d053e010807800cb7ef23275c73fd6f
CLIENT_HANDSHAKE_TRAFFIC_SECRET 029d8ea908a34b0b422e90590544c2a08d852fe134231796afb91439dc39a4b8 53087eebcf069b3bc0781f9938291db8f4b911ebbbc84266bbc6800d3c8ddd53
SERVER_HANDSHAKE_TRAFFIC_SECRET 029d8ea908a34b0b422e90590544c2a08d852fe134231796afb91439dc39a4b8 04666a52cd0545c77189b91d824db52ae9e1f3c07d454735b524fe696cdd2976
CLIENT_TRAFFIC_SECRET_0 029d8ea908a34b0b422e90590544c2a08d852fe134231796afb91439dc39a4b8 d0b3cfd0058250d80ea481aaea3e23559e8db0c6f4fe3aed865cd25544e09a6c
SERVER_TRAFFIC_SECRET_0 029d8ea908a34b0b422e90590544c2a08d852fe134231796afb91439dc39a4b8 344e8c948d07d2afe97d6c7d90ea108daa739ba5c67592c32743a7dae3ca8e2d
EXPORTER_SECRET 029d8ea908a34b0b422e90590544c2a08d852fe134231796afb91439dc39a4b8 71ba37ef7e5386002fbb5954815e582433b46b42419ad8900b19325825d86b2d
CLIENT_RANDOM 64e2358758d4646a6e8360a6c4341b982b90effe9ee13d60630bb6faacdf3ca9 3ca63bbca7b240738f67395bb5111a4651ac5a1d9a13353f9dd75aae33dd376445a6fbe737a384d223f843c5ebfdd4de
CLIENT_HANDSHAKE_TRAFFIC_SECRET 83f3c9a1c9eed406ebb952a60214fe6be77ec1b6fc75a7ad483e96af03a612dd 49c0dc3840c999a415211a873dac54dc86edfe729e4a2b1b2886dec18920a4fb
SERVER_HANDSHAKE_TRAFFIC_SECRET 83f3c9a1c9eed406ebb952a60214fe6be77ec1b6fc75a7ad483e96af03a612dd 23066cf58def9dc01ef685217c72bb203857af276fdc6934ec2abbbcfd649bea
CLIENT_HANDSHAKE_TRAFFIC_SECRET c2e24dfdd450dc76304d2eb11269a7c183ecac1dfe412b7a4318d627765c542c ba3994c398ead33e2b792b5e4a87d73719831e6b4ddf0aa5a3aa85e343d37cf3
SERVER_HANDSHAKE_TRAFFIC_SECRET c2e24dfdd450dc76304d2eb11269a7c183ecac1dfe412b7a4318d627765c542c 2a21d02136f6b31d7901fa63c0bdcd7a2d2d94c7aebdee3f2dd3476a73a985f3
CLIENT_TRAFFIC_SECRET_0 83f3c9a1c9eed406ebb952a60214fe6be77ec1b6fc75a7ad483e96af03a612dd cf56911d9495fb537033e5512aeb9b7fbfb5788f2d483bc61a9d1c295f15ff3d
SERVER_TRAFFIC_SECRET_0 83f3c9a1c9eed406ebb952a60214fe6be77ec1b6fc75a7ad483e96af03a612dd bfd9e6b8fd27132aee9bcea4e09d25b12a1d3224edb089bc3f26b79a409e5fba
EXPORTER_SECRET 83f3c9a1c9eed406ebb952a60214fe6be77ec1b6fc75a7ad483e96af03a612dd c3768f97f7f96736f122e622b88a3c4437bac4462b6f45b5174616e74c8f734f
CLIENT_TRAFFIC_SECRET_0 c2e24dfdd450dc76304d2eb11269a7c183ecac1dfe412b7a4318d627765c542c 81e67a7a4e3090da7fc030cfa6bc9860a24c21404688f60cce3cf9c971b99537
SERVER_TRAFFIC_SECRET_0 c2e24dfdd450dc76304d2eb11269a7c183ecac1dfe412b7a4318d627765c542c 773a7593380d794202910455c0c0e3831466cfaf924f1ed92ba68265118daab1
EXPORTER_SECRET c2e24dfdd450dc76304d2eb11269a7c183ecac1dfe412b7a4318d627765c542c 45c08dcde26fee8421f062c0b9baf594860462da1e960d81b6daf450384750b1
CLIENT_HANDSHAKE_TRAFFIC_SECRET 33311949fdfcdb03359147fc6a0f17e13bf9c196c0261e931320da13e91faf41 bfcf3bbfc1e23d126f98c4394f298f2245663b284329ac31321a4f8842d0e5ca
SERVER_HANDSHAKE_TRAFFIC_SECRET 33311949fdfcdb03359147fc6a0f17e13bf9c196c0261e931320da13e91faf41 d85b28fffdcb65c189c8be901ed55c3a446426a0ac2d80f5fe94df8aeb7f602f
CLIENT_TRAFFIC_SECRET_0 33311949fdfcdb03359147fc6a0f17e13bf9c196c0261e931320da13e91faf41 52fe4dea46284f1920bf800f8fd804b4b535b8fe8597745f607c0980c83d3722
SERVER_TRAFFIC_SECRET_0 33311949fdfcdb03359147fc6a0f17e13bf9c196c0261e931320da13e91faf41 3ecec5058ba85efddd63bebb564d3199e48aacd42e12b53675d9ae4f21066d70
EXPORTER_SECRET 33311949fdfcdb03359147fc6a0f17e13bf9c196c0261e931320da13e91faf41 8d25d677cb77ee198162f857c0b6da14483c9fc409c282f7c3458fedf7ef3496
CLIENT_RANDOM 8b873fe8d270ff9fe21f46f953515675f6d3717900ad2b6b0fdd47b0cf8fd314 537e5ce05928af88c36cab9c4bc348c91e72c1858c764430666983979e3556373a3649f66e8792353d1154f149d8c141
CLIENT_RANDOM 7aee37a714850a267c957227c01d975cc367869960425fbcfd452e9377d2ed38 3a84e5c612ead1bf156a10c666de61a366cdfaa88134ab0db5f296404eb16a08e98b1ae09f95e240e9d00fe1b876ccc4
CLIENT_HANDSHAKE_TRAFFIC_SECRET 0393b3d6e25ba323156e60fb732803377964dd33e0bf5f10b0fc0beeda1438aa 121ef38606bf2267254fb7d922dc62f6b4d6652a9161b8785948dcf561e7062f
SERVER_HANDSHAKE_TRAFFIC_SECRET 0393b3d6e25ba323156e60fb732803377964dd33e0bf5f10b0fc0beeda1438aa 9c03e721a030d2e5abdfa3048a1a2f16ff90319b388c7041b4bfacf836a04811
CLIENT_TRAFFIC_SECRET_0 0393b3d6e25ba323156e60fb732803377964dd33e0bf5f10b0fc0beeda1438aa 82dd10cb1d2a4c955316d027b293dfb716ed0707db07ca3c512f718002464905
SERVER_TRAFFIC_SECRET_0 0393b3d6e25ba323156e60fb732803377964dd33e0bf5f10b0fc0beeda1438aa 7ddb6fe06477569a65df63daf54fc5a1e39cf75b42004e6ef40f4679193fdcae
EXPORTER_SECRET 0393b3d6e25ba323156e60fb732803377964dd33e0bf5f10b0fc0beeda1438aa 57597eeedb22d914aba3427db1e7db201c8a9cfb8f3969efc1638efdb5cc1a94
CLIENT_HANDSHAKE_TRAFFIC_SECRET bdd2a39abb520469abab4823adbc295237915729ddae53091dbe871d00ce31bb 98eab84be50a6b20fd707aead113426cd9ee3e19561b2a17814dfbec83030805
SERVER_HANDSHAKE_TRAFFIC_SECRET bdd2a39abb520469abab4823adbc295237915729ddae53091dbe871d00ce31bb 27e64851c0fecd1a0d1d6dd45565bf6f0723689a676144ec8a4034faa06bcb18
CLIENT_TRAFFIC_SECRET_0 bdd2a39abb520469abab4823adbc295237915729ddae53091dbe871d00ce31bb 0821fff10cd4eb82b47b65e671ed66821fde945576883ab267e46c00942f36d7
SERVER_TRAFFIC_SECRET_0 bdd2a39abb520469abab4823adbc295237915729ddae53091dbe871d00ce31bb d21b8dd92210abfecbbc697d2c65049d09112b65ed97fb216a0e023e2277ee03
EXPORTER_SECRET bdd2a39abb520469abab4823adbc295237915729ddae53091dbe871d00ce31bb bf594f2d66bf5a3110ab446099dccb2fbdc9a5f466dfb5d8eb3f3d632f1cc9b9
CLIENT_RANDOM 7d16ad02af29d3776db02d0ba382169b31079e963b5c9b36469690391594877e 04219c7af2417937771a13aca5e447352ee5313f9788aeec33aacd4b1e56d0287c2d6e892bf2e4665bd6b74c2ebefaf5
CLIENT_HANDSHAKE_TRAFFIC_SECRET 7e9fe21d2ef87594c70c2aa80e8e98ec11a0612db26361c1f99899c188ab693e 6815fb8a56d48da8110d47dc189fa20ce14a639b6e19b08364cb67c6f75b7782
SERVER_HANDSHAKE_TRAFFIC_SECRET 7e9fe21d2ef87594c70c2aa80e8e98ec11a0612db26361c1f99899c188ab693e 68fb22e36297a4665f882fea3d1f671ba5875514c472eddd50e1024cd0a5984f
CLIENT_TRAFFIC_SECRET_0 7e9fe21d2ef87594c70c2aa80e8e98ec11a0612db26361c1f99899c188ab693e 611fd8bbed24c4648dfbda1f754f662a67ef5bb22f76d8f5a5e06777b445f38e
SERVER_TRAFFIC_SECRET_0 7e9fe21d2ef87594c70c2aa80e8e98ec11a0612db26361c1f99899c188ab693e 062b2f4bfc038770ebe1782a36f2534b23edfce7554d36a84408d477b6244b02
EXPORTER_SECRET 7e9fe21d2ef87594c70c2aa80e8e98ec11a0612db26361c1f99899c188ab693e e6e8fab89c07f38884632ad2e19f64e97fa1c866029586f38ca7a6f87ebc88b2
CLIENT_HANDSHAKE_TRAFFIC_SECRET e086556f7a2965b3827ab8f65118ac18ced7c164ebc4ffd71e33f8d7b921b24c e75ac185df1c127484c532dff4d0ea6139853d3ccbe47306dfb9639b5a1a20a7
SERVER_HANDSHAKE_TRAFFIC_SECRET e086556f7a2965b3827ab8f65118ac18ced7c164ebc4ffd71e33f8d7b921b24c 98ecc48573607742396da7ae0bfe8273b07202cb76508b23b7c2f8f7ca65f5c4
CLIENT_TRAFFIC_SECRET_0 e086556f7a2965b3827ab8f65118ac18ced7c164ebc4ffd71e33f8d7b921b24c 5a2d125b826f452db7dc9e7f839dac6b209f6fe69ab4cbe90f1be659e8fb20c3
SERVER_TRAFFIC_SECRET_0 e086556f7a2965b3827ab8f65118ac18ced7c164ebc4ffd71e33f8d7b921b24c 337f64bcbf9e8a58699cd285cce5fc3bf71625a04c9b67081003b2ab1a7591b8
EXPORTER_SECRET e086556f7a2965b3827ab8f65118ac18ced7c164ebc4ffd71e33f8d7b921b24c 22a073a541e24c5edd8480285dcd61f588ca655dfb3eb21591de8ab7e0c96700
CLIENT_HANDSHAKE_TRAFFIC_SECRET 61ae1aad5ee5ca7ed064ee13f7a5dd2d62ee52f77c2bb6fad8f7e737c68fd533 cc26cc7e7645d7a1ccbdd29f314a0360a278274c19382c5c7296bc383a12d282
SERVER_HANDSHAKE_TRAFFIC_SECRET 61ae1aad5ee5ca7ed064ee13f7a5dd2d62ee52f77c2bb6fad8f7e737c68fd533 8b1562b38def7ba41a3a2496452e9d82f2a648f1cf27a57a4ddb45c5f360671a
CLIENT_TRAFFIC_SECRET_0 61ae1aad5ee5ca7ed064ee13f7a5dd2d62ee52f77c2bb6fad8f7e737c68fd533 b7ae2cffd4c7d833bba6e8c25210df2ad7b8e6c9a0694a6a3f67a45abaa70040
SERVER_TRAFFIC_SECRET_0 61ae1aad5ee5ca7ed064ee13f7a5dd2d62ee52f77c2bb6fad8f7e737c68fd533 c7f3ad7afe1ad0180734bb08321a15d615303f5badd7cc3cf86258fd8b668fc5
EXPORTER_SECRET 61ae1aad5ee5ca7ed064ee13f7a5dd2d62ee52f77c2bb6fad8f7e737c68fd533 c2821e6174cf093a55df84a985b55824e02eb1c1d5f26c68ff44ac44affa9d7e
CLIENT_RANDOM 987eb8801fea1592ffa3b6d59d4a292e3fcef07e477a4bbed34790560ffb4fe1 2990036d03f7477deec1cc6a15730f071b3b448c52fd4dbb24f040e933f2d92beb90400710b4148ec672a420556a8f9a
CLIENT_RANDOM 5b13bd722d5e207756599bb7dc32c84c00e7e121d13e703c131e87793917c8bb c8c9860c1c20467b29262d28264844780f14af22bcfc62ed9229478bb6534687bad410446ab12972b185722423ce9569
CLIENT_HANDSHAKE_TRAFFIC_SECRET 6774f34aa4229893b5f6f629038b767a890654047a9ca235987a2275e1443b83 9dbbf4d61d93f95730ee973e1ea7f190f58dc48e9fa23e1debdc6980dfb49c89
SERVER_HANDSHAKE_TRAFFIC_SECRET 6774f34aa4229893b5f6f629038b767a890654047a9ca235987a2275e1443b83 c3fa2fa307b2f42c1e3fb9264668c7c051f2c79f06b76844089deeb76360fc06
CLIENT_HANDSHAKE_TRAFFIC_SECRET b0aa3939cccfcb0127a6fc909d74429207d59bd67e9cf147d55c0fee47bcb48c 28e0ab042534437eee81ea8292afc591d77e47c8758cdbc247b22dc6966db699
SERVER_HANDSHAKE_TRAFFIC_SECRET b0aa3939cccfcb0127a6fc909d74429207d59bd67e9cf147d55c0fee47bcb48c 4daa40a22b10e02b802b9896e92f68bb17cd41f70c178eed4ac53a61fc439ca7
CLIENT_TRAFFIC_SECRET_0 6774f34aa4229893b5f6f629038b767a890654047a9ca235987a2275e1443b83 2df3d6fb07b7fdd41d229c19a451b2beebeb16c2a8eaa9999ba64e0757432ae6
SERVER_TRAFFIC_SECRET_0 6774f34aa4229893b5f6f629038b767a890654047a9ca235987a2275e1443b83 b6c579a0b144aecaf9db4fbfe09c893e1f31af4530cc27394445471ae7f29abc
EXPORTER_SECRET 6774f34aa4229893b5f6f629038b767a890654047a9ca235987a2275e1443b83 f9d72c62ac1d4db387345c3a82a04f8add142737c5335b33051b792faaa37d12
CLIENT_TRAFFIC_SECRET_0 b0aa3939cccfcb0127a6fc909d74429207d59bd67e9cf147d55c0fee47bcb48c f6134b0a1eb8c65fdba03555781fd27a754fc62f5be7a03daa4f24a7a693cb13
SERVER_TRAFFIC_SECRET_0 b0aa3939cccfcb0127a6fc909d74429207d59bd67e9cf147d55c0fee47bcb48c 585cd65dd21938d810b8980bbcee151bd717e4f5bf4efde907aee8fea613758f
EXPORTER_SECRET b0aa3939cccfcb0127a6fc909d74429207d59bd67e9cf147d55c0fee47bcb48c bb3c3cc5c90b4de24fbe9dffd4fda2900439e514c77dbc7bd7d9a8acf44bc82c
CLIENT_HANDSHAKE_TRAFFIC_SECRET 86ba00e2a253ab1b0ee1e152ad0a5dd962156bc0ce097a362b250cd974dfb0e3 c45be9872eca6892e19305cc8adefd83a174544068123109d237f80575301e8d
SERVER_HANDSHAKE_TRAFFIC_SECRET 86ba00e2a253ab1b0ee1e152ad0a5dd962156bc0ce097a362b250cd974dfb0e3 0eac92b7c62c9ac60d2269c86507ef3c2dfce2be324ce49ff73aeebe196e37fe
CLIENT_TRAFFIC_SECRET_0 86ba00e2a253ab1b0ee1e152ad0a5dd962156bc0ce097a362b250cd974dfb0e3 1753a1648c6790522655f4c2d28ab06f66ac1678f176270e8bf5c2abd59cbfa5
SERVER_TRAFFIC_SECRET_0 86ba00e2a253ab1b0ee1e152ad0a5dd962156bc0ce097a362b250cd974dfb0e3 34f41575624f67eab96ed6e5d58f2cc5ce1687be67560f75bdd8ece1d0c44c43
EXPORTER_SECRET 86ba00e2a253ab1b0ee1e152ad0a5dd962156bc0ce097a362b250cd974dfb0e3 226b24dd65bd0ad07256636d7bed38031ab6d11d119e7e90a94938387cf47459
CLIENT_HANDSHAKE_TRAFFIC_SECRET e6b0c5b35c539775ac5e7b0a0a978a3bd61b55485eec2153098faa4af0e26573 33573f2c5178ce6a0314b14a55b1976b0e09e03321422178ec99e8a34a6cf5c6
SERVER_HANDSHAKE_TRAFFIC_SECRET e6b0c5b35c539775ac5e7b0a0a978a3bd61b55485eec2153098faa4af0e26573 c7be0c0e313f66920d5a6c698652f3156de0b7981d6e0c2074e1192da28d9a3c
CLIENT_TRAFFIC_SECRET_0 e6b0c5b35c539775ac5e7b0a0a978a3bd61b55485eec2153098faa4af0e26573 93a5772d33a9623b10d5ed8640f868e97dc744db7acb3c0df4a22e2c8f7e53ed
SERVER_TRAFFIC_SECRET_0 e6b0c5b35c539775ac5e7b0a0a978a3bd61b55485eec2153098faa4af0e26573 10fec4fedfda5cb1fc4d09da7e277e97eb12d993288aeb30791ac04141f21292
EXPORTER_SECRET e6b0c5b35c539775ac5e7b0a0a978a3bd61b55485eec2153098faa4af0e26573 63196f5321372badc317f79b0bcef739d6433d2980c3c734353cbac17702f2e6
CLIENT_HANDSHAKE_TRAFFIC_SECRET 550d953e079e46129ff6ed54c8fa7d391ae654baffbb0e6f46a453b26b7fe07f 068ad20e73eebc6b0ce3b1d898b52ce5df65d1f261925325ac4e50a917765fe1
SERVER_HANDSHAKE_TRAFFIC_SECRET 550d953e079e46129ff6ed54c8fa7d391ae654baffbb0e6f46a453b26b7fe07f 71bf93afdfc00991a7119668eeee6aa1285161a575f26761913c1936850ea562
CLIENT_TRAFFIC_SECRET_0 550d953e079e46129ff6ed54c8fa7d391ae654baffbb0e6f46a453b26b7fe07f 400e2d25be65ab9ce6ad1d85c2c787a9341064c907e981f4cd76b53c990e192b
SERVER_TRAFFIC_SECRET_0 550d953e079e46129ff6ed54c8fa7d391ae654baffbb0e6f46a453b26b7fe07f fc5f39530c8ce290ee1d1c20008039d7dafaa00365819916a19e155b5cb51320
EXPORTER_SECRET 550d953e079e46129ff6ed54c8fa7d391ae654baffbb0e6f46a453b26b7fe07f 3faf7f97b7f24edbc69edaf7435a14014e6ed583484d4840238a72289afc3153
CLIENT_RANDOM 52bdc920f30906e7e806172a90acc6e7a0ceb0181c6e39cce07a2f29159a6870 fc59f9960dd6815f981f27005a6999ca9401875b8eac622380a07b242ea39c588b130416a066bb6d79e930753332ab8b
CLIENT_HANDSHAKE_TRAFFIC_SECRET bbe96fe21a956db36bd4d612594ac2db70446d3171754452574319be5ab4c3c5 7ec5bcc4237b709437f4d886ee355a0988ba2b759b882db1d6919db1cebadeef
SERVER_HANDSHAKE_TRAFFIC_SECRET bbe96fe21a956db36bd4d612594ac2db70446d3171754452574319be5ab4c3c5 a137d36b55ee124e4aa126dddc1f12f521cd00621e703b9afa9fa046b6bab612
CLIENT_HANDSHAKE_TRAFFIC_SECRET 988d19fe74606944bef62e3543a1bc016a41735606bf999c2081e91d365a9f8d 8051200e24efcfc8c211e58d0c9bfc03378703c936ff939f692f31a1ccd61bcb
SERVER_HANDSHAKE_TRAFFIC_SECRET 988d19fe74606944bef62e3543a1bc016a41735606bf999c2081e91d365a9f8d 3dc4e0f02f81a34434b6fdb51ef4de6fc0ebaa2cefee40e3e216d80ed6882617
CLIENT_TRAFFIC_SECRET_0 bbe96fe21a956db36bd4d612594ac2db70446d3171754452574319be5ab4c3c5 12377d096aad9f85b00cd0ae1378e1fca54fcd8c786a319471d1606ac26d704b
SERVER_TRAFFIC_SECRET_0 bbe96fe21a956db36bd4d612594ac2db70446d3171754452574319be5ab4c3c5 d2c30884218ccdecba1d7dbd358ac0f919739bc5ec9bac4f9ab804f30f2bdc63
EXPORTER_SECRET bbe96fe21a956db36bd4d612594ac2db70446d3171754452574319be5ab4c3c5 7a64faab4190a1e71856159570c9c1876303808c24297463ae14e47e0e81fbb1
CLIENT_TRAFFIC_SECRET_0 988d19fe74606944bef62e3543a1bc016a41735606bf999c2081e91d365a9f8d e1c566003dadeaab31d0bec03fb3d82f74e5d87ff68d3299233b4fe5673cbc71
SERVER_TRAFFIC_SECRET_0 988d19fe74606944bef62e3543a1bc016a41735606bf999c2081e91d365a9f8d 2ead0ef10945a7ab8c0d686a035cdfff94158e81d2af0253e3f3e50c58dd5542
EXPORTER_SECRET 988d19fe74606944bef62e3543a1bc016a41735606bf999c2081e91d365a9f8d 63441a40d5312eb41c9087d8340e4bc1d13611bd38226b7d0cb013983a04999f
