CLIENT_HANDSHAKE_TRAFFIC_SECRET e336154fb010dc6b014d8da1192e0f8a54f7330ce3d3cbe8110b0199c75cd052 30dae5b50016f5989d9bda7a9e5027e0bec77e8a739c6d9299acfdbf130a7fde
SERVER_HANDSHAKE_TRAFFIC_SECRET e336154fb010dc6b014d8da1192e0f8a54f7330ce3d3cbe8110b0199c75cd052 7d3c395a226700e9d936a9eedcd89bdca89f874a59edbeaec3cd6737ac0d575f
CLIENT_TRAFFIC_SECRET_0 e336154fb010dc6b014d8da1192e0f8a54f7330ce3d3cbe8110b0199c75cd052 9cf0de60f80cb433ef00cb8325ea52a447ac8a2c0f65630c4a4637fe06a6fa20
SERVER_TRAFFIC_SECRET_0 e336154fb010dc6b014d8da1192e0f8a54f7330ce3d3cbe8110b0199c75cd052 a43b05aff4ece8676ec11727bdc840e57b1d28129b5a879c9204e60a121d2b46
EXPORTER_SECRET e336154fb010dc6b014d8da1192e0f8a54f7330ce3d3cbe8110b0199c75cd052 81e4d1b6596a5ae295ce176d864766a3410862ae42e11b75649e3b476b79ce0a
CLIENT_HANDSHAKE_TRAFFIC_SECRET e8e1a789fb0dee62dc54aa11e9a0e470ecd7d62723d94328a2729163518ad57e cce2ff718e997823a399e15877447d4127b28150b9f7c222b65163fbce4f7682
SERVER_HANDSHAKE_TRAFFIC_SECRET e8e1a789fb0dee62dc54aa11e9a0e470ecd7d62723d94328a2729163518ad57e 86ded73ea5d68d0d2e0d2762ad63c0db8320415dd2b8eb43139c2e20417e5d18
CLIENT_TRAFFIC_SECRET_0 e8e1a789fb0dee62dc54aa11e9a0e470ecd7d62723d94328a2729163518ad57e 6069b569c1229880ecd29a472bcc55f9d60e091791e29c732cbc56c9f58d5877
SERVER_TRAFFIC_SECRET_0 e8e1a789fb0dee62dc54aa11e9a0e470ecd7d62723d94328a2729163518ad57e 33d53ffb5db901f5fbd8fb014d04f1b91fb4bcfe07e909ff4be34219e1497f38
EXPORTER_SECRET e8e1a789fb0dee62dc54aa11e9a0e470ecd7d62723d94328a2729163518ad57e 4f35b155f6220521e8a16141a79b16ed0394efc8ca7214b891566716fe3a0c41
CLIENT_HANDSHAKE_TRAFFIC_SECRET 877e8fec5f7eeead9e4b5be8df35a162db9a0b4c6e00a5d0db8d55566f23ad3a 1b8a74c4d130de33114f77161464f64a7b582ffe04732c15ec93960b8f0cb835
SERVER_HANDSHAKE_TRAFFIC_SECRET 877e8fec5f7eeead9e4b5be8df35a162db9a0b4c6e00a5d0db8d55566f23ad3a 949565a66beb3873a1be509d7ec30cc85e3bfe2dff537937ebb5d21ce901c05a
CLIENT_TRAFFIC_SECRET_0 877e8fec5f7eeead9e4b5be8df35a162db9a0b4c6e00a5d0db8d55566f23ad3a e9d1da3b2f2aa948652e38e97b15b263a72c25dcb45cd4cdf70790ad28acffae
SERVER_TRAFFIC_SECRET_0 877e8fec5f7eeead9e4b5be8df35a162db9a0b4c6e00a5d0db8d55566f23ad3a 2987bc07adbe02b062b9483d7d011462722152404368169523e656930a947d8d
EXPORTER_SECRET 877e8fec5f7eeead9e4b5be8df35a162db9a0b4c6e00a5d0db8d55566f23ad3a e9a0f6909590b3992981d829d17e35fcae9438c9699db8f54bda288e179466bd
CLIENT_HANDSHAKE_TRAFFIC_SECRET b4a37bd44e2c6dae64b0780c70a9dfec8e2ccd8ce8e8a7fa1851b04b850b465e 711a2fdfd8146a26c37f29ccf72a5ad88b3bf88deaadbcc6e01324c382b00013
SERVER_HANDSHAKE_TRAFFIC_SECRET b4a37bd44e2c6dae64b0780c70a9dfec8e2ccd8ce8e8a7fa1851b04b850b465e aa8b1cad725202a473df6e7879b8e30a58698c94a4528fb4057813181b4f65dd
CLIENT_TRAFFIC_SECRET_0 b4a37bd44e2c6dae64b0780c70a9dfec8e2ccd8ce8e8a7fa1851b04b850b465e 6eec8485b76ba10014bbef7d7c7369aa9cf4461f9b2092275f230210df5b817e
SERVER_TRAFFIC_SECRET_0 b4a37bd44e2c6dae64b0780c70a9dfec8e2ccd8ce8e8a7fa1851b04b850b465e 2f7e7d002fda06e720e49906a50396a7581e202dcac3144f931f632b0b7c03d6
EXPORTER_SECRET b4a37bd44e2c6dae64b0780c70a9dfec8e2ccd8ce8e8a7fa1851b04b850b465e 452c4c864f7133d93f49588fc95945c3c67b38ac52051f8912d95984c2bdb477
CLIENT_HANDSHAKE_TRAFFIC_SECRET 6377303634f68350b1708b3f7dffcb8ce49894eba50169ab4099c31ba40e81f2 01a70bdd4d6bc36d70a95ff05496325e383584c85ee0a36a95fa8782f389be18
SERVER_HANDSHAKE_TRAFFIC_SECRET 6377303634f68350b1708b3f7dffcb8ce49894eba50169ab4099c31ba40e81f2 5854648e40132ee01f0bff8154218fb1850c896acb575cf4a2391a25f1e473fb
CLIENT_TRAFFIC_SECRET_0 6377303634f68350b1708b3f7dffcb8ce49894eba50169ab4099c31ba40e81f2 9c244137e9fcb47a1ab03abbf854d364f6f3494c2150328a7ace31e1a6e882ce
SERVER_TRAFFIC_SECRET_0 6377303634f68350b1708b3f7dffcb8ce49894eba50169ab4099c31ba40e81f2 48b01892e569b535729b6d85db685690adebd1186bc750db7de58440fdf49c30
EXPORTER_SECRET 6377303634f68350b1708b3f7dffcb8ce49894eba50169ab4099c31ba40e81f2 b46103fa851ee117fc5405436483f73215cfee8e42dd3e2908f99ceae3d184c9
CLIENT_HANDSHAKE_TRAFFIC_SECRET b513768d0bda1cf3ec8d290c1819c6cf419f6a928571b0c182c3c1cd4d4c9854 696923d97fd2ac2c3266ece3f7c0161dc8139bfcac706613790a9e25ad184c77
SERVER_HANDSHAKE_TRAFFIC_SECRET b513768d0bda1cf3ec8d290c1819c6cf419f6a928571b0c182c3c1cd4d4c9854 748bdc22054577cc8ab3d457990bc8a54b7284ca152d05eb63fac39161fcd714
CLIENT_TRAFFIC_SECRET_0 b513768d0bda1cf3ec8d290c1819c6cf419f6a928571b0c182c3c1cd4d4c9854 9bf28c0b1ada53fd93bc5ac25d6af1ed98bb3aacedd45ae44b9e94271fc3d262
SERVER_TRAFFIC_SECRET_0 b513768d0bda1cf3ec8d290c1819c6cf419f6a928571b0c182c3c1cd4d4c9854 f01f313597dc8465a30a5f17b813271b3925b8b75058e678e164f10f74bf56c2
EXPORTER_SECRET b513768d0bda1cf3ec8d290c1819c6cf419f6a928571b0c182c3c1cd4d4c9854 8a3bccacb4dfa3c583d3497b55905a64e4f1c573edd109e068e6d51a0d63241b
CLIENT_HANDSHAKE_TRAFFIC_SECRET c03d1d9fffd3e6a08cb43edba0d659959432b81bb248a6dac1fd4cba282da2c4 3878b61fc46a461804da708a9ca87d9ab9e0ab066e75d9a2475a319ef37b6ccc
SERVER_HANDSHAKE_TRAFFIC_SECRET c03d1d9fffd3e6a08cb43edba0d659959432b81bb248a6dac1fd4cba282da2c4 e9a94b7368cf71309404edc7c41a4b371e84905329fed37d03879c78deb96586
CLIENT_HANDSHAKE_TRAFFIC_SECRET a8626d38a03543ed0718183f276e582a2e87a04c066a1a775ae65153be466448 a9c311be825a80dfd89505365b0bfb44f9da6098f2f8e19daedb6606473b7cb0
SERVER_HANDSHAKE_TRAFFIC_SECRET a8626d38a03543ed0718183f276e582a2e87a04c066a1a775ae65153be466448 67cb9bb301e4259157fa33020650f19e4d9d6e104af15d8474537ec5156fad34
CLIENT_TRAFFIC_SECRET_0 a8626d38a03543ed0718183f276e582a2e87a04c066a1a775ae65153be466448 4a1dd614e427d58fb2a6b6d62e2c0573005eff1fdce7f7a9a2acdb9c1e9f22f1
SERVER_TRAFFIC_SECRET_0 a8626d38a03543ed0718183f276e582a2e87a04c066a1a775ae65153be466448 e2a315587570b6df48aad6318971868b0b13c550f6acf506626e2c4f406b8763
EXPORTER_SECRET a8626d38a03543ed0718183f276e582a2e87a04c066a1a775ae65153be466448 85c63e0e099cd541fae1b965da55649112268d26b6eabd473e93f704b8cd684a
CLIENT_TRAFFIC_SECRET_0 c03d1d9fffd3e6a08cb43edba0d659959432b81bb248a6dac1fd4cba282da2c4 f3d7364ee041d7ae397ad07fcfb5501ba6d3a6ff59735570cdfd493f441a0ec8
SERVER_TRAFFIC_SECRET_0 c03d1d9fffd3e6a08cb43edba0d659959432b81bb248a6dac1fd4cba282da2c4 1d701ebbbad0f508afdd8fa14976481c1baa6a18b177454299016802ee43527e
EXPORTER_SECRET c03d1d9fffd3e6a08cb43edba0d659959432b81bb248a6dac1fd4cba282da2c4 a1a573eeca1b0dcd15f2beab1aa9dca4c8b7bcd3218df0bc740da783af2c0f3e
CLIENT_HANDSHAKE_TRAFFIC_SECRET cbf72dda7041f4510b0444ca548cb04b89a6f612a07eaf1d177a53016047cfb0 c17ab5f81cd0ff460b8c7d0c94a25f1d23290f831a17c611903bdff1a219f7bc
SERVER_HANDSHAKE_TRAFFIC_SECRET cbf72dda7041f4510b0444ca548cb04b89a6f612a07eaf1d177a53016047cfb0 73ec75135b07c173f0655132468501cdc69e87f8a94f78c9d80b30dd4f44fc2b
CLIENT_TRAFFIC_SECRET_0 cbf72dda7041f4510b0444ca548cb04b89a6f612a07eaf1d177a53016047cfb0 24b0a424886c882f6e7d7b8ec27595ebf4915c9fde77024b6fdfc1c4a3d62675
SERVER_TRAFFIC_SECRET_0 cbf72dda7041f4510b0444ca548cb04b89a6f612a07eaf1d177a53016047cfb0 df87d4e5a48b02569191f3f68160bac3f146ea0dfb03732f748401d46d176c99
EXPORTER_SECRET cbf72dda7041f4510b0444ca548cb04b89a6f612a07eaf1d177a53016047cfb0 07667bced132af26a4420f20339b3c4ae29bcd2f7fb3c8ffef38a577317e1ac9
CLIENT_HANDSHAKE_TRAFFIC_SECRET 8a92e7a30c206e2f5750a392d33a3cbd07bb3ac253a9fbf7b483b5c30950cd7d eb81d4a6491d3e765f0c843ee559fd719cef399bc00d230aa76c28e14364f47e
SERVER_HANDSHAKE_TRAFFIC_SECRET 8a92e7a30c206e2f5750a392d33a3cbd07bb3ac253a9fbf7b483b5c30950cd7d 055cf79999cc746a384e6f0952fa5a39b78f0a42b32517d2c6e1e6dbc04224d0
CLIENT_TRAFFIC_SECRET_0 8a92e7a30c206e2f5750a392d33a3cbd07bb3ac253a9fbf7b483b5c30950cd7d 1d77f0a4dfa72229168199dedba7b652f4821e2b58e7eeb367ee8d69038aa514
SERVER_TRAFFIC_SECRET_0 8a92e7a30c206e2f5750a392d33a3cbd07bb3ac253a9fbf7b483b5c30950cd7d 13e576194d922133698d970d7035f69858196406850cea5b03df6127eabbd631
EXPORTER_SECRET 8a92e7a30c206e2f5750a392d33a3cbd07bb3ac253a9fbf7b483b5c30950cd7d 424cf8f508d94c1767c589bc8159555b2a36d2c3e153f0a3da9f85764da94b61
CLIENT_HANDSHAKE_TRAFFIC_SECRET a8196ee7a7b92483d5bbb104413d9d809ead332bd383a94c55267bd26fccfa8e 4ca0b72505f9252a8688eb0cd7c403af07ac00eb93072bf2e00693b22450550a
SERVER_HANDSHAKE_TRAFFIC_SECRET a8196ee7a7b92483d5bbb104413d9d809ead332bd383a94c55267bd26fccfa8e 510821c779441b9008034223cd5ad1bf3e186629038bc60724c061282171573a
CLIENT_TRAFFIC_SECRET_0 a8196ee7a7b92483d5bbb104413d9d809ead332bd383a94c55267bd26fccfa8e 43ce1c96f1dd8f868a928f0e437743d5a12bd79f2684737af90123c2e8371044
SERVER_TRAFFIC_SECRET_0 a8196ee7a7b92483d5bbb104413d9d809ead332bd383a94c55267bd26fccfa8e d7251b70ce534f6f758861ee297dd10902b98e7878c06c7dbfcafadc66d6d2b9
EXPORTER_SECRET a8196ee7a7b92483d5bbb104413d9d809ead332bd383a94c55267bd26fccfa8e fb268e7bfbf4d9f1d41708088203068c21cd75728a2be3b47df6b71387e1823e
CLIENT_HANDSHAKE_TRAFFIC_SECRET 9143498dc07e1c87c5456b5a1aefee36c85698ee01e9f745e6b41cd27cc39559 6b31db9552c716bab4e24aa949105e4a9216744a7ed4eb98deacdb9b070f2948
SERVER_HANDSHAKE_TRAFFIC_SECRET 9143498dc07e1c87c5456b5a1aefee36c85698ee01e9f745e6b41cd27cc39559 76225a128ffe2cd94a08a9b4f8895d0d9f6fbc792b7ff896bc5fd0ce397cdc66
CLIENT_TRAFFIC_SECRET_0 9143498dc07e1c87c5456b5a1aefee36c85698ee01e9f745e6b41cd27cc39559 39f8e2afc480ca42919aae68ec4a3fc32fea069406529e7f9418aafbf57862bd
SERVER_TRAFFIC_SECRET_0 9143498dc07e1c87c5456b5a1aefee36c85698ee01e9f745e6b41cd27cc39559 02db10eae7749469b0bc13abd0fe032ea54bce75c1c199d7c8852fe3b3bf0d1b
EXPORTER_SECRET 9143498dc07e1c87c5456b5a1aefee36c85698ee01e9f745e6b41cd27cc39559 9ac149aa40bfc1b67a0035072d627301788d6b6c1515f4f0d82b46466697b7aa
CLIENT_HANDSHAKE_TRAFFIC_SECRET 851c879a96b43c0747066a38a3970b0319717adf18e025f5ca737768e4809551 b22f87464433a2d4ca5fb84890e0ea9023ae30848ed56dc53f7bea51396d5efa
SERVER_HANDSHAKE_TRAFFIC_SECRET 851c879a96b43c0747066a38a3970b0319717adf18e025f5ca737768e4809551 34a97f045b9bbda2b881e863d283468eccd8389b6f9c671d84ca4e4ac5f84151
CLIENT_TRAFFIC_SECRET_0 851c879a96b43c0747066a38a3970b0319717adf18e025f5ca737768e4809551 735284434af4b4fb1472d4f8ac86d238f767ea92bcaaed8a0bc73faabb26aa89
SERVER_TRAFFIC_SECRET_0 851c879a96b43c0747066a38a3970b0319717adf18e025f5ca737768e4809551 3bbd4689db6078b3ef09edd2460b45955e91ebb72eb2e0661d46a3ffdb56a6f4
EXPORTER_SECRET 851c879a96b43c0747066a38a3970b0319717adf18e025f5ca737768e4809551 46de99b08e5cbdec9c093d3139f06f3be42886a56a0fb8e82b16518bebf75910
CLIENT_HANDSHAKE_TRAFFIC_SECRET a47d11163094a92e654b985349b3003f3e5bceaef1386c29c112378954ca25a6 1b1db378395440751bd6fb70190721e038ce5a23dba3accc8e79c6aeff9aa75a
SERVER_HANDSHAKE_TRAFFIC_SECRET a47d11163094a92e654b985349b3003f3e5bceaef1386c29c112378954ca25a6 eb39bf2a4cca1cc746f36796624c4686907333dd4d7ae613ee5bd57123f76a33
CLIENT_TRAFFIC_SECRET_0 a47d11163094a92e654b985349b3003f3e5bceaef1386c29c112378954ca25a6 806e7df1809ab8f3023e7023bd3817b9547b7d1165eb178c32c7158c59e99168
SERVER_TRAFFIC_SECRET_0 a47d11163094a92e654b985349b3003f3e5bceaef1386c29c112378954ca25a6 219f0188696e73973b038fe6c9447b901455f163ca5bade0d8b5d172c9250796
EXPORTER_SECRET a47d11163094a92e654b985349b3003f3e5bceaef1386c29c112378954ca25a6 5f7fc10a6cab594b48251c0e5fa2e6bc660b2ee42571173e54894c953455ac94
CLIENT_HANDSHAKE_TRAFFIC_SECRET 4d7707fbe9409d3877d9bdfb6ef32bad0f1d4455b67ca2f4dda1c7ee7ca3b1a3 edd5418302b5d46faa58fef84e4625312e2acaba537921f51be33f64f0646704
SERVER_HANDSHAKE_TRAFFIC_SECRET 4d7707fbe9409d3877d9bdfb6ef32bad0f1d4455b67ca2f4dda1c7ee7ca3b1a3 49ff61e72f3ab26a99cfe6f4fd97e12dd382378e7f51756d22a98b4a6a08c08d
CLIENT_HANDSHAKE_TRAFFIC_SECRET f3945abf48ef4df23acdd3e53a74f62a5f03d1cb1ee19ac409d978af8cff4743 e06f0eb03997e085c2ee7c225202f202b778d7b27f20234000016f79dce2682a
SERVER_HANDSHAKE_TRAFFIC_SECRET f3945abf48ef4df23acdd3e53a74f62a5f03d1cb1ee19ac409d978af8cff4743 e4573182df5ace8fb6cec50dec3ff58b54973b339c2d76623103cc962887c48b
CLIENT_TRAFFIC_SECRET_0 4d7707fbe9409d3877d9bdfb6ef32bad0f1d4455b67ca2f4dda1c7ee7ca3b1a3 f0dafb5f1401611b60734ebfa1b90e157b2a9f5f3249d2307125e097369ca99e
SERVER_TRAFFIC_SECRET_0 4d7707fbe9409d3877d9bdfb6ef32bad0f1d4455b67ca2f4dda1c7ee7ca3b1a3 360fd197720a4f2ec5617fe31adbdcb17bea0379d76333590b862aaa66d0bc41
EXPORTER_SECRET 4d7707fbe9409d3877d9bdfb6ef32bad0f1d4455b67ca2f4dda1c7ee7ca3b1a3 f6eef280ea7c258a66f1e5ea68f1645a5fac5f5219f70a5c36c190f721c4e053
CLIENT_TRAFFIC_SECRET_0 f3945abf48ef4df23acdd3e53a74f62a5f03d1cb1ee19ac409d978af8cff4743 06805a172198ac4020bb8b3da78255027060c770dd841302e614c5db93ebea0e
SERVER_TRAFFIC_SECRET_0 f3945abf48ef4df23acdd3e53a74f62a5f03d1cb1ee19ac409d978af8cff4743 d3dd621752cb7ed86473b45d0035485d74514fa076160bb7f8c3e53c74744566
EXPORTER_SECRET f3945abf48ef4df23acdd3e53a74f62a5f03d1cb1ee19ac409d978af8cff4743 53b1cb759ca21ecdbf3d206b6cfe3d20479552cd409175bc8b4db662f3d33d63
CLIENT_HANDSHAKE_TRAFFIC_SECRET 9f409253dda1aeddfaf9bec5cdbfcc2332c6ec105898a8cda953e514531a37a6 7f8f58a80a5985befd1178e187576effcbbd168b450239b23651fbed065d9889
SERVER_HANDSHAKE_TRAFFIC_SECRET 9f409253dda1aeddfaf9bec5cdbfcc2332c6ec105898a8cda953e514531a37a6 aea559bbec4c490b288e612db6ee8ca056951fe7c23f6f8436a4e92296d815da
CLIENT_TRAFFIC_SECRET_0 9f409253dda1aeddfaf9bec5cdbfcc2332c6ec105898a8cda953e514531a37a6 ebb4b8aff52e2861d71fb396d08aa0fbbb65aa530e59db7b5ec0f511c82ff77d
SERVER_TRAFFIC_SECRET_0 9f409253dda1aeddfaf9bec5cdbfcc2332c6ec105898a8cda953e514531a37a6 2c94ddcad24661d78105a9ceb2a51a4de98c18f6a594388106ff074c92e82058
EXPORTER_SECRET 9f409253dda1aeddfaf9bec5cdbfcc2332c6ec105898a8cda953e514531a37a6 c587eb89b588797b37c4877a11d21e668bbf44cee8398c8b7a8910d63433abff
CLIENT_HANDSHAKE_TRAFFIC_SECRET 50838cad0f5bd78a5dd873d6be4525eb1186ca61d0941b934fa8c0f07bd60b80 0c96c0fd2d47ef2c7da8d739e636a2faec8d866016605e757721689ebfb0ff5e
SERVER_HANDSHAKE_TRAFFIC_SECRET 50838cad0f5bd78a5dd873d6be4525eb1186ca61d0941b934fa8c0f07bd60b80 25880b5ab96ec842a4a3260296a8b4a6c1517cace3a96619bbed651bce9dc4ca
CLIENT_TRAFFIC_SECRET_0 50838cad0f5bd78a5dd873d6be4525eb1186ca61d0941b934fa8c0f07bd60b80 befe5b5316f62c8b621b84fcd94e90a4bf7ad580bcd059582cb65fb8fd67573a
SERVER_TRAFFIC_SECRET_0 50838cad0f5bd78a5dd873d6be4525eb1186ca61d0941b934fa8c0f07bd60b80 591e847d0248207b8fed632831fb3f3111510fc0af54548c932ee01ad063fde4
EXPORTER_SECRET 50838cad0f5bd78a5dd873d6be4525eb1186ca61d0941b934fa8c0f07bd60b80 17a6772b4bc76bde16c71607d5c41bc3fd265cb6df314085568239e657edcd6d
CLIENT_HANDSHAKE_TRAFFIC_SECRET 08273cd25c8bfe6a7dae0208d1e2e3375384926895d99c11c787dc8ba6f8924f 2529ba8fc7542534be203c99465c515b32ac1ee6da695f840b1299c812618c69
SERVER_HANDSHAKE_TRAFFIC_SECRET 08273cd25c8bfe6a7dae0208d1e2e3375384926895d99c11c787dc8ba6f8924f b500828c4e401413051d175495e0040c3a5a2771f0a9b58579776d9a75729d92
CLIENT_TRAFFIC_SECRET_0 08273cd25c8bfe6a7dae0208d1e2e3375384926895d99c11c787dc8ba6f8924f 333b1d045ffe0a0cf6906dca7969679866376432ec2e31cd32ae6dabb8671b81
SERVER_TRAFFIC_SECRET_0 08273cd25c8bfe6a7dae0208d1e2e3375384926895d99c11c787dc8ba6f8924f d79a73689f3dd38fca9722aeb903856fc05992793eb55b4e41ad9e69727b7b5f
EXPORTER_SECRET 08273cd25c8bfe6a7dae0208d1e2e3375384926895d99c11c787dc8ba6f8924f 512f7787ce4ce6b37cc29acb7f682bde87f45b1f98310ef07a08a8da4f529a0b
CLIENT_HANDSHAKE_TRAFFIC_SECRET 86d0e93fba16729a9ed9a8c686ff1d08bf6ef2ac231ead9ebd67403e9e83224b 144b6ad5a9982665c9171cc05cefbec25d109fdfd1a8470e3703e3f42f2f8da8
SERVER_HANDSHAKE_TRAFFIC_SECRET 86d0e93fba16729a9ed9a8c686ff1d08bf6ef2ac231ead9ebd67403e9e83224b e51ba0ebd8a933ed798f6fb540856c6fc201333a832e7bf4768d79a67a8c31d9
CLIENT_TRAFFIC_SECRET_0 86d0e93fba16729a9ed9a8c686ff1d08bf6ef2ac231ead9ebd67403e9e83224b c4f9bf0888374d9f1df09426f149f2ab0c44955028f995d7117b3954c6b9b154
SERVER_TRAFFIC_SECRET_0 86d0e93fba16729a9ed9a8c686ff1d08bf6ef2ac231ead9ebd67403e9e83224b 5a5f176446bd0db81606e82e9b65f7d759a413f0247e3af631091e00ca26c2d1
EXPORTER_SECRET 86d0e93fba16729a9ed9a8c686ff1d08bf6ef2ac231ead9ebd67403e9e83224b 54e372d80be277112268da6b638e2c16a2068d555c7023c94ab6cbdb3241ca50
CLIENT_HANDSHAKE_TRAFFIC_SECRET c2b746c899f52bc07e6c491c0ed3409fcde939cc3f5236b2888ba75e3b2b2167 eeea05506a642b5babf89ed8bb4033384bdb957f2cfc7b0333b79e1fd7956b23
SERVER_HANDSHAKE_TRAFFIC_SECRET c2b746c899f52bc07e6c491c0ed3409fcde939cc3f5236b2888ba75e3b2b2167 33e3f1b09504df8372c585e716d6161f9ecfb92eb7dcf174f9d24ddcf27604d2
CLIENT_TRAFFIC_SECRET_0 c2b746c899f52bc07e6c491c0ed3409fcde939cc3f5236b2888ba75e3b2b2167 d0e714613b1cd1ea8446838437eb8439916035b6465fb451750bd825ac7dac35
SERVER_TRAFFIC_SECRET_0 c2b746c899f52bc07e6c491c0ed3409fcde939cc3f5236b2888ba75e3b2b2167 d886f35ec69dc005fd7ee099ea704860713af7ab7cbca8ec8571f2f7035127d5
EXPORTER_SECRET c2b746c899f52bc07e6c491c0ed3409fcde939cc3f5236b2888ba75e3b2b2167 f8f94391d17434a976f9bbc9cc3b742c4bb0a3cb09451b5a0d8bbaf9e0b750a9
CLIENT_HANDSHAKE_TRAFFIC_SECRET eee487895717d68bee84b9dd4f868bed6a923cfebf1469e1944b2324e0220032 67626296510ae4bf64f297ac68344bd7b01dba599681c9189ddfb8214c0c7cc6
SERVER_HANDSHAKE_TRAFFIC_SECRET eee487895717d68bee84b9dd4f868bed6a923cfebf1469e1944b2324e0220032 07a0bd90bd67bc95d01bf8238f56ea2c067354acd03370d0fa67add130046a84
CLIENT_TRAFFIC_SECRET_0 eee487895717d68bee84b9dd4f868bed6a923cfebf1469e1944b2324e0220032 f32f1ba62f5daca5251621725842f6c769118f02184436f1bd44d92bb16da3c4
SERVER_TRAFFIC_SECRET_0 eee487895717d68bee84b9dd4f868bed6a923cfebf1469e1944b2324e0220032 089d179d945d8830935b9505f694f33770d97160ec6126b7c0a90221fec8419d
EXPORTER_SECRET eee487895717d68bee84b9dd4f868bed6a923cfebf1469e1944b2324e0220032 f87d65b9765d724fd7457439073e1b0c5db96e9bfdffbd6782f7ba19b570810c
