CLIENT_RANDOM 3f92af5261b9c042d3101c4b6a4c97fc5d0a16acda553a835d24020b59f8acc9 93f17b132fff40d2ad63ec3f6d00c2bb395304e505f1b32fb84404f1def205681bbd6679e416c2e78e099b291df3639f
CLIENT_RANDOM db15cf1f178fb79ea56b10b6af7810b6299bb890ba9055eb2b8aaefe0ed372f1 93f17b132fff40d2ad63ec3f6d00c2bb395304e505f1b32fb84404f1def205681bbd6679e416c2e78e099b291df3639f
CLIENT_RANDOM e06f483bb4c22da76563efb0b8e851fd2ddafa6dc9ce198ed882b2cb4b3803c8 93f17b132fff40d2ad63ec3f6d00c2bb395304e505f1b32fb84404f1def205681bbd6679e416c2e78e099b291df3639f
CLIENT_RANDOM 10295c2b80f9f9893ea40ad22b432217b03e05410c3f6438f67a9f5670ba2daf 93f17b132fff40d2ad63ec3f6d00c2bb395304e505f1b32fb84404f1def205681bbd6679e416c2e78e099b291df3639f
CLIENT_RANDOM 4d8f371adfc5769fcff99bc6b4766ce5d3ca3355085278693f8cc5bab6dbe5d3 93f17b132fff40d2ad63ec3f6d00c2bb395304e505f1b32fb84404f1def205681bbd6679e416c2e78e099b291df3639f
CLIENT_RANDOM 8a238878271924d0c261571eb98f98b296614a16cd37818f5d45b51a0dba20b0 93f17b132fff40d2ad63ec3f6d00c2bb395304e505f1b32fb84404f1def205681bbd6679e416c2e78e099b291df3639f
CLIENT_HANDSHAKE_TRAFFIC_SECRET f8ece50a7393c6ca022b60955e24f50a9ac948e475d65731ab81c60bccb72170 043b582ac65155cb01f1a4940aee6ebf5328fae059278ec1e17b3dac0a4fd512
SERVER_HANDSHAKE_TRAFFIC_SECRET f8ece50a7393c6ca022b60955e24f50a9ac948e475d65731ab81c60bccb72170 491f684cda80fe01e1b967e4516088258eaacc53408d2151033622c8a08dfabd
CLIENT_TRAFFIC_SECRET_0 f8ece50a7393c6ca022b60955e24f50a9ac948e475d65731ab81c60bccb72170 d95c514d06675e754ae760021d74b0d6cfa43fb413116b5194cd6eca4a7192a1
SERVER_TRAFFIC_SECRET_0 f8ece50a7393c6ca022b60955e24f50a9ac948e475d65731ab81c60bccb72170 803b5b5e6dfecdd6211f34a4b1cb2b850e75bf3ab82073b832f1c2d06eacbcf7
EXPORTER_SECRET f8ece50a7393c6ca022b60955e24f50a9ac948e475d65731ab81c60bccb72170 b6a670046255648778cb52b89b7607cfe1fef8df5e38215ad42dee118c336584
CLIENT_HANDSHAKE_TRAFFIC_SECRET 79164612c46e19ed800304bcb5b9438a9fcefe1dd2dcd028072c75b09a0c7da3 c2ebfb87f909386fcd792a052147fabf7cc2c2da6755e3364e9eb6755419b66d
SERVER_HANDSHAKE_TRAFFIC_SECRET 79164612c46e19ed800304bcb5b9438a9fcefe1dd2dcd028072c75b09a0c7da3 c66e164730e5a57ac90276f4bd9e5921e7a8371e40652e09fbd5a1655f31ca3a
CLIENT_HANDSHAKE_TRAFFIC_SECRET fa07631feaeec9c15119e0ddaae95bed9f1c626b82e75c706c913b30af9ef44d 1a0fa2c5119586d908760266df45de72f443ab25aacf3174cc30fda62d2f143c
SERVER_HANDSHAKE_TRAFFIC_SECRET fa07631feaeec9c15119e0ddaae95bed9f1c626b82e75c706c913b30af9ef44d da1d46f00da6c94e0048476c2882512f4a80b23919d01e37e82101459fb1fee6
CLIENT_TRAFFIC_SECRET_0 fa07631feaeec9c15119e0ddaae95bed9f1c626b82e75c706c913b30af9ef44d 3043f4beda0d0d3b01f39d55444614d216599f3b3047083066431b51092a4395
SERVER_TRAFFIC_SECRET_0 fa07631feaeec9c15119e0ddaae95bed9f1c626b82e75c706c913b30af9ef44d 74a8e6929aae84622c43b2f268700bc16f194702369e7264a5722b5d007c3e89
EXPORTER_SECRET fa07631feaeec9c15119e0ddaae95bed9f1c626b82e75c706c913b30af9ef44d a4091cc65e81ee84b25042ca05146364e2928b63b87b44ddb1978d1ff41abcdc
CLIENT_HANDSHAKE_TRAFFIC_SECRET 995002ed6290cbda4112aeeff495061b81de44a96e1f9061e0eef671dc9af017 814fd359ba6cb5366eda0ec51cc61c1621f0b05ee7d7c5727675066217cd9a57
SERVER_HANDSHAKE_TRAFFIC_SECRET 995002ed6290cbda4112aeeff495061b81de44a96e1f9061e0eef671dc9af017 09b3efaec835a4a324cffdee99b7a58faa836accac6e5e82524bd4fcbfb502f4
CLIENT_HANDSHAKE_TRAFFIC_SECRET 2534c97fe44680781b357b80b74ab31b6af3f8758bec126d7666bf0d1e485792 06a7ff413516478270149691870391f706fbf050f1b05cf136324b322579997b
SERVER_HANDSHAKE_TRAFFIC_SECRET 2534c97fe44680781b357b80b74ab31b6af3f8758bec126d7666bf0d1e485792 35c17b7280f70eb8561c77653bd520d6084c5b5fb746f88f553b377835aa01d4
CLIENT_HANDSHAKE_TRAFFIC_SECRET 9ae69ea5e86c8d1001491a7228a7f17218e4a3f72d3feac02f05bf0578e77e3c e59600c2f78715c883eb08476b1e8a090f2ce16c3212444ca99a366b475aa524
SERVER_HANDSHAKE_TRAFFIC_SECRET 9ae69ea5e86c8d1001491a7228a7f17218e4a3f72d3feac02f05bf0578e77e3c 53d66099020b19de76ab326ec0070a657a53f2f452ac4513e7b452f45a7aef59
CLIENT_TRAFFIC_SECRET_0 995002ed6290cbda4112aeeff495061b81de44a96e1f9061e0eef671dc9af017 ce0b15f5765d75a08ae5aa8105b4c720e252edb2f2cd33d9c420b5cc329473f2
SERVER_TRAFFIC_SECRET_0 995002ed6290cbda4112aeeff495061b81de44a96e1f9061e0eef671dc9af017 9ee3ab7018e4da40f5a1c7019e54379cb46bd3920d08a9a4ac0733df61b3dcc2
EXPORTER_SECRET 995002ed6290cbda4112aeeff495061b81de44a96e1f9061e0eef671dc9af017 4fe3761a1d34bd6ad1afc082fcb07bd3c28f4673edaeb657d1ab77a80987dbb1
CLIENT_TRAFFIC_SECRET_0 2534c97fe44680781b357b80b74ab31b6af3f8758bec126d7666bf0d1e485792 37186ffc51071a8e50c71aa115a1979eb007d2eec0024b859599ed2b7a419366
SERVER_TRAFFIC_SECRET_0 2534c97fe44680781b357b80b74ab31b6af3f8758bec126d7666bf0d1e485792 2740560de17fb91d563a0d4a0eeb4b1b0da49b5f4b3a1d299c2673adeda42273
EXPORTER_SECRET 2534c97fe44680781b357b80b74ab31b6af3f8758bec126d7666bf0d1e485792 31fd1a856f3055d3a53c3b0d8029c19a8049b451fe4913102eebac6525e216c9
CLIENT_TRAFFIC_SECRET_0 9ae69ea5e86c8d1001491a7228a7f17218e4a3f72d3feac02f05bf0578e77e3c 829b82a09c3a38a32776bd80fdc10ea01344bc4a7edcc1e2154706d01dceabc8
SERVER_TRAFFIC_SECRET_0 9ae69ea5e86c8d1001491a7228a7f17218e4a3f72d3feac02f05bf0578e77e3c c40a21984550c5e6d865f3b4e346de1ec0df28aa2823fe699aba381cedab492a
EXPORTER_SECRET 9ae69ea5e86c8d1001491a7228a7f17218e4a3f72d3feac02f05bf0578e77e3c 358941f6479cda3f9d9469e1524b986385e4f84a68705eb50f21399d4555e141
CLIENT_HANDSHAKE_TRAFFIC_SECRET 793a12b03bdbb9f9380dda67ac1d9eb7b9dc37ac46830b752ed8acd0b6b79c20 19ab5248905888f79b20f0e4fac36c1dc3a018dbb989eb4a8af9b561805e1b2c
SERVER_HANDSHAKE_TRAFFIC_SECRET 793a12b03bdbb9f9380dda67ac1d9eb7b9dc37ac46830b752ed8acd0b6b79c20 14fa2310f37682ad296e59c82432b03736731b5562bbdcb960f2df478711f4ec
CLIENT_TRAFFIC_SECRET_0 793a12b03bdbb9f9380dda67ac1d9eb7b9dc37ac46830b752ed8acd0b6b79c20 36128e2bca77006f282aa20447a1a033440194283b845a85959ef42d6b5571b2
SERVER_TRAFFIC_SECRET_0 793a12b03bdbb9f9380dda67ac1d9eb7b9dc37ac46830b752ed8acd0b6b79c20 814ade424c7953d9e4e09b9d0795c5318c322fdae7c58824920734113ee1e951
EXPORTER_SECRET 793a12b03bdbb9f9380dda67ac1d9eb7b9dc37ac46830b752ed8acd0b6b79c20 bfe1e8e2d135151aba5b9cce451a6af874e8ff645a6464f57f1c169203b0fb9b
CLIENT_HANDSHAKE_TRAFFIC_SECRET 492fd48bb3233b08cbf8d4f23bc6a8ca4677a004bb03b1eabdc5293d32fa634b 5978b88fddba65e684d7e700590eeb842c1009d78c522bca1a3482d2ae41a782
SERVER_HANDSHAKE_TRAFFIC_SECRET 492fd48bb3233b08cbf8d4f23bc6a8ca4677a004bb03b1eabdc5293d32fa634b eadcc8e5c9530ce9fa1aa0018bc80efea0108cc7af69b81d2ddf73f34dacf277
CLIENT_TRAFFIC_SECRET_0 492fd48bb3233b08cbf8d4f23bc6a8ca4677a004bb03b1eabdc5293d32fa634b 0ccf697547fc529093a2dec82bcdcfc80273469d21ec596a59f9556af8a4e82d
SERVER_TRAFFIC_SECRET_0 492fd48bb3233b08cbf8d4f23bc6a8ca4677a004bb03b1eabdc5293d32fa634b 7331b1ed6dfe77f0ae7fc3544ddcf65705ba6d5bc61d920856828532f194b611
EXPORTER_SECRET 492fd48bb3233b08cbf8d4f23bc6a8ca4677a004bb03b1eabdc5293d32fa634b 371b24d8c2f3592add6a2a55412f04b7c60199f9e9300e556b97cd8d5ccb7bb5
CLIENT_HANDSHAKE_TRAFFIC_SECRET c8fae057ee5b12108dc81b604933b81824b0685a818a824868088ea003e6578c 9075953f65a277aa364c3e1f7bb97035e1f9a17b38fd49da15c9015f87c53f20
SERVER_HANDSHAKE_TRAFFIC_SECRET c8fae057ee5b12108dc81b604933b81824b0685a818a824868088ea003e6578c 0c167f1ff1efaa7b99b5c8feb6004aefc815595806be8a31a9b0417ba1da652c
CLIENT_TRAFFIC_SECRET_0 c8fae057ee5b12108dc81b604933b81824b0685a818a824868088ea003e6578c 8484c18d920e8598b50b4e90005ca371ce25906c9b358779713ff555791871cb
SERVER_TRAFFIC_SECRET_0 c8fae057ee5b12108dc81b604933b81824b0685a818a824868088ea003e6578c a39d3409609736f79a22192c6f24e342ef01b7af59f70cbb277784da95199729
EXPORTER_SECRET c8fae057ee5b12108dc81b604933b81824b0685a818a824868088ea003e6578c e043eb7724f22df18aa429f016803a6310e91933e42bc35f844b913f7143d521
CLIENT_HANDSHAKE_TRAFFIC_SECRET 75817f37b63219839d941c18f10585f3bbb00a5b7c26ecd3063199a3f130754e 39edec36186d875211cbd28978b8e1ca442ce120fbb2b7e67ef8594252f0d45a
SERVER_HANDSHAKE_TRAFFIC_SECRET 75817f37b63219839d941c18f10585f3bbb00a5b7c26ecd3063199a3f130754e cd43f8fa34296ebc875f3b0b4f0e47dcad2ef4846b8759e6162d8325e8a427e9
CLIENT_TRAFFIC_SECRET_0 75817f37b63219839d941c18f10585f3bbb00a5b7c26ecd3063199a3f130754e a63ee4bcf6af18ab6c8cadab60f70fdb903ace72e5efbb396719691ccb1a5c7f
SERVER_TRAFFIC_SECRET_0 75817f37b63219839d941c18f10585f3bbb00a5b7c26ecd3063199a3f130754e 51c84279e06cbecc21dbf27cd0f9285523e5fe0bacb5f4ee4fa343a0f03957cf
EXPORTER_SECRET 75817f37b63219839d941c18f10585f3bbb00a5b7c26ecd3063199a3f130754e fa39affd7782f735679df9861167a64d64a392add79282f0108f0a32e77ab164
CLIENT_HANDSHAKE_TRAFFIC_SECRET ab30aa4b89c12b81f6c4a532bd0c3604b0c1cdbe0f1e5341248137a7f441153c 7d1e1ecebdb994f782d5ad898cb26b53e826a14bba8dfd8855191f83b6e10ac9
SERVER_HANDSHAKE_TRAFFIC_SECRET ab30aa4b89c12b81f6c4a532bd0c3604b0c1cdbe0f1e5341248137a7f441153c 9780a356c8483cb53dfa54d5ec9241f90b7e169e2ec3a19263d7060020365b92
CLIENT_TRAFFIC_SECRET_0 ab30aa4b89c12b81f6c4a532bd0c3604b0c1cdbe0f1e5341248137a7f441153c 07561744a87563991c27d90e88baf41b50d3a877e213b2972a18f48adbfa3298
SERVER_TRAFFIC_SECRET_0 ab30aa4b89c12b81f6c4a532bd0c3604b0c1cdbe0f1e5341248137a7f441153c 538138703153c41d14d223c10ec3bdd31d50662411e2cdc1fa867f5e40f738b5
EXPORTER_SECRET ab30aa4b89c12b81f6c4a532bd0c3604b0c1cdbe0f1e5341248137a7f441153c f032092436576451986cced37b8b73c345b05fd1a6aceafda0bf09dd285641e6
