CLIENT_HANDSHAKE_TRAFFIC_SECRET ae97f16306c68a4feac02b29b726457c2f9aa56b5e392628541abc59c5072395 47da155f85eaa63c2143dff8561da5ae1fe1cccca193a8cc88db5538386e2f1f9c99a823bd37ded0f9b9db404cfd6eab
SERVER_HANDSHAKE_TRAFFIC_SECRET ae97f16306c68a4feac02b29b726457c2f9aa56b5e392628541abc59c5072395 ae78e8b2d4ecc5f266169a09d5b3393ee996ea732f144e5330bc173f8ac1dbd833249343daa306c3e670ba2f9bf35295
CLIENT_TRAFFIC_SECRET_0 ae97f16306c68a4feac02b29b726457c2f9aa56b5e392628541abc59c5072395 bc1464b5d5ea309b8c61ab3ad86f6d4889bd831e68bbca6ee28936b7c06be992942497549a793474033a2e4af7841951
SERVER_TRAFFIC_SECRET_0 ae97f16306c68a4feac02b29b726457c2f9aa56b5e392628541abc59c5072395 5812ffabe6401bc24c691b6da5c2bb23db1588a64bf4f43c115e3ca52931f2ecc65e8f85aaa32cd7812c0925c2717b63
EXPORTER_SECRET ae97f16306c68a4feac02b29b726457c2f9aa56b5e392628541abc59c5072395 7dc60f68d4f48dc0faf23b1b1bca02a032a1322420f1bbda184eca666dea3fa83c0e893f1fea66c157fbc2b7f66afd2a
CLIENT_HANDSHAKE_TRAFFIC_SECRET 66a38896befb0536270196b68a1287a3e28c53bcb42c09c0665bcc3fffd234d4 d223ce4a4b69ad16eb90c47ac08187b40e3a89a596e7ed1226576ca5853611ee
SERVER_HANDSHAKE_TRAFFIC_SECRET 66a38896befb0536270196b68a1287a3e28c53bcb42c09c0665bcc3fffd234d4 bf5981ab9aab3174c3d017cbad4803edd4ac9b0f092ea8f4ea4e714ba4f2d864
CLIENT_HANDSHAKE_TRAFFIC_SECRET 674da6933f9f464e365558638e91f60a985a9cb32ca57a5b726044ffe820d65f d8eef283c5b88b4f96c0f917806d69e6768b0f95e6bfeea99e307fcbb2603ffa
SERVER_HANDSHAKE_TRAFFIC_SECRET 674da6933f9f464e365558638e91f60a985a9cb32ca57a5b726044ffe820d65f f27138a093ad97344291fbecae83710fad268526fb5cbecc3320b37d70b52f31
CLIENT_TRAFFIC_SECRET_0 66a38896befb0536270196b68a1287a3e28c53bcb42c09c0665bcc3fffd234d4 8b07e1cc29233a1c20188b9500861b1e3ac926d5723cfd264feb3bddbc49b592
SERVER_TRAFFIC_SECRET_0 66a38896befb0536270196b68a1287a3e28c53bcb42c09c0665bcc3fffd234d4 0f438d6e8fca93ea8ae72ff94d737191551670ee06f13822e091ced2c45b6c10
EXPORTER_SECRET 66a38896befb0536270196b68a1287a3e28c53bcb42c09c0665bcc3fffd234d4 4529500b867cfd597697e55e1971fa4761f95fe8d99df1cfd5117d2be89a6742
CLIENT_TRAFFIC_SECRET_0 674da6933f9f464e365558638e91f60a985a9cb32ca57a5b726044ffe820d65f c96b81d26bf6f3c6ed32d2bd3cae5b0f496bee6952d602d24a9aa0806c854f85
SERVER_TRAFFIC_SECRET_0 674da6933f9f464e365558638e91f60a985a9cb32ca57a5b726044ffe820d65f 7e28a5f7990f0137ba52fa9c29b39db8a8e240b08debc41dab9aefa27d8e5777
EXPORTER_SECRET 674da6933f9f464e365558638e91f60a985a9cb32ca57a5b726044ffe820d65f 21e0d70b559f02fa41835f5d155d8216c207e79c5bf34c3d750a2eca16dda1e4
CLIENT_HANDSHAKE_TRAFFIC_SECRET 3a0e04a9addc3526ec278115aaecf51213d8a197797d95d6d1defe95d5be968e 679cfd56576f698d363d10584244b09622420dbcbd9b73807316efb11478debb
SERVER_HANDSHAKE_TRAFFIC_SECRET 3a0e04a9addc3526ec278115aaecf51213d8a197797d95d6d1defe95d5be968e 4ddeab7a970ff9971cc01d5d65d1f6e71ac18be3402ed7e91666afeb6ca52683
CLIENT_HANDSHAKE_TRAFFIC_SECRET f68a3951ed5e1807f96ac7b4907c433e179835f5364a7ff637e6efb009839430 6cafee588fa9f1dc5a76bcd7932144a63d8de83fde6202b20844c18b901c55d7
SERVER_HANDSHAKE_TRAFFIC_SECRET f68a3951ed5e1807f96ac7b4907c433e179835f5364a7ff637e6efb009839430 bd8f7ed5d55d565d64fd29acbcbae57b6e3fdc0b2ef99fab55fa89e3d0a42960
CLIENT_TRAFFIC_SECRET_0 3a0e04a9addc3526ec278115aaecf51213d8a197797d95d6d1defe95d5be968e 86b42bde0eb7addffd918699438f6bc319882ae0c453654178e19529d2a381e1
SERVER_TRAFFIC_SECRET_0 3a0e04a9addc3526ec278115aaecf51213d8a197797d95d6d1defe95d5be968e e731969a6749a656b0f7de9c2430e4ef89a5eab17a1c9ccf0ad1a44e75ce64c3
EXPORTER_SECRET 3a0e04a9addc3526ec278115aaecf51213d8a197797d95d6d1defe95d5be968e f422f0c45591d38043dd3e264ddad18ef8eab55996fbc97498feb0657ba5f62d
CLIENT_HANDSHAKE_TRAFFIC_SECRET 2ef8d721bfd5aa2c0d28139d80884f85518203ae1f319012d07c354c23882b5b 1226a5d572c2b8a1bd9973381b1081e5b43eb6c2c25184dcb0a1145e1ca497cd
SERVER_HANDSHAKE_TRAFFIC_SECRET 2ef8d721bfd5aa2c0d28139d80884f85518203ae1f319012d07c354c23882b5b 722c92285715a53120fc3da1f4f36aaac0caa7e2bc691ff22cebe699cec3104e
CLIENT_TRAFFIC_SECRET_0 2ef8d721bfd5aa2c0d28139d80884f85518203ae1f319012d07c354c23882b5b ce8825c4bfa43e5dc869d5bfd9d3db780b6e20ca40e74c545c1e64a6a0de42cb
SERVER_TRAFFIC_SECRET_0 2ef8d721bfd5aa2c0d28139d80884f85518203ae1f319012d07c354c23882b5b e77a3c9bbed5dd7a356d7e0f7cd3e9da3ee32cb2af0570df29c15053a7003604
EXPORTER_SECRET 2ef8d721bfd5aa2c0d28139d80884f85518203ae1f319012d07c354c23882b5b e74b0add6d69eb1357e251c49a853350e4a194f0649989b3b89cbee2ec1cd487
CLIENT_HANDSHAKE_TRAFFIC_SECRET 1aeb8cf82834ac430e70ebb6b404a5dbd2bb9ba42743a28ef8d9c62dea2d6683 6c3d1d5cb0d873cbed943f533a0e310531d3b4e26df71a90ff62f5fd1801da3e
SERVER_HANDSHAKE_TRAFFIC_SECRET 1aeb8cf82834ac430e70ebb6b404a5dbd2bb9ba42743a28ef8d9c62dea2d6683 ab92d616afdc09fed2f9e9b1168eac40fa8802f0c2d7f8a75f64a521df03843b
CLIENT_TRAFFIC_SECRET_0 1aeb8cf82834ac430e70ebb6b404a5dbd2bb9ba42743a28ef8d9c62dea2d6683 48d17c3118ba46dab769827aab7f49ec7fea6efc387d5e9c27fb91f36e9efed9
SERVER_TRAFFIC_SECRET_0 1aeb8cf82834ac430e70ebb6b404a5dbd2bb9ba42743a28ef8d9c62dea2d6683 6de347b48626c7402b86d948fb6a5f57047e4e7e4e3ab6a8953543817a4af0ee
EXPORTER_SECRET 1aeb8cf82834ac430e70ebb6b404a5dbd2bb9ba42743a28ef8d9c62dea2d6683 2e7d78b64f07943e79b02c226a6cef07c088d738b95fb1eb6e37f0e15c9624c1
CLIENT_HANDSHAKE_TRAFFIC_SECRET a52ab689aab1290d49c815252876e53fcc83390a6af24f26117a916cef7b6bcc bb1be4bb52935c7aa9f3e16b23fe68efdc6f69e1fc3910371f623c22d64c8d0a
SERVER_HANDSHAKE_TRAFFIC_SECRET a52ab689aab1290d49c815252876e53fcc83390a6af24f26117a916cef7b6bcc 81275a90ae8af99e3bba4155525ae3147885b7f5bf4c0e3158d7b3b8b2206a51
CLIENT_TRAFFIC_SECRET_0 a52ab689aab1290d49c815252876e53fcc83390a6af24f26117a916cef7b6bcc 12b1197e17277439a018e939c601b28ffc937f20b908ca4911dda2971af8e274
SERVER_TRAFFIC_SECRET_0 a52ab689aab1290d49c815252876e53fcc83390a6af24f26117a916cef7b6bcc ff4af532cff7ba25e66c85be36f0f90b9139b082767de9f8691c2e752bab1323
EXPORTER_SECRET a52ab689aab1290d49c815252876e53fcc83390a6af24f26117a916cef7b6bcc a3fa1648bbc7845c1e43fd0e4b9eddb3e0d8ce1d2791b86a0243199cf557e77d
CLIENT_HANDSHAKE_TRAFFIC_SECRET c7671606e23265f66ac939237151b1cb56fd94dcf0eca00bd4bb6ef9b719aa64 8e2dd523c9e8fcdc09378f9761fad17a2313e98669be1bb6aa1cd575af4b76ea
SERVER_HANDSHAKE_TRAFFIC_SECRET c7671606e23265f66ac939237151b1cb56fd94dcf0eca00bd4bb6ef9b719aa64 6dd5ff1233e83808331a1e11c44e68a782022d8fc889daa283b53b30faf8ef53
CLIENT_TRAFFIC_SECRET_0 c7671606e23265f66ac939237151b1cb56fd94dcf0eca00bd4bb6ef9b719aa64 e1bd682c7f8067aa1f66e365b06aaa21814fb91a0c9929bad946814dd73bfc0e
SERVER_TRAFFIC_SECRET_0 c7671606e23265f66ac939237151b1cb56fd94dcf0eca00bd4bb6ef9b719aa64 1d961197e4c5311ee8332ae65ae87e47f4d1edbb34fd9971bf9bad2ac6726772
EXPORTER_SECRET c7671606e23265f66ac939237151b1cb56fd94dcf0eca00bd4bb6ef9b719aa64 cf44bad6c283948580bac3b85e41f5923dd85c5c493a310ab2265dd4505ee826
CLIENT_HANDSHAKE_TRAFFIC_SECRET d7588e2af17806691a63efc19e1345206bc3b8135ca34ae33536dc51c42b6102 6224982f2d26490d91f8daab663a766299b8ad199f98eec93e1ee892d976dfb2
SERVER_HANDSHAKE_TRAFFIC_SECRET d7588e2af17806691a63efc19e1345206bc3b8135ca34ae33536dc51c42b6102 7c4a6d9fe0246c8686db268c97d580878c02f859e19ef1ce0e6f0a609e81f8ed
CLIENT_TRAFFIC_SECRET_0 d7588e2af17806691a63efc19e1345206bc3b8135ca34ae33536dc51c42b6102 d7d04f4c91aaec53c720bd1c129a56af56d81911a348b8a470343ba8023e3590
SERVER_TRAFFIC_SECRET_0 d7588e2af17806691a63efc19e1345206bc3b8135ca34ae33536dc51c42b6102 6e262da59e26a11210d987666853af4c9ab63c5d2dc17e6f711f2db3c5efb2ba
EXPORTER_SECRET d7588e2af17806691a63efc19e1345206bc3b8135ca34ae33536dc51c42b6102 8980b977ebd6c918310a287f5455ae0e66081425887205bc53d3c7f487b3a3ae
CLIENT_HANDSHAKE_TRAFFIC_SECRET bae95242efa3a9d4bf684e0000d8471579b6bc4c22d3662eb9d27522ec61af3e 398a00e77b1724fa4804070606065ab79e22ddc2b6bb6a4e7cc9dde569115149
SERVER_HANDSHAKE_TRAFFIC_SECRET bae95242efa3a9d4bf684e0000d8471579b6bc4c22d3662eb9d27522ec61af3e 825945a84754b5c24ebe391acdf73e858ca5a2c325867dc6d537f7af69651874
CLIENT_TRAFFIC_SECRET_0 bae95242efa3a9d4bf684e0000d8471579b6bc4c22d3662eb9d27522ec61af3e 2bfd189b9696562c689531329712e609c53fdf5f73dcdc1e0e09945834dbde5b
SERVER_TRAFFIC_SECRET_0 bae95242efa3a9d4bf684e0000d8471579b6bc4c22d3662eb9d27522ec61af3e 77cb423531d1641e78ddab02bf25f0eb7e9bfca399d670890db3bd8d67562e9e
EXPORTER_SECRET bae95242efa3a9d4bf684e0000d8471579b6bc4c22d3662eb9d27522ec61af3e f63cda839770b4fe7587e4e9103ef715235fab4e8eedf6ade282cb8e6696ca9e
CLIENT_HANDSHAKE_TRAFFIC_SECRET 47a47147a3f6b7b0ecc108342b8a205c2250af395cd4be228227dd55f7b5cee0 aa82464f2917e814695bcb27afa8b9add7b9cd8dca86b3876c69b68589c373c4
SERVER_HANDSHAKE_TRAFFIC_SECRET 47a47147a3f6b7b0ecc108342b8a205c2250af395cd4be228227dd55f7b5cee0 d7263e034aeb418eda5751880fe86f838883f293fc2a0f8593f0afb1984e253f
CLIENT_TRAFFIC_SECRET_0 47a47147a3f6b7b0ecc108342b8a205c2250af395cd4be228227dd55f7b5cee0 f71f4f2a00e4d4cb2e1a1c28574d19fedc29f20a353934892ab360f0d11aae40
SERVER_TRAFFIC_SECRET_0 47a47147a3f6b7b0ecc108342b8a205c2250af395cd4be228227dd55f7b5cee0 2fa0d3fa8f06392c8f9e4e553262d42ef12466d66b52d4b0e414d26d2e13abb0
EXPORTER_SECRET 47a47147a3f6b7b0ecc108342b8a205c2250af395cd4be228227dd55f7b5cee0 c001edad1f3afe711a6e3c8faca792d706866031a80ee98578ba648c91175f58
CLIENT_HANDSHAKE_TRAFFIC_SECRET b41a7ba29a896cf692114efef5c85ad2af9b942a3889908766a95cbf13103ed6 a2a2e94db5e04af4a669aaafdde57165189a2fef0b5c929dcb52362b2c488183
SERVER_HANDSHAKE_TRAFFIC_SECRET b41a7ba29a896cf692114efef5c85ad2af9b942a3889908766a95cbf13103ed6 25c9feb9e81556fc86a3f15b7b56cb104c6693b2ad42420ff7a426e2580da01b
CLIENT_TRAFFIC_SECRET_0 b41a7ba29a896cf692114efef5c85ad2af9b942a3889908766a95cbf13103ed6 411f8deec258ebbed0e5263aee9c282f6f206dd1c6f76a6ce741ee324fd2daba
SERVER_TRAFFIC_SECRET_0 b41a7ba29a896cf692114efef5c85ad2af9b942a3889908766a95cbf13103ed6 83365affaff6143ffe42ae7ec9e27282e91e56ba0e8ba495c0bb377be95d3e57
EXPORTER_SECRET b41a7ba29a896cf692114efef5c85ad2af9b942a3889908766a95cbf13103ed6 a3b3062db71773cd8653529912d399dc7b5860648a31fa145111b099a5f202ef
CLIENT_HANDSHAKE_TRAFFIC_SECRET e5697e34ed1e976c0221df38e989bc0e17dc22457d404232133f6edad9f5918a a2ff27cf4331a6888b5b8c15794a6beda90b295827a2b5e6c81fb4eef18e9670
SERVER_HANDSHAKE_TRAFFIC_SECRET e5697e34ed1e976c0221df38e989bc0e17dc22457d404232133f6edad9f5918a adb90dba91e8e4c2bcd3ee9c9a325f7543d3d86403edc61dc8f1fa18502835e7
CLIENT_TRAFFIC_SECRET_0 e5697e34ed1e976c0221df38e989bc0e17dc22457d404232133f6edad9f5918a 8419f591f6a1c426fc33ae9ce0b7e5ad5544c76b60c0fdd9cb1261cf8a62e377
SERVER_TRAFFIC_SECRET_0 e5697e34ed1e976c0221df38e989bc0e17dc22457d404232133f6edad9f5918a f09f176f242ca495717ee29ec49e0c6cdec5f720bb485debea6f29f02d5fec20
EXPORTER_SECRET e5697e34ed1e976c0221df38e989bc0e17dc22457d404232133f6edad9f5918a 3769a2474ea437af3f70047d934e573c0c4db5d2c34723f50d9fd668bc3f03b9
CLIENT_HANDSHAKE_TRAFFIC_SECRET ccc4954f629c69b0291717d8681522dcda5ebe902f9565fcb8e750a61d5a2a74 f91e73b7afe147758f4dc01a57322aa245144396702efd0984cafd16fcd93f2eb3ae77ead76ad2be4f951c4670181ad0
SERVER_HANDSHAKE_TRAFFIC_SECRET ccc4954f629c69b0291717d8681522dcda5ebe902f9565fcb8e750a61d5a2a74 993746e73401d0c7970f87d958fca4a3a920f1aaa5b7f4da7bc7c83959c1ce067a8741ab4194e12f844a7a39354779ac
CLIENT_TRAFFIC_SECRET_0 ccc4954f629c69b0291717d8681522dcda5ebe902f9565fcb8e750a61d5a2a74 3bd00032e33d9ae1086135ea07f09ea5a70aca6c876e3efdaaaeb9934dcc91a5533ad5f18dae48ba3538143a92e87a89
SERVER_TRAFFIC_SECRET_0 ccc4954f629c69b0291717d8681522dcda5ebe902f9565fcb8e750a61d5a2a74 4a2e6c8ec73c2ddcd809d93ad3ef7ec29fe1598c7cc70578d34294523f2655c1d77c50e7d579b71ac2b74d7737c917fb
EXPORTER_SECRET ccc4954f629c69b0291717d8681522dcda5ebe902f9565fcb8e750a61d5a2a74 c1649b7bbf75ade1ce741077bfc8e565cbc0d5758a5f0a908d9b1ff1fd71338e4f56ac88aade52a08c23df3a4b6c8eca
CLIENT_RANDOM 51a2029dbd4bfbd2e719ab640a5caec1b2e783a50a5782224bc9ceb1a324fcdc e1e660a630de62781937ed991233bf526ec159ed8930482d3caa12ab4ccfd23014ba363604dd84af78ecfc547b0322d9
