CLIENT_HANDSHAKE_TRAFFIC_SECRET 8db0f5d7e1535fe070055a121de7d68433148e93f09102f0eff65d2bbd825ca3 301339aa6f8164cf6d27162628455e802f9d6658724480d3dca27de6b7389911
SERVER_HANDSHAKE_TRAFFIC_SECRET 8db0f5d7e1535fe070055a121de7d68433148e93f09102f0eff65d2bbd825ca3 5a42ca83f28dfebb8f82b261a7e2d43a90125e40cd7bbaabe4ae1997a501df2e
CLIENT_TRAFFIC_SECRET_0 8db0f5d7e1535fe070055a121de7d68433148e93f09102f0eff65d2bbd825ca3 abfca75d2cb5fd602b2a85a7338f7f1ef1a270cc0f1fcc95116ef75365295ad6
SERVER_TRAFFIC_SECRET_0 8db0f5d7e1535fe070055a121de7d68433148e93f09102f0eff65d2bbd825ca3 80022621377addf7a63710b18c850507015358787f825cc6bd30aa61bd06c3ac
EXPORTER_SECRET 8db0f5d7e1535fe070055a121de7d68433148e93f09102f0eff65d2bbd825ca3 9f0bdfed5a7076145f560916fc4eac8e17718044c43e797005733eb38727c0ba
CLIENT_HANDSHAKE_TRAFFIC_SECRET 1a00e995c544f6b0b5abfe62efdd058757a2a30d89294cf03883e2e5ce856f89 ee7e134ab4566481d63128bd4cc76a35634f250f5423ef6a7661a999f7f8e286
SERVER_HANDSHAKE_TRAFFIC_SECRET 1a00e995c544f6b0b5abfe62efdd058757a2a30d89294cf03883e2e5ce856f89 f3c65e07ac590d2ce36453cdf1860b51ee84d7c0b076d3105134aeeafa2d53f4
CLIENT_HANDSHAKE_TRAFFIC_SECRET f5b93c7982783fd4e4d92134c21a2fe4e62afd75f79dd8ff0b48cf8888843b46 30a53351de3092c549c7ae1903b02e835219b9d62faddb43b4a21e5a276ef0b5
SERVER_HANDSHAKE_TRAFFIC_SECRET f5b93c7982783fd4e4d92134c21a2fe4e62afd75f79dd8ff0b48cf8888843b46 1e0d922ea342e4b8952f203f5b5cea5fa58f7460522de549ddfa8ccfa1bdc542
CLIENT_HANDSHAKE_TRAFFIC_SECRET 11699a85fcb86ecbc453b5289dbc1773a7b67e1c54774d866356b06838acd1f9 b75932b553f6b79e5bc6aaefe0309c6b245fe97cf70416f8f0157d63d37d497e
SERVER_HANDSHAKE_TRAFFIC_SECRET 11699a85fcb86ecbc453b5289dbc1773a7b67e1c54774d866356b06838acd1f9 9455e061e34ea85e9f83567f61571d960bb77ba1550a578adcce715ea6c52f54
CLIENT_HANDSHAKE_TRAFFIC_SECRET f62e9581061b924e930d45918703845d497efe8e6568aa943963c2426f2a6321 8bcd7d7f22520b4661b17235632276fc29d27d7def5dc87064b40d3673cb75e5
SERVER_HANDSHAKE_TRAFFIC_SECRET f62e9581061b924e930d45918703845d497efe8e6568aa943963c2426f2a6321 3ce4a56c00ca40608a2fb80f53bb8bf7122dd5238fb910bbe61aa9d6eaa0c1ca
CLIENT_HANDSHAKE_TRAFFIC_SECRET f488cf004c0e5bfb336b7e304fc990ba8e8156afcd5dd7b68b1dac9d63a99bd5 c6c3804dbaae070dca9818f678a8b31aaac5bde44f980f4dd49b37cb993b67d5
SERVER_HANDSHAKE_TRAFFIC_SECRET f488cf004c0e5bfb336b7e304fc990ba8e8156afcd5dd7b68b1dac9d63a99bd5 f9ae2ce749f7a8d81d7585d10b173eb800f23325af02d4d2853c428f61024c48
CLIENT_HANDSHAKE_TRAFFIC_SECRET f3d1eb223bdf640b0f45f93ac8f8ef045651dd482408f1336b3b75986ad0cfb0 33ce604521534d27bc82a2b652c1d200c725116669cbd6cbc1ddf770b00d9473
SERVER_HANDSHAKE_TRAFFIC_SECRET f3d1eb223bdf640b0f45f93ac8f8ef045651dd482408f1336b3b75986ad0cfb0 d52b7091906eb2ce46ef1cd6b56ed6f2ab86ea614e70eec92a3a6bab3a21da5e
CLIENT_HANDSHAKE_TRAFFIC_SECRET 6e9685f9580b8a5faab76b3c8d3af953d5a84507b2e100c29a35ef293a93f9ee 8c47ab54a834a4526fc65b59f606e5e3b15d2a1f767eadb288d88777e0cab14c
SERVER_HANDSHAKE_TRAFFIC_SECRET 6e9685f9580b8a5faab76b3c8d3af953d5a84507b2e100c29a35ef293a93f9ee 539905b8a46b5ce0c4399f330c807226dd0a150492392cb9ad3540fa78115598
CLIENT_TRAFFIC_SECRET_0 1a00e995c544f6b0b5abfe62efdd058757a2a30d89294cf03883e2e5ce856f89 61c696269e04d40298ff0d10f5705150cf940f050e5a314d0e5565c2496c8cdd
SERVER_TRAFFIC_SECRET_0 1a00e995c544f6b0b5abfe62efdd058757a2a30d89294cf03883e2e5ce856f89 fbed2e72cfe77b2a3b43db308abe3de8085ac822b97e5429683acb8d99daca26
EXPORTER_SECRET 1a00e995c544f6b0b5abfe62efdd058757a2a30d89294cf03883e2e5ce856f89 ebbf6014f8b249e1183a3d9e6d1fceb14f3196328f8319c2e004b7bbd6419d0c
CLIENT_TRAFFIC_SECRET_0 11699a85fcb86ecbc453b5289dbc1773a7b67e1c54774d866356b06838acd1f9 ed1e3d4530e67f05a7498141f65e623589c1cecc93ca4be813b5de90baf4cc48
SERVER_TRAFFIC_SECRET_0 11699a85fcb86ecbc453b5289dbc1773a7b67e1c54774d866356b06838acd1f9 53f1502bbd33c00d106aab4783c1069dacb6610a1eb034e95904e7a791e444e4
EXPORTER_SECRET 11699a85fcb86ecbc453b5289dbc1773a7b67e1c54774d866356b06838acd1f9 ab3c8d1c71575f6e613c0b029d63aef1ec6691c70199dec4d7f2eb2f0e4ba2f3
CLIENT_TRAFFIC_SECRET_0 f62e9581061b924e930d45918703845d497efe8e6568aa943963c2426f2a6321 9c2d42e9ebd4084c6af272ed950461bf8e36c5f84a1e55ef0a6ca07d9709f203
SERVER_TRAFFIC_SECRET_0 f62e9581061b924e930d45918703845d497efe8e6568aa943963c2426f2a6321 44607b034d98e512550b3891b5033d265746eb4dcb80039ee2b14326b6655e9b
EXPORTER_SECRET f62e9581061b924e930d45918703845d497efe8e6568aa943963c2426f2a6321 196576925a50bc6b420012db1b8ffa62e182e6648560242712f556dd9d95e544
CLIENT_TRAFFIC_SECRET_0 f488cf004c0e5bfb336b7e304fc990ba8e8156afcd5dd7b68b1dac9d63a99bd5 8101ca28df8f0fc7bf626ba59771bba3154c88ca8946eade3b031bb095e4c791
SERVER_TRAFFIC_SECRET_0 f488cf004c0e5bfb336b7e304fc990ba8e8156afcd5dd7b68b1dac9d63a99bd5 4e2d1c2dbb9fa2a738808fba04e141f61fff5c5a5ee84f9cae6f98a26f6b83a4
EXPORTER_SECRET f488cf004c0e5bfb336b7e304fc990ba8e8156afcd5dd7b68b1dac9d63a99bd5 5050f56f6d02b1e7bb6bfbef44088edb92df7e2fa5053f949471afd4c5ff394c
CLIENT_TRAFFIC_SECRET_0 f3d1eb223bdf640b0f45f93ac8f8ef045651dd482408f1336b3b75986ad0cfb0 c99f965b06d7fa35c7bc0696015f42c91a89e3fcff1c7276ee81fd739e9fee69
SERVER_TRAFFIC_SECRET_0 f3d1eb223bdf640b0f45f93ac8f8ef045651dd482408f1336b3b75986ad0cfb0 62697f32efccf7fff8879dddff09add6dd886363034d46425d1c5c0280e53a8b
EXPORTER_SECRET f3d1eb223bdf640b0f45f93ac8f8ef045651dd482408f1336b3b75986ad0cfb0 2b868650314832d0ae8611e0b75bfbe7eb019c1106124510b9f906a0e051618b
CLIENT_TRAFFIC_SECRET_0 6e9685f9580b8a5faab76b3c8d3af953d5a84507b2e100c29a35ef293a93f9ee 2ae918b3b3ceb239a5c8148d42342212e92e58c65a53ef90dd4804e22a7554b6
SERVER_TRAFFIC_SECRET_0 6e9685f9580b8a5faab76b3c8d3af953d5a84507b2e100c29a35ef293a93f9ee fd3dea3667d02cdcff68e46555db341425d22c2dfe4062326f5b6aba803274c8
EXPORTER_SECRET 6e9685f9580b8a5faab76b3c8d3af953d5a84507b2e100c29a35ef293a93f9ee b7951de87c8d3e02d86c2de8b62fbe53a33e9870c96d333e4fc294af5b9fbf49
CLIENT_TRAFFIC_SECRET_0 f5b93c7982783fd4e4d92134c21a2fe4e62afd75f79dd8ff0b48cf8888843b46 12a2707155fbc19b74d61360fcbffd8a10706583fa489d59650b925ed0e366c2
SERVER_TRAFFIC_SECRET_0 f5b93c7982783fd4e4d92134c21a2fe4e62afd75f79dd8ff0b48cf8888843b46 245bc6f85898c2ce03c19cb43e643240179a7ef851e9b7026fc52490512878fb
EXPORTER_SECRET f5b93c7982783fd4e4d92134c21a2fe4e62afd75f79dd8ff0b48cf8888843b46 e54722cf2c58bd87752fdbb760f96baa97b5d0892cd4097973c2a143dd1b1ab0
CLIENT_HANDSHAKE_TRAFFIC_SECRET bc3e8ad3e087331b4108aedd9a14bc3750b27271582b3cf83b6e99552f653803 14c9895f31aaa0e9529b5ab4f29f8957b08be8289b864eaef7004fc5bd13b208
SERVER_HANDSHAKE_TRAFFIC_SECRET bc3e8ad3e087331b4108aedd9a14bc3750b27271582b3cf83b6e99552f653803 c5695a2b14eb427e17c634fcbb5db71bdfc79ca1416d57ce31b3a8a8a72c74ef
CLIENT_TRAFFIC_SECRET_0 bc3e8ad3e087331b4108aedd9a14bc3750b27271582b3cf83b6e99552f653803 a0549b78243a4791ac772766e21211a47d259705bfa655062736592b95ebcff4
SERVER_TRAFFIC_SECRET_0 bc3e8ad3e087331b4108aedd9a14bc3750b27271582b3cf83b6e99552f653803 1b7c4a424219192eea873e1c602d515461e5827f3e8557d1101ce97eb860f3f5
EXPORTER_SECRET bc3e8ad3e087331b4108aedd9a14bc3750b27271582b3cf83b6e99552f653803 fe52624f45c30980ab4d1e87a05300f0d2eb374d6c4feb4662cb57bed5dd46ef
CLIENT_HANDSHAKE_TRAFFIC_SECRET add7345f6866478a46d34a40e84d4085f825ba808e43b734b802c21fac5b4604 9b581e6738d0383c5791914bd6b4d430df5d7f304192353830093c43b634fd1c
SERVER_HANDSHAKE_TRAFFIC_SECRET add7345f6866478a46d34a40e84d4085f825ba808e43b734b802c21fac5b4604 3382833f314eab6aaa8c1c1def2cd94f4f2259f9de0d2a2b0b605b19e92eedc7
CLIENT_TRAFFIC_SECRET_0 add7345f6866478a46d34a40e84d4085f825ba808e43b734b802c21fac5b4604 e65342c8d89f99ad1c53a48f528ecacf9d316d0a5f35e25918ae3857a7cea992
SERVER_TRAFFIC_SECRET_0 add7345f6866478a46d34a40e84d4085f825ba808e43b734b802c21fac5b4604 3f1a391bb3625cba20f2c98e393b325d148ed7751057e758da4e2d70f3298e83
EXPORTER_SECRET add7345f6866478a46d34a40e84d4085f825ba808e43b734b802c21fac5b4604 00c4a0d8168541d341c91c4f291b1f22cc3cc9048822e1865a322631471386ed
CLIENT_HANDSHAKE_TRAFFIC_SECRET bf0c07dc22d6f6631b2b07cfbac7b97692137e2fda070a47bf3ddcce7d607b3a c582bcdf51f8a4d21b1857f3a27e991975ef1ee66067dfece336102db7187c32
SERVER_HANDSHAKE_TRAFFIC_SECRET bf0c07dc22d6f6631b2b07cfbac7b97692137e2fda070a47bf3ddcce7d607b3a eca027d7b10422aa42b8fa47789593a66ac8dee9ea99841bbb110f0976c2ec44
CLIENT_TRAFFIC_SECRET_0 bf0c07dc22d6f6631b2b07cfbac7b97692137e2fda070a47bf3ddcce7d607b3a 88085fa064dad6de0cc7f376c0b7ce5dbb4ebf84de3dfd4af8f40e0be522d07b
SERVER_TRAFFIC_SECRET_0 bf0c07dc22d6f6631b2b07cfbac7b97692137e2fda070a47bf3ddcce7d607b3a e250fb07dcfcbc98c7000d5350e1bde870abc837c350bcbf6e694e9d503f3629
EXPORTER_SECRET bf0c07dc22d6f6631b2b07cfbac7b97692137e2fda070a47bf3ddcce7d607b3a afccbd75de26a304096070663579b3edd21885a6e49a7f13281cfc8cf0e45331
CLIENT_HANDSHAKE_TRAFFIC_SECRET 2b59a9f9b1097a2a4e454f157871d7471c1d53daf829d53c92bd4e124228852c 1bf8b913ce5dc52899045473f21ce823ffc8024dd81fb424e81705ead81b0c83
SERVER_HANDSHAKE_TRAFFIC_SECRET 2b59a9f9b1097a2a4e454f157871d7471c1d53daf829d53c92bd4e124228852c d48c85d906d400292fac810834e82c0db880d21504123dadd795684f89a1a3ef
CLIENT_HANDSHAKE_TRAFFIC_SECRET cbe68e004478a1588b1cc56e5f785265a7fe12f2d55299925348c8e995a31a98 1f4da6254e30d12f069ff1e31e6e1044bcf5163596a370e7605227a96e2e9541
SERVER_HANDSHAKE_TRAFFIC_SECRET cbe68e004478a1588b1cc56e5f785265a7fe12f2d55299925348c8e995a31a98 fb5826234ad3e322b977ad79a0dc1b1907085ee4532e0cb148036993db58e11a
CLIENT_TRAFFIC_SECRET_0 2b59a9f9b1097a2a4e454f157871d7471c1d53daf829d53c92bd4e124228852c d31d0754bab91ac6a0cd6e3461d7d592ad143f2bd4a19eb5bcc333eb4bb22406
SERVER_TRAFFIC_SECRET_0 2b59a9f9b1097a2a4e454f157871d7471c1d53daf829d53c92bd4e124228852c 1f4d7af5b8bff5cc086efea91bd696e78859e9e70bd3ca9a50c8b86044f3db01
EXPORTER_SECRET 2b59a9f9b1097a2a4e454f157871d7471c1d53daf829d53c92bd4e124228852c 7d03488ff4804bb617f3e5f3feec1b1d6dfc7f9ca39d3b65ab4e6de15f0558aa
CLIENT_TRAFFIC_SECRET_0 cbe68e004478a1588b1cc56e5f785265a7fe12f2d55299925348c8e995a31a98 1b8bb9efdfb9957043682e1e3d9c433ad65e746f9289312411fc1b61b8b31df1
SERVER_TRAFFIC_SECRET_0 cbe68e004478a1588b1cc56e5f785265a7fe12f2d55299925348c8e995a31a98 6dee2569d5f348efd6272e0eed7be1987d19906b3b96b4d7c230fe0acc3ac6f5
EXPORTER_SECRET cbe68e004478a1588b1cc56e5f785265a7fe12f2d55299925348c8e995a31a98 87bf1a39498348a6e490b41460670dea88e7d66e5e00f440f83746581061f261
CLIENT_HANDSHAKE_TRAFFIC_SECRET c8327bb29dd6fb00df769d37147c72a78085036506cf753180acec4f54102a6c 8a3f0d3a1ad6282ca3e32c1ddce8a34877a9892e5e6521ba5f69b23b0aaa255b
SERVER_HANDSHAKE_TRAFFIC_SECRET c8327bb29dd6fb00df769d37147c72a78085036506cf753180acec4f54102a6c 16e7d15378c8b8d20d4642dd8bf61c2ff4c719ff03909f06df82f9c8c44875b4
CLIENT_TRAFFIC_SECRET_0 c8327bb29dd6fb00df769d37147c72a78085036506cf753180acec4f54102a6c 94f8bd7582796903b05944b54e2081d01492eddd3b2a4e5d06254ccb6914dd4c
SERVER_TRAFFIC_SECRET_0 c8327bb29dd6fb00df769d37147c72a78085036506cf753180acec4f54102a6c f9399434f327404be84345d21aa821e217ce50aef9dd7dd965b7581ab8798683
EXPORTER_SECRET c8327bb29dd6fb00df769d37147c72a78085036506cf753180acec4f54102a6c c4192937f9db8a351f7c6c68989560384af9a1c3b502166a51aabbeb37142014
CLIENT_HANDSHAKE_TRAFFIC_SECRET 95341197b2affffc29c8e0aeb5ff296b16d6afe7f21c007fac1fe54c07efcdbc ff3cff751503edcdfdab1cb30d02e2e294b34d7a5c26c633c312b82a5011e2cc
SERVER_HANDSHAKE_TRAFFIC_SECRET 95341197b2affffc29c8e0aeb5ff296b16d6afe7f21c007fac1fe54c07efcdbc 1bcf97461a8698a3b38507b917debd34e903062af5ff0f0118c8c0901f580ff1
CLIENT_TRAFFIC_SECRET_0 95341197b2affffc29c8e0aeb5ff296b16d6afe7f21c007fac1fe54c07efcdbc 86d1d398310f75a21d47f34ed4f93f465bf2d0c486672c065de837199cfc2ab6
SERVER_TRAFFIC_SECRET_0 95341197b2affffc29c8e0aeb5ff296b16d6afe7f21c007fac1fe54c07efcdbc 0dcb38a3c9cdee24f769ca719534a472375323091f6f17660fbd50c10984edf4
EXPORTER_SECRET 95341197b2affffc29c8e0aeb5ff296b16d6afe7f21c007fac1fe54c07efcdbc fdc1ccc479a7283c8240145a139d4388245806d4e641312a78fee86e93dd4508
CLIENT_HANDSHAKE_TRAFFIC_SECRET 4d3d9732bb487843cbf29c1064b65a9a4e44dec6987588eda2b166e14c513ad5 042cbbcdd43f0f32d3746f10a5765efee19274439b61a0705a6703ef0c9f5778
SERVER_HANDSHAKE_TRAFFIC_SECRET 4d3d9732bb487843cbf29c1064b65a9a4e44dec6987588eda2b166e14c513ad5 699febbe84dcafbb116a668cbc895c4dcce5be9b70732a3c1b432c4bcbc8406e
CLIENT_TRAFFIC_SECRET_0 4d3d9732bb487843cbf29c1064b65a9a4e44dec6987588eda2b166e14c513ad5 b2877e4a712a69e85bfd461c4d3f73c1872545fe1da5a1a8e37c1796d05689b0
SERVER_TRAFFIC_SECRET_0 4d3d9732bb487843cbf29c1064b65a9a4e44dec6987588eda2b166e14c513ad5 abf2977d4406733afa4161c9e61d7abb55b9f76d8d0ae1ea1204bb151a07f8b4
EXPORTER_SECRET 4d3d9732bb487843cbf29c1064b65a9a4e44dec6987588eda2b166e14c513ad5 9ca5057cdfcffe888601f6bb99f5ea198f617eee68b2b4866b1253a70816b90f
CLIENT_HANDSHAKE_TRAFFIC_SECRET a23e6f803b98f1f8460b3c1d367abc52bbb25defca1812768e9fa41fad8b0caa ba05d2936ad8127bdd745058d23afbeb402438df456e51e054887184be549451
SERVER_HANDSHAKE_TRAFFIC_SECRET a23e6f803b98f1f8460b3c1d367abc52bbb25defca1812768e9fa41fad8b0caa 4d78b0d2546fa40431971e639303db799b647d71cc95712c8c048110a1b5246d
CLIENT_TRAFFIC_SECRET_0 a23e6f803b98f1f8460b3c1d367abc52bbb25defca1812768e9fa41fad8b0caa 55d64e38131fd256e4cc067e1840b20253927d71854b3bbf81bec95e8c864a51
SERVER_TRAFFIC_SECRET_0 a23e6f803b98f1f8460b3c1d367abc52bbb25defca1812768e9fa41fad8b0caa f0a7b604f37449e6a037b8c3712111258ec2f5beccac82ad5300ac5cbd2045b1
EXPORTER_SECRET a23e6f803b98f1f8460b3c1d367abc52bbb25defca1812768e9fa41fad8b0caa 8191f41c248380258d21959bb03a46020161d7adabf98218772e3619b6bdbbdf
CLIENT_HANDSHAKE_TRAFFIC_SECRET 34bb2fe307d1063bbd1a680ce43353e57647d9c9f6589af782c68413bfaa7033 3546514a5f6e3484916d3d705972da1d41747479a9aca76b7ccdeab8c616b9c6
SERVER_HANDSHAKE_TRAFFIC_SECRET 34bb2fe307d1063bbd1a680ce43353e57647d9c9f6589af782c68413bfaa7033 5723a54ac667b9088c2bf035ea076fd963a67822970c6ba34292fc9f87a8995e
CLIENT_TRAFFIC_SECRET_0 34bb2fe307d1063bbd1a680ce43353e57647d9c9f6589af782c68413bfaa7033 95254432542c57dfcd3460f07df72b91f0828e8115b3f2cb4ecb1ff1f57d507d
SERVER_TRAFFIC_SECRET_0 34bb2fe307d1063bbd1a680ce43353e57647d9c9f6589af782c68413bfaa7033 820948a8ee87fdd37fdad9197c4d2e4c8c1a7bd7d26db275325047b056b2f136
EXPORTER_SECRET 34bb2fe307d1063bbd1a680ce43353e57647d9c9f6589af782c68413bfaa7033 25bdb71ec0a8f3eb5ccd3d2197a949549ed1f43fe5a16183fe6acd6e3ac702b5
CLIENT_HANDSHAKE_TRAFFIC_SECRET 32dc5313cf4fe0228c2bd909cec81da99f348869e421476995fd0ef4d502dfcb 5fb38485c1a839102fa87e2d721383571dfcce9afe20b4e92b0d54ff2b03db39
SERVER_HANDSHAKE_TRAFFIC_SECRET 32dc5313cf4fe0228c2bd909cec81da99f348869e421476995fd0ef4d502dfcb 61ab95b31b7c4f4a2e8046d014f9fbf44e95b233a77d2e9485563840ab240fe9
CLIENT_TRAFFIC_SECRET_0 32dc5313cf4fe0228c2bd909cec81da99f348869e421476995fd0ef4d502dfcb 876743b922de289d02b76cbceb30eabb9c29fb89139217afb7f82d0399ca81ba
SERVER_TRAFFIC_SECRET_0 32dc5313cf4fe0228c2bd909cec81da99f348869e421476995fd0ef4d502dfcb fd50e4af4eb481ee76a2cd530dbee9e93a972ad0011ff5c5cc2e64674eea98f6
EXPORTER_SECRET 32dc5313cf4fe0228c2bd909cec81da99f348869e421476995fd0ef4d502dfcb ae7d64032c581feaa834c0799d026d91b4755d4cc370c1ebe82edbc143f361cc
CLIENT_HANDSHAKE_TRAFFIC_SECRET 864dcd068b5802df7f9838c9da1457449060fe0b0d2987f040749e29a763df18 2e282811fbe4001970043ae0ad3461b348ab746ac8e04a5f15ff975dad4f4df6
SERVER_HANDSHAKE_TRAFFIC_SECRET 864dcd068b5802df7f9838c9da1457449060fe0b0d2987f040749e29a763df18 e207455a833db948a875cb04e8dae212e91a85b900e1f927b85968b7ee67bc93
CLIENT_TRAFFIC_SECRET_0 864dcd068b5802df7f9838c9da1457449060fe0b0d2987f040749e29a763df18 0b8a5787b79eabecc28aa6ea2cbf09f1170d9d65a642c785c141fbfd98b2c81f
SERVER_TRAFFIC_SECRET_0 864dcd068b5802df7f9838c9da1457449060fe0b0d2987f040749e29a763df18 3a774fa18374a673db98dedad9b2cfca0d1784f37f876b33d22e23ec65b4ca40
EXPORTER_SECRET 864dcd068b5802df7f9838c9da1457449060fe0b0d2987f040749e29a763df18 0beaa613b6f5e96b914f3f31900f436f875c822c106a7dc148d2e9d8758b4ee7
CLIENT_HANDSHAKE_TRAFFIC_SECRET 9dbcd10f412c1865a70d0aa6f59ec97b6a28cab4f06b5f360c7c2da1fcda1994 fb35d2fb2f4abf9e3e35a9ea0d079a052798e3613426e805aafde5408758b09d
SERVER_HANDSHAKE_TRAFFIC_SECRET 9dbcd10f412c1865a70d0aa6f59ec97b6a28cab4f06b5f360c7c2da1fcda1994 f7bf2b829b45f88ce36c05c6ec995fec790d338cfb01314c033609b091a43386
CLIENT_TRAFFIC_SECRET_0 9dbcd10f412c1865a70d0aa6f59ec97b6a28cab4f06b5f360c7c2da1fcda1994 674f902abde24788a7632e32bb115aae8fb3c35172bdde70a877eefb151e1da9
SERVER_TRAFFIC_SECRET_0 9dbcd10f412c1865a70d0aa6f59ec97b6a28cab4f06b5f360c7c2da1fcda1994 a5f84b16bdfc5cbf30a22ade9e5a553d98d3db6a36cb6a2e0122ef73942c8217
EXPORTER_SECRET 9dbcd10f412c1865a70d0aa6f59ec97b6a28cab4f06b5f360c7c2da1fcda1994 cd04ea9ba94302bee38256f4de63ec70ac3c3f44be8ddbda86da07c56b2061ec
CLIENT_HANDSHAKE_TRAFFIC_SECRET ebc9b8f8442ae9ab3528141ba6babbd8b3b1a38462e360c0879ef835383992e7 11ad7d16438387593bf6af20891ff29d65a5512e787a2e5927b15d97b617d00a
SERVER_HANDSHAKE_TRAFFIC_SECRET ebc9b8f8442ae9ab3528141ba6babbd8b3b1a38462e360c0879ef835383992e7 0d5a811de14dbc851b0ddceb71bf17c9a661a1f2364303f38b546fae853eb762
CLIENT_HANDSHAKE_TRAFFIC_SECRET 3ceacc5fcb434a7ea4a034e3884abbd0b9098ac0b14e0eb9f44f7b31fae89769 f6b1a7d751cf2dba426d1bbd1b49379ad620de30de818e64180c176927c57129
SERVER_HANDSHAKE_TRAFFIC_SECRET 3ceacc5fcb434a7ea4a034e3884abbd0b9098ac0b14e0eb9f44f7b31fae89769 9918deb578a007f9f8cabe159794edbd37f3d88a387e083b418a1fb5649a5982
CLIENT_HANDSHAKE_TRAFFIC_SECRET 0dd36bc4561b83bca108d37c20eb6cc13f87cce074668f2c4cc5ef1dad62a44d 18a9eea5c2cf5671dd0a327d62e440309380a4ddc94e6e18028e564e37edd21ec5f9ba96ec059d6efe31f523d7a0646d
SERVER_HANDSHAKE_TRAFFIC_SECRET 0dd36bc4561b83bca108d37c20eb6cc13f87cce074668f2c4cc5ef1dad62a44d ca4f2f11255395daaa30aeec5bcea22fd0184f842ccacf33039e75cf5c8fe3c16322d8c8de0dea477a0e89b5309919f2
CLIENT_TRAFFIC_SECRET_0 ebc9b8f8442ae9ab3528141ba6babbd8b3b1a38462e360c0879ef835383992e7 31b3a7043b36dba63f3ac6f8f713690993bedc9461838b4c932c39a0ea40154b
SERVER_TRAFFIC_SECRET_0 ebc9b8f8442ae9ab3528141ba6babbd8b3b1a38462e360c0879ef835383992e7 72a17b8b153b4fb5420fdff38b5ffebf92715e70845744f2803bbb1ba3b36e8c
EXPORTER_SECRET ebc9b8f8442ae9ab3528141ba6babbd8b3b1a38462e360c0879ef835383992e7 e1eb896407bce3710622c2f024351386294056c5e7b0b33893d291039b84ea93
CLIENT_TRAFFIC_SECRET_0 0dd36bc4561b83bca108d37c20eb6cc13f87cce074668f2c4cc5ef1dad62a44d 13e4f4f51ac87d95d8327a5f85eea4fe942e537145d61749a60ef64111fcb9a38f10d5318166761628a6a9e9daa0c9da
SERVER_TRAFFIC_SECRET_0 0dd36bc4561b83bca108d37c20eb6cc13f87cce074668f2c4cc5ef1dad62a44d 275e4d7672d0bc8d08ba2f172d84e8cb0557b98936d383647fe30d6ab2e10c96770f49b9e37747da7b75cda752f00576
EXPORTER_SECRET 0dd36bc4561b83bca108d37c20eb6cc13f87cce074668f2c4cc5ef1dad62a44d d02e71e0795696d3a061af75a4fd7f4bfe87e6dfeb5a752c6f7fbb9f8cbbf16796ba8b84f962e6a4d32fc2a6bc9fd154
CLIENT_HANDSHAKE_TRAFFIC_SECRET 2a76e7ecbb8d4fc9e670c80fcfa1276e7397bc780d39eeb991703c812cb38761 78ca26f815039517a32201c46cdbf95ca27233868defbc93e8edf26835d93ff2
SERVER_HANDSHAKE_TRAFFIC_SECRET 2a76e7ecbb8d4fc9e670c80fcfa1276e7397bc780d39eeb991703c812cb38761 4fe651b5e5a98bcace0224baed562eaa62ab3771c87f411f08805899e3f76162
CLIENT_TRAFFIC_SECRET_0 2a76e7ecbb8d4fc9e670c80fcfa1276e7397bc780d39eeb991703c812cb38761 b3e8ef5124a6e7663fae7000590087015e46f40ebf6da28678889fd024b1a992
SERVER_TRAFFIC_SECRET_0 2a76e7ecbb8d4fc9e670c80fcfa1276e7397bc780d39eeb991703c812cb38761 4883a6354cacd07a683341b02141f776015e6a76bf71849d4679658dbf3860fb
EXPORTER_SECRET 2a76e7ecbb8d4fc9e670c80fcfa1276e7397bc780d39eeb991703c812cb38761 bd3507f61d0f60d2bbc8907e0ffb5eca900e58c45ef9db9e6bf09b35eb73824b
CLIENT_TRAFFIC_SECRET_0 3ceacc5fcb434a7ea4a034e3884abbd0b9098ac0b14e0eb9f44f7b31fae89769 43fd4378ceaf1254c4cd1eeaa8f27b99c6c6a6895b15277e8e95e622c4561b14
SERVER_TRAFFIC_SECRET_0 3ceacc5fcb434a7ea4a034e3884abbd0b9098ac0b14e0eb9f44f7b31fae89769 4a4defd5e6312484faa762968f51a9d47e9356d36a0f83ab789aac39e9853572
EXPORTER_SECRET 3ceacc5fcb434a7ea4a034e3884abbd0b9098ac0b14e0eb9f44f7b31fae89769 d65b2bced5c20c391ad2c6a1c54473a5a4af072722c5857cbd9f872f5a2ff0f2
CLIENT_HANDSHAKE_TRAFFIC_SECRET f106605d06ae974ade849dcab17576486f003d6418658c0b9fefb09c44383c23 9683f0c9dce9706ca032fdf11893b4ca4ba19fe00f9b46a690f839539eac116d
SERVER_HANDSHAKE_TRAFFIC_SECRET f106605d06ae974ade849dcab17576486f003d6418658c0b9fefb09c44383c23 0cec03f0b6e184b3db1a027c92df37b4bdd9e40305d6ad8d655e81ab9485ea7a
CLIENT_TRAFFIC_SECRET_0 f106605d06ae974ade849dcab17576486f003d6418658c0b9fefb09c44383c23 b90e6d665cfca46a278e3abf8dc529d94e370b18773ba350c9f13f44378466dd
SERVER_TRAFFIC_SECRET_0 f106605d06ae974ade849dcab17576486f003d6418658c0b9fefb09c44383c23 c960f063cb5c6aa8f470bbb0a74630f9c6db354c53bf42741160962948cddf1f
EXPORTER_SECRET f106605d06ae974ade849dcab17576486f003d6418658c0b9fefb09c44383c23 838a5439bbdd536097988b818564e31ae181569662458925036a9f5d6afbf5ad
CLIENT_HANDSHAKE_TRAFFIC_SECRET 6a2ba4bdf2c013df9f563fffe3025eb8d3b7a43558cb7f65e8e23ac53fa38eca 2a528eab5c02f8abae4dd8ebb2ab5d60e31d9a7750519b62324b9ff40f3ad268
SERVER_HANDSHAKE_TRAFFIC_SECRET 6a2ba4bdf2c013df9f563fffe3025eb8d3b7a43558cb7f65e8e23ac53fa38eca ac41442912ffb9ed0ca4533b7d4845735d2e05b1a7a4d3d3957adf14d2950f9b
CLIENT_TRAFFIC_SECRET_0 6a2ba4bdf2c013df9f563fffe3025eb8d3b7a43558cb7f65e8e23ac53fa38eca b57809896f67bb5decd8b2bebef5d7c90264bba9910c89b21abfc9182c682ae7
SERVER_TRAFFIC_SECRET_0 6a2ba4bdf2c013df9f563fffe3025eb8d3b7a43558cb7f65e8e23ac53fa38eca ded3879b4f1041b871f8a00c2769208cb0e004263f02e0dd22c71363a35f1d75
EXPORTER_SECRET 6a2ba4bdf2c013df9f563fffe3025eb8d3b7a43558cb7f65e8e23ac53fa38eca 54f2a622375564e13e6a850a6ca8f60f452f352adb22059ccfd46989a3149c20
CLIENT_HANDSHAKE_TRAFFIC_SECRET b524a02f530bd28168fde035c3dc4bd5929ca687dc8ee4321cb949096456997b cdef324e4f340a4200cd92cd019eea6be41a969db54b3bc3cc2b7aff4a2b8011
SERVER_HANDSHAKE_TRAFFIC_SECRET b524a02f530bd28168fde035c3dc4bd5929ca687dc8ee4321cb949096456997b eaa9328f726db8cafd1b4e0db5da5e716e817e0beb3bb5ba9af3dcc496ade2c0
CLIENT_HANDSHAKE_TRAFFIC_SECRET ecd89659c6dfa1563230f70e8371cee67fc0242a665552dbb9ce9e5f553ba786 2dde699669649b18dc1c29155d9d9d4a3cc4ea647ce5510ad58be875e3ea0d7b
SERVER_HANDSHAKE_TRAFFIC_SECRET ecd89659c6dfa1563230f70e8371cee67fc0242a665552dbb9ce9e5f553ba786 65875f6cb63577f33ec39c0bb344fdc0fb47aa5a6d9a1d461078491ee078d745
CLIENT_TRAFFIC_SECRET_0 b524a02f530bd28168fde035c3dc4bd5929ca687dc8ee4321cb949096456997b 1751def769cd90de75161fe035fa99fdea45e47316fd4696aa2f6d06fad7fe5e
SERVER_TRAFFIC_SECRET_0 b524a02f530bd28168fde035c3dc4bd5929ca687dc8ee4321cb949096456997b 529834782e19b47fe955e305fc29c126bc6e7a582b59e1fe89092e153105b038
EXPORTER_SECRET b524a02f530bd28168fde035c3dc4bd5929ca687dc8ee4321cb949096456997b d20b4b1f18361b280c754bcee36b6949f10141ac14653a65ff1077eb0ac5645b
CLIENT_TRAFFIC_SECRET_0 ecd89659c6dfa1563230f70e8371cee67fc0242a665552dbb9ce9e5f553ba786 331993bd970805966ae7f1d9d4ce339d5ef10bf22f5636ae77c6e6cc6cf652f6
SERVER_TRAFFIC_SECRET_0 ecd89659c6dfa1563230f70e8371cee67fc0242a665552dbb9ce9e5f553ba786 941cdf4c90ad30b7e5b424286aed2c99681304711ac6ddcbef5ec5194cc5b200
EXPORTER_SECRET ecd89659c6dfa1563230f70e8371cee67fc0242a665552dbb9ce9e5f553ba786 bc0795bf5633d016b3fbc17ee6eab36326a425c0a18b27b2d2f66e2c5fe912fc
CLIENT_HANDSHAKE_TRAFFIC_SECRET e3dc82aea7bc4e7f5e4c1528ab532019028cd835d7e350b802557632622eda69 1d40239d7673038ac44da7793303c2bec0fc57a72ef27f853ab8d811ea34e5ab
SERVER_HANDSHAKE_TRAFFIC_SECRET e3dc82aea7bc4e7f5e4c1528ab532019028cd835d7e350b802557632622eda69 91225a41f32ab46667654cb2a16b8b47462b4c1745852fbd46e12c15e7809bdb
CLIENT_TRAFFIC_SECRET_0 e3dc82aea7bc4e7f5e4c1528ab532019028cd835d7e350b802557632622eda69 ac88a60801770e35c353fa4031fa023f052f51f47a6accd6ba86bd7005274bcd
SERVER_TRAFFIC_SECRET_0 e3dc82aea7bc4e7f5e4c1528ab532019028cd835d7e350b802557632622eda69 5ced9fc8bace033344f2659536ce46e4f527a8b76c316cf3b787c6ece69c50dd
EXPORTER_SECRET e3dc82aea7bc4e7f5e4c1528ab532019028cd835d7e350b802557632622eda69 de031c5e522824d2d569bd34b4088e2754e29c4c6c6e1d8e2cd3c48a13d36c3a
CLIENT_HANDSHAKE_TRAFFIC_SECRET 0895687d39235942a876abd2bf527cc6f682bd1a7406ac31da71a71f208f72db 7e92e970360f297406444def41f866079bc155c6eb60500d7f87aa153c7257f5
SERVER_HANDSHAKE_TRAFFIC_SECRET 0895687d39235942a876abd2bf527cc6f682bd1a7406ac31da71a71f208f72db a241a3640647da6b3a25b5436feac3de33bc68c2a2008bea5fe1d14fb01db939
CLIENT_TRAFFIC_SECRET_0 0895687d39235942a876abd2bf527cc6f682bd1a7406ac31da71a71f208f72db 95f4aa4d14e92b68f8569833187ae4e16ed58957ad5542c7e751eadc2c3d8d5c
SERVER_TRAFFIC_SECRET_0 0895687d39235942a876abd2bf527cc6f682bd1a7406ac31da71a71f208f72db 1f1b359950e5508b0ae7e4f7e3a2cbd5222d3364201070864cd436b8304cde76
EXPORTER_SECRET 0895687d39235942a876abd2bf527cc6f682bd1a7406ac31da71a71f208f72db b4809007f9091f70bbca1e5d8c45c77c77f62b95730542b50b9bac21e1e99bce
CLIENT_HANDSHAKE_TRAFFIC_SECRET 494fda3f5d14c3d05f3e9695e8d8baa4810ecd740a6a51602c69a1c19f25ef45 c596b335b4c8b12b871a696ddf75d61a496af95846291479031de8a7d18ef0b2
SERVER_HANDSHAKE_TRAFFIC_SECRET 494fda3f5d14c3d05f3e9695e8d8baa4810ecd740a6a51602c69a1c19f25ef45 a45e464c8049aa54bf8f4307fd12c133953b6bd41b1962208bcb506127526db9
CLIENT_TRAFFIC_SECRET_0 494fda3f5d14c3d05f3e9695e8d8baa4810ecd740a6a51602c69a1c19f25ef45 15d20f79aec40b2f5ebcafecb29d193d7071b00465917fbfce003eeb219e5719
SERVER_TRAFFIC_SECRET_0 494fda3f5d14c3d05f3e9695e8d8baa4810ecd740a6a51602c69a1c19f25ef45 6b1ae50c3cf9da4f6e191445830386a739bd76f0f8cf5687cd4c5083cf4e6572
EXPORTER_SECRET 494fda3f5d14c3d05f3e9695e8d8baa4810ecd740a6a51602c69a1c19f25ef45 547e4daf150ca9ba04d18467120e8d77d0a73d7a8a11689b98f52bfd96b2e6be
CLIENT_HANDSHAKE_TRAFFIC_SECRET 0566258b39ed25eb02879c7fab97b68faa30678b4a784ad057819708097c2d11 25f825584ee704bb185398670c616c9f37f7a11f2f44965743235d18f4338002
SERVER_HANDSHAKE_TRAFFIC_SECRET 0566258b39ed25eb02879c7fab97b68faa30678b4a784ad057819708097c2d11 a449a6b592d8c0aa4ec231ffe57fa0ddbdb9def4372897c8b2b633ad81848447
CLIENT_HANDSHAKE_TRAFFIC_SECRET 5494dd7707e5345b0b143e5df4ed49463123ef5a74c360cd443ee07344739eaf f0a46102c8938dd3249901a23676f94c9aa962e3a03dbf80c297aed595b9c4d2
SERVER_HANDSHAKE_TRAFFIC_SECRET 5494dd7707e5345b0b143e5df4ed49463123ef5a74c360cd443ee07344739eaf a52ecc7c60a00bb3e5928a19355392df6125d7cd80d719c13c9557815842954d
CLIENT_TRAFFIC_SECRET_0 5494dd7707e5345b0b143e5df4ed49463123ef5a74c360cd443ee07344739eaf 372bdb5df5bbc552aceedb08781a23cdb2068f68b544d9b6d3da7e67f070d4da
SERVER_TRAFFIC_SECRET_0 5494dd7707e5345b0b143e5df4ed49463123ef5a74c360cd443ee07344739eaf bd4400367784066aea71e99dcbdc5a45ce4bf54a0876ad63fd9ff32c38e8858d
EXPORTER_SECRET 5494dd7707e5345b0b143e5df4ed49463123ef5a74c360cd443ee07344739eaf 87a341ce9d32a7186aecf072331d56edde011bd8f8eed9389956e0212018a885
CLIENT_TRAFFIC_SECRET_0 0566258b39ed25eb02879c7fab97b68faa30678b4a784ad057819708097c2d11 47d26ddf2bcdb17c0b5373130bfe3ed96e06efd90c6c50a07a0408e389160d01
SERVER_TRAFFIC_SECRET_0 0566258b39ed25eb02879c7fab97b68faa30678b4a784ad057819708097c2d11 f30ac816e70eab331f9694e27d2041bf91e7b65a0ba84563dec49a0ed6ff3c8f
EXPORTER_SECRET 0566258b39ed25eb02879c7fab97b68faa30678b4a784ad057819708097c2d11 0ba3a2aeb93f51b134a99d62c1feaffa50aff1b6e6f4b2e6260ba448d20aa8d4
CLIENT_HANDSHAKE_TRAFFIC_SECRET 664e05836bd55fda76e258ee4f9843a52412688a9984c4e5ce51f6b540c3fa7f 088d71874822c410fc8cf5ac74277ea9f82a75fb0f77c667ebe6d3ed0e706759
SERVER_HANDSHAKE_TRAFFIC_SECRET 664e05836bd55fda76e258ee4f9843a52412688a9984c4e5ce51f6b540c3fa7f 61f0efcc4af505a40981ba3eccea2ccc50f749827865ab437d6ee5903edf7604
CLIENT_TRAFFIC_SECRET_0 664e05836bd55fda76e258ee4f9843a52412688a9984c4e5ce51f6b540c3fa7f 325d10ae62c28d7b9373c53416017e5d3519201869486d63ade4018044487b7c
SERVER_TRAFFIC_SECRET_0 664e05836bd55fda76e258ee4f9843a52412688a9984c4e5ce51f6b540c3fa7f e7495c07cbd5790f97cabc9d1d0c4bd01e40c7d91fa07b42bb17167cb22195fb
EXPORTER_SECRET 664e05836bd55fda76e258ee4f9843a52412688a9984c4e5ce51f6b540c3fa7f 910172e9a9ebe80b5064bce3a2d51cb672d3bf9adcf811d1296e1c106167d024
CLIENT_RANDOM f84dc61d5b2ac1bb136e33cd86b4b429c326c0b82635a86763db9edac1ac3a67 75a52caa508185632a9942293ca3d78d792545520cdcbc4c191f09769454eb429f07016648979002fefb0ed04bcf349c
CLIENT_HANDSHAKE_TRAFFIC_SECRET 6cd1591abe67890de1cefb7f93787f00b7caf39172226f57289542f9aaccc87d 798d61b69efa878979a504b1db358d79322b699b054ca9bceaa436013a86bf4dff7df299e2e8f9ccdf31c5c00005792f
SERVER_HANDSHAKE_TRAFFIC_SECRET 6cd1591abe67890de1cefb7f93787f00b7caf39172226f57289542f9aaccc87d 55ea025918888d4871d7528e250628c2d99452c0eab868a3bf9a8475805c7a48f96d24b9ca428208a04a97d6709a902d
CLIENT_TRAFFIC_SECRET_0 6cd1591abe67890de1cefb7f93787f00b7caf39172226f57289542f9aaccc87d d3ea85b56e07842f5f84645a2f1ef5193e735ca0a18b595346db52bc9523784190f94da6708051a69c8a29c8e0fe251d
SERVER_TRAFFIC_SECRET_0 6cd1591abe67890de1cefb7f93787f00b7caf39172226f57289542f9aaccc87d f06840d935e760d5c18f46a1a6dc5332322d238d962e5e1b5bbeccfb1d812022666e7ea9ac06f42f15d98c9dafb8583f
EXPORTER_SECRET 6cd1591abe67890de1cefb7f93787f00b7caf39172226f57289542f9aaccc87d 8bcf2f394027f2207d98340fe081b4c6003350514aa8c2bf0598d90ae115a95f6351232486a167e470129ebf884b9222
CLIENT_HANDSHAKE_TRAFFIC_SECRET c94dfb91771646260d6ac44471b2aa9fa7fb6e4c140c2e9511ad2d1c4093faa3 f13a4c5d861e894bb0377f0c8e6373bb3659917bc6bed78e248e539367291f6b
SERVER_HANDSHAKE_TRAFFIC_SECRET c94dfb91771646260d6ac44471b2aa9fa7fb6e4c140c2e9511ad2d1c4093faa3 a59359ae38e17775fb30357ffeb02e44b48f2e999114765054c383cceaecf18c
CLIENT_TRAFFIC_SECRET_0 c94dfb91771646260d6ac44471b2aa9fa7fb6e4c140c2e9511ad2d1c4093faa3 fdd079125b1f7ae193b5a66fdc946e23969b3045be4055250047dd8a0d5b7aee
SERVER_TRAFFIC_SECRET_0 c94dfb91771646260d6ac44471b2aa9fa7fb6e4c140c2e9511ad2d1c4093faa3 cb3bedd21818b5c10443d8be51324dcc539bbcc4a0ffb64d30a6cb783a888b5c
EXPORTER_SECRET c94dfb91771646260d6ac44471b2aa9fa7fb6e4c140c2e9511ad2d1c4093faa3 33fbb34b1734694de6d0150b99f57812c155321ebaf636754aeb065736819340
CLIENT_HANDSHAKE_TRAFFIC_SECRET 0feb34c75194df0c7e46e6bdfeef8ce3cd96e461210d28bbd1c4bb05e855a3af db4b8172a3d24933a8b530eb52c5c37492a2a1936ae91bf3d9eff5e48822e097
SERVER_HANDSHAKE_TRAFFIC_SECRET 0feb34c75194df0c7e46e6bdfeef8ce3cd96e461210d28bbd1c4bb05e855a3af bc1a752b76345e3ae00158e1ba89b6817ef02edcab8feb72cb2d10214dc02952
CLIENT_HANDSHAKE_TRAFFIC_SECRET 0dce3717c3c3cdf6bb0a4489e26c848b533f1bba51e76a83bf01e56c2385a6da 46ab6f09f7252f431a7367f4f999af27cb818fd8ac4ada38fc9aa575e9a65032
SERVER_HANDSHAKE_TRAFFIC_SECRET 0dce3717c3c3cdf6bb0a4489e26c848b533f1bba51e76a83bf01e56c2385a6da 8506d0c28042d423fe975419c265be9dd470247af0289ce89adf3589dfb01496
CLIENT_HANDSHAKE_TRAFFIC_SECRET 8e40e8a9ea5d92283acfaaf237d721775e836ffa9286ac6698c738c269b4b61e 9262a6e00ff392fa32793e25010b3cd5c3706f1f4aa615d3ee9056ec92929d60
SERVER_HANDSHAKE_TRAFFIC_SECRET 8e40e8a9ea5d92283acfaaf237d721775e836ffa9286ac6698c738c269b4b61e cfc56bcbf5824118cbc6c57036f96d96a3d44c5e03125666ec424b66df386a6e
CLIENT_TRAFFIC_SECRET_0 8e40e8a9ea5d92283acfaaf237d721775e836ffa9286ac6698c738c269b4b61e b911b43cd494db758d9b8e079cb7c86ff7152acd836935b50ad026487ad01090
SERVER_TRAFFIC_SECRET_0 8e40e8a9ea5d92283acfaaf237d721775e836ffa9286ac6698c738c269b4b61e 5eaf25e4961173510335585e2d3591f7614f2d9b5e868b3ccb88eb5f79bfeb1a
EXPORTER_SECRET 8e40e8a9ea5d92283acfaaf237d721775e836ffa9286ac6698c738c269b4b61e e8da273a645cf73cb7810a3eb0f9684f7cd0c969d3ed8bdfc232cad1dd2fdded
CLIENT_TRAFFIC_SECRET_0 0feb34c75194df0c7e46e6bdfeef8ce3cd96e461210d28bbd1c4bb05e855a3af 7b2644039df5797eec21445a633ca24cf1fd7831096b7ffdca7f1eeac64a765b
SERVER_TRAFFIC_SECRET_0 0feb34c75194df0c7e46e6bdfeef8ce3cd96e461210d28bbd1c4bb05e855a3af be41b16f9a64748893902eeb8ec6efb748d01877f8cbc05a1fa1d4ed8998446d
EXPORTER_SECRET 0feb34c75194df0c7e46e6bdfeef8ce3cd96e461210d28bbd1c4bb05e855a3af 8172c2e202d7b6f97ae06410ac28fe42270436e50204c22655e3ffd17c9b05b8
CLIENT_TRAFFIC_SECRET_0 0dce3717c3c3cdf6bb0a4489e26c848b533f1bba51e76a83bf01e56c2385a6da 7785f2dfa40876915daafe3963c4597d9ab4fef00afceb330e425a44dd2e1c47
SERVER_TRAFFIC_SECRET_0 0dce3717c3c3cdf6bb0a4489e26c848b533f1bba51e76a83bf01e56c2385a6da a9b9da02c0f0981e15234b571d0f2a883dd51a23f579769d99a94b17629e123b
EXPORTER_SECRET 0dce3717c3c3cdf6bb0a4489e26c848b533f1bba51e76a83bf01e56c2385a6da 78d06b3736c3f3916788b601882d9fb60668ce9b14acffddde7d37978deb635f
