CLIENT_HANDSHAKE_TRAFFIC_SECRET ea1aefbc793202ecd271a5699265ea0c7df322dc6da974e5ae421381becdc433 26589032286cabccecb976ff8b5aa3bbb81f3289b90a19e3eaa8369cc5ca967a
SERVER_HANDSHAKE_TRAFFIC_SECRET ea1aefbc793202ecd271a5699265ea0c7df322dc6da974e5ae421381becdc433 1d9c7bd55dfd346857f526ea17f4306ce50245a5a3385317121f3ed3d4eaab80
CLIENT_TRAFFIC_SECRET_0 ea1aefbc793202ecd271a5699265ea0c7df322dc6da974e5ae421381becdc433 4a271cf8225e62fb869e41355affbb7a788d9963b2a1a178ed250c432f72b223
SERVER_TRAFFIC_SECRET_0 ea1aefbc793202ecd271a5699265ea0c7df322dc6da974e5ae421381becdc433 bdc9e07442f0be36c84975744bc8d0baec1552ff6d06d26435758b47d787d9a2
EXPORTER_SECRET ea1aefbc793202ecd271a5699265ea0c7df322dc6da974e5ae421381becdc433 abade4b67449eb3dc10c2c7be8121972d9c9ff1239f31a91c90913bd57bad2c0
CLIENT_HANDSHAKE_TRAFFIC_SECRET 319db581ac3a9b7abeb151b008f220b57f59f5613bb0a4e40cfeeb4e4a50d886 b4f2c695acd63f11a066e566f1297477e501b3da957e9d33cee428f51277dd15
SERVER_HANDSHAKE_TRAFFIC_SECRET 319db581ac3a9b7abeb151b008f220b57f59f5613bb0a4e40cfeeb4e4a50d886 70ba404eb777a77fbd76a29818340adaff90ece3d9c57ff2b728c83abb420cbd
CLIENT_HANDSHAKE_TRAFFIC_SECRET 9ebcd6640f4c6aae93e300f64d7e98b03dafa574c828b070ba15fc4d8a582e7e b49d2c63fe56a1312e7ed60c0901995cd4d147799bc5e506b634bf53e1f6829f
SERVER_HANDSHAKE_TRAFFIC_SECRET 9ebcd6640f4c6aae93e300f64d7e98b03dafa574c828b070ba15fc4d8a582e7e 1c99159598ef59ea295aadeb40a07bcde886967081d690a5a4c3ab546f7bc36d
CLIENT_HANDSHAKE_TRAFFIC_SECRET 8576af64650ac4954fb48323c9b8ff21536040b187e8eb25a192132de7be3475 4787d32239e0d9d9f6ed7092b4d19c3a9b2c764ad2b00344fc7544f29e17d044
SERVER_HANDSHAKE_TRAFFIC_SECRET 8576af64650ac4954fb48323c9b8ff21536040b187e8eb25a192132de7be3475 73829d090e41d815b728d2157cd55d3898b85dfb9cce115a6494b407f58af652
CLIENT_HANDSHAKE_TRAFFIC_SECRET 267cf4ad7a116fa0670435d9e1356a5bcaf66d75c2245c7898b57f1c310ffc98 1b979bb7267aec17dedf5fc7dcf169fcfed7b0c5ae955c817992b95de4f98db2
SERVER_HANDSHAKE_TRAFFIC_SECRET 267cf4ad7a116fa0670435d9e1356a5bcaf66d75c2245c7898b57f1c310ffc98 7ae2a04ac24e60ab775da20cfff48980c0abd327867fe6a6565b9a7175d2128b
CLIENT_HANDSHAKE_TRAFFIC_SECRET 917093995e62cd5c2d39fdda015b87541d420d6c07d24f2228017d44cdbbcd67 c80e81c90ea4b0b00e3e91e819a307b635e27d024bf6d36461d959e8e511559c
SERVER_HANDSHAKE_TRAFFIC_SECRET 917093995e62cd5c2d39fdda015b87541d420d6c07d24f2228017d44cdbbcd67 5540efd4efc2afc81f99805d6d8b124b69ba003d715f90164aaf1168c418ffb4
CLIENT_TRAFFIC_SECRET_0 319db581ac3a9b7abeb151b008f220b57f59f5613bb0a4e40cfeeb4e4a50d886 d0a7c08abd6f803369229f27affdd9457f18d71bfe1b187db812c78045f4c60c
SERVER_TRAFFIC_SECRET_0 319db581ac3a9b7abeb151b008f220b57f59f5613bb0a4e40cfeeb4e4a50d886 b360715b0cecd0c7dc7751c019c2d593eb1004473f3453a68f486d6ff280acd2
EXPORTER_SECRET 319db581ac3a9b7abeb151b008f220b57f59f5613bb0a4e40cfeeb4e4a50d886 48f1bb8761dbee78fcf3f52b4c10de921dd0afb1d6cce0092be469096272ee96
CLIENT_TRAFFIC_SECRET_0 9ebcd6640f4c6aae93e300f64d7e98b03dafa574c828b070ba15fc4d8a582e7e 47a6ed1e1630b3df90c2d7dc7a6de15a10d69dc650711cc1ad547142cf9b3eba
SERVER_TRAFFIC_SECRET_0 9ebcd6640f4c6aae93e300f64d7e98b03dafa574c828b070ba15fc4d8a582e7e bbdc67ce6bccfb4829151eaaf9a9e46f9e2bd1902e29d976a8a116930a485759
EXPORTER_SECRET 9ebcd6640f4c6aae93e300f64d7e98b03dafa574c828b070ba15fc4d8a582e7e 1944b1f2bcdd1f9d114a3ef381b861ddd71e2a979887a7a7388bdc9f1ece1287
CLIENT_TRAFFIC_SECRET_0 8576af64650ac4954fb48323c9b8ff21536040b187e8eb25a192132de7be3475 e56c58346009dcfd42587e90293db1e32cf14ced8afa68cf2ebd310d5d0e2650
SERVER_TRAFFIC_SECRET_0 8576af64650ac4954fb48323c9b8ff21536040b187e8eb25a192132de7be3475 b2a2a47d22f5db186c2b2baea7714cb5fe782d8be447b89a065796a23039e76a
EXPORTER_SECRET 8576af64650ac4954fb48323c9b8ff21536040b187e8eb25a192132de7be3475 02b92abdae518d99c83c3b566ba511df7dc901a85e9c389d7f5ceee27c52609c
CLIENT_TRAFFIC_SECRET_0 267cf4ad7a116fa0670435d9e1356a5bcaf66d75c2245c7898b57f1c310ffc98 b42f77d7a47d147f6519c03c38c191c9a4fab725a0e1b436abe9af48140b81ea
SERVER_TRAFFIC_SECRET_0 267cf4ad7a116fa0670435d9e1356a5bcaf66d75c2245c7898b57f1c310ffc98 8cc50609c52597fe874bc896040aae66cc7d2f5dba370bc6b55ccaa1216e48b6
EXPORTER_SECRET 267cf4ad7a116fa0670435d9e1356a5bcaf66d75c2245c7898b57f1c310ffc98 76eb8ace85f9f7af286074c1f16054b31778d9d7e9a969a857a69221185de24b
CLIENT_TRAFFIC_SECRET_0 917093995e62cd5c2d39fdda015b87541d420d6c07d24f2228017d44cdbbcd67 29021000d374c113eb739b4b409ba4c43f4a98aa5d420b842f11c89caaa3f055
SERVER_TRAFFIC_SECRET_0 917093995e62cd5c2d39fdda015b87541d420d6c07d24f2228017d44cdbbcd67 3a94dcf9eb9238c7ebeba438d31f221db0e08dd6eaae9cdc4078d1bf20eacd32
EXPORTER_SECRET 917093995e62cd5c2d39fdda015b87541d420d6c07d24f2228017d44cdbbcd67 e5a006656ee8d8dfd29ddef7d1f4a858877c45ccbfecb96aaf1715ffbe112738
CLIENT_HANDSHAKE_TRAFFIC_SECRET a50149db5911734e64f247337f006f93d3ada9120b124d97f2c46c1dd007f8b1 4c1b3545ff8f2bb985951a2b7675034b7f75be1bc7a8447103bcefa6c6dc6ea2
SERVER_HANDSHAKE_TRAFFIC_SECRET a50149db5911734e64f247337f006f93d3ada9120b124d97f2c46c1dd007f8b1 968fa9a2d3fa8aa12220b26a7816c3447024f04f23c30c9aea5e63466659e7c1
CLIENT_TRAFFIC_SECRET_0 a50149db5911734e64f247337f006f93d3ada9120b124d97f2c46c1dd007f8b1 4973d0bda5fe296fdb359c095323766c4f5ead58934eea2c5245783820873034
SERVER_TRAFFIC_SECRET_0 a50149db5911734e64f247337f006f93d3ada9120b124d97f2c46c1dd007f8b1 2b5b2400e85f934215ed519eea2d3465ea055e3a2e6d5e41982810fede2f2c37
EXPORTER_SECRET a50149db5911734e64f247337f006f93d3ada9120b124d97f2c46c1dd007f8b1 acbe5769ab6429ea420f4ed14277d14997e6e69890bd0a5afd8abeabd78c0e5a
CLIENT_HANDSHAKE_TRAFFIC_SECRET f52f7781f5e724a19a0bd933ed65070e7f13204f52df60761bff9e316e7fd0d5 28045690b8046bfc07a2878f365e369d357e722069d80c657afd47dc6908acaa
SERVER_HANDSHAKE_TRAFFIC_SECRET f52f7781f5e724a19a0bd933ed65070e7f13204f52df60761bff9e316e7fd0d5 08eac3fdcc5c545bc23f1f95a3466d017732907fe2b3ebec46dffdb8d11aca29
CLIENT_HANDSHAKE_TRAFFIC_SECRET fc1f0b1e389f55db4569883bb0aa0e97d9a481bac1a3f2648c10e9dcd8709a48 5e7c18bfef0429b039b1ee703d8b2dc909dbb2d2243a7e75915ce50a92498d29
SERVER_HANDSHAKE_TRAFFIC_SECRET fc1f0b1e389f55db4569883bb0aa0e97d9a481bac1a3f2648c10e9dcd8709a48 94817719e122da44079daab55b678a0557d893d154eb0e5ccd54fc7b398f96ce
CLIENT_TRAFFIC_SECRET_0 f52f7781f5e724a19a0bd933ed65070e7f13204f52df60761bff9e316e7fd0d5 d911aef6f3f0cccae7f7d53f0585f088c81436ecbd94aa60c8d42d6cc1f659be
SERVER_TRAFFIC_SECRET_0 f52f7781f5e724a19a0bd933ed65070e7f13204f52df60761bff9e316e7fd0d5 c9ee07dbe89ac5cb3bdfddf01a15951e887d4e6c697934930b7c86d23f112a25
EXPORTER_SECRET f52f7781f5e724a19a0bd933ed65070e7f13204f52df60761bff9e316e7fd0d5 404c6a03faa9b42e86a1a2ace9de5ddf1944f29f35c59aa000915d136ae41e9e
CLIENT_TRAFFIC_SECRET_0 fc1f0b1e389f55db4569883bb0aa0e97d9a481bac1a3f2648c10e9dcd8709a48 4dbbbb4e9411b0b1d6a9e5a6707925d54510baad94bd020778e0849253760c51
SERVER_TRAFFIC_SECRET_0 fc1f0b1e389f55db4569883bb0aa0e97d9a481bac1a3f2648c10e9dcd8709a48 8ef5cfc5145ed110e28b5be736106e6412db373fd7701793d3eac5b39103f623
EXPORTER_SECRET fc1f0b1e389f55db4569883bb0aa0e97d9a481bac1a3f2648c10e9dcd8709a48 592d8e6e452bf8d642c95792081e0ce02209ae60363b11a2998b644ff7014e68
CLIENT_HANDSHAKE_TRAFFIC_SECRET 6a8d9b24cd4d70feef618eeacf92a656cd4df272a6e01d1dfcbe7daff135d28e 5c45d3d6c46ce3d49719b8859e6bc1e447b3d23e0ba2828384b34bd708942e8e
SERVER_HANDSHAKE_TRAFFIC_SECRET 6a8d9b24cd4d70feef618eeacf92a656cd4df272a6e01d1dfcbe7daff135d28e 917e65371fa4087795f3865ba37edfe58908f0400cece702a0115e99616effe4
CLIENT_HANDSHAKE_TRAFFIC_SECRET 6667831d21233820593ab5d3d543148379f02283301686fcfffd5811b8cc67cd efe1f2655564f9da0a78db59edffa7a333c35834b1e81ccbd51b34086a9f6eb6
SERVER_HANDSHAKE_TRAFFIC_SECRET 6667831d21233820593ab5d3d543148379f02283301686fcfffd5811b8cc67cd e0d666f7c1238081fc06ca15bda850e03952f08d19c02de29a500cd50343c465
CLIENT_TRAFFIC_SECRET_0 6a8d9b24cd4d70feef618eeacf92a656cd4df272a6e01d1dfcbe7daff135d28e 30eeedd560150e4d17e7f03430d953ba84bf6e40205eed2c247d758c5e8c0a4a
SERVER_TRAFFIC_SECRET_0 6a8d9b24cd4d70feef618eeacf92a656cd4df272a6e01d1dfcbe7daff135d28e a1efaab29ae8a33f288d669b052756697f03a34dd00f01fe42f3ffce9b40c175
EXPORTER_SECRET 6a8d9b24cd4d70feef618eeacf92a656cd4df272a6e01d1dfcbe7daff135d28e 25103eff11d00a7ac25ac16ce6f336c06a4ee7f10f235138755cf6456b5148c6
CLIENT_TRAFFIC_SECRET_0 6667831d21233820593ab5d3d543148379f02283301686fcfffd5811b8cc67cd 4efb62567df015e1c35e098f781ca0dbae422ec15dcc8d2e41b82681b3d78378
SERVER_TRAFFIC_SECRET_0 6667831d21233820593ab5d3d543148379f02283301686fcfffd5811b8cc67cd 6cbec4a160c5a5d70826fa28bb1aea04233ae64ba51b537b3f5b277fecf29009
EXPORTER_SECRET 6667831d21233820593ab5d3d543148379f02283301686fcfffd5811b8cc67cd 6ac425b26efa9f3fa3828d9bc2151ee3b2c3a7fdbc1bbdeed8399d39a9c6b252
