CLIENT_HANDSHAKE_TRAFFIC_SECRET 6df6e603cb27d706cc6a9eba58f17bfbb9acb492fab94dac87b85d3c3b54063c 97ce7c3bfb56fe352365ab016fc99f8dfc40871c51194946533a0d524376ea6c
SERVER_HANDSHAKE_TRAFFIC_SECRET 6df6e603cb27d706cc6a9eba58f17bfbb9acb492fab94dac87b85d3c3b54063c e58915d46387fee544880056d85243a0d831b145f4581ad278258ee0ec9aacf1
CLIENT_TRAFFIC_SECRET_0 6df6e603cb27d706cc6a9eba58f17bfbb9acb492fab94dac87b85d3c3b54063c b9fecff91787a15b7685a5fa5d93db2218b49d86168e18e36ed512be9b4a05c5
SERVER_TRAFFIC_SECRET_0 6df6e603cb27d706cc6a9eba58f17bfbb9acb492fab94dac87b85d3c3b54063c e6f4ea04ac000114c8526c5fe3c47daecc0a4ced103d0a53271bb38d3d9fdec1
EXPORTER_SECRET 6df6e603cb27d706cc6a9eba58f17bfbb9acb492fab94dac87b85d3c3b54063c 720ec9eafbbc09af1a73b1e6b87917450f18a02efa5e30bd1c5ad26d8a2eab6c
CLIENT_HANDSHAKE_TRAFFIC_SECRET a90e26aae3c9e1f3a4057980f3c2c9f9e37828972f3ae648c54b9080bc848b34 6320f3748663ff8bfea720a9dd76896ed235a7862ba2bbc90d80d11b37a99b8d
SERVER_HANDSHAKE_TRAFFIC_SECRET a90e26aae3c9e1f3a4057980f3c2c9f9e37828972f3ae648c54b9080bc848b34 79775887937bac7e9ffe169136dce32110434dbad3034eda957205d49d7ec8cc
CLIENT_TRAFFIC_SECRET_0 a90e26aae3c9e1f3a4057980f3c2c9f9e37828972f3ae648c54b9080bc848b34 a5c758a1d43da309028a0452559a6b4fe52094257bfad878f9d673d597a0dfa0
SERVER_TRAFFIC_SECRET_0 a90e26aae3c9e1f3a4057980f3c2c9f9e37828972f3ae648c54b9080bc848b34 b7736ccc64511ca9f45535d3dd60033cac81821108e9a5a5bd0c8c9c6e68797b
EXPORTER_SECRET a90e26aae3c9e1f3a4057980f3c2c9f9e37828972f3ae648c54b9080bc848b34 06062eb3f0fb4913332bca20aaeea8724623f85c122de613b12a78f7f348089f
CLIENT_HANDSHAKE_TRAFFIC_SECRET fc3ce381e75be8dfa28098df566df262b4f6bfcd3fa530fcb6b83d4a2d746566 a834a67c809f52d3a232cf9a85586e70a2c0ef040be1470678bbb2644e257604
SERVER_HANDSHAKE_TRAFFIC_SECRET fc3ce381e75be8dfa28098df566df262b4f6bfcd3fa530fcb6b83d4a2d746566 d12d683a652bb769e67006c382d93b8c7822cdab5d631c14c04c5e26fe7ac3c7
CLIENT_HANDSHAKE_TRAFFIC_SECRET 5b6cb8a9b547521209d6f4162e8ccfaf84f4c3235a52536d31ef6c58d5c49ceb f0f0f90008ce71a6f15b6e388f66479051ea54be5349a4ddd7ee841f19ff39fa
SERVER_HANDSHAKE_TRAFFIC_SECRET 5b6cb8a9b547521209d6f4162e8ccfaf84f4c3235a52536d31ef6c58d5c49ceb bf38ffd60a9016192549ce128ef2586a733c077ecbd745937187e4d8eb75f83a
CLIENT_TRAFFIC_SECRET_0 fc3ce381e75be8dfa28098df566df262b4f6bfcd3fa530fcb6b83d4a2d746566 663e717ab1588ab81995498748d5d35200a665222df7cce1dced2779c38b896b
SERVER_TRAFFIC_SECRET_0 fc3ce381e75be8dfa28098df566df262b4f6bfcd3fa530fcb6b83d4a2d746566 b89722237832432600c3ef28bc8951ad1b51bb117fa2a3a3e8d403a9ed85d9ac
EXPORTER_SECRET fc3ce381e75be8dfa28098df566df262b4f6bfcd3fa530fcb6b83d4a2d746566 91cb7e7244993afe0f0ba569b11fdc7bb155790456a1659ca1738e6d2786fd3d
CLIENT_TRAFFIC_SECRET_0 5b6cb8a9b547521209d6f4162e8ccfaf84f4c3235a52536d31ef6c58d5c49ceb 2843d1e6f83b620411565198176b7d682306768cbca2f3ad2ef0d11e63c4cef5
SERVER_TRAFFIC_SECRET_0 5b6cb8a9b547521209d6f4162e8ccfaf84f4c3235a52536d31ef6c58d5c49ceb c7f3dcf221d904a0e51ca2ffd32a055c405a3a1fb8bb9edffd9312d8113f57c5
EXPORTER_SECRET 5b6cb8a9b547521209d6f4162e8ccfaf84f4c3235a52536d31ef6c58d5c49ceb d9111dc936c49dac0e98fc3710a1e12b38712bf4ee13a77ead53a1f7a8407bc0
CLIENT_HANDSHAKE_TRAFFIC_SECRET 621e15fc543b3f872541fe818d102d8fc2fd66cb7155d49ff4790e8a8893711b bf6b89df81a5e0845405b56842e423bee2970c7a324ecff99965853705481891
SERVER_HANDSHAKE_TRAFFIC_SECRET 621e15fc543b3f872541fe818d102d8fc2fd66cb7155d49ff4790e8a8893711b 1e64542096231b63771798495937b9f012c0c5127776b920504ede5150f74ac0
CLIENT_TRAFFIC_SECRET_0 621e15fc543b3f872541fe818d102d8fc2fd66cb7155d49ff4790e8a8893711b 135cc31b59081c8d9b9314d075c96f8e899ff74fe1be81cab81aee469fc95ece
SERVER_TRAFFIC_SECRET_0 621e15fc543b3f872541fe818d102d8fc2fd66cb7155d49ff4790e8a8893711b ce4bd5a55c982732f3f8a56bd7489434b06a3334cbd658716102039f4e9321c7
EXPORTER_SECRET 621e15fc543b3f872541fe818d102d8fc2fd66cb7155d49ff4790e8a8893711b 97c05c8bb5b6616b44435db9fd91acaf8b6fb98dddc20c2723edf910404ccf03
CLIENT_HANDSHAKE_TRAFFIC_SECRET e0e1f2c937a9152393c72efad9ffd1c2ba5fe3098b13bb1fc911ed3766b998d1 3a5b883b7f14df4768a3ce76786a2d503afd8679dcc4c3edfa1eeadf5cbc0259
SERVER_HANDSHAKE_TRAFFIC_SECRET e0e1f2c937a9152393c72efad9ffd1c2ba5fe3098b13bb1fc911ed3766b998d1 c54d223dbe2aeccf6dda4b52ebacfe7a66f072c26f24da7e79c0567928bb4381
CLIENT_TRAFFIC_SECRET_0 e0e1f2c937a9152393c72efad9ffd1c2ba5fe3098b13bb1fc911ed3766b998d1 b879bb893f153b23f636f407c8acd31a16145eb2659b30d17132e7bb547779fa
SERVER_TRAFFIC_SECRET_0 e0e1f2c937a9152393c72efad9ffd1c2ba5fe3098b13bb1fc911ed3766b998d1 a7667103682d47e3715f9f401b6ca3c02c4d89630ddaf1e1e420d541a840c741
EXPORTER_SECRET e0e1f2c937a9152393c72efad9ffd1c2ba5fe3098b13bb1fc911ed3766b998d1 be1792d596c2578671cb4ce4989e842c129801391ae775765fab79dc6d3f3691
CLIENT_HANDSHAKE_TRAFFIC_SECRET e61261d0204a9701ab2a5d2998a4ffa8acaf079f913db0b54da61a9f37d2d56f 6ba12fe13ccb3422fec577d72ac21afecc6af9ac744ede1ba9e58e8c702bb744
SERVER_HANDSHAKE_TRAFFIC_SECRET e61261d0204a9701ab2a5d2998a4ffa8acaf079f913db0b54da61a9f37d2d56f 02f8050ed556b9f53229e5a7b41eb629b1db8dd411892429f150b5fb4e29f3d7
CLIENT_TRAFFIC_SECRET_0 e61261d0204a9701ab2a5d2998a4ffa8acaf079f913db0b54da61a9f37d2d56f 2a365a7c1a508c7a7812e0a34f2e3c75435c5798f5aff08f9e7b585418ccbfdf
SERVER_TRAFFIC_SECRET_0 e61261d0204a9701ab2a5d2998a4ffa8acaf079f913db0b54da61a9f37d2d56f 3274dc4616b9dfd886a696f54f46ea29a5a79fd5f59b98ee15c06f028306439c
EXPORTER_SECRET e61261d0204a9701ab2a5d2998a4ffa8acaf079f913db0b54da61a9f37d2d56f 0b7284cd5270ea086d17c07e58a37635070ec1ceea2df8bc001e08d1dc3091f7
CLIENT_HANDSHAKE_TRAFFIC_SECRET c030a32950ed6980e894b56580997e94903d6c44b025c98e30f897170ceaa5cf 87d21ee1904fb5d84b505b90b60f6c541d35eb7a4ceb954af51ae0367431a8e4
SERVER_HANDSHAKE_TRAFFIC_SECRET c030a32950ed6980e894b56580997e94903d6c44b025c98e30f897170ceaa5cf ee464b6acd425124289f99b09971ae0ffb28b07bb8d9547b59ed903d911519b4
CLIENT_TRAFFIC_SECRET_0 c030a32950ed6980e894b56580997e94903d6c44b025c98e30f897170ceaa5cf 39bd90a73e5250974f14be79aebf34e7edec9cebbe4912ca64e24bbb07c10e92
SERVER_TRAFFIC_SECRET_0 c030a32950ed6980e894b56580997e94903d6c44b025c98e30f897170ceaa5cf 2fcf29724944cc16f88503ab499f38131801053eec44ff02c8d225f56e928b03
EXPORTER_SECRET c030a32950ed6980e894b56580997e94903d6c44b025c98e30f897170ceaa5cf e5da8f90a439c2a7b63e0794ee9eaeb9f43567e358b7533881ffdc046f400612
CLIENT_HANDSHAKE_TRAFFIC_SECRET 0b4891195c142ae3b6c359f9772b0d48776f1bb0e2d3166352c8d00098358f4c 0a45ed0f1780e15f6aeae0ceb2a078681f5d36ab55289b9a8e945ccc4b17caaa
SERVER_HANDSHAKE_TRAFFIC_SECRET 0b4891195c142ae3b6c359f9772b0d48776f1bb0e2d3166352c8d00098358f4c 876ac48c5fd43c7a5a3e356b0052128725635b0848bd61484c2d596a7ec0a3f5
CLIENT_HANDSHAKE_TRAFFIC_SECRET 36bcd25b8f663db88ac629893f107d76fef641e4564c554e5f29a896bfd4b817 b1c5f687205df91d19ce12eff8ef24e5be6f407f46e35587abfe3c47af2e0ee2
SERVER_HANDSHAKE_TRAFFIC_SECRET 36bcd25b8f663db88ac629893f107d76fef641e4564c554e5f29a896bfd4b817 4868d13aad1a21d75eb2d896d7a037155fe91716f439f8914b58db14f67d7e2e
CLIENT_TRAFFIC_SECRET_0 0b4891195c142ae3b6c359f9772b0d48776f1bb0e2d3166352c8d00098358f4c 5e46299ea80a3b228406785fa9665193aeb12cea8348e25c3a354b7ae20d1924
SERVER_TRAFFIC_SECRET_0 0b4891195c142ae3b6c359f9772b0d48776f1bb0e2d3166352c8d00098358f4c d451e1b31f14cdca0da6b9dcabfa088fe03a3abd67b4edb9103bb441700e4f19
EXPORTER_SECRET 0b4891195c142ae3b6c359f9772b0d48776f1bb0e2d3166352c8d00098358f4c 41ec3624c7cd73c3a2a10389ad704032e595a1d23e7e5181b244b785cb206356
CLIENT_TRAFFIC_SECRET_0 36bcd25b8f663db88ac629893f107d76fef641e4564c554e5f29a896bfd4b817 76994b464265403c165c01b35287a2e8a5f56ef29e1f2c6443a0c15a54b0f42d
SERVER_TRAFFIC_SECRET_0 36bcd25b8f663db88ac629893f107d76fef641e4564c554e5f29a896bfd4b817 03ce63de3e17c637b9a7b2f94fec3d72b64bbbe37b6aeba83bd9587e2ea189c0
EXPORTER_SECRET 36bcd25b8f663db88ac629893f107d76fef641e4564c554e5f29a896bfd4b817 52eb6041d680a767276eb439ba9925875f830a595d0e47e4cb35e75d417f9dd2
CLIENT_HANDSHAKE_TRAFFIC_SECRET ee1e5c9e8efe7e76ca2dcdc9d86daca4056a2c209cc9f10a30ef9c111e79daa9 7df01acdfa426a4fc550fd7e6a57d804ac3db86f44a63a3d43acb642f239a805
SERVER_HANDSHAKE_TRAFFIC_SECRET ee1e5c9e8efe7e76ca2dcdc9d86daca4056a2c209cc9f10a30ef9c111e79daa9 7de934c38991bd5fb7b27d11ace70790034a11ecc3dedb19b964104430e96783
CLIENT_TRAFFIC_SECRET_0 ee1e5c9e8efe7e76ca2dcdc9d86daca4056a2c209cc9f10a30ef9c111e79daa9 91aa5ed43f92f38ceb041f52dc94f5be22f8055fab40aa02ff0264b5bdf51a71
SERVER_TRAFFIC_SECRET_0 ee1e5c9e8efe7e76ca2dcdc9d86daca4056a2c209cc9f10a30ef9c111e79daa9 aadca13fb4039be674633a25e4468dcbe0a6e218a82bd01a16d0e13ec61d5951
EXPORTER_SECRET ee1e5c9e8efe7e76ca2dcdc9d86daca4056a2c209cc9f10a30ef9c111e79daa9 10373e2d8b434cf10ca83ec73fc1fe6fc4b049272819455cbb0993733c93357e
CLIENT_HANDSHAKE_TRAFFIC_SECRET d2c5a18dea929af581c640070d44ba8e5117f2a83806c8c4eafde2c3a803fd7f f4562ba3af9f2456aa97ac56c0d3e7f4212cd0ca1a2e14ac4a120f76baccb756
SERVER_HANDSHAKE_TRAFFIC_SECRET d2c5a18dea929af581c640070d44ba8e5117f2a83806c8c4eafde2c3a803fd7f a65932145d47b2f40c2d61e939fbbd36efcb6e39e5a3130bd8c6ed30c37eb728
CLIENT_TRAFFIC_SECRET_0 d2c5a18dea929af581c640070d44ba8e5117f2a83806c8c4eafde2c3a803fd7f b2a267c9ef7f78e757893ca60dd8ce8ea072662f60062395deaa50752ca5e27a
SERVER_TRAFFIC_SECRET_0 d2c5a18dea929af581c640070d44ba8e5117f2a83806c8c4eafde2c3a803fd7f 53358b6d56b0442b1e137f50d404425530c3616c62c0283a54664bc054cbeac5
EXPORTER_SECRET d2c5a18dea929af581c640070d44ba8e5117f2a83806c8c4eafde2c3a803fd7f dec4d717aa3870d5ebe7f97021fe3e6d552f91e831a182379b4fec811a649d4c
CLIENT_HANDSHAKE_TRAFFIC_SECRET c942b60f261b5233abd0c643d280aa70e92de6ba13e75c0aa93cd73f9720ab57 706187f0d1fab39c85511d617ef83a17e164d7e5a9f9bb6a9b499cb56d794976
SERVER_HANDSHAKE_TRAFFIC_SECRET c942b60f261b5233abd0c643d280aa70e92de6ba13e75c0aa93cd73f9720ab57 ae11bc4331018eaa6fe8275db1ffd6529bb6b67fdcb458e601abff13660458a2
CLIENT_TRAFFIC_SECRET_0 c942b60f261b5233abd0c643d280aa70e92de6ba13e75c0aa93cd73f9720ab57 809ec3982e2b9ca9557477000c273352bd50046d107c82e53fb542beb58a0b5c
SERVER_TRAFFIC_SECRET_0 c942b60f261b5233abd0c643d280aa70e92de6ba13e75c0aa93cd73f9720ab57 baad2e0708aef144f4cc2a2bb8bf6cf3e4db84b110a3d7866237e096a49be3f5
EXPORTER_SECRET c942b60f261b5233abd0c643d280aa70e92de6ba13e75c0aa93cd73f9720ab57 13f2d8c71c36a66687b6f47d6c573a94f7edee5ce72772a747d612c8b2b9cf03
CLIENT_HANDSHAKE_TRAFFIC_SECRET 62f3a55ea4ebf2a9e5474223c5a8372cddfd340f6df3be2a659e87b5cb65e013 3be084c8f89f500549c44a8f4964098ac7dbf13e5b52a53d064c984c6ebf1e8e
SERVER_HANDSHAKE_TRAFFIC_SECRET 62f3a55ea4ebf2a9e5474223c5a8372cddfd340f6df3be2a659e87b5cb65e013 506bceef75f9cf23781a6315f991b526dcba2746addc101c11cd9805f1c7f9c1
CLIENT_TRAFFIC_SECRET_0 62f3a55ea4ebf2a9e5474223c5a8372cddfd340f6df3be2a659e87b5cb65e013 38191dcbd9385ac108e4de53e6c5a6622aa3815a5151d2794b8b22404b2c1a95
SERVER_TRAFFIC_SECRET_0 62f3a55ea4ebf2a9e5474223c5a8372cddfd340f6df3be2a659e87b5cb65e013 67e6f34594c0721a9a8eb0431ffc2dc0805a99b10d40c51eb882c3dff346552d
EXPORTER_SECRET 62f3a55ea4ebf2a9e5474223c5a8372cddfd340f6df3be2a659e87b5cb65e013 0c25c7fe10879c5c3262beb72decccf10690ed5f053a4f28d46635f133d987e3
CLIENT_HANDSHAKE_TRAFFIC_SECRET 0298c93faf52e787e90adf2eefe47baad53690e128b703a1a64585e72e1fcd88 2cf52c1d8172514f27acc49c6a3319501ac37f2bccaec4eb2037819ca3b1b0da
SERVER_HANDSHAKE_TRAFFIC_SECRET 0298c93faf52e787e90adf2eefe47baad53690e128b703a1a64585e72e1fcd88 3bc19234c941bb63ad52f9e6e5479899061d4d6eb14424094856aaa532335ad3
CLIENT_TRAFFIC_SECRET_0 0298c93faf52e787e90adf2eefe47baad53690e128b703a1a64585e72e1fcd88 454bed25f1cb9ff3f94dbd372608b41285ca9ca26fd2b2a1d1b698ec1314345c
SERVER_TRAFFIC_SECRET_0 0298c93faf52e787e90adf2eefe47baad53690e128b703a1a64585e72e1fcd88 d98d2b98a0b650e93e73e4878ed7f3f3d8434e82385533908ec53ac4a314350b
EXPORTER_SECRET 0298c93faf52e787e90adf2eefe47baad53690e128b703a1a64585e72e1fcd88 40ad63bf895b949031e5951c0a238e3cc75ad80aa8637cfecf6b46399b8906b9
CLIENT_HANDSHAKE_TRAFFIC_SECRET 16d386bef52e1b942864f55e60d0b6ecdeb6fdc2df63c2c02189d76967a67941 6c867bcdacb14ed0b2d265a71518cae78caabade663c733ea9f8a42407851c39
SERVER_HANDSHAKE_TRAFFIC_SECRET 16d386bef52e1b942864f55e60d0b6ecdeb6fdc2df63c2c02189d76967a67941 fe548b925660574dac544c57d38324933b9b256d5fa42cb80db8d4fd50dc56dc
CLIENT_TRAFFIC_SECRET_0 16d386bef52e1b942864f55e60d0b6ecdeb6fdc2df63c2c02189d76967a67941 f321859729141efaa76900293b9b402e50014a54d2d8341f2037a740b50a7063
SERVER_TRAFFIC_SECRET_0 16d386bef52e1b942864f55e60d0b6ecdeb6fdc2df63c2c02189d76967a67941 4fac26d001dcd50592bda5a428e7624f965fdb1f1cc4979f827b19a755d09b87
EXPORTER_SECRET 16d386bef52e1b942864f55e60d0b6ecdeb6fdc2df63c2c02189d76967a67941 6ea841f02f993090e26d1b394ca4e3c609cc2cc2f4fbedf88a2ac0fe10190431
CLIENT_HANDSHAKE_TRAFFIC_SECRET eeae27578e5413cf5fba994ac5f90063930fb114cba0e35779eb026e12e3333e 700cd6bf27936c2bc210df8cf9143683f92d4476cecf47d161e33f00e23e1abc
SERVER_HANDSHAKE_TRAFFIC_SECRET eeae27578e5413cf5fba994ac5f90063930fb114cba0e35779eb026e12e3333e 2525508c07043ce42ca1fe5a898eccb2175fd86efe9e6c895f72963a5549d6e4
CLIENT_HANDSHAKE_TRAFFIC_SECRET ffc4a156b499a383c642609a71cad0141c6f61f8a87dc3af4f45f119f6db554a d5a2ad1759eab2828c2e8c80b79ff844a84fc3d3a4ea54989ffcff9a5229b291
SERVER_HANDSHAKE_TRAFFIC_SECRET ffc4a156b499a383c642609a71cad0141c6f61f8a87dc3af4f45f119f6db554a 7e1af13c55b1ba9b9af633c901182723ae96beeac57b0e8d2e5f61456f2ee2c1
CLIENT_TRAFFIC_SECRET_0 ffc4a156b499a383c642609a71cad0141c6f61f8a87dc3af4f45f119f6db554a b540678f2b39148f9983755ef081e5c79b8d5fa52583a5c6f059355bfc402b39
SERVER_TRAFFIC_SECRET_0 ffc4a156b499a383c642609a71cad0141c6f61f8a87dc3af4f45f119f6db554a 8ed9d5b28377275fe2282c42c1e9bef807e7502428397c75643a50e98fd42bea
EXPORTER_SECRET ffc4a156b499a383c642609a71cad0141c6f61f8a87dc3af4f45f119f6db554a 3422e82946fbb01c4ff80ce17eec3fc38e34604478188d48cbe7d74d174c1c34
CLIENT_TRAFFIC_SECRET_0 eeae27578e5413cf5fba994ac5f90063930fb114cba0e35779eb026e12e3333e 7bf07d7b462f309ebe31f54d5967c0102e484b4c556429ba0ad8d3a95abd2721
SERVER_TRAFFIC_SECRET_0 eeae27578e5413cf5fba994ac5f90063930fb114cba0e35779eb026e12e3333e e3570a3e8ec1511bb9a969fefa2b6341e7bb89fcf2edfb6b78c833baf788b6ad
EXPORTER_SECRET eeae27578e5413cf5fba994ac5f90063930fb114cba0e35779eb026e12e3333e 7b19286ee514862730bb95cf07b81a9ceec29767a6d654dc43dfc5068e480596
CLIENT_HANDSHAKE_TRAFFIC_SECRET dd551e5f5ab684a946384631bae1ca3762621bd48cd9143359495879206ede3b 0f30ad113bd4fe86acd194620600d7b54c99b551440d11d9f901c3268e25e978
SERVER_HANDSHAKE_TRAFFIC_SECRET dd551e5f5ab684a946384631bae1ca3762621bd48cd9143359495879206ede3b 8a13a8cd74451c6cd47b41f07538d641fec56f8ca3488c768a701f00eaf3ed26
CLIENT_TRAFFIC_SECRET_0 dd551e5f5ab684a946384631bae1ca3762621bd48cd9143359495879206ede3b 8482c486b206aeb93f7c896d993bf480db3b890a074fce0f49078f2960128a7e
SERVER_TRAFFIC_SECRET_0 dd551e5f5ab684a946384631bae1ca3762621bd48cd9143359495879206ede3b d4985b0e0563771bd98619e67b9452748a9705fb57843eb9eef2d6dc2f112f2e
EXPORTER_SECRET dd551e5f5ab684a946384631bae1ca3762621bd48cd9143359495879206ede3b 7977ec44733b46d647f7cd258f7fb4c07c39c891a5f0cea3c14e8287eeb2002c
CLIENT_HANDSHAKE_TRAFFIC_SECRET 4c41a621f0749a2cf4da8106409af27283e34f803b94c00a42ba3fb90e12d255 6dbceca4b18612a966bd1420830219ca8bb19fc5ecdaa6551c2cf91b510a964d
SERVER_HANDSHAKE_TRAFFIC_SECRET 4c41a621f0749a2cf4da8106409af27283e34f803b94c00a42ba3fb90e12d255 d3448184e6f42fcb1747d686707d0a73906e84555de2f55bd44d4bdeedcb48d3
CLIENT_TRAFFIC_SECRET_0 4c41a621f0749a2cf4da8106409af27283e34f803b94c00a42ba3fb90e12d255 3613623d9cf926a9bc080350783e1d707161bbc6b0857f5d580328cc744484c2
SERVER_TRAFFIC_SECRET_0 4c41a621f0749a2cf4da8106409af27283e34f803b94c00a42ba3fb90e12d255 f571a0fddf2a5a07a0a25971b304f58f7a69643867c8bc3984390a7e6cb711d8
EXPORTER_SECRET 4c41a621f0749a2cf4da8106409af27283e34f803b94c00a42ba3fb90e12d255 fc3857a0c0b59b27d69272d3db3688824e5ea8b2eebd663df3b13c78fec29bcb
CLIENT_HANDSHAKE_TRAFFIC_SECRET 17667730dae642726a9d93ef89fbc30b5583c53574bda92a58b39b44fdcaecf4 1335b4fde10debfa56d668c1f09da21504c562b15e2c064d2d00ca2c4baa6236
SERVER_HANDSHAKE_TRAFFIC_SECRET 17667730dae642726a9d93ef89fbc30b5583c53574bda92a58b39b44fdcaecf4 95bce49dbd6edac4512d891d251dfafb231bddf6fec8a3362bcdd4988f413720
CLIENT_TRAFFIC_SECRET_0 17667730dae642726a9d93ef89fbc30b5583c53574bda92a58b39b44fdcaecf4 064007d6ab15fe60cd6552a9de0bc1dea258c44ee5905c37cfd946945c557b15
SERVER_TRAFFIC_SECRET_0 17667730dae642726a9d93ef89fbc30b5583c53574bda92a58b39b44fdcaecf4 36be81fe97d4ae63482f54ca75a84bd872783c87d67b094651f37107a4a89412
EXPORTER_SECRET 17667730dae642726a9d93ef89fbc30b5583c53574bda92a58b39b44fdcaecf4 6bc33e26e44ac751d6c8237d60fab68cded66bd9bfecc8bed96238fe525a8074
