CLIENT_RANDOM 0d4021b6605f0a3e405cc8166c62cbd6954e08bac1a0aae712b09a028263d6c5 e5cde48289677d8b307e45c53fbddccb2415b04239ae83e6189a0e7436db6f80e97f482d17eb5332ba29dc8bd7fc01de
CLIENT_RANDOM 0018562190232b0354508f41dcbf5b7de93d1fac7f9a39e713e9018eb408ff6c 13bf0cc15be268e2d64e8c4aa7d3f2391b97672898c4c3e3984307dab4b5bec1f5b47a738e83477b3d339d51e410dd27
CLIENT_HANDSHAKE_TRAFFIC_SECRET f825b87d0680f6abf289538c3626898ab96dde67f5b3f25bef93f57c721e633e 5301cc06d2f245a6d8bbb9d226c6ad9d5dd5ed516fc852feb87b0a4bf638383b
SERVER_HANDSHAKE_TRAFFIC_SECRET f825b87d0680f6abf289538c3626898ab96dde67f5b3f25bef93f57c721e633e 7c5a3a3787f5bb824f2a025c22b90d59b3073e379820f12a999d2bbc052c8519
CLIENT_HANDSHAKE_TRAFFIC_SECRET ebe9ff8e7743d3b50f35c918483fd0fdedb8b1264e29a96d67869f5c92d40995 65f683606c3f3108b094f988455713262ea7b2460fec3534974afe658dc57ca9
SERVER_HANDSHAKE_TRAFFIC_SECRET ebe9ff8e7743d3b50f35c918483fd0fdedb8b1264e29a96d67869f5c92d40995 dc6768827dce13aad187d5b27f2337e990c9cece0b6b1d83e8e2efc9bb36fd02
CLIENT_RANDOM 3febb4023f5575a2d6f603a0f560fd95a3096d7a53a95c62f588dcfddfabe83a 13bf0cc15be268e2d64e8c4aa7d3f2391b97672898c4c3e3984307dab4b5bec1f5b47a738e83477b3d339d51e410dd27
CLIENT_TRAFFIC_SECRET_0 f825b87d0680f6abf289538c3626898ab96dde67f5b3f25bef93f57c721e633e d6ae05e7ede648166740ba7d191e9647fb38fd999c3b174ebf58b5cd19e3f921
SERVER_TRAFFIC_SECRET_0 f825b87d0680f6abf289538c3626898ab96dde67f5b3f25bef93f57c721e633e c047d3f75413778106f94d847be12b27815851bdea3d33629b9cd13feeb5934f
EXPORTER_SECRET f825b87d0680f6abf289538c3626898ab96dde67f5b3f25bef93f57c721e633e 9e5e48caf32373ce2111e46a984ead3cda0c76daaca142240ccea0d1c76d57cb
CLIENT_TRAFFIC_SECRET_0 ebe9ff8e7743d3b50f35c918483fd0fdedb8b1264e29a96d67869f5c92d40995 ea6250e73cce9323d9911de42d05a9e94a1c9aa043203de2e23ec6be56aa6c24
SERVER_TRAFFIC_SECRET_0 ebe9ff8e7743d3b50f35c918483fd0fdedb8b1264e29a96d67869f5c92d40995 2bfd53d1f7c6e0dc06dcf358153cfa26d92381f644eed9b71d75197c53d92bc5
EXPORTER_SECRET ebe9ff8e7743d3b50f35c918483fd0fdedb8b1264e29a96d67869f5c92d40995 5a07b550eeb50a2d663b2e7dcfa1f1d7d195bc782824984fad9e390223e68611
CLIENT_RANDOM 52e6e77f208e4b3d1b0fe21a0840b1522f45bf200fdb9f80311c64c8a3b6b3ec 13bf0cc15be268e2d64e8c4aa7d3f2391b97672898c4c3e3984307dab4b5bec1f5b47a738e83477b3d339d51e410dd27
CLIENT_RANDOM d2e383dd2506a481802016db32b26436394f47beff05a02cd89a6807288f3c42 13bf0cc15be268e2d64e8c4aa7d3f2391b97672898c4c3e3984307dab4b5bec1f5b47a738e83477b3d339d51e410dd27
CLIENT_RANDOM 9aa286dbb9d726c6c649804fcb3514d971b00c16d5024a55931307a566ab58ec 13bf0cc15be268e2d64e8c4aa7d3f2391b97672898c4c3e3984307dab4b5bec1f5b47a738e83477b3d339d51e410dd27
CLIENT_RANDOM 93381dc37d27ddba28d0a5723f14480ac33f4566293a083ab0d0536eb30c02ae 13bf0cc15be268e2d64e8c4aa7d3f2391b97672898c4c3e3984307dab4b5bec1f5b47a738e83477b3d339d51e410dd27
CLIENT_HANDSHAKE_TRAFFIC_SECRET a4711d9d6ed7a46d489c58a1d2886a610728eb4bde58f3575df5a34ab43cfea7 1d9f425ccbb4c6f3c19c48db1e68f6a113201903f9c15ae1ccb3144574ab36f0
SERVER_HANDSHAKE_TRAFFIC_SECRET a4711d9d6ed7a46d489c58a1d2886a610728eb4bde58f3575df5a34ab43cfea7 c4ab0f8ef9be42103cbfa22bc8c64749fbf07731e2637f3182ea73495a432c7e
CLIENT_RANDOM 43c7e761920be0d6605bd246da10ad00f29dafd9e7bd0b0352b5436aa7848cb1 ff1eb9f157ff18e8ecd291d557ab49b48782ad2080ef5651c7fd8b53815877540e5c059352ac4613edabe95bf3a9ecd7
CLIENT_TRAFFIC_SECRET_0 a4711d9d6ed7a46d489c58a1d2886a610728eb4bde58f3575df5a34ab43cfea7 d06ebef130a60062a85167b058b5e291ea3f7462ebadda3a180f401aed01a52d
SERVER_TRAFFIC_SECRET_0 a4711d9d6ed7a46d489c58a1d2886a610728eb4bde58f3575df5a34ab43cfea7 626b9ae2c2d71db040c6a35f768a3a0758a056cfaedb9172cad1064a63b48250
EXPORTER_SECRET a4711d9d6ed7a46d489c58a1d2886a610728eb4bde58f3575df5a34ab43cfea7 025473384e1e1cab050f3cf107736264ec9f43fb1ca2b1a26a5fb45715f8b282
CLIENT_HANDSHAKE_TRAFFIC_SECRET 1fb62ea3b0a1e8bd9d005363f36f3162f79d335d1a44c16c2ce0b1c03a85130c 2efa3003da5c3ebb01efab2526cb67be7256903533a8cf92f03c9b97583ac22e
SERVER_HANDSHAKE_TRAFFIC_SECRET 1fb62ea3b0a1e8bd9d005363f36f3162f79d335d1a44c16c2ce0b1c03a85130c 373f3f4d635c5c935c038d872eb82418f1e5566bf56d4b980ba880bb8809ad88
CLIENT_TRAFFIC_SECRET_0 1fb62ea3b0a1e8bd9d005363f36f3162f79d335d1a44c16c2ce0b1c03a85130c 052fd76e38736a949d80d985cc0eada5dbd3226e9725d2fbbadc9c7f7103f7d6
SERVER_TRAFFIC_SECRET_0 1fb62ea3b0a1e8bd9d005363f36f3162f79d335d1a44c16c2ce0b1c03a85130c 700866dc0d51929fd289541751ce488f82db13f0f2b6354b91a0eff54de3091f
EXPORTER_SECRET 1fb62ea3b0a1e8bd9d005363f36f3162f79d335d1a44c16c2ce0b1c03a85130c 6722a808de27f0cb6012a70086c5f3015f04a86daea5d1a68d2f02e425ad1620
CLIENT_HANDSHAKE_TRAFFIC_SECRET c1b8f58b2127749e105e9d07f536f542a5812fa97f0de8a29f299abb4894dd07 1669b150f00a527aef326fbd29bbb357d210ab56cc6165b9217eb044033e6320
SERVER_HANDSHAKE_TRAFFIC_SECRET c1b8f58b2127749e105e9d07f536f542a5812fa97f0de8a29f299abb4894dd07 d201a812513f7452f76d302f62492b08b37425676f197d63dd3a7710a806a1ca
CLIENT_TRAFFIC_SECRET_0 c1b8f58b2127749e105e9d07f536f542a5812fa97f0de8a29f299abb4894dd07 3ebde8c4bd07119fa1060ddf53bbf50ad4796a2be2528e6944ee9fc011f38d8c
SERVER_TRAFFIC_SECRET_0 c1b8f58b2127749e105e9d07f536f542a5812fa97f0de8a29f299abb4894dd07 5a938325edd871897f49ba48e281d5f60870115cc6b55de4901621da4bc60cd4
EXPORTER_SECRET c1b8f58b2127749e105e9d07f536f542a5812fa97f0de8a29f299abb4894dd07 3990e668699a02d7b4acae24e40ef8755c3756569ea73c1397cba4c857ad16f4
CLIENT_HANDSHAKE_TRAFFIC_SECRET e1565df0ce8b157317631d794bca2508a7927cf436c8d8a5873508025a05aa23 2355a63e720e5967c231d28bf26d86d57aac6b98835657155e78a10b85709a00
SERVER_HANDSHAKE_TRAFFIC_SECRET e1565df0ce8b157317631d794bca2508a7927cf436c8d8a5873508025a05aa23 a7c5fd0a309202e2e36ed37f12f43c0e28d4fb42ae677b556754144506651e98
CLIENT_TRAFFIC_SECRET_0 e1565df0ce8b157317631d794bca2508a7927cf436c8d8a5873508025a05aa23 8220480b35dbf2020fa5d01f51e34d8b93be66a2666dfcfd426b8e6784602fd0
SERVER_TRAFFIC_SECRET_0 e1565df0ce8b157317631d794bca2508a7927cf436c8d8a5873508025a05aa23 c976b441b3a1a4f20f2b3faad800481bf1a4bb37586842695b5a8316a9b876ca
EXPORTER_SECRET e1565df0ce8b157317631d794bca2508a7927cf436c8d8a5873508025a05aa23 64c1dd378e32457463962dc8109f00ca440a8ff8a848a490ce0e634a357c46c9
CLIENT_HANDSHAKE_TRAFFIC_SECRET f0c848867275682a8c364c377871f09a7f3ca302cf80ce2411ce3ac864459938 7d3e03620e28f61951381cd405a25878d9fdecf857754272a0698085f226888d
SERVER_HANDSHAKE_TRAFFIC_SECRET f0c848867275682a8c364c377871f09a7f3ca302cf80ce2411ce3ac864459938 94b56310034c7cbfe6fe16ecaa94d5d3ee688e30d0f97d869eaff4835b10db5c
CLIENT_TRAFFIC_SECRET_0 f0c848867275682a8c364c377871f09a7f3ca302cf80ce2411ce3ac864459938 576f586bb254ce7d15391e5b7350afaa033bce17928db91610e142f480ad84d0
SERVER_TRAFFIC_SECRET_0 f0c848867275682a8c364c377871f09a7f3ca302cf80ce2411ce3ac864459938 f6956a758113786ee584f490e52c1e6f64ed1f5835cfe642ce6939421381bc2c
EXPORTER_SECRET f0c848867275682a8c364c377871f09a7f3ca302cf80ce2411ce3ac864459938 6f585f767cb4d51862d057f7d0f119952fd83d17cf7680af32a8d0f3c218038a
CLIENT_HANDSHAKE_TRAFFIC_SECRET 9f2fe647875d9d0ff4b1c7bfc5945fa854c35434331e36a71707af1730ba6cd4 10b5e7e3b68a8eb227def9640ad150aa98929a85b6c952246c1c2ac893dc126a
SERVER_HANDSHAKE_TRAFFIC_SECRET 9f2fe647875d9d0ff4b1c7bfc5945fa854c35434331e36a71707af1730ba6cd4 c215447ee146efe0a1b8d688588cb1739d4487e77a899b9be629490ad13b5834
CLIENT_TRAFFIC_SECRET_0 9f2fe647875d9d0ff4b1c7bfc5945fa854c35434331e36a71707af1730ba6cd4 1c3e97faf516c63f211cbf18cdfcbb76b0732cf8266ed95807df5b992e44e186
SERVER_TRAFFIC_SECRET_0 9f2fe647875d9d0ff4b1c7bfc5945fa854c35434331e36a71707af1730ba6cd4 b94d0f1e6ad79888e998befb8e7879091bc386ef28d9effdf6b97804ad09c1d8
EXPORTER_SECRET 9f2fe647875d9d0ff4b1c7bfc5945fa854c35434331e36a71707af1730ba6cd4 e02b4632968f2ecbd3e5303542b89e3c831bd9b7311d7be92aa880e319e27f5d
