CLIENT_HANDSHAKE_TRAFFIC_SECRET b3e0046cc3d14a1d6482539d1d35ac16279bb47507d5cc2b0029aaf73919283e b3edbd1dfd35abb57a3dda5b23a6a84e9b6f7c80d5582e8713cc7f6a626a6bf1
SERVER_HANDSHAKE_TRAFFIC_SECRET b3e0046cc3d14a1d6482539d1d35ac16279bb47507d5cc2b0029aaf73919283e b471be2ab507fcd95d9f20964a7368f6c09ed14454593e63f7ed7b12fdc4a94b
CLIENT_TRAFFIC_SECRET_0 b3e0046cc3d14a1d6482539d1d35ac16279bb47507d5cc2b0029aaf73919283e 203b0e7c1f483427d27497afadc0a9aee4000d7e7ed53e3701d19ac61ca5950a
SERVER_TRAFFIC_SECRET_0 b3e0046cc3d14a1d6482539d1d35ac16279bb47507d5cc2b0029aaf73919283e b1366d79a7c52b7eb8092e8356afc163b1e40dde19ca45f43afdd5efe05497c2
EXPORTER_SECRET b3e0046cc3d14a1d6482539d1d35ac16279bb47507d5cc2b0029aaf73919283e 1cc3e3c63a50217e64f0cb7a32271f18dc4f1b58b0a1d129ae7395ab00ee7891
CLIENT_HANDSHAKE_TRAFFIC_SECRET 056f46422b7da2848629326f50fc08dae6650477bb6c08a48809ad4bcd3c275a 1c5e8f5ccae61565f252df928c4e77b8ebbf9e2e9eebdba77a76d1ac319475b4
SERVER_HANDSHAKE_TRAFFIC_SECRET 056f46422b7da2848629326f50fc08dae6650477bb6c08a48809ad4bcd3c275a 79f120e4b8076635d3d135857d69b642bb3f28fe11877c7d5ab7c13faf1a40ee
CLIENT_TRAFFIC_SECRET_0 056f46422b7da2848629326f50fc08dae6650477bb6c08a48809ad4bcd3c275a 543b547c9bd06e5841799314960ddd8afb98399f0dfd702c4fc99a91a1bc54d3
SERVER_TRAFFIC_SECRET_0 056f46422b7da2848629326f50fc08dae6650477bb6c08a48809ad4bcd3c275a 1913ce5ae09427226f4895eaa8ac3ea7c717ccf80eca17ba536ebbcb0706431a
EXPORTER_SECRET 056f46422b7da2848629326f50fc08dae6650477bb6c08a48809ad4bcd3c275a ee3e0e1c91f5aee043a065f618bda89cc9ca19a5dc9fb18ee593029af150c3f8
CLIENT_HANDSHAKE_TRAFFIC_SECRET 623652cf7d2e568cb88ea4d3d732429d3093c2c0579c57481489c3d14e32abed a63c48ce002c8124add273840c87fbeaa295cff9e1fa3081dddd9fe349244369
SERVER_HANDSHAKE_TRAFFIC_SECRET 623652cf7d2e568cb88ea4d3d732429d3093c2c0579c57481489c3d14e32abed 9430c618537f26d74b2ebf71144ea056ef045db7b110e8db860b3bc55e1aff63
CLIENT_TRAFFIC_SECRET_0 623652cf7d2e568cb88ea4d3d732429d3093c2c0579c57481489c3d14e32abed 2aca4162ede3f672109d54ff54290c3485001ac8e7998663343ddffd72d30479
SERVER_TRAFFIC_SECRET_0 623652cf7d2e568cb88ea4d3d732429d3093c2c0579c57481489c3d14e32abed 14eabd791b9cf3edcb5b550fe32e258050e410b259ebcf16938ecde86448453e
EXPORTER_SECRET 623652cf7d2e568cb88ea4d3d732429d3093c2c0579c57481489c3d14e32abed 4531c5261725cc1df6dad80be4a0ac38582752b093b8b0af4863cad2c6d432e1
CLIENT_HANDSHAKE_TRAFFIC_SECRET 39f4bd1e0805ce1ff6c51e84b06b8c0d9462ede190284d3176275b7acb14397b 26d294583a633c2b8f1ad55dc40a78ac9366a28a2552e4b5c71db2ccbe15d405
SERVER_HANDSHAKE_TRAFFIC_SECRET 39f4bd1e0805ce1ff6c51e84b06b8c0d9462ede190284d3176275b7acb14397b 7f26f42e2dcb984d2f0aeb0187ecd14bf00609ce413e59f3f72883309990fe60
CLIENT_TRAFFIC_SECRET_0 39f4bd1e0805ce1ff6c51e84b06b8c0d9462ede190284d3176275b7acb14397b 39ff20cd7a8d57f3e2a5a3d3628a1fd4b5dbebbcdcb2b6e7f1cb3120304e3e5e
SERVER_TRAFFIC_SECRET_0 39f4bd1e0805ce1ff6c51e84b06b8c0d9462ede190284d3176275b7acb14397b 2a3a3dc66ad2006fd63fb0ded16fd1ab5ace805a701bacda077e01a91d637a11
EXPORTER_SECRET 39f4bd1e0805ce1ff6c51e84b06b8c0d9462ede190284d3176275b7acb14397b d0cf4a72aed1d73a0369963e223a0239d91899910979487a80460ddc729d8f5c
CLIENT_HANDSHAKE_TRAFFIC_SECRET 4e8a823baca3aa9c3dfddca0d1b9b59ca7741802483a9af2d3a09141048bf3d2 6482622b69e36c46dec4fd33e78179e92946069a871fe4ff58db31114dad3288
SERVER_HANDSHAKE_TRAFFIC_SECRET 4e8a823baca3aa9c3dfddca0d1b9b59ca7741802483a9af2d3a09141048bf3d2 5d5394dcb3d62ead5b1c98f1c42875e7e662134559aac64b75f697910adbe4f4
CLIENT_TRAFFIC_SECRET_0 4e8a823baca3aa9c3dfddca0d1b9b59ca7741802483a9af2d3a09141048bf3d2 f63714560e127b1fc15002749b0aac8e7bb840c9468587fca5d9ea2b7def7df9
SERVER_TRAFFIC_SECRET_0 4e8a823baca3aa9c3dfddca0d1b9b59ca7741802483a9af2d3a09141048bf3d2 ae5c60074c1cd1c49a56aaaca22d3fede60776d6fbc59a88b377252eb75f30dc
EXPORTER_SECRET 4e8a823baca3aa9c3dfddca0d1b9b59ca7741802483a9af2d3a09141048bf3d2 8fb161034824816197edebfce70c80588298f271e4d7db3061a7c753e8ebd0f0
CLIENT_HANDSHAKE_TRAFFIC_SECRET ee753c8192739a27b3cd7b6633c9e05c40167c6615d67e2336d9d1ee9c2837b5 b588aa979bc4192ce3d74022306ac534c2307d3602b2abcef1c933c274a1ebb6
SERVER_HANDSHAKE_TRAFFIC_SECRET ee753c8192739a27b3cd7b6633c9e05c40167c6615d67e2336d9d1ee9c2837b5 89dac221ecb226190aa9d396023defb690428b798e55ae0f52310723edb65480
CLIENT_TRAFFIC_SECRET_0 ee753c8192739a27b3cd7b6633c9e05c40167c6615d67e2336d9d1ee9c2837b5 acfeaebb0ac6ccfc6df9293abe3af4e12994da7d902d10fdd6c53f34e7beef2d
SERVER_TRAFFIC_SECRET_0 ee753c8192739a27b3cd7b6633c9e05c40167c6615d67e2336d9d1ee9c2837b5 bef2c181dc337609c449a006f98b4c38b904917d0ccf00b0f6f796833326653f
EXPORTER_SECRET ee753c8192739a27b3cd7b6633c9e05c40167c6615d67e2336d9d1ee9c2837b5 7968fe6941e5ca65df5a69da5e4b0a1b1b479ebb94ede925f7ed5ee6faa04025
CLIENT_HANDSHAKE_TRAFFIC_SECRET 3f721369ea8369b45687feee2e4213d5acf83782e8ca6ae22403b261513a6771 eb67d8a2e7068cca0caa99ce7755e206c5b9320f6da6003f06a5dac8e4c6c919
SERVER_HANDSHAKE_TRAFFIC_SECRET 3f721369ea8369b45687feee2e4213d5acf83782e8ca6ae22403b261513a6771 350da819d6f13b8fbd7bd0860ce0c454e33767ed2a3e96da71784dc50b88684e
CLIENT_TRAFFIC_SECRET_0 3f721369ea8369b45687feee2e4213d5acf83782e8ca6ae22403b261513a6771 d64fa454625779c89ce7627cb892c5de48186933785c956561673d8c36051595
SERVER_TRAFFIC_SECRET_0 3f721369ea8369b45687feee2e4213d5acf83782e8ca6ae22403b261513a6771 4ff15032f111a9c7dc1162dd790ae912b9b0f8f0ef7c54390a4e3614dedbee8b
EXPORTER_SECRET 3f721369ea8369b45687feee2e4213d5acf83782e8ca6ae22403b261513a6771 b72b30c83493f27f0cb3bee10b41455964ee8fc845b352f25693eaf17bbe4d66
CLIENT_HANDSHAKE_TRAFFIC_SECRET 6df90fd96e4309fdcadb4c975ee4e7161edbd62c76a7dacc13be42a6d714d93e 46d8ce4332665fc15a7627361daabf551cac0cc8a9eeb08795bb56014707211d
SERVER_HANDSHAKE_TRAFFIC_SECRET 6df90fd96e4309fdcadb4c975ee4e7161edbd62c76a7dacc13be42a6d714d93e 3026f72f85e5063af54e91da50ac2d8e4b4ce9b6816e12b5f34269a718db84e8
CLIENT_TRAFFIC_SECRET_0 6df90fd96e4309fdcadb4c975ee4e7161edbd62c76a7dacc13be42a6d714d93e 4064dee993c1925890a2d2ccff72b4631dca049aaf5767acba74a7485ef57dfb
SERVER_TRAFFIC_SECRET_0 6df90fd96e4309fdcadb4c975ee4e7161edbd62c76a7dacc13be42a6d714d93e 5169242fc9199650ad458064188477207f7291ff5766c48bdac1784cb958e0bb
EXPORTER_SECRET 6df90fd96e4309fdcadb4c975ee4e7161edbd62c76a7dacc13be42a6d714d93e 926ece4dd120915756636b1d0b4db1835e8a7c0d63c9d0b6b14a2acdd0f40770
CLIENT_HANDSHAKE_TRAFFIC_SECRET 5bea9d0fa759df49738be1b728034b3d2198fb19c6ea58e1910a61a5e5244b49 f9d6726515062563c603354c4fd7b7560654e3e58efba25bd21a2f0122e9d7d6
SERVER_HANDSHAKE_TRAFFIC_SECRET 5bea9d0fa759df49738be1b728034b3d2198fb19c6ea58e1910a61a5e5244b49 6cef919c82996b32ed18f8b0d2f2d8b2939ff4cc0fe3cd05a4a23f380bd17921
CLIENT_TRAFFIC_SECRET_0 5bea9d0fa759df49738be1b728034b3d2198fb19c6ea58e1910a61a5e5244b49 24a2536c6fa03503acf53b44415c5b5924427a15a2e2ba0c5d455f714410f277
SERVER_TRAFFIC_SECRET_0 5bea9d0fa759df49738be1b728034b3d2198fb19c6ea58e1910a61a5e5244b49 1271dcf4160b5ba07c77ba0f390ebfb9504ab7b7bfb743512a3238c84616b790
EXPORTER_SECRET 5bea9d0fa759df49738be1b728034b3d2198fb19c6ea58e1910a61a5e5244b49 9acf5b368eeaad531f0dd7632aa6e8928e117ade189f0fd8f6c8cd40e010acfe
CLIENT_HANDSHAKE_TRAFFIC_SECRET 81742e7e43b42ca451815a92ff2395c584edf91003b6cca15db62c55eadf961b 4ad1f564c179f5d6cd7c92278047cc83b10463739ff7b6867d39d135023b38bd
SERVER_HANDSHAKE_TRAFFIC_SECRET 81742e7e43b42ca451815a92ff2395c584edf91003b6cca15db62c55eadf961b e9dfd46c2c31b541e3861f908918551284ffa732b99d133985ea64332b6e34e9
CLIENT_TRAFFIC_SECRET_0 81742e7e43b42ca451815a92ff2395c584edf91003b6cca15db62c55eadf961b 77987ae99f7cb7c84617034314bddf28f6a38ca6a0dbc9e9c1b6e58d6e8600bb
SERVER_TRAFFIC_SECRET_0 81742e7e43b42ca451815a92ff2395c584edf91003b6cca15db62c55eadf961b 3fb5c8796c2a5f1a5294aae898304d4c4ec206cc2df03f5c2a661809dd73f9a4
EXPORTER_SECRET 81742e7e43b42ca451815a92ff2395c584edf91003b6cca15db62c55eadf961b 1f5ab1b4ec53b88043122f7031715b806916d84fc777db1bf3d5354969e8d146
CLIENT_HANDSHAKE_TRAFFIC_SECRET 67ab5bcd4d138313e2ff13d781f837410ee19f0e2a16be2c22a62e2f349c4d1a 782e1ecf14f0c171f4f5498997fc7795d36b7f67ab3264dcf04ca736e2199f09
SERVER_HANDSHAKE_TRAFFIC_SECRET 67ab5bcd4d138313e2ff13d781f837410ee19f0e2a16be2c22a62e2f349c4d1a 07f7158b602feb773f0f4d26f3526910224c8e88dcf31c4b1b059526a2a86669
CLIENT_TRAFFIC_SECRET_0 67ab5bcd4d138313e2ff13d781f837410ee19f0e2a16be2c22a62e2f349c4d1a 25434d1c897576565e73ed3ef332b6ae5d4beebf3b6cb65f9e7a28cfb805c448
SERVER_TRAFFIC_SECRET_0 67ab5bcd4d138313e2ff13d781f837410ee19f0e2a16be2c22a62e2f349c4d1a c9ac2623cf511e6c46a1f660fd3daa52fe4000f1547a504e582520f3e8c4ebae
EXPORTER_SECRET 67ab5bcd4d138313e2ff13d781f837410ee19f0e2a16be2c22a62e2f349c4d1a f5fda55540da510a07293eccc93976b5727afb6282d40a07748ecb2bd0ff7b98
CLIENT_HANDSHAKE_TRAFFIC_SECRET 2b29b83d322d9c7a35f83b60a82fa24e3b8a842b7027f98c9d0ca2ac75bc8a0b a6010a57ce9ea62fa3fa9f1146d1d77e6fc80002c0268e6a197c891fe1e35aa5
SERVER_HANDSHAKE_TRAFFIC_SECRET 2b29b83d322d9c7a35f83b60a82fa24e3b8a842b7027f98c9d0ca2ac75bc8a0b 28d70b9fa422a530d160dad30f90504434ec9c80576cd6d72c0aab6faa8c8c14
CLIENT_HANDSHAKE_TRAFFIC_SECRET ff1e319ab28976f5e21f78b502982be6e8a749068a7d045d20f541aa66bfdc2c 7d18629d8bec3ca83a59817ee11668afc8fca432d235239e5f9a751b2a61452b
SERVER_HANDSHAKE_TRAFFIC_SECRET ff1e319ab28976f5e21f78b502982be6e8a749068a7d045d20f541aa66bfdc2c 4fb189c9b1d1f29e8f922581491d3c3e73eb01b98fa1926f9cf1b8afb7a14ba9
CLIENT_TRAFFIC_SECRET_0 2b29b83d322d9c7a35f83b60a82fa24e3b8a842b7027f98c9d0ca2ac75bc8a0b cbb18d7bdc4fd8efa8ded47de183612aa135695a08b94fc36da44501fec41bef
SERVER_TRAFFIC_SECRET_0 2b29b83d322d9c7a35f83b60a82fa24e3b8a842b7027f98c9d0ca2ac75bc8a0b be60a811925c201b919dfa14ad3f038511c2628e092d3ecd0a515270b2e97257
EXPORTER_SECRET 2b29b83d322d9c7a35f83b60a82fa24e3b8a842b7027f98c9d0ca2ac75bc8a0b ac539e0a8d66754d672fcba370f5195c2edfeac50848892e64fcf6537923b488
CLIENT_TRAFFIC_SECRET_0 ff1e319ab28976f5e21f78b502982be6e8a749068a7d045d20f541aa66bfdc2c 2d1783b594bf091f292d8764a6e47ea7326d5ed0cccb16c5a571f95716af61db
SERVER_TRAFFIC_SECRET_0 ff1e319ab28976f5e21f78b502982be6e8a749068a7d045d20f541aa66bfdc2c 942cb7b31e6b2c00030cb45ad975dd7ccefa250c00cec798ef5a7ce1ec992d40
EXPORTER_SECRET ff1e319ab28976f5e21f78b502982be6e8a749068a7d045d20f541aa66bfdc2c bef7f102d92d72b85e289e7b145ae4272896ce458b7458b6f83a6b333ecb6d8e
CLIENT_HANDSHAKE_TRAFFIC_SECRET a200fece77865dfc4cb8bd9dba3157f412629f2faf8935c5363ee79290ec1040 688e65e07c0168306048a23a50b37b66706f90951210a3dfd9089d2efc72cfaa
SERVER_HANDSHAKE_TRAFFIC_SECRET a200fece77865dfc4cb8bd9dba3157f412629f2faf8935c5363ee79290ec1040 08f5b4c13e2363cf242e8549099de15f6c6fc6f237e849a5a33a9088bcd9f844
CLIENT_TRAFFIC_SECRET_0 a200fece77865dfc4cb8bd9dba3157f412629f2faf8935c5363ee79290ec1040 ed3a4ec932d17e75784fa116dc4135a430c6dad9239cd8931b24f963dda66c89
SERVER_TRAFFIC_SECRET_0 a200fece77865dfc4cb8bd9dba3157f412629f2faf8935c5363ee79290ec1040 079e2fc973c0d61119c7d962ffc9d7d35463db3ec150853cdcebbeda04ce3400
EXPORTER_SECRET a200fece77865dfc4cb8bd9dba3157f412629f2faf8935c5363ee79290ec1040 b74d1ae6518268155f98dcabd7dfaad150f9e3b3dee0e87af561bf8333cdab3f
CLIENT_HANDSHAKE_TRAFFIC_SECRET 2c66e2d8ec9c7bcdfa1df89870b4bb8ceeda4080e0e413d97040542c91af6c9e 50eaf82a4432f99f9b202afb8f6684480c9b3e413783e4f410c58333a4c441a0
SERVER_HANDSHAKE_TRAFFIC_SECRET 2c66e2d8ec9c7bcdfa1df89870b4bb8ceeda4080e0e413d97040542c91af6c9e 75ae1641337c99624015bbfeecbcd41decd114c863534afe56d869f4b897e79e
CLIENT_TRAFFIC_SECRET_0 2c66e2d8ec9c7bcdfa1df89870b4bb8ceeda4080e0e413d97040542c91af6c9e b09c3307ba58c2c766dec42aea0a35ce6cb225380356b01cfee8f5ad2819b5d2
SERVER_TRAFFIC_SECRET_0 2c66e2d8ec9c7bcdfa1df89870b4bb8ceeda4080e0e413d97040542c91af6c9e 273259c677c86f81c511f614067da7cf2ecfa32861be14be55f462eb2e17409b
EXPORTER_SECRET 2c66e2d8ec9c7bcdfa1df89870b4bb8ceeda4080e0e413d97040542c91af6c9e 41680385f9cce452255b2997bd95bfb227e41ff9fd65eea26365c1a1bd621094
CLIENT_HANDSHAKE_TRAFFIC_SECRET 3d9b6f602268b06e50591869c10e42360a5612cccba70077dea37a1e45021bd4 2ecbe783a9063fc2b9f6abf96d8659629c5aee2410c7ea094313dc339079458e
SERVER_HANDSHAKE_TRAFFIC_SECRET 3d9b6f602268b06e50591869c10e42360a5612cccba70077dea37a1e45021bd4 f37553323ad2dea8092fc0c6cd10e9095a1f6a2226dce9781fec806bad05a339
CLIENT_TRAFFIC_SECRET_0 3d9b6f602268b06e50591869c10e42360a5612cccba70077dea37a1e45021bd4 30f77f2d0c4cc42f50ac96f44d57821ccc24c6f793b6bb12d623fd925def6cce
SERVER_TRAFFIC_SECRET_0 3d9b6f602268b06e50591869c10e42360a5612cccba70077dea37a1e45021bd4 b905c0ac1fca3d896cc5da723c211ff4468aa3435d46cd9ce559b599fa1fe257
EXPORTER_SECRET 3d9b6f602268b06e50591869c10e42360a5612cccba70077dea37a1e45021bd4 ab5de26c9bb214de93d51cce41146b445c3ce43e79f365b32aff433a45aaba7b
CLIENT_HANDSHAKE_TRAFFIC_SECRET 365e5d63c538759605761ae2d8e371e979a13ef505a6c3bc7cba25138bdf7283 354eb477fed74522ab2838b733c2969c61e4e735ad2641d8e448852bc23242aa
SERVER_HANDSHAKE_TRAFFIC_SECRET 365e5d63c538759605761ae2d8e371e979a13ef505a6c3bc7cba25138bdf7283 35004f325c49e55af8804633285455635a21f07787ab555207dccc292441b5f7
CLIENT_TRAFFIC_SECRET_0 365e5d63c538759605761ae2d8e371e979a13ef505a6c3bc7cba25138bdf7283 a01fbb82de6206dbfcf2ac4dc99cb9fc7f248887165723ebc88a3eb60056f44b
SERVER_TRAFFIC_SECRET_0 365e5d63c538759605761ae2d8e371e979a13ef505a6c3bc7cba25138bdf7283 b3f51f122f72eaf044385a1de26322b41b122a547e39d9ac8fc11a35b962b113
EXPORTER_SECRET 365e5d63c538759605761ae2d8e371e979a13ef505a6c3bc7cba25138bdf7283 54982ff3f78a091d2583264b5d1d8bcb4275b3a32ed387f67f61acf17f0843de
CLIENT_HANDSHAKE_TRAFFIC_SECRET 322140772fed77c6e7e96454f05836fdb6bceea9b4a402a71f2601a0d016935c 1ef7324c17db5dd8af7bd16683bb63d6db2fb4a2c69b04337a6050942f7fc43a
SERVER_HANDSHAKE_TRAFFIC_SECRET 322140772fed77c6e7e96454f05836fdb6bceea9b4a402a71f2601a0d016935c 55ee62f3469d4979bc21c1b5af1587806265eafddc6855c40f4ad71b9da6b2d3
CLIENT_TRAFFIC_SECRET_0 322140772fed77c6e7e96454f05836fdb6bceea9b4a402a71f2601a0d016935c e1c6eaa1ca9499fef5edcc76a8f492f1a7eb69c1b2d082a6e40a0a8cda27b4ab
SERVER_TRAFFIC_SECRET_0 322140772fed77c6e7e96454f05836fdb6bceea9b4a402a71f2601a0d016935c be8d9a83dfa30c9dd12fd96227d48a515cdca73ea4f435f14f374a17c0eb058e
EXPORTER_SECRET 322140772fed77c6e7e96454f05836fdb6bceea9b4a402a71f2601a0d016935c 1c0a1d5ac8f971b16d97d03cad779f5f4b416d1d3fe43e1fef376f8c6a7e4dea
CLIENT_HANDSHAKE_TRAFFIC_SECRET 4cac82b78c3d45735526ab7ff51208f904bc5e60d34f65361164f129a685f732 4ddbb1a55b5465baa822ffed9a99aeff952dc51e0ab4ac5e10b9acd488f5af4b
SERVER_HANDSHAKE_TRAFFIC_SECRET 4cac82b78c3d45735526ab7ff51208f904bc5e60d34f65361164f129a685f732 a7a46b6f253c6c33a32ff448696ba42ea3b2fe1559c556ffea77fd60ea75b36e
CLIENT_TRAFFIC_SECRET_0 4cac82b78c3d45735526ab7ff51208f904bc5e60d34f65361164f129a685f732 d61e445e951388bf39dfa62a30e9cc22f5071e1138e3b374f7e94d8c53459edb
SERVER_TRAFFIC_SECRET_0 4cac82b78c3d45735526ab7ff51208f904bc5e60d34f65361164f129a685f732 33871e3bc48ca91e7be383809355c837e40ea75804f79f682d5b581a45f64f18
EXPORTER_SECRET 4cac82b78c3d45735526ab7ff51208f904bc5e60d34f65361164f129a685f732 32c3dd4bb08a7211ee9db43145c90a6a87193e86c7db4853094586c113a5cc02
CLIENT_HANDSHAKE_TRAFFIC_SECRET e039c7bcd523fda04464291f7e61942fb59ff74e5585f17510807ee219e8aaad a25fd08291ab391e3f906b80ec852f0c5352876980ccef737aa3fa3a48277e9b
SERVER_HANDSHAKE_TRAFFIC_SECRET e039c7bcd523fda04464291f7e61942fb59ff74e5585f17510807ee219e8aaad 6db87ac0af8b2255674ab2eff046d9b36b92eff6aad52a8f306ea75575aad47c
CLIENT_TRAFFIC_SECRET_0 e039c7bcd523fda04464291f7e61942fb59ff74e5585f17510807ee219e8aaad ddc84f25fa3d152a6c68a47a6a1aa53fbbcc259a1721d64b3df9bb72b2e1a621
SERVER_TRAFFIC_SECRET_0 e039c7bcd523fda04464291f7e61942fb59ff74e5585f17510807ee219e8aaad b45b92f68609665ff572cff5f37c23c7b823b62b2a053490a67665d7196cb6fe
EXPORTER_SECRET e039c7bcd523fda04464291f7e61942fb59ff74e5585f17510807ee219e8aaad 692e9939b6ece83ab46518d35ed7e77c73932092ad028d041b4c2acabd2ba6fc
CLIENT_HANDSHAKE_TRAFFIC_SECRET fd3c2b9bb9078166ea4006a8791a4eb9d4a7510443526f8d2e7be44391888eb6 9097906c1ad221016705997a2fa949af79ceaa67165cc42754732dc079e68c64
SERVER_HANDSHAKE_TRAFFIC_SECRET fd3c2b9bb9078166ea4006a8791a4eb9d4a7510443526f8d2e7be44391888eb6 e62c05f6c84f1c483a8f295a2cb089c7698ecb5be4c2c0c8139dffae44ed806d
CLIENT_HANDSHAKE_TRAFFIC_SECRET f2d0e387e0e114ccad4b96869e0f7a630a4469d03f6391bc95604e77bdd2a24c 07be6a6035ec62c4170be1a379246bea02f28e3b5fb142e747d2b27fab6ea18c
SERVER_HANDSHAKE_TRAFFIC_SECRET f2d0e387e0e114ccad4b96869e0f7a630a4469d03f6391bc95604e77bdd2a24c 372539972557031bb4c86dc0ec5390380e4aae20bceb599234ec2701fa9b3cf4
CLIENT_TRAFFIC_SECRET_0 fd3c2b9bb9078166ea4006a8791a4eb9d4a7510443526f8d2e7be44391888eb6 a4b190c50588bc0c21c6bcd6c1324bf2e46385749970e8b8db8421871ab78042
SERVER_TRAFFIC_SECRET_0 fd3c2b9bb9078166ea4006a8791a4eb9d4a7510443526f8d2e7be44391888eb6 0203099733a9af2a6d569360c8c80a49e0f1dba565910d90e65fedba64f5346c
EXPORTER_SECRET fd3c2b9bb9078166ea4006a8791a4eb9d4a7510443526f8d2e7be44391888eb6 bc9790f46d8b878ef44df420d46a63345af0af64f75a6add8b49df81d917ee79
CLIENT_TRAFFIC_SECRET_0 f2d0e387e0e114ccad4b96869e0f7a630a4469d03f6391bc95604e77bdd2a24c 6a107b2eba7582e18373a0752087b472aa06212e13e4b6cc97d217314586e075
SERVER_TRAFFIC_SECRET_0 f2d0e387e0e114ccad4b96869e0f7a630a4469d03f6391bc95604e77bdd2a24c 2b00fc90fa5720c963f2ebb1bc1fb3b52cd845112c5bfa7c7b20709fad2be158
EXPORTER_SECRET f2d0e387e0e114ccad4b96869e0f7a630a4469d03f6391bc95604e77bdd2a24c 48ffb4c5a9a5ef583e647d0332dec6fb3983642bcb4e2991002712e89994752f
CLIENT_HANDSHAKE_TRAFFIC_SECRET 997a5e345ef1e6790ca16d00eb3d9865b44d3e1c5e1ff4748b2e7e018eaa3ee9 3e56103929235a74103f455bd4f67da25a732214ac0235a805bfb9024cb65b88
SERVER_HANDSHAKE_TRAFFIC_SECRET 997a5e345ef1e6790ca16d00eb3d9865b44d3e1c5e1ff4748b2e7e018eaa3ee9 7ce430fb1a52afeb7e4afd33fb733dec7debd374409f50137c1de09b564510b8
CLIENT_TRAFFIC_SECRET_0 997a5e345ef1e6790ca16d00eb3d9865b44d3e1c5e1ff4748b2e7e018eaa3ee9 d274fa9ba9d014ca793e59177cd53ff8462da6b7ae30c8f869627c01ff50f7cf
SERVER_TRAFFIC_SECRET_0 997a5e345ef1e6790ca16d00eb3d9865b44d3e1c5e1ff4748b2e7e018eaa3ee9 f0e3c01597f8f9b7aff3f9bfe6ca3392b7dfb904d406281448644cbaba4cd371
EXPORTER_SECRET 997a5e345ef1e6790ca16d00eb3d9865b44d3e1c5e1ff4748b2e7e018eaa3ee9 7a4d6157cf11970e9a97fd22c382559d64cbc83900966bc4a34967bbe7e9a18d
CLIENT_HANDSHAKE_TRAFFIC_SECRET 6f5505de2d96a0df06e068f54d9bae3433b6bdc806ee519e1a198a1a63d76deb ce007e197bc4549a5729d3724c99992e51969bbb08233c38a4893f7a3d13fa3a
SERVER_HANDSHAKE_TRAFFIC_SECRET 6f5505de2d96a0df06e068f54d9bae3433b6bdc806ee519e1a198a1a63d76deb 580439a9ef9a3ec36ce0c3ba3d2f75690c10ef0e8fc8e98a65eeef0427bf2ab4
CLIENT_TRAFFIC_SECRET_0 6f5505de2d96a0df06e068f54d9bae3433b6bdc806ee519e1a198a1a63d76deb fe72f75141350823d0ab435969943c0df047ce0ca3e8ddd6b7b3d5bdef69a476
SERVER_TRAFFIC_SECRET_0 6f5505de2d96a0df06e068f54d9bae3433b6bdc806ee519e1a198a1a63d76deb c9833d3eef5dcd955ebcbdb9c621927c0605f3e909aef35c29abaec4f2cef927
EXPORTER_SECRET 6f5505de2d96a0df06e068f54d9bae3433b6bdc806ee519e1a198a1a63d76deb 499264af5c55c9ad3471a69600cc4448a461b5944f839c92028feb3b0e17c86d
CLIENT_HANDSHAKE_TRAFFIC_SECRET c001a4c4d1e294f87f2862df1ce893dde0bb870e8bd57a31ea652f733270969b 31a4810fd1471edae117facc5f172129cff127375e7451aa3dad369e3f56fe8a
SERVER_HANDSHAKE_TRAFFIC_SECRET c001a4c4d1e294f87f2862df1ce893dde0bb870e8bd57a31ea652f733270969b 0027560f2e94cdd766afac555dd935bde8a5c313916974219187b13447550d51
CLIENT_TRAFFIC_SECRET_0 c001a4c4d1e294f87f2862df1ce893dde0bb870e8bd57a31ea652f733270969b b4978afac4d4a663121dd6c66bf792dcae29c79da8bd500982b7c8b1525b4483
SERVER_TRAFFIC_SECRET_0 c001a4c4d1e294f87f2862df1ce893dde0bb870e8bd57a31ea652f733270969b 065e75276e2cf7002889d531a7a044a0051f4f53f8916d621949e6e318c30b26
EXPORTER_SECRET c001a4c4d1e294f87f2862df1ce893dde0bb870e8bd57a31ea652f733270969b c10258d1882072183c0ef08447c91cedfb5ee0d8234c863c6bd3b1e65d9f6494
CLIENT_HANDSHAKE_TRAFFIC_SECRET af0d89849bae64698770f1ee01e469e153452bebf9ca89a78c39c0a057de2653 9606b6d088c36cb25ec23eeebad20db249fe2a0f72e57cd4f152978ce6ee9ef2
SERVER_HANDSHAKE_TRAFFIC_SECRET af0d89849bae64698770f1ee01e469e153452bebf9ca89a78c39c0a057de2653 31cc1d4207c965793394d7e0f264172319474e1cfa49c0a4408c6356089c3464
CLIENT_TRAFFIC_SECRET_0 af0d89849bae64698770f1ee01e469e153452bebf9ca89a78c39c0a057de2653 61a4aea53cb60926aceebc02fe1fce0123a3fcfa260ea5605ca9693fc8c2661b
SERVER_TRAFFIC_SECRET_0 af0d89849bae64698770f1ee01e469e153452bebf9ca89a78c39c0a057de2653 754618480b3d55754869315188c1b09f69dd9223fc2b2f47362d50bba6a03ef1
EXPORTER_SECRET af0d89849bae64698770f1ee01e469e153452bebf9ca89a78c39c0a057de2653 a416be046341cc5fabaa34cfb8bd732931317dd8a8e4bbd1c58b44c5f0ba6575
CLIENT_HANDSHAKE_TRAFFIC_SECRET a37941dda9066b9877e6e52d174146fde399bca93979fa2ce23d145bfaed96e5 ff74c4bc4a7184eb8f0d0aba2fe326adb212a19fa959b1d683876ef3e621ea69
SERVER_HANDSHAKE_TRAFFIC_SECRET a37941dda9066b9877e6e52d174146fde399bca93979fa2ce23d145bfaed96e5 9a6bc24a803a3aa9726aeece33904e7f596a9cf3ef52f97f4ee3a7ef7d44539b
CLIENT_TRAFFIC_SECRET_0 a37941dda9066b9877e6e52d174146fde399bca93979fa2ce23d145bfaed96e5 d24ca44f4adf2928fd71793b0bc44f501699a19653a34cb6087d7228eec5c196
SERVER_TRAFFIC_SECRET_0 a37941dda9066b9877e6e52d174146fde399bca93979fa2ce23d145bfaed96e5 1e0a04cec852a8fd155a72a6f21bbf35746532d7c9f01e273b378893e8422b9f
EXPORTER_SECRET a37941dda9066b9877e6e52d174146fde399bca93979fa2ce23d145bfaed96e5 479a67cbb716aafa4eba8095df44ff9dea7f5df9f8c05972ceb65746a371c854
CLIENT_RANDOM 16660fd813df2083cd1900676c0f43e2cb790014e6dac19770fac2f9d726291d b8b99d54ada6b5f32f6cdcb3814213bd1969d87d6618ff48b339b9e95edab17314124521a5f99f53bab4020b8b5d61fe
CLIENT_RANDOM ab5d5a64fca90e0f2e66b379ff674c8bbf6e4147443cffe75278469f69338a54 0625213f68ea24b75bb029ecdb5cc9c60d24901bc89464c2801545803f29368545d244852dbd0e61a30a6bfd40b9c6d4
CLIENT_HANDSHAKE_TRAFFIC_SECRET 217c90a878c0ddd9bd73f3c382aaf84f9a76cc4095736503bb902f4b86101df9 9971b68274ce22bbf6954d846cf24e5c87a2de5bdea378cdb57aa24a5a01f08b
SERVER_HANDSHAKE_TRAFFIC_SECRET 217c90a878c0ddd9bd73f3c382aaf84f9a76cc4095736503bb902f4b86101df9 df71aecad132073913926b9a47448e2bfe665eb3b17b10eb741c3f1d5393facb
CLIENT_HANDSHAKE_TRAFFIC_SECRET 3d699ec7f56bfffd27efafd14a7d2c5c72cafc9314189c6aa7f1fde4a5a67c3c 2af9eb34580ce4c107378e90daf18f21a0b4113c84965d0b2b2f3d517be55a97
SERVER_HANDSHAKE_TRAFFIC_SECRET 3d699ec7f56bfffd27efafd14a7d2c5c72cafc9314189c6aa7f1fde4a5a67c3c e68bc33208a1b9c98213958f84cf72b68b9c9f6a38ec25a6898ca6ef636e0fd8
CLIENT_TRAFFIC_SECRET_0 217c90a878c0ddd9bd73f3c382aaf84f9a76cc4095736503bb902f4b86101df9 8fa11578e0f8f92ca6acacfb4cbb4c9465567360a15331d740403a9d7fb10f11
SERVER_TRAFFIC_SECRET_0 217c90a878c0ddd9bd73f3c382aaf84f9a76cc4095736503bb902f4b86101df9 c86b1789d568d575ffe5176e506c5c6ba65817839edab9054c79d3bd99619f32
EXPORTER_SECRET 217c90a878c0ddd9bd73f3c382aaf84f9a76cc4095736503bb902f4b86101df9 dc2a1022806e77ee807e9df4627bfeeefdebee3262eab6125971aff87b97eedd
CLIENT_TRAFFIC_SECRET_0 3d699ec7f56bfffd27efafd14a7d2c5c72cafc9314189c6aa7f1fde4a5a67c3c 4fdeccb102c52ebaab00a7ac60ca2ce0a91a850d00723164108da3f30fade8f5
SERVER_TRAFFIC_SECRET_0 3d699ec7f56bfffd27efafd14a7d2c5c72cafc9314189c6aa7f1fde4a5a67c3c c671fe55543712b39b92b5830069ac5372554c5b289e023211cae813da637437
EXPORTER_SECRET 3d699ec7f56bfffd27efafd14a7d2c5c72cafc9314189c6aa7f1fde4a5a67c3c 9b0d3417729246d5bf1e924267296d625932c0d9bf867a084fec888afb411ce8
CLIENT_HANDSHAKE_TRAFFIC_SECRET 6059cab2fcd6db4489bcdf198f5e77e7b915823e9352c6af4219fb2d7c141ec7 c33c07238ba16bb38ecdbf74686a66c1ac8dbb032b2661925bf6de574c0df27a
SERVER_HANDSHAKE_TRAFFIC_SECRET 6059cab2fcd6db4489bcdf198f5e77e7b915823e9352c6af4219fb2d7c141ec7 b57c35fa20e57c81fd551c4738980b637ff65d921928e46acf54ee150a9ba9b7
CLIENT_TRAFFIC_SECRET_0 6059cab2fcd6db4489bcdf198f5e77e7b915823e9352c6af4219fb2d7c141ec7 c78e571d24e1a75d4f212a8401d6305c9e88275451b664a16e38b1d1b9c99c54
SERVER_TRAFFIC_SECRET_0 6059cab2fcd6db4489bcdf198f5e77e7b915823e9352c6af4219fb2d7c141ec7 a6cc77887eed5e2a5e1600ead710a49e6aa3ae2e3caa7149ccbbd87b7c559e71
EXPORTER_SECRET 6059cab2fcd6db4489bcdf198f5e77e7b915823e9352c6af4219fb2d7c141ec7 2f75cdf31055bffb2af52dff484d8dd2a98615c9f66af49ecd4c3f7a0818749e
CLIENT_HANDSHAKE_TRAFFIC_SECRET 394db1fba24bab2ed6d4c415ee34ea53285c9b94cb28a49c3265d29917b476b9 aa7da1ac2b8bffb03069bd7638560a94cc4a094e42a903f43cc3f51621c8a7cb
SERVER_HANDSHAKE_TRAFFIC_SECRET 394db1fba24bab2ed6d4c415ee34ea53285c9b94cb28a49c3265d29917b476b9 4dc3900fc58810d3c1bdb6b943bbaac122a058a1bc4ae465bf11bbedd4cda6f1
CLIENT_TRAFFIC_SECRET_0 394db1fba24bab2ed6d4c415ee34ea53285c9b94cb28a49c3265d29917b476b9 1163b6d86210f8489fc4823e5100457ecb758cddbca854f4013ba1cd73ef2697
SERVER_TRAFFIC_SECRET_0 394db1fba24bab2ed6d4c415ee34ea53285c9b94cb28a49c3265d29917b476b9 b2db6bb0b179b1f9c85b38dff1f5f778f5f1496175828e0f38f2c1720264773a
EXPORTER_SECRET 394db1fba24bab2ed6d4c415ee34ea53285c9b94cb28a49c3265d29917b476b9 e0a9855a0690d1b4654cfd42335cb994c5e1269a2713af71333ce7a0c8658ab5
CLIENT_HANDSHAKE_TRAFFIC_SECRET e7c45669534355bf4878997ffa21ee0cb53b21a29beba5d662836d012a67cd37 340787279592a72f5d7b15803dea1ee74f91c36f2565f125694eb1e15f6a4b3e
SERVER_HANDSHAKE_TRAFFIC_SECRET e7c45669534355bf4878997ffa21ee0cb53b21a29beba5d662836d012a67cd37 0f33fa2da717d24e2de6d481dd1e288c800efc635c38c4c53994f01d6ff602c4
CLIENT_TRAFFIC_SECRET_0 e7c45669534355bf4878997ffa21ee0cb53b21a29beba5d662836d012a67cd37 534c0b32d3fcf55cfe2185fa5ffd88246b43c960688e2bbc4dbde7529c652843
SERVER_TRAFFIC_SECRET_0 e7c45669534355bf4878997ffa21ee0cb53b21a29beba5d662836d012a67cd37 b51ff928f1bdc9436b84715a1342b4ab60a2a59538f096d7d2bc1bc237a19740
EXPORTER_SECRET e7c45669534355bf4878997ffa21ee0cb53b21a29beba5d662836d012a67cd37 ea21277095425ec6904fded7bd7da9d29695a0faf1d6da2dde57c26998205111
CLIENT_HANDSHAKE_TRAFFIC_SECRET ed5230ca9447c81c0efe80aba09e058f78c8037cd1e8b11c399c9796ad2567ba e825433ee6185822f97ab47fbfb696bbf26ae0e5a40389fc11f1389a4b3ad231
SERVER_HANDSHAKE_TRAFFIC_SECRET ed5230ca9447c81c0efe80aba09e058f78c8037cd1e8b11c399c9796ad2567ba caad70c28d2678db00201843213d8c5fd4c469df57d29385df79d07543d73a94
CLIENT_TRAFFIC_SECRET_0 ed5230ca9447c81c0efe80aba09e058f78c8037cd1e8b11c399c9796ad2567ba a6cfdc3fa362b078792575af1574bed99a700c84bc9919cab344451915d84f9c
SERVER_TRAFFIC_SECRET_0 ed5230ca9447c81c0efe80aba09e058f78c8037cd1e8b11c399c9796ad2567ba 4e005a6f8ba389de37bc4e34367f8a6813e7a5dab15baa63ec51b9956d33235a
EXPORTER_SECRET ed5230ca9447c81c0efe80aba09e058f78c8037cd1e8b11c399c9796ad2567ba 2e55601f5c00a5beebdc6c3ac106556a7aab16f6aa2bb5ba7033739c5b171703
CLIENT_HANDSHAKE_TRAFFIC_SECRET 763a457026e93c86aefb7c98227de69816fbcb787a286e3add9274436f7d7816 8c7518974c1146b7f4de49b31a2e53bc86cf0fda349fdf7d3ca7eb371764512b
SERVER_HANDSHAKE_TRAFFIC_SECRET 763a457026e93c86aefb7c98227de69816fbcb787a286e3add9274436f7d7816 112192015aa5550fce12211041622422c08c3efad0669290f988d8d57e42597e
CLIENT_TRAFFIC_SECRET_0 763a457026e93c86aefb7c98227de69816fbcb787a286e3add9274436f7d7816 8a1a1fd76dac5451946185fa41230829ab1bcc5644d396b31001491cb56803a2
SERVER_TRAFFIC_SECRET_0 763a457026e93c86aefb7c98227de69816fbcb787a286e3add9274436f7d7816 ee16af022e6f74e7cd6cc4dbde7fa37d0de0af192f111f2b48925975654cc750
EXPORTER_SECRET 763a457026e93c86aefb7c98227de69816fbcb787a286e3add9274436f7d7816 aedc1b724135810a6bd22087f2f9c90b20524cf9dffd3865af53afab1883250a
CLIENT_HANDSHAKE_TRAFFIC_SECRET 0ce68ae0440abbe26a984d4c909f4aeaaf0e515d0077f11498297174b0a37628 369048bbca9564c6ccd9a003c01015b4f7d9037ff523e56ba8f2edf7b2f498bd
SERVER_HANDSHAKE_TRAFFIC_SECRET 0ce68ae0440abbe26a984d4c909f4aeaaf0e515d0077f11498297174b0a37628 f2479afc9ca73a6cadc29dbf298729b07e98dcac5dd0654383e4e2e044b8d535
CLIENT_TRAFFIC_SECRET_0 0ce68ae0440abbe26a984d4c909f4aeaaf0e515d0077f11498297174b0a37628 d8f205f1f6c5107eb4b57cc4609acc8b79397486875e15e811bd3239843e6973
SERVER_TRAFFIC_SECRET_0 0ce68ae0440abbe26a984d4c909f4aeaaf0e515d0077f11498297174b0a37628 1847c89a596ea969fefbdcf9c26210c7905339b1ebe4b2ea147f43f40c526c8f
EXPORTER_SECRET 0ce68ae0440abbe26a984d4c909f4aeaaf0e515d0077f11498297174b0a37628 f9d9f4a476e015526af9337ee1ab0d5a94d450bd84c1e257796de96d26e84a09
CLIENT_HANDSHAKE_TRAFFIC_SECRET 91e3abadc5a5fa544d56b7513d5734a883cc8b594d31e66aebd3e5e73d249975 7afb7e6ea2904b88b52f8d49fe0712d3754347a04853f5e2ba7ad56750c97be7
SERVER_HANDSHAKE_TRAFFIC_SECRET 91e3abadc5a5fa544d56b7513d5734a883cc8b594d31e66aebd3e5e73d249975 12aed95f425afd15f1e1551fe61e050fbc6c4b95cc15513af0cd404a2252a353
CLIENT_TRAFFIC_SECRET_0 91e3abadc5a5fa544d56b7513d5734a883cc8b594d31e66aebd3e5e73d249975 7720a40a636dc0a53916b2bcd0616b8c4e2fa8db40d6b01d17e8e6dd05b15a23
SERVER_TRAFFIC_SECRET_0 91e3abadc5a5fa544d56b7513d5734a883cc8b594d31e66aebd3e5e73d249975 504725119d245584a3bc3dd65ae1f7392716a061d6c3e981969019d2565842b0
EXPORTER_SECRET 91e3abadc5a5fa544d56b7513d5734a883cc8b594d31e66aebd3e5e73d249975 f4acbcd0e9b5a085d22ebdcc20b41db2e3b11e1cb0efc973684deb95ecd7347d
CLIENT_HANDSHAKE_TRAFFIC_SECRET c924b7afaba723cb81962b06b035c6f5bfc0e2357e376ce5c663ddee97980f38 f30da7762e87608f6d1142fcdc0d57554c02098a892b5bf7896655101ab88747
SERVER_HANDSHAKE_TRAFFIC_SECRET c924b7afaba723cb81962b06b035c6f5bfc0e2357e376ce5c663ddee97980f38 ee13f5e4f2a876d2b09126123cad48cf533bd38c775e6e31122daf86ecb71350
CLIENT_TRAFFIC_SECRET_0 c924b7afaba723cb81962b06b035c6f5bfc0e2357e376ce5c663ddee97980f38 ee29d16b3f5d146aa10a74e640cc30722b91beafcb328e51d371910be66651b2
SERVER_TRAFFIC_SECRET_0 c924b7afaba723cb81962b06b035c6f5bfc0e2357e376ce5c663ddee97980f38 44c95f6786b0e3235f6e07ccfe280bdc1e20b86eed1eaf4ec4d93f9c6ce49f57
EXPORTER_SECRET c924b7afaba723cb81962b06b035c6f5bfc0e2357e376ce5c663ddee97980f38 1a8951a67ff7fad4d0d7cf8ffeafaf0853c6f45ea242cc7283671f41732c2f27
CLIENT_HANDSHAKE_TRAFFIC_SECRET 649c9c1295244f835e71dfe5452dbcbfeb0cfa8abeb52e2f81fc783e18a31133 d51a3fb44ccf5d59a85a230d9f68a86324d17654d3834753e713d0bf768e5ff3
SERVER_HANDSHAKE_TRAFFIC_SECRET 649c9c1295244f835e71dfe5452dbcbfeb0cfa8abeb52e2f81fc783e18a31133 026331e1b6fa4b7b4ced35c3cd482df050ff33fd7826fb113e67f6b8ee247979
CLIENT_HANDSHAKE_TRAFFIC_SECRET eff59bf8163b1add573b303995b32f217914b9464b30289123174c39572e0fc2 af00ca30ef6f905379296de131500f9569b12f78179c0f816c3eb4e147a30d85
SERVER_HANDSHAKE_TRAFFIC_SECRET eff59bf8163b1add573b303995b32f217914b9464b30289123174c39572e0fc2 34e2727bddf959ca8bf0f567c5e0a1b1e86852848afcfa7d5b5f81be25370e79
CLIENT_TRAFFIC_SECRET_0 649c9c1295244f835e71dfe5452dbcbfeb0cfa8abeb52e2f81fc783e18a31133 aca6aaacfd30fa279e268c051b4ea7f8bd17ed2b7c02da0b4c8559435513bb46
SERVER_TRAFFIC_SECRET_0 649c9c1295244f835e71dfe5452dbcbfeb0cfa8abeb52e2f81fc783e18a31133 295f06c601418b23960d0a9359b6c3bbfbf34bf92206385d0ad4ddcb91f6775d
EXPORTER_SECRET 649c9c1295244f835e71dfe5452dbcbfeb0cfa8abeb52e2f81fc783e18a31133 005f4a5285c3f1c09041170211848b5d0489f95a6ab7e323c5d09f0a5a5d128e
CLIENT_TRAFFIC_SECRET_0 eff59bf8163b1add573b303995b32f217914b9464b30289123174c39572e0fc2 73d654db595d73d634117ce5d147bd30daad44fced8ef81f3139381067a0aa7f
SERVER_TRAFFIC_SECRET_0 eff59bf8163b1add573b303995b32f217914b9464b30289123174c39572e0fc2 592194117b0fa7719571ab5c71a0439dff692a37665273c94fd7a50691cfb1b6
EXPORTER_SECRET eff59bf8163b1add573b303995b32f217914b9464b30289123174c39572e0fc2 513d6ad01ae51b300ec3492aab45c29df223bfe9151016362a0b807f5aa7d3a1
CLIENT_HANDSHAKE_TRAFFIC_SECRET 0bf50eaa6c45192a194fdc806234d6543912999f5406cf7c07834b210ead85f7 c1e4de6470fc884220ec848d2b21579da7184e3502d206c5d52cde572ee93894
SERVER_HANDSHAKE_TRAFFIC_SECRET 0bf50eaa6c45192a194fdc806234d6543912999f5406cf7c07834b210ead85f7 1a24500b0495dc8e474df3d93c2e3fed85d1112130ba1a355cc1e0466f9e4722
CLIENT_TRAFFIC_SECRET_0 0bf50eaa6c45192a194fdc806234d6543912999f5406cf7c07834b210ead85f7 8fd67d861ba84ec59164730cebd67a01cf55bb095b6a718b754b8265f7395870
SERVER_TRAFFIC_SECRET_0 0bf50eaa6c45192a194fdc806234d6543912999f5406cf7c07834b210ead85f7 1594961a4e733885afd511d75d6f42a00424317569dfeae12a9fe11e047be4ee
EXPORTER_SECRET 0bf50eaa6c45192a194fdc806234d6543912999f5406cf7c07834b210ead85f7 eaf319adff0ef86f40dcc96e6b2ee6442861ad0e01687d6f59e10df852490f61
CLIENT_RANDOM a43e09d08630e9e1e6694e849d1f21da1a71aa1a5d63b5c8f96643dd0f7aec59 0625213f68ea24b75bb029ecdb5cc9c60d24901bc89464c2801545803f29368545d244852dbd0e61a30a6bfd40b9c6d4
CLIENT_HANDSHAKE_TRAFFIC_SECRET bd76836306696572718ffcd4a6a8cd8dab6bb58cd5e9c960a1a2b6f78a8e714a 28e0637c0cf623db3e716c5bc1c834ee0bd036c699f1ec5d01698fee600b8fb4
SERVER_HANDSHAKE_TRAFFIC_SECRET bd76836306696572718ffcd4a6a8cd8dab6bb58cd5e9c960a1a2b6f78a8e714a 59dd5c7f84d908e13a2cfedb626e993bea1e18ffc71707977a90c43b9c2c8d85
CLIENT_TRAFFIC_SECRET_0 bd76836306696572718ffcd4a6a8cd8dab6bb58cd5e9c960a1a2b6f78a8e714a 22492014d1459e6d69dbc10229355b9e14836e4e27247a7dfb22c42d21623d3f
SERVER_TRAFFIC_SECRET_0 bd76836306696572718ffcd4a6a8cd8dab6bb58cd5e9c960a1a2b6f78a8e714a d406be44b36a66cc60d7ee1769d7a2bb75a336a2b6feefe7cfc4acea6e050fa5
EXPORTER_SECRET bd76836306696572718ffcd4a6a8cd8dab6bb58cd5e9c960a1a2b6f78a8e714a 0806bb082d598b7bcfaae1814338a602467de8925b5ae96ddea1305271730b78
CLIENT_HANDSHAKE_TRAFFIC_SECRET 18e4fd4d6b98bbb7ab3ba4429c8ddec2fef8eae4d67b2b63f29fd10ef19ecd3f 38f04e37b2f80d9a920b50c147ce43f040f0e54bb1ad5bb329711a565a181227
SERVER_HANDSHAKE_TRAFFIC_SECRET 18e4fd4d6b98bbb7ab3ba4429c8ddec2fef8eae4d67b2b63f29fd10ef19ecd3f 5422a4aa40b5fb3cf14c31f2b92b3155bc6a53ba9621ddc14c8a782bcaf92a58
CLIENT_TRAFFIC_SECRET_0 18e4fd4d6b98bbb7ab3ba4429c8ddec2fef8eae4d67b2b63f29fd10ef19ecd3f 6473b9fa6203f77e2efb95e28f11f8dda41e4e76dfdd47f03c82f8152c9d26a1
SERVER_TRAFFIC_SECRET_0 18e4fd4d6b98bbb7ab3ba4429c8ddec2fef8eae4d67b2b63f29fd10ef19ecd3f ff418d6ba1481176b10d709493e05952f3e7472478ae96032d86b5f840caed3a
EXPORTER_SECRET 18e4fd4d6b98bbb7ab3ba4429c8ddec2fef8eae4d67b2b63f29fd10ef19ecd3f 716530aa386408c9d553fc5ef578a3c2ac7ac3f496460762e18fe6c2ad3c549d
