CLIENT_HANDSHAKE_TRAFFIC_SECRET e19fb69e10df89af2c7671608e246c184286df3805f197fd386fe5a48ccee50b dc9bb5af753faa33e85fe08f3fb91b26f3b5d4c089441584f77910386d64d906e61fa83452d2a9583a42c1338d09ff78
SERVER_HANDSHAKE_TRAFFIC_SECRET e19fb69e10df89af2c7671608e246c184286df3805f197fd386fe5a48ccee50b 82419a980e8f665f34130e671ac47aec035dc0c46f037a46b2fd7fe473b0eea9b8df6831f4354aebebddb636df15cc1d
CLIENT_TRAFFIC_SECRET_0 e19fb69e10df89af2c7671608e246c184286df3805f197fd386fe5a48ccee50b e5c5d6b559d5808fb74336a024b4f070709b9d3d8f156bb933b59878eec20bbb34063549fac43c9668d7952156be0b1d
SERVER_TRAFFIC_SECRET_0 e19fb69e10df89af2c7671608e246c184286df3805f197fd386fe5a48ccee50b caaa14678daa85dcd3d24756a1564aa51ca170d3ff57778c93721d988646f13693dc724ec48cf68e5a53918c56c9b6e4
EXPORTER_SECRET e19fb69e10df89af2c7671608e246c184286df3805f197fd386fe5a48ccee50b 209dd22702889dc1a39bc3821478395da934a6d76d74e299293783f4e7c5f8de0b1347253dfd6f9edf13742a0d2c8fec
CLIENT_HANDSHAKE_TRAFFIC_SECRET 7641affb6de330a63afd26a63976f5c693063dd8c960c97b57c121fe431edf46 e94d5f08fa2785bd753db2939852dfdb33f9f9f6b3d1fa5b81f29c2cb72d1d35
SERVER_HANDSHAKE_TRAFFIC_SECRET 7641affb6de330a63afd26a63976f5c693063dd8c960c97b57c121fe431edf46 3dee9a1bfe7f9f2d168649100ceac033383786927ca76aebccf3dc6cd22123ca
CLIENT_TRAFFIC_SECRET_0 7641affb6de330a63afd26a63976f5c693063dd8c960c97b57c121fe431edf46 3def176ea60bd5872c18c591f6f9fe1de0e15ed5e74338cf2e37959d07736da8
SERVER_TRAFFIC_SECRET_0 7641affb6de330a63afd26a63976f5c693063dd8c960c97b57c121fe431edf46 5555fc56b511a9339c741e3f3f24bee4886dd0695eb7496c5da096555593e629
EXPORTER_SECRET 7641affb6de330a63afd26a63976f5c693063dd8c960c97b57c121fe431edf46 499c9ffd542b0545090f4fb0efc6ee353b543bf8552386ab81da55d4958ccc8c
CLIENT_HANDSHAKE_TRAFFIC_SECRET 08c5a3c0ce1d49fbed5c59bd0832a1f6f83a73da52f96e389688dc24880dbf60 529b329d6c413f5c9dfa26e520c1f22ff4c8fbf98d0d84a8ab639c6c91017a8400313150e3630db5df544c30a7f1e691
SERVER_HANDSHAKE_TRAFFIC_SECRET 08c5a3c0ce1d49fbed5c59bd0832a1f6f83a73da52f96e389688dc24880dbf60 78c25bd52c928de60821dba90ef8b82e384a39c4ec237e7d718e4c1f5ae5a4bacf4f0969976320a4601eefac51afaff1
CLIENT_TRAFFIC_SECRET_0 08c5a3c0ce1d49fbed5c59bd0832a1f6f83a73da52f96e389688dc24880dbf60 ef4aa0299532b33313565cd6d88c1efbbef40506e6b06eccf4fbb9a8d2add21290a7eb6028cbb181f9ed864cf86e0282
SERVER_TRAFFIC_SECRET_0 08c5a3c0ce1d49fbed5c59bd0832a1f6f83a73da52f96e389688dc24880dbf60 9352e01bd075e960b03e12bfc42f05675fc72f33d6ad276e002c2e4865741d5147b85e73ea2c7a8138b477387d260f0f
EXPORTER_SECRET 08c5a3c0ce1d49fbed5c59bd0832a1f6f83a73da52f96e389688dc24880dbf60 f3325de357ee987edf5ed2c8811a0071aa0466e8bc07ce89f6e801b37288df11114be0d87130eff3a3fc7b486361f993
CLIENT_HANDSHAKE_TRAFFIC_SECRET cef611b3995fd826e2d6faff4369fe7781bf58a2509db27484d8d43722bf9967 5823a605ccca9f0c1a6d81c26c9c5e59b3abaaffcb7b72fa2a8e0546ba352c54
SERVER_HANDSHAKE_TRAFFIC_SECRET cef611b3995fd826e2d6faff4369fe7781bf58a2509db27484d8d43722bf9967 e393b3853a773e9b6bb204e3d00ecc2e80a6683fdf1817618244a1ff9dc148b9
CLIENT_TRAFFIC_SECRET_0 cef611b3995fd826e2d6faff4369fe7781bf58a2509db27484d8d43722bf9967 1024e48db3cd577e6611b0c47ecf9b81855ca9686b0602c05872340b7a0c75c8
SERVER_TRAFFIC_SECRET_0 cef611b3995fd826e2d6faff4369fe7781bf58a2509db27484d8d43722bf9967 e7342bff29cbb81561dec1832eef26773be18ed51cfe78199310284340cc28d6
EXPORTER_SECRET cef611b3995fd826e2d6faff4369fe7781bf58a2509db27484d8d43722bf9967 02323f70348939a928f7d172c0e9af0748a0fb9819b746ddb19388df25098089
CLIENT_HANDSHAKE_TRAFFIC_SECRET 2ce87c93b6b9a078478103d9ee637d22c3190aa459091f88a77224c52e5c2b96 f6d235ca2722ddd31274c6a4cffd236244c075ce89b1a8a2c3d7048cd831660a
SERVER_HANDSHAKE_TRAFFIC_SECRET 2ce87c93b6b9a078478103d9ee637d22c3190aa459091f88a77224c52e5c2b96 f0920bbd790f02edbbf6862ee2c72b5fb05e0481ed5daffd4f01f42103db51ab
CLIENT_TRAFFIC_SECRET_0 2ce87c93b6b9a078478103d9ee637d22c3190aa459091f88a77224c52e5c2b96 ee11da4a8d54f690a366631f2adc1891954ceb898740179d264ac044fee8a2b8
SERVER_TRAFFIC_SECRET_0 2ce87c93b6b9a078478103d9ee637d22c3190aa459091f88a77224c52e5c2b96 94c1a01c9f39ce2192de8f48b692c45a96261b14a5e37edf3a93d5c9d0254a39
EXPORTER_SECRET 2ce87c93b6b9a078478103d9ee637d22c3190aa459091f88a77224c52e5c2b96 09effb7121a07007f2f7ba6f98b0259cfb5eae5fe317dd1cd0588fc3d2fde886
CLIENT_HANDSHAKE_TRAFFIC_SECRET 81e8eca5221b23be8695aa883da34c5b9f9de9d2fed79f2dcf25aaa5b76ec77c a8bd10d9684f168ff383bfe631b713577cea2aa2cfa0b857b44f3fc3a95a160b
SERVER_HANDSHAKE_TRAFFIC_SECRET 81e8eca5221b23be8695aa883da34c5b9f9de9d2fed79f2dcf25aaa5b76ec77c 35af8a2792afddcd283bdac94b3ea3bf37c02285e9345b226797915c3719a4e5
CLIENT_TRAFFIC_SECRET_0 81e8eca5221b23be8695aa883da34c5b9f9de9d2fed79f2dcf25aaa5b76ec77c 0f4e9ce5d2180e9382671aed0c6dbb2473d6ef032dd9ac24a03055fdd773aef7
SERVER_TRAFFIC_SECRET_0 81e8eca5221b23be8695aa883da34c5b9f9de9d2fed79f2dcf25aaa5b76ec77c 2d530e12ca4c7af9b4ae0e9e8bba3898ac2b7618ca3c01238293c54ca6df8648
EXPORTER_SECRET 81e8eca5221b23be8695aa883da34c5b9f9de9d2fed79f2dcf25aaa5b76ec77c 420142c7499b6744a8a57a5bcdd45e06bd210e30245f4dada1ffe6c0eae53476
CLIENT_RANDOM d19c2d90d5b6c7fae2ed27429979a3df54a7991aeb6bdf019f10a2af259fe275 289fd72019eff430f5bd00c249f033ac8fff8a22acec9538a685a54d36c0d5dc2f317f7141e3d40022643b4d7fd4c3c3
CLIENT_HANDSHAKE_TRAFFIC_SECRET 747ca8f9a9a0bf32aed0775bd03be17085d63828d947689c8b3b99f5aade848c a8a7ff6ca31b5fcf919d5e3301d6b8a0c22521d585123d39e1bcb88afc405003206cc9b2c2822abf6cc2717f32c36687
SERVER_HANDSHAKE_TRAFFIC_SECRET 747ca8f9a9a0bf32aed0775bd03be17085d63828d947689c8b3b99f5aade848c fe76223902fa661bc281a47761e6de8da41b9f00f6a72a998332fccf8a73d2f03514893c97e35bd65a825961f0ecdba5
CLIENT_TRAFFIC_SECRET_0 747ca8f9a9a0bf32aed0775bd03be17085d63828d947689c8b3b99f5aade848c 804b6adb0745ade469d99cc77a789bc309d1c278fe378f710dc209064256b6e643fb52883829a5dfe6b2401da64f0464
SERVER_TRAFFIC_SECRET_0 747ca8f9a9a0bf32aed0775bd03be17085d63828d947689c8b3b99f5aade848c ded900d4af67b700b362cea98d7cdaee3ddad40fd252e8ca2d8c7bd5f84e69492ea6892294902a3cc026b3f5cceae991
EXPORTER_SECRET 747ca8f9a9a0bf32aed0775bd03be17085d63828d947689c8b3b99f5aade848c cd1e4373814eea1dfb703c32f1e1c1fd3587ff303cea35b41826b25dc491227e856c202d87781180ee89a5d32fdc9158
CLIENT_HANDSHAKE_TRAFFIC_SECRET f9bddea11abec18d1da6b4330be14e029c4c6c15bea3bd218740ff582d6bfd84 c00ea61989b8dcb5f9ca3231655be0e9c926f3f06f49d4579f429f657d99c4b3348c7424f98ace149ae7d382ee8d7e9c
SERVER_HANDSHAKE_TRAFFIC_SECRET f9bddea11abec18d1da6b4330be14e029c4c6c15bea3bd218740ff582d6bfd84 d5c1cc77ac701b5d244dcb273fa2dff052218d3d8b6492b044fe93c1ca2ddbe88f0cc0635da5599a8ffeb01b7a0c7912
CLIENT_TRAFFIC_SECRET_0 f9bddea11abec18d1da6b4330be14e029c4c6c15bea3bd218740ff582d6bfd84 14ae634f3c61a6da09e242336ef3b3d2679ec9b686a6e5a6d1146f5312214f97e552cf0d6493b6f6efe7fafc10c5e866
SERVER_TRAFFIC_SECRET_0 f9bddea11abec18d1da6b4330be14e029c4c6c15bea3bd218740ff582d6bfd84 c22194670564eaec285704ff309c2b17a151dab901b8ba94fb7d66d02ae381e4dc5282dcf041db3f52c20e15fdebb38c
EXPORTER_SECRET f9bddea11abec18d1da6b4330be14e029c4c6c15bea3bd218740ff582d6bfd84 6c51a2c0b728d939c789e24b07b8f341e1d4827fada78a80eea3dbe18fec09f9d56c89294450814739d3aa910d91a91e
CLIENT_RANDOM 273d421b48ee9ff2120041fb35370fa9069ba0f971ede439d12aa6344a7078cd a8cfdc570e2d5b068f91bac442e85117fb0fcba850c835b6488f002cfd01c6c31861cf1385a1f5e8b04f38349e7f6e91
CLIENT_RANDOM 19c45ad41a393039e20a768b9c113b13d0bb54f2d7f92407c345007f632fdaf8 21e3b2cc392cf562897aa1a18195a581805c5219a343f631fb2d88778073b82b712596fcaeaf6b93fbc4c5137c595b57
CLIENT_HANDSHAKE_TRAFFIC_SECRET d1573b7a43d217fc5a8ed9dca9bc6472fa945e8ffd6d0b6d56598e9b6bac985f 7f2ca7f32f31ab8b756002959cd47373f6f4bb42bec337aa47ba30f46f122307
SERVER_HANDSHAKE_TRAFFIC_SECRET d1573b7a43d217fc5a8ed9dca9bc6472fa945e8ffd6d0b6d56598e9b6bac985f 62e655d8e623efeeb42910b21dcb49ca2778cebf6bf135139cbd9feea4f6f6e1
CLIENT_TRAFFIC_SECRET_0 d1573b7a43d217fc5a8ed9dca9bc6472fa945e8ffd6d0b6d56598e9b6bac985f 24675ed18cf794b908fb96c1d9cf06e57d65438572e3f4bcf7a0dd4e56b5d783
SERVER_TRAFFIC_SECRET_0 d1573b7a43d217fc5a8ed9dca9bc6472fa945e8ffd6d0b6d56598e9b6bac985f bfc84942b24c7279ec54a38fcfeba96aa0aecc77e45139392f208dabdc2ab618
EXPORTER_SECRET d1573b7a43d217fc5a8ed9dca9bc6472fa945e8ffd6d0b6d56598e9b6bac985f 85fab14efc0b5af5f3557214aa532fc2bba288f4699b927d8195eff51ebdb07b
CLIENT_HANDSHAKE_TRAFFIC_SECRET e7b84e6f492b1e4a7efee3467c65dad11567452bcb6ba0e52db0691daed80071 eccd9df323c1d1fb939999e39be5fddfeb15baee551c64bffeb9f6b0c3fa716d
SERVER_HANDSHAKE_TRAFFIC_SECRET e7b84e6f492b1e4a7efee3467c65dad11567452bcb6ba0e52db0691daed80071 ee165c374b7f116df5e28f8e9073f506e9ad58c99437f44ad655c139244d8db4
CLIENT_TRAFFIC_SECRET_0 e7b84e6f492b1e4a7efee3467c65dad11567452bcb6ba0e52db0691daed80071 437164a043b9805dcfa2a5f35243c936cb00285bf638baef2c9ed784667fce3a
SERVER_TRAFFIC_SECRET_0 e7b84e6f492b1e4a7efee3467c65dad11567452bcb6ba0e52db0691daed80071 8df3f37edfda81ad9cbdd3b8d188ec968cf23ae219f770ca0555618ad40fbf0f
EXPORTER_SECRET e7b84e6f492b1e4a7efee3467c65dad11567452bcb6ba0e52db0691daed80071 7dd22430e9e663b35acf53680ad356460833b427e0f16a5217f23658acf66ff4
CLIENT_RANDOM 7575b5713668adc6626e992828f1b3a7493bc3fa147f5d651e84dbe8e538ef3e 8f7e3f7d4303b0b5768f6238f0599304a7f0fc2d395b7ee16c4e1404f33c3e960d69b8222a434e0aebd18c7bd7de5140
CLIENT_RANDOM 1a484e03147e942bb592ab26f688b9591c695c2a6fb39d29a3112a7f08fb4528 684d9d6487e80b2c5f7b8dc905bd52c6e4936ab7e0810ce428d00db9294127c125792e6f79fc839b082e367f4b72e4df
CLIENT_HANDSHAKE_TRAFFIC_SECRET 5110091267c0d5603cc2327265c4ca6ed2d9efafe5235f8ccf8934728c9d8c4e efc8b6bf247040633a998b40d86b6cf69b6349705eec39ce460e01479fc9d489
SERVER_HANDSHAKE_TRAFFIC_SECRET 5110091267c0d5603cc2327265c4ca6ed2d9efafe5235f8ccf8934728c9d8c4e 5cacf2843746d43811703a2e1683bf518f5022485c94249beee5bf49f129dbe9
CLIENT_TRAFFIC_SECRET_0 5110091267c0d5603cc2327265c4ca6ed2d9efafe5235f8ccf8934728c9d8c4e 57311b82a9e2fe770d40529c4a67541fb48befe81c6ba0abc8e80b9db2c23dcf
SERVER_TRAFFIC_SECRET_0 5110091267c0d5603cc2327265c4ca6ed2d9efafe5235f8ccf8934728c9d8c4e 222c15b2913aa364022105c4b494270226b3df12fa25505aeb92111a5cd2e6e8
EXPORTER_SECRET 5110091267c0d5603cc2327265c4ca6ed2d9efafe5235f8ccf8934728c9d8c4e 772789f501ea5eaa7fdc427b3de5210cc7161b97dcd100149269bbfe77f8e928
CLIENT_HANDSHAKE_TRAFFIC_SECRET d759e116e8e3e0b40caf9b81c3f965dfad77d3cdfeee3c721b93741356224f31 752ed48f581e6e951f3e4f328b2919e4e70dc9423bbe0ae0099ca3cc1a7a4a2c295d1f1a0ffd158f451df86efe26d79d
SERVER_HANDSHAKE_TRAFFIC_SECRET d759e116e8e3e0b40caf9b81c3f965dfad77d3cdfeee3c721b93741356224f31 01aa51dbe30233cc9e9587f85a640bf1cdaf68265ac5bcdaa1c69f25890871e2f117296090be48f9d3bee598ac976949
CLIENT_HANDSHAKE_TRAFFIC_SECRET 0f19713444269407ae2e9c8a69ab5488f0205dc23946cae2595bc7bf6bdac05c e3247fa45f94a329feae0082b8f07c8a245b3a0cb92e8467610e4507aff6dbf0
SERVER_HANDSHAKE_TRAFFIC_SECRET 0f19713444269407ae2e9c8a69ab5488f0205dc23946cae2595bc7bf6bdac05c 7219f2ff6e3f589f6e8af3844311b0946be72255aef37b645856abe35637c832
CLIENT_TRAFFIC_SECRET_0 d759e116e8e3e0b40caf9b81c3f965dfad77d3cdfeee3c721b93741356224f31 71b56b7985f0e0b6615e35a4660c3a8284f56d45b12078e331c179acc7295eecf4cbb8cdd8de1cb8ade612fe197726ac
SERVER_TRAFFIC_SECRET_0 d759e116e8e3e0b40caf9b81c3f965dfad77d3cdfeee3c721b93741356224f31 42c1388da38477c59c36b2009d82abf0e4d2c9d9f3f60b328323717413776557488541b530929d24a967db47577dc5bf
EXPORTER_SECRET d759e116e8e3e0b40caf9b81c3f965dfad77d3cdfeee3c721b93741356224f31 bb089fc26833392a9e4e4fce808be1ed0480a9f6ec98d4fc196f7044a257b2aa84b9e30c26e087b83ff2963099d10323
CLIENT_TRAFFIC_SECRET_0 0f19713444269407ae2e9c8a69ab5488f0205dc23946cae2595bc7bf6bdac05c a4f470499d6761310cb5ef306750c6014a40cac1ef02a3369b71a4e353080e00
SERVER_TRAFFIC_SECRET_0 0f19713444269407ae2e9c8a69ab5488f0205dc23946cae2595bc7bf6bdac05c 932d7cfecfb5b842c9c60d6f48d7c498e8d346a8cd5702e8aca6b519468dc67f
EXPORTER_SECRET 0f19713444269407ae2e9c8a69ab5488f0205dc23946cae2595bc7bf6bdac05c 85d931ca36734360a8fa569e0b928bc14575bbd21c1a72e6d167668499f0d1f2
CLIENT_RANDOM 4416d5db074ba2b6ed1ac29a15fab94dd67188e3bb22d098e4f3a99ec199bf83 c8f9001382652a82386c866ce3877a4feb889e6bb8a25569bc21c461bd356b1c29202500d8f0d027ac07a4145f085c3e
