CLIENT_HANDSHAKE_TRAFFIC_SECRET d59d42f7885eed4451d6bedc50e5d9680d3a4b5296cdb6b4457945d4a46e9cb9 2b93a47118c5e3e8a40e4c83d895f4b1038946e15db8b68d4a6a624c82f96470e842900fab1f0240f0ee9848d46df6d0
SERVER_HANDSHAKE_TRAFFIC_SECRET d59d42f7885eed4451d6bedc50e5d9680d3a4b5296cdb6b4457945d4a46e9cb9 00ac5ea90269486db294ec352f1bb4b8b373f431761a5d8ed98e9ca94850296885d42bf75ef8696b143bd031b24afd96
CLIENT_TRAFFIC_SECRET_0 d59d42f7885eed4451d6bedc50e5d9680d3a4b5296cdb6b4457945d4a46e9cb9 d6e0732e9afbad2c7a1ef2666fc9b26c0615f89e4aa26c09bfdea0351ffc48b3f1695e9b83fad4e2f06c6fc27a8ed231
SERVER_TRAFFIC_SECRET_0 d59d42f7885eed4451d6bedc50e5d9680d3a4b5296cdb6b4457945d4a46e9cb9 24c9f920efa7628e46bc25e4d1807651eb064b9dd71ef63b90eb04cebf36f412ce6dde062f5653c9a6773ce0306c2b55
EXPORTER_SECRET d59d42f7885eed4451d6bedc50e5d9680d3a4b5296cdb6b4457945d4a46e9cb9 72c26977d904e89c019a64eea372611e8ebf78d6fad22a8979c34160ce2a2ab10fd0e0c0bb6f3e03f13108ec9be9be89
CLIENT_HANDSHAKE_TRAFFIC_SECRET 6b51266b95df041532104604af3a0a7f515de08fc1ef783d335328ebda86c805 c01c4da9cc26d60e933abe9e1771ff501f22d1909ba4722edffb481f0faf50111ba313551befbe02204e62126a45f29c
SERVER_HANDSHAKE_TRAFFIC_SECRET 6b51266b95df041532104604af3a0a7f515de08fc1ef783d335328ebda86c805 b601203b83557b9f3ca309451337b55e90d307a05027f116cbff8dfa872a6204f2c7113b58677022aa2e87d32b5d73d5
CLIENT_TRAFFIC_SECRET_0 6b51266b95df041532104604af3a0a7f515de08fc1ef783d335328ebda86c805 1791798d9814c2af7b18dbae5bc179e45b0febc5e8436b29f6f96579b4a18b508e28d2b0297bd965b05524f553a51a17
SERVER_TRAFFIC_SECRET_0 6b51266b95df041532104604af3a0a7f515de08fc1ef783d335328ebda86c805 423f40fb402f399ec58ff2df89931f181973bb22d00b55780b7f6fcc344ead86da4112f9c984cb85a730c4189f861511
EXPORTER_SECRET 6b51266b95df041532104604af3a0a7f515de08fc1ef783d335328ebda86c805 81035118e665fe388c90415605dff7bab56f647703209c212ed08d1bfddeffec85a9f0c1fde10d581895f932bdde5d30
CLIENT_HANDSHAKE_TRAFFIC_SECRET e8968646adb97e9db82c0a505d27a1f8495750fba3abdc580c76041fb7a397bf 059f0f8edc5316c5cfcfae7d9fe6f2ed0fff51343c664c2de2693a21c050700a
SERVER_HANDSHAKE_TRAFFIC_SECRET e8968646adb97e9db82c0a505d27a1f8495750fba3abdc580c76041fb7a397bf 77ea21aab6ff317c9a8fbc907eb66a9d11da8cf1e9d7b6fdf831497365c90b12
CLIENT_TRAFFIC_SECRET_0 e8968646adb97e9db82c0a505d27a1f8495750fba3abdc580c76041fb7a397bf edd71ea597d75830cea73b86d4bfa237db38c4c6efdf2172b8a87abae7c96dde
SERVER_TRAFFIC_SECRET_0 e8968646adb97e9db82c0a505d27a1f8495750fba3abdc580c76041fb7a397bf f4d0afd8e485b53ebfe7c54c2f6946d4958f155f214640ce76d8786767537a95
EXPORTER_SECRET e8968646adb97e9db82c0a505d27a1f8495750fba3abdc580c76041fb7a397bf ae1911ee722227cbd4b07ecfed992ebf544b97b18ec2a71f292e1c5a39a1ce47
CLIENT_HANDSHAKE_TRAFFIC_SECRET 9d89c25ddbadd25b39560227f9c92ddc2281661a9db264687663f0fb392627bf ae7afef70bb0b61e464b4fcbabe5e42888a89d8449927b98e694d6a2b6f0039f
SERVER_HANDSHAKE_TRAFFIC_SECRET 9d89c25ddbadd25b39560227f9c92ddc2281661a9db264687663f0fb392627bf ac628940f9a8aa475012365fff0546c2c1ff7921a0c90cb33d23992a341f030d
CLIENT_TRAFFIC_SECRET_0 9d89c25ddbadd25b39560227f9c92ddc2281661a9db264687663f0fb392627bf ee12e1b0785c5abd14000ba7419bf8d1c9674b46fd199f47e60cfa232a9c5313
SERVER_TRAFFIC_SECRET_0 9d89c25ddbadd25b39560227f9c92ddc2281661a9db264687663f0fb392627bf 7fea30df533dc0d85250478bf467bd8f82321581d53442379ba88cde182ddbbf
EXPORTER_SECRET 9d89c25ddbadd25b39560227f9c92ddc2281661a9db264687663f0fb392627bf 3dbf4d5a378f39e137b29ec27ea665be3eb66de02231e53e3e8bf1a34ee98a1d
CLIENT_HANDSHAKE_TRAFFIC_SECRET 8a78636f93b7bf51875245945f8acb8f2a0624105a78f3a0045426fc8823271c 4438f35c7dc6e2084e8cd0d716361db2aebe6a5ac95832deee52497704090b7e
SERVER_HANDSHAKE_TRAFFIC_SECRET 8a78636f93b7bf51875245945f8acb8f2a0624105a78f3a0045426fc8823271c 5081ce886d78896e0437e03cb5b3ab98ba72b8d18a1ef50068a5bab225074c3e
CLIENT_TRAFFIC_SECRET_0 8a78636f93b7bf51875245945f8acb8f2a0624105a78f3a0045426fc8823271c 6a2e17c9b46ee409f3a8eb2fa05400573e4e5b023aa3f29d163f24a7ea04082c
SERVER_TRAFFIC_SECRET_0 8a78636f93b7bf51875245945f8acb8f2a0624105a78f3a0045426fc8823271c 322173d3b6860eb4b707b2215de5f4fb105f60ef5a276f4c8e3359fab4c29ad2
EXPORTER_SECRET 8a78636f93b7bf51875245945f8acb8f2a0624105a78f3a0045426fc8823271c e1c5f6c43c7bb7d707a0123846c96e58d5f8ad3b25b2af7abef2492735fdb51f
CLIENT_HANDSHAKE_TRAFFIC_SECRET 0d0e6f74e4b275d2dd5a05791053628361e8e06914228206ebd284b40be0a58e 0be377db318e9f5baf5774fd33b195ab7702906f26345fd84cd5089c037e1c61
SERVER_HANDSHAKE_TRAFFIC_SECRET 0d0e6f74e4b275d2dd5a05791053628361e8e06914228206ebd284b40be0a58e ed24e4a64f3fc4eda71fb53c12374889e3560578ae61e1c81dca33e04a44e864
CLIENT_TRAFFIC_SECRET_0 0d0e6f74e4b275d2dd5a05791053628361e8e06914228206ebd284b40be0a58e 33e4339ac7eb4cc67e5a2ad7de9564692ec35e1b71fbc8376a90f058c92963eb
SERVER_TRAFFIC_SECRET_0 0d0e6f74e4b275d2dd5a05791053628361e8e06914228206ebd284b40be0a58e 8e5c1eb0814f22af8e433e6339e15a737ceda2725dec5b62db4e4fc15f2f8d64
EXPORTER_SECRET 0d0e6f74e4b275d2dd5a05791053628361e8e06914228206ebd284b40be0a58e f3afc33a35234cc5449bf3da1e900efaa98ce5b797ea0443892da27e74743845
CLIENT_HANDSHAKE_TRAFFIC_SECRET e77d4f7ac40d15a04c94e77675569938082a462efaebe2acdb2f6c7186d45bb2 9fbafdb61cf8896cf87d29fb560192066580a13ff31aeb74bbefe3b7759d0eeb
SERVER_HANDSHAKE_TRAFFIC_SECRET e77d4f7ac40d15a04c94e77675569938082a462efaebe2acdb2f6c7186d45bb2 7e97b23b50b6b713f76d1c460e02f9b14781dd92a18c4cc88131d46cb9110081
CLIENT_HANDSHAKE_TRAFFIC_SECRET d29ac58010101b923265dfd8dd7664488ce9b13c2f63fa952a089fdac98e9e97 fd58acb96628ddf90ff8a5c5ce2aa5ddcf729f936a3497148574fa74a3103d25
SERVER_HANDSHAKE_TRAFFIC_SECRET d29ac58010101b923265dfd8dd7664488ce9b13c2f63fa952a089fdac98e9e97 0ca1177e8976cff5160f60ca23a0393160ee7957d83164e6214ac4c0d95ffe02
CLIENT_TRAFFIC_SECRET_0 e77d4f7ac40d15a04c94e77675569938082a462efaebe2acdb2f6c7186d45bb2 c0df289794c1944916e0fd084b5300766e07e25353308e8cb850666f62a2d28f
SERVER_TRAFFIC_SECRET_0 e77d4f7ac40d15a04c94e77675569938082a462efaebe2acdb2f6c7186d45bb2 46c287e98dfa0faca5441bb0aae12b277cafc2e0f965f7123d3edb6f88b35cd1
EXPORTER_SECRET e77d4f7ac40d15a04c94e77675569938082a462efaebe2acdb2f6c7186d45bb2 f4eea4df7b7ae31135a3e5eaad89971803e72c14b0a8fe2b2a28c0e477475408
CLIENT_TRAFFIC_SECRET_0 d29ac58010101b923265dfd8dd7664488ce9b13c2f63fa952a089fdac98e9e97 c5b06532e1f9237330eec314f87cb810e30df10543c2158b81aa9f08ba84a4bb
SERVER_TRAFFIC_SECRET_0 d29ac58010101b923265dfd8dd7664488ce9b13c2f63fa952a089fdac98e9e97 253bd9c30e7fe3f6c49510fa9236deeb0be2fbaec0b23e9ec3a8039b5618f518
EXPORTER_SECRET d29ac58010101b923265dfd8dd7664488ce9b13c2f63fa952a089fdac98e9e97 c7f18265a836a5b2500a36b39e76c0358c354a512f337786ae0b7f8b1fe87571
