CLIENT_HANDSHAKE_TRAFFIC_SECRET 3643f014c4b58e5bf4cc094ce45f5058fdde9d573c8204c9edcd603b9b7829e3 f1ca76bd9790698ab03c93270c60a98b0e325e9f1252b3d8c85143b616504e9e
SERVER_HANDSHAKE_TRAFFIC_SECRET 3643f014c4b58e5bf4cc094ce45f5058fdde9d573c8204c9edcd603b9b7829e3 496a8f9579b63d0d367a6e66b654cd26d3b6857f76c2c1bd4c1a4985c2962fec
CLIENT_TRAFFIC_SECRET_0 3643f014c4b58e5bf4cc094ce45f5058fdde9d573c8204c9edcd603b9b7829e3 2ffefa9d56f5d5ca48a15efdc06452d6972e917d69324632789bbacb848ee586
SERVER_TRAFFIC_SECRET_0 3643f014c4b58e5bf4cc094ce45f5058fdde9d573c8204c9edcd603b9b7829e3 ddac264a8dac1f654573dd5b325ca21850fbe8a5ec3f410fac61f90c7f619f53
EXPORTER_SECRET 3643f014c4b58e5bf4cc094ce45f5058fdde9d573c8204c9edcd603b9b7829e3 9da69853e314ef80decd54c8c61eb7b1f15f5f90904c1633edadecd7e8455689
CLIENT_HANDSHAKE_TRAFFIC_SECRET 2e34b5e90ac575f69d47c7446444aa35df08e623dc554ab0a0878bfccb76fcdc 7ba4865b700982a1de8a9dc39f2e8439e27cfa57a34a5172341b32d88cb2ebed
SERVER_HANDSHAKE_TRAFFIC_SECRET 2e34b5e90ac575f69d47c7446444aa35df08e623dc554ab0a0878bfccb76fcdc 10a96d2660d28af5e3dc2e9f9e90c14a7b2c1dcc48ea4dc8777730ee66b533d6
CLIENT_TRAFFIC_SECRET_0 2e34b5e90ac575f69d47c7446444aa35df08e623dc554ab0a0878bfccb76fcdc 63b0e946041bdb362c0a9a4dedca5a4db0b9485eb11cb7ac1ec184784d216c21
SERVER_TRAFFIC_SECRET_0 2e34b5e90ac575f69d47c7446444aa35df08e623dc554ab0a0878bfccb76fcdc 4236489149350e0a72eceb8efa609e3b0d819c1b58def48b5f9806490699e523
EXPORTER_SECRET 2e34b5e90ac575f69d47c7446444aa35df08e623dc554ab0a0878bfccb76fcdc 8e3ec4082db88ef93cdcdcef28c0a30744aa5b7c44b4e5422a9177b82e13b427
CLIENT_HANDSHAKE_TRAFFIC_SECRET 5693f806f19bb8d51039441ecbd00e3778d0abb13d915348f7c37967c0b99b69 8e3580e5b6b51465f6fd95f3e08d1222af8a5af929b77e650cb6235147072949
SERVER_HANDSHAKE_TRAFFIC_SECRET 5693f806f19bb8d51039441ecbd00e3778d0abb13d915348f7c37967c0b99b69 4de3cb7a88c9946fcf4b20fd4ad83a6c48cc96dc58e4a4197288a340559ae93a
CLIENT_TRAFFIC_SECRET_0 5693f806f19bb8d51039441ecbd00e3778d0abb13d915348f7c37967c0b99b69 ffc8284acdbc822cc4a0edb01cd0e8a70d2b3e74a82fbe4eb9dddec3abf54564
SERVER_TRAFFIC_SECRET_0 5693f806f19bb8d51039441ecbd00e3778d0abb13d915348f7c37967c0b99b69 3bdeaeb7d1f68b33b9e757ef9802034a5e9d0524eb7abcb88a7ecbf924cf5a7f
EXPORTER_SECRET 5693f806f19bb8d51039441ecbd00e3778d0abb13d915348f7c37967c0b99b69 539748b5c0e5ab6162f45f416f8ee45257516bf68e3c6515052bd7dce6a205ed
CLIENT_HANDSHAKE_TRAFFIC_SECRET 45aa6b5e8404aa3c8e4bc83fa616ccc15633b410ba593d11062e4b7e189a748f f2915da6d4eace1b25aa5333a500a276b0ee716b186f8b30adb66a1c6a186605
SERVER_HANDSHAKE_TRAFFIC_SECRET 45aa6b5e8404aa3c8e4bc83fa616ccc15633b410ba593d11062e4b7e189a748f 4b0fd334dfafb160d5b84d23cb68aff6bdfae55094272438349712eff2e70e4c
CLIENT_TRAFFIC_SECRET_0 45aa6b5e8404aa3c8e4bc83fa616ccc15633b410ba593d11062e4b7e189a748f c724a4420d9468028001d14818f9e9ba4b9b15c9d575a2d200f2e4d2bb77faf5
SERVER_TRAFFIC_SECRET_0 45aa6b5e8404aa3c8e4bc83fa616ccc15633b410ba593d11062e4b7e189a748f 63592455777b94cae9ced41517508a957bbe2b223ed4de237e74c83f2ed54659
EXPORTER_SECRET 45aa6b5e8404aa3c8e4bc83fa616ccc15633b410ba593d11062e4b7e189a748f f526f0d774e3020d28d72f59eec0a0271fbc6218f07d358acb52a55b0c506a32
CLIENT_HANDSHAKE_TRAFFIC_SECRET 4b42df87ca3c13bcf766e73de8e9dd872aa1e887e516f131d00bb3070ce0a326 f3a900527ee18d2090661e392e027aabf55d2be55725035b271eab27bb099f15
SERVER_HANDSHAKE_TRAFFIC_SECRET 4b42df87ca3c13bcf766e73de8e9dd872aa1e887e516f131d00bb3070ce0a326 bc4c1430c21caa1da690f6cf4781ae41935d2527ad9fa345f8c328e5508bda27
CLIENT_TRAFFIC_SECRET_0 4b42df87ca3c13bcf766e73de8e9dd872aa1e887e516f131d00bb3070ce0a326 f94790363822badf9609c5b4d5133a8a45481708f03aa947672b0fd41dc6d426
SERVER_TRAFFIC_SECRET_0 4b42df87ca3c13bcf766e73de8e9dd872aa1e887e516f131d00bb3070ce0a326 a62789b047d51fbc30a7793ac100158ccbf4ae094a52c494a0f12ceb1360033c
EXPORTER_SECRET 4b42df87ca3c13bcf766e73de8e9dd872aa1e887e516f131d00bb3070ce0a326 93f365453e6938f91e8a7ce34b7be941c9c8f029611e27566ab097421b3fd112
CLIENT_HANDSHAKE_TRAFFIC_SECRET 795b5cccaf2b5d56e27d271752634a80cb42c8bee85aa2f5db8097ca73f024f8 5afd7161111c69eccc5a1ee6cfe9cff9acd4d8111de52e9d0297b42e65583b1f
SERVER_HANDSHAKE_TRAFFIC_SECRET 795b5cccaf2b5d56e27d271752634a80cb42c8bee85aa2f5db8097ca73f024f8 ba72a84a15f093f96a6537fea7b0460ffcd89efa5ba3169054c576a7b36d7f87
CLIENT_TRAFFIC_SECRET_0 795b5cccaf2b5d56e27d271752634a80cb42c8bee85aa2f5db8097ca73f024f8 eb061fb840970dbf9ce7318acf7d5b72e30f6515235db3c4150c1c545e1eb1c9
SERVER_TRAFFIC_SECRET_0 795b5cccaf2b5d56e27d271752634a80cb42c8bee85aa2f5db8097ca73f024f8 e6a3181006071ed8d54c89ecf008897cab91e1e4b2efbe6aa48e0ef0da210f25
EXPORTER_SECRET 795b5cccaf2b5d56e27d271752634a80cb42c8bee85aa2f5db8097ca73f024f8 7601b3dfddbfd66cd3db3d2c6643673e51a165b649e2687c322a045774aa6e52
CLIENT_HANDSHAKE_TRAFFIC_SECRET 4fa53a4aeacb34565a06b5cdb52afa9bb2c873604da835dd66010f19e4f6d870 d0737146d07e4a5891fa308442fef5cd0c5bafc44298effb5ba9fadb71971523
SERVER_HANDSHAKE_TRAFFIC_SECRET 4fa53a4aeacb34565a06b5cdb52afa9bb2c873604da835dd66010f19e4f6d870 a938e21a3a4ef568c33f421c7fd392dd0007a167995ebd465e0086a787f39ba3
CLIENT_TRAFFIC_SECRET_0 4fa53a4aeacb34565a06b5cdb52afa9bb2c873604da835dd66010f19e4f6d870 23910b5d1951072c1182436a797f7ececc019e726f66ca300dae17b775fc3182
SERVER_TRAFFIC_SECRET_0 4fa53a4aeacb34565a06b5cdb52afa9bb2c873604da835dd66010f19e4f6d870 0876cfb3cf5b8907ce70cff6972931efaf4f77139e5da061e99be393aac0004d
EXPORTER_SECRET 4fa53a4aeacb34565a06b5cdb52afa9bb2c873604da835dd66010f19e4f6d870 87ae1dd038e01e1954f36c80ae2566fb692370c87bb30b0a139d2683fd14e73e
CLIENT_HANDSHAKE_TRAFFIC_SECRET ad91505c6b9add7bb3e4d1e074f99581aebf80f9129f9c0f08e80e5d5718acf9 b13d0572562edc47fb7d6f683ae0ece9c5d13ad2c49c9a75b3048794cc7d127e
SERVER_HANDSHAKE_TRAFFIC_SECRET ad91505c6b9add7bb3e4d1e074f99581aebf80f9129f9c0f08e80e5d5718acf9 517a4caa0561b0ac2ed94e29ab4bd33f9d8f36d09f254dcecfa9fc512939d9c1
CLIENT_TRAFFIC_SECRET_0 ad91505c6b9add7bb3e4d1e074f99581aebf80f9129f9c0f08e80e5d5718acf9 051b4931e49c2eeeaf5a47cb8663ac5df46fc619af44ce5bcd4c9707949ed329
SERVER_TRAFFIC_SECRET_0 ad91505c6b9add7bb3e4d1e074f99581aebf80f9129f9c0f08e80e5d5718acf9 9132604a5dd662cdece96579fe8f2bb4016421a1543f7691f8746dfb20419f94
EXPORTER_SECRET ad91505c6b9add7bb3e4d1e074f99581aebf80f9129f9c0f08e80e5d5718acf9 3579fe3578953a27f0d91bdd5ba53c4c684b490d4053e6becd9fc042d2bafcf8
CLIENT_HANDSHAKE_TRAFFIC_SECRET 0fa42c9827807a2a50d533ae0b41d872275283be3fb443a716908ea92bf515f0 2289c4ba4520285d5ff959255543f5b97b3100f346cd2fd52c406cfee833991a
SERVER_HANDSHAKE_TRAFFIC_SECRET 0fa42c9827807a2a50d533ae0b41d872275283be3fb443a716908ea92bf515f0 47850c4fbf0c2068da04f2cf9e2500cee91761c92a802b1012f3e1777b04e195
CLIENT_TRAFFIC_SECRET_0 0fa42c9827807a2a50d533ae0b41d872275283be3fb443a716908ea92bf515f0 062defb01729f68b235b56dd1e7dea15b1249f69cefb03a6d8d0c45e0c4639d4
SERVER_TRAFFIC_SECRET_0 0fa42c9827807a2a50d533ae0b41d872275283be3fb443a716908ea92bf515f0 46f2053e7d752f07c7908858cc69cf36b50cc93766e31e30abf84504b9c63d4d
EXPORTER_SECRET 0fa42c9827807a2a50d533ae0b41d872275283be3fb443a716908ea92bf515f0 3f2dab9632c6d92bb224c1ae78ef4ca87dc87dc3c44ae42e7da969f0a177917a
CLIENT_HANDSHAKE_TRAFFIC_SECRET 83831d13996fafff46b0ac18df8b4d38ae4f9cc5ec3dd467e25b907c932cc4b9 b0329f142d8508bb8af5e336bc27e5577c46d93533b9fdae81d207f0f5ed5272
SERVER_HANDSHAKE_TRAFFIC_SECRET 83831d13996fafff46b0ac18df8b4d38ae4f9cc5ec3dd467e25b907c932cc4b9 4092e038b0409d6adee682ac69bf3396d7e007442ca2d015bab502857cc4a752
CLIENT_TRAFFIC_SECRET_0 83831d13996fafff46b0ac18df8b4d38ae4f9cc5ec3dd467e25b907c932cc4b9 04d6f301a8694e2debe491e7c8ba357b2c58b9de3a66390273638544187537d9
SERVER_TRAFFIC_SECRET_0 83831d13996fafff46b0ac18df8b4d38ae4f9cc5ec3dd467e25b907c932cc4b9 a77c0246e8c3a4dc3138f0008fab6055cc5db5bfb24e07a72e060732476fbd00
EXPORTER_SECRET 83831d13996fafff46b0ac18df8b4d38ae4f9cc5ec3dd467e25b907c932cc4b9 e00673dd9ecfc2b60a1446374a737ff982a3f4a165346d5eea0e71670affe75f
CLIENT_HANDSHAKE_TRAFFIC_SECRET bc95becbffabf735bdcf8d50db319eba3c93c9f6aaef11694abcfcdf1415e348 b0bd537b66fea66f1a387162ebfc5003dbb2d65efd558822c4356016bf7ca0b1
SERVER_HANDSHAKE_TRAFFIC_SECRET bc95becbffabf735bdcf8d50db319eba3c93c9f6aaef11694abcfcdf1415e348 16b9c859598553354076d71164dd4005268f410e7b79a48e9fc09fc2e957c03b
CLIENT_TRAFFIC_SECRET_0 bc95becbffabf735bdcf8d50db319eba3c93c9f6aaef11694abcfcdf1415e348 577767ef00579577a48e746a79d5dd57a8b20bd64dd5eedd83b04d2ed61e6697
SERVER_TRAFFIC_SECRET_0 bc95becbffabf735bdcf8d50db319eba3c93c9f6aaef11694abcfcdf1415e348 155c290583f47db5d983c31f10915847a4603cb437ac1fede40cdebc4aa3358e
EXPORTER_SECRET bc95becbffabf735bdcf8d50db319eba3c93c9f6aaef11694abcfcdf1415e348 a05af8927b5cfa95a08612bd5463e54d5473be1060d9b9669d885002dffb21f9
CLIENT_HANDSHAKE_TRAFFIC_SECRET 334259893100834c46c9466fc4a9e9443e46ecbfb1322b97e556ecb282a6bd4d c0cf00c9cf6a37b7987fce14865230af48046d0b7651cf19eb5114dd40b6fb79
SERVER_HANDSHAKE_TRAFFIC_SECRET 334259893100834c46c9466fc4a9e9443e46ecbfb1322b97e556ecb282a6bd4d 3a5970057e57ad263baf230d8e22baf0fb31cf8db67c72d7f1e17cf49c100827
CLIENT_TRAFFIC_SECRET_0 334259893100834c46c9466fc4a9e9443e46ecbfb1322b97e556ecb282a6bd4d 89efd2db97bebaf82f52c8d24ec492790ead54d542f0695e10c70be03c1d2660
SERVER_TRAFFIC_SECRET_0 334259893100834c46c9466fc4a9e9443e46ecbfb1322b97e556ecb282a6bd4d 2a991de2b31c68704295412bb14a30fab34f01602f5c4a29ff3820f4279f29c6
EXPORTER_SECRET 334259893100834c46c9466fc4a9e9443e46ecbfb1322b97e556ecb282a6bd4d 930049fecd2a1d30a2687b253174f7b4a1422f5bae4d8e7f8f632eb5be58f17f
CLIENT_HANDSHAKE_TRAFFIC_SECRET 9e40a3f06f9374efb39b959400811e26683f3eb00f84dc1cbd241e5dce0b8718 4a27f4a79638646de488554a93993d26b82da467249cf72ecbc1a650ef414231
SERVER_HANDSHAKE_TRAFFIC_SECRET 9e40a3f06f9374efb39b959400811e26683f3eb00f84dc1cbd241e5dce0b8718 6e3274776d3ae18ba4d296d7f9c40b86f4fc7f1a63d62a1db8d34891782d20a6
CLIENT_TRAFFIC_SECRET_0 9e40a3f06f9374efb39b959400811e26683f3eb00f84dc1cbd241e5dce0b8718 dfbbb937b0875d9091ef2ca6f418b63cf0700cc38c680c24a59c74440518b652
SERVER_TRAFFIC_SECRET_0 9e40a3f06f9374efb39b959400811e26683f3eb00f84dc1cbd241e5dce0b8718 5dc6164c7c1ec3fbf936f1baaf7b1a2667701d875821e1f0dddbf6bfa01bcb87
EXPORTER_SECRET 9e40a3f06f9374efb39b959400811e26683f3eb00f84dc1cbd241e5dce0b8718 82d5f6abdf380b30f4b859d5acbfe87e6714b17b3db1e13f5a1a9bb8bb8f5a01
