CLIENT_HANDSHAKE_TRAFFIC_SECRET 099ad2a0f2d6deb661fd4518e19256cec7b894b9c4d2834ee8a596ba4c97c74d 5dc3b87845cff2ffbf539dcc96ac584142bcf15982db802a777d41f008880f57
SERVER_HANDSHAKE_TRAFFIC_SECRET 099ad2a0f2d6deb661fd4518e19256cec7b894b9c4d2834ee8a596ba4c97c74d 23f3e29513c0315f61702a118cd1397c624c178778a31ee634f64668de1117a3
CLIENT_TRAFFIC_SECRET_0 099ad2a0f2d6deb661fd4518e19256cec7b894b9c4d2834ee8a596ba4c97c74d c6ec3b322cfb9cc00c330f9c9168ceb095715f63183ea2c233eb58681c4c25eb
SERVER_TRAFFIC_SECRET_0 099ad2a0f2d6deb661fd4518e19256cec7b894b9c4d2834ee8a596ba4c97c74d 2d223198470cb0fbaab4689fd286bba555b798e2b928c99c01b26a1705350972
EXPORTER_SECRET 099ad2a0f2d6deb661fd4518e19256cec7b894b9c4d2834ee8a596ba4c97c74d 6be7f28a7c1a72d2974582b508dad0965d514246709154f83f0b41dcdfbc7159
CLIENT_HANDSHAKE_TRAFFIC_SECRET ba5a0be2eaef01eb0ce0cb37c3c0ba8abe5b74a2d4dd08f0a564daf8f3f028b2 9b7116f3c64c7670b67046c536da717caa39e94b707b4395f19ae6239ace53f9
SERVER_HANDSHAKE_TRAFFIC_SECRET ba5a0be2eaef01eb0ce0cb37c3c0ba8abe5b74a2d4dd08f0a564daf8f3f028b2 6d02350359874f601d4933baae5d51b42ad1a37e44cbcc08c0c5b2033e38d2fa
CLIENT_TRAFFIC_SECRET_0 ba5a0be2eaef01eb0ce0cb37c3c0ba8abe5b74a2d4dd08f0a564daf8f3f028b2 a3d4a22dc9c3c834889944f6fe8de93dba747b76cad1532319671dab593d9e5a
SERVER_TRAFFIC_SECRET_0 ba5a0be2eaef01eb0ce0cb37c3c0ba8abe5b74a2d4dd08f0a564daf8f3f028b2 17833844a73ece50a82c5e8e3492c085e1719c403749255d0673fd091885c0d0
EXPORTER_SECRET ba5a0be2eaef01eb0ce0cb37c3c0ba8abe5b74a2d4dd08f0a564daf8f3f028b2 54ec4414c8591c50bb94529501ca804efd4ff252b809c70016743dad5dc537df
CLIENT_HANDSHAKE_TRAFFIC_SECRET 954e8f26fd8675ddf8de69f0d8c94a7753614a57a5f53497973021bab976bfcf 250c1077a08c74aacc107a9e8937a3d1f7b11b247b73e48853e22e62bce7d6d4
SERVER_HANDSHAKE_TRAFFIC_SECRET 954e8f26fd8675ddf8de69f0d8c94a7753614a57a5f53497973021bab976bfcf 8d385aea5bcb5e718b7df08352399b98d164bea85abfd53853c39e5ead84f7e4
CLIENT_TRAFFIC_SECRET_0 954e8f26fd8675ddf8de69f0d8c94a7753614a57a5f53497973021bab976bfcf f92290c7b95e0623793e9c6df641963c284bd66f9eb844caa1a9a92aef1393e5
SERVER_TRAFFIC_SECRET_0 954e8f26fd8675ddf8de69f0d8c94a7753614a57a5f53497973021bab976bfcf f602bbc40701125e3140cca5f6092c896e6bf57509b77125f7b073319656cc74
EXPORTER_SECRET 954e8f26fd8675ddf8de69f0d8c94a7753614a57a5f53497973021bab976bfcf b1f4bcfff38b36328a92dcffb5a7b60e3b1595b600d2647680c3f6b901538273
CLIENT_HANDSHAKE_TRAFFIC_SECRET 6f038f47711dfbd07320b74c7d0e4b9cd88c831c0cd90310ff20a692086ab802 7cffe65d4c0a0419ec3e6f09c057c85c143e3c9a5a1b8ea0b4fe40a34a686b56
SERVER_HANDSHAKE_TRAFFIC_SECRET 6f038f47711dfbd07320b74c7d0e4b9cd88c831c0cd90310ff20a692086ab802 95d96f5d4db38cdfdee7b447638480ca10148115af7c93635eed8a17dd8aa223
CLIENT_TRAFFIC_SECRET_0 6f038f47711dfbd07320b74c7d0e4b9cd88c831c0cd90310ff20a692086ab802 bfd381cb0f5dcfbba6c84c55a3e6a44a431a50e4907c0df549ebf86aab9a8784
SERVER_TRAFFIC_SECRET_0 6f038f47711dfbd07320b74c7d0e4b9cd88c831c0cd90310ff20a692086ab802 3ba88ed187ce110137c2400c18a582985caddc5768a9a7de1be98297ba66ac8b
EXPORTER_SECRET 6f038f47711dfbd07320b74c7d0e4b9cd88c831c0cd90310ff20a692086ab802 6b8eed792d5e07444c75a626464ec6fc35616876fceadc6b6fec7206e467e4c9
CLIENT_HANDSHAKE_TRAFFIC_SECRET f37798ff8be810519917e61a57b223835627b7117653f93c62632b39f2942f7f b739351e0a4dc139791740b4d48c3961144949062d0fd6d540ac2f245892ef42
SERVER_HANDSHAKE_TRAFFIC_SECRET f37798ff8be810519917e61a57b223835627b7117653f93c62632b39f2942f7f aedb87df80b8ceaf96bd9bfed1201debabd08d2380880fe59db9215803cc5cdd
CLIENT_TRAFFIC_SECRET_0 f37798ff8be810519917e61a57b223835627b7117653f93c62632b39f2942f7f 1566d3851d4de83861cacc282468481fcd069596a5efe7eb21942705e3b98ad4
SERVER_TRAFFIC_SECRET_0 f37798ff8be810519917e61a57b223835627b7117653f93c62632b39f2942f7f 4d1b31a4e780117a52bd6a339f376a488711b56a2987d4258f3d10b658a48637
EXPORTER_SECRET f37798ff8be810519917e61a57b223835627b7117653f93c62632b39f2942f7f 5f943dbf345384b2b75e9240a69e7a78d994825236cf8980a7682a649b4855f5
CLIENT_RANDOM 304be2bcd9086276ae0a1397ba6294ee3468afc0ff7048bc45dfa66b38c4d6d0 c73bbde06b8a8f79cb9ea6ed7b2f7fcf9a35c3fcf11c96d1c159bf4445dd115ab26b588ff7b0b3fddc7d133396e3f19f
CLIENT_HANDSHAKE_TRAFFIC_SECRET 0ab179d18f92a2723c4244c0786925d885c9345360cb73c0e1057e3aedd3e4b8 58270d99be96b897a3c730004ba953300073ce3290c75d5782fb497d658e7b4e
SERVER_HANDSHAKE_TRAFFIC_SECRET 0ab179d18f92a2723c4244c0786925d885c9345360cb73c0e1057e3aedd3e4b8 8aaac84127f0188a340355c17723d195698676cdaf628fbbccd32c40a2adf0a3
CLIENT_TRAFFIC_SECRET_0 0ab179d18f92a2723c4244c0786925d885c9345360cb73c0e1057e3aedd3e4b8 2c22ef4964b50762696f7b42870fc4225278ed46ffe6d860c9e92f7815fc395d
SERVER_TRAFFIC_SECRET_0 0ab179d18f92a2723c4244c0786925d885c9345360cb73c0e1057e3aedd3e4b8 bd2e5f2f2e131346044b579015fab7621de2617b7a4a28e678c2b3b1ee8929a1
EXPORTER_SECRET 0ab179d18f92a2723c4244c0786925d885c9345360cb73c0e1057e3aedd3e4b8 f7db7c26beb8e88eda5d151afd92e91b8516a9a510e23efaf979a2f01214843f
CLIENT_HANDSHAKE_TRAFFIC_SECRET 6cad8e5fcd6027b3f147a5eb0c88cbd2b8df436967098788efada9eb6e9ad280 90a6ef617ae510c805279aa526e50e3d2a947f7a3a0dc01aded0e39613fd5805
SERVER_HANDSHAKE_TRAFFIC_SECRET 6cad8e5fcd6027b3f147a5eb0c88cbd2b8df436967098788efada9eb6e9ad280 5acba97ee713561f597845deb03b7a0ec1f0db3f66b8181ba7dd28aa587f9163
CLIENT_TRAFFIC_SECRET_0 6cad8e5fcd6027b3f147a5eb0c88cbd2b8df436967098788efada9eb6e9ad280 244af8560ea56e1498cc56934f1d4397e55da634fa32af8623c97c6a3c94d777
SERVER_TRAFFIC_SECRET_0 6cad8e5fcd6027b3f147a5eb0c88cbd2b8df436967098788efada9eb6e9ad280 8def09a4f71bf780428572440adc5eb5354df37a72016dec725eeab86dc7180e
EXPORTER_SECRET 6cad8e5fcd6027b3f147a5eb0c88cbd2b8df436967098788efada9eb6e9ad280 40657016df1509a73b890131b3dcdf53ae8a07f7c59b579c315c0880e4d392c8
CLIENT_HANDSHAKE_TRAFFIC_SECRET 00155bf601dcdfde1f9a1301b1a4cca699efde588d767460e8a74b2ba894693e 36e726aafd1611066f0e6aa22b27707914a8991918c2070a15696c1da9f850b7
SERVER_HANDSHAKE_TRAFFIC_SECRET 00155bf601dcdfde1f9a1301b1a4cca699efde588d767460e8a74b2ba894693e 9f90a4d65cb8d13b7c685172a41066a22df33955f64d07b487f9451f7b7c01fc
CLIENT_TRAFFIC_SECRET_0 00155bf601dcdfde1f9a1301b1a4cca699efde588d767460e8a74b2ba894693e e8edba06086ff6a2b18c0d4530dc00b83ce35a02c59ca89b9bd3c677541382eb
SERVER_TRAFFIC_SECRET_0 00155bf601dcdfde1f9a1301b1a4cca699efde588d767460e8a74b2ba894693e 34bab68eee1abc202d1ce21be134a467cf33f5450ffa9f8ca60678e694933ac9
EXPORTER_SECRET 00155bf601dcdfde1f9a1301b1a4cca699efde588d767460e8a74b2ba894693e 4527f6f82ff85be2697e8946cb3273f926986654882960cc387f47649cf36e9a
CLIENT_HANDSHAKE_TRAFFIC_SECRET fc01ce1e47fb5408af2b93d46b393e67c851303dbaa9f7795f397676db3e113f b053562c4b4689380d7ed8b4903c7b5d069c2fd2e8130c1df6c98fc11f000148
SERVER_HANDSHAKE_TRAFFIC_SECRET fc01ce1e47fb5408af2b93d46b393e67c851303dbaa9f7795f397676db3e113f f311ccee07cc84cecac5560c964e3a6dd3505858bf8ef9c6a3e9073c296c52ab
CLIENT_TRAFFIC_SECRET_0 fc01ce1e47fb5408af2b93d46b393e67c851303dbaa9f7795f397676db3e113f 63746616a7729c736e2e9e64ae247ae243ccb7e827ce2e6ba759b32e341c823d
SERVER_TRAFFIC_SECRET_0 fc01ce1e47fb5408af2b93d46b393e67c851303dbaa9f7795f397676db3e113f 5a44ff0209f7510eeea25d123f9fc44f5320c2e0f09399d23d4315a446da497c
EXPORTER_SECRET fc01ce1e47fb5408af2b93d46b393e67c851303dbaa9f7795f397676db3e113f 53c2ad966f6a3d509dbe84007a57aa01807e4ba8242ca78f54827ae642234131
