CLIENT_HANDSHAKE_TRAFFIC_SECRET 6e12f0d4f64d207da81e9aed972216a07fc66e1d77630a796c0d30cd741decdf b940d5c9e8a4a67cbdc1c8d409c0ab255e7b3415c7dede2120939d35c441e3ec
SERVER_HANDSHAKE_TRAFFIC_SECRET 6e12f0d4f64d207da81e9aed972216a07fc66e1d77630a796c0d30cd741decdf d945765e1ed195c35d632ba9d1c05383cabfa4c792883b8be81ef97632baebad
CLIENT_TRAFFIC_SECRET_0 6e12f0d4f64d207da81e9aed972216a07fc66e1d77630a796c0d30cd741decdf 078b6eb9fbecf5e4564fc689cfe6fe1a13e9975d5f5bc749cb5b459e8cba5c4a
SERVER_TRAFFIC_SECRET_0 6e12f0d4f64d207da81e9aed972216a07fc66e1d77630a796c0d30cd741decdf 555c09cdeaf026ea6e3a0e63431debcf38bef552d94f19c2eeff2ed3bd228784
EXPORTER_SECRET 6e12f0d4f64d207da81e9aed972216a07fc66e1d77630a796c0d30cd741decdf 66e6edff907e4d3008d979101309e30f44b1c47a0b9df7fe47e14fb4703c7f10
CLIENT_HANDSHAKE_TRAFFIC_SECRET 4df36a5aa031bc34ed2ac8fd3692abad6d8880eeec74a491e36abc17a918f3ab 03ffe3a08e625e48d6191e8f83d58f5c6cf13ec6105c9b12e62ba6d931899e5e
SERVER_HANDSHAKE_TRAFFIC_SECRET 4df36a5aa031bc34ed2ac8fd3692abad6d8880eeec74a491e36abc17a918f3ab 1b5650dc411f2e7bbf91bd8bd6322f09355d940b2f51d34fd95566fc502ba8f6
CLIENT_TRAFFIC_SECRET_0 4df36a5aa031bc34ed2ac8fd3692abad6d8880eeec74a491e36abc17a918f3ab a198acad76afa286b2f4de4130a2d58f2253531809cb9a5e5d660dfa43a29692
SERVER_TRAFFIC_SECRET_0 4df36a5aa031bc34ed2ac8fd3692abad6d8880eeec74a491e36abc17a918f3ab 061b1bcd3cb7b8ed64e9421e012319d3610bb261879eb21bd5e2a6ef152b8f0b
EXPORTER_SECRET 4df36a5aa031bc34ed2ac8fd3692abad6d8880eeec74a491e36abc17a918f3ab 59d2a11e9f2bdd5b319b5fe177c0458eacd1dedcb96fdf9846bb640c607d138a
CLIENT_HANDSHAKE_TRAFFIC_SECRET b769e315e45c4030f042189d97422cadef86c586ffd37bfe02d02ca599b19cec 72526c9db4fd7248c188dd862d4410ad60e10d222f0bcf2cf7bf20cde0df8dab
SERVER_HANDSHAKE_TRAFFIC_SECRET b769e315e45c4030f042189d97422cadef86c586ffd37bfe02d02ca599b19cec d98c05642cb41afd3f1ac146161cff4c3149a7a3dd63050404c23726e6d53a77
CLIENT_TRAFFIC_SECRET_0 b769e315e45c4030f042189d97422cadef86c586ffd37bfe02d02ca599b19cec 5b8004b000e4444a730bc5e67077a7917ff901826d87ccb4ca573b609082cfa1
SERVER_TRAFFIC_SECRET_0 b769e315e45c4030f042189d97422cadef86c586ffd37bfe02d02ca599b19cec 6261117c5e4b8ad0ee828daa8f59ba0d62cafe9352cfa6a4f0091be7ef375aa4
EXPORTER_SECRET b769e315e45c4030f042189d97422cadef86c586ffd37bfe02d02ca599b19cec 84a314b34fb39a78e493b7c68b5ad073482fb5c102ef49ee5d2da2d5678e2fc7
CLIENT_HANDSHAKE_TRAFFIC_SECRET 3418643fcc1b3f9be4ed100599bb88d33779806fee940ba57be4e99d4281f84b fdd5493771c8df1afe2b0280f5278115f755793bbe5b42e043643bba49c83f13
SERVER_HANDSHAKE_TRAFFIC_SECRET 3418643fcc1b3f9be4ed100599bb88d33779806fee940ba57be4e99d4281f84b fe2a1f41bb3b7d57951116d9c256bd6d4097c78e904d8ac235849383e918cfaa
CLIENT_TRAFFIC_SECRET_0 3418643fcc1b3f9be4ed100599bb88d33779806fee940ba57be4e99d4281f84b 14b60798ebc113228c0cc3d3f3a57aa9714d2ceb708965185c0b4c52c7739db4
SERVER_TRAFFIC_SECRET_0 3418643fcc1b3f9be4ed100599bb88d33779806fee940ba57be4e99d4281f84b 5d0c18b99960b9093eaece90f5694451338e1b327eb694b396cd17cd3a060dbe
EXPORTER_SECRET 3418643fcc1b3f9be4ed100599bb88d33779806fee940ba57be4e99d4281f84b 2aad78821b48f78e22f75db0b65aebc481e9022c30b11f91dcdf6f9846c1c528
CLIENT_HANDSHAKE_TRAFFIC_SECRET e8de5487c7ce7909b738159ddb708a97c0c5258feab61bdb566812c9d08b17cb 408b99793f8d66ecd6677a6de7da57409d23a1300eb3ee350d60f6d992c8f360
SERVER_HANDSHAKE_TRAFFIC_SECRET e8de5487c7ce7909b738159ddb708a97c0c5258feab61bdb566812c9d08b17cb f143e770cf0b5c380911525f77b5868f5774b098fcb059e904815f6f0d04850d
CLIENT_TRAFFIC_SECRET_0 e8de5487c7ce7909b738159ddb708a97c0c5258feab61bdb566812c9d08b17cb b697fb53d552d0b020b00ee7d46a2f1909f944b0fd2bc41ad70443227fc9f3ce
SERVER_TRAFFIC_SECRET_0 e8de5487c7ce7909b738159ddb708a97c0c5258feab61bdb566812c9d08b17cb 0fbd991abbcfd9dff548e0a070943bd90d52d9629e9705f14c76c0db1e61d49f
EXPORTER_SECRET e8de5487c7ce7909b738159ddb708a97c0c5258feab61bdb566812c9d08b17cb ea682be42eb21fd65b111d566490e906fe8fc6f17c185cbe0e643fe1c210cab2
CLIENT_HANDSHAKE_TRAFFIC_SECRET ba96745f5c0be2d78bb2505f89aa85dbc45f195e9542d8db8fcc4ccd55bd85c8 efe802e47dda906b723bb6334d28bc35742fa6bfc0bfbec89d8c047560eee151
SERVER_HANDSHAKE_TRAFFIC_SECRET ba96745f5c0be2d78bb2505f89aa85dbc45f195e9542d8db8fcc4ccd55bd85c8 184d0bc4eca565802a79c5a0137a99785f3654156a5fe592aa9b6fbcc77069b7
CLIENT_TRAFFIC_SECRET_0 ba96745f5c0be2d78bb2505f89aa85dbc45f195e9542d8db8fcc4ccd55bd85c8 765002bbaca8ed4ced6bc2cde69d6495d958e0328c8ab201886e71edf26fade4
SERVER_TRAFFIC_SECRET_0 ba96745f5c0be2d78bb2505f89aa85dbc45f195e9542d8db8fcc4ccd55bd85c8 6e79eb18204fb6fa1999fb7e1cd82167751d9a7dc8dde45da01875c9921d6795
EXPORTER_SECRET ba96745f5c0be2d78bb2505f89aa85dbc45f195e9542d8db8fcc4ccd55bd85c8 a445cf831f5940df6ec8caa765e1eb4a397eb09f61c09ef4f9321e1c02050250
