CLIENT_RANDOM ba8400396e2b2bde35410907c793694476d7f81f9854e25974df8d2fd26ab3b1 19e3c4ad93a0bf964cd0f5b916cd494c250a9de54e87b29f58b1b86cc2450a3f733ab71d9185a98fb40d36d689cccf8a
CLIENT_HANDSHAKE_TRAFFIC_SECRET 2be556181f960cd843d3b2994ad7296bd30eda2845c978b74c2f7dfb5135e3d4 15fcce9064330a21092ac76292d4a724a1d787c9b84a6ed0b6762dd1f015f742
SERVER_HANDSHAKE_TRAFFIC_SECRET 2be556181f960cd843d3b2994ad7296bd30eda2845c978b74c2f7dfb5135e3d4 49e081283f30a7f6b61703afc0407e7ac21a1adae7e2bc18d545b3e9f54e4bbd
CLIENT_HANDSHAKE_TRAFFIC_SECRET 99f030a40106a386c93f96836f9010675e86704fcdfca03445fe8b18c84a9e42 d41dc1185d2deb74ab590c0eefeb665cb3981f85a16c4ec7cd32761220d3b701
SERVER_HANDSHAKE_TRAFFIC_SECRET 99f030a40106a386c93f96836f9010675e86704fcdfca03445fe8b18c84a9e42 6a4329dfdd559a1be5ba16c792ea073beea40460f543bcbf5b5aabf3534c1336
CLIENT_TRAFFIC_SECRET_0 2be556181f960cd843d3b2994ad7296bd30eda2845c978b74c2f7dfb5135e3d4 7f050a487cc8f7e8c7effc6406a72044b78a3881520687c47364627c45a69d02
SERVER_TRAFFIC_SECRET_0 2be556181f960cd843d3b2994ad7296bd30eda2845c978b74c2f7dfb5135e3d4 3b4d36c0f73d20ddcec478dc33556cad1d08eebb360f5f321032b365ac76b75f
EXPORTER_SECRET 2be556181f960cd843d3b2994ad7296bd30eda2845c978b74c2f7dfb5135e3d4 ececfeaeba9bf1fb1fec10969943fd1bbd3bcf6349f676a89b00fd1306d2fd5a
CLIENT_HANDSHAKE_TRAFFIC_SECRET 79c56f95116acfc6347218c0f305980547c2f974d6fb639b69a0da2ef5c7ffd1 81136687c13bea6ed6710e78d5a631dc80b6193b9bf7bc5f03546d274612ced0
SERVER_HANDSHAKE_TRAFFIC_SECRET 79c56f95116acfc6347218c0f305980547c2f974d6fb639b69a0da2ef5c7ffd1 d4b7ef8ff99550e0ffbfa3b572af7ed78c069474bb5e10027780db2aa29ebc32
CLIENT_TRAFFIC_SECRET_0 79c56f95116acfc6347218c0f305980547c2f974d6fb639b69a0da2ef5c7ffd1 716ba99449a87c9b3440a0c5c7800d385720324d6ead1abe45d5d015dbadc02e
SERVER_TRAFFIC_SECRET_0 79c56f95116acfc6347218c0f305980547c2f974d6fb639b69a0da2ef5c7ffd1 bbf5c38a3bf4cc5f34102df6ffcff74f0c338f984af067a1f7830ac519fc6627
EXPORTER_SECRET 79c56f95116acfc6347218c0f305980547c2f974d6fb639b69a0da2ef5c7ffd1 0e21b5da66d049a3baf99b5f360021c8d02411edbd0f886d2d96996746218e64
CLIENT_HANDSHAKE_TRAFFIC_SECRET 50e033ba20ecddb9d985ed9a753b24bf8db9e190bbc91575ecbf520dccb262a4 b5756d83541b8d2d5eb5aa63e135a6c76a21edae12b2d2b500fd6b5996a0cb41
SERVER_HANDSHAKE_TRAFFIC_SECRET 50e033ba20ecddb9d985ed9a753b24bf8db9e190bbc91575ecbf520dccb262a4 2f4d6814e2241d595c8077302704c6d1906fc2bf02e2c7d5638d31b08006c32e
CLIENT_TRAFFIC_SECRET_0 50e033ba20ecddb9d985ed9a753b24bf8db9e190bbc91575ecbf520dccb262a4 a21599a19ce0560ba3593dd055f9bee08c2f981b8c632da495cef81b895ee7ea
SERVER_TRAFFIC_SECRET_0 50e033ba20ecddb9d985ed9a753b24bf8db9e190bbc91575ecbf520dccb262a4 67e6a03d34f54b5343f1faf501f3516303e36fd9df0dbf82cfbeec7829967166
EXPORTER_SECRET 50e033ba20ecddb9d985ed9a753b24bf8db9e190bbc91575ecbf520dccb262a4 dd800af178a5f049194ec41e6c4035a3ee487895b765e5d2abd26f284b648c7d
CLIENT_HANDSHAKE_TRAFFIC_SECRET a45128ea7fd1a5b912d999e3ae681001f2daac6b79615d6ac0820ad1547c5167 d376f22365beab5d6610b6a4a2df63b31a4087ea630e88aef762206e4cdc7f3792644ac4209c1a59431db4f63e15770f
SERVER_HANDSHAKE_TRAFFIC_SECRET a45128ea7fd1a5b912d999e3ae681001f2daac6b79615d6ac0820ad1547c5167 772bbd88a214625edf328200e09ada8c69d6c4eb47068f036dad6e57d999d3d76a77da2ab385588738e218f5aee7bc7b
CLIENT_TRAFFIC_SECRET_0 a45128ea7fd1a5b912d999e3ae681001f2daac6b79615d6ac0820ad1547c5167 b3ac900bac96e5cdbb1375bbf8f825f06b0797d17572c8c9c45c1a3a53bcf287150c0b086ddb4d794725945a832f61bd
SERVER_TRAFFIC_SECRET_0 a45128ea7fd1a5b912d999e3ae681001f2daac6b79615d6ac0820ad1547c5167 c431131f2432b95ae000002fbe7ea7a99cda62448155789015137f63d919163743154eaba27e74e4aa8137f02d578c92
EXPORTER_SECRET a45128ea7fd1a5b912d999e3ae681001f2daac6b79615d6ac0820ad1547c5167 31f3fd9426f8c5b25bbb1aab7e48c85f3545849750b6033f069d569133ecec00ae4de2627154e529f8fbe25abbd13f50
CLIENT_HANDSHAKE_TRAFFIC_SECRET bd6586e5e20da7b3b2eb306ff223af729fee090f182327425db84e6f6fb41e75 bf720c98d8374a575bb97805eb84b661cd02bc733aea79e8642afe8770f433fd
SERVER_HANDSHAKE_TRAFFIC_SECRET bd6586e5e20da7b3b2eb306ff223af729fee090f182327425db84e6f6fb41e75 65e424ce827550b5a171470785a4a443e1f02d36f505345959f2b46136eacc72
CLIENT_TRAFFIC_SECRET_0 bd6586e5e20da7b3b2eb306ff223af729fee090f182327425db84e6f6fb41e75 166c16bd18ab62432ff1e721076f054c5a0ef71d9531de0faa32652aa27c5ecb
SERVER_TRAFFIC_SECRET_0 bd6586e5e20da7b3b2eb306ff223af729fee090f182327425db84e6f6fb41e75 7c9ed603d1cb5ad9f6aef581368fa6eae8284f729327dbac41123333ddf8b23e
EXPORTER_SECRET bd6586e5e20da7b3b2eb306ff223af729fee090f182327425db84e6f6fb41e75 3ebf74cc6181b47d5d0d6dc9252a35c41110afdc720ae45e3a09c0605de3298f
CLIENT_HANDSHAKE_TRAFFIC_SECRET 970f929b552fe24ac45ba9c415cca040294952d392bc1c6c9dcdfcce82858e82 b4378a8f512059464960e516547cfc229fe7297e6aa4ccd841e24e7a811f3956
SERVER_HANDSHAKE_TRAFFIC_SECRET 970f929b552fe24ac45ba9c415cca040294952d392bc1c6c9dcdfcce82858e82 f3aeadd7f362b61ee4ef38f73030e448091fc355066bd13d2dfa938be15f672d
CLIENT_TRAFFIC_SECRET_0 970f929b552fe24ac45ba9c415cca040294952d392bc1c6c9dcdfcce82858e82 5d21cec2ae64a21967a83df373fceae45311f6a12b93be2156574caf60beba59
SERVER_TRAFFIC_SECRET_0 970f929b552fe24ac45ba9c415cca040294952d392bc1c6c9dcdfcce82858e82 11cc6ea370d924babe8282b8788cd05ad226dd375436f3ccc35d35d38ed88243
EXPORTER_SECRET 970f929b552fe24ac45ba9c415cca040294952d392bc1c6c9dcdfcce82858e82 77a7394b07f84d323f7f87a4455b8c65e91372b7781387d60de780c74864fb6d
CLIENT_HANDSHAKE_TRAFFIC_SECRET b0910286708a36dbd945c8c20fdd469d52da1eadd07884a9544689229ca1d447 74c8c481ad2b7b8e3a8bd61594dd8891646ee94d4eadce9c1613708715f8855e
SERVER_HANDSHAKE_TRAFFIC_SECRET b0910286708a36dbd945c8c20fdd469d52da1eadd07884a9544689229ca1d447 ccd46f3ce8f85db1dcf7aea0ccefcea87c301d0b53e972348a0a22cb973a5268
CLIENT_TRAFFIC_SECRET_0 b0910286708a36dbd945c8c20fdd469d52da1eadd07884a9544689229ca1d447 c00928385713c4e80b657256814652aa2cf43db6e5d0c86e518229e709ee47bb
SERVER_TRAFFIC_SECRET_0 b0910286708a36dbd945c8c20fdd469d52da1eadd07884a9544689229ca1d447 f129320c9fdbb339164fef0e0202e5442ffd782ab97e92ee1dba432cec16d61e
EXPORTER_SECRET b0910286708a36dbd945c8c20fdd469d52da1eadd07884a9544689229ca1d447 06d7f874c0316f89b7687a1588b653763fb08fd35c91ab68eb57790f4d1a0b49
CLIENT_HANDSHAKE_TRAFFIC_SECRET c7b74dfbc6e3312ec40fe4bb20d110b5f79fbde795812001980f25270c5be740 024a21911485d68656ccf7afc79995e8a88f717243491756b2fc1046c61e43f1
SERVER_HANDSHAKE_TRAFFIC_SECRET c7b74dfbc6e3312ec40fe4bb20d110b5f79fbde795812001980f25270c5be740 ff23e43a775d64d07af01923c08d10f1684b6bce18e478a97d4c1ecfc2412b98
CLIENT_TRAFFIC_SECRET_0 c7b74dfbc6e3312ec40fe4bb20d110b5f79fbde795812001980f25270c5be740 999f1d2c11170116acea4887b3e7fa9a9d87826df37f434ef9fe848de937bf55
SERVER_TRAFFIC_SECRET_0 c7b74dfbc6e3312ec40fe4bb20d110b5f79fbde795812001980f25270c5be740 9108948076b401d8034a45a5fde041d9e234d191217914943e06be3cbdcded0b
EXPORTER_SECRET c7b74dfbc6e3312ec40fe4bb20d110b5f79fbde795812001980f25270c5be740 2f696dc9a23c16cde2c5eb72cc123331f1b372adf41c0d52a42d58b5d061777a
CLIENT_HANDSHAKE_TRAFFIC_SECRET a79b3a89bfd506662a8173e292ea1963f325430d774959ea02bb8a6b0310880a 83e4636db2d820f9b03f1d1a548fccbcce74ad609240228ebca48d441fbafe15
SERVER_HANDSHAKE_TRAFFIC_SECRET a79b3a89bfd506662a8173e292ea1963f325430d774959ea02bb8a6b0310880a bfb7cb8cd69f4f106adc6f6712b60cf8e5f48028ed0f2722b1e1887d81bfe95d
CLIENT_TRAFFIC_SECRET_0 a79b3a89bfd506662a8173e292ea1963f325430d774959ea02bb8a6b0310880a 602636ae5ad5a4b55634915feb50300c772ff3b89128530c465bf42294d54a61
SERVER_TRAFFIC_SECRET_0 a79b3a89bfd506662a8173e292ea1963f325430d774959ea02bb8a6b0310880a 0874e7371863b29c439266af37b4b369d4071e01590b2f9834599f79eb01069b
EXPORTER_SECRET a79b3a89bfd506662a8173e292ea1963f325430d774959ea02bb8a6b0310880a 473d45a23bf44d11ac53964ccf13535a27c99923d27ff4aff56b10fd7948d974
CLIENT_RANDOM 97134e60a334c9292ce9be79cac9684ffefebb1491d3fd749344c2f2893124ce d106e326c86f4c9d0bdcce2d03d2218dc8aa6a3d014bb7166434596b797fa0bda6853f8f3ea771bf53e2ef66b960485b
