CLIENT_HANDSHAKE_TRAFFIC_SECRET 2f602189c4a0ab7cac26a82ff67d4dfeb42e579453ac2f73ee9f7b86e943930f 19a49feb85ead61d54cab5c30c440d41281ad4e733e507b3c0df2cc7aedbd05bf6fdbdf13dba700cf4f8a0cb98ff3f23
SERVER_HANDSHAKE_TRAFFIC_SECRET 2f602189c4a0ab7cac26a82ff67d4dfeb42e579453ac2f73ee9f7b86e943930f fa69d8be38ecacc7069aea0f3522b63cf433c6060be8fd3c8f176e3ab423e9b2823a9c1518e34f671957e3863317a31b
CLIENT_TRAFFIC_SECRET_0 2f602189c4a0ab7cac26a82ff67d4dfeb42e579453ac2f73ee9f7b86e943930f 091a8d7038f80c837133e7aac840000420c1e0db9b20f96b82842d80160fdb5c45fdb10abc2b531fa64057397ef877be
SERVER_TRAFFIC_SECRET_0 2f602189c4a0ab7cac26a82ff67d4dfeb42e579453ac2f73ee9f7b86e943930f 0b16d6fc37f851113b79c8ee9cddc32ad2117522c3900576251062184ccabf03ef7190fe82447b3899a83f54812b75de
EXPORTER_SECRET 2f602189c4a0ab7cac26a82ff67d4dfeb42e579453ac2f73ee9f7b86e943930f 1bbbca1dda448e4830384805ae7f53cdeecb2cd8dd5c5c568df35e61e2ba46df1e67f5d940e9b06f8de79b5014677a4e
CLIENT_HANDSHAKE_TRAFFIC_SECRET 512dc6840bbdb34ad8ecf740fe7a74ee0686e7738414583f529228136b514185 543966978a0bfa82d5a44cc2799d49d6931e5bae1e9e077e7a5597d19d7f6270
SERVER_HANDSHAKE_TRAFFIC_SECRET 512dc6840bbdb34ad8ecf740fe7a74ee0686e7738414583f529228136b514185 c13000547f332437e16b07f5a0d87ef2805b2b75510094a7422773fb067e68f1
CLIENT_TRAFFIC_SECRET_0 512dc6840bbdb34ad8ecf740fe7a74ee0686e7738414583f529228136b514185 9e0890aa4d771e3c396266afea771bac43da599d646f9b253ae0b06af07f8302
SERVER_TRAFFIC_SECRET_0 512dc6840bbdb34ad8ecf740fe7a74ee0686e7738414583f529228136b514185 e9680b5a14d386522b5b1edb60ae0b4d6e147ad3e7cf01a28dc886737d57fc01
EXPORTER_SECRET 512dc6840bbdb34ad8ecf740fe7a74ee0686e7738414583f529228136b514185 a37f13b344d502a8be095aadbb8cd3c26de26781e6cbdef065e92abf0016987f
CLIENT_RANDOM bc22a1ec5ca352819d3fa50ef90a85e78b0760bfbfdf73b48b2453800a72a082 71947aa04d6875f8c766167eeec4ae56ca71aa6145849004e3fffadc86bd436b8ed6f65126683c2ff255bc27a3bc3bd6
CLIENT_HANDSHAKE_TRAFFIC_SECRET 90a78ce27ae7983e842d9f66c2a1a1b4e494c3ad9de6e7e123e27d241a7cb731 3d3266c8b879d475273f765d414db3ac2de6be587d9f61745417ccc0ee514827
SERVER_HANDSHAKE_TRAFFIC_SECRET 90a78ce27ae7983e842d9f66c2a1a1b4e494c3ad9de6e7e123e27d241a7cb731 b6a9f09587a6b90e0b620586b3227b487b21142d153377e048269f193c76bc39
CLIENT_TRAFFIC_SECRET_0 90a78ce27ae7983e842d9f66c2a1a1b4e494c3ad9de6e7e123e27d241a7cb731 76e649336bbe2e59ae9ce7b88a1ea070f1158d72b7f875c13e9e91a679bc4a6d
SERVER_TRAFFIC_SECRET_0 90a78ce27ae7983e842d9f66c2a1a1b4e494c3ad9de6e7e123e27d241a7cb731 6583ba37a5f86b4a26314a514a8367865c50c313a071f4599c355f1def408e31
EXPORTER_SECRET 90a78ce27ae7983e842d9f66c2a1a1b4e494c3ad9de6e7e123e27d241a7cb731 5b31ed00288941d7d6d79ea2a293fa260d40c20a443905154804b270f8cc01c7
CLIENT_RANDOM ece575b5eec6a581865d8ae87d635fef465a49fb9ce1ef39bafa9b8df3409114 cf388ebe045c27168bbfe15fc36f771a8bc91fe9483447d334f76c6eb8e1546e633fa90def6d6e9550c66977cab9a5a0
CLIENT_HANDSHAKE_TRAFFIC_SECRET 772073b4cfd2b61e57fc4c947c5daba3380bf5ddc97ffe9ccabd282e47b698ff 2bb76319a5b1fb3d7995d8e77c2606ea278f61f38c2579f30cf5a8f4787d4545540b193558761e5db2c1298ce18ea2df
SERVER_HANDSHAKE_TRAFFIC_SECRET 772073b4cfd2b61e57fc4c947c5daba3380bf5ddc97ffe9ccabd282e47b698ff c05de6ef00399dfe1eff686e1e295cc6bc74bab186bbc070f72fb73567a65e48e777fd53328579257d337b23d0a0d3ba
CLIENT_TRAFFIC_SECRET_0 772073b4cfd2b61e57fc4c947c5daba3380bf5ddc97ffe9ccabd282e47b698ff 816b655f931fc49b9c68abb0b2b096656dfd1ed015259d82fb1b1685382d898159cc24826da4ef419c8116263d93a0a3
SERVER_TRAFFIC_SECRET_0 772073b4cfd2b61e57fc4c947c5daba3380bf5ddc97ffe9ccabd282e47b698ff 6e8521d0b251109f8e57a690fd582ffed2c92cbf95e1a8f6b34b9a3186f9bc5e76d08b6ca9e8f6c3b2bdc320ec183560
EXPORTER_SECRET 772073b4cfd2b61e57fc4c947c5daba3380bf5ddc97ffe9ccabd282e47b698ff 5817c44d120947bfb30e3bac70d0170d86312af19f22051fc1f81789c5e1af0134ead2c07de9fc9fcbf8a805da5023db
CLIENT_RANDOM 7b1ab4f4b113e6bc94ba57c94dac4ccdb32d6c022f46151997e27c62a5e4c980 d848ae1c81fec31e018718628a3f3b6ef6cfbb1ddbc9ba5cda55c3277b597e8b836565ed569f9bef983fe0848b69f7db
CLIENT_RANDOM 218981e120ed043da34fa4360324da09292b050690f2d63ba7c75589e6f23aa2 0ae29ba6e6344a1af1745b690c5170d2919d66a682f02443f4f106ac13f1aa4ff1dadfd1d26bc8ab0e7a481cf331605d
