CLIENT_RANDOM 6b6eccd81721a4b65fd47c9a422439e366e53a21b3bb59d364824062acf67493 9e964a2334441cf00035eef3ea128201e6d34cb8c1ef96e25f8d319c647433709dfe6615e36f23e2f0d78f3acf943657
CLIENT_RANDOM e38617124a223bf7f120153b9598ea3ece9b041479cfd3f155d1ac1522cea3b7 c138f613b8c94c16e16c3fe353eeeeccccf00282615273f62b4f5bbce5920af6d9abb7f8bfa3317817cd08e02af75ae8
CLIENT_HANDSHAKE_TRAFFIC_SECRET 02989b412d3c1e678b8f578407dc6b3022d031ca2c1807a580081bef38794ca2 0cf070bb72d02ae1650c25241fdb7f2448dd157d50be1303f706291733f29879ac7981070e24b977320d0d3bdf5070f6
SERVER_HANDSHAKE_TRAFFIC_SECRET 02989b412d3c1e678b8f578407dc6b3022d031ca2c1807a580081bef38794ca2 c5396480d4c61d9225da80b50fd36b996317b704cfc42c81dc1afe60c4a76a05ce4b42fea4d269f05a4cb48af314f03b
CLIENT_TRAFFIC_SECRET_0 02989b412d3c1e678b8f578407dc6b3022d031ca2c1807a580081bef38794ca2 ede3d0252f95a62571ef6399a33247723a78ac161971a8c6f4e52e33fb2ae7587117e3863ef16180c156572876aab6fa
SERVER_TRAFFIC_SECRET_0 02989b412d3c1e678b8f578407dc6b3022d031ca2c1807a580081bef38794ca2 368531c24cfb511f8d6a7443060ba2010e2cec78a5c1997afa5377ff9c05e59d34b83e9a0ba2471a36845d843de93cec
EXPORTER_SECRET 02989b412d3c1e678b8f578407dc6b3022d031ca2c1807a580081bef38794ca2 d9fd530a27a2ade02d2f501cdc64a82d80bed1c68edcea50b439211903f8999bfe522ce43c790376c01a72fb30f267b9
CLIENT_RANDOM cf90ad0510bfccf5c9e28025d89a000d0db01e4360b1e541b23424189cc6fce9 d57b05bd52c26d7547d5b0aab83c61d8e76a30b4b60291c90f8a582115656f3247c26c85f0e5ec0a54fb9aca184c1565
CLIENT_HANDSHAKE_TRAFFIC_SECRET 11ac53235545c43eec2dcfa39c7067c9fdf9866b90765984fa5a0dab86aa24f6 966907fe1d3f2acf1fca564fa072aec306b6ddba37adb3582e51a9316ef5814f5c79dd44a33f84fb4ccff8387def8d7c
SERVER_HANDSHAKE_TRAFFIC_SECRET 11ac53235545c43eec2dcfa39c7067c9fdf9866b90765984fa5a0dab86aa24f6 62c4da66dc166b32299c38bcaebcfa715c07b75d35b61343b50e0cb45ba62e6e3742cbd7ab91bdadac7188d2cdb16e67
CLIENT_TRAFFIC_SECRET_0 11ac53235545c43eec2dcfa39c7067c9fdf9866b90765984fa5a0dab86aa24f6 078ec914d43a760deac4cf731a42231792685d09cf0bbfa2570051c33ebee0298576b933c458e0e6bd702c056c623b9d
SERVER_TRAFFIC_SECRET_0 11ac53235545c43eec2dcfa39c7067c9fdf9866b90765984fa5a0dab86aa24f6 0664ec6b4662c3b8aa12edfbc2fabe09ed89f36561eda0fb9e298741008eb9320e39238ebbe4b0244f94494b0c93cf81
EXPORTER_SECRET 11ac53235545c43eec2dcfa39c7067c9fdf9866b90765984fa5a0dab86aa24f6 fd7af40934cbf69401c4e122be308f316da17aea564cf8a4549ba855ee73ccccc9e74dd1bb5e1c3f5c3d577e334ea015
CLIENT_RANDOM 7f4e1e3a0081b4285cbe050c5401276fdbe064e1684930fb23c123c5f227b285 35ee3b2a3355f9b0c5d3273d7718a550d622442f2d7c2ff49dc741988bb54d6398a42ba489411f6e9fcdc468c7ae5a3c
CLIENT_HANDSHAKE_TRAFFIC_SECRET 690ecf044152eb447b78b11885823bf831a3c0f09908fb241ae66e06a86a0f07 75cc3acca3cddaa7f6b84764e9a628e1ff992ee0a889b9d8ec438437a10596a6
SERVER_HANDSHAKE_TRAFFIC_SECRET 690ecf044152eb447b78b11885823bf831a3c0f09908fb241ae66e06a86a0f07 e3160eb429115cb4084873c5369390889130095c8622ef602b60bf255a914e00
CLIENT_TRAFFIC_SECRET_0 690ecf044152eb447b78b11885823bf831a3c0f09908fb241ae66e06a86a0f07 385e8f1c2d6f1ff8f8bf39c389bb7347bf7f00390b55f8c94fdd7451b7e4cf69
SERVER_TRAFFIC_SECRET_0 690ecf044152eb447b78b11885823bf831a3c0f09908fb241ae66e06a86a0f07 0ec469634cfac7809934ec5fd0249f7a7dd14e959b36eb7074c7dd4b7255b932
EXPORTER_SECRET 690ecf044152eb447b78b11885823bf831a3c0f09908fb241ae66e06a86a0f07 55d53eac2640b30533d8af148fb2fc74e09bf10638878267450df334d7901c84
CLIENT_RANDOM fda4db7906593f701a88728174ea060cc3596cbd6a88d24aa26bfd6ac2d986b9 4888035d9ff7f539aceaa2673cbd8b681cf1ffd635ffa49739e9dba39d76495254957979c56b47074370535162422eb1
CLIENT_RANDOM 609984b7b7032699de8a1d19a408430da2977c9afbf93b9cdf1f4f9057760c56 81355bb23325d36fa862f659fd43553a016c4cfa9f43b9309fb39f8610d5110c9ba114e26e4c848afeddc67fcf1e420e
CLIENT_RANDOM f5161c1ed2ec9a54923a1c69d1c2587824cbec40f6cd097892770017f65a46c5 0b58bfe8ca334629b7b682f53ef48f32fca2507ec9f4c3def37c4c021cc15fcb90a659a12bdc6f6adcc84e1eda6e6cbd
CLIENT_RANDOM 1f4caca67e8d0110858819d0ccc2d538a74657dd2cfa04cb90cfc0e86f856571 73ee2fea4073820bfbf69e7e59f553d0b8a1b980c9597a85c5b90ca07c422679463d6c02e614fb6ea2f17d9a51114f48
CLIENT_RANDOM 717b5333edb481788eeb7d1a951721ffc4e2ccfcc70b098bd4d3a79f5a899987 d8b77ae18e0e3138eb9e45e804901a1453d1ee532a774758f672fa06fc1a644da45856bb59dabf316572d81c0eef4b6b
CLIENT_HANDSHAKE_TRAFFIC_SECRET 86117fb0c5a7db00b47e07c7390bd992a88c8ac901ff88c66b9be5e0463578b6 7d3d44dd65dcccae214e93a912df38caf4a4484bf0575e6beb5f21876c44e03194d78137180ee5cb2f8a22001dd4b3a2
SERVER_HANDSHAKE_TRAFFIC_SECRET 86117fb0c5a7db00b47e07c7390bd992a88c8ac901ff88c66b9be5e0463578b6 52d41284daea5f9fd0844f5d3332266f8979b27237f6e0ad7abbe7f005380988ea4cf9c9907a216070521a68a4cedecb
CLIENT_HANDSHAKE_TRAFFIC_SECRET c4178a2f8b51dd2eb2b491c9450c19d9ff87e1a4de87bc2c656a4ef3ec555a37 801a1ea97c58f6a9c7b6a7329c846272fb00db7b5eb9119f8b89de22a620c631
SERVER_HANDSHAKE_TRAFFIC_SECRET c4178a2f8b51dd2eb2b491c9450c19d9ff87e1a4de87bc2c656a4ef3ec555a37 f9c1547e30335e4018c4f5d11ebff2c266e3fc77850c483102a83006b8f27eda
CLIENT_TRAFFIC_SECRET_0 86117fb0c5a7db00b47e07c7390bd992a88c8ac901ff88c66b9be5e0463578b6 7f0f3697647752c602716c283f5b81b1e7c9328dc6b603a0dc631874d6dcc0d1ecd76af501e0feb7983ca923f8f6442d
SERVER_TRAFFIC_SECRET_0 86117fb0c5a7db00b47e07c7390bd992a88c8ac901ff88c66b9be5e0463578b6 caf78573b4f985e1501cd6298af9789fbeec98915adf30cb06811c00bd5046800f6b2fedc51da362227528f21bfc165f
EXPORTER_SECRET 86117fb0c5a7db00b47e07c7390bd992a88c8ac901ff88c66b9be5e0463578b6 1e0e2429914aa8906c93ac320594c0081e366a5721fc2386c456dc8a936b4f16841c298b4936e2b3e4f78de2ec2f586d
CLIENT_TRAFFIC_SECRET_0 c4178a2f8b51dd2eb2b491c9450c19d9ff87e1a4de87bc2c656a4ef3ec555a37 7e96c3bd895d08b30228eaf7aa77f0e35970f2f992f6d33aebcd17fcf9428c62
SERVER_TRAFFIC_SECRET_0 c4178a2f8b51dd2eb2b491c9450c19d9ff87e1a4de87bc2c656a4ef3ec555a37 ac721b605b01f9f6c972ffb01472f4f5fabd298acb4474ac4d41a0cd5eaaa974
EXPORTER_SECRET c4178a2f8b51dd2eb2b491c9450c19d9ff87e1a4de87bc2c656a4ef3ec555a37 a5bca0148b39ae558d1a77e4739eae1617ad37df30b8ca4345668e81127c0df3
CLIENT_RANDOM abb9e8da35524b1b51c17c29e819df9a51ba11d12dba326627a8174e1584296b 9ca570477f040274246a073329a7e3fc88b65ac70822686a6c1ff006df627d9366b01ae0ad235185d56242dd038e3cb9
CLIENT_RANDOM 2408d29f377bc1c6e2a617c2a3fadabe76b51921d2cedaf686ca56763c7b9309 d57b05bd52c26d7547d5b0aab83c61d8e76a30b4b60291c90f8a582115656f3247c26c85f0e5ec0a54fb9aca184c1565
CLIENT_HANDSHAKE_TRAFFIC_SECRET 139a9ce3d9f4fff41fc29c61ddf3e0df0d26aeb6cdae1357e5e13dc18b5d157f ca360f9da482ef152bc6445f380c564eb7415ceae4af5e12dbd606947ef9fc0f
SERVER_HANDSHAKE_TRAFFIC_SECRET 139a9ce3d9f4fff41fc29c61ddf3e0df0d26aeb6cdae1357e5e13dc18b5d157f 7958724b11866060a9777cfe51705630579756355634e95da807a9d4711eceba
CLIENT_TRAFFIC_SECRET_0 139a9ce3d9f4fff41fc29c61ddf3e0df0d26aeb6cdae1357e5e13dc18b5d157f 08bde5fa00cc66a7f8126667a095530818ea7fbd1d2185dabff70a9d8bfc468f
SERVER_TRAFFIC_SECRET_0 139a9ce3d9f4fff41fc29c61ddf3e0df0d26aeb6cdae1357e5e13dc18b5d157f eeb1d8ab33883e5225fd0698b0c249b0e00aa3e0216c7b1fa9521fd85e53ddde
EXPORTER_SECRET 139a9ce3d9f4fff41fc29c61ddf3e0df0d26aeb6cdae1357e5e13dc18b5d157f ddc0ce668eb1186408cecbdc131c938e530a11f6e3fa618f262255cff72a70a2
CLIENT_HANDSHAKE_TRAFFIC_SECRET 0f05961984136e9012ff73336a60283d21668330c6a2b97d8b54943301394b6f 5a837172919d3d99753df1b760eccd9e2d3624c4dfa1f5ee9bcacb1308d8fc1b
SERVER_HANDSHAKE_TRAFFIC_SECRET 0f05961984136e9012ff73336a60283d21668330c6a2b97d8b54943301394b6f cca972e9a3a07c736f2b94adce88e3887fd0551260b81f59fa7791bd7b98fb72
CLIENT_HANDSHAKE_TRAFFIC_SECRET 4064e317e0e2b5604b8a9e3d47f65b7647161a263cc08a7e5eb5e6fc7321c963 64ebd689a533322e46bd5f5a8d94908a5ab75a118272f310f83110495c915b72283b1616588fad0565f48bc38199b583
SERVER_HANDSHAKE_TRAFFIC_SECRET 4064e317e0e2b5604b8a9e3d47f65b7647161a263cc08a7e5eb5e6fc7321c963 208e8898825890c7ad3631a82e461f5f1d71dc620f0fda0fc948c697df89bc41015bf8b484f60313ff957dacf8db5680
CLIENT_TRAFFIC_SECRET_0 4064e317e0e2b5604b8a9e3d47f65b7647161a263cc08a7e5eb5e6fc7321c963 025f7a68007f59d0357b448f4bacd63f710e164590d8721fad657c6ea177bb398c49cd19114ff552807e9b7fe4f4de0c
SERVER_TRAFFIC_SECRET_0 4064e317e0e2b5604b8a9e3d47f65b7647161a263cc08a7e5eb5e6fc7321c963 05a6f111b1cfee8ffcaa39fa4c71e36778c4cf62db74ba9cc65fa1dda242c044675426a8569742c64af80649fe2716a3
EXPORTER_SECRET 4064e317e0e2b5604b8a9e3d47f65b7647161a263cc08a7e5eb5e6fc7321c963 a9862da4679dbb790ed493b82452f8fa73486e0ba26fe7ed42971f7c881bcb99be85ad60fc4709a3f98547ddcbef1aaf
CLIENT_TRAFFIC_SECRET_0 0f05961984136e9012ff73336a60283d21668330c6a2b97d8b54943301394b6f 2a7e351465add815843198e926c23b7ccdf37b1beba350d3f539c8c84a1ed2a9
SERVER_TRAFFIC_SECRET_0 0f05961984136e9012ff73336a60283d21668330c6a2b97d8b54943301394b6f e75e904fd8e72f45f9d7015fcc0723117410b7fb9b898b09be966dcb7aea55df
EXPORTER_SECRET 0f05961984136e9012ff73336a60283d21668330c6a2b97d8b54943301394b6f fcea1ffa3fdf17b3f88ad1467742872af03c412f710eec84a07089a478c00a1b
CLIENT_RANDOM ee2f6233105f3815e3339651f77dcbcd481c215cbd4310337b7d3324f3a7f482 f8fb5c7e51393b6782162c0286d92f35df1be36a619e33f90771c3994c376fa42cfa9453d50dbe6b91af231aa1e28933
CLIENT_RANDOM 44dd762ce538877d1cfc6e91ad4667e27c0547286d60c354ae0a131c4694af11 322f939744b77cf71afccaadd5bc8d188d7fe1bff1d6fe7acae39d4bdcd4e3002eccfdb9e88188e4b22b340f2f707dd1
CLIENT_RANDOM 048f3432dfe97ed05031e1e8018d9856e64d6b3239727f0b4b4c6b5950a83abd 39cff4e6e72bc523d47dd7f621d14d2b1bf89b706dbf30792949e7f817503b8ced13f68a3ae5093828ee2487bfd892d8
CLIENT_HANDSHAKE_TRAFFIC_SECRET bb4c48cabcdda575e4fe65bff5d041c68f231bd56aff2dd91b409691e499d8f4 96926ac2f6a88a1ae12ba12462214c34fd12baeb42b34b0e62f3fccd54929b96c73f77b966721c3a499f953837875bbc
SERVER_HANDSHAKE_TRAFFIC_SECRET bb4c48cabcdda575e4fe65bff5d041c68f231bd56aff2dd91b409691e499d8f4 9e51dd942516e72509e240382493b16e866295c91b574a6c21d2e5ae05784b89edd9bea74e0cb7c82919364c2fc8211f
CLIENT_TRAFFIC_SECRET_0 bb4c48cabcdda575e4fe65bff5d041c68f231bd56aff2dd91b409691e499d8f4 c51acc0fc9c6e97addd7bb5adcf10387d930472ba55a81c74d8b3715c8916160328024e3c8b258fd7fc2f26045d009e9
SERVER_TRAFFIC_SECRET_0 bb4c48cabcdda575e4fe65bff5d041c68f231bd56aff2dd91b409691e499d8f4 74669355c3b89830d90938e334c365dca4ed7b6b701002bd38337953869f7d87fa7ba12357460a2d229c5f7852cb547b
EXPORTER_SECRET bb4c48cabcdda575e4fe65bff5d041c68f231bd56aff2dd91b409691e499d8f4 b00bb6f78559577ced18154a556eab515d767014bbbcec664a1a67b8e2663c1b17162781ed08498c916c9a5fee041b48
CLIENT_RANDOM 1256c049238eb2d6c79190dac50ad199d8995b2ed285eb258ecc1de5832b9579 b5223956126889429f2d01031ddafcd18e1d75638e79cdafc3f4cdb4b3444dea1318d3c2759b4f5fce739d1597f24f1e
CLIENT_RANDOM 7b756decbc93198449a385d9bad3485259aa71da7d60604a3656feb088e6066c a1c8655e68f7353aed9714c25641a686718d34ed1a0904f7f836377bc93650a4dabae7adfae69e8e2b9763971eac5d1b
CLIENT_RANDOM c29cab51696e2eeeb378de320223cc782be5051095d156f03f88ac46a9b51608 717f56d135c909747fb68c956ab2ace036cab5cfa429f6473e4c338e0a9397764b8d2a8fb5f1505e92699ad4e936228f
CLIENT_RANDOM d6b2f1eb278dd8e1fe6a3745b1511b593ccaf8ccdf1d6cda4a375cfb3e55ae92 ab7ef88634cd14fa96f0144e62c858e6dd9cea72e6c867c20b1622884503ce3020350b9d5811527e809e96fcd3761823
CLIENT_RANDOM 5c22cf9316378ba49e460d77dba221aab8e7a2982bf864c97be88e9c7e545d8a a422b9f61f770be5b4f34120a37a4b6dfe04fe2ea033cc5289599990c7636f06015fb31c75aee89b88dc5c7a5067b621
CLIENT_RANDOM 4c08a3b597a31d0c3acd391598f44e24a01c9c3c975b010e8342fe66d954fc10 7f208d77ee1f385fa4e8986a0d0155590ef1c9333827895f8c020d12da6e271fa639a5c6de7fcc807b5d067189575f77
CLIENT_RANDOM 4f82f41f9c4518a063d5ad1ad812c38f7d1e023c028a6586a5ca7018e8938b3d 6d5b3ea489383e8481d2f740d4978b11370b8b340bf0b0e6155220f8e195e794986d6a04ccb051a130fdca69986e3eff
CLIENT_RANDOM 9baed1ed080fc8a7b6d61d06b619559d50929ae765ee6031288a38f357c9055d bd3c107dffb7d8986015e6187e01bc187458c2cefa439710fadad99655ec47a50118baee7d6e7a948e892ce1b988d987
CLIENT_HANDSHAKE_TRAFFIC_SECRET 04267ff1ffa408037a05934c377aad827f04600359cf23d5f641085382d0866a eaa1448935cd3b9eea58b801a19e09c0fccfadf561123b5647cdca72b334e928
SERVER_HANDSHAKE_TRAFFIC_SECRET 04267ff1ffa408037a05934c377aad827f04600359cf23d5f641085382d0866a 4a864d1d2eadf6e699c6e684e7058be600fd7823b45b21e2deb426cc18913d97
CLIENT_TRAFFIC_SECRET_0 04267ff1ffa408037a05934c377aad827f04600359cf23d5f641085382d0866a 1535949069df31aff9612410ec132a263610355c71650cd4db47f0290730f2ba
SERVER_TRAFFIC_SECRET_0 04267ff1ffa408037a05934c377aad827f04600359cf23d5f641085382d0866a 67d3a895f0149374e491ed844aca2a8e820ba39b33b0c02f64deabf319c0126c
EXPORTER_SECRET 04267ff1ffa408037a05934c377aad827f04600359cf23d5f641085382d0866a 6e572e08b675fdc798765535081457e21472ea6846799dc22799b0d107fffffd
CLIENT_HANDSHAKE_TRAFFIC_SECRET c12a42e50fa7d94bab471cd664b4f82593f39c22ab0ddd03bb07adaf502910c5 fc37d79151312f8686473d39da2cef718df4133c3a25716bc9444f6cad29f548
SERVER_HANDSHAKE_TRAFFIC_SECRET c12a42e50fa7d94bab471cd664b4f82593f39c22ab0ddd03bb07adaf502910c5 a8bf3d53f247403ce8aa1a7a96d7720d2f868e8994678652f28a4c53a1c206a4
CLIENT_HANDSHAKE_TRAFFIC_SECRET 11e28f087ec983e032e0fdebb958b357eb860d0d3c15c31240b0893e05bfbd01 0bcd5b5d09e8ddbb139d0973480fd2ceb45764507952ceef8208dba3d7e39820
SERVER_HANDSHAKE_TRAFFIC_SECRET 11e28f087ec983e032e0fdebb958b357eb860d0d3c15c31240b0893e05bfbd01 9c4d396b3b863a744e0145b7dfffc501753ce1219de5225e5fd67eda5805ae08
CLIENT_TRAFFIC_SECRET_0 c12a42e50fa7d94bab471cd664b4f82593f39c22ab0ddd03bb07adaf502910c5 0840dfff27927779799fb86954587534600ff6d8e0fffbe3901c41110fdc64d9
SERVER_TRAFFIC_SECRET_0 c12a42e50fa7d94bab471cd664b4f82593f39c22ab0ddd03bb07adaf502910c5 1e60d0d2266c648ec10f0bdaf535f7c1a1dc906527d8acdf5c8f6d7eb17872f6
EXPORTER_SECRET c12a42e50fa7d94bab471cd664b4f82593f39c22ab0ddd03bb07adaf502910c5 d0108e4a79dede4ba5c6744a6b806b1eebe83b1e8f6ac65a74e6d5ff40a19069
CLIENT_RANDOM b967fef79037904f3573adb24805ec15fccb955ec8f373f785c83844bf4f2727 39cb9b4081fbd084506aa337814e5d70a2778d4386719f2542782ba1a7ff4a85ae1b19fa44f46326c21c8e090d296c09
CLIENT_TRAFFIC_SECRET_0 11e28f087ec983e032e0fdebb958b357eb860d0d3c15c31240b0893e05bfbd01 705c4a305931ba275aecac45ed9af7be704eeb11e05899a1beaf0ff6c0b879f9
SERVER_TRAFFIC_SECRET_0 11e28f087ec983e032e0fdebb958b357eb860d0d3c15c31240b0893e05bfbd01 5fd1e61d815699e29036fcb9fe0d2641cf63244d53021a1b463a8011fc34a01e
EXPORTER_SECRET 11e28f087ec983e032e0fdebb958b357eb860d0d3c15c31240b0893e05bfbd01 c2952d745224b58c3c7430d512db49b614922a5db27f9b6f28a8b496c9152b5b
CLIENT_RANDOM dcc9c34de0a33760285190144724eeae0b24d026ae5c6275073f1015e397ab84 e5972a1efa20e5f1d3171e5ac493da791a0d22e4a775ba529d48aee555f5f8fb0b4e285b98819a379785eecae4b3c9e0
CLIENT_HANDSHAKE_TRAFFIC_SECRET 12291f074e95237b22b485527aa1332f620154b1de4b21e70a263f09f4b8d51d 9476c4142cc713d94f24fa9eff3c5a1f150322aeaed8ab06245f2a06f248f31d
SERVER_HANDSHAKE_TRAFFIC_SECRET 12291f074e95237b22b485527aa1332f620154b1de4b21e70a263f09f4b8d51d f27177abe430cdbbbb2215a27e95a775df3e6bb9f7f62a20e93a949c9f289473
CLIENT_TRAFFIC_SECRET_0 12291f074e95237b22b485527aa1332f620154b1de4b21e70a263f09f4b8d51d b385552756fa4c94f0250a1f739947a5741e5431878ebdb170693e489845bb29
SERVER_TRAFFIC_SECRET_0 12291f074e95237b22b485527aa1332f620154b1de4b21e70a263f09f4b8d51d 61cf6c99104c818fa3c494280debbf472615a606a0bc7571a8d0866f3433c569
EXPORTER_SECRET 12291f074e95237b22b485527aa1332f620154b1de4b21e70a263f09f4b8d51d d0b34828e6991002e1929c29ca94ad59fd5e27d6617a7df6873e988e2e7af6e5
CLIENT_RANDOM f2aa7fc8700fc931ddbab143a9a20665828e66d7abd813dac2f7b16e6fd97fa2 974a07801829e2b2754ebb40e316e1caade23dfa31c58356db0edebeffdf6b834a87498d1fa57cf0d96302ff83dbbdfb
CLIENT_RANDOM e9a62612bc7e7ea9c69b0969a24893c592fe0405b384c7a876545d8642c0e501 5c15aad6bf646b3d66089d4ac284d8f368c1eb4c4cc1ca54b758f7961ece174a2a6ecdb4a4283f6e7375e2439f6ebe7e
CLIENT_RANDOM 5cd1b63b41e9d744267ee803dab13e069d8bc90157a29eb62f8711641108945e 1511167e09293e0fde88c574ed751daf0c08de2f4aa122ea88994f3002d3887f3b8af6d08b936eb6f57605de49bbe739
CLIENT_RANDOM 144977e39eab8f900aef1ce72a70227e1cd31bba970d4affae4c86f0b99ed9f5 e461efb395ab8ffad2a63f5d6aa524e7cbc3bc94f48c8cd39dea1741e68ef3303f01ac3d8b03c66d32e56ae96cd3adb1
CLIENT_RANDOM a072ab80e7741fabc57f1d037ce9c519a665fb150178b37ec7f054f1e634a47c 18c04c79b1bae1a03a26df28f96407a07b440cb5a68515c960eedd3048a05f00b2e1d9c5f7fb288d003a95fcb3ebfd41
CLIENT_RANDOM 7422d323948e4dd8cdad9f7ec7bf71a01f833a15da64d147c377e7307ce94ada bd3c107dffb7d8986015e6187e01bc187458c2cefa439710fadad99655ec47a50118baee7d6e7a948e892ce1b988d987
CLIENT_HANDSHAKE_TRAFFIC_SECRET f3cf010c9d9b6bf0ec238a4c163da86bca75cfa44151565a0d7f6ef22e9eee75 51c7e40f9026fe4c5fdaa7dccdc673bdd83c90de22828821c9b35211a0286775e875ae2929b23ce8ecf4070cbaeb7a1f
SERVER_HANDSHAKE_TRAFFIC_SECRET f3cf010c9d9b6bf0ec238a4c163da86bca75cfa44151565a0d7f6ef22e9eee75 9760d1dd21f9942cd347cfe14326fe8993a7f2fd8fcb4025edb6793e21d9326dd1b8082e312a2c3c35d7d014aa0f62f4
CLIENT_TRAFFIC_SECRET_0 f3cf010c9d9b6bf0ec238a4c163da86bca75cfa44151565a0d7f6ef22e9eee75 f563b8c392e3558381cf313fdfae0296503c384be1322f7a2bd5fed71a57957cf775c70ae13ba717bdec32b9cbc7fb6b
SERVER_TRAFFIC_SECRET_0 f3cf010c9d9b6bf0ec238a4c163da86bca75cfa44151565a0d7f6ef22e9eee75 2a02b11f76944be766b8bf6c619187ad70bd6576991985947a677edfed48bd0d6f32cdd19823b75580a3c98c019abb4c
EXPORTER_SECRET f3cf010c9d9b6bf0ec238a4c163da86bca75cfa44151565a0d7f6ef22e9eee75 061030654c16627d37c02c428ab0d98c5c511745339d0cd865f579c20d431048936f9f1eefee89d6ccf19933bbf88467
CLIENT_RANDOM 501162ed3ea67d969f779252bd43f6c50a4a941d5566bd8132a2d1a0552411a3 322f939744b77cf71afccaadd5bc8d188d7fe1bff1d6fe7acae39d4bdcd4e3002eccfdb9e88188e4b22b340f2f707dd1
CLIENT_HANDSHAKE_TRAFFIC_SECRET 56b22cc5777d3384aa5cf05e1d712d51f44c3a3f1a0cf0d8826ae2ae1d6066b0 76d5ad5f6cdacb792a43585be2b309315b4afbd02e78a393c997e879a4fe2c0c7ceb6f0d550ce2a0348422738501c08b
SERVER_HANDSHAKE_TRAFFIC_SECRET 56b22cc5777d3384aa5cf05e1d712d51f44c3a3f1a0cf0d8826ae2ae1d6066b0 bda5b76d472f2f11d4bd8638fb4af81e097d92da7195bfe7e9346d2777f03a903351b6b14d168d577d42bbc854e1cbf5
CLIENT_TRAFFIC_SECRET_0 56b22cc5777d3384aa5cf05e1d712d51f44c3a3f1a0cf0d8826ae2ae1d6066b0 8b94b0a48b769f8d83f8cb6b3da0d96d3cde87244c7c102f82617a8732a7a0be21bf74d1303238fe1c4a595c5ba6d3b9
SERVER_TRAFFIC_SECRET_0 56b22cc5777d3384aa5cf05e1d712d51f44c3a3f1a0cf0d8826ae2ae1d6066b0 24749532738453c2225fa6da5962a02214c11a77554c253a7749733f5a54806baaae3cdf63b33d5db70bf35adf72194a
EXPORTER_SECRET 56b22cc5777d3384aa5cf05e1d712d51f44c3a3f1a0cf0d8826ae2ae1d6066b0 153f69f37789238d36458feaa846c544ac0833954fc3d8a2960d2d3189641f51466eca7cea0c771a8c6692897c0ee5e0
CLIENT_RANDOM 6068377ee97e223dc629b742515cffbd21c1e0870d149dad882168d26cb1aa95 39cb9b4081fbd084506aa337814e5d70a2778d4386719f2542782ba1a7ff4a85ae1b19fa44f46326c21c8e090d296c09
CLIENT_RANDOM 145b2e49c75d513fe82b40a7bb8ccff9ff7d22bba6d2202042be39c36348f203 967b9af131356c5d5d10e7c8af0e9a851bbfdd79bbbb4bdd450ccaf062740f71c3a3accc29b48ac6c60fe3aa5998f11c
CLIENT_RANDOM 60713dc3506098303e6c4fa43f70694b35fbb56d37dcbd0a178f724bf4ca3af8 bd6cdd35a14832548d758e6b01ff8c60430ff10131b4a28208e6d4a99f3800d15a3781bb3b5794995daa8115a4c4ba43
CLIENT_HANDSHAKE_TRAFFIC_SECRET a5d9a9457ef75e0c8f694825f057ccd20a6e13483ac27812d03a0471c99f667e 5f2e76df890adde1a9565cec2afae0005575914c455cee6d6eab61d3d4595b37
SERVER_HANDSHAKE_TRAFFIC_SECRET a5d9a9457ef75e0c8f694825f057ccd20a6e13483ac27812d03a0471c99f667e 74ca06b05b66155d89e0850bce13dbb5611c7999d5218ac8d66b6dbd194d3b07
CLIENT_TRAFFIC_SECRET_0 a5d9a9457ef75e0c8f694825f057ccd20a6e13483ac27812d03a0471c99f667e 010c66d23fb88a8ee27482ab689174a126673f783379a58e1e86f4d8dbac5f38
SERVER_TRAFFIC_SECRET_0 a5d9a9457ef75e0c8f694825f057ccd20a6e13483ac27812d03a0471c99f667e cca74ece830cd7e7c4e1e9d041df8de28992cbd353fab52c334d2da4091d84a9
EXPORTER_SECRET a5d9a9457ef75e0c8f694825f057ccd20a6e13483ac27812d03a0471c99f667e 68b4d537b139826823cd93c92c09290612612d9610a6b11b77d20bf3427d65a6
CLIENT_HANDSHAKE_TRAFFIC_SECRET 4bc044bea5716f29fa4994ecbb44b4337f86df63dd51f5aba2c65a554d96f68b 01c0db2c32348ba371000788541bd7c767e2375cf13e24c9362d5885600aac6a
SERVER_HANDSHAKE_TRAFFIC_SECRET 4bc044bea5716f29fa4994ecbb44b4337f86df63dd51f5aba2c65a554d96f68b 137388ada06407cacfed62d4791038581cc25ca08131f8fd80d38e5c3d5e3d5d
CLIENT_TRAFFIC_SECRET_0 4bc044bea5716f29fa4994ecbb44b4337f86df63dd51f5aba2c65a554d96f68b c8b787e8ade9f0572388e879f2f3eb4d5eda2eac848e225859321a0013d820cb
SERVER_TRAFFIC_SECRET_0 4bc044bea5716f29fa4994ecbb44b4337f86df63dd51f5aba2c65a554d96f68b 02ff3f5d71ef6dad2bcea455e5d04061c569746b423e5c02676a534cb7038b7b
EXPORTER_SECRET 4bc044bea5716f29fa4994ecbb44b4337f86df63dd51f5aba2c65a554d96f68b 6e4ff4eb7431cfe071884ce3f140d5ebc097a54281edceb597422ae05abc95bf
CLIENT_HANDSHAKE_TRAFFIC_SECRET 269d67ad800d62b6b13d0e600ef850d2b44502276f3f5d8b5d29ef617307c8a5 cae9210c4e5f136cc494a3d90aee5a24f30b0e739a73299a91dc7a493db6cf2d
SERVER_HANDSHAKE_TRAFFIC_SECRET 269d67ad800d62b6b13d0e600ef850d2b44502276f3f5d8b5d29ef617307c8a5 95bdfcda3cf13e8e3737e474d4ba4301bf917f9c6ec961e84a023b95f079f1ac
CLIENT_TRAFFIC_SECRET_0 269d67ad800d62b6b13d0e600ef850d2b44502276f3f5d8b5d29ef617307c8a5 683e77a52e18f824946dc638b024079f6370cd6191822100b0e27fea7e62e6c2
SERVER_TRAFFIC_SECRET_0 269d67ad800d62b6b13d0e600ef850d2b44502276f3f5d8b5d29ef617307c8a5 e86844af870d7d8293cd38feaacf222ee094b7de2de41722a61feb3f98e8f9c3
EXPORTER_SECRET 269d67ad800d62b6b13d0e600ef850d2b44502276f3f5d8b5d29ef617307c8a5 1789ba568b6c387898d371d06ad61508e779d2543dd2b57d5b9c1a22bcccd636
CLIENT_RANDOM ab56302a19efda89f219a09c16d00b3d1a7c7a1c2b34aefdc4535b8a806abe18 092d55bb50fbb0f16f86d3d31ee7249e9b496dfae72be18179d6fc7a10daa9704b96a9caec845f2936ca3bbb67c75f1b
CLIENT_RANDOM c97735882ef13a8200ff5b8775b9c69c23cc54560a105de5f9daa328b228744c b506330d9ab7fbdd0f33fee52e4580c34ab749d3e653e01b153766f71d0ec913bc67fa233cab34e497b75520bd683074
