CLIENT_HANDSHAKE_TRAFFIC_SECRET d252e24082a42f038455d9e95355855b8fb0a0e28b393118717463c6933ef0f7 eef2374768ea7374dddefa0f4c70190ba341072cb96396930f506d4a6272f25bb0814a16ce94053c96d2406a5a39f1df
SERVER_HANDSHAKE_TRAFFIC_SECRET d252e24082a42f038455d9e95355855b8fb0a0e28b393118717463c6933ef0f7 5713b23816d8324624665eaca3597f14329d67d8264a4c937a7a4243964331edc00be446b852f0bd423e61916ab83e78
CLIENT_TRAFFIC_SECRET_0 d252e24082a42f038455d9e95355855b8fb0a0e28b393118717463c6933ef0f7 ed4a1eecc529c119cc4e650f6541693468350e68ab04e157c3b72b4a1ce300ba7117661771fd9542a92a34ea9398021d
SERVER_TRAFFIC_SECRET_0 d252e24082a42f038455d9e95355855b8fb0a0e28b393118717463c6933ef0f7 7f9d096a0db2b906b6643b7627d077543391a592697449521168b114244a5ae292bd9858d5e859647ad885862b3565f4
EXPORTER_SECRET d252e24082a42f038455d9e95355855b8fb0a0e28b393118717463c6933ef0f7 e65030c3a6deccab082b9098b90cadb8865a1cbf27dfda7ff983c71e39c5a2e4d8b9515c8e3ba542bbbfdfa2be13dd15
CLIENT_HANDSHAKE_TRAFFIC_SECRET 8ec5404ace6c9031e029420a401e10afcbc2f529f7a1f14b510bcebb50e48064 8b3ca2d2b4ebdb48d9f8a27830388dcb6be246968f6591ea11b46a51d5b30586
SERVER_HANDSHAKE_TRAFFIC_SECRET 8ec5404ace6c9031e029420a401e10afcbc2f529f7a1f14b510bcebb50e48064 d5cc062d8f3f1d4a1ffcc4b93af60154f9139ef67b5f0ef051fff09c0cd8f74c
CLIENT_HANDSHAKE_TRAFFIC_SECRET 936fc087c9432defe6fb6b6a3cc40f2409ea11b411262c4c58ea67e71aff1e70 3ab725ca864c4d0d4800c62b7812db23cd7e8bae111b31b2c7bd6e24d4c918e2
SERVER_HANDSHAKE_TRAFFIC_SECRET 936fc087c9432defe6fb6b6a3cc40f2409ea11b411262c4c58ea67e71aff1e70 a6981105fd3d03dafa77b229de5db5ff68944cca354e9d39d59f49195d171b7c
CLIENT_TRAFFIC_SECRET_0 8ec5404ace6c9031e029420a401e10afcbc2f529f7a1f14b510bcebb50e48064 595495b9d71a68c34c8897d276969c8f4c0f3aa125662a886964842228c0b491
SERVER_TRAFFIC_SECRET_0 8ec5404ace6c9031e029420a401e10afcbc2f529f7a1f14b510bcebb50e48064 92f51be2b69fdf90f32bb354776da831ab29fdeaa7b09162326f76d5844313be
EXPORTER_SECRET 8ec5404ace6c9031e029420a401e10afcbc2f529f7a1f14b510bcebb50e48064 c5379f0e354f07570a8bd191bcaf3be4d4e81df0209e71939468ad3949fb1b16
CLIENT_TRAFFIC_SECRET_0 936fc087c9432defe6fb6b6a3cc40f2409ea11b411262c4c58ea67e71aff1e70 a58dab18b27f413df04f4aeed83a0c7614acd1929146528f9d3585a42a6ae506
SERVER_TRAFFIC_SECRET_0 936fc087c9432defe6fb6b6a3cc40f2409ea11b411262c4c58ea67e71aff1e70 8580e99012de01980f22c05085b50d3832f9e77c0de5d7aeb844b9f00680a4ff
EXPORTER_SECRET 936fc087c9432defe6fb6b6a3cc40f2409ea11b411262c4c58ea67e71aff1e70 c4d5a28b9836d0faadb9d5210e098b543aacfc843a1f85edc66e07b2c75e81f4
CLIENT_HANDSHAKE_TRAFFIC_SECRET 130c1bc94744d44f32bd6841e903b66b3fa95935e0894f9278d397529ee60183 601d23b4e1e452d44b17fdd954702b1bcf418401dc44fe7f78997acb4558eff6
SERVER_HANDSHAKE_TRAFFIC_SECRET 130c1bc94744d44f32bd6841e903b66b3fa95935e0894f9278d397529ee60183 95f30a88691549471f1d940f0862e1f579634ee61abcd823ffdeb7546acd40b2
CLIENT_TRAFFIC_SECRET_0 130c1bc94744d44f32bd6841e903b66b3fa95935e0894f9278d397529ee60183 941972a8d16697338a0e6ee96fc92a5df5fecf2249c0e6047111bb22c74b0c05
SERVER_TRAFFIC_SECRET_0 130c1bc94744d44f32bd6841e903b66b3fa95935e0894f9278d397529ee60183 443700f417e7d8cbe36d21875cdb1db8e6d11115b587e8c5af79cb41fd4bd3f2
EXPORTER_SECRET 130c1bc94744d44f32bd6841e903b66b3fa95935e0894f9278d397529ee60183 42140494aa934cf89f434fbda9880601c00b3b483c6d2f22b1c209c2cd4f12c4
CLIENT_RANDOM 9e4e4ae951cd8c1dd137dac6c940804668b070576ff7a815f45465f63c2e17ef 204a18b87ad3b12a1d72e4f1337173df4184d182851fe5dcbed17d3ad6dd11599332ca94fb78aea44877de06a525eaca
CLIENT_RANDOM 980d81ecc9d4c6129439dc7a1cf3ccec1aa9291b7efb4b76319a0416232cc127 8c599220a4f444d7006f52557dfbdd7c26d5d18655bd99afcaa387d2ade1206f2283fb09103a67afe6ac58676a751491
CLIENT_RANDOM e27b8d37c80d46e4bc991352eb449d14c0b05e4529425d9ff327feefb1a5fe89 ce4027253dc187785ca2d0c342cb3feba49878c5a2da9030975b44fbe685c267d47018a51ba548fff96e36c189005745
CLIENT_RANDOM 73c673f79194952a716401861c93203e3e1c6d1ec104a858778e6d2c6599ad43 4f622abbab72bd1035688990a0d6b68d9ad2f8394ffacea2565c7cef27a560cc3a79990ba0d3fe60bedceb00ed63afa3
CLIENT_RANDOM c1bbb8a891b2e4ac7a50365ffc6844c22d375baaa838df2f3be28b2f05647701 7fff3d2a3ac635a195e91c3e46d3b1d0cc35156550bccb0cb44997995dbe11d27c07314420a0f4e55ff75479f14ae701
CLIENT_RANDOM 475d1897d549de1994801188e7bb7db198a70d4485dc976e3d20512fb02e7334 4af9b67280267f2bf53a3cc12487eb44e89664b1fbfbdd503db740f0730566a2360e9f53c7a7fdf5c3fce68e70b616a6
CLIENT_RANDOM 05083790636086b17033faa666e994c847f448a50e45dab3b0081ce2900aa92c 9221c60d5c2fb23b1b2e9e786d3accabe5500f6be252f18f86d0513db625b15992413a67989da0db2035de0330945205
CLIENT_HANDSHAKE_TRAFFIC_SECRET 18582634740e3cfc14ce059144d08384a75a772549dedcc524ee5e002b98fbb6 919da11ca8284eb4aa9fae56a842079561cb350267811792cc9f76c0043ae4fd
SERVER_HANDSHAKE_TRAFFIC_SECRET 18582634740e3cfc14ce059144d08384a75a772549dedcc524ee5e002b98fbb6 f2f683630cb2d07f9dc89b914f971fa2059f4f50a3e9e9e912176280c4fbc200
CLIENT_TRAFFIC_SECRET_0 18582634740e3cfc14ce059144d08384a75a772549dedcc524ee5e002b98fbb6 c7c052d610a976e24ba806aa0da1c4ea36fbaf2877320ba1fd38eb30d1a96d3b
SERVER_TRAFFIC_SECRET_0 18582634740e3cfc14ce059144d08384a75a772549dedcc524ee5e002b98fbb6 02bf7e8b4cbacb58754b27475d13582859fb91c2935d5224356dd38fdeb3dcd1
EXPORTER_SECRET 18582634740e3cfc14ce059144d08384a75a772549dedcc524ee5e002b98fbb6 e06834b8818728d3d6a8be9a9d2c2f32778ab91a3f6ff608e6281c24aef94925
CLIENT_HANDSHAKE_TRAFFIC_SECRET 9b32fbcc8944fdbfc83b1e7f19965cf06e943bc2be1b5bef944e8722a0275bb2 4a9dcba16b28532e70f111c6e64bb3e66d5940dc9f8873cefe55fd9643e759e4
SERVER_HANDSHAKE_TRAFFIC_SECRET 9b32fbcc8944fdbfc83b1e7f19965cf06e943bc2be1b5bef944e8722a0275bb2 a0293449655b641b4d88529994f12817ac7c42fca389d25bc192cf3c03f604a9
CLIENT_HANDSHAKE_TRAFFIC_SECRET 1b54a39d682bc4cc3a8b27a241bf6f2c42adf7f9dc84e05c10ea684474cd416b f380018709c7c7eeb33a4add2779914cace52c1a952c2c21a391756245f7fc3c
SERVER_HANDSHAKE_TRAFFIC_SECRET 1b54a39d682bc4cc3a8b27a241bf6f2c42adf7f9dc84e05c10ea684474cd416b 9a78dbffb166bd82515cc351b427e9faafc28e0d116cf07fbbae204c591a3abe
CLIENT_TRAFFIC_SECRET_0 1b54a39d682bc4cc3a8b27a241bf6f2c42adf7f9dc84e05c10ea684474cd416b fb7e8428d51319ccdb4ba4466a29024d4e8f977aa82ad96936476e0ca1060c26
SERVER_TRAFFIC_SECRET_0 1b54a39d682bc4cc3a8b27a241bf6f2c42adf7f9dc84e05c10ea684474cd416b a26cbdac9b0af6310020972455af3f38c127e11d246826279d5cd0bc24b4d975
EXPORTER_SECRET 1b54a39d682bc4cc3a8b27a241bf6f2c42adf7f9dc84e05c10ea684474cd416b b1ce28f017420db2ffcd8191b407464a218ffe34f6ccb061abdcecc1a3e3e4af
CLIENT_TRAFFIC_SECRET_0 9b32fbcc8944fdbfc83b1e7f19965cf06e943bc2be1b5bef944e8722a0275bb2 90cf8dc58a16dfd314d6b234202dd100bf7479d1c1664161d0693cde478ad38c
SERVER_TRAFFIC_SECRET_0 9b32fbcc8944fdbfc83b1e7f19965cf06e943bc2be1b5bef944e8722a0275bb2 e6e697625d896ed61be1e1206173a932950024f8dfc6ecb7b3402199b7b929b2
EXPORTER_SECRET 9b32fbcc8944fdbfc83b1e7f19965cf06e943bc2be1b5bef944e8722a0275bb2 5397f87c7248fdb8b8250c934406cfb2dbde1f1715b8e95ddd63783c41d0e41f
CLIENT_RANDOM b54e88aacbf0728c2be11049b14c6bd1b07dbc0f5c6db691b3ba382790504158 4e76bac0a16ac1604a2a19cbe6417122910af7cb757aec43988fc5c41b1ee0bb5d1d300009b4c4ff324e6f86dd4e8546
CLIENT_HANDSHAKE_TRAFFIC_SECRET ef1567613c89ec29b5a28473b5048069410af97f34d4f30de0cb0e7d0ef09d16 e74b37098553604014c500e0cb65a2312631afdcdd5b091aac5aa7b743e77370
SERVER_HANDSHAKE_TRAFFIC_SECRET ef1567613c89ec29b5a28473b5048069410af97f34d4f30de0cb0e7d0ef09d16 2d07629bab114702ce44140e7f943dc1447276932101676ee18ba1114e75bf9f
CLIENT_TRAFFIC_SECRET_0 ef1567613c89ec29b5a28473b5048069410af97f34d4f30de0cb0e7d0ef09d16 48f9de022cd063617a2465a4fc3e88125ea86a343a45cc762b5ef09fdeec1cad
SERVER_TRAFFIC_SECRET_0 ef1567613c89ec29b5a28473b5048069410af97f34d4f30de0cb0e7d0ef09d16 102562ee224f91df29c5cf5478aa91f483745ebf8a75200f5684ddde3d6d3137
EXPORTER_SECRET ef1567613c89ec29b5a28473b5048069410af97f34d4f30de0cb0e7d0ef09d16 9822d5523dd8e8710596242a537bf1c146cd6311ed206ed1ab3c51650e5e70b0
CLIENT_RANDOM 1101098551f8cc937da8ead93cd2d6cd1a00211d70df9d1a070dcf1586c4a40c 981c92685ad5b35d4903d5050bd28da235676f68d021721d7e25e3b2eb4e30b608f0c36c589a82589db5e8b1ef3fd416
CLIENT_RANDOM 0ddf961e24d444787ae09f982afa0388a1bfc204d4d09c25e7a356644c92344a 17d1fc5e479882f532708c9ba3d003129dc6d4c5eff9aaf112aaa372facdaba5bdbd0a629c34b998169e3b13659f125b
CLIENT_HANDSHAKE_TRAFFIC_SECRET c9ce5534a5d17ed0355a38f50e409f820c42e4c2cdbdc9b5d40a94d281b80188 a04cd8184cef05fdd8d37f88e41a7d85b3f6be93a44b6952d8eabd9629e95500
SERVER_HANDSHAKE_TRAFFIC_SECRET c9ce5534a5d17ed0355a38f50e409f820c42e4c2cdbdc9b5d40a94d281b80188 9d960afd3bd24d64db5c23c8c3da09fb823052c7c44ad01ba9095cefb40fda25
CLIENT_TRAFFIC_SECRET_0 c9ce5534a5d17ed0355a38f50e409f820c42e4c2cdbdc9b5d40a94d281b80188 400cb2f5f36c9f3f2bf4be801a93640904ae63ceef03e1bc5c81c2149e7f690f
SERVER_TRAFFIC_SECRET_0 c9ce5534a5d17ed0355a38f50e409f820c42e4c2cdbdc9b5d40a94d281b80188 31685083edf452cf814f56a64be4f1b95507c5344d0596b082be130aa7ba7ff1
EXPORTER_SECRET c9ce5534a5d17ed0355a38f50e409f820c42e4c2cdbdc9b5d40a94d281b80188 c29e3ce3bf6c6f00f78449b007d6a080b8b74f50ee45dcff0f466a6890a8e92b
CLIENT_RANDOM b8a941362cb860b51eddda3822370faa3cd2c16ecd84c2491fe83de28046e54d c8b93d8b4af29093ed451fcabf46ecb4b21c693d7a0321b7e7768d7e58287a2cebeffcca0c17367c3330c7f8419c344b
CLIENT_HANDSHAKE_TRAFFIC_SECRET 75b28f9e90582cafcd0ccd458f77258b78d1152a76a7349f0c30784bb63715bf cab49d91c9e8c0d6358d31d634ed006ac4558f8e32783c85a38aab15d056949da2bc1b6d189ed70038754f1b7a6b6357
SERVER_HANDSHAKE_TRAFFIC_SECRET 75b28f9e90582cafcd0ccd458f77258b78d1152a76a7349f0c30784bb63715bf de041d71118252821915602e3eab3fddace68ac0160f8c4f1b4439eba2cc6a1b3f5278e8ce54809e097bad06c3b6bedc
CLIENT_TRAFFIC_SECRET_0 75b28f9e90582cafcd0ccd458f77258b78d1152a76a7349f0c30784bb63715bf 547e133d391c66c9e94d73172a87b7dd789cb2b5a78bf8f9a06b8d1691ce6918ef738dcaecce3f2e5b87a77e7e5e3247
SERVER_TRAFFIC_SECRET_0 75b28f9e90582cafcd0ccd458f77258b78d1152a76a7349f0c30784bb63715bf 109da7c481a44802056031cff5222d85f0caf21e3874e7e843ad7263bde9fef8de2886570170a73704c98564e685afe7
EXPORTER_SECRET 75b28f9e90582cafcd0ccd458f77258b78d1152a76a7349f0c30784bb63715bf b3a844613133c5fac755206d0011a4d436eaf394ec64576993351e5ac63754725dc83f4a1ef16b78e39a26f6606a88af
CLIENT_HANDSHAKE_TRAFFIC_SECRET 17b1c9f01631e031626c8d095ba55281500cdd8252118e0cc49e1448975e5330 034a2694cb70d9dbc03bf32a3452e880d514ab2627a01af45ce822242f5a10f1
SERVER_HANDSHAKE_TRAFFIC_SECRET 17b1c9f01631e031626c8d095ba55281500cdd8252118e0cc49e1448975e5330 9e6419b7bd23b5b705f4060a013927e9395989a18dce40d9ed919c39870d0938
CLIENT_TRAFFIC_SECRET_0 17b1c9f01631e031626c8d095ba55281500cdd8252118e0cc49e1448975e5330 7edeff8c022c0d9a48c81dec4b4ccf53eef00532b228280629f1024839b44a66
SERVER_TRAFFIC_SECRET_0 17b1c9f01631e031626c8d095ba55281500cdd8252118e0cc49e1448975e5330 c937446e872a74e2ad79399162aacbf1f8339666ea1ca8584fba729e39ccdf9d
EXPORTER_SECRET 17b1c9f01631e031626c8d095ba55281500cdd8252118e0cc49e1448975e5330 456e5935c2a915b83a6d05fec262b301c090e1d10e5f5dc0562ba250822a69fc
CLIENT_HANDSHAKE_TRAFFIC_SECRET 00cf360315245c8c0372821c9c8d2cd9b1a81e299055316c92fcbcf08598114f 7ad521d8a14f41dee5b1baf0ef204cd788b458be887afe25c1eb26b4934cd999
SERVER_HANDSHAKE_TRAFFIC_SECRET 00cf360315245c8c0372821c9c8d2cd9b1a81e299055316c92fcbcf08598114f f9743fc759045687690c4fa1bb1336fd26330d4ed738475d0ab3b5ceee6e2f2c
CLIENT_TRAFFIC_SECRET_0 00cf360315245c8c0372821c9c8d2cd9b1a81e299055316c92fcbcf08598114f 70a8155721c6e86a1195e0216aac6ea5a7d7487ef0f12b13ecac7bc7f6775a13
SERVER_TRAFFIC_SECRET_0 00cf360315245c8c0372821c9c8d2cd9b1a81e299055316c92fcbcf08598114f 0da846988315d7c23842be17087eb680b1a7a603cd666e7a7cb0ed09f918dd3b
EXPORTER_SECRET 00cf360315245c8c0372821c9c8d2cd9b1a81e299055316c92fcbcf08598114f c44ea6f2ab2a68027bfe33e5a2cb17df8a922279e3b965cf4e72fdc96445db39
CLIENT_HANDSHAKE_TRAFFIC_SECRET a920d69e6c9621739f09f8dcff07837fb1ee46ae82d12cba6067809ed8f73850 11f6aecffa0e0fd95891a698270d5c629cda6ce4c37674db954c41b37fa4cf4f
SERVER_HANDSHAKE_TRAFFIC_SECRET a920d69e6c9621739f09f8dcff07837fb1ee46ae82d12cba6067809ed8f73850 b5ab2a9394443cc74dd62a4552947640e6463355629325aebff0eb0a7383132b
CLIENT_TRAFFIC_SECRET_0 a920d69e6c9621739f09f8dcff07837fb1ee46ae82d12cba6067809ed8f73850 78bdb99f1b81e18d34c57789180ccdfb37d3810c6e05118774a29d9e659ef074
SERVER_TRAFFIC_SECRET_0 a920d69e6c9621739f09f8dcff07837fb1ee46ae82d12cba6067809ed8f73850 23dcc9e525187c3aed9973ef2a7c1128b10484bf305455f3301f41aed4c3eb9e
EXPORTER_SECRET a920d69e6c9621739f09f8dcff07837fb1ee46ae82d12cba6067809ed8f73850 695fc311519ec8b6059ada82d8244604de3f8c5e96841bcd647545a49f76e1b9
CLIENT_HANDSHAKE_TRAFFIC_SECRET 65182a827ee3d145e82db7f69c8a3dfdaaacb5b4ff191251b613a467223b566f f3954e4c5a2fe604a1346a5c000306e3b72b31f4e2408c1fddbfd73c6dbf2647
SERVER_HANDSHAKE_TRAFFIC_SECRET 65182a827ee3d145e82db7f69c8a3dfdaaacb5b4ff191251b613a467223b566f 5b42db1e6de0ac0ce7a2bb2a281c52ef9033ec7dc4cb2248c84235a7617ca6c6
CLIENT_TRAFFIC_SECRET_0 65182a827ee3d145e82db7f69c8a3dfdaaacb5b4ff191251b613a467223b566f 5e3291240d655d3682f88c9c15dc5fee659113f6a65b4ba734e357f2eed53b4f
SERVER_TRAFFIC_SECRET_0 65182a827ee3d145e82db7f69c8a3dfdaaacb5b4ff191251b613a467223b566f defc82fcba2454e9cb2217187e5e3a9e4b545142fe079cf9fdae5b3951c17607
EXPORTER_SECRET 65182a827ee3d145e82db7f69c8a3dfdaaacb5b4ff191251b613a467223b566f 16c4e684a6184332ed7eb83da7bc2566ecea74c44a9ba4d652ed9bc36373cc45
CLIENT_RANDOM c5154c364bd87f2971a5a013228e361e0529fabb7bf31f53f23d8f368cc77336 1989361536649d79855e3f070dae53eb1117c3b1be3b0eec3f5f61a38e51e981f3a2d687070f82caaee11903d89c2edc
CLIENT_HANDSHAKE_TRAFFIC_SECRET 5f58d35907f6499a62bc59e7a9c00702a0828b520ef7fa648d8e01e593a4145c 28320155eec5d91bf6359c1c13ef1482a8f5b0aadc75422a15f5378b927d0903
SERVER_HANDSHAKE_TRAFFIC_SECRET 5f58d35907f6499a62bc59e7a9c00702a0828b520ef7fa648d8e01e593a4145c cf8ed1df845188a80a02e3e6ad6485ca338a72f397ec280e1bb6a0744d82a769
CLIENT_TRAFFIC_SECRET_0 5f58d35907f6499a62bc59e7a9c00702a0828b520ef7fa648d8e01e593a4145c aecd0fc5c782548b2fe7bdbe5ab376642125930701693d44ba0f3d02ad5c4a1f
SERVER_TRAFFIC_SECRET_0 5f58d35907f6499a62bc59e7a9c00702a0828b520ef7fa648d8e01e593a4145c 2328a09a574f9d657c3810a34eff0c438418d6e4589eb1be85bec3931adb64ee
EXPORTER_SECRET 5f58d35907f6499a62bc59e7a9c00702a0828b520ef7fa648d8e01e593a4145c 47a763d6a141e0638c01288004d72e6b99ca4ebac4786c1b23fdd1aebbe3ec50
CLIENT_HANDSHAKE_TRAFFIC_SECRET 7725025c86bdbcf2cb6a7d8209c715ae0e8ee98733b99c2b236cbc97d10267c1 c43d39c798638a1a03ea37c44ea52145aafa4d07f9e01011876023b396d61891
SERVER_HANDSHAKE_TRAFFIC_SECRET 7725025c86bdbcf2cb6a7d8209c715ae0e8ee98733b99c2b236cbc97d10267c1 72ac4ff7ce3a430ea6f29329908b345615f41d8a87dcef352e9746317a0d0d61
CLIENT_TRAFFIC_SECRET_0 7725025c86bdbcf2cb6a7d8209c715ae0e8ee98733b99c2b236cbc97d10267c1 cfacfc037e4e9f8f68f6e6bce36d5ce48dc95ca3309bc369573281a10a136219
SERVER_TRAFFIC_SECRET_0 7725025c86bdbcf2cb6a7d8209c715ae0e8ee98733b99c2b236cbc97d10267c1 cd962c245496ec5c44a06587bd1cb668dbbf89d1fce7b3d17fab7f57b28a724c
EXPORTER_SECRET 7725025c86bdbcf2cb6a7d8209c715ae0e8ee98733b99c2b236cbc97d10267c1 88399c46e947f0d5933e3d66d895281116a7f379d230eea04fb7e1354dc04dae
CLIENT_RANDOM 2d99f351a2bd73378f775e6576623b4d410c5af0d5bc62ce700c76d05396f40a 8824b2c87cf77b393afa34247d2753721ff7cbcba0d12e239cbedf7ee38811b68aad814f8d2f9bc339a1bc8a8675fb44
CLIENT_RANDOM 4d04bf2537be954477128fa5c2d5c0ea883b1121ed9b88dd4ddf91c9936d0476 334d453873e7b4ceef5ec236345d7cb63bd3d61018e7acc4716bfabb7eb80e226651e04b966503c0c6cbabf2dbcb1851
CLIENT_HANDSHAKE_TRAFFIC_SECRET 2f013b332eb7a38a46c41ef534924e7e833f1e7093b5791293a732934ab7e346 38b6a6c3eba2be8a1b5c1d3fbb1a3665f4595047295a750f6fe9a45e3ecc9fd7
SERVER_HANDSHAKE_TRAFFIC_SECRET 2f013b332eb7a38a46c41ef534924e7e833f1e7093b5791293a732934ab7e346 d869af5eaca2058e36b1cd6be8cc5dc18807f3cdc74b4619294980ecf7d0ae82
CLIENT_TRAFFIC_SECRET_0 2f013b332eb7a38a46c41ef534924e7e833f1e7093b5791293a732934ab7e346 d5b381cf06bc7afb707753bc6c378fad9a3172cc5190e62b790ba15a24647071
SERVER_TRAFFIC_SECRET_0 2f013b332eb7a38a46c41ef534924e7e833f1e7093b5791293a732934ab7e346 1b3f805f42dbcb42569fb91b941e40d26c0f0c8fe63eee634f256f685c326d7b
EXPORTER_SECRET 2f013b332eb7a38a46c41ef534924e7e833f1e7093b5791293a732934ab7e346 5437737044572b73befe98dfb0e090a74dc1500dd529ae6d2afc02011a043f82
CLIENT_RANDOM 65a179f6b75723d060db45b6544d43ba9c55a74ad4d4f2359fea8a3f4da69c08 4dee4f24602a63c99f9a643ce01bcbc8386b8a8c0272bdd3a53ed4bad63a252f8a534617a9eb42a67132ff7e6c0a7f25
CLIENT_RANDOM 5d3a24ae6b434f56ba6d6dd76bcad4a217d2afbe7df989c9b3857ae4b597f14b 609b09c568bc951771e3d2733716d2a7e82ce852f4bf431bb49b4f9e65c0a01fde7fad816d037fe92c81d3f84758d257
CLIENT_HANDSHAKE_TRAFFIC_SECRET e9b1e01bc237f9f7f5329d9521639236e34fa26443fac62198650b8e50e882c0 451a9e3f278c12ca5012fc80f5dd8f1a4808e0fd333a1108a9c9d7756039dcaa
SERVER_HANDSHAKE_TRAFFIC_SECRET e9b1e01bc237f9f7f5329d9521639236e34fa26443fac62198650b8e50e882c0 59e26da4c085a6fe0afb61568d4c389909cfb7ce1228e8b0b01afd3ab712da81
CLIENT_TRAFFIC_SECRET_0 e9b1e01bc237f9f7f5329d9521639236e34fa26443fac62198650b8e50e882c0 580fa8e52937d20f6f707ee93a21f12353863f6b77585f427195b3876c3ac7d4
SERVER_TRAFFIC_SECRET_0 e9b1e01bc237f9f7f5329d9521639236e34fa26443fac62198650b8e50e882c0 5cbb11820ec3fcd15643344b2c230ec378ef0a026e817dd9a4973b279bafa350
EXPORTER_SECRET e9b1e01bc237f9f7f5329d9521639236e34fa26443fac62198650b8e50e882c0 9dac01437ab9dd69fd17f956c97de43dcf08ea3575898151e0200b95b7e44770
CLIENT_HANDSHAKE_TRAFFIC_SECRET 8a95485055410b194d797953c64ebccceb26033c1349b0a2504a60c313ec7717 ee09099dfd163c75fb548e1ea84eb50dbd955986928718863979a053184239ea
SERVER_HANDSHAKE_TRAFFIC_SECRET 8a95485055410b194d797953c64ebccceb26033c1349b0a2504a60c313ec7717 133d28132f69ee85090621738c5189945e45fc79cf89f9de0756b797003ff0ca
CLIENT_TRAFFIC_SECRET_0 8a95485055410b194d797953c64ebccceb26033c1349b0a2504a60c313ec7717 34694a98459ec75b82395dce511318e2288516bca9e6df1ee87753f91e2816c1
SERVER_TRAFFIC_SECRET_0 8a95485055410b194d797953c64ebccceb26033c1349b0a2504a60c313ec7717 d64f9be9e86f2a81f2d69e6d4e2530ceb0d5a6be7b80da7e73b71548b1ee9422
EXPORTER_SECRET 8a95485055410b194d797953c64ebccceb26033c1349b0a2504a60c313ec7717 220e009d1ccb5889d61c8c9d527a63e3d7548146d3332ac57c2ecd60269c55a6
CLIENT_HANDSHAKE_TRAFFIC_SECRET b7511a4e52df167d3fdbdd659d6381f00f0fd4bb4a96719bcb21c114d2a57942 39282cf7b4a5e237df4b9ef8eb4b662d34a4e5a0b6be55a2ac46d0e5f928f452
SERVER_HANDSHAKE_TRAFFIC_SECRET b7511a4e52df167d3fdbdd659d6381f00f0fd4bb4a96719bcb21c114d2a57942 dbfff6d424c38b79fcae76cbfba5a0cf4b87ff7328150cb1ae0f28a890ec2be2
CLIENT_TRAFFIC_SECRET_0 b7511a4e52df167d3fdbdd659d6381f00f0fd4bb4a96719bcb21c114d2a57942 17ba5bc2ddfdfb9e0b564f6fa17d35b1f30067c9f5b5ae4e9620b6cf78a4454f
SERVER_TRAFFIC_SECRET_0 b7511a4e52df167d3fdbdd659d6381f00f0fd4bb4a96719bcb21c114d2a57942 3add52e3ab950f37f750fdf4b889d51b404e9c36270fefe2cabc5e66c432e366
EXPORTER_SECRET b7511a4e52df167d3fdbdd659d6381f00f0fd4bb4a96719bcb21c114d2a57942 81fc5e257882bef658558f1b26762ab8fe87234f5fb99921cf5382cdc1939652
CLIENT_HANDSHAKE_TRAFFIC_SECRET f7bd40ff4be47031fe2ceac3f9209973cbe4dbebee51cf55871f92c3a69a0f1f cd425cb8803b63aa031a436eb23b06b459881008e17726acdcf3a2c5f0c5f353
SERVER_HANDSHAKE_TRAFFIC_SECRET f7bd40ff4be47031fe2ceac3f9209973cbe4dbebee51cf55871f92c3a69a0f1f 3be659d5d42fd484be744bce290557bb3f5e8d599ed1bfc1ecb789f383213cef
CLIENT_TRAFFIC_SECRET_0 f7bd40ff4be47031fe2ceac3f9209973cbe4dbebee51cf55871f92c3a69a0f1f 634b4765624e75a6dee89cf8ec6d305c1c10b798485d48e529c6403fa0cc6591
SERVER_TRAFFIC_SECRET_0 f7bd40ff4be47031fe2ceac3f9209973cbe4dbebee51cf55871f92c3a69a0f1f 5c7171727a0c7cc063e70d7b987f006efa054f3b47a0e2cf6cc58b80d58fa4a3
EXPORTER_SECRET f7bd40ff4be47031fe2ceac3f9209973cbe4dbebee51cf55871f92c3a69a0f1f b879b94977e7f9ff1f78a069eed898a1e887d108182532e8f57e62a0b4098bee
CLIENT_HANDSHAKE_TRAFFIC_SECRET d89c0c85258f8c2a215537bcb614414a101f8e69574713242ec831ee39687ab5 f3d261504d1c92b6c93e100a3b591e46fcc09ca328aa832ba3d56d3bf6a1fad1
SERVER_HANDSHAKE_TRAFFIC_SECRET d89c0c85258f8c2a215537bcb614414a101f8e69574713242ec831ee39687ab5 8f45384b7b83413a963b6e60149960950aa5848808f729f8ca1b7b89018226ed
CLIENT_TRAFFIC_SECRET_0 d89c0c85258f8c2a215537bcb614414a101f8e69574713242ec831ee39687ab5 897a5b22bcdbfd43af3f07baf6e7b91e1555f73e004a667f7607e64b2c9fa904
SERVER_TRAFFIC_SECRET_0 d89c0c85258f8c2a215537bcb614414a101f8e69574713242ec831ee39687ab5 06fe2d848108aeef792d591db1655c42289c9424a0eb269f42b640a97b5e6a53
EXPORTER_SECRET d89c0c85258f8c2a215537bcb614414a101f8e69574713242ec831ee39687ab5 ede4f70280720aa8d46528b269bda7e401d7a3bb419487fbcca2d41b30f8305a
