CLIENT_HANDSHAKE_TRAFFIC_SECRET 065d8f2f4907576ef34acffb06c37f95b39f322d3eebf7e21bb56c391d5f5497 aba9325f0510b16abc1e5e1f2c38fcf2e7f6ff0b95f04dacfb751f56ff1a58ff
SERVER_HANDSHAKE_TRAFFIC_SECRET 065d8f2f4907576ef34acffb06c37f95b39f322d3eebf7e21bb56c391d5f5497 c9712b90a89047f8afd06064f1656af154f0041c09e59bcd0d8f826bb4900851
CLIENT_TRAFFIC_SECRET_0 065d8f2f4907576ef34acffb06c37f95b39f322d3eebf7e21bb56c391d5f5497 dcfd2f3263b4fd47f5e31bea64b74ec9fffae470e5cb9d7a06ffe349bacfc86a
SERVER_TRAFFIC_SECRET_0 065d8f2f4907576ef34acffb06c37f95b39f322d3eebf7e21bb56c391d5f5497 eec50c5b2fe9b37bc4424b64f90e7cf75c9638119d772c6cb44bab7cd9cc687f
EXPORTER_SECRET 065d8f2f4907576ef34acffb06c37f95b39f322d3eebf7e21bb56c391d5f5497 f5a15ed02df5094c7ff6b78e3d88ae109c9b9f1f8aaf1cfff5a309c94e0dcc3a
CLIENT_HANDSHAKE_TRAFFIC_SECRET 3ac92d57d355916fa91213e51663b4518c308ce4580946aedd14611f5c38fd75 8d00a3f9075346c36afce66d5720fdd52d40ea0e707e90c70c3d09f9f8f876e009f6b6cd2e6b59eec46b44e46d4c5c27
SERVER_HANDSHAKE_TRAFFIC_SECRET 3ac92d57d355916fa91213e51663b4518c308ce4580946aedd14611f5c38fd75 b9c28bd1358d9e1e7bb256fea7a1a5a9894eccbe4f3f0233c2f79a5cf0d348a1e80fadd3e10a9f95ee4bf4f4efd48bdc
CLIENT_TRAFFIC_SECRET_0 3ac92d57d355916fa91213e51663b4518c308ce4580946aedd14611f5c38fd75 7f7025377a49110a3d1f74547bbf19a9a06f16b0960d88c5af0515aab9c002a5cc5d42f4873ba3f44f83894d8b9d8c1a
SERVER_TRAFFIC_SECRET_0 3ac92d57d355916fa91213e51663b4518c308ce4580946aedd14611f5c38fd75 9d2bd430d5603ae72cd53fae9c4464616450fbfee329769af7e3dbb42708ba05398fe72b5bfacbc6b5e252ba412658c9
EXPORTER_SECRET 3ac92d57d355916fa91213e51663b4518c308ce4580946aedd14611f5c38fd75 f86614590a7ce079f4b10985614a3f9bd034bf136bd518a61390b1b0381e4c032194ff4301eb577f4dd2b49c5246cc4a
CLIENT_HANDSHAKE_TRAFFIC_SECRET 7f0162de7424693d5b0a523e42bfcf515aadbae8e095a19266e9f2d7606b43a9 926183a1488eba864ce8c42a37e1dc0fe26bb726c5c4616433d936333642c392
SERVER_HANDSHAKE_TRAFFIC_SECRET 7f0162de7424693d5b0a523e42bfcf515aadbae8e095a19266e9f2d7606b43a9 8dc9c02f688ad46c03cd2d632a9df939543ff6af77daa826d684fdfe80e3b947
CLIENT_TRAFFIC_SECRET_0 7f0162de7424693d5b0a523e42bfcf515aadbae8e095a19266e9f2d7606b43a9 bf9cdcbea6df8324eabcf5a837d4d0a8f9c697c40923f4a6d47abe79ad417a26
SERVER_TRAFFIC_SECRET_0 7f0162de7424693d5b0a523e42bfcf515aadbae8e095a19266e9f2d7606b43a9 b3e799c3538f35551b555468cb5c321b4fdfd448c9693b428329476454f8cdaf
EXPORTER_SECRET 7f0162de7424693d5b0a523e42bfcf515aadbae8e095a19266e9f2d7606b43a9 0a03e219f39a54781df3969d82dc261c7947cc54cbef9b2ecd18c224e97cd82a
CLIENT_HANDSHAKE_TRAFFIC_SECRET f5d9df62bd6942606cd02d5b8c1eeacdcb7e8deaad8c469fd4ad580bd1210596 a9368917af3123004214d272e77a3701d4a84f8e35000ab94e1664205a3ce4d8
SERVER_HANDSHAKE_TRAFFIC_SECRET f5d9df62bd6942606cd02d5b8c1eeacdcb7e8deaad8c469fd4ad580bd1210596 b69407e25bac1c2ef2f27a6b440fc494480800c1deaf10faacfe02946b0dddb0
CLIENT_TRAFFIC_SECRET_0 f5d9df62bd6942606cd02d5b8c1eeacdcb7e8deaad8c469fd4ad580bd1210596 57fd88cf79c14986728f4d53f743b146c797dd8f38964246fc5873c0b8f6e41b
SERVER_TRAFFIC_SECRET_0 f5d9df62bd6942606cd02d5b8c1eeacdcb7e8deaad8c469fd4ad580bd1210596 6032a28ae397f1ba091ac23e50ff2402600c9f3476614ea9b7e06703e71c8443
EXPORTER_SECRET f5d9df62bd6942606cd02d5b8c1eeacdcb7e8deaad8c469fd4ad580bd1210596 533dfe8c190ae5b40d00cec715957b269d90601f19aa39872b998216de40372d
CLIENT_HANDSHAKE_TRAFFIC_SECRET 85f4755f79083c9d6d201be30c5c515e8d935c1dbb1170a97b0e2a8ca19a334f f9a148d2f410ee47b05bb50f5814197918ef0fe73fc786d72afee8cb14b1701596f2adfb93cc6b049b5a3114337390b6
SERVER_HANDSHAKE_TRAFFIC_SECRET 85f4755f79083c9d6d201be30c5c515e8d935c1dbb1170a97b0e2a8ca19a334f a02e2de9d4dc18e0aa97325c05a8780b0a634b1a6b799bbc25e33d8a6d482a4027e9802a6b67544363566150c44f8b25
CLIENT_TRAFFIC_SECRET_0 85f4755f79083c9d6d201be30c5c515e8d935c1dbb1170a97b0e2a8ca19a334f c30e868d1b450ee7a40d32b051b459278bfdffe12a96674acda17fb01b36ea6ed97ebfbe60610c97cb65275ffa746a4f
SERVER_TRAFFIC_SECRET_0 85f4755f79083c9d6d201be30c5c515e8d935c1dbb1170a97b0e2a8ca19a334f 4d939d6b17eaa2ab3d0fe50e77cdd00f8169420fd2512a66666bb05c0cf5157468c1e30b73bf023f200c643bb839ee05
EXPORTER_SECRET 85f4755f79083c9d6d201be30c5c515e8d935c1dbb1170a97b0e2a8ca19a334f 60d4052e4db20a50b4734c98d5034df5addf40692abd0cb296c5b19d1c94ffa26360c04a3d9566314dba51178e288a76
CLIENT_HANDSHAKE_TRAFFIC_SECRET 05341a06ab9686ae60a42b9525d2089eaede16dddd64cc6b17911a9ddfb5010e 331e7b029817cf3f47a5a00830f484fa4ae310a17a150d67877e293096a3a03232e57adde98f8b048ed3c13b46aa7fca
SERVER_HANDSHAKE_TRAFFIC_SECRET 05341a06ab9686ae60a42b9525d2089eaede16dddd64cc6b17911a9ddfb5010e 4848d283d692875b5c83b973c13247c9086241d88973008af4ff6e9285e797eaf709c5568e0e30f6e98b454191b35ddc
CLIENT_TRAFFIC_SECRET_0 05341a06ab9686ae60a42b9525d2089eaede16dddd64cc6b17911a9ddfb5010e 7415c8717d6ff6212971d40a5cd9ec759baa2d42535d6dd838e7c2f6eab1ebee058f8667950410d3f07b32ff8db259f8
SERVER_TRAFFIC_SECRET_0 05341a06ab9686ae60a42b9525d2089eaede16dddd64cc6b17911a9ddfb5010e 8a512a545fa37d49e00cd9bcf44f8a114f5def5a7236161ffbd3981f406e8ca0b4b06d2bfdf451ae740580a097897fff
EXPORTER_SECRET 05341a06ab9686ae60a42b9525d2089eaede16dddd64cc6b17911a9ddfb5010e c8bce064e3e62c806494610870c1e6fcd75d7cf78d936dbbe2b5a3d5039051b31407f58438103529345833d3a46a9465
CLIENT_HANDSHAKE_TRAFFIC_SECRET c4548a63618f8eaf431c948dbbda6aded4bea5389cbdce24353da728b88481bb e2ed5692801977f58c395b92fdfd401fc953b61e6aaa4af17f6cb60339363ce0
SERVER_HANDSHAKE_TRAFFIC_SECRET c4548a63618f8eaf431c948dbbda6aded4bea5389cbdce24353da728b88481bb 43185f7ee4db0f674dd289af0b07fe59df922eaf00101ff226df10aacdd31687
CLIENT_TRAFFIC_SECRET_0 c4548a63618f8eaf431c948dbbda6aded4bea5389cbdce24353da728b88481bb fac5ae45c80e6fc54a7047df4b6587fd609e499b891d4435a46c8a4a73c8e2c1
SERVER_TRAFFIC_SECRET_0 c4548a63618f8eaf431c948dbbda6aded4bea5389cbdce24353da728b88481bb fa9e77bb649a6dac24f66d4ffa1c6539272ba1d13b6805333f345cae8eadac76
EXPORTER_SECRET c4548a63618f8eaf431c948dbbda6aded4bea5389cbdce24353da728b88481bb 67b62b062fb7e928bc55a735513a8fc43b9e2d9f07a65a493d0975dd81888c6c
CLIENT_HANDSHAKE_TRAFFIC_SECRET 1f1a8986bddb4e2b01168e6875b35af8c3ef068c40f4183f5d01364ac0ecdbbd 1d5ed343cc57f8e2d1e26b58c1633486faa99e830cfd22324f9cb45ca10751d5
SERVER_HANDSHAKE_TRAFFIC_SECRET 1f1a8986bddb4e2b01168e6875b35af8c3ef068c40f4183f5d01364ac0ecdbbd 583f828f4b2bcc00da8aab72e9ad449dc7d16252324110144740dd0c4c5b6ef8
CLIENT_HANDSHAKE_TRAFFIC_SECRET 3ef45904a29a7f038c603acfaccae66c5d65ba7f6cb8a3c7daada28fcb657d61 4d9c50dc8cc0a3a735f10a06dd220b68a9de482c04473ba3b90e4d67656772df
SERVER_HANDSHAKE_TRAFFIC_SECRET 3ef45904a29a7f038c603acfaccae66c5d65ba7f6cb8a3c7daada28fcb657d61 1244dd263db84c6b8526e2198877884d87d3dff6d6b4f3804e2155c7d5df4d87
CLIENT_HANDSHAKE_TRAFFIC_SECRET c6155edeba0a7d2504593edd96caccef9c4357ece798ec8af5921f385b089dd2 7b46e20dfae8dba29fb90f3837113bf59ef79744d40eca6104d8837fb1a2f267
SERVER_HANDSHAKE_TRAFFIC_SECRET c6155edeba0a7d2504593edd96caccef9c4357ece798ec8af5921f385b089dd2 30512061872177c360e43a36f08b3735ff4ea0567137edb672747982850846e5
CLIENT_TRAFFIC_SECRET_0 1f1a8986bddb4e2b01168e6875b35af8c3ef068c40f4183f5d01364ac0ecdbbd e0efac5b649e8b3d52e08de7d0604229bba5836da5ef9254cb30143e23fe8e05
SERVER_TRAFFIC_SECRET_0 1f1a8986bddb4e2b01168e6875b35af8c3ef068c40f4183f5d01364ac0ecdbbd fc0e7573a9d61f9e7de41ab9557b02481e876e256a3f71655350ae232a967818
EXPORTER_SECRET 1f1a8986bddb4e2b01168e6875b35af8c3ef068c40f4183f5d01364ac0ecdbbd cfb1bb7c20b9407ec2e653832d2f167e64027359e2ed65651a7143ccc75b21d9
CLIENT_TRAFFIC_SECRET_0 c6155edeba0a7d2504593edd96caccef9c4357ece798ec8af5921f385b089dd2 33c8d9c59b9ec48cdb6ee834f36441b5adf6551d4330544f165169d6bef6fa59
SERVER_TRAFFIC_SECRET_0 c6155edeba0a7d2504593edd96caccef9c4357ece798ec8af5921f385b089dd2 119587b34285a2ab4dd6acf31dd4e8945995b00e850362f2e4681a04bb1867f1
EXPORTER_SECRET c6155edeba0a7d2504593edd96caccef9c4357ece798ec8af5921f385b089dd2 54f5b95061e4fa0c3cd3d5026e5421a28b1a0c88252e81525036a56f9145a316
CLIENT_TRAFFIC_SECRET_0 3ef45904a29a7f038c603acfaccae66c5d65ba7f6cb8a3c7daada28fcb657d61 f69f0f6aead8f8d813abab01a69b32b15e64b61cb3b21a682a7f2c4cdc4543ba
SERVER_TRAFFIC_SECRET_0 3ef45904a29a7f038c603acfaccae66c5d65ba7f6cb8a3c7daada28fcb657d61 c22f3f7b08031e67f1f0cfa42dba2e1feeb6cc88f5519db18b9bff1599cf0c02
EXPORTER_SECRET 3ef45904a29a7f038c603acfaccae66c5d65ba7f6cb8a3c7daada28fcb657d61 313a74af3b4e087e169187b4a27ef36d0c27ea979afae348ff3bb6f7a184020a
CLIENT_HANDSHAKE_TRAFFIC_SECRET d6477296c3455dfd1e157916932e7c8c4727bbf1a13ba0587c73a49919aa8f65 7b469ba924c1d14b4bc65fd3d3d6d662fbfecfec145ad01fe7e7421a5580c739
SERVER_HANDSHAKE_TRAFFIC_SECRET d6477296c3455dfd1e157916932e7c8c4727bbf1a13ba0587c73a49919aa8f65 c79bbd42c93b5651a20f6a7f56968ed4a4eb273d7ebd04defac83704e7d0454b
CLIENT_HANDSHAKE_TRAFFIC_SECRET 36b94bfc4a6469f71995a86285649602bf93e8610ffa22de3b6e81704f743b93 8bd29b51500332fd8776cf87e8ab626a5f041bd1c0ef90add15fff23cdf0c4bd
SERVER_HANDSHAKE_TRAFFIC_SECRET 36b94bfc4a6469f71995a86285649602bf93e8610ffa22de3b6e81704f743b93 f943022091d2108bb8937887aa756e44b62c7ff3d3a990cdc6f4ca295c4023c4
CLIENT_TRAFFIC_SECRET_0 d6477296c3455dfd1e157916932e7c8c4727bbf1a13ba0587c73a49919aa8f65 73a08f9130dcd079a2fc1cfcd77bba87b5d0a46b2c8751b7fdeeba72140991c2
SERVER_TRAFFIC_SECRET_0 d6477296c3455dfd1e157916932e7c8c4727bbf1a13ba0587c73a49919aa8f65 f2b506750a48dfde90f26e5fa9eb9121eb2fa4a68a2515b452db8a254b37ccce
EXPORTER_SECRET d6477296c3455dfd1e157916932e7c8c4727bbf1a13ba0587c73a49919aa8f65 c4472feddeb4dbe66131868735c462cccf18dfa5b489b7c638d5a2416f56daa4
CLIENT_TRAFFIC_SECRET_0 36b94bfc4a6469f71995a86285649602bf93e8610ffa22de3b6e81704f743b93 aec94d19ef9ee5ed530c2ff5067e0247fd5590cd756fb46dfc77294141d63d1d
SERVER_TRAFFIC_SECRET_0 36b94bfc4a6469f71995a86285649602bf93e8610ffa22de3b6e81704f743b93 d7402d6bb98c2363fdf53c2b897e03380dba145122a320b60666a3760797e822
EXPORTER_SECRET 36b94bfc4a6469f71995a86285649602bf93e8610ffa22de3b6e81704f743b93 43aefb2e7bbe614d3b86be55565e48a0a7b5e28030ba47e7f9dd088b7a59a457
CLIENT_HANDSHAKE_TRAFFIC_SECRET a623e5f6c372dec7531c7148274eafc0f0b9264bc2134908f285b5864454381c f2672b9ae0df219c23d47905e467c151075bee1e388a23eadf66fdf875059804
SERVER_HANDSHAKE_TRAFFIC_SECRET a623e5f6c372dec7531c7148274eafc0f0b9264bc2134908f285b5864454381c 08292b98fc1bc6615a5e3616ae37e9a41a61a316861d32707875d8b4a91cb883
CLIENT_TRAFFIC_SECRET_0 a623e5f6c372dec7531c7148274eafc0f0b9264bc2134908f285b5864454381c 7dbf8ac6c876d5272968b805ff933a47169d983c57db9bf83126b0811ff1e483
SERVER_TRAFFIC_SECRET_0 a623e5f6c372dec7531c7148274eafc0f0b9264bc2134908f285b5864454381c e363a649e2c4726c78f1bca9ee84ec42c39a84af93ca9f8887c7f89278920c76
EXPORTER_SECRET a623e5f6c372dec7531c7148274eafc0f0b9264bc2134908f285b5864454381c b97e187af1aac76f3e0c22449f5a6dba3ee13f6c2f695de159f76dbf270e136e
CLIENT_HANDSHAKE_TRAFFIC_SECRET ca51306577d5060fb5cd9bb06697cc7e713c91327f1fa9d373e40211eb9ce31f 1fc404284535662bb5e5238d973137ddec19afe91bca0ca0afdae079b68f119b
SERVER_HANDSHAKE_TRAFFIC_SECRET ca51306577d5060fb5cd9bb06697cc7e713c91327f1fa9d373e40211eb9ce31f 8096415db029a333d1129ebb2cc643bfc6d3c31ded9853fe44a7452ecfef51f5
CLIENT_TRAFFIC_SECRET_0 ca51306577d5060fb5cd9bb06697cc7e713c91327f1fa9d373e40211eb9ce31f cf5dd25d490b3b798e6d8fa4688a4d15031e33e82e431977f525ee180000406e
SERVER_TRAFFIC_SECRET_0 ca51306577d5060fb5cd9bb06697cc7e713c91327f1fa9d373e40211eb9ce31f bd350407b13814114495516b863ec940962aac5829aebf6fff9753db01d380c5
EXPORTER_SECRET ca51306577d5060fb5cd9bb06697cc7e713c91327f1fa9d373e40211eb9ce31f 639040bb2c1284768ad23a7cbd1907b509708ab833570f5eb864df03da219476
CLIENT_HANDSHAKE_TRAFFIC_SECRET ade94899f97e40baf04b1569c1bba916be19611a715fba0c0fbd269081802c77 99a457be84b21437f6eeb58326f5c06738bec3e5854397b493f20d41afdd9421
SERVER_HANDSHAKE_TRAFFIC_SECRET ade94899f97e40baf04b1569c1bba916be19611a715fba0c0fbd269081802c77 26d17e67ebe7c133211ba7f408624f8329ae29811ac403ef544ef11d1fe0a35d
CLIENT_HANDSHAKE_TRAFFIC_SECRET e50cac4d65daf4c4abc4cd4e0b833192e5c19ccb18c56adf27778faacbe8f228 08ac762088a7fb43e78127b8ae4f5316b4ea4bf08af43c182b92e6fa99f13ae0
SERVER_HANDSHAKE_TRAFFIC_SECRET e50cac4d65daf4c4abc4cd4e0b833192e5c19ccb18c56adf27778faacbe8f228 0f870f8ec38d9d16367a5844e13139f75c6faa17869c0bfa536e67deecb7798a
CLIENT_TRAFFIC_SECRET_0 ade94899f97e40baf04b1569c1bba916be19611a715fba0c0fbd269081802c77 168ac59f93eb3d8aa39dab3abd221ea2c1492f5a5368bf42e0bc7fb7e9fefc8d
SERVER_TRAFFIC_SECRET_0 ade94899f97e40baf04b1569c1bba916be19611a715fba0c0fbd269081802c77 72687c71515386789e3dfdff50cd3412b762f2277bcc23fc615971d19fd24706
EXPORTER_SECRET ade94899f97e40baf04b1569c1bba916be19611a715fba0c0fbd269081802c77 feca6994420f1564892ec484de8a9b70fc0ec9cb2b0163afd89d177bbc8cb6a9
CLIENT_TRAFFIC_SECRET_0 e50cac4d65daf4c4abc4cd4e0b833192e5c19ccb18c56adf27778faacbe8f228 cde2db39b14f87fa37b74b94f38451f71dd31a9ee49e3045c99abc4072877aea
SERVER_TRAFFIC_SECRET_0 e50cac4d65daf4c4abc4cd4e0b833192e5c19ccb18c56adf27778faacbe8f228 fb81f81aa937e03364c0ec6ccd62439bacbd57b953fe1f2ad04b6bd92342a5ff
EXPORTER_SECRET e50cac4d65daf4c4abc4cd4e0b833192e5c19ccb18c56adf27778faacbe8f228 5c4cdf09f2537dec018ad490c76059d23ed0013d751dcc2aba001448ee9976a7
CLIENT_HANDSHAKE_TRAFFIC_SECRET 4aac1d5ed14adfa34039213e44642bbefbdc4e6a48adf14ed589c65777ce6568 ced69f691047572146ee65b5fc4a59aa570b4eef85e0490d28f2874b4cdc1542
SERVER_HANDSHAKE_TRAFFIC_SECRET 4aac1d5ed14adfa34039213e44642bbefbdc4e6a48adf14ed589c65777ce6568 444d716f467b91e8769ecfbfa5cea5b3b2def0e4493d181362becdf801ce8501
CLIENT_TRAFFIC_SECRET_0 4aac1d5ed14adfa34039213e44642bbefbdc4e6a48adf14ed589c65777ce6568 85cca449bfef1452e4d96c1e947531da4794d80403aa3c101b143f3c88d1b6d5
SERVER_TRAFFIC_SECRET_0 4aac1d5ed14adfa34039213e44642bbefbdc4e6a48adf14ed589c65777ce6568 e727f01ac8068355d7850090e597cac08db92fc99e05997039743266d773393b
EXPORTER_SECRET 4aac1d5ed14adfa34039213e44642bbefbdc4e6a48adf14ed589c65777ce6568 2e5faa657f22247baa1c582ebf9eebaa5ca223d319616e44a06ab642bfaab378
CLIENT_HANDSHAKE_TRAFFIC_SECRET a1abfdd0e8189a01782a0eb8a2bd9c55c2f919e3e09782a628ddebb1c679a290 b9a519a4cf5f3f863fcf7377f768e48f53164f7355f643cb223a6db2fa7a9eb7
SERVER_HANDSHAKE_TRAFFIC_SECRET a1abfdd0e8189a01782a0eb8a2bd9c55c2f919e3e09782a628ddebb1c679a290 55a762140e31f23993f5c1c4c6b3dda849c56b328ca0a0c7fa8a636fb48712ee
CLIENT_TRAFFIC_SECRET_0 a1abfdd0e8189a01782a0eb8a2bd9c55c2f919e3e09782a628ddebb1c679a290 c3659f7dbbff7dc4651c62f57e5d5f91bdc120713aa731d1ee767b4f8d11c6d0
SERVER_TRAFFIC_SECRET_0 a1abfdd0e8189a01782a0eb8a2bd9c55c2f919e3e09782a628ddebb1c679a290 73c4573788b684017fc5e38a020508213a89e3e3df9eb7467a8444a93183e9db
EXPORTER_SECRET a1abfdd0e8189a01782a0eb8a2bd9c55c2f919e3e09782a628ddebb1c679a290 03b59cd2cec17bf20eec8a7a05e48644b34ca9bcbf4b6a468aa16a7a1310bc8f
CLIENT_HANDSHAKE_TRAFFIC_SECRET 9f900726d3d3e7cfe5e3639099204689541367a19bf2d5308319faf7ecb63355 cc542c8905adcfe92e14291db4a182a882f046658eaca85f0d79c3fa89f039f4
SERVER_HANDSHAKE_TRAFFIC_SECRET 9f900726d3d3e7cfe5e3639099204689541367a19bf2d5308319faf7ecb63355 667dfd9cb9a47318ca4cd78a60620c0e7b8933d35f0bdfc2a1f50842f299be02
CLIENT_TRAFFIC_SECRET_0 9f900726d3d3e7cfe5e3639099204689541367a19bf2d5308319faf7ecb63355 7b1c59e9e2dd0f3a51eeec71cc3e2a250e964af0bb75fec1ff0a5042bc823cc3
SERVER_TRAFFIC_SECRET_0 9f900726d3d3e7cfe5e3639099204689541367a19bf2d5308319faf7ecb63355 e8c8078ed49492efceef1cb320b521bb5b4880dfd17a8e3906492d69229fc29c
EXPORTER_SECRET 9f900726d3d3e7cfe5e3639099204689541367a19bf2d5308319faf7ecb63355 2a6184f65828f621fd39e69e88258ff33bb1b67c6393976716f659bddda812cf
CLIENT_HANDSHAKE_TRAFFIC_SECRET 09faea1c9f7dda8fbf2dbdea66490d2be80248e852fe3b828dce1c36193807d4 32ba45dff1a530bb590c264d43ca79e912307527e4b423fec36864dbcd9f26d2
SERVER_HANDSHAKE_TRAFFIC_SECRET 09faea1c9f7dda8fbf2dbdea66490d2be80248e852fe3b828dce1c36193807d4 61f35c1a28187db1d6e057c6ff75aeff1f9f8a6eeba107ebae622f8914e400ea
CLIENT_TRAFFIC_SECRET_0 09faea1c9f7dda8fbf2dbdea66490d2be80248e852fe3b828dce1c36193807d4 c52c4a8fe04645597e3e7ecabdc4434eaa7dcd116b1d3af6d9b70d9ca26aad31
SERVER_TRAFFIC_SECRET_0 09faea1c9f7dda8fbf2dbdea66490d2be80248e852fe3b828dce1c36193807d4 881083a75c0273d2427a1bbf1a83db3ccf181e9848e20e58122015aa2ef73143
EXPORTER_SECRET 09faea1c9f7dda8fbf2dbdea66490d2be80248e852fe3b828dce1c36193807d4 dd333d517dd581537c4d8fba1e316ef4e73ce0477a825bb397d57684872b7f93
CLIENT_HANDSHAKE_TRAFFIC_SECRET b723da1a23a2a2c16871b4a14fbc8d48550e272b6eb8ab7854888306d67c7b81 03f1c24a3b38e6afae98e8df55e1fa34f7064d11165ce4bee5913c548b2fb20e
SERVER_HANDSHAKE_TRAFFIC_SECRET b723da1a23a2a2c16871b4a14fbc8d48550e272b6eb8ab7854888306d67c7b81 206ae7d6e0a56fd672dae0a94e9ade30346c624bb05e4aae653c163447763c32
CLIENT_TRAFFIC_SECRET_0 b723da1a23a2a2c16871b4a14fbc8d48550e272b6eb8ab7854888306d67c7b81 ee9967e1c74419304cc6357e848a4aacb7eef31042627f53d10bb97012e4f099
SERVER_TRAFFIC_SECRET_0 b723da1a23a2a2c16871b4a14fbc8d48550e272b6eb8ab7854888306d67c7b81 38aab0458e512cf8aac1ffc2347a4b616d6837b5c8795cba958058ddab5beb51
EXPORTER_SECRET b723da1a23a2a2c16871b4a14fbc8d48550e272b6eb8ab7854888306d67c7b81 dd026fbb11df2bbdf3473e007146718b41924644228d4d9333a0750de3a24563
CLIENT_HANDSHAKE_TRAFFIC_SECRET 61b9643fea3c35468c10aaf0c5c54914e9bec78860ba0cf08fc7939340422876 27e4a4f1282107a607a8e60805eefc25fecb242366950dfb80886150fb3ab072
SERVER_HANDSHAKE_TRAFFIC_SECRET 61b9643fea3c35468c10aaf0c5c54914e9bec78860ba0cf08fc7939340422876 222eeeb7df3bbfca1f2c0ee030c9afdf3b636eac0bc9db2ffa1432b0e4145ee3
CLIENT_TRAFFIC_SECRET_0 61b9643fea3c35468c10aaf0c5c54914e9bec78860ba0cf08fc7939340422876 5488da9194d070e35efc1e30251d5d7f64d12f0e952af88f15da178eb7f73c70
SERVER_TRAFFIC_SECRET_0 61b9643fea3c35468c10aaf0c5c54914e9bec78860ba0cf08fc7939340422876 ff792f8409bb6c9334f1e3f5afa28a6710241a9bc450cb44cbae31fd89cb13c9
EXPORTER_SECRET 61b9643fea3c35468c10aaf0c5c54914e9bec78860ba0cf08fc7939340422876 92a09158f068016a76e9211ff38bfe3867c9cf3cef4cf73ce189e34c5fa74a66
CLIENT_HANDSHAKE_TRAFFIC_SECRET c13c759c54dbc02a9edcd2aa5ef76d9c808b0507e65ed12d79237f7d8ef84b6a a9112e7feaa8e9656820221a47b2f5529da34f48a00e524e566f283ab0c11f0d
SERVER_HANDSHAKE_TRAFFIC_SECRET c13c759c54dbc02a9edcd2aa5ef76d9c808b0507e65ed12d79237f7d8ef84b6a d3fad268e3fbe0a421914a0d84a55ed5266f06090b0a1c6c384018c4994c8e63
CLIENT_HANDSHAKE_TRAFFIC_SECRET dd7a759a1056e831f3eb561e5c3dd8434ea476850050be8044d5a65ac73d9e95 b921e39c267470a063bfe33d2ad1350613bbf58f442790dea43cb2d25b4e57e6
SERVER_HANDSHAKE_TRAFFIC_SECRET dd7a759a1056e831f3eb561e5c3dd8434ea476850050be8044d5a65ac73d9e95 e5712e2a6e896fa9f51d60d2a9bd21e31478b3b2daab1e4f7a021b4e2f89c4c1
CLIENT_HANDSHAKE_TRAFFIC_SECRET 3c898384c22f745882a5d62eec05c18e959317f503b9caf433ffc8b990bef2a0 49f4397b890d656afef05d5bd3ee4980af8d1040407a2693774381ac1c9de3e5
SERVER_HANDSHAKE_TRAFFIC_SECRET 3c898384c22f745882a5d62eec05c18e959317f503b9caf433ffc8b990bef2a0 015177b996c7fe1d7367fdeb7bb8a8ed8929cdf742b8a1dea24ae24ecdde9914
CLIENT_HANDSHAKE_TRAFFIC_SECRET 381a99e069b702fd4247fd270b5b30e04e8c5b4b30e55805360cd310ff98666b dfa65411975133da11c3f4b2a996965389e45cc5e0b1dc230852b0532e7bb115
SERVER_HANDSHAKE_TRAFFIC_SECRET 381a99e069b702fd4247fd270b5b30e04e8c5b4b30e55805360cd310ff98666b ff25083132f3d81e437a6ec3163a0b977a38a9d4485ce0c6c05c19375853e2ba
