CLIENT_RANDOM bfde1d81c6811381a6cfd66344c4e374505d145ba58f48354688ee36d0a4ea30 ea237bf79bad135380e19bf816bae801edbbd4cca0b51dec9ba636bd5d2b1a5450a7ca944621df16ec114b0cc55fb073
CLIENT_HANDSHAKE_TRAFFIC_SECRET 7ae03eef211e2b793bdd3ee47b52845e57f0a12d712b3d94042aec9677af5871 4f6280d03992c99272bc44911bfaf18b89be66e0ce1b29919ab54918ee9261a5
SERVER_HANDSHAKE_TRAFFIC_SECRET 7ae03eef211e2b793bdd3ee47b52845e57f0a12d712b3d94042aec9677af5871 ce387639a686796b61c9988bd7e3f5a83fb5e1b110d7229068c1fa2a2964608f
CLIENT_TRAFFIC_SECRET_0 7ae03eef211e2b793bdd3ee47b52845e57f0a12d712b3d94042aec9677af5871 5106ca341af459dfd82bbec9b35c85ff5c47556efc1c7ae7459802b105a53c32
SERVER_TRAFFIC_SECRET_0 7ae03eef211e2b793bdd3ee47b52845e57f0a12d712b3d94042aec9677af5871 6806e3ac755d6dcad49aca06f73fc68e8fb846731afa79ea65e907bf95804924
EXPORTER_SECRET 7ae03eef211e2b793bdd3ee47b52845e57f0a12d712b3d94042aec9677af5871 fbb23db4e844ad5ab739da0605d6dc24438a246ca12b017aa94d1e3020920321
CLIENT_HANDSHAKE_TRAFFIC_SECRET 33bb5109252794fcd23799824253f48e69968a34911b30a9a12a7d6f558ae229 94351e2041f6710b51d03fecd6dcb1eecd108c3964851376e5ed425adcf98619
SERVER_HANDSHAKE_TRAFFIC_SECRET 33bb5109252794fcd23799824253f48e69968a34911b30a9a12a7d6f558ae229 7be7ecdf26644481a632ae5a9577f361da519706a1e6f765d0afcd2b9bf12609
CLIENT_TRAFFIC_SECRET_0 33bb5109252794fcd23799824253f48e69968a34911b30a9a12a7d6f558ae229 cf3e75bfdbfc22dba019916e3c429052f5e2d3b60beef0ff1476b731e5b1f407
SERVER_TRAFFIC_SECRET_0 33bb5109252794fcd23799824253f48e69968a34911b30a9a12a7d6f558ae229 cb3ac6188a06d5a896ce2d004ab07afec2e7dac4df4be4444c41973c4ca65899
EXPORTER_SECRET 33bb5109252794fcd23799824253f48e69968a34911b30a9a12a7d6f558ae229 3b805e1873db619d287ea1d172487ab7b2be3035da32a279d3fb2c37dc4f03a9
CLIENT_HANDSHAKE_TRAFFIC_SECRET 3bde54d9ad5d589062fe177d60d9daf8d884842617efb90e3ad6035e5a374d08 5f9d1b6b505e63dbec0a9b9ebefff5ef78874f59f1d1c225db30b06eecce5c89
SERVER_HANDSHAKE_TRAFFIC_SECRET 3bde54d9ad5d589062fe177d60d9daf8d884842617efb90e3ad6035e5a374d08 d39d21238c63171fe4d9789f62cf59a0d44186c031e43e4f9ac21bd0c035ed67
CLIENT_HANDSHAKE_TRAFFIC_SECRET 3a9151c56cc1fc0b82ae5355ab39a221078695d19997fe8a2242e876a288b1b8 7899c2e83a1b5f37658d2d8d7858bb750a175f3c19542455bb4fe1f9c1a856f5
SERVER_HANDSHAKE_TRAFFIC_SECRET 3a9151c56cc1fc0b82ae5355ab39a221078695d19997fe8a2242e876a288b1b8 b4bd5ed1e7bdbfd7935a627e7a32e10acdb7b2264951f25941d4d8a2a3f8ebf7
CLIENT_HANDSHAKE_TRAFFIC_SECRET 315ef5cfcf61714b86b11ba17bc42df3e8a7f4bbe936d8810431e057c8c0038c 69f495aa8a8b00e03256b7a755fb560502bbeffcbb1c4b8864570956a1c16d9a
SERVER_HANDSHAKE_TRAFFIC_SECRET 315ef5cfcf61714b86b11ba17bc42df3e8a7f4bbe936d8810431e057c8c0038c 494763914f8d57c9d5ad19c9119ec7681480e3a9e6c89fb467d9d839cc7572c7
CLIENT_TRAFFIC_SECRET_0 3bde54d9ad5d589062fe177d60d9daf8d884842617efb90e3ad6035e5a374d08 3f70d54d5ee7f12978bfd7ab14868b5c7e9b9a98fb009a2ba39be4b3940c066e
SERVER_TRAFFIC_SECRET_0 3bde54d9ad5d589062fe177d60d9daf8d884842617efb90e3ad6035e5a374d08 e52f802f5d42fc92b7ad30f4b97c9bcbf5ac13752d403b9a977a4eaa68905df3
EXPORTER_SECRET 3bde54d9ad5d589062fe177d60d9daf8d884842617efb90e3ad6035e5a374d08 a59b3b0ccbd8c3735796827d5ea1d8f184efe4275a6b6aafb8c2c4508eae0472
CLIENT_TRAFFIC_SECRET_0 3a9151c56cc1fc0b82ae5355ab39a221078695d19997fe8a2242e876a288b1b8 8b4635935c427552a0f989aa0bacb63aae9ec0108f35a338e3415d169e474912
SERVER_TRAFFIC_SECRET_0 3a9151c56cc1fc0b82ae5355ab39a221078695d19997fe8a2242e876a288b1b8 ba915839d53263935fc228e0d7fd32325959f23281844e749e125becd8cf8bde
EXPORTER_SECRET 3a9151c56cc1fc0b82ae5355ab39a221078695d19997fe8a2242e876a288b1b8 a0841483f4ed1df5482d82b4a0f0ab4ab442f555d3a50e33acba837dc92c2dce
CLIENT_TRAFFIC_SECRET_0 315ef5cfcf61714b86b11ba17bc42df3e8a7f4bbe936d8810431e057c8c0038c 4d9fed8961361f3cb7223993e53adbaf9344e3c0c8c3bb764475b777fe2c3c07
SERVER_TRAFFIC_SECRET_0 315ef5cfcf61714b86b11ba17bc42df3e8a7f4bbe936d8810431e057c8c0038c e3abe8a5b14ce5f92273655fa18ffb9faa4a87e1e79336731cee70dacca3fae5
EXPORTER_SECRET 315ef5cfcf61714b86b11ba17bc42df3e8a7f4bbe936d8810431e057c8c0038c a7a3bd83e4cea87d1e9e10612c81b98577f1405aaf1c7c785ef5a6bc8bc2ccb1
CLIENT_HANDSHAKE_TRAFFIC_SECRET d07851f9bb00bc439affb98bf0ea7aff38cd1abd43b22f46dbc2b790aa9ad7a4 9b15d194e44d551db7aa0218888a248cd59f6e3e9710cfa2c6f3d742bb6cfb37508b6dd76c82a49f1c0db4fb3c50e623
SERVER_HANDSHAKE_TRAFFIC_SECRET d07851f9bb00bc439affb98bf0ea7aff38cd1abd43b22f46dbc2b790aa9ad7a4 afd95b7476d114b910b8294179f7e2cc3767a87ecc2b288481c8b472c84f7b569aef816d0f21f83d472ea7b8f9af41dc
CLIENT_HANDSHAKE_TRAFFIC_SECRET 9df40a114e64928db9e39e750c5ad69726e8cae66a7cbea897e09452d5127e2b 478d9213d6e899fa3f5036a60c671931104d19b13e12921f4b80582b427e3c13
SERVER_HANDSHAKE_TRAFFIC_SECRET 9df40a114e64928db9e39e750c5ad69726e8cae66a7cbea897e09452d5127e2b 04a531d79d8785b04a69d5e3d62709b9f615d3938c1faf914216e383ddbfafd8
CLIENT_TRAFFIC_SECRET_0 d07851f9bb00bc439affb98bf0ea7aff38cd1abd43b22f46dbc2b790aa9ad7a4 ef2e682bc3f14ce5ba907773c20a1053e06a7b1739ca3ed3b57951aee02f7f6a95f1556aae243fb32a40fd908dc1188b
SERVER_TRAFFIC_SECRET_0 d07851f9bb00bc439affb98bf0ea7aff38cd1abd43b22f46dbc2b790aa9ad7a4 db23060269d42617a328f687fa5713115cd76f2bd4e5e5cebfb6ed8ff7a34aeb2481ac20a45669ef1a16ceeab43e9e88
EXPORTER_SECRET d07851f9bb00bc439affb98bf0ea7aff38cd1abd43b22f46dbc2b790aa9ad7a4 0fc0103c008caeb927a21a3d82046908fe9280bff4572f546a3694830d936d3eca88b78a0d83603afd870ca7ca33f318
CLIENT_TRAFFIC_SECRET_0 9df40a114e64928db9e39e750c5ad69726e8cae66a7cbea897e09452d5127e2b eb9f9f094055736157011dc1dec8efdf395495e628d3e8708266f20bc8e5c4b2
SERVER_TRAFFIC_SECRET_0 9df40a114e64928db9e39e750c5ad69726e8cae66a7cbea897e09452d5127e2b 944bc56e23a8cd3ec3d3eabc80d8c1a428544276dbd717ff44498eb140917b74
EXPORTER_SECRET 9df40a114e64928db9e39e750c5ad69726e8cae66a7cbea897e09452d5127e2b 843ddffc6327a97d0b06198d7ef5d81d75db5066cacd94756bbc466d60389f3e
CLIENT_HANDSHAKE_TRAFFIC_SECRET 533dc38dc39af10e639601eeb81fd1776248a080fd6ec8bdb0c4a79d0600701a fea69b60f0626e66e6e1c9ca99294fc4477489799edcadc0e0cbfa75459afdf8
SERVER_HANDSHAKE_TRAFFIC_SECRET 533dc38dc39af10e639601eeb81fd1776248a080fd6ec8bdb0c4a79d0600701a 8a9a4aaa6980bfe95e20e4e79d128f78f2b9f36c21e59d2d25d2e28817a1f956
CLIENT_TRAFFIC_SECRET_0 533dc38dc39af10e639601eeb81fd1776248a080fd6ec8bdb0c4a79d0600701a d559a882a3142627865b0d2934ea07613ef17b6da8e0ff0eff1fddabc26edaca
SERVER_TRAFFIC_SECRET_0 533dc38dc39af10e639601eeb81fd1776248a080fd6ec8bdb0c4a79d0600701a f775781ac5618a6c54e14114f610f964c6e52999bc70b5326e4be62b0992178f
EXPORTER_SECRET 533dc38dc39af10e639601eeb81fd1776248a080fd6ec8bdb0c4a79d0600701a bb0e0edd4e0e85f5a40dac823da0d9b36efb08653455a268b0b5df276ab85d9d
