CLIENT_HANDSHAKE_TRAFFIC_SECRET 0b4b2851acd5d2ce7428f622814d3644fc4d64b875cbc4cbf8cb613e055103bb f360738ceba3e66c76fde0235006c65d5396523ec9c6d88626577104c5895bfe3aa1d5f98ecc56698e2f67d7a8f234bd
SERVER_HANDSHAKE_TRAFFIC_SECRET 0b4b2851acd5d2ce7428f622814d3644fc4d64b875cbc4cbf8cb613e055103bb ae56550001e851a497a5eb72d00150792410beb978088ac5bee1a343d5c3867dade4d2b8bc753f6790475ed21d73ad51
CLIENT_TRAFFIC_SECRET_0 0b4b2851acd5d2ce7428f622814d3644fc4d64b875cbc4cbf8cb613e055103bb 23aff409f2bc5f4e006395b798c848c226c7d01e2661c05c4fe4674640d6ed5be965349b440cfd83085b07ff695931ad
SERVER_TRAFFIC_SECRET_0 0b4b2851acd5d2ce7428f622814d3644fc4d64b875cbc4cbf8cb613e055103bb 86d4a664262ea30411c015b904e9908756b78b66ff70680433dce222daa57d9d50f1fee724a6db9985ebb1aeb2244ffa
EXPORTER_SECRET 0b4b2851acd5d2ce7428f622814d3644fc4d64b875cbc4cbf8cb613e055103bb 3909fc527571598399002fe80e39c6fcd4e51760aae55150e7a9174d7a74c9d57a79d2b30515a26feb8a864a582f8933
CLIENT_HANDSHAKE_TRAFFIC_SECRET cb235ce431e457d1cd8c890c3808fac8d80c7debd3605916cc93c4d917372bc9 e74fc4e95392ea477258d0cc7da51a123b752d969550a004bf1a9d503cf39d05bef2142aa52103689ad1f9c826b65595
SERVER_HANDSHAKE_TRAFFIC_SECRET cb235ce431e457d1cd8c890c3808fac8d80c7debd3605916cc93c4d917372bc9 da97ee4b7e191e586c13e4f0eda371d665eee7322cf250bf62a7d871b7fd94dccbeaceb463eb38a2b0cd0d2b1cce27ab
CLIENT_TRAFFIC_SECRET_0 cb235ce431e457d1cd8c890c3808fac8d80c7debd3605916cc93c4d917372bc9 05ccd4407e3080c5c2640a400e1311a93533c740595a326c6c2ea47a0cf90d035fbd09a74a9a6cbb890096ecf1589978
SERVER_TRAFFIC_SECRET_0 cb235ce431e457d1cd8c890c3808fac8d80c7debd3605916cc93c4d917372bc9 9cab660cbbda1d62ede5194324d7af84cd3d8627eaec2a854dda045a0396d0bf5313f25ee6736272517ba8b9bc4a1bbd
EXPORTER_SECRET cb235ce431e457d1cd8c890c3808fac8d80c7debd3605916cc93c4d917372bc9 188b3258f40f3ac55c926e8ad696d385549162a72e2f1c2f83e3df70c3039b54f450428ea5c5d6c03a4dda65075fc46a
CLIENT_HANDSHAKE_TRAFFIC_SECRET 8dc94d7bf364a05ee94a4177d4d22d34985bc13987e324b1e2f508fd904733aa f3e7505ed71d520461ed6424748cfe7369f3ef2d91e2628b95ccfe7162989768
SERVER_HANDSHAKE_TRAFFIC_SECRET 8dc94d7bf364a05ee94a4177d4d22d34985bc13987e324b1e2f508fd904733aa 9201cbb18730cad6e42b3e01193c314a98152a6f4c8bfa30a300aeb3cfba9c14
CLIENT_TRAFFIC_SECRET_0 8dc94d7bf364a05ee94a4177d4d22d34985bc13987e324b1e2f508fd904733aa f96459fa7b867a6e9230379a7c41c8ca67594ff12091fe32fb053d9614c9682d
SERVER_TRAFFIC_SECRET_0 8dc94d7bf364a05ee94a4177d4d22d34985bc13987e324b1e2f508fd904733aa 9dceda8f3da7cb1d629410b9d01704c432c40afbded831e240c51a60943bf7e6
EXPORTER_SECRET 8dc94d7bf364a05ee94a4177d4d22d34985bc13987e324b1e2f508fd904733aa f7a08ebf90e04400268c632edd9fe9c07024e7e09c4b4658dfb86442be9a9f6e
CLIENT_HANDSHAKE_TRAFFIC_SECRET de6d621dabe49dc914a8a653340b5f44ddee4d7e379e72fb6015d1ecaa81e2b0 be1f420bc83cec543b37440e3599320f02a3b6d6b5c27ca7f427c3bfafe4ddd091aebb0f8ac7067076b62e63467f0bcc
SERVER_HANDSHAKE_TRAFFIC_SECRET de6d621dabe49dc914a8a653340b5f44ddee4d7e379e72fb6015d1ecaa81e2b0 bdeed693ff224c505426d026b10c88ebcb0a67006e2fe83603ec79eda106fbea20b28cd99bb75330602f682edc86f93d
CLIENT_TRAFFIC_SECRET_0 de6d621dabe49dc914a8a653340b5f44ddee4d7e379e72fb6015d1ecaa81e2b0 0a67411209e284f2ca78a5257eb93389b02bf18ac7a346ece625f38b28bbb53cc568476b092720c198caf3b409c340f6
SERVER_TRAFFIC_SECRET_0 de6d621dabe49dc914a8a653340b5f44ddee4d7e379e72fb6015d1ecaa81e2b0 362c864348bf655b079784cc3ed7276de2ddd30e028273fcf5f159057bb064fc8700f41cc64eb348e6411c67f6c0e1db
EXPORTER_SECRET de6d621dabe49dc914a8a653340b5f44ddee4d7e379e72fb6015d1ecaa81e2b0 9a905db095d9a605276b3da3753578b534091e845e2c9900bcf2b50a52355326f4109005986478e6efd4a38193048bc6
CLIENT_HANDSHAKE_TRAFFIC_SECRET 7370007e8f1229c752d0e3a51d5f3989b4ba31098d8a854297f39d5b955dca19 5c8e0d109165c7d2426221af1b0f44d705f3eecbdf9dd68020cc7a6e9ff10216ad90cd2c46b4f93a658e3a45bde15941
SERVER_HANDSHAKE_TRAFFIC_SECRET 7370007e8f1229c752d0e3a51d5f3989b4ba31098d8a854297f39d5b955dca19 e39a31725ded576faa7793b741657cbd7434d019703736cd57cd6cd5c93992240dc07554c065d2592ad900aa37a9dcb7
CLIENT_TRAFFIC_SECRET_0 7370007e8f1229c752d0e3a51d5f3989b4ba31098d8a854297f39d5b955dca19 c4a8bf911eb88bbb9868891e1164ddffeeefc37e6264197090c062808a0ffb84a0801f4aab6caca63f9bd3b68c097ec9
SERVER_TRAFFIC_SECRET_0 7370007e8f1229c752d0e3a51d5f3989b4ba31098d8a854297f39d5b955dca19 83999707365c2cc73f654222d172f316cfd9c9d181a981241aedcd9dcc7ccf92cb20477dd0cc41bfa08013f7164e55ab
EXPORTER_SECRET 7370007e8f1229c752d0e3a51d5f3989b4ba31098d8a854297f39d5b955dca19 8a030e83a1399bf04091c9708b9be96072d897d0338ca869a6bdca1e43b334ff4f5ed98869244b1e473f56fac3eee269
CLIENT_HANDSHAKE_TRAFFIC_SECRET 7e95bb2d605756bd870d4088998a7b04728271660672546b98f251ba47562d70 56e76023efc39347337fdad9ef5c05b6b2209d0db84ed45a47c02d4f0f4fcc0739a978ba05d1aa8129638ef0e6abb109
SERVER_HANDSHAKE_TRAFFIC_SECRET 7e95bb2d605756bd870d4088998a7b04728271660672546b98f251ba47562d70 433036294c75af94b99f3d7ca00e32b01c50679b86d0a85c3050c0e58c1c83876b1cac159af35e24e6b6580c5bb0c48e
CLIENT_TRAFFIC_SECRET_0 7e95bb2d605756bd870d4088998a7b04728271660672546b98f251ba47562d70 c8c9856a3a090eab39a4b0e649bba29a80cb02a0489adebac2a5120cebc652836a163cf7e961519ba6ab1c7f9e39167c
SERVER_TRAFFIC_SECRET_0 7e95bb2d605756bd870d4088998a7b04728271660672546b98f251ba47562d70 674ec1b0d480dae8a5db9f76325063631b2d4a2c28e8a80104ec644d0174d0c1b70e5cd0cc5ffa2ac2f99fd7d54390ca
EXPORTER_SECRET 7e95bb2d605756bd870d4088998a7b04728271660672546b98f251ba47562d70 09f665b98396ed998cb28b7208f9b0f741bc6f93c0fe4217ef3ccb5c7d5e0283836733b5839c71fc636ff20acd4d1a17
CLIENT_HANDSHAKE_TRAFFIC_SECRET 0d5648762de09c464a7697286378c3610ff929ec787f946f7f119f838361c3b9 2866d76493142bd8266691b83a8383e5308703d24fade8288096e77c5dcfaf8d13b406fb7ac5210bf2e6ae8ee48a4681
SERVER_HANDSHAKE_TRAFFIC_SECRET 0d5648762de09c464a7697286378c3610ff929ec787f946f7f119f838361c3b9 1809432d0b609a8f42c977aa0edc6664efcad6b0b62814c8602e27802c592ae88d00293521fb5ecf879ab1aebce315c9
CLIENT_TRAFFIC_SECRET_0 0d5648762de09c464a7697286378c3610ff929ec787f946f7f119f838361c3b9 8b5097f60cb7f713e9dce706d6ffea8b39d607c079b49c6bb03c98a7632a3ece3bf16777e09ede96091f613fb63d4654
SERVER_TRAFFIC_SECRET_0 0d5648762de09c464a7697286378c3610ff929ec787f946f7f119f838361c3b9 0a866ca89537b3843d3b89a716bbcf16bfb50f0decbc2afd709b9b66d6e0aa58aadecf41a388f7d3c074a674c6b0e6d4
EXPORTER_SECRET 0d5648762de09c464a7697286378c3610ff929ec787f946f7f119f838361c3b9 f277432dcb5331d54cd054d4d1d5b7a9802d8fb4f1df86d4db2916bcbd196152a9abecb20a9a9705dfc7e0b4dc90b4a5
CLIENT_HANDSHAKE_TRAFFIC_SECRET a728a4d4458fa32e63cac308de2782d1b27f9ecd45790418e68e2742d7671ecf 2c40f5e2d87a13981338b5e6de560fb7e1c7113118e8d60fef80aa555b2f7704
SERVER_HANDSHAKE_TRAFFIC_SECRET a728a4d4458fa32e63cac308de2782d1b27f9ecd45790418e68e2742d7671ecf 14fde10e7b7a578d07c0644fe11cc996ddd89a26ce80c7eab51450803950e2f9
CLIENT_HANDSHAKE_TRAFFIC_SECRET 048ad9b1da2e5dc25d8702974a170377aa844b839eb134775ca83c56471d7cf5 708e1311e31db7838dcd1bc176cbc9de85f1b7a0dd0aa121edd6c028f9d3c998
SERVER_HANDSHAKE_TRAFFIC_SECRET 048ad9b1da2e5dc25d8702974a170377aa844b839eb134775ca83c56471d7cf5 95e1eedb463d4cc049395ba2284f65b0c0e551667a421bed5d40121a5f6b1fb3
CLIENT_HANDSHAKE_TRAFFIC_SECRET b3cef199acd558c625f385430a9ae65eeeec9a5d682b31c37948fae100786c82 122ace29a2f87fee896895f584ee22d0a32f88cbe295bc6d86e958884fb3fb79
SERVER_HANDSHAKE_TRAFFIC_SECRET b3cef199acd558c625f385430a9ae65eeeec9a5d682b31c37948fae100786c82 924fa4e27423a76eae2db6de2e450ca2f63f74b05fdfbe324cbc1c1e4515b80a
CLIENT_TRAFFIC_SECRET_0 a728a4d4458fa32e63cac308de2782d1b27f9ecd45790418e68e2742d7671ecf 2862be006677f047320bde31906d0384e8b210196490ab569b3b555b36f0092d
SERVER_TRAFFIC_SECRET_0 a728a4d4458fa32e63cac308de2782d1b27f9ecd45790418e68e2742d7671ecf 6ae0a0fef52014d1aff9f623c6631d21ce67c009b405d91b9c4e78234d8aba7a
EXPORTER_SECRET a728a4d4458fa32e63cac308de2782d1b27f9ecd45790418e68e2742d7671ecf 1da433d38f44c0d4a1a6c0610c1145a2b49e6eafc9a419ac2b36bdd9bb3033a6
CLIENT_TRAFFIC_SECRET_0 048ad9b1da2e5dc25d8702974a170377aa844b839eb134775ca83c56471d7cf5 c283d7caa8805bfa57b4f2811831d9bbdbb81cc776084e4643823a2e8c7e6878
SERVER_TRAFFIC_SECRET_0 048ad9b1da2e5dc25d8702974a170377aa844b839eb134775ca83c56471d7cf5 1a557c798582b6f9f6ceb50fc22b799104e4bf5c0eae805de79f346ee28dfcb8
EXPORTER_SECRET 048ad9b1da2e5dc25d8702974a170377aa844b839eb134775ca83c56471d7cf5 3c2134ac80daa42784bf3c5ac6738c5b94a16399e404f57a2eaaf20991476478
CLIENT_TRAFFIC_SECRET_0 b3cef199acd558c625f385430a9ae65eeeec9a5d682b31c37948fae100786c82 e56451bc531eebc00e1327e0e1a6eb39322393ee60ab062cf6a6abd08ed2a893
SERVER_TRAFFIC_SECRET_0 b3cef199acd558c625f385430a9ae65eeeec9a5d682b31c37948fae100786c82 8cc569a1e2244c9b18ffff365fdba07a79398cfd753d33d32b49aefaf73259cf
EXPORTER_SECRET b3cef199acd558c625f385430a9ae65eeeec9a5d682b31c37948fae100786c82 bb88bc81c8230376b2464a39d2532ee5719804d0d2c64f0da742041536a12c7e
