CLIENT_HANDSHAKE_TRAFFIC_SECRET 86e0138d38d02ab51368808e730f71b81a4c5c597f8a5b811fd395e132445a0b 792afc5d1129603616cd35f77011c321874dbf63e09a48663d75fa9f8b31bfd9
SERVER_HANDSHAKE_TRAFFIC_SECRET 86e0138d38d02ab51368808e730f71b81a4c5c597f8a5b811fd395e132445a0b 37c78a61fbcad7b7c14f9a160a1f58f08ad6a2306271337fbd70f83d33395ebe
CLIENT_TRAFFIC_SECRET_0 86e0138d38d02ab51368808e730f71b81a4c5c597f8a5b811fd395e132445a0b 9c21c6e8c52712f1698bf0f1d9e44a63409ff38fbd680600d02e9a4ec25e2ef2
SERVER_TRAFFIC_SECRET_0 86e0138d38d02ab51368808e730f71b81a4c5c597f8a5b811fd395e132445a0b e594835435d78901bd80986bada10a5443d64d355ba286e200e79e0c7f49a3ba
EXPORTER_SECRET 86e0138d38d02ab51368808e730f71b81a4c5c597f8a5b811fd395e132445a0b 4c13599b3989ba59a8c8043936186f3061590a1483cb8ebed036440fd9206a61
CLIENT_HANDSHAKE_TRAFFIC_SECRET 2dbdd4cdaba3c3d20a2a0b0e59423f2d8f403f16ae2b08a556de1540eb38bdee fa97cf49f1f8a57ca688e7438c6d889523971a17f2ea52b45e3c4174c4c3dfcd
SERVER_HANDSHAKE_TRAFFIC_SECRET 2dbdd4cdaba3c3d20a2a0b0e59423f2d8f403f16ae2b08a556de1540eb38bdee 5022de01642ae8ce89b93a7ce01cae6b0746c02cd6e849015f16ef72177b4570
CLIENT_TRAFFIC_SECRET_0 2dbdd4cdaba3c3d20a2a0b0e59423f2d8f403f16ae2b08a556de1540eb38bdee b9f89d88cb802c152957b1727be88c0bc7fea106b93bd200e2cdf83ee8629eb0
SERVER_TRAFFIC_SECRET_0 2dbdd4cdaba3c3d20a2a0b0e59423f2d8f403f16ae2b08a556de1540eb38bdee 658ce1a86de44483b2e793844db5e2bc918c25308231d016be3df1abe412e12f
EXPORTER_SECRET 2dbdd4cdaba3c3d20a2a0b0e59423f2d8f403f16ae2b08a556de1540eb38bdee dfa3fd70ce18f1b26280a410d710de5529cd08757100a7fdde597ea233ace836
CLIENT_HANDSHAKE_TRAFFIC_SECRET 2fab786d202f39ab4b40a17df0b2c8ec495534c117d12daddc755b9105bb3646 acd48100d205c428c369e7dcf1ca1adc66eb5ff3ba425e0b312dfac9b4b2b312
SERVER_HANDSHAKE_TRAFFIC_SECRET 2fab786d202f39ab4b40a17df0b2c8ec495534c117d12daddc755b9105bb3646 f3810add54ccadcb0608ebadd51540d6c379c8abdad1da9e3822276473cac82b
CLIENT_TRAFFIC_SECRET_0 2fab786d202f39ab4b40a17df0b2c8ec495534c117d12daddc755b9105bb3646 87e445076e50a295f6e71f4fefe76c8d26f44290e22f028c1fa7a016312be37e
SERVER_TRAFFIC_SECRET_0 2fab786d202f39ab4b40a17df0b2c8ec495534c117d12daddc755b9105bb3646 b04f3b828aa461432e534385bbd21a123c63932533ea07de37c4fc0905b58a81
EXPORTER_SECRET 2fab786d202f39ab4b40a17df0b2c8ec495534c117d12daddc755b9105bb3646 26fad575c9cc9e0491b447891115e043bc76c22e381059945219d9a2c2cd2f0f
CLIENT_HANDSHAKE_TRAFFIC_SECRET 5ed2b8acea554fcff90d209d70f1e7ff9448d0de3b541d95fd930d6ed85f11a2 8e6d8752c9c65de3956eb863bfc60e0064487c24a6897e8d41774f059f57e28b
SERVER_HANDSHAKE_TRAFFIC_SECRET 5ed2b8acea554fcff90d209d70f1e7ff9448d0de3b541d95fd930d6ed85f11a2 2849deb6c86c44a068151207fcc4e2f0da44bb9d9f25a57a3cb27c51856cadef
CLIENT_TRAFFIC_SECRET_0 5ed2b8acea554fcff90d209d70f1e7ff9448d0de3b541d95fd930d6ed85f11a2 c2c38785e0b8168adcf626c60ac1e791a65f7396c23fc6a7290164bc9216a903
SERVER_TRAFFIC_SECRET_0 5ed2b8acea554fcff90d209d70f1e7ff9448d0de3b541d95fd930d6ed85f11a2 ec01a4f172575e8255b710942ee1b05ea192bb692af4080ff2e9248e3ababfd5
EXPORTER_SECRET 5ed2b8acea554fcff90d209d70f1e7ff9448d0de3b541d95fd930d6ed85f11a2 86d3377d6de19464a1e9e3b486c88475d5868768d46251424322c5f35e005b7f
CLIENT_HANDSHAKE_TRAFFIC_SECRET 9218a07e6cce875469f872e8f432962731aca2fdd05e4bbdc631461529cbb4d9 5cc4c9962c88fe06d0426909b5db1e1189356033f60bd166760e49e59894b8d1
SERVER_HANDSHAKE_TRAFFIC_SECRET 9218a07e6cce875469f872e8f432962731aca2fdd05e4bbdc631461529cbb4d9 c1864783768a7753228711afaff34304183d245ee8d3a984c24b7d46cb9a60d0
CLIENT_TRAFFIC_SECRET_0 9218a07e6cce875469f872e8f432962731aca2fdd05e4bbdc631461529cbb4d9 d1823261a2a4f52b12dd999b8b6ee572df3092e251b381baafb39bc5a3f2a243
SERVER_TRAFFIC_SECRET_0 9218a07e6cce875469f872e8f432962731aca2fdd05e4bbdc631461529cbb4d9 8a5aa4ed599b04344ba80fbfb6c21fcb642abeb6ed0cbafdb79ccbbf8913143e
EXPORTER_SECRET 9218a07e6cce875469f872e8f432962731aca2fdd05e4bbdc631461529cbb4d9 b035945a4fdae637717ababb71ffdaa9d294527d194372227fe9895f2c21c0f8
CLIENT_HANDSHAKE_TRAFFIC_SECRET 582cc1777cc4f15040f9948763c2b11a66a8c3e339950bcd60c3427c24cc3cc3 59adcd1f61cc7a8f046bad4f3adf4c0c2f638b9f515afe54f33b36b14b03c075
SERVER_HANDSHAKE_TRAFFIC_SECRET 582cc1777cc4f15040f9948763c2b11a66a8c3e339950bcd60c3427c24cc3cc3 513707276fd1b8ea38f6520e1c47c5a6d0e6163d850b15ef5d0ff839dc940328
CLIENT_TRAFFIC_SECRET_0 582cc1777cc4f15040f9948763c2b11a66a8c3e339950bcd60c3427c24cc3cc3 32b4cc7dbf507178b1aeb6266a1bb4701cf8cc217dea8a354aa3e8fdae175967
SERVER_TRAFFIC_SECRET_0 582cc1777cc4f15040f9948763c2b11a66a8c3e339950bcd60c3427c24cc3cc3 84f08a4796dce66f97f2876114a4817bb22f0ca318d9bc88188cb6a2208b2891
EXPORTER_SECRET 582cc1777cc4f15040f9948763c2b11a66a8c3e339950bcd60c3427c24cc3cc3 3460aef1dfd53ae9ddc4c478f8b251ae0d85fd47062f2cc24f30509732659cdf
CLIENT_HANDSHAKE_TRAFFIC_SECRET 51cd636b3373ace1a26e83193d5a37c08674a8daa6dac4c901a5aa1f93ba337a 6951802a7a4180a51ad4ed5126e3c2cfcf5b19efd64135d44b037d11a91ae818
SERVER_HANDSHAKE_TRAFFIC_SECRET 51cd636b3373ace1a26e83193d5a37c08674a8daa6dac4c901a5aa1f93ba337a 978b39df4169ac5e0efbf93de5f7b3d81ed6b94e792f9836a1fe3f8e106e1070
CLIENT_HANDSHAKE_TRAFFIC_SECRET 34ff1db0ad6f4a5818a28c1710c09967979cd7f1cc3a2f3eccf6dc827e27c4bd 372ae9572e31f73256805b26a6bb3ac8d49965f1b5943776ac155107078b55a2
SERVER_HANDSHAKE_TRAFFIC_SECRET 34ff1db0ad6f4a5818a28c1710c09967979cd7f1cc3a2f3eccf6dc827e27c4bd feea93485fefc0341874c7b35649e27ff5f6c678bc7f1ae60e21bc0d8b9fe03a
CLIENT_TRAFFIC_SECRET_0 51cd636b3373ace1a26e83193d5a37c08674a8daa6dac4c901a5aa1f93ba337a 8a5706fea4c28354becbfc08460259b4d665e2892086ae05c75dd9cbb7dd6a08
SERVER_TRAFFIC_SECRET_0 51cd636b3373ace1a26e83193d5a37c08674a8daa6dac4c901a5aa1f93ba337a a009d7d79119e763c9fede8a58707022b0d35287987e82f85eedd88511160e04
EXPORTER_SECRET 51cd636b3373ace1a26e83193d5a37c08674a8daa6dac4c901a5aa1f93ba337a 8121323b5dfd65acbffea2e3c699cdfe1b7b7288afff06f7ea08eca7b26c82bf
CLIENT_TRAFFIC_SECRET_0 34ff1db0ad6f4a5818a28c1710c09967979cd7f1cc3a2f3eccf6dc827e27c4bd 74a9dc0aeda3999573c449b1fa63e3bc424e581d4a7622fed912d55a6e93c8cf
SERVER_TRAFFIC_SECRET_0 34ff1db0ad6f4a5818a28c1710c09967979cd7f1cc3a2f3eccf6dc827e27c4bd a7c874ebe00a9d0b7dee8ed1deb5f48572e41f4d4996164e2c019fd01caa3391
EXPORTER_SECRET 34ff1db0ad6f4a5818a28c1710c09967979cd7f1cc3a2f3eccf6dc827e27c4bd 0a575eca81e179727d073f570078453b75587622243658a4346000e41b17977d
CLIENT_HANDSHAKE_TRAFFIC_SECRET cf036108e11459e0a581408ff8d71029f8272dafd59e7139ba03aa055b51b578 82e33edc0a05e7a9264d69b27cc0beb8b17dadfe2a6c30a1f47ec2298ca1afb4
SERVER_HANDSHAKE_TRAFFIC_SECRET cf036108e11459e0a581408ff8d71029f8272dafd59e7139ba03aa055b51b578 7441310d75bd74b06dce488ff6b255c80165443b38779662540b7f703f2f636d
CLIENT_TRAFFIC_SECRET_0 cf036108e11459e0a581408ff8d71029f8272dafd59e7139ba03aa055b51b578 6d8f02658ca2363b5be049d42a550ac27fa1a1e005e79892c7e582f7f2214776
SERVER_TRAFFIC_SECRET_0 cf036108e11459e0a581408ff8d71029f8272dafd59e7139ba03aa055b51b578 9e413bf1209183334ca38aaa852c68c2a896809ee7ab160c1a863bc7836962ab
EXPORTER_SECRET cf036108e11459e0a581408ff8d71029f8272dafd59e7139ba03aa055b51b578 1711a8fbc546f686d9f2d5049a51154529d7f47e76037e84cebee5053172a944
CLIENT_HANDSHAKE_TRAFFIC_SECRET c93120f9c4ef3391bf3630cbfa3ccdb10c35111c7c37aaba1865d4685ef84255 fccc69ab18e3bb2ecfe18ac5121b0238dd256cbd707a6b0633156f6a761865eb
SERVER_HANDSHAKE_TRAFFIC_SECRET c93120f9c4ef3391bf3630cbfa3ccdb10c35111c7c37aaba1865d4685ef84255 37d975d1effdb91dd84862d56f9291bd98b41f9dffaf6c9baa8a057f25d82963
CLIENT_HANDSHAKE_TRAFFIC_SECRET 1c88ab23a90e5d7c3855e6d97f1fb4d1bdd3623c777653f16c13d784fbfdf95a 72cf892b7c4fb1f1446b82112b6d545798b0a08a66d09cab5fac296e9b94ac22
SERVER_HANDSHAKE_TRAFFIC_SECRET 1c88ab23a90e5d7c3855e6d97f1fb4d1bdd3623c777653f16c13d784fbfdf95a 3d68f850d78affc9e8ce293a9088565bf9018f1171af6b09487bfc99828ceeef
CLIENT_TRAFFIC_SECRET_0 c93120f9c4ef3391bf3630cbfa3ccdb10c35111c7c37aaba1865d4685ef84255 e3a22a79f69498ec7128e24514fbc9e8717c634bb5f7a4e981ec917b88e350cc
SERVER_TRAFFIC_SECRET_0 c93120f9c4ef3391bf3630cbfa3ccdb10c35111c7c37aaba1865d4685ef84255 d44de1ce07b436c4b28bb1dbf81088f956cf21bc0ebf2d2dee8fd53fdf7e22b8
EXPORTER_SECRET c93120f9c4ef3391bf3630cbfa3ccdb10c35111c7c37aaba1865d4685ef84255 d2c1fea2eaee9bf195edf7de20fd19c64ce76ca38a9191c6980587b5d5932de8
CLIENT_TRAFFIC_SECRET_0 1c88ab23a90e5d7c3855e6d97f1fb4d1bdd3623c777653f16c13d784fbfdf95a 4d34170732b3766896c1ae1fd76ff21427fb7f736aa00070639ee21c7fd884e6
SERVER_TRAFFIC_SECRET_0 1c88ab23a90e5d7c3855e6d97f1fb4d1bdd3623c777653f16c13d784fbfdf95a 0837ebc76e98ed6c02be692bf234f7b5e701e2da85fa99582157c3edc121a670
EXPORTER_SECRET 1c88ab23a90e5d7c3855e6d97f1fb4d1bdd3623c777653f16c13d784fbfdf95a ae2d706a8273875e2f1841c58badfaa8c463b67d73a19631159dae194a14ed2c
CLIENT_HANDSHAKE_TRAFFIC_SECRET 5440d0e209bb3046d7e69c1c4f826dd1e33acaea2f86e377ce039d4ac6ca805e 88a599ebcc2acb4999a13179ee384de7ca7c2991697cdf6b147122fafcd707fc
SERVER_HANDSHAKE_TRAFFIC_SECRET 5440d0e209bb3046d7e69c1c4f826dd1e33acaea2f86e377ce039d4ac6ca805e c8034f680f90849bdc29c33a4b6fa407adbee9ea084730d949747c800158a14f
CLIENT_TRAFFIC_SECRET_0 5440d0e209bb3046d7e69c1c4f826dd1e33acaea2f86e377ce039d4ac6ca805e 74aa65a9f9f81d409d46adeae307c52cbcc143c02396ca8acffd5424d6e9f5c4
SERVER_TRAFFIC_SECRET_0 5440d0e209bb3046d7e69c1c4f826dd1e33acaea2f86e377ce039d4ac6ca805e 816b896e66ae3da7b70a983c3161843aee285b4cdde103f5a679d51fe93a1f35
EXPORTER_SECRET 5440d0e209bb3046d7e69c1c4f826dd1e33acaea2f86e377ce039d4ac6ca805e 37237d725ba2b33d52e0e76261f2d64021918dba3ad3372734c368ae790b7376
CLIENT_HANDSHAKE_TRAFFIC_SECRET 9a0bda26546749ab1f3a65a855800d3881b00283328ba242097ec09050257a6b 9f70d44d514aba05fadb3b8b9f8f6256dd256f758baa19ef20281f30b9e836ae
SERVER_HANDSHAKE_TRAFFIC_SECRET 9a0bda26546749ab1f3a65a855800d3881b00283328ba242097ec09050257a6b c44eadcd3c8d2f0acdb4f94f64000109fda3d8917d472fe492c5d6f518b03089
CLIENT_TRAFFIC_SECRET_0 9a0bda26546749ab1f3a65a855800d3881b00283328ba242097ec09050257a6b 506b9a2f7342f7645d76e549830de3eb006c97b13520bfd1b5a8a4dbf8291fb6
SERVER_TRAFFIC_SECRET_0 9a0bda26546749ab1f3a65a855800d3881b00283328ba242097ec09050257a6b ca14d946c0825bbcb9eea387b752b7ad4f4fca7f7774ec687be3d73744ce5fdf
EXPORTER_SECRET 9a0bda26546749ab1f3a65a855800d3881b00283328ba242097ec09050257a6b 739d49bd8e05262cb2560b054c935e8641b20eaa6e8950ee83a87bbd0fceb710
CLIENT_HANDSHAKE_TRAFFIC_SECRET 4118c2bd42af6850962bab28e007dc07cbe0171305ce766bc2e55ee863018dcf b999d607b6775a62740002574e32afeaf2ead8fca7ee90a678f6efe98b02fba7
SERVER_HANDSHAKE_TRAFFIC_SECRET 4118c2bd42af6850962bab28e007dc07cbe0171305ce766bc2e55ee863018dcf 547caf865e396eb7f57300ffa79575e78658aadaf46ff3957d48685bf36a2110
CLIENT_TRAFFIC_SECRET_0 4118c2bd42af6850962bab28e007dc07cbe0171305ce766bc2e55ee863018dcf f5e866f74c5a14d50f10035fa3fd5e60298fbf9dbdf5b1b9b47f2cbcdc95abfe
SERVER_TRAFFIC_SECRET_0 4118c2bd42af6850962bab28e007dc07cbe0171305ce766bc2e55ee863018dcf 67508514e9f3e4226a4a336d7cb332748df8de0dfdd9e23c017acbad7faae1e1
EXPORTER_SECRET 4118c2bd42af6850962bab28e007dc07cbe0171305ce766bc2e55ee863018dcf 85865df01ca22873b7806841b3a7c678639483c46fddd57faea03352c0d12cb3
CLIENT_HANDSHAKE_TRAFFIC_SECRET cb443beffc5f8f1cb2bb60d267f1e2d6b6cb81021e66a3d94c47f6ba30a76d84 50fd54f149afb705fac29a58d42f4e6d7297ba3255aab02d6f72f8ab07101cfa
SERVER_HANDSHAKE_TRAFFIC_SECRET cb443beffc5f8f1cb2bb60d267f1e2d6b6cb81021e66a3d94c47f6ba30a76d84 fa43748b5522d13a4314703a7e855ff6e3b96a8b82dc5a94ab7581bbf03a9364
CLIENT_TRAFFIC_SECRET_0 cb443beffc5f8f1cb2bb60d267f1e2d6b6cb81021e66a3d94c47f6ba30a76d84 9a144b7af399d4cfefca3524086a791e48011dfb3896940678234c906b0b8738
SERVER_TRAFFIC_SECRET_0 cb443beffc5f8f1cb2bb60d267f1e2d6b6cb81021e66a3d94c47f6ba30a76d84 22dfe831211beca22726a54c2cbf4e5c3d70052b9b9936a6088e99433dfce125
EXPORTER_SECRET cb443beffc5f8f1cb2bb60d267f1e2d6b6cb81021e66a3d94c47f6ba30a76d84 64268e7950dc708cf0e319d678d9cb0d830cf08caf67e56de620a9e63e73ec87
CLIENT_HANDSHAKE_TRAFFIC_SECRET 394fd85d4a12dc07474f4ed122fc99913170f65d63f8631430cd4c4c8f560fce 7097bdc57ec778beee682956554a3fbe3a105c5e53243227ca19a64f62712ab0
SERVER_HANDSHAKE_TRAFFIC_SECRET 394fd85d4a12dc07474f4ed122fc99913170f65d63f8631430cd4c4c8f560fce 27c7103308e995cdbb4141ba306e682778aee2653e9a88d6e794abcea0c37b14
CLIENT_TRAFFIC_SECRET_0 394fd85d4a12dc07474f4ed122fc99913170f65d63f8631430cd4c4c8f560fce 1fd99287f6f703fdfbbeec31562fef207b5cfbffe26642715c13b7be83973db4
SERVER_TRAFFIC_SECRET_0 394fd85d4a12dc07474f4ed122fc99913170f65d63f8631430cd4c4c8f560fce 9e13fb5a1dd5ad787dfd32f08026fc75f23af0fd3ccf1080b8a453fce4c336fe
EXPORTER_SECRET 394fd85d4a12dc07474f4ed122fc99913170f65d63f8631430cd4c4c8f560fce b775cd6f32fb9230315b0d56362e1a3a72c00830f9decb2ac2455d61a4e10797
CLIENT_HANDSHAKE_TRAFFIC_SECRET 7d804b437b3399b5b311e90a351061bfd2829d37d1bd2df59a8a9557f8c5c8f0 5f3864a13c5569789070889b1cbde9e5a6e8fca7efd11412ece9d7c4fb2f5664
SERVER_HANDSHAKE_TRAFFIC_SECRET 7d804b437b3399b5b311e90a351061bfd2829d37d1bd2df59a8a9557f8c5c8f0 020dd88b31de60cdb013f394c4b3cad7f30c4c04071c5e1795a6458cadacffe5
CLIENT_TRAFFIC_SECRET_0 7d804b437b3399b5b311e90a351061bfd2829d37d1bd2df59a8a9557f8c5c8f0 d58848712131e803ee9e5924a34ba61a1c99d52ef6ed28037b696af551f8159d
SERVER_TRAFFIC_SECRET_0 7d804b437b3399b5b311e90a351061bfd2829d37d1bd2df59a8a9557f8c5c8f0 7bf5624e45f6d1101335dde9a5ea84cf58dea12cb10429b459150645baadd69c
EXPORTER_SECRET 7d804b437b3399b5b311e90a351061bfd2829d37d1bd2df59a8a9557f8c5c8f0 29014795f2be204b40812e7dc8958c4a35ade437583ef8d837c7888827cdcfda
CLIENT_HANDSHAKE_TRAFFIC_SECRET 95f3377db67b03fd27ead768218b93bd69380e49eeba512318e5638d00481b92 2189b26218d972c6514ab9cace1f13894f17ea9b1ff4dc370e6599dec36552ab
SERVER_HANDSHAKE_TRAFFIC_SECRET 95f3377db67b03fd27ead768218b93bd69380e49eeba512318e5638d00481b92 6290c246d67435bf5957adec2e06e46b97d192b709829f2907855b8108123c90
CLIENT_TRAFFIC_SECRET_0 95f3377db67b03fd27ead768218b93bd69380e49eeba512318e5638d00481b92 d032a8532acf4140b90294929bb3605ac53a848e542e7334245be78238024687
SERVER_TRAFFIC_SECRET_0 95f3377db67b03fd27ead768218b93bd69380e49eeba512318e5638d00481b92 03b9a56531a91d5fae97b116bedbdb0e9caf39a4ff0bc29be065f4874d670e90
EXPORTER_SECRET 95f3377db67b03fd27ead768218b93bd69380e49eeba512318e5638d00481b92 d34e7115fd67128f5a4d7adfd46da6dfd78842074f20943cce9e0213c7aecf53
CLIENT_HANDSHAKE_TRAFFIC_SECRET d20c7afe8937d502135af48464429400282be10c6933846cf791962117eda51b 8174c93ee52fa98e8937dbea315f0e69ab94b340b307be4ea5bb518bbd653ec4
SERVER_HANDSHAKE_TRAFFIC_SECRET d20c7afe8937d502135af48464429400282be10c6933846cf791962117eda51b 8adf1b94ff9b3bc4868380692381495829dd917819c013edeaa0be3a40bccb13
CLIENT_TRAFFIC_SECRET_0 d20c7afe8937d502135af48464429400282be10c6933846cf791962117eda51b 506317d099fdeee584a2a2fa0db04a15a9d44386b16ad8aac3239071a186295a
SERVER_TRAFFIC_SECRET_0 d20c7afe8937d502135af48464429400282be10c6933846cf791962117eda51b 7c9c8c21b6e29b8e926102eeafb3872e3f335dc8b25e731e700109017ecf653b
EXPORTER_SECRET d20c7afe8937d502135af48464429400282be10c6933846cf791962117eda51b 163b76d06c7238b789d353aadb5d66b48960eedb36aca84e02583f9066dc207d
CLIENT_HANDSHAKE_TRAFFIC_SECRET 9fb8bed6da5dab34d7ed03299b9703eeff208105bcd13d3dedc07e8e6e59aa62 81101a9b49ab6b1d989abab088c36d9e6f563b0c772ae98263c7a7e17ec20909
SERVER_HANDSHAKE_TRAFFIC_SECRET 9fb8bed6da5dab34d7ed03299b9703eeff208105bcd13d3dedc07e8e6e59aa62 b801959d279e02ebb387e899b4f8250152dc1a1fc51782dcd65c06e4b230a57d
CLIENT_HANDSHAKE_TRAFFIC_SECRET 4b575fc3e7610be0478fece54ced6deda2594c306ff7bf47428807e9cd11d46c 9ccce53487787dd51afa5c9cfd0a77afdbe4204caa176d725263ae74202ce7da
SERVER_HANDSHAKE_TRAFFIC_SECRET 4b575fc3e7610be0478fece54ced6deda2594c306ff7bf47428807e9cd11d46c 7e93a91021b7651f6b97060f54e1c8799195e93685248416b6d3fa015b7e0c6e
CLIENT_TRAFFIC_SECRET_0 9fb8bed6da5dab34d7ed03299b9703eeff208105bcd13d3dedc07e8e6e59aa62 364efc1fe499225dd7373fdd6d38b60e208f2e195291523ec38c3a9780701e0f
SERVER_TRAFFIC_SECRET_0 9fb8bed6da5dab34d7ed03299b9703eeff208105bcd13d3dedc07e8e6e59aa62 46b03511d4f2f59bc2a3fcde3e905167a583694ed165fe02af4f836f6991efe6
EXPORTER_SECRET 9fb8bed6da5dab34d7ed03299b9703eeff208105bcd13d3dedc07e8e6e59aa62 28e74fe3cedf8a86d8153e4aff56dc7848e04a8b4ac936f9e8b88bc61113a5e9
CLIENT_TRAFFIC_SECRET_0 4b575fc3e7610be0478fece54ced6deda2594c306ff7bf47428807e9cd11d46c 6e3046288fea804289bea9aeab2764285a402e6c295b65135a0f163f5b26c155
SERVER_TRAFFIC_SECRET_0 4b575fc3e7610be0478fece54ced6deda2594c306ff7bf47428807e9cd11d46c 804e95b13ddafca94d24bf31204baea0c33fc0d524c5eb435641aa6a404e0ee9
EXPORTER_SECRET 4b575fc3e7610be0478fece54ced6deda2594c306ff7bf47428807e9cd11d46c ed19bf9bfea15d3759aa39a68ca74d5c46388d9cf7a5ca91a2cb883556a50891
CLIENT_HANDSHAKE_TRAFFIC_SECRET 17396bd199cb2679d16e4efb315556cf3a8dead4996b474d0f4a44954bbfc576 4de151c71c3063e8e85de6f3a8ad26f9e0fb821268750090dcad1e598c7b4aca
SERVER_HANDSHAKE_TRAFFIC_SECRET 17396bd199cb2679d16e4efb315556cf3a8dead4996b474d0f4a44954bbfc576 aac17587a98d800a9ab5c72f9e80f1ebada33a8dc9903de866b136e6def97d0c
CLIENT_HANDSHAKE_TRAFFIC_SECRET eb4189d5420db8e75f507983af095b12e968d888237dfdf3873ab019bc6062c5 3a67db62ba717ec1260b15bf458363d57631057076c391e10ae85b5c4fbc43c9
SERVER_HANDSHAKE_TRAFFIC_SECRET eb4189d5420db8e75f507983af095b12e968d888237dfdf3873ab019bc6062c5 298cff1dfa952150268a17f7deaa3adedca0630e0d17fc23363768e71e3d804c
CLIENT_TRAFFIC_SECRET_0 eb4189d5420db8e75f507983af095b12e968d888237dfdf3873ab019bc6062c5 331a36f84ef7c5822226f03867f0a61882598730d9e32a90792c43682483bd0c
SERVER_TRAFFIC_SECRET_0 eb4189d5420db8e75f507983af095b12e968d888237dfdf3873ab019bc6062c5 0f366043bda3801d0ba92e1831df50d72c5598e7b14982b4577b6b5224915639
EXPORTER_SECRET eb4189d5420db8e75f507983af095b12e968d888237dfdf3873ab019bc6062c5 660ecf307070f693de1b67fe4282c2c7dc7f7765cc3cb7f75cba5ddc4484c97a
CLIENT_HANDSHAKE_TRAFFIC_SECRET e153fcbe775b40e801ff773bf308e38a9a7b2f29ac691663b67a29a6d7ff8f1b 9812e8d3f14b49506888b3a4eac951ded2098434c2e34a58fd740921876040f7
SERVER_HANDSHAKE_TRAFFIC_SECRET e153fcbe775b40e801ff773bf308e38a9a7b2f29ac691663b67a29a6d7ff8f1b 6ea44046f39a14d02af5ced74d07f45c4d2e6c786466e54c2648a602ab7dae88
CLIENT_HANDSHAKE_TRAFFIC_SECRET 6b78e778a72d946760d42e58c57f93d7328419f24b5d743a8038107d7cf4ba93 b38a06a722429314629726644dfb8b8d302a3afc94be681519636c89a0b3b867
SERVER_HANDSHAKE_TRAFFIC_SECRET 6b78e778a72d946760d42e58c57f93d7328419f24b5d743a8038107d7cf4ba93 a95eb999b1f8be487d19dee3c22fe2f7079de99ab62a80a7b36be9c5a7416c59
CLIENT_HANDSHAKE_TRAFFIC_SECRET 7cc294eef1a130bb80a52d028aaa599b0d1e6716bb961388ea9647a83ea5e6ca 21b07149972a100446a21bad5294f482b6b59a87b49e7ee64b0fb042ec61c711
SERVER_HANDSHAKE_TRAFFIC_SECRET 7cc294eef1a130bb80a52d028aaa599b0d1e6716bb961388ea9647a83ea5e6ca a2c335e2025535fe4aec5a11f2c78de8d8781687fb981975c0d399bb4ffbf93f
CLIENT_TRAFFIC_SECRET_0 7cc294eef1a130bb80a52d028aaa599b0d1e6716bb961388ea9647a83ea5e6ca ae4b3b0b2a27ea306228af34f51f0d856f7d683553210ac8d7de6ad9cb5e1234
SERVER_TRAFFIC_SECRET_0 7cc294eef1a130bb80a52d028aaa599b0d1e6716bb961388ea9647a83ea5e6ca 53f3c8d2657be710fa80bdc3b2a9b6a23c11f9c5209a8e79e677ff3eeea78172
EXPORTER_SECRET 7cc294eef1a130bb80a52d028aaa599b0d1e6716bb961388ea9647a83ea5e6ca 1e984a6b813009ec9fb6b705fa0467c47d93f8872b8a52645f8cb79a95f912c7
CLIENT_HANDSHAKE_TRAFFIC_SECRET 5712253462afc5fa7407aabadb3981d6619665e7c189141239180adc7e9b173c 1c18ae7a33eb858e68bca5c1dfd0ef7cb2c51d18ca2dc3c518dc37500b2911fe
SERVER_HANDSHAKE_TRAFFIC_SECRET 5712253462afc5fa7407aabadb3981d6619665e7c189141239180adc7e9b173c 4d4ba07d3e89dda73b434084622fb2f0d0ec5ce00ba8b43d8e053461bd708d38
CLIENT_TRAFFIC_SECRET_0 5712253462afc5fa7407aabadb3981d6619665e7c189141239180adc7e9b173c 7e9014fbeabff1589687d144f597e5dccf29135443dfc6e0bc166ee3432e28b2
SERVER_TRAFFIC_SECRET_0 5712253462afc5fa7407aabadb3981d6619665e7c189141239180adc7e9b173c 08e0b7c338fe3cec740ad3daccd0076a54c7a3417c6e773b7a09704c8c0f956e
EXPORTER_SECRET 5712253462afc5fa7407aabadb3981d6619665e7c189141239180adc7e9b173c c32d7f944e8479887dd7288551c04fe99d41151d0e31a351e3d468334a6fcd49
CLIENT_TRAFFIC_SECRET_0 17396bd199cb2679d16e4efb315556cf3a8dead4996b474d0f4a44954bbfc576 f1016110f8242487778b5ed0d48e424e96d649823bb0b42207af6d278fc87e57
SERVER_TRAFFIC_SECRET_0 17396bd199cb2679d16e4efb315556cf3a8dead4996b474d0f4a44954bbfc576 73ad61cf603cb34061fee9c5b5badbddc4f355d8cbe083dd24073f4c0bf0015b
EXPORTER_SECRET 17396bd199cb2679d16e4efb315556cf3a8dead4996b474d0f4a44954bbfc576 05ca17bf32f16f64187672cfaf64581491fdf4c177b4230193b2600485922892
CLIENT_TRAFFIC_SECRET_0 e153fcbe775b40e801ff773bf308e38a9a7b2f29ac691663b67a29a6d7ff8f1b cfdb23a4d9c018e2fbb0af76c81c8823fc3b2a3f4ec142e9f5cd51ec299253c5
SERVER_TRAFFIC_SECRET_0 e153fcbe775b40e801ff773bf308e38a9a7b2f29ac691663b67a29a6d7ff8f1b a3a8265a35044963c5d3ffc3f9aa081187f3dfc0227d3c6c1192d2c6705556f8
EXPORTER_SECRET e153fcbe775b40e801ff773bf308e38a9a7b2f29ac691663b67a29a6d7ff8f1b 9e5d2c7e3f0a8ef06bba7c288bb6a97cc19e4e4fb2cfd815b176fbc09bd40f87
CLIENT_TRAFFIC_SECRET_0 6b78e778a72d946760d42e58c57f93d7328419f24b5d743a8038107d7cf4ba93 7b220a2f8ca67423ed0d3835e5404387e395f051949705bdd3a43f7e474ac25d
SERVER_TRAFFIC_SECRET_0 6b78e778a72d946760d42e58c57f93d7328419f24b5d743a8038107d7cf4ba93 d3a7bb5d52633da792d961b198dd6f6a3b13f6fe68ce6de58ddb8fd8d41fe3e8
EXPORTER_SECRET 6b78e778a72d946760d42e58c57f93d7328419f24b5d743a8038107d7cf4ba93 4ac51a2199ab175e8d956082eb00e3408fee5ec6cde79b8590e42455bc289f25
CLIENT_HANDSHAKE_TRAFFIC_SECRET 8bf43c8002f3dfdd4057a9273b191f3d861688a2c2ad4154fdd5e1c3fa5899cf 65bb41ff8589411b55083121093335c90cb7447389b636fc4e3c94713e91c0aa
SERVER_HANDSHAKE_TRAFFIC_SECRET 8bf43c8002f3dfdd4057a9273b191f3d861688a2c2ad4154fdd5e1c3fa5899cf 5a791902574ed2ca5f91e8c9b9c8a1c9e7537182f3916a8e2163437df161c2e1
CLIENT_TRAFFIC_SECRET_0 8bf43c8002f3dfdd4057a9273b191f3d861688a2c2ad4154fdd5e1c3fa5899cf b8e5390deba55cd91eea1a0d6f5ff20361aa875cb167f0f8aca9ba67660b2477
SERVER_TRAFFIC_SECRET_0 8bf43c8002f3dfdd4057a9273b191f3d861688a2c2ad4154fdd5e1c3fa5899cf d0a0d3ab8e9578d4d2b2aa4d016d6b04ba8946741ac1023ba86b9ca086459ded
EXPORTER_SECRET 8bf43c8002f3dfdd4057a9273b191f3d861688a2c2ad4154fdd5e1c3fa5899cf d9d8924c7396c66aee61eede381c1fc5aa5558a6fa80a0d9b4550d495db16983
CLIENT_HANDSHAKE_TRAFFIC_SECRET b0ddd696d2648c725679f35724cb08e339f7923f884c57c7572fd5a71fb4e33c 07bd8d7e64355d9c5df5939bba279f946845fb103b0ae9572b467281db63337253883b640e90e7c677261df3d9331fd3
SERVER_HANDSHAKE_TRAFFIC_SECRET b0ddd696d2648c725679f35724cb08e339f7923f884c57c7572fd5a71fb4e33c f8f6161239dcddc9cded08a1d10f60f9022329304870c3c1fa88b573ebb98e4e6cb0a4368e552acd2a9c8f26c0e809e9
CLIENT_TRAFFIC_SECRET_0 b0ddd696d2648c725679f35724cb08e339f7923f884c57c7572fd5a71fb4e33c d8eae2fd872ea8879e82253339348e7a50029c12b8d4bffd1855e8064ca0b70026ae8162bd90c9bb95b14b37013ee330
SERVER_TRAFFIC_SECRET_0 b0ddd696d2648c725679f35724cb08e339f7923f884c57c7572fd5a71fb4e33c ffed850fb20f6c148ddceb0b8b16ed4e8d9a34b3daa5390504b1bef2db6c36f720895eb606411d8e3d647e32457c1534
EXPORTER_SECRET b0ddd696d2648c725679f35724cb08e339f7923f884c57c7572fd5a71fb4e33c e4eddbb17127effffd0ee8e5c6a2eb0edc765241ae3a137321a09e6a698c3bb2ad4ae0b007ac97c1e67729ff8cb5aa97
CLIENT_HANDSHAKE_TRAFFIC_SECRET cf9fae995d1f27a207ff8f39fc70af25c434a8d9fb4329bfd943347cc48365a8 dc7e4e2a4123a72551739cb77407e16399c0a39119ea830812272d0ed2383421
SERVER_HANDSHAKE_TRAFFIC_SECRET cf9fae995d1f27a207ff8f39fc70af25c434a8d9fb4329bfd943347cc48365a8 393f651ea1ff77c6374959eb0d3644cccf4663b839ca10e2046ec0ae55d73066
CLIENT_TRAFFIC_SECRET_0 cf9fae995d1f27a207ff8f39fc70af25c434a8d9fb4329bfd943347cc48365a8 f2585c488f0332128fc02fc887ce6030521e5a59f89a36d6091f126e3ad92fb0
SERVER_TRAFFIC_SECRET_0 cf9fae995d1f27a207ff8f39fc70af25c434a8d9fb4329bfd943347cc48365a8 fa6ec5e0f7036894dfe478840efd256d2b090eae42948149dbc263e761e158c4
EXPORTER_SECRET cf9fae995d1f27a207ff8f39fc70af25c434a8d9fb4329bfd943347cc48365a8 4416d29f843b44214d14328f1230435b394e129317bc0776086158bfa58d4975
CLIENT_HANDSHAKE_TRAFFIC_SECRET 30247ebdf3e847870b4029e21bbb15e143acda1b85047b51c1220a1ff853dc0b 5e73a32ed57e66932261409a894f2d21dab13fb441bb055e52e9596243d332f9
SERVER_HANDSHAKE_TRAFFIC_SECRET 30247ebdf3e847870b4029e21bbb15e143acda1b85047b51c1220a1ff853dc0b 50ccc2e22e51f31c990bbf19b0469bcf51bfe4978161b4ce1df38c5b9361c9c0
CLIENT_TRAFFIC_SECRET_0 30247ebdf3e847870b4029e21bbb15e143acda1b85047b51c1220a1ff853dc0b 0840ad4b2901d697bc88d9cb3bf3c3eb4ebf2616a8f6e78983b86efd122f84d4
SERVER_TRAFFIC_SECRET_0 30247ebdf3e847870b4029e21bbb15e143acda1b85047b51c1220a1ff853dc0b 8d5161a1b161a120300bec30987fa91e4870351f814bf8cb384eebffbcc6e38b
EXPORTER_SECRET 30247ebdf3e847870b4029e21bbb15e143acda1b85047b51c1220a1ff853dc0b a2c30294271f6c70bcfc49edad4da8ea833a7d393de7e472031a504a0f472370
CLIENT_HANDSHAKE_TRAFFIC_SECRET 3239381621e4779b9de1282325da4b69356003700b2b6b7bfff703ad1cad0fc3 e5e739d58e3b5f071e7c5fc44506b2e95514d3b3f57329986e370581180e99f8
SERVER_HANDSHAKE_TRAFFIC_SECRET 3239381621e4779b9de1282325da4b69356003700b2b6b7bfff703ad1cad0fc3 03e64020e30d35c581c78f908007251d4278a29df5a9b66afb5bd79f9e4b678d
CLIENT_TRAFFIC_SECRET_0 3239381621e4779b9de1282325da4b69356003700b2b6b7bfff703ad1cad0fc3 e3a53cc7e9c90828ffc2a627dd5833cd1810487580aabff35a79029fbe338dcc
SERVER_TRAFFIC_SECRET_0 3239381621e4779b9de1282325da4b69356003700b2b6b7bfff703ad1cad0fc3 f5a788110d33c55bad34768bce810b89c8163ab21dea494a18a1f1306d89a16f
EXPORTER_SECRET 3239381621e4779b9de1282325da4b69356003700b2b6b7bfff703ad1cad0fc3 0bb3c7715b1281e442788a1ad6f7b7ae1b984f36a73be546677ef32d0d41ea00
CLIENT_RANDOM 358adf3a21111192de5ec0561f24cc8f1832e2389f3a05faf4a947d1680d8d83 367269623b64ee9ab28832deb5ca76ec90c1d8178a2e780caa9e376ede2fe22c61aecc5aa525814f27753e640c088224
CLIENT_HANDSHAKE_TRAFFIC_SECRET af39e11c0382be417be083edabd7feaa69ff92626a827a8cf3d6566362b7826d a9b52155d01219dac4cf5b6dd779cb21a18c94c697b3601b667f28f059e2d8b7
SERVER_HANDSHAKE_TRAFFIC_SECRET af39e11c0382be417be083edabd7feaa69ff92626a827a8cf3d6566362b7826d 6456f0f67eb0b1ccf4273a8ba228d4109c7a3ad80eda85edf94b19abf9796ba1
CLIENT_TRAFFIC_SECRET_0 af39e11c0382be417be083edabd7feaa69ff92626a827a8cf3d6566362b7826d dca91eee033b6be14f36a9cb1d866784e394ad3fccb2d940f56e986361b91a5d
SERVER_TRAFFIC_SECRET_0 af39e11c0382be417be083edabd7feaa69ff92626a827a8cf3d6566362b7826d 6d27b0e563fced27d5f2a94d5a92c799de749b51053ee7b237b2230609bb5c52
EXPORTER_SECRET af39e11c0382be417be083edabd7feaa69ff92626a827a8cf3d6566362b7826d 7d1fc7d902dae34da675976d8e9e9081dc5902f4c72fa0918cba07b788c485d4
CLIENT_HANDSHAKE_TRAFFIC_SECRET eb1afddd3a58fae1c794ba76de71a8b3b84886b25ccf7bfaf50c1e5c5ef567b3 297706a2332099ec137ea6f059c941600e8ada4a958ca3cfa5aa968aa7f7360c
SERVER_HANDSHAKE_TRAFFIC_SECRET eb1afddd3a58fae1c794ba76de71a8b3b84886b25ccf7bfaf50c1e5c5ef567b3 2c04548176ad38afe6c95649efa50019cd6fa137656096240fdb52c9f6898501
CLIENT_TRAFFIC_SECRET_0 eb1afddd3a58fae1c794ba76de71a8b3b84886b25ccf7bfaf50c1e5c5ef567b3 bc88fa02df6c49ce288256f6584b7b29190b3febf2ac7b2ce5692095809e12e2
SERVER_TRAFFIC_SECRET_0 eb1afddd3a58fae1c794ba76de71a8b3b84886b25ccf7bfaf50c1e5c5ef567b3 2fb29eb8c43fb89b6428bf03e7746ce7463924665bd26a38883b3a851fe6f452
EXPORTER_SECRET eb1afddd3a58fae1c794ba76de71a8b3b84886b25ccf7bfaf50c1e5c5ef567b3 3c6d3e8914f40b9bcfe6786da96f074de5cfaf04824a0f7aa9a168d30b8d24a5
CLIENT_HANDSHAKE_TRAFFIC_SECRET d7e234f1ceff1ea6fe5c3e0b12b7771d4abf982ab4916aae586034e964438d4f edbda6798b73c683558e6728130852384baf45b9b7d102131f14c7d1c6abc2eb
SERVER_HANDSHAKE_TRAFFIC_SECRET d7e234f1ceff1ea6fe5c3e0b12b7771d4abf982ab4916aae586034e964438d4f a6109f318ef9549dd875f73d3a3048b1e301012305b2ec19b47d4b5d2e6d9d40
CLIENT_TRAFFIC_SECRET_0 d7e234f1ceff1ea6fe5c3e0b12b7771d4abf982ab4916aae586034e964438d4f 7c7eead68cae7c3ec3979c08c32dd3542ad4c658806fe8a88f0362ec06a2ea01
SERVER_TRAFFIC_SECRET_0 d7e234f1ceff1ea6fe5c3e0b12b7771d4abf982ab4916aae586034e964438d4f 94aaa972f50ebf1ca43033d7dae798fe6d1e780cb0eb519bc2f919d9b9fe6f0f
EXPORTER_SECRET d7e234f1ceff1ea6fe5c3e0b12b7771d4abf982ab4916aae586034e964438d4f 2563aae20e4c5bbaf0dfd8905bab724c46039250122c802d5a911f76817c97c9
CLIENT_HANDSHAKE_TRAFFIC_SECRET 79b401cbea5c3afdf03071d3be18672676d3686e407cc2cd092611f3563af1c6 e1e7ace10e1cb5ac39e15a15d4800fb147f9d568ddb27bc10ec25a16ff380a569a02e764f6aedc10b1dd93b2e38e6a90
SERVER_HANDSHAKE_TRAFFIC_SECRET 79b401cbea5c3afdf03071d3be18672676d3686e407cc2cd092611f3563af1c6 c146a2cc1a60b6ce8e904c8c660624872649d6c2511bf7cbc25f350c2735a14c88309d6c6ea7089a6ba6d525fdd3897c
CLIENT_TRAFFIC_SECRET_0 79b401cbea5c3afdf03071d3be18672676d3686e407cc2cd092611f3563af1c6 4399ad22b348951a0dfe507679f8f7e686452895f1b42fc8138780ade9c763293976d77835c279452699d426c9da725e
SERVER_TRAFFIC_SECRET_0 79b401cbea5c3afdf03071d3be18672676d3686e407cc2cd092611f3563af1c6 058d17ad0ca95989b7a828e1fbad87fd54e819c743149c04cb8e61748fa7d3ca10ce9efce918601cb315260d7ebdad14
EXPORTER_SECRET 79b401cbea5c3afdf03071d3be18672676d3686e407cc2cd092611f3563af1c6 406f9d39b25183c5a05c18182de7534baa46f9edd7344777f69b218e67dc6b034b39f9cb4b3b016887316ac2ed20a453
CLIENT_HANDSHAKE_TRAFFIC_SECRET 21e406a5828079d190ccc4d98efb5771e3eeed409c3241070d668beb9b7b0a5c 98a14e4e12047c8066aeb85a58900fe46dd71eec0f4130bcb25e56b77849b1b94a31cbd0b65ade657c8a89d0e8b2597a
SERVER_HANDSHAKE_TRAFFIC_SECRET 21e406a5828079d190ccc4d98efb5771e3eeed409c3241070d668beb9b7b0a5c 59e4d9b3b3e5783534246ab43d578f65d365ea8fd366300c146baedb728418d81f636626ca1a0aaf5be8401b3d34dd46
CLIENT_TRAFFIC_SECRET_0 21e406a5828079d190ccc4d98efb5771e3eeed409c3241070d668beb9b7b0a5c 1c139fd12102a5fb0bef1306c77ba0b2b9d034ca935d2dc3163c410697c04b84a49765d6079c30656f2f5bb1f0e58997
SERVER_TRAFFIC_SECRET_0 21e406a5828079d190ccc4d98efb5771e3eeed409c3241070d668beb9b7b0a5c 8ce25af636fad8e49cbedfaecae5296da246893ff67a2040412484b886a0f68d632c8c55766c2178891445595c54ad37
EXPORTER_SECRET 21e406a5828079d190ccc4d98efb5771e3eeed409c3241070d668beb9b7b0a5c b444e2ca811dc894ac8defa82560b8bf2f60ae14f23c4d82300876a613cc55d4fec59cec325a01c71166222d72aa940b
CLIENT_HANDSHAKE_TRAFFIC_SECRET 3e6a75daf0199c0c1a62e86144fc9564614117af19c26b6740f2bd1c8081c661 c7ba7dadc374087d4e374144b7ccdfce5d9a700551b23622efae9d81d59c745f16e7e922a7132861606d1978636a4edb
SERVER_HANDSHAKE_TRAFFIC_SECRET 3e6a75daf0199c0c1a62e86144fc9564614117af19c26b6740f2bd1c8081c661 ca7773f99f8777c6b7548e3a610498b7c04c0c760c91073b4c42f9cffdfe41d93785e45291e57f4e8d41514358f137ea
CLIENT_TRAFFIC_SECRET_0 3e6a75daf0199c0c1a62e86144fc9564614117af19c26b6740f2bd1c8081c661 7c445b4ece7f9257506660b9b1f5c9fc743882dbc9807137e30ac5026837f00a5ebcb52edf67d1ba849afd42c57d2eeb
SERVER_TRAFFIC_SECRET_0 3e6a75daf0199c0c1a62e86144fc9564614117af19c26b6740f2bd1c8081c661 692bd8c1ef03a901fd8846ad49df831dab2c943b0fa5dacc7f32c5138f76010f5e3310c3166470fcbd8ba4f964913d8e
EXPORTER_SECRET 3e6a75daf0199c0c1a62e86144fc9564614117af19c26b6740f2bd1c8081c661 dd0924b46dc286d157c196fe70c050464e6a64b122872b44a3780d9af0bbf3e2c57c253859e239552e9b63bdfbc35bcb
CLIENT_HANDSHAKE_TRAFFIC_SECRET 8e66c5212e8bf9f3457b69eef5bb43a416b1bb997ce9b690b33db5d84678cb02 2258496897cb104bd795860570ac29fff0c4062c8da202f3d109bf649fd62940
SERVER_HANDSHAKE_TRAFFIC_SECRET 8e66c5212e8bf9f3457b69eef5bb43a416b1bb997ce9b690b33db5d84678cb02 96b67ed16b524e822324250b97b2503cb3fbc32512ebfd1e94f6405e4bc570f0
CLIENT_TRAFFIC_SECRET_0 8e66c5212e8bf9f3457b69eef5bb43a416b1bb997ce9b690b33db5d84678cb02 8f5d80f9f5b8d13ae36501afe40af8662d933defc5fce47e227eba03a15dd9ed
SERVER_TRAFFIC_SECRET_0 8e66c5212e8bf9f3457b69eef5bb43a416b1bb997ce9b690b33db5d84678cb02 33f3dee48361c2aeb6cb5fd781ec9efeee8130df0f4d7d5b26a9203c33e2e79b
EXPORTER_SECRET 8e66c5212e8bf9f3457b69eef5bb43a416b1bb997ce9b690b33db5d84678cb02 8b3feec60afaf98420bdfc46a11ab37aec11fd516a87ea4db4fb800ba11171d4
CLIENT_HANDSHAKE_TRAFFIC_SECRET cfd8f1ab8daaa916af44db10a96f289d160214a0378f0f99c7cd11cf86520f6f f7ce8608a0822ef25b54cb1e37b36649fde1f4f478b78c10398c411a6e39123c
SERVER_HANDSHAKE_TRAFFIC_SECRET cfd8f1ab8daaa916af44db10a96f289d160214a0378f0f99c7cd11cf86520f6f 0780e424cfa4b8233e2aa221a6e7a73c24f969e4ba912d84b1d0359351ff0d1f
CLIENT_TRAFFIC_SECRET_0 cfd8f1ab8daaa916af44db10a96f289d160214a0378f0f99c7cd11cf86520f6f 76d91014965d0cf2082a4da42079a543f6dc96b5e55acc2e0741f76e89285a9f
SERVER_TRAFFIC_SECRET_0 cfd8f1ab8daaa916af44db10a96f289d160214a0378f0f99c7cd11cf86520f6f fc279adb9726bd5302bd6c73ec49dcc48d322bcb8f344f014bf57816b706e3d7
EXPORTER_SECRET cfd8f1ab8daaa916af44db10a96f289d160214a0378f0f99c7cd11cf86520f6f a6e7474edddb7ba1c913dd785e347cb8a6c01c1787229f5983c80967bf35a6fc
CLIENT_HANDSHAKE_TRAFFIC_SECRET c2fb7009aa567244fff80d0692242ec76706ab7e10ba257f5d7279e8e6b704e9 b8c6bb0ebeb58e247ca8bf33b52b1eb505518f8c5f04e9cc7100cc34c928f5b68e03cfc52b64fe7b15cd0e10b5707a74
SERVER_HANDSHAKE_TRAFFIC_SECRET c2fb7009aa567244fff80d0692242ec76706ab7e10ba257f5d7279e8e6b704e9 136adab70a2db1cf7b266139a4a8f75edd1b0a231ef8528636ff5ef8eb5987907c030b14640c0b52b75241e8beb5287d
CLIENT_TRAFFIC_SECRET_0 c2fb7009aa567244fff80d0692242ec76706ab7e10ba257f5d7279e8e6b704e9 a6f562528ce22af85f477c9d2e17a8fd9ca0ad03c730bc29d83a3c4411d82d52c1eeb4b69c3b9e9c867069275a041d21
SERVER_TRAFFIC_SECRET_0 c2fb7009aa567244fff80d0692242ec76706ab7e10ba257f5d7279e8e6b704e9 2a744af58da42740a965f8fbf13539277db2499cc3ae44be5faf957294a4db449d84ef6de50dd0f6507522a35f75fcb6
EXPORTER_SECRET c2fb7009aa567244fff80d0692242ec76706ab7e10ba257f5d7279e8e6b704e9 4c532acde55c608875bc0cc66d6d29007d64548a03d37de3f152b8ffe7d659411e132102b4d15ec748e1e72b132addfc
