CLIENT_HANDSHAKE_TRAFFIC_SECRET a5c3d07883bf95e3ba590bd4d94afd9d62bd969d83441a18ca9e4933c048e154 e84649f37f0d756954c54b4b860b98190a783ad3054ce2dba1e06ac9d6b29201
SERVER_HANDSHAKE_TRAFFIC_SECRET a5c3d07883bf95e3ba590bd4d94afd9d62bd969d83441a18ca9e4933c048e154 c6387ea926e1f027b7b92d3b5ad7f2385f31ba175ad7a2718e0b2e749224ec28
CLIENT_TRAFFIC_SECRET_0 a5c3d07883bf95e3ba590bd4d94afd9d62bd969d83441a18ca9e4933c048e154 7ceaf1c6f17de9c32ef347eac3c6be86ccac66ca72c924273a1277afc07ce839
SERVER_TRAFFIC_SECRET_0 a5c3d07883bf95e3ba590bd4d94afd9d62bd969d83441a18ca9e4933c048e154 fda8e392ba3c85973b0f12b2a96d068df6126a3c4c22faf75c58bbed6dd12d44
EXPORTER_SECRET a5c3d07883bf95e3ba590bd4d94afd9d62bd969d83441a18ca9e4933c048e154 efc0a369ffe13eb951829d783c34db7cbc07c6706ea63c08cb44993b4c47eca5
CLIENT_HANDSHAKE_TRAFFIC_SECRET 36ce97f21e2624f8743697442314aa937eb42089b03a773e08f79ed8270ae58c d175dd02e86d08c9b213439022e173b86100310209ab140d8234348c36c953c1
SERVER_HANDSHAKE_TRAFFIC_SECRET 36ce97f21e2624f8743697442314aa937eb42089b03a773e08f79ed8270ae58c 7c3cc463c75cdad7a96ec797329b0c708f16ddfbe2e752e6e3aed37f05f406fa
CLIENT_TRAFFIC_SECRET_0 36ce97f21e2624f8743697442314aa937eb42089b03a773e08f79ed8270ae58c 14046c5b879b147b5c012b162439fda190dbffd5b7cd5627035555840262b622
SERVER_TRAFFIC_SECRET_0 36ce97f21e2624f8743697442314aa937eb42089b03a773e08f79ed8270ae58c 0f6966f16c1086273d5c2e7d10856b292d2cabe3f9a441ceb3a2fa4d8dff55d3
EXPORTER_SECRET 36ce97f21e2624f8743697442314aa937eb42089b03a773e08f79ed8270ae58c 7d9ebd1d899e617c072ed9f2719ae5be5fbef394a0334ec131daaf81c44206e9
CLIENT_HANDSHAKE_TRAFFIC_SECRET 6bdddbb16abfa5290a9579ddebc3bf1bfbf4593906ef35e26a6f547e245abbcf d7f6118fadb7379e83ce96a71e67a87f080f89cc9bb58ec2994977421c49d5de
SERVER_HANDSHAKE_TRAFFIC_SECRET 6bdddbb16abfa5290a9579ddebc3bf1bfbf4593906ef35e26a6f547e245abbcf 650ab3f83a059a948a6f1d09737ae7f37b48319f512cc5af64e66dc3e16e6ac6
CLIENT_TRAFFIC_SECRET_0 6bdddbb16abfa5290a9579ddebc3bf1bfbf4593906ef35e26a6f547e245abbcf 0435df4898e31326791753566782ef4347917c3ec798f9852a52027e4d9dc0c6
SERVER_TRAFFIC_SECRET_0 6bdddbb16abfa5290a9579ddebc3bf1bfbf4593906ef35e26a6f547e245abbcf 06e7794c47eaf99e63e14bafd966721d1e782a5f78395c6d8b55dd7501a5d814
EXPORTER_SECRET 6bdddbb16abfa5290a9579ddebc3bf1bfbf4593906ef35e26a6f547e245abbcf 4024fecf2a74e779ab81208ad674fec690ea2cfebd1d045d5e67607e969747a9
CLIENT_HANDSHAKE_TRAFFIC_SECRET 4e01f4bf52e47ecc8d1561e46db202f4151d64d671ff30832553d705d87444a3 67291965f9b2c7ad9c76ff561978b8d7a32bc070f6a41bea23e23dce478e87d2
SERVER_HANDSHAKE_TRAFFIC_SECRET 4e01f4bf52e47ecc8d1561e46db202f4151d64d671ff30832553d705d87444a3 a6e8180ea73e210c6d9ca9b70807acaee9affff283d9404e85deafa0c1bb809f
CLIENT_TRAFFIC_SECRET_0 4e01f4bf52e47ecc8d1561e46db202f4151d64d671ff30832553d705d87444a3 93066d10812b19ee1ada2efb1c224e6ad253e0f06fa7dce0e4c1b2d415736ddc
SERVER_TRAFFIC_SECRET_0 4e01f4bf52e47ecc8d1561e46db202f4151d64d671ff30832553d705d87444a3 ad6c2c05a2d3a5dec5a3e4afa4cdc941253a7c672908fa3652a8e5215d048af4
EXPORTER_SECRET 4e01f4bf52e47ecc8d1561e46db202f4151d64d671ff30832553d705d87444a3 c47c34ae3d7c2f593f259f6ca006a05721a03e23f31b0b2a3af21a39ca3300a5
CLIENT_RANDOM e5a66f6bbb3ecbd6878c8cd8371a0bfec4e7a9e5330460818fb87de6eb2631a6 4824d10b378946dee90cc4db06af0accc0ebe52281814eff90da39827e7cf449af21bfa8dda0cd31f705b16cbaf88cd7
CLIENT_HANDSHAKE_TRAFFIC_SECRET 70e80f24b42208836cb5efb87a04a3a503b94728e1f2c9c410cf6ffea4012559 bc65d6107528e844e9070599cb44dc835429d90e41a851f13ea1183914de0d94
SERVER_HANDSHAKE_TRAFFIC_SECRET 70e80f24b42208836cb5efb87a04a3a503b94728e1f2c9c410cf6ffea4012559 246180d8de1e3ac96fcc18aff7684aaf0f3afcf8233a7fa69b24b18afe1573ad
CLIENT_TRAFFIC_SECRET_0 70e80f24b42208836cb5efb87a04a3a503b94728e1f2c9c410cf6ffea4012559 6a59e22df09d6684b1dfe3d6b3d5f7fed25a25c3467465e8bbf071f1afcd2d51
SERVER_TRAFFIC_SECRET_0 70e80f24b42208836cb5efb87a04a3a503b94728e1f2c9c410cf6ffea4012559 d681e098bcb9c03630751f06657ce19eeba057a224b28f2fb177a6973613ea7a
EXPORTER_SECRET 70e80f24b42208836cb5efb87a04a3a503b94728e1f2c9c410cf6ffea4012559 06814e1b974480dff44a85cf913d8bef952451c32d9cf05371f00447fc34b930
CLIENT_HANDSHAKE_TRAFFIC_SECRET 02b5c5c78b20bb30bdfcaeec6490a83e0bdd4d73e67a75a2b2a9e7f12625201d 40f11a525422042615a8dc6517c85c5afdbb1fdc30d254d2d50fdcb2ccfa5d87
SERVER_HANDSHAKE_TRAFFIC_SECRET 02b5c5c78b20bb30bdfcaeec6490a83e0bdd4d73e67a75a2b2a9e7f12625201d 709bf107e1be6c1a91cf734f55089997a223f5be21d3658a850748653188f37e
CLIENT_TRAFFIC_SECRET_0 02b5c5c78b20bb30bdfcaeec6490a83e0bdd4d73e67a75a2b2a9e7f12625201d 65f27c8e20aafdf0165b20eb33d4c0ac957a2323784d50719d450f302b7dc532
SERVER_TRAFFIC_SECRET_0 02b5c5c78b20bb30bdfcaeec6490a83e0bdd4d73e67a75a2b2a9e7f12625201d 4822ebc24cf3b852f9d4dd5c25e4ffd241a6aede365dd13293881e4be45910b5
EXPORTER_SECRET 02b5c5c78b20bb30bdfcaeec6490a83e0bdd4d73e67a75a2b2a9e7f12625201d d56928264e4b68f0002a24363285ec62c9ed5b58e60379f63c7c63cbb69f22c5
CLIENT_HANDSHAKE_TRAFFIC_SECRET 833233dd1ba095b7fd1d89c955311d2046a782c4fa86e1dc186930d9d1cce656 f0fcb9614dd530b7f7238cf15711a573b1c9deba3e798d4d0dff9aaa27e2c051f0a0b803f6f9cf82a16e3406980fc68e
SERVER_HANDSHAKE_TRAFFIC_SECRET 833233dd1ba095b7fd1d89c955311d2046a782c4fa86e1dc186930d9d1cce656 a9d532e246d7e48a2d29858d6cf79c9c964c9cebe673d2d27c093e5f80fb46cb4fe4480545f1168836428b8c4962d213
CLIENT_TRAFFIC_SECRET_0 833233dd1ba095b7fd1d89c955311d2046a782c4fa86e1dc186930d9d1cce656 cd0a6a2129beff9447b528ebb1c5f8be55570129e05eb6138856f474bb1729b231ae19c3df8666a379620bb80886a365
SERVER_TRAFFIC_SECRET_0 833233dd1ba095b7fd1d89c955311d2046a782c4fa86e1dc186930d9d1cce656 0901db240b53bd40933bcc3e9e7bc2a8857086edb4fc5edb15719b938eb84e4c3c08e3e92033d7e6dd0607d49229882d
EXPORTER_SECRET 833233dd1ba095b7fd1d89c955311d2046a782c4fa86e1dc186930d9d1cce656 25e310f56ce55a911b0fc5b263d588a9fe14157e466268aef02cb071707a7756ed76930bc26e84f80a9122e6953331ff
CLIENT_HANDSHAKE_TRAFFIC_SECRET 13865675f452875cea0b662df4e32312210926b6d596c50c4e2c420a333ab6ee bd16e64699b79ef5f37f4cd86a1d6d331489d9e64cb9ba2929eea331228e5a38
SERVER_HANDSHAKE_TRAFFIC_SECRET 13865675f452875cea0b662df4e32312210926b6d596c50c4e2c420a333ab6ee d9072aeb427d46a8bd600da189bc7babb5c08e65e2512f9105cdff71297dc8a9
CLIENT_TRAFFIC_SECRET_0 13865675f452875cea0b662df4e32312210926b6d596c50c4e2c420a333ab6ee ae5d70c348365d428ff6b968078df09b64a9b2f103163ab98646916096f70886
SERVER_TRAFFIC_SECRET_0 13865675f452875cea0b662df4e32312210926b6d596c50c4e2c420a333ab6ee 4bd05f5e092e83b52589e1de72e427ea811d0d5158f4bd62777d339980bd6bc1
EXPORTER_SECRET 13865675f452875cea0b662df4e32312210926b6d596c50c4e2c420a333ab6ee c51a90c6c76a78b2fd9c7f40bce18a10f667170b47ae7ea8d68b4f4ca69926e0
CLIENT_HANDSHAKE_TRAFFIC_SECRET 26b0de7b5f84408a7e281864d78087c1af6575f0cdde6e5fe56fe16e00cc5f79 86a20b1245b6fcc3b3c4e23506b326c46c8aa8f8e8bbb267b83e21b09ef81418
SERVER_HANDSHAKE_TRAFFIC_SECRET 26b0de7b5f84408a7e281864d78087c1af6575f0cdde6e5fe56fe16e00cc5f79 cc4211380a3a6601362c5945ac7e3aef29af52a18730b56591926664b1f9388e
CLIENT_HANDSHAKE_TRAFFIC_SECRET a9829383bfe17a15c31be30080713063e5ebdd38f98f32cbcecb78c2a0b07cdd c19fd640c6c37c8e77fe21798aaf857ce442451ba1d8af8f76f774531a9324ae7df457fb32c5621ec7fa6f9ea0088fb1
SERVER_HANDSHAKE_TRAFFIC_SECRET a9829383bfe17a15c31be30080713063e5ebdd38f98f32cbcecb78c2a0b07cdd b1e715b4d5e0dfc73634e2c91c5e9833e6df10338782e3c2b88e9604f2cf1ea12cc22c37dd065ca7cd5be25a9acad6d2
CLIENT_HANDSHAKE_TRAFFIC_SECRET ef30c57ae89961f3ded964579ebca362197547da6d4ba9a5affc0d5bbee324a1 336b018973f7d9babb971b42795c42e8c9c312567494fd43bf9c08c1f0793be3
SERVER_HANDSHAKE_TRAFFIC_SECRET ef30c57ae89961f3ded964579ebca362197547da6d4ba9a5affc0d5bbee324a1 99572ea00c82069469dab2fd38f97b27352e7b3fc0df58a7602cd882aac76d80
CLIENT_HANDSHAKE_TRAFFIC_SECRET d520774f3e2607549ce35f2452f18158f880b3d697927f5d5c5e493a1085ca7a 298dfb549f0614605cd3ddd9b6875e67366a701c8755923f8d62e76eae09f010
SERVER_HANDSHAKE_TRAFFIC_SECRET d520774f3e2607549ce35f2452f18158f880b3d697927f5d5c5e493a1085ca7a 5e858d24ae5600743808c9a2e57cc0b69644684fcaaf11d0c0fd9ad6955ba71a
CLIENT_HANDSHAKE_TRAFFIC_SECRET 4e4497590a7a5bf637e33e3d247ab8f757a8d3eec8c2353e436c90ebd631856a 9f2f53a91514d517772a9b0f361d4ffe2a8e63064afac205b1e8d63d412351ff
SERVER_HANDSHAKE_TRAFFIC_SECRET 4e4497590a7a5bf637e33e3d247ab8f757a8d3eec8c2353e436c90ebd631856a 81a05f1999c7e3a89943630123d5e7ac62b6772fbbb58dfeafd5a55716c8232b
CLIENT_HANDSHAKE_TRAFFIC_SECRET d275f08bed3d28b5f2a42c43339f2fab9a52cbca2e9ebab07e4051b77cc6ceb4 2a8f3631f17b4a09e997016cc5e231ee93d9f72687ef764acb5b8dd5c4efb27e
SERVER_HANDSHAKE_TRAFFIC_SECRET d275f08bed3d28b5f2a42c43339f2fab9a52cbca2e9ebab07e4051b77cc6ceb4 d1b0bbd875f481f53145fa13e59dba7380c0ff62e6db1528d5a0146fd17bbc9b
CLIENT_TRAFFIC_SECRET_0 26b0de7b5f84408a7e281864d78087c1af6575f0cdde6e5fe56fe16e00cc5f79 f98f7811ca3f7c601887cf668b9bfa9e4d346fd7fb82fa9b73df1a2d7a4ca563
SERVER_TRAFFIC_SECRET_0 26b0de7b5f84408a7e281864d78087c1af6575f0cdde6e5fe56fe16e00cc5f79 997a79e3381d35f76b71d72331fd7fb3f642aa17958b9563e54249a43438855c
EXPORTER_SECRET 26b0de7b5f84408a7e281864d78087c1af6575f0cdde6e5fe56fe16e00cc5f79 171c4b40c0b56a45e79e985e4ac29380bc1bebbe78dc5805c4ad7a0b106096a9
CLIENT_TRAFFIC_SECRET_0 4e4497590a7a5bf637e33e3d247ab8f757a8d3eec8c2353e436c90ebd631856a f29896b57b4d2e9086ed05a81abea69f78b18d08b4ddf034c5758af35f6f69ed
SERVER_TRAFFIC_SECRET_0 4e4497590a7a5bf637e33e3d247ab8f757a8d3eec8c2353e436c90ebd631856a fd348a9c6d292d192157e23a6d24998848bbd8ddadb49db137859800392329be
EXPORTER_SECRET 4e4497590a7a5bf637e33e3d247ab8f757a8d3eec8c2353e436c90ebd631856a e83842141b1b3624f8c8c8ea509aa01886e84e0aadb001fb83645b7dbce3bae5
CLIENT_TRAFFIC_SECRET_0 d520774f3e2607549ce35f2452f18158f880b3d697927f5d5c5e493a1085ca7a 5e7cefbe9a0e180dfb469f4236ffbc0c8a09c29ad99514e644fc776ed384a176
SERVER_TRAFFIC_SECRET_0 d520774f3e2607549ce35f2452f18158f880b3d697927f5d5c5e493a1085ca7a 6f7495aa953ce08e0d4a6548c2276dc7aaa1ae58169ebb72ff50450e36004e08
EXPORTER_SECRET d520774f3e2607549ce35f2452f18158f880b3d697927f5d5c5e493a1085ca7a 5ec67062f49ee38b28e5158215d214fb8481cc74aaed19310b585ba98c757209
CLIENT_TRAFFIC_SECRET_0 d275f08bed3d28b5f2a42c43339f2fab9a52cbca2e9ebab07e4051b77cc6ceb4 e2da491fccd33f4a5a091fe4762edf9f10dda5642e41843748af2ac258e74f2a
SERVER_TRAFFIC_SECRET_0 d275f08bed3d28b5f2a42c43339f2fab9a52cbca2e9ebab07e4051b77cc6ceb4 8cf6f4ec421e3ad437f25536017d436f84a3e92f1411bd9e118e1034433b5c50
EXPORTER_SECRET d275f08bed3d28b5f2a42c43339f2fab9a52cbca2e9ebab07e4051b77cc6ceb4 8c990cc33dc025b573e70eb7285fee573d187d23892906707a4db0962cb1577e
CLIENT_TRAFFIC_SECRET_0 ef30c57ae89961f3ded964579ebca362197547da6d4ba9a5affc0d5bbee324a1 ff57997b018a23e15de8ca6f741b6de667505b6cca192a0368cd38e94439a2f1
SERVER_TRAFFIC_SECRET_0 ef30c57ae89961f3ded964579ebca362197547da6d4ba9a5affc0d5bbee324a1 a6982415acbeaa26452c795cb69b1456ac9fcf5ff7ecc11e27a8fad9bb3fccc0
EXPORTER_SECRET ef30c57ae89961f3ded964579ebca362197547da6d4ba9a5affc0d5bbee324a1 313d8698c9e07ff7539b1860cbf9b5771cf8cd7b4dfa8f94d9c0d557a9b8f439
CLIENT_TRAFFIC_SECRET_0 a9829383bfe17a15c31be30080713063e5ebdd38f98f32cbcecb78c2a0b07cdd 99b38616c9b1e6d905e519f88660c8686682a3d125ea13eaa029cd333be5382acd500489dbf083dca8d122f2b78cdb73
SERVER_TRAFFIC_SECRET_0 a9829383bfe17a15c31be30080713063e5ebdd38f98f32cbcecb78c2a0b07cdd 735e81dc458ea33d33ac6fd14a0316b908b2873c9d06211c462f5dd17bbafc5baf57cb5e627bbb3c256c9d07a8e50cdc
EXPORTER_SECRET a9829383bfe17a15c31be30080713063e5ebdd38f98f32cbcecb78c2a0b07cdd 92e7d86a63abaed3ee8d07f9905b64fa3dbd033d2e87cd7f25e90cb0544da2d09cb8bef1198ea906670824eba8305a53
