CLIENT_HANDSHAKE_TRAFFIC_SECRET 1de9ee8719897c245929ddd6d040e7ac21c0736ac87a6a5ba4d9b4cdef49dbe3 969ebfbbced1a37666082d8b82dd05723901c63376b0ca4d1ffb7d5e0897246a
SERVER_HANDSHAKE_TRAFFIC_SECRET 1de9ee8719897c245929ddd6d040e7ac21c0736ac87a6a5ba4d9b4cdef49dbe3 a235e7b80ce3d09620b6d8c8ffb91e9e3ac60ce08f934f2eadb9c6308f10b64f
CLIENT_TRAFFIC_SECRET_0 1de9ee8719897c245929ddd6d040e7ac21c0736ac87a6a5ba4d9b4cdef49dbe3 f42e084acae3dc6fb4830ae5a920d78f03a96f2b2b489953e137e43f0b61533e
SERVER_TRAFFIC_SECRET_0 1de9ee8719897c245929ddd6d040e7ac21c0736ac87a6a5ba4d9b4cdef49dbe3 ce98f5ec08e90db21397682d40d577af882ff26fdc699d27a11220faa25de916
EXPORTER_SECRET 1de9ee8719897c245929ddd6d040e7ac21c0736ac87a6a5ba4d9b4cdef49dbe3 262453834c8050d840584df152df80aba71779975e320f53ad71f2c991a44bd8
CLIENT_HANDSHAKE_TRAFFIC_SECRET 77d4b2e6477512d3d0d62e555ea1964b88a4379a748a665b0d2a0691a8bc3376 0c43334a60e1c0f4cf4bcc4da8620d6b4e1f81411e429266e5dc77d614cd40ce
SERVER_HANDSHAKE_TRAFFIC_SECRET 77d4b2e6477512d3d0d62e555ea1964b88a4379a748a665b0d2a0691a8bc3376 ff2ca414b311d73d2f35ec08861710be8283567f8177dd071c106ea49791dd8b
CLIENT_HANDSHAKE_TRAFFIC_SECRET 8e1d61ad5dbab0ac48610d855879e5e8072d219cbced0c02dc43e145e004b752 9232e757f9d71078320b86ea58dbb3a347304a98cc0e22324dea14998af5f1e3
SERVER_HANDSHAKE_TRAFFIC_SECRET 8e1d61ad5dbab0ac48610d855879e5e8072d219cbced0c02dc43e145e004b752 debfee38af7ead56a4bb1c2e72e985e119f04eb865345d260b77b31f63a1fdf2
CLIENT_HANDSHAKE_TRAFFIC_SECRET c066d25bdb629fc5a689c327252d7c198c457d74c0f219e5ffba8a9d1de1dbb1 55645725ec9b661c327b70b63e7aaa5a78042b6e337b66ea6a0063f1b01005aa
SERVER_HANDSHAKE_TRAFFIC_SECRET c066d25bdb629fc5a689c327252d7c198c457d74c0f219e5ffba8a9d1de1dbb1 b02d6150f3d3c362255fccf792bfca5ee86838c97a729215a64c8705052f346e
CLIENT_TRAFFIC_SECRET_0 77d4b2e6477512d3d0d62e555ea1964b88a4379a748a665b0d2a0691a8bc3376 c97bf3ba278d0c1548a56ccd0aff7be5cb8774ec1db7e0624ab2063bb8710c0f
SERVER_TRAFFIC_SECRET_0 77d4b2e6477512d3d0d62e555ea1964b88a4379a748a665b0d2a0691a8bc3376 2eb9fb71caa0299c16ca23b22de53ae7c235ded88ae6971952405b988c77632a
EXPORTER_SECRET 77d4b2e6477512d3d0d62e555ea1964b88a4379a748a665b0d2a0691a8bc3376 06b7ce7938374cbeadea6d8a8998d18424befd6eac78a89dd539c991d4c9e8c9
CLIENT_TRAFFIC_SECRET_0 c066d25bdb629fc5a689c327252d7c198c457d74c0f219e5ffba8a9d1de1dbb1 820f6d698bbdf84a2bb39af84355622cf22aa993bd8e23612524ca1a48c4361f
SERVER_TRAFFIC_SECRET_0 c066d25bdb629fc5a689c327252d7c198c457d74c0f219e5ffba8a9d1de1dbb1 3f42317b5eed24af6998a032f53798aa6141909c898c0fec17efb983f66d4f54
EXPORTER_SECRET c066d25bdb629fc5a689c327252d7c198c457d74c0f219e5ffba8a9d1de1dbb1 05004de90d6efa4db82b5589e1b175eec931ed21a819c0dd6c4ff0d312f9094b
CLIENT_TRAFFIC_SECRET_0 8e1d61ad5dbab0ac48610d855879e5e8072d219cbced0c02dc43e145e004b752 97d48faec28478f232f2abe72c9cac8db96843e5c20cc4b8e0a4676a0ae9d59c
SERVER_TRAFFIC_SECRET_0 8e1d61ad5dbab0ac48610d855879e5e8072d219cbced0c02dc43e145e004b752 3c45739733d93df202a09ff9ce3bdfc91bb4d9f492aa47f33b53fa812b6644e4
EXPORTER_SECRET 8e1d61ad5dbab0ac48610d855879e5e8072d219cbced0c02dc43e145e004b752 5041fe7ee376b14bb482de50258ff96b3958516a0daca7984098c81a5b39473b
CLIENT_HANDSHAKE_TRAFFIC_SECRET 617b0d88940a013eda0d9a2c80887aed0c88a8cf8e6effee83f820cde01ac758 6cf1eb593bc5ae420bd9abe6061d3e22cae634641c6b54b54ea71c999ce6f963
SERVER_HANDSHAKE_TRAFFIC_SECRET 617b0d88940a013eda0d9a2c80887aed0c88a8cf8e6effee83f820cde01ac758 b0c17c5fc3d916160ab322adb9ddf8c49a333feb528f174cb756bffa85ce449a
CLIENT_TRAFFIC_SECRET_0 617b0d88940a013eda0d9a2c80887aed0c88a8cf8e6effee83f820cde01ac758 179b6a6d7b48533fed6f637f3f8af621fdd3c8608e701f8e4b448099473f2690
SERVER_TRAFFIC_SECRET_0 617b0d88940a013eda0d9a2c80887aed0c88a8cf8e6effee83f820cde01ac758 20d386046f35c14cf346b3a67a511f4b8a4af9e4dbf58c50b5cc55d71eb6bbdb
EXPORTER_SECRET 617b0d88940a013eda0d9a2c80887aed0c88a8cf8e6effee83f820cde01ac758 28c8c6bee093f011cf52b317b5b2816110999d8ee526268fb53735231471bce6
CLIENT_HANDSHAKE_TRAFFIC_SECRET 6b2399c4861a1d26eda31665bb0295f40a30d64f7825584bf05c8c72babae6a3 ccd50bc616de03e1a1257d056683f8651053503a40c80d19bafd224fc78072be
SERVER_HANDSHAKE_TRAFFIC_SECRET 6b2399c4861a1d26eda31665bb0295f40a30d64f7825584bf05c8c72babae6a3 6fe10bd15b95099bd2bd31f6511366862cfdb1ecb79488d965d7e1bb4b9f253b
CLIENT_TRAFFIC_SECRET_0 6b2399c4861a1d26eda31665bb0295f40a30d64f7825584bf05c8c72babae6a3 fde61c14623985d05bf31f095e71a12c2b2ed1c92fe8474c9c185dfa0392130f
SERVER_TRAFFIC_SECRET_0 6b2399c4861a1d26eda31665bb0295f40a30d64f7825584bf05c8c72babae6a3 dfc64bf5bbcd56b74b2f6c3b4fd9203acc9d70ac43125557ddee75237afbcfab
EXPORTER_SECRET 6b2399c4861a1d26eda31665bb0295f40a30d64f7825584bf05c8c72babae6a3 db3f646a72ba6397b20afdd9384ae4725a8985780f90b5392755472d8abbd5dc
CLIENT_HANDSHAKE_TRAFFIC_SECRET 2bbbf27fc2a47fc8f0aaa51b87e11ea47668f1cec1d264174a4a330d5c361189 41df08cf9f2fa918b39e28d884d0a80af275a50185a14316954a186c39e57975
SERVER_HANDSHAKE_TRAFFIC_SECRET 2bbbf27fc2a47fc8f0aaa51b87e11ea47668f1cec1d264174a4a330d5c361189 c00b19a500d675f324b61c7e27ebbd6630b0c165467ebd474be174a4ba09b964
CLIENT_TRAFFIC_SECRET_0 2bbbf27fc2a47fc8f0aaa51b87e11ea47668f1cec1d264174a4a330d5c361189 d75acc77434a003aa502ec07165891b9fffbc9a156204af3db8dadbdcbb2e61a
SERVER_TRAFFIC_SECRET_0 2bbbf27fc2a47fc8f0aaa51b87e11ea47668f1cec1d264174a4a330d5c361189 f3e720683c7f415823eeba153ab3a29799e3d4153d1dd744806c24a8ceeeb0eb
EXPORTER_SECRET 2bbbf27fc2a47fc8f0aaa51b87e11ea47668f1cec1d264174a4a330d5c361189 85c55ae314b1a67523fd6f302fbd744f3e24185851d471eac2f701a7de5f0eae
CLIENT_HANDSHAKE_TRAFFIC_SECRET dd46cc04f6587d349289242eb838244460669581e791af24611032b19b7eeea7 624bbe936ba9484be525d07dccca1d3599dc54515a8b79199a515941c2293bb9
SERVER_HANDSHAKE_TRAFFIC_SECRET dd46cc04f6587d349289242eb838244460669581e791af24611032b19b7eeea7 1bc530edaaca33139752bbd4f95219c4fd71a4053953310a4ac61838e7c891d3
CLIENT_TRAFFIC_SECRET_0 dd46cc04f6587d349289242eb838244460669581e791af24611032b19b7eeea7 46b938a3139d3dd5331cacf16b8150a6806e46346e3f845c88b185f52245549b
SERVER_TRAFFIC_SECRET_0 dd46cc04f6587d349289242eb838244460669581e791af24611032b19b7eeea7 6cd677639d6aca7394ff73025fc1fd079adb386e311a3b112d1170bc8ec5d865
EXPORTER_SECRET dd46cc04f6587d349289242eb838244460669581e791af24611032b19b7eeea7 28503a27e6b09a06b390b396f5ba19a983af3216c8235d9c8ef0676e27ad6a93
