CLIENT_RANDOM 599856c147725a85bee4e696387c3de6f1001828926b91544f18e358f4ae8329 504fca2f948f4467bd02194bb1444538d6842632fd7b737ed54b90a591967d8de3ffa85f630b289fafbd56ff4b48fb2d
CLIENT_HANDSHAKE_TRAFFIC_SECRET 1f543cc4f624b50e236642bdc50fabe2495e6bb7ceb33c6fe589eb7d651ce204 18065ab3a30df3552b78d2392134dbf28f9aa720a1e2c77e70c5edd3b105ced3
SERVER_HANDSHAKE_TRAFFIC_SECRET 1f543cc4f624b50e236642bdc50fabe2495e6bb7ceb33c6fe589eb7d651ce204 7d64e8504a0d554849bf3ff0200a12db0c520e7d4c3e040e9000175e175e9d56
CLIENT_HANDSHAKE_TRAFFIC_SECRET afa21010cb5a27bf3d5aa842bc10c6aede2afa052833debc3965da79fbfaeff8 5e97f0b10ae7dad257ee29b1c81cfd9040b4a0882303895bfcd0743e946c75e1
SERVER_HANDSHAKE_TRAFFIC_SECRET afa21010cb5a27bf3d5aa842bc10c6aede2afa052833debc3965da79fbfaeff8 7dbf7a59a5eb694a69b9b8b618106ae6e44de0ee36227d3c9b2382de79933a9e
CLIENT_HANDSHAKE_TRAFFIC_SECRET 62170ccd50a1c7a2e51ed43087d6c68fb9cf68f2222873b3cb080c979ece4742 2c0f4949a3ce49d6a6631e6b6beede21436ea202b0e08bd9794dd6ce0c419475
SERVER_HANDSHAKE_TRAFFIC_SECRET 62170ccd50a1c7a2e51ed43087d6c68fb9cf68f2222873b3cb080c979ece4742 3f1f6ac8a0c8c453fc5be060a0d0d46c5454ed5c4ec345c8876dfbc1eaf78510
CLIENT_TRAFFIC_SECRET_0 1f543cc4f624b50e236642bdc50fabe2495e6bb7ceb33c6fe589eb7d651ce204 465447d60f01cdb59ae6eaafbe9c11a6a90c8ddfcbc7ee85a5b9a2a5f0f5b71c
SERVER_TRAFFIC_SECRET_0 1f543cc4f624b50e236642bdc50fabe2495e6bb7ceb33c6fe589eb7d651ce204 a46d95273162e089bf253b76e0e53bb92c1d1f98631a00a3bf24c4c272a68bee
EXPORTER_SECRET 1f543cc4f624b50e236642bdc50fabe2495e6bb7ceb33c6fe589eb7d651ce204 6c55c43bab305b922c012e7c304a1a98c09cbcf2f661bd4e675a9269271bb6c9
CLIENT_TRAFFIC_SECRET_0 afa21010cb5a27bf3d5aa842bc10c6aede2afa052833debc3965da79fbfaeff8 81f4f7c6154eb7dc020e78196b400edb0e26fa52d1f3e70726ebf73225858781
SERVER_TRAFFIC_SECRET_0 afa21010cb5a27bf3d5aa842bc10c6aede2afa052833debc3965da79fbfaeff8 32728de8e60f1f358774c21a553ca6f483534f6d7b4a62f71d6201de16027d8f
EXPORTER_SECRET afa21010cb5a27bf3d5aa842bc10c6aede2afa052833debc3965da79fbfaeff8 42858bdfb34fbe74bdfddc9aca1618a506ec1deaa12ba63075b11682c9d358b7
CLIENT_TRAFFIC_SECRET_0 62170ccd50a1c7a2e51ed43087d6c68fb9cf68f2222873b3cb080c979ece4742 3245d90112e919bd9a937702d87a81f2a1092c960aadb8a29776a186d8c6cf04
SERVER_TRAFFIC_SECRET_0 62170ccd50a1c7a2e51ed43087d6c68fb9cf68f2222873b3cb080c979ece4742 5e84520762c076f151d06d8d72f2eb1eb20d66d9d40a937f8102547be21c05ff
EXPORTER_SECRET 62170ccd50a1c7a2e51ed43087d6c68fb9cf68f2222873b3cb080c979ece4742 47f0cdd148374c48a05ee52175ff3c0eb024a3467c026c02a9a13907445b696b
CLIENT_RANDOM 87fbd92bc9e3823283148924a106824fb73a6353b29347ec0b67296c8479101e 504fca2f948f4467bd02194bb1444538d6842632fd7b737ed54b90a591967d8de3ffa85f630b289fafbd56ff4b48fb2d
CLIENT_RANDOM b6fb301807ac7dbda63c1f2aabac334bbcb6636baf44c14039ff0826763eedcf 504fca2f948f4467bd02194bb1444538d6842632fd7b737ed54b90a591967d8de3ffa85f630b289fafbd56ff4b48fb2d
CLIENT_RANDOM 0b29e9338084aa826d1add43a09db0da0409c6606ae7bf219452166784740e5b 504fca2f948f4467bd02194bb1444538d6842632fd7b737ed54b90a591967d8de3ffa85f630b289fafbd56ff4b48fb2d
CLIENT_RANDOM 7e955077ec0d15a2471ea9b6e4710cff698031b829451b8f6cf467e19c18a819 504fca2f948f4467bd02194bb1444538d6842632fd7b737ed54b90a591967d8de3ffa85f630b289fafbd56ff4b48fb2d
CLIENT_RANDOM 3eab37f31197e3e430c6bd9906352dc914a5100bfc07c67731f8d1715316c61e 504fca2f948f4467bd02194bb1444538d6842632fd7b737ed54b90a591967d8de3ffa85f630b289fafbd56ff4b48fb2d
CLIENT_HANDSHAKE_TRAFFIC_SECRET cc1cf1160d4ed9458a3906c5cdd3a587a5951c8b65c881af063225ad09880930 2172be0969328b9d674cb19f38c13ff0aa09e7bebe7c5ef75a63e1803aa7bafe
SERVER_HANDSHAKE_TRAFFIC_SECRET cc1cf1160d4ed9458a3906c5cdd3a587a5951c8b65c881af063225ad09880930 e694bd2b263fca1074f6c63a19a4d996a7756e95c9b8b1060bf56b06f648acaf
CLIENT_HANDSHAKE_TRAFFIC_SECRET d652ce55de584da16917a761d1ec9ffa72b27f180abb39b2c1c835d87329f6e8 2c40c6a68cf77b9dd4cace7373debc76cbe958f3f675ca72beb319d828be5755
SERVER_HANDSHAKE_TRAFFIC_SECRET d652ce55de584da16917a761d1ec9ffa72b27f180abb39b2c1c835d87329f6e8 03d94871409b73a002d03fe6992cfeddae74ff94c244e7a2d6d55220250050c7
CLIENT_HANDSHAKE_TRAFFIC_SECRET 998ddb295d96289081c233ac925e4797791b3bd9af6b6738e13cdf3b9b3f9702 e3cb67bc415a112936b2a866d53dd090b18fd0639a42b73e51aaef034472b9b2
SERVER_HANDSHAKE_TRAFFIC_SECRET 998ddb295d96289081c233ac925e4797791b3bd9af6b6738e13cdf3b9b3f9702 6fd4435f0875a611385f903a407a290b31411bcb3b68a2ae3574bc0e1a77d074
CLIENT_HANDSHAKE_TRAFFIC_SECRET 035c7b03eb8ce35822ec0db5d542ef2f2d18a32ee0405db978a71dcf21313776 9be4428f80c488f986992c9b80115e60a631e31d129a5952a741002658dda055
SERVER_HANDSHAKE_TRAFFIC_SECRET 035c7b03eb8ce35822ec0db5d542ef2f2d18a32ee0405db978a71dcf21313776 c3da68ffdf1a025136d77f6f96c3bbdd0b90aaa01273ce29442c6530e4cb835d
CLIENT_TRAFFIC_SECRET_0 998ddb295d96289081c233ac925e4797791b3bd9af6b6738e13cdf3b9b3f9702 320017f500aa6a2860022855f200ba76a2c4f83ac985fc88220684b888c66e8a
SERVER_TRAFFIC_SECRET_0 998ddb295d96289081c233ac925e4797791b3bd9af6b6738e13cdf3b9b3f9702 76587064ab837b5c7fc15457f84b41374aab22144613a3e6f3f19bd80b993878
EXPORTER_SECRET 998ddb295d96289081c233ac925e4797791b3bd9af6b6738e13cdf3b9b3f9702 0cb8fb93eb3a40aa291887456219b28815f801c502e13a3408b01bbf2319d6df
CLIENT_TRAFFIC_SECRET_0 d652ce55de584da16917a761d1ec9ffa72b27f180abb39b2c1c835d87329f6e8 d823a553aa05f04295562e71e97b78a3f116b3e1d53d2270858c0f7e26be6a84
SERVER_TRAFFIC_SECRET_0 d652ce55de584da16917a761d1ec9ffa72b27f180abb39b2c1c835d87329f6e8 56f0074027460daa0898218e0f1bcbd7903bc5542b571ea5ace408e20d534cc4
EXPORTER_SECRET d652ce55de584da16917a761d1ec9ffa72b27f180abb39b2c1c835d87329f6e8 63215d6d94ea1b8ddf551c67882a9f787bfd4d18d90b9f1e2a6e2945f0588a74
CLIENT_TRAFFIC_SECRET_0 035c7b03eb8ce35822ec0db5d542ef2f2d18a32ee0405db978a71dcf21313776 6734266bb83e060c59e40b9d91d2de5388a6fcbc0a39dd81e637554e0516cbe0
SERVER_TRAFFIC_SECRET_0 035c7b03eb8ce35822ec0db5d542ef2f2d18a32ee0405db978a71dcf21313776 3304e99a1d44b145b92bc62753c40c43d516f5f2c3148457be7acabf84ccd549
EXPORTER_SECRET 035c7b03eb8ce35822ec0db5d542ef2f2d18a32ee0405db978a71dcf21313776 01d72c274155b99eeb4cfe1930ba52effe8d8659e75cda05a67bbd779aca59e2
CLIENT_TRAFFIC_SECRET_0 cc1cf1160d4ed9458a3906c5cdd3a587a5951c8b65c881af063225ad09880930 9d6cd9b2c2c1f62f77474ed927bcd762ffbaa8ef57f27834c19b8ce6388e175f
SERVER_TRAFFIC_SECRET_0 cc1cf1160d4ed9458a3906c5cdd3a587a5951c8b65c881af063225ad09880930 6e545a493e626b999a7bd649b68c7c7de58277703faa00702d29c78d8d65990c
EXPORTER_SECRET cc1cf1160d4ed9458a3906c5cdd3a587a5951c8b65c881af063225ad09880930 181ee481abd672f3ca4ddaffbb8fb5803592a73caf183033ff5ac70bdf077f63
CLIENT_HANDSHAKE_TRAFFIC_SECRET 53d3ce5091564aef33ad81bdc45a8aa835f24df5e4002b551bc38a5ccdea8b23 e60b79926d9741681a2ba60cba03d0c3e25b1e9a2eb8feb6b84742b9308b994e229324ef73dbb3a8ffb6101293b0ce8f
SERVER_HANDSHAKE_TRAFFIC_SECRET 53d3ce5091564aef33ad81bdc45a8aa835f24df5e4002b551bc38a5ccdea8b23 9f9fb423c533c3e7d80caf8b5419c238cd2d907dea0d8f6d36b9500eab0e0edd04fb20d04e2f8ec71e4cecac6c69ddbe
CLIENT_TRAFFIC_SECRET_0 53d3ce5091564aef33ad81bdc45a8aa835f24df5e4002b551bc38a5ccdea8b23 bcaf738c418fac78bc3b8f44525c6050badc3c6c6945efec3e27268c50891a6870117120cfa6acaf0b8ced717b769be0
SERVER_TRAFFIC_SECRET_0 53d3ce5091564aef33ad81bdc45a8aa835f24df5e4002b551bc38a5ccdea8b23 9515bed3219bb44b6f588db4325e918a01456fc62abc9a07e8620ca00119f5931a8e6df7b71165d390c631b1a2ec2e9d
EXPORTER_SECRET 53d3ce5091564aef33ad81bdc45a8aa835f24df5e4002b551bc38a5ccdea8b23 f5251972eb266434e470e8057f6e347b72a313e91b8932a7d1ef34b5d28af75b1a474dcca2a95464e4c2cfee955d3584
CLIENT_RANDOM 931b8857526e523c32bdec7b45104f761601aa891784f17678998e0cdcad8f74 aa62f683e6729911dd44e095ad9b3785e368c1ece339dbfde0e0d86ca608f866f2e4528b8fa3d6027bd65da8a05f541e
CLIENT_HANDSHAKE_TRAFFIC_SECRET dab830afb1894b505bcb6318dded1325e6d71e222b872f88d2e885454238d5b3 343c05f61b4c9f6244296248909313000d74ffd6f7bbc99b6cc083c8101ad15b05bb23b07fcb62d208be0e348e47dbe5
SERVER_HANDSHAKE_TRAFFIC_SECRET dab830afb1894b505bcb6318dded1325e6d71e222b872f88d2e885454238d5b3 7176f1a72726ef51398b1d9ed14ccc8be5d58651c7d6976fcf3bbf178989141fc0bf70d404b3b4439c89bc87792e60df
CLIENT_TRAFFIC_SECRET_0 dab830afb1894b505bcb6318dded1325e6d71e222b872f88d2e885454238d5b3 03356dbd67e1481fff8ddc22a4941cdf96a26b0c84a87489887e0ad36af87ca7dc5bea3cf75856bd587b9645a2c08b81
SERVER_TRAFFIC_SECRET_0 dab830afb1894b505bcb6318dded1325e6d71e222b872f88d2e885454238d5b3 0a47ddea86ef7973484e33c6be81926db5edaebd7603a91f7c626cf2c34269e3233e7efc787cfe298665d78235a93756
EXPORTER_SECRET dab830afb1894b505bcb6318dded1325e6d71e222b872f88d2e885454238d5b3 4f3f709195da99de5dfd8c2b9b4033f43cf643ad442f98e36ef59b1a52a9475557d0fb847d7a6f0d27569324d4925654
CLIENT_RANDOM 7b2e987e875fbe8e8a2443dadc064ccdcd7e88b98d4028b42d4b3c0875a5b9cd 13f30a4b0d2becdfe40f0bf2d50a7ec3a6eb42c9cef1c40f86ec45a7bd42e4e8673f727252b34e3012fe511be9ef2a6c
CLIENT_RANDOM f826271088c379c1c000f9a3c314332841f15ac6cfe169872b6977990ab1b076 9aad855e8a7567c64dacb85520a3f5b489d438f2ad78e247722ce42512a6047cbe1f903aebd1c1017f2a398cda9aaf69
CLIENT_RANDOM a5558e35cf7edfc79cc45d25b8ee5da7f0e71824c089d26f4ecaa97798a73a4b 2b31db70d4fa9e01e4622c877a4f22f56c713891b15bdac7d8cfdb7e1a202643432733f5eaef9d9accf87029f84fbfbd
CLIENT_RANDOM 9d826419ff9f55c6e7cec10609001a8b4fbf908ad2a5ce7a6f2acf5efc9bdacf 985c7723891a2f718641a26acaf24c95706b581375ca237482f12b23ac414f685de57045741af07cfb8ad2f1cf29d647
CLIENT_RANDOM 50580aac206c1913e855ca6b50f849c246e99cc20f938dd5b39422d3950db936 d900dc339e1165760fe0b8661b4705259f17523f4797b0c224e488f3fb2a2844838e8fe1848bb54488ed5314ae422c5e
CLIENT_RANDOM 27c723c92cabebd0e9e35fbea26fefce7a79d4238a3563589353365962359cd3 d14993168b7bd06bb1e7e2938e23d06e60e3abf419dc4cc531253239f723112e73bdb9d9906272edcbe7d40cf9c7bd82
CLIENT_RANDOM b53d651ff91b31f261bf3b8c2c0164557371e431436065366d60a1120c1e8a52 bdc1ddfc8012592072dde1798665b6365343f296e3d90e7133051104047b8cdab973bb3d1e645a765ca1d93a16d716a9
CLIENT_HANDSHAKE_TRAFFIC_SECRET 1c672a601b86ea905bc793c34fc14973932c9a54642e32610c0226128ae097d8 42ecc6ea98071769beb43ab7ac82ae7533c574ae117fdde836adf6b6f96c7436
SERVER_HANDSHAKE_TRAFFIC_SECRET 1c672a601b86ea905bc793c34fc14973932c9a54642e32610c0226128ae097d8 148f28372c05b78063be93869c58424c02e5d2c1c8703195f0cc22bf6553ed7c
CLIENT_TRAFFIC_SECRET_0 1c672a601b86ea905bc793c34fc14973932c9a54642e32610c0226128ae097d8 12538003b0148bdb141b86ebbc4b7ea4749c1ba9016919cae565c15a2f6c64c8
SERVER_TRAFFIC_SECRET_0 1c672a601b86ea905bc793c34fc14973932c9a54642e32610c0226128ae097d8 fdc47862279dc4aeb0e116020b130bf4c5d05357e92ca795c52620c71be2ad58
EXPORTER_SECRET 1c672a601b86ea905bc793c34fc14973932c9a54642e32610c0226128ae097d8 42d17f71c3ce46e8143f031db4cde1491f4193993a75cab3dd717088a0dd8ecd
CLIENT_HANDSHAKE_TRAFFIC_SECRET 9f2ad48489ca6a61aa6d69de6f35ae5fe093fc7f7f27d26c610cf29c1a268aaf 2150bbfe9c24170024e894b893e9aed080300f750101e15e4dacb8f0ab49e269
SERVER_HANDSHAKE_TRAFFIC_SECRET 9f2ad48489ca6a61aa6d69de6f35ae5fe093fc7f7f27d26c610cf29c1a268aaf a271f0588edef9d0250c99be043769e7792eb83abc6634d2a46a2c014af1c3fb
CLIENT_TRAFFIC_SECRET_0 9f2ad48489ca6a61aa6d69de6f35ae5fe093fc7f7f27d26c610cf29c1a268aaf 2057e8d59aa07e74029072be0eed6d926112c2b171958121e7ce47b64c5b5881
SERVER_TRAFFIC_SECRET_0 9f2ad48489ca6a61aa6d69de6f35ae5fe093fc7f7f27d26c610cf29c1a268aaf 76d4aee63b0b3a2ea2e72cf11f96a3c0bd2cabf9ee4134d8b8ce04d8600ea708
EXPORTER_SECRET 9f2ad48489ca6a61aa6d69de6f35ae5fe093fc7f7f27d26c610cf29c1a268aaf 3c7e0af09732f4d8fb06df37c28f0a3430179d67e2b237fd01031a7605fbc152
CLIENT_HANDSHAKE_TRAFFIC_SECRET 925f15e56e1a8c8e7fc36f5ec5702427e2b9344405376d0c85330ffcb69217c0 e26ed7a2ed17232fe84b59353eeb3b4fe28dd9fa54220788d2d4b6ff00614f04
SERVER_HANDSHAKE_TRAFFIC_SECRET 925f15e56e1a8c8e7fc36f5ec5702427e2b9344405376d0c85330ffcb69217c0 cdc7d1055425f4f872ef9c0891d61d3c421a318913e11bb76563801a21a4a1d0
CLIENT_TRAFFIC_SECRET_0 925f15e56e1a8c8e7fc36f5ec5702427e2b9344405376d0c85330ffcb69217c0 37ab5a6b6d7989c2a7952e792803cc986f7d1bc3c641091431ba31efcbbd918f
SERVER_TRAFFIC_SECRET_0 925f15e56e1a8c8e7fc36f5ec5702427e2b9344405376d0c85330ffcb69217c0 9bba43048670b8fb3e8d0b420759d7927ca6d4e4ccc259aad2f658d17dc1e2a4
EXPORTER_SECRET 925f15e56e1a8c8e7fc36f5ec5702427e2b9344405376d0c85330ffcb69217c0 50ed27ae2411e2533710ec929b1344ba58ade264d7671a075da450107c920e4b
CLIENT_HANDSHAKE_TRAFFIC_SECRET 3ac12c64af0c01757f573284e4b1b1d8caea87c18caa701ccf9f0ffbb139a022 5a8023e8d8843a7831f4bab9e36770173a5733fd15b7e1ed577ee565c6459ab8
SERVER_HANDSHAKE_TRAFFIC_SECRET 3ac12c64af0c01757f573284e4b1b1d8caea87c18caa701ccf9f0ffbb139a022 54320124f1445b41a04452126e60d993507416b0836c5c26a087aec889556a0a
CLIENT_TRAFFIC_SECRET_0 3ac12c64af0c01757f573284e4b1b1d8caea87c18caa701ccf9f0ffbb139a022 653ec12557e6995657995d8a0c760d4c05dba95050bd38db14ed02f55a502783
SERVER_TRAFFIC_SECRET_0 3ac12c64af0c01757f573284e4b1b1d8caea87c18caa701ccf9f0ffbb139a022 a386ef2b1896e15490fe975404a749b0598b4633a9bb4a3993726b961bca385a
EXPORTER_SECRET 3ac12c64af0c01757f573284e4b1b1d8caea87c18caa701ccf9f0ffbb139a022 f613efcbd084d30fafe4c809927c5dd6e6fbe6b6407e46dbf7e42835f100b4e5
CLIENT_HANDSHAKE_TRAFFIC_SECRET e20d868890dee603b640714db84c85fe8a996eb3781d18807c6a1f2f28d5f14c 2017683763d7be0a802d3082d839c83ecf79411f5647ae1653ff6dd772ba0a11
SERVER_HANDSHAKE_TRAFFIC_SECRET e20d868890dee603b640714db84c85fe8a996eb3781d18807c6a1f2f28d5f14c 793ef919166c5c798e091ca72c30dda6fbb2fb9a8907a036df3ff851eaa0d569
CLIENT_TRAFFIC_SECRET_0 e20d868890dee603b640714db84c85fe8a996eb3781d18807c6a1f2f28d5f14c c7afdebd936b3511a4d6c12a324da748c238ae05c7f1b9206d2ab03c77d21cf4
SERVER_TRAFFIC_SECRET_0 e20d868890dee603b640714db84c85fe8a996eb3781d18807c6a1f2f28d5f14c f65b9189af659e3a34a4ad94b401c2edb551f4b9290139d09c89b4be9dee0e3a
EXPORTER_SECRET e20d868890dee603b640714db84c85fe8a996eb3781d18807c6a1f2f28d5f14c fb21192f0b29bce27997e52bed993c21ef4ede120dc224fbeb479c94d7d5f3c8
CLIENT_HANDSHAKE_TRAFFIC_SECRET 11c3838a7d248e7a0826209164c5469265a980888da9538eacd455037c1c9217 fe0e3f1a403f9a401a9472b2bdb5260fcd48e37b311b231e2f57b8354fc257ca
SERVER_HANDSHAKE_TRAFFIC_SECRET 11c3838a7d248e7a0826209164c5469265a980888da9538eacd455037c1c9217 4d564d5699993ff401df023470d9dc950d4f2a84ff10f10617bab69dce665a10
CLIENT_TRAFFIC_SECRET_0 11c3838a7d248e7a0826209164c5469265a980888da9538eacd455037c1c9217 3555bf0415b253a4d3eca3c173591497eb5cf58871dd4d1080c669c99b17b367
SERVER_TRAFFIC_SECRET_0 11c3838a7d248e7a0826209164c5469265a980888da9538eacd455037c1c9217 64019a4ee1250908a2d0ef3e58f076ce4bc6954d2e67f157862c86dad7f3064e
EXPORTER_SECRET 11c3838a7d248e7a0826209164c5469265a980888da9538eacd455037c1c9217 0ae4231d6b50cebd80ac3a68e5a654267a06345465ebe0c51528801116df8d7a
CLIENT_HANDSHAKE_TRAFFIC_SECRET 7a93833e84af388fb7b8e7978d266af23e5981ac15c53a509ee8b8de047774d8 561b47648b2432a651a7006330ecc2b765ea7190a962d0bd41d9e1fc0d42ead5
SERVER_HANDSHAKE_TRAFFIC_SECRET 7a93833e84af388fb7b8e7978d266af23e5981ac15c53a509ee8b8de047774d8 64c84e657ec6b0950b463d2a667380efbda99b93a3e5722d79fcfc55c6bf1fa2
CLIENT_TRAFFIC_SECRET_0 7a93833e84af388fb7b8e7978d266af23e5981ac15c53a509ee8b8de047774d8 21668b3ab02d9aacd4828c7b8aea72f5136abf4cda8daeea7fdf805c4f01bbbb
SERVER_TRAFFIC_SECRET_0 7a93833e84af388fb7b8e7978d266af23e5981ac15c53a509ee8b8de047774d8 7177e3138fb2b3f8711c6f59851678400aedf631964730c1c150f13ce3f2b6a5
EXPORTER_SECRET 7a93833e84af388fb7b8e7978d266af23e5981ac15c53a509ee8b8de047774d8 8cf1c5bfdc335688624d0f45e361f02b329de3316fa49a6ada63076328054476
CLIENT_HANDSHAKE_TRAFFIC_SECRET 7e11eca3c9eeb5414304acc010a541f44d46e13f8a001671b202d7af768ca598 d901d6baec70cf59d1d5606607cd7f143b968861ddfcffb659ac5f0817435032
SERVER_HANDSHAKE_TRAFFIC_SECRET 7e11eca3c9eeb5414304acc010a541f44d46e13f8a001671b202d7af768ca598 e44712103dfa9f2158339a2bbf0f3cdc70b53527124b1d5e24752a83ce3ee110
CLIENT_TRAFFIC_SECRET_0 7e11eca3c9eeb5414304acc010a541f44d46e13f8a001671b202d7af768ca598 8dfbf5597bf52fe63db21f2a21298fe4c15ace6033c27107444013d4acf9173b
SERVER_TRAFFIC_SECRET_0 7e11eca3c9eeb5414304acc010a541f44d46e13f8a001671b202d7af768ca598 88d60dc4a2397f07a0b352e21d90aaab7d41753c226f18a9f0f7e3413fd02bc8
EXPORTER_SECRET 7e11eca3c9eeb5414304acc010a541f44d46e13f8a001671b202d7af768ca598 6ab00b6e2107e3b21e520b0467179cb0df89230deb15a749951061f60b9fb96d
CLIENT_HANDSHAKE_TRAFFIC_SECRET e26be9e7729637fe276086d9bdcce60d1a6b347160025481617cde9afa4cc5d2 bd58fe3e475e6b3376048eab97286a33d2e42d4299cb29d739b7f0f770d238cd
SERVER_HANDSHAKE_TRAFFIC_SECRET e26be9e7729637fe276086d9bdcce60d1a6b347160025481617cde9afa4cc5d2 8cc91a1d39d0ac9f2a566a67f93ed9d4291f9dc0f01cee049ae0eeb99d0759c3
CLIENT_TRAFFIC_SECRET_0 e26be9e7729637fe276086d9bdcce60d1a6b347160025481617cde9afa4cc5d2 09a61c0ab4c6d43b7c804d0f93d90cfb95fde8e5bc6f079cce1b11c154230c42
SERVER_TRAFFIC_SECRET_0 e26be9e7729637fe276086d9bdcce60d1a6b347160025481617cde9afa4cc5d2 195aba12d5f07c70535fd55ae174b81308a5416e2f9bd0ec640c73862555ba00
EXPORTER_SECRET e26be9e7729637fe276086d9bdcce60d1a6b347160025481617cde9afa4cc5d2 d47aaa3bcdc12606d130d3cd9f063fbfe9bac48eae8a8279f29879734df18655
CLIENT_HANDSHAKE_TRAFFIC_SECRET b6d1c739a6d25e2def8400261a03b8dbe1bc78b5a2375642cd1c39c93138f8c5 13fc49e6d6870178d1ff02ec05f30e9005adbb3d18e0a39a0fbed1c0441b9af2
SERVER_HANDSHAKE_TRAFFIC_SECRET b6d1c739a6d25e2def8400261a03b8dbe1bc78b5a2375642cd1c39c93138f8c5 c6375e7039b1f64e1b8f3662b36a3175b59d85227f1d743d09ddff64a884f303
CLIENT_TRAFFIC_SECRET_0 b6d1c739a6d25e2def8400261a03b8dbe1bc78b5a2375642cd1c39c93138f8c5 0c0e04f28370ac418e714734daab4835914aad324c850bdf12fc0bd6db2b7f48
SERVER_TRAFFIC_SECRET_0 b6d1c739a6d25e2def8400261a03b8dbe1bc78b5a2375642cd1c39c93138f8c5 8f3b837139bf5575593cccdceca428c093b62582fa165368cc4fb5d13c3f81ef
EXPORTER_SECRET b6d1c739a6d25e2def8400261a03b8dbe1bc78b5a2375642cd1c39c93138f8c5 fc967428c4d1a22e74495e176b04d51b34fbcb2240e7dca0edd5c2ee0ae2e75f
CLIENT_HANDSHAKE_TRAFFIC_SECRET ee51b13f6f3bc7df35ef53650edff915828cb369f4d078b26e055d26a8a4e4d0 84289da648a24c5057707d7dad798e596d19f4ed4f3fbebb626f1be52571cd55
SERVER_HANDSHAKE_TRAFFIC_SECRET ee51b13f6f3bc7df35ef53650edff915828cb369f4d078b26e055d26a8a4e4d0 e9d2fca2be5896b9563bbcb4b8642e4c283bc98b995909a4438ae0078d7eb89e
CLIENT_TRAFFIC_SECRET_0 ee51b13f6f3bc7df35ef53650edff915828cb369f4d078b26e055d26a8a4e4d0 9eb5849ada9fbaff8bb88782a4d3ac46c41cb4f794094f1b19a272a2fa3edf60
SERVER_TRAFFIC_SECRET_0 ee51b13f6f3bc7df35ef53650edff915828cb369f4d078b26e055d26a8a4e4d0 caea5a1bdfbf5a09ed83549794cfe76d5eaf963c9dd01dde7616820760d45b0f
EXPORTER_SECRET ee51b13f6f3bc7df35ef53650edff915828cb369f4d078b26e055d26a8a4e4d0 12a0e1803fe028c04b7874fa15f953c4195632b051f4abef148c32b07341b794
CLIENT_RANDOM f226c29431f0aab97ebdbb4cfb8eeecfbd6ec62b208b531883ec900c471eac4b 9dc183afae82370aab619ad5ac2ef8cbd66d67d24f6fb251c08eaeb0dda2d846f998eed29686c557f121798569e55a76
CLIENT_HANDSHAKE_TRAFFIC_SECRET 89338c433ace99c02ec5388aba24e957220816358fa02b5bf848a52595a11cb1 ff61345d2ec79a046dd1bdc6f92e94cad9ca55f6e71208aa853fcae1b752155e
SERVER_HANDSHAKE_TRAFFIC_SECRET 89338c433ace99c02ec5388aba24e957220816358fa02b5bf848a52595a11cb1 b9f17a6f9f6bed58f99c7668067de3087cc64b36a62e46e5ecb716a23faa233e
CLIENT_TRAFFIC_SECRET_0 89338c433ace99c02ec5388aba24e957220816358fa02b5bf848a52595a11cb1 173d4e5c6569d47cb349c5101e5aecdbf9f3f3a2e1ce04e0c1d5ce5b5cfee771
SERVER_TRAFFIC_SECRET_0 89338c433ace99c02ec5388aba24e957220816358fa02b5bf848a52595a11cb1 dc94a50e91cb1d0344466ffd1e089a6321791383d5992d0c5dd9b8867e28120a
EXPORTER_SECRET 89338c433ace99c02ec5388aba24e957220816358fa02b5bf848a52595a11cb1 82e63c7c6fc8322a888e5a572a8e6cbdbed55fccfbe9bcb54acca9fb16e8ef6d
CLIENT_RANDOM f47d6b6f1c1745acad679152a9b5e8b8498bb3e1e6158ceb674b257828db9f77 10221bdb6732275a391e75745c89ecf4679b4130b33a175b4bc95a5f50254a8a0d1fa41182ad960902fb8ca1c99c90bc
CLIENT_HANDSHAKE_TRAFFIC_SECRET 9ccb7d1ca2caa95088ae3a5eda58c5315d61b1b71b0c44c1dcb39caf0d74eb70 857cb29d46354221f12d60f74b7041da1554b0ac13c82cc8a734a9e541d4640b
SERVER_HANDSHAKE_TRAFFIC_SECRET 9ccb7d1ca2caa95088ae3a5eda58c5315d61b1b71b0c44c1dcb39caf0d74eb70 52c060b8d1dc3551372795bf6fb2118a35b6ef87a966c94bf54e1863400cf165
CLIENT_TRAFFIC_SECRET_0 9ccb7d1ca2caa95088ae3a5eda58c5315d61b1b71b0c44c1dcb39caf0d74eb70 52a12b67f49514d02b6a51c4ec02a04cb42bb9ccb29fa48a49c5ade578e38b52
SERVER_TRAFFIC_SECRET_0 9ccb7d1ca2caa95088ae3a5eda58c5315d61b1b71b0c44c1dcb39caf0d74eb70 f2a18d07dfa79c7111c62523f394605469eb3ce34e1aa63f22724619e6fb0855
EXPORTER_SECRET 9ccb7d1ca2caa95088ae3a5eda58c5315d61b1b71b0c44c1dcb39caf0d74eb70 f4c4cd4888ff9b2da9c216fe34f4b4d37024ba5759f23bcd1212e1aa84bd63ce
CLIENT_HANDSHAKE_TRAFFIC_SECRET ec15a67b2261e9427db511af38669abcde638874a03d8f772eece3c8a801bb1f caef8f19ee6701e1d0daa17d663e66730c83531729df275d8819a709332612d5
SERVER_HANDSHAKE_TRAFFIC_SECRET ec15a67b2261e9427db511af38669abcde638874a03d8f772eece3c8a801bb1f d5bc6432942782520cc4540b812cf9c2cf27ed81d27da1f308d461d3b699e087
CLIENT_TRAFFIC_SECRET_0 ec15a67b2261e9427db511af38669abcde638874a03d8f772eece3c8a801bb1f 5623c72b266aabf1cbff035078b07d37b3f4a3155ab5243db2836a43ebab06f4
SERVER_TRAFFIC_SECRET_0 ec15a67b2261e9427db511af38669abcde638874a03d8f772eece3c8a801bb1f 5014f0daeda7f8d265b894038b33fbe6d4bcb68cdf223b05cea8bc2148d60013
EXPORTER_SECRET ec15a67b2261e9427db511af38669abcde638874a03d8f772eece3c8a801bb1f 34eb9ec3c862ef01ed1835885424b403a492937513ff4e5df9290603efdb03b4
CLIENT_HANDSHAKE_TRAFFIC_SECRET 3f4b7e3d3eaf35c9ab6281ce2284e528ba9fa0ca8b24604467430deb99f9245d de9fbf6f12d69c0ca3a352a788f76c93de03479dba40c5a94bef4c6e90bbdf20
SERVER_HANDSHAKE_TRAFFIC_SECRET 3f4b7e3d3eaf35c9ab6281ce2284e528ba9fa0ca8b24604467430deb99f9245d e212b2d97c366d0e1cb3dabce908c34e579ede53a00c5a07f7a87de736a551a6
CLIENT_TRAFFIC_SECRET_0 3f4b7e3d3eaf35c9ab6281ce2284e528ba9fa0ca8b24604467430deb99f9245d 5155bbfd57dfdc187bca9c4ab576bccb7650d7cf6c84335a1d8ed32a2bd445d4
SERVER_TRAFFIC_SECRET_0 3f4b7e3d3eaf35c9ab6281ce2284e528ba9fa0ca8b24604467430deb99f9245d cb2f44cde4144c4b11cbcf302bfd052ba8642026ca50508f006759f902a4fd47
EXPORTER_SECRET 3f4b7e3d3eaf35c9ab6281ce2284e528ba9fa0ca8b24604467430deb99f9245d ff66c050e53424306c6fe3db94e3f720cdf4ee3dec1fd32ed2c38b168a027455
CLIENT_RANDOM 593d471374cbbb4f8ccbfb407f9eb72a9e2efff957964ffe082d329189f9594a 9328fc3676648e74c7f01a94786cd57d7920e40df0bcf4b5ec699039ec89a299921fa62c25f8c72386eb9c64167a6780
CLIENT_HANDSHAKE_TRAFFIC_SECRET 3da98b70ac595140491e0213e635ac079ddf0c2d2093c07a8732fdab07749168 429c8fc735f2d287216dd351e8c17626aa045e9e73a108fb1fb3f0380835a1a2
SERVER_HANDSHAKE_TRAFFIC_SECRET 3da98b70ac595140491e0213e635ac079ddf0c2d2093c07a8732fdab07749168 2e483bcbab4222297647f4dba58703e9ed1bf3b8c6b18011abbd68509841f6b9
CLIENT_TRAFFIC_SECRET_0 3da98b70ac595140491e0213e635ac079ddf0c2d2093c07a8732fdab07749168 40bc6bd0e8a92d274e903c8ebb2482bd920967d2e42d2b4bd7d310d189b86335
SERVER_TRAFFIC_SECRET_0 3da98b70ac595140491e0213e635ac079ddf0c2d2093c07a8732fdab07749168 87feea30caa776d734d4fff47fc7980b5fa350b0ad270154855d5fe52b2275db
EXPORTER_SECRET 3da98b70ac595140491e0213e635ac079ddf0c2d2093c07a8732fdab07749168 a2097ef3b5efab7ebc3d20161420738b186e6cd03dd46eea13b146627a2894be
CLIENT_RANDOM 24971a2cd5542b242fb61f97e54feae4919fbf3da9e4c170913fb41b66a76cc7 2661250429c4136fe210b7874b980318fa0b211b98f2349a0ffeaf1c7448e424f0efe1bacd31d3c72551db07576cad94
CLIENT_RANDOM ef6844f8af61b5c2e48c2c529b011d35867cc800d55bfe4e6952bb2b96d26e0c 589693dd33b7640f11db1e28b58cf4a07e3732d6432384f6139983fbb2f6a625fab1180329ff8556b339e4396b8ed452
CLIENT_HANDSHAKE_TRAFFIC_SECRET 186285fc9a3141a6bbfdda9df2f79c6c9dbc57f8570cce9fd68c9f7d5eb653bd 518024f91433d4ab7ff06e4441113611c3906d42729bb99a24dd8a35ac247f38
SERVER_HANDSHAKE_TRAFFIC_SECRET 186285fc9a3141a6bbfdda9df2f79c6c9dbc57f8570cce9fd68c9f7d5eb653bd 4a737d4c0449de936fe77905f9177fef4f6296225eecdb1cd187b0fa84829a73
CLIENT_HANDSHAKE_TRAFFIC_SECRET 7b90ed4f822704b5fbb8ba3f908fec4efe041fd5fa82adfed48ff57ac2702ff2 df34916de8010722b70f2c6fbd3424fcad5c0b9ac2e5180e2351e346be29a1a0
SERVER_HANDSHAKE_TRAFFIC_SECRET 7b90ed4f822704b5fbb8ba3f908fec4efe041fd5fa82adfed48ff57ac2702ff2 7b7557d74f2743b71b6f2089f2df544a2c79a7edad5ae60924c50dbaf83262cd
CLIENT_TRAFFIC_SECRET_0 186285fc9a3141a6bbfdda9df2f79c6c9dbc57f8570cce9fd68c9f7d5eb653bd acdc9b7e6517673719723b67909f7938babee7986ef8d63051f9347c969deac6
SERVER_TRAFFIC_SECRET_0 186285fc9a3141a6bbfdda9df2f79c6c9dbc57f8570cce9fd68c9f7d5eb653bd e2770fd8726ca5c706205fbf632c91dae8f9f43e5930ad803fad034b14263407
EXPORTER_SECRET 186285fc9a3141a6bbfdda9df2f79c6c9dbc57f8570cce9fd68c9f7d5eb653bd fc5310a1c377a40f2cbfc75feea6ff471897f7d95d30e0667a7065517e940217
CLIENT_TRAFFIC_SECRET_0 7b90ed4f822704b5fbb8ba3f908fec4efe041fd5fa82adfed48ff57ac2702ff2 09b3ed0a2a715ac717d9dc723268177b05966c57fcae7bdd9764be0b89fd4cdc
SERVER_TRAFFIC_SECRET_0 7b90ed4f822704b5fbb8ba3f908fec4efe041fd5fa82adfed48ff57ac2702ff2 cd2db6ad591d20774acfe3c7481fa50b04d0c596b34a355718c23cf5efa39611
EXPORTER_SECRET 7b90ed4f822704b5fbb8ba3f908fec4efe041fd5fa82adfed48ff57ac2702ff2 38d318ece08c3e6b782c3b8a4e7c76d698b3e675cab81f2f89b14d0e46df0b38
CLIENT_HANDSHAKE_TRAFFIC_SECRET 5694a5c7a4032245a67a86bdb8fd6f2785b4602b7c8481828ab818733d02a64e a19cf8d779069998ded03138455c348b63e770b79741b9238b526333a11fa794
SERVER_HANDSHAKE_TRAFFIC_SECRET 5694a5c7a4032245a67a86bdb8fd6f2785b4602b7c8481828ab818733d02a64e 753d86ae8767e12cef5f9a3789419b1c70848a25564a403fb97e47edbc7980aa
CLIENT_TRAFFIC_SECRET_0 5694a5c7a4032245a67a86bdb8fd6f2785b4602b7c8481828ab818733d02a64e 856de1d7ceade38309b2d5581b4a67ee14b75db2f669e7e645276b084d05b7d6
SERVER_TRAFFIC_SECRET_0 5694a5c7a4032245a67a86bdb8fd6f2785b4602b7c8481828ab818733d02a64e 222bbde9325435b5a6eae6d3c5a8466e3a679e50f530b4f0d9b3b8317d54fafc
EXPORTER_SECRET 5694a5c7a4032245a67a86bdb8fd6f2785b4602b7c8481828ab818733d02a64e 0a6ebb7282edc0c4236811d742e31ffe7d34f0454c750b23e40941b4f103321a
CLIENT_RANDOM cf879fbf2b0658387276d5de189229fc8013d07b05aeee2a52fe64e164e81cc1 bde467f12ed1bb90f88aabd211b3f5748d03a7770f1f7a92d25e1a106c8cd79e4efce6b98c397f82139d47105c8fad06
CLIENT_HANDSHAKE_TRAFFIC_SECRET c9737d957dfc900bf184513493ec36b2dccc02b5f7d8c0f27de54a2d2303a78f 11129748c67d4823589d477a857ed67f9824f21002c824a0d82680096ba2e2d5
SERVER_HANDSHAKE_TRAFFIC_SECRET c9737d957dfc900bf184513493ec36b2dccc02b5f7d8c0f27de54a2d2303a78f a8a25511638062f0f2655e0d18617e42dfd04a8667343d727bfe9ae185d13449
CLIENT_TRAFFIC_SECRET_0 c9737d957dfc900bf184513493ec36b2dccc02b5f7d8c0f27de54a2d2303a78f 282b2008b660fbc0dd1df82199d1b7d0d61aca833d2fbb47ff6a69df4b01df1e
SERVER_TRAFFIC_SECRET_0 c9737d957dfc900bf184513493ec36b2dccc02b5f7d8c0f27de54a2d2303a78f 7ce4ce6132af2f1d25ce2b1772e606a7d188a48c52f363e8c831b0fe1c048ba9
EXPORTER_SECRET c9737d957dfc900bf184513493ec36b2dccc02b5f7d8c0f27de54a2d2303a78f 1fcdacf15503c7dffe98b89e237d431222a7702a7fc5d2f5a7523fd0575c78ee
