CLIENT_RANDOM 5bf54cf06329586c4bc534b6d79cce1198b2a8ff5bc8006974e3f039656388d9 f227624b36849c7c07c2132e6cde8902699ae3d7bb4f929771ad52c7d4d3775bda438a14707ec469dc0735f60ea036b9
CLIENT_HANDSHAKE_TRAFFIC_SECRET acf9a7f42bbd9732ada28fe9c45422a1f35fee77e89dde6ec11ce2919f550d32 0172836f2c5060b11e02dcc3879d95af783217904869ddf2de28cdad25cd109f
SERVER_HANDSHAKE_TRAFFIC_SECRET acf9a7f42bbd9732ada28fe9c45422a1f35fee77e89dde6ec11ce2919f550d32 1ea3dff04f42f112b6b241cf0aaedb236933007ad70afe7858a5e192dc9253cc
CLIENT_TRAFFIC_SECRET_0 acf9a7f42bbd9732ada28fe9c45422a1f35fee77e89dde6ec11ce2919f550d32 d835b96792beea3b8975e406e1264073e748ecf6d75486033b82d5d1b06d948d
SERVER_TRAFFIC_SECRET_0 acf9a7f42bbd9732ada28fe9c45422a1f35fee77e89dde6ec11ce2919f550d32 166e18a7c11a1ffcf9ccecc9dc185395fd630a4105b167ee3e050799e23408d9
EXPORTER_SECRET acf9a7f42bbd9732ada28fe9c45422a1f35fee77e89dde6ec11ce2919f550d32 ac9d9198a06c8c7d5828766b419d4db5a9f8a5800926ae03f31246dc65718ae3
CLIENT_HANDSHAKE_TRAFFIC_SECRET a84fcc41d99f60551c2670e03915b88af1cc3bfa1724bd88be0ef561a5f6c050 8257108d3624d29863565a7886dc49d0eb70c49553d883b6749460595b5b3088
SERVER_HANDSHAKE_TRAFFIC_SECRET a84fcc41d99f60551c2670e03915b88af1cc3bfa1724bd88be0ef561a5f6c050 7c7b41a42697457f4a1b2477a2255c129696ec03172495c2369270a5f72e7fca
CLIENT_TRAFFIC_SECRET_0 a84fcc41d99f60551c2670e03915b88af1cc3bfa1724bd88be0ef561a5f6c050 497d21a6fbcc66fed88d34c17a99b00db2dee383203ea4d79c00467a14756c3c
SERVER_TRAFFIC_SECRET_0 a84fcc41d99f60551c2670e03915b88af1cc3bfa1724bd88be0ef561a5f6c050 247a0ba56094ac8bedc6ca441fbc9d152397081483b1d3aceff883fbc3553778
EXPORTER_SECRET a84fcc41d99f60551c2670e03915b88af1cc3bfa1724bd88be0ef561a5f6c050 58d839a41b47f6f8e6e56bc8ddaa3381c2ae4db9edae6766fd15ce4d1a221d6a
CLIENT_HANDSHAKE_TRAFFIC_SECRET c71a2536ce0fc9c1c83ef15e141757e0164eceedae22de9931ec2f4d907e127c 0aac7d1106cae07a44ed551f52f07de14c8197e5435ada7394ae3760bbd5cf55
SERVER_HANDSHAKE_TRAFFIC_SECRET c71a2536ce0fc9c1c83ef15e141757e0164eceedae22de9931ec2f4d907e127c 421c0485048e8e747c3180378bef4a1dbcb43381c4a1453249698823d91944b8
CLIENT_TRAFFIC_SECRET_0 c71a2536ce0fc9c1c83ef15e141757e0164eceedae22de9931ec2f4d907e127c 86dc54a041e6823aacebe4e66f045d3b45fa453532628f159ab764312b254af8
SERVER_TRAFFIC_SECRET_0 c71a2536ce0fc9c1c83ef15e141757e0164eceedae22de9931ec2f4d907e127c be2999c03b32d9f207ddd1d661787f3fdcd6d2f3553affce7b968657d8954fbd
EXPORTER_SECRET c71a2536ce0fc9c1c83ef15e141757e0164eceedae22de9931ec2f4d907e127c 2330072446b20cf7988e37ab643b47545a44af23dae5a14d03e57fd74dc57caa
CLIENT_HANDSHAKE_TRAFFIC_SECRET f4fdb1ea415cd0528e8979e56ab81ba0081870efd87f7488a6f841521a422e61 080f9c691af7e9d4911662ad2d2ef882197027b31f5395e75747d661b79edd37
SERVER_HANDSHAKE_TRAFFIC_SECRET f4fdb1ea415cd0528e8979e56ab81ba0081870efd87f7488a6f841521a422e61 2ec985db89a6b9c0a46f6d102265b8d3389cd8353e9d977c1657c130e988aee3
CLIENT_TRAFFIC_SECRET_0 f4fdb1ea415cd0528e8979e56ab81ba0081870efd87f7488a6f841521a422e61 218135b2b9a9f2c34b13b7026d123c4e28ead3f283aec2e1935f5fcc076d2c58
SERVER_TRAFFIC_SECRET_0 f4fdb1ea415cd0528e8979e56ab81ba0081870efd87f7488a6f841521a422e61 455e1558408048381712d9863d7ba661886cafc84857a33110f21af516e8db47
EXPORTER_SECRET f4fdb1ea415cd0528e8979e56ab81ba0081870efd87f7488a6f841521a422e61 3ee679a54af259493611951013fbba10051b3e347c1110ac9c1a4ffafcbcde8d
CLIENT_HANDSHAKE_TRAFFIC_SECRET 9f5a592dfa9cc67cf5c8a0b06d3f4befbc9ff3b4e0625e500f5897999e9729c8 5ecb40d0686ef1cc0619a910a64cf76a0c2c2ff64ab382dc34d9fb10a045755e
SERVER_HANDSHAKE_TRAFFIC_SECRET 9f5a592dfa9cc67cf5c8a0b06d3f4befbc9ff3b4e0625e500f5897999e9729c8 e29fa8cfe1e0722f846438f4a34d132f6460cab2ef9d3df94cbfe53b59e97610
CLIENT_TRAFFIC_SECRET_0 9f5a592dfa9cc67cf5c8a0b06d3f4befbc9ff3b4e0625e500f5897999e9729c8 b23dc5009d3fb483bf69133f2675bd40226baf50ddcd65701be2122490b84fdc
SERVER_TRAFFIC_SECRET_0 9f5a592dfa9cc67cf5c8a0b06d3f4befbc9ff3b4e0625e500f5897999e9729c8 8d03bbf109fb91189bb04861a88aa27d92b9ba6c447b979a7b5179c1ed594ecb
EXPORTER_SECRET 9f5a592dfa9cc67cf5c8a0b06d3f4befbc9ff3b4e0625e500f5897999e9729c8 b0ae56acf7644a9976a32959802376df42da71103182eb1920cc3f681a053f56
CLIENT_HANDSHAKE_TRAFFIC_SECRET e85850be9264affb982f5120cf2141804a5e1749973dd9102fa04f66a3c85d67 fb27f96eba1507bd437fd48f77d51554623f46278f7e933daa5dfbf85eb8a702
SERVER_HANDSHAKE_TRAFFIC_SECRET e85850be9264affb982f5120cf2141804a5e1749973dd9102fa04f66a3c85d67 d3e1a65627b9f35f3161a7f1c10b803d730cb5c989ab60872a8d35e3cafbbb71
CLIENT_TRAFFIC_SECRET_0 e85850be9264affb982f5120cf2141804a5e1749973dd9102fa04f66a3c85d67 06f90d85fb182360dbefacdce7eeb095f727db2a440a9be71488377c6cc0deab
SERVER_TRAFFIC_SECRET_0 e85850be9264affb982f5120cf2141804a5e1749973dd9102fa04f66a3c85d67 0efccebc0fd3d52a32a946ce8b7f8f5337ac3c8c27f9353a890a7e2ddb2c2eaf
EXPORTER_SECRET e85850be9264affb982f5120cf2141804a5e1749973dd9102fa04f66a3c85d67 0a159fc5ca4074025b9fa873227700460de210feed2b45fe69bcd10d1f56c3cd
CLIENT_HANDSHAKE_TRAFFIC_SECRET c00f12e5e8050ff58de720556fff8f64cf901a844b8890417d96d12cd2b3c461 8d9a8957794661f14f769787c032426b70ea2393bffa053abe3fc9b3ba1fe412
SERVER_HANDSHAKE_TRAFFIC_SECRET c00f12e5e8050ff58de720556fff8f64cf901a844b8890417d96d12cd2b3c461 35302d8a76c6e332c698b18b0d9dd9589191e76cfe9998befcae3f6a973d526c
CLIENT_TRAFFIC_SECRET_0 c00f12e5e8050ff58de720556fff8f64cf901a844b8890417d96d12cd2b3c461 d05b2f60093f6a07fe4a21d9aa85e5d18f3704de0756c059f32fe99a6e17f0d3
SERVER_TRAFFIC_SECRET_0 c00f12e5e8050ff58de720556fff8f64cf901a844b8890417d96d12cd2b3c461 35df59bad7e0f0c6a4848c8434c0d87587f2c2d05b59f0ce47bd251bb317afaa
EXPORTER_SECRET c00f12e5e8050ff58de720556fff8f64cf901a844b8890417d96d12cd2b3c461 fffb6195eb606f210902955954a1d362b1694d315d71578db41b44a33296f8e6
CLIENT_HANDSHAKE_TRAFFIC_SECRET ea2df339408fb2742804a32dbab5ecb6ee4e2ee5fdda07edc5c1ea9b3c51db7a 6985a55d336ec01e4a9176a2d1b64ac040849cc6c667d0f3f970b906374f3459
SERVER_HANDSHAKE_TRAFFIC_SECRET ea2df339408fb2742804a32dbab5ecb6ee4e2ee5fdda07edc5c1ea9b3c51db7a 188c7e17d997790e265c8701ba9da303e8166f6e5d7dd0cc458f5ea4f26e2793
CLIENT_TRAFFIC_SECRET_0 ea2df339408fb2742804a32dbab5ecb6ee4e2ee5fdda07edc5c1ea9b3c51db7a 8f134ace08ff18a6a9f20d7d330a96b264d6427fc00a70ae097f579d5c702d89
SERVER_TRAFFIC_SECRET_0 ea2df339408fb2742804a32dbab5ecb6ee4e2ee5fdda07edc5c1ea9b3c51db7a 5a685c655763bfa6a4427d159e1be12b123fda9ae754231b0e5239eaaadf5cca
EXPORTER_SECRET ea2df339408fb2742804a32dbab5ecb6ee4e2ee5fdda07edc5c1ea9b3c51db7a d7c7a51b90d564f2a76098062a291de23a50e624a61798e1e8373d0f3dca0ef0
CLIENT_HANDSHAKE_TRAFFIC_SECRET 3f0b17790add671ace94506a237059f08f1d6202fb2daade28629b1ac9df5d7e 569cd40d48462832590d08a6bbea6cdc8613e2d87cb7c75ca11b14c0ecae2d29
SERVER_HANDSHAKE_TRAFFIC_SECRET 3f0b17790add671ace94506a237059f08f1d6202fb2daade28629b1ac9df5d7e f82ea0d514cd12ee3c5291425cdf2ccd14abd22e2aa54cae6e171902a34ef97d
CLIENT_TRAFFIC_SECRET_0 3f0b17790add671ace94506a237059f08f1d6202fb2daade28629b1ac9df5d7e 846b72eb2ab0c8db9976bd58a3ab179271f60e9f3fb8f0b3382a06b710612c82
SERVER_TRAFFIC_SECRET_0 3f0b17790add671ace94506a237059f08f1d6202fb2daade28629b1ac9df5d7e 160c44af59d6e9b1043515762d4e974795b9fffd9eb792b6900f4c7e68c0c9b0
EXPORTER_SECRET 3f0b17790add671ace94506a237059f08f1d6202fb2daade28629b1ac9df5d7e 3d52f28dabb5bc29eed37bffacd56bb6b3d997ade029a4678a2281779ed39e0e
CLIENT_HANDSHAKE_TRAFFIC_SECRET 7f0121433246eba215a36620ca0f2438ee8173e87801fe8464a1d961656cbcd0 a0eccfe5e084f5da3526f8972eef0d559183a606936a293fb55bee131d661e93
SERVER_HANDSHAKE_TRAFFIC_SECRET 7f0121433246eba215a36620ca0f2438ee8173e87801fe8464a1d961656cbcd0 b6e1c54ff734046e5152ab71cd5bde0ea015b8d6a2003c59e22f9542bf0acf2f
CLIENT_TRAFFIC_SECRET_0 7f0121433246eba215a36620ca0f2438ee8173e87801fe8464a1d961656cbcd0 877389aca8affd321b198117b21b1bdea304bd934daa23b229e0aaadbd69be3f
SERVER_TRAFFIC_SECRET_0 7f0121433246eba215a36620ca0f2438ee8173e87801fe8464a1d961656cbcd0 80a99db17e51d439f05d3c4f82813e1dff4e9dabb8c20b3adbb6f9f6c71dea7c
EXPORTER_SECRET 7f0121433246eba215a36620ca0f2438ee8173e87801fe8464a1d961656cbcd0 c80742406eec0e19dac13c6fe4558cd1865e5fcbf4f16caadba3d4c2fa3cce48
CLIENT_HANDSHAKE_TRAFFIC_SECRET a905123a944ddde994e4152375be00034fa2985b481897f9cf9317af0e313671 abca64ab77ea2f8ca85a92eab8c604eb4cf65b882ddd561c04f97a6626bf412d
SERVER_HANDSHAKE_TRAFFIC_SECRET a905123a944ddde994e4152375be00034fa2985b481897f9cf9317af0e313671 4611858978b8e8fc35ff654088dd8976340f9cb093d0164728231862432211b3
CLIENT_TRAFFIC_SECRET_0 a905123a944ddde994e4152375be00034fa2985b481897f9cf9317af0e313671 813f4b1a1289e8e347ed9b9e323a659c5bda636db96ef035c27a785d839ad2cf
SERVER_TRAFFIC_SECRET_0 a905123a944ddde994e4152375be00034fa2985b481897f9cf9317af0e313671 48efab206c90c919ce6c8099761333023dc0b4c83b338e73e0f2849738a85040
EXPORTER_SECRET a905123a944ddde994e4152375be00034fa2985b481897f9cf9317af0e313671 40cf9710c8e3134a2b6173848ccd528f4e9cd3c89479b2e5a605caf631934368
