CLIENT_HANDSHAKE_TRAFFIC_SECRET 5617c62e8b6397f763840722399900b19e53a31590ce88b7dd2a44ee0826a57e 3672ba704201667bd920c5c402a8d3016f2f956b7b1de041b389b184d79bc51f
SERVER_HANDSHAKE_TRAFFIC_SECRET 5617c62e8b6397f763840722399900b19e53a31590ce88b7dd2a44ee0826a57e ed9bba84b3ff33c173f94b867b0621005a636d386d447b9c044a8f3751285a09
CLIENT_TRAFFIC_SECRET_0 5617c62e8b6397f763840722399900b19e53a31590ce88b7dd2a44ee0826a57e 545fc84f5924055af9ea33839fb013412bb1cd83b153fd9301cace86f5aa2e9e
SERVER_TRAFFIC_SECRET_0 5617c62e8b6397f763840722399900b19e53a31590ce88b7dd2a44ee0826a57e 3f80c934ee13489cb4770ec7f72d663ce0c94661f91445dc2301f66945edf207
EXPORTER_SECRET 5617c62e8b6397f763840722399900b19e53a31590ce88b7dd2a44ee0826a57e 6e78ca1167e2e8fbe035c921ce250df10788fbc4b7a3a5b81595e2ef22548787
CLIENT_HANDSHAKE_TRAFFIC_SECRET ef265de16e5b48e642309fa70f6896cc013f3a6cee62579e80c18193144d3341 240e45bf3700f9ce46a03ff5e13752d7ab348a2f3e845db6dc9ab91584709300
SERVER_HANDSHAKE_TRAFFIC_SECRET ef265de16e5b48e642309fa70f6896cc013f3a6cee62579e80c18193144d3341 b087d437e546f3d9759b6d5bda081711dbdb7eca611d085a5f7ded79efabd386
CLIENT_TRAFFIC_SECRET_0 ef265de16e5b48e642309fa70f6896cc013f3a6cee62579e80c18193144d3341 edac022d6115efb0174152841bdb9d223861e2f78089d19e5b14050a03156a6c
SERVER_TRAFFIC_SECRET_0 ef265de16e5b48e642309fa70f6896cc013f3a6cee62579e80c18193144d3341 06db3eb6ac93111ad498b7decc1cbd71019e5cc0c025ea9804cd6a1e4b811c8b
EXPORTER_SECRET ef265de16e5b48e642309fa70f6896cc013f3a6cee62579e80c18193144d3341 d30e769f0eb61bcc41aefe14cf6850936fe6b9f89f2a453a7cee49721eb2d3fc
CLIENT_HANDSHAKE_TRAFFIC_SECRET 675e07ab84dabc291222639d7577789f198359d2caa1a5ec6c59a0391ebae520 b062c6a062058fe496746a6114e1edcb50b58566273ba821e1f9893e17c6aa6d
SERVER_HANDSHAKE_TRAFFIC_SECRET 675e07ab84dabc291222639d7577789f198359d2caa1a5ec6c59a0391ebae520 7747374906ddbfb9cb599eeda777cb5b1de520ef4a417e0af2e5b52d0e26a45e
CLIENT_TRAFFIC_SECRET_0 675e07ab84dabc291222639d7577789f198359d2caa1a5ec6c59a0391ebae520 fafda7781583a3ec3c97841dd8893c0a55ec805d38e412522f005d79689c335b
SERVER_TRAFFIC_SECRET_0 675e07ab84dabc291222639d7577789f198359d2caa1a5ec6c59a0391ebae520 e0a7611641f921ebd1b9fe01235cde1fa68f06478a2c38130acc073b46b8cc6c
EXPORTER_SECRET 675e07ab84dabc291222639d7577789f198359d2caa1a5ec6c59a0391ebae520 6898bf276c2e4fe78c8eeec228e6404d6df1b5c3dc1434563998823f4482c431
CLIENT_HANDSHAKE_TRAFFIC_SECRET 8cb2bb497b1df779caf2448183ee28955802af02b2268c83773784a27d5c75e2 196f6277fe7539e761f3dc64219180e04517b8249323e7f5f7262a86fc223f5e
SERVER_HANDSHAKE_TRAFFIC_SECRET 8cb2bb497b1df779caf2448183ee28955802af02b2268c83773784a27d5c75e2 18ca362662430d7239e3634dc6759b4bd3354471461cba4c32859f9ca7d8d7cf
CLIENT_TRAFFIC_SECRET_0 8cb2bb497b1df779caf2448183ee28955802af02b2268c83773784a27d5c75e2 c4cc762e159f2ed266a7e793a722d0a6592a76f790574f33caf599115e4058ae
SERVER_TRAFFIC_SECRET_0 8cb2bb497b1df779caf2448183ee28955802af02b2268c83773784a27d5c75e2 699fade29c8309494f5ce414f064ce50f366679dd13a23d1c66d77df44fad1a8
EXPORTER_SECRET 8cb2bb497b1df779caf2448183ee28955802af02b2268c83773784a27d5c75e2 c48c90414a2b34617e9c17be54e79d749f072a89de7cc292d2e9d7cb328d9a21
CLIENT_HANDSHAKE_TRAFFIC_SECRET 62951afe0f4e138bd8b8171398d775a53ea187bf88278bef33e8d3aa0c11d0da c577e2bab41e31798d08764563c7175412dbac5e86e740777a682ce19653ce37
SERVER_HANDSHAKE_TRAFFIC_SECRET 62951afe0f4e138bd8b8171398d775a53ea187bf88278bef33e8d3aa0c11d0da 9ed90d0574c4f8d6c17f89d51c515bd29e06d3833885ff644dd278a7736de37a
CLIENT_TRAFFIC_SECRET_0 62951afe0f4e138bd8b8171398d775a53ea187bf88278bef33e8d3aa0c11d0da f950a51bca6e2115560948515813e478401ad80b3045acd2176462d340dadf88
SERVER_TRAFFIC_SECRET_0 62951afe0f4e138bd8b8171398d775a53ea187bf88278bef33e8d3aa0c11d0da 65aa55348858a3bffd16fe06e2e65a059a9e5c51657ecfc7ab70d485fe3429b0
EXPORTER_SECRET 62951afe0f4e138bd8b8171398d775a53ea187bf88278bef33e8d3aa0c11d0da d5da07bb0ffa8daa9a7d568b39e8e7a098a55aaa502ea464affbd09a8197f28f
CLIENT_HANDSHAKE_TRAFFIC_SECRET 3bb7340e2e1a3cae9063149d67c4a508a8a54a0eb964ff27743ee847867ad9f0 aa4248beb01fe8ebabc209b26989fead1f56e169411c53f758fc85386e214bfb
SERVER_HANDSHAKE_TRAFFIC_SECRET 3bb7340e2e1a3cae9063149d67c4a508a8a54a0eb964ff27743ee847867ad9f0 ba9a20464087d3f322a10566d1b0500b06b4257986515566f9f9578678a9074b
CLIENT_TRAFFIC_SECRET_0 3bb7340e2e1a3cae9063149d67c4a508a8a54a0eb964ff27743ee847867ad9f0 6a7d99e6f455f59419349e002c4bdc038817cb079a3b3709cc142f600ce804f3
SERVER_TRAFFIC_SECRET_0 3bb7340e2e1a3cae9063149d67c4a508a8a54a0eb964ff27743ee847867ad9f0 a6a7794e59d0cd4819a1d639f3f404843680cac74a06e7f4e043e0f8dab3c9d2
EXPORTER_SECRET 3bb7340e2e1a3cae9063149d67c4a508a8a54a0eb964ff27743ee847867ad9f0 d4294b2cfe66d4576c41452cc6e724b34120d5fc8c8abf93dec422b405bd69eb
CLIENT_HANDSHAKE_TRAFFIC_SECRET b7ab300fdc8287c28d2a2524bee3aff7023c381224f19fd6d5b6a40f55de6e71 64a737aeea75f7ae66987579cb71c237ed8ee02ce584ee7e9d8889ed2f69e4bb
SERVER_HANDSHAKE_TRAFFIC_SECRET b7ab300fdc8287c28d2a2524bee3aff7023c381224f19fd6d5b6a40f55de6e71 bcf40411fd132b96bd9f522ed132db14b934483e18ec364cb1df85ff1581187c
CLIENT_TRAFFIC_SECRET_0 b7ab300fdc8287c28d2a2524bee3aff7023c381224f19fd6d5b6a40f55de6e71 1fad1ca50b8a47f6d866dc0140a60ec9bb64cf6e88964da84f379d1c3e9ca9c8
SERVER_TRAFFIC_SECRET_0 b7ab300fdc8287c28d2a2524bee3aff7023c381224f19fd6d5b6a40f55de6e71 b68a7fa5d5e156c1e22fb769f1f981f54f317739d015801c6d91f04923772fe4
EXPORTER_SECRET b7ab300fdc8287c28d2a2524bee3aff7023c381224f19fd6d5b6a40f55de6e71 1db01b6dec871e6350a618f51609ed32ba1873806404f782df75e3a986f2cf61
CLIENT_HANDSHAKE_TRAFFIC_SECRET 9fbae891fb07d0778d0eb230b6431f18d23dd6bc95f48e46f6cc407f12864afa 0d81989a4b0f5ab7835406ef05f570460ea65710dec53f5677b72e5507878ec9
SERVER_HANDSHAKE_TRAFFIC_SECRET 9fbae891fb07d0778d0eb230b6431f18d23dd6bc95f48e46f6cc407f12864afa b4789b5ae61d3416f2c347490185c67d5e81020611f542fe0c8d55755125c7f9
CLIENT_TRAFFIC_SECRET_0 9fbae891fb07d0778d0eb230b6431f18d23dd6bc95f48e46f6cc407f12864afa 97b3ae0eb17f0f82c1cfdb824271596a69e8d9ed864be9babd3d477880f76746
SERVER_TRAFFIC_SECRET_0 9fbae891fb07d0778d0eb230b6431f18d23dd6bc95f48e46f6cc407f12864afa e2598b6c36176396cb89bcdc8c256fc49ce8061bdf0d24abddf4a13f3056a1b7
EXPORTER_SECRET 9fbae891fb07d0778d0eb230b6431f18d23dd6bc95f48e46f6cc407f12864afa e6df3459825161470c3721cd2ba6ea797c4145463e3c4c06c9e9f6813637bb20
CLIENT_HANDSHAKE_TRAFFIC_SECRET 772fe6ecf1d3805e20f2bd2b2189c560b025a762a237fed714fc73139e4c1b2d 730c38af3645a9cbb0930a2c388cbb56cae46d7ab7c6d895dccadca2eea89851
SERVER_HANDSHAKE_TRAFFIC_SECRET 772fe6ecf1d3805e20f2bd2b2189c560b025a762a237fed714fc73139e4c1b2d 0731ad450f2f5af08d2b343a8fc6d8b63d097e27c3b3eec5bb52a4c02ec7a392
CLIENT_TRAFFIC_SECRET_0 772fe6ecf1d3805e20f2bd2b2189c560b025a762a237fed714fc73139e4c1b2d 7b56bee6d835d75f15b84e1c721c4f009fdf19c40417468b579db8441b107be1
SERVER_TRAFFIC_SECRET_0 772fe6ecf1d3805e20f2bd2b2189c560b025a762a237fed714fc73139e4c1b2d 21e5122ccb319d49a2167f7a712cc6fb264e456ed2f25865683f44dc2b3b8190
EXPORTER_SECRET 772fe6ecf1d3805e20f2bd2b2189c560b025a762a237fed714fc73139e4c1b2d 3e8f9463425df43be02c91cc1d44d38fb4cfa9807f78514d740afeabe3145256
