CLIENT_HANDSHAKE_TRAFFIC_SECRET 238ad9f0361cafdfbe454cc4f12ad8d29356bbb78a540533f1726c1f450d8914 88f25eb67038b1b409062c4812fcb409ba9da24b8c617a269beedcada7941b9149b4794524d207d7fa65b9389d3b6314
SERVER_HANDSHAKE_TRAFFIC_SECRET 238ad9f0361cafdfbe454cc4f12ad8d29356bbb78a540533f1726c1f450d8914 3addc49075c12aae3e60ae9c440f0ce655309c5aca9025a766b3d7fbfef17cd98ad071f39e8a3b750eadc9e4c0b272ff
CLIENT_TRAFFIC_SECRET_0 238ad9f0361cafdfbe454cc4f12ad8d29356bbb78a540533f1726c1f450d8914 9764a4d185769513452790f456367b2a00d1c9e4a36133e701b92e83f25cbf84a11e2ebc282c3f3828aad76bcca58350
SERVER_TRAFFIC_SECRET_0 238ad9f0361cafdfbe454cc4f12ad8d29356bbb78a540533f1726c1f450d8914 7a240572c022ffa69d06f27222ffa8739c09fe1d4b45b6df26f5b0a8422d37e9e12f15ed255cb536dc5399f7c79752bb
EXPORTER_SECRET 238ad9f0361cafdfbe454cc4f12ad8d29356bbb78a540533f1726c1f450d8914 50e29beebe8c32d6af094fb2acc5c150ccbacd133d81389d148b156405155d652246d8335ffd739831fe10c5593b9cd8
CLIENT_HANDSHAKE_TRAFFIC_SECRET ce8d7add7c3ac15ddab5c65e644b22d2a5d9f780efccf3fb708c40b0b4413a54 5ccaa1acda9ed60c83a8bf2cb9666470eade51da4bfeef3d802413ac45ea7993
SERVER_HANDSHAKE_TRAFFIC_SECRET ce8d7add7c3ac15ddab5c65e644b22d2a5d9f780efccf3fb708c40b0b4413a54 59ea9982aed43a65d465b6821083dd659e75978c287b85472f8ae0438556f56f
CLIENT_TRAFFIC_SECRET_0 ce8d7add7c3ac15ddab5c65e644b22d2a5d9f780efccf3fb708c40b0b4413a54 0f7a56265183a8786b58d6f01b922710324506c92b275e3019a77f031a67e58a
SERVER_TRAFFIC_SECRET_0 ce8d7add7c3ac15ddab5c65e644b22d2a5d9f780efccf3fb708c40b0b4413a54 d90386191b19b7e57b8cbdffa69ad8708cbf32ff9986bf9f503f9f6beea3ebea
EXPORTER_SECRET ce8d7add7c3ac15ddab5c65e644b22d2a5d9f780efccf3fb708c40b0b4413a54 5df6e8cd1fd00c56d49c934352695f72484260b8422dd90761d5df0b0e702fd3
CLIENT_HANDSHAKE_TRAFFIC_SECRET ef6de97dcb0edd143d4f9e4d07e1224b42f2a9d4c461248a9a7f4bd676db4543 9612cf20307598d411899cfd0590941dbdb3a4f1b957aabe936762e71a4755ee
SERVER_HANDSHAKE_TRAFFIC_SECRET ef6de97dcb0edd143d4f9e4d07e1224b42f2a9d4c461248a9a7f4bd676db4543 39c1e82f7a6335b5d535a97cb2e60f512f53c6c08a05fecaec517c474f450ee9
CLIENT_TRAFFIC_SECRET_0 ef6de97dcb0edd143d4f9e4d07e1224b42f2a9d4c461248a9a7f4bd676db4543 17f0b305dd26756a4d06fe80942399bd5f397a57a031216ef06de66298078daf
SERVER_TRAFFIC_SECRET_0 ef6de97dcb0edd143d4f9e4d07e1224b42f2a9d4c461248a9a7f4bd676db4543 f1eb95c9de466b7efb35e971d1368a53faa14603be2558a55e162a9dacc2a9a8
EXPORTER_SECRET ef6de97dcb0edd143d4f9e4d07e1224b42f2a9d4c461248a9a7f4bd676db4543 ea8839a05853c9e73bacdff48dc8061b41e579a4eddaf8826d062a370b6fdfc1
CLIENT_HANDSHAKE_TRAFFIC_SECRET 838f02f2bf0cb7c1e2621d79ba58906bc2d90f7016456c05fb5c60f58334df64 9b9c07d88902dfa6bd08fd28fa480c0ba8e2d59842b5ef870a61886370c5f6ca
SERVER_HANDSHAKE_TRAFFIC_SECRET 838f02f2bf0cb7c1e2621d79ba58906bc2d90f7016456c05fb5c60f58334df64 9a8c87401e8d62a7d661f4b6bfa65a8c59290b44177f296d72277b604fe0f0af
CLIENT_TRAFFIC_SECRET_0 838f02f2bf0cb7c1e2621d79ba58906bc2d90f7016456c05fb5c60f58334df64 53eead4e7d6de4c037a1a6bd599e4703512d6b271bbc18d84b2271e0122a4c60
SERVER_TRAFFIC_SECRET_0 838f02f2bf0cb7c1e2621d79ba58906bc2d90f7016456c05fb5c60f58334df64 8e66791447bddfb9c2b32ca276e34d20737b7c1e2f2de3086816a110d5b6885b
EXPORTER_SECRET 838f02f2bf0cb7c1e2621d79ba58906bc2d90f7016456c05fb5c60f58334df64 d33a5add8f8d5fec5d951bbbe5570993d7c30690111356d32aaa0f67705bccc0
CLIENT_HANDSHAKE_TRAFFIC_SECRET 278a0f4190d25e2f9a93cf18d4313c4aa985504a87d1aeebd1201e7a882ff094 ebf6e29ee72987c405d84f9d77d5e9f87adbd310df2158a5a1b87224be1457bd
SERVER_HANDSHAKE_TRAFFIC_SECRET 278a0f4190d25e2f9a93cf18d4313c4aa985504a87d1aeebd1201e7a882ff094 cea4d9ea4c0c31062c7a630adcb3003fd7bae7485d09c83bba51af37e079ab50
CLIENT_TRAFFIC_SECRET_0 278a0f4190d25e2f9a93cf18d4313c4aa985504a87d1aeebd1201e7a882ff094 01f87945897469dfacd128fd856d64e88e4d4e0ba0918b6e1aea3bdd5148a861
SERVER_TRAFFIC_SECRET_0 278a0f4190d25e2f9a93cf18d4313c4aa985504a87d1aeebd1201e7a882ff094 b353d1c4141b316e234d5c33f61fd90b3fa834d528c83d898baf52fdc58c6154
EXPORTER_SECRET 278a0f4190d25e2f9a93cf18d4313c4aa985504a87d1aeebd1201e7a882ff094 24c5617e89f9c9181fef1ff83808545ec8d226e9d089a62692ee5be9ffbe9a8b
CLIENT_HANDSHAKE_TRAFFIC_SECRET a4842ac5e03496415cb3ee001e9c25a559fc15dd2b10542045e87e597bb88cc7 4bf2e2d4a999b3196b47e589f79cde5d908e2a2ab058a46df23f45d42d0b9824
SERVER_HANDSHAKE_TRAFFIC_SECRET a4842ac5e03496415cb3ee001e9c25a559fc15dd2b10542045e87e597bb88cc7 251984e0781affc5adec56f7129e16ee7a7212e52b7fbb341fc6581aabe3c7ba
CLIENT_TRAFFIC_SECRET_0 a4842ac5e03496415cb3ee001e9c25a559fc15dd2b10542045e87e597bb88cc7 0e2e8c72988876abd969132c3620008d7998958ff558fc1ed2b088a9b5857814
SERVER_TRAFFIC_SECRET_0 a4842ac5e03496415cb3ee001e9c25a559fc15dd2b10542045e87e597bb88cc7 c77f742bf9492637b07998fcbf799ea85fd4179dece0c572e914ad054ad2f437
EXPORTER_SECRET a4842ac5e03496415cb3ee001e9c25a559fc15dd2b10542045e87e597bb88cc7 05509ad635fa02ae9ae925c0ed6aa61e7b64013285ec35a44d711b3fc6186401
CLIENT_HANDSHAKE_TRAFFIC_SECRET f12ea96eaed3f55fb9c1877957f92ecaa7db3e71f4f0bd2a6b6bd4046d68e5d1 8f089b102cf6a3365370663053adb735cb2c32f8e69b55f8e7a087b0c9855a89
SERVER_HANDSHAKE_TRAFFIC_SECRET f12ea96eaed3f55fb9c1877957f92ecaa7db3e71f4f0bd2a6b6bd4046d68e5d1 5a721f3e3871488df41bef27a51cea0d4a0f5df4724a55c8d2161968896f0e07
CLIENT_TRAFFIC_SECRET_0 f12ea96eaed3f55fb9c1877957f92ecaa7db3e71f4f0bd2a6b6bd4046d68e5d1 9ed3d419dbd8a1c4894b440ac250d79df4c19c573b11ea1a7fe53a1046c40701
SERVER_TRAFFIC_SECRET_0 f12ea96eaed3f55fb9c1877957f92ecaa7db3e71f4f0bd2a6b6bd4046d68e5d1 a5a70106d87df9e8a67aa653f24daf1494aeb4826ea3146b0fc7c5e450cbf799
EXPORTER_SECRET f12ea96eaed3f55fb9c1877957f92ecaa7db3e71f4f0bd2a6b6bd4046d68e5d1 bca8a6440bad3d3265749d2fa168646c76e14df0caec086bf505a562fd2e54a2
CLIENT_HANDSHAKE_TRAFFIC_SECRET bda9e2d1790f1e66db5260bfab4fba9e6f4824a6d0ccbf52f87428be8e595501 1c69cbd9b09e82ca5caa591db96da935887dce518cb42b1f43d90b8ad690cf24
SERVER_HANDSHAKE_TRAFFIC_SECRET bda9e2d1790f1e66db5260bfab4fba9e6f4824a6d0ccbf52f87428be8e595501 ba58966c660591fb03460883f0fe780f6632c0ba9f63a520aad8a83c023fc5f2
CLIENT_TRAFFIC_SECRET_0 bda9e2d1790f1e66db5260bfab4fba9e6f4824a6d0ccbf52f87428be8e595501 30e3e40e32e49466451ac07e44ea061bdd700787d375229abf71c4e610e0fc38
SERVER_TRAFFIC_SECRET_0 bda9e2d1790f1e66db5260bfab4fba9e6f4824a6d0ccbf52f87428be8e595501 10e0ebba8e55e5154fd601ec759d4baf6f31049c94a6c412497268c943f8be90
EXPORTER_SECRET bda9e2d1790f1e66db5260bfab4fba9e6f4824a6d0ccbf52f87428be8e595501 0ca49941cb8209e52da8048a0983c41ea171d4ed217c61c8669abfe5d2f5fc81
CLIENT_HANDSHAKE_TRAFFIC_SECRET 21883f36912ce9289a16969d111155c2c04e82c80cb818ecdfea28c8de3b3d56 6067be43333ab3c6efded16842532f9eea4bac0b19117c73d9381aaed225a2a7
SERVER_HANDSHAKE_TRAFFIC_SECRET 21883f36912ce9289a16969d111155c2c04e82c80cb818ecdfea28c8de3b3d56 13ec6cb7c9e41fe9756480d2898148028270d0a8b9ac5def25bb5baf2f03e271
CLIENT_TRAFFIC_SECRET_0 21883f36912ce9289a16969d111155c2c04e82c80cb818ecdfea28c8de3b3d56 f180e14f9c6bba99dfaa2799451f61e8a68a4ada5739576faf967a214bcb2e1a
SERVER_TRAFFIC_SECRET_0 21883f36912ce9289a16969d111155c2c04e82c80cb818ecdfea28c8de3b3d56 8a3dc1db306672f2bdf0259265f6f67ee8985bcefc97b418edd8b58508cfb944
EXPORTER_SECRET 21883f36912ce9289a16969d111155c2c04e82c80cb818ecdfea28c8de3b3d56 844db7b5b6292d9b033a25573d5bd18730c6f717cd6b7eac7ed7da609ed5f30a
CLIENT_HANDSHAKE_TRAFFIC_SECRET 534451fcb83bfa82c7807d589b4c6b728564c0edc25f001457995526ac300964 e15e30f39114be61046bee40ffd2311c2b100ba0f78d155e412c385d4f1f363e
SERVER_HANDSHAKE_TRAFFIC_SECRET 534451fcb83bfa82c7807d589b4c6b728564c0edc25f001457995526ac300964 945981fb57d87157fb7d6a3030c75934c01ee7151b4eed72ba5c15f4d19f4ca5
CLIENT_TRAFFIC_SECRET_0 534451fcb83bfa82c7807d589b4c6b728564c0edc25f001457995526ac300964 200b40ee6e966c379de4a5b6c0af269813a7ab1ba79c8479f9afadfcdd243229
SERVER_TRAFFIC_SECRET_0 534451fcb83bfa82c7807d589b4c6b728564c0edc25f001457995526ac300964 ddd3c95269f2f1448b5d79e71b4fc86ce73b044237d9afe70c2a67664b6087cd
EXPORTER_SECRET 534451fcb83bfa82c7807d589b4c6b728564c0edc25f001457995526ac300964 b045e42ff9fce7240f726b8d5137d3df0934f5b7b52e2c579446e306ed40ba56
CLIENT_HANDSHAKE_TRAFFIC_SECRET 4e8e46c816bfc4a0c15ded5cb4e2793eab8d6780decae30d67a1b46aa5192767 88d0bae5bea9f756fdd39871e5ca93e90955ab8cf7fa3784edff51ee811ff139
SERVER_HANDSHAKE_TRAFFIC_SECRET 4e8e46c816bfc4a0c15ded5cb4e2793eab8d6780decae30d67a1b46aa5192767 cff1a6261fe7bcfafab477d23d6049ac8d415f030f5988d6dacb75cb5ce510ab
CLIENT_TRAFFIC_SECRET_0 4e8e46c816bfc4a0c15ded5cb4e2793eab8d6780decae30d67a1b46aa5192767 ee9622573cdf8adf06c529ec1b97dce3e5f379e0a4d8d0b1c516bca227299b34
SERVER_TRAFFIC_SECRET_0 4e8e46c816bfc4a0c15ded5cb4e2793eab8d6780decae30d67a1b46aa5192767 ca0e92bbb3866c77876c5730412d2baee094d6e0b65515d2407fd90844b6d421
EXPORTER_SECRET 4e8e46c816bfc4a0c15ded5cb4e2793eab8d6780decae30d67a1b46aa5192767 3200ce7e7647645dec5c8060e41a7742abb4665b8d797878a32f1d9f7dd712be
