CLIENT_HANDSHAKE_TRAFFIC_SECRET bed531645cc374a38bb58fae927b4f45468971a9b0f06fbac8e017ceb6f41649 364c00f1af28094b16a0ea9cd36463f55087a06b374663286ffa25c06ca1c7ab
SERVER_HANDSHAKE_TRAFFIC_SECRET bed531645cc374a38bb58fae927b4f45468971a9b0f06fbac8e017ceb6f41649 139bde728e5cee783322e6373145ae36964efe64d4b3e10c381efcc754836e7c
CLIENT_TRAFFIC_SECRET_0 bed531645cc374a38bb58fae927b4f45468971a9b0f06fbac8e017ceb6f41649 974be17dd21481b74d46df16e1ac6d4ee16c1b6c0c9467c81253e3767a428438
SERVER_TRAFFIC_SECRET_0 bed531645cc374a38bb58fae927b4f45468971a9b0f06fbac8e017ceb6f41649 52ca8e6ff0a3bc79de1449a4e69c26dfd6487bb57113fc34a8ba0f87f664e1fc
EXPORTER_SECRET bed531645cc374a38bb58fae927b4f45468971a9b0f06fbac8e017ceb6f41649 a5d0854c0887c6d7a2b8891ec48c15ddc344e0bed628b8d49abd64c07666237b
CLIENT_HANDSHAKE_TRAFFIC_SECRET fe52a30ff9a6c25de770322bf21ead876f1514209661f0f38a782c098b2ea340 5dc17bcfe80b5da14423d741e3daa52e907ee50534010a669c69d346bd3b49df
SERVER_HANDSHAKE_TRAFFIC_SECRET fe52a30ff9a6c25de770322bf21ead876f1514209661f0f38a782c098b2ea340 75340b869184b48c9caa595ee7d8cc0c1bf1ce3850b64d3f9d398079f519b13d
CLIENT_TRAFFIC_SECRET_0 fe52a30ff9a6c25de770322bf21ead876f1514209661f0f38a782c098b2ea340 1298020d3464540cb086091fcb5dc4412abfb93c435886e9344fb6c73503f3bf
SERVER_TRAFFIC_SECRET_0 fe52a30ff9a6c25de770322bf21ead876f1514209661f0f38a782c098b2ea340 e3f9b6a2f6496d12a4a3733a1fafff378a3ad9c35d7d52c2693ee276bcde7507
EXPORTER_SECRET fe52a30ff9a6c25de770322bf21ead876f1514209661f0f38a782c098b2ea340 76dcdb138c6a114824ae5fa4db8a5842c62a028a60a8e376bb35bdd60d750787
CLIENT_HANDSHAKE_TRAFFIC_SECRET 01de899989b388da3601b3de643229064824cc804e0df19817f77529b424c754 ae3cb632d2b68ba31b2023ffdf9bff9eb3c96fab2ca5fd35c421000107b1eb39
SERVER_HANDSHAKE_TRAFFIC_SECRET 01de899989b388da3601b3de643229064824cc804e0df19817f77529b424c754 fb71a4e3557f9ba89ec31cad06765f936a67f383ba0c18010c2f99f520fd9382
CLIENT_HANDSHAKE_TRAFFIC_SECRET 44608bb1ff9251f33f1f1a36933495bd839c47cd66db9de36a3c6b79c67349cf 2d30c3808b5c764f1b0d13f83db1b6e2afab0ae83a391bae964922ac5ff99d71
SERVER_HANDSHAKE_TRAFFIC_SECRET 44608bb1ff9251f33f1f1a36933495bd839c47cd66db9de36a3c6b79c67349cf 6901774c1eee1a84bda2178a7d266b3d38dae545fa07ee5bda64743427f0c03d
CLIENT_HANDSHAKE_TRAFFIC_SECRET c208a681f405b3b6631494758074d3387799086893d7185de02a4690633cc43f a892fdbbee989dd52bcca6199507618191bfe273a2ee130af428a7c702a80592
SERVER_HANDSHAKE_TRAFFIC_SECRET c208a681f405b3b6631494758074d3387799086893d7185de02a4690633cc43f 5d68701b13a321dee8cd79253d3a231e8ee6d1bba65c96132e987afb5250b243
CLIENT_HANDSHAKE_TRAFFIC_SECRET 2c384b1bb70cd6d1899871620c5e5828df6bb0b32dd8ce63234dca83520a4112 fdbeb1d162e8fce4b7528b344968a8e0345c2bc2b7ec2a735450749091a920cb
SERVER_HANDSHAKE_TRAFFIC_SECRET 2c384b1bb70cd6d1899871620c5e5828df6bb0b32dd8ce63234dca83520a4112 fb0601c8f679baf28e6ce316309da0f0cdcce1aee519ede88bc8506bd002c51e
CLIENT_TRAFFIC_SECRET_0 01de899989b388da3601b3de643229064824cc804e0df19817f77529b424c754 3facf257b6089be6dc1be7fe2b2cc061fc747eb142e6805dab62728b211103db
SERVER_TRAFFIC_SECRET_0 01de899989b388da3601b3de643229064824cc804e0df19817f77529b424c754 0ed88d3b2af707b7b6fb788762be393cd5470d38d550781a45f4fddd612e1bdd
EXPORTER_SECRET 01de899989b388da3601b3de643229064824cc804e0df19817f77529b424c754 178fecb3d3dd295ba51c9d61d59dfc34346dd2497885b436e5f631c29640b84d
CLIENT_TRAFFIC_SECRET_0 44608bb1ff9251f33f1f1a36933495bd839c47cd66db9de36a3c6b79c67349cf c99f55d8c14cc39847d655a9767426dde525734a79684ab07109828e5863ae62
SERVER_TRAFFIC_SECRET_0 44608bb1ff9251f33f1f1a36933495bd839c47cd66db9de36a3c6b79c67349cf c68b19bd5a0eb5b2b421cf1a35116569decc1d33efc59cb45300d27ddb3a885d
EXPORTER_SECRET 44608bb1ff9251f33f1f1a36933495bd839c47cd66db9de36a3c6b79c67349cf 45f733aa3d4cc438b46a60652cb8ca2a6e73fe19fa94883f22a29dc2b597e951
CLIENT_TRAFFIC_SECRET_0 c208a681f405b3b6631494758074d3387799086893d7185de02a4690633cc43f 1772df37a64648d099593a11104af55b5e949ce784e517d4328ea26cd1fcf589
SERVER_TRAFFIC_SECRET_0 c208a681f405b3b6631494758074d3387799086893d7185de02a4690633cc43f 4b03a3e8b7aaa602ffbdd32e28707c52d9048173e6c8f93300a052c4fea1755d
EXPORTER_SECRET c208a681f405b3b6631494758074d3387799086893d7185de02a4690633cc43f 588ca03a9257d567756f686703b78b615040f461b58835f7454eeed897087784
CLIENT_TRAFFIC_SECRET_0 2c384b1bb70cd6d1899871620c5e5828df6bb0b32dd8ce63234dca83520a4112 d5afcdb774eec5c3ec86f4df29e28985aec5d6603135ee61f99ff0c0c510544b
SERVER_TRAFFIC_SECRET_0 2c384b1bb70cd6d1899871620c5e5828df6bb0b32dd8ce63234dca83520a4112 cd7ca4cbf25847159b9a45c31dcea051cd31aadee70e5f51888e9a46c5de2589
EXPORTER_SECRET 2c384b1bb70cd6d1899871620c5e5828df6bb0b32dd8ce63234dca83520a4112 be1b58565000592a122f68e281e7c8f02b62642f1bd89b4d1f2b64f60c1fe85d
CLIENT_HANDSHAKE_TRAFFIC_SECRET 1d004eb2cceefa92b6835d5f3bef6e65c85df21ae7fa75940b1acf408b94676a 6b11cd4e42c4cd29ed2a99c11929b4c56ad7ee50e24029b1748478afa3df7d74
SERVER_HANDSHAKE_TRAFFIC_SECRET 1d004eb2cceefa92b6835d5f3bef6e65c85df21ae7fa75940b1acf408b94676a 0a2ea5eb63ac134f9526974e845352eca68eaf0e5538eca218f9ff217e027c56
CLIENT_TRAFFIC_SECRET_0 1d004eb2cceefa92b6835d5f3bef6e65c85df21ae7fa75940b1acf408b94676a a05537348ece8f30a8420effe52995f9d31fbae467e3a33008e4ac91fbf50ce1
SERVER_TRAFFIC_SECRET_0 1d004eb2cceefa92b6835d5f3bef6e65c85df21ae7fa75940b1acf408b94676a d8b02aed2bd02f7abdcb76781a78418e31337842a980474b0a3c24954c949bfd
EXPORTER_SECRET 1d004eb2cceefa92b6835d5f3bef6e65c85df21ae7fa75940b1acf408b94676a bb88d1c2a81ec4d1e4dcacc5a37f909ee4aa123620a35392a36649ddfd615776
