CLIENT_HANDSHAKE_TRAFFIC_SECRET 8db56f4b4c884e7cd9bea727d97b0aad0c5a0ff89df55a14ab78b701aefe5afc 73ab21353ee3ea570a178f4720f023546eeb9ec889048b6b99d90a813a0ebec7
SERVER_HANDSHAKE_TRAFFIC_SECRET 8db56f4b4c884e7cd9bea727d97b0aad0c5a0ff89df55a14ab78b701aefe5afc 4c73bdc3b4611a0e11ef2dbdd48bd8bd660690e541a62754be8fb752804bc400
CLIENT_TRAFFIC_SECRET_0 8db56f4b4c884e7cd9bea727d97b0aad0c5a0ff89df55a14ab78b701aefe5afc a04fbd586a7bf48a548ec6bc6ea82a21d0870b51eea46879cc026a0203377d40
SERVER_TRAFFIC_SECRET_0 8db56f4b4c884e7cd9bea727d97b0aad0c5a0ff89df55a14ab78b701aefe5afc f8e554380631dc32305b162bda428e7b1e5f43d53818c3dc09f58ba15eaefa34
EXPORTER_SECRET 8db56f4b4c884e7cd9bea727d97b0aad0c5a0ff89df55a14ab78b701aefe5afc e30f19f9f4a5d3813fc1e67f10e77e33d4ff0d227dd6f8014533816f1e1c2a15
CLIENT_HANDSHAKE_TRAFFIC_SECRET 8e49540e532463efdd6302a291086ef5774f043eec6b0008cda9ff06f717cc7d bfe53ea774ab5091b9cedc4de7123bf88e281568555084faddb511f32377ca77
SERVER_HANDSHAKE_TRAFFIC_SECRET 8e49540e532463efdd6302a291086ef5774f043eec6b0008cda9ff06f717cc7d bd0cd2ce48ab266a2d95a3802c197fca17437e73accd906a7e935875ae60c102
CLIENT_TRAFFIC_SECRET_0 8e49540e532463efdd6302a291086ef5774f043eec6b0008cda9ff06f717cc7d b260fc3a393584c9dabba9965a3d3552d421954cf85be6a7191f8f4752d6e959
SERVER_TRAFFIC_SECRET_0 8e49540e532463efdd6302a291086ef5774f043eec6b0008cda9ff06f717cc7d 6fe14fd0ba8d3f99ebc49d158f38c999b542dc183b6986926266e4883c9d50c0
EXPORTER_SECRET 8e49540e532463efdd6302a291086ef5774f043eec6b0008cda9ff06f717cc7d 6a4b488679f97af24b417429daf0d036b16bdfa72c563770a6540f1c3b4aa1c2
CLIENT_HANDSHAKE_TRAFFIC_SECRET f66a4303c5751c9d5194d4df4f4f77e875cb8d86efd3df16963c6f2882a6107e 136e82102bef9a53d01ee911777a69b3a35d93110b0acd07bab3d6c1d934146f
SERVER_HANDSHAKE_TRAFFIC_SECRET f66a4303c5751c9d5194d4df4f4f77e875cb8d86efd3df16963c6f2882a6107e db7788c4d78f506189554398ca600b7069f9c1c1093e7b2f52685c03a97a543a
CLIENT_TRAFFIC_SECRET_0 f66a4303c5751c9d5194d4df4f4f77e875cb8d86efd3df16963c6f2882a6107e 52633a4a4b580a1dcfcd830d2cbf4f6e911090272c037490e9ebbc91d129175c
SERVER_TRAFFIC_SECRET_0 f66a4303c5751c9d5194d4df4f4f77e875cb8d86efd3df16963c6f2882a6107e 0c2d83a8182870c9a0662e9567810eac17ad8e2fb2fa0607969744e316ebd4c9
EXPORTER_SECRET f66a4303c5751c9d5194d4df4f4f77e875cb8d86efd3df16963c6f2882a6107e 314709684844b406c02ab18b4ac9e31e69b9c0b971b32554e30e9cace12ff0af
CLIENT_RANDOM 70b014428018b907097cfba0998ba42e3facf284fd2f1d1c459b687c7d15f8d8 ed36a2e37cef70092e812271e7a8d7575640cb4c3fbc89f0b3aaa47c29693b9d6250b533eb8942b548abaa91bbe348b3
CLIENT_HANDSHAKE_TRAFFIC_SECRET 9f628fb7539938e726ec8051fcc88be3aa4e3625b970e9a69c9ae0a679f3e3ec a24445643c23d9ddee7f12118c02f6701568720af1d7df7ce614f42f9b0f5465
SERVER_HANDSHAKE_TRAFFIC_SECRET 9f628fb7539938e726ec8051fcc88be3aa4e3625b970e9a69c9ae0a679f3e3ec 592753c0688b2dbc95f823fcf396f9f2fff8f7fa457c0fa75eeb425bdd185a68
CLIENT_TRAFFIC_SECRET_0 9f628fb7539938e726ec8051fcc88be3aa4e3625b970e9a69c9ae0a679f3e3ec c0c1c87cb780f87cfeb5e0ca895ffa709b3d624f20c5a97e3d1af76213854cda
SERVER_TRAFFIC_SECRET_0 9f628fb7539938e726ec8051fcc88be3aa4e3625b970e9a69c9ae0a679f3e3ec e52b1885d1655d1fa68b6fb0599203e4879d7038343456b73573576a749eaf0f
EXPORTER_SECRET 9f628fb7539938e726ec8051fcc88be3aa4e3625b970e9a69c9ae0a679f3e3ec 351ba825b05443d84b2fa884923860e9ed40095e41cac5cc74825443af74aa2f
CLIENT_HANDSHAKE_TRAFFIC_SECRET b07b88ad36b329b81063fd4d0827023a1401822f7259c6cec2d1d7290799142b a219a65ddcd69a30a0ceb6f71ba0483926c41e50b6d1777625eb349d6eaee34c
SERVER_HANDSHAKE_TRAFFIC_SECRET b07b88ad36b329b81063fd4d0827023a1401822f7259c6cec2d1d7290799142b 71cb5d2bf2c763860344b8ef28f9fa8b90f776d7f2316a04cf8526daa3944548
CLIENT_TRAFFIC_SECRET_0 b07b88ad36b329b81063fd4d0827023a1401822f7259c6cec2d1d7290799142b 9d92492413a77f253c1efbbf48a9725e981b0a2f009f10b70f669d3e10bfef2e
SERVER_TRAFFIC_SECRET_0 b07b88ad36b329b81063fd4d0827023a1401822f7259c6cec2d1d7290799142b 4a33b64294799d8a3129fd068eec7b42eb912d6bddb81f0a9c3d864a0a86520f
EXPORTER_SECRET b07b88ad36b329b81063fd4d0827023a1401822f7259c6cec2d1d7290799142b f6a53cecdae91aea9681351dc778f8c7ee917fb5a01ae0945e22daa0dcecc6d4
CLIENT_HANDSHAKE_TRAFFIC_SECRET eb8ea76eb97029c19cbc6400b0719db7838d08ace506562d9c63e97636fb2513 2e02f5a7802f58b1a60119bdb5d074af42e686374fca9a1f150dfcf41c408098
SERVER_HANDSHAKE_TRAFFIC_SECRET eb8ea76eb97029c19cbc6400b0719db7838d08ace506562d9c63e97636fb2513 31b433f878ef6f08e3c545c591bef71e7e263961ec9bf818ecb4f3200eee12fa
CLIENT_TRAFFIC_SECRET_0 eb8ea76eb97029c19cbc6400b0719db7838d08ace506562d9c63e97636fb2513 106f145aea2ddf4ad27ca2c8832d5ae9af8ff76769b86e24369d9c4c33667098
SERVER_TRAFFIC_SECRET_0 eb8ea76eb97029c19cbc6400b0719db7838d08ace506562d9c63e97636fb2513 a163dc46e64e1a954689bdd892bc83e4e51e8f9bd4e32fb1ad81f5cd6d10f4f2
EXPORTER_SECRET eb8ea76eb97029c19cbc6400b0719db7838d08ace506562d9c63e97636fb2513 85fbba9d60236e15e52e2b87afa3b9557e79be714e510db666bc78fbce113b0b
