CLIENT_HANDSHAKE_TRAFFIC_SECRET 49a091d62effdf29330d80ca248b0b850906fa0341517ae0b86b89403a8120da 8896c06491131c1f54044b677bfd91a3209cadc037cfc83f02fb3a25d8233d9f
SERVER_HANDSHAKE_TRAFFIC_SECRET 49a091d62effdf29330d80ca248b0b850906fa0341517ae0b86b89403a8120da 3c7667e4b589cef706d085533a4ce1e9204797b566b0fcb8e54f4cf086c8348d
CLIENT_TRAFFIC_SECRET_0 49a091d62effdf29330d80ca248b0b850906fa0341517ae0b86b89403a8120da e87f1b64a85a998983d0da5f1c99dd2b7b609cf1c31e081dbeee1502e22a464e
SERVER_TRAFFIC_SECRET_0 49a091d62effdf29330d80ca248b0b850906fa0341517ae0b86b89403a8120da 115f7d7e5fe065baa866fcee9c3acff9bbc45f4a626997a65c79bf2a1ee03dcf
EXPORTER_SECRET 49a091d62effdf29330d80ca248b0b850906fa0341517ae0b86b89403a8120da c978ff88f5d0725d36fa82a061e10b14e87c96e17f2d92c6e452ed698e1d8857
CLIENT_HANDSHAKE_TRAFFIC_SECRET 22a0636f7a02b62ec7a514bac5a4fbe6fe23accee892bf718fd08a6c50f8df42 7a3799308bf29160a99c1f2aa9cb5bef4ab51050a368fb5cff4d086b4d873be6
SERVER_HANDSHAKE_TRAFFIC_SECRET 22a0636f7a02b62ec7a514bac5a4fbe6fe23accee892bf718fd08a6c50f8df42 71ab01a1cdfe0d9235b8d340f259b1ea44ab3a71de72b84820354d9af3611c0f
CLIENT_TRAFFIC_SECRET_0 22a0636f7a02b62ec7a514bac5a4fbe6fe23accee892bf718fd08a6c50f8df42 43b90fb5ae67a393a494cba60f65bbfe8dc4119994057d0e8e6d127fa1e5b5e0
SERVER_TRAFFIC_SECRET_0 22a0636f7a02b62ec7a514bac5a4fbe6fe23accee892bf718fd08a6c50f8df42 e319b6fdee93e610daa6f0de61b3c01044183393ae8faeb27e2b94212afba577
EXPORTER_SECRET 22a0636f7a02b62ec7a514bac5a4fbe6fe23accee892bf718fd08a6c50f8df42 b00549458c076c4147b3aacdc07fdc022ad2614db84859a86708f6d1f62d13bf
CLIENT_HANDSHAKE_TRAFFIC_SECRET c562a870fd4164e9282ae8e475e93ddce55ebbf17a7191d5b511eca43522041c c249016bf72712ffa52abb78070986e959c92f7dec5d44146369ed835d5b4967
SERVER_HANDSHAKE_TRAFFIC_SECRET c562a870fd4164e9282ae8e475e93ddce55ebbf17a7191d5b511eca43522041c ba859cf89b56328d69971513f0b945ce9b938938bf4eeca442cc546b3bd86b47
CLIENT_HANDSHAKE_TRAFFIC_SECRET 9322f6571407f4dfa51e4704cef77dc177d634e2436fc36b61bd0f78c9a7f8e6 3566bd364c06dc63a9ff2922805debc8b9f3b580724d62437b2b9cae1096e2e4
SERVER_HANDSHAKE_TRAFFIC_SECRET 9322f6571407f4dfa51e4704cef77dc177d634e2436fc36b61bd0f78c9a7f8e6 2fd4f437da2084bffc5772505024a18057ac8406bc85a1fe005ec66a59e94a15
CLIENT_TRAFFIC_SECRET_0 c562a870fd4164e9282ae8e475e93ddce55ebbf17a7191d5b511eca43522041c 9b4f59903cb94d8d06bee8e62d61cce3cec67d5bed6467f077114b9716453df7
SERVER_TRAFFIC_SECRET_0 c562a870fd4164e9282ae8e475e93ddce55ebbf17a7191d5b511eca43522041c e5c83442898a983439b9618106da93db4170972b7cebef3ab2cda4d6ca88ff10
EXPORTER_SECRET c562a870fd4164e9282ae8e475e93ddce55ebbf17a7191d5b511eca43522041c 87ddbba69367884f84d978ae6a91a81ebdbd34253711e0920304194d66a11f1e
CLIENT_TRAFFIC_SECRET_0 9322f6571407f4dfa51e4704cef77dc177d634e2436fc36b61bd0f78c9a7f8e6 b44970fb7fc8c04911d9e30b692005aa036fa32c6c544132e058a5104a1e1ffd
SERVER_TRAFFIC_SECRET_0 9322f6571407f4dfa51e4704cef77dc177d634e2436fc36b61bd0f78c9a7f8e6 8c96fad9537943e7a318e619734b22e4f38726171574e55f4f5a758ce5bdee71
EXPORTER_SECRET 9322f6571407f4dfa51e4704cef77dc177d634e2436fc36b61bd0f78c9a7f8e6 db63111704dfb75b4308d04189c7ae7eb3575e1cd83f58b6513ddd0bdb41b970
CLIENT_HANDSHAKE_TRAFFIC_SECRET 2cea443fd3f556b4365b4905bb5791c96a849aa1b892386fa974d4220a442841 0d42a755057237300ea6290ae019e4bd0266e25a972d805fed67d04489d3413e
SERVER_HANDSHAKE_TRAFFIC_SECRET 2cea443fd3f556b4365b4905bb5791c96a849aa1b892386fa974d4220a442841 ba2b08e071989a62404f769f0950cefa17defe06ac2cd44fd564037fe30f42f1
CLIENT_TRAFFIC_SECRET_0 2cea443fd3f556b4365b4905bb5791c96a849aa1b892386fa974d4220a442841 7d10fb04389b250585f69eaf4ae2d72121df90825c7f3147e4ed1f97cebae0ec
SERVER_TRAFFIC_SECRET_0 2cea443fd3f556b4365b4905bb5791c96a849aa1b892386fa974d4220a442841 9bf04302c906ebb5c88b58dbf09e6a957200d41c6cbbcacf0f61451032d0b16c
EXPORTER_SECRET 2cea443fd3f556b4365b4905bb5791c96a849aa1b892386fa974d4220a442841 231ab915a662306a37ab6a69d4fd48a076f73f183845dc68f1a0b30bb8ac26dc
