CLIENT_HANDSHAKE_TRAFFIC_SECRET 869fba05d0f010a803f4469b08ad15f8b3fc0a243e31f525c18a4efb4f5eb99f 1c30ffe296f0c191593103e9130675a6345cd9bd792dda8cdbd786cfab0e8282
SERVER_HANDSHAKE_TRAFFIC_SECRET 869fba05d0f010a803f4469b08ad15f8b3fc0a243e31f525c18a4efb4f5eb99f f829a1245ec2fe5d7a3094f78dee9b80bad0c662355379963b8faec70eb97c89
CLIENT_TRAFFIC_SECRET_0 869fba05d0f010a803f4469b08ad15f8b3fc0a243e31f525c18a4efb4f5eb99f 4977ece5005e499259f9ef1472bdfc70fbe27ccf59d30fd43253d8876ea98091
SERVER_TRAFFIC_SECRET_0 869fba05d0f010a803f4469b08ad15f8b3fc0a243e31f525c18a4efb4f5eb99f 4692252395f55aff6ab55c4513d6d46c550d38843dab4288f9668108da31f940
EXPORTER_SECRET 869fba05d0f010a803f4469b08ad15f8b3fc0a243e31f525c18a4efb4f5eb99f 30e38d7a9b2d13a2a3baa1dff794b0b0f7aef2561f3eaf8e919493769fadef88
CLIENT_HANDSHAKE_TRAFFIC_SECRET 914da3b8c864dc8da84c8e5c25e92df6f45f05e74e519866288db38285ebfec9 ed2587466680a38065ef4e0eae43efa057983b3cdbf8e6104f9b304981cc2500
SERVER_HANDSHAKE_TRAFFIC_SECRET 914da3b8c864dc8da84c8e5c25e92df6f45f05e74e519866288db38285ebfec9 c1d90d75d16662c9d80ce1d8bbbd1e32b7c1a2d5734b1f3d48b306f9ec1fc07d
CLIENT_TRAFFIC_SECRET_0 914da3b8c864dc8da84c8e5c25e92df6f45f05e74e519866288db38285ebfec9 c76eca34ac087953e3b1701b686fc5a6170529ad6794ad140eddbabc117fbfc4
SERVER_TRAFFIC_SECRET_0 914da3b8c864dc8da84c8e5c25e92df6f45f05e74e519866288db38285ebfec9 468038f8cf4605e5570f2a293724a026a3853ac8be3bbd3b871dc91dc83334fc
EXPORTER_SECRET 914da3b8c864dc8da84c8e5c25e92df6f45f05e74e519866288db38285ebfec9 8d8d46fd94454d959c303a9c1131178ae58f5f833ec42568917754cad4cccaae
CLIENT_HANDSHAKE_TRAFFIC_SECRET 0354585c7da4eaa1f4aaadd301d7b231824791a6b60da6979d7fcc0cae6fd507 5396a64682772030a2cd5175247eb6ac5ae9ca0410b4a43bb39dc9cb3e194f93
SERVER_HANDSHAKE_TRAFFIC_SECRET 0354585c7da4eaa1f4aaadd301d7b231824791a6b60da6979d7fcc0cae6fd507 96c0b6c97f044666fe8f6e5faecd18c678ac31d46c050a84888e05806189429a
CLIENT_TRAFFIC_SECRET_0 0354585c7da4eaa1f4aaadd301d7b231824791a6b60da6979d7fcc0cae6fd507 6debfccf9d3a7fcbc471ecb86da18b4f977b180ab9b5ab93604d7afde70e21cf
SERVER_TRAFFIC_SECRET_0 0354585c7da4eaa1f4aaadd301d7b231824791a6b60da6979d7fcc0cae6fd507 8686bd2c70ac148d24312ecf6b95376e98fef14ab55e493e977b44804668c8ae
EXPORTER_SECRET 0354585c7da4eaa1f4aaadd301d7b231824791a6b60da6979d7fcc0cae6fd507 2a6b6173ca2eee3cbd7ecf3c2268ab894cd6068c23cbfedd45703da6b14a6572
CLIENT_HANDSHAKE_TRAFFIC_SECRET b787eb36439c77985cc73c20a1b6838b3c9ece9b8cdab58103ab044754eac1ce 23925f2bd8c32cac55e7c64c164b01e063120bd438dda1e69f7ffcd0165d9113
SERVER_HANDSHAKE_TRAFFIC_SECRET b787eb36439c77985cc73c20a1b6838b3c9ece9b8cdab58103ab044754eac1ce 309136fa14ad241dd943478e9a7a8c5f6ca681a936f7def9858f5fa19847f392
CLIENT_TRAFFIC_SECRET_0 b787eb36439c77985cc73c20a1b6838b3c9ece9b8cdab58103ab044754eac1ce 6e219de6a3f7f6aa66e79829af57a2a1b5b8611cfd0825fa07c0564161477405
SERVER_TRAFFIC_SECRET_0 b787eb36439c77985cc73c20a1b6838b3c9ece9b8cdab58103ab044754eac1ce c7a12b22153725a90be76a28d24cb8fb8070c7f4e3344e046d486b0b10bf4648
EXPORTER_SECRET b787eb36439c77985cc73c20a1b6838b3c9ece9b8cdab58103ab044754eac1ce 8a488fd9428a89d00180fbd14a4d1a2f84c8435b53bb1446970dd9c98f32a192
CLIENT_HANDSHAKE_TRAFFIC_SECRET 145a6e58382a13620a9b4db7c4336a4823d6e45de3d85b07bc97d7e03a77f4cd f6ea31bbb68fd0edf68229fb97de318a0951716a25e3fe426aa44f5ea3392a56
SERVER_HANDSHAKE_TRAFFIC_SECRET 145a6e58382a13620a9b4db7c4336a4823d6e45de3d85b07bc97d7e03a77f4cd 8b24e33f88385f4c73bfac9f576671b4a5cd40882f811840729e8888a7195d60
CLIENT_TRAFFIC_SECRET_0 145a6e58382a13620a9b4db7c4336a4823d6e45de3d85b07bc97d7e03a77f4cd 6c9d7e8cef375e48d7ce5f48c41ec6e01fe21378fa6f86460ef841c6cc64a05e
SERVER_TRAFFIC_SECRET_0 145a6e58382a13620a9b4db7c4336a4823d6e45de3d85b07bc97d7e03a77f4cd 19d31c3eaebf837da5a832bebc0c9494b5ea8fee34e18355adb431c008239126
EXPORTER_SECRET 145a6e58382a13620a9b4db7c4336a4823d6e45de3d85b07bc97d7e03a77f4cd 943ae474c2a4719b71f0e7065d890ad0001d7f20c7e9c5b4d6bb9c2f8e899d47
CLIENT_HANDSHAKE_TRAFFIC_SECRET 4b63cdc5e83a294c4c99861bd30aee51114a26e1c4d56408309e055e54bc8045 92fa40d27e07100f28cc3d09bfeb9892ef7775ed0c44ec4a0a60149d0b813e1a
SERVER_HANDSHAKE_TRAFFIC_SECRET 4b63cdc5e83a294c4c99861bd30aee51114a26e1c4d56408309e055e54bc8045 f9f3b41f48d5b5fd5acd01379625efd5f431f8b70925b5cccf1b06ffe7aabdaa
CLIENT_HANDSHAKE_TRAFFIC_SECRET d6ebe015f3c2022f8cac29f1b3e80875105355b8f00b0e1884d86ae88799fd0f 1b9a0079d2696d5c28e399e7dafde5c355a91e1d64f1978ee45e0e557a627818
SERVER_HANDSHAKE_TRAFFIC_SECRET d6ebe015f3c2022f8cac29f1b3e80875105355b8f00b0e1884d86ae88799fd0f 1cc283df6255fe73303b8447262549d5a81679914ba443689c4dead8faa401ba
CLIENT_HANDSHAKE_TRAFFIC_SECRET 37b45c226e826a5b6567f50f5fa12a534a70d8162cf40566c1cd85d6f0b25c5d 49fe8f206a486a07f18a99ae27edc487a5cc65e05eba9cc71dd5e1bbbe4de5f3
SERVER_HANDSHAKE_TRAFFIC_SECRET 37b45c226e826a5b6567f50f5fa12a534a70d8162cf40566c1cd85d6f0b25c5d cbe21674972ea12181726654fbdd8029e90b79741386144425638a6b120a841e
CLIENT_TRAFFIC_SECRET_0 4b63cdc5e83a294c4c99861bd30aee51114a26e1c4d56408309e055e54bc8045 a3f9f3a3751faddf7cea23fa12579d1a6ab0e7265f18e7e91dd958f1206cc585
SERVER_TRAFFIC_SECRET_0 4b63cdc5e83a294c4c99861bd30aee51114a26e1c4d56408309e055e54bc8045 9079bd0d9a7d4c3ded26a3712c741baf27a32fcd7879f26eca3a9eb68728774c
EXPORTER_SECRET 4b63cdc5e83a294c4c99861bd30aee51114a26e1c4d56408309e055e54bc8045 2cd65c08ae81b963359bb99d51ebad3d8a37980a02288d0603eda6604fdfe3cd
CLIENT_TRAFFIC_SECRET_0 d6ebe015f3c2022f8cac29f1b3e80875105355b8f00b0e1884d86ae88799fd0f 5189a2fa371f77458a516f191e226e892b95cbd871c32eab1c28f71d1559a342
SERVER_TRAFFIC_SECRET_0 d6ebe015f3c2022f8cac29f1b3e80875105355b8f00b0e1884d86ae88799fd0f d13c9bb82acccf6f7eb950041e16cfabad2e4bf005abf317043cc5764750309b
EXPORTER_SECRET d6ebe015f3c2022f8cac29f1b3e80875105355b8f00b0e1884d86ae88799fd0f 405ac80e03a54eda2dae0484aad50b2ed35a317689c06db9c6e23d935dba98aa
CLIENT_HANDSHAKE_TRAFFIC_SECRET f63bb7259cb4238fcf32fe2917160bb2ea023d0530d8c78d242e15ff41851676 dc19736f27ca7d7e0da24d3d39e465f48ee5d3ad1e4e95a4ae3288f438476297
SERVER_HANDSHAKE_TRAFFIC_SECRET f63bb7259cb4238fcf32fe2917160bb2ea023d0530d8c78d242e15ff41851676 85e034ec4ac53b43f078834614ec3386f215b614d8aeb793bf0047727422c906
CLIENT_TRAFFIC_SECRET_0 37b45c226e826a5b6567f50f5fa12a534a70d8162cf40566c1cd85d6f0b25c5d 79272a8d3c26c2d1bfdef1e9dbdd1c41e8cfea630b81c7f1f1faf3690890f7f2
SERVER_TRAFFIC_SECRET_0 37b45c226e826a5b6567f50f5fa12a534a70d8162cf40566c1cd85d6f0b25c5d c885ea05d4a23e03c16e6ce3c0f1f217eefe016838ff0086b800117766ecebc3
EXPORTER_SECRET 37b45c226e826a5b6567f50f5fa12a534a70d8162cf40566c1cd85d6f0b25c5d 2620a335887c2a392af79fbb6faf5fe460b81bfe0d7c97cf933557e0f10513c0
CLIENT_TRAFFIC_SECRET_0 f63bb7259cb4238fcf32fe2917160bb2ea023d0530d8c78d242e15ff41851676 dc33f86106016c10ba9912c5a415741fb996af5c2561d2bd4a97a9958e22447c
SERVER_TRAFFIC_SECRET_0 f63bb7259cb4238fcf32fe2917160bb2ea023d0530d8c78d242e15ff41851676 40236d8878fc591cdf4fe7b2ce31d9c16aea29fbcd234596f0e8996f637629f8
EXPORTER_SECRET f63bb7259cb4238fcf32fe2917160bb2ea023d0530d8c78d242e15ff41851676 18205bd1509de075f557ed32a582197c302483196b5342186d1f4bf455f81d4c
CLIENT_HANDSHAKE_TRAFFIC_SECRET 8c1ece21c578e9bfa9fc717b483a56b3291a6fd4307dc5e8ad892db1187d8859 2d8cd9c5eb4af2d95f6b79549e26cd3817f073d339d041b54f4864ffd66a7274
SERVER_HANDSHAKE_TRAFFIC_SECRET 8c1ece21c578e9bfa9fc717b483a56b3291a6fd4307dc5e8ad892db1187d8859 84f30437131fc5c9f346fd64dadb959cd0e717994e0afad3a7810bc5fd565c2d
CLIENT_TRAFFIC_SECRET_0 8c1ece21c578e9bfa9fc717b483a56b3291a6fd4307dc5e8ad892db1187d8859 02c8de419e97af376aaa02a996c913bb37716ad6c6d2f7ae2fde83f389471e67
SERVER_TRAFFIC_SECRET_0 8c1ece21c578e9bfa9fc717b483a56b3291a6fd4307dc5e8ad892db1187d8859 43d5c20fbb0b34c778741dc9f8b7c4e2e350a2632cb34115ca288a55d9c66aa5
EXPORTER_SECRET 8c1ece21c578e9bfa9fc717b483a56b3291a6fd4307dc5e8ad892db1187d8859 2da26370d0a98b5c9e8a57d225054423336446abb0a725a6d6d4b7d317ed5d62
CLIENT_HANDSHAKE_TRAFFIC_SECRET 6bbd3e7e99883fc16c8041969e700b2f7dd37a9dfb65af4f00c3936784cf6bae d2f5c878271bc4b991b5abcb798c09ca145e020753becb78e54c3873a0753a58
SERVER_HANDSHAKE_TRAFFIC_SECRET 6bbd3e7e99883fc16c8041969e700b2f7dd37a9dfb65af4f00c3936784cf6bae bdcea9d202f623577c1dc7769e94f8c83879cf14900f9c93e97ffe8194e60700
CLIENT_TRAFFIC_SECRET_0 6bbd3e7e99883fc16c8041969e700b2f7dd37a9dfb65af4f00c3936784cf6bae 2b9af5f2f8f558bcb69be620befcad9b692d97c5e724e5ec8945b365f8c4850b
SERVER_TRAFFIC_SECRET_0 6bbd3e7e99883fc16c8041969e700b2f7dd37a9dfb65af4f00c3936784cf6bae 809f19d9ddb14df3f120e1f3953c7c72a456737827ab0339581bdf84f925507e
EXPORTER_SECRET 6bbd3e7e99883fc16c8041969e700b2f7dd37a9dfb65af4f00c3936784cf6bae 31872bf63008854c99c525f180ecc2665bf7b3f140b5943b291efe187962360d
CLIENT_HANDSHAKE_TRAFFIC_SECRET b6c3d09d4f914f66de957a1def14f4052fc858e1643a9bce050630e6b5e85159 9003fcf7a2c7865585d280429811b5f9c0cb766b4603f6713b353724a2885167
SERVER_HANDSHAKE_TRAFFIC_SECRET b6c3d09d4f914f66de957a1def14f4052fc858e1643a9bce050630e6b5e85159 44db919f63997e8c2f6827e93d8f977994247482e560d85a7793f3b8b8918d0c
CLIENT_TRAFFIC_SECRET_0 b6c3d09d4f914f66de957a1def14f4052fc858e1643a9bce050630e6b5e85159 8708a44a7be354e1f8900b303cc5f979d20ab5e4d59260e30bbe5c33f9b1ec20
SERVER_TRAFFIC_SECRET_0 b6c3d09d4f914f66de957a1def14f4052fc858e1643a9bce050630e6b5e85159 28cf6e2e5cb25cbdf6a43876853541c8a7011a1710910aecec4046673fd03e13
EXPORTER_SECRET b6c3d09d4f914f66de957a1def14f4052fc858e1643a9bce050630e6b5e85159 1f8ce80123ecf344856c4dd446824e19a379be94781280c04b88f74b06e8eb3e
CLIENT_HANDSHAKE_TRAFFIC_SECRET 323718bdea712e8ea3c438799aa75ed12977822bb396ac1088a414c33b20c5e7 1afbd5f9affec3bad8a1cd72b32975c2ab4566cdb872e6d0bb751b338bc26978
SERVER_HANDSHAKE_TRAFFIC_SECRET 323718bdea712e8ea3c438799aa75ed12977822bb396ac1088a414c33b20c5e7 79739fc068852efbb2afb478a72d4a76ec11bdfad0641df0d05038c5e0d69c0d
CLIENT_TRAFFIC_SECRET_0 323718bdea712e8ea3c438799aa75ed12977822bb396ac1088a414c33b20c5e7 3b9bbda5df218a0a35c3a1e66a720486269f8dbb1b2628d4cbbf0deb0867389a
SERVER_TRAFFIC_SECRET_0 323718bdea712e8ea3c438799aa75ed12977822bb396ac1088a414c33b20c5e7 28870d04dde4f5ef8f980b215fd4f2dcd25e47c63e41e8bb6dbea005b9f49b1a
EXPORTER_SECRET 323718bdea712e8ea3c438799aa75ed12977822bb396ac1088a414c33b20c5e7 6633238ffd4d0395d461b01df73a168a8084ae2e46d4e9ea8148db9be2186421
CLIENT_HANDSHAKE_TRAFFIC_SECRET 998df043e17985505a1bfadb6d8cc0b832acf94609330230a2067b05c92cd7ef 4ddfd051a4b36b7e828bd0592f465a94a149b2956b9da93775d28b74ae288e06
SERVER_HANDSHAKE_TRAFFIC_SECRET 998df043e17985505a1bfadb6d8cc0b832acf94609330230a2067b05c92cd7ef fff8fbed37fd6d39e224ee2bb8ba88db1262eeb262e047badff592cece0f2895
CLIENT_TRAFFIC_SECRET_0 998df043e17985505a1bfadb6d8cc0b832acf94609330230a2067b05c92cd7ef 6cf88720753b0046522569bbe70d5b0cd12f8945e39b75bd63cdd794e80ff247
SERVER_TRAFFIC_SECRET_0 998df043e17985505a1bfadb6d8cc0b832acf94609330230a2067b05c92cd7ef 22f05306d0472469cf3e32dd31b0078db273fa88c1e3bef6b8f5060cb5c91a93
EXPORTER_SECRET 998df043e17985505a1bfadb6d8cc0b832acf94609330230a2067b05c92cd7ef a633b5d43dccd72ddcbdedf37988de028cbcad6d4b7f45c60b9deb6cddadec40
CLIENT_HANDSHAKE_TRAFFIC_SECRET 8bddeea52d44fa9d216112f2ee5b94004c24c9a786d31c58ac761182a7c6b460 41538b9c12b226cc4ba7cb51f6339e7dc7d579b3b43ad9b010f7abd76e1e64e6
SERVER_HANDSHAKE_TRAFFIC_SECRET 8bddeea52d44fa9d216112f2ee5b94004c24c9a786d31c58ac761182a7c6b460 5591f2e136a77e54ac336ff852f23d0ee1b4cc8b80e019fc269fd0d6ad3f1de8
CLIENT_TRAFFIC_SECRET_0 8bddeea52d44fa9d216112f2ee5b94004c24c9a786d31c58ac761182a7c6b460 f6c060267fad962e8d4a18ee69574a89ee42db3f939e5a178e96d2cf1f8e07f4
SERVER_TRAFFIC_SECRET_0 8bddeea52d44fa9d216112f2ee5b94004c24c9a786d31c58ac761182a7c6b460 6a34a2da9e57b392e1ea612b773a3be44d204319bce0b4bfee4d18a6dfb126ba
EXPORTER_SECRET 8bddeea52d44fa9d216112f2ee5b94004c24c9a786d31c58ac761182a7c6b460 575f1c70b8328c4ffea8100f44d30504a96c32a55a3120d6706ec2a0b009f697
CLIENT_HANDSHAKE_TRAFFIC_SECRET c25d333bee670064281b0aa5a977660b45e2245baeddb97197386f6162719bc3 1f6875fdae96e0dfebebcd50fd6f2d8baedb70b0525ce7890572a9e39d81d19b
SERVER_HANDSHAKE_TRAFFIC_SECRET c25d333bee670064281b0aa5a977660b45e2245baeddb97197386f6162719bc3 231e71f10b903c98ca867e69eb3ffcbb1c1028ce5692ca36b370cc6f3a158601
CLIENT_TRAFFIC_SECRET_0 c25d333bee670064281b0aa5a977660b45e2245baeddb97197386f6162719bc3 2d9d74bf60aba58926167e3f457360f069f07d9e32b4348ebb7b7cf52dbbf5e3
SERVER_TRAFFIC_SECRET_0 c25d333bee670064281b0aa5a977660b45e2245baeddb97197386f6162719bc3 8ea02bb1477c8a209a9d6664a54ffb257205bdde8f610a50ab87c1199686ce96
EXPORTER_SECRET c25d333bee670064281b0aa5a977660b45e2245baeddb97197386f6162719bc3 5640cdfa97e8cc276993be418d6b8de65284255e7e92bb2cf6898cd386aeea57
CLIENT_HANDSHAKE_TRAFFIC_SECRET e5946a3ce24293ae29db4f5ade86e7463beb1c81276ca139ca2ccfe7b9bf6ec1 5fc4198c237e8e85c28534fe24712744b4a2b5d9281377c593d06ca4fd2d1646
SERVER_HANDSHAKE_TRAFFIC_SECRET e5946a3ce24293ae29db4f5ade86e7463beb1c81276ca139ca2ccfe7b9bf6ec1 c1abe2bf1492ff6e4898777b93a3355fe3c82396025b7aa47ee34d1b035a0bdd
CLIENT_TRAFFIC_SECRET_0 e5946a3ce24293ae29db4f5ade86e7463beb1c81276ca139ca2ccfe7b9bf6ec1 286509474e4c9697f7d50845af97c8c0b238dcaaf0796a3c151e674cf806df72
SERVER_TRAFFIC_SECRET_0 e5946a3ce24293ae29db4f5ade86e7463beb1c81276ca139ca2ccfe7b9bf6ec1 b23991566812b962a097e39500edc650fe99c275ccd2a94e9488f08c8ec53a94
EXPORTER_SECRET e5946a3ce24293ae29db4f5ade86e7463beb1c81276ca139ca2ccfe7b9bf6ec1 78c15e9cdbad7cd529de70bede8cc155dba2cd3bd2db8f88f97173498c1a3e8e
CLIENT_HANDSHAKE_TRAFFIC_SECRET 6a2b58c756fc9528cada44c527318a844547a73308e1dc2d6e782a91d8ceb237 b00f51b0d6208555837f21e7115a26f8353258999eb3ec62f4ce0bac612398ea
SERVER_HANDSHAKE_TRAFFIC_SECRET 6a2b58c756fc9528cada44c527318a844547a73308e1dc2d6e782a91d8ceb237 517be46dc274059875ec1afc6003523f5865e160debe7d6f9ea72c49db47c6c1
CLIENT_TRAFFIC_SECRET_0 6a2b58c756fc9528cada44c527318a844547a73308e1dc2d6e782a91d8ceb237 fc6dbdb31be230a1a2fa069becfbc68b30af3c09160e5e1e5a4c74de3fb6016e
SERVER_TRAFFIC_SECRET_0 6a2b58c756fc9528cada44c527318a844547a73308e1dc2d6e782a91d8ceb237 b6f11a18b3df6c736d5d81b9c7c7937de1846b6d404622a104e175de2e98c101
EXPORTER_SECRET 6a2b58c756fc9528cada44c527318a844547a73308e1dc2d6e782a91d8ceb237 eb4af3361b1a5f2558e0d1f9eef858594189d118586efeb13070cf84808da662
CLIENT_HANDSHAKE_TRAFFIC_SECRET d8d06b23b5f5893466acc4fd82c9a5a180212c1a41c41642bf7a56c7ce9b29bf 799d90e818d53c0816bac3505bcd40b3c4e26e27c053fff6fa3b719b71a8f4d7
SERVER_HANDSHAKE_TRAFFIC_SECRET d8d06b23b5f5893466acc4fd82c9a5a180212c1a41c41642bf7a56c7ce9b29bf 48d1b4894c75745fe9aec805e8c93f4c55793948190ba75bb964581b9b8a8ad3
CLIENT_TRAFFIC_SECRET_0 d8d06b23b5f5893466acc4fd82c9a5a180212c1a41c41642bf7a56c7ce9b29bf c485912da03fffebe4d1928d5995ed76df305dc215dcb4888640219fe1bb869c
SERVER_TRAFFIC_SECRET_0 d8d06b23b5f5893466acc4fd82c9a5a180212c1a41c41642bf7a56c7ce9b29bf 4e740303383a68e47843fb25cb44d8f252f89b41c9e1168ccf4d945f3749128a
EXPORTER_SECRET d8d06b23b5f5893466acc4fd82c9a5a180212c1a41c41642bf7a56c7ce9b29bf a7cea0d2faf7f9eba00804ded9ef925016ee23e5a79764ec24d3a61f27c735cc
