CLIENT_HANDSHAKE_TRAFFIC_SECRET 007dc19b7ded5a99b41df4fdb1f4b7307340baba96574814c1443a0852618a26 b6abbcc2bd2e600608b79b3c2dffb9d8fbdc121dbcd526662d52347fda8bc3ee
SERVER_HANDSHAKE_TRAFFIC_SECRET 007dc19b7ded5a99b41df4fdb1f4b7307340baba96574814c1443a0852618a26 e35421ec7aa3c4b9073960ecad0233ed5e50c594b9931700a97cbe9c727f01f7
CLIENT_TRAFFIC_SECRET_0 007dc19b7ded5a99b41df4fdb1f4b7307340baba96574814c1443a0852618a26 e83def327caa1bba7b8dd1a60f73ecb5bfd0e2aae1939fb10f6d49386954d19c
SERVER_TRAFFIC_SECRET_0 007dc19b7ded5a99b41df4fdb1f4b7307340baba96574814c1443a0852618a26 7a0a1932384a6e510d872cf438e34bddb281e64d8c46dc6228d8774ae91f9489
EXPORTER_SECRET 007dc19b7ded5a99b41df4fdb1f4b7307340baba96574814c1443a0852618a26 c08d75b83c3b3329815f7cff12a715ca2a23eaab481d82b01f43553b2993f59a
CLIENT_HANDSHAKE_TRAFFIC_SECRET 57aa544ab4c4b70cd5aba603025fd4b0d15d929c1441111306b221a20e495838 e5b0633e389e3251d03c19c4411871022781fb4287555cd46786d0f17e1531d3
SERVER_HANDSHAKE_TRAFFIC_SECRET 57aa544ab4c4b70cd5aba603025fd4b0d15d929c1441111306b221a20e495838 ff62e75634b2b4121d2e52aa8be71bd101e7ce53a820449951cdfef19cd7eb4d
CLIENT_HANDSHAKE_TRAFFIC_SECRET 0cbb8ea76e5725ee3fdd2028bf4565bd74530f296eeddc2a9bc59ff227e5e96a abf2c608bb77e0c4ef149ab688f0525d3eac9f5a0b59cca84ceaf7c27d96ac75
SERVER_HANDSHAKE_TRAFFIC_SECRET 0cbb8ea76e5725ee3fdd2028bf4565bd74530f296eeddc2a9bc59ff227e5e96a 091777ed8ffcb63e172fb977bc3c7ccdb04b08197eab0c799dbae70bb3abb57c
CLIENT_TRAFFIC_SECRET_0 0cbb8ea76e5725ee3fdd2028bf4565bd74530f296eeddc2a9bc59ff227e5e96a 2a5c6bde1363e9478b1ce402024c59a2fcc5b9637d120eecbe6e533a280c822a
SERVER_TRAFFIC_SECRET_0 0cbb8ea76e5725ee3fdd2028bf4565bd74530f296eeddc2a9bc59ff227e5e96a 3d8d2945d07fefe4cdd00e11be49160734378c60b06b28cff0bced04e873aea1
EXPORTER_SECRET 0cbb8ea76e5725ee3fdd2028bf4565bd74530f296eeddc2a9bc59ff227e5e96a 5cf4481411db5e5524a376cbfe5ddf40081a6ce5e9455e8fe12540c90eaca5e7
CLIENT_TRAFFIC_SECRET_0 57aa544ab4c4b70cd5aba603025fd4b0d15d929c1441111306b221a20e495838 49ee384e6af7e283a3ac7567d78953099f16be8b66e248795831ba0191af6730
SERVER_TRAFFIC_SECRET_0 57aa544ab4c4b70cd5aba603025fd4b0d15d929c1441111306b221a20e495838 a67511dc5075cac216832c61588f8859a58f3e34c8264a408ff94df1f737352e
EXPORTER_SECRET 57aa544ab4c4b70cd5aba603025fd4b0d15d929c1441111306b221a20e495838 dbd9109f66c38a8e3a80017208d2a2168b42eabd48b5c8fe9677b825b474409b
CLIENT_HANDSHAKE_TRAFFIC_SECRET 876b4e8fcc575f515ae3de124782c7fb2cb6d4583919d6ded6f3e230ab2253b9 b5d01b1f77eb4a2189c03d80cd860654702eac9380c190623b721b7f93664790
SERVER_HANDSHAKE_TRAFFIC_SECRET 876b4e8fcc575f515ae3de124782c7fb2cb6d4583919d6ded6f3e230ab2253b9 d5d37f2fa71b76c56a8b7330588981b27d07b7b31414cec1a6196cd9f111ffad
CLIENT_TRAFFIC_SECRET_0 876b4e8fcc575f515ae3de124782c7fb2cb6d4583919d6ded6f3e230ab2253b9 a68b65827efa3e3c8d1b8c2efbdc81d609e902e9f2c03cd7e4f114eeef80ee65
SERVER_TRAFFIC_SECRET_0 876b4e8fcc575f515ae3de124782c7fb2cb6d4583919d6ded6f3e230ab2253b9 7d65cbfff44f5b8f4f9bcd7b7015160884776a7956c002d0819f893626c91c9d
EXPORTER_SECRET 876b4e8fcc575f515ae3de124782c7fb2cb6d4583919d6ded6f3e230ab2253b9 c95a60049743b63aedb0ac77bba516cb26c6ba39c4e8dd195bd9051bdefd9479
CLIENT_HANDSHAKE_TRAFFIC_SECRET c0310f60f3d3b8b8a324096e1c40e80df3cbf0ab30e4b98c969577f139ac8fb1 d6b0100c919d9cc3431de3f54518933d163059c4948c2eb6dfff473427ec4780
SERVER_HANDSHAKE_TRAFFIC_SECRET c0310f60f3d3b8b8a324096e1c40e80df3cbf0ab30e4b98c969577f139ac8fb1 4414b2e29ab74ab3105422916467ef73b2d583a928449bdfc37b1e5ced2ad9a4
CLIENT_TRAFFIC_SECRET_0 c0310f60f3d3b8b8a324096e1c40e80df3cbf0ab30e4b98c969577f139ac8fb1 6a34cdffd9c001846ee0db031617282574ca57430bf20270fa3651c3c443061e
SERVER_TRAFFIC_SECRET_0 c0310f60f3d3b8b8a324096e1c40e80df3cbf0ab30e4b98c969577f139ac8fb1 4d7783683b9172c6669fa5eb049220898a2629f80afc28b409267b439718c0d4
EXPORTER_SECRET c0310f60f3d3b8b8a324096e1c40e80df3cbf0ab30e4b98c969577f139ac8fb1 0f3d52df06c59952884f5f5c2f5d072103098be8953f7b32907be90549b66a5f
CLIENT_RANDOM ef6c651a4482c8c2ed1daef7eca12e55f0774ea540f1c2179697941e1166c663 09a637a014900d14776d6e35f9e8da7ac1e0cf0ca661387c514310cffe90451cf712076d341b42e1dfe0bc04303cfec5
CLIENT_HANDSHAKE_TRAFFIC_SECRET 6844b3dd9a35fcfcd3d686c767a5a12c5cb1d54745594785b83e649d36952eab 72a7734306917b17b7addd0fb1cdbaf34a71f60507464e261fe20b906e46dd32
SERVER_HANDSHAKE_TRAFFIC_SECRET 6844b3dd9a35fcfcd3d686c767a5a12c5cb1d54745594785b83e649d36952eab 600f4b2aa916231869fd00b59d7d5df09f004460d09c4d392d3d0b6f87b405d5
CLIENT_HANDSHAKE_TRAFFIC_SECRET b31100c7c9d2cdfc9fceeff6f47fbdfdeb3dbb2b618474cf2899b720bdf96a05 94bf59b994f25283c0ae809e2dbea4bb70c12a775d2c44c2b4c6175e4ea1efa8
SERVER_HANDSHAKE_TRAFFIC_SECRET b31100c7c9d2cdfc9fceeff6f47fbdfdeb3dbb2b618474cf2899b720bdf96a05 79b79ba39a38eed850fa957fefbc4b5184bd6b62a69be23b814b98a0cb3475aa
CLIENT_HANDSHAKE_TRAFFIC_SECRET 4f5a601a11a0cf484fea76ddd61bf2475ff49040928e421ab2f7bb627970e735 2094a9dc6d2c1609b6ab05f44505ba987abb516886551c2c33e1e5c749d397a3
SERVER_HANDSHAKE_TRAFFIC_SECRET 4f5a601a11a0cf484fea76ddd61bf2475ff49040928e421ab2f7bb627970e735 53371456b46304c953d2777fa4550d1b1e7323d2df3a70afb833f0229cc528ca
CLIENT_TRAFFIC_SECRET_0 6844b3dd9a35fcfcd3d686c767a5a12c5cb1d54745594785b83e649d36952eab 5f3166526f2d08d9b12a422709f367e042353b4c136c164b2249f6fd248ac47a
SERVER_TRAFFIC_SECRET_0 6844b3dd9a35fcfcd3d686c767a5a12c5cb1d54745594785b83e649d36952eab f5a7eae6489b178387b887ddd516327c6ce28a02ddcbdc2d4a32a32a8c72989a
EXPORTER_SECRET 6844b3dd9a35fcfcd3d686c767a5a12c5cb1d54745594785b83e649d36952eab 1d193032cc70ee9329601bf6a7cfea20bba97bbd5f0e50860bdf7d29d2e0771e
CLIENT_TRAFFIC_SECRET_0 b31100c7c9d2cdfc9fceeff6f47fbdfdeb3dbb2b618474cf2899b720bdf96a05 c3915e06c3635306b8976490acbf8bb2b603b3964f88a2f6edadf096d3e2f194
SERVER_TRAFFIC_SECRET_0 b31100c7c9d2cdfc9fceeff6f47fbdfdeb3dbb2b618474cf2899b720bdf96a05 bf22b39705e624cd250af78cb443822871bc4402f75434c168ec2430acc59a53
EXPORTER_SECRET b31100c7c9d2cdfc9fceeff6f47fbdfdeb3dbb2b618474cf2899b720bdf96a05 de456d1f69ee9fb1d35c3daabd1d6904e3cb45e1e0ea8c25efae29afbeb0f9c4
CLIENT_TRAFFIC_SECRET_0 4f5a601a11a0cf484fea76ddd61bf2475ff49040928e421ab2f7bb627970e735 f3e8df9a8c923d0cab071f7e6d3615d46774591623590fe82565099292179026
SERVER_TRAFFIC_SECRET_0 4f5a601a11a0cf484fea76ddd61bf2475ff49040928e421ab2f7bb627970e735 5cc2392d2212d1d0d6bb01b72d957435319776a7d8f33fa433edc12e45821fd2
EXPORTER_SECRET 4f5a601a11a0cf484fea76ddd61bf2475ff49040928e421ab2f7bb627970e735 ba4c8701d77d8b01f86649bffa29e50cc2e5fca3387ab7cb7a3017e973c76e84
CLIENT_HANDSHAKE_TRAFFIC_SECRET 26a91b39ffeb3a534d2f37324d09f20df94f1635bbbdab595b7dc1c18f9c7be6 8cda5f1fff0dd82efc2e7eb150bb1d3d9b643d52bde73ad23d73a9da4f808442
SERVER_HANDSHAKE_TRAFFIC_SECRET 26a91b39ffeb3a534d2f37324d09f20df94f1635bbbdab595b7dc1c18f9c7be6 f9248455dcabdcb3a8622670b1b3ecb2d9edbe55ae80c13c09852e850302ad7d
CLIENT_TRAFFIC_SECRET_0 26a91b39ffeb3a534d2f37324d09f20df94f1635bbbdab595b7dc1c18f9c7be6 cd573c4b8234ed43b37bdd68399f62f18bf950d9c7e7335b4194bbbe3eab60a4
SERVER_TRAFFIC_SECRET_0 26a91b39ffeb3a534d2f37324d09f20df94f1635bbbdab595b7dc1c18f9c7be6 16fd71081a96f832a17ece132af5dd251976449350ee989ff0d96bdb7d7e9d12
EXPORTER_SECRET 26a91b39ffeb3a534d2f37324d09f20df94f1635bbbdab595b7dc1c18f9c7be6 92c30287157eaa4809dc68734f339deb66887cc30fe4e7e204d49ecbcf4c1e85
CLIENT_HANDSHAKE_TRAFFIC_SECRET 123ac773d412b4259a3c75a7f903fa0eea332e986abf689632488c10001de527 484a66f31a1944065a35bfa3c68b4321965c694c27dea3f2c407f6ea05b13c6d
SERVER_HANDSHAKE_TRAFFIC_SECRET 123ac773d412b4259a3c75a7f903fa0eea332e986abf689632488c10001de527 600b4e1ab686f45b7ee8cb5772faca84ab30410a2a6fef27d7490e8e851419f4
CLIENT_TRAFFIC_SECRET_0 123ac773d412b4259a3c75a7f903fa0eea332e986abf689632488c10001de527 d4eed88389d6dfdcb0b22229bacc549007e26eaf5ed849ab794656f2d36411dd
SERVER_TRAFFIC_SECRET_0 123ac773d412b4259a3c75a7f903fa0eea332e986abf689632488c10001de527 23649f4b838a9a13e3d6f4d5629f6af0d7c7fcb91b968adcdde347e087abc5c2
EXPORTER_SECRET 123ac773d412b4259a3c75a7f903fa0eea332e986abf689632488c10001de527 3c463c17ee03ab11ebeb5caa83b850badcc858b70d86034eba3b8f609f28d811
CLIENT_HANDSHAKE_TRAFFIC_SECRET c18e047f61de98613a2d2069fe13d0fbcbbe3bc07cc54a675e29c0671beccaf2 fce3b3be8d5da58f80118a901c8b427443eecba00567fd781fe0b26947c62dca
SERVER_HANDSHAKE_TRAFFIC_SECRET c18e047f61de98613a2d2069fe13d0fbcbbe3bc07cc54a675e29c0671beccaf2 805088eee135db57038b0af2708211e0d287d6ba6a785313d216eaf9a0e710ae
CLIENT_TRAFFIC_SECRET_0 c18e047f61de98613a2d2069fe13d0fbcbbe3bc07cc54a675e29c0671beccaf2 1f42f4e0693e7b4d4f74abf3e48056a0c58f4079784bc7ee21fb61d3e8094ef9
SERVER_TRAFFIC_SECRET_0 c18e047f61de98613a2d2069fe13d0fbcbbe3bc07cc54a675e29c0671beccaf2 024938e026f2a520f1d3584bb98bf59e3e2b1241c1c5176e0283c21a85515512
EXPORTER_SECRET c18e047f61de98613a2d2069fe13d0fbcbbe3bc07cc54a675e29c0671beccaf2 b965340e7b5da274a2492e1c62f4cf42c69ad5abe67244c7ad5c7a5d1c1f9b61
CLIENT_HANDSHAKE_TRAFFIC_SECRET bd988fee30ae3b97b6fd1ca52e5c773d5d835e4b4c8219eb9cd0d296ccef87b6 29b73f97e66fef1d57c07ddc649f10aab674690dde844e2fe9155a1299ad2993
SERVER_HANDSHAKE_TRAFFIC_SECRET bd988fee30ae3b97b6fd1ca52e5c773d5d835e4b4c8219eb9cd0d296ccef87b6 a3490fe0a51ea1420accc2fe4a37c85e913195b1e9758997f53e25476f0674ad
CLIENT_TRAFFIC_SECRET_0 bd988fee30ae3b97b6fd1ca52e5c773d5d835e4b4c8219eb9cd0d296ccef87b6 18e7e52ca2324bd98b12696e1ef151c4eab91d7f9bc2b45ae71f19faaefc0192
SERVER_TRAFFIC_SECRET_0 bd988fee30ae3b97b6fd1ca52e5c773d5d835e4b4c8219eb9cd0d296ccef87b6 86340e7bd3e9e4e12c37e3aea35431fd12daeb1ac7058f29b46d6aa8817fa001
EXPORTER_SECRET bd988fee30ae3b97b6fd1ca52e5c773d5d835e4b4c8219eb9cd0d296ccef87b6 0d56982d2ed0f811f439e78ce34d6d6aecd4bf200a161585b86587d102cde796
CLIENT_HANDSHAKE_TRAFFIC_SECRET 9a7474ae6d208ae2cde77d5da52f04f0e5d2a1e442c674e55da00f005ddaaf8d 9deedfa2c543e18511541c5d2d673f0943979d3170d2211e3991854a8c686fa1
SERVER_HANDSHAKE_TRAFFIC_SECRET 9a7474ae6d208ae2cde77d5da52f04f0e5d2a1e442c674e55da00f005ddaaf8d bbc68236883c0ea2beaee5582b35b44fd51572981a834537cea811662f494f86
CLIENT_TRAFFIC_SECRET_0 9a7474ae6d208ae2cde77d5da52f04f0e5d2a1e442c674e55da00f005ddaaf8d 8cc99d9920ac956eb078678c8a121bc2a2869243db719ba36ae7fdabc23d9277
SERVER_TRAFFIC_SECRET_0 9a7474ae6d208ae2cde77d5da52f04f0e5d2a1e442c674e55da00f005ddaaf8d 18f1c04fe3425ca370e3944d79b9912da052e848573a0f7eb9c94e0ad89d3da6
EXPORTER_SECRET 9a7474ae6d208ae2cde77d5da52f04f0e5d2a1e442c674e55da00f005ddaaf8d 65afe19af25918b1750f3044592bec87acc2a9580f6a0316e4a565c568ac189d
CLIENT_HANDSHAKE_TRAFFIC_SECRET 2492409342388c3a89e9284fc52c285dbd46ca950273a8781e9c9b25aca12491 11f549318a69926bb9364f78eb7d06dd70e9b6bd76f4222c013683970b9d29e6
SERVER_HANDSHAKE_TRAFFIC_SECRET 2492409342388c3a89e9284fc52c285dbd46ca950273a8781e9c9b25aca12491 0258e43ee96e1271e1d074f4cdf94c9f0a81c01cb0b76b3bed035515fa5e5e6a
CLIENT_TRAFFIC_SECRET_0 2492409342388c3a89e9284fc52c285dbd46ca950273a8781e9c9b25aca12491 273cbe960b8d3d954ad18f8b899529ec2aabeeaf48d8b953ea26cd4185e00afd
SERVER_TRAFFIC_SECRET_0 2492409342388c3a89e9284fc52c285dbd46ca950273a8781e9c9b25aca12491 2398295cb833085dff6446d24b61905f2a99836f6d3793596dcafb1756712423
EXPORTER_SECRET 2492409342388c3a89e9284fc52c285dbd46ca950273a8781e9c9b25aca12491 d62fda32abb4166700704db8b5d5ee0737a7bc935696a532f98bd17d458968d9
CLIENT_HANDSHAKE_TRAFFIC_SECRET a36ade6e73535f6e65ab5b0f475555a7b9d40a09cb1d90c6096f7d211d334b72 8c41f57c6e319ac6bebf784fa2cd914093518e58bbdf4fd98126d8224a6edbc7
SERVER_HANDSHAKE_TRAFFIC_SECRET a36ade6e73535f6e65ab5b0f475555a7b9d40a09cb1d90c6096f7d211d334b72 45276ddece3d07627e916f7d6cedfcca5e8cdb022e3fab942c0ba40ee8b879e5
CLIENT_HANDSHAKE_TRAFFIC_SECRET 0d3ca5eb938634222e7776934c6486af236799b3a1811c8b03afe57676de0d59 49ddf348180bcb5f9d230bf50e80f020a8abb29fff6b72d1bcdb3801afbf8e50
SERVER_HANDSHAKE_TRAFFIC_SECRET 0d3ca5eb938634222e7776934c6486af236799b3a1811c8b03afe57676de0d59 acbfce8dd982eba2f9cafa3675d81e90ccc215bde44d7fdfc796298977b35569
CLIENT_RANDOM 1c5c87be9a81e3e6ca4f6fe4494718f6f6c10b7dbe10739e52736ba6c6f2e097 43c55b0b58aed1db1cd7ededaf54422493426c36b36205d1e68275dbf71dc7169fc7cb68180ea4e39529e128be94f14d
CLIENT_TRAFFIC_SECRET_0 a36ade6e73535f6e65ab5b0f475555a7b9d40a09cb1d90c6096f7d211d334b72 9fbab09f76d91e6403f45a88f43423ace9c66be5dbb2eb69dcaff7484a965955
SERVER_TRAFFIC_SECRET_0 a36ade6e73535f6e65ab5b0f475555a7b9d40a09cb1d90c6096f7d211d334b72 ca253833823b217af8d60eb74b19c989d1ec26b0e7297b51c7e704853bbfcbbb
EXPORTER_SECRET a36ade6e73535f6e65ab5b0f475555a7b9d40a09cb1d90c6096f7d211d334b72 9018fd819e9a9504a72b2ad62deec179af6a4883ac22f583f98885162ea92c82
CLIENT_TRAFFIC_SECRET_0 0d3ca5eb938634222e7776934c6486af236799b3a1811c8b03afe57676de0d59 bbb31b11b8c8a73f71ea89b2321133b8132c0830277e096f368fed58975b2d8d
SERVER_TRAFFIC_SECRET_0 0d3ca5eb938634222e7776934c6486af236799b3a1811c8b03afe57676de0d59 ced8f67a53ccbec061a3e3117391627426ffc592c05742e37008a8568848e1f6
EXPORTER_SECRET 0d3ca5eb938634222e7776934c6486af236799b3a1811c8b03afe57676de0d59 c5def92a586ec91f708531bc11429d9c72d153ca1bb43b4b36bd276b0d71febc
CLIENT_RANDOM e0b9cc46fce9598bb984b058c4e34e2b05daac234943fb0efcca348dc9ccaffb e87fe2687c40b005d610fe69728d33920d8307cd9c2816725b83cc2a28872470a0f6b645a8025374b4af2c9f3e171c4a
