CLIENT_HANDSHAKE_TRAFFIC_SECRET cc7abc369ffd7a4b4cadc71405dfb28ad14fe800735b050fd2b99aa56628056c 405a1f7be505fb0a95d50b50ec7844edd5199bd5da928832edd521cd5d9a9733
SERVER_HANDSHAKE_TRAFFIC_SECRET cc7abc369ffd7a4b4cadc71405dfb28ad14fe800735b050fd2b99aa56628056c 6bca969421f5495d2b9cdfae178133bfd7609342a1e86e4aa589fca1495dc461
CLIENT_TRAFFIC_SECRET_0 cc7abc369ffd7a4b4cadc71405dfb28ad14fe800735b050fd2b99aa56628056c 4cc4c49aa824245aa40c39097f97346e57521be1b96789c789e51c4c454375f5
SERVER_TRAFFIC_SECRET_0 cc7abc369ffd7a4b4cadc71405dfb28ad14fe800735b050fd2b99aa56628056c 872c482c6d4c5460d6e38e0fbc34fd17ebc8f2348c346407ad76d5faec11ecb8
EXPORTER_SECRET cc7abc369ffd7a4b4cadc71405dfb28ad14fe800735b050fd2b99aa56628056c ce370cd62c45d2e003d49e0dc097574d6eae07557198aed02b3bce8cf01a51cd
CLIENT_HANDSHAKE_TRAFFIC_SECRET cd81717519f9d96adf6041a0d2c9c64ee3051f8a1c8d83e35fc98e1bc82bb408 61b5fba597a1e6ac81e926391411aac07f2f7609b439189d7f821800621d7f64
SERVER_HANDSHAKE_TRAFFIC_SECRET cd81717519f9d96adf6041a0d2c9c64ee3051f8a1c8d83e35fc98e1bc82bb408 e322c5763be33d93ed4f0158cd1107a8142b7e894991605271fa6ae4a82d779b
CLIENT_TRAFFIC_SECRET_0 cd81717519f9d96adf6041a0d2c9c64ee3051f8a1c8d83e35fc98e1bc82bb408 08d2c99b0b61841cffc1e7812da6d0c30036a7ae3621c426a4b802c9d86bf539
SERVER_TRAFFIC_SECRET_0 cd81717519f9d96adf6041a0d2c9c64ee3051f8a1c8d83e35fc98e1bc82bb408 7e1983d5ccbe39c7e9a1f96f09140507577a3afa1b8dbcf1a684081219fded55
EXPORTER_SECRET cd81717519f9d96adf6041a0d2c9c64ee3051f8a1c8d83e35fc98e1bc82bb408 2e529437fe2d2b90e6989c53c954002bea9dbf2d5eb81ccdfe911cb78415283f
CLIENT_HANDSHAKE_TRAFFIC_SECRET 58efca978b1cd5ecbdd1d5f722c6ded29b5fe30c82b051336673446396018ee5 013d0ee4c363685a59bf92bfe18fb8f8e6a4ed75a92066545c1d82c9c611ad80
SERVER_HANDSHAKE_TRAFFIC_SECRET 58efca978b1cd5ecbdd1d5f722c6ded29b5fe30c82b051336673446396018ee5 305aede6f5c30bf4550705b762a3b8b422fd464c186130c4b45f59debeabbafc
CLIENT_TRAFFIC_SECRET_0 58efca978b1cd5ecbdd1d5f722c6ded29b5fe30c82b051336673446396018ee5 1ee8d512aa67f2a5bc60226c9e2b6deeebc586fa058895a50cb4c93225464442
SERVER_TRAFFIC_SECRET_0 58efca978b1cd5ecbdd1d5f722c6ded29b5fe30c82b051336673446396018ee5 b699ece4e01d9bac5f4420d29ad29bdf433148b926503b3cc21d5a5c83ed8307
EXPORTER_SECRET 58efca978b1cd5ecbdd1d5f722c6ded29b5fe30c82b051336673446396018ee5 bcfeccdc00310145f6cc3251afdeb66c3d3fe80a176c639518222e7adb8eed74
CLIENT_HANDSHAKE_TRAFFIC_SECRET f1e1c4b2e5c2df15c8a4afe3802a2f9aef4229e0ca8b343d45a070bee9a00652 614421e71768e45c2857a758ede7b41eb4027e9812b7b36b49b1ba36acd8f1ef
SERVER_HANDSHAKE_TRAFFIC_SECRET f1e1c4b2e5c2df15c8a4afe3802a2f9aef4229e0ca8b343d45a070bee9a00652 6cdd252b4243de1a533973c20c3f2ebd4480ec6be323b675afddc1e5ea08c073
CLIENT_TRAFFIC_SECRET_0 f1e1c4b2e5c2df15c8a4afe3802a2f9aef4229e0ca8b343d45a070bee9a00652 4b286d9dbf6cf2dd1b57b8c325496a3357a3cce6e23b44b67e7bb1f360b5296f
SERVER_TRAFFIC_SECRET_0 f1e1c4b2e5c2df15c8a4afe3802a2f9aef4229e0ca8b343d45a070bee9a00652 0e625af699a7c36ad687a52c9774cdc6ed58566c515877c90aa14df95497bfe6
EXPORTER_SECRET f1e1c4b2e5c2df15c8a4afe3802a2f9aef4229e0ca8b343d45a070bee9a00652 8f06916c41e5b91d82fd4344d01d2ce81092387c190e5cbfb7d27784f8b38209
CLIENT_HANDSHAKE_TRAFFIC_SECRET ec7adc26eda13c521d7be8be0c99f2a94e059b7c7f161e6f83d3cf853e137d4a 8a139c514fc998d87d00883e01229afaf4f6cc190e22565d533a0695c04312d6
SERVER_HANDSHAKE_TRAFFIC_SECRET ec7adc26eda13c521d7be8be0c99f2a94e059b7c7f161e6f83d3cf853e137d4a 8dbd61a2ef3273da70990b6402d03bf6d6a90c60cd10d2c0c3ee808831357d03
CLIENT_TRAFFIC_SECRET_0 ec7adc26eda13c521d7be8be0c99f2a94e059b7c7f161e6f83d3cf853e137d4a 30f56c5c61b188c5180c857e17994daf7f771d054974b955a5af5608f2c5c48f
SERVER_TRAFFIC_SECRET_0 ec7adc26eda13c521d7be8be0c99f2a94e059b7c7f161e6f83d3cf853e137d4a 05f0717e5bb0989650f5466725b3c7f2ec8018b3b34296ef7e50757db53f9e02
EXPORTER_SECRET ec7adc26eda13c521d7be8be0c99f2a94e059b7c7f161e6f83d3cf853e137d4a 6cad6a1a611a822f0f279cfe3df96a6c148f4df85d60692c2c0a99a4518972e2
CLIENT_HANDSHAKE_TRAFFIC_SECRET 47794c798e635aad39146497f678f02e827212f348e8ce94ca8d9ef2f94aec24 36a564a5adbe812a18ee74eb4d0182b82cf259d746036feb036a1120278adfb5
SERVER_HANDSHAKE_TRAFFIC_SECRET 47794c798e635aad39146497f678f02e827212f348e8ce94ca8d9ef2f94aec24 1fdd0f354ba119adf9e96c9e716a918fb5330f6efc164ae239b9e61eaf9257ca
CLIENT_TRAFFIC_SECRET_0 47794c798e635aad39146497f678f02e827212f348e8ce94ca8d9ef2f94aec24 c4ce3e0e3a9f8d0d1d1d26d6f21010089483ec5bca9340427d57e83b825d0d8a
SERVER_TRAFFIC_SECRET_0 47794c798e635aad39146497f678f02e827212f348e8ce94ca8d9ef2f94aec24 af8ec85c6476887d88b29b6be38e9664dfa711a67c0126043307329bc9893c90
EXPORTER_SECRET 47794c798e635aad39146497f678f02e827212f348e8ce94ca8d9ef2f94aec24 af2e2ed11144b0ec20eb1fc281e4737d8c9141e347012b97b8bb78e3ebab94a9
CLIENT_HANDSHAKE_TRAFFIC_SECRET d1c0e3a61c06e7be56d38e9ac0e888cb82b42d80d2a500635385c33b7116c5cb e37bb31272f5a93dc63c7af002085eeafe028d6746b2636daf8951a162d782af
SERVER_HANDSHAKE_TRAFFIC_SECRET d1c0e3a61c06e7be56d38e9ac0e888cb82b42d80d2a500635385c33b7116c5cb d8650fe278a2956097bc86b4c3cee3c1b32cc3854f00e446c51c883d3b4f2007
CLIENT_TRAFFIC_SECRET_0 d1c0e3a61c06e7be56d38e9ac0e888cb82b42d80d2a500635385c33b7116c5cb 44e90c255487871c6cf9230c18ffe45ca964ef87570ca704656f3c7c9ee1681c
SERVER_TRAFFIC_SECRET_0 d1c0e3a61c06e7be56d38e9ac0e888cb82b42d80d2a500635385c33b7116c5cb 4ea8d80628ed72af689024da3af97edaca7bb734e3a738bc52b98074f4d9a8b7
EXPORTER_SECRET d1c0e3a61c06e7be56d38e9ac0e888cb82b42d80d2a500635385c33b7116c5cb c71bf12ecb93c084af352142957fa963861cb8da3c37eba6ba226d18dab489cd
CLIENT_HANDSHAKE_TRAFFIC_SECRET 53f49c32376c9900ccac5bfd0bcfeca889682545449edcc349d39de712156b75 a68eec6be54a9b67da2c50a37a905897eec3ed8c3554ddf445adb84ba3eec7a9
SERVER_HANDSHAKE_TRAFFIC_SECRET 53f49c32376c9900ccac5bfd0bcfeca889682545449edcc349d39de712156b75 06de9978ab4f7573d8ed3e82c8de3555fde59128241a53940e57669d56db863b
CLIENT_TRAFFIC_SECRET_0 53f49c32376c9900ccac5bfd0bcfeca889682545449edcc349d39de712156b75 e91b6ecac27c3045ef2e232f58236f09d1ffd9b64adb81bc524de5e617e47b7a
SERVER_TRAFFIC_SECRET_0 53f49c32376c9900ccac5bfd0bcfeca889682545449edcc349d39de712156b75 54471197cdbf1548ad29844af0012cc955a116220abb69f69464c41173fbde4a
EXPORTER_SECRET 53f49c32376c9900ccac5bfd0bcfeca889682545449edcc349d39de712156b75 4351a0d2152a2b8ce18fbbc9794dc4fbedc7f36244748315656c13b924b8f400
CLIENT_HANDSHAKE_TRAFFIC_SECRET c2e6c0dd0ff767d538d03a86e607535a2f32e30410100db6644722b964040a04 bb5deea7abbb41f5481e13c44109f01e60bc5c503ec72b5ac9b88cc64cb256d6
SERVER_HANDSHAKE_TRAFFIC_SECRET c2e6c0dd0ff767d538d03a86e607535a2f32e30410100db6644722b964040a04 73be6a49d5b4a2fbffbbf378ff58c6a0f3811e1cd98c33868d1d297c02d280a5
CLIENT_TRAFFIC_SECRET_0 c2e6c0dd0ff767d538d03a86e607535a2f32e30410100db6644722b964040a04 58538bc5984f06ef855d9aea9ea581b0737719cd0dd58f9fb3d5f45b66011323
SERVER_TRAFFIC_SECRET_0 c2e6c0dd0ff767d538d03a86e607535a2f32e30410100db6644722b964040a04 cbc1a317e95b8d5e517232561ab2dde41d407116093ce9f09f64f59078ffba0b
EXPORTER_SECRET c2e6c0dd0ff767d538d03a86e607535a2f32e30410100db6644722b964040a04 c73c453c12db06f4ea062da1b210b438cc6a49708381da66e74c2a84ccd581af
CLIENT_HANDSHAKE_TRAFFIC_SECRET d461a57d96dadeed956cd39a5b5ce75f57ed1b8976fe2c8db84aed59d3d843df ae70ac25be115c3b794530e48d8f1326f04cb8bc7455e146ab42fd4ae6844f0d
SERVER_HANDSHAKE_TRAFFIC_SECRET d461a57d96dadeed956cd39a5b5ce75f57ed1b8976fe2c8db84aed59d3d843df f1caf9f88fd2fa0360719d7634e54f86d9932a39291680637adceebbb8feaa98
CLIENT_TRAFFIC_SECRET_0 d461a57d96dadeed956cd39a5b5ce75f57ed1b8976fe2c8db84aed59d3d843df 74430482e2a027f7df5cca091b566354d5487af9c7a29d5afd976f0332fd2d3f
SERVER_TRAFFIC_SECRET_0 d461a57d96dadeed956cd39a5b5ce75f57ed1b8976fe2c8db84aed59d3d843df 57c07643784c2eddee786e9070b84e0aefc9cc90e5fd5bc87092a0b4cf3b37f7
EXPORTER_SECRET d461a57d96dadeed956cd39a5b5ce75f57ed1b8976fe2c8db84aed59d3d843df c021a9a8c566a59b5de67d63e531e834b74428652658500fde903bc1ffb7d321
CLIENT_HANDSHAKE_TRAFFIC_SECRET 9e39b585f86f546532fe3c6548be036a4db53f8cfc87692a87533248f60a33f6 b0ed90027d7abb6f27856e7ae0c45e94930655268216d983d939cce3403d310d
SERVER_HANDSHAKE_TRAFFIC_SECRET 9e39b585f86f546532fe3c6548be036a4db53f8cfc87692a87533248f60a33f6 977e2968986b88369f5cd0e95a64631cf7ececbff08188ef7d8b0d97ffb21682
CLIENT_TRAFFIC_SECRET_0 9e39b585f86f546532fe3c6548be036a4db53f8cfc87692a87533248f60a33f6 6c4ada5dd1d44797cf6041a6f27d33ad35414a986c4052b6b1c227b973ace445
SERVER_TRAFFIC_SECRET_0 9e39b585f86f546532fe3c6548be036a4db53f8cfc87692a87533248f60a33f6 f3849f706dcbc7a05d6cc978c1733380b12932f03326d3b924bc1cc8a5294c7a
EXPORTER_SECRET 9e39b585f86f546532fe3c6548be036a4db53f8cfc87692a87533248f60a33f6 8026b406c5e5bd838d8890c1480c619e6bc10b559e95e9330a82ba3bda710e13
CLIENT_HANDSHAKE_TRAFFIC_SECRET 8633d34cf12ba0848c03558eed6cc02a0dfe4b235a38889b4274d802af15e2ac a66dc610faa01db0f3a47bf26d56e7c0a4d7501a33c1b419d30c3523be448351
SERVER_HANDSHAKE_TRAFFIC_SECRET 8633d34cf12ba0848c03558eed6cc02a0dfe4b235a38889b4274d802af15e2ac 4316a43b3e11e0a3d190476342778ecf1cdc169572ba88cebce4c5dd7e91ca8c
CLIENT_TRAFFIC_SECRET_0 8633d34cf12ba0848c03558eed6cc02a0dfe4b235a38889b4274d802af15e2ac 29288b96dd12dfcff142f2c23f35d376cb748c9c695e6c71807447c16603c499
SERVER_TRAFFIC_SECRET_0 8633d34cf12ba0848c03558eed6cc02a0dfe4b235a38889b4274d802af15e2ac c4229fffe1eb7190058af477f1134e22d1033ad377fabdc0aa408b8d8dcc5c91
EXPORTER_SECRET 8633d34cf12ba0848c03558eed6cc02a0dfe4b235a38889b4274d802af15e2ac e5014d33d2c3aeeff099ee2dadb7209d5cf748fdfff580e3a1639f3e38fb76c5
CLIENT_HANDSHAKE_TRAFFIC_SECRET 7b94957a1d6c67791424dcbd2c5a7e5bd46984f2e35f135b55ce3f0bfe591fc1 85bd37f0de2024830d7529fd10d5f7a7d3a4d06a57b8a743185c7d90ee32d9ef
SERVER_HANDSHAKE_TRAFFIC_SECRET 7b94957a1d6c67791424dcbd2c5a7e5bd46984f2e35f135b55ce3f0bfe591fc1 039b0c5ca665bac84a760dfb7333a3e04e1bc02605948e0c253d7eed2c1e57cf
CLIENT_TRAFFIC_SECRET_0 7b94957a1d6c67791424dcbd2c5a7e5bd46984f2e35f135b55ce3f0bfe591fc1 897d2194a220e17959a19ef2fb5523612f8ae84bb99713d42ee035ad21caab4a
SERVER_TRAFFIC_SECRET_0 7b94957a1d6c67791424dcbd2c5a7e5bd46984f2e35f135b55ce3f0bfe591fc1 bb28efc34098835a954209b27bc49536be777f039e63ce64f3c0587b422bed04
EXPORTER_SECRET 7b94957a1d6c67791424dcbd2c5a7e5bd46984f2e35f135b55ce3f0bfe591fc1 3283e80c064fccf8dfd40878af90a3818788715be824ca808cb4d99a459c5d63
CLIENT_HANDSHAKE_TRAFFIC_SECRET 2020eba8f8aa28bbe3a200228ff9bd3c3f7111c33fd216abfb9a4299e024a2c3 713ca780bd542bdbdeb98bdf0b67ed4046ad022585797172ee35289049334510
SERVER_HANDSHAKE_TRAFFIC_SECRET 2020eba8f8aa28bbe3a200228ff9bd3c3f7111c33fd216abfb9a4299e024a2c3 c2676134cd5d9a290d627ceda69f37c064f0a888875064b278f07c1d6ef76200
CLIENT_TRAFFIC_SECRET_0 2020eba8f8aa28bbe3a200228ff9bd3c3f7111c33fd216abfb9a4299e024a2c3 2132d1057aa9dde05c8371acabbc20155cfd4608c0614e66106b2b17253da43b
SERVER_TRAFFIC_SECRET_0 2020eba8f8aa28bbe3a200228ff9bd3c3f7111c33fd216abfb9a4299e024a2c3 b94b570f3ffe138b2a5cb33f689c8064c92920f7a2274696be8f75156b58d85b
EXPORTER_SECRET 2020eba8f8aa28bbe3a200228ff9bd3c3f7111c33fd216abfb9a4299e024a2c3 49e7dfdccfe4b4098f6bfc6aef74fdebdd2d989c78463b124441d72491508229
CLIENT_HANDSHAKE_TRAFFIC_SECRET fc1fad0b2359a7ea3d37c4121f7c70a8a18fe92b1f16c146f68ebfe542cf85c5 720ed97be5cbce30f709de3ec3c1253b89be9f98f60248d6a43af5f01031d216
SERVER_HANDSHAKE_TRAFFIC_SECRET fc1fad0b2359a7ea3d37c4121f7c70a8a18fe92b1f16c146f68ebfe542cf85c5 134583c641907a30c661956048b0f4251061ee8a427d74b101b83bd9eadf7bc5
CLIENT_TRAFFIC_SECRET_0 fc1fad0b2359a7ea3d37c4121f7c70a8a18fe92b1f16c146f68ebfe542cf85c5 046b16817ffec23536d911d443ac914068f17c74c91eb7542362d8b3fbaff6f0
SERVER_TRAFFIC_SECRET_0 fc1fad0b2359a7ea3d37c4121f7c70a8a18fe92b1f16c146f68ebfe542cf85c5 0155f3345444715a04b65d8666a4a6da5cb4660446dc49549b8b0575f01e4973
EXPORTER_SECRET fc1fad0b2359a7ea3d37c4121f7c70a8a18fe92b1f16c146f68ebfe542cf85c5 6e86b447ee7ac18602d8f24166a774d43ca92ae8fefd177f3813b5c02e4bb883
CLIENT_HANDSHAKE_TRAFFIC_SECRET 69f614d4a72d1186ee7784414a1f4f1bf043b76684a6490f32f34a5ee5999ccd 83e82d4ac900c889e602930336213c705dd94b9faadaeedf63a4123d639aa92b
SERVER_HANDSHAKE_TRAFFIC_SECRET 69f614d4a72d1186ee7784414a1f4f1bf043b76684a6490f32f34a5ee5999ccd ce776ca44df2803d776151a3eb7a3290ead72bf3fe5b370e9e14b2f2f8d02d31
CLIENT_TRAFFIC_SECRET_0 69f614d4a72d1186ee7784414a1f4f1bf043b76684a6490f32f34a5ee5999ccd 6736bee8f3ecd3b093613c9b736259b52642e35e48b0e14a0600838c82ba373a
SERVER_TRAFFIC_SECRET_0 69f614d4a72d1186ee7784414a1f4f1bf043b76684a6490f32f34a5ee5999ccd 661cd15b7ce475b8f07b7c29bf7dd4ed4b717c14b2c83033fe0d1044cf8cbd82
EXPORTER_SECRET 69f614d4a72d1186ee7784414a1f4f1bf043b76684a6490f32f34a5ee5999ccd c8e2d0b0f26bf50c97d74ffa0ee76b04985891959a6c840cf906afe99ec5a783
CLIENT_HANDSHAKE_TRAFFIC_SECRET cf575edf431c1994e36edfac08af0f07df6f6d7591718c4b9c10fb60bd13bd2a 3cbc141031a470e56304631d594a7ccd48e7855203d6b15716f05aa57b00f8f9
SERVER_HANDSHAKE_TRAFFIC_SECRET cf575edf431c1994e36edfac08af0f07df6f6d7591718c4b9c10fb60bd13bd2a eeb79ed55d23748a82520bda4e9596f89e7fd27ada4dc9d8cfdc327373530cd3
CLIENT_TRAFFIC_SECRET_0 cf575edf431c1994e36edfac08af0f07df6f6d7591718c4b9c10fb60bd13bd2a 33f37e32eecf5632aa8d088fe93aee97b3b14739c01192bfb70b6483724719b2
SERVER_TRAFFIC_SECRET_0 cf575edf431c1994e36edfac08af0f07df6f6d7591718c4b9c10fb60bd13bd2a 4bd93f064dfd164e8eb0dc1811fa853445afad521d74bf7d3e3c966b3eb60a00
EXPORTER_SECRET cf575edf431c1994e36edfac08af0f07df6f6d7591718c4b9c10fb60bd13bd2a dc4f5d9c226e141ccc4f545a48f1defc8236d47509e888e06f0db40cb8938e54
CLIENT_HANDSHAKE_TRAFFIC_SECRET 8b6ed8623093c818f060b625ad7c55c0cd0392812958750bff0b7572004bd5df d3df7ce084ae932cf3ebef7e06f2698723333f5e70a99b94d211e50bddda7339
SERVER_HANDSHAKE_TRAFFIC_SECRET 8b6ed8623093c818f060b625ad7c55c0cd0392812958750bff0b7572004bd5df bcb599fe657394b21e0fb90fd4c11c9d1ed913bf5f5c56fc74db0d8b072eb3ae
CLIENT_TRAFFIC_SECRET_0 8b6ed8623093c818f060b625ad7c55c0cd0392812958750bff0b7572004bd5df c5839161c236058e99dea0cff334498c1a09ab7378c3c6b9131282c2a7bfe959
SERVER_TRAFFIC_SECRET_0 8b6ed8623093c818f060b625ad7c55c0cd0392812958750bff0b7572004bd5df 2dda1f26194c0d3576a7efc274c84837ef669474d07223b7895dc1a7600516df
EXPORTER_SECRET 8b6ed8623093c818f060b625ad7c55c0cd0392812958750bff0b7572004bd5df 71f67af3761ab70fe2a64ae0916ff7fe2f29c01b52e519cdc4495018d79c7d30
CLIENT_HANDSHAKE_TRAFFIC_SECRET f2e709a0d1248cbc1bda8ce91f46f0773db90a14dcbecebf410372db922c7985 857c4c0d3ffecea394fba8ab958b7d0f665cb618e70692de29a7f7735004b784
SERVER_HANDSHAKE_TRAFFIC_SECRET f2e709a0d1248cbc1bda8ce91f46f0773db90a14dcbecebf410372db922c7985 4c55ee396dae6d99a46be074011553648454e24079b9e2293ad5d34099760879
CLIENT_TRAFFIC_SECRET_0 f2e709a0d1248cbc1bda8ce91f46f0773db90a14dcbecebf410372db922c7985 9061c9e1fe24ab90f0ad818471ced4eeaef6a3cfc74ee7d43ca77754efa6e8ca
SERVER_TRAFFIC_SECRET_0 f2e709a0d1248cbc1bda8ce91f46f0773db90a14dcbecebf410372db922c7985 7af046d9ab54b07594dff678b6b4d9c02c58d47bd733c09e239d6d9bbcacc45a
EXPORTER_SECRET f2e709a0d1248cbc1bda8ce91f46f0773db90a14dcbecebf410372db922c7985 6b66fa2de4f3bacadbfc64d0e3fc20996b45968c25e0ea8b6058fd19d1abb564
CLIENT_HANDSHAKE_TRAFFIC_SECRET 8178b8860b007e4b242dc6c9abcf95e36d23932cf732d9148d3ecb0b2fe46c37 d320f1a36a6cfe6887f7f90558ee0083c226e69fae7ebe71bab8af3f6afd94c9
SERVER_HANDSHAKE_TRAFFIC_SECRET 8178b8860b007e4b242dc6c9abcf95e36d23932cf732d9148d3ecb0b2fe46c37 5e2c496640c1e091f03a4bd6c010bfa67e388be651072d9d5d8ecbb7fefa839e
CLIENT_TRAFFIC_SECRET_0 8178b8860b007e4b242dc6c9abcf95e36d23932cf732d9148d3ecb0b2fe46c37 64b5551c68dc07d304b2c91878b5061d3d55a49cd70d8bde138c13059ac77a15
SERVER_TRAFFIC_SECRET_0 8178b8860b007e4b242dc6c9abcf95e36d23932cf732d9148d3ecb0b2fe46c37 a2391a3ad24599ea0e2cfbbc20e26bd4eb583fc462916abda53397a7a14e7f47
EXPORTER_SECRET 8178b8860b007e4b242dc6c9abcf95e36d23932cf732d9148d3ecb0b2fe46c37 20241f49b9812f1e6cf0132fd60751a4dd668716180d15894abae23f5588941f
CLIENT_HANDSHAKE_TRAFFIC_SECRET 44e6b0b859cdb55729c0d834bd86a6327440d919a562afa417081644ad1766ad bbf2c8811c70b40489f4e05a6fd1f60330a00280a0e8758ea03dd2295df643c4
SERVER_HANDSHAKE_TRAFFIC_SECRET 44e6b0b859cdb55729c0d834bd86a6327440d919a562afa417081644ad1766ad 68844d107a9d32583c39a477d42b7dfea0ff65d96a38966ba0a40655ba84deb6
CLIENT_TRAFFIC_SECRET_0 44e6b0b859cdb55729c0d834bd86a6327440d919a562afa417081644ad1766ad e528fe0e224a9ca34a428548625c26d3354897b5ff97cf0ea2ab194c56f7bbfe
SERVER_TRAFFIC_SECRET_0 44e6b0b859cdb55729c0d834bd86a6327440d919a562afa417081644ad1766ad 699c100cf1dc56ce4e7c81f0186f6f38a2b04d1ca1a2bb444a79f5f45645a0f2
EXPORTER_SECRET 44e6b0b859cdb55729c0d834bd86a6327440d919a562afa417081644ad1766ad f138bbf495b73b49f63cabba22cf055b9bbecf8f1c2038196b73ebc499cb088b
CLIENT_HANDSHAKE_TRAFFIC_SECRET 970c78c1bdc4b06d88ad88b0c59f6189a582c08a25c020a6251cfa45f2edc1f3 1651f6793d32e261047bc0138174b67c4299b75628c2df6e21633f2594b1933b
SERVER_HANDSHAKE_TRAFFIC_SECRET 970c78c1bdc4b06d88ad88b0c59f6189a582c08a25c020a6251cfa45f2edc1f3 9b4c6d7eabb97dd1bb374e4c034622386a0966f65df1f75e6447304594c89e44
CLIENT_TRAFFIC_SECRET_0 970c78c1bdc4b06d88ad88b0c59f6189a582c08a25c020a6251cfa45f2edc1f3 866f3d3ce9842a215ec2b444a249cf40bb45dd1adb28eaf320dfa1c84933bdd1
SERVER_TRAFFIC_SECRET_0 970c78c1bdc4b06d88ad88b0c59f6189a582c08a25c020a6251cfa45f2edc1f3 78971532c1f66abafa460639e1a13c4cf488e1dd46a04f5d429d9c11612e0758
EXPORTER_SECRET 970c78c1bdc4b06d88ad88b0c59f6189a582c08a25c020a6251cfa45f2edc1f3 fff7d48999ac1eafa6d7b087c1632c402e65215a73287842dfcaef20e9452bfa
CLIENT_HANDSHAKE_TRAFFIC_SECRET df892ff770e74449840f2974055430bc485240ef4bc2912832a9313eb8da896e de4b768a8d596ae5d14773c779f0e180e5e1320349cbacbecc2fe49a07f23da1
SERVER_HANDSHAKE_TRAFFIC_SECRET df892ff770e74449840f2974055430bc485240ef4bc2912832a9313eb8da896e 98291ceccad6fae78b5bab4ddda4abdc056cf38fb90c4a157bec1848cbeb4670
CLIENT_TRAFFIC_SECRET_0 df892ff770e74449840f2974055430bc485240ef4bc2912832a9313eb8da896e 091aa3ad957d5c280f8365dba7c7df55276d57a81aa9aabdabcec516411d465f
SERVER_TRAFFIC_SECRET_0 df892ff770e74449840f2974055430bc485240ef4bc2912832a9313eb8da896e c6274b7784c3d4c162fd8df3db1fe518083aaf29405c27ece533bdd0369eb041
EXPORTER_SECRET df892ff770e74449840f2974055430bc485240ef4bc2912832a9313eb8da896e 1537721c00b2f7033ecb51292deab1b97a53ea7be62b176b0b223932a7f301a0
CLIENT_HANDSHAKE_TRAFFIC_SECRET ce4b317c23e9f7412a763104c1d11bf5a3035e6bf6b5c35ef6df207f4ec75118 6158876daec459a19693579d0a1f0cf2d5384c44839384220c8e646c63d72dbd
SERVER_HANDSHAKE_TRAFFIC_SECRET ce4b317c23e9f7412a763104c1d11bf5a3035e6bf6b5c35ef6df207f4ec75118 a1ec47a0742951aec212760abe70876cf047d12cf3b641a0d97245a05dbc0e30
CLIENT_TRAFFIC_SECRET_0 ce4b317c23e9f7412a763104c1d11bf5a3035e6bf6b5c35ef6df207f4ec75118 38513d79b52a1684f6271652446877d822a1f2de4077a4d7a39a8e73b904db45
SERVER_TRAFFIC_SECRET_0 ce4b317c23e9f7412a763104c1d11bf5a3035e6bf6b5c35ef6df207f4ec75118 04ad935251cee71c992239bd2ae5eb09b3436f93d8d4c8ae24db90f396f839af
EXPORTER_SECRET ce4b317c23e9f7412a763104c1d11bf5a3035e6bf6b5c35ef6df207f4ec75118 af06e0393d16ff49d98555d35b67cca1380c7aed8862e543b2bd479640235383
CLIENT_HANDSHAKE_TRAFFIC_SECRET 3f761c7d362f6ee1c7096cd6c4cce10c478d6d9346778498feae9efbff2bcb22 7b803707aa851a9683a66c846d1d12722c38b24662633cf49e155feee1e2efb0
SERVER_HANDSHAKE_TRAFFIC_SECRET 3f761c7d362f6ee1c7096cd6c4cce10c478d6d9346778498feae9efbff2bcb22 dab3391eb221cad01a727228bb40e785a264f3bc62dac19b3a68f67876697966
CLIENT_TRAFFIC_SECRET_0 3f761c7d362f6ee1c7096cd6c4cce10c478d6d9346778498feae9efbff2bcb22 809dc0b3382ef306ecdc3c21e8f7bd552fa7fea953c96c64609273a5d7eb2064
SERVER_TRAFFIC_SECRET_0 3f761c7d362f6ee1c7096cd6c4cce10c478d6d9346778498feae9efbff2bcb22 54f1753417a4df9413b0851a081708cd1e31413ca217778ffa832c427a3194f2
EXPORTER_SECRET 3f761c7d362f6ee1c7096cd6c4cce10c478d6d9346778498feae9efbff2bcb22 4961a28307dcda3f88c64f595dddf7f28825229fd26183f66e544098c24525d6
CLIENT_HANDSHAKE_TRAFFIC_SECRET b985ee72469a58c405e70884668417deda57f72813a7e4e10b3355483077cc43 f063816b15576cb2ac8791d407b82e535a583fe0d28d66851d91f981626816c0
SERVER_HANDSHAKE_TRAFFIC_SECRET b985ee72469a58c405e70884668417deda57f72813a7e4e10b3355483077cc43 9944eda235abe0a0c3091d41ad0372d0aaf1d265e20a152de381ccdd9f95b4b3
CLIENT_TRAFFIC_SECRET_0 b985ee72469a58c405e70884668417deda57f72813a7e4e10b3355483077cc43 557b7cf2cd3988e613593bd6285d86f2c30da534e3871f520ef9e39d54c45328
SERVER_TRAFFIC_SECRET_0 b985ee72469a58c405e70884668417deda57f72813a7e4e10b3355483077cc43 c9ad435a8a2d3a3710487230e37e8ad01c622df89b06cf3c0558f5b6bd88efb0
EXPORTER_SECRET b985ee72469a58c405e70884668417deda57f72813a7e4e10b3355483077cc43 75c9fd7cee1c8a1c5cd4513681a60ab2400554c752bdbbf1824d0a357579960e
CLIENT_HANDSHAKE_TRAFFIC_SECRET 05ff8fa33e7845b495e8f53c0aafa0f48e3ec54c5eb3558595f118920927c37a 7f5556e89e43bdeffabe5b073e658c15fce2af6e81d267d7b8ea848d802dd1b0
SERVER_HANDSHAKE_TRAFFIC_SECRET 05ff8fa33e7845b495e8f53c0aafa0f48e3ec54c5eb3558595f118920927c37a d2408c95831c656435d93c42642ae16c1c47c79e1dc38023823ce0e3960bc131
CLIENT_TRAFFIC_SECRET_0 05ff8fa33e7845b495e8f53c0aafa0f48e3ec54c5eb3558595f118920927c37a 271e4db5f68999aacd6848f81cdf74120d31724a836e0196ae7dda23ac9e0fb1
SERVER_TRAFFIC_SECRET_0 05ff8fa33e7845b495e8f53c0aafa0f48e3ec54c5eb3558595f118920927c37a bd6bb74ed18de762bc18fc0c168e5a1f41c1c4a3e55e56141d33378e64027091
EXPORTER_SECRET 05ff8fa33e7845b495e8f53c0aafa0f48e3ec54c5eb3558595f118920927c37a 0dc7bb9653ef7e63ef536d2b977b62ede0e2858ca9f80cd284b5a7618a54de88
CLIENT_HANDSHAKE_TRAFFIC_SECRET e3df7075be483a32b3b7a0717b5cd19136d671afb654ca6a66df7d628e4c2c7f e6ddf76d3c7a0df230df7ca42147ed8127bd200d815345ab79c1a0d9207c20e8
SERVER_HANDSHAKE_TRAFFIC_SECRET e3df7075be483a32b3b7a0717b5cd19136d671afb654ca6a66df7d628e4c2c7f 5be76fa8fdde42bb1d89c5f158f83308f0d67b5998234d66eff58512dbef6c25
CLIENT_TRAFFIC_SECRET_0 e3df7075be483a32b3b7a0717b5cd19136d671afb654ca6a66df7d628e4c2c7f 6267ce311da49fe5cb324401c78d347b6cd9ee5bc32399241937ef04b252d1a7
SERVER_TRAFFIC_SECRET_0 e3df7075be483a32b3b7a0717b5cd19136d671afb654ca6a66df7d628e4c2c7f 969225dba2c65ff3b9904848b7aaaad7c16672bd5f95b806772799de9bcecb3c
EXPORTER_SECRET e3df7075be483a32b3b7a0717b5cd19136d671afb654ca6a66df7d628e4c2c7f 25f992dbe20e6ece480dc565a0da337bb077cb86b2030b34653501890e53a8f8
CLIENT_HANDSHAKE_TRAFFIC_SECRET 52d448d0e98198300288c2e1118691cce7881d79f9d2004cf617ba93f71e73be 69826ea7f41d0aeaaf47b5aea5137eabc79f9622b540de5d91598d3f4feeb141
SERVER_HANDSHAKE_TRAFFIC_SECRET 52d448d0e98198300288c2e1118691cce7881d79f9d2004cf617ba93f71e73be d41655dcd44b515839fc0aeacc97ee8f270d8d4bd5ee91215b1df951de924e84
CLIENT_TRAFFIC_SECRET_0 52d448d0e98198300288c2e1118691cce7881d79f9d2004cf617ba93f71e73be 20f54bb2018c6c9c5c5fe741a10515b6926518a0e7bbfe9f7d9dbd83a4833e6a
SERVER_TRAFFIC_SECRET_0 52d448d0e98198300288c2e1118691cce7881d79f9d2004cf617ba93f71e73be fa8e926e1ec6b263e486ab8986e59c3259a7e627e24c158cbde994682e6055b4
EXPORTER_SECRET 52d448d0e98198300288c2e1118691cce7881d79f9d2004cf617ba93f71e73be de0330488a67472bfb601814721ce9d4ea8a59840aca26614efb5b522d8c9d6d
