CLIENT_HANDSHAKE_TRAFFIC_SECRET eb4259abb9d07e2dd54b675db9f776bcb0dcb86d7168a243aaafb96857791873 2f802debbe89d9c692d8665cd0f46b66cc895910c59207f7bb0157913ad5ba34
SERVER_HANDSHAKE_TRAFFIC_SECRET eb4259abb9d07e2dd54b675db9f776bcb0dcb86d7168a243aaafb96857791873 559a3e1b1257533d7eadb6bcc313f94d6281a901b888ddd968dd55fef8531342
CLIENT_TRAFFIC_SECRET_0 eb4259abb9d07e2dd54b675db9f776bcb0dcb86d7168a243aaafb96857791873 4c61dbaab3ea9c502407d78af9e0faa4d26b1b71bf6388a755aca337bb543495
SERVER_TRAFFIC_SECRET_0 eb4259abb9d07e2dd54b675db9f776bcb0dcb86d7168a243aaafb96857791873 3535be4555b0b60a5a04f86f67976babfbdfbe324477be8d52fd6ff8d450562c
EXPORTER_SECRET eb4259abb9d07e2dd54b675db9f776bcb0dcb86d7168a243aaafb96857791873 599ac4f3d8924124b922103eebe5b1f580e9a1b45ebde100724a8dc6fbe447c2
CLIENT_HANDSHAKE_TRAFFIC_SECRET 703a410c5faa6bebbf64f4996ca7e8ad939a1fba35b3904948da0ca994424eb4 126bd7600821c8aea02bf5af3eaac8400d7ee060c94f2e657c3e5b52be73ce0d
SERVER_HANDSHAKE_TRAFFIC_SECRET 703a410c5faa6bebbf64f4996ca7e8ad939a1fba35b3904948da0ca994424eb4 a88fddee49c936a5408569a19d26c8514142b934c3260d11bb69d4de79dfcc63
CLIENT_TRAFFIC_SECRET_0 703a410c5faa6bebbf64f4996ca7e8ad939a1fba35b3904948da0ca994424eb4 2247353348d8ebd280544309e5d6b1f5c5e56f981a156c9925f0af6070053213
SERVER_TRAFFIC_SECRET_0 703a410c5faa6bebbf64f4996ca7e8ad939a1fba35b3904948da0ca994424eb4 57c585b1cecc881b6700934cfefb5fc59db3e515a27d7083e9c924912974df9f
EXPORTER_SECRET 703a410c5faa6bebbf64f4996ca7e8ad939a1fba35b3904948da0ca994424eb4 57516cabe933745ad4ed38fc2ec288d7193ddb51f7bbee2a15b75c6df5898f61
CLIENT_HANDSHAKE_TRAFFIC_SECRET 764f309060305e5fdbd6644dd2b9c272a77335b40b23a8e07115857ec02588f4 9caddcf358c0def7eb1b6eea5ee71c150c942b04620da6df372b16c992eabfce
SERVER_HANDSHAKE_TRAFFIC_SECRET 764f309060305e5fdbd6644dd2b9c272a77335b40b23a8e07115857ec02588f4 0e35d266c611303840ed5503cecab5b0a6f6be0820a1b7274d9abef13069de37
CLIENT_TRAFFIC_SECRET_0 764f309060305e5fdbd6644dd2b9c272a77335b40b23a8e07115857ec02588f4 6bcc79d7c5a07e4fc861577655ee165c025322344fcb4c79ac20329c342463d7
SERVER_TRAFFIC_SECRET_0 764f309060305e5fdbd6644dd2b9c272a77335b40b23a8e07115857ec02588f4 8bafeac19e0ef1a9c3fd9baaef8d4aa38c27570f96ef4859f29dfd9d18c73a45
EXPORTER_SECRET 764f309060305e5fdbd6644dd2b9c272a77335b40b23a8e07115857ec02588f4 e10c6173909a2f4c0f7e69228b1d8cc819d559bc25cb0d7aca16161090c5c83c
CLIENT_HANDSHAKE_TRAFFIC_SECRET f39e80c987ba705a367d56c2762f4e1a0584c01b1163ac50b251222cfa9d257a 85de7f37ddd2a53f19274a0e71626316cafd339708986283d763f3d6f9aae3a3
SERVER_HANDSHAKE_TRAFFIC_SECRET f39e80c987ba705a367d56c2762f4e1a0584c01b1163ac50b251222cfa9d257a 43d96729dfa229ec2eeb18c7f82c66b8ec3d50c446016d437e767882c7301c1b
CLIENT_TRAFFIC_SECRET_0 f39e80c987ba705a367d56c2762f4e1a0584c01b1163ac50b251222cfa9d257a b67d55fe92f70e187d1d606c5347b1a134beaaf635432c0bf65d81924cd14ff3
SERVER_TRAFFIC_SECRET_0 f39e80c987ba705a367d56c2762f4e1a0584c01b1163ac50b251222cfa9d257a 4dc015c42e6bceee9cad796375149f0ac2b15e61aaad79b4ab8f416ac7f1ad20
EXPORTER_SECRET f39e80c987ba705a367d56c2762f4e1a0584c01b1163ac50b251222cfa9d257a e8ef5176d11dc374ccde7f1c8d3c094d045b57cfcf4aabe26cda3a3ba31fdef5
CLIENT_HANDSHAKE_TRAFFIC_SECRET f26d9630933049e01d72a001c8c61845ed05144a992aa2a478e91b4f6ad71572 c2d1a892fb122a13612c0efbe1762ac4e9dc7031aa21ddb5bdeebabda3d44e06
SERVER_HANDSHAKE_TRAFFIC_SECRET f26d9630933049e01d72a001c8c61845ed05144a992aa2a478e91b4f6ad71572 69f6f598549519b32a0fc4b60779ad491abca935e15489a7d29e91f5d8b99a25
CLIENT_TRAFFIC_SECRET_0 f26d9630933049e01d72a001c8c61845ed05144a992aa2a478e91b4f6ad71572 8e6e03db96667d6156569c355ab9ffba083eadeed6feaf687041cb3579255a94
SERVER_TRAFFIC_SECRET_0 f26d9630933049e01d72a001c8c61845ed05144a992aa2a478e91b4f6ad71572 d4da516572e80b232fee913355e918d6ab6b882f0836bf783b10d230866d41fc
EXPORTER_SECRET f26d9630933049e01d72a001c8c61845ed05144a992aa2a478e91b4f6ad71572 a4e35c3d6b3b29056acde8c49151c60c9aae3f810f238a3789e175c40996da1d
CLIENT_HANDSHAKE_TRAFFIC_SECRET 52d1e8e443ed20c8e66b01e39888162c36dacf51841357bc7063e7cc1f85bf6b fe197173966c98dfd318e71dec152c2cb8678fabd2f65675b11fdc4039a413c8
SERVER_HANDSHAKE_TRAFFIC_SECRET 52d1e8e443ed20c8e66b01e39888162c36dacf51841357bc7063e7cc1f85bf6b 02e748f40e9d5d2bcd46653d6c352156814d3bf1f0a770c3303b545ca237727e
CLIENT_TRAFFIC_SECRET_0 52d1e8e443ed20c8e66b01e39888162c36dacf51841357bc7063e7cc1f85bf6b e94e3d9d8c07106415d49a067bdc9b552088f58ac8ba3812c817672d80802f40
SERVER_TRAFFIC_SECRET_0 52d1e8e443ed20c8e66b01e39888162c36dacf51841357bc7063e7cc1f85bf6b 8686d881ccc890c67e685dbcb57ea1fdda8eaf685111b4f0f2c0e9e4b992061b
EXPORTER_SECRET 52d1e8e443ed20c8e66b01e39888162c36dacf51841357bc7063e7cc1f85bf6b 2979b5f819d033b337faa8d519898b95903b105f51163709c5b65d3fd2634c94
CLIENT_HANDSHAKE_TRAFFIC_SECRET ddc978c650f460302c5e8aa3bcf342e70e43327107638712d9c17fa2a29f6350 514c463a1124dfa28c7e3c23a959f03cd94bdde17935cb972e1ef3ca192f89c4
SERVER_HANDSHAKE_TRAFFIC_SECRET ddc978c650f460302c5e8aa3bcf342e70e43327107638712d9c17fa2a29f6350 e111954d76f3cbc10d0f7b6de190e3683e7bd81005787eb1f8898c943c8da672
CLIENT_TRAFFIC_SECRET_0 ddc978c650f460302c5e8aa3bcf342e70e43327107638712d9c17fa2a29f6350 629fb8f56d48ac2df94128964c9c6a7e6ef19bce107632a1678a2ede57a376cf
SERVER_TRAFFIC_SECRET_0 ddc978c650f460302c5e8aa3bcf342e70e43327107638712d9c17fa2a29f6350 f8abb29a87b8ea713018e7bbd092273d9becfabb059413f6bb997a6a1c84374e
EXPORTER_SECRET ddc978c650f460302c5e8aa3bcf342e70e43327107638712d9c17fa2a29f6350 1ada9d3926497185de6804af56a80f62e9bf1c854d155bffd807888c2b7c4618
CLIENT_RANDOM addf06326b3a3d6b48dd661e43ab50a59e81a6de7029d63098cad636b97ae8d4 eb5697bd8658d17c95e2c46ed630692fc20a39302bd2ffd5367e4e274baa4a05df45b03b372af9c116f8b77476914c51
CLIENT_HANDSHAKE_TRAFFIC_SECRET 507f9938130d6768fe2430d7a4906cfdbc0cee232320937e7e8eae2979477dd4 54f0447a1f2064e4725946c5d76c55bd4190551ee90925e1d8b586fec047256e
SERVER_HANDSHAKE_TRAFFIC_SECRET 507f9938130d6768fe2430d7a4906cfdbc0cee232320937e7e8eae2979477dd4 084ab1ae1e8ef0ec619a57b2634265be56fb5fa11a822b2878f1746dba3d78e7
CLIENT_TRAFFIC_SECRET_0 507f9938130d6768fe2430d7a4906cfdbc0cee232320937e7e8eae2979477dd4 e3d9461d88abac71a623f7233b5f24f421468f61f7c668493613b594f1d996a0
SERVER_TRAFFIC_SECRET_0 507f9938130d6768fe2430d7a4906cfdbc0cee232320937e7e8eae2979477dd4 41c98971228597b405fd5ba3a82d43e4c48c98e5973559228fd2e4478eec544d
EXPORTER_SECRET 507f9938130d6768fe2430d7a4906cfdbc0cee232320937e7e8eae2979477dd4 74e03bbd17dfe7a2a34879a1150d522f7c83875f9266b778fb905f2d5829b900
CLIENT_HANDSHAKE_TRAFFIC_SECRET 76cab57b12a17063ed570a9ff4d2e83f6e7d66cfff7fb65393cf9829f0aad209 d2d5f51cb40959e375f837b6dd91d9ebedf7e8c094f1e5dc79a5b97bdcb0ccb7
SERVER_HANDSHAKE_TRAFFIC_SECRET 76cab57b12a17063ed570a9ff4d2e83f6e7d66cfff7fb65393cf9829f0aad209 bd5a60645c2d11d4f212958fe4285e0a89ae72267afbde288e2a78262167cced
CLIENT_TRAFFIC_SECRET_0 76cab57b12a17063ed570a9ff4d2e83f6e7d66cfff7fb65393cf9829f0aad209 75c0b36df7838bbfe72618b52752b47e0c0b46e5b65a12043df967f4a8d76d48
SERVER_TRAFFIC_SECRET_0 76cab57b12a17063ed570a9ff4d2e83f6e7d66cfff7fb65393cf9829f0aad209 a32a39c573840bb169997ec8f9833ab1e83c29bff785bf999abffa93b72355a3
EXPORTER_SECRET 76cab57b12a17063ed570a9ff4d2e83f6e7d66cfff7fb65393cf9829f0aad209 d5a47b9a32c047d7171118a421e4310e6b1256ccc1e5d50750f616ac5ae7a4b2
CLIENT_HANDSHAKE_TRAFFIC_SECRET 32d19f7a2f81373999f668ea2279aa6f2dda4b90a4a63cc83e50aebd75c89d73 9e9df80033d5468eeaf6731a786162d0c38bcbc6f3a24f8e8ccdca50f7c27f7f
SERVER_HANDSHAKE_TRAFFIC_SECRET 32d19f7a2f81373999f668ea2279aa6f2dda4b90a4a63cc83e50aebd75c89d73 85ef6ef63ecdcc598929025eb9591a71ca47faaf4a5efc1ae4c76f2d40d0094e
CLIENT_TRAFFIC_SECRET_0 32d19f7a2f81373999f668ea2279aa6f2dda4b90a4a63cc83e50aebd75c89d73 cd5d634c799396350e9e163162c7152207f937966df4bddc68d57acc5b159025
SERVER_TRAFFIC_SECRET_0 32d19f7a2f81373999f668ea2279aa6f2dda4b90a4a63cc83e50aebd75c89d73 b9f84fd035533cac15c8df000d886e2fdc7e2f5dfa6637b49be1e11efaacf82d
EXPORTER_SECRET 32d19f7a2f81373999f668ea2279aa6f2dda4b90a4a63cc83e50aebd75c89d73 90896cccd3ccc080ad93eb49f5b0e3ec66e69279dd6c6765b769d92a5118a066
CLIENT_RANDOM 2eb1a47b406ce08f3ec3b939e9e891ed25aab0e2c8b5c4d290017ac5177a94ed 9a5f67a5a403a51dcf19b1d8358f1cd290cb113a5c4b7904e589a9b54d25444eb70373d86b5eb966f2fbb80faf1d479b
CLIENT_HANDSHAKE_TRAFFIC_SECRET f214843b8d7b872b7587dcc5fde33a0c2ba0afb5df7d5c5b05a3264349c12bbc a69af145497e33f52120fb9b8e01e710a87cbc7fc0904aa4704dfe9f81618531
SERVER_HANDSHAKE_TRAFFIC_SECRET f214843b8d7b872b7587dcc5fde33a0c2ba0afb5df7d5c5b05a3264349c12bbc 21416617d350803008f18935edeb2efbfc0ac11e1dc7f105f633e86a3e5e1062
CLIENT_TRAFFIC_SECRET_0 f214843b8d7b872b7587dcc5fde33a0c2ba0afb5df7d5c5b05a3264349c12bbc 2f19ebfd01115de08879103e4d315bbaf9609a3d45e151dac58604431371a2da
SERVER_TRAFFIC_SECRET_0 f214843b8d7b872b7587dcc5fde33a0c2ba0afb5df7d5c5b05a3264349c12bbc d7d3e8bc5f690d4f69b70c8e68f762976bd9f8c8b57e6f2542b92eaf381d5afd
EXPORTER_SECRET f214843b8d7b872b7587dcc5fde33a0c2ba0afb5df7d5c5b05a3264349c12bbc b6dca014b5888a7463e2e02759d0bcd0110a6257be921fe8776565f5158c71e3
CLIENT_HANDSHAKE_TRAFFIC_SECRET 3c05100c4526181005501473ff180fbb8db875168783550dc923df4234bb6400 05dbe79433ddd5a82aafcc3b7e1773e160d9a6ec4c20aaafc81ea6240001bcca
SERVER_HANDSHAKE_TRAFFIC_SECRET 3c05100c4526181005501473ff180fbb8db875168783550dc923df4234bb6400 011410677725f6f5cf7879dc7c0e74e92b67613b7c9f8c81aed731d3de3b028b
CLIENT_TRAFFIC_SECRET_0 3c05100c4526181005501473ff180fbb8db875168783550dc923df4234bb6400 fa4d80200ffdd814843b50b9f731c5d26f9402ef7766e1e15ef1793d79b62732
SERVER_TRAFFIC_SECRET_0 3c05100c4526181005501473ff180fbb8db875168783550dc923df4234bb6400 90f9eed477fea667c2b967e4a9ce723cdf6f3a62a4c20fd431d8f79eba9a5c98
EXPORTER_SECRET 3c05100c4526181005501473ff180fbb8db875168783550dc923df4234bb6400 9c8e87ede29c496efcac47d15ce50c84388bfc8a86f68f11f6ae1a7a8b644221
CLIENT_HANDSHAKE_TRAFFIC_SECRET 009d47d41299acc48a1bae5469d07318df2c2a3679c26c1e0dc8310bcd9e9542 b164a1d1955aa1f402c45084f4ca3d6bcb6d4eb3a8d654fdc9d48a80c519bf8f
SERVER_HANDSHAKE_TRAFFIC_SECRET 009d47d41299acc48a1bae5469d07318df2c2a3679c26c1e0dc8310bcd9e9542 9dec08baf87dc7ac329522b2e16d1cdd0589f276646c4759dfbb00e019ab491a
CLIENT_HANDSHAKE_TRAFFIC_SECRET 7c5b00451ff9e7112f77ff6cb9d09a6bc8f916d76993cba7690712ca95b6099c 507265bbaf71335977eb7134c1db607d90ed917d8a83a08c4609af7ff6e31748
SERVER_HANDSHAKE_TRAFFIC_SECRET 7c5b00451ff9e7112f77ff6cb9d09a6bc8f916d76993cba7690712ca95b6099c da3e0cd68995b90a406dc793096364a7b6f27f422722481b5eae14d51f5733d0
CLIENT_TRAFFIC_SECRET_0 009d47d41299acc48a1bae5469d07318df2c2a3679c26c1e0dc8310bcd9e9542 3f0450b47f821a577649da4eee07e075b7488e62a07ca8d946cf93a0f0a963b8
SERVER_TRAFFIC_SECRET_0 009d47d41299acc48a1bae5469d07318df2c2a3679c26c1e0dc8310bcd9e9542 c8ca1697f93d3c3d35846a2bb4fcfd0e7494bbb61979a458f6e5b3fb23a132c0
EXPORTER_SECRET 009d47d41299acc48a1bae5469d07318df2c2a3679c26c1e0dc8310bcd9e9542 e698747d815c22b29a7102769236b76b878c292b04d49d4dde541bd5a46063c7
CLIENT_TRAFFIC_SECRET_0 7c5b00451ff9e7112f77ff6cb9d09a6bc8f916d76993cba7690712ca95b6099c b7c0a6f6ac8b286e5819692071c7e6d5386e87dd02bc8d5361eb60d012381cdb
SERVER_TRAFFIC_SECRET_0 7c5b00451ff9e7112f77ff6cb9d09a6bc8f916d76993cba7690712ca95b6099c 861b5188fc29afa9a513ac1e97c0ff91bd0abe77f316ee19cd0e9d187938948e
EXPORTER_SECRET 7c5b00451ff9e7112f77ff6cb9d09a6bc8f916d76993cba7690712ca95b6099c 3f0f9fb0e2aefac1be1683fce49991a88bc507bdb1dece0ab8825514f6d3516a
CLIENT_HANDSHAKE_TRAFFIC_SECRET 6b5fbf87f3722a10c7943ba80bb0defcf9b081a3011e3b529e28fd1ecce8e9c8 b1e698916f3aa82a5e22b4e38b2ed6564222e627c9c2fe25bf1a3a906a2a22b1
SERVER_HANDSHAKE_TRAFFIC_SECRET 6b5fbf87f3722a10c7943ba80bb0defcf9b081a3011e3b529e28fd1ecce8e9c8 7f9dcd3ef6edaae97119de497c596bff0c9d449e0d9c9abfe9e8bdb5b0138c1a
CLIENT_HANDSHAKE_TRAFFIC_SECRET 34db10788569d0157f2efe620d57c9e761a3b4975d0184461eeec0fe84480363 ccba21824a2c2eb6a4ef7601bb8622a6d933bce4855d631b4421e4d5376a0b8f
SERVER_HANDSHAKE_TRAFFIC_SECRET 34db10788569d0157f2efe620d57c9e761a3b4975d0184461eeec0fe84480363 74aacdbb69c47ccef7dc356935dad4f848f8430f7c7fa817fbd7014b85ca18f2
CLIENT_TRAFFIC_SECRET_0 6b5fbf87f3722a10c7943ba80bb0defcf9b081a3011e3b529e28fd1ecce8e9c8 9293ac45a10e7263d9a27c15018abd7da3d50c2fbf0df5a91aec97911dce2c4b
SERVER_TRAFFIC_SECRET_0 6b5fbf87f3722a10c7943ba80bb0defcf9b081a3011e3b529e28fd1ecce8e9c8 df1f114024e153818d8763f09033fbbd62a10687d7e620580f97bcdf23ba7e2b
EXPORTER_SECRET 6b5fbf87f3722a10c7943ba80bb0defcf9b081a3011e3b529e28fd1ecce8e9c8 607d46b8220d8163a4747a51e9c55af594413eb5022be056a0ec6cfb1c1c8fac
CLIENT_TRAFFIC_SECRET_0 34db10788569d0157f2efe620d57c9e761a3b4975d0184461eeec0fe84480363 ad8c45154f170e5750df90980ce0d313c45a74d4c227db88d07997ae325dffe5
SERVER_TRAFFIC_SECRET_0 34db10788569d0157f2efe620d57c9e761a3b4975d0184461eeec0fe84480363 c3d23827a60a6936d0cb6361c87363c49da068ebb79a31b24034b5dd1ba90c80
EXPORTER_SECRET 34db10788569d0157f2efe620d57c9e761a3b4975d0184461eeec0fe84480363 5057b71c4901ccad188ea6b5b96efe1d9c7049d9e33050a9ce62ed0f9bc80894
CLIENT_HANDSHAKE_TRAFFIC_SECRET c7774e7e297152b05097d768989a97d81a338f1e002f98303dfa85f68889a655 23033a83b0381dd4fde482557082b67f991c5e446b09efa8b1d845c24b10017d
SERVER_HANDSHAKE_TRAFFIC_SECRET c7774e7e297152b05097d768989a97d81a338f1e002f98303dfa85f68889a655 1708868903aa93db806112d6b89ae240d7717824ec60f11c527d267bc7dd5712
CLIENT_TRAFFIC_SECRET_0 c7774e7e297152b05097d768989a97d81a338f1e002f98303dfa85f68889a655 c45fc569a043b1c81545b6a2e22a16dedb8993c087e58dc3061d0700e6bbd42a
SERVER_TRAFFIC_SECRET_0 c7774e7e297152b05097d768989a97d81a338f1e002f98303dfa85f68889a655 cec0856063f5e78d98b896ea3b03eafd1013088d9613b68c65b4ae0835bfebf8
EXPORTER_SECRET c7774e7e297152b05097d768989a97d81a338f1e002f98303dfa85f68889a655 86f75fe2cce1c98361f74071ecb926e4730c13e486d81cf439212c942dc91239
CLIENT_HANDSHAKE_TRAFFIC_SECRET c475b19625f6dcee532a3ea835df90e3e69455abd868f084fccec3ed6ef79a01 161a481bd0eca4f7d23b68afb4f65e4139486d08bfee78637b966552f30156bd
SERVER_HANDSHAKE_TRAFFIC_SECRET c475b19625f6dcee532a3ea835df90e3e69455abd868f084fccec3ed6ef79a01 601c3489cecff0ac0ec05f4c63559bca251bee0d43f7a90c8aec619851b1718c
CLIENT_TRAFFIC_SECRET_0 c475b19625f6dcee532a3ea835df90e3e69455abd868f084fccec3ed6ef79a01 da709bd6d877bbdf6427360e2c9188efe6efd0fb6617ab83d675261669ce80c8
SERVER_TRAFFIC_SECRET_0 c475b19625f6dcee532a3ea835df90e3e69455abd868f084fccec3ed6ef79a01 2e8a898abe42219a979955f7759f0509b229c3a9f1a6923be8f1a84b68f0e89a
EXPORTER_SECRET c475b19625f6dcee532a3ea835df90e3e69455abd868f084fccec3ed6ef79a01 dbd2bb305453eaf3b0f7c7e9684480432a41e9fcdd2e101ded02122aea9d0073
CLIENT_RANDOM cceb657c1b5fb0bcc976f7468ca7896e62197e8d1383cf62b27990d27b4bda14 a26554267526f1183652295b7ce04e30e719e4e600b6f4137b4076c0e8e386e200a2e4fe864396bd8cd0df39eb6b77ee
