CLIENT_HANDSHAKE_TRAFFIC_SECRET e7445b30fee70781f86df5ac081976e0e106e680635f2ca3048426520ce4595e 809d681d2a14ac13dfd04f439b7bd2adcf00b8e7eccf7ba1832641f03dabb410
SERVER_HANDSHAKE_TRAFFIC_SECRET e7445b30fee70781f86df5ac081976e0e106e680635f2ca3048426520ce4595e 9d1db2fef4343d876ad9eec8b1e704c957256939b7ef3de346cae7bfd995c1b8
CLIENT_TRAFFIC_SECRET_0 e7445b30fee70781f86df5ac081976e0e106e680635f2ca3048426520ce4595e 59e312f9aa2423bfb49ab1436072d7a9e68e27070668eab63a0571c37f4e5673
SERVER_TRAFFIC_SECRET_0 e7445b30fee70781f86df5ac081976e0e106e680635f2ca3048426520ce4595e 48cd08d0bc64516a259b9acbb3ff89e46daa4d39854f5821de6ade664a3c04c9
EXPORTER_SECRET e7445b30fee70781f86df5ac081976e0e106e680635f2ca3048426520ce4595e 65c098af6e5c875df3f9193b70f347af2179e1c3d20425a64770a00e8990ab9d
CLIENT_HANDSHAKE_TRAFFIC_SECRET 94e2040052fe2af8be761ae3845df69c124f7ca793cacb63d0ec9f812547e258 9e6f7a15a80218bda151c70e7077e501e241a9f1190a8665ca2364bd6fab15d1
SERVER_HANDSHAKE_TRAFFIC_SECRET 94e2040052fe2af8be761ae3845df69c124f7ca793cacb63d0ec9f812547e258 967e1ce452a52b7f6ab84048ce4844a1efd72cc8901efd7ed476571ac96c284e
CLIENT_TRAFFIC_SECRET_0 94e2040052fe2af8be761ae3845df69c124f7ca793cacb63d0ec9f812547e258 63ac43af402359e15e927d07bcf62076acff0a498ad5eecb5923023320fd44a3
SERVER_TRAFFIC_SECRET_0 94e2040052fe2af8be761ae3845df69c124f7ca793cacb63d0ec9f812547e258 194d5e0061dbb4588ea626d1e2e2652063c5bc9fa0f8bd5638ff9f1e06cef09f
EXPORTER_SECRET 94e2040052fe2af8be761ae3845df69c124f7ca793cacb63d0ec9f812547e258 02ff5d02576dd3827cbec61e21c31aa3fe1a3a6349df58ddb2773eac46898507
CLIENT_HANDSHAKE_TRAFFIC_SECRET d2c0fcb084060d8459e38c1595cf7ab5ff6c466fd9dde7d2bd62b56e82fd6f04 385a5b84f99f167375b78fed2837ecf0fb998bc9715501a86344ad2599a33c9f
SERVER_HANDSHAKE_TRAFFIC_SECRET d2c0fcb084060d8459e38c1595cf7ab5ff6c466fd9dde7d2bd62b56e82fd6f04 83b0567dbb24d881a185e0293c4a262a12a147df316e41d1d3f87ccf01de1aea
CLIENT_TRAFFIC_SECRET_0 d2c0fcb084060d8459e38c1595cf7ab5ff6c466fd9dde7d2bd62b56e82fd6f04 a70d2ffca903919713f9f01f1557fbffc046f0b4eaa3f03cd18a8257d24f235c
SERVER_TRAFFIC_SECRET_0 d2c0fcb084060d8459e38c1595cf7ab5ff6c466fd9dde7d2bd62b56e82fd6f04 94f58438c159624da1574ce2202ac6fefddccbbeb8138d90877bedf40d96d505
EXPORTER_SECRET d2c0fcb084060d8459e38c1595cf7ab5ff6c466fd9dde7d2bd62b56e82fd6f04 d185d925c521bbd6142b7a843a28072c938a7e2635ec74ed702d765658dd937b
CLIENT_HANDSHAKE_TRAFFIC_SECRET 4e17edd4cdc4e71033d89b043b70c3f9eedc4651ae069e54cdf9767ae92858e9 71eab6433d069ec19f85fbfb6de5a57d60864b84d260d036d5b93c946b02075e
SERVER_HANDSHAKE_TRAFFIC_SECRET 4e17edd4cdc4e71033d89b043b70c3f9eedc4651ae069e54cdf9767ae92858e9 cc6874328bddd2927fe176e20261d34ac4213c13e92af96c1cb457dc1f500152
CLIENT_TRAFFIC_SECRET_0 4e17edd4cdc4e71033d89b043b70c3f9eedc4651ae069e54cdf9767ae92858e9 ad9c63170c095bb5a0ad2c3bb75d31dfc3c966a4c1729667d3ca45196bb9bc16
SERVER_TRAFFIC_SECRET_0 4e17edd4cdc4e71033d89b043b70c3f9eedc4651ae069e54cdf9767ae92858e9 41482e61dc0cb31063f20a693b168150213e1d638fc69ceab41924eb86bc350d
EXPORTER_SECRET 4e17edd4cdc4e71033d89b043b70c3f9eedc4651ae069e54cdf9767ae92858e9 286d668a5001c0aadb63962a22a0b832f1e5c7a598e6e74c9274888d4acd9d0f
CLIENT_HANDSHAKE_TRAFFIC_SECRET 66da5443d06cf03636f6ad3960cdae95a8af9575a346019bac52e8484846eca6 56a19d189d46b137ead9ef62ea4798f97adba3fe24e29c8b068c724e62f5cb95
SERVER_HANDSHAKE_TRAFFIC_SECRET 66da5443d06cf03636f6ad3960cdae95a8af9575a346019bac52e8484846eca6 3747cc89d8103c601fdc0b91404b6dd4e8bbcd5f1f35e5d289083f5297272cfb
CLIENT_HANDSHAKE_TRAFFIC_SECRET d5fbd3c94b9fbbdf2c186c822a4934d7c73ea1323e29c9dc12e73b305707d90d e324ea5e00b6228b05ca25833449511fe4bc0ed071c034085b0391eba4504319
SERVER_HANDSHAKE_TRAFFIC_SECRET d5fbd3c94b9fbbdf2c186c822a4934d7c73ea1323e29c9dc12e73b305707d90d cb7a449a8b03974a12021352fa6f8759393d8b91a59a2cf85748a3ae1e8f9d31
CLIENT_TRAFFIC_SECRET_0 66da5443d06cf03636f6ad3960cdae95a8af9575a346019bac52e8484846eca6 3db949e7dbdee2458e784f5d37ae7338c0a5f9b50926ab0e7733cb7143604702
SERVER_TRAFFIC_SECRET_0 66da5443d06cf03636f6ad3960cdae95a8af9575a346019bac52e8484846eca6 5e8695ba8e4ff6b3355fa8ecfefd16f0b58ffa092fc287d6a92d34952d72a347
EXPORTER_SECRET 66da5443d06cf03636f6ad3960cdae95a8af9575a346019bac52e8484846eca6 52a621aa6eaeb310635c1520b8a657156872eab648c1fb3688b4a45b27ed11d1
CLIENT_TRAFFIC_SECRET_0 d5fbd3c94b9fbbdf2c186c822a4934d7c73ea1323e29c9dc12e73b305707d90d f4ca0bd1d9a6266f00e47670bb6a7073010714fb0fc15ae2e6c69fc3723008c2
SERVER_TRAFFIC_SECRET_0 d5fbd3c94b9fbbdf2c186c822a4934d7c73ea1323e29c9dc12e73b305707d90d cc6875b4621c37bdf541833fc894a63e76613cf09a6056a44354d1bba5315b9a
EXPORTER_SECRET d5fbd3c94b9fbbdf2c186c822a4934d7c73ea1323e29c9dc12e73b305707d90d 65ffeaca5a2e4af7a0244dae0f2feb5d9a7c67bec8b92b9f978125ba106e9e10
CLIENT_HANDSHAKE_TRAFFIC_SECRET db9f3d88b707c9e2c170c824bca5903bb10811a07ad41778d37cfd11f7260e3e 465167b5db47ed1fea1bb4302872e4152809674449110847d3d485dbdd1d100b
SERVER_HANDSHAKE_TRAFFIC_SECRET db9f3d88b707c9e2c170c824bca5903bb10811a07ad41778d37cfd11f7260e3e 8e8546c36defe5496fa80e17b1eef2c93e66aaf09de00eea2235fd4a0179f13c
CLIENT_TRAFFIC_SECRET_0 db9f3d88b707c9e2c170c824bca5903bb10811a07ad41778d37cfd11f7260e3e 337d47a06310b8b06d2b5ca23793d47b3aa49c2d9bf313a1c87fc8d5d062172e
SERVER_TRAFFIC_SECRET_0 db9f3d88b707c9e2c170c824bca5903bb10811a07ad41778d37cfd11f7260e3e a3e06c02c6829ddebbe4a4f00fa3f04c772ba15e68c24cae4cec2f4fd53a466b
EXPORTER_SECRET db9f3d88b707c9e2c170c824bca5903bb10811a07ad41778d37cfd11f7260e3e 9de6046809e587b057e410f28de2a18bba15925a9268a63226f6d0b2dc30a347
CLIENT_HANDSHAKE_TRAFFIC_SECRET ca4aa7ec1ac3c0a265ca5521de2edf01742e6ad0a79894373243adcf326de6eb 470248c23e5d2a8078383b6a4f0a71fcf06419b18ebff8d931781d73bed80945
SERVER_HANDSHAKE_TRAFFIC_SECRET ca4aa7ec1ac3c0a265ca5521de2edf01742e6ad0a79894373243adcf326de6eb 5b65b320ab05411889c742117fac610375b43a2768605f35e65ba0a6807b0755
CLIENT_TRAFFIC_SECRET_0 ca4aa7ec1ac3c0a265ca5521de2edf01742e6ad0a79894373243adcf326de6eb 18b926cee5eaa775fcfab311d34e4b860e3407d0edc5d39f71ed7ad46f6ed7da
SERVER_TRAFFIC_SECRET_0 ca4aa7ec1ac3c0a265ca5521de2edf01742e6ad0a79894373243adcf326de6eb 2b4c0476014b7d9cfc317f64272b666ef8fa834e7d6deb237b693e8ba10c4bb4
EXPORTER_SECRET ca4aa7ec1ac3c0a265ca5521de2edf01742e6ad0a79894373243adcf326de6eb 79711eeefef9374e03e99a0e189e2605b74837047af04657622a51a1bd6d08d9
CLIENT_HANDSHAKE_TRAFFIC_SECRET 70173bee852e0f59119a02d338ebf025a8b47765102892f90d0d3957a821c5d9 9798c77b35c36394c1450b4211195fbfbf206adb3811fb35789f0ae106f0a9d4
SERVER_HANDSHAKE_TRAFFIC_SECRET 70173bee852e0f59119a02d338ebf025a8b47765102892f90d0d3957a821c5d9 609288beea6dc359ee50c0451cef4222b79e5a0970cf587058420bb9e0940586
CLIENT_TRAFFIC_SECRET_0 70173bee852e0f59119a02d338ebf025a8b47765102892f90d0d3957a821c5d9 7d2808be5f2b414c73b490618ffd83d47471a5c8b6773aceeaae388cf3d69d83
SERVER_TRAFFIC_SECRET_0 70173bee852e0f59119a02d338ebf025a8b47765102892f90d0d3957a821c5d9 516eb0b36d41e24230b1f6179e40c7f2d3ec60c7a3094f1837f76ee0d0558a5d
EXPORTER_SECRET 70173bee852e0f59119a02d338ebf025a8b47765102892f90d0d3957a821c5d9 8884d20272442435a78bb4c63f0a2c903ac193edca80a95db09f33f73a1194ea
CLIENT_HANDSHAKE_TRAFFIC_SECRET ed7155b4e24e413ae144aad0c602d47cc4bd9ca8705a4bb080da2cc2c05345d7 c44e30178dd5833cb95bb04352a1464899ab0f88e26ca2ed4deed4098ef82ca6
SERVER_HANDSHAKE_TRAFFIC_SECRET ed7155b4e24e413ae144aad0c602d47cc4bd9ca8705a4bb080da2cc2c05345d7 b5695f12e7f26d672990aeb8958c55af37ef4e2a0696d739b483857ecb239801
CLIENT_HANDSHAKE_TRAFFIC_SECRET c0fc409323d0ac37f9ac926c6e38e5c281bbcdeb0d58e642afa77156f30edbef 62d3a26eb5a273fc949327a603a17c2bcb9b271ab87072ae2f87b5c3c23d04c9
SERVER_HANDSHAKE_TRAFFIC_SECRET c0fc409323d0ac37f9ac926c6e38e5c281bbcdeb0d58e642afa77156f30edbef 8edd182b79af9c86494f85127c9a7bf268dad91ed438a7ba7f4bb0c30079f6e8
CLIENT_TRAFFIC_SECRET_0 ed7155b4e24e413ae144aad0c602d47cc4bd9ca8705a4bb080da2cc2c05345d7 d0b4cec29449c6ae0e2434ae3422fdaf7b654850ecd5cc78df0024e368150a98
SERVER_TRAFFIC_SECRET_0 ed7155b4e24e413ae144aad0c602d47cc4bd9ca8705a4bb080da2cc2c05345d7 c7346327c3084cdf1f5bf94764686d4db211d51c0f7bb5bc3b14b7a98cecdef4
EXPORTER_SECRET ed7155b4e24e413ae144aad0c602d47cc4bd9ca8705a4bb080da2cc2c05345d7 a409b84ad9b3c64787fa9d5fa20fca664508f5006d5ddb39e6439344a0cf384c
CLIENT_TRAFFIC_SECRET_0 c0fc409323d0ac37f9ac926c6e38e5c281bbcdeb0d58e642afa77156f30edbef 64c4798909a67ff0c24cc223503193a0a1f2527f07a78b115bc06aa6f2bfc4fb
SERVER_TRAFFIC_SECRET_0 c0fc409323d0ac37f9ac926c6e38e5c281bbcdeb0d58e642afa77156f30edbef d953f435bc0468332e933d40b6c63981c6cb041607d9b20d64b0e9301ba71166
EXPORTER_SECRET c0fc409323d0ac37f9ac926c6e38e5c281bbcdeb0d58e642afa77156f30edbef 24ddbc57588140df75ec66c5f98ee5015218b2f80f4662b4b121a20092330fa5
CLIENT_HANDSHAKE_TRAFFIC_SECRET 7d2aa9779e5c39996ac63962433fb4c6227f891526795833e7ee727cc758f817 8a7f14bf8718e28e52097744bced0cf56c08be64e75149b307e5ea3f09170025
SERVER_HANDSHAKE_TRAFFIC_SECRET 7d2aa9779e5c39996ac63962433fb4c6227f891526795833e7ee727cc758f817 6250f0183d231d125769238e8c49e22cf09e1120fceac13cfd565d1171c15eb4
CLIENT_TRAFFIC_SECRET_0 7d2aa9779e5c39996ac63962433fb4c6227f891526795833e7ee727cc758f817 3dfd3b4c00b232a273c20d3051e34eefc0056fde3845b9ecc27e543343e235b2
SERVER_TRAFFIC_SECRET_0 7d2aa9779e5c39996ac63962433fb4c6227f891526795833e7ee727cc758f817 8332dbd24172f8943cf38177e9573717cd85df5df6a922e7ca26baed81e5ab1e
EXPORTER_SECRET 7d2aa9779e5c39996ac63962433fb4c6227f891526795833e7ee727cc758f817 5fd9489ad4a658670a516435104ff9192f4c8bb4846ae89ebb0f2f729de5f406
CLIENT_HANDSHAKE_TRAFFIC_SECRET de214348de5cad9442e4f8ef728d660890898aafb2fa379de6f7c7808c8bd61e 9d2c9e64863e10ac82b1448fd33dc9d8cb6d7949d5098edf4f16d180e3eed1d8
SERVER_HANDSHAKE_TRAFFIC_SECRET de214348de5cad9442e4f8ef728d660890898aafb2fa379de6f7c7808c8bd61e 1fff80203991c5795cd4348048e120be0a727d5b072dda7ee9731feb133594d9
CLIENT_TRAFFIC_SECRET_0 de214348de5cad9442e4f8ef728d660890898aafb2fa379de6f7c7808c8bd61e daf0195c5ef61461ea0d61af831c974b1fc009e58de083ff283743754e145dd8
SERVER_TRAFFIC_SECRET_0 de214348de5cad9442e4f8ef728d660890898aafb2fa379de6f7c7808c8bd61e a5cf95a10bae4b2376a12a65e23e28f5c48045371d86491182363d42d53ac998
EXPORTER_SECRET de214348de5cad9442e4f8ef728d660890898aafb2fa379de6f7c7808c8bd61e 810a805cdbbf217565d1425607e0e8c94a6e5df7b28f381e711bec4beb0bafdd
CLIENT_HANDSHAKE_TRAFFIC_SECRET 7d51e2788adb2b25e3fc5282e6a24410c40f0aba7683dc0eb1f6f136572882e3 233d565df2d2e7041aa78282191c6c3b37a773e0a445afe19be348c73878da05
SERVER_HANDSHAKE_TRAFFIC_SECRET 7d51e2788adb2b25e3fc5282e6a24410c40f0aba7683dc0eb1f6f136572882e3 bcf11e00792890ca94d1387148cb8d465d4e872b8bd8d35bc1b0042ad46f6fd0
CLIENT_TRAFFIC_SECRET_0 7d51e2788adb2b25e3fc5282e6a24410c40f0aba7683dc0eb1f6f136572882e3 d5af2e5522a74ee4ccec15dac8ba19cc0af848b7acae6a06af9eb38e0512dbc6
SERVER_TRAFFIC_SECRET_0 7d51e2788adb2b25e3fc5282e6a24410c40f0aba7683dc0eb1f6f136572882e3 6571319eafa5ebd680142b76cb44f9d16a7671538007a1627f733583093c995f
EXPORTER_SECRET 7d51e2788adb2b25e3fc5282e6a24410c40f0aba7683dc0eb1f6f136572882e3 a101602ec2252c746f97e6797500ddc37c41f93eacd376e802dfac8ae6f57313
CLIENT_HANDSHAKE_TRAFFIC_SECRET 964d45ba93487d174ad8dc2ccb6036cc55a82dd14ac0c5dc520ea7b7e1842a47 2a6e50f04209b8ea8d82a5181c3b75f989675ffc142aa0994a6e8c00b4854b70
SERVER_HANDSHAKE_TRAFFIC_SECRET 964d45ba93487d174ad8dc2ccb6036cc55a82dd14ac0c5dc520ea7b7e1842a47 f633c3112f7b86bae462e0ad0d237850d20a11c9c2547f0c154088f87e7734f2
CLIENT_HANDSHAKE_TRAFFIC_SECRET 381392f987aa204186ac4d191bfe438f0fb6498e4206588f3e2b07be83dd7eb2 f69d1832d0c8b406d40f69878a19f21d30eb40be6f1551e02fb3aef8f5e7a119
SERVER_HANDSHAKE_TRAFFIC_SECRET 381392f987aa204186ac4d191bfe438f0fb6498e4206588f3e2b07be83dd7eb2 488aa60337e1c01081d8bb88cb94164d5a912cf528c64b5933bcc049b61247b3
CLIENT_TRAFFIC_SECRET_0 964d45ba93487d174ad8dc2ccb6036cc55a82dd14ac0c5dc520ea7b7e1842a47 fa5a077262fb1aaf0c6d11bebba828745cb259ad56ea1417968bbd9ea0646782
SERVER_TRAFFIC_SECRET_0 964d45ba93487d174ad8dc2ccb6036cc55a82dd14ac0c5dc520ea7b7e1842a47 d0216ce15ac10c0f599aeb23810a06671907e93433ebe6dac9164e370b49796c
EXPORTER_SECRET 964d45ba93487d174ad8dc2ccb6036cc55a82dd14ac0c5dc520ea7b7e1842a47 8dfbc7fa1c0a32eaa651adbe5c6acbd3efc05618d2aa51ee1980cda5d69c0259
CLIENT_TRAFFIC_SECRET_0 381392f987aa204186ac4d191bfe438f0fb6498e4206588f3e2b07be83dd7eb2 1b0b114b08a43d59af7f724e80b8fa13556f3a6f17a4e7575db27ce9956d8641
SERVER_TRAFFIC_SECRET_0 381392f987aa204186ac4d191bfe438f0fb6498e4206588f3e2b07be83dd7eb2 bb9b0eba8555b3d86ddc8452a57bdb25bb60562d19258c1a7f67a40044809823
EXPORTER_SECRET 381392f987aa204186ac4d191bfe438f0fb6498e4206588f3e2b07be83dd7eb2 b4caa893c7e46389e8d5494e56a4287401535aea2beda943ed388c9d9342ce60
CLIENT_HANDSHAKE_TRAFFIC_SECRET 0db2a1c44b9e9ce7dddc1579be630a3feccd647832bd48022f4fa6ff0a972cdf f5d325840bdfff8c60d4995d9f015112111343ad3ad3352623aa5c6a02a69dcc
SERVER_HANDSHAKE_TRAFFIC_SECRET 0db2a1c44b9e9ce7dddc1579be630a3feccd647832bd48022f4fa6ff0a972cdf 8b9f51588537c0581a1203621152d15643b9d42f522c139419e02acc3d7f7328
CLIENT_HANDSHAKE_TRAFFIC_SECRET 6a47851c315ea435c91dfd5039f91a702344f3686a56959188eacb6f95108e4f 94282d067e1da55c473147920ca18eb1a286a28decb3fddb3967f17d8641a619
SERVER_HANDSHAKE_TRAFFIC_SECRET 6a47851c315ea435c91dfd5039f91a702344f3686a56959188eacb6f95108e4f cefe7a26e06618dbefe4de3584f28ccbfbec1a3df41483df0e4d378f4de50c94
CLIENT_TRAFFIC_SECRET_0 0db2a1c44b9e9ce7dddc1579be630a3feccd647832bd48022f4fa6ff0a972cdf f2e7ec1cc63ce7dc4f2472abbaaa74f381cca520f961959ec70ea1d46db66a84
SERVER_TRAFFIC_SECRET_0 0db2a1c44b9e9ce7dddc1579be630a3feccd647832bd48022f4fa6ff0a972cdf cd923b040d18735e4b10cafbef828b87f7e9cd1ca6a5a8cc3911a4cc94823cec
EXPORTER_SECRET 0db2a1c44b9e9ce7dddc1579be630a3feccd647832bd48022f4fa6ff0a972cdf 784fe6edf49ded667a05c27407da01d383ceb964a1a69f56e62b90d1f33826b6
CLIENT_TRAFFIC_SECRET_0 6a47851c315ea435c91dfd5039f91a702344f3686a56959188eacb6f95108e4f 6dde34bf551ffd921dd711f054fb8c7d5189b852f6c1d41ef25b638171910a78
SERVER_TRAFFIC_SECRET_0 6a47851c315ea435c91dfd5039f91a702344f3686a56959188eacb6f95108e4f d8f761dab3de7567445b4651b633d0b98500b4e6ede651069b5b27683e360a9c
EXPORTER_SECRET 6a47851c315ea435c91dfd5039f91a702344f3686a56959188eacb6f95108e4f 5589e612080695c1a717671b4c91a44b96c615650d9e0d08c28509bbd73b216d
CLIENT_HANDSHAKE_TRAFFIC_SECRET e42e8c78c65ff208a170ee3594180b67f086c00564bcf662d6851395488670f1 d61cebebdaf5e7203e0d024e761d2d86f7b279d6f158d56226624192c2e64689
SERVER_HANDSHAKE_TRAFFIC_SECRET e42e8c78c65ff208a170ee3594180b67f086c00564bcf662d6851395488670f1 f8f94e96065b252a6a2c21a1c9042c164b63308da654320c98bf15d639964af4
CLIENT_HANDSHAKE_TRAFFIC_SECRET 00c755d7cacdff2bd2c978095be00248ada8b383bb4e955f21f09cfbfe2563eb 41a618cd9c6fea865ec927e93bc35afb1476cd45575d122dbb4c5fd72a1eebf8
SERVER_HANDSHAKE_TRAFFIC_SECRET 00c755d7cacdff2bd2c978095be00248ada8b383bb4e955f21f09cfbfe2563eb e1fde9a76c7ece8fe6953d6615d14e869410999557833d6b04b9d9b190aa1ada
CLIENT_TRAFFIC_SECRET_0 e42e8c78c65ff208a170ee3594180b67f086c00564bcf662d6851395488670f1 50f51a5d4d6e0be90912bbc5eae9a589e2537e07d06e087cfbd014de60fcca4b
SERVER_TRAFFIC_SECRET_0 e42e8c78c65ff208a170ee3594180b67f086c00564bcf662d6851395488670f1 fec02bf3fd03bcf74b080244c78432de78e9e0f92671a707dbbded6ddde0a5c6
EXPORTER_SECRET e42e8c78c65ff208a170ee3594180b67f086c00564bcf662d6851395488670f1 66a4c7aea81feac9519fc58c42baa4e5f57fc945998a9faec370f232cb8532c6
CLIENT_TRAFFIC_SECRET_0 00c755d7cacdff2bd2c978095be00248ada8b383bb4e955f21f09cfbfe2563eb 3d2c6b935f87ac15b4f60c354483a1689a5d4bce99acb0a94d1c921a5ebe770a
SERVER_TRAFFIC_SECRET_0 00c755d7cacdff2bd2c978095be00248ada8b383bb4e955f21f09cfbfe2563eb 95593577ac0351830fed678c6d4489eb372eae51ba13e3fed4b33f5a69139a2e
EXPORTER_SECRET 00c755d7cacdff2bd2c978095be00248ada8b383bb4e955f21f09cfbfe2563eb b3eb0f1032efcd402d3a344cf7f6a9421abdb95bcb05d15cf7e39617d4138819
CLIENT_HANDSHAKE_TRAFFIC_SECRET b581f6be7fd46736ed9e7a03db92597851f92091cd8cc7a0a53d8a85296d4089 7f625024c9e128e61aedf9ae70409c239d723e47f01ecdcf21957f09f166a53d
SERVER_HANDSHAKE_TRAFFIC_SECRET b581f6be7fd46736ed9e7a03db92597851f92091cd8cc7a0a53d8a85296d4089 4c0f5d54c63f5f2f7673dfd792a71eaeb0c0cc9690ac4a9df8abca09fea4c2bb
CLIENT_TRAFFIC_SECRET_0 b581f6be7fd46736ed9e7a03db92597851f92091cd8cc7a0a53d8a85296d4089 cec8d88f9960b3670153138293ec035fd11628496b44793b43e50c1ec66d6698
SERVER_TRAFFIC_SECRET_0 b581f6be7fd46736ed9e7a03db92597851f92091cd8cc7a0a53d8a85296d4089 6fd70beb256cda4179574cb969f35f7c4b59eb8c9d8b0c967895d5ca3828461f
EXPORTER_SECRET b581f6be7fd46736ed9e7a03db92597851f92091cd8cc7a0a53d8a85296d4089 b48458630d50ef7cc04af7b3fe13a72938c8e8a123f5363c147303b39634879c
CLIENT_RANDOM 0a4e17b27bd0dd0214b98df29e800b2f6ce9e37c6f7c633ebc2ef9a5d8986ac4 45444dab21205fe20d7b20efa2228816d2d6e8f4f41825bd6d1dfe82ce6654597ea79aedaec89291b07fd0437f14151c
CLIENT_HANDSHAKE_TRAFFIC_SECRET 841ed8934e6d073683f13f962bb4477d9f811a502db87535f20079a8503dee77 3971c9b57ebd3ee908f4a1a0a22594b0a9ca49a70f3a79204f578bd4f7c5bf98
SERVER_HANDSHAKE_TRAFFIC_SECRET 841ed8934e6d073683f13f962bb4477d9f811a502db87535f20079a8503dee77 c6c12c48b4cb544ad11d4fa3111f3d78bb88c3dff4740f25abdf36abeb436e6d
CLIENT_TRAFFIC_SECRET_0 841ed8934e6d073683f13f962bb4477d9f811a502db87535f20079a8503dee77 e5d7504d7c716bec5835e0d93de6a666da3fdb4738f79242f9e839c1278cf308
SERVER_TRAFFIC_SECRET_0 841ed8934e6d073683f13f962bb4477d9f811a502db87535f20079a8503dee77 82f27b50ab9c4c2ce473e786151ef6675e175bd84e55e46eb38ce23c8f94dd46
EXPORTER_SECRET 841ed8934e6d073683f13f962bb4477d9f811a502db87535f20079a8503dee77 6cd24c3fd08531bc5903eea590603e0e043d2433547bdf3e4e99f7f4e5d1f070
CLIENT_RANDOM a8f6c3f05507183d14ab0c1805b1963e36b9a39fa6d17bb5c0db028ff157adfc 698dc9f1bf915ce25d7865696849ea03378812c72c5c372c6a6492853779505e281df301e8195f7118a97b0e32a96faa
CLIENT_RANDOM 13e2595267f3c2b545f8068f0c8b689e55af859e876bebee22ac4269dec8b886 6fd7f9425d70cf798e7a5ef8b4bcd902123b88059e71262e94e5ef79a4637fbc77400cae1cc5a365e2da79cbd2df64f6
CLIENT_RANDOM 2f1fa5ab0336579e82ba8d2cbd487a6ab505e7ec971f4c8666444a0203af3afb f6ac7803ec5cf12423f1f124b77e9d28763593501d9e0acbb990b98998ccaec99941d42108d7e41efc999843c5d5ab0d
CLIENT_HANDSHAKE_TRAFFIC_SECRET 85514fc90fa370c8f349d86b142102f11ffeed646a5f0c78edea6d9a113dab9c dc343ea43626fb77594e1a1eb4a3bc473ff7a01e659112b88805bff2d2915af8
SERVER_HANDSHAKE_TRAFFIC_SECRET 85514fc90fa370c8f349d86b142102f11ffeed646a5f0c78edea6d9a113dab9c 2b74675f23309b0f7a9dd28292cb518cd1f861e98046896367c3409812d94802
CLIENT_TRAFFIC_SECRET_0 85514fc90fa370c8f349d86b142102f11ffeed646a5f0c78edea6d9a113dab9c b6014cc71baca4bf8f8f39ac2c58f5f6b68ef91aa7f237b230ec5c9a3fc63775
SERVER_TRAFFIC_SECRET_0 85514fc90fa370c8f349d86b142102f11ffeed646a5f0c78edea6d9a113dab9c 7a3d1f542c73f80ebddfa5428bf88f4c913d473628784651dc3442e49db16287
EXPORTER_SECRET 85514fc90fa370c8f349d86b142102f11ffeed646a5f0c78edea6d9a113dab9c f1c31feebd63e7dacd424478571891e2d28b69ef8e7da6078a7dca174a58f1b2
CLIENT_RANDOM bf3f23c1f043ca0e3fbb96baf42bafbc5d20a2278ee958cdd2f99b91b56b9f9b 6fd7f9425d70cf798e7a5ef8b4bcd902123b88059e71262e94e5ef79a4637fbc77400cae1cc5a365e2da79cbd2df64f6
CLIENT_RANDOM ae48515e30c55c12c74b3e05ba90f37ea3b1d83d616d60bd462de1f187988b32 6b3e77e70dced986b3ac6549475228bfa90a54635a09f95d692110c3fbfb8f16847cf683907a4554c65e640f7772949a
CLIENT_HANDSHAKE_TRAFFIC_SECRET 49e97d2606c6ce731e287ccddb6fd02466ebf7440df25a945afcedb1ad935f9f e060c4d180ac6baa0fe8d5b3f647229b65179b8d1424b26c08e8e2335ec64086
SERVER_HANDSHAKE_TRAFFIC_SECRET 49e97d2606c6ce731e287ccddb6fd02466ebf7440df25a945afcedb1ad935f9f 96134ebba42f8c7f32064e73c294a11942d4017c59d8d386b87d589e07a94f3d
CLIENT_TRAFFIC_SECRET_0 49e97d2606c6ce731e287ccddb6fd02466ebf7440df25a945afcedb1ad935f9f 5b572eb500ffc648e24b1d26f0afcf400f7553dd57cb263019cc64891649de9e
SERVER_TRAFFIC_SECRET_0 49e97d2606c6ce731e287ccddb6fd02466ebf7440df25a945afcedb1ad935f9f a072d396433e6d0fbc0236b9dbbf8eb7af732911b1638c7ea5029fe2aa0f2f99
EXPORTER_SECRET 49e97d2606c6ce731e287ccddb6fd02466ebf7440df25a945afcedb1ad935f9f f527939127431a0007dd75aa1d1199ee51702847035b4a11dc47c6726cdaf2a1
CLIENT_RANDOM cb9cc86586d7c709ffd3e85f7e94e819062d14746aaaf9bfc461b506bef140eb 82c6061f55ccdb5745a9f03e14d3c22270bdc10ffedd16483472bf5bd589073db9e428821e42341434a86c2fd7620f28
CLIENT_RANDOM 901fd0aad89697e51e6c9f35b4a75923a5cf39cc2a5b503a6583298bd30c39e8 5698ed93b57aba907a0c2412e01ec0edebbc9c4d9995e53934c6f7f6e351cd218cc2d4cd975f839a204346045214e6ae
CLIENT_HANDSHAKE_TRAFFIC_SECRET 1f50f80a4ede98af6917c45035e2d01b6feefebe923e03ab1cee95ad8ece5e77 4961af35c03867758fb9bb911739a231a4ebc3346f35a2287dcffc6d3883bb74c018637ea51336f8f593958cefde901d
SERVER_HANDSHAKE_TRAFFIC_SECRET 1f50f80a4ede98af6917c45035e2d01b6feefebe923e03ab1cee95ad8ece5e77 f4e47f25c74dd9663f5813a35607d144ff28de5a64ef93236f0369acb87e5d9b3724fd79169e3719034cc4f6a325ecdb
CLIENT_TRAFFIC_SECRET_0 1f50f80a4ede98af6917c45035e2d01b6feefebe923e03ab1cee95ad8ece5e77 b061cab0a30d40ea6a37fba0b75cac1e27ca810c8bffdfa854e80398fc2e8c49ef04d36a52f24ebee715a2b3d372d6a1
SERVER_TRAFFIC_SECRET_0 1f50f80a4ede98af6917c45035e2d01b6feefebe923e03ab1cee95ad8ece5e77 2af9303aecf75b9437ba78e063559525ed58b1711610900f731b9b47c257d7188479ff533395679b1779150ba3625fe6
EXPORTER_SECRET 1f50f80a4ede98af6917c45035e2d01b6feefebe923e03ab1cee95ad8ece5e77 0c21a4d027cae8b69c7e948addfa8255c6a120b225dc2ecfa22cc55ef58e6705e14a73e0d786514353f60133c26d9f5f
CLIENT_RANDOM 04d81105acfe351d639cc6a2dafe59109063e802cee4227f4b8dcf92ecc6e411 d27feaea700986c9bea085406a5e384d4c1673e630a69f078f39239a1d87557a4fe979080ee49a3174f895c72d8c596f
CLIENT_HANDSHAKE_TRAFFIC_SECRET 2b52d47ab754bd9c5a4b8f96f22ae616093b6bd40af2685c8a99a4d60a026a5b 47e41d1468af54776458ff6e327d3aacd4e2120eee54a3d4122c810e2e3a624e456924053436618d17345357fd4d43f7
SERVER_HANDSHAKE_TRAFFIC_SECRET 2b52d47ab754bd9c5a4b8f96f22ae616093b6bd40af2685c8a99a4d60a026a5b 748b40c3145a76c3ca3aa6788ba9350a297a6039e56744a30bf8129e2b5b89c23fda6c77f45d935b1a6434ef8dd282d0
CLIENT_TRAFFIC_SECRET_0 2b52d47ab754bd9c5a4b8f96f22ae616093b6bd40af2685c8a99a4d60a026a5b 16a130dd867196e27822f64927f96a2ca1bf74e49be5a59e27f39bd19a02e01da878d43fbca23ee182facdad4150dd6c
SERVER_TRAFFIC_SECRET_0 2b52d47ab754bd9c5a4b8f96f22ae616093b6bd40af2685c8a99a4d60a026a5b a833ae1a6c34202b95fc589ba11292df5f6526ebcbad0b0ccf8720be27b0b95fa3b5e493fec48402d3b4e34ffe325998
EXPORTER_SECRET 2b52d47ab754bd9c5a4b8f96f22ae616093b6bd40af2685c8a99a4d60a026a5b 7ea9a753dfbeab07a535a8ec7c52f2c2463579c172d7582b5d12efe610b84898ba0f48da7f734050cc6619a2b16b32c3
CLIENT_HANDSHAKE_TRAFFIC_SECRET f7c3db82b3e2aabcbb789bde32ea7cb9336f70556805af7392ea724090fd067b f0209a8b90b47d3bad526fef211f9deb1bf6b024312937115739382e87aec6c095e6ed33bb5b2779d8b3a233be93c3f2
SERVER_HANDSHAKE_TRAFFIC_SECRET f7c3db82b3e2aabcbb789bde32ea7cb9336f70556805af7392ea724090fd067b b6819817a82ba071e8a9051d3f4ade4748db9f11c6bc3db0d85823ee05b55b464ae4b6f6e3b92ad478c360d005158166
CLIENT_TRAFFIC_SECRET_0 f7c3db82b3e2aabcbb789bde32ea7cb9336f70556805af7392ea724090fd067b 58e016ae82ddc208966bcf06df9233a43bae8205a392999480e3ea820b9a13b1b6d0901816c75a638a55756305b13065
SERVER_TRAFFIC_SECRET_0 f7c3db82b3e2aabcbb789bde32ea7cb9336f70556805af7392ea724090fd067b 14bfae93af442c28c2c2d6065e2d29c9c416611a9de71e3a60e742afb64dd3d226cbaef2648bbc5429adb811a4b7eaa1
EXPORTER_SECRET f7c3db82b3e2aabcbb789bde32ea7cb9336f70556805af7392ea724090fd067b 73cd99ad3fb2fdfb76dbcb0d24ddd387c0e8a9185eaac9f52f46b87d79bded6e219506e1ec7ff11b40ccf49286a26c2b
CLIENT_HANDSHAKE_TRAFFIC_SECRET 1f8743c71e5b43128c112987a05d57d4f03a588f516b5182a01e4cb94da8b743 4452494f167370c6e5d79454c25f595f4866c3f832d2df03f460c5acf0edd1c9
SERVER_HANDSHAKE_TRAFFIC_SECRET 1f8743c71e5b43128c112987a05d57d4f03a588f516b5182a01e4cb94da8b743 98889aa05249f4e1ed3bcdf1eaf6d428ee9817681ed359d001cba5c894840c12
CLIENT_TRAFFIC_SECRET_0 1f8743c71e5b43128c112987a05d57d4f03a588f516b5182a01e4cb94da8b743 c434e631f84acad9b780b0ad307e4228e7ab0df25d594b900a8dd7bbb91170a6
SERVER_TRAFFIC_SECRET_0 1f8743c71e5b43128c112987a05d57d4f03a588f516b5182a01e4cb94da8b743 f71033c34cfe68268cc3af0ba35b1c1f2546dcc333bbed4c7bc8aafdfa387501
EXPORTER_SECRET 1f8743c71e5b43128c112987a05d57d4f03a588f516b5182a01e4cb94da8b743 3072af2d7c818071455028476522c62e32163f658f9dc8e22c06e9621908be00
CLIENT_HANDSHAKE_TRAFFIC_SECRET 0211f0052eef55fae245558676bcaf835d794ab92ee22f0685962e2830c3f71f e360ade8f3e11c40a42cf76181c546ab4780613495abf5c25ae363786348343dc0f91aa329a23bd05f26076cd784e9c7
SERVER_HANDSHAKE_TRAFFIC_SECRET 0211f0052eef55fae245558676bcaf835d794ab92ee22f0685962e2830c3f71f 23c7a4084522d287054f323aa8fe970eb01440a69aadc6eee0fbed144584c7887dec5285df9af8f7d9e579b650e0fa16
CLIENT_TRAFFIC_SECRET_0 0211f0052eef55fae245558676bcaf835d794ab92ee22f0685962e2830c3f71f 121634aaaa032a6df6e71d4ed5bddc2b22761be1cd4932c9bdeafba2b44cc10dcd6a42d4f15b7008f5d9b2a43e9c1a88
SERVER_TRAFFIC_SECRET_0 0211f0052eef55fae245558676bcaf835d794ab92ee22f0685962e2830c3f71f 45c9a05eab08b91ca89bae1e40dc4d10847a353e33630c49a6600901dfc0129b07d00b8850a68ed8a08ba3e104c72006
EXPORTER_SECRET 0211f0052eef55fae245558676bcaf835d794ab92ee22f0685962e2830c3f71f 1a9eeae28f4cbd7abcff65d0c6162605f632033849eea9a9067a1d89286e00148a12e4f210346eda642b3bdfcca1b143
